[2025-02-21T19:26:58.430+0000] {local_task_job_runner.py:123} INFO - ::group::Pre task execution logs
[2025-02-21T19:26:58.461+0000] {taskinstance.py:2614} INFO - Dependencies all met for dep_context=non-requeueable deps ti=<TaskInstance: finprode8_v2_etl_dag.transform_task manual__2025-02-21T19:26:24.041939+00:00 [queued]>
[2025-02-21T19:26:58.477+0000] {taskinstance.py:2614} INFO - Dependencies all met for dep_context=requeueable deps ti=<TaskInstance: finprode8_v2_etl_dag.transform_task manual__2025-02-21T19:26:24.041939+00:00 [queued]>
[2025-02-21T19:26:58.478+0000] {taskinstance.py:2867} INFO - Starting attempt 1 of 1
[2025-02-21T19:26:58.500+0000] {taskinstance.py:2890} INFO - Executing <Task(SparkSubmitOperator): transform_task> on 2025-02-21 19:26:24.041939+00:00
[2025-02-21T19:26:58.506+0000] {standard_task_runner.py:72} INFO - Started process 1632 to run task
[2025-02-21T19:26:58.510+0000] {standard_task_runner.py:104} INFO - Running: ['airflow', 'tasks', 'run', '***_v2_etl_dag', 'transform_task', 'manual__2025-02-21T19:26:24.041939+00:00', '--job-id', '50', '--raw', '--subdir', 'DAGS_FOLDER/***_v2_etl_dag.py', '--cfg-path', '/tmp/tmpjxrl5g5p']
[2025-02-21T19:26:58.514+0000] {standard_task_runner.py:105} INFO - Job 50: Subtask transform_task
[2025-02-21T19:26:58.529+0000] {logging_mixin.py:190} WARNING - /home/airflow/.local/lib/python3.9/site-packages/airflow/settings.py:209 DeprecationWarning: The sql_alchemy_conn option in [core] has been moved to the sql_alchemy_conn option in [database] - the old setting has been used, but please update your config.
[2025-02-21T19:26:58.574+0000] {task_command.py:467} INFO - Running <TaskInstance: finprode8_v2_etl_dag.transform_task manual__2025-02-21T19:26:24.041939+00:00 [running]> on host ***-airflow-scheduler
[2025-02-21T19:26:58.692+0000] {taskinstance.py:3134} INFO - Exporting env vars: AIRFLOW_CTX_DAG_OWNER='ratih malini' AIRFLOW_CTX_DAG_ID='***_v2_etl_dag' AIRFLOW_CTX_TASK_ID='transform_task' AIRFLOW_CTX_EXECUTION_DATE='2025-02-21T19:26:24.041939+00:00' AIRFLOW_CTX_TRY_NUMBER='1' AIRFLOW_CTX_DAG_RUN_ID='manual__2025-02-21T19:26:24.041939+00:00'
[2025-02-21T19:26:58.695+0000] {taskinstance.py:732} INFO - ::endgroup::
[2025-02-21T19:26:58.729+0000] {base.py:84} INFO - Retrieving connection 'spark_main'
[2025-02-21T19:26:58.732+0000] {spark_submit.py:474} INFO - Spark-Submit cmd: spark-submit --master spark://***-spark-master:7077 --name arrow-spark /spark-scripts/***_v2_transform.py
[2025-02-21T19:27:01.516+0000] {spark_submit.py:641} INFO - 25/02/21 19:27:01 INFO SparkContext: Running Spark version 3.3.2
[2025-02-21T19:27:01.586+0000] {spark_submit.py:641} INFO - 25/02/21 19:27:01 WARN NativeCodeLoader: Unable to load native-hadoop library for your platform... using builtin-java classes where applicable
[2025-02-21T19:27:01.703+0000] {spark_submit.py:641} INFO - 25/02/21 19:27:01 INFO ResourceUtils: ==============================================================
[2025-02-21T19:27:01.705+0000] {spark_submit.py:641} INFO - 25/02/21 19:27:01 INFO ResourceUtils: No custom resources configured for spark.driver.
[2025-02-21T19:27:01.706+0000] {spark_submit.py:641} INFO - 25/02/21 19:27:01 INFO ResourceUtils: ==============================================================
[2025-02-21T19:27:01.707+0000] {spark_submit.py:641} INFO - 25/02/21 19:27:01 INFO SparkContext: Submitted application: ***_transform
[2025-02-21T19:27:01.733+0000] {spark_submit.py:641} INFO - 25/02/21 19:27:01 INFO ResourceProfile: Default ResourceProfile created, executor resources: Map(cores -> name: cores, amount: 1, script: , vendor: , memory -> name: memory, amount: 1024, script: , vendor: , offHeap -> name: offHeap, amount: 0, script: , vendor: ), task resources: Map(cpus -> name: cpus, amount: 1.0)
[2025-02-21T19:27:01.745+0000] {spark_submit.py:641} INFO - 25/02/21 19:27:01 INFO ResourceProfile: Limiting resource is cpu
[2025-02-21T19:27:01.747+0000] {spark_submit.py:641} INFO - 25/02/21 19:27:01 INFO ResourceProfileManager: Added ResourceProfile id: 0
[2025-02-21T19:27:01.810+0000] {spark_submit.py:641} INFO - 25/02/21 19:27:01 INFO SecurityManager: Changing view acls to: airflow
[2025-02-21T19:27:01.811+0000] {spark_submit.py:641} INFO - 25/02/21 19:27:01 INFO SecurityManager: Changing modify acls to: airflow
[2025-02-21T19:27:01.813+0000] {spark_submit.py:641} INFO - 25/02/21 19:27:01 INFO SecurityManager: Changing view acls groups to:
[2025-02-21T19:27:01.814+0000] {spark_submit.py:641} INFO - 25/02/21 19:27:01 INFO SecurityManager: Changing modify acls groups to:
[2025-02-21T19:27:01.815+0000] {spark_submit.py:641} INFO - 25/02/21 19:27:01 INFO SecurityManager: SecurityManager: authentication disabled; ui acls disabled; users  with view permissions: Set(airflow); groups with view permissions: Set(); users  with modify permissions: Set(airflow); groups with modify permissions: Set()
[2025-02-21T19:27:02.126+0000] {spark_submit.py:641} INFO - 25/02/21 19:27:02 INFO Utils: Successfully started service 'sparkDriver' on port 41031.
[2025-02-21T19:27:02.156+0000] {spark_submit.py:641} INFO - 25/02/21 19:27:02 INFO SparkEnv: Registering MapOutputTracker
[2025-02-21T19:27:02.193+0000] {spark_submit.py:641} INFO - 25/02/21 19:27:02 INFO SparkEnv: Registering BlockManagerMaster
[2025-02-21T19:27:02.213+0000] {spark_submit.py:641} INFO - 25/02/21 19:27:02 INFO BlockManagerMasterEndpoint: Using org.apache.spark.storage.DefaultTopologyMapper for getting topology information
[2025-02-21T19:27:02.215+0000] {spark_submit.py:641} INFO - 25/02/21 19:27:02 INFO BlockManagerMasterEndpoint: BlockManagerMasterEndpoint up
[2025-02-21T19:27:02.219+0000] {spark_submit.py:641} INFO - 25/02/21 19:27:02 INFO SparkEnv: Registering BlockManagerMasterHeartbeat
[2025-02-21T19:27:02.240+0000] {spark_submit.py:641} INFO - 25/02/21 19:27:02 INFO DiskBlockManager: Created local directory at /tmp/blockmgr-f8299aa0-a9e3-45e5-bc3d-d7063de34d93
[2025-02-21T19:27:02.258+0000] {spark_submit.py:641} INFO - 25/02/21 19:27:02 INFO MemoryStore: MemoryStore started with capacity 434.4 MiB
[2025-02-21T19:27:02.273+0000] {spark_submit.py:641} INFO - 25/02/21 19:27:02 INFO SparkEnv: Registering OutputCommitCoordinator
[2025-02-21T19:27:02.520+0000] {spark_submit.py:641} INFO - 25/02/21 19:27:02 INFO Utils: Successfully started service 'SparkUI' on port 4040.
[2025-02-21T19:27:02.621+0000] {spark_submit.py:641} INFO - 25/02/21 19:27:02 INFO Executor: Starting executor ID driver on host ***-airflow-scheduler
[2025-02-21T19:27:02.633+0000] {spark_submit.py:641} INFO - 25/02/21 19:27:02 INFO Executor: Starting executor with user classpath (userClassPathFirst = false): ''
[2025-02-21T19:27:02.656+0000] {spark_submit.py:641} INFO - 25/02/21 19:27:02 INFO Utils: Successfully started service 'org.apache.spark.network.netty.NettyBlockTransferService' on port 45037.
[2025-02-21T19:27:02.659+0000] {spark_submit.py:641} INFO - 25/02/21 19:27:02 INFO NettyBlockTransferService: Server created on ***-airflow-scheduler:45037
[2025-02-21T19:27:02.661+0000] {spark_submit.py:641} INFO - 25/02/21 19:27:02 INFO BlockManager: Using org.apache.spark.storage.RandomBlockReplicationPolicy for block replication policy
[2025-02-21T19:27:02.666+0000] {spark_submit.py:641} INFO - 25/02/21 19:27:02 INFO BlockManagerMaster: Registering BlockManager BlockManagerId(driver, ***-airflow-scheduler, 45037, None)
[2025-02-21T19:27:02.671+0000] {spark_submit.py:641} INFO - 25/02/21 19:27:02 INFO BlockManagerMasterEndpoint: Registering block manager ***-airflow-scheduler:45037 with 434.4 MiB RAM, BlockManagerId(driver, ***-airflow-scheduler, 45037, None)
[2025-02-21T19:27:02.673+0000] {spark_submit.py:641} INFO - 25/02/21 19:27:02 INFO BlockManagerMaster: Registered BlockManager BlockManagerId(driver, ***-airflow-scheduler, 45037, None)
[2025-02-21T19:27:02.674+0000] {spark_submit.py:641} INFO - 25/02/21 19:27:02 INFO BlockManager: Initialized BlockManager: BlockManagerId(driver, ***-airflow-scheduler, 45037, None)
[2025-02-21T19:27:07.826+0000] {spark_submit.py:641} INFO - ---------------- MENAMPILKAN BANYAK DATA NULL DI SETIAP KOLOM ----------------
[2025-02-21T19:27:10.130+0000] {spark_submit.py:641} INFO - +----------------+---------------+-----------+--------------+-----------+------------------------+--------------------+--------+-------------------------+----------------------+--------------------------+---------------+-----------------------+
[2025-02-21T19:27:10.132+0000] {spark_submit.py:641} INFO - |employee_id_null|department_null|region_null|education_null|gender_null|recruitment_channel_null|no_of_trainings_null|age_null|previous_year_rating_null|length_of_service_null|KPIs_met_more_than_80_null|awards_won_null|avg_training_score_null|
[2025-02-21T19:27:10.134+0000] {spark_submit.py:641} INFO - +----------------+---------------+-----------+--------------+-----------+------------------------+--------------------+--------+-------------------------+----------------------+--------------------------+---------------+-----------------------+
[2025-02-21T19:27:10.135+0000] {spark_submit.py:641} INFO - |               0|              0|          0|           771|          0|                       0|                   0|       0|                     1363|                     0|                         0|              0|                      0|
[2025-02-21T19:27:10.137+0000] {spark_submit.py:641} INFO - +----------------+---------------+-----------+--------------+-----------+------------------------+--------------------+--------+-------------------------+----------------------+--------------------------+---------------+-----------------------+
[2025-02-21T19:27:10.138+0000] {spark_submit.py:641} INFO - 
[2025-02-21T19:27:10.139+0000] {spark_submit.py:641} INFO - ---------------- NULL HANDLING PADA KOLOM EDUCATION & PREVIOUS_YEAR_RATING ----------------
[2025-02-21T19:27:10.511+0000] {spark_submit.py:641} INFO - +--------------+-------------------------+
[2025-02-21T19:27:10.512+0000] {spark_submit.py:641} INFO - |education_null|previous_year_rating_null|
[2025-02-21T19:27:10.514+0000] {spark_submit.py:641} INFO - +--------------+-------------------------+
[2025-02-21T19:27:10.515+0000] {spark_submit.py:641} INFO - |             0|                        0|
[2025-02-21T19:27:10.516+0000] {spark_submit.py:641} INFO - +--------------+-------------------------+
[2025-02-21T19:27:10.517+0000] {spark_submit.py:641} INFO - 
[2025-02-21T19:27:10.518+0000] {spark_submit.py:641} INFO - ---------------- MENAMPILKAN BANYAK DATA DUPLIKAT BERDASARKAN EMPLOYEE_ID ----------------
[2025-02-21T19:27:11.904+0000] {spark_submit.py:641} INFO - +-----------+------+
[2025-02-21T19:27:11.905+0000] {spark_submit.py:641} INFO - |employee_id|jumlah|
[2025-02-21T19:27:11.907+0000] {spark_submit.py:641} INFO - +-----------+------+
[2025-02-21T19:27:11.908+0000] {spark_submit.py:641} INFO - |      64573|     2|
[2025-02-21T19:27:11.909+0000] {spark_submit.py:641} INFO - |      49584|     3|
[2025-02-21T19:27:11.910+0000] {spark_submit.py:641} INFO - +-----------+------+
[2025-02-21T19:27:11.911+0000] {spark_submit.py:641} INFO - 
[2025-02-21T19:27:11.912+0000] {spark_submit.py:641} INFO - ---------------- MENAMPILKAN SEMUA BARIS DAN KOLOM DARI EMPLOYEE ID YANG DUPLIKAT ----------------
[2025-02-21T19:27:12.251+0000] {spark_submit.py:641} INFO - +-----------+----------+--------+---------+------+-------------------+---------------+---+--------------------+-----------------+---------------------+----------+------------------+
[2025-02-21T19:27:12.253+0000] {spark_submit.py:641} INFO - |employee_id|department|  region|education|gender|recruitment_channel|no_of_trainings|age|previous_year_rating|length_of_service|KPIs_met_more_than_80|awards_won|avg_training_score|
[2025-02-21T19:27:12.255+0000] {spark_submit.py:641} INFO - +-----------+----------+--------+---------+------+-------------------+---------------+---+--------------------+-----------------+---------------------+----------+------------------+
[2025-02-21T19:27:12.256+0000] {spark_submit.py:641} INFO - |      49584|        HR|region_7|Bachelors|     m|              other|              1| 33|                   1|                9|                    0|         0|                51|
[2025-02-21T19:27:12.257+0000] {spark_submit.py:641} INFO - |      49584|        HR|region_7|Bachelors|     m|              other|              1| 33|                   1|                9|                    0|         0|                51|
[2025-02-21T19:27:12.259+0000] {spark_submit.py:641} INFO - |      49584|        HR|region_7|Bachelors|     m|              other|              1| 33|                   1|                9|                    0|         0|                51|
[2025-02-21T19:27:12.260+0000] {spark_submit.py:641} INFO - |      64573|Technology|region_7|Bachelors|     f|           referred|              2| 30|                   5|                6|                    1|         0|                81|
[2025-02-21T19:27:12.262+0000] {spark_submit.py:641} INFO - |      64573|        HR|region_7|Bachelors|     f|           referred|              1| 35|                   5|                4|                    1|         0|                81|
[2025-02-21T19:27:12.263+0000] {spark_submit.py:641} INFO - +-----------+----------+--------+---------+------+-------------------+---------------+---+--------------------+-----------------+---------------------+----------+------------------+
[2025-02-21T19:27:12.265+0000] {spark_submit.py:641} INFO - 
[2025-02-21T19:27:12.266+0000] {spark_submit.py:641} INFO - ---------------- MENAMPILKAN HASIL DARI DATA DUPLIKASI YANG TELAH DIHANDLE BERDASARKAN KOLOM EMPLOYEE_ID DAN DEPARTMENT ----------------
[2025-02-21T19:27:12.795+0000] {spark_submit.py:641} INFO - +-----------+----------+--------+---------+------+-------------------+---------------+---+--------------------+-----------------+---------------------+----------+------------------+
[2025-02-21T19:27:12.797+0000] {spark_submit.py:641} INFO - |employee_id|department|  region|education|gender|recruitment_channel|no_of_trainings|age|previous_year_rating|length_of_service|KPIs_met_more_than_80|awards_won|avg_training_score|
[2025-02-21T19:27:12.798+0000] {spark_submit.py:641} INFO - +-----------+----------+--------+---------+------+-------------------+---------------+---+--------------------+-----------------+---------------------+----------+------------------+
[2025-02-21T19:27:12.799+0000] {spark_submit.py:641} INFO - |      49584|        HR|region_7|Bachelors|     m|              other|              1| 33|                   1|                9|                    0|         0|                51|
[2025-02-21T19:27:12.800+0000] {spark_submit.py:641} INFO - |      64573|        HR|region_7|Bachelors|     f|           referred|              1| 35|                   5|                4|                    1|         0|                81|
[2025-02-21T19:27:12.801+0000] {spark_submit.py:641} INFO - |      64573|Technology|region_7|Bachelors|     f|           referred|              2| 30|                   5|                6|                    1|         0|                81|
[2025-02-21T19:27:12.802+0000] {spark_submit.py:641} INFO - +-----------+----------+--------+---------+------+-------------------+---------------+---+--------------------+-----------------+---------------------+----------+------------------+
[2025-02-21T19:27:12.803+0000] {spark_submit.py:641} INFO - 
[2025-02-21T19:27:14.279+0000] {spark_submit.py:641} INFO - ---------------- MENAMPILKAN DATA HASIL TRASNFORMASI ----------------
[2025-02-21T19:27:14.700+0000] {spark_submit.py:641} INFO - +-----------+-----------------+---------+---------------+------+-------------------+---------------+---+--------------------+-----------------+---------------------+----------+------------------+
[2025-02-21T19:27:14.702+0000] {spark_submit.py:641} INFO - |employee_id|       department|   region|      education|gender|recruitment_channel|no_of_trainings|age|previous_year_rating|length_of_service|KPIs_met_more_than_80|awards_won|avg_training_score|
[2025-02-21T19:27:14.703+0000] {spark_submit.py:641} INFO - +-----------+-----------------+---------+---------------+------+-------------------+---------------+---+--------------------+-----------------+---------------------+----------+------------------+
[2025-02-21T19:27:14.704+0000] {spark_submit.py:641} INFO - |          3|      Procurement|region_22|Masters & above|     f|              other|              1| 38|                   5|                4|                    1|         0|                67|
[2025-02-21T19:27:14.705+0000] {spark_submit.py:641} INFO - |          6|Sales & Marketing|region_15|      Bachelors|     f|              other|              1| 38|                   3|               10|                    0|         0|                50|
[2025-02-21T19:27:14.706+0000] {spark_submit.py:641} INFO - |         11|       Technology| region_4|Masters & above|     f|           sourcing|              1| 39|                   4|               12|                    1|         0|                72|
[2025-02-21T19:27:14.708+0000] {spark_submit.py:641} INFO - |         13|Sales & Marketing|region_17|      Bachelors|     m|              other|              1| 38|                   1|                5|                    1|         0|                47|
[2025-02-21T19:27:14.709+0000] {spark_submit.py:641} INFO - |         16|Sales & Marketing| region_4|Masters & above|     m|           sourcing|              1| 40|                   5|                5|                    0|         0|                53|
[2025-02-21T19:27:14.710+0000] {spark_submit.py:641} INFO - +-----------+-----------------+---------+---------------+------+-------------------+---------------+---+--------------------+-----------------+---------------------+----------+------------------+
[2025-02-21T19:27:14.711+0000] {spark_submit.py:641} INFO - only showing top 5 rows
[2025-02-21T19:27:14.713+0000] {spark_submit.py:641} INFO - 
[2025-02-21T19:27:14.991+0000] {spark_submit.py:641} INFO - Jumlah baris dalam DataFrame : 17415
[2025-02-21T19:27:14.993+0000] {spark_submit.py:641} INFO - Isi folder data/transformed.parquet :
[2025-02-21T19:27:14.995+0000] {spark_submit.py:641} INFO - ['_SUCCESS', 'part-00000-3d7eb1fa-cc20-49a4-98f5-cbc21a3c1aaf-c000.snappy.parquet', '.part-00000-3d7eb1fa-cc20-49a4-98f5-cbc21a3c1aaf-c000.snappy.parquet.crc', '._SUCCESS.crc']
[2025-02-21T19:27:14.996+0000] {spark_submit.py:641} INFO - Transform data berhasil.
[2025-02-21T19:27:15.438+0000] {spark_submit.py:641} INFO - +-----------+-----------------+---------+---------------+------+-------------------+---------------+---+--------------------+-----------------+---------------------+----------+------------------+-------------+
[2025-02-21T19:27:15.439+0000] {spark_submit.py:641} INFO - |employee_id|       department|   region|      education|gender|recruitment_channel|no_of_trainings|age|previous_year_rating|length_of_service|KPIs_met_more_than_80|awards_won|avg_training_score|department_id|
[2025-02-21T19:27:15.440+0000] {spark_submit.py:641} INFO - +-----------+-----------------+---------+---------------+------+-------------------+---------------+---+--------------------+-----------------+---------------------+----------+------------------+-------------+
[2025-02-21T19:27:15.441+0000] {spark_submit.py:641} INFO - |          3|      Procurement|region_22|Masters & above|     f|              other|              1| 38|                   5|                4|                    1|         0|                67|            6|
[2025-02-21T19:27:15.442+0000] {spark_submit.py:641} INFO - |          6|Sales & Marketing|region_15|      Bachelors|     f|              other|              1| 38|                   3|               10|                    0|         0|                50|            8|
[2025-02-21T19:27:15.444+0000] {spark_submit.py:641} INFO - |         11|       Technology| region_4|Masters & above|     f|           sourcing|              1| 39|                   4|               12|                    1|         0|                72|            9|
[2025-02-21T19:27:15.445+0000] {spark_submit.py:641} INFO - |         13|Sales & Marketing|region_17|      Bachelors|     m|              other|              1| 38|                   1|                5|                    1|         0|                47|            8|
[2025-02-21T19:27:15.446+0000] {spark_submit.py:641} INFO - |         16|Sales & Marketing| region_4|Masters & above|     m|           sourcing|              1| 40|                   5|                5|                    0|         0|                53|            8|
[2025-02-21T19:27:15.447+0000] {spark_submit.py:641} INFO - |         17|Sales & Marketing| region_7|      Bachelors|     m|           sourcing|              1| 50|                   5|               13|                    0|         0|                47|            8|
[2025-02-21T19:27:15.448+0000] {spark_submit.py:641} INFO - |         19|               HR| region_2|Masters & above|     f|              other|              1| 50|                   4|                7|                    1|         0|                45|            3|
[2025-02-21T19:27:15.458+0000] {spark_submit.py:641} INFO - |         20|        Analytics|region_21|      Bachelors|     m|           sourcing|              1| 27|                   0|                1|                    1|         0|                89|            1|
[2025-02-21T19:27:15.461+0000] {spark_submit.py:641} INFO - |         21|        Analytics| region_8|      Bachelors|     m|           sourcing|              2| 28|                   2|                3|                    1|         0|                85|            1|
[2025-02-21T19:27:15.468+0000] {spark_submit.py:641} INFO - |         22|       Technology| region_2|Masters & above|     f|              other|              1| 57|                   4|               18|                    1|         0|                77|            9|
[2025-02-21T19:27:15.469+0000] {spark_submit.py:641} INFO - |         23|Sales & Marketing|region_16|      Bachelors|     f|           sourcing|              1| 42|                   1|                3|                    0|         0|                46|            8|
[2025-02-21T19:27:15.471+0000] {spark_submit.py:641} INFO - |         24|               HR|region_28|Masters & above|     f|              other|              1| 32|                   1|                5|                    1|         0|                51|            3|
[2025-02-21T19:27:15.472+0000] {spark_submit.py:641} INFO - |         27|Sales & Marketing|region_16|      Bachelors|     m|           sourcing|              1| 29|                   2|                6|                    0|         0|                51|            8|
[2025-02-21T19:27:15.473+0000] {spark_submit.py:641} INFO - |         29|        Analytics| region_7|      Bachelors|     m|              other|              1| 28|                   0|                1|                    1|         0|                85|            1|
[2025-02-21T19:27:15.474+0000] {spark_submit.py:641} INFO - |         31|Sales & Marketing|region_15|      Bachelors|     f|              other|              1| 29|                   3|                5|                    1|         0|                49|            8|
[2025-02-21T19:27:15.475+0000] {spark_submit.py:641} INFO - |         40|       Operations| region_7|Masters & above|     f|              other|              1| 34|                   1|                4|                    0|         0|                65|            5|
[2025-02-21T19:27:15.476+0000] {spark_submit.py:641} INFO - |         50|Sales & Marketing|region_19|      Bachelors|     m|              other|              1| 32|                   1|                3|                    0|         0|                48|            8|
[2025-02-21T19:27:15.478+0000] {spark_submit.py:641} INFO - |         55|       Operations|region_19|Masters & above|     f|           sourcing|              1| 33|                   5|                3|                    0|         0|                61|            5|
[2025-02-21T19:27:15.479+0000] {spark_submit.py:641} INFO - |         63|Sales & Marketing| region_8|Masters & above|     m|           sourcing|              1| 35|                   5|                8|                    0|         0|                52|            8|
[2025-02-21T19:27:15.481+0000] {spark_submit.py:641} INFO - |         64|        Analytics| region_4|      Bachelors|     m|              other|              1| 42|                   5|               11|                    1|         0|                80|            1|
[2025-02-21T19:27:15.482+0000] {spark_submit.py:641} INFO - +-----------+-----------------+---------+---------------+------+-------------------+---------------+---+--------------------+-----------------+---------------------+----------+------------------+-------------+
[2025-02-21T19:27:15.483+0000] {spark_submit.py:641} INFO - only showing top 20 rows
[2025-02-21T19:27:15.485+0000] {spark_submit.py:641} INFO - 
[2025-02-21T19:27:16.061+0000] {taskinstance.py:341} INFO - ::group::Post task execution logs
[2025-02-21T19:27:16.064+0000] {taskinstance.py:353} INFO - Marking task as SUCCESS. dag_id=***_v2_etl_dag, task_id=transform_task, run_id=manual__2025-02-21T19:26:24.041939+00:00, execution_date=20250221T192624, start_date=20250221T192658, end_date=20250221T192716
[2025-02-21T19:27:16.107+0000] {local_task_job_runner.py:266} INFO - Task exited with return code 0
[2025-02-21T19:27:16.136+0000] {taskinstance.py:3901} INFO - 1 downstream tasks scheduled from follow-on schedule check
[2025-02-21T19:27:16.140+0000] {local_task_job_runner.py:245} INFO - ::endgroup::
