[2025-02-15T17:01:02.438+0000] {local_task_job_runner.py:123} INFO - ::group::Pre task execution logs
[2025-02-15T17:01:02.460+0000] {taskinstance.py:2613} INFO - Dependencies all met for dep_context=non-requeueable deps ti=<TaskInstance: finprode8_elt_dag.etl_task manual__2025-02-15T16:42:48.589872+00:00 [queued]>
[2025-02-15T17:01:02.472+0000] {taskinstance.py:2613} INFO - Dependencies all met for dep_context=requeueable deps ti=<TaskInstance: finprode8_elt_dag.etl_task manual__2025-02-15T16:42:48.589872+00:00 [queued]>
[2025-02-15T17:01:02.474+0000] {taskinstance.py:2866} INFO - Starting attempt 8 of 8
[2025-02-15T17:01:02.493+0000] {taskinstance.py:2889} INFO - Executing <Task(SparkSubmitOperator): etl_task> on 2025-02-15 16:42:48.589872+00:00
[2025-02-15T17:01:02.498+0000] {standard_task_runner.py:72} INFO - Started process 6001 to run task
[2025-02-15T17:01:02.502+0000] {standard_task_runner.py:104} INFO - Running: ['airflow', 'tasks', 'run', '***_elt_dag', 'etl_task', 'manual__2025-02-15T16:42:48.589872+00:00', '--job-id', '23', '--raw', '--subdir', 'DAGS_FOLDER/***_etl_dag.py', '--cfg-path', '/tmp/tmpjome9ctf']
[2025-02-15T17:01:02.506+0000] {standard_task_runner.py:105} INFO - Job 23: Subtask etl_task
[2025-02-15T17:01:02.525+0000] {logging_mixin.py:190} WARNING - /home/airflow/.local/lib/python3.9/site-packages/airflow/settings.py:209 DeprecationWarning: The sql_alchemy_conn option in [core] has been moved to the sql_alchemy_conn option in [database] - the old setting has been used, but please update your config.
[2025-02-15T17:01:02.574+0000] {task_command.py:467} INFO - Running <TaskInstance: finprode8_elt_dag.etl_task manual__2025-02-15T16:42:48.589872+00:00 [running]> on host ***-airflow-scheduler
[2025-02-15T17:01:02.672+0000] {taskinstance.py:3132} INFO - Exporting env vars: AIRFLOW_CTX_DAG_OWNER='ratih malini' AIRFLOW_CTX_DAG_ID='***_elt_dag' AIRFLOW_CTX_TASK_ID='etl_task' AIRFLOW_CTX_EXECUTION_DATE='2025-02-15T16:42:48.589872+00:00' AIRFLOW_CTX_TRY_NUMBER='8' AIRFLOW_CTX_DAG_RUN_ID='manual__2025-02-15T16:42:48.589872+00:00'
[2025-02-15T17:01:02.676+0000] {taskinstance.py:731} INFO - ::endgroup::
[2025-02-15T17:01:02.708+0000] {base.py:84} INFO - Retrieving connection 'spark_main'
[2025-02-15T17:01:02.711+0000] {spark_submit.py:474} INFO - Spark-Submit cmd: spark-submit --master spark://***-spark-master:7077 --packages org.postgresql:postgresql:42.2.18 --name arrow-spark /spark-scripts/***_etl.py
[2025-02-15T17:01:04.234+0000] {spark_submit.py:641} INFO - :: loading settings :: url = jar:file:/home/airflow/.local/lib/python3.9/site-packages/pyspark/jars/ivy-2.5.1.jar!/org/apache/ivy/core/settings/ivysettings.xml
[2025-02-15T17:01:04.341+0000] {spark_submit.py:641} INFO - Ivy Default Cache set to: /home/airflow/.ivy2/cache
[2025-02-15T17:01:04.343+0000] {spark_submit.py:641} INFO - The jars for the packages stored in: /home/airflow/.ivy2/jars
[2025-02-15T17:01:04.346+0000] {spark_submit.py:641} INFO - org.postgresql#postgresql added as a dependency
[2025-02-15T17:01:04.348+0000] {spark_submit.py:641} INFO - :: resolving dependencies :: org.apache.spark#spark-submit-parent-0ba77370-591b-495e-a21f-fb9abdadcb07;1.0
[2025-02-15T17:01:04.349+0000] {spark_submit.py:641} INFO - confs: [default]
[2025-02-15T17:01:04.457+0000] {spark_submit.py:641} INFO - found org.postgresql#postgresql;42.2.18 in central
[2025-02-15T17:01:04.479+0000] {spark_submit.py:641} INFO - found org.checkerframework#checker-qual;3.5.0 in central
[2025-02-15T17:01:04.493+0000] {spark_submit.py:641} INFO - :: resolution report :: resolve 141ms :: artifacts dl 5ms
[2025-02-15T17:01:04.495+0000] {spark_submit.py:641} INFO - :: modules in use:
[2025-02-15T17:01:04.496+0000] {spark_submit.py:641} INFO - org.checkerframework#checker-qual;3.5.0 from central in [default]
[2025-02-15T17:01:04.498+0000] {spark_submit.py:641} INFO - org.postgresql#postgresql;42.2.18 from central in [default]
[2025-02-15T17:01:04.500+0000] {spark_submit.py:641} INFO - ---------------------------------------------------------------------
[2025-02-15T17:01:04.501+0000] {spark_submit.py:641} INFO - |                  |            modules            ||   artifacts   |
[2025-02-15T17:01:04.502+0000] {spark_submit.py:641} INFO - |       conf       | number| search|dwnlded|evicted|| number|dwnlded|
[2025-02-15T17:01:04.504+0000] {spark_submit.py:641} INFO - ---------------------------------------------------------------------
[2025-02-15T17:01:04.505+0000] {spark_submit.py:641} INFO - |      default     |   2   |   0   |   0   |   0   ||   2   |   0   |
[2025-02-15T17:01:04.506+0000] {spark_submit.py:641} INFO - ---------------------------------------------------------------------
[2025-02-15T17:01:04.508+0000] {spark_submit.py:641} INFO - :: retrieving :: org.apache.spark#spark-submit-parent-0ba77370-591b-495e-a21f-fb9abdadcb07
[2025-02-15T17:01:04.509+0000] {spark_submit.py:641} INFO - confs: [default]
[2025-02-15T17:01:04.511+0000] {spark_submit.py:641} INFO - 0 artifacts copied, 2 already retrieved (0kB/5ms)
[2025-02-15T17:01:04.914+0000] {spark_submit.py:641} INFO - 25/02/15 17:01:04 WARN NativeCodeLoader: Unable to load native-hadoop library for your platform... using builtin-java classes where applicable
[2025-02-15T17:01:06.127+0000] {spark_submit.py:641} INFO - 25/02/15 17:01:06 INFO SparkContext: Running Spark version 3.3.2
[2025-02-15T17:01:06.147+0000] {spark_submit.py:641} INFO - 25/02/15 17:01:06 INFO ResourceUtils: ==============================================================
[2025-02-15T17:01:06.149+0000] {spark_submit.py:641} INFO - 25/02/15 17:01:06 INFO ResourceUtils: No custom resources configured for spark.driver.
[2025-02-15T17:01:06.151+0000] {spark_submit.py:641} INFO - 25/02/15 17:01:06 INFO ResourceUtils: ==============================================================
[2025-02-15T17:01:06.152+0000] {spark_submit.py:641} INFO - 25/02/15 17:01:06 INFO SparkContext: Submitted application: ***
[2025-02-15T17:01:06.169+0000] {spark_submit.py:641} INFO - 25/02/15 17:01:06 INFO ResourceProfile: Default ResourceProfile created, executor resources: Map(cores -> name: cores, amount: 1, script: , vendor: , memory -> name: memory, amount: 1024, script: , vendor: , offHeap -> name: offHeap, amount: 0, script: , vendor: ), task resources: Map(cpus -> name: cpus, amount: 1.0)
[2025-02-15T17:01:06.178+0000] {spark_submit.py:641} INFO - 25/02/15 17:01:06 INFO ResourceProfile: Limiting resource is cpu
[2025-02-15T17:01:06.180+0000] {spark_submit.py:641} INFO - 25/02/15 17:01:06 INFO ResourceProfileManager: Added ResourceProfile id: 0
[2025-02-15T17:01:06.225+0000] {spark_submit.py:641} INFO - 25/02/15 17:01:06 INFO SecurityManager: Changing view acls to: airflow
[2025-02-15T17:01:06.227+0000] {spark_submit.py:641} INFO - 25/02/15 17:01:06 INFO SecurityManager: Changing modify acls to: airflow
[2025-02-15T17:01:06.229+0000] {spark_submit.py:641} INFO - 25/02/15 17:01:06 INFO SecurityManager: Changing view acls groups to:
[2025-02-15T17:01:06.230+0000] {spark_submit.py:641} INFO - 25/02/15 17:01:06 INFO SecurityManager: Changing modify acls groups to:
[2025-02-15T17:01:06.232+0000] {spark_submit.py:641} INFO - 25/02/15 17:01:06 INFO SecurityManager: SecurityManager: authentication disabled; ui acls disabled; users  with view permissions: Set(airflow); groups with view permissions: Set(); users  with modify permissions: Set(airflow); groups with modify permissions: Set()
[2025-02-15T17:01:06.457+0000] {spark_submit.py:641} INFO - 25/02/15 17:01:06 INFO Utils: Successfully started service 'sparkDriver' on port 46079.
[2025-02-15T17:01:06.487+0000] {spark_submit.py:641} INFO - 25/02/15 17:01:06 INFO SparkEnv: Registering MapOutputTracker
[2025-02-15T17:01:06.523+0000] {spark_submit.py:641} INFO - 25/02/15 17:01:06 INFO SparkEnv: Registering BlockManagerMaster
[2025-02-15T17:01:06.548+0000] {spark_submit.py:641} INFO - 25/02/15 17:01:06 INFO BlockManagerMasterEndpoint: Using org.apache.spark.storage.DefaultTopologyMapper for getting topology information
[2025-02-15T17:01:06.550+0000] {spark_submit.py:641} INFO - 25/02/15 17:01:06 INFO BlockManagerMasterEndpoint: BlockManagerMasterEndpoint up
[2025-02-15T17:01:06.558+0000] {spark_submit.py:641} INFO - 25/02/15 17:01:06 INFO SparkEnv: Registering BlockManagerMasterHeartbeat
[2025-02-15T17:01:06.580+0000] {spark_submit.py:641} INFO - 25/02/15 17:01:06 INFO DiskBlockManager: Created local directory at /tmp/blockmgr-ca7242d6-d7e5-4a56-bdbe-0b866a05a0be
[2025-02-15T17:01:06.602+0000] {spark_submit.py:641} INFO - 25/02/15 17:01:06 INFO MemoryStore: MemoryStore started with capacity 434.4 MiB
[2025-02-15T17:01:06.621+0000] {spark_submit.py:641} INFO - 25/02/15 17:01:06 INFO SparkEnv: Registering OutputCommitCoordinator
[2025-02-15T17:01:06.839+0000] {spark_submit.py:641} INFO - 25/02/15 17:01:06 INFO Utils: Successfully started service 'SparkUI' on port 4040.
[2025-02-15T17:01:06.888+0000] {spark_submit.py:641} INFO - 25/02/15 17:01:06 INFO SparkContext: Added JAR /spark-scripts/jars/postgresql-42.2.18.jar at spark://***-airflow-scheduler:46079/jars/postgresql-42.2.18.jar with timestamp 1739638866119
[2025-02-15T17:01:06.891+0000] {spark_submit.py:641} INFO - 25/02/15 17:01:06 INFO SparkContext: Added file file:///home/airflow/.ivy2/jars/org.postgresql_postgresql-42.2.18.jar at file:///home/airflow/.ivy2/jars/org.postgresql_postgresql-42.2.18.jar with timestamp 1739638866119
[2025-02-15T17:01:06.892+0000] {spark_submit.py:641} INFO - 25/02/15 17:01:06 INFO Utils: Copying /home/airflow/.ivy2/jars/org.postgresql_postgresql-42.2.18.jar to /tmp/spark-ca9195db-1d16-423b-8903-ec2ec17c943b/userFiles-e007939f-8b55-4fe8-878d-9d3f7f55f24b/org.postgresql_postgresql-42.2.18.jar
[2025-02-15T17:01:06.914+0000] {spark_submit.py:641} INFO - 25/02/15 17:01:06 INFO SparkContext: Added file file:///home/airflow/.ivy2/jars/org.checkerframework_checker-qual-3.5.0.jar at file:///home/airflow/.ivy2/jars/org.checkerframework_checker-qual-3.5.0.jar with timestamp 1739638866119
[2025-02-15T17:01:06.916+0000] {spark_submit.py:641} INFO - 25/02/15 17:01:06 INFO Utils: Copying /home/airflow/.ivy2/jars/org.checkerframework_checker-qual-3.5.0.jar to /tmp/spark-ca9195db-1d16-423b-8903-ec2ec17c943b/userFiles-e007939f-8b55-4fe8-878d-9d3f7f55f24b/org.checkerframework_checker-qual-3.5.0.jar
[2025-02-15T17:01:07.029+0000] {spark_submit.py:641} INFO - 25/02/15 17:01:07 INFO Executor: Starting executor ID driver on host ***-airflow-scheduler
[2025-02-15T17:01:07.037+0000] {spark_submit.py:641} INFO - 25/02/15 17:01:07 INFO Executor: Starting executor with user classpath (userClassPathFirst = false): ''
[2025-02-15T17:01:07.052+0000] {spark_submit.py:641} INFO - 25/02/15 17:01:07 INFO Executor: Fetching file:///home/airflow/.ivy2/jars/org.postgresql_postgresql-42.2.18.jar with timestamp 1739638866119
[2025-02-15T17:01:07.083+0000] {spark_submit.py:641} INFO - 25/02/15 17:01:07 INFO Utils: /home/airflow/.ivy2/jars/org.postgresql_postgresql-42.2.18.jar has been previously copied to /tmp/spark-ca9195db-1d16-423b-8903-ec2ec17c943b/userFiles-e007939f-8b55-4fe8-878d-9d3f7f55f24b/org.postgresql_postgresql-42.2.18.jar
[2025-02-15T17:01:07.092+0000] {spark_submit.py:641} INFO - 25/02/15 17:01:07 INFO Executor: Fetching file:///home/airflow/.ivy2/jars/org.checkerframework_checker-qual-3.5.0.jar with timestamp 1739638866119
[2025-02-15T17:01:07.093+0000] {spark_submit.py:641} INFO - 25/02/15 17:01:07 INFO Utils: /home/airflow/.ivy2/jars/org.checkerframework_checker-qual-3.5.0.jar has been previously copied to /tmp/spark-ca9195db-1d16-423b-8903-ec2ec17c943b/userFiles-e007939f-8b55-4fe8-878d-9d3f7f55f24b/org.checkerframework_checker-qual-3.5.0.jar
[2025-02-15T17:01:07.108+0000] {spark_submit.py:641} INFO - 25/02/15 17:01:07 INFO Executor: Fetching spark://***-airflow-scheduler:46079/jars/postgresql-42.2.18.jar with timestamp 1739638866119
[2025-02-15T17:01:07.158+0000] {spark_submit.py:641} INFO - 25/02/15 17:01:07 INFO TransportClientFactory: Successfully created connection to ***-airflow-scheduler/172.19.0.6:46079 after 28 ms (0 ms spent in bootstraps)
[2025-02-15T17:01:07.163+0000] {spark_submit.py:641} INFO - 25/02/15 17:01:07 INFO Utils: Fetching spark://***-airflow-scheduler:46079/jars/postgresql-42.2.18.jar to /tmp/spark-ca9195db-1d16-423b-8903-ec2ec17c943b/userFiles-e007939f-8b55-4fe8-878d-9d3f7f55f24b/fetchFileTemp16885928816914779898.tmp
[2025-02-15T17:01:07.223+0000] {spark_submit.py:641} INFO - 25/02/15 17:01:07 INFO Executor: Adding file:/tmp/spark-ca9195db-1d16-423b-8903-ec2ec17c943b/userFiles-e007939f-8b55-4fe8-878d-9d3f7f55f24b/postgresql-42.2.18.jar to class loader
[2025-02-15T17:01:07.229+0000] {spark_submit.py:641} INFO - 25/02/15 17:01:07 INFO Utils: Successfully started service 'org.apache.spark.network.netty.NettyBlockTransferService' on port 46181.
[2025-02-15T17:01:07.230+0000] {spark_submit.py:641} INFO - 25/02/15 17:01:07 INFO NettyBlockTransferService: Server created on ***-airflow-scheduler:46181
[2025-02-15T17:01:07.231+0000] {spark_submit.py:641} INFO - 25/02/15 17:01:07 INFO BlockManager: Using org.apache.spark.storage.RandomBlockReplicationPolicy for block replication policy
[2025-02-15T17:01:07.236+0000] {spark_submit.py:641} INFO - 25/02/15 17:01:07 INFO BlockManagerMaster: Registering BlockManager BlockManagerId(driver, ***-airflow-scheduler, 46181, None)
[2025-02-15T17:01:07.240+0000] {spark_submit.py:641} INFO - 25/02/15 17:01:07 INFO BlockManagerMasterEndpoint: Registering block manager ***-airflow-scheduler:46181 with 434.4 MiB RAM, BlockManagerId(driver, ***-airflow-scheduler, 46181, None)
[2025-02-15T17:01:07.242+0000] {spark_submit.py:641} INFO - 25/02/15 17:01:07 INFO BlockManagerMaster: Registered BlockManager BlockManagerId(driver, ***-airflow-scheduler, 46181, None)
[2025-02-15T17:01:07.244+0000] {spark_submit.py:641} INFO - 25/02/15 17:01:07 INFO BlockManager: Initialized BlockManager: BlockManagerId(driver, ***-airflow-scheduler, 46181, None)
[2025-02-15T17:01:11.781+0000] {spark_submit.py:641} INFO - ---------------- MENAMPILKAN DATASET ----------------
[2025-02-15T17:01:12.037+0000] {spark_submit.py:641} INFO - +-----------+-----------------+---------+---------------+------+-------------------+---------------+---+--------------------+-----------------+---------------------+----------+------------------+
[2025-02-15T17:01:12.039+0000] {spark_submit.py:641} INFO - |employee_id|       department|   region|      education|gender|recruitment_channel|no_of_trainings|age|previous_year_rating|length_of_service|KPIs_met_more_than_80|awards_won|avg_training_score|
[2025-02-15T17:01:12.040+0000] {spark_submit.py:641} INFO - +-----------+-----------------+---------+---------------+------+-------------------+---------------+---+--------------------+-----------------+---------------------+----------+------------------+
[2025-02-15T17:01:12.041+0000] {spark_submit.py:641} INFO - |       8724|       Technology|region_26|      Bachelors|     m|           sourcing|              1| 24|                null|                1|                    1|         0|                77|
[2025-02-15T17:01:12.042+0000] {spark_submit.py:641} INFO - |      74430|               HR| region_4|      Bachelors|     f|              other|              1| 31|                   3|                5|                    0|         0|                51|
[2025-02-15T17:01:12.043+0000] {spark_submit.py:641} INFO - |      72255|Sales & Marketing|region_13|      Bachelors|     m|              other|              1| 31|                   1|                4|                    0|         0|                47|
[2025-02-15T17:01:12.044+0000] {spark_submit.py:641} INFO - |      38562|      Procurement| region_2|      Bachelors|     f|              other|              3| 31|                   2|                9|                    0|         0|                65|
[2025-02-15T17:01:12.045+0000] {spark_submit.py:641} INFO - |      64486|          Finance|region_29|      Bachelors|     m|           sourcing|              1| 30|                   4|                7|                    0|         0|                61|
[2025-02-15T17:01:12.046+0000] {spark_submit.py:641} INFO - |      46232|      Procurement| region_7|      Bachelors|     m|           sourcing|              1| 36|                   3|                2|                    0|         0|                68|
[2025-02-15T17:01:12.047+0000] {spark_submit.py:641} INFO - |      54542|          Finance| region_2|      Bachelors|     m|              other|              1| 33|                   5|                3|                    1|         0|                57|
[2025-02-15T17:01:12.048+0000] {spark_submit.py:641} INFO - |      67269|        Analytics|region_22|      Bachelors|     m|           sourcing|              2| 36|                   3|                3|                    0|         0|                85|
[2025-02-15T17:01:12.049+0000] {spark_submit.py:641} INFO - |      66174|       Technology| region_7|Masters & above|     m|              other|              1| 51|                   4|               11|                    0|         0|                75|
[2025-02-15T17:01:12.051+0000] {spark_submit.py:641} INFO - |      76303|       Technology|region_22|      Bachelors|     m|           sourcing|              1| 29|                   5|                2|                    1|         0|                76|
[2025-02-15T17:01:12.052+0000] {spark_submit.py:641} INFO - +-----------+-----------------+---------+---------------+------+-------------------+---------------+---+--------------------+-----------------+---------------------+----------+------------------+
[2025-02-15T17:01:12.053+0000] {spark_submit.py:641} INFO - only showing top 10 rows
[2025-02-15T17:01:12.055+0000] {spark_submit.py:641} INFO - 
[2025-02-15T17:01:12.056+0000] {spark_submit.py:641} INFO - ---------------- MENAMPILKAN TIPE DATA AWAL ----------------
[2025-02-15T17:01:12.057+0000] {spark_submit.py:641} INFO - root
[2025-02-15T17:01:12.058+0000] {spark_submit.py:641} INFO - |-- employee_id: string (nullable = true)
[2025-02-15T17:01:12.059+0000] {spark_submit.py:641} INFO - |-- department: string (nullable = true)
[2025-02-15T17:01:12.060+0000] {spark_submit.py:641} INFO - |-- region: string (nullable = true)
[2025-02-15T17:01:12.061+0000] {spark_submit.py:641} INFO - |-- education: string (nullable = true)
[2025-02-15T17:01:12.062+0000] {spark_submit.py:641} INFO - |-- gender: string (nullable = true)
[2025-02-15T17:01:12.063+0000] {spark_submit.py:641} INFO - |-- recruitment_channel: string (nullable = true)
[2025-02-15T17:01:12.064+0000] {spark_submit.py:641} INFO - |-- no_of_trainings: string (nullable = true)
[2025-02-15T17:01:12.065+0000] {spark_submit.py:641} INFO - |-- age: string (nullable = true)
[2025-02-15T17:01:12.066+0000] {spark_submit.py:641} INFO - |-- previous_year_rating: string (nullable = true)
[2025-02-15T17:01:12.067+0000] {spark_submit.py:641} INFO - |-- length_of_service: string (nullable = true)
[2025-02-15T17:01:12.069+0000] {spark_submit.py:641} INFO - |-- KPIs_met_more_than_80: string (nullable = true)
[2025-02-15T17:01:12.070+0000] {spark_submit.py:641} INFO - |-- awards_won: string (nullable = true)
[2025-02-15T17:01:12.071+0000] {spark_submit.py:641} INFO - |-- avg_training_score: string (nullable = true)
[2025-02-15T17:01:12.072+0000] {spark_submit.py:641} INFO - 
[2025-02-15T17:01:12.162+0000] {spark_submit.py:641} INFO - ---------------- MENAMPILKAN TIPE DATA HASIL TRANSFORMASI ----------------
[2025-02-15T17:01:12.164+0000] {spark_submit.py:641} INFO - root
[2025-02-15T17:01:12.165+0000] {spark_submit.py:641} INFO - |-- employee_id: string (nullable = true)
[2025-02-15T17:01:12.166+0000] {spark_submit.py:641} INFO - |-- department: string (nullable = true)
[2025-02-15T17:01:12.167+0000] {spark_submit.py:641} INFO - |-- region: string (nullable = true)
[2025-02-15T17:01:12.169+0000] {spark_submit.py:641} INFO - |-- education: string (nullable = true)
[2025-02-15T17:01:12.169+0000] {spark_submit.py:641} INFO - |-- gender: string (nullable = true)
[2025-02-15T17:01:12.170+0000] {spark_submit.py:641} INFO - |-- recruitment_channel: string (nullable = true)
[2025-02-15T17:01:12.172+0000] {spark_submit.py:641} INFO - |-- no_of_trainings: integer (nullable = true)
[2025-02-15T17:01:12.173+0000] {spark_submit.py:641} INFO - |-- age: integer (nullable = true)
[2025-02-15T17:01:12.174+0000] {spark_submit.py:641} INFO - |-- previous_year_rating: integer (nullable = true)
[2025-02-15T17:01:12.175+0000] {spark_submit.py:641} INFO - |-- length_of_service: integer (nullable = true)
[2025-02-15T17:01:12.176+0000] {spark_submit.py:641} INFO - |-- KPIs_met_more_than_80: integer (nullable = true)
[2025-02-15T17:01:12.177+0000] {spark_submit.py:641} INFO - |-- awards_won: integer (nullable = true)
[2025-02-15T17:01:12.177+0000] {spark_submit.py:641} INFO - |-- avg_training_score: integer (nullable = true)
[2025-02-15T17:01:12.178+0000] {spark_submit.py:641} INFO - 
[2025-02-15T17:01:12.179+0000] {spark_submit.py:641} INFO - ---------------- MENAMPILKAN BANYAK DATA NULL DI SETIAP KOLOM ----------------
[2025-02-15T17:01:13.061+0000] {spark_submit.py:641} INFO - +----------------+---------------+-----------+--------------+-----------+------------------------+--------------------+--------+-------------------------+----------------------+--------------------------+---------------+-----------------------+
[2025-02-15T17:01:13.063+0000] {spark_submit.py:641} INFO - |employee_id_null|department_null|region_null|education_null|gender_null|recruitment_channel_null|no_of_trainings_null|age_null|previous_year_rating_null|length_of_service_null|KPIs_met_more_than_80_null|awards_won_null|avg_training_score_nuli|
[2025-02-15T17:01:13.065+0000] {spark_submit.py:641} INFO - +----------------+---------------+-----------+--------------+-----------+------------------------+--------------------+--------+-------------------------+----------------------+--------------------------+---------------+-----------------------+
[2025-02-15T17:01:13.066+0000] {spark_submit.py:641} INFO - |               0|              0|          0|           771|          0|                       0|                   0|       0|                     1363|                     0|                         0|              0|                      0|
[2025-02-15T17:01:13.067+0000] {spark_submit.py:641} INFO - +----------------+---------------+-----------+--------------+-----------+------------------------+--------------------+--------+-------------------------+----------------------+--------------------------+---------------+-----------------------+
[2025-02-15T17:01:13.068+0000] {spark_submit.py:641} INFO - 
[2025-02-15T17:01:13.070+0000] {spark_submit.py:641} INFO - ---------------- NULL HANDLING PADA KOLOM EDUCATION & PREVIOUS_YEAR_RATING ----------------
[2025-02-15T17:01:13.339+0000] {spark_submit.py:641} INFO - +--------------+-------------------------+
[2025-02-15T17:01:13.341+0000] {spark_submit.py:641} INFO - |education_null|previous_year_rating_null|
[2025-02-15T17:01:13.342+0000] {spark_submit.py:641} INFO - +--------------+-------------------------+
[2025-02-15T17:01:13.344+0000] {spark_submit.py:641} INFO - |             0|                        0|
[2025-02-15T17:01:13.345+0000] {spark_submit.py:641} INFO - +--------------+-------------------------+
[2025-02-15T17:01:13.346+0000] {spark_submit.py:641} INFO - 
[2025-02-15T17:01:13.349+0000] {spark_submit.py:641} INFO - ---------------- MENAMPILKAN BANYAK DATA DUPLIKAT BERDASARKAN EMPLOYEE_ID ----------------
[2025-02-15T17:01:14.111+0000] {spark_submit.py:641} INFO - +-----------+------+
[2025-02-15T17:01:14.112+0000] {spark_submit.py:641} INFO - |employee_id|jumlah|
[2025-02-15T17:01:14.114+0000] {spark_submit.py:641} INFO - +-----------+------+
[2025-02-15T17:01:14.115+0000] {spark_submit.py:641} INFO - |      64573|     2|
[2025-02-15T17:01:14.116+0000] {spark_submit.py:641} INFO - |      49584|     3|
[2025-02-15T17:01:14.117+0000] {spark_submit.py:641} INFO - +-----------+------+
[2025-02-15T17:01:14.118+0000] {spark_submit.py:641} INFO - 
[2025-02-15T17:01:14.119+0000] {spark_submit.py:641} INFO - ---------------- MENAMPILKAN SEMUA BARIS DAN KOLOM DARI EMPLOYEE ID YANG DUPLIKAT ----------------
[2025-02-15T17:01:14.446+0000] {spark_submit.py:641} INFO - +-----------+----------+--------+---------+------+-------------------+---------------+---+--------------------+-----------------+---------------------+----------+------------------+
[2025-02-15T17:01:14.448+0000] {spark_submit.py:641} INFO - |employee_id|department|  region|education|gender|recruitment_channel|no_of_trainings|age|previous_year_rating|length_of_service|KPIs_met_more_than_80|awards_won|avg_training_score|
[2025-02-15T17:01:14.450+0000] {spark_submit.py:641} INFO - +-----------+----------+--------+---------+------+-------------------+---------------+---+--------------------+-----------------+---------------------+----------+------------------+
[2025-02-15T17:01:14.452+0000] {spark_submit.py:641} INFO - |      49584|        HR|region_7|Bachelors|     m|              other|              1| 33|                   1|                9|                    0|         0|                51|
[2025-02-15T17:01:14.454+0000] {spark_submit.py:641} INFO - |      49584|        HR|region_7|Bachelors|     m|              other|              1| 33|                   1|                9|                    0|         0|                51|
[2025-02-15T17:01:14.455+0000] {spark_submit.py:641} INFO - |      49584|        HR|region_7|Bachelors|     m|              other|              1| 33|                   1|                9|                    0|         0|                51|
[2025-02-15T17:01:14.457+0000] {spark_submit.py:641} INFO - |      64573|Technology|region_7|Bachelors|     f|           referred|              2| 30|                   5|                6|                    1|         0|                81|
[2025-02-15T17:01:14.459+0000] {spark_submit.py:641} INFO - |      64573|        HR|region_7|Bachelors|     f|           referred|              1| 35|                   5|                4|                    1|         0|                81|
[2025-02-15T17:01:14.460+0000] {spark_submit.py:641} INFO - +-----------+----------+--------+---------+------+-------------------+---------------+---+--------------------+-----------------+---------------------+----------+------------------+
[2025-02-15T17:01:14.462+0000] {spark_submit.py:641} INFO - 
[2025-02-15T17:01:14.463+0000] {spark_submit.py:641} INFO - ---------------- MENAMPILKAN SEMUA BARIS DAN KOLOM DARI EMPLOYEE ID YANG SUDAH DIHANDLE DUPLIKASINYA ----------------
[2025-02-15T17:01:14.665+0000] {spark_submit.py:641} INFO - +-----------+----------+--------+---------+------+-------------------+---------------+---+--------------------+-----------------+---------------------+----------+------------------+
[2025-02-15T17:01:14.667+0000] {spark_submit.py:641} INFO - |employee_id|department|  region|education|gender|recruitment_channel|no_of_trainings|age|previous_year_rating|length_of_service|KPIs_met_more_than_80|awards_won|avg_training_score|
[2025-02-15T17:01:14.668+0000] {spark_submit.py:641} INFO - +-----------+----------+--------+---------+------+-------------------+---------------+---+--------------------+-----------------+---------------------+----------+------------------+
[2025-02-15T17:01:14.670+0000] {spark_submit.py:641} INFO - |      49584|        HR|region_7|Bachelors|     m|              other|              1| 33|                   1|                9|                    0|         0|                51|
[2025-02-15T17:01:14.671+0000] {spark_submit.py:641} INFO - |      49584|        HR|region_7|Bachelors|     m|              other|              1| 33|                   1|                9|                    0|         0|                51|
[2025-02-15T17:01:14.673+0000] {spark_submit.py:641} INFO - |      49584|        HR|region_7|Bachelors|     m|              other|              1| 33|                   1|                9|                    0|         0|                51|
[2025-02-15T17:01:14.674+0000] {spark_submit.py:641} INFO - |      64573|Technology|region_7|Bachelors|     f|           referred|              2| 30|                   5|                6|                    1|         0|                81|
[2025-02-15T17:01:14.676+0000] {spark_submit.py:641} INFO - |      64573|        HR|region_7|Bachelors|     f|           referred|              1| 35|                   5|                4|                    1|         0|                81|
[2025-02-15T17:01:14.677+0000] {spark_submit.py:641} INFO - +-----------+----------+--------+---------+------+-------------------+---------------+---+--------------------+-----------------+---------------------+----------+------------------+
[2025-02-15T17:01:14.678+0000] {spark_submit.py:641} INFO - 
[2025-02-15T17:01:15.684+0000] {spark_submit.py:641} INFO - ---------------- MENAMPILKAN DATA HASIL LOAD KE POSTGRES ----------------
[2025-02-15T17:01:15.815+0000] {spark_submit.py:641} INFO - +-----------+-----------------+---------+---------------+------+-------------------+---------------+---+--------------------+-----------------+---------------------+----------+------------------+
[2025-02-15T17:01:15.817+0000] {spark_submit.py:641} INFO - |employee_id|       department|   region|      education|gender|recruitment_channel|no_of_trainings|age|previous_year_rating|length_of_service|KPIs_met_more_than_80|awards_won|avg_training_score|
[2025-02-15T17:01:15.819+0000] {spark_submit.py:641} INFO - +-----------+-----------------+---------+---------------+------+-------------------+---------------+---+--------------------+-----------------+---------------------+----------+------------------+
[2025-02-15T17:01:15.820+0000] {spark_submit.py:641} INFO - |       8724|       Technology|region_26|      Bachelors|     m|           sourcing|              1| 24|                   0|                1|                    1|         0|                77|
[2025-02-15T17:01:15.822+0000] {spark_submit.py:641} INFO - |      74430|               HR| region_4|      Bachelors|     f|              other|              1| 31|                   3|                5|                    0|         0|                51|
[2025-02-15T17:01:15.824+0000] {spark_submit.py:641} INFO - |      72255|Sales & Marketing|region_13|      Bachelors|     m|              other|              1| 31|                   1|                4|                    0|         0|                47|
[2025-02-15T17:01:15.826+0000] {spark_submit.py:641} INFO - |      38562|      Procurement| region_2|      Bachelors|     f|              other|              3| 31|                   2|                9|                    0|         0|                65|
[2025-02-15T17:01:15.828+0000] {spark_submit.py:641} INFO - |      64486|          Finance|region_29|      Bachelors|     m|           sourcing|              1| 30|                   4|                7|                    0|         0|                61|
[2025-02-15T17:01:15.830+0000] {spark_submit.py:641} INFO - |      46232|      Procurement| region_7|      Bachelors|     m|           sourcing|              1| 36|                   3|                2|                    0|         0|                68|
[2025-02-15T17:01:15.831+0000] {spark_submit.py:641} INFO - |      54542|          Finance| region_2|      Bachelors|     m|              other|              1| 33|                   5|                3|                    1|         0|                57|
[2025-02-15T17:01:15.833+0000] {spark_submit.py:641} INFO - |      67269|        Analytics|region_22|      Bachelors|     m|           sourcing|              2| 36|                   3|                3|                    0|         0|                85|
[2025-02-15T17:01:15.835+0000] {spark_submit.py:641} INFO - |      66174|       Technology| region_7|Masters & above|     m|              other|              1| 51|                   4|               11|                    0|         0|                75|
[2025-02-15T17:01:15.836+0000] {spark_submit.py:641} INFO - |      76303|       Technology|region_22|      Bachelors|     m|           sourcing|              1| 29|                   5|                2|                    1|         0|                76|
[2025-02-15T17:01:15.858+0000] {spark_submit.py:641} INFO - |      60245|Sales & Marketing|region_16|      Bachelors|     m|           sourcing|              2| 40|                   5|               12|                    1|         0|                50|
[2025-02-15T17:01:15.860+0000] {spark_submit.py:641} INFO - |      42639|Sales & Marketing|region_17|Masters & above|     m|           sourcing|              1| 40|                   3|               10|                    0|         0|                46|
[2025-02-15T17:01:15.861+0000] {spark_submit.py:641} INFO - |      30963|Sales & Marketing| region_4|Masters & above|     f|              other|              1| 34|                   3|                4|                    0|         0|                52|
[2025-02-15T17:01:15.863+0000] {spark_submit.py:641} INFO - |      54055|        Analytics|region_24|      Bachelors|     m|              other|              1| 37|                   3|               10|                    0|         0|                82|
[2025-02-15T17:01:15.868+0000] {spark_submit.py:641} INFO - |      42996|       Operations|region_11|      Bachelors|     m|           sourcing|              1| 30|                   5|                6|                    1|         0|                58|
[2025-02-15T17:01:15.869+0000] {spark_submit.py:641} INFO - |      12737|Sales & Marketing| region_7|      Bachelors|     m|           sourcing|              1| 31|                   4|                4|                    1|         0|                47|
[2025-02-15T17:01:15.870+0000] {spark_submit.py:641} INFO - |      27561|       Operations|region_27|      Bachelors|     f|           sourcing|              1| 26|                   5|                3|                    0|         0|                56|
[2025-02-15T17:01:15.871+0000] {spark_submit.py:641} INFO - |      26622|Sales & Marketing|region_17|      Bachelors|     m|           sourcing|              1| 40|                   5|                6|                    1|         0|                50|
[2025-02-15T17:01:15.873+0000] {spark_submit.py:641} INFO - |      31582|      Procurement| region_7|      Bachelors|     f|              other|              1| 49|                   3|                7|                    1|         0|                64|
[2025-02-15T17:01:15.874+0000] {spark_submit.py:641} INFO - |      29793|      Procurement|region_27|      Bachelors|     m|              other|              1| 27|                   2|                5|                    0|         0|                65|
[2025-02-15T17:01:15.875+0000] {spark_submit.py:641} INFO - +-----------+-----------------+---------+---------------+------+-------------------+---------------+---+--------------------+-----------------+---------------------+----------+------------------+
[2025-02-15T17:01:15.877+0000] {spark_submit.py:641} INFO - only showing top 20 rows
[2025-02-15T17:01:15.879+0000] {spark_submit.py:641} INFO - 
[2025-02-15T17:01:16.039+0000] {taskinstance.py:340} INFO - ::group::Post task execution logs
[2025-02-15T17:01:16.042+0000] {taskinstance.py:352} INFO - Marking task as SUCCESS. dag_id=***_elt_dag, task_id=etl_task, run_id=manual__2025-02-15T16:42:48.589872+00:00, execution_date=20250215T164248, start_date=20250215T170102, end_date=20250215T170116
[2025-02-15T17:01:16.210+0000] {local_task_job_runner.py:266} INFO - Task exited with return code 0
[2025-02-15T17:01:16.229+0000] {taskinstance.py:3895} INFO - 0 downstream tasks scheduled from follow-on schedule check
[2025-02-15T17:01:16.232+0000] {local_task_job_runner.py:245} INFO - ::endgroup::
