[2025-02-15T16:56:02.655+0000] {local_task_job_runner.py:123} INFO - ::group::Pre task execution logs
[2025-02-15T16:56:02.685+0000] {taskinstance.py:2613} INFO - Dependencies all met for dep_context=non-requeueable deps ti=<TaskInstance: finprode8_elt_dag.etl_task manual__2025-02-15T16:42:48.589872+00:00 [queued]>
[2025-02-15T16:56:02.702+0000] {taskinstance.py:2613} INFO - Dependencies all met for dep_context=requeueable deps ti=<TaskInstance: finprode8_elt_dag.etl_task manual__2025-02-15T16:42:48.589872+00:00 [queued]>
[2025-02-15T16:56:02.705+0000] {taskinstance.py:2866} INFO - Starting attempt 5 of 5
[2025-02-15T16:56:02.729+0000] {taskinstance.py:2889} INFO - Executing <Task(SparkSubmitOperator): etl_task> on 2025-02-15 16:42:48.589872+00:00
[2025-02-15T16:56:02.737+0000] {standard_task_runner.py:72} INFO - Started process 5204 to run task
[2025-02-15T16:56:02.740+0000] {standard_task_runner.py:104} INFO - Running: ['airflow', 'tasks', 'run', '***_elt_dag', 'etl_task', 'manual__2025-02-15T16:42:48.589872+00:00', '--job-id', '20', '--raw', '--subdir', 'DAGS_FOLDER/***_etl_dag.py', '--cfg-path', '/tmp/tmp18wbyujs']
[2025-02-15T16:56:02.745+0000] {standard_task_runner.py:105} INFO - Job 20: Subtask etl_task
[2025-02-15T16:56:02.772+0000] {logging_mixin.py:190} WARNING - /home/airflow/.local/lib/python3.9/site-packages/airflow/settings.py:209 DeprecationWarning: The sql_alchemy_conn option in [core] has been moved to the sql_alchemy_conn option in [database] - the old setting has been used, but please update your config.
[2025-02-15T16:56:02.822+0000] {task_command.py:467} INFO - Running <TaskInstance: finprode8_elt_dag.etl_task manual__2025-02-15T16:42:48.589872+00:00 [running]> on host ***-airflow-scheduler
[2025-02-15T16:56:02.988+0000] {taskinstance.py:3132} INFO - Exporting env vars: AIRFLOW_CTX_DAG_OWNER='ratih malini' AIRFLOW_CTX_DAG_ID='***_elt_dag' AIRFLOW_CTX_TASK_ID='etl_task' AIRFLOW_CTX_EXECUTION_DATE='2025-02-15T16:42:48.589872+00:00' AIRFLOW_CTX_TRY_NUMBER='5' AIRFLOW_CTX_DAG_RUN_ID='manual__2025-02-15T16:42:48.589872+00:00'
[2025-02-15T16:56:02.992+0000] {taskinstance.py:731} INFO - ::endgroup::
[2025-02-15T16:56:03.088+0000] {base.py:84} INFO - Retrieving connection 'spark_main'
[2025-02-15T16:56:03.091+0000] {spark_submit.py:474} INFO - Spark-Submit cmd: spark-submit --master spark://***-spark-master:7077 --packages org.postgresql:postgresql:42.2.18 --name arrow-spark /spark-scripts/***_etl.py
[2025-02-15T16:56:06.408+0000] {spark_submit.py:641} INFO - :: loading settings :: url = jar:file:/home/airflow/.local/lib/python3.9/site-packages/pyspark/jars/ivy-2.5.1.jar!/org/apache/ivy/core/settings/ivysettings.xml
[2025-02-15T16:56:06.510+0000] {spark_submit.py:641} INFO - Ivy Default Cache set to: /home/airflow/.ivy2/cache
[2025-02-15T16:56:06.512+0000] {spark_submit.py:641} INFO - The jars for the packages stored in: /home/airflow/.ivy2/jars
[2025-02-15T16:56:06.516+0000] {spark_submit.py:641} INFO - org.postgresql#postgresql added as a dependency
[2025-02-15T16:56:06.517+0000] {spark_submit.py:641} INFO - :: resolving dependencies :: org.apache.spark#spark-submit-parent-25c82e85-a15b-4a05-acbe-66e06f4ef1bf;1.0
[2025-02-15T16:56:06.519+0000] {spark_submit.py:641} INFO - confs: [default]
[2025-02-15T16:56:06.654+0000] {spark_submit.py:641} INFO - found org.postgresql#postgresql;42.2.18 in central
[2025-02-15T16:56:06.690+0000] {spark_submit.py:641} INFO - found org.checkerframework#checker-qual;3.5.0 in central
[2025-02-15T16:56:06.707+0000] {spark_submit.py:641} INFO - :: resolution report :: resolve 183ms :: artifacts dl 7ms
[2025-02-15T16:56:06.709+0000] {spark_submit.py:641} INFO - :: modules in use:
[2025-02-15T16:56:06.710+0000] {spark_submit.py:641} INFO - org.checkerframework#checker-qual;3.5.0 from central in [default]
[2025-02-15T16:56:06.711+0000] {spark_submit.py:641} INFO - org.postgresql#postgresql;42.2.18 from central in [default]
[2025-02-15T16:56:06.713+0000] {spark_submit.py:641} INFO - ---------------------------------------------------------------------
[2025-02-15T16:56:06.715+0000] {spark_submit.py:641} INFO - |                  |            modules            ||   artifacts   |
[2025-02-15T16:56:06.716+0000] {spark_submit.py:641} INFO - |       conf       | number| search|dwnlded|evicted|| number|dwnlded|
[2025-02-15T16:56:06.717+0000] {spark_submit.py:641} INFO - ---------------------------------------------------------------------
[2025-02-15T16:56:06.718+0000] {spark_submit.py:641} INFO - |      default     |   2   |   0   |   0   |   0   ||   2   |   0   |
[2025-02-15T16:56:06.719+0000] {spark_submit.py:641} INFO - ---------------------------------------------------------------------
[2025-02-15T16:56:06.720+0000] {spark_submit.py:641} INFO - :: retrieving :: org.apache.spark#spark-submit-parent-25c82e85-a15b-4a05-acbe-66e06f4ef1bf
[2025-02-15T16:56:06.722+0000] {spark_submit.py:641} INFO - confs: [default]
[2025-02-15T16:56:06.724+0000] {spark_submit.py:641} INFO - 0 artifacts copied, 2 already retrieved (0kB/6ms)
[2025-02-15T16:56:07.015+0000] {spark_submit.py:641} INFO - 25/02/15 16:56:07 WARN NativeCodeLoader: Unable to load native-hadoop library for your platform... using builtin-java classes where applicable
[2025-02-15T16:56:08.375+0000] {spark_submit.py:641} INFO - 25/02/15 16:56:08 INFO SparkContext: Running Spark version 3.3.2
[2025-02-15T16:56:08.405+0000] {spark_submit.py:641} INFO - 25/02/15 16:56:08 INFO ResourceUtils: ==============================================================
[2025-02-15T16:56:08.407+0000] {spark_submit.py:641} INFO - 25/02/15 16:56:08 INFO ResourceUtils: No custom resources configured for spark.driver.
[2025-02-15T16:56:08.409+0000] {spark_submit.py:641} INFO - 25/02/15 16:56:08 INFO ResourceUtils: ==============================================================
[2025-02-15T16:56:08.410+0000] {spark_submit.py:641} INFO - 25/02/15 16:56:08 INFO SparkContext: Submitted application: ***
[2025-02-15T16:56:08.430+0000] {spark_submit.py:641} INFO - 25/02/15 16:56:08 INFO ResourceProfile: Default ResourceProfile created, executor resources: Map(cores -> name: cores, amount: 1, script: , vendor: , memory -> name: memory, amount: 1024, script: , vendor: , offHeap -> name: offHeap, amount: 0, script: , vendor: ), task resources: Map(cpus -> name: cpus, amount: 1.0)
[2025-02-15T16:56:08.437+0000] {spark_submit.py:641} INFO - 25/02/15 16:56:08 INFO ResourceProfile: Limiting resource is cpu
[2025-02-15T16:56:08.440+0000] {spark_submit.py:641} INFO - 25/02/15 16:56:08 INFO ResourceProfileManager: Added ResourceProfile id: 0
[2025-02-15T16:56:08.491+0000] {spark_submit.py:641} INFO - 25/02/15 16:56:08 INFO SecurityManager: Changing view acls to: airflow
[2025-02-15T16:56:08.493+0000] {spark_submit.py:641} INFO - 25/02/15 16:56:08 INFO SecurityManager: Changing modify acls to: airflow
[2025-02-15T16:56:08.495+0000] {spark_submit.py:641} INFO - 25/02/15 16:56:08 INFO SecurityManager: Changing view acls groups to:
[2025-02-15T16:56:08.498+0000] {spark_submit.py:641} INFO - 25/02/15 16:56:08 INFO SecurityManager: Changing modify acls groups to:
[2025-02-15T16:56:08.499+0000] {spark_submit.py:641} INFO - 25/02/15 16:56:08 INFO SecurityManager: SecurityManager: authentication disabled; ui acls disabled; users  with view permissions: Set(airflow); groups with view permissions: Set(); users  with modify permissions: Set(airflow); groups with modify permissions: Set()
[2025-02-15T16:56:08.734+0000] {spark_submit.py:641} INFO - 25/02/15 16:56:08 INFO Utils: Successfully started service 'sparkDriver' on port 33865.
[2025-02-15T16:56:08.772+0000] {spark_submit.py:641} INFO - 25/02/15 16:56:08 INFO SparkEnv: Registering MapOutputTracker
[2025-02-15T16:56:08.816+0000] {spark_submit.py:641} INFO - 25/02/15 16:56:08 INFO SparkEnv: Registering BlockManagerMaster
[2025-02-15T16:56:08.838+0000] {spark_submit.py:641} INFO - 25/02/15 16:56:08 INFO BlockManagerMasterEndpoint: Using org.apache.spark.storage.DefaultTopologyMapper for getting topology information
[2025-02-15T16:56:08.841+0000] {spark_submit.py:641} INFO - 25/02/15 16:56:08 INFO BlockManagerMasterEndpoint: BlockManagerMasterEndpoint up
[2025-02-15T16:56:08.847+0000] {spark_submit.py:641} INFO - 25/02/15 16:56:08 INFO SparkEnv: Registering BlockManagerMasterHeartbeat
[2025-02-15T16:56:08.892+0000] {spark_submit.py:641} INFO - 25/02/15 16:56:08 INFO DiskBlockManager: Created local directory at /tmp/blockmgr-0e053f8a-a896-4749-a159-fd59b1b767d4
[2025-02-15T16:56:08.917+0000] {spark_submit.py:641} INFO - 25/02/15 16:56:08 INFO MemoryStore: MemoryStore started with capacity 434.4 MiB
[2025-02-15T16:56:08.933+0000] {spark_submit.py:641} INFO - 25/02/15 16:56:08 INFO SparkEnv: Registering OutputCommitCoordinator
[2025-02-15T16:56:09.149+0000] {spark_submit.py:641} INFO - 25/02/15 16:56:09 INFO Utils: Successfully started service 'SparkUI' on port 4040.
[2025-02-15T16:56:09.207+0000] {spark_submit.py:641} INFO - 25/02/15 16:56:09 INFO SparkContext: Added JAR /spark-scripts/jars/postgresql-42.2.18.jar at spark://***-airflow-scheduler:33865/jars/postgresql-42.2.18.jar with timestamp 1739638568364
[2025-02-15T16:56:09.210+0000] {spark_submit.py:641} INFO - 25/02/15 16:56:09 INFO SparkContext: Added file file:///home/airflow/.ivy2/jars/org.postgresql_postgresql-42.2.18.jar at file:///home/airflow/.ivy2/jars/org.postgresql_postgresql-42.2.18.jar with timestamp 1739638568364
[2025-02-15T16:56:09.212+0000] {spark_submit.py:641} INFO - 25/02/15 16:56:09 INFO Utils: Copying /home/airflow/.ivy2/jars/org.postgresql_postgresql-42.2.18.jar to /tmp/spark-14041712-5fd7-40ce-ae62-2f39ceed02e0/userFiles-7c398ba9-30ad-4be0-acdc-3e1b0fad3dd0/org.postgresql_postgresql-42.2.18.jar
[2025-02-15T16:56:09.259+0000] {spark_submit.py:641} INFO - 25/02/15 16:56:09 INFO SparkContext: Added file file:///home/airflow/.ivy2/jars/org.checkerframework_checker-qual-3.5.0.jar at file:///home/airflow/.ivy2/jars/org.checkerframework_checker-qual-3.5.0.jar with timestamp 1739638568364
[2025-02-15T16:56:09.260+0000] {spark_submit.py:641} INFO - 25/02/15 16:56:09 INFO Utils: Copying /home/airflow/.ivy2/jars/org.checkerframework_checker-qual-3.5.0.jar to /tmp/spark-14041712-5fd7-40ce-ae62-2f39ceed02e0/userFiles-7c398ba9-30ad-4be0-acdc-3e1b0fad3dd0/org.checkerframework_checker-qual-3.5.0.jar
[2025-02-15T16:56:09.352+0000] {spark_submit.py:641} INFO - 25/02/15 16:56:09 INFO Executor: Starting executor ID driver on host ***-airflow-scheduler
[2025-02-15T16:56:09.358+0000] {spark_submit.py:641} INFO - 25/02/15 16:56:09 INFO Executor: Starting executor with user classpath (userClassPathFirst = false): ''
[2025-02-15T16:56:09.370+0000] {spark_submit.py:641} INFO - 25/02/15 16:56:09 INFO Executor: Fetching file:///home/airflow/.ivy2/jars/org.postgresql_postgresql-42.2.18.jar with timestamp 1739638568364
[2025-02-15T16:56:09.392+0000] {spark_submit.py:641} INFO - 25/02/15 16:56:09 INFO Utils: /home/airflow/.ivy2/jars/org.postgresql_postgresql-42.2.18.jar has been previously copied to /tmp/spark-14041712-5fd7-40ce-ae62-2f39ceed02e0/userFiles-7c398ba9-30ad-4be0-acdc-3e1b0fad3dd0/org.postgresql_postgresql-42.2.18.jar
[2025-02-15T16:56:09.405+0000] {spark_submit.py:641} INFO - 25/02/15 16:56:09 INFO Executor: Fetching file:///home/airflow/.ivy2/jars/org.checkerframework_checker-qual-3.5.0.jar with timestamp 1739638568364
[2025-02-15T16:56:09.406+0000] {spark_submit.py:641} INFO - 25/02/15 16:56:09 INFO Utils: /home/airflow/.ivy2/jars/org.checkerframework_checker-qual-3.5.0.jar has been previously copied to /tmp/spark-14041712-5fd7-40ce-ae62-2f39ceed02e0/userFiles-7c398ba9-30ad-4be0-acdc-3e1b0fad3dd0/org.checkerframework_checker-qual-3.5.0.jar
[2025-02-15T16:56:09.421+0000] {spark_submit.py:641} INFO - 25/02/15 16:56:09 INFO Executor: Fetching spark://***-airflow-scheduler:33865/jars/postgresql-42.2.18.jar with timestamp 1739638568364
[2025-02-15T16:56:09.462+0000] {spark_submit.py:641} INFO - 25/02/15 16:56:09 INFO TransportClientFactory: Successfully created connection to ***-airflow-scheduler/172.19.0.6:33865 after 29 ms (0 ms spent in bootstraps)
[2025-02-15T16:56:09.469+0000] {spark_submit.py:641} INFO - 25/02/15 16:56:09 INFO Utils: Fetching spark://***-airflow-scheduler:33865/jars/postgresql-42.2.18.jar to /tmp/spark-14041712-5fd7-40ce-ae62-2f39ceed02e0/userFiles-7c398ba9-30ad-4be0-acdc-3e1b0fad3dd0/fetchFileTemp16349585205866057184.tmp
[2025-02-15T16:56:09.560+0000] {spark_submit.py:641} INFO - 25/02/15 16:56:09 INFO Executor: Adding file:/tmp/spark-14041712-5fd7-40ce-ae62-2f39ceed02e0/userFiles-7c398ba9-30ad-4be0-acdc-3e1b0fad3dd0/postgresql-42.2.18.jar to class loader
[2025-02-15T16:56:09.568+0000] {spark_submit.py:641} INFO - 25/02/15 16:56:09 INFO Utils: Successfully started service 'org.apache.spark.network.netty.NettyBlockTransferService' on port 46825.
[2025-02-15T16:56:09.570+0000] {spark_submit.py:641} INFO - 25/02/15 16:56:09 INFO NettyBlockTransferService: Server created on ***-airflow-scheduler:46825
[2025-02-15T16:56:09.572+0000] {spark_submit.py:641} INFO - 25/02/15 16:56:09 INFO BlockManager: Using org.apache.spark.storage.RandomBlockReplicationPolicy for block replication policy
[2025-02-15T16:56:09.581+0000] {spark_submit.py:641} INFO - 25/02/15 16:56:09 INFO BlockManagerMaster: Registering BlockManager BlockManagerId(driver, ***-airflow-scheduler, 46825, None)
[2025-02-15T16:56:09.586+0000] {spark_submit.py:641} INFO - 25/02/15 16:56:09 INFO BlockManagerMasterEndpoint: Registering block manager ***-airflow-scheduler:46825 with 434.4 MiB RAM, BlockManagerId(driver, ***-airflow-scheduler, 46825, None)
[2025-02-15T16:56:09.589+0000] {spark_submit.py:641} INFO - 25/02/15 16:56:09 INFO BlockManagerMaster: Registered BlockManager BlockManagerId(driver, ***-airflow-scheduler, 46825, None)
[2025-02-15T16:56:09.591+0000] {spark_submit.py:641} INFO - 25/02/15 16:56:09 INFO BlockManager: Initialized BlockManager: BlockManagerId(driver, ***-airflow-scheduler, 46825, None)
[2025-02-15T16:56:14.191+0000] {spark_submit.py:641} INFO - ---------------- MENAMPILKAN DATASET ----------------
[2025-02-15T16:56:14.522+0000] {spark_submit.py:641} INFO - +-----------+-----------------+---------+---------------+------+-------------------+---------------+---+--------------------+-----------------+---------------------+----------+------------------+
[2025-02-15T16:56:14.529+0000] {spark_submit.py:641} INFO - |employee_id|       department|   region|      education|gender|recruitment_channel|no_of_trainings|age|previous_year_rating|length_of_service|KPIs_met_more_than_80|awards_won|avg_training_score|
[2025-02-15T16:56:14.531+0000] {spark_submit.py:641} INFO - +-----------+-----------------+---------+---------------+------+-------------------+---------------+---+--------------------+-----------------+---------------------+----------+------------------+
[2025-02-15T16:56:14.533+0000] {spark_submit.py:641} INFO - |       8724|       Technology|region_26|      Bachelors|     m|           sourcing|              1| 24|                null|                1|                    1|         0|                77|
[2025-02-15T16:56:14.535+0000] {spark_submit.py:641} INFO - |      74430|               HR| region_4|      Bachelors|     f|              other|              1| 31|                   3|                5|                    0|         0|                51|
[2025-02-15T16:56:14.536+0000] {spark_submit.py:641} INFO - |      72255|Sales & Marketing|region_13|      Bachelors|     m|              other|              1| 31|                   1|                4|                    0|         0|                47|
[2025-02-15T16:56:14.537+0000] {spark_submit.py:641} INFO - |      38562|      Procurement| region_2|      Bachelors|     f|              other|              3| 31|                   2|                9|                    0|         0|                65|
[2025-02-15T16:56:14.538+0000] {spark_submit.py:641} INFO - |      64486|          Finance|region_29|      Bachelors|     m|           sourcing|              1| 30|                   4|                7|                    0|         0|                61|
[2025-02-15T16:56:14.539+0000] {spark_submit.py:641} INFO - |      46232|      Procurement| region_7|      Bachelors|     m|           sourcing|              1| 36|                   3|                2|                    0|         0|                68|
[2025-02-15T16:56:14.541+0000] {spark_submit.py:641} INFO - |      54542|          Finance| region_2|      Bachelors|     m|              other|              1| 33|                   5|                3|                    1|         0|                57|
[2025-02-15T16:56:14.542+0000] {spark_submit.py:641} INFO - |      67269|        Analytics|region_22|      Bachelors|     m|           sourcing|              2| 36|                   3|                3|                    0|         0|                85|
[2025-02-15T16:56:14.543+0000] {spark_submit.py:641} INFO - |      66174|       Technology| region_7|Masters & above|     m|              other|              1| 51|                   4|               11|                    0|         0|                75|
[2025-02-15T16:56:14.544+0000] {spark_submit.py:641} INFO - |      76303|       Technology|region_22|      Bachelors|     m|           sourcing|              1| 29|                   5|                2|                    1|         0|                76|
[2025-02-15T16:56:14.546+0000] {spark_submit.py:641} INFO - +-----------+-----------------+---------+---------------+------+-------------------+---------------+---+--------------------+-----------------+---------------------+----------+------------------+
[2025-02-15T16:56:14.550+0000] {spark_submit.py:641} INFO - only showing top 10 rows
[2025-02-15T16:56:14.553+0000] {spark_submit.py:641} INFO - 
[2025-02-15T16:56:14.556+0000] {spark_submit.py:641} INFO - ---------------- MENAMPILKAN TIPE DATA AWAL ----------------
[2025-02-15T16:56:14.557+0000] {spark_submit.py:641} INFO - root
[2025-02-15T16:56:14.559+0000] {spark_submit.py:641} INFO - |-- employee_id: string (nullable = true)
[2025-02-15T16:56:14.560+0000] {spark_submit.py:641} INFO - |-- department: string (nullable = true)
[2025-02-15T16:56:14.562+0000] {spark_submit.py:641} INFO - |-- region: string (nullable = true)
[2025-02-15T16:56:14.563+0000] {spark_submit.py:641} INFO - |-- education: string (nullable = true)
[2025-02-15T16:56:14.564+0000] {spark_submit.py:641} INFO - |-- gender: string (nullable = true)
[2025-02-15T16:56:14.566+0000] {spark_submit.py:641} INFO - |-- recruitment_channel: string (nullable = true)
[2025-02-15T16:56:14.567+0000] {spark_submit.py:641} INFO - |-- no_of_trainings: string (nullable = true)
[2025-02-15T16:56:14.568+0000] {spark_submit.py:641} INFO - |-- age: string (nullable = true)
[2025-02-15T16:56:14.570+0000] {spark_submit.py:641} INFO - |-- previous_year_rating: string (nullable = true)
[2025-02-15T16:56:14.571+0000] {spark_submit.py:641} INFO - |-- length_of_service: string (nullable = true)
[2025-02-15T16:56:14.572+0000] {spark_submit.py:641} INFO - |-- KPIs_met_more_than_80: string (nullable = true)
[2025-02-15T16:56:14.574+0000] {spark_submit.py:641} INFO - |-- awards_won: string (nullable = true)
[2025-02-15T16:56:14.575+0000] {spark_submit.py:641} INFO - |-- avg_training_score: string (nullable = true)
[2025-02-15T16:56:14.578+0000] {spark_submit.py:641} INFO - 
[2025-02-15T16:56:14.649+0000] {spark_submit.py:641} INFO - ---------------- MENAMPILKAN TIPE DATA HASIL TRANSFORMASI ----------------
[2025-02-15T16:56:14.651+0000] {spark_submit.py:641} INFO - root
[2025-02-15T16:56:14.653+0000] {spark_submit.py:641} INFO - |-- employee_id: string (nullable = true)
[2025-02-15T16:56:14.654+0000] {spark_submit.py:641} INFO - |-- department: string (nullable = true)
[2025-02-15T16:56:14.655+0000] {spark_submit.py:641} INFO - |-- region: string (nullable = true)
[2025-02-15T16:56:14.656+0000] {spark_submit.py:641} INFO - |-- education: string (nullable = true)
[2025-02-15T16:56:14.657+0000] {spark_submit.py:641} INFO - |-- gender: string (nullable = true)
[2025-02-15T16:56:14.659+0000] {spark_submit.py:641} INFO - |-- recruitment_channel: string (nullable = true)
[2025-02-15T16:56:14.660+0000] {spark_submit.py:641} INFO - |-- no_of_trainings: integer (nullable = true)
[2025-02-15T16:56:14.661+0000] {spark_submit.py:641} INFO - |-- age: integer (nullable = true)
[2025-02-15T16:56:14.662+0000] {spark_submit.py:641} INFO - |-- previous_year_rating: integer (nullable = true)
[2025-02-15T16:56:14.663+0000] {spark_submit.py:641} INFO - |-- length_of_service: integer (nullable = true)
[2025-02-15T16:56:14.665+0000] {spark_submit.py:641} INFO - |-- KPIs_met_more_than_80: integer (nullable = true)
[2025-02-15T16:56:14.666+0000] {spark_submit.py:641} INFO - |-- awards_won: integer (nullable = true)
[2025-02-15T16:56:14.667+0000] {spark_submit.py:641} INFO - |-- avg_training_score: integer (nullable = true)
[2025-02-15T16:56:14.668+0000] {spark_submit.py:641} INFO - 
[2025-02-15T16:56:14.669+0000] {spark_submit.py:641} INFO - ---------------- MENAMPILKAN BANYAK DATA NULL DI SETIAP KOLOM ----------------
[2025-02-15T16:56:15.760+0000] {spark_submit.py:641} INFO - +----------------+---------------+-----------+--------------+-----------+------------------------+--------------------+--------+-------------------------+----------------------+--------------------------+---------------+-----------------------+
[2025-02-15T16:56:15.762+0000] {spark_submit.py:641} INFO - |employee_id_null|department_null|region_null|education_null|gender_null|recruitment_channel_null|no_of_trainings_null|age_null|previous_year_rating_null|length_of_service_null|KPIs_met_more_than_80_null|awards_won_null|avg_training_score_nuli|
[2025-02-15T16:56:15.764+0000] {spark_submit.py:641} INFO - +----------------+---------------+-----------+--------------+-----------+------------------------+--------------------+--------+-------------------------+----------------------+--------------------------+---------------+-----------------------+
[2025-02-15T16:56:15.765+0000] {spark_submit.py:641} INFO - |               0|              0|          0|           771|          0|                       0|                   0|       0|                     1363|                     0|                         0|              0|                      0|
[2025-02-15T16:56:15.766+0000] {spark_submit.py:641} INFO - +----------------+---------------+-----------+--------------+-----------+------------------------+--------------------+--------+-------------------------+----------------------+--------------------------+---------------+-----------------------+
[2025-02-15T16:56:15.768+0000] {spark_submit.py:641} INFO - 
[2025-02-15T16:56:15.769+0000] {spark_submit.py:641} INFO - ---------------- NULL HANDLING PADA KOLOM EDUCATION & PREVIOUS_YEAR_RATING ----------------
[2025-02-15T16:56:16.067+0000] {spark_submit.py:641} INFO - +--------------+-------------------------+
[2025-02-15T16:56:16.070+0000] {spark_submit.py:641} INFO - |education_null|previous_year_rating_null|
[2025-02-15T16:56:16.071+0000] {spark_submit.py:641} INFO - +--------------+-------------------------+
[2025-02-15T16:56:16.073+0000] {spark_submit.py:641} INFO - |             0|                        0|
[2025-02-15T16:56:16.075+0000] {spark_submit.py:641} INFO - +--------------+-------------------------+
[2025-02-15T16:56:16.078+0000] {spark_submit.py:641} INFO - 
[2025-02-15T16:56:16.080+0000] {spark_submit.py:641} INFO - ---------------- MENAMPILKAN BANYAK DATA DUPLIKAT BERDASARKAN EMPLOYEE_ID ----------------
[2025-02-15T16:56:16.971+0000] {spark_submit.py:641} INFO - +-----------+------+
[2025-02-15T16:56:16.973+0000] {spark_submit.py:641} INFO - |employee_id|jumlah|
[2025-02-15T16:56:16.975+0000] {spark_submit.py:641} INFO - +-----------+------+
[2025-02-15T16:56:16.976+0000] {spark_submit.py:641} INFO - |      64573|     2|
[2025-02-15T16:56:16.978+0000] {spark_submit.py:641} INFO - |      49584|     3|
[2025-02-15T16:56:16.979+0000] {spark_submit.py:641} INFO - +-----------+------+
[2025-02-15T16:56:16.981+0000] {spark_submit.py:641} INFO - 
[2025-02-15T16:56:16.982+0000] {spark_submit.py:641} INFO - ---------------- MENAMPILKAN SEMUA BARIS DAN KOLOM DARI EMPLOYEE ID YANG DUPLIKAT ----------------
[2025-02-15T16:56:17.541+0000] {spark_submit.py:641} INFO - +-----------+----------+--------+---------+------+-------------------+---------------+---+--------------------+-----------------+---------------------+----------+------------------+
[2025-02-15T16:56:17.543+0000] {spark_submit.py:641} INFO - |employee_id|department|  region|education|gender|recruitment_channel|no_of_trainings|age|previous_year_rating|length_of_service|KPIs_met_more_than_80|awards_won|avg_training_score|
[2025-02-15T16:56:17.544+0000] {spark_submit.py:641} INFO - +-----------+----------+--------+---------+------+-------------------+---------------+---+--------------------+-----------------+---------------------+----------+------------------+
[2025-02-15T16:56:17.546+0000] {spark_submit.py:641} INFO - |      49584|        HR|region_7|Bachelors|     m|              other|              1| 33|                   1|                9|                    0|         0|                51|
[2025-02-15T16:56:17.547+0000] {spark_submit.py:641} INFO - |      49584|        HR|region_7|Bachelors|     m|              other|              1| 33|                   1|                9|                    0|         0|                51|
[2025-02-15T16:56:17.549+0000] {spark_submit.py:641} INFO - |      49584|        HR|region_7|Bachelors|     m|              other|              1| 33|                   1|                9|                    0|         0|                51|
[2025-02-15T16:56:17.551+0000] {spark_submit.py:641} INFO - |      64573|Technology|region_7|Bachelors|     f|           referred|              2| 30|                   5|                6|                    1|         0|                81|
[2025-02-15T16:56:17.553+0000] {spark_submit.py:641} INFO - |      64573|        HR|region_7|Bachelors|     f|           referred|              1| 35|                   5|                4|                    1|         0|                81|
[2025-02-15T16:56:17.554+0000] {spark_submit.py:641} INFO - +-----------+----------+--------+---------+------+-------------------+---------------+---+--------------------+-----------------+---------------------+----------+------------------+
[2025-02-15T16:56:17.556+0000] {spark_submit.py:641} INFO - 
[2025-02-15T16:56:17.558+0000] {spark_submit.py:641} INFO - ---------------- MENAMPILKAN SEMUA BARIS DAN KOLOM DARI EMPLOYEE ID YANG SUDAH DIHANDLE DUPLIKASINYA ----------------
[2025-02-15T16:56:17.783+0000] {spark_submit.py:641} INFO - +-----------+----------+--------+---------+------+-------------------+---------------+---+--------------------+-----------------+---------------------+----------+------------------+
[2025-02-15T16:56:17.785+0000] {spark_submit.py:641} INFO - |employee_id|department|  region|education|gender|recruitment_channel|no_of_trainings|age|previous_year_rating|length_of_service|KPIs_met_more_than_80|awards_won|avg_training_score|
[2025-02-15T16:56:17.786+0000] {spark_submit.py:641} INFO - +-----------+----------+--------+---------+------+-------------------+---------------+---+--------------------+-----------------+---------------------+----------+------------------+
[2025-02-15T16:56:17.788+0000] {spark_submit.py:641} INFO - |      49584|        HR|region_7|Bachelors|     m|              other|              1| 33|                   1|                9|                    0|         0|                51|
[2025-02-15T16:56:17.790+0000] {spark_submit.py:641} INFO - |      49584|        HR|region_7|Bachelors|     m|              other|              1| 33|                   1|                9|                    0|         0|                51|
[2025-02-15T16:56:17.791+0000] {spark_submit.py:641} INFO - |      49584|        HR|region_7|Bachelors|     m|              other|              1| 33|                   1|                9|                    0|         0|                51|
[2025-02-15T16:56:17.793+0000] {spark_submit.py:641} INFO - |      64573|Technology|region_7|Bachelors|     f|           referred|              2| 30|                   5|                6|                    1|         0|                81|
[2025-02-15T16:56:17.795+0000] {spark_submit.py:641} INFO - |      64573|        HR|region_7|Bachelors|     f|           referred|              1| 35|                   5|                4|                    1|         0|                81|
[2025-02-15T16:56:17.797+0000] {spark_submit.py:641} INFO - +-----------+----------+--------+---------+------+-------------------+---------------+---+--------------------+-----------------+---------------------+----------+------------------+
[2025-02-15T16:56:17.798+0000] {spark_submit.py:641} INFO - 
[2025-02-15T16:56:19.640+0000] {spark_submit.py:641} INFO - ---------------- MENAMPILKAN DATA HASIL LOAD KE POSTGRES ----------------
[2025-02-15T16:56:20.377+0000] {spark_submit.py:641} INFO - +-----------+-----------------+---------+---------------+------+-------------------+---------------+---+--------------------+-----------------+---------------------+----------+------------------+
[2025-02-15T16:56:20.379+0000] {spark_submit.py:641} INFO - |employee_id|       department|   region|      education|gender|recruitment_channel|no_of_trainings|age|previous_year_rating|length_of_service|KPIs_met_more_than_80|awards_won|avg_training_score|
[2025-02-15T16:56:20.380+0000] {spark_submit.py:641} INFO - +-----------+-----------------+---------+---------------+------+-------------------+---------------+---+--------------------+-----------------+---------------------+----------+------------------+
[2025-02-15T16:56:20.382+0000] {spark_submit.py:641} INFO - |       8724|       Technology|region_26|      Bachelors|     m|           sourcing|              1| 24|                   0|                1|                    1|         0|                77|
[2025-02-15T16:56:20.383+0000] {spark_submit.py:641} INFO - |      74430|               HR| region_4|      Bachelors|     f|              other|              1| 31|                   3|                5|                    0|         0|                51|
[2025-02-15T16:56:20.385+0000] {spark_submit.py:641} INFO - |      72255|Sales & Marketing|region_13|      Bachelors|     m|              other|              1| 31|                   1|                4|                    0|         0|                47|
[2025-02-15T16:56:20.386+0000] {spark_submit.py:641} INFO - |      38562|      Procurement| region_2|      Bachelors|     f|              other|              3| 31|                   2|                9|                    0|         0|                65|
[2025-02-15T16:56:20.388+0000] {spark_submit.py:641} INFO - |      64486|          Finance|region_29|      Bachelors|     m|           sourcing|              1| 30|                   4|                7|                    0|         0|                61|
[2025-02-15T16:56:20.389+0000] {spark_submit.py:641} INFO - |      46232|      Procurement| region_7|      Bachelors|     m|           sourcing|              1| 36|                   3|                2|                    0|         0|                68|
[2025-02-15T16:56:20.390+0000] {spark_submit.py:641} INFO - |      54542|          Finance| region_2|      Bachelors|     m|              other|              1| 33|                   5|                3|                    1|         0|                57|
[2025-02-15T16:56:20.392+0000] {spark_submit.py:641} INFO - |      67269|        Analytics|region_22|      Bachelors|     m|           sourcing|              2| 36|                   3|                3|                    0|         0|                85|
[2025-02-15T16:56:20.393+0000] {spark_submit.py:641} INFO - |      66174|       Technology| region_7|Masters & above|     m|              other|              1| 51|                   4|               11|                    0|         0|                75|
[2025-02-15T16:56:20.394+0000] {spark_submit.py:641} INFO - |      76303|       Technology|region_22|      Bachelors|     m|           sourcing|              1| 29|                   5|                2|                    1|         0|                76|
[2025-02-15T16:56:20.396+0000] {spark_submit.py:641} INFO - |      60245|Sales & Marketing|region_16|      Bachelors|     m|           sourcing|              2| 40|                   5|               12|                    1|         0|                50|
[2025-02-15T16:56:20.397+0000] {spark_submit.py:641} INFO - |      42639|Sales & Marketing|region_17|Masters & above|     m|           sourcing|              1| 40|                   3|               10|                    0|         0|                46|
[2025-02-15T16:56:20.399+0000] {spark_submit.py:641} INFO - |      30963|Sales & Marketing| region_4|Masters & above|     f|              other|              1| 34|                   3|                4|                    0|         0|                52|
[2025-02-15T16:56:20.401+0000] {spark_submit.py:641} INFO - |      54055|        Analytics|region_24|      Bachelors|     m|              other|              1| 37|                   3|               10|                    0|         0|                82|
[2025-02-15T16:56:20.403+0000] {spark_submit.py:641} INFO - |      42996|       Operations|region_11|      Bachelors|     m|           sourcing|              1| 30|                   5|                6|                    1|         0|                58|
[2025-02-15T16:56:20.404+0000] {spark_submit.py:641} INFO - |      12737|Sales & Marketing| region_7|      Bachelors|     m|           sourcing|              1| 31|                   4|                4|                    1|         0|                47|
[2025-02-15T16:56:20.405+0000] {spark_submit.py:641} INFO - |      27561|       Operations|region_27|      Bachelors|     f|           sourcing|              1| 26|                   5|                3|                    0|         0|                56|
[2025-02-15T16:56:20.407+0000] {spark_submit.py:641} INFO - |      26622|Sales & Marketing|region_17|      Bachelors|     m|           sourcing|              1| 40|                   5|                6|                    1|         0|                50|
[2025-02-15T16:56:20.408+0000] {spark_submit.py:641} INFO - |      31582|      Procurement| region_7|      Bachelors|     f|              other|              1| 49|                   3|                7|                    1|         0|                64|
[2025-02-15T16:56:20.410+0000] {spark_submit.py:641} INFO - |      29793|      Procurement|region_27|      Bachelors|     m|              other|              1| 27|                   2|                5|                    0|         0|                65|
[2025-02-15T16:56:20.411+0000] {spark_submit.py:641} INFO - +-----------+-----------------+---------+---------------+------+-------------------+---------------+---+--------------------+-----------------+---------------------+----------+------------------+
[2025-02-15T16:56:20.413+0000] {spark_submit.py:641} INFO - only showing top 20 rows
[2025-02-15T16:56:20.415+0000] {spark_submit.py:641} INFO - 
[2025-02-15T16:56:20.691+0000] {taskinstance.py:340} INFO - ::group::Post task execution logs
[2025-02-15T16:56:20.694+0000] {taskinstance.py:352} INFO - Marking task as SUCCESS. dag_id=***_elt_dag, task_id=etl_task, run_id=manual__2025-02-15T16:42:48.589872+00:00, execution_date=20250215T164248, start_date=20250215T165602, end_date=20250215T165620
[2025-02-15T16:56:20.751+0000] {local_task_job_runner.py:266} INFO - Task exited with return code 0
[2025-02-15T16:56:20.775+0000] {taskinstance.py:3895} INFO - 0 downstream tasks scheduled from follow-on schedule check
[2025-02-15T16:56:20.779+0000] {local_task_job_runner.py:245} INFO - ::endgroup::
