[2025-02-15T16:46:57.073+0000] {local_task_job_runner.py:123} INFO - ::group::Pre task execution logs
[2025-02-15T16:46:57.096+0000] {taskinstance.py:2613} INFO - Dependencies all met for dep_context=non-requeueable deps ti=<TaskInstance: finprode8_elt_dag.etl_task manual__2025-02-15T16:42:48.589872+00:00 [queued]>
[2025-02-15T16:46:57.109+0000] {taskinstance.py:2613} INFO - Dependencies all met for dep_context=requeueable deps ti=<TaskInstance: finprode8_elt_dag.etl_task manual__2025-02-15T16:42:48.589872+00:00 [queued]>
[2025-02-15T16:46:57.112+0000] {taskinstance.py:2866} INFO - Starting attempt 3 of 3
[2025-02-15T16:46:57.130+0000] {taskinstance.py:2889} INFO - Executing <Task(SparkSubmitOperator): etl_task> on 2025-02-15 16:42:48.589872+00:00
[2025-02-15T16:46:57.136+0000] {standard_task_runner.py:72} INFO - Started process 4641 to run task
[2025-02-15T16:46:57.143+0000] {standard_task_runner.py:104} INFO - Running: ['airflow', 'tasks', 'run', '***_elt_dag', 'etl_task', 'manual__2025-02-15T16:42:48.589872+00:00', '--job-id', '18', '--raw', '--subdir', 'DAGS_FOLDER/***_etl_dag.py', '--cfg-path', '/tmp/tmpyrlw964u']
[2025-02-15T16:46:57.150+0000] {standard_task_runner.py:105} INFO - Job 18: Subtask etl_task
[2025-02-15T16:46:57.181+0000] {logging_mixin.py:190} WARNING - /home/airflow/.local/lib/python3.9/site-packages/airflow/settings.py:209 DeprecationWarning: The sql_alchemy_conn option in [core] has been moved to the sql_alchemy_conn option in [database] - the old setting has been used, but please update your config.
[2025-02-15T16:46:57.232+0000] {task_command.py:467} INFO - Running <TaskInstance: finprode8_elt_dag.etl_task manual__2025-02-15T16:42:48.589872+00:00 [running]> on host ***-airflow-scheduler
[2025-02-15T16:46:57.344+0000] {taskinstance.py:3132} INFO - Exporting env vars: AIRFLOW_CTX_DAG_OWNER='ratih malini' AIRFLOW_CTX_DAG_ID='***_elt_dag' AIRFLOW_CTX_TASK_ID='etl_task' AIRFLOW_CTX_EXECUTION_DATE='2025-02-15T16:42:48.589872+00:00' AIRFLOW_CTX_TRY_NUMBER='3' AIRFLOW_CTX_DAG_RUN_ID='manual__2025-02-15T16:42:48.589872+00:00'
[2025-02-15T16:46:57.347+0000] {taskinstance.py:731} INFO - ::endgroup::
[2025-02-15T16:46:57.382+0000] {base.py:84} INFO - Retrieving connection 'spark_main'
[2025-02-15T16:46:57.385+0000] {spark_submit.py:474} INFO - Spark-Submit cmd: spark-submit --master spark://***-spark-master:7077 --packages org.postgresql:postgresql:42.2.18 --name arrow-spark /spark-scripts/***_etl.py
[2025-02-15T16:46:58.912+0000] {spark_submit.py:641} INFO - :: loading settings :: url = jar:file:/home/airflow/.local/lib/python3.9/site-packages/pyspark/jars/ivy-2.5.1.jar!/org/apache/ivy/core/settings/ivysettings.xml
[2025-02-15T16:46:59.014+0000] {spark_submit.py:641} INFO - Ivy Default Cache set to: /home/airflow/.ivy2/cache
[2025-02-15T16:46:59.016+0000] {spark_submit.py:641} INFO - The jars for the packages stored in: /home/airflow/.ivy2/jars
[2025-02-15T16:46:59.020+0000] {spark_submit.py:641} INFO - org.postgresql#postgresql added as a dependency
[2025-02-15T16:46:59.021+0000] {spark_submit.py:641} INFO - :: resolving dependencies :: org.apache.spark#spark-submit-parent-f434d70c-1b00-4b0b-a29d-290bd15d5de5;1.0
[2025-02-15T16:46:59.023+0000] {spark_submit.py:641} INFO - confs: [default]
[2025-02-15T16:46:59.145+0000] {spark_submit.py:641} INFO - found org.postgresql#postgresql;42.2.18 in central
[2025-02-15T16:46:59.175+0000] {spark_submit.py:641} INFO - found org.checkerframework#checker-qual;3.5.0 in central
[2025-02-15T16:46:59.192+0000] {spark_submit.py:641} INFO - :: resolution report :: resolve 166ms :: artifacts dl 6ms
[2025-02-15T16:46:59.194+0000] {spark_submit.py:641} INFO - :: modules in use:
[2025-02-15T16:46:59.196+0000] {spark_submit.py:641} INFO - org.checkerframework#checker-qual;3.5.0 from central in [default]
[2025-02-15T16:46:59.197+0000] {spark_submit.py:641} INFO - org.postgresql#postgresql;42.2.18 from central in [default]
[2025-02-15T16:46:59.199+0000] {spark_submit.py:641} INFO - ---------------------------------------------------------------------
[2025-02-15T16:46:59.200+0000] {spark_submit.py:641} INFO - |                  |            modules            ||   artifacts   |
[2025-02-15T16:46:59.202+0000] {spark_submit.py:641} INFO - |       conf       | number| search|dwnlded|evicted|| number|dwnlded|
[2025-02-15T16:46:59.204+0000] {spark_submit.py:641} INFO - ---------------------------------------------------------------------
[2025-02-15T16:46:59.205+0000] {spark_submit.py:641} INFO - |      default     |   2   |   0   |   0   |   0   ||   2   |   0   |
[2025-02-15T16:46:59.207+0000] {spark_submit.py:641} INFO - ---------------------------------------------------------------------
[2025-02-15T16:46:59.209+0000] {spark_submit.py:641} INFO - :: retrieving :: org.apache.spark#spark-submit-parent-f434d70c-1b00-4b0b-a29d-290bd15d5de5
[2025-02-15T16:46:59.210+0000] {spark_submit.py:641} INFO - confs: [default]
[2025-02-15T16:46:59.212+0000] {spark_submit.py:641} INFO - 0 artifacts copied, 2 already retrieved (0kB/5ms)
[2025-02-15T16:46:59.437+0000] {spark_submit.py:641} INFO - 25/02/15 16:46:59 WARN NativeCodeLoader: Unable to load native-hadoop library for your platform... using builtin-java classes where applicable
[2025-02-15T16:47:00.732+0000] {spark_submit.py:641} INFO - 25/02/15 16:47:00 INFO SparkContext: Running Spark version 3.3.2
[2025-02-15T16:47:00.764+0000] {spark_submit.py:641} INFO - 25/02/15 16:47:00 INFO ResourceUtils: ==============================================================
[2025-02-15T16:47:00.765+0000] {spark_submit.py:641} INFO - 25/02/15 16:47:00 INFO ResourceUtils: No custom resources configured for spark.driver.
[2025-02-15T16:47:00.767+0000] {spark_submit.py:641} INFO - 25/02/15 16:47:00 INFO ResourceUtils: ==============================================================
[2025-02-15T16:47:00.768+0000] {spark_submit.py:641} INFO - 25/02/15 16:47:00 INFO SparkContext: Submitted application: ***
[2025-02-15T16:47:00.790+0000] {spark_submit.py:641} INFO - 25/02/15 16:47:00 INFO ResourceProfile: Default ResourceProfile created, executor resources: Map(cores -> name: cores, amount: 1, script: , vendor: , memory -> name: memory, amount: 1024, script: , vendor: , offHeap -> name: offHeap, amount: 0, script: , vendor: ), task resources: Map(cpus -> name: cpus, amount: 1.0)
[2025-02-15T16:47:00.799+0000] {spark_submit.py:641} INFO - 25/02/15 16:47:00 INFO ResourceProfile: Limiting resource is cpu
[2025-02-15T16:47:00.801+0000] {spark_submit.py:641} INFO - 25/02/15 16:47:00 INFO ResourceProfileManager: Added ResourceProfile id: 0
[2025-02-15T16:47:00.847+0000] {spark_submit.py:641} INFO - 25/02/15 16:47:00 INFO SecurityManager: Changing view acls to: airflow
[2025-02-15T16:47:00.849+0000] {spark_submit.py:641} INFO - 25/02/15 16:47:00 INFO SecurityManager: Changing modify acls to: airflow
[2025-02-15T16:47:00.850+0000] {spark_submit.py:641} INFO - 25/02/15 16:47:00 INFO SecurityManager: Changing view acls groups to:
[2025-02-15T16:47:00.852+0000] {spark_submit.py:641} INFO - 25/02/15 16:47:00 INFO SecurityManager: Changing modify acls groups to:
[2025-02-15T16:47:00.853+0000] {spark_submit.py:641} INFO - 25/02/15 16:47:00 INFO SecurityManager: SecurityManager: authentication disabled; ui acls disabled; users  with view permissions: Set(airflow); groups with view permissions: Set(); users  with modify permissions: Set(airflow); groups with modify permissions: Set()
[2025-02-15T16:47:01.103+0000] {spark_submit.py:641} INFO - 25/02/15 16:47:01 INFO Utils: Successfully started service 'sparkDriver' on port 39733.
[2025-02-15T16:47:01.135+0000] {spark_submit.py:641} INFO - 25/02/15 16:47:01 INFO SparkEnv: Registering MapOutputTracker
[2025-02-15T16:47:01.184+0000] {spark_submit.py:641} INFO - 25/02/15 16:47:01 INFO SparkEnv: Registering BlockManagerMaster
[2025-02-15T16:47:01.208+0000] {spark_submit.py:641} INFO - 25/02/15 16:47:01 INFO BlockManagerMasterEndpoint: Using org.apache.spark.storage.DefaultTopologyMapper for getting topology information
[2025-02-15T16:47:01.210+0000] {spark_submit.py:641} INFO - 25/02/15 16:47:01 INFO BlockManagerMasterEndpoint: BlockManagerMasterEndpoint up
[2025-02-15T16:47:01.217+0000] {spark_submit.py:641} INFO - 25/02/15 16:47:01 INFO SparkEnv: Registering BlockManagerMasterHeartbeat
[2025-02-15T16:47:01.243+0000] {spark_submit.py:641} INFO - 25/02/15 16:47:01 INFO DiskBlockManager: Created local directory at /tmp/blockmgr-e7f9bcee-9042-435c-9723-76bacd222c4a
[2025-02-15T16:47:01.259+0000] {spark_submit.py:641} INFO - 25/02/15 16:47:01 INFO MemoryStore: MemoryStore started with capacity 434.4 MiB
[2025-02-15T16:47:01.276+0000] {spark_submit.py:641} INFO - 25/02/15 16:47:01 INFO SparkEnv: Registering OutputCommitCoordinator
[2025-02-15T16:47:01.487+0000] {spark_submit.py:641} INFO - 25/02/15 16:47:01 INFO Utils: Successfully started service 'SparkUI' on port 4040.
[2025-02-15T16:47:01.543+0000] {spark_submit.py:641} INFO - 25/02/15 16:47:01 INFO SparkContext: Added JAR /spark-scripts/jars/postgresql-42.2.18.jar at spark://***-airflow-scheduler:39733/jars/postgresql-42.2.18.jar with timestamp 1739638020723
[2025-02-15T16:47:01.546+0000] {spark_submit.py:641} INFO - 25/02/15 16:47:01 INFO SparkContext: Added file file:///home/airflow/.ivy2/jars/org.postgresql_postgresql-42.2.18.jar at file:///home/airflow/.ivy2/jars/org.postgresql_postgresql-42.2.18.jar with timestamp 1739638020723
[2025-02-15T16:47:01.549+0000] {spark_submit.py:641} INFO - 25/02/15 16:47:01 INFO Utils: Copying /home/airflow/.ivy2/jars/org.postgresql_postgresql-42.2.18.jar to /tmp/spark-24aa3d03-5d94-44bb-a324-158e424ee3a6/userFiles-d1b9e4f8-89a0-451b-8841-b5397a4f0ab7/org.postgresql_postgresql-42.2.18.jar
[2025-02-15T16:47:01.573+0000] {spark_submit.py:641} INFO - 25/02/15 16:47:01 INFO SparkContext: Added file file:///home/airflow/.ivy2/jars/org.checkerframework_checker-qual-3.5.0.jar at file:///home/airflow/.ivy2/jars/org.checkerframework_checker-qual-3.5.0.jar with timestamp 1739638020723
[2025-02-15T16:47:01.575+0000] {spark_submit.py:641} INFO - 25/02/15 16:47:01 INFO Utils: Copying /home/airflow/.ivy2/jars/org.checkerframework_checker-qual-3.5.0.jar to /tmp/spark-24aa3d03-5d94-44bb-a324-158e424ee3a6/userFiles-d1b9e4f8-89a0-451b-8841-b5397a4f0ab7/org.checkerframework_checker-qual-3.5.0.jar
[2025-02-15T16:47:01.651+0000] {spark_submit.py:641} INFO - 25/02/15 16:47:01 INFO Executor: Starting executor ID driver on host ***-airflow-scheduler
[2025-02-15T16:47:01.659+0000] {spark_submit.py:641} INFO - 25/02/15 16:47:01 INFO Executor: Starting executor with user classpath (userClassPathFirst = false): ''
[2025-02-15T16:47:01.673+0000] {spark_submit.py:641} INFO - 25/02/15 16:47:01 INFO Executor: Fetching file:///home/airflow/.ivy2/jars/org.postgresql_postgresql-42.2.18.jar with timestamp 1739638020723
[2025-02-15T16:47:01.697+0000] {spark_submit.py:641} INFO - 25/02/15 16:47:01 INFO Utils: /home/airflow/.ivy2/jars/org.postgresql_postgresql-42.2.18.jar has been previously copied to /tmp/spark-24aa3d03-5d94-44bb-a324-158e424ee3a6/userFiles-d1b9e4f8-89a0-451b-8841-b5397a4f0ab7/org.postgresql_postgresql-42.2.18.jar
[2025-02-15T16:47:01.710+0000] {spark_submit.py:641} INFO - 25/02/15 16:47:01 INFO Executor: Fetching file:///home/airflow/.ivy2/jars/org.checkerframework_checker-qual-3.5.0.jar with timestamp 1739638020723
[2025-02-15T16:47:01.712+0000] {spark_submit.py:641} INFO - 25/02/15 16:47:01 INFO Utils: /home/airflow/.ivy2/jars/org.checkerframework_checker-qual-3.5.0.jar has been previously copied to /tmp/spark-24aa3d03-5d94-44bb-a324-158e424ee3a6/userFiles-d1b9e4f8-89a0-451b-8841-b5397a4f0ab7/org.checkerframework_checker-qual-3.5.0.jar
[2025-02-15T16:47:01.724+0000] {spark_submit.py:641} INFO - 25/02/15 16:47:01 INFO Executor: Fetching spark://***-airflow-scheduler:39733/jars/postgresql-42.2.18.jar with timestamp 1739638020723
[2025-02-15T16:47:01.759+0000] {spark_submit.py:641} INFO - 25/02/15 16:47:01 INFO TransportClientFactory: Successfully created connection to ***-airflow-scheduler/172.19.0.6:39733 after 22 ms (0 ms spent in bootstraps)
[2025-02-15T16:47:01.765+0000] {spark_submit.py:641} INFO - 25/02/15 16:47:01 INFO Utils: Fetching spark://***-airflow-scheduler:39733/jars/postgresql-42.2.18.jar to /tmp/spark-24aa3d03-5d94-44bb-a324-158e424ee3a6/userFiles-d1b9e4f8-89a0-451b-8841-b5397a4f0ab7/fetchFileTemp18074039808330789459.tmp
[2025-02-15T16:47:01.841+0000] {spark_submit.py:641} INFO - 25/02/15 16:47:01 INFO Executor: Adding file:/tmp/spark-24aa3d03-5d94-44bb-a324-158e424ee3a6/userFiles-d1b9e4f8-89a0-451b-8841-b5397a4f0ab7/postgresql-42.2.18.jar to class loader
[2025-02-15T16:47:01.850+0000] {spark_submit.py:641} INFO - 25/02/15 16:47:01 INFO Utils: Successfully started service 'org.apache.spark.network.netty.NettyBlockTransferService' on port 39511.
[2025-02-15T16:47:01.852+0000] {spark_submit.py:641} INFO - 25/02/15 16:47:01 INFO NettyBlockTransferService: Server created on ***-airflow-scheduler:39511
[2025-02-15T16:47:01.855+0000] {spark_submit.py:641} INFO - 25/02/15 16:47:01 INFO BlockManager: Using org.apache.spark.storage.RandomBlockReplicationPolicy for block replication policy
[2025-02-15T16:47:01.864+0000] {spark_submit.py:641} INFO - 25/02/15 16:47:01 INFO BlockManagerMaster: Registering BlockManager BlockManagerId(driver, ***-airflow-scheduler, 39511, None)
[2025-02-15T16:47:01.869+0000] {spark_submit.py:641} INFO - 25/02/15 16:47:01 INFO BlockManagerMasterEndpoint: Registering block manager ***-airflow-scheduler:39511 with 434.4 MiB RAM, BlockManagerId(driver, ***-airflow-scheduler, 39511, None)
[2025-02-15T16:47:01.872+0000] {spark_submit.py:641} INFO - 25/02/15 16:47:01 INFO BlockManagerMaster: Registered BlockManager BlockManagerId(driver, ***-airflow-scheduler, 39511, None)
[2025-02-15T16:47:01.875+0000] {spark_submit.py:641} INFO - 25/02/15 16:47:01 INFO BlockManager: Initialized BlockManager: BlockManagerId(driver, ***-airflow-scheduler, 39511, None)
[2025-02-15T16:47:06.970+0000] {spark_submit.py:641} INFO - ---------------- MENAMPILKAN DATASET ----------------
[2025-02-15T16:47:07.379+0000] {spark_submit.py:641} INFO - +-----------+-----------------+---------+---------------+------+-------------------+---------------+---+--------------------+-----------------+---------------------+----------+------------------+
[2025-02-15T16:47:07.381+0000] {spark_submit.py:641} INFO - |employee_id|       department|   region|      education|gender|recruitment_channel|no_of_trainings|age|previous_year_rating|length_of_service|KPIs_met_more_than_80|awards_won|avg_training_score|
[2025-02-15T16:47:07.382+0000] {spark_submit.py:641} INFO - +-----------+-----------------+---------+---------------+------+-------------------+---------------+---+--------------------+-----------------+---------------------+----------+------------------+
[2025-02-15T16:47:07.383+0000] {spark_submit.py:641} INFO - |       8724|       Technology|region_26|      Bachelors|     m|           sourcing|              1| 24|                null|                1|                    1|         0|                77|
[2025-02-15T16:47:07.385+0000] {spark_submit.py:641} INFO - |      74430|               HR| region_4|      Bachelors|     f|              other|              1| 31|                   3|                5|                    0|         0|                51|
[2025-02-15T16:47:07.386+0000] {spark_submit.py:641} INFO - |      72255|Sales & Marketing|region_13|      Bachelors|     m|              other|              1| 31|                   1|                4|                    0|         0|                47|
[2025-02-15T16:47:07.387+0000] {spark_submit.py:641} INFO - |      38562|      Procurement| region_2|      Bachelors|     f|              other|              3| 31|                   2|                9|                    0|         0|                65|
[2025-02-15T16:47:07.387+0000] {spark_submit.py:641} INFO - |      64486|          Finance|region_29|      Bachelors|     m|           sourcing|              1| 30|                   4|                7|                    0|         0|                61|
[2025-02-15T16:47:07.389+0000] {spark_submit.py:641} INFO - |      46232|      Procurement| region_7|      Bachelors|     m|           sourcing|              1| 36|                   3|                2|                    0|         0|                68|
[2025-02-15T16:47:07.390+0000] {spark_submit.py:641} INFO - |      54542|          Finance| region_2|      Bachelors|     m|              other|              1| 33|                   5|                3|                    1|         0|                57|
[2025-02-15T16:47:07.391+0000] {spark_submit.py:641} INFO - |      67269|        Analytics|region_22|      Bachelors|     m|           sourcing|              2| 36|                   3|                3|                    0|         0|                85|
[2025-02-15T16:47:07.393+0000] {spark_submit.py:641} INFO - |      66174|       Technology| region_7|Masters & above|     m|              other|              1| 51|                   4|               11|                    0|         0|                75|
[2025-02-15T16:47:07.395+0000] {spark_submit.py:641} INFO - |      76303|       Technology|region_22|      Bachelors|     m|           sourcing|              1| 29|                   5|                2|                    1|         0|                76|
[2025-02-15T16:47:07.396+0000] {spark_submit.py:641} INFO - +-----------+-----------------+---------+---------------+------+-------------------+---------------+---+--------------------+-----------------+---------------------+----------+------------------+
[2025-02-15T16:47:07.397+0000] {spark_submit.py:641} INFO - only showing top 10 rows
[2025-02-15T16:47:07.399+0000] {spark_submit.py:641} INFO - 
[2025-02-15T16:47:07.400+0000] {spark_submit.py:641} INFO - ---------------- MENAMPILKAN TIPE DATA AWAL ----------------
[2025-02-15T16:47:07.402+0000] {spark_submit.py:641} INFO - root
[2025-02-15T16:47:07.403+0000] {spark_submit.py:641} INFO - |-- employee_id: string (nullable = true)
[2025-02-15T16:47:07.404+0000] {spark_submit.py:641} INFO - |-- department: string (nullable = true)
[2025-02-15T16:47:07.405+0000] {spark_submit.py:641} INFO - |-- region: string (nullable = true)
[2025-02-15T16:47:07.407+0000] {spark_submit.py:641} INFO - |-- education: string (nullable = true)
[2025-02-15T16:47:07.409+0000] {spark_submit.py:641} INFO - |-- gender: string (nullable = true)
[2025-02-15T16:47:07.410+0000] {spark_submit.py:641} INFO - |-- recruitment_channel: string (nullable = true)
[2025-02-15T16:47:07.411+0000] {spark_submit.py:641} INFO - |-- no_of_trainings: string (nullable = true)
[2025-02-15T16:47:07.412+0000] {spark_submit.py:641} INFO - |-- age: string (nullable = true)
[2025-02-15T16:47:07.415+0000] {spark_submit.py:641} INFO - |-- previous_year_rating: string (nullable = true)
[2025-02-15T16:47:07.416+0000] {spark_submit.py:641} INFO - |-- length_of_service: string (nullable = true)
[2025-02-15T16:47:07.418+0000] {spark_submit.py:641} INFO - |-- KPIs_met_more_than_80: string (nullable = true)
[2025-02-15T16:47:07.419+0000] {spark_submit.py:641} INFO - |-- awards_won: string (nullable = true)
[2025-02-15T16:47:07.420+0000] {spark_submit.py:641} INFO - |-- avg_training_score: string (nullable = true)
[2025-02-15T16:47:07.421+0000] {spark_submit.py:641} INFO - 
[2025-02-15T16:47:07.524+0000] {spark_submit.py:641} INFO - ---------------- MENAMPILKAN TIPE DATA HASIL TRANSFORMASI ----------------
[2025-02-15T16:47:07.526+0000] {spark_submit.py:641} INFO - root
[2025-02-15T16:47:07.528+0000] {spark_submit.py:641} INFO - |-- employee_id: string (nullable = true)
[2025-02-15T16:47:07.529+0000] {spark_submit.py:641} INFO - |-- department: string (nullable = true)
[2025-02-15T16:47:07.531+0000] {spark_submit.py:641} INFO - |-- region: string (nullable = true)
[2025-02-15T16:47:07.532+0000] {spark_submit.py:641} INFO - |-- education: string (nullable = true)
[2025-02-15T16:47:07.533+0000] {spark_submit.py:641} INFO - |-- gender: string (nullable = true)
[2025-02-15T16:47:07.534+0000] {spark_submit.py:641} INFO - |-- recruitment_channel: string (nullable = true)
[2025-02-15T16:47:07.535+0000] {spark_submit.py:641} INFO - |-- no_of_trainings: integer (nullable = true)
[2025-02-15T16:47:07.537+0000] {spark_submit.py:641} INFO - |-- age: integer (nullable = true)
[2025-02-15T16:47:07.538+0000] {spark_submit.py:641} INFO - |-- previous_year_rating: integer (nullable = true)
[2025-02-15T16:47:07.539+0000] {spark_submit.py:641} INFO - |-- length_of_service: integer (nullable = true)
[2025-02-15T16:47:07.540+0000] {spark_submit.py:641} INFO - |-- KPIs_met_more_than_80: integer (nullable = true)
[2025-02-15T16:47:07.541+0000] {spark_submit.py:641} INFO - |-- awards_won: integer (nullable = true)
[2025-02-15T16:47:07.542+0000] {spark_submit.py:641} INFO - |-- avg_training_score: integer (nullable = true)
[2025-02-15T16:47:07.543+0000] {spark_submit.py:641} INFO - 
[2025-02-15T16:47:07.544+0000] {spark_submit.py:641} INFO - ---------------- MENAMPILKAN BANYAK DATA NULL DI SETIAP KOLOM ----------------
[2025-02-15T16:47:08.493+0000] {spark_submit.py:641} INFO - +----------------+---------------+-----------+--------------+-----------+------------------------+--------------------+--------+-------------------------+----------------------+--------------------------+---------------+-----------------------+
[2025-02-15T16:47:08.495+0000] {spark_submit.py:641} INFO - |employee_id_null|department_null|region_null|education_null|gender_null|recruitment_channel_null|no_of_trainings_null|age_null|previous_year_rating_null|length_of_service_null|KPIs_met_more_than_80_null|awards_won_null|avg_training_score_nuli|
[2025-02-15T16:47:08.496+0000] {spark_submit.py:641} INFO - +----------------+---------------+-----------+--------------+-----------+------------------------+--------------------+--------+-------------------------+----------------------+--------------------------+---------------+-----------------------+
[2025-02-15T16:47:08.498+0000] {spark_submit.py:641} INFO - |               0|              0|          0|           771|          0|                       0|                   0|       0|                     1363|                     0|                         0|              0|                      0|
[2025-02-15T16:47:08.499+0000] {spark_submit.py:641} INFO - +----------------+---------------+-----------+--------------+-----------+------------------------+--------------------+--------+-------------------------+----------------------+--------------------------+---------------+-----------------------+
[2025-02-15T16:47:08.500+0000] {spark_submit.py:641} INFO - 
[2025-02-15T16:47:08.501+0000] {spark_submit.py:641} INFO - ---------------- NULL HANDLING PADA KOLOM EDUCATION & PREVIOUS_YEAR_RATING ----------------
[2025-02-15T16:47:08.828+0000] {spark_submit.py:641} INFO - +--------------+-------------------------+
[2025-02-15T16:47:08.830+0000] {spark_submit.py:641} INFO - |education_null|previous_year_rating_null|
[2025-02-15T16:47:08.831+0000] {spark_submit.py:641} INFO - +--------------+-------------------------+
[2025-02-15T16:47:08.832+0000] {spark_submit.py:641} INFO - |             0|                        0|
[2025-02-15T16:47:08.833+0000] {spark_submit.py:641} INFO - +--------------+-------------------------+
[2025-02-15T16:47:08.834+0000] {spark_submit.py:641} INFO - 
[2025-02-15T16:47:08.835+0000] {spark_submit.py:641} INFO - ---------------- MENAMPILKAN BANYAK DATA DUPLIKAT BERDASARKAN EMPLOYEE_ID ----------------
[2025-02-15T16:47:09.655+0000] {spark_submit.py:641} INFO - +-----------+------+
[2025-02-15T16:47:09.657+0000] {spark_submit.py:641} INFO - |employee_id|jumlah|
[2025-02-15T16:47:09.658+0000] {spark_submit.py:641} INFO - +-----------+------+
[2025-02-15T16:47:09.659+0000] {spark_submit.py:641} INFO - |      64573|     2|
[2025-02-15T16:47:09.661+0000] {spark_submit.py:641} INFO - |      49584|     3|
[2025-02-15T16:47:09.662+0000] {spark_submit.py:641} INFO - +-----------+------+
[2025-02-15T16:47:09.663+0000] {spark_submit.py:641} INFO - 
[2025-02-15T16:47:09.664+0000] {spark_submit.py:641} INFO - ---------------- MENAMPILKAN SEMUA BARI DAN KOLOM DARI EMPLOYEE ID YANG DUPLIKAT ----------------
[2025-02-15T16:47:09.709+0000] {spark_submit.py:641} INFO - Traceback (most recent call last):
[2025-02-15T16:47:09.712+0000] {spark_submit.py:641} INFO - File "/spark-scripts/***_etl.py", line 96, in <module>
[2025-02-15T16:47:09.714+0000] {spark_submit.py:641} INFO - df_dup = df.where(df.employee_id.isin(['64573', '49584'])).orderBy('employee_id').asc()
[2025-02-15T16:47:09.715+0000] {spark_submit.py:641} INFO - File "/home/airflow/.local/lib/python3.9/site-packages/pyspark/python/lib/pyspark.zip/pyspark/sql/dataframe.py", line 1988, in __getattr__
[2025-02-15T16:47:09.717+0000] {spark_submit.py:641} INFO - AttributeError: 'DataFrame' object has no attribute 'asc'
[2025-02-15T16:47:09.900+0000] {taskinstance.py:3311} ERROR - Task failed with exception
Traceback (most recent call last):
  File "/home/airflow/.local/lib/python3.9/site-packages/airflow/models/taskinstance.py", line 767, in _execute_task
    result = _execute_callable(context=context, **execute_callable_kwargs)
  File "/home/airflow/.local/lib/python3.9/site-packages/airflow/models/taskinstance.py", line 733, in _execute_callable
    return ExecutionCallableRunner(
  File "/home/airflow/.local/lib/python3.9/site-packages/airflow/utils/operator_helpers.py", line 252, in run
    return self.func(*args, **kwargs)
  File "/home/airflow/.local/lib/python3.9/site-packages/airflow/models/baseoperator.py", line 422, in wrapper
    return func(self, *args, **kwargs)
  File "/home/airflow/.local/lib/python3.9/site-packages/airflow/providers/apache/spark/operators/spark_submit.py", line 177, in execute
    self._hook.submit(self.application)
  File "/home/airflow/.local/lib/python3.9/site-packages/airflow/providers/apache/spark/hooks/spark_submit.py", line 567, in submit
    raise AirflowException(
airflow.exceptions.AirflowException: Cannot execute: spark-submit --master spark://***-spark-master:7077 --packages org.postgresql:postgresql:42.2.18 --name arrow-spark /spark-scripts/***_etl.py. Error code is: 1.
[2025-02-15T16:47:09.915+0000] {taskinstance.py:1225} INFO - Marking task as FAILED. dag_id=***_elt_dag, task_id=etl_task, run_id=manual__2025-02-15T16:42:48.589872+00:00, execution_date=20250215T164248, start_date=20250215T164657, end_date=20250215T164709
[2025-02-15T16:47:09.944+0000] {taskinstance.py:340} INFO - ::group::Post task execution logs
[2025-02-15T16:47:09.947+0000] {standard_task_runner.py:124} ERROR - Failed to execute job 18 for task etl_task (Cannot execute: spark-submit --master spark://***-spark-master:7077 --packages org.postgresql:postgresql:42.2.18 --name arrow-spark /spark-scripts/***_etl.py. Error code is: 1.; 4641)
Traceback (most recent call last):
  File "/home/airflow/.local/lib/python3.9/site-packages/airflow/task/task_runner/standard_task_runner.py", line 117, in _start_by_fork
    ret = args.func(args, dag=self.dag)
  File "/home/airflow/.local/lib/python3.9/site-packages/airflow/cli/cli_config.py", line 49, in command
    return func(*args, **kwargs)
  File "/home/airflow/.local/lib/python3.9/site-packages/airflow/utils/cli.py", line 116, in wrapper
    return f(*args, **kwargs)
  File "/home/airflow/.local/lib/python3.9/site-packages/airflow/cli/commands/task_command.py", line 483, in task_run
    task_return_code = _run_task_by_selected_method(args, _dag, ti)
  File "/home/airflow/.local/lib/python3.9/site-packages/airflow/cli/commands/task_command.py", line 256, in _run_task_by_selected_method
    return _run_raw_task(args, ti)
  File "/home/airflow/.local/lib/python3.9/site-packages/airflow/cli/commands/task_command.py", line 341, in _run_raw_task
    return ti._run_raw_task(
  File "/home/airflow/.local/lib/python3.9/site-packages/airflow/utils/session.py", line 97, in wrapper
    return func(*args, session=session, **kwargs)
  File "/home/airflow/.local/lib/python3.9/site-packages/airflow/models/taskinstance.py", line 3005, in _run_raw_task
    return _run_raw_task(
  File "/home/airflow/.local/lib/python3.9/site-packages/airflow/models/taskinstance.py", line 273, in _run_raw_task
    TaskInstance._execute_task_with_callbacks(
  File "/home/airflow/.local/lib/python3.9/site-packages/airflow/models/taskinstance.py", line 3159, in _execute_task_with_callbacks
    result = self._execute_task(context, task_orig)
  File "/home/airflow/.local/lib/python3.9/site-packages/airflow/models/taskinstance.py", line 3183, in _execute_task
    return _execute_task(self, context, task_orig)
  File "/home/airflow/.local/lib/python3.9/site-packages/airflow/models/taskinstance.py", line 767, in _execute_task
    result = _execute_callable(context=context, **execute_callable_kwargs)
  File "/home/airflow/.local/lib/python3.9/site-packages/airflow/models/taskinstance.py", line 733, in _execute_callable
    return ExecutionCallableRunner(
  File "/home/airflow/.local/lib/python3.9/site-packages/airflow/utils/operator_helpers.py", line 252, in run
    return self.func(*args, **kwargs)
  File "/home/airflow/.local/lib/python3.9/site-packages/airflow/models/baseoperator.py", line 422, in wrapper
    return func(self, *args, **kwargs)
  File "/home/airflow/.local/lib/python3.9/site-packages/airflow/providers/apache/spark/operators/spark_submit.py", line 177, in execute
    self._hook.submit(self.application)
  File "/home/airflow/.local/lib/python3.9/site-packages/airflow/providers/apache/spark/hooks/spark_submit.py", line 567, in submit
    raise AirflowException(
airflow.exceptions.AirflowException: Cannot execute: spark-submit --master spark://***-spark-master:7077 --packages org.postgresql:postgresql:42.2.18 --name arrow-spark /spark-scripts/***_etl.py. Error code is: 1.
[2025-02-15T16:47:09.991+0000] {local_task_job_runner.py:266} INFO - Task exited with return code 1
[2025-02-15T16:47:10.008+0000] {taskinstance.py:3895} INFO - 0 downstream tasks scheduled from follow-on schedule check
[2025-02-15T16:47:10.013+0000] {local_task_job_runner.py:245} INFO - ::endgroup::
