[2025-02-15T16:58:30.532+0000] {local_task_job_runner.py:123} INFO - ::group::Pre task execution logs
[2025-02-15T16:58:30.554+0000] {taskinstance.py:2613} INFO - Dependencies all met for dep_context=non-requeueable deps ti=<TaskInstance: finprode8_elt_dag.etl_task manual__2025-02-15T16:42:48.589872+00:00 [queued]>
[2025-02-15T16:58:30.570+0000] {taskinstance.py:2613} INFO - Dependencies all met for dep_context=requeueable deps ti=<TaskInstance: finprode8_elt_dag.etl_task manual__2025-02-15T16:42:48.589872+00:00 [queued]>
[2025-02-15T16:58:30.572+0000] {taskinstance.py:2866} INFO - Starting attempt 7 of 7
[2025-02-15T16:58:30.591+0000] {taskinstance.py:2889} INFO - Executing <Task(SparkSubmitOperator): etl_task> on 2025-02-15 16:42:48.589872+00:00
[2025-02-15T16:58:30.597+0000] {standard_task_runner.py:72} INFO - Started process 5727 to run task
[2025-02-15T16:58:30.601+0000] {standard_task_runner.py:104} INFO - Running: ['airflow', 'tasks', 'run', '***_elt_dag', 'etl_task', 'manual__2025-02-15T16:42:48.589872+00:00', '--job-id', '22', '--raw', '--subdir', 'DAGS_FOLDER/***_etl_dag.py', '--cfg-path', '/tmp/tmpe5extrty']
[2025-02-15T16:58:30.606+0000] {standard_task_runner.py:105} INFO - Job 22: Subtask etl_task
[2025-02-15T16:58:30.628+0000] {logging_mixin.py:190} WARNING - /home/airflow/.local/lib/python3.9/site-packages/airflow/settings.py:209 DeprecationWarning: The sql_alchemy_conn option in [core] has been moved to the sql_alchemy_conn option in [database] - the old setting has been used, but please update your config.
[2025-02-15T16:58:30.680+0000] {task_command.py:467} INFO - Running <TaskInstance: finprode8_elt_dag.etl_task manual__2025-02-15T16:42:48.589872+00:00 [running]> on host ***-airflow-scheduler
[2025-02-15T16:58:30.791+0000] {taskinstance.py:3132} INFO - Exporting env vars: AIRFLOW_CTX_DAG_OWNER='ratih malini' AIRFLOW_CTX_DAG_ID='***_elt_dag' AIRFLOW_CTX_TASK_ID='etl_task' AIRFLOW_CTX_EXECUTION_DATE='2025-02-15T16:42:48.589872+00:00' AIRFLOW_CTX_TRY_NUMBER='7' AIRFLOW_CTX_DAG_RUN_ID='manual__2025-02-15T16:42:48.589872+00:00'
[2025-02-15T16:58:30.794+0000] {taskinstance.py:731} INFO - ::endgroup::
[2025-02-15T16:58:30.825+0000] {base.py:84} INFO - Retrieving connection 'spark_main'
[2025-02-15T16:58:30.829+0000] {spark_submit.py:474} INFO - Spark-Submit cmd: spark-submit --master spark://***-spark-master:7077 --packages org.postgresql:postgresql:42.2.18 --name arrow-spark /spark-scripts/***_etl.py
[2025-02-15T16:58:32.390+0000] {spark_submit.py:641} INFO - :: loading settings :: url = jar:file:/home/airflow/.local/lib/python3.9/site-packages/pyspark/jars/ivy-2.5.1.jar!/org/apache/ivy/core/settings/ivysettings.xml
[2025-02-15T16:58:32.525+0000] {spark_submit.py:641} INFO - Ivy Default Cache set to: /home/airflow/.ivy2/cache
[2025-02-15T16:58:32.527+0000] {spark_submit.py:641} INFO - The jars for the packages stored in: /home/airflow/.ivy2/jars
[2025-02-15T16:58:32.531+0000] {spark_submit.py:641} INFO - org.postgresql#postgresql added as a dependency
[2025-02-15T16:58:32.533+0000] {spark_submit.py:641} INFO - :: resolving dependencies :: org.apache.spark#spark-submit-parent-af8b2f21-3b9c-4705-9814-0469d86dc754;1.0
[2025-02-15T16:58:32.535+0000] {spark_submit.py:641} INFO - confs: [default]
[2025-02-15T16:58:32.659+0000] {spark_submit.py:641} INFO - found org.postgresql#postgresql;42.2.18 in central
[2025-02-15T16:58:32.691+0000] {spark_submit.py:641} INFO - found org.checkerframework#checker-qual;3.5.0 in central
[2025-02-15T16:58:32.707+0000] {spark_submit.py:641} INFO - :: resolution report :: resolve 169ms :: artifacts dl 5ms
[2025-02-15T16:58:32.709+0000] {spark_submit.py:641} INFO - :: modules in use:
[2025-02-15T16:58:32.710+0000] {spark_submit.py:641} INFO - org.checkerframework#checker-qual;3.5.0 from central in [default]
[2025-02-15T16:58:32.712+0000] {spark_submit.py:641} INFO - org.postgresql#postgresql;42.2.18 from central in [default]
[2025-02-15T16:58:32.714+0000] {spark_submit.py:641} INFO - ---------------------------------------------------------------------
[2025-02-15T16:58:32.717+0000] {spark_submit.py:641} INFO - |                  |            modules            ||   artifacts   |
[2025-02-15T16:58:32.718+0000] {spark_submit.py:641} INFO - |       conf       | number| search|dwnlded|evicted|| number|dwnlded|
[2025-02-15T16:58:32.720+0000] {spark_submit.py:641} INFO - ---------------------------------------------------------------------
[2025-02-15T16:58:32.722+0000] {spark_submit.py:641} INFO - |      default     |   2   |   0   |   0   |   0   ||   2   |   0   |
[2025-02-15T16:58:32.724+0000] {spark_submit.py:641} INFO - ---------------------------------------------------------------------
[2025-02-15T16:58:32.725+0000] {spark_submit.py:641} INFO - :: retrieving :: org.apache.spark#spark-submit-parent-af8b2f21-3b9c-4705-9814-0469d86dc754
[2025-02-15T16:58:32.727+0000] {spark_submit.py:641} INFO - confs: [default]
[2025-02-15T16:58:32.729+0000] {spark_submit.py:641} INFO - 0 artifacts copied, 2 already retrieved (0kB/6ms)
[2025-02-15T16:58:33.013+0000] {spark_submit.py:641} INFO - 25/02/15 16:58:33 WARN NativeCodeLoader: Unable to load native-hadoop library for your platform... using builtin-java classes where applicable
[2025-02-15T16:58:33.955+0000] {spark_submit.py:641} INFO - 25/02/15 16:58:33 INFO SparkContext: Running Spark version 3.3.2
[2025-02-15T16:58:33.976+0000] {spark_submit.py:641} INFO - 25/02/15 16:58:33 INFO ResourceUtils: ==============================================================
[2025-02-15T16:58:33.978+0000] {spark_submit.py:641} INFO - 25/02/15 16:58:33 INFO ResourceUtils: No custom resources configured for spark.driver.
[2025-02-15T16:58:33.980+0000] {spark_submit.py:641} INFO - 25/02/15 16:58:33 INFO ResourceUtils: ==============================================================
[2025-02-15T16:58:33.982+0000] {spark_submit.py:641} INFO - 25/02/15 16:58:33 INFO SparkContext: Submitted application: ***
[2025-02-15T16:58:33.997+0000] {spark_submit.py:641} INFO - 25/02/15 16:58:33 INFO ResourceProfile: Default ResourceProfile created, executor resources: Map(cores -> name: cores, amount: 1, script: , vendor: , memory -> name: memory, amount: 1024, script: , vendor: , offHeap -> name: offHeap, amount: 0, script: , vendor: ), task resources: Map(cpus -> name: cpus, amount: 1.0)
[2025-02-15T16:58:34.005+0000] {spark_submit.py:641} INFO - 25/02/15 16:58:34 INFO ResourceProfile: Limiting resource is cpu
[2025-02-15T16:58:34.007+0000] {spark_submit.py:641} INFO - 25/02/15 16:58:34 INFO ResourceProfileManager: Added ResourceProfile id: 0
[2025-02-15T16:58:34.056+0000] {spark_submit.py:641} INFO - 25/02/15 16:58:34 INFO SecurityManager: Changing view acls to: airflow
[2025-02-15T16:58:34.059+0000] {spark_submit.py:641} INFO - 25/02/15 16:58:34 INFO SecurityManager: Changing modify acls to: airflow
[2025-02-15T16:58:34.061+0000] {spark_submit.py:641} INFO - 25/02/15 16:58:34 INFO SecurityManager: Changing view acls groups to:
[2025-02-15T16:58:34.062+0000] {spark_submit.py:641} INFO - 25/02/15 16:58:34 INFO SecurityManager: Changing modify acls groups to:
[2025-02-15T16:58:34.063+0000] {spark_submit.py:641} INFO - 25/02/15 16:58:34 INFO SecurityManager: SecurityManager: authentication disabled; ui acls disabled; users  with view permissions: Set(airflow); groups with view permissions: Set(); users  with modify permissions: Set(airflow); groups with modify permissions: Set()
[2025-02-15T16:58:34.345+0000] {spark_submit.py:641} INFO - 25/02/15 16:58:34 INFO Utils: Successfully started service 'sparkDriver' on port 38435.
[2025-02-15T16:58:34.376+0000] {spark_submit.py:641} INFO - 25/02/15 16:58:34 INFO SparkEnv: Registering MapOutputTracker
[2025-02-15T16:58:34.421+0000] {spark_submit.py:641} INFO - 25/02/15 16:58:34 INFO SparkEnv: Registering BlockManagerMaster
[2025-02-15T16:58:34.460+0000] {spark_submit.py:641} INFO - 25/02/15 16:58:34 INFO BlockManagerMasterEndpoint: Using org.apache.spark.storage.DefaultTopologyMapper for getting topology information
[2025-02-15T16:58:34.464+0000] {spark_submit.py:641} INFO - 25/02/15 16:58:34 INFO BlockManagerMasterEndpoint: BlockManagerMasterEndpoint up
[2025-02-15T16:58:34.471+0000] {spark_submit.py:641} INFO - 25/02/15 16:58:34 INFO SparkEnv: Registering BlockManagerMasterHeartbeat
[2025-02-15T16:58:34.518+0000] {spark_submit.py:641} INFO - 25/02/15 16:58:34 INFO DiskBlockManager: Created local directory at /tmp/blockmgr-6cf2bb10-7354-4323-863e-11f9397560b9
[2025-02-15T16:58:34.553+0000] {spark_submit.py:641} INFO - 25/02/15 16:58:34 INFO MemoryStore: MemoryStore started with capacity 434.4 MiB
[2025-02-15T16:58:34.586+0000] {spark_submit.py:641} INFO - 25/02/15 16:58:34 INFO SparkEnv: Registering OutputCommitCoordinator
[2025-02-15T16:58:34.871+0000] {spark_submit.py:641} INFO - 25/02/15 16:58:34 INFO Utils: Successfully started service 'SparkUI' on port 4040.
[2025-02-15T16:58:34.918+0000] {spark_submit.py:641} INFO - 25/02/15 16:58:34 INFO SparkContext: Added JAR /spark-scripts/jars/postgresql-42.2.18.jar at spark://***-airflow-scheduler:38435/jars/postgresql-42.2.18.jar with timestamp 1739638713948
[2025-02-15T16:58:34.920+0000] {spark_submit.py:641} INFO - 25/02/15 16:58:34 INFO SparkContext: Added file file:///home/airflow/.ivy2/jars/org.postgresql_postgresql-42.2.18.jar at file:///home/airflow/.ivy2/jars/org.postgresql_postgresql-42.2.18.jar with timestamp 1739638713948
[2025-02-15T16:58:34.922+0000] {spark_submit.py:641} INFO - 25/02/15 16:58:34 INFO Utils: Copying /home/airflow/.ivy2/jars/org.postgresql_postgresql-42.2.18.jar to /tmp/spark-86e01e99-8c8a-48bd-801c-ee91562be418/userFiles-20cfc43c-f7d7-4803-9f7b-35836a3f74db/org.postgresql_postgresql-42.2.18.jar
[2025-02-15T16:58:34.937+0000] {spark_submit.py:641} INFO - 25/02/15 16:58:34 INFO SparkContext: Added file file:///home/airflow/.ivy2/jars/org.checkerframework_checker-qual-3.5.0.jar at file:///home/airflow/.ivy2/jars/org.checkerframework_checker-qual-3.5.0.jar with timestamp 1739638713948
[2025-02-15T16:58:34.938+0000] {spark_submit.py:641} INFO - 25/02/15 16:58:34 INFO Utils: Copying /home/airflow/.ivy2/jars/org.checkerframework_checker-qual-3.5.0.jar to /tmp/spark-86e01e99-8c8a-48bd-801c-ee91562be418/userFiles-20cfc43c-f7d7-4803-9f7b-35836a3f74db/org.checkerframework_checker-qual-3.5.0.jar
[2025-02-15T16:58:35.005+0000] {spark_submit.py:641} INFO - 25/02/15 16:58:35 INFO Executor: Starting executor ID driver on host ***-airflow-scheduler
[2025-02-15T16:58:35.012+0000] {spark_submit.py:641} INFO - 25/02/15 16:58:35 INFO Executor: Starting executor with user classpath (userClassPathFirst = false): ''
[2025-02-15T16:58:35.025+0000] {spark_submit.py:641} INFO - 25/02/15 16:58:35 INFO Executor: Fetching file:///home/airflow/.ivy2/jars/org.postgresql_postgresql-42.2.18.jar with timestamp 1739638713948
[2025-02-15T16:58:35.048+0000] {spark_submit.py:641} INFO - 25/02/15 16:58:35 INFO Utils: /home/airflow/.ivy2/jars/org.postgresql_postgresql-42.2.18.jar has been previously copied to /tmp/spark-86e01e99-8c8a-48bd-801c-ee91562be418/userFiles-20cfc43c-f7d7-4803-9f7b-35836a3f74db/org.postgresql_postgresql-42.2.18.jar
[2025-02-15T16:58:35.064+0000] {spark_submit.py:641} INFO - 25/02/15 16:58:35 INFO Executor: Fetching file:///home/airflow/.ivy2/jars/org.checkerframework_checker-qual-3.5.0.jar with timestamp 1739638713948
[2025-02-15T16:58:35.066+0000] {spark_submit.py:641} INFO - 25/02/15 16:58:35 INFO Utils: /home/airflow/.ivy2/jars/org.checkerframework_checker-qual-3.5.0.jar has been previously copied to /tmp/spark-86e01e99-8c8a-48bd-801c-ee91562be418/userFiles-20cfc43c-f7d7-4803-9f7b-35836a3f74db/org.checkerframework_checker-qual-3.5.0.jar
[2025-02-15T16:58:35.076+0000] {spark_submit.py:641} INFO - 25/02/15 16:58:35 INFO Executor: Fetching spark://***-airflow-scheduler:38435/jars/postgresql-42.2.18.jar with timestamp 1739638713948
[2025-02-15T16:58:35.116+0000] {spark_submit.py:641} INFO - 25/02/15 16:58:35 INFO TransportClientFactory: Successfully created connection to ***-airflow-scheduler/172.19.0.6:38435 after 27 ms (0 ms spent in bootstraps)
[2025-02-15T16:58:35.124+0000] {spark_submit.py:641} INFO - 25/02/15 16:58:35 INFO Utils: Fetching spark://***-airflow-scheduler:38435/jars/postgresql-42.2.18.jar to /tmp/spark-86e01e99-8c8a-48bd-801c-ee91562be418/userFiles-20cfc43c-f7d7-4803-9f7b-35836a3f74db/fetchFileTemp9368543230352423585.tmp
[2025-02-15T16:58:35.204+0000] {spark_submit.py:641} INFO - 25/02/15 16:58:35 INFO Executor: Adding file:/tmp/spark-86e01e99-8c8a-48bd-801c-ee91562be418/userFiles-20cfc43c-f7d7-4803-9f7b-35836a3f74db/postgresql-42.2.18.jar to class loader
[2025-02-15T16:58:35.215+0000] {spark_submit.py:641} INFO - 25/02/15 16:58:35 INFO Utils: Successfully started service 'org.apache.spark.network.netty.NettyBlockTransferService' on port 33061.
[2025-02-15T16:58:35.217+0000] {spark_submit.py:641} INFO - 25/02/15 16:58:35 INFO NettyBlockTransferService: Server created on ***-airflow-scheduler:33061
[2025-02-15T16:58:35.219+0000] {spark_submit.py:641} INFO - 25/02/15 16:58:35 INFO BlockManager: Using org.apache.spark.storage.RandomBlockReplicationPolicy for block replication policy
[2025-02-15T16:58:35.229+0000] {spark_submit.py:641} INFO - 25/02/15 16:58:35 INFO BlockManagerMaster: Registering BlockManager BlockManagerId(driver, ***-airflow-scheduler, 33061, None)
[2025-02-15T16:58:35.232+0000] {spark_submit.py:641} INFO - 25/02/15 16:58:35 INFO BlockManagerMasterEndpoint: Registering block manager ***-airflow-scheduler:33061 with 434.4 MiB RAM, BlockManagerId(driver, ***-airflow-scheduler, 33061, None)
[2025-02-15T16:58:35.234+0000] {spark_submit.py:641} INFO - 25/02/15 16:58:35 INFO BlockManagerMaster: Registered BlockManager BlockManagerId(driver, ***-airflow-scheduler, 33061, None)
[2025-02-15T16:58:35.237+0000] {spark_submit.py:641} INFO - 25/02/15 16:58:35 INFO BlockManager: Initialized BlockManager: BlockManagerId(driver, ***-airflow-scheduler, 33061, None)
[2025-02-15T16:58:39.262+0000] {spark_submit.py:641} INFO - ---------------- MENAMPILKAN DATASET ----------------
[2025-02-15T16:58:39.524+0000] {spark_submit.py:641} INFO - +-----------+-----------------+---------+---------------+------+-------------------+---------------+---+--------------------+-----------------+---------------------+----------+------------------+
[2025-02-15T16:58:39.526+0000] {spark_submit.py:641} INFO - |employee_id|       department|   region|      education|gender|recruitment_channel|no_of_trainings|age|previous_year_rating|length_of_service|KPIs_met_more_than_80|awards_won|avg_training_score|
[2025-02-15T16:58:39.528+0000] {spark_submit.py:641} INFO - +-----------+-----------------+---------+---------------+------+-------------------+---------------+---+--------------------+-----------------+---------------------+----------+------------------+
[2025-02-15T16:58:39.530+0000] {spark_submit.py:641} INFO - |       8724|       Technology|region_26|      Bachelors|     m|           sourcing|              1| 24|                null|                1|                    1|         0|                77|
[2025-02-15T16:58:39.532+0000] {spark_submit.py:641} INFO - |      74430|               HR| region_4|      Bachelors|     f|              other|              1| 31|                   3|                5|                    0|         0|                51|
[2025-02-15T16:58:39.533+0000] {spark_submit.py:641} INFO - |      72255|Sales & Marketing|region_13|      Bachelors|     m|              other|              1| 31|                   1|                4|                    0|         0|                47|
[2025-02-15T16:58:39.535+0000] {spark_submit.py:641} INFO - |      38562|      Procurement| region_2|      Bachelors|     f|              other|              3| 31|                   2|                9|                    0|         0|                65|
[2025-02-15T16:58:39.537+0000] {spark_submit.py:641} INFO - |      64486|          Finance|region_29|      Bachelors|     m|           sourcing|              1| 30|                   4|                7|                    0|         0|                61|
[2025-02-15T16:58:39.539+0000] {spark_submit.py:641} INFO - |      46232|      Procurement| region_7|      Bachelors|     m|           sourcing|              1| 36|                   3|                2|                    0|         0|                68|
[2025-02-15T16:58:39.541+0000] {spark_submit.py:641} INFO - |      54542|          Finance| region_2|      Bachelors|     m|              other|              1| 33|                   5|                3|                    1|         0|                57|
[2025-02-15T16:58:39.542+0000] {spark_submit.py:641} INFO - |      67269|        Analytics|region_22|      Bachelors|     m|           sourcing|              2| 36|                   3|                3|                    0|         0|                85|
[2025-02-15T16:58:39.543+0000] {spark_submit.py:641} INFO - |      66174|       Technology| region_7|Masters & above|     m|              other|              1| 51|                   4|               11|                    0|         0|                75|
[2025-02-15T16:58:39.545+0000] {spark_submit.py:641} INFO - |      76303|       Technology|region_22|      Bachelors|     m|           sourcing|              1| 29|                   5|                2|                    1|         0|                76|
[2025-02-15T16:58:39.546+0000] {spark_submit.py:641} INFO - +-----------+-----------------+---------+---------------+------+-------------------+---------------+---+--------------------+-----------------+---------------------+----------+------------------+
[2025-02-15T16:58:39.548+0000] {spark_submit.py:641} INFO - only showing top 10 rows
[2025-02-15T16:58:39.549+0000] {spark_submit.py:641} INFO - 
[2025-02-15T16:58:39.551+0000] {spark_submit.py:641} INFO - ---------------- MENAMPILKAN TIPE DATA AWAL ----------------
[2025-02-15T16:58:39.552+0000] {spark_submit.py:641} INFO - root
[2025-02-15T16:58:39.553+0000] {spark_submit.py:641} INFO - |-- employee_id: string (nullable = true)
[2025-02-15T16:58:39.554+0000] {spark_submit.py:641} INFO - |-- department: string (nullable = true)
[2025-02-15T16:58:39.556+0000] {spark_submit.py:641} INFO - |-- region: string (nullable = true)
[2025-02-15T16:58:39.557+0000] {spark_submit.py:641} INFO - |-- education: string (nullable = true)
[2025-02-15T16:58:39.558+0000] {spark_submit.py:641} INFO - |-- gender: string (nullable = true)
[2025-02-15T16:58:39.559+0000] {spark_submit.py:641} INFO - |-- recruitment_channel: string (nullable = true)
[2025-02-15T16:58:39.560+0000] {spark_submit.py:641} INFO - |-- no_of_trainings: string (nullable = true)
[2025-02-15T16:58:39.562+0000] {spark_submit.py:641} INFO - |-- age: string (nullable = true)
[2025-02-15T16:58:39.563+0000] {spark_submit.py:641} INFO - |-- previous_year_rating: string (nullable = true)
[2025-02-15T16:58:39.564+0000] {spark_submit.py:641} INFO - |-- length_of_service: string (nullable = true)
[2025-02-15T16:58:39.565+0000] {spark_submit.py:641} INFO - |-- KPIs_met_more_than_80: string (nullable = true)
[2025-02-15T16:58:39.567+0000] {spark_submit.py:641} INFO - |-- awards_won: string (nullable = true)
[2025-02-15T16:58:39.568+0000] {spark_submit.py:641} INFO - |-- avg_training_score: string (nullable = true)
[2025-02-15T16:58:39.570+0000] {spark_submit.py:641} INFO - 
[2025-02-15T16:58:39.637+0000] {spark_submit.py:641} INFO - ---------------- MENAMPILKAN TIPE DATA HASIL TRANSFORMASI ----------------
[2025-02-15T16:58:39.639+0000] {spark_submit.py:641} INFO - root
[2025-02-15T16:58:39.640+0000] {spark_submit.py:641} INFO - |-- employee_id: string (nullable = true)
[2025-02-15T16:58:39.641+0000] {spark_submit.py:641} INFO - |-- department: string (nullable = true)
[2025-02-15T16:58:39.643+0000] {spark_submit.py:641} INFO - |-- region: string (nullable = true)
[2025-02-15T16:58:39.644+0000] {spark_submit.py:641} INFO - |-- education: string (nullable = true)
[2025-02-15T16:58:39.646+0000] {spark_submit.py:641} INFO - |-- gender: string (nullable = true)
[2025-02-15T16:58:39.647+0000] {spark_submit.py:641} INFO - |-- recruitment_channel: string (nullable = true)
[2025-02-15T16:58:39.649+0000] {spark_submit.py:641} INFO - |-- no_of_trainings: integer (nullable = true)
[2025-02-15T16:58:39.650+0000] {spark_submit.py:641} INFO - |-- age: integer (nullable = true)
[2025-02-15T16:58:39.651+0000] {spark_submit.py:641} INFO - |-- previous_year_rating: integer (nullable = true)
[2025-02-15T16:58:39.653+0000] {spark_submit.py:641} INFO - |-- length_of_service: integer (nullable = true)
[2025-02-15T16:58:39.654+0000] {spark_submit.py:641} INFO - |-- KPIs_met_more_than_80: integer (nullable = true)
[2025-02-15T16:58:39.655+0000] {spark_submit.py:641} INFO - |-- awards_won: integer (nullable = true)
[2025-02-15T16:58:39.656+0000] {spark_submit.py:641} INFO - |-- avg_training_score: integer (nullable = true)
[2025-02-15T16:58:39.658+0000] {spark_submit.py:641} INFO - 
[2025-02-15T16:58:39.659+0000] {spark_submit.py:641} INFO - ---------------- MENAMPILKAN BANYAK DATA NULL DI SETIAP KOLOM ----------------
[2025-02-15T16:58:40.576+0000] {spark_submit.py:641} INFO - +----------------+---------------+-----------+--------------+-----------+------------------------+--------------------+--------+-------------------------+----------------------+--------------------------+---------------+-----------------------+
[2025-02-15T16:58:40.578+0000] {spark_submit.py:641} INFO - |employee_id_null|department_null|region_null|education_null|gender_null|recruitment_channel_null|no_of_trainings_null|age_null|previous_year_rating_null|length_of_service_null|KPIs_met_more_than_80_null|awards_won_null|avg_training_score_nuli|
[2025-02-15T16:58:40.580+0000] {spark_submit.py:641} INFO - +----------------+---------------+-----------+--------------+-----------+------------------------+--------------------+--------+-------------------------+----------------------+--------------------------+---------------+-----------------------+
[2025-02-15T16:58:40.581+0000] {spark_submit.py:641} INFO - |               0|              0|          0|           771|          0|                       0|                   0|       0|                     1363|                     0|                         0|              0|                      0|
[2025-02-15T16:58:40.583+0000] {spark_submit.py:641} INFO - +----------------+---------------+-----------+--------------+-----------+------------------------+--------------------+--------+-------------------------+----------------------+--------------------------+---------------+-----------------------+
[2025-02-15T16:58:40.585+0000] {spark_submit.py:641} INFO - 
[2025-02-15T16:58:40.586+0000] {spark_submit.py:641} INFO - ---------------- NULL HANDLING PADA KOLOM EDUCATION & PREVIOUS_YEAR_RATING ----------------
[2025-02-15T16:58:40.901+0000] {spark_submit.py:641} INFO - +--------------+-------------------------+
[2025-02-15T16:58:40.903+0000] {spark_submit.py:641} INFO - |education_null|previous_year_rating_null|
[2025-02-15T16:58:40.904+0000] {spark_submit.py:641} INFO - +--------------+-------------------------+
[2025-02-15T16:58:40.906+0000] {spark_submit.py:641} INFO - |             0|                        0|
[2025-02-15T16:58:40.907+0000] {spark_submit.py:641} INFO - +--------------+-------------------------+
[2025-02-15T16:58:40.908+0000] {spark_submit.py:641} INFO - 
[2025-02-15T16:58:40.910+0000] {spark_submit.py:641} INFO - ---------------- MENAMPILKAN BANYAK DATA DUPLIKAT BERDASARKAN EMPLOYEE_ID ----------------
[2025-02-15T16:58:41.703+0000] {spark_submit.py:641} INFO - +-----------+------+
[2025-02-15T16:58:41.705+0000] {spark_submit.py:641} INFO - |employee_id|jumlah|
[2025-02-15T16:58:41.708+0000] {spark_submit.py:641} INFO - +-----------+------+
[2025-02-15T16:58:41.710+0000] {spark_submit.py:641} INFO - |      64573|     2|
[2025-02-15T16:58:41.711+0000] {spark_submit.py:641} INFO - |      49584|     3|
[2025-02-15T16:58:41.714+0000] {spark_submit.py:641} INFO - +-----------+------+
[2025-02-15T16:58:41.715+0000] {spark_submit.py:641} INFO - 
[2025-02-15T16:58:41.716+0000] {spark_submit.py:641} INFO - ---------------- MENAMPILKAN SEMUA BARIS DAN KOLOM DARI EMPLOYEE ID YANG DUPLIKAT ----------------
[2025-02-15T16:58:42.091+0000] {spark_submit.py:641} INFO - +-----------+----------+--------+---------+------+-------------------+---------------+---+--------------------+-----------------+---------------------+----------+------------------+
[2025-02-15T16:58:42.093+0000] {spark_submit.py:641} INFO - |employee_id|department|  region|education|gender|recruitment_channel|no_of_trainings|age|previous_year_rating|length_of_service|KPIs_met_more_than_80|awards_won|avg_training_score|
[2025-02-15T16:58:42.094+0000] {spark_submit.py:641} INFO - +-----------+----------+--------+---------+------+-------------------+---------------+---+--------------------+-----------------+---------------------+----------+------------------+
[2025-02-15T16:58:42.095+0000] {spark_submit.py:641} INFO - |      49584|        HR|region_7|Bachelors|     m|              other|              1| 33|                   1|                9|                    0|         0|                51|
[2025-02-15T16:58:42.097+0000] {spark_submit.py:641} INFO - |      49584|        HR|region_7|Bachelors|     m|              other|              1| 33|                   1|                9|                    0|         0|                51|
[2025-02-15T16:58:42.098+0000] {spark_submit.py:641} INFO - |      49584|        HR|region_7|Bachelors|     m|              other|              1| 33|                   1|                9|                    0|         0|                51|
[2025-02-15T16:58:42.100+0000] {spark_submit.py:641} INFO - |      64573|Technology|region_7|Bachelors|     f|           referred|              2| 30|                   5|                6|                    1|         0|                81|
[2025-02-15T16:58:42.102+0000] {spark_submit.py:641} INFO - |      64573|        HR|region_7|Bachelors|     f|           referred|              1| 35|                   5|                4|                    1|         0|                81|
[2025-02-15T16:58:42.103+0000] {spark_submit.py:641} INFO - +-----------+----------+--------+---------+------+-------------------+---------------+---+--------------------+-----------------+---------------------+----------+------------------+
[2025-02-15T16:58:42.105+0000] {spark_submit.py:641} INFO - 
[2025-02-15T16:58:42.107+0000] {spark_submit.py:641} INFO - ---------------- MENAMPILKAN SEMUA BARIS DAN KOLOM DARI EMPLOYEE ID YANG SUDAH DIHANDLE DUPLIKASINYA ----------------
[2025-02-15T16:58:42.320+0000] {spark_submit.py:641} INFO - +-----------+----------+--------+---------+------+-------------------+---------------+---+--------------------+-----------------+---------------------+----------+------------------+
[2025-02-15T16:58:42.322+0000] {spark_submit.py:641} INFO - |employee_id|department|  region|education|gender|recruitment_channel|no_of_trainings|age|previous_year_rating|length_of_service|KPIs_met_more_than_80|awards_won|avg_training_score|
[2025-02-15T16:58:42.323+0000] {spark_submit.py:641} INFO - +-----------+----------+--------+---------+------+-------------------+---------------+---+--------------------+-----------------+---------------------+----------+------------------+
[2025-02-15T16:58:42.324+0000] {spark_submit.py:641} INFO - |      49584|        HR|region_7|Bachelors|     m|              other|              1| 33|                   1|                9|                    0|         0|                51|
[2025-02-15T16:58:42.326+0000] {spark_submit.py:641} INFO - |      49584|        HR|region_7|Bachelors|     m|              other|              1| 33|                   1|                9|                    0|         0|                51|
[2025-02-15T16:58:42.327+0000] {spark_submit.py:641} INFO - |      49584|        HR|region_7|Bachelors|     m|              other|              1| 33|                   1|                9|                    0|         0|                51|
[2025-02-15T16:58:42.328+0000] {spark_submit.py:641} INFO - |      64573|Technology|region_7|Bachelors|     f|           referred|              2| 30|                   5|                6|                    1|         0|                81|
[2025-02-15T16:58:42.329+0000] {spark_submit.py:641} INFO - |      64573|        HR|region_7|Bachelors|     f|           referred|              1| 35|                   5|                4|                    1|         0|                81|
[2025-02-15T16:58:42.330+0000] {spark_submit.py:641} INFO - +-----------+----------+--------+---------+------+-------------------+---------------+---+--------------------+-----------------+---------------------+----------+------------------+
[2025-02-15T16:58:42.332+0000] {spark_submit.py:641} INFO - 
[2025-02-15T16:58:43.075+0000] {spark_submit.py:641} INFO - ---------------- MENAMPILKAN DATA HASIL LOAD KE POSTGRES ----------------
[2025-02-15T16:58:43.207+0000] {spark_submit.py:641} INFO - +-----------+-----------------+---------+---------------+------+-------------------+---------------+---+--------------------+-----------------+---------------------+----------+------------------+
[2025-02-15T16:58:43.208+0000] {spark_submit.py:641} INFO - |employee_id|       department|   region|      education|gender|recruitment_channel|no_of_trainings|age|previous_year_rating|length_of_service|KPIs_met_more_than_80|awards_won|avg_training_score|
[2025-02-15T16:58:43.210+0000] {spark_submit.py:641} INFO - +-----------+-----------------+---------+---------------+------+-------------------+---------------+---+--------------------+-----------------+---------------------+----------+------------------+
[2025-02-15T16:58:43.212+0000] {spark_submit.py:641} INFO - |       8724|       Technology|region_26|      Bachelors|     m|           sourcing|              1| 24|                   0|                1|                    1|         0|                77|
[2025-02-15T16:58:43.214+0000] {spark_submit.py:641} INFO - |      74430|               HR| region_4|      Bachelors|     f|              other|              1| 31|                   3|                5|                    0|         0|                51|
[2025-02-15T16:58:43.217+0000] {spark_submit.py:641} INFO - |      72255|Sales & Marketing|region_13|      Bachelors|     m|              other|              1| 31|                   1|                4|                    0|         0|                47|
[2025-02-15T16:58:43.219+0000] {spark_submit.py:641} INFO - |      38562|      Procurement| region_2|      Bachelors|     f|              other|              3| 31|                   2|                9|                    0|         0|                65|
[2025-02-15T16:58:43.222+0000] {spark_submit.py:641} INFO - |      64486|          Finance|region_29|      Bachelors|     m|           sourcing|              1| 30|                   4|                7|                    0|         0|                61|
[2025-02-15T16:58:43.223+0000] {spark_submit.py:641} INFO - |      46232|      Procurement| region_7|      Bachelors|     m|           sourcing|              1| 36|                   3|                2|                    0|         0|                68|
[2025-02-15T16:58:43.225+0000] {spark_submit.py:641} INFO - |      54542|          Finance| region_2|      Bachelors|     m|              other|              1| 33|                   5|                3|                    1|         0|                57|
[2025-02-15T16:58:43.227+0000] {spark_submit.py:641} INFO - |      67269|        Analytics|region_22|      Bachelors|     m|           sourcing|              2| 36|                   3|                3|                    0|         0|                85|
[2025-02-15T16:58:43.228+0000] {spark_submit.py:641} INFO - |      66174|       Technology| region_7|Masters & above|     m|              other|              1| 51|                   4|               11|                    0|         0|                75|
[2025-02-15T16:58:43.230+0000] {spark_submit.py:641} INFO - |      76303|       Technology|region_22|      Bachelors|     m|           sourcing|              1| 29|                   5|                2|                    1|         0|                76|
[2025-02-15T16:58:43.231+0000] {spark_submit.py:641} INFO - |      60245|Sales & Marketing|region_16|      Bachelors|     m|           sourcing|              2| 40|                   5|               12|                    1|         0|                50|
[2025-02-15T16:58:43.233+0000] {spark_submit.py:641} INFO - |      42639|Sales & Marketing|region_17|Masters & above|     m|           sourcing|              1| 40|                   3|               10|                    0|         0|                46|
[2025-02-15T16:58:43.235+0000] {spark_submit.py:641} INFO - |      30963|Sales & Marketing| region_4|Masters & above|     f|              other|              1| 34|                   3|                4|                    0|         0|                52|
[2025-02-15T16:58:43.237+0000] {spark_submit.py:641} INFO - |      54055|        Analytics|region_24|      Bachelors|     m|              other|              1| 37|                   3|               10|                    0|         0|                82|
[2025-02-15T16:58:43.239+0000] {spark_submit.py:641} INFO - |      42996|       Operations|region_11|      Bachelors|     m|           sourcing|              1| 30|                   5|                6|                    1|         0|                58|
[2025-02-15T16:58:43.241+0000] {spark_submit.py:641} INFO - |      12737|Sales & Marketing| region_7|      Bachelors|     m|           sourcing|              1| 31|                   4|                4|                    1|         0|                47|
[2025-02-15T16:58:43.243+0000] {spark_submit.py:641} INFO - |      27561|       Operations|region_27|      Bachelors|     f|           sourcing|              1| 26|                   5|                3|                    0|         0|                56|
[2025-02-15T16:58:43.245+0000] {spark_submit.py:641} INFO - |      26622|Sales & Marketing|region_17|      Bachelors|     m|           sourcing|              1| 40|                   5|                6|                    1|         0|                50|
[2025-02-15T16:58:43.246+0000] {spark_submit.py:641} INFO - |      31582|      Procurement| region_7|      Bachelors|     f|              other|              1| 49|                   3|                7|                    1|         0|                64|
[2025-02-15T16:58:43.248+0000] {spark_submit.py:641} INFO - |      29793|      Procurement|region_27|      Bachelors|     m|              other|              1| 27|                   2|                5|                    0|         0|                65|
[2025-02-15T16:58:43.250+0000] {spark_submit.py:641} INFO - +-----------+-----------------+---------+---------------+------+-------------------+---------------+---+--------------------+-----------------+---------------------+----------+------------------+
[2025-02-15T16:58:43.252+0000] {spark_submit.py:641} INFO - only showing top 20 rows
[2025-02-15T16:58:43.253+0000] {spark_submit.py:641} INFO - 
[2025-02-15T16:58:43.388+0000] {taskinstance.py:340} INFO - ::group::Post task execution logs
[2025-02-15T16:58:43.391+0000] {taskinstance.py:352} INFO - Marking task as SUCCESS. dag_id=***_elt_dag, task_id=etl_task, run_id=manual__2025-02-15T16:42:48.589872+00:00, execution_date=20250215T164248, start_date=20250215T165830, end_date=20250215T165843
[2025-02-15T16:58:43.427+0000] {local_task_job_runner.py:266} INFO - Task exited with return code 0
[2025-02-15T16:58:43.446+0000] {taskinstance.py:3895} INFO - 0 downstream tasks scheduled from follow-on schedule check
[2025-02-15T16:58:43.451+0000] {local_task_job_runner.py:245} INFO - ::endgroup::
