[2025-02-15T17:04:18.059+0000] {local_task_job_runner.py:123} INFO - ::group::Pre task execution logs
[2025-02-15T17:04:18.078+0000] {taskinstance.py:2613} INFO - Dependencies all met for dep_context=non-requeueable deps ti=<TaskInstance: finprode8_elt_dag.etl_task manual__2025-02-15T16:42:48.589872+00:00 [queued]>
[2025-02-15T17:04:18.090+0000] {taskinstance.py:2613} INFO - Dependencies all met for dep_context=requeueable deps ti=<TaskInstance: finprode8_elt_dag.etl_task manual__2025-02-15T16:42:48.589872+00:00 [queued]>
[2025-02-15T17:04:18.092+0000] {taskinstance.py:2866} INFO - Starting attempt 10 of 10
[2025-02-15T17:04:18.107+0000] {taskinstance.py:2889} INFO - Executing <Task(SparkSubmitOperator): etl_task> on 2025-02-15 16:42:48.589872+00:00
[2025-02-15T17:04:18.113+0000] {standard_task_runner.py:72} INFO - Started process 6538 to run task
[2025-02-15T17:04:18.116+0000] {standard_task_runner.py:104} INFO - Running: ['airflow', 'tasks', 'run', '***_elt_dag', 'etl_task', 'manual__2025-02-15T16:42:48.589872+00:00', '--job-id', '25', '--raw', '--subdir', 'DAGS_FOLDER/***_etl_dag.py', '--cfg-path', '/tmp/tmpsybaktrd']
[2025-02-15T17:04:18.120+0000] {standard_task_runner.py:105} INFO - Job 25: Subtask etl_task
[2025-02-15T17:04:18.137+0000] {logging_mixin.py:190} WARNING - /home/airflow/.local/lib/python3.9/site-packages/airflow/settings.py:209 DeprecationWarning: The sql_alchemy_conn option in [core] has been moved to the sql_alchemy_conn option in [database] - the old setting has been used, but please update your config.
[2025-02-15T17:04:18.181+0000] {task_command.py:467} INFO - Running <TaskInstance: finprode8_elt_dag.etl_task manual__2025-02-15T16:42:48.589872+00:00 [running]> on host ***-airflow-scheduler
[2025-02-15T17:04:18.270+0000] {taskinstance.py:3132} INFO - Exporting env vars: AIRFLOW_CTX_DAG_OWNER='ratih malini' AIRFLOW_CTX_DAG_ID='***_elt_dag' AIRFLOW_CTX_TASK_ID='etl_task' AIRFLOW_CTX_EXECUTION_DATE='2025-02-15T16:42:48.589872+00:00' AIRFLOW_CTX_TRY_NUMBER='10' AIRFLOW_CTX_DAG_RUN_ID='manual__2025-02-15T16:42:48.589872+00:00'
[2025-02-15T17:04:18.273+0000] {taskinstance.py:731} INFO - ::endgroup::
[2025-02-15T17:04:18.297+0000] {base.py:84} INFO - Retrieving connection 'spark_main'
[2025-02-15T17:04:18.301+0000] {spark_submit.py:474} INFO - Spark-Submit cmd: spark-submit --master spark://***-spark-master:7077 --packages org.postgresql:postgresql:42.2.18 --name arrow-spark /spark-scripts/***_etl.py
[2025-02-15T17:04:19.530+0000] {spark_submit.py:641} INFO - :: loading settings :: url = jar:file:/home/airflow/.local/lib/python3.9/site-packages/pyspark/jars/ivy-2.5.1.jar!/org/apache/ivy/core/settings/ivysettings.xml
[2025-02-15T17:04:19.640+0000] {spark_submit.py:641} INFO - Ivy Default Cache set to: /home/airflow/.ivy2/cache
[2025-02-15T17:04:19.642+0000] {spark_submit.py:641} INFO - The jars for the packages stored in: /home/airflow/.ivy2/jars
[2025-02-15T17:04:19.644+0000] {spark_submit.py:641} INFO - org.postgresql#postgresql added as a dependency
[2025-02-15T17:04:19.645+0000] {spark_submit.py:641} INFO - :: resolving dependencies :: org.apache.spark#spark-submit-parent-fe9214a5-e739-4736-a00b-ddb9d28f4f95;1.0
[2025-02-15T17:04:19.647+0000] {spark_submit.py:641} INFO - confs: [default]
[2025-02-15T17:04:19.748+0000] {spark_submit.py:641} INFO - found org.postgresql#postgresql;42.2.18 in central
[2025-02-15T17:04:19.769+0000] {spark_submit.py:641} INFO - found org.checkerframework#checker-qual;3.5.0 in central
[2025-02-15T17:04:19.787+0000] {spark_submit.py:641} INFO - :: resolution report :: resolve 138ms :: artifacts dl 5ms
[2025-02-15T17:04:19.789+0000] {spark_submit.py:641} INFO - :: modules in use:
[2025-02-15T17:04:19.791+0000] {spark_submit.py:641} INFO - org.checkerframework#checker-qual;3.5.0 from central in [default]
[2025-02-15T17:04:19.792+0000] {spark_submit.py:641} INFO - org.postgresql#postgresql;42.2.18 from central in [default]
[2025-02-15T17:04:19.794+0000] {spark_submit.py:641} INFO - ---------------------------------------------------------------------
[2025-02-15T17:04:19.795+0000] {spark_submit.py:641} INFO - |                  |            modules            ||   artifacts   |
[2025-02-15T17:04:19.796+0000] {spark_submit.py:641} INFO - |       conf       | number| search|dwnlded|evicted|| number|dwnlded|
[2025-02-15T17:04:19.797+0000] {spark_submit.py:641} INFO - ---------------------------------------------------------------------
[2025-02-15T17:04:19.799+0000] {spark_submit.py:641} INFO - |      default     |   2   |   0   |   0   |   0   ||   2   |   0   |
[2025-02-15T17:04:19.800+0000] {spark_submit.py:641} INFO - ---------------------------------------------------------------------
[2025-02-15T17:04:19.802+0000] {spark_submit.py:641} INFO - :: retrieving :: org.apache.spark#spark-submit-parent-fe9214a5-e739-4736-a00b-ddb9d28f4f95
[2025-02-15T17:04:19.805+0000] {spark_submit.py:641} INFO - confs: [default]
[2025-02-15T17:04:19.807+0000] {spark_submit.py:641} INFO - 0 artifacts copied, 2 already retrieved (0kB/5ms)
[2025-02-15T17:04:20.020+0000] {spark_submit.py:641} INFO - 25/02/15 17:04:20 WARN NativeCodeLoader: Unable to load native-hadoop library for your platform... using builtin-java classes where applicable
[2025-02-15T17:04:21.006+0000] {spark_submit.py:641} INFO - 25/02/15 17:04:21 INFO SparkContext: Running Spark version 3.3.2
[2025-02-15T17:04:21.027+0000] {spark_submit.py:641} INFO - 25/02/15 17:04:21 INFO ResourceUtils: ==============================================================
[2025-02-15T17:04:21.029+0000] {spark_submit.py:641} INFO - 25/02/15 17:04:21 INFO ResourceUtils: No custom resources configured for spark.driver.
[2025-02-15T17:04:21.031+0000] {spark_submit.py:641} INFO - 25/02/15 17:04:21 INFO ResourceUtils: ==============================================================
[2025-02-15T17:04:21.032+0000] {spark_submit.py:641} INFO - 25/02/15 17:04:21 INFO SparkContext: Submitted application: ***
[2025-02-15T17:04:21.052+0000] {spark_submit.py:641} INFO - 25/02/15 17:04:21 INFO ResourceProfile: Default ResourceProfile created, executor resources: Map(cores -> name: cores, amount: 1, script: , vendor: , memory -> name: memory, amount: 1024, script: , vendor: , offHeap -> name: offHeap, amount: 0, script: , vendor: ), task resources: Map(cpus -> name: cpus, amount: 1.0)
[2025-02-15T17:04:21.060+0000] {spark_submit.py:641} INFO - 25/02/15 17:04:21 INFO ResourceProfile: Limiting resource is cpu
[2025-02-15T17:04:21.062+0000] {spark_submit.py:641} INFO - 25/02/15 17:04:21 INFO ResourceProfileManager: Added ResourceProfile id: 0
[2025-02-15T17:04:21.102+0000] {spark_submit.py:641} INFO - 25/02/15 17:04:21 INFO SecurityManager: Changing view acls to: airflow
[2025-02-15T17:04:21.105+0000] {spark_submit.py:641} INFO - 25/02/15 17:04:21 INFO SecurityManager: Changing modify acls to: airflow
[2025-02-15T17:04:21.107+0000] {spark_submit.py:641} INFO - 25/02/15 17:04:21 INFO SecurityManager: Changing view acls groups to:
[2025-02-15T17:04:21.109+0000] {spark_submit.py:641} INFO - 25/02/15 17:04:21 INFO SecurityManager: Changing modify acls groups to:
[2025-02-15T17:04:21.110+0000] {spark_submit.py:641} INFO - 25/02/15 17:04:21 INFO SecurityManager: SecurityManager: authentication disabled; ui acls disabled; users  with view permissions: Set(airflow); groups with view permissions: Set(); users  with modify permissions: Set(airflow); groups with modify permissions: Set()
[2025-02-15T17:04:21.329+0000] {spark_submit.py:641} INFO - 25/02/15 17:04:21 INFO Utils: Successfully started service 'sparkDriver' on port 36857.
[2025-02-15T17:04:21.355+0000] {spark_submit.py:641} INFO - 25/02/15 17:04:21 INFO SparkEnv: Registering MapOutputTracker
[2025-02-15T17:04:21.385+0000] {spark_submit.py:641} INFO - 25/02/15 17:04:21 INFO SparkEnv: Registering BlockManagerMaster
[2025-02-15T17:04:21.400+0000] {spark_submit.py:641} INFO - 25/02/15 17:04:21 INFO BlockManagerMasterEndpoint: Using org.apache.spark.storage.DefaultTopologyMapper for getting topology information
[2025-02-15T17:04:21.403+0000] {spark_submit.py:641} INFO - 25/02/15 17:04:21 INFO BlockManagerMasterEndpoint: BlockManagerMasterEndpoint up
[2025-02-15T17:04:21.406+0000] {spark_submit.py:641} INFO - 25/02/15 17:04:21 INFO SparkEnv: Registering BlockManagerMasterHeartbeat
[2025-02-15T17:04:21.438+0000] {spark_submit.py:641} INFO - 25/02/15 17:04:21 INFO DiskBlockManager: Created local directory at /tmp/blockmgr-79a9cc22-7203-48e3-ad57-93959c3a153d
[2025-02-15T17:04:21.452+0000] {spark_submit.py:641} INFO - 25/02/15 17:04:21 INFO MemoryStore: MemoryStore started with capacity 434.4 MiB
[2025-02-15T17:04:21.465+0000] {spark_submit.py:641} INFO - 25/02/15 17:04:21 INFO SparkEnv: Registering OutputCommitCoordinator
[2025-02-15T17:04:21.631+0000] {spark_submit.py:641} INFO - 25/02/15 17:04:21 INFO Utils: Successfully started service 'SparkUI' on port 4040.
[2025-02-15T17:04:21.685+0000] {spark_submit.py:641} INFO - 25/02/15 17:04:21 INFO SparkContext: Added JAR /spark-scripts/jars/postgresql-42.2.18.jar at spark://***-airflow-scheduler:36857/jars/postgresql-42.2.18.jar with timestamp 1739639061000
[2025-02-15T17:04:21.688+0000] {spark_submit.py:641} INFO - 25/02/15 17:04:21 INFO SparkContext: Added file file:///home/airflow/.ivy2/jars/org.postgresql_postgresql-42.2.18.jar at file:///home/airflow/.ivy2/jars/org.postgresql_postgresql-42.2.18.jar with timestamp 1739639061000
[2025-02-15T17:04:21.689+0000] {spark_submit.py:641} INFO - 25/02/15 17:04:21 INFO Utils: Copying /home/airflow/.ivy2/jars/org.postgresql_postgresql-42.2.18.jar to /tmp/spark-2c9f379e-14be-4fb9-891c-a9283603aebc/userFiles-2a2e4207-66bd-4d76-86a4-06bc2464dfb2/org.postgresql_postgresql-42.2.18.jar
[2025-02-15T17:04:21.704+0000] {spark_submit.py:641} INFO - 25/02/15 17:04:21 INFO SparkContext: Added file file:///home/airflow/.ivy2/jars/org.checkerframework_checker-qual-3.5.0.jar at file:///home/airflow/.ivy2/jars/org.checkerframework_checker-qual-3.5.0.jar with timestamp 1739639061000
[2025-02-15T17:04:21.705+0000] {spark_submit.py:641} INFO - 25/02/15 17:04:21 INFO Utils: Copying /home/airflow/.ivy2/jars/org.checkerframework_checker-qual-3.5.0.jar to /tmp/spark-2c9f379e-14be-4fb9-891c-a9283603aebc/userFiles-2a2e4207-66bd-4d76-86a4-06bc2464dfb2/org.checkerframework_checker-qual-3.5.0.jar
[2025-02-15T17:04:21.764+0000] {spark_submit.py:641} INFO - 25/02/15 17:04:21 INFO Executor: Starting executor ID driver on host ***-airflow-scheduler
[2025-02-15T17:04:21.771+0000] {spark_submit.py:641} INFO - 25/02/15 17:04:21 INFO Executor: Starting executor with user classpath (userClassPathFirst = false): ''
[2025-02-15T17:04:21.782+0000] {spark_submit.py:641} INFO - 25/02/15 17:04:21 INFO Executor: Fetching file:///home/airflow/.ivy2/jars/org.postgresql_postgresql-42.2.18.jar with timestamp 1739639061000
[2025-02-15T17:04:21.802+0000] {spark_submit.py:641} INFO - 25/02/15 17:04:21 INFO Utils: /home/airflow/.ivy2/jars/org.postgresql_postgresql-42.2.18.jar has been previously copied to /tmp/spark-2c9f379e-14be-4fb9-891c-a9283603aebc/userFiles-2a2e4207-66bd-4d76-86a4-06bc2464dfb2/org.postgresql_postgresql-42.2.18.jar
[2025-02-15T17:04:21.811+0000] {spark_submit.py:641} INFO - 25/02/15 17:04:21 INFO Executor: Fetching file:///home/airflow/.ivy2/jars/org.checkerframework_checker-qual-3.5.0.jar with timestamp 1739639061000
[2025-02-15T17:04:21.813+0000] {spark_submit.py:641} INFO - 25/02/15 17:04:21 INFO Utils: /home/airflow/.ivy2/jars/org.checkerframework_checker-qual-3.5.0.jar has been previously copied to /tmp/spark-2c9f379e-14be-4fb9-891c-a9283603aebc/userFiles-2a2e4207-66bd-4d76-86a4-06bc2464dfb2/org.checkerframework_checker-qual-3.5.0.jar
[2025-02-15T17:04:21.822+0000] {spark_submit.py:641} INFO - 25/02/15 17:04:21 INFO Executor: Fetching spark://***-airflow-scheduler:36857/jars/postgresql-42.2.18.jar with timestamp 1739639061000
[2025-02-15T17:04:21.857+0000] {spark_submit.py:641} INFO - 25/02/15 17:04:21 INFO TransportClientFactory: Successfully created connection to ***-airflow-scheduler/172.19.0.6:36857 after 26 ms (0 ms spent in bootstraps)
[2025-02-15T17:04:21.862+0000] {spark_submit.py:641} INFO - 25/02/15 17:04:21 INFO Utils: Fetching spark://***-airflow-scheduler:36857/jars/postgresql-42.2.18.jar to /tmp/spark-2c9f379e-14be-4fb9-891c-a9283603aebc/userFiles-2a2e4207-66bd-4d76-86a4-06bc2464dfb2/fetchFileTemp15265345732541094265.tmp
[2025-02-15T17:04:21.928+0000] {spark_submit.py:641} INFO - 25/02/15 17:04:21 INFO Executor: Adding file:/tmp/spark-2c9f379e-14be-4fb9-891c-a9283603aebc/userFiles-2a2e4207-66bd-4d76-86a4-06bc2464dfb2/postgresql-42.2.18.jar to class loader
[2025-02-15T17:04:21.935+0000] {spark_submit.py:641} INFO - 25/02/15 17:04:21 INFO Utils: Successfully started service 'org.apache.spark.network.netty.NettyBlockTransferService' on port 38815.
[2025-02-15T17:04:21.937+0000] {spark_submit.py:641} INFO - 25/02/15 17:04:21 INFO NettyBlockTransferService: Server created on ***-airflow-scheduler:38815
[2025-02-15T17:04:21.939+0000] {spark_submit.py:641} INFO - 25/02/15 17:04:21 INFO BlockManager: Using org.apache.spark.storage.RandomBlockReplicationPolicy for block replication policy
[2025-02-15T17:04:21.943+0000] {spark_submit.py:641} INFO - 25/02/15 17:04:21 INFO BlockManagerMaster: Registering BlockManager BlockManagerId(driver, ***-airflow-scheduler, 38815, None)
[2025-02-15T17:04:21.947+0000] {spark_submit.py:641} INFO - 25/02/15 17:04:21 INFO BlockManagerMasterEndpoint: Registering block manager ***-airflow-scheduler:38815 with 434.4 MiB RAM, BlockManagerId(driver, ***-airflow-scheduler, 38815, None)
[2025-02-15T17:04:21.949+0000] {spark_submit.py:641} INFO - 25/02/15 17:04:21 INFO BlockManagerMaster: Registered BlockManager BlockManagerId(driver, ***-airflow-scheduler, 38815, None)
[2025-02-15T17:04:21.951+0000] {spark_submit.py:641} INFO - 25/02/15 17:04:21 INFO BlockManager: Initialized BlockManager: BlockManagerId(driver, ***-airflow-scheduler, 38815, None)
[2025-02-15T17:04:25.616+0000] {spark_submit.py:641} INFO - ---------------- MENAMPILKAN DATASET ----------------
[2025-02-15T17:04:25.835+0000] {spark_submit.py:641} INFO - +-----------+-----------------+---------+---------------+------+-------------------+---------------+---+--------------------+-----------------+---------------------+----------+------------------+
[2025-02-15T17:04:25.837+0000] {spark_submit.py:641} INFO - |employee_id|       department|   region|      education|gender|recruitment_channel|no_of_trainings|age|previous_year_rating|length_of_service|KPIs_met_more_than_80|awards_won|avg_training_score|
[2025-02-15T17:04:25.839+0000] {spark_submit.py:641} INFO - +-----------+-----------------+---------+---------------+------+-------------------+---------------+---+--------------------+-----------------+---------------------+----------+------------------+
[2025-02-15T17:04:25.841+0000] {spark_submit.py:641} INFO - |       8724|       Technology|region_26|      Bachelors|     m|           sourcing|              1| 24|                null|                1|                    1|         0|                77|
[2025-02-15T17:04:25.843+0000] {spark_submit.py:641} INFO - |      74430|               HR| region_4|      Bachelors|     f|              other|              1| 31|                   3|                5|                    0|         0|                51|
[2025-02-15T17:04:25.845+0000] {spark_submit.py:641} INFO - |      72255|Sales & Marketing|region_13|      Bachelors|     m|              other|              1| 31|                   1|                4|                    0|         0|                47|
[2025-02-15T17:04:25.847+0000] {spark_submit.py:641} INFO - |      38562|      Procurement| region_2|      Bachelors|     f|              other|              3| 31|                   2|                9|                    0|         0|                65|
[2025-02-15T17:04:25.848+0000] {spark_submit.py:641} INFO - |      64486|          Finance|region_29|      Bachelors|     m|           sourcing|              1| 30|                   4|                7|                    0|         0|                61|
[2025-02-15T17:04:25.850+0000] {spark_submit.py:641} INFO - |      46232|      Procurement| region_7|      Bachelors|     m|           sourcing|              1| 36|                   3|                2|                    0|         0|                68|
[2025-02-15T17:04:25.852+0000] {spark_submit.py:641} INFO - |      54542|          Finance| region_2|      Bachelors|     m|              other|              1| 33|                   5|                3|                    1|         0|                57|
[2025-02-15T17:04:25.853+0000] {spark_submit.py:641} INFO - |      67269|        Analytics|region_22|      Bachelors|     m|           sourcing|              2| 36|                   3|                3|                    0|         0|                85|
[2025-02-15T17:04:25.855+0000] {spark_submit.py:641} INFO - |      66174|       Technology| region_7|Masters & above|     m|              other|              1| 51|                   4|               11|                    0|         0|                75|
[2025-02-15T17:04:25.856+0000] {spark_submit.py:641} INFO - |      76303|       Technology|region_22|      Bachelors|     m|           sourcing|              1| 29|                   5|                2|                    1|         0|                76|
[2025-02-15T17:04:25.858+0000] {spark_submit.py:641} INFO - +-----------+-----------------+---------+---------------+------+-------------------+---------------+---+--------------------+-----------------+---------------------+----------+------------------+
[2025-02-15T17:04:25.859+0000] {spark_submit.py:641} INFO - only showing top 10 rows
[2025-02-15T17:04:25.861+0000] {spark_submit.py:641} INFO - 
[2025-02-15T17:04:25.862+0000] {spark_submit.py:641} INFO - ---------------- MENAMPILKAN TIPE DATA AWAL ----------------
[2025-02-15T17:04:25.864+0000] {spark_submit.py:641} INFO - root
[2025-02-15T17:04:25.866+0000] {spark_submit.py:641} INFO - |-- employee_id: string (nullable = true)
[2025-02-15T17:04:25.867+0000] {spark_submit.py:641} INFO - |-- department: string (nullable = true)
[2025-02-15T17:04:25.869+0000] {spark_submit.py:641} INFO - |-- region: string (nullable = true)
[2025-02-15T17:04:25.870+0000] {spark_submit.py:641} INFO - |-- education: string (nullable = true)
[2025-02-15T17:04:25.872+0000] {spark_submit.py:641} INFO - |-- gender: string (nullable = true)
[2025-02-15T17:04:25.874+0000] {spark_submit.py:641} INFO - |-- recruitment_channel: string (nullable = true)
[2025-02-15T17:04:25.875+0000] {spark_submit.py:641} INFO - |-- no_of_trainings: string (nullable = true)
[2025-02-15T17:04:25.877+0000] {spark_submit.py:641} INFO - |-- age: string (nullable = true)
[2025-02-15T17:04:25.878+0000] {spark_submit.py:641} INFO - |-- previous_year_rating: string (nullable = true)
[2025-02-15T17:04:25.880+0000] {spark_submit.py:641} INFO - |-- length_of_service: string (nullable = true)
[2025-02-15T17:04:25.881+0000] {spark_submit.py:641} INFO - |-- KPIs_met_more_than_80: string (nullable = true)
[2025-02-15T17:04:25.882+0000] {spark_submit.py:641} INFO - |-- awards_won: string (nullable = true)
[2025-02-15T17:04:25.884+0000] {spark_submit.py:641} INFO - |-- avg_training_score: string (nullable = true)
[2025-02-15T17:04:25.886+0000] {spark_submit.py:641} INFO - 
[2025-02-15T17:04:25.943+0000] {spark_submit.py:641} INFO - ---------------- MENAMPILKAN TIPE DATA HASIL TRANSFORMASI ----------------
[2025-02-15T17:04:25.944+0000] {spark_submit.py:641} INFO - root
[2025-02-15T17:04:25.946+0000] {spark_submit.py:641} INFO - |-- employee_id: string (nullable = true)
[2025-02-15T17:04:25.947+0000] {spark_submit.py:641} INFO - |-- department: string (nullable = true)
[2025-02-15T17:04:25.949+0000] {spark_submit.py:641} INFO - |-- region: string (nullable = true)
[2025-02-15T17:04:25.951+0000] {spark_submit.py:641} INFO - |-- education: string (nullable = true)
[2025-02-15T17:04:25.953+0000] {spark_submit.py:641} INFO - |-- gender: string (nullable = true)
[2025-02-15T17:04:25.954+0000] {spark_submit.py:641} INFO - |-- recruitment_channel: string (nullable = true)
[2025-02-15T17:04:25.956+0000] {spark_submit.py:641} INFO - |-- no_of_trainings: integer (nullable = true)
[2025-02-15T17:04:25.957+0000] {spark_submit.py:641} INFO - |-- age: integer (nullable = true)
[2025-02-15T17:04:25.959+0000] {spark_submit.py:641} INFO - |-- previous_year_rating: integer (nullable = true)
[2025-02-15T17:04:25.961+0000] {spark_submit.py:641} INFO - |-- length_of_service: integer (nullable = true)
[2025-02-15T17:04:25.963+0000] {spark_submit.py:641} INFO - |-- KPIs_met_more_than_80: integer (nullable = true)
[2025-02-15T17:04:25.964+0000] {spark_submit.py:641} INFO - |-- awards_won: integer (nullable = true)
[2025-02-15T17:04:25.966+0000] {spark_submit.py:641} INFO - |-- avg_training_score: integer (nullable = true)
[2025-02-15T17:04:25.967+0000] {spark_submit.py:641} INFO - 
[2025-02-15T17:04:25.968+0000] {spark_submit.py:641} INFO - ---------------- MENAMPILKAN BANYAK DATA NULL DI SETIAP KOLOM ----------------
[2025-02-15T17:04:26.854+0000] {spark_submit.py:641} INFO - +----------------+---------------+-----------+--------------+-----------+------------------------+--------------------+--------+-------------------------+----------------------+--------------------------+---------------+-----------------------+
[2025-02-15T17:04:26.856+0000] {spark_submit.py:641} INFO - |employee_id_null|department_null|region_null|education_null|gender_null|recruitment_channel_null|no_of_trainings_null|age_null|previous_year_rating_null|length_of_service_null|KPIs_met_more_than_80_null|awards_won_null|avg_training_score_nuli|
[2025-02-15T17:04:26.857+0000] {spark_submit.py:641} INFO - +----------------+---------------+-----------+--------------+-----------+------------------------+--------------------+--------+-------------------------+----------------------+--------------------------+---------------+-----------------------+
[2025-02-15T17:04:26.858+0000] {spark_submit.py:641} INFO - |               0|              0|          0|           771|          0|                       0|                   0|       0|                     1363|                     0|                         0|              0|                      0|
[2025-02-15T17:04:26.860+0000] {spark_submit.py:641} INFO - +----------------+---------------+-----------+--------------+-----------+------------------------+--------------------+--------+-------------------------+----------------------+--------------------------+---------------+-----------------------+
[2025-02-15T17:04:26.861+0000] {spark_submit.py:641} INFO - 
[2025-02-15T17:04:26.863+0000] {spark_submit.py:641} INFO - ---------------- NULL HANDLING PADA KOLOM EDUCATION & PREVIOUS_YEAR_RATING ----------------
[2025-02-15T17:04:27.159+0000] {spark_submit.py:641} INFO - +--------------+-------------------------+
[2025-02-15T17:04:27.160+0000] {spark_submit.py:641} INFO - |education_null|previous_year_rating_null|
[2025-02-15T17:04:27.162+0000] {spark_submit.py:641} INFO - +--------------+-------------------------+
[2025-02-15T17:04:27.163+0000] {spark_submit.py:641} INFO - |             0|                        0|
[2025-02-15T17:04:27.164+0000] {spark_submit.py:641} INFO - +--------------+-------------------------+
[2025-02-15T17:04:27.166+0000] {spark_submit.py:641} INFO - 
[2025-02-15T17:04:27.167+0000] {spark_submit.py:641} INFO - ---------------- MENAMPILKAN BANYAK DATA DUPLIKAT BERDASARKAN EMPLOYEE_ID ----------------
[2025-02-15T17:04:27.933+0000] {spark_submit.py:641} INFO - +-----------+------+
[2025-02-15T17:04:27.935+0000] {spark_submit.py:641} INFO - |employee_id|jumlah|
[2025-02-15T17:04:27.936+0000] {spark_submit.py:641} INFO - +-----------+------+
[2025-02-15T17:04:27.937+0000] {spark_submit.py:641} INFO - |      64573|     2|
[2025-02-15T17:04:27.938+0000] {spark_submit.py:641} INFO - |      49584|     3|
[2025-02-15T17:04:27.940+0000] {spark_submit.py:641} INFO - +-----------+------+
[2025-02-15T17:04:27.942+0000] {spark_submit.py:641} INFO - 
[2025-02-15T17:04:27.943+0000] {spark_submit.py:641} INFO - ---------------- MENAMPILKAN SEMUA BARIS DAN KOLOM DARI EMPLOYEE ID YANG DUPLIKAT ----------------
[2025-02-15T17:04:28.262+0000] {spark_submit.py:641} INFO - +-----------+----------+--------+---------+------+-------------------+---------------+---+--------------------+-----------------+---------------------+----------+------------------+
[2025-02-15T17:04:28.264+0000] {spark_submit.py:641} INFO - |employee_id|department|  region|education|gender|recruitment_channel|no_of_trainings|age|previous_year_rating|length_of_service|KPIs_met_more_than_80|awards_won|avg_training_score|
[2025-02-15T17:04:28.266+0000] {spark_submit.py:641} INFO - +-----------+----------+--------+---------+------+-------------------+---------------+---+--------------------+-----------------+---------------------+----------+------------------+
[2025-02-15T17:04:28.267+0000] {spark_submit.py:641} INFO - |      49584|        HR|region_7|Bachelors|     m|              other|              1| 33|                   1|                9|                    0|         0|                51|
[2025-02-15T17:04:28.268+0000] {spark_submit.py:641} INFO - |      49584|        HR|region_7|Bachelors|     m|              other|              1| 33|                   1|                9|                    0|         0|                51|
[2025-02-15T17:04:28.270+0000] {spark_submit.py:641} INFO - |      49584|        HR|region_7|Bachelors|     m|              other|              1| 33|                   1|                9|                    0|         0|                51|
[2025-02-15T17:04:28.274+0000] {spark_submit.py:641} INFO - |      64573|Technology|region_7|Bachelors|     f|           referred|              2| 30|                   5|                6|                    1|         0|                81|
[2025-02-15T17:04:28.275+0000] {spark_submit.py:641} INFO - |      64573|        HR|region_7|Bachelors|     f|           referred|              1| 35|                   5|                4|                    1|         0|                81|
[2025-02-15T17:04:28.277+0000] {spark_submit.py:641} INFO - +-----------+----------+--------+---------+------+-------------------+---------------+---+--------------------+-----------------+---------------------+----------+------------------+
[2025-02-15T17:04:28.278+0000] {spark_submit.py:641} INFO - 
[2025-02-15T17:04:29.066+0000] {spark_submit.py:641} INFO - +-----------+-----------------+---------+---------------+------+-------------------+---------------+---+--------------------+-----------------+---------------------+----------+------------------+
[2025-02-15T17:04:29.068+0000] {spark_submit.py:641} INFO - |employee_id|       department|   region|      education|gender|recruitment_channel|no_of_trainings|age|previous_year_rating|length_of_service|KPIs_met_more_than_80|awards_won|avg_training_score|
[2025-02-15T17:04:29.069+0000] {spark_submit.py:641} INFO - +-----------+-----------------+---------+---------------+------+-------------------+---------------+---+--------------------+-----------------+---------------------+----------+------------------+
[2025-02-15T17:04:29.071+0000] {spark_submit.py:641} INFO - |      10009|Sales & Marketing| region_2|        unknown|     m|           sourcing|              2| 21|                   0|                1|                    0|         0|                52|
[2025-02-15T17:04:29.072+0000] {spark_submit.py:641} INFO - |       1001|            Legal| region_2|      Bachelors|     m|              other|              1| 31|                   0|                1|                    0|         0|                58|
[2025-02-15T17:04:29.074+0000] {spark_submit.py:641} INFO - |      10012|            Legal|region_22|      Bachelors|     m|           sourcing|              1| 28|                   5|                4|                    1|         0|                60|
[2025-02-15T17:04:29.075+0000] {spark_submit.py:641} INFO - |      10019|Sales & Marketing|region_18|      Bachelors|     m|           sourcing|              1| 28|                   0|                1|                    0|         0|                44|
[2025-02-15T17:04:29.076+0000] {spark_submit.py:641} INFO - |      10021|Sales & Marketing|region_15|      Bachelors|     f|           sourcing|              1| 41|                   1|                7|                    1|         0|                47|
[2025-02-15T17:04:29.078+0000] {spark_submit.py:641} INFO - |      10024|       Technology| region_2|Below Secondary|     f|              other|              1| 22|                   0|                1|                    1|         0|                82|
[2025-02-15T17:04:29.079+0000] {spark_submit.py:641} INFO - |       1003|               HR| region_2|Masters & above|     m|              other|              1| 39|                   4|                8|                    0|         0|                49|
[2025-02-15T17:04:29.081+0000] {spark_submit.py:641} INFO - |      10034|               HR| region_2|      Bachelors|     f|           referred|              1| 25|                   0|                1|                    1|         0|                55|
[2025-02-15T17:04:29.082+0000] {spark_submit.py:641} INFO - |      10035|       Operations| region_2|Masters & above|     m|           sourcing|              2| 44|                   5|                7|                    1|         0|                61|
[2025-02-15T17:04:29.083+0000] {spark_submit.py:641} INFO - |      10036|       Technology|region_26|Masters & above|     m|              other|              1| 40|                   5|                4|                    1|         0|                78|
[2025-02-15T17:04:29.085+0000] {spark_submit.py:641} INFO - |      10038|      Procurement|region_29|      Bachelors|     f|              other|              1| 31|                   4|                3|                    0|         0|                71|
[2025-02-15T17:04:29.087+0000] {spark_submit.py:641} INFO - |      10043|       Operations|region_13|Masters & above|     m|              other|              1| 52|                   5|               17|                    0|         0|                70|
[2025-02-15T17:04:29.088+0000] {spark_submit.py:641} INFO - |      10048|       Operations| region_2|Masters & above|     f|           sourcing|              1| 38|                   5|                4|                    1|         0|                58|
[2025-02-15T17:04:29.090+0000] {spark_submit.py:641} INFO - |      10050|            Legal| region_2|      Bachelors|     m|           sourcing|              1| 46|                   5|                6|                    0|         0|                61|
[2025-02-15T17:04:29.091+0000] {spark_submit.py:641} INFO - |      10055|Sales & Marketing| region_2|        unknown|     m|              other|              1| 27|                   1|                4|                    0|         0|                49|
[2025-02-15T17:04:29.092+0000] {spark_submit.py:641} INFO - |      10059|        Analytics|region_34|      Bachelors|     m|           sourcing|              3| 27|                   3|                2|                    0|         0|                83|
[2025-02-15T17:04:29.093+0000] {spark_submit.py:641} INFO - |      10076|Sales & Marketing| region_2|      Bachelors|     f|           sourcing|              1| 27|                   1|                3|                    0|         0|                44|
[2025-02-15T17:04:29.094+0000] {spark_submit.py:641} INFO - |      10077|Sales & Marketing|region_22|      Bachelors|     m|           sourcing|              2| 31|                   2|                3|                    0|         0|                46|
[2025-02-15T17:04:29.096+0000] {spark_submit.py:641} INFO - |      10088|               HR| region_2|      Bachelors|     m|           sourcing|              1| 35|                   1|                3|                    1|         0|                48|
[2025-02-15T17:04:29.097+0000] {spark_submit.py:641} INFO - |       1009|       Operations| region_4|Masters & above|     m|           sourcing|              1| 48|                   3|               16|                    0|         0|                61|
[2025-02-15T17:04:29.098+0000] {spark_submit.py:641} INFO - +-----------+-----------------+---------+---------------+------+-------------------+---------------+---+--------------------+-----------------+---------------------+----------+------------------+
[2025-02-15T17:04:29.099+0000] {spark_submit.py:641} INFO - only showing top 20 rows
[2025-02-15T17:04:29.101+0000] {spark_submit.py:641} INFO - 
[2025-02-15T17:04:29.103+0000] {spark_submit.py:641} INFO - ---------------- MENAMPILKAN SEMUA BARIS DAN KOLOM DARI EMPLOYEE ID YANG SUDAH DIHANDLE DUPLIKASINYA ----------------
[2025-02-15T17:04:29.267+0000] {spark_submit.py:641} INFO - +-----------+----------+--------+---------+------+-------------------+---------------+---+--------------------+-----------------+---------------------+----------+------------------+
[2025-02-15T17:04:29.270+0000] {spark_submit.py:641} INFO - |employee_id|department|  region|education|gender|recruitment_channel|no_of_trainings|age|previous_year_rating|length_of_service|KPIs_met_more_than_80|awards_won|avg_training_score|
[2025-02-15T17:04:29.275+0000] {spark_submit.py:641} INFO - +-----------+----------+--------+---------+------+-------------------+---------------+---+--------------------+-----------------+---------------------+----------+------------------+
[2025-02-15T17:04:29.278+0000] {spark_submit.py:641} INFO - |      49584|        HR|region_7|Bachelors|     m|              other|              1| 33|                   1|                9|                    0|         0|                51|
[2025-02-15T17:04:29.282+0000] {spark_submit.py:641} INFO - |      49584|        HR|region_7|Bachelors|     m|              other|              1| 33|                   1|                9|                    0|         0|                51|
[2025-02-15T17:04:29.284+0000] {spark_submit.py:641} INFO - |      49584|        HR|region_7|Bachelors|     m|              other|              1| 33|                   1|                9|                    0|         0|                51|
[2025-02-15T17:04:29.286+0000] {spark_submit.py:641} INFO - |      64573|Technology|region_7|Bachelors|     f|           referred|              2| 30|                   5|                6|                    1|         0|                81|
[2025-02-15T17:04:29.287+0000] {spark_submit.py:641} INFO - |      64573|        HR|region_7|Bachelors|     f|           referred|              1| 35|                   5|                4|                    1|         0|                81|
[2025-02-15T17:04:29.322+0000] {spark_submit.py:641} INFO - +-----------+----------+--------+---------+------+-------------------+---------------+---+--------------------+-----------------+---------------------+----------+------------------+
[2025-02-15T17:04:29.340+0000] {spark_submit.py:641} INFO - 
[2025-02-15T17:04:30.115+0000] {spark_submit.py:641} INFO - ---------------- MENAMPILKAN DATA HASIL LOAD KE POSTGRES ----------------
[2025-02-15T17:04:30.233+0000] {spark_submit.py:641} INFO - +-----------+-----------------+---------+---------------+------+-------------------+---------------+---+--------------------+-----------------+---------------------+----------+------------------+
[2025-02-15T17:04:30.235+0000] {spark_submit.py:641} INFO - |employee_id|       department|   region|      education|gender|recruitment_channel|no_of_trainings|age|previous_year_rating|length_of_service|KPIs_met_more_than_80|awards_won|avg_training_score|
[2025-02-15T17:04:30.237+0000] {spark_submit.py:641} INFO - +-----------+-----------------+---------+---------------+------+-------------------+---------------+---+--------------------+-----------------+---------------------+----------+------------------+
[2025-02-15T17:04:30.238+0000] {spark_submit.py:641} INFO - |       8724|       Technology|region_26|      Bachelors|     m|           sourcing|              1| 24|                   0|                1|                    1|         0|                77|
[2025-02-15T17:04:30.239+0000] {spark_submit.py:641} INFO - |      74430|               HR| region_4|      Bachelors|     f|              other|              1| 31|                   3|                5|                    0|         0|                51|
[2025-02-15T17:04:30.241+0000] {spark_submit.py:641} INFO - |      72255|Sales & Marketing|region_13|      Bachelors|     m|              other|              1| 31|                   1|                4|                    0|         0|                47|
[2025-02-15T17:04:30.242+0000] {spark_submit.py:641} INFO - |      38562|      Procurement| region_2|      Bachelors|     f|              other|              3| 31|                   2|                9|                    0|         0|                65|
[2025-02-15T17:04:30.244+0000] {spark_submit.py:641} INFO - |      64486|          Finance|region_29|      Bachelors|     m|           sourcing|              1| 30|                   4|                7|                    0|         0|                61|
[2025-02-15T17:04:30.245+0000] {spark_submit.py:641} INFO - |      46232|      Procurement| region_7|      Bachelors|     m|           sourcing|              1| 36|                   3|                2|                    0|         0|                68|
[2025-02-15T17:04:30.247+0000] {spark_submit.py:641} INFO - |      54542|          Finance| region_2|      Bachelors|     m|              other|              1| 33|                   5|                3|                    1|         0|                57|
[2025-02-15T17:04:30.248+0000] {spark_submit.py:641} INFO - |      67269|        Analytics|region_22|      Bachelors|     m|           sourcing|              2| 36|                   3|                3|                    0|         0|                85|
[2025-02-15T17:04:30.249+0000] {spark_submit.py:641} INFO - |      66174|       Technology| region_7|Masters & above|     m|              other|              1| 51|                   4|               11|                    0|         0|                75|
[2025-02-15T17:04:30.251+0000] {spark_submit.py:641} INFO - |      76303|       Technology|region_22|      Bachelors|     m|           sourcing|              1| 29|                   5|                2|                    1|         0|                76|
[2025-02-15T17:04:30.252+0000] {spark_submit.py:641} INFO - |      60245|Sales & Marketing|region_16|      Bachelors|     m|           sourcing|              2| 40|                   5|               12|                    1|         0|                50|
[2025-02-15T17:04:30.253+0000] {spark_submit.py:641} INFO - |      42639|Sales & Marketing|region_17|Masters & above|     m|           sourcing|              1| 40|                   3|               10|                    0|         0|                46|
[2025-02-15T17:04:30.254+0000] {spark_submit.py:641} INFO - |      30963|Sales & Marketing| region_4|Masters & above|     f|              other|              1| 34|                   3|                4|                    0|         0|                52|
[2025-02-15T17:04:30.256+0000] {spark_submit.py:641} INFO - |      54055|        Analytics|region_24|      Bachelors|     m|              other|              1| 37|                   3|               10|                    0|         0|                82|
[2025-02-15T17:04:30.258+0000] {spark_submit.py:641} INFO - |      42996|       Operations|region_11|      Bachelors|     m|           sourcing|              1| 30|                   5|                6|                    1|         0|                58|
[2025-02-15T17:04:30.259+0000] {spark_submit.py:641} INFO - |      12737|Sales & Marketing| region_7|      Bachelors|     m|           sourcing|              1| 31|                   4|                4|                    1|         0|                47|
[2025-02-15T17:04:30.260+0000] {spark_submit.py:641} INFO - |      27561|       Operations|region_27|      Bachelors|     f|           sourcing|              1| 26|                   5|                3|                    0|         0|                56|
[2025-02-15T17:04:30.262+0000] {spark_submit.py:641} INFO - |      26622|Sales & Marketing|region_17|      Bachelors|     m|           sourcing|              1| 40|                   5|                6|                    1|         0|                50|
[2025-02-15T17:04:30.263+0000] {spark_submit.py:641} INFO - |      31582|      Procurement| region_7|      Bachelors|     f|              other|              1| 49|                   3|                7|                    1|         0|                64|
[2025-02-15T17:04:30.264+0000] {spark_submit.py:641} INFO - |      29793|      Procurement|region_27|      Bachelors|     m|              other|              1| 27|                   2|                5|                    0|         0|                65|
[2025-02-15T17:04:30.265+0000] {spark_submit.py:641} INFO - +-----------+-----------------+---------+---------------+------+-------------------+---------------+---+--------------------+-----------------+---------------------+----------+------------------+
[2025-02-15T17:04:30.267+0000] {spark_submit.py:641} INFO - only showing top 20 rows
[2025-02-15T17:04:30.268+0000] {spark_submit.py:641} INFO - 
[2025-02-15T17:04:30.599+0000] {taskinstance.py:340} INFO - ::group::Post task execution logs
[2025-02-15T17:04:30.601+0000] {taskinstance.py:352} INFO - Marking task as SUCCESS. dag_id=***_elt_dag, task_id=etl_task, run_id=manual__2025-02-15T16:42:48.589872+00:00, execution_date=20250215T164248, start_date=20250215T170418, end_date=20250215T170430
[2025-02-15T17:04:30.647+0000] {local_task_job_runner.py:266} INFO - Task exited with return code 0
[2025-02-15T17:04:30.666+0000] {taskinstance.py:3895} INFO - 0 downstream tasks scheduled from follow-on schedule check
[2025-02-15T17:04:30.671+0000] {local_task_job_runner.py:245} INFO - ::endgroup::
