[2025-02-15T16:42:50.112+0000] {local_task_job_runner.py:123} INFO - ::group::Pre task execution logs
[2025-02-15T16:42:50.128+0000] {taskinstance.py:2613} INFO - Dependencies all met for dep_context=non-requeueable deps ti=<TaskInstance: finprode8_elt_dag.etl_task manual__2025-02-15T16:42:48.589872+00:00 [queued]>
[2025-02-15T16:42:50.141+0000] {taskinstance.py:2613} INFO - Dependencies all met for dep_context=requeueable deps ti=<TaskInstance: finprode8_elt_dag.etl_task manual__2025-02-15T16:42:48.589872+00:00 [queued]>
[2025-02-15T16:42:50.142+0000] {taskinstance.py:2866} INFO - Starting attempt 1 of 1
[2025-02-15T16:42:50.161+0000] {taskinstance.py:2889} INFO - Executing <Task(SparkSubmitOperator): etl_task> on 2025-02-15 16:42:48.589872+00:00
[2025-02-15T16:42:50.168+0000] {standard_task_runner.py:72} INFO - Started process 4154 to run task
[2025-02-15T16:42:50.174+0000] {standard_task_runner.py:104} INFO - Running: ['airflow', 'tasks', 'run', '***_elt_dag', 'etl_task', 'manual__2025-02-15T16:42:48.589872+00:00', '--job-id', '16', '--raw', '--subdir', 'DAGS_FOLDER/***_etl_dag.py', '--cfg-path', '/tmp/tmp78v462pv']
[2025-02-15T16:42:50.178+0000] {standard_task_runner.py:105} INFO - Job 16: Subtask etl_task
[2025-02-15T16:42:50.198+0000] {logging_mixin.py:190} WARNING - /home/airflow/.local/lib/python3.9/site-packages/airflow/settings.py:209 DeprecationWarning: The sql_alchemy_conn option in [core] has been moved to the sql_alchemy_conn option in [database] - the old setting has been used, but please update your config.
[2025-02-15T16:42:50.238+0000] {task_command.py:467} INFO - Running <TaskInstance: finprode8_elt_dag.etl_task manual__2025-02-15T16:42:48.589872+00:00 [running]> on host ***-airflow-scheduler
[2025-02-15T16:42:50.340+0000] {taskinstance.py:3132} INFO - Exporting env vars: AIRFLOW_CTX_DAG_OWNER='ratih malini' AIRFLOW_CTX_DAG_ID='***_elt_dag' AIRFLOW_CTX_TASK_ID='etl_task' AIRFLOW_CTX_EXECUTION_DATE='2025-02-15T16:42:48.589872+00:00' AIRFLOW_CTX_TRY_NUMBER='1' AIRFLOW_CTX_DAG_RUN_ID='manual__2025-02-15T16:42:48.589872+00:00'
[2025-02-15T16:42:50.342+0000] {taskinstance.py:731} INFO - ::endgroup::
[2025-02-15T16:42:50.374+0000] {base.py:84} INFO - Retrieving connection 'spark_main'
[2025-02-15T16:42:50.377+0000] {spark_submit.py:474} INFO - Spark-Submit cmd: spark-submit --master spark://***-spark-master:7077 --packages org.postgresql:postgresql:42.2.18 --name arrow-spark /spark-scripts/***_etl.py
[2025-02-15T16:42:51.662+0000] {spark_submit.py:641} INFO - :: loading settings :: url = jar:file:/home/airflow/.local/lib/python3.9/site-packages/pyspark/jars/ivy-2.5.1.jar!/org/apache/ivy/core/settings/ivysettings.xml
[2025-02-15T16:42:51.769+0000] {spark_submit.py:641} INFO - Ivy Default Cache set to: /home/airflow/.ivy2/cache
[2025-02-15T16:42:51.771+0000] {spark_submit.py:641} INFO - The jars for the packages stored in: /home/airflow/.ivy2/jars
[2025-02-15T16:42:51.775+0000] {spark_submit.py:641} INFO - org.postgresql#postgresql added as a dependency
[2025-02-15T16:42:51.776+0000] {spark_submit.py:641} INFO - :: resolving dependencies :: org.apache.spark#spark-submit-parent-80d2578f-c588-42cf-8209-8065d3263f7b;1.0
[2025-02-15T16:42:51.778+0000] {spark_submit.py:641} INFO - confs: [default]
[2025-02-15T16:42:51.881+0000] {spark_submit.py:641} INFO - found org.postgresql#postgresql;42.2.18 in central
[2025-02-15T16:42:51.904+0000] {spark_submit.py:641} INFO - found org.checkerframework#checker-qual;3.5.0 in central
[2025-02-15T16:42:51.919+0000] {spark_submit.py:641} INFO - :: resolution report :: resolve 137ms :: artifacts dl 6ms
[2025-02-15T16:42:51.921+0000] {spark_submit.py:641} INFO - :: modules in use:
[2025-02-15T16:42:51.922+0000] {spark_submit.py:641} INFO - org.checkerframework#checker-qual;3.5.0 from central in [default]
[2025-02-15T16:42:51.924+0000] {spark_submit.py:641} INFO - org.postgresql#postgresql;42.2.18 from central in [default]
[2025-02-15T16:42:51.925+0000] {spark_submit.py:641} INFO - ---------------------------------------------------------------------
[2025-02-15T16:42:51.926+0000] {spark_submit.py:641} INFO - |                  |            modules            ||   artifacts   |
[2025-02-15T16:42:51.927+0000] {spark_submit.py:641} INFO - |       conf       | number| search|dwnlded|evicted|| number|dwnlded|
[2025-02-15T16:42:51.929+0000] {spark_submit.py:641} INFO - ---------------------------------------------------------------------
[2025-02-15T16:42:51.930+0000] {spark_submit.py:641} INFO - |      default     |   2   |   0   |   0   |   0   ||   2   |   0   |
[2025-02-15T16:42:51.931+0000] {spark_submit.py:641} INFO - ---------------------------------------------------------------------
[2025-02-15T16:42:51.932+0000] {spark_submit.py:641} INFO - :: retrieving :: org.apache.spark#spark-submit-parent-80d2578f-c588-42cf-8209-8065d3263f7b
[2025-02-15T16:42:51.934+0000] {spark_submit.py:641} INFO - confs: [default]
[2025-02-15T16:42:51.935+0000] {spark_submit.py:641} INFO - 0 artifacts copied, 2 already retrieved (0kB/5ms)
[2025-02-15T16:42:52.332+0000] {spark_submit.py:641} INFO - 25/02/15 16:42:52 WARN NativeCodeLoader: Unable to load native-hadoop library for your platform... using builtin-java classes where applicable
[2025-02-15T16:42:53.384+0000] {spark_submit.py:641} INFO - 25/02/15 16:42:53 INFO SparkContext: Running Spark version 3.3.2
[2025-02-15T16:42:53.406+0000] {spark_submit.py:641} INFO - 25/02/15 16:42:53 INFO ResourceUtils: ==============================================================
[2025-02-15T16:42:53.408+0000] {spark_submit.py:641} INFO - 25/02/15 16:42:53 INFO ResourceUtils: No custom resources configured for spark.driver.
[2025-02-15T16:42:53.410+0000] {spark_submit.py:641} INFO - 25/02/15 16:42:53 INFO ResourceUtils: ==============================================================
[2025-02-15T16:42:53.412+0000] {spark_submit.py:641} INFO - 25/02/15 16:42:53 INFO SparkContext: Submitted application: ***
[2025-02-15T16:42:53.426+0000] {spark_submit.py:641} INFO - 25/02/15 16:42:53 INFO ResourceProfile: Default ResourceProfile created, executor resources: Map(cores -> name: cores, amount: 1, script: , vendor: , memory -> name: memory, amount: 1024, script: , vendor: , offHeap -> name: offHeap, amount: 0, script: , vendor: ), task resources: Map(cpus -> name: cpus, amount: 1.0)
[2025-02-15T16:42:53.435+0000] {spark_submit.py:641} INFO - 25/02/15 16:42:53 INFO ResourceProfile: Limiting resource is cpu
[2025-02-15T16:42:53.437+0000] {spark_submit.py:641} INFO - 25/02/15 16:42:53 INFO ResourceProfileManager: Added ResourceProfile id: 0
[2025-02-15T16:42:53.475+0000] {spark_submit.py:641} INFO - 25/02/15 16:42:53 INFO SecurityManager: Changing view acls to: airflow
[2025-02-15T16:42:53.478+0000] {spark_submit.py:641} INFO - 25/02/15 16:42:53 INFO SecurityManager: Changing modify acls to: airflow
[2025-02-15T16:42:53.480+0000] {spark_submit.py:641} INFO - 25/02/15 16:42:53 INFO SecurityManager: Changing view acls groups to:
[2025-02-15T16:42:53.481+0000] {spark_submit.py:641} INFO - 25/02/15 16:42:53 INFO SecurityManager: Changing modify acls groups to:
[2025-02-15T16:42:53.482+0000] {spark_submit.py:641} INFO - 25/02/15 16:42:53 INFO SecurityManager: SecurityManager: authentication disabled; ui acls disabled; users  with view permissions: Set(airflow); groups with view permissions: Set(); users  with modify permissions: Set(airflow); groups with modify permissions: Set()
[2025-02-15T16:42:53.728+0000] {spark_submit.py:641} INFO - 25/02/15 16:42:53 INFO Utils: Successfully started service 'sparkDriver' on port 39443.
[2025-02-15T16:42:53.761+0000] {spark_submit.py:641} INFO - 25/02/15 16:42:53 INFO SparkEnv: Registering MapOutputTracker
[2025-02-15T16:42:53.822+0000] {spark_submit.py:641} INFO - 25/02/15 16:42:53 INFO SparkEnv: Registering BlockManagerMaster
[2025-02-15T16:42:53.859+0000] {spark_submit.py:641} INFO - 25/02/15 16:42:53 INFO BlockManagerMasterEndpoint: Using org.apache.spark.storage.DefaultTopologyMapper for getting topology information
[2025-02-15T16:42:53.861+0000] {spark_submit.py:641} INFO - 25/02/15 16:42:53 INFO BlockManagerMasterEndpoint: BlockManagerMasterEndpoint up
[2025-02-15T16:42:53.866+0000] {spark_submit.py:641} INFO - 25/02/15 16:42:53 INFO SparkEnv: Registering BlockManagerMasterHeartbeat
[2025-02-15T16:42:53.914+0000] {spark_submit.py:641} INFO - 25/02/15 16:42:53 INFO DiskBlockManager: Created local directory at /tmp/blockmgr-f99c3ad3-94b1-446d-86f1-cc29f00b11f6
[2025-02-15T16:42:53.938+0000] {spark_submit.py:641} INFO - 25/02/15 16:42:53 INFO MemoryStore: MemoryStore started with capacity 434.4 MiB
[2025-02-15T16:42:53.961+0000] {spark_submit.py:641} INFO - 25/02/15 16:42:53 INFO SparkEnv: Registering OutputCommitCoordinator
[2025-02-15T16:42:54.178+0000] {spark_submit.py:641} INFO - 25/02/15 16:42:54 INFO Utils: Successfully started service 'SparkUI' on port 4040.
[2025-02-15T16:42:54.230+0000] {spark_submit.py:641} INFO - 25/02/15 16:42:54 INFO SparkContext: Added JAR /spark-scripts/jars/postgresql-42.2.18.jar at spark://***-airflow-scheduler:39443/jars/postgresql-42.2.18.jar with timestamp 1739637773378
[2025-02-15T16:42:54.234+0000] {spark_submit.py:641} INFO - 25/02/15 16:42:54 INFO SparkContext: Added file file:///home/airflow/.ivy2/jars/org.postgresql_postgresql-42.2.18.jar at file:///home/airflow/.ivy2/jars/org.postgresql_postgresql-42.2.18.jar with timestamp 1739637773378
[2025-02-15T16:42:54.236+0000] {spark_submit.py:641} INFO - 25/02/15 16:42:54 INFO Utils: Copying /home/airflow/.ivy2/jars/org.postgresql_postgresql-42.2.18.jar to /tmp/spark-d5940b32-cefd-458c-8eec-7e0aac824923/userFiles-039c2a35-2523-47bc-ac01-28a25a64f08e/org.postgresql_postgresql-42.2.18.jar
[2025-02-15T16:42:54.251+0000] {spark_submit.py:641} INFO - 25/02/15 16:42:54 INFO SparkContext: Added file file:///home/airflow/.ivy2/jars/org.checkerframework_checker-qual-3.5.0.jar at file:///home/airflow/.ivy2/jars/org.checkerframework_checker-qual-3.5.0.jar with timestamp 1739637773378
[2025-02-15T16:42:54.253+0000] {spark_submit.py:641} INFO - 25/02/15 16:42:54 INFO Utils: Copying /home/airflow/.ivy2/jars/org.checkerframework_checker-qual-3.5.0.jar to /tmp/spark-d5940b32-cefd-458c-8eec-7e0aac824923/userFiles-039c2a35-2523-47bc-ac01-28a25a64f08e/org.checkerframework_checker-qual-3.5.0.jar
[2025-02-15T16:42:54.331+0000] {spark_submit.py:641} INFO - 25/02/15 16:42:54 INFO Executor: Starting executor ID driver on host ***-airflow-scheduler
[2025-02-15T16:42:54.339+0000] {spark_submit.py:641} INFO - 25/02/15 16:42:54 INFO Executor: Starting executor with user classpath (userClassPathFirst = false): ''
[2025-02-15T16:42:54.351+0000] {spark_submit.py:641} INFO - 25/02/15 16:42:54 INFO Executor: Fetching file:///home/airflow/.ivy2/jars/org.postgresql_postgresql-42.2.18.jar with timestamp 1739637773378
[2025-02-15T16:42:54.374+0000] {spark_submit.py:641} INFO - 25/02/15 16:42:54 INFO Utils: /home/airflow/.ivy2/jars/org.postgresql_postgresql-42.2.18.jar has been previously copied to /tmp/spark-d5940b32-cefd-458c-8eec-7e0aac824923/userFiles-039c2a35-2523-47bc-ac01-28a25a64f08e/org.postgresql_postgresql-42.2.18.jar
[2025-02-15T16:42:54.381+0000] {spark_submit.py:641} INFO - 25/02/15 16:42:54 INFO Executor: Fetching file:///home/airflow/.ivy2/jars/org.checkerframework_checker-qual-3.5.0.jar with timestamp 1739637773378
[2025-02-15T16:42:54.382+0000] {spark_submit.py:641} INFO - 25/02/15 16:42:54 INFO Utils: /home/airflow/.ivy2/jars/org.checkerframework_checker-qual-3.5.0.jar has been previously copied to /tmp/spark-d5940b32-cefd-458c-8eec-7e0aac824923/userFiles-039c2a35-2523-47bc-ac01-28a25a64f08e/org.checkerframework_checker-qual-3.5.0.jar
[2025-02-15T16:42:54.395+0000] {spark_submit.py:641} INFO - 25/02/15 16:42:54 INFO Executor: Fetching spark://***-airflow-scheduler:39443/jars/postgresql-42.2.18.jar with timestamp 1739637773378
[2025-02-15T16:42:54.435+0000] {spark_submit.py:641} INFO - 25/02/15 16:42:54 INFO TransportClientFactory: Successfully created connection to ***-airflow-scheduler/172.19.0.6:39443 after 31 ms (0 ms spent in bootstraps)
[2025-02-15T16:42:54.441+0000] {spark_submit.py:641} INFO - 25/02/15 16:42:54 INFO Utils: Fetching spark://***-airflow-scheduler:39443/jars/postgresql-42.2.18.jar to /tmp/spark-d5940b32-cefd-458c-8eec-7e0aac824923/userFiles-039c2a35-2523-47bc-ac01-28a25a64f08e/fetchFileTemp3914634701335916314.tmp
[2025-02-15T16:42:54.511+0000] {spark_submit.py:641} INFO - 25/02/15 16:42:54 INFO Executor: Adding file:/tmp/spark-d5940b32-cefd-458c-8eec-7e0aac824923/userFiles-039c2a35-2523-47bc-ac01-28a25a64f08e/postgresql-42.2.18.jar to class loader
[2025-02-15T16:42:54.517+0000] {spark_submit.py:641} INFO - 25/02/15 16:42:54 INFO Utils: Successfully started service 'org.apache.spark.network.netty.NettyBlockTransferService' on port 46015.
[2025-02-15T16:42:54.519+0000] {spark_submit.py:641} INFO - 25/02/15 16:42:54 INFO NettyBlockTransferService: Server created on ***-airflow-scheduler:46015
[2025-02-15T16:42:54.521+0000] {spark_submit.py:641} INFO - 25/02/15 16:42:54 INFO BlockManager: Using org.apache.spark.storage.RandomBlockReplicationPolicy for block replication policy
[2025-02-15T16:42:54.527+0000] {spark_submit.py:641} INFO - 25/02/15 16:42:54 INFO BlockManagerMaster: Registering BlockManager BlockManagerId(driver, ***-airflow-scheduler, 46015, None)
[2025-02-15T16:42:54.530+0000] {spark_submit.py:641} INFO - 25/02/15 16:42:54 INFO BlockManagerMasterEndpoint: Registering block manager ***-airflow-scheduler:46015 with 434.4 MiB RAM, BlockManagerId(driver, ***-airflow-scheduler, 46015, None)
[2025-02-15T16:42:54.532+0000] {spark_submit.py:641} INFO - 25/02/15 16:42:54 INFO BlockManagerMaster: Registered BlockManager BlockManagerId(driver, ***-airflow-scheduler, 46015, None)
[2025-02-15T16:42:54.533+0000] {spark_submit.py:641} INFO - 25/02/15 16:42:54 INFO BlockManager: Initialized BlockManager: BlockManagerId(driver, ***-airflow-scheduler, 46015, None)
[2025-02-15T16:42:58.714+0000] {spark_submit.py:641} INFO - ---------------- MENAMPILKAN DATASET ----------------
[2025-02-15T16:42:58.961+0000] {spark_submit.py:641} INFO - +-----------+-----------------+---------+---------------+------+-------------------+---------------+---+--------------------+-----------------+---------------------+----------+------------------+
[2025-02-15T16:42:58.962+0000] {spark_submit.py:641} INFO - |employee_id|       department|   region|      education|gender|recruitment_channel|no_of_trainings|age|previous_year_rating|length_of_service|KPIs_met_more_than_80|awards_won|avg_training_score|
[2025-02-15T16:42:58.964+0000] {spark_submit.py:641} INFO - +-----------+-----------------+---------+---------------+------+-------------------+---------------+---+--------------------+-----------------+---------------------+----------+------------------+
[2025-02-15T16:42:58.965+0000] {spark_submit.py:641} INFO - |       8724|       Technology|region_26|      Bachelors|     m|           sourcing|              1| 24|                null|                1|                    1|         0|                77|
[2025-02-15T16:42:58.966+0000] {spark_submit.py:641} INFO - |      74430|               HR| region_4|      Bachelors|     f|              other|              1| 31|                   3|                5|                    0|         0|                51|
[2025-02-15T16:42:58.966+0000] {spark_submit.py:641} INFO - |      72255|Sales & Marketing|region_13|      Bachelors|     m|              other|              1| 31|                   1|                4|                    0|         0|                47|
[2025-02-15T16:42:58.967+0000] {spark_submit.py:641} INFO - |      38562|      Procurement| region_2|      Bachelors|     f|              other|              3| 31|                   2|                9|                    0|         0|                65|
[2025-02-15T16:42:58.969+0000] {spark_submit.py:641} INFO - |      64486|          Finance|region_29|      Bachelors|     m|           sourcing|              1| 30|                   4|                7|                    0|         0|                61|
[2025-02-15T16:42:58.971+0000] {spark_submit.py:641} INFO - |      46232|      Procurement| region_7|      Bachelors|     m|           sourcing|              1| 36|                   3|                2|                    0|         0|                68|
[2025-02-15T16:42:58.972+0000] {spark_submit.py:641} INFO - |      54542|          Finance| region_2|      Bachelors|     m|              other|              1| 33|                   5|                3|                    1|         0|                57|
[2025-02-15T16:42:58.974+0000] {spark_submit.py:641} INFO - |      67269|        Analytics|region_22|      Bachelors|     m|           sourcing|              2| 36|                   3|                3|                    0|         0|                85|
[2025-02-15T16:42:58.975+0000] {spark_submit.py:641} INFO - |      66174|       Technology| region_7|Masters & above|     m|              other|              1| 51|                   4|               11|                    0|         0|                75|
[2025-02-15T16:42:58.976+0000] {spark_submit.py:641} INFO - |      76303|       Technology|region_22|      Bachelors|     m|           sourcing|              1| 29|                   5|                2|                    1|         0|                76|
[2025-02-15T16:42:58.978+0000] {spark_submit.py:641} INFO - +-----------+-----------------+---------+---------------+------+-------------------+---------------+---+--------------------+-----------------+---------------------+----------+------------------+
[2025-02-15T16:42:58.979+0000] {spark_submit.py:641} INFO - only showing top 10 rows
[2025-02-15T16:42:58.980+0000] {spark_submit.py:641} INFO - 
[2025-02-15T16:42:58.981+0000] {spark_submit.py:641} INFO - ---------------- MENAMPILKAN TIPE DATA AWAL ----------------
[2025-02-15T16:42:58.982+0000] {spark_submit.py:641} INFO - root
[2025-02-15T16:42:58.984+0000] {spark_submit.py:641} INFO - |-- employee_id: string (nullable = true)
[2025-02-15T16:42:58.987+0000] {spark_submit.py:641} INFO - |-- department: string (nullable = true)
[2025-02-15T16:42:58.989+0000] {spark_submit.py:641} INFO - |-- region: string (nullable = true)
[2025-02-15T16:42:58.990+0000] {spark_submit.py:641} INFO - |-- education: string (nullable = true)
[2025-02-15T16:42:58.991+0000] {spark_submit.py:641} INFO - |-- gender: string (nullable = true)
[2025-02-15T16:42:58.992+0000] {spark_submit.py:641} INFO - |-- recruitment_channel: string (nullable = true)
[2025-02-15T16:42:58.993+0000] {spark_submit.py:641} INFO - |-- no_of_trainings: string (nullable = true)
[2025-02-15T16:42:58.994+0000] {spark_submit.py:641} INFO - |-- age: string (nullable = true)
[2025-02-15T16:42:58.995+0000] {spark_submit.py:641} INFO - |-- previous_year_rating: string (nullable = true)
[2025-02-15T16:42:58.996+0000] {spark_submit.py:641} INFO - |-- length_of_service: string (nullable = true)
[2025-02-15T16:42:58.997+0000] {spark_submit.py:641} INFO - |-- KPIs_met_more_than_80: string (nullable = true)
[2025-02-15T16:42:58.998+0000] {spark_submit.py:641} INFO - |-- awards_won: string (nullable = true)
[2025-02-15T16:42:58.999+0000] {spark_submit.py:641} INFO - |-- avg_training_score: string (nullable = true)
[2025-02-15T16:42:59.000+0000] {spark_submit.py:641} INFO - 
[2025-02-15T16:42:59.089+0000] {spark_submit.py:641} INFO - ---------------- MENAMPILKAN TIPE DATA HASIL TRANSFORMASI ----------------
[2025-02-15T16:42:59.091+0000] {spark_submit.py:641} INFO - root
[2025-02-15T16:42:59.092+0000] {spark_submit.py:641} INFO - |-- employee_id: string (nullable = true)
[2025-02-15T16:42:59.093+0000] {spark_submit.py:641} INFO - |-- department: string (nullable = true)
[2025-02-15T16:42:59.094+0000] {spark_submit.py:641} INFO - |-- region: string (nullable = true)
[2025-02-15T16:42:59.095+0000] {spark_submit.py:641} INFO - |-- education: string (nullable = true)
[2025-02-15T16:42:59.096+0000] {spark_submit.py:641} INFO - |-- gender: string (nullable = true)
[2025-02-15T16:42:59.097+0000] {spark_submit.py:641} INFO - |-- recruitment_channel: string (nullable = true)
[2025-02-15T16:42:59.098+0000] {spark_submit.py:641} INFO - |-- no_of_trainings: integer (nullable = true)
[2025-02-15T16:42:59.099+0000] {spark_submit.py:641} INFO - |-- age: integer (nullable = true)
[2025-02-15T16:42:59.100+0000] {spark_submit.py:641} INFO - |-- previous_year_rating: integer (nullable = true)
[2025-02-15T16:42:59.101+0000] {spark_submit.py:641} INFO - |-- length_of_service: integer (nullable = true)
[2025-02-15T16:42:59.102+0000] {spark_submit.py:641} INFO - |-- KPIs_met_more_than_80: integer (nullable = true)
[2025-02-15T16:42:59.104+0000] {spark_submit.py:641} INFO - |-- awards_won: integer (nullable = true)
[2025-02-15T16:42:59.106+0000] {spark_submit.py:641} INFO - |-- avg_training_score: integer (nullable = true)
[2025-02-15T16:42:59.107+0000] {spark_submit.py:641} INFO - 
[2025-02-15T16:42:59.108+0000] {spark_submit.py:641} INFO - ---------------- MENAMPILKAN BANYAK DATA NULL DI SETIAP KOLOM ----------------
[2025-02-15T16:43:00.292+0000] {spark_submit.py:641} INFO - +----------------+---------------+-----------+--------------+-----------+------------------------+--------------------+--------+-------------------------+----------------------+--------------------------+---------------+-----------------------+
[2025-02-15T16:43:00.294+0000] {spark_submit.py:641} INFO - |employee_id_null|department_null|region_null|education_null|gender_null|recruitment_channel_null|no_of_trainings_null|age_null|previous_year_rating_null|length_of_service_null|KPIs_met_more_than_80_null|awards_won_null|avg_training_score_nuli|
[2025-02-15T16:43:00.295+0000] {spark_submit.py:641} INFO - +----------------+---------------+-----------+--------------+-----------+------------------------+--------------------+--------+-------------------------+----------------------+--------------------------+---------------+-----------------------+
[2025-02-15T16:43:00.297+0000] {spark_submit.py:641} INFO - |               0|              0|          0|           771|          0|                       0|                   0|       0|                     1363|                     0|                         0|              0|                      0|
[2025-02-15T16:43:00.298+0000] {spark_submit.py:641} INFO - +----------------+---------------+-----------+--------------+-----------+------------------------+--------------------+--------+-------------------------+----------------------+--------------------------+---------------+-----------------------+
[2025-02-15T16:43:00.299+0000] {spark_submit.py:641} INFO - 
[2025-02-15T16:43:00.300+0000] {spark_submit.py:641} INFO - ---------------- NULL HANDLING PADA KOLOM EDUCATION & PREVIOUS_YEAR_RATING ----------------
[2025-02-15T16:43:00.684+0000] {spark_submit.py:641} INFO - +--------------+-------------------------+
[2025-02-15T16:43:00.686+0000] {spark_submit.py:641} INFO - |education_null|previous_year_rating_null|
[2025-02-15T16:43:00.687+0000] {spark_submit.py:641} INFO - +--------------+-------------------------+
[2025-02-15T16:43:00.689+0000] {spark_submit.py:641} INFO - |             0|                        0|
[2025-02-15T16:43:00.690+0000] {spark_submit.py:641} INFO - +--------------+-------------------------+
[2025-02-15T16:43:00.691+0000] {spark_submit.py:641} INFO - 
[2025-02-15T16:43:00.692+0000] {spark_submit.py:641} INFO - ---------------- MENAMPILKAN BANYAK DATA DUPLIKAT BERDASARKAN EMPLOYEE_ID ----------------
[2025-02-15T16:43:02.016+0000] {spark_submit.py:641} INFO - +-----------+------+
[2025-02-15T16:43:02.018+0000] {spark_submit.py:641} INFO - |employee_id|jumlah|
[2025-02-15T16:43:02.020+0000] {spark_submit.py:641} INFO - +-----------+------+
[2025-02-15T16:43:02.021+0000] {spark_submit.py:641} INFO - |      64573|     2|
[2025-02-15T16:43:02.022+0000] {spark_submit.py:641} INFO - |      49584|     3|
[2025-02-15T16:43:02.024+0000] {spark_submit.py:641} INFO - +-----------+------+
[2025-02-15T16:43:02.027+0000] {spark_submit.py:641} INFO - 
[2025-02-15T16:43:02.028+0000] {spark_submit.py:641} INFO - ---------------- MENAMPILKAN SEMUA BARI DAN KOLOM DARI EMPLOYEE ID YANG DUPLIKAT ----------------
[2025-02-15T16:43:02.069+0000] {spark_submit.py:641} INFO - Traceback (most recent call last):
[2025-02-15T16:43:02.071+0000] {spark_submit.py:641} INFO - File "/spark-scripts/***_etl.py", line 96, in <module>
[2025-02-15T16:43:02.072+0000] {spark_submit.py:641} INFO - df_dup = df.where(df.employee_id in ('64573', '49584'))
[2025-02-15T16:43:02.074+0000] {spark_submit.py:641} INFO - File "/home/airflow/.local/lib/python3.9/site-packages/pyspark/python/lib/pyspark.zip/pyspark/sql/column.py", line 1044, in __nonzero__
[2025-02-15T16:43:02.076+0000] {spark_submit.py:641} INFO - ValueError: Cannot convert column into bool: please use '&' for 'and', '|' for 'or', '~' for 'not' when building DataFrame boolean expressions.
[2025-02-15T16:43:02.359+0000] {taskinstance.py:3311} ERROR - Task failed with exception
Traceback (most recent call last):
  File "/home/airflow/.local/lib/python3.9/site-packages/airflow/models/taskinstance.py", line 767, in _execute_task
    result = _execute_callable(context=context, **execute_callable_kwargs)
  File "/home/airflow/.local/lib/python3.9/site-packages/airflow/models/taskinstance.py", line 733, in _execute_callable
    return ExecutionCallableRunner(
  File "/home/airflow/.local/lib/python3.9/site-packages/airflow/utils/operator_helpers.py", line 252, in run
    return self.func(*args, **kwargs)
  File "/home/airflow/.local/lib/python3.9/site-packages/airflow/models/baseoperator.py", line 422, in wrapper
    return func(self, *args, **kwargs)
  File "/home/airflow/.local/lib/python3.9/site-packages/airflow/providers/apache/spark/operators/spark_submit.py", line 177, in execute
    self._hook.submit(self.application)
  File "/home/airflow/.local/lib/python3.9/site-packages/airflow/providers/apache/spark/hooks/spark_submit.py", line 567, in submit
    raise AirflowException(
airflow.exceptions.AirflowException: Cannot execute: spark-submit --master spark://***-spark-master:7077 --packages org.postgresql:postgresql:42.2.18 --name arrow-spark /spark-scripts/***_etl.py. Error code is: 1.
[2025-02-15T16:43:02.373+0000] {taskinstance.py:1225} INFO - Marking task as FAILED. dag_id=***_elt_dag, task_id=etl_task, run_id=manual__2025-02-15T16:42:48.589872+00:00, execution_date=20250215T164248, start_date=20250215T164250, end_date=20250215T164302
[2025-02-15T16:43:02.395+0000] {taskinstance.py:340} INFO - ::group::Post task execution logs
[2025-02-15T16:43:02.398+0000] {standard_task_runner.py:124} ERROR - Failed to execute job 16 for task etl_task (Cannot execute: spark-submit --master spark://***-spark-master:7077 --packages org.postgresql:postgresql:42.2.18 --name arrow-spark /spark-scripts/***_etl.py. Error code is: 1.; 4154)
Traceback (most recent call last):
  File "/home/airflow/.local/lib/python3.9/site-packages/airflow/task/task_runner/standard_task_runner.py", line 117, in _start_by_fork
    ret = args.func(args, dag=self.dag)
  File "/home/airflow/.local/lib/python3.9/site-packages/airflow/cli/cli_config.py", line 49, in command
    return func(*args, **kwargs)
  File "/home/airflow/.local/lib/python3.9/site-packages/airflow/utils/cli.py", line 116, in wrapper
    return f(*args, **kwargs)
  File "/home/airflow/.local/lib/python3.9/site-packages/airflow/cli/commands/task_command.py", line 483, in task_run
    task_return_code = _run_task_by_selected_method(args, _dag, ti)
  File "/home/airflow/.local/lib/python3.9/site-packages/airflow/cli/commands/task_command.py", line 256, in _run_task_by_selected_method
    return _run_raw_task(args, ti)
  File "/home/airflow/.local/lib/python3.9/site-packages/airflow/cli/commands/task_command.py", line 341, in _run_raw_task
    return ti._run_raw_task(
  File "/home/airflow/.local/lib/python3.9/site-packages/airflow/utils/session.py", line 97, in wrapper
    return func(*args, session=session, **kwargs)
  File "/home/airflow/.local/lib/python3.9/site-packages/airflow/models/taskinstance.py", line 3005, in _run_raw_task
    return _run_raw_task(
  File "/home/airflow/.local/lib/python3.9/site-packages/airflow/models/taskinstance.py", line 273, in _run_raw_task
    TaskInstance._execute_task_with_callbacks(
  File "/home/airflow/.local/lib/python3.9/site-packages/airflow/models/taskinstance.py", line 3159, in _execute_task_with_callbacks
    result = self._execute_task(context, task_orig)
  File "/home/airflow/.local/lib/python3.9/site-packages/airflow/models/taskinstance.py", line 3183, in _execute_task
    return _execute_task(self, context, task_orig)
  File "/home/airflow/.local/lib/python3.9/site-packages/airflow/models/taskinstance.py", line 767, in _execute_task
    result = _execute_callable(context=context, **execute_callable_kwargs)
  File "/home/airflow/.local/lib/python3.9/site-packages/airflow/models/taskinstance.py", line 733, in _execute_callable
    return ExecutionCallableRunner(
  File "/home/airflow/.local/lib/python3.9/site-packages/airflow/utils/operator_helpers.py", line 252, in run
    return self.func(*args, **kwargs)
  File "/home/airflow/.local/lib/python3.9/site-packages/airflow/models/baseoperator.py", line 422, in wrapper
    return func(self, *args, **kwargs)
  File "/home/airflow/.local/lib/python3.9/site-packages/airflow/providers/apache/spark/operators/spark_submit.py", line 177, in execute
    self._hook.submit(self.application)
  File "/home/airflow/.local/lib/python3.9/site-packages/airflow/providers/apache/spark/hooks/spark_submit.py", line 567, in submit
    raise AirflowException(
airflow.exceptions.AirflowException: Cannot execute: spark-submit --master spark://***-spark-master:7077 --packages org.postgresql:postgresql:42.2.18 --name arrow-spark /spark-scripts/***_etl.py. Error code is: 1.
[2025-02-15T16:43:02.440+0000] {local_task_job_runner.py:266} INFO - Task exited with return code 1
[2025-02-15T16:43:02.464+0000] {taskinstance.py:3895} INFO - 0 downstream tasks scheduled from follow-on schedule check
[2025-02-15T16:43:02.469+0000] {local_task_job_runner.py:245} INFO - ::endgroup::
