[2025-02-15T16:57:10.388+0000] {local_task_job_runner.py:123} INFO - ::group::Pre task execution logs
[2025-02-15T16:57:10.422+0000] {taskinstance.py:2613} INFO - Dependencies all met for dep_context=non-requeueable deps ti=<TaskInstance: finprode8_elt_dag.etl_task manual__2025-02-15T16:42:48.589872+00:00 [queued]>
[2025-02-15T16:57:10.438+0000] {taskinstance.py:2613} INFO - Dependencies all met for dep_context=requeueable deps ti=<TaskInstance: finprode8_elt_dag.etl_task manual__2025-02-15T16:42:48.589872+00:00 [queued]>
[2025-02-15T16:57:10.441+0000] {taskinstance.py:2866} INFO - Starting attempt 6 of 6
[2025-02-15T16:57:10.471+0000] {taskinstance.py:2889} INFO - Executing <Task(SparkSubmitOperator): etl_task> on 2025-02-15 16:42:48.589872+00:00
[2025-02-15T16:57:10.480+0000] {standard_task_runner.py:72} INFO - Started process 5458 to run task
[2025-02-15T16:57:10.488+0000] {standard_task_runner.py:104} INFO - Running: ['airflow', 'tasks', 'run', '***_elt_dag', 'etl_task', 'manual__2025-02-15T16:42:48.589872+00:00', '--job-id', '21', '--raw', '--subdir', 'DAGS_FOLDER/***_etl_dag.py', '--cfg-path', '/tmp/tmp9vx_t9mk']
[2025-02-15T16:57:10.493+0000] {standard_task_runner.py:105} INFO - Job 21: Subtask etl_task
[2025-02-15T16:57:10.518+0000] {logging_mixin.py:190} WARNING - /home/airflow/.local/lib/python3.9/site-packages/airflow/settings.py:209 DeprecationWarning: The sql_alchemy_conn option in [core] has been moved to the sql_alchemy_conn option in [database] - the old setting has been used, but please update your config.
[2025-02-15T16:57:10.573+0000] {task_command.py:467} INFO - Running <TaskInstance: finprode8_elt_dag.etl_task manual__2025-02-15T16:42:48.589872+00:00 [running]> on host ***-airflow-scheduler
[2025-02-15T16:57:10.787+0000] {taskinstance.py:3132} INFO - Exporting env vars: AIRFLOW_CTX_DAG_OWNER='ratih malini' AIRFLOW_CTX_DAG_ID='***_elt_dag' AIRFLOW_CTX_TASK_ID='etl_task' AIRFLOW_CTX_EXECUTION_DATE='2025-02-15T16:42:48.589872+00:00' AIRFLOW_CTX_TRY_NUMBER='6' AIRFLOW_CTX_DAG_RUN_ID='manual__2025-02-15T16:42:48.589872+00:00'
[2025-02-15T16:57:10.790+0000] {taskinstance.py:731} INFO - ::endgroup::
[2025-02-15T16:57:10.846+0000] {base.py:84} INFO - Retrieving connection 'spark_main'
[2025-02-15T16:57:10.848+0000] {spark_submit.py:474} INFO - Spark-Submit cmd: spark-submit --master spark://***-spark-master:7077 --packages org.postgresql:postgresql:42.2.18 --name arrow-spark /spark-scripts/***_etl.py
[2025-02-15T16:57:12.468+0000] {spark_submit.py:641} INFO - :: loading settings :: url = jar:file:/home/airflow/.local/lib/python3.9/site-packages/pyspark/jars/ivy-2.5.1.jar!/org/apache/ivy/core/settings/ivysettings.xml
[2025-02-15T16:57:12.572+0000] {spark_submit.py:641} INFO - Ivy Default Cache set to: /home/airflow/.ivy2/cache
[2025-02-15T16:57:12.574+0000] {spark_submit.py:641} INFO - The jars for the packages stored in: /home/airflow/.ivy2/jars
[2025-02-15T16:57:12.587+0000] {spark_submit.py:641} INFO - org.postgresql#postgresql added as a dependency
[2025-02-15T16:57:12.589+0000] {spark_submit.py:641} INFO - :: resolving dependencies :: org.apache.spark#spark-submit-parent-57ccef58-eead-4eaa-a93e-104d3edda338;1.0
[2025-02-15T16:57:12.591+0000] {spark_submit.py:641} INFO - confs: [default]
[2025-02-15T16:57:12.776+0000] {spark_submit.py:641} INFO - found org.postgresql#postgresql;42.2.18 in central
[2025-02-15T16:57:12.804+0000] {spark_submit.py:641} INFO - found org.checkerframework#checker-qual;3.5.0 in central
[2025-02-15T16:57:12.822+0000] {spark_submit.py:641} INFO - :: resolution report :: resolve 228ms :: artifacts dl 6ms
[2025-02-15T16:57:12.824+0000] {spark_submit.py:641} INFO - :: modules in use:
[2025-02-15T16:57:12.825+0000] {spark_submit.py:641} INFO - org.checkerframework#checker-qual;3.5.0 from central in [default]
[2025-02-15T16:57:12.826+0000] {spark_submit.py:641} INFO - org.postgresql#postgresql;42.2.18 from central in [default]
[2025-02-15T16:57:12.828+0000] {spark_submit.py:641} INFO - ---------------------------------------------------------------------
[2025-02-15T16:57:12.829+0000] {spark_submit.py:641} INFO - |                  |            modules            ||   artifacts   |
[2025-02-15T16:57:12.830+0000] {spark_submit.py:641} INFO - |       conf       | number| search|dwnlded|evicted|| number|dwnlded|
[2025-02-15T16:57:12.832+0000] {spark_submit.py:641} INFO - ---------------------------------------------------------------------
[2025-02-15T16:57:12.833+0000] {spark_submit.py:641} INFO - |      default     |   2   |   0   |   0   |   0   ||   2   |   0   |
[2025-02-15T16:57:12.834+0000] {spark_submit.py:641} INFO - ---------------------------------------------------------------------
[2025-02-15T16:57:12.835+0000] {spark_submit.py:641} INFO - :: retrieving :: org.apache.spark#spark-submit-parent-57ccef58-eead-4eaa-a93e-104d3edda338
[2025-02-15T16:57:12.836+0000] {spark_submit.py:641} INFO - confs: [default]
[2025-02-15T16:57:12.837+0000] {spark_submit.py:641} INFO - 0 artifacts copied, 2 already retrieved (0kB/6ms)
[2025-02-15T16:57:13.062+0000] {spark_submit.py:641} INFO - 25/02/15 16:57:13 WARN NativeCodeLoader: Unable to load native-hadoop library for your platform... using builtin-java classes where applicable
[2025-02-15T16:57:14.024+0000] {spark_submit.py:641} INFO - 25/02/15 16:57:14 INFO SparkContext: Running Spark version 3.3.2
[2025-02-15T16:57:14.048+0000] {spark_submit.py:641} INFO - 25/02/15 16:57:14 INFO ResourceUtils: ==============================================================
[2025-02-15T16:57:14.049+0000] {spark_submit.py:641} INFO - 25/02/15 16:57:14 INFO ResourceUtils: No custom resources configured for spark.driver.
[2025-02-15T16:57:14.051+0000] {spark_submit.py:641} INFO - 25/02/15 16:57:14 INFO ResourceUtils: ==============================================================
[2025-02-15T16:57:14.053+0000] {spark_submit.py:641} INFO - 25/02/15 16:57:14 INFO SparkContext: Submitted application: ***
[2025-02-15T16:57:14.069+0000] {spark_submit.py:641} INFO - 25/02/15 16:57:14 INFO ResourceProfile: Default ResourceProfile created, executor resources: Map(cores -> name: cores, amount: 1, script: , vendor: , memory -> name: memory, amount: 1024, script: , vendor: , offHeap -> name: offHeap, amount: 0, script: , vendor: ), task resources: Map(cpus -> name: cpus, amount: 1.0)
[2025-02-15T16:57:14.077+0000] {spark_submit.py:641} INFO - 25/02/15 16:57:14 INFO ResourceProfile: Limiting resource is cpu
[2025-02-15T16:57:14.079+0000] {spark_submit.py:641} INFO - 25/02/15 16:57:14 INFO ResourceProfileManager: Added ResourceProfile id: 0
[2025-02-15T16:57:14.121+0000] {spark_submit.py:641} INFO - 25/02/15 16:57:14 INFO SecurityManager: Changing view acls to: airflow
[2025-02-15T16:57:14.123+0000] {spark_submit.py:641} INFO - 25/02/15 16:57:14 INFO SecurityManager: Changing modify acls to: airflow
[2025-02-15T16:57:14.124+0000] {spark_submit.py:641} INFO - 25/02/15 16:57:14 INFO SecurityManager: Changing view acls groups to:
[2025-02-15T16:57:14.125+0000] {spark_submit.py:641} INFO - 25/02/15 16:57:14 INFO SecurityManager: Changing modify acls groups to:
[2025-02-15T16:57:14.127+0000] {spark_submit.py:641} INFO - 25/02/15 16:57:14 INFO SecurityManager: SecurityManager: authentication disabled; ui acls disabled; users  with view permissions: Set(airflow); groups with view permissions: Set(); users  with modify permissions: Set(airflow); groups with modify permissions: Set()
[2025-02-15T16:57:14.356+0000] {spark_submit.py:641} INFO - 25/02/15 16:57:14 INFO Utils: Successfully started service 'sparkDriver' on port 44651.
[2025-02-15T16:57:14.399+0000] {spark_submit.py:641} INFO - 25/02/15 16:57:14 INFO SparkEnv: Registering MapOutputTracker
[2025-02-15T16:57:14.469+0000] {spark_submit.py:641} INFO - 25/02/15 16:57:14 INFO SparkEnv: Registering BlockManagerMaster
[2025-02-15T16:57:14.504+0000] {spark_submit.py:641} INFO - 25/02/15 16:57:14 INFO BlockManagerMasterEndpoint: Using org.apache.spark.storage.DefaultTopologyMapper for getting topology information
[2025-02-15T16:57:14.506+0000] {spark_submit.py:641} INFO - 25/02/15 16:57:14 INFO BlockManagerMasterEndpoint: BlockManagerMasterEndpoint up
[2025-02-15T16:57:14.517+0000] {spark_submit.py:641} INFO - 25/02/15 16:57:14 INFO SparkEnv: Registering BlockManagerMasterHeartbeat
[2025-02-15T16:57:14.546+0000] {spark_submit.py:641} INFO - 25/02/15 16:57:14 INFO DiskBlockManager: Created local directory at /tmp/blockmgr-a996a067-855b-4237-8a01-7e22982216a3
[2025-02-15T16:57:14.568+0000] {spark_submit.py:641} INFO - 25/02/15 16:57:14 INFO MemoryStore: MemoryStore started with capacity 434.4 MiB
[2025-02-15T16:57:14.593+0000] {spark_submit.py:641} INFO - 25/02/15 16:57:14 INFO SparkEnv: Registering OutputCommitCoordinator
[2025-02-15T16:57:14.818+0000] {spark_submit.py:641} INFO - 25/02/15 16:57:14 INFO Utils: Successfully started service 'SparkUI' on port 4040.
[2025-02-15T16:57:14.872+0000] {spark_submit.py:641} INFO - 25/02/15 16:57:14 INFO SparkContext: Added JAR /spark-scripts/jars/postgresql-42.2.18.jar at spark://***-airflow-scheduler:44651/jars/postgresql-42.2.18.jar with timestamp 1739638634018
[2025-02-15T16:57:14.874+0000] {spark_submit.py:641} INFO - 25/02/15 16:57:14 INFO SparkContext: Added file file:///home/airflow/.ivy2/jars/org.postgresql_postgresql-42.2.18.jar at file:///home/airflow/.ivy2/jars/org.postgresql_postgresql-42.2.18.jar with timestamp 1739638634018
[2025-02-15T16:57:14.876+0000] {spark_submit.py:641} INFO - 25/02/15 16:57:14 INFO Utils: Copying /home/airflow/.ivy2/jars/org.postgresql_postgresql-42.2.18.jar to /tmp/spark-3bf273d7-0e8e-47bd-a9dd-a0f16b08ec1f/userFiles-1b520f75-cb85-4381-b851-b691e26fb8a4/org.postgresql_postgresql-42.2.18.jar
[2025-02-15T16:57:14.902+0000] {spark_submit.py:641} INFO - 25/02/15 16:57:14 INFO SparkContext: Added file file:///home/airflow/.ivy2/jars/org.checkerframework_checker-qual-3.5.0.jar at file:///home/airflow/.ivy2/jars/org.checkerframework_checker-qual-3.5.0.jar with timestamp 1739638634018
[2025-02-15T16:57:14.904+0000] {spark_submit.py:641} INFO - 25/02/15 16:57:14 INFO Utils: Copying /home/airflow/.ivy2/jars/org.checkerframework_checker-qual-3.5.0.jar to /tmp/spark-3bf273d7-0e8e-47bd-a9dd-a0f16b08ec1f/userFiles-1b520f75-cb85-4381-b851-b691e26fb8a4/org.checkerframework_checker-qual-3.5.0.jar
[2025-02-15T16:57:15.017+0000] {spark_submit.py:641} INFO - 25/02/15 16:57:15 INFO Executor: Starting executor ID driver on host ***-airflow-scheduler
[2025-02-15T16:57:15.032+0000] {spark_submit.py:641} INFO - 25/02/15 16:57:15 INFO Executor: Starting executor with user classpath (userClassPathFirst = false): ''
[2025-02-15T16:57:15.043+0000] {spark_submit.py:641} INFO - 25/02/15 16:57:15 INFO Executor: Fetching file:///home/airflow/.ivy2/jars/org.postgresql_postgresql-42.2.18.jar with timestamp 1739638634018
[2025-02-15T16:57:15.064+0000] {spark_submit.py:641} INFO - 25/02/15 16:57:15 INFO Utils: /home/airflow/.ivy2/jars/org.postgresql_postgresql-42.2.18.jar has been previously copied to /tmp/spark-3bf273d7-0e8e-47bd-a9dd-a0f16b08ec1f/userFiles-1b520f75-cb85-4381-b851-b691e26fb8a4/org.postgresql_postgresql-42.2.18.jar
[2025-02-15T16:57:15.074+0000] {spark_submit.py:641} INFO - 25/02/15 16:57:15 INFO Executor: Fetching file:///home/airflow/.ivy2/jars/org.checkerframework_checker-qual-3.5.0.jar with timestamp 1739638634018
[2025-02-15T16:57:15.076+0000] {spark_submit.py:641} INFO - 25/02/15 16:57:15 INFO Utils: /home/airflow/.ivy2/jars/org.checkerframework_checker-qual-3.5.0.jar has been previously copied to /tmp/spark-3bf273d7-0e8e-47bd-a9dd-a0f16b08ec1f/userFiles-1b520f75-cb85-4381-b851-b691e26fb8a4/org.checkerframework_checker-qual-3.5.0.jar
[2025-02-15T16:57:15.085+0000] {spark_submit.py:641} INFO - 25/02/15 16:57:15 INFO Executor: Fetching spark://***-airflow-scheduler:44651/jars/postgresql-42.2.18.jar with timestamp 1739638634018
[2025-02-15T16:57:15.118+0000] {spark_submit.py:641} INFO - 25/02/15 16:57:15 INFO TransportClientFactory: Successfully created connection to ***-airflow-scheduler/172.19.0.6:44651 after 22 ms (0 ms spent in bootstraps)
[2025-02-15T16:57:15.124+0000] {spark_submit.py:641} INFO - 25/02/15 16:57:15 INFO Utils: Fetching spark://***-airflow-scheduler:44651/jars/postgresql-42.2.18.jar to /tmp/spark-3bf273d7-0e8e-47bd-a9dd-a0f16b08ec1f/userFiles-1b520f75-cb85-4381-b851-b691e26fb8a4/fetchFileTemp7223151024793237980.tmp
[2025-02-15T16:57:15.195+0000] {spark_submit.py:641} INFO - 25/02/15 16:57:15 INFO Executor: Adding file:/tmp/spark-3bf273d7-0e8e-47bd-a9dd-a0f16b08ec1f/userFiles-1b520f75-cb85-4381-b851-b691e26fb8a4/postgresql-42.2.18.jar to class loader
[2025-02-15T16:57:15.202+0000] {spark_submit.py:641} INFO - 25/02/15 16:57:15 INFO Utils: Successfully started service 'org.apache.spark.network.netty.NettyBlockTransferService' on port 35129.
[2025-02-15T16:57:15.203+0000] {spark_submit.py:641} INFO - 25/02/15 16:57:15 INFO NettyBlockTransferService: Server created on ***-airflow-scheduler:35129
[2025-02-15T16:57:15.205+0000] {spark_submit.py:641} INFO - 25/02/15 16:57:15 INFO BlockManager: Using org.apache.spark.storage.RandomBlockReplicationPolicy for block replication policy
[2025-02-15T16:57:15.210+0000] {spark_submit.py:641} INFO - 25/02/15 16:57:15 INFO BlockManagerMaster: Registering BlockManager BlockManagerId(driver, ***-airflow-scheduler, 35129, None)
[2025-02-15T16:57:15.214+0000] {spark_submit.py:641} INFO - 25/02/15 16:57:15 INFO BlockManagerMasterEndpoint: Registering block manager ***-airflow-scheduler:35129 with 434.4 MiB RAM, BlockManagerId(driver, ***-airflow-scheduler, 35129, None)
[2025-02-15T16:57:15.216+0000] {spark_submit.py:641} INFO - 25/02/15 16:57:15 INFO BlockManagerMaster: Registered BlockManager BlockManagerId(driver, ***-airflow-scheduler, 35129, None)
[2025-02-15T16:57:15.217+0000] {spark_submit.py:641} INFO - 25/02/15 16:57:15 INFO BlockManager: Initialized BlockManager: BlockManagerId(driver, ***-airflow-scheduler, 35129, None)
[2025-02-15T16:57:19.067+0000] {spark_submit.py:641} INFO - ---------------- MENAMPILKAN DATASET ----------------
[2025-02-15T16:57:19.278+0000] {spark_submit.py:641} INFO - +-----------+-----------------+---------+---------------+------+-------------------+---------------+---+--------------------+-----------------+---------------------+----------+------------------+
[2025-02-15T16:57:19.280+0000] {spark_submit.py:641} INFO - |employee_id|       department|   region|      education|gender|recruitment_channel|no_of_trainings|age|previous_year_rating|length_of_service|KPIs_met_more_than_80|awards_won|avg_training_score|
[2025-02-15T16:57:19.282+0000] {spark_submit.py:641} INFO - +-----------+-----------------+---------+---------------+------+-------------------+---------------+---+--------------------+-----------------+---------------------+----------+------------------+
[2025-02-15T16:57:19.283+0000] {spark_submit.py:641} INFO - |       8724|       Technology|region_26|      Bachelors|     m|           sourcing|              1| 24|                null|                1|                    1|         0|                77|
[2025-02-15T16:57:19.285+0000] {spark_submit.py:641} INFO - |      74430|               HR| region_4|      Bachelors|     f|              other|              1| 31|                   3|                5|                    0|         0|                51|
[2025-02-15T16:57:19.287+0000] {spark_submit.py:641} INFO - |      72255|Sales & Marketing|region_13|      Bachelors|     m|              other|              1| 31|                   1|                4|                    0|         0|                47|
[2025-02-15T16:57:19.288+0000] {spark_submit.py:641} INFO - |      38562|      Procurement| region_2|      Bachelors|     f|              other|              3| 31|                   2|                9|                    0|         0|                65|
[2025-02-15T16:57:19.290+0000] {spark_submit.py:641} INFO - |      64486|          Finance|region_29|      Bachelors|     m|           sourcing|              1| 30|                   4|                7|                    0|         0|                61|
[2025-02-15T16:57:19.292+0000] {spark_submit.py:641} INFO - |      46232|      Procurement| region_7|      Bachelors|     m|           sourcing|              1| 36|                   3|                2|                    0|         0|                68|
[2025-02-15T16:57:19.293+0000] {spark_submit.py:641} INFO - |      54542|          Finance| region_2|      Bachelors|     m|              other|              1| 33|                   5|                3|                    1|         0|                57|
[2025-02-15T16:57:19.295+0000] {spark_submit.py:641} INFO - |      67269|        Analytics|region_22|      Bachelors|     m|           sourcing|              2| 36|                   3|                3|                    0|         0|                85|
[2025-02-15T16:57:19.296+0000] {spark_submit.py:641} INFO - |      66174|       Technology| region_7|Masters & above|     m|              other|              1| 51|                   4|               11|                    0|         0|                75|
[2025-02-15T16:57:19.298+0000] {spark_submit.py:641} INFO - |      76303|       Technology|region_22|      Bachelors|     m|           sourcing|              1| 29|                   5|                2|                    1|         0|                76|
[2025-02-15T16:57:19.300+0000] {spark_submit.py:641} INFO - +-----------+-----------------+---------+---------------+------+-------------------+---------------+---+--------------------+-----------------+---------------------+----------+------------------+
[2025-02-15T16:57:19.302+0000] {spark_submit.py:641} INFO - only showing top 10 rows
[2025-02-15T16:57:19.304+0000] {spark_submit.py:641} INFO - 
[2025-02-15T16:57:19.305+0000] {spark_submit.py:641} INFO - ---------------- MENAMPILKAN TIPE DATA AWAL ----------------
[2025-02-15T16:57:19.306+0000] {spark_submit.py:641} INFO - root
[2025-02-15T16:57:19.307+0000] {spark_submit.py:641} INFO - |-- employee_id: string (nullable = true)
[2025-02-15T16:57:19.309+0000] {spark_submit.py:641} INFO - |-- department: string (nullable = true)
[2025-02-15T16:57:19.310+0000] {spark_submit.py:641} INFO - |-- region: string (nullable = true)
[2025-02-15T16:57:19.312+0000] {spark_submit.py:641} INFO - |-- education: string (nullable = true)
[2025-02-15T16:57:19.313+0000] {spark_submit.py:641} INFO - |-- gender: string (nullable = true)
[2025-02-15T16:57:19.314+0000] {spark_submit.py:641} INFO - |-- recruitment_channel: string (nullable = true)
[2025-02-15T16:57:19.316+0000] {spark_submit.py:641} INFO - |-- no_of_trainings: string (nullable = true)
[2025-02-15T16:57:19.317+0000] {spark_submit.py:641} INFO - |-- age: string (nullable = true)
[2025-02-15T16:57:19.319+0000] {spark_submit.py:641} INFO - |-- previous_year_rating: string (nullable = true)
[2025-02-15T16:57:19.321+0000] {spark_submit.py:641} INFO - |-- length_of_service: string (nullable = true)
[2025-02-15T16:57:19.323+0000] {spark_submit.py:641} INFO - |-- KPIs_met_more_than_80: string (nullable = true)
[2025-02-15T16:57:19.325+0000] {spark_submit.py:641} INFO - |-- awards_won: string (nullable = true)
[2025-02-15T16:57:19.327+0000] {spark_submit.py:641} INFO - |-- avg_training_score: string (nullable = true)
[2025-02-15T16:57:19.329+0000] {spark_submit.py:641} INFO - 
[2025-02-15T16:57:19.387+0000] {spark_submit.py:641} INFO - ---------------- MENAMPILKAN TIPE DATA HASIL TRANSFORMASI ----------------
[2025-02-15T16:57:19.389+0000] {spark_submit.py:641} INFO - root
[2025-02-15T16:57:19.391+0000] {spark_submit.py:641} INFO - |-- employee_id: string (nullable = true)
[2025-02-15T16:57:19.392+0000] {spark_submit.py:641} INFO - |-- department: string (nullable = true)
[2025-02-15T16:57:19.393+0000] {spark_submit.py:641} INFO - |-- region: string (nullable = true)
[2025-02-15T16:57:19.395+0000] {spark_submit.py:641} INFO - |-- education: string (nullable = true)
[2025-02-15T16:57:19.396+0000] {spark_submit.py:641} INFO - |-- gender: string (nullable = true)
[2025-02-15T16:57:19.398+0000] {spark_submit.py:641} INFO - |-- recruitment_channel: string (nullable = true)
[2025-02-15T16:57:19.399+0000] {spark_submit.py:641} INFO - |-- no_of_trainings: integer (nullable = true)
[2025-02-15T16:57:19.400+0000] {spark_submit.py:641} INFO - |-- age: integer (nullable = true)
[2025-02-15T16:57:19.402+0000] {spark_submit.py:641} INFO - |-- previous_year_rating: integer (nullable = true)
[2025-02-15T16:57:19.403+0000] {spark_submit.py:641} INFO - |-- length_of_service: integer (nullable = true)
[2025-02-15T16:57:19.405+0000] {spark_submit.py:641} INFO - |-- KPIs_met_more_than_80: integer (nullable = true)
[2025-02-15T16:57:19.406+0000] {spark_submit.py:641} INFO - |-- awards_won: integer (nullable = true)
[2025-02-15T16:57:19.408+0000] {spark_submit.py:641} INFO - |-- avg_training_score: integer (nullable = true)
[2025-02-15T16:57:19.409+0000] {spark_submit.py:641} INFO - 
[2025-02-15T16:57:19.411+0000] {spark_submit.py:641} INFO - ---------------- MENAMPILKAN BANYAK DATA NULL DI SETIAP KOLOM ----------------
[2025-02-15T16:57:20.262+0000] {spark_submit.py:641} INFO - +----------------+---------------+-----------+--------------+-----------+------------------------+--------------------+--------+-------------------------+----------------------+--------------------------+---------------+-----------------------+
[2025-02-15T16:57:20.264+0000] {spark_submit.py:641} INFO - |employee_id_null|department_null|region_null|education_null|gender_null|recruitment_channel_null|no_of_trainings_null|age_null|previous_year_rating_null|length_of_service_null|KPIs_met_more_than_80_null|awards_won_null|avg_training_score_nuli|
[2025-02-15T16:57:20.266+0000] {spark_submit.py:641} INFO - +----------------+---------------+-----------+--------------+-----------+------------------------+--------------------+--------+-------------------------+----------------------+--------------------------+---------------+-----------------------+
[2025-02-15T16:57:20.268+0000] {spark_submit.py:641} INFO - |               0|              0|          0|           771|          0|                       0|                   0|       0|                     1363|                     0|                         0|              0|                      0|
[2025-02-15T16:57:20.270+0000] {spark_submit.py:641} INFO - +----------------+---------------+-----------+--------------+-----------+------------------------+--------------------+--------+-------------------------+----------------------+--------------------------+---------------+-----------------------+
[2025-02-15T16:57:20.272+0000] {spark_submit.py:641} INFO - 
[2025-02-15T16:57:20.273+0000] {spark_submit.py:641} INFO - ---------------- NULL HANDLING PADA KOLOM EDUCATION & PREVIOUS_YEAR_RATING ----------------
[2025-02-15T16:57:20.557+0000] {spark_submit.py:641} INFO - +--------------+-------------------------+
[2025-02-15T16:57:20.559+0000] {spark_submit.py:641} INFO - |education_null|previous_year_rating_null|
[2025-02-15T16:57:20.560+0000] {spark_submit.py:641} INFO - +--------------+-------------------------+
[2025-02-15T16:57:20.562+0000] {spark_submit.py:641} INFO - |             0|                        0|
[2025-02-15T16:57:20.564+0000] {spark_submit.py:641} INFO - +--------------+-------------------------+
[2025-02-15T16:57:20.565+0000] {spark_submit.py:641} INFO - 
[2025-02-15T16:57:20.566+0000] {spark_submit.py:641} INFO - ---------------- MENAMPILKAN BANYAK DATA DUPLIKAT BERDASARKAN EMPLOYEE_ID ----------------
[2025-02-15T16:57:21.653+0000] {spark_submit.py:641} INFO - +-----------+------+
[2025-02-15T16:57:21.656+0000] {spark_submit.py:641} INFO - |employee_id|jumlah|
[2025-02-15T16:57:21.658+0000] {spark_submit.py:641} INFO - +-----------+------+
[2025-02-15T16:57:21.659+0000] {spark_submit.py:641} INFO - |      64573|     2|
[2025-02-15T16:57:21.661+0000] {spark_submit.py:641} INFO - |      49584|     3|
[2025-02-15T16:57:21.663+0000] {spark_submit.py:641} INFO - +-----------+------+
[2025-02-15T16:57:21.664+0000] {spark_submit.py:641} INFO - 
[2025-02-15T16:57:21.666+0000] {spark_submit.py:641} INFO - ---------------- MENAMPILKAN SEMUA BARIS DAN KOLOM DARI EMPLOYEE ID YANG DUPLIKAT ----------------
[2025-02-15T16:57:22.615+0000] {spark_submit.py:641} INFO - +-----------+----------+--------+---------+------+-------------------+---------------+---+--------------------+-----------------+---------------------+----------+------------------+
[2025-02-15T16:57:22.617+0000] {spark_submit.py:641} INFO - |employee_id|department|  region|education|gender|recruitment_channel|no_of_trainings|age|previous_year_rating|length_of_service|KPIs_met_more_than_80|awards_won|avg_training_score|
[2025-02-15T16:57:22.618+0000] {spark_submit.py:641} INFO - +-----------+----------+--------+---------+------+-------------------+---------------+---+--------------------+-----------------+---------------------+----------+------------------+
[2025-02-15T16:57:22.620+0000] {spark_submit.py:641} INFO - |      49584|        HR|region_7|Bachelors|     m|              other|              1| 33|                   1|                9|                    0|         0|                51|
[2025-02-15T16:57:22.621+0000] {spark_submit.py:641} INFO - |      49584|        HR|region_7|Bachelors|     m|              other|              1| 33|                   1|                9|                    0|         0|                51|
[2025-02-15T16:57:22.623+0000] {spark_submit.py:641} INFO - |      49584|        HR|region_7|Bachelors|     m|              other|              1| 33|                   1|                9|                    0|         0|                51|
[2025-02-15T16:57:22.624+0000] {spark_submit.py:641} INFO - |      64573|Technology|region_7|Bachelors|     f|           referred|              2| 30|                   5|                6|                    1|         0|                81|
[2025-02-15T16:57:22.626+0000] {spark_submit.py:641} INFO - |      64573|        HR|region_7|Bachelors|     f|           referred|              1| 35|                   5|                4|                    1|         0|                81|
[2025-02-15T16:57:22.627+0000] {spark_submit.py:641} INFO - +-----------+----------+--------+---------+------+-------------------+---------------+---+--------------------+-----------------+---------------------+----------+------------------+
[2025-02-15T16:57:22.628+0000] {spark_submit.py:641} INFO - 
[2025-02-15T16:57:22.630+0000] {spark_submit.py:641} INFO - ---------------- MENAMPILKAN SEMUA BARIS DAN KOLOM DARI EMPLOYEE ID YANG SUDAH DIHANDLE DUPLIKASINYA ----------------
[2025-02-15T16:57:22.869+0000] {spark_submit.py:641} INFO - +-----------+----------+--------+---------+------+-------------------+---------------+---+--------------------+-----------------+---------------------+----------+------------------+
[2025-02-15T16:57:22.871+0000] {spark_submit.py:641} INFO - |employee_id|department|  region|education|gender|recruitment_channel|no_of_trainings|age|previous_year_rating|length_of_service|KPIs_met_more_than_80|awards_won|avg_training_score|
[2025-02-15T16:57:22.873+0000] {spark_submit.py:641} INFO - +-----------+----------+--------+---------+------+-------------------+---------------+---+--------------------+-----------------+---------------------+----------+------------------+
[2025-02-15T16:57:22.876+0000] {spark_submit.py:641} INFO - |      49584|        HR|region_7|Bachelors|     m|              other|              1| 33|                   1|                9|                    0|         0|                51|
[2025-02-15T16:57:22.878+0000] {spark_submit.py:641} INFO - |      49584|        HR|region_7|Bachelors|     m|              other|              1| 33|                   1|                9|                    0|         0|                51|
[2025-02-15T16:57:22.880+0000] {spark_submit.py:641} INFO - |      49584|        HR|region_7|Bachelors|     m|              other|              1| 33|                   1|                9|                    0|         0|                51|
[2025-02-15T16:57:22.882+0000] {spark_submit.py:641} INFO - |      64573|Technology|region_7|Bachelors|     f|           referred|              2| 30|                   5|                6|                    1|         0|                81|
[2025-02-15T16:57:22.884+0000] {spark_submit.py:641} INFO - |      64573|        HR|region_7|Bachelors|     f|           referred|              1| 35|                   5|                4|                    1|         0|                81|
[2025-02-15T16:57:22.886+0000] {spark_submit.py:641} INFO - +-----------+----------+--------+---------+------+-------------------+---------------+---+--------------------+-----------------+---------------------+----------+------------------+
[2025-02-15T16:57:22.889+0000] {spark_submit.py:641} INFO - 
[2025-02-15T16:57:24.204+0000] {spark_submit.py:641} INFO - ---------------- MENAMPILKAN DATA HASIL LOAD KE POSTGRES ----------------
[2025-02-15T16:57:24.399+0000] {spark_submit.py:641} INFO - +-----------+-----------------+---------+---------------+------+-------------------+---------------+---+--------------------+-----------------+---------------------+----------+------------------+
[2025-02-15T16:57:24.413+0000] {spark_submit.py:641} INFO - |employee_id|       department|   region|      education|gender|recruitment_channel|no_of_trainings|age|previous_year_rating|length_of_service|KPIs_met_more_than_80|awards_won|avg_training_score|
[2025-02-15T16:57:24.414+0000] {spark_submit.py:641} INFO - +-----------+-----------------+---------+---------------+------+-------------------+---------------+---+--------------------+-----------------+---------------------+----------+------------------+
[2025-02-15T16:57:24.415+0000] {spark_submit.py:641} INFO - |       8724|       Technology|region_26|      Bachelors|     m|           sourcing|              1| 24|                   0|                1|                    1|         0|                77|
[2025-02-15T16:57:24.417+0000] {spark_submit.py:641} INFO - |      74430|               HR| region_4|      Bachelors|     f|              other|              1| 31|                   3|                5|                    0|         0|                51|
[2025-02-15T16:57:24.418+0000] {spark_submit.py:641} INFO - |      72255|Sales & Marketing|region_13|      Bachelors|     m|              other|              1| 31|                   1|                4|                    0|         0|                47|
[2025-02-15T16:57:24.419+0000] {spark_submit.py:641} INFO - |      38562|      Procurement| region_2|      Bachelors|     f|              other|              3| 31|                   2|                9|                    0|         0|                65|
[2025-02-15T16:57:24.420+0000] {spark_submit.py:641} INFO - |      64486|          Finance|region_29|      Bachelors|     m|           sourcing|              1| 30|                   4|                7|                    0|         0|                61|
[2025-02-15T16:57:24.421+0000] {spark_submit.py:641} INFO - |      46232|      Procurement| region_7|      Bachelors|     m|           sourcing|              1| 36|                   3|                2|                    0|         0|                68|
[2025-02-15T16:57:24.423+0000] {spark_submit.py:641} INFO - |      54542|          Finance| region_2|      Bachelors|     m|              other|              1| 33|                   5|                3|                    1|         0|                57|
[2025-02-15T16:57:24.424+0000] {spark_submit.py:641} INFO - |      67269|        Analytics|region_22|      Bachelors|     m|           sourcing|              2| 36|                   3|                3|                    0|         0|                85|
[2025-02-15T16:57:24.426+0000] {spark_submit.py:641} INFO - |      66174|       Technology| region_7|Masters & above|     m|              other|              1| 51|                   4|               11|                    0|         0|                75|
[2025-02-15T16:57:24.427+0000] {spark_submit.py:641} INFO - |      76303|       Technology|region_22|      Bachelors|     m|           sourcing|              1| 29|                   5|                2|                    1|         0|                76|
[2025-02-15T16:57:24.428+0000] {spark_submit.py:641} INFO - |      60245|Sales & Marketing|region_16|      Bachelors|     m|           sourcing|              2| 40|                   5|               12|                    1|         0|                50|
[2025-02-15T16:57:24.430+0000] {spark_submit.py:641} INFO - |      42639|Sales & Marketing|region_17|Masters & above|     m|           sourcing|              1| 40|                   3|               10|                    0|         0|                46|
[2025-02-15T16:57:24.432+0000] {spark_submit.py:641} INFO - |      30963|Sales & Marketing| region_4|Masters & above|     f|              other|              1| 34|                   3|                4|                    0|         0|                52|
[2025-02-15T16:57:24.433+0000] {spark_submit.py:641} INFO - |      54055|        Analytics|region_24|      Bachelors|     m|              other|              1| 37|                   3|               10|                    0|         0|                82|
[2025-02-15T16:57:24.435+0000] {spark_submit.py:641} INFO - |      42996|       Operations|region_11|      Bachelors|     m|           sourcing|              1| 30|                   5|                6|                    1|         0|                58|
[2025-02-15T16:57:24.436+0000] {spark_submit.py:641} INFO - |      12737|Sales & Marketing| region_7|      Bachelors|     m|           sourcing|              1| 31|                   4|                4|                    1|         0|                47|
[2025-02-15T16:57:24.437+0000] {spark_submit.py:641} INFO - |      27561|       Operations|region_27|      Bachelors|     f|           sourcing|              1| 26|                   5|                3|                    0|         0|                56|
[2025-02-15T16:57:24.438+0000] {spark_submit.py:641} INFO - |      26622|Sales & Marketing|region_17|      Bachelors|     m|           sourcing|              1| 40|                   5|                6|                    1|         0|                50|
[2025-02-15T16:57:24.440+0000] {spark_submit.py:641} INFO - |      31582|      Procurement| region_7|      Bachelors|     f|              other|              1| 49|                   3|                7|                    1|         0|                64|
[2025-02-15T16:57:24.441+0000] {spark_submit.py:641} INFO - |      29793|      Procurement|region_27|      Bachelors|     m|              other|              1| 27|                   2|                5|                    0|         0|                65|
[2025-02-15T16:57:24.443+0000] {spark_submit.py:641} INFO - +-----------+-----------------+---------+---------------+------+-------------------+---------------+---+--------------------+-----------------+---------------------+----------+------------------+
[2025-02-15T16:57:24.444+0000] {spark_submit.py:641} INFO - only showing top 20 rows
[2025-02-15T16:57:24.445+0000] {spark_submit.py:641} INFO - 
[2025-02-15T16:57:24.601+0000] {taskinstance.py:340} INFO - ::group::Post task execution logs
[2025-02-15T16:57:24.602+0000] {taskinstance.py:352} INFO - Marking task as SUCCESS. dag_id=***_elt_dag, task_id=etl_task, run_id=manual__2025-02-15T16:42:48.589872+00:00, execution_date=20250215T164248, start_date=20250215T165710, end_date=20250215T165724
[2025-02-15T16:57:24.657+0000] {local_task_job_runner.py:266} INFO - Task exited with return code 0
[2025-02-15T16:57:24.674+0000] {taskinstance.py:3895} INFO - 0 downstream tasks scheduled from follow-on schedule check
[2025-02-15T16:57:24.680+0000] {local_task_job_runner.py:245} INFO - ::endgroup::
