[2025-02-23T14:21:39.232+0000] {local_task_job_runner.py:123} INFO - ::group::Pre task execution logs
[2025-02-23T14:21:39.319+0000] {taskinstance.py:2614} INFO - Dependencies all met for dep_context=non-requeueable deps ti=<TaskInstance: finprode8_v2_etl_dag.extract_task manual__2025-02-23T14:21:37.437410+00:00 [queued]>
[2025-02-23T14:21:39.350+0000] {taskinstance.py:2614} INFO - Dependencies all met for dep_context=requeueable deps ti=<TaskInstance: finprode8_v2_etl_dag.extract_task manual__2025-02-23T14:21:37.437410+00:00 [queued]>
[2025-02-23T14:21:39.352+0000] {taskinstance.py:2867} INFO - Starting attempt 1 of 1
[2025-02-23T14:21:39.380+0000] {taskinstance.py:2890} INFO - Executing <Task(SparkSubmitOperator): extract_task> on 2025-02-23 14:21:37.437410+00:00
[2025-02-23T14:21:39.388+0000] {standard_task_runner.py:72} INFO - Started process 203 to run task
[2025-02-23T14:21:39.438+0000] {standard_task_runner.py:104} INFO - Running: ['airflow', 'tasks', 'run', '***_v2_etl_dag', 'extract_task', 'manual__2025-02-23T14:21:37.437410+00:00', '--job-id', '3', '--raw', '--subdir', 'DAGS_FOLDER/***_v2_etl_dag.py', '--cfg-path', '/tmp/tmpxaatpy2q']
[2025-02-23T14:21:39.451+0000] {standard_task_runner.py:105} INFO - Job 3: Subtask extract_task
[2025-02-23T14:21:39.506+0000] {logging_mixin.py:190} WARNING - /home/airflow/.local/lib/python3.9/site-packages/airflow/settings.py:209 DeprecationWarning: The sql_alchemy_conn option in [core] has been moved to the sql_alchemy_conn option in [database] - the old setting has been used, but please update your config.
[2025-02-23T14:21:39.666+0000] {task_command.py:467} INFO - Running <TaskInstance: finprode8_v2_etl_dag.extract_task manual__2025-02-23T14:21:37.437410+00:00 [running]> on host ***-airflow-scheduler
[2025-02-23T14:21:39.880+0000] {taskinstance.py:3134} INFO - Exporting env vars: AIRFLOW_CTX_DAG_OWNER='ratih malini' AIRFLOW_CTX_DAG_ID='***_v2_etl_dag' AIRFLOW_CTX_TASK_ID='extract_task' AIRFLOW_CTX_EXECUTION_DATE='2025-02-23T14:21:37.437410+00:00' AIRFLOW_CTX_TRY_NUMBER='1' AIRFLOW_CTX_DAG_RUN_ID='manual__2025-02-23T14:21:37.437410+00:00'
[2025-02-23T14:21:39.883+0000] {taskinstance.py:732} INFO - ::endgroup::
[2025-02-23T14:21:39.968+0000] {base.py:84} INFO - Retrieving connection 'spark_main'
[2025-02-23T14:21:39.971+0000] {spark_submit.py:474} INFO - Spark-Submit cmd: spark-submit --master spark://***-spark-master:7077 --name arrow-spark /spark-scripts/***_v2_extract.py
[2025-02-23T14:21:46.032+0000] {spark_submit.py:641} INFO - 25/02/23 14:21:46 INFO SparkContext: Running Spark version 3.3.2
[2025-02-23T14:21:46.170+0000] {spark_submit.py:641} INFO - 25/02/23 14:21:46 WARN NativeCodeLoader: Unable to load native-hadoop library for your platform... using builtin-java classes where applicable
[2025-02-23T14:21:46.525+0000] {spark_submit.py:641} INFO - 25/02/23 14:21:46 INFO ResourceUtils: ==============================================================
[2025-02-23T14:21:46.527+0000] {spark_submit.py:641} INFO - 25/02/23 14:21:46 INFO ResourceUtils: No custom resources configured for spark.driver.
[2025-02-23T14:21:46.528+0000] {spark_submit.py:641} INFO - 25/02/23 14:21:46 INFO ResourceUtils: ==============================================================
[2025-02-23T14:21:46.531+0000] {spark_submit.py:641} INFO - 25/02/23 14:21:46 INFO SparkContext: Submitted application: ***_extract
[2025-02-23T14:21:46.570+0000] {spark_submit.py:641} INFO - 25/02/23 14:21:46 INFO ResourceProfile: Default ResourceProfile created, executor resources: Map(cores -> name: cores, amount: 1, script: , vendor: , memory -> name: memory, amount: 1024, script: , vendor: , offHeap -> name: offHeap, amount: 0, script: , vendor: ), task resources: Map(cpus -> name: cpus, amount: 1.0)
[2025-02-23T14:21:46.579+0000] {spark_submit.py:641} INFO - 25/02/23 14:21:46 INFO ResourceProfile: Limiting resource is cpu
[2025-02-23T14:21:46.582+0000] {spark_submit.py:641} INFO - 25/02/23 14:21:46 INFO ResourceProfileManager: Added ResourceProfile id: 0
[2025-02-23T14:21:46.710+0000] {spark_submit.py:641} INFO - 25/02/23 14:21:46 INFO SecurityManager: Changing view acls to: airflow
[2025-02-23T14:21:46.712+0000] {spark_submit.py:641} INFO - 25/02/23 14:21:46 INFO SecurityManager: Changing modify acls to: airflow
[2025-02-23T14:21:46.714+0000] {spark_submit.py:641} INFO - 25/02/23 14:21:46 INFO SecurityManager: Changing view acls groups to:
[2025-02-23T14:21:46.716+0000] {spark_submit.py:641} INFO - 25/02/23 14:21:46 INFO SecurityManager: Changing modify acls groups to:
[2025-02-23T14:21:46.719+0000] {spark_submit.py:641} INFO - 25/02/23 14:21:46 INFO SecurityManager: SecurityManager: authentication disabled; ui acls disabled; users  with view permissions: Set(airflow); groups with view permissions: Set(); users  with modify permissions: Set(airflow); groups with modify permissions: Set()
[2025-02-23T14:21:47.322+0000] {spark_submit.py:641} INFO - 25/02/23 14:21:47 INFO Utils: Successfully started service 'sparkDriver' on port 36251.
[2025-02-23T14:21:47.397+0000] {spark_submit.py:641} INFO - 25/02/23 14:21:47 INFO SparkEnv: Registering MapOutputTracker
[2025-02-23T14:21:47.463+0000] {spark_submit.py:641} INFO - 25/02/23 14:21:47 INFO SparkEnv: Registering BlockManagerMaster
[2025-02-23T14:21:47.501+0000] {spark_submit.py:641} INFO - 25/02/23 14:21:47 INFO BlockManagerMasterEndpoint: Using org.apache.spark.storage.DefaultTopologyMapper for getting topology information
[2025-02-23T14:21:47.503+0000] {spark_submit.py:641} INFO - 25/02/23 14:21:47 INFO BlockManagerMasterEndpoint: BlockManagerMasterEndpoint up
[2025-02-23T14:21:47.511+0000] {spark_submit.py:641} INFO - 25/02/23 14:21:47 INFO SparkEnv: Registering BlockManagerMasterHeartbeat
[2025-02-23T14:21:47.544+0000] {spark_submit.py:641} INFO - 25/02/23 14:21:47 INFO DiskBlockManager: Created local directory at /tmp/blockmgr-12e1a3b6-37a0-4e7b-a400-1d1b87c98d0c
[2025-02-23T14:21:47.563+0000] {spark_submit.py:641} INFO - 25/02/23 14:21:47 INFO MemoryStore: MemoryStore started with capacity 434.4 MiB
[2025-02-23T14:21:47.583+0000] {spark_submit.py:641} INFO - 25/02/23 14:21:47 INFO SparkEnv: Registering OutputCommitCoordinator
[2025-02-23T14:21:47.925+0000] {spark_submit.py:641} INFO - 25/02/23 14:21:47 INFO Utils: Successfully started service 'SparkUI' on port 4040.
[2025-02-23T14:21:48.104+0000] {spark_submit.py:641} INFO - 25/02/23 14:21:48 INFO Executor: Starting executor ID driver on host ***-airflow-scheduler
[2025-02-23T14:21:48.114+0000] {spark_submit.py:641} INFO - 25/02/23 14:21:48 INFO Executor: Starting executor with user classpath (userClassPathFirst = false): ''
[2025-02-23T14:21:48.148+0000] {spark_submit.py:641} INFO - 25/02/23 14:21:48 INFO Utils: Successfully started service 'org.apache.spark.network.netty.NettyBlockTransferService' on port 35567.
[2025-02-23T14:21:48.151+0000] {spark_submit.py:641} INFO - 25/02/23 14:21:48 INFO NettyBlockTransferService: Server created on ***-airflow-scheduler:35567
[2025-02-23T14:21:48.153+0000] {spark_submit.py:641} INFO - 25/02/23 14:21:48 INFO BlockManager: Using org.apache.spark.storage.RandomBlockReplicationPolicy for block replication policy
[2025-02-23T14:21:48.164+0000] {spark_submit.py:641} INFO - 25/02/23 14:21:48 INFO BlockManagerMaster: Registering BlockManager BlockManagerId(driver, ***-airflow-scheduler, 35567, None)
[2025-02-23T14:21:48.171+0000] {spark_submit.py:641} INFO - 25/02/23 14:21:48 INFO BlockManagerMasterEndpoint: Registering block manager ***-airflow-scheduler:35567 with 434.4 MiB RAM, BlockManagerId(driver, ***-airflow-scheduler, 35567, None)
[2025-02-23T14:21:48.175+0000] {spark_submit.py:641} INFO - 25/02/23 14:21:48 INFO BlockManagerMaster: Registered BlockManager BlockManagerId(driver, ***-airflow-scheduler, 35567, None)
[2025-02-23T14:21:48.177+0000] {spark_submit.py:641} INFO - 25/02/23 14:21:48 INFO BlockManager: Initialized BlockManager: BlockManagerId(driver, ***-airflow-scheduler, 35567, None)
[2025-02-23T14:21:52.102+0000] {spark_submit.py:641} INFO - Downloading from https://www.kaggle.com/api/v1/datasets/download/sanjanchaudhari/employees-performance-for-hr-analytics?dataset_version_number=1...
[2025-02-23T14:21:52.131+0000] {spark_submit.py:641} INFO - 
[2025-02-23T14:21:52.764+0000] {spark_submit.py:641} INFO - 0%|          | 0.00/205k [00:00<?, ?B/s]
[2025-02-23T14:21:52.767+0000] {spark_submit.py:641} INFO - 100%|██████████| 205k/205k [00:00<00:00, 332kB/s]
[2025-02-23T14:21:52.768+0000] {spark_submit.py:641} INFO - 100%|██████████| 205k/205k [00:00<00:00, 332kB/s]
[2025-02-23T14:21:52.770+0000] {spark_submit.py:641} INFO - Extracting files...
[2025-02-23T14:22:01.043+0000] {spark_submit.py:641} INFO - Traceback (most recent call last):
[2025-02-23T14:22:01.045+0000] {spark_submit.py:641} INFO - File "/spark-scripts/***_v2_extract.py", line 47, in <module>
[2025-02-23T14:22:01.047+0000] {spark_submit.py:641} INFO - extract()
[2025-02-23T14:22:01.048+0000] {spark_submit.py:641} INFO - File "/spark-scripts/***_v2_extract.py", line 33, in extract
[2025-02-23T14:22:01.050+0000] {spark_submit.py:641} INFO - df.write.mode("overwrite").parquet("/spark-scripts/extracted.parquet")
[2025-02-23T14:22:01.051+0000] {spark_submit.py:641} INFO - File "/home/airflow/.local/lib/python3.9/site-packages/pyspark/python/lib/pyspark.zip/pyspark/sql/readwriter.py", line 1140, in parquet
[2025-02-23T14:22:01.052+0000] {spark_submit.py:641} INFO - File "/home/airflow/.local/lib/python3.9/site-packages/pyspark/python/lib/py4j-0.10.9.5-src.zip/py4j/java_gateway.py", line 1321, in __call__
[2025-02-23T14:22:01.053+0000] {spark_submit.py:641} INFO - File "/home/airflow/.local/lib/python3.9/site-packages/pyspark/python/lib/pyspark.zip/pyspark/sql/utils.py", line 190, in deco
[2025-02-23T14:22:01.054+0000] {spark_submit.py:641} INFO - File "/home/airflow/.local/lib/python3.9/site-packages/pyspark/python/lib/py4j-0.10.9.5-src.zip/py4j/protocol.py", line 326, in get_return_value
[2025-02-23T14:22:01.055+0000] {spark_submit.py:641} INFO - py4j.protocol.Py4JJavaError: An error occurred while calling o34.parquet.
[2025-02-23T14:22:01.057+0000] {spark_submit.py:641} INFO - : ExitCodeException exitCode=1: chmod: changing permissions of '/spark-scripts/extracted.parquet': Operation not permitted
[2025-02-23T14:22:01.058+0000] {spark_submit.py:641} INFO - 
[2025-02-23T14:22:01.059+0000] {spark_submit.py:641} INFO - at org.apache.hadoop.util.Shell.runCommand(Shell.java:1007)
[2025-02-23T14:22:01.060+0000] {spark_submit.py:641} INFO - at org.apache.hadoop.util.Shell.run(Shell.java:900)
[2025-02-23T14:22:01.062+0000] {spark_submit.py:641} INFO - at org.apache.hadoop.util.Shell$ShellCommandExecutor.execute(Shell.java:1212)
[2025-02-23T14:22:01.064+0000] {spark_submit.py:641} INFO - at org.apache.hadoop.util.Shell.execCommand(Shell.java:1306)
[2025-02-23T14:22:01.065+0000] {spark_submit.py:641} INFO - at org.apache.hadoop.util.Shell.execCommand(Shell.java:1288)
[2025-02-23T14:22:01.066+0000] {spark_submit.py:641} INFO - at org.apache.hadoop.fs.RawLocalFileSystem.setPermission(RawLocalFileSystem.java:978)
[2025-02-23T14:22:01.067+0000] {spark_submit.py:641} INFO - at org.apache.hadoop.fs.RawLocalFileSystem.mkOneDirWithMode(RawLocalFileSystem.java:660)
[2025-02-23T14:22:01.068+0000] {spark_submit.py:641} INFO - at org.apache.hadoop.fs.RawLocalFileSystem.mkdirsWithOptionalPermission(RawLocalFileSystem.java:700)
[2025-02-23T14:22:01.069+0000] {spark_submit.py:641} INFO - at org.apache.hadoop.fs.RawLocalFileSystem.mkdirs(RawLocalFileSystem.java:672)
[2025-02-23T14:22:01.070+0000] {spark_submit.py:641} INFO - at org.apache.hadoop.fs.RawLocalFileSystem.mkdirsWithOptionalPermission(RawLocalFileSystem.java:699)
[2025-02-23T14:22:01.071+0000] {spark_submit.py:641} INFO - at org.apache.hadoop.fs.RawLocalFileSystem.mkdirs(RawLocalFileSystem.java:672)
[2025-02-23T14:22:01.072+0000] {spark_submit.py:641} INFO - at org.apache.hadoop.fs.RawLocalFileSystem.mkdirsWithOptionalPermission(RawLocalFileSystem.java:699)
[2025-02-23T14:22:01.073+0000] {spark_submit.py:641} INFO - at org.apache.hadoop.fs.RawLocalFileSystem.mkdirs(RawLocalFileSystem.java:672)
[2025-02-23T14:22:01.074+0000] {spark_submit.py:641} INFO - at org.apache.hadoop.fs.ChecksumFileSystem.mkdirs(ChecksumFileSystem.java:788)
[2025-02-23T14:22:01.075+0000] {spark_submit.py:641} INFO - at org.apache.hadoop.mapreduce.lib.output.FileOutputCommitter.setupJob(FileOutputCommitter.java:356)
[2025-02-23T14:22:01.076+0000] {spark_submit.py:641} INFO - at org.apache.spark.internal.io.HadoopMapReduceCommitProtocol.setupJob(HadoopMapReduceCommitProtocol.scala:188)
[2025-02-23T14:22:01.077+0000] {spark_submit.py:641} INFO - at org.apache.spark.sql.execution.datasources.FileFormatWriter$.write(FileFormatWriter.scala:219)
[2025-02-23T14:22:01.079+0000] {spark_submit.py:641} INFO - at org.apache.spark.sql.execution.datasources.InsertIntoHadoopFsRelationCommand.run(InsertIntoHadoopFsRelationCommand.scala:186)
[2025-02-23T14:22:01.080+0000] {spark_submit.py:641} INFO - at org.apache.spark.sql.execution.command.DataWritingCommandExec.sideEffectResult$lzycompute(commands.scala:113)
[2025-02-23T14:22:01.082+0000] {spark_submit.py:641} INFO - at org.apache.spark.sql.execution.command.DataWritingCommandExec.sideEffectResult(commands.scala:111)
[2025-02-23T14:22:01.084+0000] {spark_submit.py:641} INFO - at org.apache.spark.sql.execution.command.DataWritingCommandExec.executeCollect(commands.scala:125)
[2025-02-23T14:22:01.085+0000] {spark_submit.py:641} INFO - at org.apache.spark.sql.execution.QueryExecution$$anonfun$eagerlyExecuteCommands$1.$anonfun$applyOrElse$1(QueryExecution.scala:98)
[2025-02-23T14:22:01.086+0000] {spark_submit.py:641} INFO - at org.apache.spark.sql.execution.SQLExecution$.$anonfun$withNewExecutionId$6(SQLExecution.scala:109)
[2025-02-23T14:22:01.088+0000] {spark_submit.py:641} INFO - at org.apache.spark.sql.execution.SQLExecution$.withSQLConfPropagated(SQLExecution.scala:169)
[2025-02-23T14:22:01.090+0000] {spark_submit.py:641} INFO - at org.apache.spark.sql.execution.SQLExecution$.$anonfun$withNewExecutionId$1(SQLExecution.scala:95)
[2025-02-23T14:22:01.091+0000] {spark_submit.py:641} INFO - at org.apache.spark.sql.SparkSession.withActive(SparkSession.scala:779)
[2025-02-23T14:22:01.092+0000] {spark_submit.py:641} INFO - at org.apache.spark.sql.execution.SQLExecution$.withNewExecutionId(SQLExecution.scala:64)
[2025-02-23T14:22:01.094+0000] {spark_submit.py:641} INFO - at org.apache.spark.sql.execution.QueryExecution$$anonfun$eagerlyExecuteCommands$1.applyOrElse(QueryExecution.scala:98)
[2025-02-23T14:22:01.096+0000] {spark_submit.py:641} INFO - at org.apache.spark.sql.execution.QueryExecution$$anonfun$eagerlyExecuteCommands$1.applyOrElse(QueryExecution.scala:94)
[2025-02-23T14:22:01.097+0000] {spark_submit.py:641} INFO - at org.apache.spark.sql.catalyst.trees.TreeNode.$anonfun$transformDownWithPruning$1(TreeNode.scala:584)
[2025-02-23T14:22:01.098+0000] {spark_submit.py:641} INFO - at org.apache.spark.sql.catalyst.trees.CurrentOrigin$.withOrigin(TreeNode.scala:176)
[2025-02-23T14:22:01.100+0000] {spark_submit.py:641} INFO - at org.apache.spark.sql.catalyst.trees.TreeNode.transformDownWithPruning(TreeNode.scala:584)
[2025-02-23T14:22:01.101+0000] {spark_submit.py:641} INFO - at org.apache.spark.sql.catalyst.plans.logical.LogicalPlan.org$apache$spark$sql$catalyst$plans$logical$AnalysisHelper$$super$transformDownWithPruning(LogicalPlan.scala:30)
[2025-02-23T14:22:01.102+0000] {spark_submit.py:641} INFO - at org.apache.spark.sql.catalyst.plans.logical.AnalysisHelper.transformDownWithPruning(AnalysisHelper.scala:267)
[2025-02-23T14:22:01.104+0000] {spark_submit.py:641} INFO - at org.apache.spark.sql.catalyst.plans.logical.AnalysisHelper.transformDownWithPruning$(AnalysisHelper.scala:263)
[2025-02-23T14:22:01.105+0000] {spark_submit.py:641} INFO - at org.apache.spark.sql.catalyst.plans.logical.LogicalPlan.transformDownWithPruning(LogicalPlan.scala:30)
[2025-02-23T14:22:01.107+0000] {spark_submit.py:641} INFO - at org.apache.spark.sql.catalyst.plans.logical.LogicalPlan.transformDownWithPruning(LogicalPlan.scala:30)
[2025-02-23T14:22:01.109+0000] {spark_submit.py:641} INFO - at org.apache.spark.sql.catalyst.trees.TreeNode.transformDown(TreeNode.scala:560)
[2025-02-23T14:22:01.111+0000] {spark_submit.py:641} INFO - at org.apache.spark.sql.execution.QueryExecution.eagerlyExecuteCommands(QueryExecution.scala:94)
[2025-02-23T14:22:01.113+0000] {spark_submit.py:641} INFO - at org.apache.spark.sql.execution.QueryExecution.commandExecuted$lzycompute(QueryExecution.scala:81)
[2025-02-23T14:22:01.115+0000] {spark_submit.py:641} INFO - at org.apache.spark.sql.execution.QueryExecution.commandExecuted(QueryExecution.scala:79)
[2025-02-23T14:22:01.116+0000] {spark_submit.py:641} INFO - at org.apache.spark.sql.execution.QueryExecution.assertCommandExecuted(QueryExecution.scala:116)
[2025-02-23T14:22:01.117+0000] {spark_submit.py:641} INFO - at org.apache.spark.sql.DataFrameWriter.runCommand(DataFrameWriter.scala:860)
[2025-02-23T14:22:01.118+0000] {spark_submit.py:641} INFO - at org.apache.spark.sql.DataFrameWriter.saveToV1Source(DataFrameWriter.scala:390)
[2025-02-23T14:22:01.119+0000] {spark_submit.py:641} INFO - at org.apache.spark.sql.DataFrameWriter.saveInternal(DataFrameWriter.scala:363)
[2025-02-23T14:22:01.120+0000] {spark_submit.py:641} INFO - at org.apache.spark.sql.DataFrameWriter.save(DataFrameWriter.scala:239)
[2025-02-23T14:22:01.121+0000] {spark_submit.py:641} INFO - at org.apache.spark.sql.DataFrameWriter.parquet(DataFrameWriter.scala:793)
[2025-02-23T14:22:01.122+0000] {spark_submit.py:641} INFO - at java.base/jdk.internal.reflect.NativeMethodAccessorImpl.invoke0(Native Method)
[2025-02-23T14:22:01.124+0000] {spark_submit.py:641} INFO - at java.base/jdk.internal.reflect.NativeMethodAccessorImpl.invoke(NativeMethodAccessorImpl.java:77)
[2025-02-23T14:22:01.125+0000] {spark_submit.py:641} INFO - at java.base/jdk.internal.reflect.DelegatingMethodAccessorImpl.invoke(DelegatingMethodAccessorImpl.java:43)
[2025-02-23T14:22:01.127+0000] {spark_submit.py:641} INFO - at java.base/java.lang.reflect.Method.invoke(Method.java:569)
[2025-02-23T14:22:01.129+0000] {spark_submit.py:641} INFO - at py4j.reflection.MethodInvoker.invoke(MethodInvoker.java:244)
[2025-02-23T14:22:01.130+0000] {spark_submit.py:641} INFO - at py4j.reflection.ReflectionEngine.invoke(ReflectionEngine.java:357)
[2025-02-23T14:22:01.132+0000] {spark_submit.py:641} INFO - at py4j.Gateway.invoke(Gateway.java:282)
[2025-02-23T14:22:01.133+0000] {spark_submit.py:641} INFO - at py4j.commands.AbstractCommand.invokeMethod(AbstractCommand.java:132)
[2025-02-23T14:22:01.134+0000] {spark_submit.py:641} INFO - at py4j.commands.CallCommand.execute(CallCommand.java:79)
[2025-02-23T14:22:01.135+0000] {spark_submit.py:641} INFO - at py4j.ClientServerConnection.waitForCommands(ClientServerConnection.java:182)
[2025-02-23T14:22:01.136+0000] {spark_submit.py:641} INFO - at py4j.ClientServerConnection.run(ClientServerConnection.java:106)
[2025-02-23T14:22:01.137+0000] {spark_submit.py:641} INFO - at java.base/java.lang.Thread.run(Thread.java:840)
[2025-02-23T14:22:01.139+0000] {spark_submit.py:641} INFO - 
[2025-02-23T14:22:01.272+0000] {taskinstance.py:3313} ERROR - Task failed with exception
Traceback (most recent call last):
  File "/home/airflow/.local/lib/python3.9/site-packages/airflow/models/taskinstance.py", line 768, in _execute_task
    result = _execute_callable(context=context, **execute_callable_kwargs)
  File "/home/airflow/.local/lib/python3.9/site-packages/airflow/models/taskinstance.py", line 734, in _execute_callable
    return ExecutionCallableRunner(
  File "/home/airflow/.local/lib/python3.9/site-packages/airflow/utils/operator_helpers.py", line 252, in run
    return self.func(*args, **kwargs)
  File "/home/airflow/.local/lib/python3.9/site-packages/airflow/models/baseoperator.py", line 424, in wrapper
    return func(self, *args, **kwargs)
  File "/home/airflow/.local/lib/python3.9/site-packages/airflow/providers/apache/spark/operators/spark_submit.py", line 177, in execute
    self._hook.submit(self.application)
  File "/home/airflow/.local/lib/python3.9/site-packages/airflow/providers/apache/spark/hooks/spark_submit.py", line 567, in submit
    raise AirflowException(
airflow.exceptions.AirflowException: Cannot execute: spark-submit --master spark://***-spark-master:7077 --name arrow-spark /spark-scripts/***_v2_extract.py. Error code is: 1.
[2025-02-23T14:22:01.282+0000] {taskinstance.py:1226} INFO - Marking task as FAILED. dag_id=***_v2_etl_dag, task_id=extract_task, run_id=manual__2025-02-23T14:21:37.437410+00:00, execution_date=20250223T142137, start_date=20250223T142139, end_date=20250223T142201
[2025-02-23T14:22:01.330+0000] {taskinstance.py:341} INFO - ::group::Post task execution logs
[2025-02-23T14:22:01.333+0000] {standard_task_runner.py:124} ERROR - Failed to execute job 3 for task extract_task (Cannot execute: spark-submit --master spark://***-spark-master:7077 --name arrow-spark /spark-scripts/***_v2_extract.py. Error code is: 1.; 203)
Traceback (most recent call last):
  File "/home/airflow/.local/lib/python3.9/site-packages/airflow/task/task_runner/standard_task_runner.py", line 117, in _start_by_fork
    ret = args.func(args, dag=self.dag)
  File "/home/airflow/.local/lib/python3.9/site-packages/airflow/cli/cli_config.py", line 49, in command
    return func(*args, **kwargs)
  File "/home/airflow/.local/lib/python3.9/site-packages/airflow/utils/cli.py", line 116, in wrapper
    return f(*args, **kwargs)
  File "/home/airflow/.local/lib/python3.9/site-packages/airflow/cli/commands/task_command.py", line 483, in task_run
    task_return_code = _run_task_by_selected_method(args, _dag, ti)
  File "/home/airflow/.local/lib/python3.9/site-packages/airflow/cli/commands/task_command.py", line 256, in _run_task_by_selected_method
    return _run_raw_task(args, ti)
  File "/home/airflow/.local/lib/python3.9/site-packages/airflow/cli/commands/task_command.py", line 341, in _run_raw_task
    return ti._run_raw_task(
  File "/home/airflow/.local/lib/python3.9/site-packages/airflow/utils/session.py", line 97, in wrapper
    return func(*args, session=session, **kwargs)
  File "/home/airflow/.local/lib/python3.9/site-packages/airflow/models/taskinstance.py", line 3006, in _run_raw_task
    return _run_raw_task(
  File "/home/airflow/.local/lib/python3.9/site-packages/airflow/models/taskinstance.py", line 274, in _run_raw_task
    TaskInstance._execute_task_with_callbacks(
  File "/home/airflow/.local/lib/python3.9/site-packages/airflow/models/taskinstance.py", line 3161, in _execute_task_with_callbacks
    result = self._execute_task(context, task_orig)
  File "/home/airflow/.local/lib/python3.9/site-packages/airflow/models/taskinstance.py", line 3185, in _execute_task
    return _execute_task(self, context, task_orig)
  File "/home/airflow/.local/lib/python3.9/site-packages/airflow/models/taskinstance.py", line 768, in _execute_task
    result = _execute_callable(context=context, **execute_callable_kwargs)
  File "/home/airflow/.local/lib/python3.9/site-packages/airflow/models/taskinstance.py", line 734, in _execute_callable
    return ExecutionCallableRunner(
  File "/home/airflow/.local/lib/python3.9/site-packages/airflow/utils/operator_helpers.py", line 252, in run
    return self.func(*args, **kwargs)
  File "/home/airflow/.local/lib/python3.9/site-packages/airflow/models/baseoperator.py", line 424, in wrapper
    return func(self, *args, **kwargs)
  File "/home/airflow/.local/lib/python3.9/site-packages/airflow/providers/apache/spark/operators/spark_submit.py", line 177, in execute
    self._hook.submit(self.application)
  File "/home/airflow/.local/lib/python3.9/site-packages/airflow/providers/apache/spark/hooks/spark_submit.py", line 567, in submit
    raise AirflowException(
airflow.exceptions.AirflowException: Cannot execute: spark-submit --master spark://***-spark-master:7077 --name arrow-spark /spark-scripts/***_v2_extract.py. Error code is: 1.
[2025-02-23T14:22:01.373+0000] {local_task_job_runner.py:266} INFO - Task exited with return code 1
[2025-02-23T14:22:01.408+0000] {taskinstance.py:3901} INFO - 0 downstream tasks scheduled from follow-on schedule check
[2025-02-23T14:22:01.416+0000] {local_task_job_runner.py:245} INFO - ::endgroup::
