[2025-02-21T14:07:50.072+0000] {local_task_job_runner.py:123} INFO - ::group::Pre task execution logs
[2025-02-21T14:07:50.097+0000] {taskinstance.py:2614} INFO - Dependencies all met for dep_context=non-requeueable deps ti=<TaskInstance: finprode8_v2_etl_dag.load_task manual__2025-02-21T14:07:04.324394+00:00 [queued]>
[2025-02-21T14:07:50.118+0000] {taskinstance.py:2614} INFO - Dependencies all met for dep_context=requeueable deps ti=<TaskInstance: finprode8_v2_etl_dag.load_task manual__2025-02-21T14:07:04.324394+00:00 [queued]>
[2025-02-21T14:07:50.120+0000] {taskinstance.py:2867} INFO - Starting attempt 1 of 1
[2025-02-21T14:07:50.165+0000] {taskinstance.py:2890} INFO - Executing <Task(SparkSubmitOperator): load_task> on 2025-02-21 14:07:04.324394+00:00
[2025-02-21T14:07:50.176+0000] {standard_task_runner.py:72} INFO - Started process 2035 to run task
[2025-02-21T14:07:50.186+0000] {standard_task_runner.py:104} INFO - Running: ['airflow', 'tasks', 'run', '***_v2_etl_dag', 'load_task', 'manual__2025-02-21T14:07:04.324394+00:00', '--job-id', '36', '--raw', '--subdir', 'DAGS_FOLDER/***_v2_etl_dag.py', '--cfg-path', '/tmp/tmpxzac193x']
[2025-02-21T14:07:50.192+0000] {standard_task_runner.py:105} INFO - Job 36: Subtask load_task
[2025-02-21T14:07:50.232+0000] {logging_mixin.py:190} WARNING - /home/airflow/.local/lib/python3.9/site-packages/airflow/settings.py:209 DeprecationWarning: The sql_alchemy_conn option in [core] has been moved to the sql_alchemy_conn option in [database] - the old setting has been used, but please update your config.
[2025-02-21T14:07:50.315+0000] {task_command.py:467} INFO - Running <TaskInstance: finprode8_v2_etl_dag.load_task manual__2025-02-21T14:07:04.324394+00:00 [running]> on host ***-airflow-scheduler
[2025-02-21T14:07:50.527+0000] {taskinstance.py:3134} INFO - Exporting env vars: AIRFLOW_CTX_DAG_OWNER='ratih malini' AIRFLOW_CTX_DAG_ID='***_v2_etl_dag' AIRFLOW_CTX_TASK_ID='load_task' AIRFLOW_CTX_EXECUTION_DATE='2025-02-21T14:07:04.324394+00:00' AIRFLOW_CTX_TRY_NUMBER='1' AIRFLOW_CTX_DAG_RUN_ID='manual__2025-02-21T14:07:04.324394+00:00'
[2025-02-21T14:07:50.530+0000] {taskinstance.py:732} INFO - ::endgroup::
[2025-02-21T14:07:50.608+0000] {base.py:84} INFO - Retrieving connection 'spark_main'
[2025-02-21T14:07:50.613+0000] {spark_submit.py:474} INFO - Spark-Submit cmd: spark-submit --master spark://***-spark-master:7077 --name arrow-spark /spark-scripts/***_v2_load.py
[2025-02-21T14:07:54.530+0000] {spark_submit.py:641} INFO - 25/02/21 14:07:54 INFO SparkContext: Running Spark version 3.3.2
[2025-02-21T14:07:54.680+0000] {spark_submit.py:641} INFO - 25/02/21 14:07:54 WARN NativeCodeLoader: Unable to load native-hadoop library for your platform... using builtin-java classes where applicable
[2025-02-21T14:07:54.823+0000] {spark_submit.py:641} INFO - 25/02/21 14:07:54 INFO ResourceUtils: ==============================================================
[2025-02-21T14:07:54.824+0000] {spark_submit.py:641} INFO - 25/02/21 14:07:54 INFO ResourceUtils: No custom resources configured for spark.driver.
[2025-02-21T14:07:54.826+0000] {spark_submit.py:641} INFO - 25/02/21 14:07:54 INFO ResourceUtils: ==============================================================
[2025-02-21T14:07:54.827+0000] {spark_submit.py:641} INFO - 25/02/21 14:07:54 INFO SparkContext: Submitted application: ***_load
[2025-02-21T14:07:54.852+0000] {spark_submit.py:641} INFO - 25/02/21 14:07:54 INFO ResourceProfile: Default ResourceProfile created, executor resources: Map(cores -> name: cores, amount: 1, script: , vendor: , memory -> name: memory, amount: 1024, script: , vendor: , offHeap -> name: offHeap, amount: 0, script: , vendor: ), task resources: Map(cpus -> name: cpus, amount: 1.0)
[2025-02-21T14:07:54.862+0000] {spark_submit.py:641} INFO - 25/02/21 14:07:54 INFO ResourceProfile: Limiting resource is cpu
[2025-02-21T14:07:54.863+0000] {spark_submit.py:641} INFO - 25/02/21 14:07:54 INFO ResourceProfileManager: Added ResourceProfile id: 0
[2025-02-21T14:07:54.920+0000] {spark_submit.py:641} INFO - 25/02/21 14:07:54 INFO SecurityManager: Changing view acls to: airflow
[2025-02-21T14:07:54.922+0000] {spark_submit.py:641} INFO - 25/02/21 14:07:54 INFO SecurityManager: Changing modify acls to: airflow
[2025-02-21T14:07:54.924+0000] {spark_submit.py:641} INFO - 25/02/21 14:07:54 INFO SecurityManager: Changing view acls groups to:
[2025-02-21T14:07:54.925+0000] {spark_submit.py:641} INFO - 25/02/21 14:07:54 INFO SecurityManager: Changing modify acls groups to:
[2025-02-21T14:07:54.927+0000] {spark_submit.py:641} INFO - 25/02/21 14:07:54 INFO SecurityManager: SecurityManager: authentication disabled; ui acls disabled; users  with view permissions: Set(airflow); groups with view permissions: Set(); users  with modify permissions: Set(airflow); groups with modify permissions: Set()
[2025-02-21T14:07:55.162+0000] {spark_submit.py:641} INFO - 25/02/21 14:07:55 INFO Utils: Successfully started service 'sparkDriver' on port 36129.
[2025-02-21T14:07:55.195+0000] {spark_submit.py:641} INFO - 25/02/21 14:07:55 INFO SparkEnv: Registering MapOutputTracker
[2025-02-21T14:07:55.248+0000] {spark_submit.py:641} INFO - 25/02/21 14:07:55 INFO SparkEnv: Registering BlockManagerMaster
[2025-02-21T14:07:55.268+0000] {spark_submit.py:641} INFO - 25/02/21 14:07:55 INFO BlockManagerMasterEndpoint: Using org.apache.spark.storage.DefaultTopologyMapper for getting topology information
[2025-02-21T14:07:55.269+0000] {spark_submit.py:641} INFO - 25/02/21 14:07:55 INFO BlockManagerMasterEndpoint: BlockManagerMasterEndpoint up
[2025-02-21T14:07:55.275+0000] {spark_submit.py:641} INFO - 25/02/21 14:07:55 INFO SparkEnv: Registering BlockManagerMasterHeartbeat
[2025-02-21T14:07:55.297+0000] {spark_submit.py:641} INFO - 25/02/21 14:07:55 INFO DiskBlockManager: Created local directory at /tmp/blockmgr-8584c7de-3c7f-4aef-a3ed-eb0009acc610
[2025-02-21T14:07:55.316+0000] {spark_submit.py:641} INFO - 25/02/21 14:07:55 INFO MemoryStore: MemoryStore started with capacity 434.4 MiB
[2025-02-21T14:07:55.334+0000] {spark_submit.py:641} INFO - 25/02/21 14:07:55 INFO SparkEnv: Registering OutputCommitCoordinator
[2025-02-21T14:07:55.623+0000] {spark_submit.py:641} INFO - 25/02/21 14:07:55 INFO Utils: Successfully started service 'SparkUI' on port 4040.
[2025-02-21T14:07:55.754+0000] {spark_submit.py:641} INFO - 25/02/21 14:07:55 INFO Executor: Starting executor ID driver on host ***-airflow-scheduler
[2025-02-21T14:07:55.760+0000] {spark_submit.py:641} INFO - 25/02/21 14:07:55 INFO Executor: Starting executor with user classpath (userClassPathFirst = false): ''
[2025-02-21T14:07:55.789+0000] {spark_submit.py:641} INFO - 25/02/21 14:07:55 INFO Utils: Successfully started service 'org.apache.spark.network.netty.NettyBlockTransferService' on port 37585.
[2025-02-21T14:07:55.791+0000] {spark_submit.py:641} INFO - 25/02/21 14:07:55 INFO NettyBlockTransferService: Server created on ***-airflow-scheduler:37585
[2025-02-21T14:07:55.794+0000] {spark_submit.py:641} INFO - 25/02/21 14:07:55 INFO BlockManager: Using org.apache.spark.storage.RandomBlockReplicationPolicy for block replication policy
[2025-02-21T14:07:55.799+0000] {spark_submit.py:641} INFO - 25/02/21 14:07:55 INFO BlockManagerMaster: Registering BlockManager BlockManagerId(driver, ***-airflow-scheduler, 37585, None)
[2025-02-21T14:07:55.802+0000] {spark_submit.py:641} INFO - 25/02/21 14:07:55 INFO BlockManagerMasterEndpoint: Registering block manager ***-airflow-scheduler:37585 with 434.4 MiB RAM, BlockManagerId(driver, ***-airflow-scheduler, 37585, None)
[2025-02-21T14:07:55.804+0000] {spark_submit.py:641} INFO - 25/02/21 14:07:55 INFO BlockManagerMaster: Registered BlockManager BlockManagerId(driver, ***-airflow-scheduler, 37585, None)
[2025-02-21T14:07:55.806+0000] {spark_submit.py:641} INFO - 25/02/21 14:07:55 INFO BlockManager: Initialized BlockManager: BlockManagerId(driver, ***-airflow-scheduler, 37585, None)
[2025-02-21T14:08:01.912+0000] {spark_submit.py:641} INFO - Traceback (most recent call last):
[2025-02-21T14:08:01.914+0000] {spark_submit.py:641} INFO - File "/spark-scripts/***_v2_load.py", line 61, in <module>
[2025-02-21T14:08:01.918+0000] {spark_submit.py:641} INFO - load()
[2025-02-21T14:08:01.920+0000] {spark_submit.py:641} INFO - File "/spark-scripts/***_v2_load.py", line 41, in load
[2025-02-21T14:08:01.925+0000] {spark_submit.py:641} INFO - df.write \
[2025-02-21T14:08:01.927+0000] {spark_submit.py:641} INFO - File "/home/airflow/.local/lib/python3.9/site-packages/pyspark/python/lib/pyspark.zip/pyspark/sql/readwriter.py", line 1340, in jdbc
[2025-02-21T14:08:01.929+0000] {spark_submit.py:641} INFO - File "/home/airflow/.local/lib/python3.9/site-packages/pyspark/python/lib/py4j-0.10.9.5-src.zip/py4j/java_gateway.py", line 1321, in __call__
[2025-02-21T14:08:01.931+0000] {spark_submit.py:641} INFO - File "/home/airflow/.local/lib/python3.9/site-packages/pyspark/python/lib/pyspark.zip/pyspark/sql/utils.py", line 190, in deco
[2025-02-21T14:08:01.933+0000] {spark_submit.py:641} INFO - File "/home/airflow/.local/lib/python3.9/site-packages/pyspark/python/lib/py4j-0.10.9.5-src.zip/py4j/protocol.py", line 326, in get_return_value
[2025-02-21T14:08:01.935+0000] {spark_submit.py:641} INFO - py4j.protocol.Py4JJavaError: An error occurred while calling o31.jdbc.
[2025-02-21T14:08:01.938+0000] {spark_submit.py:641} INFO - : java.lang.ClassNotFoundException: org.postgresql.Driver
[2025-02-21T14:08:01.940+0000] {spark_submit.py:641} INFO - at java.base/java.net.URLClassLoader.findClass(URLClassLoader.java:445)
[2025-02-21T14:08:01.942+0000] {spark_submit.py:641} INFO - at java.base/java.lang.ClassLoader.loadClass(ClassLoader.java:592)
[2025-02-21T14:08:01.944+0000] {spark_submit.py:641} INFO - at java.base/java.lang.ClassLoader.loadClass(ClassLoader.java:525)
[2025-02-21T14:08:01.946+0000] {spark_submit.py:641} INFO - at org.apache.spark.sql.execution.datasources.jdbc.DriverRegistry$.register(DriverRegistry.scala:46)
[2025-02-21T14:08:01.948+0000] {spark_submit.py:641} INFO - at org.apache.spark.sql.execution.datasources.jdbc.JDBCOptions.$anonfun$driverClass$1(JDBCOptions.scala:101)
[2025-02-21T14:08:01.950+0000] {spark_submit.py:641} INFO - at org.apache.spark.sql.execution.datasources.jdbc.JDBCOptions.$anonfun$driverClass$1$adapted(JDBCOptions.scala:101)
[2025-02-21T14:08:01.952+0000] {spark_submit.py:641} INFO - at scala.Option.foreach(Option.scala:407)
[2025-02-21T14:08:01.954+0000] {spark_submit.py:641} INFO - at org.apache.spark.sql.execution.datasources.jdbc.JDBCOptions.<init>(JDBCOptions.scala:101)
[2025-02-21T14:08:01.956+0000] {spark_submit.py:641} INFO - at org.apache.spark.sql.execution.datasources.jdbc.JdbcOptionsInWrite.<init>(JDBCOptions.scala:229)
[2025-02-21T14:08:01.958+0000] {spark_submit.py:641} INFO - at org.apache.spark.sql.execution.datasources.jdbc.JdbcOptionsInWrite.<init>(JDBCOptions.scala:233)
[2025-02-21T14:08:01.960+0000] {spark_submit.py:641} INFO - at org.apache.spark.sql.execution.datasources.jdbc.JdbcRelationProvider.createRelation(JdbcRelationProvider.scala:47)
[2025-02-21T14:08:01.962+0000] {spark_submit.py:641} INFO - at org.apache.spark.sql.execution.datasources.SaveIntoDataSourceCommand.run(SaveIntoDataSourceCommand.scala:47)
[2025-02-21T14:08:01.965+0000] {spark_submit.py:641} INFO - at org.apache.spark.sql.execution.command.ExecutedCommandExec.sideEffectResult$lzycompute(commands.scala:75)
[2025-02-21T14:08:01.968+0000] {spark_submit.py:641} INFO - at org.apache.spark.sql.execution.command.ExecutedCommandExec.sideEffectResult(commands.scala:73)
[2025-02-21T14:08:01.971+0000] {spark_submit.py:641} INFO - at org.apache.spark.sql.execution.command.ExecutedCommandExec.executeCollect(commands.scala:84)
[2025-02-21T14:08:01.973+0000] {spark_submit.py:641} INFO - at org.apache.spark.sql.execution.QueryExecution$$anonfun$eagerlyExecuteCommands$1.$anonfun$applyOrElse$1(QueryExecution.scala:98)
[2025-02-21T14:08:01.977+0000] {spark_submit.py:641} INFO - at org.apache.spark.sql.execution.SQLExecution$.$anonfun$withNewExecutionId$6(SQLExecution.scala:109)
[2025-02-21T14:08:01.979+0000] {spark_submit.py:641} INFO - at org.apache.spark.sql.execution.SQLExecution$.withSQLConfPropagated(SQLExecution.scala:169)
[2025-02-21T14:08:01.982+0000] {spark_submit.py:641} INFO - at org.apache.spark.sql.execution.SQLExecution$.$anonfun$withNewExecutionId$1(SQLExecution.scala:95)
[2025-02-21T14:08:01.984+0000] {spark_submit.py:641} INFO - at org.apache.spark.sql.SparkSession.withActive(SparkSession.scala:779)
[2025-02-21T14:08:01.986+0000] {spark_submit.py:641} INFO - at org.apache.spark.sql.execution.SQLExecution$.withNewExecutionId(SQLExecution.scala:64)
[2025-02-21T14:08:01.990+0000] {spark_submit.py:641} INFO - at org.apache.spark.sql.execution.QueryExecution$$anonfun$eagerlyExecuteCommands$1.applyOrElse(QueryExecution.scala:98)
[2025-02-21T14:08:01.992+0000] {spark_submit.py:641} INFO - at org.apache.spark.sql.execution.QueryExecution$$anonfun$eagerlyExecuteCommands$1.applyOrElse(QueryExecution.scala:94)
[2025-02-21T14:08:01.994+0000] {spark_submit.py:641} INFO - at org.apache.spark.sql.catalyst.trees.TreeNode.$anonfun$transformDownWithPruning$1(TreeNode.scala:584)
[2025-02-21T14:08:01.996+0000] {spark_submit.py:641} INFO - at org.apache.spark.sql.catalyst.trees.CurrentOrigin$.withOrigin(TreeNode.scala:176)
[2025-02-21T14:08:01.998+0000] {spark_submit.py:641} INFO - at org.apache.spark.sql.catalyst.trees.TreeNode.transformDownWithPruning(TreeNode.scala:584)
[2025-02-21T14:08:02.000+0000] {spark_submit.py:641} INFO - at org.apache.spark.sql.catalyst.plans.logical.LogicalPlan.org$apache$spark$sql$catalyst$plans$logical$AnalysisHelper$$super$transformDownWithPruning(LogicalPlan.scala:30)
[2025-02-21T14:08:02.002+0000] {spark_submit.py:641} INFO - at org.apache.spark.sql.catalyst.plans.logical.AnalysisHelper.transformDownWithPruning(AnalysisHelper.scala:267)
[2025-02-21T14:08:02.005+0000] {spark_submit.py:641} INFO - at org.apache.spark.sql.catalyst.plans.logical.AnalysisHelper.transformDownWithPruning$(AnalysisHelper.scala:263)
[2025-02-21T14:08:02.007+0000] {spark_submit.py:641} INFO - at org.apache.spark.sql.catalyst.plans.logical.LogicalPlan.transformDownWithPruning(LogicalPlan.scala:30)
[2025-02-21T14:08:02.009+0000] {spark_submit.py:641} INFO - at org.apache.spark.sql.catalyst.plans.logical.LogicalPlan.transformDownWithPruning(LogicalPlan.scala:30)
[2025-02-21T14:08:02.011+0000] {spark_submit.py:641} INFO - at org.apache.spark.sql.catalyst.trees.TreeNode.transformDown(TreeNode.scala:560)
[2025-02-21T14:08:02.013+0000] {spark_submit.py:641} INFO - at org.apache.spark.sql.execution.QueryExecution.eagerlyExecuteCommands(QueryExecution.scala:94)
[2025-02-21T14:08:02.015+0000] {spark_submit.py:641} INFO - at org.apache.spark.sql.execution.QueryExecution.commandExecuted$lzycompute(QueryExecution.scala:81)
[2025-02-21T14:08:02.017+0000] {spark_submit.py:641} INFO - at org.apache.spark.sql.execution.QueryExecution.commandExecuted(QueryExecution.scala:79)
[2025-02-21T14:08:02.020+0000] {spark_submit.py:641} INFO - at org.apache.spark.sql.execution.QueryExecution.assertCommandExecuted(QueryExecution.scala:116)
[2025-02-21T14:08:02.022+0000] {spark_submit.py:641} INFO - at org.apache.spark.sql.DataFrameWriter.runCommand(DataFrameWriter.scala:860)
[2025-02-21T14:08:02.024+0000] {spark_submit.py:641} INFO - at org.apache.spark.sql.DataFrameWriter.saveToV1Source(DataFrameWriter.scala:390)
[2025-02-21T14:08:02.026+0000] {spark_submit.py:641} INFO - at org.apache.spark.sql.DataFrameWriter.saveInternal(DataFrameWriter.scala:363)
[2025-02-21T14:08:02.028+0000] {spark_submit.py:641} INFO - at org.apache.spark.sql.DataFrameWriter.save(DataFrameWriter.scala:247)
[2025-02-21T14:08:02.030+0000] {spark_submit.py:641} INFO - at org.apache.spark.sql.DataFrameWriter.jdbc(DataFrameWriter.scala:757)
[2025-02-21T14:08:02.032+0000] {spark_submit.py:641} INFO - at java.base/jdk.internal.reflect.NativeMethodAccessorImpl.invoke0(Native Method)
[2025-02-21T14:08:02.034+0000] {spark_submit.py:641} INFO - at java.base/jdk.internal.reflect.NativeMethodAccessorImpl.invoke(NativeMethodAccessorImpl.java:77)
[2025-02-21T14:08:02.036+0000] {spark_submit.py:641} INFO - at java.base/jdk.internal.reflect.DelegatingMethodAccessorImpl.invoke(DelegatingMethodAccessorImpl.java:43)
[2025-02-21T14:08:02.038+0000] {spark_submit.py:641} INFO - at java.base/java.lang.reflect.Method.invoke(Method.java:569)
[2025-02-21T14:08:02.039+0000] {spark_submit.py:641} INFO - at py4j.reflection.MethodInvoker.invoke(MethodInvoker.java:244)
[2025-02-21T14:08:02.041+0000] {spark_submit.py:641} INFO - at py4j.reflection.ReflectionEngine.invoke(ReflectionEngine.java:357)
[2025-02-21T14:08:02.043+0000] {spark_submit.py:641} INFO - at py4j.Gateway.invoke(Gateway.java:282)
[2025-02-21T14:08:02.044+0000] {spark_submit.py:641} INFO - at py4j.commands.AbstractCommand.invokeMethod(AbstractCommand.java:132)
[2025-02-21T14:08:02.046+0000] {spark_submit.py:641} INFO - at py4j.commands.CallCommand.execute(CallCommand.java:79)
[2025-02-21T14:08:02.047+0000] {spark_submit.py:641} INFO - at py4j.ClientServerConnection.waitForCommands(ClientServerConnection.java:182)
[2025-02-21T14:08:02.049+0000] {spark_submit.py:641} INFO - at py4j.ClientServerConnection.run(ClientServerConnection.java:106)
[2025-02-21T14:08:02.050+0000] {spark_submit.py:641} INFO - at java.base/java.lang.Thread.run(Thread.java:840)
[2025-02-21T14:08:02.052+0000] {spark_submit.py:641} INFO - 
[2025-02-21T14:08:02.169+0000] {taskinstance.py:3313} ERROR - Task failed with exception
Traceback (most recent call last):
  File "/home/airflow/.local/lib/python3.9/site-packages/airflow/models/taskinstance.py", line 768, in _execute_task
    result = _execute_callable(context=context, **execute_callable_kwargs)
  File "/home/airflow/.local/lib/python3.9/site-packages/airflow/models/taskinstance.py", line 734, in _execute_callable
    return ExecutionCallableRunner(
  File "/home/airflow/.local/lib/python3.9/site-packages/airflow/utils/operator_helpers.py", line 252, in run
    return self.func(*args, **kwargs)
  File "/home/airflow/.local/lib/python3.9/site-packages/airflow/models/baseoperator.py", line 424, in wrapper
    return func(self, *args, **kwargs)
  File "/home/airflow/.local/lib/python3.9/site-packages/airflow/providers/apache/spark/operators/spark_submit.py", line 177, in execute
    self._hook.submit(self.application)
  File "/home/airflow/.local/lib/python3.9/site-packages/airflow/providers/apache/spark/hooks/spark_submit.py", line 567, in submit
    raise AirflowException(
airflow.exceptions.AirflowException: Cannot execute: spark-submit --master spark://***-spark-master:7077 --name arrow-spark /spark-scripts/***_v2_load.py. Error code is: 1.
[2025-02-21T14:08:02.178+0000] {taskinstance.py:1226} INFO - Marking task as FAILED. dag_id=***_v2_etl_dag, task_id=load_task, run_id=manual__2025-02-21T14:07:04.324394+00:00, execution_date=20250221T140704, start_date=20250221T140750, end_date=20250221T140802
[2025-02-21T14:08:02.226+0000] {taskinstance.py:341} INFO - ::group::Post task execution logs
[2025-02-21T14:08:02.230+0000] {standard_task_runner.py:124} ERROR - Failed to execute job 36 for task load_task (Cannot execute: spark-submit --master spark://***-spark-master:7077 --name arrow-spark /spark-scripts/***_v2_load.py. Error code is: 1.; 2035)
Traceback (most recent call last):
  File "/home/airflow/.local/lib/python3.9/site-packages/airflow/task/task_runner/standard_task_runner.py", line 117, in _start_by_fork
    ret = args.func(args, dag=self.dag)
  File "/home/airflow/.local/lib/python3.9/site-packages/airflow/cli/cli_config.py", line 49, in command
    return func(*args, **kwargs)
  File "/home/airflow/.local/lib/python3.9/site-packages/airflow/utils/cli.py", line 116, in wrapper
    return f(*args, **kwargs)
  File "/home/airflow/.local/lib/python3.9/site-packages/airflow/cli/commands/task_command.py", line 483, in task_run
    task_return_code = _run_task_by_selected_method(args, _dag, ti)
  File "/home/airflow/.local/lib/python3.9/site-packages/airflow/cli/commands/task_command.py", line 256, in _run_task_by_selected_method
    return _run_raw_task(args, ti)
  File "/home/airflow/.local/lib/python3.9/site-packages/airflow/cli/commands/task_command.py", line 341, in _run_raw_task
    return ti._run_raw_task(
  File "/home/airflow/.local/lib/python3.9/site-packages/airflow/utils/session.py", line 97, in wrapper
    return func(*args, session=session, **kwargs)
  File "/home/airflow/.local/lib/python3.9/site-packages/airflow/models/taskinstance.py", line 3006, in _run_raw_task
    return _run_raw_task(
  File "/home/airflow/.local/lib/python3.9/site-packages/airflow/models/taskinstance.py", line 274, in _run_raw_task
    TaskInstance._execute_task_with_callbacks(
  File "/home/airflow/.local/lib/python3.9/site-packages/airflow/models/taskinstance.py", line 3161, in _execute_task_with_callbacks
    result = self._execute_task(context, task_orig)
  File "/home/airflow/.local/lib/python3.9/site-packages/airflow/models/taskinstance.py", line 3185, in _execute_task
    return _execute_task(self, context, task_orig)
  File "/home/airflow/.local/lib/python3.9/site-packages/airflow/models/taskinstance.py", line 768, in _execute_task
    result = _execute_callable(context=context, **execute_callable_kwargs)
  File "/home/airflow/.local/lib/python3.9/site-packages/airflow/models/taskinstance.py", line 734, in _execute_callable
    return ExecutionCallableRunner(
  File "/home/airflow/.local/lib/python3.9/site-packages/airflow/utils/operator_helpers.py", line 252, in run
    return self.func(*args, **kwargs)
  File "/home/airflow/.local/lib/python3.9/site-packages/airflow/models/baseoperator.py", line 424, in wrapper
    return func(self, *args, **kwargs)
  File "/home/airflow/.local/lib/python3.9/site-packages/airflow/providers/apache/spark/operators/spark_submit.py", line 177, in execute
    self._hook.submit(self.application)
  File "/home/airflow/.local/lib/python3.9/site-packages/airflow/providers/apache/spark/hooks/spark_submit.py", line 567, in submit
    raise AirflowException(
airflow.exceptions.AirflowException: Cannot execute: spark-submit --master spark://***-spark-master:7077 --name arrow-spark /spark-scripts/***_v2_load.py. Error code is: 1.
[2025-02-21T14:08:02.276+0000] {local_task_job_runner.py:266} INFO - Task exited with return code 1
[2025-02-21T14:08:02.342+0000] {taskinstance.py:3901} INFO - 0 downstream tasks scheduled from follow-on schedule check
[2025-02-21T14:08:02.356+0000] {local_task_job_runner.py:245} INFO - ::endgroup::
