[2025-02-20T15:48:48.792+0000] {local_task_job_runner.py:123} INFO - ::group::Pre task execution logs
[2025-02-20T15:48:48.816+0000] {taskinstance.py:2614} INFO - Dependencies all met for dep_context=non-requeueable deps ti=<TaskInstance: finprode8_v2_etl_dag.transform_task manual__2025-02-20T15:46:32.551269+00:00 [queued]>
[2025-02-20T15:48:48.831+0000] {taskinstance.py:2614} INFO - Dependencies all met for dep_context=requeueable deps ti=<TaskInstance: finprode8_v2_etl_dag.transform_task manual__2025-02-20T15:46:32.551269+00:00 [queued]>
[2025-02-20T15:48:48.833+0000] {taskinstance.py:2867} INFO - Starting attempt 1 of 1
[2025-02-20T15:48:48.852+0000] {taskinstance.py:2890} INFO - Executing <Task(SparkSubmitOperator): transform_task> on 2025-02-20 15:46:32.551269+00:00
[2025-02-20T15:48:48.860+0000] {standard_task_runner.py:72} INFO - Started process 694 to run task
[2025-02-20T15:48:48.863+0000] {standard_task_runner.py:104} INFO - Running: ['airflow', 'tasks', 'run', '***_v2_etl_dag', 'transform_task', 'manual__2025-02-20T15:46:32.551269+00:00', '--job-id', '88', '--raw', '--subdir', 'DAGS_FOLDER/***_v2_etl_dag.py', '--cfg-path', '/tmp/tmp9r2swp6e']
[2025-02-20T15:48:48.868+0000] {standard_task_runner.py:105} INFO - Job 88: Subtask transform_task
[2025-02-20T15:48:48.895+0000] {logging_mixin.py:190} WARNING - /home/airflow/.local/lib/python3.9/site-packages/airflow/settings.py:209 DeprecationWarning: The sql_alchemy_conn option in [core] has been moved to the sql_alchemy_conn option in [database] - the old setting has been used, but please update your config.
[2025-02-20T15:48:48.936+0000] {task_command.py:467} INFO - Running <TaskInstance: finprode8_v2_etl_dag.transform_task manual__2025-02-20T15:46:32.551269+00:00 [running]> on host ***-airflow-scheduler
[2025-02-20T15:48:49.048+0000] {taskinstance.py:3134} INFO - Exporting env vars: AIRFLOW_CTX_DAG_OWNER='ratih malini' AIRFLOW_CTX_DAG_ID='***_v2_etl_dag' AIRFLOW_CTX_TASK_ID='transform_task' AIRFLOW_CTX_EXECUTION_DATE='2025-02-20T15:46:32.551269+00:00' AIRFLOW_CTX_TRY_NUMBER='1' AIRFLOW_CTX_DAG_RUN_ID='manual__2025-02-20T15:46:32.551269+00:00'
[2025-02-20T15:48:49.050+0000] {taskinstance.py:732} INFO - ::endgroup::
[2025-02-20T15:48:49.092+0000] {base.py:84} INFO - Retrieving connection 'spark_main'
[2025-02-20T15:48:49.095+0000] {spark_submit.py:474} INFO - Spark-Submit cmd: spark-submit --master spark://***-spark-master:7077 --packages org.postgresql:postgresql:42.2.18 --name arrow-spark /spark-scripts/***_v2_transform.py
[2025-02-20T15:48:51.135+0000] {spark_submit.py:641} INFO - :: loading settings :: url = jar:file:/home/airflow/.local/lib/python3.9/site-packages/pyspark/jars/ivy-2.5.1.jar!/org/apache/ivy/core/settings/ivysettings.xml
[2025-02-20T15:48:51.221+0000] {spark_submit.py:641} INFO - Ivy Default Cache set to: /home/airflow/.ivy2/cache
[2025-02-20T15:48:51.223+0000] {spark_submit.py:641} INFO - The jars for the packages stored in: /home/airflow/.ivy2/jars
[2025-02-20T15:48:51.225+0000] {spark_submit.py:641} INFO - org.postgresql#postgresql added as a dependency
[2025-02-20T15:48:51.228+0000] {spark_submit.py:641} INFO - :: resolving dependencies :: org.apache.spark#spark-submit-parent-44c7dead-9c4d-4cc7-91f0-9294bf26e3c8;1.0
[2025-02-20T15:48:51.230+0000] {spark_submit.py:641} INFO - confs: [default]
[2025-02-20T15:48:51.367+0000] {spark_submit.py:641} INFO - found org.postgresql#postgresql;42.2.18 in central
[2025-02-20T15:48:51.389+0000] {spark_submit.py:641} INFO - found org.checkerframework#checker-qual;3.5.0 in central
[2025-02-20T15:48:51.405+0000] {spark_submit.py:641} INFO - :: resolution report :: resolve 172ms :: artifacts dl 5ms
[2025-02-20T15:48:51.407+0000] {spark_submit.py:641} INFO - :: modules in use:
[2025-02-20T15:48:51.408+0000] {spark_submit.py:641} INFO - org.checkerframework#checker-qual;3.5.0 from central in [default]
[2025-02-20T15:48:51.409+0000] {spark_submit.py:641} INFO - org.postgresql#postgresql;42.2.18 from central in [default]
[2025-02-20T15:48:51.412+0000] {spark_submit.py:641} INFO - ---------------------------------------------------------------------
[2025-02-20T15:48:51.413+0000] {spark_submit.py:641} INFO - |                  |            modules            ||   artifacts   |
[2025-02-20T15:48:51.414+0000] {spark_submit.py:641} INFO - |       conf       | number| search|dwnlded|evicted|| number|dwnlded|
[2025-02-20T15:48:51.415+0000] {spark_submit.py:641} INFO - ---------------------------------------------------------------------
[2025-02-20T15:48:51.416+0000] {spark_submit.py:641} INFO - |      default     |   2   |   0   |   0   |   0   ||   2   |   0   |
[2025-02-20T15:48:51.417+0000] {spark_submit.py:641} INFO - ---------------------------------------------------------------------
[2025-02-20T15:48:51.419+0000] {spark_submit.py:641} INFO - :: retrieving :: org.apache.spark#spark-submit-parent-44c7dead-9c4d-4cc7-91f0-9294bf26e3c8
[2025-02-20T15:48:51.420+0000] {spark_submit.py:641} INFO - confs: [default]
[2025-02-20T15:48:51.421+0000] {spark_submit.py:641} INFO - 0 artifacts copied, 2 already retrieved (0kB/7ms)
[2025-02-20T15:48:51.699+0000] {spark_submit.py:641} INFO - 25/02/20 15:48:51 WARN NativeCodeLoader: Unable to load native-hadoop library for your platform... using builtin-java classes where applicable
[2025-02-20T15:48:53.147+0000] {spark_submit.py:641} INFO - 25/02/20 15:48:53 INFO SparkContext: Running Spark version 3.3.2
[2025-02-20T15:48:53.174+0000] {spark_submit.py:641} INFO - 25/02/20 15:48:53 INFO ResourceUtils: ==============================================================
[2025-02-20T15:48:53.177+0000] {spark_submit.py:641} INFO - 25/02/20 15:48:53 INFO ResourceUtils: No custom resources configured for spark.driver.
[2025-02-20T15:48:53.179+0000] {spark_submit.py:641} INFO - 25/02/20 15:48:53 INFO ResourceUtils: ==============================================================
[2025-02-20T15:48:53.181+0000] {spark_submit.py:641} INFO - 25/02/20 15:48:53 INFO SparkContext: Submitted application: ***_transform
[2025-02-20T15:48:53.204+0000] {spark_submit.py:641} INFO - 25/02/20 15:48:53 INFO ResourceProfile: Default ResourceProfile created, executor resources: Map(cores -> name: cores, amount: 1, script: , vendor: , memory -> name: memory, amount: 1024, script: , vendor: , offHeap -> name: offHeap, amount: 0, script: , vendor: ), task resources: Map(cpus -> name: cpus, amount: 1.0)
[2025-02-20T15:48:53.212+0000] {spark_submit.py:641} INFO - 25/02/20 15:48:53 INFO ResourceProfile: Limiting resource is cpu
[2025-02-20T15:48:53.214+0000] {spark_submit.py:641} INFO - 25/02/20 15:48:53 INFO ResourceProfileManager: Added ResourceProfile id: 0
[2025-02-20T15:48:53.287+0000] {spark_submit.py:641} INFO - 25/02/20 15:48:53 INFO SecurityManager: Changing view acls to: airflow
[2025-02-20T15:48:53.289+0000] {spark_submit.py:641} INFO - 25/02/20 15:48:53 INFO SecurityManager: Changing modify acls to: airflow
[2025-02-20T15:48:53.292+0000] {spark_submit.py:641} INFO - 25/02/20 15:48:53 INFO SecurityManager: Changing view acls groups to:
[2025-02-20T15:48:53.293+0000] {spark_submit.py:641} INFO - 25/02/20 15:48:53 INFO SecurityManager: Changing modify acls groups to:
[2025-02-20T15:48:53.295+0000] {spark_submit.py:641} INFO - 25/02/20 15:48:53 INFO SecurityManager: SecurityManager: authentication disabled; ui acls disabled; users  with view permissions: Set(airflow); groups with view permissions: Set(); users  with modify permissions: Set(airflow); groups with modify permissions: Set()
[2025-02-20T15:48:53.594+0000] {spark_submit.py:641} INFO - 25/02/20 15:48:53 INFO Utils: Successfully started service 'sparkDriver' on port 40483.
[2025-02-20T15:48:53.645+0000] {spark_submit.py:641} INFO - 25/02/20 15:48:53 INFO SparkEnv: Registering MapOutputTracker
[2025-02-20T15:48:53.684+0000] {spark_submit.py:641} INFO - 25/02/20 15:48:53 INFO SparkEnv: Registering BlockManagerMaster
[2025-02-20T15:48:53.716+0000] {spark_submit.py:641} INFO - 25/02/20 15:48:53 INFO BlockManagerMasterEndpoint: Using org.apache.spark.storage.DefaultTopologyMapper for getting topology information
[2025-02-20T15:48:53.719+0000] {spark_submit.py:641} INFO - 25/02/20 15:48:53 INFO BlockManagerMasterEndpoint: BlockManagerMasterEndpoint up
[2025-02-20T15:48:53.727+0000] {spark_submit.py:641} INFO - 25/02/20 15:48:53 INFO SparkEnv: Registering BlockManagerMasterHeartbeat
[2025-02-20T15:48:53.760+0000] {spark_submit.py:641} INFO - 25/02/20 15:48:53 INFO DiskBlockManager: Created local directory at /tmp/blockmgr-1ecb68a6-e4d9-458f-88ba-12b4adb628aa
[2025-02-20T15:48:53.780+0000] {spark_submit.py:641} INFO - 25/02/20 15:48:53 INFO MemoryStore: MemoryStore started with capacity 434.4 MiB
[2025-02-20T15:48:53.804+0000] {spark_submit.py:641} INFO - 25/02/20 15:48:53 INFO SparkEnv: Registering OutputCommitCoordinator
[2025-02-20T15:48:54.063+0000] {spark_submit.py:641} INFO - 25/02/20 15:48:54 INFO Utils: Successfully started service 'SparkUI' on port 4040.
[2025-02-20T15:48:54.121+0000] {spark_submit.py:641} INFO - 25/02/20 15:48:54 INFO SparkContext: Added JAR /spark-scripts/jars/postgresql-42.2.18.jar at spark://***-airflow-scheduler:40483/jars/postgresql-42.2.18.jar with timestamp 1740066533138
[2025-02-20T15:48:54.123+0000] {spark_submit.py:641} INFO - 25/02/20 15:48:54 INFO SparkContext: Added file file:///home/airflow/.ivy2/jars/org.postgresql_postgresql-42.2.18.jar at file:///home/airflow/.ivy2/jars/org.postgresql_postgresql-42.2.18.jar with timestamp 1740066533138
[2025-02-20T15:48:54.124+0000] {spark_submit.py:641} INFO - 25/02/20 15:48:54 INFO Utils: Copying /home/airflow/.ivy2/jars/org.postgresql_postgresql-42.2.18.jar to /tmp/spark-f97098ad-146b-421b-88a0-9c90bfc55b31/userFiles-6a60a715-67f2-45c7-8faa-f4453c13de07/org.postgresql_postgresql-42.2.18.jar
[2025-02-20T15:48:54.139+0000] {spark_submit.py:641} INFO - 25/02/20 15:48:54 INFO SparkContext: Added file file:///home/airflow/.ivy2/jars/org.checkerframework_checker-qual-3.5.0.jar at file:///home/airflow/.ivy2/jars/org.checkerframework_checker-qual-3.5.0.jar with timestamp 1740066533138
[2025-02-20T15:48:54.140+0000] {spark_submit.py:641} INFO - 25/02/20 15:48:54 INFO Utils: Copying /home/airflow/.ivy2/jars/org.checkerframework_checker-qual-3.5.0.jar to /tmp/spark-f97098ad-146b-421b-88a0-9c90bfc55b31/userFiles-6a60a715-67f2-45c7-8faa-f4453c13de07/org.checkerframework_checker-qual-3.5.0.jar
[2025-02-20T15:48:54.219+0000] {spark_submit.py:641} INFO - 25/02/20 15:48:54 INFO Executor: Starting executor ID driver on host ***-airflow-scheduler
[2025-02-20T15:48:54.226+0000] {spark_submit.py:641} INFO - 25/02/20 15:48:54 INFO Executor: Starting executor with user classpath (userClassPathFirst = false): ''
[2025-02-20T15:48:54.239+0000] {spark_submit.py:641} INFO - 25/02/20 15:48:54 INFO Executor: Fetching file:///home/airflow/.ivy2/jars/org.postgresql_postgresql-42.2.18.jar with timestamp 1740066533138
[2025-02-20T15:48:54.265+0000] {spark_submit.py:641} INFO - 25/02/20 15:48:54 INFO Utils: /home/airflow/.ivy2/jars/org.postgresql_postgresql-42.2.18.jar has been previously copied to /tmp/spark-f97098ad-146b-421b-88a0-9c90bfc55b31/userFiles-6a60a715-67f2-45c7-8faa-f4453c13de07/org.postgresql_postgresql-42.2.18.jar
[2025-02-20T15:48:54.273+0000] {spark_submit.py:641} INFO - 25/02/20 15:48:54 INFO Executor: Fetching file:///home/airflow/.ivy2/jars/org.checkerframework_checker-qual-3.5.0.jar with timestamp 1740066533138
[2025-02-20T15:48:54.274+0000] {spark_submit.py:641} INFO - 25/02/20 15:48:54 INFO Utils: /home/airflow/.ivy2/jars/org.checkerframework_checker-qual-3.5.0.jar has been previously copied to /tmp/spark-f97098ad-146b-421b-88a0-9c90bfc55b31/userFiles-6a60a715-67f2-45c7-8faa-f4453c13de07/org.checkerframework_checker-qual-3.5.0.jar
[2025-02-20T15:48:54.283+0000] {spark_submit.py:641} INFO - 25/02/20 15:48:54 INFO Executor: Fetching spark://***-airflow-scheduler:40483/jars/postgresql-42.2.18.jar with timestamp 1740066533138
[2025-02-20T15:48:54.326+0000] {spark_submit.py:641} INFO - 25/02/20 15:48:54 INFO TransportClientFactory: Successfully created connection to ***-airflow-scheduler/172.19.0.4:40483 after 29 ms (0 ms spent in bootstraps)
[2025-02-20T15:48:54.332+0000] {spark_submit.py:641} INFO - 25/02/20 15:48:54 INFO Utils: Fetching spark://***-airflow-scheduler:40483/jars/postgresql-42.2.18.jar to /tmp/spark-f97098ad-146b-421b-88a0-9c90bfc55b31/userFiles-6a60a715-67f2-45c7-8faa-f4453c13de07/fetchFileTemp5887978115179699058.tmp
[2025-02-20T15:48:54.392+0000] {spark_submit.py:641} INFO - 25/02/20 15:48:54 INFO Executor: Adding file:/tmp/spark-f97098ad-146b-421b-88a0-9c90bfc55b31/userFiles-6a60a715-67f2-45c7-8faa-f4453c13de07/postgresql-42.2.18.jar to class loader
[2025-02-20T15:48:54.400+0000] {spark_submit.py:641} INFO - 25/02/20 15:48:54 INFO Utils: Successfully started service 'org.apache.spark.network.netty.NettyBlockTransferService' on port 35557.
[2025-02-20T15:48:54.403+0000] {spark_submit.py:641} INFO - 25/02/20 15:48:54 INFO NettyBlockTransferService: Server created on ***-airflow-scheduler:35557
[2025-02-20T15:48:54.405+0000] {spark_submit.py:641} INFO - 25/02/20 15:48:54 INFO BlockManager: Using org.apache.spark.storage.RandomBlockReplicationPolicy for block replication policy
[2025-02-20T15:48:54.417+0000] {spark_submit.py:641} INFO - 25/02/20 15:48:54 INFO BlockManagerMaster: Registering BlockManager BlockManagerId(driver, ***-airflow-scheduler, 35557, None)
[2025-02-20T15:48:54.423+0000] {spark_submit.py:641} INFO - 25/02/20 15:48:54 INFO BlockManagerMasterEndpoint: Registering block manager ***-airflow-scheduler:35557 with 434.4 MiB RAM, BlockManagerId(driver, ***-airflow-scheduler, 35557, None)
[2025-02-20T15:48:54.426+0000] {spark_submit.py:641} INFO - 25/02/20 15:48:54 INFO BlockManagerMaster: Registered BlockManager BlockManagerId(driver, ***-airflow-scheduler, 35557, None)
[2025-02-20T15:48:54.428+0000] {spark_submit.py:641} INFO - 25/02/20 15:48:54 INFO BlockManager: Initialized BlockManager: BlockManagerId(driver, ***-airflow-scheduler, 35557, None)
[2025-02-20T15:48:58.347+0000] {spark_submit.py:641} INFO - ---------------- MENAMPILKAN TIPE DATA HASIL TRANSFORMASI ----------------
[2025-02-20T15:48:58.354+0000] {spark_submit.py:641} INFO - root
[2025-02-20T15:48:58.356+0000] {spark_submit.py:641} INFO - |-- employee_id: integer (nullable = true)
[2025-02-20T15:48:58.358+0000] {spark_submit.py:641} INFO - |-- department: string (nullable = true)
[2025-02-20T15:48:58.360+0000] {spark_submit.py:641} INFO - |-- region: string (nullable = true)
[2025-02-20T15:48:58.361+0000] {spark_submit.py:641} INFO - |-- education: string (nullable = true)
[2025-02-20T15:48:58.362+0000] {spark_submit.py:641} INFO - |-- gender: string (nullable = true)
[2025-02-20T15:48:58.363+0000] {spark_submit.py:641} INFO - |-- recruitment_channel: string (nullable = true)
[2025-02-20T15:48:58.364+0000] {spark_submit.py:641} INFO - |-- no_of_trainings: integer (nullable = true)
[2025-02-20T15:48:58.366+0000] {spark_submit.py:641} INFO - |-- age: integer (nullable = true)
[2025-02-20T15:48:58.367+0000] {spark_submit.py:641} INFO - |-- previous_year_rating: integer (nullable = true)
[2025-02-20T15:48:58.368+0000] {spark_submit.py:641} INFO - |-- length_of_service: integer (nullable = true)
[2025-02-20T15:48:58.370+0000] {spark_submit.py:641} INFO - |-- KPIs_met_more_than_80: integer (nullable = true)
[2025-02-20T15:48:58.371+0000] {spark_submit.py:641} INFO - |-- awards_won: integer (nullable = true)
[2025-02-20T15:48:58.373+0000] {spark_submit.py:641} INFO - |-- avg_training_score: integer (nullable = true)
[2025-02-20T15:48:58.375+0000] {spark_submit.py:641} INFO - 
[2025-02-20T15:48:58.376+0000] {spark_submit.py:641} INFO - ---------------- MENAMPILKAN BANYAK DATA NULL DI SETIAP KOLOM ----------------
[2025-02-20T15:49:00.097+0000] {spark_submit.py:641} INFO - +----------------+---------------+-----------+--------------+-----------+------------------------+--------------------+--------+-------------------------+----------------------+--------------------------+---------------+-----------------------+
[2025-02-20T15:49:00.098+0000] {spark_submit.py:641} INFO - |employee_id_null|department_null|region_null|education_null|gender_null|recruitment_channel_null|no_of_trainings_null|age_null|previous_year_rating_null|length_of_service_null|KPIs_met_more_than_80_null|awards_won_null|avg_training_score_nuli|
[2025-02-20T15:49:00.100+0000] {spark_submit.py:641} INFO - +----------------+---------------+-----------+--------------+-----------+------------------------+--------------------+--------+-------------------------+----------------------+--------------------------+---------------+-----------------------+
[2025-02-20T15:49:00.101+0000] {spark_submit.py:641} INFO - |               0|              0|          0|           771|          0|                       0|                   0|       0|                     1363|                     0|                         0|              0|                      0|
[2025-02-20T15:49:00.103+0000] {spark_submit.py:641} INFO - +----------------+---------------+-----------+--------------+-----------+------------------------+--------------------+--------+-------------------------+----------------------+--------------------------+---------------+-----------------------+
[2025-02-20T15:49:00.104+0000] {spark_submit.py:641} INFO - 
[2025-02-20T15:49:00.106+0000] {spark_submit.py:641} INFO - ---------------- NULL HANDLING PADA KOLOM EDUCATION & PREVIOUS_YEAR_RATING ----------------
[2025-02-20T15:49:00.325+0000] {spark_submit.py:641} INFO - +--------------+-------------------------+
[2025-02-20T15:49:00.327+0000] {spark_submit.py:641} INFO - |education_null|previous_year_rating_null|
[2025-02-20T15:49:00.329+0000] {spark_submit.py:641} INFO - +--------------+-------------------------+
[2025-02-20T15:49:00.330+0000] {spark_submit.py:641} INFO - |             0|                        0|
[2025-02-20T15:49:00.332+0000] {spark_submit.py:641} INFO - +--------------+-------------------------+
[2025-02-20T15:49:00.334+0000] {spark_submit.py:641} INFO - 
[2025-02-20T15:49:00.335+0000] {spark_submit.py:641} INFO - ---------------- MENAMPILKAN BANYAK DATA DUPLIKAT BERDASARKAN EMPLOYEE_ID ----------------
[2025-02-20T15:49:01.638+0000] {spark_submit.py:641} INFO - +-----------+------+
[2025-02-20T15:49:01.639+0000] {spark_submit.py:641} INFO - |employee_id|jumlah|
[2025-02-20T15:49:01.641+0000] {spark_submit.py:641} INFO - +-----------+------+
[2025-02-20T15:49:01.642+0000] {spark_submit.py:641} INFO - |      64573|     2|
[2025-02-20T15:49:01.645+0000] {spark_submit.py:641} INFO - |      49584|     3|
[2025-02-20T15:49:01.647+0000] {spark_submit.py:641} INFO - +-----------+------+
[2025-02-20T15:49:01.648+0000] {spark_submit.py:641} INFO - 
[2025-02-20T15:49:01.649+0000] {spark_submit.py:641} INFO - ---------------- MENAMPILKAN SEMUA BARIS DAN KOLOM DARI EMPLOYEE ID YANG DUPLIKAT ----------------
[2025-02-20T15:49:02.088+0000] {spark_submit.py:641} INFO - +-----------+----------+--------+---------+------+-------------------+---------------+---+--------------------+-----------------+---------------------+----------+------------------+
[2025-02-20T15:49:02.090+0000] {spark_submit.py:641} INFO - |employee_id|department|  region|education|gender|recruitment_channel|no_of_trainings|age|previous_year_rating|length_of_service|KPIs_met_more_than_80|awards_won|avg_training_score|
[2025-02-20T15:49:02.091+0000] {spark_submit.py:641} INFO - +-----------+----------+--------+---------+------+-------------------+---------------+---+--------------------+-----------------+---------------------+----------+------------------+
[2025-02-20T15:49:02.095+0000] {spark_submit.py:641} INFO - |      49584|        HR|region_7|Bachelors|     m|              other|              1| 33|                   1|                9|                    0|         0|                51|
[2025-02-20T15:49:02.096+0000] {spark_submit.py:641} INFO - |      49584|        HR|region_7|Bachelors|     m|              other|              1| 33|                   1|                9|                    0|         0|                51|
[2025-02-20T15:49:02.099+0000] {spark_submit.py:641} INFO - |      49584|        HR|region_7|Bachelors|     m|              other|              1| 33|                   1|                9|                    0|         0|                51|
[2025-02-20T15:49:02.100+0000] {spark_submit.py:641} INFO - |      64573|Technology|region_7|Bachelors|     f|           referred|              2| 30|                   5|                6|                    1|         0|                81|
[2025-02-20T15:49:02.101+0000] {spark_submit.py:641} INFO - |      64573|        HR|region_7|Bachelors|     f|           referred|              1| 35|                   5|                4|                    1|         0|                81|
[2025-02-20T15:49:02.102+0000] {spark_submit.py:641} INFO - +-----------+----------+--------+---------+------+-------------------+---------------+---+--------------------+-----------------+---------------------+----------+------------------+
[2025-02-20T15:49:02.103+0000] {spark_submit.py:641} INFO - 
[2025-02-20T15:49:02.105+0000] {spark_submit.py:641} INFO - ---------------- MENAMPILKAN HASIL DARI DATA DUPLIKASI YANG TELAH DIHANDLE BERDASARKAN KOLOM EMPLOYEE_ID DAN DEPARTMENT ----------------
[2025-02-20T15:49:02.868+0000] {spark_submit.py:641} INFO - +-----------+----------+--------+---------+------+-------------------+---------------+---+--------------------+-----------------+---------------------+----------+------------------+
[2025-02-20T15:49:02.873+0000] {spark_submit.py:641} INFO - |employee_id|department|  region|education|gender|recruitment_channel|no_of_trainings|age|previous_year_rating|length_of_service|KPIs_met_more_than_80|awards_won|avg_training_score|
[2025-02-20T15:49:02.875+0000] {spark_submit.py:641} INFO - +-----------+----------+--------+---------+------+-------------------+---------------+---+--------------------+-----------------+---------------------+----------+------------------+
[2025-02-20T15:49:02.876+0000] {spark_submit.py:641} INFO - |      49584|        HR|region_7|Bachelors|     m|              other|              1| 33|                   1|                9|                    0|         0|                51|
[2025-02-20T15:49:02.878+0000] {spark_submit.py:641} INFO - |      64573|        HR|region_7|Bachelors|     f|           referred|              1| 35|                   5|                4|                    1|         0|                81|
[2025-02-20T15:49:02.880+0000] {spark_submit.py:641} INFO - |      64573|Technology|region_7|Bachelors|     f|           referred|              2| 30|                   5|                6|                    1|         0|                81|
[2025-02-20T15:49:02.881+0000] {spark_submit.py:641} INFO - +-----------+----------+--------+---------+------+-------------------+---------------+---+--------------------+-----------------+---------------------+----------+------------------+
[2025-02-20T15:49:02.882+0000] {spark_submit.py:641} INFO - 
[2025-02-20T15:49:05.222+0000] {spark_submit.py:641} INFO - +-----------+-----------------+---------+---------------+------+-------------------+---------------+---+--------------------+-----------------+---------------------+----------+------------------+
[2025-02-20T15:49:05.223+0000] {spark_submit.py:641} INFO - |employee_id|       department|   region|      education|gender|recruitment_channel|no_of_trainings|age|previous_year_rating|length_of_service|KPIs_met_more_than_80|awards_won|avg_training_score|
[2025-02-20T15:49:05.224+0000] {spark_submit.py:641} INFO - +-----------+-----------------+---------+---------------+------+-------------------+---------------+---+--------------------+-----------------+---------------------+----------+------------------+
[2025-02-20T15:49:05.226+0000] {spark_submit.py:641} INFO - |          3|      Procurement|region_22|Masters & above|     f|              other|              1| 38|                   5|                4|                    1|         0|                67|
[2025-02-20T15:49:05.227+0000] {spark_submit.py:641} INFO - |          6|Sales & Marketing|region_15|      Bachelors|     f|              other|              1| 38|                   3|               10|                    0|         0|                50|
[2025-02-20T15:49:05.229+0000] {spark_submit.py:641} INFO - |         11|       Technology| region_4|Masters & above|     f|           sourcing|              1| 39|                   4|               12|                    1|         0|                72|
[2025-02-20T15:49:05.230+0000] {spark_submit.py:641} INFO - |         13|Sales & Marketing|region_17|      Bachelors|     m|              other|              1| 38|                   1|                5|                    1|         0|                47|
[2025-02-20T15:49:05.230+0000] {spark_submit.py:641} INFO - |         16|Sales & Marketing| region_4|Masters & above|     m|           sourcing|              1| 40|                   5|                5|                    0|         0|                53|
[2025-02-20T15:49:05.231+0000] {spark_submit.py:641} INFO - |         17|Sales & Marketing| region_7|      Bachelors|     m|           sourcing|              1| 50|                   5|               13|                    0|         0|                47|
[2025-02-20T15:49:05.232+0000] {spark_submit.py:641} INFO - |         19|               HR| region_2|Masters & above|     f|              other|              1| 50|                   4|                7|                    1|         0|                45|
[2025-02-20T15:49:05.233+0000] {spark_submit.py:641} INFO - |         20|        Analytics|region_21|      Bachelors|     m|           sourcing|              1| 27|                   0|                1|                    1|         0|                89|
[2025-02-20T15:49:05.234+0000] {spark_submit.py:641} INFO - |         21|        Analytics| region_8|      Bachelors|     m|           sourcing|              2| 28|                   2|                3|                    1|         0|                85|
[2025-02-20T15:49:05.235+0000] {spark_submit.py:641} INFO - |         22|       Technology| region_2|Masters & above|     f|              other|              1| 57|                   4|               18|                    1|         0|                77|
[2025-02-20T15:49:05.236+0000] {spark_submit.py:641} INFO - |         23|Sales & Marketing|region_16|      Bachelors|     f|           sourcing|              1| 42|                   1|                3|                    0|         0|                46|
[2025-02-20T15:49:05.237+0000] {spark_submit.py:641} INFO - |         24|               HR|region_28|Masters & above|     f|              other|              1| 32|                   1|                5|                    1|         0|                51|
[2025-02-20T15:49:05.237+0000] {spark_submit.py:641} INFO - |         27|Sales & Marketing|region_16|      Bachelors|     m|           sourcing|              1| 29|                   2|                6|                    0|         0|                51|
[2025-02-20T15:49:05.238+0000] {spark_submit.py:641} INFO - |         29|        Analytics| region_7|      Bachelors|     m|              other|              1| 28|                   0|                1|                    1|         0|                85|
[2025-02-20T15:49:05.239+0000] {spark_submit.py:641} INFO - |         31|Sales & Marketing|region_15|      Bachelors|     f|              other|              1| 29|                   3|                5|                    1|         0|                49|
[2025-02-20T15:49:05.240+0000] {spark_submit.py:641} INFO - |         40|       Operations| region_7|Masters & above|     f|              other|              1| 34|                   1|                4|                    0|         0|                65|
[2025-02-20T15:49:05.241+0000] {spark_submit.py:641} INFO - |         50|Sales & Marketing|region_19|      Bachelors|     m|              other|              1| 32|                   1|                3|                    0|         0|                48|
[2025-02-20T15:49:05.243+0000] {spark_submit.py:641} INFO - |         55|       Operations|region_19|Masters & above|     f|           sourcing|              1| 33|                   5|                3|                    0|         0|                61|
[2025-02-20T15:49:05.247+0000] {spark_submit.py:641} INFO - |         63|Sales & Marketing| region_8|Masters & above|     m|           sourcing|              1| 35|                   5|                8|                    0|         0|                52|
[2025-02-20T15:49:05.249+0000] {spark_submit.py:641} INFO - |         64|        Analytics| region_4|      Bachelors|     m|              other|              1| 42|                   5|               11|                    1|         0|                80|
[2025-02-20T15:49:05.251+0000] {spark_submit.py:641} INFO - +-----------+-----------------+---------+---------------+------+-------------------+---------------+---+--------------------+-----------------+---------------------+----------+------------------+
[2025-02-20T15:49:05.252+0000] {spark_submit.py:641} INFO - only showing top 20 rows
[2025-02-20T15:49:05.253+0000] {spark_submit.py:641} INFO - 
[2025-02-20T15:49:05.565+0000] {spark_submit.py:641} INFO - Jumlah baris dalam DataFrame: 17415
[2025-02-20T15:49:05.567+0000] {spark_submit.py:641} INFO - Isi folder data:
[2025-02-20T15:49:05.569+0000] {spark_submit.py:641} INFO - Traceback (most recent call last):
[2025-02-20T15:49:05.571+0000] {spark_submit.py:641} INFO - File "/spark-scripts/***_v2_transform.py", line 95, in <module>
[2025-02-20T15:49:05.572+0000] {spark_submit.py:641} INFO - transform()
[2025-02-20T15:49:05.573+0000] {spark_submit.py:641} INFO - File "/spark-scripts/***_v2_transform.py", line 89, in transform
[2025-02-20T15:49:05.575+0000] {spark_submit.py:641} INFO - print(os.listdir("data/transform.parquet"))
[2025-02-20T15:49:05.576+0000] {spark_submit.py:641} INFO - FileNotFoundError: [Errno 2] No such file or directory: 'data/transform.parquet'
[2025-02-20T15:49:05.812+0000] {taskinstance.py:3313} ERROR - Task failed with exception
Traceback (most recent call last):
  File "/home/airflow/.local/lib/python3.9/site-packages/airflow/models/taskinstance.py", line 768, in _execute_task
    result = _execute_callable(context=context, **execute_callable_kwargs)
  File "/home/airflow/.local/lib/python3.9/site-packages/airflow/models/taskinstance.py", line 734, in _execute_callable
    return ExecutionCallableRunner(
  File "/home/airflow/.local/lib/python3.9/site-packages/airflow/utils/operator_helpers.py", line 252, in run
    return self.func(*args, **kwargs)
  File "/home/airflow/.local/lib/python3.9/site-packages/airflow/models/baseoperator.py", line 424, in wrapper
    return func(self, *args, **kwargs)
  File "/home/airflow/.local/lib/python3.9/site-packages/airflow/providers/apache/spark/operators/spark_submit.py", line 177, in execute
    self._hook.submit(self.application)
  File "/home/airflow/.local/lib/python3.9/site-packages/airflow/providers/apache/spark/hooks/spark_submit.py", line 567, in submit
    raise AirflowException(
airflow.exceptions.AirflowException: Cannot execute: spark-submit --master spark://***-spark-master:7077 --packages org.postgresql:postgresql:42.2.18 --name arrow-spark /spark-scripts/***_v2_transform.py. Error code is: 1.
[2025-02-20T15:49:05.824+0000] {taskinstance.py:1226} INFO - Marking task as FAILED. dag_id=***_v2_etl_dag, task_id=transform_task, run_id=manual__2025-02-20T15:46:32.551269+00:00, execution_date=20250220T154632, start_date=20250220T154848, end_date=20250220T154905
[2025-02-20T15:49:05.862+0000] {taskinstance.py:341} INFO - ::group::Post task execution logs
[2025-02-20T15:49:05.865+0000] {standard_task_runner.py:124} ERROR - Failed to execute job 88 for task transform_task (Cannot execute: spark-submit --master spark://***-spark-master:7077 --packages org.postgresql:postgresql:42.2.18 --name arrow-spark /spark-scripts/***_v2_transform.py. Error code is: 1.; 694)
Traceback (most recent call last):
  File "/home/airflow/.local/lib/python3.9/site-packages/airflow/task/task_runner/standard_task_runner.py", line 117, in _start_by_fork
    ret = args.func(args, dag=self.dag)
  File "/home/airflow/.local/lib/python3.9/site-packages/airflow/cli/cli_config.py", line 49, in command
    return func(*args, **kwargs)
  File "/home/airflow/.local/lib/python3.9/site-packages/airflow/utils/cli.py", line 116, in wrapper
    return f(*args, **kwargs)
  File "/home/airflow/.local/lib/python3.9/site-packages/airflow/cli/commands/task_command.py", line 483, in task_run
    task_return_code = _run_task_by_selected_method(args, _dag, ti)
  File "/home/airflow/.local/lib/python3.9/site-packages/airflow/cli/commands/task_command.py", line 256, in _run_task_by_selected_method
    return _run_raw_task(args, ti)
  File "/home/airflow/.local/lib/python3.9/site-packages/airflow/cli/commands/task_command.py", line 341, in _run_raw_task
    return ti._run_raw_task(
  File "/home/airflow/.local/lib/python3.9/site-packages/airflow/utils/session.py", line 97, in wrapper
    return func(*args, session=session, **kwargs)
  File "/home/airflow/.local/lib/python3.9/site-packages/airflow/models/taskinstance.py", line 3006, in _run_raw_task
    return _run_raw_task(
  File "/home/airflow/.local/lib/python3.9/site-packages/airflow/models/taskinstance.py", line 274, in _run_raw_task
    TaskInstance._execute_task_with_callbacks(
  File "/home/airflow/.local/lib/python3.9/site-packages/airflow/models/taskinstance.py", line 3161, in _execute_task_with_callbacks
    result = self._execute_task(context, task_orig)
  File "/home/airflow/.local/lib/python3.9/site-packages/airflow/models/taskinstance.py", line 3185, in _execute_task
    return _execute_task(self, context, task_orig)
  File "/home/airflow/.local/lib/python3.9/site-packages/airflow/models/taskinstance.py", line 768, in _execute_task
    result = _execute_callable(context=context, **execute_callable_kwargs)
  File "/home/airflow/.local/lib/python3.9/site-packages/airflow/models/taskinstance.py", line 734, in _execute_callable
    return ExecutionCallableRunner(
  File "/home/airflow/.local/lib/python3.9/site-packages/airflow/utils/operator_helpers.py", line 252, in run
    return self.func(*args, **kwargs)
  File "/home/airflow/.local/lib/python3.9/site-packages/airflow/models/baseoperator.py", line 424, in wrapper
    return func(self, *args, **kwargs)
  File "/home/airflow/.local/lib/python3.9/site-packages/airflow/providers/apache/spark/operators/spark_submit.py", line 177, in execute
    self._hook.submit(self.application)
  File "/home/airflow/.local/lib/python3.9/site-packages/airflow/providers/apache/spark/hooks/spark_submit.py", line 567, in submit
    raise AirflowException(
airflow.exceptions.AirflowException: Cannot execute: spark-submit --master spark://***-spark-master:7077 --packages org.postgresql:postgresql:42.2.18 --name arrow-spark /spark-scripts/***_v2_transform.py. Error code is: 1.
[2025-02-20T15:49:05.890+0000] {local_task_job_runner.py:266} INFO - Task exited with return code 1
[2025-02-20T15:49:05.918+0000] {taskinstance.py:3901} INFO - 0 downstream tasks scheduled from follow-on schedule check
[2025-02-20T15:49:05.925+0000] {local_task_job_runner.py:245} INFO - ::endgroup::
