[2025-02-19T14:05:43.006+0000] {processor.py:186} INFO - Started process (PID=170) to work on /opt/airflow/dags/finprode8_v2_dag.py
[2025-02-19T14:05:43.014+0000] {processor.py:914} INFO - Processing file /opt/airflow/dags/finprode8_v2_dag.py for tasks to queue
[2025-02-19T14:05:43.022+0000] {logging_mixin.py:190} INFO - [2025-02-19T14:05:43.021+0000] {dagbag.py:588} INFO - Filling up the DagBag from /opt/airflow/dags/finprode8_v2_dag.py
[2025-02-19T14:05:43.084+0000] {processor.py:925} INFO - DAG(s) 'finprode8_etl_dag' retrieved from /opt/airflow/dags/finprode8_v2_dag.py
[2025-02-19T14:05:43.632+0000] {logging_mixin.py:190} INFO - [2025-02-19T14:05:43.631+0000] {dag.py:3239} INFO - Sync 1 DAGs
[2025-02-19T14:05:43.669+0000] {logging_mixin.py:190} INFO - [2025-02-19T14:05:43.669+0000] {dag.py:4180} INFO - Setting next_dagrun for finprode8_etl_dag to None, run_after=None
[2025-02-19T14:05:43.748+0000] {logging_mixin.py:190} INFO - [2025-02-19T14:05:43.744+0000] {dagbag.py:698} ERROR - Failed to write serialized DAG: /opt/airflow/dags/finprode8_v2_dag.py
Traceback (most recent call last):
  File "/home/airflow/.local/lib/python3.9/site-packages/airflow/models/dagbag.py", line 686, in _serialize_dag_capturing_errors
    dag_was_updated = SerializedDagModel.write_dag(
  File "/home/airflow/.local/lib/python3.9/site-packages/airflow/utils/session.py", line 94, in wrapper
    return func(*args, **kwargs)
  File "/home/airflow/.local/lib/python3.9/site-packages/airflow/models/serialized_dag.py", line 160, in write_dag
    if session.scalar(
  File "/home/airflow/.local/lib/python3.9/site-packages/sqlalchemy/orm/session.py", line 1747, in scalar
    return self.execute(
  File "/home/airflow/.local/lib/python3.9/site-packages/sqlalchemy/orm/session.py", line 1716, in execute
    conn = self._connection_for_bind(bind)
  File "/home/airflow/.local/lib/python3.9/site-packages/sqlalchemy/orm/session.py", line 1555, in _connection_for_bind
    return self._transaction._connection_for_bind(
  File "/home/airflow/.local/lib/python3.9/site-packages/sqlalchemy/orm/session.py", line 724, in _connection_for_bind
    self._assert_active()
  File "/home/airflow/.local/lib/python3.9/site-packages/sqlalchemy/orm/session.py", line 604, in _assert_active
    raise sa_exc.PendingRollbackError(
sqlalchemy.exc.PendingRollbackError: This Session's transaction has been rolled back due to a previous exception during flush. To begin a new transaction with this Session, first issue Session.rollback(). Original exception was: (psycopg2.errors.UniqueViolation) duplicate key value violates unique constraint "serialized_dag_pkey"
DETAIL:  Key (dag_id)=(finprode8_etl_dag) already exists.

[SQL: INSERT INTO serialized_dag (dag_id, fileloc, fileloc_hash, data, data_compressed, last_updated, dag_hash, processor_subdir) VALUES (%(dag_id)s, %(fileloc)s, %(fileloc_hash)s, %(data)s, %(data_compressed)s, %(last_updated)s, %(dag_hash)s, %(processor_subdir)s)]
[parameters: {'dag_id': 'finprode8_etl_dag', 'fileloc': '/opt/airflow/dags/finprode8_v2_dag.py', 'fileloc_hash': 31526557505139385, 'data': '{"__version": 1, "dag": {"schedule_interval": null, "start_date": 1739836800.0, "default_args": {"__var": {"owner": "ratih malini", "retry_delay": {" ... (1421 characters truncated) ... ode8_etl.py", "packages": "org.postgresql:postgresql:42.2.18", "name": "arrow-spark"}, "__type": "operator"}], "dag_dependencies": [], "params": []}}', 'data_compressed': None, 'last_updated': datetime.datetime(2025, 2, 19, 14, 5, 43, 124132, tzinfo=Timezone('UTC')), 'dag_hash': '777f6f7bfc744ca421d7e5123d02cc2e', 'processor_subdir': '/opt/airflow/dags'}]
(Background on this error at: https://sqlalche.me/e/14/gkpj) (Background on this error at: https://sqlalche.me/e/14/7s2a)
[2025-02-19T14:05:43.749+0000] {logging_mixin.py:190} INFO - [2025-02-19T14:05:43.749+0000] {dag.py:3239} INFO - Sync 1 DAGs
[2025-02-19T14:05:43.750+0000] {processor.py:211} ERROR - Got an exception! Propagating...
Traceback (most recent call last):
  File "/home/airflow/.local/lib/python3.9/site-packages/airflow/dag_processing/processor.py", line 207, in _run_file_processor
    _handle_dag_file_processing()
  File "/home/airflow/.local/lib/python3.9/site-packages/airflow/dag_processing/processor.py", line 188, in _handle_dag_file_processing
    result: tuple[int, int, int] = dag_file_processor.process_file(
  File "/home/airflow/.local/lib/python3.9/site-packages/airflow/utils/session.py", line 97, in wrapper
    return func(*args, session=session, **kwargs)
  File "/home/airflow/.local/lib/python3.9/site-packages/airflow/dag_processing/processor.py", line 942, in process_file
    serialize_errors = DagFileProcessor.save_dag_to_db(
  File "/home/airflow/.local/lib/python3.9/site-packages/airflow/api_internal/internal_api_call.py", line 166, in wrapper
    return func(*args, **kwargs)
  File "/home/airflow/.local/lib/python3.9/site-packages/airflow/utils/session.py", line 97, in wrapper
    return func(*args, session=session, **kwargs)
  File "/home/airflow/.local/lib/python3.9/site-packages/airflow/dag_processing/processor.py", line 982, in save_dag_to_db
    import_errors = DagBag._sync_to_db(dags=dags, processor_subdir=dag_directory, session=session)
  File "/home/airflow/.local/lib/python3.9/site-packages/airflow/utils/session.py", line 94, in wrapper
    return func(*args, **kwargs)
  File "/home/airflow/.local/lib/python3.9/site-packages/airflow/models/dagbag.py", line 708, in _sync_to_db
    for attempt in run_with_db_retries(logger=log):
  File "/home/airflow/.local/lib/python3.9/site-packages/tenacity/__init__.py", line 347, in __iter__
    do = self.iter(retry_state=retry_state)
  File "/home/airflow/.local/lib/python3.9/site-packages/tenacity/__init__.py", line 314, in iter
    return fut.result()
  File "/usr/local/lib/python3.9/concurrent/futures/_base.py", line 439, in result
    return self.__get_result()
  File "/usr/local/lib/python3.9/concurrent/futures/_base.py", line 391, in __get_result
    raise self._exception
  File "/home/airflow/.local/lib/python3.9/site-packages/airflow/models/dagbag.py", line 724, in _sync_to_db
    DAG.bulk_write_to_db(dags.values(), processor_subdir=processor_subdir, session=session)
  File "/home/airflow/.local/lib/python3.9/site-packages/airflow/utils/session.py", line 94, in wrapper
    return func(*args, **kwargs)
  File "/home/airflow/.local/lib/python3.9/site-packages/airflow/models/dag.py", line 3252, in bulk_write_to_db
    orm_dags: list[DagModel] = session.scalars(query).unique().all()
  File "/home/airflow/.local/lib/python3.9/site-packages/sqlalchemy/orm/session.py", line 1778, in scalars
    return self.execute(
  File "/home/airflow/.local/lib/python3.9/site-packages/sqlalchemy/orm/session.py", line 1716, in execute
    conn = self._connection_for_bind(bind)
  File "/home/airflow/.local/lib/python3.9/site-packages/sqlalchemy/orm/session.py", line 1555, in _connection_for_bind
    return self._transaction._connection_for_bind(
  File "/home/airflow/.local/lib/python3.9/site-packages/sqlalchemy/orm/session.py", line 724, in _connection_for_bind
    self._assert_active()
  File "/home/airflow/.local/lib/python3.9/site-packages/sqlalchemy/orm/session.py", line 604, in _assert_active
    raise sa_exc.PendingRollbackError(
sqlalchemy.exc.PendingRollbackError: This Session's transaction has been rolled back due to a previous exception during flush. To begin a new transaction with this Session, first issue Session.rollback(). Original exception was: (psycopg2.errors.UniqueViolation) duplicate key value violates unique constraint "serialized_dag_pkey"
DETAIL:  Key (dag_id)=(finprode8_etl_dag) already exists.

[SQL: INSERT INTO serialized_dag (dag_id, fileloc, fileloc_hash, data, data_compressed, last_updated, dag_hash, processor_subdir) VALUES (%(dag_id)s, %(fileloc)s, %(fileloc_hash)s, %(data)s, %(data_compressed)s, %(last_updated)s, %(dag_hash)s, %(processor_subdir)s)]
[parameters: {'dag_id': 'finprode8_etl_dag', 'fileloc': '/opt/airflow/dags/finprode8_v2_dag.py', 'fileloc_hash': 31526557505139385, 'data': '{"__version": 1, "dag": {"schedule_interval": null, "start_date": 1739836800.0, "default_args": {"__var": {"owner": "ratih malini", "retry_delay": {" ... (1421 characters truncated) ... ode8_etl.py", "packages": "org.postgresql:postgresql:42.2.18", "name": "arrow-spark"}, "__type": "operator"}], "dag_dependencies": [], "params": []}}', 'data_compressed': None, 'last_updated': datetime.datetime(2025, 2, 19, 14, 5, 43, 124132, tzinfo=Timezone('UTC')), 'dag_hash': '777f6f7bfc744ca421d7e5123d02cc2e', 'processor_subdir': '/opt/airflow/dags'}]
(Background on this error at: https://sqlalche.me/e/14/gkpj) (Background on this error at: https://sqlalche.me/e/14/7s2a)
[2025-02-19T14:10:44.835+0000] {processor.py:186} INFO - Started process (PID=182) to work on /opt/airflow/dags/finprode8_v2_dag.py
[2025-02-19T14:10:44.839+0000] {processor.py:914} INFO - Processing file /opt/airflow/dags/finprode8_v2_dag.py for tasks to queue
[2025-02-19T14:10:44.846+0000] {logging_mixin.py:190} INFO - [2025-02-19T14:10:44.844+0000] {dagbag.py:588} INFO - Filling up the DagBag from /opt/airflow/dags/finprode8_v2_dag.py
[2025-02-19T14:10:44.936+0000] {processor.py:925} INFO - DAG(s) 'finprode8_v2_dag' retrieved from /opt/airflow/dags/finprode8_v2_dag.py
[2025-02-19T14:10:45.654+0000] {logging_mixin.py:190} INFO - [2025-02-19T14:10:45.625+0000] {override.py:1912} INFO - Created Permission View: can edit on DAG:finprode8_v2_dag
[2025-02-19T14:10:45.692+0000] {logging_mixin.py:190} INFO - [2025-02-19T14:10:45.692+0000] {override.py:1912} INFO - Created Permission View: can read on DAG:finprode8_v2_dag
[2025-02-19T14:10:45.705+0000] {logging_mixin.py:190} INFO - [2025-02-19T14:10:45.704+0000] {override.py:1912} INFO - Created Permission View: can delete on DAG:finprode8_v2_dag
[2025-02-19T14:10:45.714+0000] {logging_mixin.py:190} INFO - [2025-02-19T14:10:45.714+0000] {override.py:1912} INFO - Created Permission View: menu access on DAG Run:finprode8_v2_dag
[2025-02-19T14:10:45.722+0000] {logging_mixin.py:190} INFO - [2025-02-19T14:10:45.722+0000] {override.py:1912} INFO - Created Permission View: can read on DAG Run:finprode8_v2_dag
[2025-02-19T14:10:45.735+0000] {logging_mixin.py:190} INFO - [2025-02-19T14:10:45.735+0000] {override.py:1912} INFO - Created Permission View: can create on DAG Run:finprode8_v2_dag
[2025-02-19T14:10:45.749+0000] {logging_mixin.py:190} INFO - [2025-02-19T14:10:45.748+0000] {override.py:1912} INFO - Created Permission View: can delete on DAG Run:finprode8_v2_dag
[2025-02-19T14:10:45.750+0000] {logging_mixin.py:190} INFO - [2025-02-19T14:10:45.750+0000] {dag.py:3239} INFO - Sync 1 DAGs
[2025-02-19T14:10:45.804+0000] {logging_mixin.py:190} INFO - [2025-02-19T14:10:45.803+0000] {dag.py:3262} INFO - Creating ORM DAG for finprode8_v2_dag
[2025-02-19T14:10:45.807+0000] {logging_mixin.py:190} INFO - [2025-02-19T14:10:45.806+0000] {dag.py:4180} INFO - Setting next_dagrun for finprode8_v2_dag to None, run_after=None
[2025-02-19T14:10:45.854+0000] {processor.py:208} INFO - Processing /opt/airflow/dags/finprode8_v2_dag.py took 1.076 seconds
[2025-02-19T14:11:16.561+0000] {processor.py:186} INFO - Started process (PID=192) to work on /opt/airflow/dags/finprode8_v2_dag.py
[2025-02-19T14:11:16.564+0000] {processor.py:914} INFO - Processing file /opt/airflow/dags/finprode8_v2_dag.py for tasks to queue
[2025-02-19T14:11:16.567+0000] {logging_mixin.py:190} INFO - [2025-02-19T14:11:16.566+0000] {dagbag.py:588} INFO - Filling up the DagBag from /opt/airflow/dags/finprode8_v2_dag.py
[2025-02-19T14:11:16.600+0000] {processor.py:925} INFO - DAG(s) 'finprode8_v2_dag' retrieved from /opt/airflow/dags/finprode8_v2_dag.py
[2025-02-19T14:11:16.643+0000] {logging_mixin.py:190} INFO - [2025-02-19T14:11:16.643+0000] {dag.py:3239} INFO - Sync 1 DAGs
[2025-02-19T14:11:16.663+0000] {logging_mixin.py:190} INFO - [2025-02-19T14:11:16.663+0000] {dag.py:4180} INFO - Setting next_dagrun for finprode8_v2_dag to None, run_after=None
[2025-02-19T14:11:16.684+0000] {processor.py:208} INFO - Processing /opt/airflow/dags/finprode8_v2_dag.py took 0.138 seconds
[2025-02-19T14:11:47.221+0000] {processor.py:186} INFO - Started process (PID=202) to work on /opt/airflow/dags/finprode8_v2_dag.py
[2025-02-19T14:11:47.223+0000] {processor.py:914} INFO - Processing file /opt/airflow/dags/finprode8_v2_dag.py for tasks to queue
[2025-02-19T14:11:47.226+0000] {logging_mixin.py:190} INFO - [2025-02-19T14:11:47.226+0000] {dagbag.py:588} INFO - Filling up the DagBag from /opt/airflow/dags/finprode8_v2_dag.py
[2025-02-19T14:11:47.258+0000] {processor.py:925} INFO - DAG(s) 'finprode8_v2_dag' retrieved from /opt/airflow/dags/finprode8_v2_dag.py
[2025-02-19T14:11:47.305+0000] {logging_mixin.py:190} INFO - [2025-02-19T14:11:47.305+0000] {dag.py:3239} INFO - Sync 1 DAGs
[2025-02-19T14:11:47.329+0000] {logging_mixin.py:190} INFO - [2025-02-19T14:11:47.329+0000] {dag.py:4180} INFO - Setting next_dagrun for finprode8_v2_dag to None, run_after=None
[2025-02-19T14:11:47.358+0000] {processor.py:208} INFO - Processing /opt/airflow/dags/finprode8_v2_dag.py took 0.144 seconds
[2025-02-19T14:12:19.214+0000] {processor.py:186} INFO - Started process (PID=212) to work on /opt/airflow/dags/finprode8_v2_dag.py
[2025-02-19T14:12:19.217+0000] {processor.py:914} INFO - Processing file /opt/airflow/dags/finprode8_v2_dag.py for tasks to queue
[2025-02-19T14:12:19.219+0000] {logging_mixin.py:190} INFO - [2025-02-19T14:12:19.219+0000] {dagbag.py:588} INFO - Filling up the DagBag from /opt/airflow/dags/finprode8_v2_dag.py
[2025-02-19T14:12:19.258+0000] {processor.py:925} INFO - DAG(s) 'finprode8_v2_dag' retrieved from /opt/airflow/dags/finprode8_v2_dag.py
[2025-02-19T14:12:19.289+0000] {logging_mixin.py:190} INFO - [2025-02-19T14:12:19.289+0000] {dag.py:3239} INFO - Sync 1 DAGs
[2025-02-19T14:12:19.306+0000] {logging_mixin.py:190} INFO - [2025-02-19T14:12:19.305+0000] {dag.py:4180} INFO - Setting next_dagrun for finprode8_v2_dag to None, run_after=None
[2025-02-19T14:12:19.330+0000] {processor.py:208} INFO - Processing /opt/airflow/dags/finprode8_v2_dag.py took 0.139 seconds
[2025-02-19T14:12:49.887+0000] {processor.py:186} INFO - Started process (PID=222) to work on /opt/airflow/dags/finprode8_v2_dag.py
[2025-02-19T14:12:49.889+0000] {processor.py:914} INFO - Processing file /opt/airflow/dags/finprode8_v2_dag.py for tasks to queue
[2025-02-19T14:12:49.891+0000] {logging_mixin.py:190} INFO - [2025-02-19T14:12:49.891+0000] {dagbag.py:588} INFO - Filling up the DagBag from /opt/airflow/dags/finprode8_v2_dag.py
[2025-02-19T14:12:49.938+0000] {processor.py:925} INFO - DAG(s) 'finprode8_v2_dag' retrieved from /opt/airflow/dags/finprode8_v2_dag.py
[2025-02-19T14:12:49.998+0000] {logging_mixin.py:190} INFO - [2025-02-19T14:12:49.998+0000] {dag.py:3239} INFO - Sync 1 DAGs
[2025-02-19T14:12:50.017+0000] {logging_mixin.py:190} INFO - [2025-02-19T14:12:50.017+0000] {dag.py:4180} INFO - Setting next_dagrun for finprode8_v2_dag to None, run_after=None
[2025-02-19T14:12:50.045+0000] {processor.py:208} INFO - Processing /opt/airflow/dags/finprode8_v2_dag.py took 0.170 seconds
[2025-02-19T14:13:20.851+0000] {processor.py:186} INFO - Started process (PID=232) to work on /opt/airflow/dags/finprode8_v2_dag.py
[2025-02-19T14:13:20.853+0000] {processor.py:914} INFO - Processing file /opt/airflow/dags/finprode8_v2_dag.py for tasks to queue
[2025-02-19T14:13:20.856+0000] {logging_mixin.py:190} INFO - [2025-02-19T14:13:20.856+0000] {dagbag.py:588} INFO - Filling up the DagBag from /opt/airflow/dags/finprode8_v2_dag.py
[2025-02-19T14:13:20.897+0000] {processor.py:925} INFO - DAG(s) 'finprode8_v2_dag' retrieved from /opt/airflow/dags/finprode8_v2_dag.py
[2025-02-19T14:13:20.935+0000] {logging_mixin.py:190} INFO - [2025-02-19T14:13:20.935+0000] {dag.py:3239} INFO - Sync 1 DAGs
[2025-02-19T14:13:20.959+0000] {logging_mixin.py:190} INFO - [2025-02-19T14:13:20.959+0000] {dag.py:4180} INFO - Setting next_dagrun for finprode8_v2_dag to None, run_after=None
[2025-02-19T14:13:21.007+0000] {processor.py:208} INFO - Processing /opt/airflow/dags/finprode8_v2_dag.py took 0.164 seconds
[2025-02-19T14:13:52.730+0000] {processor.py:186} INFO - Started process (PID=242) to work on /opt/airflow/dags/finprode8_v2_dag.py
[2025-02-19T14:13:52.731+0000] {processor.py:914} INFO - Processing file /opt/airflow/dags/finprode8_v2_dag.py for tasks to queue
[2025-02-19T14:13:52.734+0000] {logging_mixin.py:190} INFO - [2025-02-19T14:13:52.734+0000] {dagbag.py:588} INFO - Filling up the DagBag from /opt/airflow/dags/finprode8_v2_dag.py
[2025-02-19T14:13:52.763+0000] {processor.py:925} INFO - DAG(s) 'finprode8_v2_dag' retrieved from /opt/airflow/dags/finprode8_v2_dag.py
[2025-02-19T14:13:52.797+0000] {logging_mixin.py:190} INFO - [2025-02-19T14:13:52.797+0000] {dag.py:3239} INFO - Sync 1 DAGs
[2025-02-19T14:13:52.819+0000] {logging_mixin.py:190} INFO - [2025-02-19T14:13:52.819+0000] {dag.py:4180} INFO - Setting next_dagrun for finprode8_v2_dag to None, run_after=None
[2025-02-19T14:13:52.860+0000] {processor.py:208} INFO - Processing /opt/airflow/dags/finprode8_v2_dag.py took 0.139 seconds
[2025-02-19T14:14:23.499+0000] {processor.py:186} INFO - Started process (PID=252) to work on /opt/airflow/dags/finprode8_v2_dag.py
[2025-02-19T14:14:23.500+0000] {processor.py:914} INFO - Processing file /opt/airflow/dags/finprode8_v2_dag.py for tasks to queue
[2025-02-19T14:14:23.502+0000] {logging_mixin.py:190} INFO - [2025-02-19T14:14:23.501+0000] {dagbag.py:588} INFO - Filling up the DagBag from /opt/airflow/dags/finprode8_v2_dag.py
[2025-02-19T14:14:23.527+0000] {processor.py:925} INFO - DAG(s) 'finprode8_v2_dag' retrieved from /opt/airflow/dags/finprode8_v2_dag.py
[2025-02-19T14:14:23.564+0000] {logging_mixin.py:190} INFO - [2025-02-19T14:14:23.564+0000] {dag.py:3239} INFO - Sync 1 DAGs
[2025-02-19T14:14:23.585+0000] {logging_mixin.py:190} INFO - [2025-02-19T14:14:23.584+0000] {dag.py:4180} INFO - Setting next_dagrun for finprode8_v2_dag to None, run_after=None
[2025-02-19T14:14:23.609+0000] {processor.py:208} INFO - Processing /opt/airflow/dags/finprode8_v2_dag.py took 0.121 seconds
[2025-02-19T14:14:55.380+0000] {processor.py:186} INFO - Started process (PID=262) to work on /opt/airflow/dags/finprode8_v2_dag.py
[2025-02-19T14:14:55.383+0000] {processor.py:914} INFO - Processing file /opt/airflow/dags/finprode8_v2_dag.py for tasks to queue
[2025-02-19T14:14:55.386+0000] {logging_mixin.py:190} INFO - [2025-02-19T14:14:55.386+0000] {dagbag.py:588} INFO - Filling up the DagBag from /opt/airflow/dags/finprode8_v2_dag.py
[2025-02-19T14:14:55.423+0000] {processor.py:925} INFO - DAG(s) 'finprode8_v2_dag' retrieved from /opt/airflow/dags/finprode8_v2_dag.py
[2025-02-19T14:14:55.460+0000] {logging_mixin.py:190} INFO - [2025-02-19T14:14:55.459+0000] {dag.py:3239} INFO - Sync 1 DAGs
[2025-02-19T14:14:55.478+0000] {logging_mixin.py:190} INFO - [2025-02-19T14:14:55.478+0000] {dag.py:4180} INFO - Setting next_dagrun for finprode8_v2_dag to None, run_after=None
[2025-02-19T14:14:55.503+0000] {processor.py:208} INFO - Processing /opt/airflow/dags/finprode8_v2_dag.py took 0.144 seconds
[2025-02-19T14:15:26.267+0000] {processor.py:186} INFO - Started process (PID=272) to work on /opt/airflow/dags/finprode8_v2_dag.py
[2025-02-19T14:15:26.269+0000] {processor.py:914} INFO - Processing file /opt/airflow/dags/finprode8_v2_dag.py for tasks to queue
[2025-02-19T14:15:26.272+0000] {logging_mixin.py:190} INFO - [2025-02-19T14:15:26.271+0000] {dagbag.py:588} INFO - Filling up the DagBag from /opt/airflow/dags/finprode8_v2_dag.py
[2025-02-19T14:15:26.320+0000] {processor.py:925} INFO - DAG(s) 'finprode8_v2_dag' retrieved from /opt/airflow/dags/finprode8_v2_dag.py
[2025-02-19T14:15:26.409+0000] {logging_mixin.py:190} INFO - [2025-02-19T14:15:26.408+0000] {dag.py:3239} INFO - Sync 1 DAGs
[2025-02-19T14:15:26.440+0000] {logging_mixin.py:190} INFO - [2025-02-19T14:15:26.439+0000] {dag.py:4180} INFO - Setting next_dagrun for finprode8_v2_dag to None, run_after=None
[2025-02-19T14:15:26.465+0000] {processor.py:208} INFO - Processing /opt/airflow/dags/finprode8_v2_dag.py took 0.209 seconds
[2025-02-19T14:15:57.320+0000] {processor.py:186} INFO - Started process (PID=282) to work on /opt/airflow/dags/finprode8_v2_dag.py
[2025-02-19T14:15:57.322+0000] {processor.py:914} INFO - Processing file /opt/airflow/dags/finprode8_v2_dag.py for tasks to queue
[2025-02-19T14:15:57.324+0000] {logging_mixin.py:190} INFO - [2025-02-19T14:15:57.323+0000] {dagbag.py:588} INFO - Filling up the DagBag from /opt/airflow/dags/finprode8_v2_dag.py
[2025-02-19T14:15:57.356+0000] {processor.py:925} INFO - DAG(s) 'finprode8_v2_dag' retrieved from /opt/airflow/dags/finprode8_v2_dag.py
[2025-02-19T14:15:57.387+0000] {logging_mixin.py:190} INFO - [2025-02-19T14:15:57.387+0000] {dag.py:3239} INFO - Sync 1 DAGs
[2025-02-19T14:15:57.404+0000] {logging_mixin.py:190} INFO - [2025-02-19T14:15:57.403+0000] {dag.py:4180} INFO - Setting next_dagrun for finprode8_v2_dag to None, run_after=None
[2025-02-19T14:15:57.428+0000] {processor.py:208} INFO - Processing /opt/airflow/dags/finprode8_v2_dag.py took 0.118 seconds
[2025-02-19T14:16:29.151+0000] {processor.py:186} INFO - Started process (PID=292) to work on /opt/airflow/dags/finprode8_v2_dag.py
[2025-02-19T14:16:29.154+0000] {processor.py:914} INFO - Processing file /opt/airflow/dags/finprode8_v2_dag.py for tasks to queue
[2025-02-19T14:16:29.157+0000] {logging_mixin.py:190} INFO - [2025-02-19T14:16:29.156+0000] {dagbag.py:588} INFO - Filling up the DagBag from /opt/airflow/dags/finprode8_v2_dag.py
[2025-02-19T14:16:29.199+0000] {processor.py:925} INFO - DAG(s) 'finprode8_v2_dag' retrieved from /opt/airflow/dags/finprode8_v2_dag.py
[2025-02-19T14:16:29.297+0000] {logging_mixin.py:190} INFO - [2025-02-19T14:16:29.296+0000] {dag.py:3239} INFO - Sync 1 DAGs
[2025-02-19T14:16:29.357+0000] {logging_mixin.py:190} INFO - [2025-02-19T14:16:29.357+0000] {dag.py:4180} INFO - Setting next_dagrun for finprode8_v2_dag to None, run_after=None
[2025-02-19T14:16:29.411+0000] {processor.py:208} INFO - Processing /opt/airflow/dags/finprode8_v2_dag.py took 0.289 seconds
[2025-02-19T14:17:00.223+0000] {processor.py:186} INFO - Started process (PID=302) to work on /opt/airflow/dags/finprode8_v2_dag.py
[2025-02-19T14:17:00.229+0000] {processor.py:914} INFO - Processing file /opt/airflow/dags/finprode8_v2_dag.py for tasks to queue
[2025-02-19T14:17:00.233+0000] {logging_mixin.py:190} INFO - [2025-02-19T14:17:00.232+0000] {dagbag.py:588} INFO - Filling up the DagBag from /opt/airflow/dags/finprode8_v2_dag.py
[2025-02-19T14:17:00.305+0000] {processor.py:925} INFO - DAG(s) 'finprode8_v2_dag' retrieved from /opt/airflow/dags/finprode8_v2_dag.py
[2025-02-19T14:17:00.379+0000] {logging_mixin.py:190} INFO - [2025-02-19T14:17:00.378+0000] {dag.py:3239} INFO - Sync 1 DAGs
[2025-02-19T14:17:00.402+0000] {logging_mixin.py:190} INFO - [2025-02-19T14:17:00.401+0000] {dag.py:4180} INFO - Setting next_dagrun for finprode8_v2_dag to None, run_after=None
[2025-02-19T14:17:00.439+0000] {processor.py:208} INFO - Processing /opt/airflow/dags/finprode8_v2_dag.py took 0.239 seconds
[2025-02-19T14:17:31.256+0000] {processor.py:186} INFO - Started process (PID=312) to work on /opt/airflow/dags/finprode8_v2_dag.py
[2025-02-19T14:17:31.259+0000] {processor.py:914} INFO - Processing file /opt/airflow/dags/finprode8_v2_dag.py for tasks to queue
[2025-02-19T14:17:31.262+0000] {logging_mixin.py:190} INFO - [2025-02-19T14:17:31.261+0000] {dagbag.py:588} INFO - Filling up the DagBag from /opt/airflow/dags/finprode8_v2_dag.py
[2025-02-19T14:17:31.293+0000] {processor.py:925} INFO - DAG(s) 'finprode8_v2_dag' retrieved from /opt/airflow/dags/finprode8_v2_dag.py
[2025-02-19T14:17:31.334+0000] {logging_mixin.py:190} INFO - [2025-02-19T14:17:31.334+0000] {dag.py:3239} INFO - Sync 1 DAGs
[2025-02-19T14:17:31.356+0000] {logging_mixin.py:190} INFO - [2025-02-19T14:17:31.355+0000] {dag.py:4180} INFO - Setting next_dagrun for finprode8_v2_dag to None, run_after=None
[2025-02-19T14:17:31.390+0000] {processor.py:208} INFO - Processing /opt/airflow/dags/finprode8_v2_dag.py took 0.145 seconds
[2025-02-19T14:18:03.301+0000] {processor.py:186} INFO - Started process (PID=322) to work on /opt/airflow/dags/finprode8_v2_dag.py
[2025-02-19T14:18:03.306+0000] {processor.py:914} INFO - Processing file /opt/airflow/dags/finprode8_v2_dag.py for tasks to queue
[2025-02-19T14:18:03.310+0000] {logging_mixin.py:190} INFO - [2025-02-19T14:18:03.309+0000] {dagbag.py:588} INFO - Filling up the DagBag from /opt/airflow/dags/finprode8_v2_dag.py
[2025-02-19T14:18:03.381+0000] {processor.py:925} INFO - DAG(s) 'finprode8_v2_dag' retrieved from /opt/airflow/dags/finprode8_v2_dag.py
[2025-02-19T14:18:03.461+0000] {logging_mixin.py:190} INFO - [2025-02-19T14:18:03.461+0000] {dag.py:3239} INFO - Sync 1 DAGs
[2025-02-19T14:18:03.508+0000] {logging_mixin.py:190} INFO - [2025-02-19T14:18:03.507+0000] {dag.py:4180} INFO - Setting next_dagrun for finprode8_v2_dag to None, run_after=None
[2025-02-19T14:18:03.562+0000] {processor.py:208} INFO - Processing /opt/airflow/dags/finprode8_v2_dag.py took 0.296 seconds
[2025-02-19T14:18:34.417+0000] {processor.py:186} INFO - Started process (PID=332) to work on /opt/airflow/dags/finprode8_v2_dag.py
[2025-02-19T14:18:34.420+0000] {processor.py:914} INFO - Processing file /opt/airflow/dags/finprode8_v2_dag.py for tasks to queue
[2025-02-19T14:18:34.422+0000] {logging_mixin.py:190} INFO - [2025-02-19T14:18:34.422+0000] {dagbag.py:588} INFO - Filling up the DagBag from /opt/airflow/dags/finprode8_v2_dag.py
[2025-02-19T14:18:34.468+0000] {processor.py:925} INFO - DAG(s) 'finprode8_v2_dag' retrieved from /opt/airflow/dags/finprode8_v2_dag.py
[2025-02-19T14:18:34.502+0000] {logging_mixin.py:190} INFO - [2025-02-19T14:18:34.501+0000] {dag.py:3239} INFO - Sync 1 DAGs
[2025-02-19T14:18:34.524+0000] {logging_mixin.py:190} INFO - [2025-02-19T14:18:34.524+0000] {dag.py:4180} INFO - Setting next_dagrun for finprode8_v2_dag to None, run_after=None
[2025-02-19T14:18:34.549+0000] {processor.py:208} INFO - Processing /opt/airflow/dags/finprode8_v2_dag.py took 0.148 seconds
[2025-02-19T14:19:05.190+0000] {processor.py:186} INFO - Started process (PID=342) to work on /opt/airflow/dags/finprode8_v2_dag.py
[2025-02-19T14:19:05.192+0000] {processor.py:914} INFO - Processing file /opt/airflow/dags/finprode8_v2_dag.py for tasks to queue
[2025-02-19T14:19:05.195+0000] {logging_mixin.py:190} INFO - [2025-02-19T14:19:05.194+0000] {dagbag.py:588} INFO - Filling up the DagBag from /opt/airflow/dags/finprode8_v2_dag.py
[2025-02-19T14:19:05.246+0000] {processor.py:925} INFO - DAG(s) 'finprode8_v2_dag' retrieved from /opt/airflow/dags/finprode8_v2_dag.py
[2025-02-19T14:19:05.291+0000] {logging_mixin.py:190} INFO - [2025-02-19T14:19:05.291+0000] {dag.py:3239} INFO - Sync 1 DAGs
[2025-02-19T14:19:05.309+0000] {logging_mixin.py:190} INFO - [2025-02-19T14:19:05.309+0000] {dag.py:4180} INFO - Setting next_dagrun for finprode8_v2_dag to None, run_after=None
[2025-02-19T14:19:05.334+0000] {processor.py:208} INFO - Processing /opt/airflow/dags/finprode8_v2_dag.py took 0.154 seconds
[2025-02-19T14:19:35.424+0000] {processor.py:186} INFO - Started process (PID=352) to work on /opt/airflow/dags/finprode8_v2_dag.py
[2025-02-19T14:19:35.426+0000] {processor.py:914} INFO - Processing file /opt/airflow/dags/finprode8_v2_dag.py for tasks to queue
[2025-02-19T14:19:35.429+0000] {logging_mixin.py:190} INFO - [2025-02-19T14:19:35.429+0000] {dagbag.py:588} INFO - Filling up the DagBag from /opt/airflow/dags/finprode8_v2_dag.py
[2025-02-19T14:19:35.462+0000] {processor.py:925} INFO - DAG(s) 'finprode8_v2_dag' retrieved from /opt/airflow/dags/finprode8_v2_dag.py
[2025-02-19T14:19:35.516+0000] {logging_mixin.py:190} INFO - [2025-02-19T14:19:35.516+0000] {dag.py:3239} INFO - Sync 1 DAGs
[2025-02-19T14:19:36.458+0000] {logging_mixin.py:190} INFO - [2025-02-19T14:19:36.458+0000] {dag.py:4180} INFO - Setting next_dagrun for finprode8_v2_dag to None, run_after=None
[2025-02-19T14:19:36.604+0000] {processor.py:208} INFO - Processing /opt/airflow/dags/finprode8_v2_dag.py took 0.366 seconds
[2025-02-19T14:20:08.390+0000] {processor.py:186} INFO - Started process (PID=362) to work on /opt/airflow/dags/finprode8_v2_dag.py
[2025-02-19T14:20:08.392+0000] {processor.py:914} INFO - Processing file /opt/airflow/dags/finprode8_v2_dag.py for tasks to queue
[2025-02-19T14:20:08.394+0000] {logging_mixin.py:190} INFO - [2025-02-19T14:20:08.394+0000] {dagbag.py:588} INFO - Filling up the DagBag from /opt/airflow/dags/finprode8_v2_dag.py
[2025-02-19T14:20:08.448+0000] {processor.py:925} INFO - DAG(s) 'finprode8_v2_dag' retrieved from /opt/airflow/dags/finprode8_v2_dag.py
[2025-02-19T14:20:08.544+0000] {logging_mixin.py:190} INFO - [2025-02-19T14:20:08.544+0000] {dag.py:3239} INFO - Sync 1 DAGs
[2025-02-19T14:20:08.582+0000] {logging_mixin.py:190} INFO - [2025-02-19T14:20:08.581+0000] {dag.py:4180} INFO - Setting next_dagrun for finprode8_v2_dag to None, run_after=None
[2025-02-19T14:20:08.611+0000] {processor.py:208} INFO - Processing /opt/airflow/dags/finprode8_v2_dag.py took 0.233 seconds
[2025-02-19T14:20:39.469+0000] {processor.py:186} INFO - Started process (PID=372) to work on /opt/airflow/dags/finprode8_v2_dag.py
[2025-02-19T14:20:39.471+0000] {processor.py:914} INFO - Processing file /opt/airflow/dags/finprode8_v2_dag.py for tasks to queue
[2025-02-19T14:20:39.473+0000] {logging_mixin.py:190} INFO - [2025-02-19T14:20:39.473+0000] {dagbag.py:588} INFO - Filling up the DagBag from /opt/airflow/dags/finprode8_v2_dag.py
[2025-02-19T14:20:39.502+0000] {processor.py:925} INFO - DAG(s) 'finprode8_v2_dag' retrieved from /opt/airflow/dags/finprode8_v2_dag.py
[2025-02-19T14:20:39.534+0000] {logging_mixin.py:190} INFO - [2025-02-19T14:20:39.534+0000] {dag.py:3239} INFO - Sync 1 DAGs
[2025-02-19T14:20:39.557+0000] {logging_mixin.py:190} INFO - [2025-02-19T14:20:39.556+0000] {dag.py:4180} INFO - Setting next_dagrun for finprode8_v2_dag to None, run_after=None
[2025-02-19T14:20:39.584+0000] {processor.py:208} INFO - Processing /opt/airflow/dags/finprode8_v2_dag.py took 0.129 seconds
[2025-02-19T14:21:10.616+0000] {processor.py:186} INFO - Started process (PID=382) to work on /opt/airflow/dags/finprode8_v2_dag.py
[2025-02-19T14:21:10.618+0000] {processor.py:914} INFO - Processing file /opt/airflow/dags/finprode8_v2_dag.py for tasks to queue
[2025-02-19T14:21:10.620+0000] {logging_mixin.py:190} INFO - [2025-02-19T14:21:10.620+0000] {dagbag.py:588} INFO - Filling up the DagBag from /opt/airflow/dags/finprode8_v2_dag.py
[2025-02-19T14:21:10.649+0000] {processor.py:925} INFO - DAG(s) 'finprode8_v2_dag' retrieved from /opt/airflow/dags/finprode8_v2_dag.py
[2025-02-19T14:21:10.681+0000] {logging_mixin.py:190} INFO - [2025-02-19T14:21:10.681+0000] {dag.py:3239} INFO - Sync 1 DAGs
[2025-02-19T14:21:10.701+0000] {logging_mixin.py:190} INFO - [2025-02-19T14:21:10.701+0000] {dag.py:4180} INFO - Setting next_dagrun for finprode8_v2_dag to None, run_after=None
[2025-02-19T14:21:10.802+0000] {processor.py:208} INFO - Processing /opt/airflow/dags/finprode8_v2_dag.py took 0.195 seconds
[2025-02-19T14:21:41.733+0000] {processor.py:186} INFO - Started process (PID=392) to work on /opt/airflow/dags/finprode8_v2_dag.py
[2025-02-19T14:21:41.734+0000] {processor.py:914} INFO - Processing file /opt/airflow/dags/finprode8_v2_dag.py for tasks to queue
[2025-02-19T14:21:41.736+0000] {logging_mixin.py:190} INFO - [2025-02-19T14:21:41.736+0000] {dagbag.py:588} INFO - Filling up the DagBag from /opt/airflow/dags/finprode8_v2_dag.py
[2025-02-19T14:21:41.768+0000] {processor.py:925} INFO - DAG(s) 'finprode8_v2_dag' retrieved from /opt/airflow/dags/finprode8_v2_dag.py
[2025-02-19T14:21:41.803+0000] {logging_mixin.py:190} INFO - [2025-02-19T14:21:41.802+0000] {dag.py:3239} INFO - Sync 1 DAGs
[2025-02-19T14:21:41.826+0000] {logging_mixin.py:190} INFO - [2025-02-19T14:21:41.826+0000] {dag.py:4180} INFO - Setting next_dagrun for finprode8_v2_dag to None, run_after=None
[2025-02-19T14:21:41.849+0000] {processor.py:208} INFO - Processing /opt/airflow/dags/finprode8_v2_dag.py took 0.136 seconds
[2025-02-19T14:22:13.654+0000] {processor.py:186} INFO - Started process (PID=402) to work on /opt/airflow/dags/finprode8_v2_dag.py
[2025-02-19T14:22:13.656+0000] {processor.py:914} INFO - Processing file /opt/airflow/dags/finprode8_v2_dag.py for tasks to queue
[2025-02-19T14:22:13.659+0000] {logging_mixin.py:190} INFO - [2025-02-19T14:22:13.658+0000] {dagbag.py:588} INFO - Filling up the DagBag from /opt/airflow/dags/finprode8_v2_dag.py
[2025-02-19T14:22:13.691+0000] {processor.py:925} INFO - DAG(s) 'finprode8_v2_dag' retrieved from /opt/airflow/dags/finprode8_v2_dag.py
[2025-02-19T14:22:13.733+0000] {logging_mixin.py:190} INFO - [2025-02-19T14:22:13.732+0000] {dag.py:3239} INFO - Sync 1 DAGs
[2025-02-19T14:22:13.754+0000] {logging_mixin.py:190} INFO - [2025-02-19T14:22:13.753+0000] {dag.py:4180} INFO - Setting next_dagrun for finprode8_v2_dag to None, run_after=None
[2025-02-19T14:22:13.775+0000] {processor.py:208} INFO - Processing /opt/airflow/dags/finprode8_v2_dag.py took 0.137 seconds
[2025-02-19T14:22:44.556+0000] {processor.py:186} INFO - Started process (PID=412) to work on /opt/airflow/dags/finprode8_v2_dag.py
[2025-02-19T14:22:44.559+0000] {processor.py:914} INFO - Processing file /opt/airflow/dags/finprode8_v2_dag.py for tasks to queue
[2025-02-19T14:22:44.563+0000] {logging_mixin.py:190} INFO - [2025-02-19T14:22:44.562+0000] {dagbag.py:588} INFO - Filling up the DagBag from /opt/airflow/dags/finprode8_v2_dag.py
[2025-02-19T14:22:44.605+0000] {processor.py:925} INFO - DAG(s) 'finprode8_v2_dag' retrieved from /opt/airflow/dags/finprode8_v2_dag.py
[2025-02-19T14:22:44.639+0000] {logging_mixin.py:190} INFO - [2025-02-19T14:22:44.639+0000] {dag.py:3239} INFO - Sync 1 DAGs
[2025-02-19T14:22:44.665+0000] {logging_mixin.py:190} INFO - [2025-02-19T14:22:44.664+0000] {dag.py:4180} INFO - Setting next_dagrun for finprode8_v2_dag to None, run_after=None
[2025-02-19T14:22:44.694+0000] {processor.py:208} INFO - Processing /opt/airflow/dags/finprode8_v2_dag.py took 0.164 seconds
[2025-02-19T14:23:16.477+0000] {processor.py:186} INFO - Started process (PID=422) to work on /opt/airflow/dags/finprode8_v2_dag.py
[2025-02-19T14:23:16.479+0000] {processor.py:914} INFO - Processing file /opt/airflow/dags/finprode8_v2_dag.py for tasks to queue
[2025-02-19T14:23:16.481+0000] {logging_mixin.py:190} INFO - [2025-02-19T14:23:16.480+0000] {dagbag.py:588} INFO - Filling up the DagBag from /opt/airflow/dags/finprode8_v2_dag.py
[2025-02-19T14:23:16.509+0000] {processor.py:925} INFO - DAG(s) 'finprode8_v2_dag' retrieved from /opt/airflow/dags/finprode8_v2_dag.py
[2025-02-19T14:23:16.554+0000] {logging_mixin.py:190} INFO - [2025-02-19T14:23:16.554+0000] {dag.py:3239} INFO - Sync 1 DAGs
[2025-02-19T14:23:16.642+0000] {logging_mixin.py:190} INFO - [2025-02-19T14:23:16.642+0000] {dag.py:4180} INFO - Setting next_dagrun for finprode8_v2_dag to None, run_after=None
[2025-02-19T14:23:16.836+0000] {processor.py:208} INFO - Processing /opt/airflow/dags/finprode8_v2_dag.py took 0.372 seconds
[2025-02-19T14:23:47.127+0000] {processor.py:186} INFO - Started process (PID=437) to work on /opt/airflow/dags/finprode8_v2_dag.py
[2025-02-19T14:23:47.129+0000] {processor.py:914} INFO - Processing file /opt/airflow/dags/finprode8_v2_dag.py for tasks to queue
[2025-02-19T14:23:47.132+0000] {logging_mixin.py:190} INFO - [2025-02-19T14:23:47.131+0000] {dagbag.py:588} INFO - Filling up the DagBag from /opt/airflow/dags/finprode8_v2_dag.py
[2025-02-19T14:23:47.181+0000] {processor.py:925} INFO - DAG(s) 'finprode8_v2_dag' retrieved from /opt/airflow/dags/finprode8_v2_dag.py
[2025-02-19T14:23:47.220+0000] {logging_mixin.py:190} INFO - [2025-02-19T14:23:47.220+0000] {dag.py:3239} INFO - Sync 1 DAGs
[2025-02-19T14:23:47.237+0000] {logging_mixin.py:190} INFO - [2025-02-19T14:23:47.236+0000] {dag.py:4180} INFO - Setting next_dagrun for finprode8_v2_dag to None, run_after=None
[2025-02-19T14:23:47.277+0000] {processor.py:208} INFO - Processing /opt/airflow/dags/finprode8_v2_dag.py took 0.159 seconds
[2025-02-19T14:24:17.381+0000] {processor.py:186} INFO - Started process (PID=447) to work on /opt/airflow/dags/finprode8_v2_dag.py
[2025-02-19T14:24:17.384+0000] {processor.py:914} INFO - Processing file /opt/airflow/dags/finprode8_v2_dag.py for tasks to queue
[2025-02-19T14:24:17.388+0000] {logging_mixin.py:190} INFO - [2025-02-19T14:24:17.388+0000] {dagbag.py:588} INFO - Filling up the DagBag from /opt/airflow/dags/finprode8_v2_dag.py
[2025-02-19T14:24:17.446+0000] {processor.py:925} INFO - DAG(s) 'finprode8_v2_dag' retrieved from /opt/airflow/dags/finprode8_v2_dag.py
[2025-02-19T14:24:17.492+0000] {logging_mixin.py:190} INFO - [2025-02-19T14:24:17.492+0000] {dag.py:3239} INFO - Sync 1 DAGs
[2025-02-19T14:24:17.511+0000] {logging_mixin.py:190} INFO - [2025-02-19T14:24:17.510+0000] {dag.py:4180} INFO - Setting next_dagrun for finprode8_v2_dag to None, run_after=None
[2025-02-19T14:24:18.388+0000] {processor.py:208} INFO - Processing /opt/airflow/dags/finprode8_v2_dag.py took 0.182 seconds
[2025-02-19T14:24:48.888+0000] {processor.py:186} INFO - Started process (PID=457) to work on /opt/airflow/dags/finprode8_v2_dag.py
[2025-02-19T14:24:48.890+0000] {processor.py:914} INFO - Processing file /opt/airflow/dags/finprode8_v2_dag.py for tasks to queue
[2025-02-19T14:24:48.894+0000] {logging_mixin.py:190} INFO - [2025-02-19T14:24:48.893+0000] {dagbag.py:588} INFO - Filling up the DagBag from /opt/airflow/dags/finprode8_v2_dag.py
[2025-02-19T14:24:49.783+0000] {processor.py:925} INFO - DAG(s) 'finprode8_v2_dag' retrieved from /opt/airflow/dags/finprode8_v2_dag.py
[2025-02-19T14:24:49.892+0000] {logging_mixin.py:190} INFO - [2025-02-19T14:24:49.891+0000] {dag.py:3239} INFO - Sync 1 DAGs
[2025-02-19T14:24:49.936+0000] {logging_mixin.py:190} INFO - [2025-02-19T14:24:49.936+0000] {dag.py:4180} INFO - Setting next_dagrun for finprode8_v2_dag to None, run_after=None
[2025-02-19T14:24:49.969+0000] {processor.py:208} INFO - Processing /opt/airflow/dags/finprode8_v2_dag.py took 0.257 seconds
[2025-02-19T14:25:21.625+0000] {processor.py:186} INFO - Started process (PID=467) to work on /opt/airflow/dags/finprode8_v2_dag.py
[2025-02-19T14:25:21.626+0000] {processor.py:914} INFO - Processing file /opt/airflow/dags/finprode8_v2_dag.py for tasks to queue
[2025-02-19T14:25:21.629+0000] {logging_mixin.py:190} INFO - [2025-02-19T14:25:21.628+0000] {dagbag.py:588} INFO - Filling up the DagBag from /opt/airflow/dags/finprode8_v2_dag.py
[2025-02-19T14:25:21.663+0000] {processor.py:925} INFO - DAG(s) 'finprode8_v2_dag' retrieved from /opt/airflow/dags/finprode8_v2_dag.py
[2025-02-19T14:25:21.698+0000] {logging_mixin.py:190} INFO - [2025-02-19T14:25:21.698+0000] {dag.py:3239} INFO - Sync 1 DAGs
[2025-02-19T14:25:21.716+0000] {logging_mixin.py:190} INFO - [2025-02-19T14:25:21.716+0000] {dag.py:4180} INFO - Setting next_dagrun for finprode8_v2_dag to None, run_after=None
[2025-02-19T14:25:21.737+0000] {processor.py:208} INFO - Processing /opt/airflow/dags/finprode8_v2_dag.py took 0.121 seconds
[2025-02-19T14:25:52.714+0000] {processor.py:186} INFO - Started process (PID=477) to work on /opt/airflow/dags/finprode8_v2_dag.py
[2025-02-19T14:25:52.717+0000] {processor.py:914} INFO - Processing file /opt/airflow/dags/finprode8_v2_dag.py for tasks to queue
[2025-02-19T14:25:52.720+0000] {logging_mixin.py:190} INFO - [2025-02-19T14:25:52.719+0000] {dagbag.py:588} INFO - Filling up the DagBag from /opt/airflow/dags/finprode8_v2_dag.py
[2025-02-19T14:25:52.785+0000] {processor.py:925} INFO - DAG(s) 'finprode8_v2_dag' retrieved from /opt/airflow/dags/finprode8_v2_dag.py
[2025-02-19T14:25:52.849+0000] {logging_mixin.py:190} INFO - [2025-02-19T14:25:52.848+0000] {dag.py:3239} INFO - Sync 1 DAGs
[2025-02-19T14:25:52.929+0000] {logging_mixin.py:190} INFO - [2025-02-19T14:25:52.929+0000] {dag.py:4180} INFO - Setting next_dagrun for finprode8_v2_dag to None, run_after=None
[2025-02-19T14:25:52.962+0000] {processor.py:208} INFO - Processing /opt/airflow/dags/finprode8_v2_dag.py took 0.261 seconds
[2025-02-19T14:26:24.505+0000] {processor.py:186} INFO - Started process (PID=487) to work on /opt/airflow/dags/finprode8_v2_dag.py
[2025-02-19T14:26:24.507+0000] {processor.py:914} INFO - Processing file /opt/airflow/dags/finprode8_v2_dag.py for tasks to queue
[2025-02-19T14:26:24.510+0000] {logging_mixin.py:190} INFO - [2025-02-19T14:26:24.509+0000] {dagbag.py:588} INFO - Filling up the DagBag from /opt/airflow/dags/finprode8_v2_dag.py
[2025-02-19T14:26:24.553+0000] {processor.py:925} INFO - DAG(s) 'finprode8_v2_dag' retrieved from /opt/airflow/dags/finprode8_v2_dag.py
[2025-02-19T14:26:24.603+0000] {logging_mixin.py:190} INFO - [2025-02-19T14:26:24.603+0000] {dag.py:3239} INFO - Sync 1 DAGs
[2025-02-19T14:26:24.628+0000] {logging_mixin.py:190} INFO - [2025-02-19T14:26:24.627+0000] {dag.py:4180} INFO - Setting next_dagrun for finprode8_v2_dag to None, run_after=None
[2025-02-19T14:26:24.655+0000] {processor.py:208} INFO - Processing /opt/airflow/dags/finprode8_v2_dag.py took 0.163 seconds
[2025-02-19T14:26:55.542+0000] {processor.py:186} INFO - Started process (PID=497) to work on /opt/airflow/dags/finprode8_v2_dag.py
[2025-02-19T14:26:55.545+0000] {processor.py:914} INFO - Processing file /opt/airflow/dags/finprode8_v2_dag.py for tasks to queue
[2025-02-19T14:26:55.548+0000] {logging_mixin.py:190} INFO - [2025-02-19T14:26:55.547+0000] {dagbag.py:588} INFO - Filling up the DagBag from /opt/airflow/dags/finprode8_v2_dag.py
[2025-02-19T14:26:55.608+0000] {processor.py:925} INFO - DAG(s) 'finprode8_v2_dag' retrieved from /opt/airflow/dags/finprode8_v2_dag.py
[2025-02-19T14:26:55.663+0000] {logging_mixin.py:190} INFO - [2025-02-19T14:26:55.663+0000] {dag.py:3239} INFO - Sync 1 DAGs
[2025-02-19T14:26:55.692+0000] {logging_mixin.py:190} INFO - [2025-02-19T14:26:55.692+0000] {dag.py:4180} INFO - Setting next_dagrun for finprode8_v2_dag to None, run_after=None
[2025-02-19T14:26:55.746+0000] {processor.py:208} INFO - Processing /opt/airflow/dags/finprode8_v2_dag.py took 0.219 seconds
[2025-02-19T14:27:26.789+0000] {processor.py:186} INFO - Started process (PID=507) to work on /opt/airflow/dags/finprode8_v2_dag.py
[2025-02-19T14:27:26.808+0000] {processor.py:914} INFO - Processing file /opt/airflow/dags/finprode8_v2_dag.py for tasks to queue
[2025-02-19T14:27:26.814+0000] {logging_mixin.py:190} INFO - [2025-02-19T14:27:26.814+0000] {dagbag.py:588} INFO - Filling up the DagBag from /opt/airflow/dags/finprode8_v2_dag.py
[2025-02-19T14:27:26.866+0000] {processor.py:925} INFO - DAG(s) 'finprode8_v2_dag' retrieved from /opt/airflow/dags/finprode8_v2_dag.py
[2025-02-19T14:27:27.039+0000] {logging_mixin.py:190} INFO - [2025-02-19T14:27:27.038+0000] {dag.py:3239} INFO - Sync 1 DAGs
[2025-02-19T14:27:27.082+0000] {logging_mixin.py:190} INFO - [2025-02-19T14:27:27.081+0000] {dag.py:4180} INFO - Setting next_dagrun for finprode8_v2_dag to None, run_after=None
[2025-02-19T14:27:27.108+0000] {processor.py:208} INFO - Processing /opt/airflow/dags/finprode8_v2_dag.py took 0.334 seconds
[2025-02-19T14:27:58.044+0000] {processor.py:186} INFO - Started process (PID=517) to work on /opt/airflow/dags/finprode8_v2_dag.py
[2025-02-19T14:27:58.045+0000] {processor.py:914} INFO - Processing file /opt/airflow/dags/finprode8_v2_dag.py for tasks to queue
[2025-02-19T14:27:58.047+0000] {logging_mixin.py:190} INFO - [2025-02-19T14:27:58.047+0000] {dagbag.py:588} INFO - Filling up the DagBag from /opt/airflow/dags/finprode8_v2_dag.py
[2025-02-19T14:27:58.072+0000] {processor.py:925} INFO - DAG(s) 'finprode8_v2_dag' retrieved from /opt/airflow/dags/finprode8_v2_dag.py
[2025-02-19T14:27:58.107+0000] {logging_mixin.py:190} INFO - [2025-02-19T14:27:58.107+0000] {dag.py:3239} INFO - Sync 1 DAGs
[2025-02-19T14:27:58.125+0000] {logging_mixin.py:190} INFO - [2025-02-19T14:27:58.125+0000] {dag.py:4180} INFO - Setting next_dagrun for finprode8_v2_dag to None, run_after=None
[2025-02-19T14:27:58.160+0000] {processor.py:208} INFO - Processing /opt/airflow/dags/finprode8_v2_dag.py took 0.123 seconds
[2025-02-19T14:28:30.021+0000] {processor.py:186} INFO - Started process (PID=527) to work on /opt/airflow/dags/finprode8_v2_dag.py
[2025-02-19T14:28:30.024+0000] {processor.py:914} INFO - Processing file /opt/airflow/dags/finprode8_v2_dag.py for tasks to queue
[2025-02-19T14:28:30.026+0000] {logging_mixin.py:190} INFO - [2025-02-19T14:28:30.026+0000] {dagbag.py:588} INFO - Filling up the DagBag from /opt/airflow/dags/finprode8_v2_dag.py
[2025-02-19T14:28:30.064+0000] {processor.py:925} INFO - DAG(s) 'finprode8_v2_dag' retrieved from /opt/airflow/dags/finprode8_v2_dag.py
[2025-02-19T14:28:30.099+0000] {logging_mixin.py:190} INFO - [2025-02-19T14:28:30.099+0000] {dag.py:3239} INFO - Sync 1 DAGs
[2025-02-19T14:28:30.115+0000] {logging_mixin.py:190} INFO - [2025-02-19T14:28:30.115+0000] {dag.py:4180} INFO - Setting next_dagrun for finprode8_v2_dag to None, run_after=None
[2025-02-19T14:28:30.137+0000] {processor.py:208} INFO - Processing /opt/airflow/dags/finprode8_v2_dag.py took 0.127 seconds
[2025-02-19T14:29:01.097+0000] {processor.py:186} INFO - Started process (PID=537) to work on /opt/airflow/dags/finprode8_v2_dag.py
[2025-02-19T14:29:01.100+0000] {processor.py:914} INFO - Processing file /opt/airflow/dags/finprode8_v2_dag.py for tasks to queue
[2025-02-19T14:29:01.103+0000] {logging_mixin.py:190} INFO - [2025-02-19T14:29:01.102+0000] {dagbag.py:588} INFO - Filling up the DagBag from /opt/airflow/dags/finprode8_v2_dag.py
[2025-02-19T14:29:01.148+0000] {processor.py:925} INFO - DAG(s) 'finprode8_v2_dag' retrieved from /opt/airflow/dags/finprode8_v2_dag.py
[2025-02-19T14:29:01.183+0000] {logging_mixin.py:190} INFO - [2025-02-19T14:29:01.182+0000] {dag.py:3239} INFO - Sync 1 DAGs
[2025-02-19T14:29:01.202+0000] {logging_mixin.py:190} INFO - [2025-02-19T14:29:01.202+0000] {dag.py:4180} INFO - Setting next_dagrun for finprode8_v2_dag to None, run_after=None
[2025-02-19T14:29:01.242+0000] {processor.py:208} INFO - Processing /opt/airflow/dags/finprode8_v2_dag.py took 0.158 seconds
[2025-02-19T14:29:32.214+0000] {processor.py:186} INFO - Started process (PID=547) to work on /opt/airflow/dags/finprode8_v2_dag.py
[2025-02-19T14:29:32.216+0000] {processor.py:914} INFO - Processing file /opt/airflow/dags/finprode8_v2_dag.py for tasks to queue
[2025-02-19T14:29:32.219+0000] {logging_mixin.py:190} INFO - [2025-02-19T14:29:32.219+0000] {dagbag.py:588} INFO - Filling up the DagBag from /opt/airflow/dags/finprode8_v2_dag.py
[2025-02-19T14:29:32.275+0000] {processor.py:925} INFO - DAG(s) 'finprode8_v2_dag' retrieved from /opt/airflow/dags/finprode8_v2_dag.py
[2025-02-19T14:29:32.309+0000] {logging_mixin.py:190} INFO - [2025-02-19T14:29:32.308+0000] {dag.py:3239} INFO - Sync 1 DAGs
[2025-02-19T14:29:32.324+0000] {logging_mixin.py:190} INFO - [2025-02-19T14:29:32.324+0000] {dag.py:4180} INFO - Setting next_dagrun for finprode8_v2_dag to None, run_after=None
[2025-02-19T14:29:32.347+0000] {processor.py:208} INFO - Processing /opt/airflow/dags/finprode8_v2_dag.py took 0.142 seconds
[2025-02-19T14:30:02.507+0000] {processor.py:186} INFO - Started process (PID=557) to work on /opt/airflow/dags/finprode8_v2_dag.py
[2025-02-19T14:30:02.508+0000] {processor.py:914} INFO - Processing file /opt/airflow/dags/finprode8_v2_dag.py for tasks to queue
[2025-02-19T14:30:02.511+0000] {logging_mixin.py:190} INFO - [2025-02-19T14:30:02.510+0000] {dagbag.py:588} INFO - Filling up the DagBag from /opt/airflow/dags/finprode8_v2_dag.py
[2025-02-19T14:30:02.557+0000] {processor.py:925} INFO - DAG(s) 'finprode8_v2_dag' retrieved from /opt/airflow/dags/finprode8_v2_dag.py
[2025-02-19T14:30:02.589+0000] {logging_mixin.py:190} INFO - [2025-02-19T14:30:02.588+0000] {dag.py:3239} INFO - Sync 1 DAGs
[2025-02-19T14:30:02.609+0000] {logging_mixin.py:190} INFO - [2025-02-19T14:30:02.608+0000] {dag.py:4180} INFO - Setting next_dagrun for finprode8_v2_dag to None, run_after=None
[2025-02-19T14:30:03.463+0000] {processor.py:208} INFO - Processing /opt/airflow/dags/finprode8_v2_dag.py took 0.132 seconds
[2025-02-19T14:30:35.357+0000] {processor.py:186} INFO - Started process (PID=567) to work on /opt/airflow/dags/finprode8_v2_dag.py
[2025-02-19T14:30:35.359+0000] {processor.py:914} INFO - Processing file /opt/airflow/dags/finprode8_v2_dag.py for tasks to queue
[2025-02-19T14:30:35.362+0000] {logging_mixin.py:190} INFO - [2025-02-19T14:30:35.361+0000] {dagbag.py:588} INFO - Filling up the DagBag from /opt/airflow/dags/finprode8_v2_dag.py
[2025-02-19T14:30:35.403+0000] {processor.py:925} INFO - DAG(s) 'finprode8_v2_dag' retrieved from /opt/airflow/dags/finprode8_v2_dag.py
[2025-02-19T14:30:35.476+0000] {logging_mixin.py:190} INFO - [2025-02-19T14:30:35.475+0000] {dag.py:3239} INFO - Sync 1 DAGs
[2025-02-19T14:30:35.530+0000] {logging_mixin.py:190} INFO - [2025-02-19T14:30:35.530+0000] {dag.py:4180} INFO - Setting next_dagrun for finprode8_v2_dag to None, run_after=None
[2025-02-19T14:30:35.590+0000] {processor.py:208} INFO - Processing /opt/airflow/dags/finprode8_v2_dag.py took 0.240 seconds
[2025-02-19T14:31:06.549+0000] {processor.py:186} INFO - Started process (PID=577) to work on /opt/airflow/dags/finprode8_v2_dag.py
[2025-02-19T14:31:06.553+0000] {processor.py:914} INFO - Processing file /opt/airflow/dags/finprode8_v2_dag.py for tasks to queue
[2025-02-19T14:31:06.559+0000] {logging_mixin.py:190} INFO - [2025-02-19T14:31:06.556+0000] {dagbag.py:588} INFO - Filling up the DagBag from /opt/airflow/dags/finprode8_v2_dag.py
[2025-02-19T14:31:06.610+0000] {processor.py:925} INFO - DAG(s) 'finprode8_v2_dag' retrieved from /opt/airflow/dags/finprode8_v2_dag.py
[2025-02-19T14:31:06.685+0000] {logging_mixin.py:190} INFO - [2025-02-19T14:31:06.685+0000] {dag.py:3239} INFO - Sync 1 DAGs
[2025-02-19T14:31:06.724+0000] {logging_mixin.py:190} INFO - [2025-02-19T14:31:06.724+0000] {dag.py:4180} INFO - Setting next_dagrun for finprode8_v2_dag to None, run_after=None
[2025-02-19T14:31:06.798+0000] {processor.py:208} INFO - Processing /opt/airflow/dags/finprode8_v2_dag.py took 0.283 seconds
[2025-02-19T14:31:37.707+0000] {processor.py:186} INFO - Started process (PID=587) to work on /opt/airflow/dags/finprode8_v2_dag.py
[2025-02-19T14:31:37.709+0000] {processor.py:914} INFO - Processing file /opt/airflow/dags/finprode8_v2_dag.py for tasks to queue
[2025-02-19T14:31:37.712+0000] {logging_mixin.py:190} INFO - [2025-02-19T14:31:37.711+0000] {dagbag.py:588} INFO - Filling up the DagBag from /opt/airflow/dags/finprode8_v2_dag.py
[2025-02-19T14:31:37.743+0000] {processor.py:925} INFO - DAG(s) 'finprode8_v2_dag' retrieved from /opt/airflow/dags/finprode8_v2_dag.py
[2025-02-19T14:31:37.776+0000] {logging_mixin.py:190} INFO - [2025-02-19T14:31:37.775+0000] {dag.py:3239} INFO - Sync 1 DAGs
[2025-02-19T14:31:37.801+0000] {logging_mixin.py:190} INFO - [2025-02-19T14:31:37.800+0000] {dag.py:4180} INFO - Setting next_dagrun for finprode8_v2_dag to None, run_after=None
[2025-02-19T14:31:37.882+0000] {processor.py:208} INFO - Processing /opt/airflow/dags/finprode8_v2_dag.py took 0.184 seconds
[2025-02-19T14:32:07.984+0000] {processor.py:186} INFO - Started process (PID=597) to work on /opt/airflow/dags/finprode8_v2_dag.py
[2025-02-19T14:32:07.986+0000] {processor.py:914} INFO - Processing file /opt/airflow/dags/finprode8_v2_dag.py for tasks to queue
[2025-02-19T14:32:07.988+0000] {logging_mixin.py:190} INFO - [2025-02-19T14:32:07.988+0000] {dagbag.py:588} INFO - Filling up the DagBag from /opt/airflow/dags/finprode8_v2_dag.py
[2025-02-19T14:32:08.016+0000] {processor.py:925} INFO - DAG(s) 'finprode8_v2_dag' retrieved from /opt/airflow/dags/finprode8_v2_dag.py
[2025-02-19T14:32:08.982+0000] {logging_mixin.py:190} INFO - [2025-02-19T14:32:08.981+0000] {dag.py:3239} INFO - Sync 1 DAGs
[2025-02-19T14:32:09.148+0000] {logging_mixin.py:190} INFO - [2025-02-19T14:32:09.148+0000] {dag.py:4180} INFO - Setting next_dagrun for finprode8_v2_dag to None, run_after=None
[2025-02-19T14:32:09.211+0000] {processor.py:208} INFO - Processing /opt/airflow/dags/finprode8_v2_dag.py took 0.398 seconds
