[2025-02-19T13:49:57.419+0000] {processor.py:186} INFO - Started process (PID=167) to work on /opt/airflow/dags/finprode8_etl_dag.py
[2025-02-19T13:49:57.422+0000] {processor.py:914} INFO - Processing file /opt/airflow/dags/finprode8_etl_dag.py for tasks to queue
[2025-02-19T13:49:57.432+0000] {logging_mixin.py:190} INFO - [2025-02-19T13:49:57.431+0000] {dagbag.py:588} INFO - Filling up the DagBag from /opt/airflow/dags/finprode8_etl_dag.py
[2025-02-19T13:49:57.507+0000] {processor.py:925} INFO - DAG(s) 'finprode8_etl_dag' retrieved from /opt/airflow/dags/finprode8_etl_dag.py
[2025-02-19T13:49:57.954+0000] {logging_mixin.py:190} INFO - [2025-02-19T13:49:57.954+0000] {dag.py:3239} INFO - Sync 1 DAGs
[2025-02-19T13:49:58.003+0000] {logging_mixin.py:190} INFO - [2025-02-19T13:49:58.003+0000] {dag.py:4180} INFO - Setting next_dagrun for finprode8_etl_dag to None, run_after=None
[2025-02-19T13:49:58.042+0000] {processor.py:208} INFO - Processing /opt/airflow/dags/finprode8_etl_dag.py took 0.646 seconds
[2025-02-19T13:50:28.718+0000] {processor.py:186} INFO - Started process (PID=172) to work on /opt/airflow/dags/finprode8_etl_dag.py
[2025-02-19T13:50:28.727+0000] {processor.py:914} INFO - Processing file /opt/airflow/dags/finprode8_etl_dag.py for tasks to queue
[2025-02-19T13:50:28.756+0000] {logging_mixin.py:190} INFO - [2025-02-19T13:50:28.754+0000] {dagbag.py:588} INFO - Filling up the DagBag from /opt/airflow/dags/finprode8_etl_dag.py
[2025-02-19T13:50:28.840+0000] {processor.py:925} INFO - DAG(s) 'finprode8_etl_dag' retrieved from /opt/airflow/dags/finprode8_etl_dag.py
[2025-02-19T13:50:28.956+0000] {logging_mixin.py:190} INFO - [2025-02-19T13:50:28.955+0000] {dag.py:3239} INFO - Sync 1 DAGs
[2025-02-19T13:50:28.996+0000] {logging_mixin.py:190} INFO - [2025-02-19T13:50:28.996+0000] {dag.py:4180} INFO - Setting next_dagrun for finprode8_etl_dag to None, run_after=None
[2025-02-19T13:50:29.034+0000] {processor.py:208} INFO - Processing /opt/airflow/dags/finprode8_etl_dag.py took 0.380 seconds
[2025-02-19T13:50:59.192+0000] {processor.py:186} INFO - Started process (PID=177) to work on /opt/airflow/dags/finprode8_etl_dag.py
[2025-02-19T13:50:59.194+0000] {processor.py:914} INFO - Processing file /opt/airflow/dags/finprode8_etl_dag.py for tasks to queue
[2025-02-19T13:50:59.201+0000] {logging_mixin.py:190} INFO - [2025-02-19T13:50:59.200+0000] {dagbag.py:588} INFO - Filling up the DagBag from /opt/airflow/dags/finprode8_etl_dag.py
[2025-02-19T13:50:59.268+0000] {processor.py:925} INFO - DAG(s) 'finprode8_etl_dag' retrieved from /opt/airflow/dags/finprode8_etl_dag.py
[2025-02-19T13:50:59.332+0000] {logging_mixin.py:190} INFO - [2025-02-19T13:50:59.331+0000] {dag.py:3239} INFO - Sync 1 DAGs
[2025-02-19T13:50:59.375+0000] {logging_mixin.py:190} INFO - [2025-02-19T13:50:59.374+0000] {dag.py:4180} INFO - Setting next_dagrun for finprode8_etl_dag to None, run_after=None
[2025-02-19T13:50:59.421+0000] {processor.py:208} INFO - Processing /opt/airflow/dags/finprode8_etl_dag.py took 0.246 seconds
[2025-02-19T13:51:29.633+0000] {processor.py:186} INFO - Started process (PID=182) to work on /opt/airflow/dags/finprode8_etl_dag.py
[2025-02-19T13:51:29.634+0000] {processor.py:914} INFO - Processing file /opt/airflow/dags/finprode8_etl_dag.py for tasks to queue
[2025-02-19T13:51:29.638+0000] {logging_mixin.py:190} INFO - [2025-02-19T13:51:29.637+0000] {dagbag.py:588} INFO - Filling up the DagBag from /opt/airflow/dags/finprode8_etl_dag.py
[2025-02-19T13:51:29.665+0000] {processor.py:925} INFO - DAG(s) 'finprode8_etl_dag' retrieved from /opt/airflow/dags/finprode8_etl_dag.py
[2025-02-19T13:51:29.700+0000] {logging_mixin.py:190} INFO - [2025-02-19T13:51:29.699+0000] {dag.py:3239} INFO - Sync 1 DAGs
[2025-02-19T13:51:29.725+0000] {logging_mixin.py:190} INFO - [2025-02-19T13:51:29.725+0000] {dag.py:4180} INFO - Setting next_dagrun for finprode8_etl_dag to None, run_after=None
[2025-02-19T13:51:29.767+0000] {processor.py:208} INFO - Processing /opt/airflow/dags/finprode8_etl_dag.py took 0.142 seconds
[2025-02-19T13:51:59.895+0000] {processor.py:186} INFO - Started process (PID=187) to work on /opt/airflow/dags/finprode8_etl_dag.py
[2025-02-19T13:51:59.901+0000] {processor.py:914} INFO - Processing file /opt/airflow/dags/finprode8_etl_dag.py for tasks to queue
[2025-02-19T13:51:59.909+0000] {logging_mixin.py:190} INFO - [2025-02-19T13:51:59.909+0000] {dagbag.py:588} INFO - Filling up the DagBag from /opt/airflow/dags/finprode8_etl_dag.py
[2025-02-19T13:51:59.953+0000] {processor.py:925} INFO - DAG(s) 'finprode8_etl_dag' retrieved from /opt/airflow/dags/finprode8_etl_dag.py
[2025-02-19T13:51:59.991+0000] {logging_mixin.py:190} INFO - [2025-02-19T13:51:59.990+0000] {dag.py:3239} INFO - Sync 1 DAGs
[2025-02-19T13:52:00.011+0000] {logging_mixin.py:190} INFO - [2025-02-19T13:52:00.011+0000] {dag.py:4180} INFO - Setting next_dagrun for finprode8_etl_dag to None, run_after=None
[2025-02-19T13:52:00.051+0000] {processor.py:208} INFO - Processing /opt/airflow/dags/finprode8_etl_dag.py took 0.174 seconds
[2025-02-19T13:52:30.207+0000] {processor.py:186} INFO - Started process (PID=192) to work on /opt/airflow/dags/finprode8_etl_dag.py
[2025-02-19T13:52:30.215+0000] {processor.py:914} INFO - Processing file /opt/airflow/dags/finprode8_etl_dag.py for tasks to queue
[2025-02-19T13:52:30.234+0000] {logging_mixin.py:190} INFO - [2025-02-19T13:52:30.233+0000] {dagbag.py:588} INFO - Filling up the DagBag from /opt/airflow/dags/finprode8_etl_dag.py
[2025-02-19T13:52:30.293+0000] {processor.py:925} INFO - DAG(s) 'finprode8_etl_dag' retrieved from /opt/airflow/dags/finprode8_etl_dag.py
[2025-02-19T13:52:30.346+0000] {logging_mixin.py:190} INFO - [2025-02-19T13:52:30.346+0000] {dag.py:3239} INFO - Sync 1 DAGs
[2025-02-19T13:52:30.386+0000] {logging_mixin.py:190} INFO - [2025-02-19T13:52:30.385+0000] {dag.py:4180} INFO - Setting next_dagrun for finprode8_etl_dag to None, run_after=None
[2025-02-19T13:52:30.411+0000] {processor.py:208} INFO - Processing /opt/airflow/dags/finprode8_etl_dag.py took 0.213 seconds
[2025-02-19T13:53:00.627+0000] {processor.py:186} INFO - Started process (PID=197) to work on /opt/airflow/dags/finprode8_etl_dag.py
[2025-02-19T13:53:00.629+0000] {processor.py:914} INFO - Processing file /opt/airflow/dags/finprode8_etl_dag.py for tasks to queue
[2025-02-19T13:53:00.633+0000] {logging_mixin.py:190} INFO - [2025-02-19T13:53:00.633+0000] {dagbag.py:588} INFO - Filling up the DagBag from /opt/airflow/dags/finprode8_etl_dag.py
[2025-02-19T13:53:00.669+0000] {processor.py:925} INFO - DAG(s) 'finprode8_etl_dag' retrieved from /opt/airflow/dags/finprode8_etl_dag.py
[2025-02-19T13:53:00.721+0000] {logging_mixin.py:190} INFO - [2025-02-19T13:53:00.720+0000] {dag.py:3239} INFO - Sync 1 DAGs
[2025-02-19T13:53:00.761+0000] {logging_mixin.py:190} INFO - [2025-02-19T13:53:00.761+0000] {dag.py:4180} INFO - Setting next_dagrun for finprode8_etl_dag to None, run_after=None
[2025-02-19T13:53:00.800+0000] {processor.py:208} INFO - Processing /opt/airflow/dags/finprode8_etl_dag.py took 0.185 seconds
[2025-02-19T13:53:30.925+0000] {processor.py:186} INFO - Started process (PID=202) to work on /opt/airflow/dags/finprode8_etl_dag.py
[2025-02-19T13:53:30.927+0000] {processor.py:914} INFO - Processing file /opt/airflow/dags/finprode8_etl_dag.py for tasks to queue
[2025-02-19T13:53:30.930+0000] {logging_mixin.py:190} INFO - [2025-02-19T13:53:30.930+0000] {dagbag.py:588} INFO - Filling up the DagBag from /opt/airflow/dags/finprode8_etl_dag.py
[2025-02-19T13:53:30.961+0000] {processor.py:925} INFO - DAG(s) 'finprode8_etl_dag' retrieved from /opt/airflow/dags/finprode8_etl_dag.py
[2025-02-19T13:53:31.024+0000] {logging_mixin.py:190} INFO - [2025-02-19T13:53:31.024+0000] {dag.py:3239} INFO - Sync 1 DAGs
[2025-02-19T13:53:31.059+0000] {logging_mixin.py:190} INFO - [2025-02-19T13:53:31.058+0000] {dag.py:4180} INFO - Setting next_dagrun for finprode8_etl_dag to None, run_after=None
[2025-02-19T13:53:31.103+0000] {processor.py:208} INFO - Processing /opt/airflow/dags/finprode8_etl_dag.py took 0.190 seconds
[2025-02-19T13:54:01.383+0000] {processor.py:186} INFO - Started process (PID=207) to work on /opt/airflow/dags/finprode8_etl_dag.py
[2025-02-19T13:54:01.385+0000] {processor.py:914} INFO - Processing file /opt/airflow/dags/finprode8_etl_dag.py for tasks to queue
[2025-02-19T13:54:01.388+0000] {logging_mixin.py:190} INFO - [2025-02-19T13:54:01.387+0000] {dagbag.py:588} INFO - Filling up the DagBag from /opt/airflow/dags/finprode8_etl_dag.py
[2025-02-19T13:54:01.427+0000] {processor.py:925} INFO - DAG(s) 'finprode8_etl_dag' retrieved from /opt/airflow/dags/finprode8_etl_dag.py
[2025-02-19T13:54:01.461+0000] {logging_mixin.py:190} INFO - [2025-02-19T13:54:01.461+0000] {dag.py:3239} INFO - Sync 1 DAGs
[2025-02-19T13:54:01.479+0000] {logging_mixin.py:190} INFO - [2025-02-19T13:54:01.479+0000] {dag.py:4180} INFO - Setting next_dagrun for finprode8_etl_dag to None, run_after=None
[2025-02-19T13:54:01.501+0000] {processor.py:208} INFO - Processing /opt/airflow/dags/finprode8_etl_dag.py took 0.129 seconds
[2025-02-19T13:54:31.728+0000] {processor.py:186} INFO - Started process (PID=212) to work on /opt/airflow/dags/finprode8_etl_dag.py
[2025-02-19T13:54:31.729+0000] {processor.py:914} INFO - Processing file /opt/airflow/dags/finprode8_etl_dag.py for tasks to queue
[2025-02-19T13:54:31.732+0000] {logging_mixin.py:190} INFO - [2025-02-19T13:54:31.732+0000] {dagbag.py:588} INFO - Filling up the DagBag from /opt/airflow/dags/finprode8_etl_dag.py
[2025-02-19T13:54:31.750+0000] {processor.py:925} INFO - DAG(s) 'finprode8_etl_dag' retrieved from /opt/airflow/dags/finprode8_etl_dag.py
[2025-02-19T13:54:31.786+0000] {logging_mixin.py:190} INFO - [2025-02-19T13:54:31.786+0000] {dag.py:3239} INFO - Sync 1 DAGs
[2025-02-19T13:54:31.801+0000] {logging_mixin.py:190} INFO - [2025-02-19T13:54:31.800+0000] {dag.py:4180} INFO - Setting next_dagrun for finprode8_etl_dag to None, run_after=None
[2025-02-19T13:54:31.817+0000] {processor.py:208} INFO - Processing /opt/airflow/dags/finprode8_etl_dag.py took 0.103 seconds
[2025-02-19T13:55:02.156+0000] {processor.py:186} INFO - Started process (PID=217) to work on /opt/airflow/dags/finprode8_etl_dag.py
[2025-02-19T13:55:02.158+0000] {processor.py:914} INFO - Processing file /opt/airflow/dags/finprode8_etl_dag.py for tasks to queue
[2025-02-19T13:55:02.161+0000] {logging_mixin.py:190} INFO - [2025-02-19T13:55:02.161+0000] {dagbag.py:588} INFO - Filling up the DagBag from /opt/airflow/dags/finprode8_etl_dag.py
[2025-02-19T13:55:02.212+0000] {processor.py:925} INFO - DAG(s) 'finprode8_etl_dag' retrieved from /opt/airflow/dags/finprode8_etl_dag.py
[2025-02-19T13:55:02.305+0000] {logging_mixin.py:190} INFO - [2025-02-19T13:55:02.305+0000] {dag.py:3239} INFO - Sync 1 DAGs
[2025-02-19T13:55:02.361+0000] {logging_mixin.py:190} INFO - [2025-02-19T13:55:02.361+0000] {dag.py:4180} INFO - Setting next_dagrun for finprode8_etl_dag to None, run_after=None
[2025-02-19T13:55:02.405+0000] {processor.py:208} INFO - Processing /opt/airflow/dags/finprode8_etl_dag.py took 0.257 seconds
[2025-02-19T13:55:32.542+0000] {processor.py:186} INFO - Started process (PID=222) to work on /opt/airflow/dags/finprode8_etl_dag.py
[2025-02-19T13:55:32.543+0000] {processor.py:914} INFO - Processing file /opt/airflow/dags/finprode8_etl_dag.py for tasks to queue
[2025-02-19T13:55:32.546+0000] {logging_mixin.py:190} INFO - [2025-02-19T13:55:32.546+0000] {dagbag.py:588} INFO - Filling up the DagBag from /opt/airflow/dags/finprode8_etl_dag.py
[2025-02-19T13:55:32.582+0000] {processor.py:925} INFO - DAG(s) 'finprode8_etl_dag' retrieved from /opt/airflow/dags/finprode8_etl_dag.py
[2025-02-19T13:55:32.715+0000] {logging_mixin.py:190} INFO - [2025-02-19T13:55:32.715+0000] {dag.py:3239} INFO - Sync 1 DAGs
[2025-02-19T13:55:32.755+0000] {logging_mixin.py:190} INFO - [2025-02-19T13:55:32.755+0000] {dag.py:4180} INFO - Setting next_dagrun for finprode8_etl_dag to None, run_after=None
[2025-02-19T13:55:32.786+0000] {processor.py:208} INFO - Processing /opt/airflow/dags/finprode8_etl_dag.py took 0.253 seconds
[2025-02-19T13:56:03.156+0000] {processor.py:186} INFO - Started process (PID=227) to work on /opt/airflow/dags/finprode8_etl_dag.py
[2025-02-19T13:56:03.159+0000] {processor.py:914} INFO - Processing file /opt/airflow/dags/finprode8_etl_dag.py for tasks to queue
[2025-02-19T13:56:03.166+0000] {logging_mixin.py:190} INFO - [2025-02-19T13:56:03.165+0000] {dagbag.py:588} INFO - Filling up the DagBag from /opt/airflow/dags/finprode8_etl_dag.py
[2025-02-19T13:56:03.216+0000] {processor.py:925} INFO - DAG(s) 'finprode8_etl_dag' retrieved from /opt/airflow/dags/finprode8_etl_dag.py
[2025-02-19T13:56:03.333+0000] {logging_mixin.py:190} INFO - [2025-02-19T13:56:03.333+0000] {dag.py:3239} INFO - Sync 1 DAGs
[2025-02-19T13:56:03.361+0000] {logging_mixin.py:190} INFO - [2025-02-19T13:56:03.360+0000] {dag.py:4180} INFO - Setting next_dagrun for finprode8_etl_dag to None, run_after=None
[2025-02-19T13:56:03.384+0000] {processor.py:208} INFO - Processing /opt/airflow/dags/finprode8_etl_dag.py took 0.241 seconds
[2025-02-19T13:56:33.712+0000] {processor.py:186} INFO - Started process (PID=232) to work on /opt/airflow/dags/finprode8_etl_dag.py
[2025-02-19T13:56:33.714+0000] {processor.py:914} INFO - Processing file /opt/airflow/dags/finprode8_etl_dag.py for tasks to queue
[2025-02-19T13:56:33.717+0000] {logging_mixin.py:190} INFO - [2025-02-19T13:56:33.716+0000] {dagbag.py:588} INFO - Filling up the DagBag from /opt/airflow/dags/finprode8_etl_dag.py
[2025-02-19T13:56:33.813+0000] {processor.py:925} INFO - DAG(s) 'finprode8_etl_dag' retrieved from /opt/airflow/dags/finprode8_etl_dag.py
[2025-02-19T13:56:33.889+0000] {logging_mixin.py:190} INFO - [2025-02-19T13:56:33.889+0000] {dag.py:3239} INFO - Sync 1 DAGs
[2025-02-19T13:56:33.915+0000] {logging_mixin.py:190} INFO - [2025-02-19T13:56:33.914+0000] {dag.py:4180} INFO - Setting next_dagrun for finprode8_etl_dag to None, run_after=None
[2025-02-19T13:56:33.950+0000] {processor.py:208} INFO - Processing /opt/airflow/dags/finprode8_etl_dag.py took 0.251 seconds
[2025-02-19T13:57:04.217+0000] {processor.py:186} INFO - Started process (PID=237) to work on /opt/airflow/dags/finprode8_etl_dag.py
[2025-02-19T13:57:04.219+0000] {processor.py:914} INFO - Processing file /opt/airflow/dags/finprode8_etl_dag.py for tasks to queue
[2025-02-19T13:57:04.222+0000] {logging_mixin.py:190} INFO - [2025-02-19T13:57:04.222+0000] {dagbag.py:588} INFO - Filling up the DagBag from /opt/airflow/dags/finprode8_etl_dag.py
[2025-02-19T13:57:04.281+0000] {processor.py:925} INFO - DAG(s) 'finprode8_etl_dag' retrieved from /opt/airflow/dags/finprode8_etl_dag.py
[2025-02-19T13:57:04.347+0000] {logging_mixin.py:190} INFO - [2025-02-19T13:57:04.347+0000] {dag.py:3239} INFO - Sync 1 DAGs
[2025-02-19T13:57:04.373+0000] {logging_mixin.py:190} INFO - [2025-02-19T13:57:04.373+0000] {dag.py:4180} INFO - Setting next_dagrun for finprode8_etl_dag to None, run_after=None
[2025-02-19T13:57:04.410+0000] {processor.py:208} INFO - Processing /opt/airflow/dags/finprode8_etl_dag.py took 0.201 seconds
[2025-02-19T13:57:34.745+0000] {processor.py:186} INFO - Started process (PID=242) to work on /opt/airflow/dags/finprode8_etl_dag.py
[2025-02-19T13:57:34.747+0000] {processor.py:914} INFO - Processing file /opt/airflow/dags/finprode8_etl_dag.py for tasks to queue
[2025-02-19T13:57:34.751+0000] {logging_mixin.py:190} INFO - [2025-02-19T13:57:34.750+0000] {dagbag.py:588} INFO - Filling up the DagBag from /opt/airflow/dags/finprode8_etl_dag.py
[2025-02-19T13:57:34.808+0000] {processor.py:925} INFO - DAG(s) 'finprode8_etl_dag' retrieved from /opt/airflow/dags/finprode8_etl_dag.py
[2025-02-19T13:57:34.871+0000] {logging_mixin.py:190} INFO - [2025-02-19T13:57:34.870+0000] {dag.py:3239} INFO - Sync 1 DAGs
[2025-02-19T13:57:34.895+0000] {logging_mixin.py:190} INFO - [2025-02-19T13:57:34.894+0000] {dag.py:4180} INFO - Setting next_dagrun for finprode8_etl_dag to None, run_after=None
[2025-02-19T13:57:34.914+0000] {processor.py:208} INFO - Processing /opt/airflow/dags/finprode8_etl_dag.py took 0.179 seconds
[2025-02-19T13:58:05.240+0000] {processor.py:186} INFO - Started process (PID=247) to work on /opt/airflow/dags/finprode8_etl_dag.py
[2025-02-19T13:58:05.241+0000] {processor.py:914} INFO - Processing file /opt/airflow/dags/finprode8_etl_dag.py for tasks to queue
[2025-02-19T13:58:05.243+0000] {logging_mixin.py:190} INFO - [2025-02-19T13:58:05.243+0000] {dagbag.py:588} INFO - Filling up the DagBag from /opt/airflow/dags/finprode8_etl_dag.py
[2025-02-19T13:58:05.273+0000] {processor.py:925} INFO - DAG(s) 'finprode8_etl_dag' retrieved from /opt/airflow/dags/finprode8_etl_dag.py
[2025-02-19T13:58:05.310+0000] {logging_mixin.py:190} INFO - [2025-02-19T13:58:05.310+0000] {dag.py:3239} INFO - Sync 1 DAGs
[2025-02-19T13:58:05.333+0000] {logging_mixin.py:190} INFO - [2025-02-19T13:58:05.333+0000] {dag.py:4180} INFO - Setting next_dagrun for finprode8_etl_dag to None, run_after=None
[2025-02-19T13:58:05.374+0000] {processor.py:208} INFO - Processing /opt/airflow/dags/finprode8_etl_dag.py took 0.140 seconds
[2025-02-19T13:58:35.536+0000] {processor.py:186} INFO - Started process (PID=252) to work on /opt/airflow/dags/finprode8_etl_dag.py
[2025-02-19T13:58:35.537+0000] {processor.py:914} INFO - Processing file /opt/airflow/dags/finprode8_etl_dag.py for tasks to queue
[2025-02-19T13:58:35.540+0000] {logging_mixin.py:190} INFO - [2025-02-19T13:58:35.539+0000] {dagbag.py:588} INFO - Filling up the DagBag from /opt/airflow/dags/finprode8_etl_dag.py
[2025-02-19T13:58:35.568+0000] {processor.py:925} INFO - DAG(s) 'finprode8_etl_dag' retrieved from /opt/airflow/dags/finprode8_etl_dag.py
[2025-02-19T13:58:35.597+0000] {logging_mixin.py:190} INFO - [2025-02-19T13:58:35.596+0000] {dag.py:3239} INFO - Sync 1 DAGs
[2025-02-19T13:58:35.611+0000] {logging_mixin.py:190} INFO - [2025-02-19T13:58:35.611+0000] {dag.py:4180} INFO - Setting next_dagrun for finprode8_etl_dag to None, run_after=None
[2025-02-19T13:58:35.629+0000] {processor.py:208} INFO - Processing /opt/airflow/dags/finprode8_etl_dag.py took 0.100 seconds
[2025-02-19T13:59:05.892+0000] {processor.py:186} INFO - Started process (PID=257) to work on /opt/airflow/dags/finprode8_etl_dag.py
[2025-02-19T13:59:05.894+0000] {processor.py:914} INFO - Processing file /opt/airflow/dags/finprode8_etl_dag.py for tasks to queue
[2025-02-19T13:59:05.896+0000] {logging_mixin.py:190} INFO - [2025-02-19T13:59:05.896+0000] {dagbag.py:588} INFO - Filling up the DagBag from /opt/airflow/dags/finprode8_etl_dag.py
[2025-02-19T13:59:05.938+0000] {processor.py:925} INFO - DAG(s) 'finprode8_etl_dag' retrieved from /opt/airflow/dags/finprode8_etl_dag.py
[2025-02-19T13:59:06.131+0000] {logging_mixin.py:190} INFO - [2025-02-19T13:59:06.131+0000] {dag.py:3239} INFO - Sync 1 DAGs
[2025-02-19T13:59:06.186+0000] {logging_mixin.py:190} INFO - [2025-02-19T13:59:06.186+0000] {dag.py:4180} INFO - Setting next_dagrun for finprode8_etl_dag to None, run_after=None
[2025-02-19T13:59:06.207+0000] {processor.py:208} INFO - Processing /opt/airflow/dags/finprode8_etl_dag.py took 0.324 seconds
[2025-02-19T13:59:36.428+0000] {processor.py:186} INFO - Started process (PID=262) to work on /opt/airflow/dags/finprode8_etl_dag.py
[2025-02-19T13:59:36.429+0000] {processor.py:914} INFO - Processing file /opt/airflow/dags/finprode8_etl_dag.py for tasks to queue
[2025-02-19T13:59:36.432+0000] {logging_mixin.py:190} INFO - [2025-02-19T13:59:36.432+0000] {dagbag.py:588} INFO - Filling up the DagBag from /opt/airflow/dags/finprode8_etl_dag.py
[2025-02-19T13:59:36.471+0000] {processor.py:925} INFO - DAG(s) 'finprode8_etl_dag' retrieved from /opt/airflow/dags/finprode8_etl_dag.py
[2025-02-19T13:59:36.510+0000] {logging_mixin.py:190} INFO - [2025-02-19T13:59:36.510+0000] {dag.py:3239} INFO - Sync 1 DAGs
[2025-02-19T13:59:36.543+0000] {logging_mixin.py:190} INFO - [2025-02-19T13:59:36.543+0000] {dag.py:4180} INFO - Setting next_dagrun for finprode8_etl_dag to None, run_after=None
[2025-02-19T13:59:36.575+0000] {processor.py:208} INFO - Processing /opt/airflow/dags/finprode8_etl_dag.py took 0.154 seconds
[2025-02-19T14:00:06.826+0000] {processor.py:186} INFO - Started process (PID=267) to work on /opt/airflow/dags/finprode8_etl_dag.py
[2025-02-19T14:00:06.827+0000] {processor.py:914} INFO - Processing file /opt/airflow/dags/finprode8_etl_dag.py for tasks to queue
[2025-02-19T14:00:06.862+0000] {logging_mixin.py:190} INFO - [2025-02-19T14:00:06.862+0000] {dagbag.py:588} INFO - Filling up the DagBag from /opt/airflow/dags/finprode8_etl_dag.py
[2025-02-19T14:00:06.891+0000] {processor.py:925} INFO - DAG(s) 'finprode8_etl_dag' retrieved from /opt/airflow/dags/finprode8_etl_dag.py
[2025-02-19T14:00:06.986+0000] {logging_mixin.py:190} INFO - [2025-02-19T14:00:06.986+0000] {dag.py:3239} INFO - Sync 1 DAGs
[2025-02-19T14:00:07.020+0000] {logging_mixin.py:190} INFO - [2025-02-19T14:00:07.019+0000] {dag.py:4180} INFO - Setting next_dagrun for finprode8_etl_dag to None, run_after=None
[2025-02-19T14:00:07.065+0000] {processor.py:208} INFO - Processing /opt/airflow/dags/finprode8_etl_dag.py took 0.250 seconds
[2025-02-19T14:00:37.258+0000] {processor.py:186} INFO - Started process (PID=272) to work on /opt/airflow/dags/finprode8_etl_dag.py
[2025-02-19T14:00:37.260+0000] {processor.py:914} INFO - Processing file /opt/airflow/dags/finprode8_etl_dag.py for tasks to queue
[2025-02-19T14:00:37.264+0000] {logging_mixin.py:190} INFO - [2025-02-19T14:00:37.263+0000] {dagbag.py:588} INFO - Filling up the DagBag from /opt/airflow/dags/finprode8_etl_dag.py
[2025-02-19T14:00:37.291+0000] {processor.py:925} INFO - DAG(s) 'finprode8_etl_dag' retrieved from /opt/airflow/dags/finprode8_etl_dag.py
[2025-02-19T14:00:37.338+0000] {logging_mixin.py:190} INFO - [2025-02-19T14:00:37.337+0000] {dag.py:3239} INFO - Sync 1 DAGs
[2025-02-19T14:00:37.357+0000] {logging_mixin.py:190} INFO - [2025-02-19T14:00:37.356+0000] {dag.py:4180} INFO - Setting next_dagrun for finprode8_etl_dag to None, run_after=None
[2025-02-19T14:00:37.387+0000] {processor.py:208} INFO - Processing /opt/airflow/dags/finprode8_etl_dag.py took 0.137 seconds
[2025-02-19T14:01:07.990+0000] {processor.py:186} INFO - Started process (PID=277) to work on /opt/airflow/dags/finprode8_etl_dag.py
[2025-02-19T14:01:07.993+0000] {processor.py:914} INFO - Processing file /opt/airflow/dags/finprode8_etl_dag.py for tasks to queue
[2025-02-19T14:01:07.999+0000] {logging_mixin.py:190} INFO - [2025-02-19T14:01:07.998+0000] {dagbag.py:588} INFO - Filling up the DagBag from /opt/airflow/dags/finprode8_etl_dag.py
[2025-02-19T14:01:08.070+0000] {processor.py:925} INFO - DAG(s) 'finprode8_etl_dag' retrieved from /opt/airflow/dags/finprode8_etl_dag.py
[2025-02-19T14:01:08.132+0000] {logging_mixin.py:190} INFO - [2025-02-19T14:01:08.132+0000] {dag.py:3239} INFO - Sync 1 DAGs
[2025-02-19T14:01:08.168+0000] {logging_mixin.py:190} INFO - [2025-02-19T14:01:08.167+0000] {dag.py:4180} INFO - Setting next_dagrun for finprode8_etl_dag to None, run_after=None
[2025-02-19T14:01:08.266+0000] {processor.py:208} INFO - Processing /opt/airflow/dags/finprode8_etl_dag.py took 0.292 seconds
[2025-02-19T14:01:38.617+0000] {processor.py:186} INFO - Started process (PID=282) to work on /opt/airflow/dags/finprode8_etl_dag.py
[2025-02-19T14:01:38.620+0000] {processor.py:914} INFO - Processing file /opt/airflow/dags/finprode8_etl_dag.py for tasks to queue
[2025-02-19T14:01:38.627+0000] {logging_mixin.py:190} INFO - [2025-02-19T14:01:38.627+0000] {dagbag.py:588} INFO - Filling up the DagBag from /opt/airflow/dags/finprode8_etl_dag.py
[2025-02-19T14:01:38.694+0000] {processor.py:925} INFO - DAG(s) 'finprode8_etl_dag' retrieved from /opt/airflow/dags/finprode8_etl_dag.py
[2025-02-19T14:01:38.773+0000] {logging_mixin.py:190} INFO - [2025-02-19T14:01:38.773+0000] {dag.py:3239} INFO - Sync 1 DAGs
[2025-02-19T14:01:38.808+0000] {logging_mixin.py:190} INFO - [2025-02-19T14:01:38.808+0000] {dag.py:4180} INFO - Setting next_dagrun for finprode8_etl_dag to None, run_after=None
[2025-02-19T14:01:38.861+0000] {processor.py:208} INFO - Processing /opt/airflow/dags/finprode8_etl_dag.py took 0.273 seconds
[2025-02-19T14:02:09.228+0000] {processor.py:186} INFO - Started process (PID=287) to work on /opt/airflow/dags/finprode8_etl_dag.py
[2025-02-19T14:02:09.230+0000] {processor.py:914} INFO - Processing file /opt/airflow/dags/finprode8_etl_dag.py for tasks to queue
[2025-02-19T14:02:09.233+0000] {logging_mixin.py:190} INFO - [2025-02-19T14:02:09.233+0000] {dagbag.py:588} INFO - Filling up the DagBag from /opt/airflow/dags/finprode8_etl_dag.py
[2025-02-19T14:02:09.253+0000] {processor.py:925} INFO - DAG(s) 'finprode8_etl_dag' retrieved from /opt/airflow/dags/finprode8_etl_dag.py
[2025-02-19T14:02:09.282+0000] {logging_mixin.py:190} INFO - [2025-02-19T14:02:09.282+0000] {dag.py:3239} INFO - Sync 1 DAGs
[2025-02-19T14:02:09.298+0000] {logging_mixin.py:190} INFO - [2025-02-19T14:02:09.298+0000] {dag.py:4180} INFO - Setting next_dagrun for finprode8_etl_dag to None, run_after=None
[2025-02-19T14:02:09.324+0000] {processor.py:208} INFO - Processing /opt/airflow/dags/finprode8_etl_dag.py took 0.112 seconds
[2025-02-19T14:02:39.704+0000] {processor.py:186} INFO - Started process (PID=292) to work on /opt/airflow/dags/finprode8_etl_dag.py
[2025-02-19T14:02:39.706+0000] {processor.py:914} INFO - Processing file /opt/airflow/dags/finprode8_etl_dag.py for tasks to queue
[2025-02-19T14:02:39.712+0000] {logging_mixin.py:190} INFO - [2025-02-19T14:02:39.711+0000] {dagbag.py:588} INFO - Filling up the DagBag from /opt/airflow/dags/finprode8_etl_dag.py
[2025-02-19T14:02:39.766+0000] {processor.py:925} INFO - DAG(s) 'finprode8_etl_dag' retrieved from /opt/airflow/dags/finprode8_etl_dag.py
[2025-02-19T14:02:39.816+0000] {logging_mixin.py:190} INFO - [2025-02-19T14:02:39.816+0000] {dag.py:3239} INFO - Sync 1 DAGs
[2025-02-19T14:02:39.834+0000] {logging_mixin.py:190} INFO - [2025-02-19T14:02:39.834+0000] {dag.py:4180} INFO - Setting next_dagrun for finprode8_etl_dag to None, run_after=None
[2025-02-19T14:02:39.861+0000] {processor.py:208} INFO - Processing /opt/airflow/dags/finprode8_etl_dag.py took 0.165 seconds
[2025-02-19T14:03:10.492+0000] {processor.py:186} INFO - Started process (PID=297) to work on /opt/airflow/dags/finprode8_etl_dag.py
[2025-02-19T14:03:10.494+0000] {processor.py:914} INFO - Processing file /opt/airflow/dags/finprode8_etl_dag.py for tasks to queue
[2025-02-19T14:03:10.498+0000] {logging_mixin.py:190} INFO - [2025-02-19T14:03:10.497+0000] {dagbag.py:588} INFO - Filling up the DagBag from /opt/airflow/dags/finprode8_etl_dag.py
[2025-02-19T14:03:10.555+0000] {processor.py:925} INFO - DAG(s) 'finprode8_etl_dag' retrieved from /opt/airflow/dags/finprode8_etl_dag.py
[2025-02-19T14:03:10.619+0000] {logging_mixin.py:190} INFO - [2025-02-19T14:03:10.619+0000] {dag.py:3239} INFO - Sync 1 DAGs
[2025-02-19T14:03:10.648+0000] {logging_mixin.py:190} INFO - [2025-02-19T14:03:10.648+0000] {dag.py:4180} INFO - Setting next_dagrun for finprode8_etl_dag to None, run_after=None
[2025-02-19T14:03:10.687+0000] {processor.py:208} INFO - Processing /opt/airflow/dags/finprode8_etl_dag.py took 0.207 seconds
[2025-02-19T14:03:41.179+0000] {processor.py:186} INFO - Started process (PID=302) to work on /opt/airflow/dags/finprode8_etl_dag.py
[2025-02-19T14:03:41.181+0000] {processor.py:914} INFO - Processing file /opt/airflow/dags/finprode8_etl_dag.py for tasks to queue
[2025-02-19T14:03:41.188+0000] {logging_mixin.py:190} INFO - [2025-02-19T14:03:41.187+0000] {dagbag.py:588} INFO - Filling up the DagBag from /opt/airflow/dags/finprode8_etl_dag.py
[2025-02-19T14:03:41.228+0000] {processor.py:925} INFO - DAG(s) 'finprode8_etl_dag' retrieved from /opt/airflow/dags/finprode8_etl_dag.py
[2025-02-19T14:03:41.275+0000] {logging_mixin.py:190} INFO - [2025-02-19T14:03:41.274+0000] {dag.py:3239} INFO - Sync 1 DAGs
[2025-02-19T14:03:41.331+0000] {logging_mixin.py:190} INFO - [2025-02-19T14:03:41.331+0000] {dag.py:4180} INFO - Setting next_dagrun for finprode8_etl_dag to None, run_after=None
[2025-02-19T14:03:41.352+0000] {processor.py:208} INFO - Processing /opt/airflow/dags/finprode8_etl_dag.py took 0.185 seconds
[2025-02-19T14:04:11.722+0000] {processor.py:186} INFO - Started process (PID=307) to work on /opt/airflow/dags/finprode8_etl_dag.py
[2025-02-19T14:04:11.724+0000] {processor.py:914} INFO - Processing file /opt/airflow/dags/finprode8_etl_dag.py for tasks to queue
[2025-02-19T14:04:11.731+0000] {logging_mixin.py:190} INFO - [2025-02-19T14:04:11.730+0000] {dagbag.py:588} INFO - Filling up the DagBag from /opt/airflow/dags/finprode8_etl_dag.py
[2025-02-19T14:04:11.792+0000] {processor.py:925} INFO - DAG(s) 'finprode8_etl_dag' retrieved from /opt/airflow/dags/finprode8_etl_dag.py
[2025-02-19T14:04:11.847+0000] {logging_mixin.py:190} INFO - [2025-02-19T14:04:11.846+0000] {dag.py:3239} INFO - Sync 1 DAGs
[2025-02-19T14:04:11.879+0000] {logging_mixin.py:190} INFO - [2025-02-19T14:04:11.879+0000] {dag.py:4180} INFO - Setting next_dagrun for finprode8_etl_dag to None, run_after=None
[2025-02-19T14:04:11.918+0000] {processor.py:208} INFO - Processing /opt/airflow/dags/finprode8_etl_dag.py took 0.204 seconds
[2025-02-19T14:04:42.439+0000] {processor.py:186} INFO - Started process (PID=312) to work on /opt/airflow/dags/finprode8_etl_dag.py
[2025-02-19T14:04:42.448+0000] {processor.py:914} INFO - Processing file /opt/airflow/dags/finprode8_etl_dag.py for tasks to queue
[2025-02-19T14:04:42.466+0000] {logging_mixin.py:190} INFO - [2025-02-19T14:04:42.464+0000] {dagbag.py:588} INFO - Filling up the DagBag from /opt/airflow/dags/finprode8_etl_dag.py
[2025-02-19T14:04:42.534+0000] {processor.py:925} INFO - DAG(s) 'finprode8_etl_dag' retrieved from /opt/airflow/dags/finprode8_etl_dag.py
[2025-02-19T14:04:42.662+0000] {logging_mixin.py:190} INFO - [2025-02-19T14:04:42.661+0000] {dag.py:3239} INFO - Sync 1 DAGs
[2025-02-19T14:04:42.806+0000] {logging_mixin.py:190} INFO - [2025-02-19T14:04:42.805+0000] {dag.py:4180} INFO - Setting next_dagrun for finprode8_etl_dag to None, run_after=None
[2025-02-19T14:04:42.873+0000] {processor.py:208} INFO - Processing /opt/airflow/dags/finprode8_etl_dag.py took 0.479 seconds
[2025-02-19T14:10:44.835+0000] {processor.py:186} INFO - Started process (PID=185) to work on /opt/airflow/dags/finprode8_etl_dag.py
[2025-02-19T14:10:44.841+0000] {processor.py:914} INFO - Processing file /opt/airflow/dags/finprode8_etl_dag.py for tasks to queue
[2025-02-19T14:10:44.846+0000] {logging_mixin.py:190} INFO - [2025-02-19T14:10:44.844+0000] {dagbag.py:588} INFO - Filling up the DagBag from /opt/airflow/dags/finprode8_etl_dag.py
[2025-02-19T14:10:44.936+0000] {processor.py:925} INFO - DAG(s) 'finprode8_etl_dag' retrieved from /opt/airflow/dags/finprode8_etl_dag.py
[2025-02-19T14:10:45.684+0000] {logging_mixin.py:190} INFO - [2025-02-19T14:10:45.684+0000] {dag.py:3239} INFO - Sync 1 DAGs
[2025-02-19T14:10:45.754+0000] {logging_mixin.py:190} INFO - [2025-02-19T14:10:45.754+0000] {dag.py:4180} INFO - Setting next_dagrun for finprode8_etl_dag to None, run_after=None
[2025-02-19T14:10:45.824+0000] {processor.py:208} INFO - Processing /opt/airflow/dags/finprode8_etl_dag.py took 1.006 seconds
[2025-02-19T14:11:16.572+0000] {processor.py:186} INFO - Started process (PID=195) to work on /opt/airflow/dags/finprode8_etl_dag.py
[2025-02-19T14:11:16.575+0000] {processor.py:914} INFO - Processing file /opt/airflow/dags/finprode8_etl_dag.py for tasks to queue
[2025-02-19T14:11:16.578+0000] {logging_mixin.py:190} INFO - [2025-02-19T14:11:16.577+0000] {dagbag.py:588} INFO - Filling up the DagBag from /opt/airflow/dags/finprode8_etl_dag.py
[2025-02-19T14:11:16.607+0000] {processor.py:925} INFO - DAG(s) 'finprode8_etl_dag' retrieved from /opt/airflow/dags/finprode8_etl_dag.py
[2025-02-19T14:11:16.641+0000] {logging_mixin.py:190} INFO - [2025-02-19T14:11:16.640+0000] {dag.py:3239} INFO - Sync 1 DAGs
[2025-02-19T14:11:16.661+0000] {logging_mixin.py:190} INFO - [2025-02-19T14:11:16.660+0000] {dag.py:4180} INFO - Setting next_dagrun for finprode8_etl_dag to None, run_after=None
[2025-02-19T14:11:16.683+0000] {processor.py:208} INFO - Processing /opt/airflow/dags/finprode8_etl_dag.py took 0.125 seconds
[2025-02-19T14:11:47.237+0000] {processor.py:186} INFO - Started process (PID=205) to work on /opt/airflow/dags/finprode8_etl_dag.py
[2025-02-19T14:11:47.239+0000] {processor.py:914} INFO - Processing file /opt/airflow/dags/finprode8_etl_dag.py for tasks to queue
[2025-02-19T14:11:47.241+0000] {logging_mixin.py:190} INFO - [2025-02-19T14:11:47.241+0000] {dagbag.py:588} INFO - Filling up the DagBag from /opt/airflow/dags/finprode8_etl_dag.py
[2025-02-19T14:11:47.280+0000] {processor.py:925} INFO - DAG(s) 'finprode8_etl_dag' retrieved from /opt/airflow/dags/finprode8_etl_dag.py
[2025-02-19T14:11:47.324+0000] {logging_mixin.py:190} INFO - [2025-02-19T14:11:47.324+0000] {dag.py:3239} INFO - Sync 1 DAGs
[2025-02-19T14:11:47.342+0000] {logging_mixin.py:190} INFO - [2025-02-19T14:11:47.341+0000] {dag.py:4180} INFO - Setting next_dagrun for finprode8_etl_dag to None, run_after=None
[2025-02-19T14:11:47.378+0000] {processor.py:208} INFO - Processing /opt/airflow/dags/finprode8_etl_dag.py took 0.150 seconds
[2025-02-19T14:12:19.214+0000] {processor.py:186} INFO - Started process (PID=215) to work on /opt/airflow/dags/finprode8_etl_dag.py
[2025-02-19T14:12:19.217+0000] {processor.py:914} INFO - Processing file /opt/airflow/dags/finprode8_etl_dag.py for tasks to queue
[2025-02-19T14:12:19.218+0000] {logging_mixin.py:190} INFO - [2025-02-19T14:12:19.218+0000] {dagbag.py:588} INFO - Filling up the DagBag from /opt/airflow/dags/finprode8_etl_dag.py
[2025-02-19T14:12:19.249+0000] {processor.py:925} INFO - DAG(s) 'finprode8_etl_dag' retrieved from /opt/airflow/dags/finprode8_etl_dag.py
[2025-02-19T14:12:19.286+0000] {logging_mixin.py:190} INFO - [2025-02-19T14:12:19.285+0000] {dag.py:3239} INFO - Sync 1 DAGs
[2025-02-19T14:12:19.306+0000] {logging_mixin.py:190} INFO - [2025-02-19T14:12:19.305+0000] {dag.py:4180} INFO - Setting next_dagrun for finprode8_etl_dag to None, run_after=None
[2025-02-19T14:12:19.330+0000] {processor.py:208} INFO - Processing /opt/airflow/dags/finprode8_etl_dag.py took 0.129 seconds
[2025-02-19T14:12:49.900+0000] {processor.py:186} INFO - Started process (PID=225) to work on /opt/airflow/dags/finprode8_etl_dag.py
[2025-02-19T14:12:49.901+0000] {processor.py:914} INFO - Processing file /opt/airflow/dags/finprode8_etl_dag.py for tasks to queue
[2025-02-19T14:12:49.903+0000] {logging_mixin.py:190} INFO - [2025-02-19T14:12:49.903+0000] {dagbag.py:588} INFO - Filling up the DagBag from /opt/airflow/dags/finprode8_etl_dag.py
[2025-02-19T14:12:49.956+0000] {processor.py:925} INFO - DAG(s) 'finprode8_etl_dag' retrieved from /opt/airflow/dags/finprode8_etl_dag.py
[2025-02-19T14:12:50.008+0000] {logging_mixin.py:190} INFO - [2025-02-19T14:12:50.008+0000] {dag.py:3239} INFO - Sync 1 DAGs
[2025-02-19T14:12:50.027+0000] {logging_mixin.py:190} INFO - [2025-02-19T14:12:50.027+0000] {dag.py:4180} INFO - Setting next_dagrun for finprode8_etl_dag to None, run_after=None
[2025-02-19T14:12:50.057+0000] {processor.py:208} INFO - Processing /opt/airflow/dags/finprode8_etl_dag.py took 0.165 seconds
[2025-02-19T14:13:20.874+0000] {processor.py:186} INFO - Started process (PID=235) to work on /opt/airflow/dags/finprode8_etl_dag.py
[2025-02-19T14:13:20.875+0000] {processor.py:914} INFO - Processing file /opt/airflow/dags/finprode8_etl_dag.py for tasks to queue
[2025-02-19T14:13:20.878+0000] {logging_mixin.py:190} INFO - [2025-02-19T14:13:20.877+0000] {dagbag.py:588} INFO - Filling up the DagBag from /opt/airflow/dags/finprode8_etl_dag.py
[2025-02-19T14:13:20.914+0000] {processor.py:925} INFO - DAG(s) 'finprode8_etl_dag' retrieved from /opt/airflow/dags/finprode8_etl_dag.py
[2025-02-19T14:13:20.953+0000] {logging_mixin.py:190} INFO - [2025-02-19T14:13:20.952+0000] {dag.py:3239} INFO - Sync 1 DAGs
[2025-02-19T14:13:20.986+0000] {logging_mixin.py:190} INFO - [2025-02-19T14:13:20.985+0000] {dag.py:4180} INFO - Setting next_dagrun for finprode8_etl_dag to None, run_after=None
[2025-02-19T14:13:21.028+0000] {processor.py:208} INFO - Processing /opt/airflow/dags/finprode8_etl_dag.py took 0.165 seconds
[2025-02-19T14:13:52.739+0000] {processor.py:186} INFO - Started process (PID=245) to work on /opt/airflow/dags/finprode8_etl_dag.py
[2025-02-19T14:13:52.741+0000] {processor.py:914} INFO - Processing file /opt/airflow/dags/finprode8_etl_dag.py for tasks to queue
[2025-02-19T14:13:52.743+0000] {logging_mixin.py:190} INFO - [2025-02-19T14:13:52.742+0000] {dagbag.py:588} INFO - Filling up the DagBag from /opt/airflow/dags/finprode8_etl_dag.py
[2025-02-19T14:13:52.768+0000] {processor.py:925} INFO - DAG(s) 'finprode8_etl_dag' retrieved from /opt/airflow/dags/finprode8_etl_dag.py
[2025-02-19T14:13:52.797+0000] {logging_mixin.py:190} INFO - [2025-02-19T14:13:52.797+0000] {dag.py:3239} INFO - Sync 1 DAGs
[2025-02-19T14:13:52.819+0000] {logging_mixin.py:190} INFO - [2025-02-19T14:13:52.819+0000] {dag.py:4180} INFO - Setting next_dagrun for finprode8_etl_dag to None, run_after=None
[2025-02-19T14:13:52.858+0000] {processor.py:208} INFO - Processing /opt/airflow/dags/finprode8_etl_dag.py took 0.127 seconds
[2025-02-19T14:14:23.501+0000] {processor.py:186} INFO - Started process (PID=255) to work on /opt/airflow/dags/finprode8_etl_dag.py
[2025-02-19T14:14:23.502+0000] {processor.py:914} INFO - Processing file /opt/airflow/dags/finprode8_etl_dag.py for tasks to queue
[2025-02-19T14:14:23.504+0000] {logging_mixin.py:190} INFO - [2025-02-19T14:14:23.503+0000] {dagbag.py:588} INFO - Filling up the DagBag from /opt/airflow/dags/finprode8_etl_dag.py
[2025-02-19T14:14:23.528+0000] {processor.py:925} INFO - DAG(s) 'finprode8_etl_dag' retrieved from /opt/airflow/dags/finprode8_etl_dag.py
[2025-02-19T14:14:23.565+0000] {logging_mixin.py:190} INFO - [2025-02-19T14:14:23.565+0000] {dag.py:3239} INFO - Sync 1 DAGs
[2025-02-19T14:14:23.584+0000] {logging_mixin.py:190} INFO - [2025-02-19T14:14:23.584+0000] {dag.py:4180} INFO - Setting next_dagrun for finprode8_etl_dag to None, run_after=None
[2025-02-19T14:14:23.609+0000] {processor.py:208} INFO - Processing /opt/airflow/dags/finprode8_etl_dag.py took 0.117 seconds
[2025-02-19T14:14:55.391+0000] {processor.py:186} INFO - Started process (PID=265) to work on /opt/airflow/dags/finprode8_etl_dag.py
[2025-02-19T14:14:55.392+0000] {processor.py:914} INFO - Processing file /opt/airflow/dags/finprode8_etl_dag.py for tasks to queue
[2025-02-19T14:14:55.394+0000] {logging_mixin.py:190} INFO - [2025-02-19T14:14:55.394+0000] {dagbag.py:588} INFO - Filling up the DagBag from /opt/airflow/dags/finprode8_etl_dag.py
[2025-02-19T14:14:55.427+0000] {processor.py:925} INFO - DAG(s) 'finprode8_etl_dag' retrieved from /opt/airflow/dags/finprode8_etl_dag.py
[2025-02-19T14:14:55.460+0000] {logging_mixin.py:190} INFO - [2025-02-19T14:14:55.459+0000] {dag.py:3239} INFO - Sync 1 DAGs
[2025-02-19T14:14:55.479+0000] {logging_mixin.py:190} INFO - [2025-02-19T14:14:55.478+0000] {dag.py:4180} INFO - Setting next_dagrun for finprode8_etl_dag to None, run_after=None
[2025-02-19T14:14:55.505+0000] {processor.py:208} INFO - Processing /opt/airflow/dags/finprode8_etl_dag.py took 0.123 seconds
[2025-02-19T14:15:26.301+0000] {processor.py:186} INFO - Started process (PID=275) to work on /opt/airflow/dags/finprode8_etl_dag.py
[2025-02-19T14:15:26.303+0000] {processor.py:914} INFO - Processing file /opt/airflow/dags/finprode8_etl_dag.py for tasks to queue
[2025-02-19T14:15:26.307+0000] {logging_mixin.py:190} INFO - [2025-02-19T14:15:26.307+0000] {dagbag.py:588} INFO - Filling up the DagBag from /opt/airflow/dags/finprode8_etl_dag.py
[2025-02-19T14:15:26.369+0000] {processor.py:925} INFO - DAG(s) 'finprode8_etl_dag' retrieved from /opt/airflow/dags/finprode8_etl_dag.py
[2025-02-19T14:15:26.432+0000] {logging_mixin.py:190} INFO - [2025-02-19T14:15:26.432+0000] {dag.py:3239} INFO - Sync 1 DAGs
[2025-02-19T14:15:26.457+0000] {logging_mixin.py:190} INFO - [2025-02-19T14:15:26.457+0000] {dag.py:4180} INFO - Setting next_dagrun for finprode8_etl_dag to None, run_after=None
[2025-02-19T14:15:26.483+0000] {processor.py:208} INFO - Processing /opt/airflow/dags/finprode8_etl_dag.py took 0.197 seconds
[2025-02-19T14:15:57.327+0000] {processor.py:186} INFO - Started process (PID=285) to work on /opt/airflow/dags/finprode8_etl_dag.py
[2025-02-19T14:15:57.329+0000] {processor.py:914} INFO - Processing file /opt/airflow/dags/finprode8_etl_dag.py for tasks to queue
[2025-02-19T14:15:57.330+0000] {logging_mixin.py:190} INFO - [2025-02-19T14:15:57.330+0000] {dagbag.py:588} INFO - Filling up the DagBag from /opt/airflow/dags/finprode8_etl_dag.py
[2025-02-19T14:15:57.362+0000] {processor.py:925} INFO - DAG(s) 'finprode8_etl_dag' retrieved from /opt/airflow/dags/finprode8_etl_dag.py
[2025-02-19T14:15:57.389+0000] {logging_mixin.py:190} INFO - [2025-02-19T14:15:57.389+0000] {dag.py:3239} INFO - Sync 1 DAGs
[2025-02-19T14:15:57.405+0000] {logging_mixin.py:190} INFO - [2025-02-19T14:15:57.405+0000] {dag.py:4180} INFO - Setting next_dagrun for finprode8_etl_dag to None, run_after=None
[2025-02-19T14:15:57.427+0000] {processor.py:208} INFO - Processing /opt/airflow/dags/finprode8_etl_dag.py took 0.106 seconds
[2025-02-19T14:16:29.148+0000] {processor.py:186} INFO - Started process (PID=295) to work on /opt/airflow/dags/finprode8_etl_dag.py
[2025-02-19T14:16:29.150+0000] {processor.py:914} INFO - Processing file /opt/airflow/dags/finprode8_etl_dag.py for tasks to queue
[2025-02-19T14:16:29.153+0000] {logging_mixin.py:190} INFO - [2025-02-19T14:16:29.152+0000] {dagbag.py:588} INFO - Filling up the DagBag from /opt/airflow/dags/finprode8_etl_dag.py
[2025-02-19T14:16:29.196+0000] {processor.py:925} INFO - DAG(s) 'finprode8_etl_dag' retrieved from /opt/airflow/dags/finprode8_etl_dag.py
[2025-02-19T14:16:29.334+0000] {logging_mixin.py:190} INFO - [2025-02-19T14:16:29.333+0000] {dag.py:3239} INFO - Sync 1 DAGs
[2025-02-19T14:16:29.396+0000] {logging_mixin.py:190} INFO - [2025-02-19T14:16:29.396+0000] {dag.py:4180} INFO - Setting next_dagrun for finprode8_etl_dag to None, run_after=None
[2025-02-19T14:16:29.442+0000] {processor.py:208} INFO - Processing /opt/airflow/dags/finprode8_etl_dag.py took 0.309 seconds
[2025-02-19T14:17:00.250+0000] {processor.py:186} INFO - Started process (PID=305) to work on /opt/airflow/dags/finprode8_etl_dag.py
[2025-02-19T14:17:00.255+0000] {processor.py:914} INFO - Processing file /opt/airflow/dags/finprode8_etl_dag.py for tasks to queue
[2025-02-19T14:17:00.259+0000] {logging_mixin.py:190} INFO - [2025-02-19T14:17:00.258+0000] {dagbag.py:588} INFO - Filling up the DagBag from /opt/airflow/dags/finprode8_etl_dag.py
[2025-02-19T14:17:00.320+0000] {processor.py:925} INFO - DAG(s) 'finprode8_etl_dag' retrieved from /opt/airflow/dags/finprode8_etl_dag.py
[2025-02-19T14:17:00.385+0000] {logging_mixin.py:190} INFO - [2025-02-19T14:17:00.385+0000] {dag.py:3239} INFO - Sync 1 DAGs
[2025-02-19T14:17:00.404+0000] {logging_mixin.py:190} INFO - [2025-02-19T14:17:00.404+0000] {dag.py:4180} INFO - Setting next_dagrun for finprode8_etl_dag to None, run_after=None
[2025-02-19T14:17:00.440+0000] {processor.py:208} INFO - Processing /opt/airflow/dags/finprode8_etl_dag.py took 0.219 seconds
[2025-02-19T14:17:31.261+0000] {processor.py:186} INFO - Started process (PID=315) to work on /opt/airflow/dags/finprode8_etl_dag.py
[2025-02-19T14:17:31.265+0000] {processor.py:914} INFO - Processing file /opt/airflow/dags/finprode8_etl_dag.py for tasks to queue
[2025-02-19T14:17:31.270+0000] {logging_mixin.py:190} INFO - [2025-02-19T14:17:31.269+0000] {dagbag.py:588} INFO - Filling up the DagBag from /opt/airflow/dags/finprode8_etl_dag.py
[2025-02-19T14:17:31.302+0000] {processor.py:925} INFO - DAG(s) 'finprode8_etl_dag' retrieved from /opt/airflow/dags/finprode8_etl_dag.py
[2025-02-19T14:17:31.340+0000] {logging_mixin.py:190} INFO - [2025-02-19T14:17:31.340+0000] {dag.py:3239} INFO - Sync 1 DAGs
[2025-02-19T14:17:31.361+0000] {logging_mixin.py:190} INFO - [2025-02-19T14:17:31.361+0000] {dag.py:4180} INFO - Setting next_dagrun for finprode8_etl_dag to None, run_after=None
[2025-02-19T14:17:31.403+0000] {processor.py:208} INFO - Processing /opt/airflow/dags/finprode8_etl_dag.py took 0.154 seconds
[2025-02-19T14:18:03.323+0000] {processor.py:186} INFO - Started process (PID=325) to work on /opt/airflow/dags/finprode8_etl_dag.py
[2025-02-19T14:18:03.330+0000] {processor.py:914} INFO - Processing file /opt/airflow/dags/finprode8_etl_dag.py for tasks to queue
[2025-02-19T14:18:03.336+0000] {logging_mixin.py:190} INFO - [2025-02-19T14:18:03.334+0000] {dagbag.py:588} INFO - Filling up the DagBag from /opt/airflow/dags/finprode8_etl_dag.py
[2025-02-19T14:18:03.398+0000] {processor.py:925} INFO - DAG(s) 'finprode8_etl_dag' retrieved from /opt/airflow/dags/finprode8_etl_dag.py
[2025-02-19T14:18:03.477+0000] {logging_mixin.py:190} INFO - [2025-02-19T14:18:03.476+0000] {dag.py:3239} INFO - Sync 1 DAGs
[2025-02-19T14:18:03.529+0000] {logging_mixin.py:190} INFO - [2025-02-19T14:18:03.529+0000] {dag.py:4180} INFO - Setting next_dagrun for finprode8_etl_dag to None, run_after=None
[2025-02-19T14:18:03.584+0000] {processor.py:208} INFO - Processing /opt/airflow/dags/finprode8_etl_dag.py took 0.292 seconds
[2025-02-19T14:18:34.423+0000] {processor.py:186} INFO - Started process (PID=335) to work on /opt/airflow/dags/finprode8_etl_dag.py
[2025-02-19T14:18:34.424+0000] {processor.py:914} INFO - Processing file /opt/airflow/dags/finprode8_etl_dag.py for tasks to queue
[2025-02-19T14:18:34.426+0000] {logging_mixin.py:190} INFO - [2025-02-19T14:18:34.425+0000] {dagbag.py:588} INFO - Filling up the DagBag from /opt/airflow/dags/finprode8_etl_dag.py
[2025-02-19T14:18:34.465+0000] {processor.py:925} INFO - DAG(s) 'finprode8_etl_dag' retrieved from /opt/airflow/dags/finprode8_etl_dag.py
[2025-02-19T14:18:34.502+0000] {logging_mixin.py:190} INFO - [2025-02-19T14:18:34.501+0000] {dag.py:3239} INFO - Sync 1 DAGs
[2025-02-19T14:18:34.524+0000] {logging_mixin.py:190} INFO - [2025-02-19T14:18:34.523+0000] {dag.py:4180} INFO - Setting next_dagrun for finprode8_etl_dag to None, run_after=None
[2025-02-19T14:18:34.549+0000] {processor.py:208} INFO - Processing /opt/airflow/dags/finprode8_etl_dag.py took 0.135 seconds
[2025-02-19T14:19:05.212+0000] {processor.py:186} INFO - Started process (PID=345) to work on /opt/airflow/dags/finprode8_etl_dag.py
[2025-02-19T14:19:05.214+0000] {processor.py:914} INFO - Processing file /opt/airflow/dags/finprode8_etl_dag.py for tasks to queue
[2025-02-19T14:19:05.216+0000] {logging_mixin.py:190} INFO - [2025-02-19T14:19:05.215+0000] {dagbag.py:588} INFO - Filling up the DagBag from /opt/airflow/dags/finprode8_etl_dag.py
[2025-02-19T14:19:05.268+0000] {processor.py:925} INFO - DAG(s) 'finprode8_etl_dag' retrieved from /opt/airflow/dags/finprode8_etl_dag.py
[2025-02-19T14:19:05.300+0000] {logging_mixin.py:190} INFO - [2025-02-19T14:19:05.300+0000] {dag.py:3239} INFO - Sync 1 DAGs
[2025-02-19T14:19:05.319+0000] {logging_mixin.py:190} INFO - [2025-02-19T14:19:05.318+0000] {dag.py:4180} INFO - Setting next_dagrun for finprode8_etl_dag to None, run_after=None
[2025-02-19T14:19:05.345+0000] {processor.py:208} INFO - Processing /opt/airflow/dags/finprode8_etl_dag.py took 0.150 seconds
[2025-02-19T14:19:35.437+0000] {processor.py:186} INFO - Started process (PID=355) to work on /opt/airflow/dags/finprode8_etl_dag.py
[2025-02-19T14:19:35.439+0000] {processor.py:914} INFO - Processing file /opt/airflow/dags/finprode8_etl_dag.py for tasks to queue
[2025-02-19T14:19:35.442+0000] {logging_mixin.py:190} INFO - [2025-02-19T14:19:35.441+0000] {dagbag.py:588} INFO - Filling up the DagBag from /opt/airflow/dags/finprode8_etl_dag.py
[2025-02-19T14:19:35.486+0000] {processor.py:925} INFO - DAG(s) 'finprode8_etl_dag' retrieved from /opt/airflow/dags/finprode8_etl_dag.py
[2025-02-19T14:19:36.475+0000] {logging_mixin.py:190} INFO - [2025-02-19T14:19:36.474+0000] {dag.py:3239} INFO - Sync 1 DAGs
[2025-02-19T14:19:36.576+0000] {logging_mixin.py:190} INFO - [2025-02-19T14:19:36.575+0000] {dag.py:4180} INFO - Setting next_dagrun for finprode8_etl_dag to None, run_after=None
[2025-02-19T14:19:36.673+0000] {processor.py:208} INFO - Processing /opt/airflow/dags/finprode8_etl_dag.py took 0.421 seconds
[2025-02-19T14:20:08.429+0000] {processor.py:186} INFO - Started process (PID=365) to work on /opt/airflow/dags/finprode8_etl_dag.py
[2025-02-19T14:20:08.431+0000] {processor.py:914} INFO - Processing file /opt/airflow/dags/finprode8_etl_dag.py for tasks to queue
[2025-02-19T14:20:08.433+0000] {logging_mixin.py:190} INFO - [2025-02-19T14:20:08.432+0000] {dagbag.py:588} INFO - Filling up the DagBag from /opt/airflow/dags/finprode8_etl_dag.py
[2025-02-19T14:20:08.499+0000] {processor.py:925} INFO - DAG(s) 'finprode8_etl_dag' retrieved from /opt/airflow/dags/finprode8_etl_dag.py
[2025-02-19T14:20:08.568+0000] {logging_mixin.py:190} INFO - [2025-02-19T14:20:08.568+0000] {dag.py:3239} INFO - Sync 1 DAGs
[2025-02-19T14:20:08.595+0000] {logging_mixin.py:190} INFO - [2025-02-19T14:20:08.595+0000] {dag.py:4180} INFO - Setting next_dagrun for finprode8_etl_dag to None, run_after=None
[2025-02-19T14:20:08.630+0000] {processor.py:208} INFO - Processing /opt/airflow/dags/finprode8_etl_dag.py took 0.235 seconds
[2025-02-19T14:20:39.495+0000] {processor.py:186} INFO - Started process (PID=375) to work on /opt/airflow/dags/finprode8_etl_dag.py
[2025-02-19T14:20:39.497+0000] {processor.py:914} INFO - Processing file /opt/airflow/dags/finprode8_etl_dag.py for tasks to queue
[2025-02-19T14:20:39.498+0000] {logging_mixin.py:190} INFO - [2025-02-19T14:20:39.498+0000] {dagbag.py:588} INFO - Filling up the DagBag from /opt/airflow/dags/finprode8_etl_dag.py
[2025-02-19T14:20:39.524+0000] {processor.py:925} INFO - DAG(s) 'finprode8_etl_dag' retrieved from /opt/airflow/dags/finprode8_etl_dag.py
[2025-02-19T14:20:39.556+0000] {logging_mixin.py:190} INFO - [2025-02-19T14:20:39.555+0000] {dag.py:3239} INFO - Sync 1 DAGs
[2025-02-19T14:20:39.579+0000] {logging_mixin.py:190} INFO - [2025-02-19T14:20:39.578+0000] {dag.py:4180} INFO - Setting next_dagrun for finprode8_etl_dag to None, run_after=None
[2025-02-19T14:20:39.604+0000] {processor.py:208} INFO - Processing /opt/airflow/dags/finprode8_etl_dag.py took 0.121 seconds
[2025-02-19T14:21:10.617+0000] {processor.py:186} INFO - Started process (PID=385) to work on /opt/airflow/dags/finprode8_etl_dag.py
[2025-02-19T14:21:10.618+0000] {processor.py:914} INFO - Processing file /opt/airflow/dags/finprode8_etl_dag.py for tasks to queue
[2025-02-19T14:21:10.620+0000] {logging_mixin.py:190} INFO - [2025-02-19T14:21:10.620+0000] {dagbag.py:588} INFO - Filling up the DagBag from /opt/airflow/dags/finprode8_etl_dag.py
[2025-02-19T14:21:10.649+0000] {processor.py:925} INFO - DAG(s) 'finprode8_etl_dag' retrieved from /opt/airflow/dags/finprode8_etl_dag.py
[2025-02-19T14:21:10.696+0000] {logging_mixin.py:190} INFO - [2025-02-19T14:21:10.695+0000] {dag.py:3239} INFO - Sync 1 DAGs
[2025-02-19T14:21:10.813+0000] {logging_mixin.py:190} INFO - [2025-02-19T14:21:10.812+0000] {dag.py:4180} INFO - Setting next_dagrun for finprode8_etl_dag to None, run_after=None
[2025-02-19T14:21:10.836+0000] {processor.py:208} INFO - Processing /opt/airflow/dags/finprode8_etl_dag.py took 0.227 seconds
[2025-02-19T14:21:41.749+0000] {processor.py:186} INFO - Started process (PID=395) to work on /opt/airflow/dags/finprode8_etl_dag.py
[2025-02-19T14:21:41.751+0000] {processor.py:914} INFO - Processing file /opt/airflow/dags/finprode8_etl_dag.py for tasks to queue
[2025-02-19T14:21:41.754+0000] {logging_mixin.py:190} INFO - [2025-02-19T14:21:41.753+0000] {dagbag.py:588} INFO - Filling up the DagBag from /opt/airflow/dags/finprode8_etl_dag.py
[2025-02-19T14:21:41.786+0000] {processor.py:925} INFO - DAG(s) 'finprode8_etl_dag' retrieved from /opt/airflow/dags/finprode8_etl_dag.py
[2025-02-19T14:21:41.821+0000] {logging_mixin.py:190} INFO - [2025-02-19T14:21:41.821+0000] {dag.py:3239} INFO - Sync 1 DAGs
[2025-02-19T14:21:41.842+0000] {logging_mixin.py:190} INFO - [2025-02-19T14:21:41.841+0000] {dag.py:4180} INFO - Setting next_dagrun for finprode8_etl_dag to None, run_after=None
[2025-02-19T14:21:41.897+0000] {processor.py:208} INFO - Processing /opt/airflow/dags/finprode8_etl_dag.py took 0.156 seconds
[2025-02-19T14:22:13.672+0000] {processor.py:186} INFO - Started process (PID=405) to work on /opt/airflow/dags/finprode8_etl_dag.py
[2025-02-19T14:22:13.674+0000] {processor.py:914} INFO - Processing file /opt/airflow/dags/finprode8_etl_dag.py for tasks to queue
[2025-02-19T14:22:13.676+0000] {logging_mixin.py:190} INFO - [2025-02-19T14:22:13.675+0000] {dagbag.py:588} INFO - Filling up the DagBag from /opt/airflow/dags/finprode8_etl_dag.py
[2025-02-19T14:22:13.704+0000] {processor.py:925} INFO - DAG(s) 'finprode8_etl_dag' retrieved from /opt/airflow/dags/finprode8_etl_dag.py
[2025-02-19T14:22:13.739+0000] {logging_mixin.py:190} INFO - [2025-02-19T14:22:13.739+0000] {dag.py:3239} INFO - Sync 1 DAGs
[2025-02-19T14:22:13.758+0000] {logging_mixin.py:190} INFO - [2025-02-19T14:22:13.757+0000] {dag.py:4180} INFO - Setting next_dagrun for finprode8_etl_dag to None, run_after=None
[2025-02-19T14:22:13.780+0000] {processor.py:208} INFO - Processing /opt/airflow/dags/finprode8_etl_dag.py took 0.123 seconds
[2025-02-19T14:22:44.543+0000] {processor.py:186} INFO - Started process (PID=415) to work on /opt/airflow/dags/finprode8_etl_dag.py
[2025-02-19T14:22:44.545+0000] {processor.py:914} INFO - Processing file /opt/airflow/dags/finprode8_etl_dag.py for tasks to queue
[2025-02-19T14:22:44.550+0000] {logging_mixin.py:190} INFO - [2025-02-19T14:22:44.549+0000] {dagbag.py:588} INFO - Filling up the DagBag from /opt/airflow/dags/finprode8_etl_dag.py
[2025-02-19T14:22:44.593+0000] {processor.py:925} INFO - DAG(s) 'finprode8_etl_dag' retrieved from /opt/airflow/dags/finprode8_etl_dag.py
[2025-02-19T14:22:44.631+0000] {logging_mixin.py:190} INFO - [2025-02-19T14:22:44.631+0000] {dag.py:3239} INFO - Sync 1 DAGs
[2025-02-19T14:22:44.657+0000] {logging_mixin.py:190} INFO - [2025-02-19T14:22:44.656+0000] {dag.py:4180} INFO - Setting next_dagrun for finprode8_etl_dag to None, run_after=None
[2025-02-19T14:22:44.694+0000] {processor.py:208} INFO - Processing /opt/airflow/dags/finprode8_etl_dag.py took 0.159 seconds
[2025-02-19T14:23:16.484+0000] {processor.py:186} INFO - Started process (PID=425) to work on /opt/airflow/dags/finprode8_etl_dag.py
[2025-02-19T14:23:16.486+0000] {processor.py:914} INFO - Processing file /opt/airflow/dags/finprode8_etl_dag.py for tasks to queue
[2025-02-19T14:23:16.488+0000] {logging_mixin.py:190} INFO - [2025-02-19T14:23:16.487+0000] {dagbag.py:588} INFO - Filling up the DagBag from /opt/airflow/dags/finprode8_etl_dag.py
[2025-02-19T14:23:16.516+0000] {processor.py:925} INFO - DAG(s) 'finprode8_etl_dag' retrieved from /opt/airflow/dags/finprode8_etl_dag.py
[2025-02-19T14:23:16.552+0000] {logging_mixin.py:190} INFO - [2025-02-19T14:23:16.552+0000] {dag.py:3239} INFO - Sync 1 DAGs
[2025-02-19T14:23:16.625+0000] {logging_mixin.py:190} INFO - [2025-02-19T14:23:16.625+0000] {dag.py:4180} INFO - Setting next_dagrun for finprode8_etl_dag to None, run_after=None
[2025-02-19T14:23:16.828+0000] {processor.py:208} INFO - Processing /opt/airflow/dags/finprode8_etl_dag.py took 0.352 seconds
[2025-02-19T14:23:46.934+0000] {processor.py:186} INFO - Started process (PID=432) to work on /opt/airflow/dags/finprode8_etl_dag.py
[2025-02-19T14:23:46.938+0000] {processor.py:914} INFO - Processing file /opt/airflow/dags/finprode8_etl_dag.py for tasks to queue
[2025-02-19T14:23:46.940+0000] {logging_mixin.py:190} INFO - [2025-02-19T14:23:46.940+0000] {dagbag.py:588} INFO - Filling up the DagBag from /opt/airflow/dags/finprode8_etl_dag.py
[2025-02-19T14:23:46.974+0000] {processor.py:925} INFO - DAG(s) 'finprode8_etl_dag' retrieved from /opt/airflow/dags/finprode8_etl_dag.py
[2025-02-19T14:23:47.012+0000] {logging_mixin.py:190} INFO - [2025-02-19T14:23:47.011+0000] {dag.py:3239} INFO - Sync 1 DAGs
[2025-02-19T14:23:47.034+0000] {logging_mixin.py:190} INFO - [2025-02-19T14:23:47.034+0000] {dag.py:4180} INFO - Setting next_dagrun for finprode8_etl_dag to None, run_after=None
[2025-02-19T14:23:47.055+0000] {processor.py:208} INFO - Processing /opt/airflow/dags/finprode8_etl_dag.py took 0.137 seconds
[2025-02-19T14:24:17.202+0000] {processor.py:186} INFO - Started process (PID=442) to work on /opt/airflow/dags/finprode8_etl_dag.py
[2025-02-19T14:24:17.204+0000] {processor.py:914} INFO - Processing file /opt/airflow/dags/finprode8_etl_dag.py for tasks to queue
[2025-02-19T14:24:17.208+0000] {logging_mixin.py:190} INFO - [2025-02-19T14:24:17.207+0000] {dagbag.py:588} INFO - Filling up the DagBag from /opt/airflow/dags/finprode8_etl_dag.py
[2025-02-19T14:24:17.254+0000] {processor.py:925} INFO - DAG(s) 'finprode8_etl_dag' retrieved from /opt/airflow/dags/finprode8_etl_dag.py
[2025-02-19T14:24:17.332+0000] {logging_mixin.py:190} INFO - [2025-02-19T14:24:17.332+0000] {dag.py:3239} INFO - Sync 1 DAGs
[2025-02-19T14:24:17.388+0000] {logging_mixin.py:190} INFO - [2025-02-19T14:24:17.388+0000] {dag.py:4180} INFO - Setting next_dagrun for finprode8_etl_dag to None, run_after=None
[2025-02-19T14:24:17.434+0000] {processor.py:208} INFO - Processing /opt/airflow/dags/finprode8_etl_dag.py took 0.262 seconds
[2025-02-19T14:24:47.867+0000] {processor.py:186} INFO - Started process (PID=452) to work on /opt/airflow/dags/finprode8_etl_dag.py
[2025-02-19T14:24:47.883+0000] {processor.py:914} INFO - Processing file /opt/airflow/dags/finprode8_etl_dag.py for tasks to queue
[2025-02-19T14:24:47.892+0000] {logging_mixin.py:190} INFO - [2025-02-19T14:24:47.889+0000] {dagbag.py:588} INFO - Filling up the DagBag from /opt/airflow/dags/finprode8_etl_dag.py
[2025-02-19T14:24:48.006+0000] {processor.py:925} INFO - DAG(s) 'finprode8_etl_dag' retrieved from /opt/airflow/dags/finprode8_etl_dag.py
[2025-02-19T14:24:48.129+0000] {logging_mixin.py:190} INFO - [2025-02-19T14:24:48.129+0000] {dag.py:3239} INFO - Sync 1 DAGs
[2025-02-19T14:24:48.713+0000] {logging_mixin.py:190} INFO - [2025-02-19T14:24:48.713+0000] {dag.py:4180} INFO - Setting next_dagrun for finprode8_etl_dag to None, run_after=None
[2025-02-19T14:24:48.772+0000] {processor.py:208} INFO - Processing /opt/airflow/dags/finprode8_etl_dag.py took 0.513 seconds
[2025-02-19T14:25:19.200+0000] {processor.py:186} INFO - Started process (PID=462) to work on /opt/airflow/dags/finprode8_etl_dag.py
[2025-02-19T14:25:19.201+0000] {processor.py:914} INFO - Processing file /opt/airflow/dags/finprode8_etl_dag.py for tasks to queue
[2025-02-19T14:25:19.203+0000] {logging_mixin.py:190} INFO - [2025-02-19T14:25:19.203+0000] {dagbag.py:588} INFO - Filling up the DagBag from /opt/airflow/dags/finprode8_etl_dag.py
[2025-02-19T14:25:19.233+0000] {processor.py:925} INFO - DAG(s) 'finprode8_etl_dag' retrieved from /opt/airflow/dags/finprode8_etl_dag.py
[2025-02-19T14:25:19.277+0000] {logging_mixin.py:190} INFO - [2025-02-19T14:25:19.277+0000] {dag.py:3239} INFO - Sync 1 DAGs
[2025-02-19T14:25:19.324+0000] {logging_mixin.py:190} INFO - [2025-02-19T14:25:19.324+0000] {dag.py:4180} INFO - Setting next_dagrun for finprode8_etl_dag to None, run_after=None
[2025-02-19T14:25:19.353+0000] {processor.py:208} INFO - Processing /opt/airflow/dags/finprode8_etl_dag.py took 0.161 seconds
[2025-02-19T14:25:50.212+0000] {processor.py:186} INFO - Started process (PID=472) to work on /opt/airflow/dags/finprode8_etl_dag.py
[2025-02-19T14:25:50.214+0000] {processor.py:914} INFO - Processing file /opt/airflow/dags/finprode8_etl_dag.py for tasks to queue
[2025-02-19T14:25:50.216+0000] {logging_mixin.py:190} INFO - [2025-02-19T14:25:50.215+0000] {dagbag.py:588} INFO - Filling up the DagBag from /opt/airflow/dags/finprode8_etl_dag.py
[2025-02-19T14:25:50.249+0000] {processor.py:925} INFO - DAG(s) 'finprode8_etl_dag' retrieved from /opt/airflow/dags/finprode8_etl_dag.py
[2025-02-19T14:25:50.309+0000] {logging_mixin.py:190} INFO - [2025-02-19T14:25:50.308+0000] {dag.py:3239} INFO - Sync 1 DAGs
[2025-02-19T14:25:50.481+0000] {logging_mixin.py:190} INFO - [2025-02-19T14:25:50.481+0000] {dag.py:4180} INFO - Setting next_dagrun for finprode8_etl_dag to None, run_after=None
[2025-02-19T14:25:50.569+0000] {processor.py:208} INFO - Processing /opt/airflow/dags/finprode8_etl_dag.py took 0.362 seconds
[2025-02-19T14:26:21.102+0000] {processor.py:186} INFO - Started process (PID=482) to work on /opt/airflow/dags/finprode8_etl_dag.py
[2025-02-19T14:26:21.103+0000] {processor.py:914} INFO - Processing file /opt/airflow/dags/finprode8_etl_dag.py for tasks to queue
[2025-02-19T14:26:21.105+0000] {logging_mixin.py:190} INFO - [2025-02-19T14:26:21.105+0000] {dagbag.py:588} INFO - Filling up the DagBag from /opt/airflow/dags/finprode8_etl_dag.py
[2025-02-19T14:26:21.136+0000] {processor.py:925} INFO - DAG(s) 'finprode8_etl_dag' retrieved from /opt/airflow/dags/finprode8_etl_dag.py
[2025-02-19T14:26:21.168+0000] {logging_mixin.py:190} INFO - [2025-02-19T14:26:21.168+0000] {dag.py:3239} INFO - Sync 1 DAGs
[2025-02-19T14:26:21.188+0000] {logging_mixin.py:190} INFO - [2025-02-19T14:26:21.188+0000] {dag.py:4180} INFO - Setting next_dagrun for finprode8_etl_dag to None, run_after=None
[2025-02-19T14:26:21.210+0000] {processor.py:208} INFO - Processing /opt/airflow/dags/finprode8_etl_dag.py took 0.115 seconds
[2025-02-19T14:26:52.011+0000] {processor.py:186} INFO - Started process (PID=492) to work on /opt/airflow/dags/finprode8_etl_dag.py
[2025-02-19T14:26:52.013+0000] {processor.py:914} INFO - Processing file /opt/airflow/dags/finprode8_etl_dag.py for tasks to queue
[2025-02-19T14:26:52.016+0000] {logging_mixin.py:190} INFO - [2025-02-19T14:26:52.016+0000] {dagbag.py:588} INFO - Filling up the DagBag from /opt/airflow/dags/finprode8_etl_dag.py
[2025-02-19T14:26:52.046+0000] {processor.py:925} INFO - DAG(s) 'finprode8_etl_dag' retrieved from /opt/airflow/dags/finprode8_etl_dag.py
[2025-02-19T14:26:52.085+0000] {logging_mixin.py:190} INFO - [2025-02-19T14:26:52.084+0000] {dag.py:3239} INFO - Sync 1 DAGs
[2025-02-19T14:26:52.106+0000] {logging_mixin.py:190} INFO - [2025-02-19T14:26:52.105+0000] {dag.py:4180} INFO - Setting next_dagrun for finprode8_etl_dag to None, run_after=None
[2025-02-19T14:26:52.150+0000] {processor.py:208} INFO - Processing /opt/airflow/dags/finprode8_etl_dag.py took 0.149 seconds
[2025-02-19T14:27:23.083+0000] {processor.py:186} INFO - Started process (PID=502) to work on /opt/airflow/dags/finprode8_etl_dag.py
[2025-02-19T14:27:23.085+0000] {processor.py:914} INFO - Processing file /opt/airflow/dags/finprode8_etl_dag.py for tasks to queue
[2025-02-19T14:27:23.087+0000] {logging_mixin.py:190} INFO - [2025-02-19T14:27:23.087+0000] {dagbag.py:588} INFO - Filling up the DagBag from /opt/airflow/dags/finprode8_etl_dag.py
[2025-02-19T14:27:23.132+0000] {processor.py:925} INFO - DAG(s) 'finprode8_etl_dag' retrieved from /opt/airflow/dags/finprode8_etl_dag.py
[2025-02-19T14:27:23.178+0000] {logging_mixin.py:190} INFO - [2025-02-19T14:27:23.177+0000] {dag.py:3239} INFO - Sync 1 DAGs
[2025-02-19T14:27:23.203+0000] {logging_mixin.py:190} INFO - [2025-02-19T14:27:23.202+0000] {dag.py:4180} INFO - Setting next_dagrun for finprode8_etl_dag to None, run_after=None
[2025-02-19T14:27:23.260+0000] {processor.py:208} INFO - Processing /opt/airflow/dags/finprode8_etl_dag.py took 0.187 seconds
[2025-02-19T14:27:53.597+0000] {processor.py:186} INFO - Started process (PID=512) to work on /opt/airflow/dags/finprode8_etl_dag.py
[2025-02-19T14:27:53.599+0000] {processor.py:914} INFO - Processing file /opt/airflow/dags/finprode8_etl_dag.py for tasks to queue
[2025-02-19T14:27:53.600+0000] {logging_mixin.py:190} INFO - [2025-02-19T14:27:53.600+0000] {dagbag.py:588} INFO - Filling up the DagBag from /opt/airflow/dags/finprode8_etl_dag.py
[2025-02-19T14:27:53.634+0000] {processor.py:925} INFO - DAG(s) 'finprode8_etl_dag' retrieved from /opt/airflow/dags/finprode8_etl_dag.py
[2025-02-19T14:27:53.673+0000] {logging_mixin.py:190} INFO - [2025-02-19T14:27:53.672+0000] {dag.py:3239} INFO - Sync 1 DAGs
[2025-02-19T14:27:53.698+0000] {logging_mixin.py:190} INFO - [2025-02-19T14:27:53.697+0000] {dag.py:4180} INFO - Setting next_dagrun for finprode8_etl_dag to None, run_after=None
[2025-02-19T14:27:53.738+0000] {processor.py:208} INFO - Processing /opt/airflow/dags/finprode8_etl_dag.py took 0.152 seconds
[2025-02-19T14:28:24.497+0000] {processor.py:186} INFO - Started process (PID=522) to work on /opt/airflow/dags/finprode8_etl_dag.py
[2025-02-19T14:28:24.499+0000] {processor.py:914} INFO - Processing file /opt/airflow/dags/finprode8_etl_dag.py for tasks to queue
[2025-02-19T14:28:24.502+0000] {logging_mixin.py:190} INFO - [2025-02-19T14:28:24.501+0000] {dagbag.py:588} INFO - Filling up the DagBag from /opt/airflow/dags/finprode8_etl_dag.py
[2025-02-19T14:28:24.559+0000] {processor.py:925} INFO - DAG(s) 'finprode8_etl_dag' retrieved from /opt/airflow/dags/finprode8_etl_dag.py
[2025-02-19T14:28:24.618+0000] {logging_mixin.py:190} INFO - [2025-02-19T14:28:24.617+0000] {dag.py:3239} INFO - Sync 1 DAGs
[2025-02-19T14:28:24.637+0000] {logging_mixin.py:190} INFO - [2025-02-19T14:28:24.637+0000] {dag.py:4180} INFO - Setting next_dagrun for finprode8_etl_dag to None, run_after=None
[2025-02-19T14:28:24.664+0000] {processor.py:208} INFO - Processing /opt/airflow/dags/finprode8_etl_dag.py took 0.181 seconds
[2025-02-19T14:28:55.581+0000] {processor.py:186} INFO - Started process (PID=532) to work on /opt/airflow/dags/finprode8_etl_dag.py
[2025-02-19T14:28:55.584+0000] {processor.py:914} INFO - Processing file /opt/airflow/dags/finprode8_etl_dag.py for tasks to queue
[2025-02-19T14:28:55.587+0000] {logging_mixin.py:190} INFO - [2025-02-19T14:28:55.586+0000] {dagbag.py:588} INFO - Filling up the DagBag from /opt/airflow/dags/finprode8_etl_dag.py
[2025-02-19T14:28:55.635+0000] {processor.py:925} INFO - DAG(s) 'finprode8_etl_dag' retrieved from /opt/airflow/dags/finprode8_etl_dag.py
[2025-02-19T14:28:55.671+0000] {logging_mixin.py:190} INFO - [2025-02-19T14:28:55.671+0000] {dag.py:3239} INFO - Sync 1 DAGs
[2025-02-19T14:28:55.697+0000] {logging_mixin.py:190} INFO - [2025-02-19T14:28:55.697+0000] {dag.py:4180} INFO - Setting next_dagrun for finprode8_etl_dag to None, run_after=None
[2025-02-19T14:28:55.729+0000] {processor.py:208} INFO - Processing /opt/airflow/dags/finprode8_etl_dag.py took 0.165 seconds
[2025-02-19T14:29:26.603+0000] {processor.py:186} INFO - Started process (PID=542) to work on /opt/airflow/dags/finprode8_etl_dag.py
[2025-02-19T14:29:26.604+0000] {processor.py:914} INFO - Processing file /opt/airflow/dags/finprode8_etl_dag.py for tasks to queue
[2025-02-19T14:29:26.606+0000] {logging_mixin.py:190} INFO - [2025-02-19T14:29:26.605+0000] {dagbag.py:588} INFO - Filling up the DagBag from /opt/airflow/dags/finprode8_etl_dag.py
[2025-02-19T14:29:26.637+0000] {processor.py:925} INFO - DAG(s) 'finprode8_etl_dag' retrieved from /opt/airflow/dags/finprode8_etl_dag.py
[2025-02-19T14:29:26.670+0000] {logging_mixin.py:190} INFO - [2025-02-19T14:29:26.670+0000] {dag.py:3239} INFO - Sync 1 DAGs
[2025-02-19T14:29:26.690+0000] {logging_mixin.py:190} INFO - [2025-02-19T14:29:26.690+0000] {dag.py:4180} INFO - Setting next_dagrun for finprode8_etl_dag to None, run_after=None
[2025-02-19T14:29:26.712+0000] {processor.py:208} INFO - Processing /opt/airflow/dags/finprode8_etl_dag.py took 0.117 seconds
[2025-02-19T14:29:57.636+0000] {processor.py:186} INFO - Started process (PID=552) to work on /opt/airflow/dags/finprode8_etl_dag.py
[2025-02-19T14:29:57.638+0000] {processor.py:914} INFO - Processing file /opt/airflow/dags/finprode8_etl_dag.py for tasks to queue
[2025-02-19T14:29:57.641+0000] {logging_mixin.py:190} INFO - [2025-02-19T14:29:57.641+0000] {dagbag.py:588} INFO - Filling up the DagBag from /opt/airflow/dags/finprode8_etl_dag.py
[2025-02-19T14:29:57.695+0000] {processor.py:925} INFO - DAG(s) 'finprode8_etl_dag' retrieved from /opt/airflow/dags/finprode8_etl_dag.py
[2025-02-19T14:29:57.746+0000] {logging_mixin.py:190} INFO - [2025-02-19T14:29:57.745+0000] {dag.py:3239} INFO - Sync 1 DAGs
[2025-02-19T14:29:57.761+0000] {logging_mixin.py:190} INFO - [2025-02-19T14:29:57.761+0000] {dag.py:4180} INFO - Setting next_dagrun for finprode8_etl_dag to None, run_after=None
[2025-02-19T14:29:57.779+0000] {processor.py:208} INFO - Processing /opt/airflow/dags/finprode8_etl_dag.py took 0.165 seconds
[2025-02-19T14:30:27.922+0000] {processor.py:186} INFO - Started process (PID=562) to work on /opt/airflow/dags/finprode8_etl_dag.py
[2025-02-19T14:30:27.924+0000] {processor.py:914} INFO - Processing file /opt/airflow/dags/finprode8_etl_dag.py for tasks to queue
[2025-02-19T14:30:27.927+0000] {logging_mixin.py:190} INFO - [2025-02-19T14:30:27.926+0000] {dagbag.py:588} INFO - Filling up the DagBag from /opt/airflow/dags/finprode8_etl_dag.py
[2025-02-19T14:30:27.964+0000] {processor.py:925} INFO - DAG(s) 'finprode8_etl_dag' retrieved from /opt/airflow/dags/finprode8_etl_dag.py
[2025-02-19T14:30:27.997+0000] {logging_mixin.py:190} INFO - [2025-02-19T14:30:27.997+0000] {dag.py:3239} INFO - Sync 1 DAGs
[2025-02-19T14:30:28.016+0000] {logging_mixin.py:190} INFO - [2025-02-19T14:30:28.015+0000] {dag.py:4180} INFO - Setting next_dagrun for finprode8_etl_dag to None, run_after=None
[2025-02-19T14:30:28.038+0000] {processor.py:208} INFO - Processing /opt/airflow/dags/finprode8_etl_dag.py took 0.130 seconds
[2025-02-19T14:30:58.977+0000] {processor.py:186} INFO - Started process (PID=572) to work on /opt/airflow/dags/finprode8_etl_dag.py
[2025-02-19T14:30:58.979+0000] {processor.py:914} INFO - Processing file /opt/airflow/dags/finprode8_etl_dag.py for tasks to queue
[2025-02-19T14:30:58.982+0000] {logging_mixin.py:190} INFO - [2025-02-19T14:30:58.981+0000] {dagbag.py:588} INFO - Filling up the DagBag from /opt/airflow/dags/finprode8_etl_dag.py
[2025-02-19T14:30:59.028+0000] {processor.py:925} INFO - DAG(s) 'finprode8_etl_dag' retrieved from /opt/airflow/dags/finprode8_etl_dag.py
[2025-02-19T14:30:59.100+0000] {logging_mixin.py:190} INFO - [2025-02-19T14:30:59.100+0000] {dag.py:3239} INFO - Sync 1 DAGs
[2025-02-19T14:30:59.129+0000] {logging_mixin.py:190} INFO - [2025-02-19T14:30:59.129+0000] {dag.py:4180} INFO - Setting next_dagrun for finprode8_etl_dag to None, run_after=None
[2025-02-19T14:30:59.153+0000] {processor.py:208} INFO - Processing /opt/airflow/dags/finprode8_etl_dag.py took 0.185 seconds
[2025-02-19T14:31:30.095+0000] {processor.py:186} INFO - Started process (PID=582) to work on /opt/airflow/dags/finprode8_etl_dag.py
[2025-02-19T14:31:30.098+0000] {processor.py:914} INFO - Processing file /opt/airflow/dags/finprode8_etl_dag.py for tasks to queue
[2025-02-19T14:31:30.100+0000] {logging_mixin.py:190} INFO - [2025-02-19T14:31:30.100+0000] {dagbag.py:588} INFO - Filling up the DagBag from /opt/airflow/dags/finprode8_etl_dag.py
[2025-02-19T14:31:30.157+0000] {processor.py:925} INFO - DAG(s) 'finprode8_etl_dag' retrieved from /opt/airflow/dags/finprode8_etl_dag.py
[2025-02-19T14:31:30.197+0000] {logging_mixin.py:190} INFO - [2025-02-19T14:31:30.197+0000] {dag.py:3239} INFO - Sync 1 DAGs
[2025-02-19T14:31:30.227+0000] {logging_mixin.py:190} INFO - [2025-02-19T14:31:30.227+0000] {dag.py:4180} INFO - Setting next_dagrun for finprode8_etl_dag to None, run_after=None
[2025-02-19T14:31:30.278+0000] {processor.py:208} INFO - Processing /opt/airflow/dags/finprode8_etl_dag.py took 0.195 seconds
[2025-02-19T14:32:01.180+0000] {processor.py:186} INFO - Started process (PID=592) to work on /opt/airflow/dags/finprode8_etl_dag.py
[2025-02-19T14:32:01.181+0000] {processor.py:914} INFO - Processing file /opt/airflow/dags/finprode8_etl_dag.py for tasks to queue
[2025-02-19T14:32:01.184+0000] {logging_mixin.py:190} INFO - [2025-02-19T14:32:01.184+0000] {dagbag.py:588} INFO - Filling up the DagBag from /opt/airflow/dags/finprode8_etl_dag.py
[2025-02-19T14:32:01.215+0000] {processor.py:925} INFO - DAG(s) 'finprode8_etl_dag' retrieved from /opt/airflow/dags/finprode8_etl_dag.py
[2025-02-19T14:32:01.256+0000] {logging_mixin.py:190} INFO - [2025-02-19T14:32:01.256+0000] {dag.py:3239} INFO - Sync 1 DAGs
[2025-02-19T14:32:01.275+0000] {logging_mixin.py:190} INFO - [2025-02-19T14:32:01.275+0000] {dag.py:4180} INFO - Setting next_dagrun for finprode8_etl_dag to None, run_after=None
[2025-02-19T14:32:01.307+0000] {processor.py:208} INFO - Processing /opt/airflow/dags/finprode8_etl_dag.py took 0.135 seconds
[2025-02-19T14:32:31.657+0000] {processor.py:186} INFO - Started process (PID=602) to work on /opt/airflow/dags/finprode8_etl_dag.py
[2025-02-19T14:32:31.664+0000] {processor.py:914} INFO - Processing file /opt/airflow/dags/finprode8_etl_dag.py for tasks to queue
[2025-02-19T14:32:31.676+0000] {logging_mixin.py:190} INFO - [2025-02-19T14:32:31.667+0000] {dagbag.py:588} INFO - Filling up the DagBag from /opt/airflow/dags/finprode8_etl_dag.py
[2025-02-19T14:32:31.721+0000] {processor.py:925} INFO - DAG(s) 'finprode8_etl_dag' retrieved from /opt/airflow/dags/finprode8_etl_dag.py
