[2025-02-21T14:03:46.607+0000] {local_task_job_runner.py:123} INFO - ::group::Pre task execution logs
[2025-02-21T14:03:46.639+0000] {taskinstance.py:2614} INFO - Dependencies all met for dep_context=non-requeueable deps ti=<TaskInstance: finprode8_v2_etl_dag.transform_task manual__2025-02-21T13:59:00.994336+00:00 [queued]>
[2025-02-21T14:03:46.661+0000] {taskinstance.py:2614} INFO - Dependencies all met for dep_context=requeueable deps ti=<TaskInstance: finprode8_v2_etl_dag.transform_task manual__2025-02-21T13:59:00.994336+00:00 [queued]>
[2025-02-21T14:03:46.664+0000] {taskinstance.py:2867} INFO - Starting attempt 2 of 2
[2025-02-21T14:03:46.692+0000] {taskinstance.py:2890} INFO - Executing <Task(SparkSubmitOperator): transform_task> on 2025-02-21 13:59:00.994336+00:00
[2025-02-21T14:03:46.700+0000] {standard_task_runner.py:72} INFO - Started process 1089 to run task
[2025-02-21T14:03:46.706+0000] {standard_task_runner.py:104} INFO - Running: ['airflow', 'tasks', 'run', '***_v2_etl_dag', 'transform_task', 'manual__2025-02-21T13:59:00.994336+00:00', '--job-id', '32', '--raw', '--subdir', 'DAGS_FOLDER/***_v2_etl_dag.py', '--cfg-path', '/tmp/tmps251o5mo']
[2025-02-21T14:03:46.710+0000] {standard_task_runner.py:105} INFO - Job 32: Subtask transform_task
[2025-02-21T14:03:46.730+0000] {logging_mixin.py:190} WARNING - /home/airflow/.local/lib/python3.9/site-packages/airflow/settings.py:209 DeprecationWarning: The sql_alchemy_conn option in [core] has been moved to the sql_alchemy_conn option in [database] - the old setting has been used, but please update your config.
[2025-02-21T14:03:46.793+0000] {task_command.py:467} INFO - Running <TaskInstance: finprode8_v2_etl_dag.transform_task manual__2025-02-21T13:59:00.994336+00:00 [running]> on host ***-airflow-scheduler
[2025-02-21T14:03:47.021+0000] {taskinstance.py:3134} INFO - Exporting env vars: AIRFLOW_CTX_DAG_OWNER='ratih malini' AIRFLOW_CTX_DAG_ID='***_v2_etl_dag' AIRFLOW_CTX_TASK_ID='transform_task' AIRFLOW_CTX_EXECUTION_DATE='2025-02-21T13:59:00.994336+00:00' AIRFLOW_CTX_TRY_NUMBER='2' AIRFLOW_CTX_DAG_RUN_ID='manual__2025-02-21T13:59:00.994336+00:00'
[2025-02-21T14:03:47.024+0000] {taskinstance.py:732} INFO - ::endgroup::
[2025-02-21T14:03:47.067+0000] {base.py:84} INFO - Retrieving connection 'spark_main'
[2025-02-21T14:03:47.071+0000] {spark_submit.py:474} INFO - Spark-Submit cmd: spark-submit --master spark://***-spark-master:7077 --name arrow-spark /spark-scripts/***_v2_transform.py
[2025-02-21T14:03:51.097+0000] {spark_submit.py:641} INFO - 25/02/21 14:03:51 INFO SparkContext: Running Spark version 3.3.2
[2025-02-21T14:03:51.196+0000] {spark_submit.py:641} INFO - 25/02/21 14:03:51 WARN NativeCodeLoader: Unable to load native-hadoop library for your platform... using builtin-java classes where applicable
[2025-02-21T14:03:51.275+0000] {spark_submit.py:641} INFO - 25/02/21 14:03:51 INFO ResourceUtils: ==============================================================
[2025-02-21T14:03:51.277+0000] {spark_submit.py:641} INFO - 25/02/21 14:03:51 INFO ResourceUtils: No custom resources configured for spark.driver.
[2025-02-21T14:03:51.278+0000] {spark_submit.py:641} INFO - 25/02/21 14:03:51 INFO ResourceUtils: ==============================================================
[2025-02-21T14:03:51.279+0000] {spark_submit.py:641} INFO - 25/02/21 14:03:51 INFO SparkContext: Submitted application: ***_transform
[2025-02-21T14:03:51.300+0000] {spark_submit.py:641} INFO - 25/02/21 14:03:51 INFO ResourceProfile: Default ResourceProfile created, executor resources: Map(cores -> name: cores, amount: 1, script: , vendor: , memory -> name: memory, amount: 1024, script: , vendor: , offHeap -> name: offHeap, amount: 0, script: , vendor: ), task resources: Map(cpus -> name: cpus, amount: 1.0)
[2025-02-21T14:03:51.310+0000] {spark_submit.py:641} INFO - 25/02/21 14:03:51 INFO ResourceProfile: Limiting resource is cpu
[2025-02-21T14:03:51.312+0000] {spark_submit.py:641} INFO - 25/02/21 14:03:51 INFO ResourceProfileManager: Added ResourceProfile id: 0
[2025-02-21T14:03:51.364+0000] {spark_submit.py:641} INFO - 25/02/21 14:03:51 INFO SecurityManager: Changing view acls to: airflow
[2025-02-21T14:03:51.366+0000] {spark_submit.py:641} INFO - 25/02/21 14:03:51 INFO SecurityManager: Changing modify acls to: airflow
[2025-02-21T14:03:51.368+0000] {spark_submit.py:641} INFO - 25/02/21 14:03:51 INFO SecurityManager: Changing view acls groups to:
[2025-02-21T14:03:51.370+0000] {spark_submit.py:641} INFO - 25/02/21 14:03:51 INFO SecurityManager: Changing modify acls groups to:
[2025-02-21T14:03:51.371+0000] {spark_submit.py:641} INFO - 25/02/21 14:03:51 INFO SecurityManager: SecurityManager: authentication disabled; ui acls disabled; users  with view permissions: Set(airflow); groups with view permissions: Set(); users  with modify permissions: Set(airflow); groups with modify permissions: Set()
[2025-02-21T14:03:51.618+0000] {spark_submit.py:641} INFO - 25/02/21 14:03:51 INFO Utils: Successfully started service 'sparkDriver' on port 33549.
[2025-02-21T14:03:51.645+0000] {spark_submit.py:641} INFO - 25/02/21 14:03:51 INFO SparkEnv: Registering MapOutputTracker
[2025-02-21T14:03:51.686+0000] {spark_submit.py:641} INFO - 25/02/21 14:03:51 INFO SparkEnv: Registering BlockManagerMaster
[2025-02-21T14:03:51.713+0000] {spark_submit.py:641} INFO - 25/02/21 14:03:51 INFO BlockManagerMasterEndpoint: Using org.apache.spark.storage.DefaultTopologyMapper for getting topology information
[2025-02-21T14:03:51.717+0000] {spark_submit.py:641} INFO - 25/02/21 14:03:51 INFO BlockManagerMasterEndpoint: BlockManagerMasterEndpoint up
[2025-02-21T14:03:51.722+0000] {spark_submit.py:641} INFO - 25/02/21 14:03:51 INFO SparkEnv: Registering BlockManagerMasterHeartbeat
[2025-02-21T14:03:51.762+0000] {spark_submit.py:641} INFO - 25/02/21 14:03:51 INFO DiskBlockManager: Created local directory at /tmp/blockmgr-5386ad53-3071-4c98-9238-2b393675f4ab
[2025-02-21T14:03:51.800+0000] {spark_submit.py:641} INFO - 25/02/21 14:03:51 INFO MemoryStore: MemoryStore started with capacity 434.4 MiB
[2025-02-21T14:03:51.823+0000] {spark_submit.py:641} INFO - 25/02/21 14:03:51 INFO SparkEnv: Registering OutputCommitCoordinator
[2025-02-21T14:03:52.150+0000] {spark_submit.py:641} INFO - 25/02/21 14:03:52 INFO Utils: Successfully started service 'SparkUI' on port 4040.
[2025-02-21T14:03:52.338+0000] {spark_submit.py:641} INFO - 25/02/21 14:03:52 INFO Executor: Starting executor ID driver on host ***-airflow-scheduler
[2025-02-21T14:03:52.358+0000] {spark_submit.py:641} INFO - 25/02/21 14:03:52 INFO Executor: Starting executor with user classpath (userClassPathFirst = false): ''
[2025-02-21T14:03:52.386+0000] {spark_submit.py:641} INFO - 25/02/21 14:03:52 INFO Utils: Successfully started service 'org.apache.spark.network.netty.NettyBlockTransferService' on port 35877.
[2025-02-21T14:03:52.387+0000] {spark_submit.py:641} INFO - 25/02/21 14:03:52 INFO NettyBlockTransferService: Server created on ***-airflow-scheduler:35877
[2025-02-21T14:03:52.389+0000] {spark_submit.py:641} INFO - 25/02/21 14:03:52 INFO BlockManager: Using org.apache.spark.storage.RandomBlockReplicationPolicy for block replication policy
[2025-02-21T14:03:52.396+0000] {spark_submit.py:641} INFO - 25/02/21 14:03:52 INFO BlockManagerMaster: Registering BlockManager BlockManagerId(driver, ***-airflow-scheduler, 35877, None)
[2025-02-21T14:03:52.401+0000] {spark_submit.py:641} INFO - 25/02/21 14:03:52 INFO BlockManagerMasterEndpoint: Registering block manager ***-airflow-scheduler:35877 with 434.4 MiB RAM, BlockManagerId(driver, ***-airflow-scheduler, 35877, None)
[2025-02-21T14:03:52.404+0000] {spark_submit.py:641} INFO - 25/02/21 14:03:52 INFO BlockManagerMaster: Registered BlockManager BlockManagerId(driver, ***-airflow-scheduler, 35877, None)
[2025-02-21T14:03:52.406+0000] {spark_submit.py:641} INFO - 25/02/21 14:03:52 INFO BlockManager: Initialized BlockManager: BlockManagerId(driver, ***-airflow-scheduler, 35877, None)
[2025-02-21T14:03:56.942+0000] {spark_submit.py:641} INFO - ---------------- MENAMPILKAN BANYAK DATA NULL DI SETIAP KOLOM ----------------
[2025-02-21T14:03:59.232+0000] {spark_submit.py:641} INFO - +----------------+---------------+-----------+--------------+-----------+------------------------+--------------------+--------+-------------------------+----------------------+--------------------------+---------------+-----------------------+
[2025-02-21T14:03:59.239+0000] {spark_submit.py:641} INFO - |employee_id_null|department_null|region_null|education_null|gender_null|recruitment_channel_null|no_of_trainings_null|age_null|previous_year_rating_null|length_of_service_null|KPIs_met_more_than_80_null|awards_won_null|avg_training_score_null|
[2025-02-21T14:03:59.241+0000] {spark_submit.py:641} INFO - +----------------+---------------+-----------+--------------+-----------+------------------------+--------------------+--------+-------------------------+----------------------+--------------------------+---------------+-----------------------+
[2025-02-21T14:03:59.243+0000] {spark_submit.py:641} INFO - |               0|              0|          0|           771|          0|                       0|                   0|       0|                     1363|                     0|                         0|              0|                      0|
[2025-02-21T14:03:59.245+0000] {spark_submit.py:641} INFO - +----------------+---------------+-----------+--------------+-----------+------------------------+--------------------+--------+-------------------------+----------------------+--------------------------+---------------+-----------------------+
[2025-02-21T14:04:00.074+0000] {spark_submit.py:641} INFO - 
[2025-02-21T14:04:00.077+0000] {spark_submit.py:641} INFO - ---------------- NULL HANDLING PADA KOLOM EDUCATION & PREVIOUS_YEAR_RATING ----------------
[2025-02-21T14:04:00.345+0000] {spark_submit.py:641} INFO - +--------------+-------------------------+
[2025-02-21T14:04:00.347+0000] {spark_submit.py:641} INFO - |education_null|previous_year_rating_null|
[2025-02-21T14:04:00.348+0000] {spark_submit.py:641} INFO - +--------------+-------------------------+
[2025-02-21T14:04:00.350+0000] {spark_submit.py:641} INFO - |             0|                        0|
[2025-02-21T14:04:00.351+0000] {spark_submit.py:641} INFO - +--------------+-------------------------+
[2025-02-21T14:04:00.352+0000] {spark_submit.py:641} INFO - 
[2025-02-21T14:04:00.353+0000] {spark_submit.py:641} INFO - ---------------- MENAMPILKAN BANYAK DATA DUPLIKAT BERDASARKAN EMPLOYEE_ID ----------------
[2025-02-21T14:04:02.262+0000] {spark_submit.py:641} INFO - +-----------+------+
[2025-02-21T14:04:02.265+0000] {spark_submit.py:641} INFO - |employee_id|jumlah|
[2025-02-21T14:04:02.267+0000] {spark_submit.py:641} INFO - +-----------+------+
[2025-02-21T14:04:02.268+0000] {spark_submit.py:641} INFO - |      64573|     2|
[2025-02-21T14:04:02.269+0000] {spark_submit.py:641} INFO - |      49584|     3|
[2025-02-21T14:04:02.270+0000] {spark_submit.py:641} INFO - +-----------+------+
[2025-02-21T14:04:02.272+0000] {spark_submit.py:641} INFO - 
[2025-02-21T14:04:02.274+0000] {spark_submit.py:641} INFO - ---------------- MENAMPILKAN SEMUA BARIS DAN KOLOM DARI EMPLOYEE ID YANG DUPLIKAT ----------------
[2025-02-21T14:04:02.546+0000] {spark_submit.py:641} INFO - +-----------+----------+--------+---------+------+-------------------+---------------+---+--------------------+-----------------+---------------------+----------+------------------+
[2025-02-21T14:04:02.548+0000] {spark_submit.py:641} INFO - |employee_id|department|  region|education|gender|recruitment_channel|no_of_trainings|age|previous_year_rating|length_of_service|KPIs_met_more_than_80|awards_won|avg_training_score|
[2025-02-21T14:04:02.550+0000] {spark_submit.py:641} INFO - +-----------+----------+--------+---------+------+-------------------+---------------+---+--------------------+-----------------+---------------------+----------+------------------+
[2025-02-21T14:04:02.551+0000] {spark_submit.py:641} INFO - |      49584|        HR|region_7|Bachelors|     m|              other|              1| 33|                   1|                9|                    0|         0|                51|
[2025-02-21T14:04:02.552+0000] {spark_submit.py:641} INFO - |      49584|        HR|region_7|Bachelors|     m|              other|              1| 33|                   1|                9|                    0|         0|                51|
[2025-02-21T14:04:02.553+0000] {spark_submit.py:641} INFO - |      49584|        HR|region_7|Bachelors|     m|              other|              1| 33|                   1|                9|                    0|         0|                51|
[2025-02-21T14:04:02.554+0000] {spark_submit.py:641} INFO - |      64573|Technology|region_7|Bachelors|     f|           referred|              2| 30|                   5|                6|                    1|         0|                81|
[2025-02-21T14:04:02.556+0000] {spark_submit.py:641} INFO - |      64573|        HR|region_7|Bachelors|     f|           referred|              1| 35|                   5|                4|                    1|         0|                81|
[2025-02-21T14:04:02.558+0000] {spark_submit.py:641} INFO - +-----------+----------+--------+---------+------+-------------------+---------------+---+--------------------+-----------------+---------------------+----------+------------------+
[2025-02-21T14:04:02.560+0000] {spark_submit.py:641} INFO - 
[2025-02-21T14:04:02.561+0000] {spark_submit.py:641} INFO - ---------------- MENAMPILKAN HASIL DARI DATA DUPLIKASI YANG TELAH DIHANDLE BERDASARKAN KOLOM EMPLOYEE_ID DAN DEPARTMENT ----------------
[2025-02-21T14:04:03.160+0000] {spark_submit.py:641} INFO - +-----------+----------+--------+---------+------+-------------------+---------------+---+--------------------+-----------------+---------------------+----------+------------------+
[2025-02-21T14:04:03.162+0000] {spark_submit.py:641} INFO - |employee_id|department|  region|education|gender|recruitment_channel|no_of_trainings|age|previous_year_rating|length_of_service|KPIs_met_more_than_80|awards_won|avg_training_score|
[2025-02-21T14:04:03.163+0000] {spark_submit.py:641} INFO - +-----------+----------+--------+---------+------+-------------------+---------------+---+--------------------+-----------------+---------------------+----------+------------------+
[2025-02-21T14:04:03.164+0000] {spark_submit.py:641} INFO - |      49584|        HR|region_7|Bachelors|     m|              other|              1| 33|                   1|                9|                    0|         0|                51|
[2025-02-21T14:04:03.166+0000] {spark_submit.py:641} INFO - |      64573|        HR|region_7|Bachelors|     f|           referred|              1| 35|                   5|                4|                    1|         0|                81|
[2025-02-21T14:04:03.168+0000] {spark_submit.py:641} INFO - |      64573|Technology|region_7|Bachelors|     f|           referred|              2| 30|                   5|                6|                    1|         0|                81|
[2025-02-21T14:04:03.169+0000] {spark_submit.py:641} INFO - +-----------+----------+--------+---------+------+-------------------+---------------+---+--------------------+-----------------+---------------------+----------+------------------+
[2025-02-21T14:04:03.171+0000] {spark_submit.py:641} INFO - 
[2025-02-21T14:04:05.838+0000] {spark_submit.py:641} INFO - ---------------- MENAMPILKAN DATA HASIL TRASNFORMASI ----------------
[2025-02-21T14:04:06.328+0000] {spark_submit.py:641} INFO - +-----------+-----------------+---------+---------------+------+-------------------+---------------+---+--------------------+-----------------+---------------------+----------+------------------+
[2025-02-21T14:04:06.331+0000] {spark_submit.py:641} INFO - |employee_id|       department|   region|      education|gender|recruitment_channel|no_of_trainings|age|previous_year_rating|length_of_service|KPIs_met_more_than_80|awards_won|avg_training_score|
[2025-02-21T14:04:06.333+0000] {spark_submit.py:641} INFO - +-----------+-----------------+---------+---------------+------+-------------------+---------------+---+--------------------+-----------------+---------------------+----------+------------------+
[2025-02-21T14:04:06.335+0000] {spark_submit.py:641} INFO - |          3|      Procurement|region_22|Masters & above|     f|              other|              1| 38|                   5|                4|                    1|         0|                67|
[2025-02-21T14:04:06.336+0000] {spark_submit.py:641} INFO - |          6|Sales & Marketing|region_15|      Bachelors|     f|              other|              1| 38|                   3|               10|                    0|         0|                50|
[2025-02-21T14:04:06.338+0000] {spark_submit.py:641} INFO - |         11|       Technology| region_4|Masters & above|     f|           sourcing|              1| 39|                   4|               12|                    1|         0|                72|
[2025-02-21T14:04:06.339+0000] {spark_submit.py:641} INFO - |         13|Sales & Marketing|region_17|      Bachelors|     m|              other|              1| 38|                   1|                5|                    1|         0|                47|
[2025-02-21T14:04:06.341+0000] {spark_submit.py:641} INFO - |         16|Sales & Marketing| region_4|Masters & above|     m|           sourcing|              1| 40|                   5|                5|                    0|         0|                53|
[2025-02-21T14:04:06.342+0000] {spark_submit.py:641} INFO - +-----------+-----------------+---------+---------------+------+-------------------+---------------+---+--------------------+-----------------+---------------------+----------+------------------+
[2025-02-21T14:04:06.346+0000] {spark_submit.py:641} INFO - only showing top 5 rows
[2025-02-21T14:04:06.348+0000] {spark_submit.py:641} INFO - 
[2025-02-21T14:04:06.652+0000] {spark_submit.py:641} INFO - Jumlah baris dalam DataFrame : 17415
[2025-02-21T14:04:06.655+0000] {spark_submit.py:641} INFO - Isi folder data/transformed.parquet :
[2025-02-21T14:04:06.657+0000] {spark_submit.py:641} INFO - ['_SUCCESS', '.part-00000-9d859a0c-9081-4dd3-9b81-f833346da7b5-c000.snappy.parquet.crc', 'part-00000-9d859a0c-9081-4dd3-9b81-f833346da7b5-c000.snappy.parquet', '._SUCCESS.crc']
[2025-02-21T14:04:06.659+0000] {spark_submit.py:641} INFO - Transform data berhasil.
[2025-02-21T14:04:07.191+0000] {taskinstance.py:341} INFO - ::group::Post task execution logs
[2025-02-21T14:04:07.195+0000] {taskinstance.py:353} INFO - Marking task as SUCCESS. dag_id=***_v2_etl_dag, task_id=transform_task, run_id=manual__2025-02-21T13:59:00.994336+00:00, execution_date=20250221T135900, start_date=20250221T140346, end_date=20250221T140407
[2025-02-21T14:04:07.303+0000] {local_task_job_runner.py:266} INFO - Task exited with return code 0
[2025-02-21T14:04:07.367+0000] {taskinstance.py:3901} INFO - 1 downstream tasks scheduled from follow-on schedule check
[2025-02-21T14:04:07.373+0000] {local_task_job_runner.py:245} INFO - ::endgroup::
