[2025-02-21T13:59:35.713+0000] {local_task_job_runner.py:123} INFO - ::group::Pre task execution logs
[2025-02-21T13:59:35.777+0000] {taskinstance.py:2614} INFO - Dependencies all met for dep_context=non-requeueable deps ti=<TaskInstance: finprode8_v2_etl_dag.transform_task manual__2025-02-21T13:59:00.994336+00:00 [queued]>
[2025-02-21T13:59:35.818+0000] {taskinstance.py:2614} INFO - Dependencies all met for dep_context=requeueable deps ti=<TaskInstance: finprode8_v2_etl_dag.transform_task manual__2025-02-21T13:59:00.994336+00:00 [queued]>
[2025-02-21T13:59:35.822+0000] {taskinstance.py:2867} INFO - Starting attempt 1 of 1
[2025-02-21T13:59:35.871+0000] {taskinstance.py:2890} INFO - Executing <Task(SparkSubmitOperator): transform_task> on 2025-02-21 13:59:00.994336+00:00
[2025-02-21T13:59:35.878+0000] {standard_task_runner.py:72} INFO - Started process 383 to run task
[2025-02-21T13:59:35.884+0000] {standard_task_runner.py:104} INFO - Running: ['airflow', 'tasks', 'run', '***_v2_etl_dag', 'transform_task', 'manual__2025-02-21T13:59:00.994336+00:00', '--job-id', '29', '--raw', '--subdir', 'DAGS_FOLDER/***_v2_etl_dag.py', '--cfg-path', '/tmp/tmpd2eqimyc']
[2025-02-21T13:59:35.895+0000] {standard_task_runner.py:105} INFO - Job 29: Subtask transform_task
[2025-02-21T13:59:35.930+0000] {logging_mixin.py:190} WARNING - /home/airflow/.local/lib/python3.9/site-packages/airflow/settings.py:209 DeprecationWarning: The sql_alchemy_conn option in [core] has been moved to the sql_alchemy_conn option in [database] - the old setting has been used, but please update your config.
[2025-02-21T13:59:35.978+0000] {task_command.py:467} INFO - Running <TaskInstance: finprode8_v2_etl_dag.transform_task manual__2025-02-21T13:59:00.994336+00:00 [running]> on host ***-airflow-scheduler
[2025-02-21T13:59:36.149+0000] {taskinstance.py:3134} INFO - Exporting env vars: AIRFLOW_CTX_DAG_OWNER='ratih malini' AIRFLOW_CTX_DAG_ID='***_v2_etl_dag' AIRFLOW_CTX_TASK_ID='transform_task' AIRFLOW_CTX_EXECUTION_DATE='2025-02-21T13:59:00.994336+00:00' AIRFLOW_CTX_TRY_NUMBER='1' AIRFLOW_CTX_DAG_RUN_ID='manual__2025-02-21T13:59:00.994336+00:00'
[2025-02-21T13:59:36.155+0000] {taskinstance.py:732} INFO - ::endgroup::
[2025-02-21T13:59:36.229+0000] {base.py:84} INFO - Retrieving connection 'spark_main'
[2025-02-21T13:59:36.234+0000] {spark_submit.py:474} INFO - Spark-Submit cmd: spark-submit --master spark://***-spark-master:7077 --name arrow-spark /spark-scripts/***_v2_transform.py
[2025-02-21T13:59:40.785+0000] {spark_submit.py:641} INFO - 25/02/21 13:59:40 INFO SparkContext: Running Spark version 3.3.2
[2025-02-21T13:59:40.911+0000] {spark_submit.py:641} INFO - 25/02/21 13:59:40 WARN NativeCodeLoader: Unable to load native-hadoop library for your platform... using builtin-java classes where applicable
[2025-02-21T13:59:41.095+0000] {spark_submit.py:641} INFO - 25/02/21 13:59:41 INFO ResourceUtils: ==============================================================
[2025-02-21T13:59:41.098+0000] {spark_submit.py:641} INFO - 25/02/21 13:59:41 INFO ResourceUtils: No custom resources configured for spark.driver.
[2025-02-21T13:59:41.100+0000] {spark_submit.py:641} INFO - 25/02/21 13:59:41 INFO ResourceUtils: ==============================================================
[2025-02-21T13:59:41.104+0000] {spark_submit.py:641} INFO - 25/02/21 13:59:41 INFO SparkContext: Submitted application: ***_transform
[2025-02-21T13:59:41.145+0000] {spark_submit.py:641} INFO - 25/02/21 13:59:41 INFO ResourceProfile: Default ResourceProfile created, executor resources: Map(cores -> name: cores, amount: 1, script: , vendor: , memory -> name: memory, amount: 1024, script: , vendor: , offHeap -> name: offHeap, amount: 0, script: , vendor: ), task resources: Map(cpus -> name: cpus, amount: 1.0)
[2025-02-21T13:59:41.157+0000] {spark_submit.py:641} INFO - 25/02/21 13:59:41 INFO ResourceProfile: Limiting resource is cpu
[2025-02-21T13:59:41.158+0000] {spark_submit.py:641} INFO - 25/02/21 13:59:41 INFO ResourceProfileManager: Added ResourceProfile id: 0
[2025-02-21T13:59:41.218+0000] {spark_submit.py:641} INFO - 25/02/21 13:59:41 INFO SecurityManager: Changing view acls to: airflow
[2025-02-21T13:59:41.220+0000] {spark_submit.py:641} INFO - 25/02/21 13:59:41 INFO SecurityManager: Changing modify acls to: airflow
[2025-02-21T13:59:41.222+0000] {spark_submit.py:641} INFO - 25/02/21 13:59:41 INFO SecurityManager: Changing view acls groups to:
[2025-02-21T13:59:41.225+0000] {spark_submit.py:641} INFO - 25/02/21 13:59:41 INFO SecurityManager: Changing modify acls groups to:
[2025-02-21T13:59:41.227+0000] {spark_submit.py:641} INFO - 25/02/21 13:59:41 INFO SecurityManager: SecurityManager: authentication disabled; ui acls disabled; users  with view permissions: Set(airflow); groups with view permissions: Set(); users  with modify permissions: Set(airflow); groups with modify permissions: Set()
[2025-02-21T13:59:41.608+0000] {spark_submit.py:641} INFO - 25/02/21 13:59:41 INFO Utils: Successfully started service 'sparkDriver' on port 34943.
[2025-02-21T13:59:41.655+0000] {spark_submit.py:641} INFO - 25/02/21 13:59:41 INFO SparkEnv: Registering MapOutputTracker
[2025-02-21T13:59:41.705+0000] {spark_submit.py:641} INFO - 25/02/21 13:59:41 INFO SparkEnv: Registering BlockManagerMaster
[2025-02-21T13:59:41.727+0000] {spark_submit.py:641} INFO - 25/02/21 13:59:41 INFO BlockManagerMasterEndpoint: Using org.apache.spark.storage.DefaultTopologyMapper for getting topology information
[2025-02-21T13:59:41.730+0000] {spark_submit.py:641} INFO - 25/02/21 13:59:41 INFO BlockManagerMasterEndpoint: BlockManagerMasterEndpoint up
[2025-02-21T13:59:41.737+0000] {spark_submit.py:641} INFO - 25/02/21 13:59:41 INFO SparkEnv: Registering BlockManagerMasterHeartbeat
[2025-02-21T13:59:41.764+0000] {spark_submit.py:641} INFO - 25/02/21 13:59:41 INFO DiskBlockManager: Created local directory at /tmp/blockmgr-df372106-92b7-4b12-a055-551bd5fbaedb
[2025-02-21T13:59:41.781+0000] {spark_submit.py:641} INFO - 25/02/21 13:59:41 INFO MemoryStore: MemoryStore started with capacity 434.4 MiB
[2025-02-21T13:59:41.807+0000] {spark_submit.py:641} INFO - 25/02/21 13:59:41 INFO SparkEnv: Registering OutputCommitCoordinator
[2025-02-21T13:59:42.177+0000] {spark_submit.py:641} INFO - 25/02/21 13:59:42 INFO Utils: Successfully started service 'SparkUI' on port 4040.
[2025-02-21T13:59:42.383+0000] {spark_submit.py:641} INFO - 25/02/21 13:59:42 INFO Executor: Starting executor ID driver on host ***-airflow-scheduler
[2025-02-21T13:59:42.412+0000] {spark_submit.py:641} INFO - 25/02/21 13:59:42 INFO Executor: Starting executor with user classpath (userClassPathFirst = false): ''
[2025-02-21T13:59:42.451+0000] {spark_submit.py:641} INFO - 25/02/21 13:59:42 INFO Utils: Successfully started service 'org.apache.spark.network.netty.NettyBlockTransferService' on port 36163.
[2025-02-21T13:59:42.454+0000] {spark_submit.py:641} INFO - 25/02/21 13:59:42 INFO NettyBlockTransferService: Server created on ***-airflow-scheduler:36163
[2025-02-21T13:59:42.456+0000] {spark_submit.py:641} INFO - 25/02/21 13:59:42 INFO BlockManager: Using org.apache.spark.storage.RandomBlockReplicationPolicy for block replication policy
[2025-02-21T13:59:42.464+0000] {spark_submit.py:641} INFO - 25/02/21 13:59:42 INFO BlockManagerMaster: Registering BlockManager BlockManagerId(driver, ***-airflow-scheduler, 36163, None)
[2025-02-21T13:59:42.469+0000] {spark_submit.py:641} INFO - 25/02/21 13:59:42 INFO BlockManagerMasterEndpoint: Registering block manager ***-airflow-scheduler:36163 with 434.4 MiB RAM, BlockManagerId(driver, ***-airflow-scheduler, 36163, None)
[2025-02-21T13:59:42.473+0000] {spark_submit.py:641} INFO - 25/02/21 13:59:42 INFO BlockManagerMaster: Registered BlockManager BlockManagerId(driver, ***-airflow-scheduler, 36163, None)
[2025-02-21T13:59:42.475+0000] {spark_submit.py:641} INFO - 25/02/21 13:59:42 INFO BlockManager: Initialized BlockManager: BlockManagerId(driver, ***-airflow-scheduler, 36163, None)
[2025-02-21T13:59:49.926+0000] {spark_submit.py:641} INFO - ---------------- MENAMPILKAN BANYAK DATA NULL DI SETIAP KOLOM ----------------
[2025-02-21T13:59:52.892+0000] {spark_submit.py:641} INFO - +----------------+---------------+-----------+--------------+-----------+------------------------+--------------------+--------+-------------------------+----------------------+--------------------------+---------------+-----------------------+
[2025-02-21T13:59:52.895+0000] {spark_submit.py:641} INFO - |employee_id_null|department_null|region_null|education_null|gender_null|recruitment_channel_null|no_of_trainings_null|age_null|previous_year_rating_null|length_of_service_null|KPIs_met_more_than_80_null|awards_won_null|avg_training_score_null|
[2025-02-21T13:59:52.898+0000] {spark_submit.py:641} INFO - +----------------+---------------+-----------+--------------+-----------+------------------------+--------------------+--------+-------------------------+----------------------+--------------------------+---------------+-----------------------+
[2025-02-21T13:59:52.900+0000] {spark_submit.py:641} INFO - |               0|              0|          0|           771|          0|                       0|                   0|       0|                     1363|                     0|                         0|              0|                      0|
[2025-02-21T13:59:52.903+0000] {spark_submit.py:641} INFO - +----------------+---------------+-----------+--------------+-----------+------------------------+--------------------+--------+-------------------------+----------------------+--------------------------+---------------+-----------------------+
[2025-02-21T13:59:52.906+0000] {spark_submit.py:641} INFO - 
[2025-02-21T13:59:53.415+0000] {spark_submit.py:641} INFO - +----------------+---------------+-----------+--------------+-----------+------------------------+--------------------+--------+-------------------------+----------------------+--------------------------+---------------+-----------------------+
[2025-02-21T13:59:53.417+0000] {spark_submit.py:641} INFO - |employee_id_null|department_null|region_null|education_null|gender_null|recruitment_channel_null|no_of_trainings_null|age_null|previous_year_rating_null|length_of_service_null|KPIs_met_more_than_80_null|awards_won_null|avg_training_score_nuli|
[2025-02-21T13:59:53.419+0000] {spark_submit.py:641} INFO - +----------------+---------------+-----------+--------------+-----------+------------------------+--------------------+--------+-------------------------+----------------------+--------------------------+---------------+-----------------------+
[2025-02-21T13:59:53.422+0000] {spark_submit.py:641} INFO - |               0|              0|          0|           771|          0|                       0|                   0|       0|                     1363|                     0|                         0|              0|                      0|
[2025-02-21T13:59:53.424+0000] {spark_submit.py:641} INFO - +----------------+---------------+-----------+--------------+-----------+------------------------+--------------------+--------+-------------------------+----------------------+--------------------------+---------------+-----------------------+
[2025-02-21T13:59:53.427+0000] {spark_submit.py:641} INFO - 
[2025-02-21T13:59:53.429+0000] {spark_submit.py:641} INFO - ---------------- NULL HANDLING PADA KOLOM EDUCATION & PREVIOUS_YEAR_RATING ----------------
[2025-02-21T13:59:53.776+0000] {spark_submit.py:641} INFO - +--------------+-------------------------+
[2025-02-21T13:59:53.778+0000] {spark_submit.py:641} INFO - |education_null|previous_year_rating_null|
[2025-02-21T13:59:53.779+0000] {spark_submit.py:641} INFO - +--------------+-------------------------+
[2025-02-21T13:59:53.781+0000] {spark_submit.py:641} INFO - |             0|                        0|
[2025-02-21T13:59:53.783+0000] {spark_submit.py:641} INFO - +--------------+-------------------------+
[2025-02-21T13:59:53.785+0000] {spark_submit.py:641} INFO - 
[2025-02-21T13:59:53.787+0000] {spark_submit.py:641} INFO - ---------------- MENAMPILKAN BANYAK DATA DUPLIKAT BERDASARKAN EMPLOYEE_ID ----------------
[2025-02-21T13:59:55.164+0000] {spark_submit.py:641} INFO - +-----------+------+
[2025-02-21T13:59:55.167+0000] {spark_submit.py:641} INFO - |employee_id|jumlah|
[2025-02-21T13:59:55.169+0000] {spark_submit.py:641} INFO - +-----------+------+
[2025-02-21T13:59:55.170+0000] {spark_submit.py:641} INFO - |      64573|     2|
[2025-02-21T13:59:55.172+0000] {spark_submit.py:641} INFO - |      49584|     3|
[2025-02-21T13:59:55.174+0000] {spark_submit.py:641} INFO - +-----------+------+
[2025-02-21T13:59:55.175+0000] {spark_submit.py:641} INFO - 
[2025-02-21T13:59:55.178+0000] {spark_submit.py:641} INFO - ---------------- MENAMPILKAN SEMUA BARIS DAN KOLOM DARI EMPLOYEE ID YANG DUPLIKAT ----------------
[2025-02-21T13:59:55.508+0000] {spark_submit.py:641} INFO - +-----------+----------+--------+---------+------+-------------------+---------------+---+--------------------+-----------------+---------------------+----------+------------------+
[2025-02-21T13:59:55.510+0000] {spark_submit.py:641} INFO - |employee_id|department|  region|education|gender|recruitment_channel|no_of_trainings|age|previous_year_rating|length_of_service|KPIs_met_more_than_80|awards_won|avg_training_score|
[2025-02-21T13:59:55.511+0000] {spark_submit.py:641} INFO - +-----------+----------+--------+---------+------+-------------------+---------------+---+--------------------+-----------------+---------------------+----------+------------------+
[2025-02-21T13:59:55.513+0000] {spark_submit.py:641} INFO - |      49584|        HR|region_7|Bachelors|     m|              other|              1| 33|                   1|                9|                    0|         0|                51|
[2025-02-21T13:59:55.514+0000] {spark_submit.py:641} INFO - |      49584|        HR|region_7|Bachelors|     m|              other|              1| 33|                   1|                9|                    0|         0|                51|
[2025-02-21T13:59:55.516+0000] {spark_submit.py:641} INFO - |      49584|        HR|region_7|Bachelors|     m|              other|              1| 33|                   1|                9|                    0|         0|                51|
[2025-02-21T13:59:55.518+0000] {spark_submit.py:641} INFO - |      64573|Technology|region_7|Bachelors|     f|           referred|              2| 30|                   5|                6|                    1|         0|                81|
[2025-02-21T13:59:55.519+0000] {spark_submit.py:641} INFO - |      64573|        HR|region_7|Bachelors|     f|           referred|              1| 35|                   5|                4|                    1|         0|                81|
[2025-02-21T13:59:55.521+0000] {spark_submit.py:641} INFO - +-----------+----------+--------+---------+------+-------------------+---------------+---+--------------------+-----------------+---------------------+----------+------------------+
[2025-02-21T13:59:55.523+0000] {spark_submit.py:641} INFO - 
[2025-02-21T13:59:55.525+0000] {spark_submit.py:641} INFO - ---------------- MENAMPILKAN HASIL DARI DATA DUPLIKASI YANG TELAH DIHANDLE BERDASARKAN KOLOM EMPLOYEE_ID DAN DEPARTMENT ----------------
[2025-02-21T13:59:56.176+0000] {spark_submit.py:641} INFO - +-----------+----------+--------+---------+------+-------------------+---------------+---+--------------------+-----------------+---------------------+----------+------------------+
[2025-02-21T13:59:56.177+0000] {spark_submit.py:641} INFO - |employee_id|department|  region|education|gender|recruitment_channel|no_of_trainings|age|previous_year_rating|length_of_service|KPIs_met_more_than_80|awards_won|avg_training_score|
[2025-02-21T13:59:56.179+0000] {spark_submit.py:641} INFO - +-----------+----------+--------+---------+------+-------------------+---------------+---+--------------------+-----------------+---------------------+----------+------------------+
[2025-02-21T13:59:56.182+0000] {spark_submit.py:641} INFO - |      49584|        HR|region_7|Bachelors|     m|              other|              1| 33|                   1|                9|                    0|         0|                51|
[2025-02-21T13:59:56.185+0000] {spark_submit.py:641} INFO - |      64573|        HR|region_7|Bachelors|     f|           referred|              1| 35|                   5|                4|                    1|         0|                81|
[2025-02-21T13:59:56.187+0000] {spark_submit.py:641} INFO - |      64573|Technology|region_7|Bachelors|     f|           referred|              2| 30|                   5|                6|                    1|         0|                81|
[2025-02-21T13:59:56.188+0000] {spark_submit.py:641} INFO - +-----------+----------+--------+---------+------+-------------------+---------------+---+--------------------+-----------------+---------------------+----------+------------------+
[2025-02-21T13:59:56.189+0000] {spark_submit.py:641} INFO - 
[2025-02-21T13:59:57.460+0000] {spark_submit.py:641} INFO - ---------------- MENAMPILKAN DATA HASIL TRASNFORMASI ----------------
[2025-02-21T13:59:57.956+0000] {spark_submit.py:641} INFO - +-----------+-----------------+---------+---------------+------+-------------------+---------------+---+--------------------+-----------------+---------------------+----------+------------------+
[2025-02-21T13:59:57.958+0000] {spark_submit.py:641} INFO - |employee_id|       department|   region|      education|gender|recruitment_channel|no_of_trainings|age|previous_year_rating|length_of_service|KPIs_met_more_than_80|awards_won|avg_training_score|
[2025-02-21T13:59:57.960+0000] {spark_submit.py:641} INFO - +-----------+-----------------+---------+---------------+------+-------------------+---------------+---+--------------------+-----------------+---------------------+----------+------------------+
[2025-02-21T13:59:57.962+0000] {spark_submit.py:641} INFO - |          3|      Procurement|region_22|Masters & above|     f|              other|              1| 38|                   5|                4|                    1|         0|                67|
[2025-02-21T13:59:57.963+0000] {spark_submit.py:641} INFO - |          6|Sales & Marketing|region_15|      Bachelors|     f|              other|              1| 38|                   3|               10|                    0|         0|                50|
[2025-02-21T13:59:57.965+0000] {spark_submit.py:641} INFO - |         11|       Technology| region_4|Masters & above|     f|           sourcing|              1| 39|                   4|               12|                    1|         0|                72|
[2025-02-21T13:59:57.966+0000] {spark_submit.py:641} INFO - |         13|Sales & Marketing|region_17|      Bachelors|     m|              other|              1| 38|                   1|                5|                    1|         0|                47|
[2025-02-21T13:59:57.967+0000] {spark_submit.py:641} INFO - |         16|Sales & Marketing| region_4|Masters & above|     m|           sourcing|              1| 40|                   5|                5|                    0|         0|                53|
[2025-02-21T13:59:57.970+0000] {spark_submit.py:641} INFO - +-----------+-----------------+---------+---------------+------+-------------------+---------------+---+--------------------+-----------------+---------------------+----------+------------------+
[2025-02-21T13:59:57.972+0000] {spark_submit.py:641} INFO - only showing top 5 rows
[2025-02-21T13:59:57.973+0000] {spark_submit.py:641} INFO - 
[2025-02-21T13:59:58.336+0000] {spark_submit.py:641} INFO - Jumlah baris dalam DataFrame : 17415
[2025-02-21T13:59:58.338+0000] {spark_submit.py:641} INFO - Isi folder data/transformed.parquet :
[2025-02-21T13:59:58.340+0000] {spark_submit.py:641} INFO - ['part-00000-87301398-0918-49cf-ae4c-50446240a4de-c000.snappy.parquet', '_SUCCESS', '.part-00000-87301398-0918-49cf-ae4c-50446240a4de-c000.snappy.parquet.crc', '._SUCCESS.crc']
[2025-02-21T13:59:58.342+0000] {spark_submit.py:641} INFO - Transform data berhasil.
[2025-02-21T13:59:58.958+0000] {taskinstance.py:341} INFO - ::group::Post task execution logs
[2025-02-21T13:59:58.961+0000] {taskinstance.py:353} INFO - Marking task as SUCCESS. dag_id=***_v2_etl_dag, task_id=transform_task, run_id=manual__2025-02-21T13:59:00.994336+00:00, execution_date=20250221T135900, start_date=20250221T135935, end_date=20250221T135958
[2025-02-21T13:59:59.021+0000] {local_task_job_runner.py:266} INFO - Task exited with return code 0
[2025-02-21T13:59:59.104+0000] {taskinstance.py:3901} INFO - 1 downstream tasks scheduled from follow-on schedule check
[2025-02-21T13:59:59.109+0000] {local_task_job_runner.py:245} INFO - ::endgroup::
