[2025-02-23T18:19:02.548+0000] {local_task_job_runner.py:123} INFO - ::group::Pre task execution logs
[2025-02-23T18:19:02.579+0000] {taskinstance.py:2614} INFO - Dependencies all met for dep_context=non-requeueable deps ti=<TaskInstance: finprode8_v2_etl_dag.extract_task manual__2025-02-23T18:19:00.393308+00:00 [queued]>
[2025-02-23T18:19:02.594+0000] {taskinstance.py:2614} INFO - Dependencies all met for dep_context=requeueable deps ti=<TaskInstance: finprode8_v2_etl_dag.extract_task manual__2025-02-23T18:19:00.393308+00:00 [queued]>
[2025-02-23T18:19:02.596+0000] {taskinstance.py:2867} INFO - Starting attempt 1 of 1
[2025-02-23T18:19:02.623+0000] {taskinstance.py:2890} INFO - Executing <Task(SparkSubmitOperator): extract_task> on 2025-02-23 18:19:00.393308+00:00
[2025-02-23T18:19:02.629+0000] {standard_task_runner.py:72} INFO - Started process 7331 to run task
[2025-02-23T18:19:02.636+0000] {standard_task_runner.py:104} INFO - Running: ['airflow', 'tasks', 'run', '***_v2_etl_dag', 'extract_task', 'manual__2025-02-23T18:19:00.393308+00:00', '--job-id', '27', '--raw', '--subdir', 'DAGS_FOLDER/***_v2_etl_dag.py', '--cfg-path', '/tmp/tmpbdauwmc_']
[2025-02-23T18:19:02.641+0000] {standard_task_runner.py:105} INFO - Job 27: Subtask extract_task
[2025-02-23T18:19:02.669+0000] {logging_mixin.py:190} WARNING - /home/airflow/.local/lib/python3.9/site-packages/airflow/settings.py:209 DeprecationWarning: The sql_alchemy_conn option in [core] has been moved to the sql_alchemy_conn option in [database] - the old setting has been used, but please update your config.
[2025-02-23T18:19:02.719+0000] {task_command.py:467} INFO - Running <TaskInstance: finprode8_v2_etl_dag.extract_task manual__2025-02-23T18:19:00.393308+00:00 [running]> on host ***-airflow-scheduler
[2025-02-23T18:19:02.842+0000] {taskinstance.py:3134} INFO - Exporting env vars: AIRFLOW_CTX_DAG_OWNER='ratih malini' AIRFLOW_CTX_DAG_ID='***_v2_etl_dag' AIRFLOW_CTX_TASK_ID='extract_task' AIRFLOW_CTX_EXECUTION_DATE='2025-02-23T18:19:00.393308+00:00' AIRFLOW_CTX_TRY_NUMBER='1' AIRFLOW_CTX_DAG_RUN_ID='manual__2025-02-23T18:19:00.393308+00:00'
[2025-02-23T18:19:02.846+0000] {taskinstance.py:732} INFO - ::endgroup::
[2025-02-23T18:19:02.890+0000] {base.py:84} INFO - Retrieving connection 'spark_main'
[2025-02-23T18:19:02.894+0000] {spark_submit.py:474} INFO - Spark-Submit cmd: spark-submit --master spark://***-spark-master:7077 --name arrow-spark /spark-scripts/***_v2_extract.py
[2025-02-23T18:19:05.924+0000] {spark_submit.py:641} INFO - 25/02/23 18:19:05 INFO SparkContext: Running Spark version 3.3.2
[2025-02-23T18:19:05.982+0000] {spark_submit.py:641} INFO - 25/02/23 18:19:05 WARN NativeCodeLoader: Unable to load native-hadoop library for your platform... using builtin-java classes where applicable
[2025-02-23T18:19:06.067+0000] {spark_submit.py:641} INFO - 25/02/23 18:19:06 INFO ResourceUtils: ==============================================================
[2025-02-23T18:19:06.069+0000] {spark_submit.py:641} INFO - 25/02/23 18:19:06 INFO ResourceUtils: No custom resources configured for spark.driver.
[2025-02-23T18:19:06.071+0000] {spark_submit.py:641} INFO - 25/02/23 18:19:06 INFO ResourceUtils: ==============================================================
[2025-02-23T18:19:06.073+0000] {spark_submit.py:641} INFO - 25/02/23 18:19:06 INFO SparkContext: Submitted application: ***_extract
[2025-02-23T18:19:06.089+0000] {spark_submit.py:641} INFO - 25/02/23 18:19:06 INFO ResourceProfile: Default ResourceProfile created, executor resources: Map(cores -> name: cores, amount: 1, script: , vendor: , memory -> name: memory, amount: 1024, script: , vendor: , offHeap -> name: offHeap, amount: 0, script: , vendor: ), task resources: Map(cpus -> name: cpus, amount: 1.0)
[2025-02-23T18:19:06.098+0000] {spark_submit.py:641} INFO - 25/02/23 18:19:06 INFO ResourceProfile: Limiting resource is cpu
[2025-02-23T18:19:06.102+0000] {spark_submit.py:641} INFO - 25/02/23 18:19:06 INFO ResourceProfileManager: Added ResourceProfile id: 0
[2025-02-23T18:19:06.146+0000] {spark_submit.py:641} INFO - 25/02/23 18:19:06 INFO SecurityManager: Changing view acls to: airflow
[2025-02-23T18:19:06.148+0000] {spark_submit.py:641} INFO - 25/02/23 18:19:06 INFO SecurityManager: Changing modify acls to: airflow
[2025-02-23T18:19:06.150+0000] {spark_submit.py:641} INFO - 25/02/23 18:19:06 INFO SecurityManager: Changing view acls groups to:
[2025-02-23T18:19:06.152+0000] {spark_submit.py:641} INFO - 25/02/23 18:19:06 INFO SecurityManager: Changing modify acls groups to:
[2025-02-23T18:19:06.154+0000] {spark_submit.py:641} INFO - 25/02/23 18:19:06 INFO SecurityManager: SecurityManager: authentication disabled; ui acls disabled; users  with view permissions: Set(airflow); groups with view permissions: Set(); users  with modify permissions: Set(airflow); groups with modify permissions: Set()
[2025-02-23T18:19:06.395+0000] {spark_submit.py:641} INFO - 25/02/23 18:19:06 INFO Utils: Successfully started service 'sparkDriver' on port 37255.
[2025-02-23T18:19:06.442+0000] {spark_submit.py:641} INFO - 25/02/23 18:19:06 INFO SparkEnv: Registering MapOutputTracker
[2025-02-23T18:19:06.504+0000] {spark_submit.py:641} INFO - 25/02/23 18:19:06 INFO SparkEnv: Registering BlockManagerMaster
[2025-02-23T18:19:06.524+0000] {spark_submit.py:641} INFO - 25/02/23 18:19:06 INFO BlockManagerMasterEndpoint: Using org.apache.spark.storage.DefaultTopologyMapper for getting topology information
[2025-02-23T18:19:06.526+0000] {spark_submit.py:641} INFO - 25/02/23 18:19:06 INFO BlockManagerMasterEndpoint: BlockManagerMasterEndpoint up
[2025-02-23T18:19:06.532+0000] {spark_submit.py:641} INFO - 25/02/23 18:19:06 INFO SparkEnv: Registering BlockManagerMasterHeartbeat
[2025-02-23T18:19:06.558+0000] {spark_submit.py:641} INFO - 25/02/23 18:19:06 INFO DiskBlockManager: Created local directory at /tmp/blockmgr-873c93a7-f9c9-4b76-8077-8abff908f1e5
[2025-02-23T18:19:06.577+0000] {spark_submit.py:641} INFO - 25/02/23 18:19:06 INFO MemoryStore: MemoryStore started with capacity 434.4 MiB
[2025-02-23T18:19:06.597+0000] {spark_submit.py:641} INFO - 25/02/23 18:19:06 INFO SparkEnv: Registering OutputCommitCoordinator
[2025-02-23T18:19:06.969+0000] {spark_submit.py:641} INFO - 25/02/23 18:19:06 INFO Utils: Successfully started service 'SparkUI' on port 4040.
[2025-02-23T18:19:07.073+0000] {spark_submit.py:641} INFO - 25/02/23 18:19:07 INFO Executor: Starting executor ID driver on host ***-airflow-scheduler
[2025-02-23T18:19:07.090+0000] {spark_submit.py:641} INFO - 25/02/23 18:19:07 INFO Executor: Starting executor with user classpath (userClassPathFirst = false): ''
[2025-02-23T18:19:07.116+0000] {spark_submit.py:641} INFO - 25/02/23 18:19:07 INFO Utils: Successfully started service 'org.apache.spark.network.netty.NettyBlockTransferService' on port 34375.
[2025-02-23T18:19:07.118+0000] {spark_submit.py:641} INFO - 25/02/23 18:19:07 INFO NettyBlockTransferService: Server created on ***-airflow-scheduler:34375
[2025-02-23T18:19:07.119+0000] {spark_submit.py:641} INFO - 25/02/23 18:19:07 INFO BlockManager: Using org.apache.spark.storage.RandomBlockReplicationPolicy for block replication policy
[2025-02-23T18:19:07.126+0000] {spark_submit.py:641} INFO - 25/02/23 18:19:07 INFO BlockManagerMaster: Registering BlockManager BlockManagerId(driver, ***-airflow-scheduler, 34375, None)
[2025-02-23T18:19:07.131+0000] {spark_submit.py:641} INFO - 25/02/23 18:19:07 INFO BlockManagerMasterEndpoint: Registering block manager ***-airflow-scheduler:34375 with 434.4 MiB RAM, BlockManagerId(driver, ***-airflow-scheduler, 34375, None)
[2025-02-23T18:19:07.133+0000] {spark_submit.py:641} INFO - 25/02/23 18:19:07 INFO BlockManagerMaster: Registered BlockManager BlockManagerId(driver, ***-airflow-scheduler, 34375, None)
[2025-02-23T18:19:07.135+0000] {spark_submit.py:641} INFO - 25/02/23 18:19:07 INFO BlockManager: Initialized BlockManager: BlockManagerId(driver, ***-airflow-scheduler, 34375, None)
[2025-02-23T18:19:18.804+0000] {spark_submit.py:641} INFO - Jumlah baris dalam DataFrame : 17417
[2025-02-23T18:19:18.806+0000] {spark_submit.py:641} INFO - Isi folder data/extracted.parquet :
[2025-02-23T18:19:18.810+0000] {spark_submit.py:641} INFO - ['part-00000-ad94d974-8bb2-458f-819c-2417765b2442-c000.snappy.parquet', '.part-00000-ad94d974-8bb2-458f-819c-2417765b2442-c000.snappy.parquet.crc', '_SUCCESS', '._SUCCESS.crc']
[2025-02-23T18:19:18.811+0000] {spark_submit.py:641} INFO - Extract data berhasil.
[2025-02-23T18:19:19.551+0000] {taskinstance.py:341} INFO - ::group::Post task execution logs
[2025-02-23T18:19:19.554+0000] {taskinstance.py:353} INFO - Marking task as SUCCESS. dag_id=***_v2_etl_dag, task_id=extract_task, run_id=manual__2025-02-23T18:19:00.393308+00:00, execution_date=20250223T181900, start_date=20250223T181902, end_date=20250223T181919
[2025-02-23T18:19:19.679+0000] {local_task_job_runner.py:266} INFO - Task exited with return code 0
[2025-02-23T18:19:19.738+0000] {taskinstance.py:3901} INFO - 1 downstream tasks scheduled from follow-on schedule check
[2025-02-23T18:19:19.743+0000] {local_task_job_runner.py:245} INFO - ::endgroup::
