[2025-02-21T14:00:00.100+0000] {local_task_job_runner.py:123} INFO - ::group::Pre task execution logs
[2025-02-21T14:00:00.144+0000] {taskinstance.py:2614} INFO - Dependencies all met for dep_context=non-requeueable deps ti=<TaskInstance: finprode8_v2_etl_dag.load_task manual__2025-02-21T13:59:00.994336+00:00 [queued]>
[2025-02-21T14:00:00.171+0000] {taskinstance.py:2614} INFO - Dependencies all met for dep_context=requeueable deps ti=<TaskInstance: finprode8_v2_etl_dag.load_task manual__2025-02-21T13:59:00.994336+00:00 [queued]>
[2025-02-21T14:00:00.173+0000] {taskinstance.py:2867} INFO - Starting attempt 1 of 1
[2025-02-21T14:00:00.202+0000] {taskinstance.py:2890} INFO - Executing <Task(SparkSubmitOperator): load_task> on 2025-02-21 13:59:00.994336+00:00
[2025-02-21T14:00:00.209+0000] {standard_task_runner.py:72} INFO - Started process 704 to run task
[2025-02-21T14:00:00.214+0000] {standard_task_runner.py:104} INFO - Running: ['airflow', 'tasks', 'run', '***_v2_etl_dag', 'load_task', 'manual__2025-02-21T13:59:00.994336+00:00', '--job-id', '30', '--raw', '--subdir', 'DAGS_FOLDER/***_v2_etl_dag.py', '--cfg-path', '/tmp/tmpd9t9clu6']
[2025-02-21T14:00:00.218+0000] {standard_task_runner.py:105} INFO - Job 30: Subtask load_task
[2025-02-21T14:00:00.238+0000] {logging_mixin.py:190} WARNING - /home/airflow/.local/lib/python3.9/site-packages/airflow/settings.py:209 DeprecationWarning: The sql_alchemy_conn option in [core] has been moved to the sql_alchemy_conn option in [database] - the old setting has been used, but please update your config.
[2025-02-21T14:00:00.309+0000] {task_command.py:467} INFO - Running <TaskInstance: finprode8_v2_etl_dag.load_task manual__2025-02-21T13:59:00.994336+00:00 [running]> on host ***-airflow-scheduler
[2025-02-21T14:00:00.532+0000] {taskinstance.py:3134} INFO - Exporting env vars: AIRFLOW_CTX_DAG_OWNER='ratih malini' AIRFLOW_CTX_DAG_ID='***_v2_etl_dag' AIRFLOW_CTX_TASK_ID='load_task' AIRFLOW_CTX_EXECUTION_DATE='2025-02-21T13:59:00.994336+00:00' AIRFLOW_CTX_TRY_NUMBER='1' AIRFLOW_CTX_DAG_RUN_ID='manual__2025-02-21T13:59:00.994336+00:00'
[2025-02-21T14:00:00.536+0000] {taskinstance.py:732} INFO - ::endgroup::
[2025-02-21T14:00:00.595+0000] {base.py:84} INFO - Retrieving connection 'spark_main'
[2025-02-21T14:00:00.598+0000] {spark_submit.py:474} INFO - Spark-Submit cmd: spark-submit --master spark://***-spark-master:7077 --packages org.postgresql:postgresql:42.2.18 --name arrow-spark /spark-scripts/***_v2_load.py
[2025-02-21T14:00:02.437+0000] {spark_submit.py:641} INFO - :: loading settings :: url = jar:file:/home/airflow/.local/lib/python3.9/site-packages/pyspark/jars/ivy-2.5.1.jar!/org/apache/ivy/core/settings/ivysettings.xml
[2025-02-21T14:00:02.646+0000] {spark_submit.py:641} INFO - Ivy Default Cache set to: /home/airflow/.ivy2/cache
[2025-02-21T14:00:02.649+0000] {spark_submit.py:641} INFO - The jars for the packages stored in: /home/airflow/.ivy2/jars
[2025-02-21T14:00:02.651+0000] {spark_submit.py:641} INFO - org.postgresql#postgresql added as a dependency
[2025-02-21T14:00:02.655+0000] {spark_submit.py:641} INFO - :: resolving dependencies :: org.apache.spark#spark-submit-parent-c8f148f9-ec2e-458c-953c-afde97ee859a;1.0
[2025-02-21T14:00:02.657+0000] {spark_submit.py:641} INFO - confs: [default]
[2025-02-21T14:00:04.778+0000] {spark_submit.py:641} INFO - found org.postgresql#postgresql;42.2.18 in central
[2025-02-21T14:00:05.372+0000] {spark_submit.py:641} INFO - found org.checkerframework#checker-qual;3.5.0 in central
[2025-02-21T14:00:05.644+0000] {spark_submit.py:641} INFO - downloading https://repo1.maven.org/maven2/org/postgresql/postgresql/42.2.18/postgresql-42.2.18.jar ...
[2025-02-21T14:00:06.844+0000] {spark_submit.py:641} INFO - [SUCCESSFUL ] org.postgresql#postgresql;42.2.18!postgresql.jar (1459ms)
[2025-02-21T14:00:07.041+0000] {spark_submit.py:641} INFO - downloading https://repo1.maven.org/maven2/org/checkerframework/checker-qual/3.5.0/checker-qual-3.5.0.jar ...
[2025-02-21T14:00:07.527+0000] {spark_submit.py:641} INFO - [SUCCESSFUL ] org.checkerframework#checker-qual;3.5.0!checker-qual.jar (679ms)
[2025-02-21T14:00:07.530+0000] {spark_submit.py:641} INFO - :: resolution report :: resolve 2728ms :: artifacts dl 2147ms
[2025-02-21T14:00:07.533+0000] {spark_submit.py:641} INFO - :: modules in use:
[2025-02-21T14:00:07.536+0000] {spark_submit.py:641} INFO - org.checkerframework#checker-qual;3.5.0 from central in [default]
[2025-02-21T14:00:07.540+0000] {spark_submit.py:641} INFO - org.postgresql#postgresql;42.2.18 from central in [default]
[2025-02-21T14:00:07.543+0000] {spark_submit.py:641} INFO - ---------------------------------------------------------------------
[2025-02-21T14:00:07.546+0000] {spark_submit.py:641} INFO - |                  |            modules            ||   artifacts   |
[2025-02-21T14:00:07.550+0000] {spark_submit.py:641} INFO - |       conf       | number| search|dwnlded|evicted|| number|dwnlded|
[2025-02-21T14:00:07.552+0000] {spark_submit.py:641} INFO - ---------------------------------------------------------------------
[2025-02-21T14:00:07.555+0000] {spark_submit.py:641} INFO - |      default     |   2   |   2   |   2   |   0   ||   2   |   2   |
[2025-02-21T14:00:07.558+0000] {spark_submit.py:641} INFO - ---------------------------------------------------------------------
[2025-02-21T14:00:07.562+0000] {spark_submit.py:641} INFO - :: retrieving :: org.apache.spark#spark-submit-parent-c8f148f9-ec2e-458c-953c-afde97ee859a
[2025-02-21T14:00:07.565+0000] {spark_submit.py:641} INFO - confs: [default]
[2025-02-21T14:00:07.568+0000] {spark_submit.py:641} INFO - 2 artifacts copied, 0 already retrieved (1190kB/21ms)
[2025-02-21T14:00:08.011+0000] {spark_submit.py:641} INFO - 25/02/21 14:00:08 WARN NativeCodeLoader: Unable to load native-hadoop library for your platform... using builtin-java classes where applicable
[2025-02-21T14:00:09.661+0000] {spark_submit.py:641} INFO - 25/02/21 14:00:09 INFO SparkContext: Running Spark version 3.3.2
[2025-02-21T14:00:09.698+0000] {spark_submit.py:641} INFO - 25/02/21 14:00:09 INFO ResourceUtils: ==============================================================
[2025-02-21T14:00:09.700+0000] {spark_submit.py:641} INFO - 25/02/21 14:00:09 INFO ResourceUtils: No custom resources configured for spark.driver.
[2025-02-21T14:00:09.701+0000] {spark_submit.py:641} INFO - 25/02/21 14:00:09 INFO ResourceUtils: ==============================================================
[2025-02-21T14:00:09.703+0000] {spark_submit.py:641} INFO - 25/02/21 14:00:09 INFO SparkContext: Submitted application: ***_load
[2025-02-21T14:00:09.739+0000] {spark_submit.py:641} INFO - 25/02/21 14:00:09 INFO ResourceProfile: Default ResourceProfile created, executor resources: Map(cores -> name: cores, amount: 1, script: , vendor: , memory -> name: memory, amount: 1024, script: , vendor: , offHeap -> name: offHeap, amount: 0, script: , vendor: ), task resources: Map(cpus -> name: cpus, amount: 1.0)
[2025-02-21T14:00:09.748+0000] {spark_submit.py:641} INFO - 25/02/21 14:00:09 INFO ResourceProfile: Limiting resource is cpu
[2025-02-21T14:00:09.751+0000] {spark_submit.py:641} INFO - 25/02/21 14:00:09 INFO ResourceProfileManager: Added ResourceProfile id: 0
[2025-02-21T14:00:09.838+0000] {spark_submit.py:641} INFO - 25/02/21 14:00:09 INFO SecurityManager: Changing view acls to: airflow
[2025-02-21T14:00:09.840+0000] {spark_submit.py:641} INFO - 25/02/21 14:00:09 INFO SecurityManager: Changing modify acls to: airflow
[2025-02-21T14:00:09.842+0000] {spark_submit.py:641} INFO - 25/02/21 14:00:09 INFO SecurityManager: Changing view acls groups to:
[2025-02-21T14:00:09.844+0000] {spark_submit.py:641} INFO - 25/02/21 14:00:09 INFO SecurityManager: Changing modify acls groups to:
[2025-02-21T14:00:09.846+0000] {spark_submit.py:641} INFO - 25/02/21 14:00:09 INFO SecurityManager: SecurityManager: authentication disabled; ui acls disabled; users  with view permissions: Set(airflow); groups with view permissions: Set(); users  with modify permissions: Set(airflow); groups with modify permissions: Set()
[2025-02-21T14:00:10.218+0000] {spark_submit.py:641} INFO - 25/02/21 14:00:10 INFO Utils: Successfully started service 'sparkDriver' on port 45289.
[2025-02-21T14:00:10.252+0000] {spark_submit.py:641} INFO - 25/02/21 14:00:10 INFO SparkEnv: Registering MapOutputTracker
[2025-02-21T14:00:10.284+0000] {spark_submit.py:641} INFO - 25/02/21 14:00:10 INFO SparkEnv: Registering BlockManagerMaster
[2025-02-21T14:00:10.305+0000] {spark_submit.py:641} INFO - 25/02/21 14:00:10 INFO BlockManagerMasterEndpoint: Using org.apache.spark.storage.DefaultTopologyMapper for getting topology information
[2025-02-21T14:00:10.307+0000] {spark_submit.py:641} INFO - 25/02/21 14:00:10 INFO BlockManagerMasterEndpoint: BlockManagerMasterEndpoint up
[2025-02-21T14:00:10.311+0000] {spark_submit.py:641} INFO - 25/02/21 14:00:10 INFO SparkEnv: Registering BlockManagerMasterHeartbeat
[2025-02-21T14:00:10.335+0000] {spark_submit.py:641} INFO - 25/02/21 14:00:10 INFO DiskBlockManager: Created local directory at /tmp/blockmgr-b114476f-c5ca-438d-bff3-738a2d96a442
[2025-02-21T14:00:10.353+0000] {spark_submit.py:641} INFO - 25/02/21 14:00:10 INFO MemoryStore: MemoryStore started with capacity 434.4 MiB
[2025-02-21T14:00:10.376+0000] {spark_submit.py:641} INFO - 25/02/21 14:00:10 INFO SparkEnv: Registering OutputCommitCoordinator
[2025-02-21T14:00:10.611+0000] {spark_submit.py:641} INFO - 25/02/21 14:00:10 INFO Utils: Successfully started service 'SparkUI' on port 4040.
[2025-02-21T14:00:10.685+0000] {spark_submit.py:641} INFO - 25/02/21 14:00:10 INFO SparkContext: Added JAR file:///home/airflow/.ivy2/jars/org.postgresql_postgresql-42.2.18.jar at spark://***-airflow-scheduler:45289/jars/org.postgresql_postgresql-42.2.18.jar with timestamp 1740146409650
[2025-02-21T14:00:10.689+0000] {spark_submit.py:641} INFO - 25/02/21 14:00:10 INFO SparkContext: Added JAR file:///home/airflow/.ivy2/jars/org.checkerframework_checker-qual-3.5.0.jar at spark://***-airflow-scheduler:45289/jars/org.checkerframework_checker-qual-3.5.0.jar with timestamp 1740146409650
[2025-02-21T14:00:10.691+0000] {spark_submit.py:641} INFO - 25/02/21 14:00:10 INFO SparkContext: Added file file:///home/airflow/.ivy2/jars/org.postgresql_postgresql-42.2.18.jar at file:///home/airflow/.ivy2/jars/org.postgresql_postgresql-42.2.18.jar with timestamp 1740146409650
[2025-02-21T14:00:10.693+0000] {spark_submit.py:641} INFO - 25/02/21 14:00:10 INFO Utils: Copying /home/airflow/.ivy2/jars/org.postgresql_postgresql-42.2.18.jar to /tmp/spark-69621a0d-0333-4f2b-9211-9fab93c76175/userFiles-eb974de6-96cf-4355-ac6f-5426c4a93533/org.postgresql_postgresql-42.2.18.jar
[2025-02-21T14:00:10.711+0000] {spark_submit.py:641} INFO - 25/02/21 14:00:10 INFO SparkContext: Added file file:///home/airflow/.ivy2/jars/org.checkerframework_checker-qual-3.5.0.jar at file:///home/airflow/.ivy2/jars/org.checkerframework_checker-qual-3.5.0.jar with timestamp 1740146409650
[2025-02-21T14:00:10.713+0000] {spark_submit.py:641} INFO - 25/02/21 14:00:10 INFO Utils: Copying /home/airflow/.ivy2/jars/org.checkerframework_checker-qual-3.5.0.jar to /tmp/spark-69621a0d-0333-4f2b-9211-9fab93c76175/userFiles-eb974de6-96cf-4355-ac6f-5426c4a93533/org.checkerframework_checker-qual-3.5.0.jar
[2025-02-21T14:00:10.801+0000] {spark_submit.py:641} INFO - 25/02/21 14:00:10 INFO Executor: Starting executor ID driver on host ***-airflow-scheduler
[2025-02-21T14:00:10.810+0000] {spark_submit.py:641} INFO - 25/02/21 14:00:10 INFO Executor: Starting executor with user classpath (userClassPathFirst = false): ''
[2025-02-21T14:00:10.822+0000] {spark_submit.py:641} INFO - 25/02/21 14:00:10 INFO Executor: Fetching file:///home/airflow/.ivy2/jars/org.postgresql_postgresql-42.2.18.jar with timestamp 1740146409650
[2025-02-21T14:00:10.842+0000] {spark_submit.py:641} INFO - 25/02/21 14:00:10 INFO Utils: /home/airflow/.ivy2/jars/org.postgresql_postgresql-42.2.18.jar has been previously copied to /tmp/spark-69621a0d-0333-4f2b-9211-9fab93c76175/userFiles-eb974de6-96cf-4355-ac6f-5426c4a93533/org.postgresql_postgresql-42.2.18.jar
[2025-02-21T14:00:10.847+0000] {spark_submit.py:641} INFO - 25/02/21 14:00:10 INFO Executor: Fetching file:///home/airflow/.ivy2/jars/org.checkerframework_checker-qual-3.5.0.jar with timestamp 1740146409650
[2025-02-21T14:00:10.849+0000] {spark_submit.py:641} INFO - 25/02/21 14:00:10 INFO Utils: /home/airflow/.ivy2/jars/org.checkerframework_checker-qual-3.5.0.jar has been previously copied to /tmp/spark-69621a0d-0333-4f2b-9211-9fab93c76175/userFiles-eb974de6-96cf-4355-ac6f-5426c4a93533/org.checkerframework_checker-qual-3.5.0.jar
[2025-02-21T14:00:10.856+0000] {spark_submit.py:641} INFO - 25/02/21 14:00:10 INFO Executor: Fetching spark://***-airflow-scheduler:45289/jars/org.postgresql_postgresql-42.2.18.jar with timestamp 1740146409650
[2025-02-21T14:00:10.908+0000] {spark_submit.py:641} INFO - 25/02/21 14:00:10 INFO TransportClientFactory: Successfully created connection to ***-airflow-scheduler/172.19.0.5:45289 after 37 ms (0 ms spent in bootstraps)
[2025-02-21T14:00:10.913+0000] {spark_submit.py:641} INFO - 25/02/21 14:00:10 INFO Utils: Fetching spark://***-airflow-scheduler:45289/jars/org.postgresql_postgresql-42.2.18.jar to /tmp/spark-69621a0d-0333-4f2b-9211-9fab93c76175/userFiles-eb974de6-96cf-4355-ac6f-5426c4a93533/fetchFileTemp8106752356288741352.tmp
[2025-02-21T14:00:10.957+0000] {spark_submit.py:641} INFO - 25/02/21 14:00:10 INFO Utils: /tmp/spark-69621a0d-0333-4f2b-9211-9fab93c76175/userFiles-eb974de6-96cf-4355-ac6f-5426c4a93533/fetchFileTemp8106752356288741352.tmp has been previously copied to /tmp/spark-69621a0d-0333-4f2b-9211-9fab93c76175/userFiles-eb974de6-96cf-4355-ac6f-5426c4a93533/org.postgresql_postgresql-42.2.18.jar
[2025-02-21T14:00:10.966+0000] {spark_submit.py:641} INFO - 25/02/21 14:00:10 INFO Executor: Adding file:/tmp/spark-69621a0d-0333-4f2b-9211-9fab93c76175/userFiles-eb974de6-96cf-4355-ac6f-5426c4a93533/org.postgresql_postgresql-42.2.18.jar to class loader
[2025-02-21T14:00:10.968+0000] {spark_submit.py:641} INFO - 25/02/21 14:00:10 INFO Executor: Fetching spark://***-airflow-scheduler:45289/jars/org.checkerframework_checker-qual-3.5.0.jar with timestamp 1740146409650
[2025-02-21T14:00:10.970+0000] {spark_submit.py:641} INFO - 25/02/21 14:00:10 INFO Utils: Fetching spark://***-airflow-scheduler:45289/jars/org.checkerframework_checker-qual-3.5.0.jar to /tmp/spark-69621a0d-0333-4f2b-9211-9fab93c76175/userFiles-eb974de6-96cf-4355-ac6f-5426c4a93533/fetchFileTemp14093887607547451768.tmp
[2025-02-21T14:00:10.971+0000] {spark_submit.py:641} INFO - 25/02/21 14:00:10 INFO Utils: /tmp/spark-69621a0d-0333-4f2b-9211-9fab93c76175/userFiles-eb974de6-96cf-4355-ac6f-5426c4a93533/fetchFileTemp14093887607547451768.tmp has been previously copied to /tmp/spark-69621a0d-0333-4f2b-9211-9fab93c76175/userFiles-eb974de6-96cf-4355-ac6f-5426c4a93533/org.checkerframework_checker-qual-3.5.0.jar
[2025-02-21T14:00:10.977+0000] {spark_submit.py:641} INFO - 25/02/21 14:00:10 INFO Executor: Adding file:/tmp/spark-69621a0d-0333-4f2b-9211-9fab93c76175/userFiles-eb974de6-96cf-4355-ac6f-5426c4a93533/org.checkerframework_checker-qual-3.5.0.jar to class loader
[2025-02-21T14:00:10.989+0000] {spark_submit.py:641} INFO - 25/02/21 14:00:10 INFO Utils: Successfully started service 'org.apache.spark.network.netty.NettyBlockTransferService' on port 35569.
[2025-02-21T14:00:10.992+0000] {spark_submit.py:641} INFO - 25/02/21 14:00:10 INFO NettyBlockTransferService: Server created on ***-airflow-scheduler:35569
[2025-02-21T14:00:10.996+0000] {spark_submit.py:641} INFO - 25/02/21 14:00:10 INFO BlockManager: Using org.apache.spark.storage.RandomBlockReplicationPolicy for block replication policy
[2025-02-21T14:00:11.009+0000] {spark_submit.py:641} INFO - 25/02/21 14:00:11 INFO BlockManagerMaster: Registering BlockManager BlockManagerId(driver, ***-airflow-scheduler, 35569, None)
[2025-02-21T14:00:11.017+0000] {spark_submit.py:641} INFO - 25/02/21 14:00:11 INFO BlockManagerMasterEndpoint: Registering block manager ***-airflow-scheduler:35569 with 434.4 MiB RAM, BlockManagerId(driver, ***-airflow-scheduler, 35569, None)
[2025-02-21T14:00:11.022+0000] {spark_submit.py:641} INFO - 25/02/21 14:00:11 INFO BlockManagerMaster: Registered BlockManager BlockManagerId(driver, ***-airflow-scheduler, 35569, None)
[2025-02-21T14:00:11.025+0000] {spark_submit.py:641} INFO - 25/02/21 14:00:11 INFO BlockManager: Initialized BlockManager: BlockManagerId(driver, ***-airflow-scheduler, 35569, None)
[2025-02-21T14:00:20.691+0000] {spark_submit.py:641} INFO - ---------------- MENAMPILKAN DATA HASIL LOAD KE POSTGRES ----------------
[2025-02-21T14:00:21.125+0000] {spark_submit.py:641} INFO - +-----------+-----------------+---------+---------------+------+-------------------+---------------+---+--------------------+-----------------+---------------------+----------+------------------+
[2025-02-21T14:00:21.127+0000] {spark_submit.py:641} INFO - |employee_id|       department|   region|      education|gender|recruitment_channel|no_of_trainings|age|previous_year_rating|length_of_service|KPIs_met_more_than_80|awards_won|avg_training_score|
[2025-02-21T14:00:21.128+0000] {spark_submit.py:641} INFO - +-----------+-----------------+---------+---------------+------+-------------------+---------------+---+--------------------+-----------------+---------------------+----------+------------------+
[2025-02-21T14:00:21.130+0000] {spark_submit.py:641} INFO - |          3|      Procurement|region_22|Masters & above|     f|              other|              1| 38|                   5|                4|                    1|         0|                67|
[2025-02-21T14:00:21.131+0000] {spark_submit.py:641} INFO - |          6|Sales & Marketing|region_15|      Bachelors|     f|              other|              1| 38|                   3|               10|                    0|         0|                50|
[2025-02-21T14:00:21.132+0000] {spark_submit.py:641} INFO - |         11|       Technology| region_4|Masters & above|     f|           sourcing|              1| 39|                   4|               12|                    1|         0|                72|
[2025-02-21T14:00:21.133+0000] {spark_submit.py:641} INFO - |         13|Sales & Marketing|region_17|      Bachelors|     m|              other|              1| 38|                   1|                5|                    1|         0|                47|
[2025-02-21T14:00:21.135+0000] {spark_submit.py:641} INFO - |         16|Sales & Marketing| region_4|Masters & above|     m|           sourcing|              1| 40|                   5|                5|                    0|         0|                53|
[2025-02-21T14:00:21.137+0000] {spark_submit.py:641} INFO - |         17|Sales & Marketing| region_7|      Bachelors|     m|           sourcing|              1| 50|                   5|               13|                    0|         0|                47|
[2025-02-21T14:00:21.138+0000] {spark_submit.py:641} INFO - |         19|               HR| region_2|Masters & above|     f|              other|              1| 50|                   4|                7|                    1|         0|                45|
[2025-02-21T14:00:21.139+0000] {spark_submit.py:641} INFO - |         20|        Analytics|region_21|      Bachelors|     m|           sourcing|              1| 27|                   0|                1|                    1|         0|                89|
[2025-02-21T14:00:21.141+0000] {spark_submit.py:641} INFO - |         21|        Analytics| region_8|      Bachelors|     m|           sourcing|              2| 28|                   2|                3|                    1|         0|                85|
[2025-02-21T14:00:21.142+0000] {spark_submit.py:641} INFO - |         22|       Technology| region_2|Masters & above|     f|              other|              1| 57|                   4|               18|                    1|         0|                77|
[2025-02-21T14:00:21.143+0000] {spark_submit.py:641} INFO - |         23|Sales & Marketing|region_16|      Bachelors|     f|           sourcing|              1| 42|                   1|                3|                    0|         0|                46|
[2025-02-21T14:00:21.144+0000] {spark_submit.py:641} INFO - |         24|               HR|region_28|Masters & above|     f|              other|              1| 32|                   1|                5|                    1|         0|                51|
[2025-02-21T14:00:21.146+0000] {spark_submit.py:641} INFO - |         27|Sales & Marketing|region_16|      Bachelors|     m|           sourcing|              1| 29|                   2|                6|                    0|         0|                51|
[2025-02-21T14:00:21.147+0000] {spark_submit.py:641} INFO - |         29|        Analytics| region_7|      Bachelors|     m|              other|              1| 28|                   0|                1|                    1|         0|                85|
[2025-02-21T14:00:21.148+0000] {spark_submit.py:641} INFO - |         31|Sales & Marketing|region_15|      Bachelors|     f|              other|              1| 29|                   3|                5|                    1|         0|                49|
[2025-02-21T14:00:21.150+0000] {spark_submit.py:641} INFO - |         40|       Operations| region_7|Masters & above|     f|              other|              1| 34|                   1|                4|                    0|         0|                65|
[2025-02-21T14:00:21.153+0000] {spark_submit.py:641} INFO - |         50|Sales & Marketing|region_19|      Bachelors|     m|              other|              1| 32|                   1|                3|                    0|         0|                48|
[2025-02-21T14:00:21.154+0000] {spark_submit.py:641} INFO - |         55|       Operations|region_19|Masters & above|     f|           sourcing|              1| 33|                   5|                3|                    0|         0|                61|
[2025-02-21T14:00:21.156+0000] {spark_submit.py:641} INFO - |         63|Sales & Marketing| region_8|Masters & above|     m|           sourcing|              1| 35|                   5|                8|                    0|         0|                52|
[2025-02-21T14:00:21.157+0000] {spark_submit.py:641} INFO - |         64|        Analytics| region_4|      Bachelors|     m|              other|              1| 42|                   5|               11|                    1|         0|                80|
[2025-02-21T14:00:21.159+0000] {spark_submit.py:641} INFO - +-----------+-----------------+---------+---------------+------+-------------------+---------------+---+--------------------+-----------------+---------------------+----------+------------------+
[2025-02-21T14:00:21.160+0000] {spark_submit.py:641} INFO - only showing top 20 rows
[2025-02-21T14:00:21.162+0000] {spark_submit.py:641} INFO - 
[2025-02-21T14:00:21.603+0000] {spark_submit.py:641} INFO - Jumlah baris dalam DataFrame: 17415
[2025-02-21T14:00:21.605+0000] {spark_submit.py:641} INFO - Load data berhasil.
[2025-02-21T14:00:22.023+0000] {taskinstance.py:341} INFO - ::group::Post task execution logs
[2025-02-21T14:00:22.026+0000] {taskinstance.py:353} INFO - Marking task as SUCCESS. dag_id=***_v2_etl_dag, task_id=load_task, run_id=manual__2025-02-21T13:59:00.994336+00:00, execution_date=20250221T135900, start_date=20250221T140000, end_date=20250221T140022
[2025-02-21T14:00:22.104+0000] {local_task_job_runner.py:266} INFO - Task exited with return code 0
[2025-02-21T14:00:22.145+0000] {taskinstance.py:3901} INFO - 0 downstream tasks scheduled from follow-on schedule check
[2025-02-21T14:00:22.150+0000] {local_task_job_runner.py:245} INFO - ::endgroup::
