[2025-02-21T11:33:28.504+0000] {local_task_job_runner.py:123} INFO - ::group::Pre task execution logs
[2025-02-21T11:33:28.525+0000] {taskinstance.py:2614} INFO - Dependencies all met for dep_context=non-requeueable deps ti=<TaskInstance: finprode8_v2_etl_dag.transform_task manual__2025-02-21T11:33:12.503991+00:00 [queued]>
[2025-02-21T11:33:28.539+0000] {taskinstance.py:2614} INFO - Dependencies all met for dep_context=requeueable deps ti=<TaskInstance: finprode8_v2_etl_dag.transform_task manual__2025-02-21T11:33:12.503991+00:00 [queued]>
[2025-02-21T11:33:28.541+0000] {taskinstance.py:2867} INFO - Starting attempt 1 of 1
[2025-02-21T11:33:28.556+0000] {taskinstance.py:2890} INFO - Executing <Task(SparkSubmitOperator): transform_task> on 2025-02-21 11:33:12.503991+00:00
[2025-02-21T11:33:28.563+0000] {standard_task_runner.py:72} INFO - Started process 3632 to run task
[2025-02-21T11:33:28.567+0000] {standard_task_runner.py:104} INFO - Running: ['airflow', 'tasks', 'run', '***_v2_etl_dag', 'transform_task', 'manual__2025-02-21T11:33:12.503991+00:00', '--job-id', '18', '--raw', '--subdir', 'DAGS_FOLDER/***_v2_etl_dag.py', '--cfg-path', '/tmp/tmp40__tsj9']
[2025-02-21T11:33:28.571+0000] {standard_task_runner.py:105} INFO - Job 18: Subtask transform_task
[2025-02-21T11:33:28.590+0000] {logging_mixin.py:190} WARNING - /home/airflow/.local/lib/python3.9/site-packages/airflow/settings.py:209 DeprecationWarning: The sql_alchemy_conn option in [core] has been moved to the sql_alchemy_conn option in [database] - the old setting has been used, but please update your config.
[2025-02-21T11:33:28.628+0000] {task_command.py:467} INFO - Running <TaskInstance: finprode8_v2_etl_dag.transform_task manual__2025-02-21T11:33:12.503991+00:00 [running]> on host ***-airflow-scheduler
[2025-02-21T11:33:28.719+0000] {taskinstance.py:3134} INFO - Exporting env vars: AIRFLOW_CTX_DAG_OWNER='ratih malini' AIRFLOW_CTX_DAG_ID='***_v2_etl_dag' AIRFLOW_CTX_TASK_ID='transform_task' AIRFLOW_CTX_EXECUTION_DATE='2025-02-21T11:33:12.503991+00:00' AIRFLOW_CTX_TRY_NUMBER='1' AIRFLOW_CTX_DAG_RUN_ID='manual__2025-02-21T11:33:12.503991+00:00'
[2025-02-21T11:33:28.722+0000] {taskinstance.py:732} INFO - ::endgroup::
[2025-02-21T11:33:28.747+0000] {base.py:84} INFO - Retrieving connection 'spark_main'
[2025-02-21T11:33:28.749+0000] {spark_submit.py:474} INFO - Spark-Submit cmd: spark-submit --master spark://***-spark-master:7077 --name arrow-spark /spark-scripts/***_v2_transform.py
[2025-02-21T11:33:31.345+0000] {spark_submit.py:641} INFO - 25/02/21 11:33:31 INFO SparkContext: Running Spark version 3.3.2
[2025-02-21T11:33:31.398+0000] {spark_submit.py:641} INFO - 25/02/21 11:33:31 WARN NativeCodeLoader: Unable to load native-hadoop library for your platform... using builtin-java classes where applicable
[2025-02-21T11:33:31.497+0000] {spark_submit.py:641} INFO - 25/02/21 11:33:31 INFO ResourceUtils: ==============================================================
[2025-02-21T11:33:31.499+0000] {spark_submit.py:641} INFO - 25/02/21 11:33:31 INFO ResourceUtils: No custom resources configured for spark.driver.
[2025-02-21T11:33:31.500+0000] {spark_submit.py:641} INFO - 25/02/21 11:33:31 INFO ResourceUtils: ==============================================================
[2025-02-21T11:33:31.502+0000] {spark_submit.py:641} INFO - 25/02/21 11:33:31 INFO SparkContext: Submitted application: ***_transform
[2025-02-21T11:33:31.519+0000] {spark_submit.py:641} INFO - 25/02/21 11:33:31 INFO ResourceProfile: Default ResourceProfile created, executor resources: Map(cores -> name: cores, amount: 1, script: , vendor: , memory -> name: memory, amount: 1024, script: , vendor: , offHeap -> name: offHeap, amount: 0, script: , vendor: ), task resources: Map(cpus -> name: cpus, amount: 1.0)
[2025-02-21T11:33:31.528+0000] {spark_submit.py:641} INFO - 25/02/21 11:33:31 INFO ResourceProfile: Limiting resource is cpu
[2025-02-21T11:33:31.529+0000] {spark_submit.py:641} INFO - 25/02/21 11:33:31 INFO ResourceProfileManager: Added ResourceProfile id: 0
[2025-02-21T11:33:31.583+0000] {spark_submit.py:641} INFO - 25/02/21 11:33:31 INFO SecurityManager: Changing view acls to: airflow
[2025-02-21T11:33:31.586+0000] {spark_submit.py:641} INFO - 25/02/21 11:33:31 INFO SecurityManager: Changing modify acls to: airflow
[2025-02-21T11:33:31.587+0000] {spark_submit.py:641} INFO - 25/02/21 11:33:31 INFO SecurityManager: Changing view acls groups to:
[2025-02-21T11:33:31.588+0000] {spark_submit.py:641} INFO - 25/02/21 11:33:31 INFO SecurityManager: Changing modify acls groups to:
[2025-02-21T11:33:31.589+0000] {spark_submit.py:641} INFO - 25/02/21 11:33:31 INFO SecurityManager: SecurityManager: authentication disabled; ui acls disabled; users  with view permissions: Set(airflow); groups with view permissions: Set(); users  with modify permissions: Set(airflow); groups with modify permissions: Set()
[2025-02-21T11:33:31.813+0000] {spark_submit.py:641} INFO - 25/02/21 11:33:31 INFO Utils: Successfully started service 'sparkDriver' on port 35559.
[2025-02-21T11:33:31.838+0000] {spark_submit.py:641} INFO - 25/02/21 11:33:31 INFO SparkEnv: Registering MapOutputTracker
[2025-02-21T11:33:31.876+0000] {spark_submit.py:641} INFO - 25/02/21 11:33:31 INFO SparkEnv: Registering BlockManagerMaster
[2025-02-21T11:33:31.891+0000] {spark_submit.py:641} INFO - 25/02/21 11:33:31 INFO BlockManagerMasterEndpoint: Using org.apache.spark.storage.DefaultTopologyMapper for getting topology information
[2025-02-21T11:33:31.893+0000] {spark_submit.py:641} INFO - 25/02/21 11:33:31 INFO BlockManagerMasterEndpoint: BlockManagerMasterEndpoint up
[2025-02-21T11:33:31.897+0000] {spark_submit.py:641} INFO - 25/02/21 11:33:31 INFO SparkEnv: Registering BlockManagerMasterHeartbeat
[2025-02-21T11:33:31.917+0000] {spark_submit.py:641} INFO - 25/02/21 11:33:31 INFO DiskBlockManager: Created local directory at /tmp/blockmgr-ea44ba43-ad18-48eb-9d5b-411d233f9a31
[2025-02-21T11:33:31.934+0000] {spark_submit.py:641} INFO - 25/02/21 11:33:31 INFO MemoryStore: MemoryStore started with capacity 434.4 MiB
[2025-02-21T11:33:31.952+0000] {spark_submit.py:641} INFO - 25/02/21 11:33:31 INFO SparkEnv: Registering OutputCommitCoordinator
[2025-02-21T11:33:32.144+0000] {spark_submit.py:641} INFO - 25/02/21 11:33:32 INFO Utils: Successfully started service 'SparkUI' on port 4040.
[2025-02-21T11:33:32.263+0000] {spark_submit.py:641} INFO - 25/02/21 11:33:32 INFO Executor: Starting executor ID driver on host ***-airflow-scheduler
[2025-02-21T11:33:32.278+0000] {spark_submit.py:641} INFO - 25/02/21 11:33:32 INFO Executor: Starting executor with user classpath (userClassPathFirst = false): ''
[2025-02-21T11:33:32.299+0000] {spark_submit.py:641} INFO - 25/02/21 11:33:32 INFO Utils: Successfully started service 'org.apache.spark.network.netty.NettyBlockTransferService' on port 42127.
[2025-02-21T11:33:32.300+0000] {spark_submit.py:641} INFO - 25/02/21 11:33:32 INFO NettyBlockTransferService: Server created on ***-airflow-scheduler:42127
[2025-02-21T11:33:32.301+0000] {spark_submit.py:641} INFO - 25/02/21 11:33:32 INFO BlockManager: Using org.apache.spark.storage.RandomBlockReplicationPolicy for block replication policy
[2025-02-21T11:33:32.307+0000] {spark_submit.py:641} INFO - 25/02/21 11:33:32 INFO BlockManagerMaster: Registering BlockManager BlockManagerId(driver, ***-airflow-scheduler, 42127, None)
[2025-02-21T11:33:32.311+0000] {spark_submit.py:641} INFO - 25/02/21 11:33:32 INFO BlockManagerMasterEndpoint: Registering block manager ***-airflow-scheduler:42127 with 434.4 MiB RAM, BlockManagerId(driver, ***-airflow-scheduler, 42127, None)
[2025-02-21T11:33:32.314+0000] {spark_submit.py:641} INFO - 25/02/21 11:33:32 INFO BlockManagerMaster: Registered BlockManager BlockManagerId(driver, ***-airflow-scheduler, 42127, None)
[2025-02-21T11:33:32.316+0000] {spark_submit.py:641} INFO - 25/02/21 11:33:32 INFO BlockManager: Initialized BlockManager: BlockManagerId(driver, ***-airflow-scheduler, 42127, None)
[2025-02-21T11:33:35.607+0000] {spark_submit.py:641} INFO - ---------------- MENAMPILKAN BANYAK DATA NULL DI SETIAP KOLOM ----------------
[2025-02-21T11:33:37.245+0000] {spark_submit.py:641} INFO - +----------------+---------------+-----------+--------------+-----------+------------------------+--------------------+--------+-------------------------+----------------------+--------------------------+---------------+-----------------------+
[2025-02-21T11:33:37.248+0000] {spark_submit.py:641} INFO - |employee_id_null|department_null|region_null|education_null|gender_null|recruitment_channel_null|no_of_trainings_null|age_null|previous_year_rating_null|length_of_service_null|KPIs_met_more_than_80_null|awards_won_null|avg_training_score_nuli|
[2025-02-21T11:33:37.249+0000] {spark_submit.py:641} INFO - +----------------+---------------+-----------+--------------+-----------+------------------------+--------------------+--------+-------------------------+----------------------+--------------------------+---------------+-----------------------+
[2025-02-21T11:33:37.251+0000] {spark_submit.py:641} INFO - |               0|              0|          0|           771|          0|                       0|                   0|       0|                     1363|                     0|                         0|              0|                      0|
[2025-02-21T11:33:37.254+0000] {spark_submit.py:641} INFO - +----------------+---------------+-----------+--------------+-----------+------------------------+--------------------+--------+-------------------------+----------------------+--------------------------+---------------+-----------------------+
[2025-02-21T11:33:37.256+0000] {spark_submit.py:641} INFO - 
[2025-02-21T11:33:37.257+0000] {spark_submit.py:641} INFO - ---------------- NULL HANDLING PADA KOLOM EDUCATION & PREVIOUS_YEAR_RATING ----------------
[2025-02-21T11:33:37.483+0000] {spark_submit.py:641} INFO - +--------------+-------------------------+
[2025-02-21T11:33:37.484+0000] {spark_submit.py:641} INFO - |education_null|previous_year_rating_null|
[2025-02-21T11:33:37.485+0000] {spark_submit.py:641} INFO - +--------------+-------------------------+
[2025-02-21T11:33:37.486+0000] {spark_submit.py:641} INFO - |             0|                        0|
[2025-02-21T11:33:37.487+0000] {spark_submit.py:641} INFO - +--------------+-------------------------+
[2025-02-21T11:33:37.488+0000] {spark_submit.py:641} INFO - 
[2025-02-21T11:33:37.489+0000] {spark_submit.py:641} INFO - ---------------- MENAMPILKAN BANYAK DATA DUPLIKAT BERDASARKAN EMPLOYEE_ID ----------------
[2025-02-21T11:33:38.316+0000] {spark_submit.py:641} INFO - +-----------+------+
[2025-02-21T11:33:38.320+0000] {spark_submit.py:641} INFO - |employee_id|jumlah|
[2025-02-21T11:33:38.321+0000] {spark_submit.py:641} INFO - +-----------+------+
[2025-02-21T11:33:38.323+0000] {spark_submit.py:641} INFO - |      64573|     2|
[2025-02-21T11:33:38.324+0000] {spark_submit.py:641} INFO - |      49584|     3|
[2025-02-21T11:33:38.325+0000] {spark_submit.py:641} INFO - +-----------+------+
[2025-02-21T11:33:38.326+0000] {spark_submit.py:641} INFO - 
[2025-02-21T11:33:38.327+0000] {spark_submit.py:641} INFO - ---------------- MENAMPILKAN SEMUA BARIS DAN KOLOM DARI EMPLOYEE ID YANG DUPLIKAT ----------------
[2025-02-21T11:33:38.651+0000] {spark_submit.py:641} INFO - +-----------+----------+--------+---------+------+-------------------+---------------+---+--------------------+-----------------+---------------------+----------+------------------+
[2025-02-21T11:33:38.653+0000] {spark_submit.py:641} INFO - |employee_id|department|  region|education|gender|recruitment_channel|no_of_trainings|age|previous_year_rating|length_of_service|KPIs_met_more_than_80|awards_won|avg_training_score|
[2025-02-21T11:33:38.654+0000] {spark_submit.py:641} INFO - +-----------+----------+--------+---------+------+-------------------+---------------+---+--------------------+-----------------+---------------------+----------+------------------+
[2025-02-21T11:33:38.656+0000] {spark_submit.py:641} INFO - |      49584|        HR|region_7|Bachelors|     m|              other|              1| 33|                   1|                9|                    0|         0|                51|
[2025-02-21T11:33:38.657+0000] {spark_submit.py:641} INFO - |      49584|        HR|region_7|Bachelors|     m|              other|              1| 33|                   1|                9|                    0|         0|                51|
[2025-02-21T11:33:38.659+0000] {spark_submit.py:641} INFO - |      49584|        HR|region_7|Bachelors|     m|              other|              1| 33|                   1|                9|                    0|         0|                51|
[2025-02-21T11:33:38.660+0000] {spark_submit.py:641} INFO - |      64573|Technology|region_7|Bachelors|     f|           referred|              2| 30|                   5|                6|                    1|         0|                81|
[2025-02-21T11:33:38.661+0000] {spark_submit.py:641} INFO - |      64573|        HR|region_7|Bachelors|     f|           referred|              1| 35|                   5|                4|                    1|         0|                81|
[2025-02-21T11:33:38.663+0000] {spark_submit.py:641} INFO - +-----------+----------+--------+---------+------+-------------------+---------------+---+--------------------+-----------------+---------------------+----------+------------------+
[2025-02-21T11:33:38.664+0000] {spark_submit.py:641} INFO - 
[2025-02-21T11:33:38.665+0000] {spark_submit.py:641} INFO - ---------------- MENAMPILKAN HASIL DARI DATA DUPLIKASI YANG TELAH DIHANDLE BERDASARKAN KOLOM EMPLOYEE_ID DAN DEPARTMENT ----------------
[2025-02-21T11:33:39.175+0000] {spark_submit.py:641} INFO - +-----------+----------+--------+---------+------+-------------------+---------------+---+--------------------+-----------------+---------------------+----------+------------------+
[2025-02-21T11:33:39.177+0000] {spark_submit.py:641} INFO - |employee_id|department|  region|education|gender|recruitment_channel|no_of_trainings|age|previous_year_rating|length_of_service|KPIs_met_more_than_80|awards_won|avg_training_score|
[2025-02-21T11:33:39.179+0000] {spark_submit.py:641} INFO - +-----------+----------+--------+---------+------+-------------------+---------------+---+--------------------+-----------------+---------------------+----------+------------------+
[2025-02-21T11:33:39.180+0000] {spark_submit.py:641} INFO - |      49584|        HR|region_7|Bachelors|     m|              other|              1| 33|                   1|                9|                    0|         0|                51|
[2025-02-21T11:33:39.181+0000] {spark_submit.py:641} INFO - |      64573|        HR|region_7|Bachelors|     f|           referred|              1| 35|                   5|                4|                    1|         0|                81|
[2025-02-21T11:33:39.182+0000] {spark_submit.py:641} INFO - |      64573|Technology|region_7|Bachelors|     f|           referred|              2| 30|                   5|                6|                    1|         0|                81|
[2025-02-21T11:33:39.183+0000] {spark_submit.py:641} INFO - +-----------+----------+--------+---------+------+-------------------+---------------+---+--------------------+-----------------+---------------------+----------+------------------+
[2025-02-21T11:33:39.184+0000] {spark_submit.py:641} INFO - 
[2025-02-21T11:33:40.366+0000] {spark_submit.py:641} INFO - ---------------- MENAMPILKAN DATA HASIL TRASNFORMASI ----------------
[2025-02-21T11:33:40.740+0000] {spark_submit.py:641} INFO - +-----------+-----------------+---------+---------------+------+-------------------+---------------+---+--------------------+-----------------+---------------------+----------+------------------+
[2025-02-21T11:33:40.742+0000] {spark_submit.py:641} INFO - |employee_id|       department|   region|      education|gender|recruitment_channel|no_of_trainings|age|previous_year_rating|length_of_service|KPIs_met_more_than_80|awards_won|avg_training_score|
[2025-02-21T11:33:40.743+0000] {spark_submit.py:641} INFO - +-----------+-----------------+---------+---------------+------+-------------------+---------------+---+--------------------+-----------------+---------------------+----------+------------------+
[2025-02-21T11:33:40.745+0000] {spark_submit.py:641} INFO - |          3|      Procurement|region_22|Masters & above|     f|              other|              1| 38|                   5|                4|                    1|         0|                67|
[2025-02-21T11:33:40.746+0000] {spark_submit.py:641} INFO - |          6|Sales & Marketing|region_15|      Bachelors|     f|              other|              1| 38|                   3|               10|                    0|         0|                50|
[2025-02-21T11:33:40.748+0000] {spark_submit.py:641} INFO - |         11|       Technology| region_4|Masters & above|     f|           sourcing|              1| 39|                   4|               12|                    1|         0|                72|
[2025-02-21T11:33:40.750+0000] {spark_submit.py:641} INFO - |         13|Sales & Marketing|region_17|      Bachelors|     m|              other|              1| 38|                   1|                5|                    1|         0|                47|
[2025-02-21T11:33:40.751+0000] {spark_submit.py:641} INFO - |         16|Sales & Marketing| region_4|Masters & above|     m|           sourcing|              1| 40|                   5|                5|                    0|         0|                53|
[2025-02-21T11:33:40.753+0000] {spark_submit.py:641} INFO - +-----------+-----------------+---------+---------------+------+-------------------+---------------+---+--------------------+-----------------+---------------------+----------+------------------+
[2025-02-21T11:33:40.755+0000] {spark_submit.py:641} INFO - only showing top 5 rows
[2025-02-21T11:33:40.757+0000] {spark_submit.py:641} INFO - 
[2025-02-21T11:33:41.023+0000] {spark_submit.py:641} INFO - Jumlah baris dalam DataFrame : 17415
[2025-02-21T11:33:41.025+0000] {spark_submit.py:641} INFO - Isi folder data/transformed.parquet :
[2025-02-21T11:33:41.027+0000] {spark_submit.py:641} INFO - ['_SUCCESS', 'part-00000-119d81b0-3e4c-4408-974d-461f10a30cf8-c000.snappy.parquet', '.part-00000-119d81b0-3e4c-4408-974d-461f10a30cf8-c000.snappy.parquet.crc', '._SUCCESS.crc']
[2025-02-21T11:33:41.028+0000] {spark_submit.py:641} INFO - Transform data berhasil.
[2025-02-21T11:33:41.598+0000] {taskinstance.py:341} INFO - ::group::Post task execution logs
[2025-02-21T11:33:41.601+0000] {taskinstance.py:353} INFO - Marking task as SUCCESS. dag_id=***_v2_etl_dag, task_id=transform_task, run_id=manual__2025-02-21T11:33:12.503991+00:00, execution_date=20250221T113312, start_date=20250221T113328, end_date=20250221T113341
[2025-02-21T11:33:41.639+0000] {local_task_job_runner.py:266} INFO - Task exited with return code 0
[2025-02-21T11:33:41.668+0000] {taskinstance.py:3901} INFO - 1 downstream tasks scheduled from follow-on schedule check
[2025-02-21T11:33:41.673+0000] {local_task_job_runner.py:245} INFO - ::endgroup::
