[2025-02-20T15:55:30.955+0000] {local_task_job_runner.py:123} INFO - ::group::Pre task execution logs
[2025-02-20T15:55:30.981+0000] {taskinstance.py:2614} INFO - Dependencies all met for dep_context=non-requeueable deps ti=<TaskInstance: finprode8_v2_etl_dag.transform_task manual__2025-02-20T15:54:23.510176+00:00 [queued]>
[2025-02-20T15:55:30.997+0000] {taskinstance.py:2614} INFO - Dependencies all met for dep_context=requeueable deps ti=<TaskInstance: finprode8_v2_etl_dag.transform_task manual__2025-02-20T15:54:23.510176+00:00 [queued]>
[2025-02-20T15:55:30.999+0000] {taskinstance.py:2867} INFO - Starting attempt 2 of 2
[2025-02-20T15:55:31.018+0000] {taskinstance.py:2890} INFO - Executing <Task(SparkSubmitOperator): transform_task> on 2025-02-20 15:54:23.510176+00:00
[2025-02-20T15:55:31.024+0000] {standard_task_runner.py:72} INFO - Started process 2265 to run task
[2025-02-20T15:55:31.028+0000] {standard_task_runner.py:104} INFO - Running: ['airflow', 'tasks', 'run', '***_v2_etl_dag', 'transform_task', 'manual__2025-02-20T15:54:23.510176+00:00', '--job-id', '94', '--raw', '--subdir', 'DAGS_FOLDER/***_v2_etl_dag.py', '--cfg-path', '/tmp/tmpfyy_dh7i']
[2025-02-20T15:55:31.032+0000] {standard_task_runner.py:105} INFO - Job 94: Subtask transform_task
[2025-02-20T15:55:31.055+0000] {logging_mixin.py:190} WARNING - /home/airflow/.local/lib/python3.9/site-packages/airflow/settings.py:209 DeprecationWarning: The sql_alchemy_conn option in [core] has been moved to the sql_alchemy_conn option in [database] - the old setting has been used, but please update your config.
[2025-02-20T15:55:31.103+0000] {task_command.py:467} INFO - Running <TaskInstance: finprode8_v2_etl_dag.transform_task manual__2025-02-20T15:54:23.510176+00:00 [running]> on host ***-airflow-scheduler
[2025-02-20T15:55:31.202+0000] {taskinstance.py:3134} INFO - Exporting env vars: AIRFLOW_CTX_DAG_OWNER='ratih malini' AIRFLOW_CTX_DAG_ID='***_v2_etl_dag' AIRFLOW_CTX_TASK_ID='transform_task' AIRFLOW_CTX_EXECUTION_DATE='2025-02-20T15:54:23.510176+00:00' AIRFLOW_CTX_TRY_NUMBER='2' AIRFLOW_CTX_DAG_RUN_ID='manual__2025-02-20T15:54:23.510176+00:00'
[2025-02-20T15:55:31.204+0000] {taskinstance.py:732} INFO - ::endgroup::
[2025-02-20T15:55:31.233+0000] {base.py:84} INFO - Retrieving connection 'spark_main'
[2025-02-20T15:55:31.236+0000] {spark_submit.py:474} INFO - Spark-Submit cmd: spark-submit --master spark://***-spark-master:7077 --packages org.postgresql:postgresql:42.2.18 --name arrow-spark /spark-scripts/***_v2_transform.py
[2025-02-20T15:55:32.616+0000] {spark_submit.py:641} INFO - :: loading settings :: url = jar:file:/home/airflow/.local/lib/python3.9/site-packages/pyspark/jars/ivy-2.5.1.jar!/org/apache/ivy/core/settings/ivysettings.xml
[2025-02-20T15:55:32.712+0000] {spark_submit.py:641} INFO - Ivy Default Cache set to: /home/airflow/.ivy2/cache
[2025-02-20T15:55:32.714+0000] {spark_submit.py:641} INFO - The jars for the packages stored in: /home/airflow/.ivy2/jars
[2025-02-20T15:55:32.716+0000] {spark_submit.py:641} INFO - org.postgresql#postgresql added as a dependency
[2025-02-20T15:55:32.718+0000] {spark_submit.py:641} INFO - :: resolving dependencies :: org.apache.spark#spark-submit-parent-3fd8e027-9267-4397-9a86-bbe4faf73b2f;1.0
[2025-02-20T15:55:32.720+0000] {spark_submit.py:641} INFO - confs: [default]
[2025-02-20T15:55:32.834+0000] {spark_submit.py:641} INFO - found org.postgresql#postgresql;42.2.18 in central
[2025-02-20T15:55:32.862+0000] {spark_submit.py:641} INFO - found org.checkerframework#checker-qual;3.5.0 in central
[2025-02-20T15:55:32.880+0000] {spark_submit.py:641} INFO - :: resolution report :: resolve 155ms :: artifacts dl 8ms
[2025-02-20T15:55:32.882+0000] {spark_submit.py:641} INFO - :: modules in use:
[2025-02-20T15:55:32.883+0000] {spark_submit.py:641} INFO - org.checkerframework#checker-qual;3.5.0 from central in [default]
[2025-02-20T15:55:32.885+0000] {spark_submit.py:641} INFO - org.postgresql#postgresql;42.2.18 from central in [default]
[2025-02-20T15:55:32.886+0000] {spark_submit.py:641} INFO - ---------------------------------------------------------------------
[2025-02-20T15:55:32.888+0000] {spark_submit.py:641} INFO - |                  |            modules            ||   artifacts   |
[2025-02-20T15:55:32.889+0000] {spark_submit.py:641} INFO - |       conf       | number| search|dwnlded|evicted|| number|dwnlded|
[2025-02-20T15:55:32.890+0000] {spark_submit.py:641} INFO - ---------------------------------------------------------------------
[2025-02-20T15:55:32.891+0000] {spark_submit.py:641} INFO - |      default     |   2   |   0   |   0   |   0   ||   2   |   0   |
[2025-02-20T15:55:32.893+0000] {spark_submit.py:641} INFO - ---------------------------------------------------------------------
[2025-02-20T15:55:32.895+0000] {spark_submit.py:641} INFO - :: retrieving :: org.apache.spark#spark-submit-parent-3fd8e027-9267-4397-9a86-bbe4faf73b2f
[2025-02-20T15:55:32.897+0000] {spark_submit.py:641} INFO - confs: [default]
[2025-02-20T15:55:32.900+0000] {spark_submit.py:641} INFO - 0 artifacts copied, 2 already retrieved (0kB/6ms)
[2025-02-20T15:55:33.159+0000] {spark_submit.py:641} INFO - 25/02/20 15:55:33 WARN NativeCodeLoader: Unable to load native-hadoop library for your platform... using builtin-java classes where applicable
[2025-02-20T15:55:34.228+0000] {spark_submit.py:641} INFO - 25/02/20 15:55:34 INFO SparkContext: Running Spark version 3.3.2
[2025-02-20T15:55:34.251+0000] {spark_submit.py:641} INFO - 25/02/20 15:55:34 INFO ResourceUtils: ==============================================================
[2025-02-20T15:55:34.253+0000] {spark_submit.py:641} INFO - 25/02/20 15:55:34 INFO ResourceUtils: No custom resources configured for spark.driver.
[2025-02-20T15:55:34.254+0000] {spark_submit.py:641} INFO - 25/02/20 15:55:34 INFO ResourceUtils: ==============================================================
[2025-02-20T15:55:34.256+0000] {spark_submit.py:641} INFO - 25/02/20 15:55:34 INFO SparkContext: Submitted application: ***_transform
[2025-02-20T15:55:34.275+0000] {spark_submit.py:641} INFO - 25/02/20 15:55:34 INFO ResourceProfile: Default ResourceProfile created, executor resources: Map(cores -> name: cores, amount: 1, script: , vendor: , memory -> name: memory, amount: 1024, script: , vendor: , offHeap -> name: offHeap, amount: 0, script: , vendor: ), task resources: Map(cpus -> name: cpus, amount: 1.0)
[2025-02-20T15:55:34.285+0000] {spark_submit.py:641} INFO - 25/02/20 15:55:34 INFO ResourceProfile: Limiting resource is cpu
[2025-02-20T15:55:34.286+0000] {spark_submit.py:641} INFO - 25/02/20 15:55:34 INFO ResourceProfileManager: Added ResourceProfile id: 0
[2025-02-20T15:55:34.324+0000] {spark_submit.py:641} INFO - 25/02/20 15:55:34 INFO SecurityManager: Changing view acls to: airflow
[2025-02-20T15:55:34.326+0000] {spark_submit.py:641} INFO - 25/02/20 15:55:34 INFO SecurityManager: Changing modify acls to: airflow
[2025-02-20T15:55:34.328+0000] {spark_submit.py:641} INFO - 25/02/20 15:55:34 INFO SecurityManager: Changing view acls groups to:
[2025-02-20T15:55:34.330+0000] {spark_submit.py:641} INFO - 25/02/20 15:55:34 INFO SecurityManager: Changing modify acls groups to:
[2025-02-20T15:55:34.331+0000] {spark_submit.py:641} INFO - 25/02/20 15:55:34 INFO SecurityManager: SecurityManager: authentication disabled; ui acls disabled; users  with view permissions: Set(airflow); groups with view permissions: Set(); users  with modify permissions: Set(airflow); groups with modify permissions: Set()
[2025-02-20T15:55:34.611+0000] {spark_submit.py:641} INFO - 25/02/20 15:55:34 INFO Utils: Successfully started service 'sparkDriver' on port 42963.
[2025-02-20T15:55:34.643+0000] {spark_submit.py:641} INFO - 25/02/20 15:55:34 INFO SparkEnv: Registering MapOutputTracker
[2025-02-20T15:55:34.678+0000] {spark_submit.py:641} INFO - 25/02/20 15:55:34 INFO SparkEnv: Registering BlockManagerMaster
[2025-02-20T15:55:34.703+0000] {spark_submit.py:641} INFO - 25/02/20 15:55:34 INFO BlockManagerMasterEndpoint: Using org.apache.spark.storage.DefaultTopologyMapper for getting topology information
[2025-02-20T15:55:34.704+0000] {spark_submit.py:641} INFO - 25/02/20 15:55:34 INFO BlockManagerMasterEndpoint: BlockManagerMasterEndpoint up
[2025-02-20T15:55:34.715+0000] {spark_submit.py:641} INFO - 25/02/20 15:55:34 INFO SparkEnv: Registering BlockManagerMasterHeartbeat
[2025-02-20T15:55:34.738+0000] {spark_submit.py:641} INFO - 25/02/20 15:55:34 INFO DiskBlockManager: Created local directory at /tmp/blockmgr-1f2c28e7-6a7a-4fb8-bb9c-8d12550890c8
[2025-02-20T15:55:34.762+0000] {spark_submit.py:641} INFO - 25/02/20 15:55:34 INFO MemoryStore: MemoryStore started with capacity 434.4 MiB
[2025-02-20T15:55:34.783+0000] {spark_submit.py:641} INFO - 25/02/20 15:55:34 INFO SparkEnv: Registering OutputCommitCoordinator
[2025-02-20T15:55:35.073+0000] {spark_submit.py:641} INFO - 25/02/20 15:55:35 INFO Utils: Successfully started service 'SparkUI' on port 4040.
[2025-02-20T15:55:35.150+0000] {spark_submit.py:641} INFO - 25/02/20 15:55:35 INFO SparkContext: Added JAR /spark-scripts/jars/postgresql-42.2.18.jar at spark://***-airflow-scheduler:42963/jars/postgresql-42.2.18.jar with timestamp 1740066934221
[2025-02-20T15:55:35.159+0000] {spark_submit.py:641} INFO - 25/02/20 15:55:35 INFO SparkContext: Added file file:///home/airflow/.ivy2/jars/org.postgresql_postgresql-42.2.18.jar at file:///home/airflow/.ivy2/jars/org.postgresql_postgresql-42.2.18.jar with timestamp 1740066934221
[2025-02-20T15:55:35.163+0000] {spark_submit.py:641} INFO - 25/02/20 15:55:35 INFO Utils: Copying /home/airflow/.ivy2/jars/org.postgresql_postgresql-42.2.18.jar to /tmp/spark-b9ee08e9-3277-4487-a8e2-62e4196f64c1/userFiles-2f6e5afb-ea88-4551-b771-2ca279d29e27/org.postgresql_postgresql-42.2.18.jar
[2025-02-20T15:55:35.181+0000] {spark_submit.py:641} INFO - 25/02/20 15:55:35 INFO SparkContext: Added file file:///home/airflow/.ivy2/jars/org.checkerframework_checker-qual-3.5.0.jar at file:///home/airflow/.ivy2/jars/org.checkerframework_checker-qual-3.5.0.jar with timestamp 1740066934221
[2025-02-20T15:55:35.183+0000] {spark_submit.py:641} INFO - 25/02/20 15:55:35 INFO Utils: Copying /home/airflow/.ivy2/jars/org.checkerframework_checker-qual-3.5.0.jar to /tmp/spark-b9ee08e9-3277-4487-a8e2-62e4196f64c1/userFiles-2f6e5afb-ea88-4551-b771-2ca279d29e27/org.checkerframework_checker-qual-3.5.0.jar
[2025-02-20T15:55:35.292+0000] {spark_submit.py:641} INFO - 25/02/20 15:55:35 INFO Executor: Starting executor ID driver on host ***-airflow-scheduler
[2025-02-20T15:55:35.304+0000] {spark_submit.py:641} INFO - 25/02/20 15:55:35 INFO Executor: Starting executor with user classpath (userClassPathFirst = false): ''
[2025-02-20T15:55:35.321+0000] {spark_submit.py:641} INFO - 25/02/20 15:55:35 INFO Executor: Fetching file:///home/airflow/.ivy2/jars/org.postgresql_postgresql-42.2.18.jar with timestamp 1740066934221
[2025-02-20T15:55:35.355+0000] {spark_submit.py:641} INFO - 25/02/20 15:55:35 INFO Utils: /home/airflow/.ivy2/jars/org.postgresql_postgresql-42.2.18.jar has been previously copied to /tmp/spark-b9ee08e9-3277-4487-a8e2-62e4196f64c1/userFiles-2f6e5afb-ea88-4551-b771-2ca279d29e27/org.postgresql_postgresql-42.2.18.jar
[2025-02-20T15:55:35.360+0000] {spark_submit.py:641} INFO - 25/02/20 15:55:35 INFO Executor: Fetching file:///home/airflow/.ivy2/jars/org.checkerframework_checker-qual-3.5.0.jar with timestamp 1740066934221
[2025-02-20T15:55:35.362+0000] {spark_submit.py:641} INFO - 25/02/20 15:55:35 INFO Utils: /home/airflow/.ivy2/jars/org.checkerframework_checker-qual-3.5.0.jar has been previously copied to /tmp/spark-b9ee08e9-3277-4487-a8e2-62e4196f64c1/userFiles-2f6e5afb-ea88-4551-b771-2ca279d29e27/org.checkerframework_checker-qual-3.5.0.jar
[2025-02-20T15:55:35.372+0000] {spark_submit.py:641} INFO - 25/02/20 15:55:35 INFO Executor: Fetching spark://***-airflow-scheduler:42963/jars/postgresql-42.2.18.jar with timestamp 1740066934221
[2025-02-20T15:55:35.412+0000] {spark_submit.py:641} INFO - 25/02/20 15:55:35 INFO TransportClientFactory: Successfully created connection to ***-airflow-scheduler/172.19.0.4:42963 after 26 ms (0 ms spent in bootstraps)
[2025-02-20T15:55:35.417+0000] {spark_submit.py:641} INFO - 25/02/20 15:55:35 INFO Utils: Fetching spark://***-airflow-scheduler:42963/jars/postgresql-42.2.18.jar to /tmp/spark-b9ee08e9-3277-4487-a8e2-62e4196f64c1/userFiles-2f6e5afb-ea88-4551-b771-2ca279d29e27/fetchFileTemp14682507915332942524.tmp
[2025-02-20T15:55:35.465+0000] {spark_submit.py:641} INFO - 25/02/20 15:55:35 INFO Executor: Adding file:/tmp/spark-b9ee08e9-3277-4487-a8e2-62e4196f64c1/userFiles-2f6e5afb-ea88-4551-b771-2ca279d29e27/postgresql-42.2.18.jar to class loader
[2025-02-20T15:55:35.473+0000] {spark_submit.py:641} INFO - 25/02/20 15:55:35 INFO Utils: Successfully started service 'org.apache.spark.network.netty.NettyBlockTransferService' on port 44593.
[2025-02-20T15:55:35.474+0000] {spark_submit.py:641} INFO - 25/02/20 15:55:35 INFO NettyBlockTransferService: Server created on ***-airflow-scheduler:44593
[2025-02-20T15:55:35.476+0000] {spark_submit.py:641} INFO - 25/02/20 15:55:35 INFO BlockManager: Using org.apache.spark.storage.RandomBlockReplicationPolicy for block replication policy
[2025-02-20T15:55:35.485+0000] {spark_submit.py:641} INFO - 25/02/20 15:55:35 INFO BlockManagerMaster: Registering BlockManager BlockManagerId(driver, ***-airflow-scheduler, 44593, None)
[2025-02-20T15:55:35.490+0000] {spark_submit.py:641} INFO - 25/02/20 15:55:35 INFO BlockManagerMasterEndpoint: Registering block manager ***-airflow-scheduler:44593 with 434.4 MiB RAM, BlockManagerId(driver, ***-airflow-scheduler, 44593, None)
[2025-02-20T15:55:35.493+0000] {spark_submit.py:641} INFO - 25/02/20 15:55:35 INFO BlockManagerMaster: Registered BlockManager BlockManagerId(driver, ***-airflow-scheduler, 44593, None)
[2025-02-20T15:55:35.496+0000] {spark_submit.py:641} INFO - 25/02/20 15:55:35 INFO BlockManager: Initialized BlockManager: BlockManagerId(driver, ***-airflow-scheduler, 44593, None)
[2025-02-20T15:55:39.900+0000] {spark_submit.py:641} INFO - ---------------- MENAMPILKAN TIPE DATA HASIL TRANSFORMASI ----------------
[2025-02-20T15:55:39.906+0000] {spark_submit.py:641} INFO - root
[2025-02-20T15:55:39.908+0000] {spark_submit.py:641} INFO - |-- employee_id: integer (nullable = true)
[2025-02-20T15:55:39.909+0000] {spark_submit.py:641} INFO - |-- department: string (nullable = true)
[2025-02-20T15:55:39.911+0000] {spark_submit.py:641} INFO - |-- region: string (nullable = true)
[2025-02-20T15:55:39.912+0000] {spark_submit.py:641} INFO - |-- education: string (nullable = true)
[2025-02-20T15:55:39.913+0000] {spark_submit.py:641} INFO - |-- gender: string (nullable = true)
[2025-02-20T15:55:39.914+0000] {spark_submit.py:641} INFO - |-- recruitment_channel: string (nullable = true)
[2025-02-20T15:55:39.915+0000] {spark_submit.py:641} INFO - |-- no_of_trainings: integer (nullable = true)
[2025-02-20T15:55:39.917+0000] {spark_submit.py:641} INFO - |-- age: integer (nullable = true)
[2025-02-20T15:55:39.918+0000] {spark_submit.py:641} INFO - |-- previous_year_rating: integer (nullable = true)
[2025-02-20T15:55:39.919+0000] {spark_submit.py:641} INFO - |-- length_of_service: integer (nullable = true)
[2025-02-20T15:55:39.920+0000] {spark_submit.py:641} INFO - |-- KPIs_met_more_than_80: integer (nullable = true)
[2025-02-20T15:55:39.922+0000] {spark_submit.py:641} INFO - |-- awards_won: integer (nullable = true)
[2025-02-20T15:55:39.924+0000] {spark_submit.py:641} INFO - |-- avg_training_score: integer (nullable = true)
[2025-02-20T15:55:39.925+0000] {spark_submit.py:641} INFO - 
[2025-02-20T15:55:39.926+0000] {spark_submit.py:641} INFO - ---------------- MENAMPILKAN BANYAK DATA NULL DI SETIAP KOLOM ----------------
[2025-02-20T15:55:41.455+0000] {spark_submit.py:641} INFO - +----------------+---------------+-----------+--------------+-----------+------------------------+--------------------+--------+-------------------------+----------------------+--------------------------+---------------+-----------------------+
[2025-02-20T15:55:41.457+0000] {spark_submit.py:641} INFO - |employee_id_null|department_null|region_null|education_null|gender_null|recruitment_channel_null|no_of_trainings_null|age_null|previous_year_rating_null|length_of_service_null|KPIs_met_more_than_80_null|awards_won_null|avg_training_score_nuli|
[2025-02-20T15:55:41.458+0000] {spark_submit.py:641} INFO - +----------------+---------------+-----------+--------------+-----------+------------------------+--------------------+--------+-------------------------+----------------------+--------------------------+---------------+-----------------------+
[2025-02-20T15:55:41.460+0000] {spark_submit.py:641} INFO - |               0|              0|          0|           771|          0|                       0|                   0|       0|                     1363|                     0|                         0|              0|                      0|
[2025-02-20T15:55:41.462+0000] {spark_submit.py:641} INFO - +----------------+---------------+-----------+--------------+-----------+------------------------+--------------------+--------+-------------------------+----------------------+--------------------------+---------------+-----------------------+
[2025-02-20T15:55:41.463+0000] {spark_submit.py:641} INFO - 
[2025-02-20T15:55:41.464+0000] {spark_submit.py:641} INFO - ---------------- NULL HANDLING PADA KOLOM EDUCATION & PREVIOUS_YEAR_RATING ----------------
[2025-02-20T15:55:41.683+0000] {spark_submit.py:641} INFO - +--------------+-------------------------+
[2025-02-20T15:55:41.685+0000] {spark_submit.py:641} INFO - |education_null|previous_year_rating_null|
[2025-02-20T15:55:41.687+0000] {spark_submit.py:641} INFO - +--------------+-------------------------+
[2025-02-20T15:55:41.688+0000] {spark_submit.py:641} INFO - |             0|                        0|
[2025-02-20T15:55:41.689+0000] {spark_submit.py:641} INFO - +--------------+-------------------------+
[2025-02-20T15:55:41.691+0000] {spark_submit.py:641} INFO - 
[2025-02-20T15:55:41.692+0000] {spark_submit.py:641} INFO - ---------------- MENAMPILKAN BANYAK DATA DUPLIKAT BERDASARKAN EMPLOYEE_ID ----------------
[2025-02-20T15:55:42.602+0000] {spark_submit.py:641} INFO - +-----------+------+
[2025-02-20T15:55:42.604+0000] {spark_submit.py:641} INFO - |employee_id|jumlah|
[2025-02-20T15:55:42.606+0000] {spark_submit.py:641} INFO - +-----------+------+
[2025-02-20T15:55:42.608+0000] {spark_submit.py:641} INFO - |      64573|     2|
[2025-02-20T15:55:42.609+0000] {spark_submit.py:641} INFO - |      49584|     3|
[2025-02-20T15:55:42.610+0000] {spark_submit.py:641} INFO - +-----------+------+
[2025-02-20T15:55:42.612+0000] {spark_submit.py:641} INFO - 
[2025-02-20T15:55:42.613+0000] {spark_submit.py:641} INFO - ---------------- MENAMPILKAN SEMUA BARIS DAN KOLOM DARI EMPLOYEE ID YANG DUPLIKAT ----------------
[2025-02-20T15:55:43.188+0000] {spark_submit.py:641} INFO - +-----------+----------+--------+---------+------+-------------------+---------------+---+--------------------+-----------------+---------------------+----------+------------------+
[2025-02-20T15:55:43.190+0000] {spark_submit.py:641} INFO - |employee_id|department|  region|education|gender|recruitment_channel|no_of_trainings|age|previous_year_rating|length_of_service|KPIs_met_more_than_80|awards_won|avg_training_score|
[2025-02-20T15:55:43.192+0000] {spark_submit.py:641} INFO - +-----------+----------+--------+---------+------+-------------------+---------------+---+--------------------+-----------------+---------------------+----------+------------------+
[2025-02-20T15:55:43.194+0000] {spark_submit.py:641} INFO - |      49584|        HR|region_7|Bachelors|     m|              other|              1| 33|                   1|                9|                    0|         0|                51|
[2025-02-20T15:55:43.196+0000] {spark_submit.py:641} INFO - |      49584|        HR|region_7|Bachelors|     m|              other|              1| 33|                   1|                9|                    0|         0|                51|
[2025-02-20T15:55:43.198+0000] {spark_submit.py:641} INFO - |      49584|        HR|region_7|Bachelors|     m|              other|              1| 33|                   1|                9|                    0|         0|                51|
[2025-02-20T15:55:43.199+0000] {spark_submit.py:641} INFO - |      64573|Technology|region_7|Bachelors|     f|           referred|              2| 30|                   5|                6|                    1|         0|                81|
[2025-02-20T15:55:43.200+0000] {spark_submit.py:641} INFO - |      64573|        HR|region_7|Bachelors|     f|           referred|              1| 35|                   5|                4|                    1|         0|                81|
[2025-02-20T15:55:43.201+0000] {spark_submit.py:641} INFO - +-----------+----------+--------+---------+------+-------------------+---------------+---+--------------------+-----------------+---------------------+----------+------------------+
[2025-02-20T15:55:43.202+0000] {spark_submit.py:641} INFO - 
[2025-02-20T15:55:43.204+0000] {spark_submit.py:641} INFO - ---------------- MENAMPILKAN HASIL DARI DATA DUPLIKASI YANG TELAH DIHANDLE BERDASARKAN KOLOM EMPLOYEE_ID DAN DEPARTMENT ----------------
[2025-02-20T15:55:44.275+0000] {spark_submit.py:641} INFO - +-----------+----------+--------+---------+------+-------------------+---------------+---+--------------------+-----------------+---------------------+----------+------------------+
[2025-02-20T15:55:44.276+0000] {spark_submit.py:641} INFO - |employee_id|department|  region|education|gender|recruitment_channel|no_of_trainings|age|previous_year_rating|length_of_service|KPIs_met_more_than_80|awards_won|avg_training_score|
[2025-02-20T15:55:44.278+0000] {spark_submit.py:641} INFO - +-----------+----------+--------+---------+------+-------------------+---------------+---+--------------------+-----------------+---------------------+----------+------------------+
[2025-02-20T15:55:44.279+0000] {spark_submit.py:641} INFO - |      49584|        HR|region_7|Bachelors|     m|              other|              1| 33|                   1|                9|                    0|         0|                51|
[2025-02-20T15:55:44.281+0000] {spark_submit.py:641} INFO - |      64573|        HR|region_7|Bachelors|     f|           referred|              1| 35|                   5|                4|                    1|         0|                81|
[2025-02-20T15:55:44.282+0000] {spark_submit.py:641} INFO - |      64573|Technology|region_7|Bachelors|     f|           referred|              2| 30|                   5|                6|                    1|         0|                81|
[2025-02-20T15:55:44.283+0000] {spark_submit.py:641} INFO - +-----------+----------+--------+---------+------+-------------------+---------------+---+--------------------+-----------------+---------------------+----------+------------------+
[2025-02-20T15:55:44.284+0000] {spark_submit.py:641} INFO - 
[2025-02-20T15:55:45.917+0000] {spark_submit.py:641} INFO - +-----------+-----------------+---------+---------------+------+-------------------+---------------+---+--------------------+-----------------+---------------------+----------+------------------+
[2025-02-20T15:55:45.918+0000] {spark_submit.py:641} INFO - |employee_id|       department|   region|      education|gender|recruitment_channel|no_of_trainings|age|previous_year_rating|length_of_service|KPIs_met_more_than_80|awards_won|avg_training_score|
[2025-02-20T15:55:45.920+0000] {spark_submit.py:641} INFO - +-----------+-----------------+---------+---------------+------+-------------------+---------------+---+--------------------+-----------------+---------------------+----------+------------------+
[2025-02-20T15:55:45.921+0000] {spark_submit.py:641} INFO - |          3|      Procurement|region_22|Masters & above|     f|              other|              1| 38|                   5|                4|                    1|         0|                67|
[2025-02-20T15:55:45.922+0000] {spark_submit.py:641} INFO - |          6|Sales & Marketing|region_15|      Bachelors|     f|              other|              1| 38|                   3|               10|                    0|         0|                50|
[2025-02-20T15:55:45.923+0000] {spark_submit.py:641} INFO - |         11|       Technology| region_4|Masters & above|     f|           sourcing|              1| 39|                   4|               12|                    1|         0|                72|
[2025-02-20T15:55:45.924+0000] {spark_submit.py:641} INFO - |         13|Sales & Marketing|region_17|      Bachelors|     m|              other|              1| 38|                   1|                5|                    1|         0|                47|
[2025-02-20T15:55:45.926+0000] {spark_submit.py:641} INFO - |         16|Sales & Marketing| region_4|Masters & above|     m|           sourcing|              1| 40|                   5|                5|                    0|         0|                53|
[2025-02-20T15:55:45.927+0000] {spark_submit.py:641} INFO - |         17|Sales & Marketing| region_7|      Bachelors|     m|           sourcing|              1| 50|                   5|               13|                    0|         0|                47|
[2025-02-20T15:55:45.928+0000] {spark_submit.py:641} INFO - |         19|               HR| region_2|Masters & above|     f|              other|              1| 50|                   4|                7|                    1|         0|                45|
[2025-02-20T15:55:45.929+0000] {spark_submit.py:641} INFO - |         20|        Analytics|region_21|      Bachelors|     m|           sourcing|              1| 27|                   0|                1|                    1|         0|                89|
[2025-02-20T15:55:45.930+0000] {spark_submit.py:641} INFO - |         21|        Analytics| region_8|      Bachelors|     m|           sourcing|              2| 28|                   2|                3|                    1|         0|                85|
[2025-02-20T15:55:45.932+0000] {spark_submit.py:641} INFO - |         22|       Technology| region_2|Masters & above|     f|              other|              1| 57|                   4|               18|                    1|         0|                77|
[2025-02-20T15:55:45.933+0000] {spark_submit.py:641} INFO - |         23|Sales & Marketing|region_16|      Bachelors|     f|           sourcing|              1| 42|                   1|                3|                    0|         0|                46|
[2025-02-20T15:55:45.934+0000] {spark_submit.py:641} INFO - |         24|               HR|region_28|Masters & above|     f|              other|              1| 32|                   1|                5|                    1|         0|                51|
[2025-02-20T15:55:45.935+0000] {spark_submit.py:641} INFO - |         27|Sales & Marketing|region_16|      Bachelors|     m|           sourcing|              1| 29|                   2|                6|                    0|         0|                51|
[2025-02-20T15:55:45.936+0000] {spark_submit.py:641} INFO - |         29|        Analytics| region_7|      Bachelors|     m|              other|              1| 28|                   0|                1|                    1|         0|                85|
[2025-02-20T15:55:45.937+0000] {spark_submit.py:641} INFO - |         31|Sales & Marketing|region_15|      Bachelors|     f|              other|              1| 29|                   3|                5|                    1|         0|                49|
[2025-02-20T15:55:45.938+0000] {spark_submit.py:641} INFO - |         40|       Operations| region_7|Masters & above|     f|              other|              1| 34|                   1|                4|                    0|         0|                65|
[2025-02-20T15:55:45.939+0000] {spark_submit.py:641} INFO - |         50|Sales & Marketing|region_19|      Bachelors|     m|              other|              1| 32|                   1|                3|                    0|         0|                48|
[2025-02-20T15:55:45.940+0000] {spark_submit.py:641} INFO - |         55|       Operations|region_19|Masters & above|     f|           sourcing|              1| 33|                   5|                3|                    0|         0|                61|
[2025-02-20T15:55:45.941+0000] {spark_submit.py:641} INFO - |         63|Sales & Marketing| region_8|Masters & above|     m|           sourcing|              1| 35|                   5|                8|                    0|         0|                52|
[2025-02-20T15:55:45.942+0000] {spark_submit.py:641} INFO - |         64|        Analytics| region_4|      Bachelors|     m|              other|              1| 42|                   5|               11|                    1|         0|                80|
[2025-02-20T15:55:45.943+0000] {spark_submit.py:641} INFO - +-----------+-----------------+---------+---------------+------+-------------------+---------------+---+--------------------+-----------------+---------------------+----------+------------------+
[2025-02-20T15:55:45.944+0000] {spark_submit.py:641} INFO - only showing top 20 rows
[2025-02-20T15:55:45.945+0000] {spark_submit.py:641} INFO - 
[2025-02-20T15:55:46.216+0000] {spark_submit.py:641} INFO - Jumlah baris dalam DataFrame: 17415
[2025-02-20T15:55:46.218+0000] {spark_submit.py:641} INFO - Isi folder data:
[2025-02-20T15:55:46.219+0000] {spark_submit.py:641} INFO - ['.part-00000-ffef591a-d591-4c92-ba27-d53e11f2ed01-c000.snappy.parquet.crc', '_SUCCESS', 'part-00000-ffef591a-d591-4c92-ba27-d53e11f2ed01-c000.snappy.parquet', '._SUCCESS.crc']
[2025-02-20T15:55:46.221+0000] {spark_submit.py:641} INFO - Transform data berhasil.
[2025-02-20T15:55:46.884+0000] {taskinstance.py:341} INFO - ::group::Post task execution logs
[2025-02-20T15:55:46.887+0000] {taskinstance.py:353} INFO - Marking task as SUCCESS. dag_id=***_v2_etl_dag, task_id=transform_task, run_id=manual__2025-02-20T15:54:23.510176+00:00, execution_date=20250220T155423, start_date=20250220T155530, end_date=20250220T155546
[2025-02-20T15:55:46.959+0000] {local_task_job_runner.py:266} INFO - Task exited with return code 0
[2025-02-20T15:55:46.981+0000] {taskinstance.py:3901} INFO - 0 downstream tasks scheduled from follow-on schedule check
[2025-02-20T15:55:46.985+0000] {local_task_job_runner.py:245} INFO - ::endgroup::
