[2025-02-20T06:18:42.546+0000] {local_task_job_runner.py:123} INFO - ::group::Pre task execution logs
[2025-02-20T06:18:42.689+0000] {taskinstance.py:2614} INFO - Dependencies all met for dep_context=non-requeueable deps ti=<TaskInstance: finprode8_v2_etl_dag.extract_task manual__2025-02-20T06:18:38.210125+00:00 [queued]>
[2025-02-20T06:18:42.759+0000] {taskinstance.py:2614} INFO - Dependencies all met for dep_context=requeueable deps ti=<TaskInstance: finprode8_v2_etl_dag.extract_task manual__2025-02-20T06:18:38.210125+00:00 [queued]>
[2025-02-20T06:18:42.760+0000] {taskinstance.py:2867} INFO - Starting attempt 1 of 1
[2025-02-20T06:18:42.785+0000] {taskinstance.py:2890} INFO - Executing <Task(SparkSubmitOperator): extract_task> on 2025-02-20 06:18:38.210125+00:00
[2025-02-20T06:18:42.794+0000] {standard_task_runner.py:72} INFO - Started process 3644 to run task
[2025-02-20T06:18:42.814+0000] {standard_task_runner.py:104} INFO - Running: ['airflow', 'tasks', 'run', '***_v2_etl_dag', 'extract_task', 'manual__2025-02-20T06:18:38.210125+00:00', '--job-id', '57', '--raw', '--subdir', 'DAGS_FOLDER/***_v2_etl_dag.py', '--cfg-path', '/tmp/tmpsydq9itj']
[2025-02-20T06:18:42.822+0000] {standard_task_runner.py:105} INFO - Job 57: Subtask extract_task
[2025-02-20T06:18:43.117+0000] {logging_mixin.py:190} WARNING - /home/airflow/.local/lib/python3.9/site-packages/airflow/settings.py:209 DeprecationWarning: The sql_alchemy_conn option in [core] has been moved to the sql_alchemy_conn option in [database] - the old setting has been used, but please update your config.
[2025-02-20T06:18:43.666+0000] {task_command.py:467} INFO - Running <TaskInstance: finprode8_v2_etl_dag.extract_task manual__2025-02-20T06:18:38.210125+00:00 [running]> on host ***-airflow-scheduler
[2025-02-20T06:18:44.094+0000] {taskinstance.py:3134} INFO - Exporting env vars: AIRFLOW_CTX_DAG_OWNER='ratih malini' AIRFLOW_CTX_DAG_ID='***_v2_etl_dag' AIRFLOW_CTX_TASK_ID='extract_task' AIRFLOW_CTX_EXECUTION_DATE='2025-02-20T06:18:38.210125+00:00' AIRFLOW_CTX_TRY_NUMBER='1' AIRFLOW_CTX_DAG_RUN_ID='manual__2025-02-20T06:18:38.210125+00:00'
[2025-02-20T06:18:44.096+0000] {taskinstance.py:732} INFO - ::endgroup::
[2025-02-20T06:18:44.186+0000] {base.py:84} INFO - Retrieving connection 'spark_main'
[2025-02-20T06:18:44.189+0000] {spark_submit.py:474} INFO - Spark-Submit cmd: spark-submit --master spark://***-spark-master:7077 --packages org.postgresql:postgresql:42.2.18 --name arrow-spark /spark-scripts/***_v2_extract.py
[2025-02-20T06:18:49.440+0000] {spark_submit.py:641} INFO - :: loading settings :: url = jar:file:/home/airflow/.local/lib/python3.9/site-packages/pyspark/jars/ivy-2.5.1.jar!/org/apache/ivy/core/settings/ivysettings.xml
[2025-02-20T06:18:49.749+0000] {spark_submit.py:641} INFO - Ivy Default Cache set to: /home/airflow/.ivy2/cache
[2025-02-20T06:18:49.752+0000] {spark_submit.py:641} INFO - The jars for the packages stored in: /home/airflow/.ivy2/jars
[2025-02-20T06:18:49.766+0000] {spark_submit.py:641} INFO - org.postgresql#postgresql added as a dependency
[2025-02-20T06:18:49.771+0000] {spark_submit.py:641} INFO - :: resolving dependencies :: org.apache.spark#spark-submit-parent-a71aea4a-0d2c-4bca-9790-211d6ddee313;1.0
[2025-02-20T06:18:49.774+0000] {spark_submit.py:641} INFO - confs: [default]
[2025-02-20T06:18:50.087+0000] {spark_submit.py:641} INFO - found org.postgresql#postgresql;42.2.18 in central
[2025-02-20T06:18:50.171+0000] {spark_submit.py:641} INFO - found org.checkerframework#checker-qual;3.5.0 in central
[2025-02-20T06:18:50.238+0000] {spark_submit.py:641} INFO - :: resolution report :: resolve 445ms :: artifacts dl 21ms
[2025-02-20T06:18:50.241+0000] {spark_submit.py:641} INFO - :: modules in use:
[2025-02-20T06:18:50.243+0000] {spark_submit.py:641} INFO - org.checkerframework#checker-qual;3.5.0 from central in [default]
[2025-02-20T06:18:50.245+0000] {spark_submit.py:641} INFO - org.postgresql#postgresql;42.2.18 from central in [default]
[2025-02-20T06:18:50.246+0000] {spark_submit.py:641} INFO - ---------------------------------------------------------------------
[2025-02-20T06:18:50.247+0000] {spark_submit.py:641} INFO - |                  |            modules            ||   artifacts   |
[2025-02-20T06:18:50.249+0000] {spark_submit.py:641} INFO - |       conf       | number| search|dwnlded|evicted|| number|dwnlded|
[2025-02-20T06:18:50.250+0000] {spark_submit.py:641} INFO - ---------------------------------------------------------------------
[2025-02-20T06:18:50.251+0000] {spark_submit.py:641} INFO - |      default     |   2   |   0   |   0   |   0   ||   2   |   0   |
[2025-02-20T06:18:50.256+0000] {spark_submit.py:641} INFO - ---------------------------------------------------------------------
[2025-02-20T06:18:50.258+0000] {spark_submit.py:641} INFO - :: retrieving :: org.apache.spark#spark-submit-parent-a71aea4a-0d2c-4bca-9790-211d6ddee313
[2025-02-20T06:18:50.259+0000] {spark_submit.py:641} INFO - confs: [default]
[2025-02-20T06:18:50.261+0000] {spark_submit.py:641} INFO - 0 artifacts copied, 2 already retrieved (0kB/13ms)
[2025-02-20T06:18:51.107+0000] {spark_submit.py:641} INFO - 25/02/20 06:18:51 WARN NativeCodeLoader: Unable to load native-hadoop library for your platform... using builtin-java classes where applicable
[2025-02-20T06:18:54.923+0000] {spark_submit.py:641} INFO - 25/02/20 06:18:54 INFO SparkContext: Running Spark version 3.3.2
[2025-02-20T06:18:56.074+0000] {spark_submit.py:641} INFO - 25/02/20 06:18:56 INFO ResourceUtils: ==============================================================
[2025-02-20T06:18:56.075+0000] {spark_submit.py:641} INFO - 25/02/20 06:18:56 INFO ResourceUtils: No custom resources configured for spark.driver.
[2025-02-20T06:18:56.078+0000] {spark_submit.py:641} INFO - 25/02/20 06:18:56 INFO ResourceUtils: ==============================================================
[2025-02-20T06:18:56.086+0000] {spark_submit.py:641} INFO - 25/02/20 06:18:56 INFO SparkContext: Submitted application: ***_extract
[2025-02-20T06:18:56.979+0000] {spark_submit.py:641} INFO - 25/02/20 06:18:56 INFO ResourceProfile: Default ResourceProfile created, executor resources: Map(cores -> name: cores, amount: 1, script: , vendor: , memory -> name: memory, amount: 1024, script: , vendor: , offHeap -> name: offHeap, amount: 0, script: , vendor: ), task resources: Map(cpus -> name: cpus, amount: 1.0)
[2025-02-20T06:18:57.063+0000] {spark_submit.py:641} INFO - 25/02/20 06:18:57 INFO ResourceProfile: Limiting resource is cpu
[2025-02-20T06:18:57.079+0000] {spark_submit.py:641} INFO - 25/02/20 06:18:57 INFO ResourceProfileManager: Added ResourceProfile id: 0
[2025-02-20T06:18:57.410+0000] {spark_submit.py:641} INFO - 25/02/20 06:18:57 INFO SecurityManager: Changing view acls to: airflow
[2025-02-20T06:18:57.412+0000] {spark_submit.py:641} INFO - 25/02/20 06:18:57 INFO SecurityManager: Changing modify acls to: airflow
[2025-02-20T06:18:57.416+0000] {spark_submit.py:641} INFO - 25/02/20 06:18:57 INFO SecurityManager: Changing view acls groups to:
[2025-02-20T06:18:57.418+0000] {spark_submit.py:641} INFO - 25/02/20 06:18:57 INFO SecurityManager: Changing modify acls groups to:
[2025-02-20T06:18:57.419+0000] {spark_submit.py:641} INFO - 25/02/20 06:18:57 INFO SecurityManager: SecurityManager: authentication disabled; ui acls disabled; users  with view permissions: Set(airflow); groups with view permissions: Set(); users  with modify permissions: Set(airflow); groups with modify permissions: Set()
[2025-02-20T06:18:58.204+0000] {spark_submit.py:641} INFO - 25/02/20 06:18:58 INFO Utils: Successfully started service 'sparkDriver' on port 41485.
[2025-02-20T06:18:58.318+0000] {spark_submit.py:641} INFO - 25/02/20 06:18:58 INFO SparkEnv: Registering MapOutputTracker
[2025-02-20T06:18:58.468+0000] {spark_submit.py:641} INFO - 25/02/20 06:18:58 INFO SparkEnv: Registering BlockManagerMaster
[2025-02-20T06:18:58.550+0000] {spark_submit.py:641} INFO - 25/02/20 06:18:58 INFO BlockManagerMasterEndpoint: Using org.apache.spark.storage.DefaultTopologyMapper for getting topology information
[2025-02-20T06:18:58.566+0000] {spark_submit.py:641} INFO - 25/02/20 06:18:58 INFO BlockManagerMasterEndpoint: BlockManagerMasterEndpoint up
[2025-02-20T06:18:58.584+0000] {spark_submit.py:641} INFO - 25/02/20 06:18:58 INFO SparkEnv: Registering BlockManagerMasterHeartbeat
[2025-02-20T06:18:58.663+0000] {spark_submit.py:641} INFO - 25/02/20 06:18:58 INFO DiskBlockManager: Created local directory at /tmp/blockmgr-f90be284-41c1-4042-a1fa-42ca0811f7c9
[2025-02-20T06:18:59.416+0000] {spark_submit.py:641} INFO - 25/02/20 06:18:59 INFO MemoryStore: MemoryStore started with capacity 434.4 MiB
[2025-02-20T06:18:59.454+0000] {spark_submit.py:641} INFO - 25/02/20 06:18:59 INFO SparkEnv: Registering OutputCommitCoordinator
[2025-02-20T06:19:00.643+0000] {spark_submit.py:641} INFO - 25/02/20 06:19:00 INFO Utils: Successfully started service 'SparkUI' on port 4040.
[2025-02-20T06:19:00.996+0000] {spark_submit.py:641} INFO - 25/02/20 06:19:00 INFO SparkContext: Added JAR /spark-scripts/jars/postgresql-42.2.18.jar at spark://***-airflow-scheduler:41485/jars/postgresql-42.2.18.jar with timestamp 1740032334886
[2025-02-20T06:19:01.007+0000] {spark_submit.py:641} INFO - 25/02/20 06:19:01 INFO SparkContext: Added file file:///home/airflow/.ivy2/jars/org.postgresql_postgresql-42.2.18.jar at file:///home/airflow/.ivy2/jars/org.postgresql_postgresql-42.2.18.jar with timestamp 1740032334886
[2025-02-20T06:19:01.009+0000] {spark_submit.py:641} INFO - 25/02/20 06:19:01 INFO Utils: Copying /home/airflow/.ivy2/jars/org.postgresql_postgresql-42.2.18.jar to /tmp/spark-e5ebe646-3ae2-41b3-98ba-18c0eefc8dfc/userFiles-c2a37c2d-e017-420a-bda8-fe8ea4a04164/org.postgresql_postgresql-42.2.18.jar
[2025-02-20T06:19:01.088+0000] {spark_submit.py:641} INFO - 25/02/20 06:19:01 INFO SparkContext: Added file file:///home/airflow/.ivy2/jars/org.checkerframework_checker-qual-3.5.0.jar at file:///home/airflow/.ivy2/jars/org.checkerframework_checker-qual-3.5.0.jar with timestamp 1740032334886
[2025-02-20T06:19:01.090+0000] {spark_submit.py:641} INFO - 25/02/20 06:19:01 INFO Utils: Copying /home/airflow/.ivy2/jars/org.checkerframework_checker-qual-3.5.0.jar to /tmp/spark-e5ebe646-3ae2-41b3-98ba-18c0eefc8dfc/userFiles-c2a37c2d-e017-420a-bda8-fe8ea4a04164/org.checkerframework_checker-qual-3.5.0.jar
[2025-02-20T06:19:01.254+0000] {spark_submit.py:641} INFO - 25/02/20 06:19:01 INFO Executor: Starting executor ID driver on host ***-airflow-scheduler
[2025-02-20T06:19:01.273+0000] {spark_submit.py:641} INFO - 25/02/20 06:19:01 INFO Executor: Starting executor with user classpath (userClassPathFirst = false): ''
[2025-02-20T06:19:01.297+0000] {spark_submit.py:641} INFO - 25/02/20 06:19:01 INFO Executor: Fetching file:///home/airflow/.ivy2/jars/org.postgresql_postgresql-42.2.18.jar with timestamp 1740032334886
[2025-02-20T06:19:01.348+0000] {spark_submit.py:641} INFO - 25/02/20 06:19:01 INFO Utils: /home/airflow/.ivy2/jars/org.postgresql_postgresql-42.2.18.jar has been previously copied to /tmp/spark-e5ebe646-3ae2-41b3-98ba-18c0eefc8dfc/userFiles-c2a37c2d-e017-420a-bda8-fe8ea4a04164/org.postgresql_postgresql-42.2.18.jar
[2025-02-20T06:19:01.364+0000] {spark_submit.py:641} INFO - 25/02/20 06:19:01 INFO Executor: Fetching file:///home/airflow/.ivy2/jars/org.checkerframework_checker-qual-3.5.0.jar with timestamp 1740032334886
[2025-02-20T06:19:01.365+0000] {spark_submit.py:641} INFO - 25/02/20 06:19:01 INFO Utils: /home/airflow/.ivy2/jars/org.checkerframework_checker-qual-3.5.0.jar has been previously copied to /tmp/spark-e5ebe646-3ae2-41b3-98ba-18c0eefc8dfc/userFiles-c2a37c2d-e017-420a-bda8-fe8ea4a04164/org.checkerframework_checker-qual-3.5.0.jar
[2025-02-20T06:19:01.380+0000] {spark_submit.py:641} INFO - 25/02/20 06:19:01 INFO Executor: Fetching spark://***-airflow-scheduler:41485/jars/postgresql-42.2.18.jar with timestamp 1740032334886
[2025-02-20T06:19:01.448+0000] {spark_submit.py:641} INFO - 25/02/20 06:19:01 INFO TransportClientFactory: Successfully created connection to ***-airflow-scheduler/172.19.0.6:41485 after 44 ms (0 ms spent in bootstraps)
[2025-02-20T06:19:01.454+0000] {spark_submit.py:641} INFO - 25/02/20 06:19:01 INFO Utils: Fetching spark://***-airflow-scheduler:41485/jars/postgresql-42.2.18.jar to /tmp/spark-e5ebe646-3ae2-41b3-98ba-18c0eefc8dfc/userFiles-c2a37c2d-e017-420a-bda8-fe8ea4a04164/fetchFileTemp9968973907645246802.tmp
[2025-02-20T06:19:02.206+0000] {spark_submit.py:641} INFO - 25/02/20 06:19:02 INFO Executor: Adding file:/tmp/spark-e5ebe646-3ae2-41b3-98ba-18c0eefc8dfc/userFiles-c2a37c2d-e017-420a-bda8-fe8ea4a04164/postgresql-42.2.18.jar to class loader
[2025-02-20T06:19:02.222+0000] {spark_submit.py:641} INFO - 25/02/20 06:19:02 INFO Utils: Successfully started service 'org.apache.spark.network.netty.NettyBlockTransferService' on port 40687.
[2025-02-20T06:19:02.226+0000] {spark_submit.py:641} INFO - 25/02/20 06:19:02 INFO NettyBlockTransferService: Server created on ***-airflow-scheduler:40687
[2025-02-20T06:19:02.229+0000] {spark_submit.py:641} INFO - 25/02/20 06:19:02 INFO BlockManager: Using org.apache.spark.storage.RandomBlockReplicationPolicy for block replication policy
[2025-02-20T06:19:02.240+0000] {spark_submit.py:641} INFO - 25/02/20 06:19:02 INFO BlockManagerMaster: Registering BlockManager BlockManagerId(driver, ***-airflow-scheduler, 40687, None)
[2025-02-20T06:19:02.247+0000] {spark_submit.py:641} INFO - 25/02/20 06:19:02 INFO BlockManagerMasterEndpoint: Registering block manager ***-airflow-scheduler:40687 with 434.4 MiB RAM, BlockManagerId(driver, ***-airflow-scheduler, 40687, None)
[2025-02-20T06:19:02.252+0000] {spark_submit.py:641} INFO - 25/02/20 06:19:02 INFO BlockManagerMaster: Registered BlockManager BlockManagerId(driver, ***-airflow-scheduler, 40687, None)
[2025-02-20T06:19:02.254+0000] {spark_submit.py:641} INFO - 25/02/20 06:19:02 INFO BlockManager: Initialized BlockManager: BlockManagerId(driver, ***-airflow-scheduler, 40687, None)
[2025-02-20T06:19:04.825+0000] {spark_submit.py:641} INFO - Downloading from https://www.kaggle.com/api/v1/datasets/download/sanjanchaudhari/employees-performance-for-hr-analytics?dataset_version_number=1...
[2025-02-20T06:19:04.851+0000] {spark_submit.py:641} INFO - 
[2025-02-20T06:19:05.545+0000] {spark_submit.py:641} INFO - 0%|          | 0.00/205k [00:00<?, ?B/s]
[2025-02-20T06:19:05.547+0000] {spark_submit.py:641} INFO - 100%|██████████| 205k/205k [00:00<00:00, 303kB/s]
[2025-02-20T06:19:05.549+0000] {spark_submit.py:641} INFO - 100%|██████████| 205k/205k [00:00<00:00, 303kB/s]
[2025-02-20T06:19:05.550+0000] {spark_submit.py:641} INFO - Extracting files...
[2025-02-20T06:19:12.613+0000] {spark_submit.py:641} INFO - Extract dan berhasil.
[2025-02-20T06:19:13.127+0000] {taskinstance.py:341} INFO - ::group::Post task execution logs
[2025-02-20T06:19:13.133+0000] {taskinstance.py:353} INFO - Marking task as SUCCESS. dag_id=***_v2_etl_dag, task_id=extract_task, run_id=manual__2025-02-20T06:18:38.210125+00:00, execution_date=20250220T061838, start_date=20250220T061842, end_date=20250220T061913
[2025-02-20T06:19:13.205+0000] {local_task_job_runner.py:266} INFO - Task exited with return code 0
[2025-02-20T06:19:13.246+0000] {taskinstance.py:3901} INFO - 0 downstream tasks scheduled from follow-on schedule check
[2025-02-20T06:19:13.250+0000] {local_task_job_runner.py:245} INFO - ::endgroup::
