[2025-02-20T07:11:20.887+0000] {local_task_job_runner.py:123} INFO - ::group::Pre task execution logs
[2025-02-20T07:11:20.925+0000] {taskinstance.py:2614} INFO - Dependencies all met for dep_context=non-requeueable deps ti=<TaskInstance: finprode8_v2_etl_dag.extract_task manual__2025-02-20T07:11:18.663374+00:00 [queued]>
[2025-02-20T07:11:20.943+0000] {taskinstance.py:2614} INFO - Dependencies all met for dep_context=requeueable deps ti=<TaskInstance: finprode8_v2_etl_dag.extract_task manual__2025-02-20T07:11:18.663374+00:00 [queued]>
[2025-02-20T07:11:20.945+0000] {taskinstance.py:2867} INFO - Starting attempt 1 of 1
[2025-02-20T07:11:20.969+0000] {taskinstance.py:2890} INFO - Executing <Task(SparkSubmitOperator): extract_task> on 2025-02-20 07:11:18.663374+00:00
[2025-02-20T07:11:20.980+0000] {standard_task_runner.py:72} INFO - Started process 6529 to run task
[2025-02-20T07:11:20.995+0000] {standard_task_runner.py:104} INFO - Running: ['airflow', 'tasks', 'run', '***_v2_etl_dag', 'extract_task', 'manual__2025-02-20T07:11:18.663374+00:00', '--job-id', '68', '--raw', '--subdir', 'DAGS_FOLDER/***_v2_etl_dag.py', '--cfg-path', '/tmp/tmp7llcfyoz']
[2025-02-20T07:11:21.002+0000] {standard_task_runner.py:105} INFO - Job 68: Subtask extract_task
[2025-02-20T07:11:21.047+0000] {logging_mixin.py:190} WARNING - /home/airflow/.local/lib/python3.9/site-packages/airflow/settings.py:209 DeprecationWarning: The sql_alchemy_conn option in [core] has been moved to the sql_alchemy_conn option in [database] - the old setting has been used, but please update your config.
[2025-02-20T07:11:21.119+0000] {task_command.py:467} INFO - Running <TaskInstance: finprode8_v2_etl_dag.extract_task manual__2025-02-20T07:11:18.663374+00:00 [running]> on host ***-airflow-scheduler
[2025-02-20T07:11:21.292+0000] {taskinstance.py:3134} INFO - Exporting env vars: AIRFLOW_CTX_DAG_OWNER='ratih malini' AIRFLOW_CTX_DAG_ID='***_v2_etl_dag' AIRFLOW_CTX_TASK_ID='extract_task' AIRFLOW_CTX_EXECUTION_DATE='2025-02-20T07:11:18.663374+00:00' AIRFLOW_CTX_TRY_NUMBER='1' AIRFLOW_CTX_DAG_RUN_ID='manual__2025-02-20T07:11:18.663374+00:00'
[2025-02-20T07:11:21.296+0000] {taskinstance.py:732} INFO - ::endgroup::
[2025-02-20T07:11:21.355+0000] {base.py:84} INFO - Retrieving connection 'spark_main'
[2025-02-20T07:11:21.357+0000] {spark_submit.py:474} INFO - Spark-Submit cmd: spark-submit --master spark://***-spark-master:7077 --packages org.postgresql:postgresql:42.2.18 --name arrow-spark /spark-scripts/***_v2_extract.py
[2025-02-20T07:11:23.981+0000] {spark_submit.py:641} INFO - :: loading settings :: url = jar:file:/home/airflow/.local/lib/python3.9/site-packages/pyspark/jars/ivy-2.5.1.jar!/org/apache/ivy/core/settings/ivysettings.xml
[2025-02-20T07:11:24.153+0000] {spark_submit.py:641} INFO - Ivy Default Cache set to: /home/airflow/.ivy2/cache
[2025-02-20T07:11:24.155+0000] {spark_submit.py:641} INFO - The jars for the packages stored in: /home/airflow/.ivy2/jars
[2025-02-20T07:11:24.161+0000] {spark_submit.py:641} INFO - org.postgresql#postgresql added as a dependency
[2025-02-20T07:11:24.164+0000] {spark_submit.py:641} INFO - :: resolving dependencies :: org.apache.spark#spark-submit-parent-06ef5b62-07aa-42d3-ae72-5bfb7ef45b14;1.0
[2025-02-20T07:11:24.166+0000] {spark_submit.py:641} INFO - confs: [default]
[2025-02-20T07:11:24.347+0000] {spark_submit.py:641} INFO - found org.postgresql#postgresql;42.2.18 in central
[2025-02-20T07:11:24.373+0000] {spark_submit.py:641} INFO - found org.checkerframework#checker-qual;3.5.0 in central
[2025-02-20T07:11:24.390+0000] {spark_submit.py:641} INFO - :: resolution report :: resolve 223ms :: artifacts dl 5ms
[2025-02-20T07:11:24.392+0000] {spark_submit.py:641} INFO - :: modules in use:
[2025-02-20T07:11:24.393+0000] {spark_submit.py:641} INFO - org.checkerframework#checker-qual;3.5.0 from central in [default]
[2025-02-20T07:11:24.395+0000] {spark_submit.py:641} INFO - org.postgresql#postgresql;42.2.18 from central in [default]
[2025-02-20T07:11:24.398+0000] {spark_submit.py:641} INFO - ---------------------------------------------------------------------
[2025-02-20T07:11:24.400+0000] {spark_submit.py:641} INFO - |                  |            modules            ||   artifacts   |
[2025-02-20T07:11:24.402+0000] {spark_submit.py:641} INFO - |       conf       | number| search|dwnlded|evicted|| number|dwnlded|
[2025-02-20T07:11:24.403+0000] {spark_submit.py:641} INFO - ---------------------------------------------------------------------
[2025-02-20T07:11:24.405+0000] {spark_submit.py:641} INFO - |      default     |   2   |   0   |   0   |   0   ||   2   |   0   |
[2025-02-20T07:11:24.406+0000] {spark_submit.py:641} INFO - ---------------------------------------------------------------------
[2025-02-20T07:11:24.407+0000] {spark_submit.py:641} INFO - :: retrieving :: org.apache.spark#spark-submit-parent-06ef5b62-07aa-42d3-ae72-5bfb7ef45b14
[2025-02-20T07:11:24.407+0000] {spark_submit.py:641} INFO - confs: [default]
[2025-02-20T07:11:24.409+0000] {spark_submit.py:641} INFO - 0 artifacts copied, 2 already retrieved (0kB/6ms)
[2025-02-20T07:11:24.767+0000] {spark_submit.py:641} INFO - 25/02/20 07:11:24 WARN NativeCodeLoader: Unable to load native-hadoop library for your platform... using builtin-java classes where applicable
[2025-02-20T07:11:26.842+0000] {spark_submit.py:641} INFO - 25/02/20 07:11:26 INFO SparkContext: Running Spark version 3.3.2
[2025-02-20T07:11:26.865+0000] {spark_submit.py:641} INFO - 25/02/20 07:11:26 INFO ResourceUtils: ==============================================================
[2025-02-20T07:11:26.868+0000] {spark_submit.py:641} INFO - 25/02/20 07:11:26 INFO ResourceUtils: No custom resources configured for spark.driver.
[2025-02-20T07:11:26.870+0000] {spark_submit.py:641} INFO - 25/02/20 07:11:26 INFO ResourceUtils: ==============================================================
[2025-02-20T07:11:26.872+0000] {spark_submit.py:641} INFO - 25/02/20 07:11:26 INFO SparkContext: Submitted application: ***_extract
[2025-02-20T07:11:26.890+0000] {spark_submit.py:641} INFO - 25/02/20 07:11:26 INFO ResourceProfile: Default ResourceProfile created, executor resources: Map(cores -> name: cores, amount: 1, script: , vendor: , memory -> name: memory, amount: 1024, script: , vendor: , offHeap -> name: offHeap, amount: 0, script: , vendor: ), task resources: Map(cpus -> name: cpus, amount: 1.0)
[2025-02-20T07:11:26.897+0000] {spark_submit.py:641} INFO - 25/02/20 07:11:26 INFO ResourceProfile: Limiting resource is cpu
[2025-02-20T07:11:26.899+0000] {spark_submit.py:641} INFO - 25/02/20 07:11:26 INFO ResourceProfileManager: Added ResourceProfile id: 0
[2025-02-20T07:11:26.948+0000] {spark_submit.py:641} INFO - 25/02/20 07:11:26 INFO SecurityManager: Changing view acls to: airflow
[2025-02-20T07:11:26.951+0000] {spark_submit.py:641} INFO - 25/02/20 07:11:26 INFO SecurityManager: Changing modify acls to: airflow
[2025-02-20T07:11:26.952+0000] {spark_submit.py:641} INFO - 25/02/20 07:11:26 INFO SecurityManager: Changing view acls groups to:
[2025-02-20T07:11:26.953+0000] {spark_submit.py:641} INFO - 25/02/20 07:11:26 INFO SecurityManager: Changing modify acls groups to:
[2025-02-20T07:11:26.955+0000] {spark_submit.py:641} INFO - 25/02/20 07:11:26 INFO SecurityManager: SecurityManager: authentication disabled; ui acls disabled; users  with view permissions: Set(airflow); groups with view permissions: Set(); users  with modify permissions: Set(airflow); groups with modify permissions: Set()
[2025-02-20T07:11:27.261+0000] {spark_submit.py:641} INFO - 25/02/20 07:11:27 INFO Utils: Successfully started service 'sparkDriver' on port 40933.
[2025-02-20T07:11:27.307+0000] {spark_submit.py:641} INFO - 25/02/20 07:11:27 INFO SparkEnv: Registering MapOutputTracker
[2025-02-20T07:11:27.354+0000] {spark_submit.py:641} INFO - 25/02/20 07:11:27 INFO SparkEnv: Registering BlockManagerMaster
[2025-02-20T07:11:27.393+0000] {spark_submit.py:641} INFO - 25/02/20 07:11:27 INFO BlockManagerMasterEndpoint: Using org.apache.spark.storage.DefaultTopologyMapper for getting topology information
[2025-02-20T07:11:27.395+0000] {spark_submit.py:641} INFO - 25/02/20 07:11:27 INFO BlockManagerMasterEndpoint: BlockManagerMasterEndpoint up
[2025-02-20T07:11:27.405+0000] {spark_submit.py:641} INFO - 25/02/20 07:11:27 INFO SparkEnv: Registering BlockManagerMasterHeartbeat
[2025-02-20T07:11:27.441+0000] {spark_submit.py:641} INFO - 25/02/20 07:11:27 INFO DiskBlockManager: Created local directory at /tmp/blockmgr-537b0eb5-6cfd-4af4-b00d-6ee0b0f62329
[2025-02-20T07:11:27.481+0000] {spark_submit.py:641} INFO - 25/02/20 07:11:27 INFO MemoryStore: MemoryStore started with capacity 434.4 MiB
[2025-02-20T07:11:27.508+0000] {spark_submit.py:641} INFO - 25/02/20 07:11:27 INFO SparkEnv: Registering OutputCommitCoordinator
[2025-02-20T07:11:27.844+0000] {spark_submit.py:641} INFO - 25/02/20 07:11:27 INFO Utils: Successfully started service 'SparkUI' on port 4040.
[2025-02-20T07:11:27.896+0000] {spark_submit.py:641} INFO - 25/02/20 07:11:27 INFO SparkContext: Added JAR /spark-scripts/jars/postgresql-42.2.18.jar at spark://***-airflow-scheduler:40933/jars/postgresql-42.2.18.jar with timestamp 1740035486833
[2025-02-20T07:11:27.900+0000] {spark_submit.py:641} INFO - 25/02/20 07:11:27 INFO SparkContext: Added file file:///home/airflow/.ivy2/jars/org.postgresql_postgresql-42.2.18.jar at file:///home/airflow/.ivy2/jars/org.postgresql_postgresql-42.2.18.jar with timestamp 1740035486833
[2025-02-20T07:11:27.902+0000] {spark_submit.py:641} INFO - 25/02/20 07:11:27 INFO Utils: Copying /home/airflow/.ivy2/jars/org.postgresql_postgresql-42.2.18.jar to /tmp/spark-fb5c848b-86aa-4bd0-8853-ef74b8537791/userFiles-6a7c8a9b-6e08-4d1c-8523-58f80b2dfe11/org.postgresql_postgresql-42.2.18.jar
[2025-02-20T07:11:27.948+0000] {spark_submit.py:641} INFO - 25/02/20 07:11:27 INFO SparkContext: Added file file:///home/airflow/.ivy2/jars/org.checkerframework_checker-qual-3.5.0.jar at file:///home/airflow/.ivy2/jars/org.checkerframework_checker-qual-3.5.0.jar with timestamp 1740035486833
[2025-02-20T07:11:27.949+0000] {spark_submit.py:641} INFO - 25/02/20 07:11:27 INFO Utils: Copying /home/airflow/.ivy2/jars/org.checkerframework_checker-qual-3.5.0.jar to /tmp/spark-fb5c848b-86aa-4bd0-8853-ef74b8537791/userFiles-6a7c8a9b-6e08-4d1c-8523-58f80b2dfe11/org.checkerframework_checker-qual-3.5.0.jar
[2025-02-20T07:11:28.066+0000] {spark_submit.py:641} INFO - 25/02/20 07:11:28 INFO Executor: Starting executor ID driver on host ***-airflow-scheduler
[2025-02-20T07:11:28.079+0000] {spark_submit.py:641} INFO - 25/02/20 07:11:28 INFO Executor: Starting executor with user classpath (userClassPathFirst = false): ''
[2025-02-20T07:11:28.095+0000] {spark_submit.py:641} INFO - 25/02/20 07:11:28 INFO Executor: Fetching file:///home/airflow/.ivy2/jars/org.postgresql_postgresql-42.2.18.jar with timestamp 1740035486833
[2025-02-20T07:11:28.121+0000] {spark_submit.py:641} INFO - 25/02/20 07:11:28 INFO Utils: /home/airflow/.ivy2/jars/org.postgresql_postgresql-42.2.18.jar has been previously copied to /tmp/spark-fb5c848b-86aa-4bd0-8853-ef74b8537791/userFiles-6a7c8a9b-6e08-4d1c-8523-58f80b2dfe11/org.postgresql_postgresql-42.2.18.jar
[2025-02-20T07:11:28.130+0000] {spark_submit.py:641} INFO - 25/02/20 07:11:28 INFO Executor: Fetching file:///home/airflow/.ivy2/jars/org.checkerframework_checker-qual-3.5.0.jar with timestamp 1740035486833
[2025-02-20T07:11:28.131+0000] {spark_submit.py:641} INFO - 25/02/20 07:11:28 INFO Utils: /home/airflow/.ivy2/jars/org.checkerframework_checker-qual-3.5.0.jar has been previously copied to /tmp/spark-fb5c848b-86aa-4bd0-8853-ef74b8537791/userFiles-6a7c8a9b-6e08-4d1c-8523-58f80b2dfe11/org.checkerframework_checker-qual-3.5.0.jar
[2025-02-20T07:11:28.148+0000] {spark_submit.py:641} INFO - 25/02/20 07:11:28 INFO Executor: Fetching spark://***-airflow-scheduler:40933/jars/postgresql-42.2.18.jar with timestamp 1740035486833
[2025-02-20T07:11:28.195+0000] {spark_submit.py:641} INFO - 25/02/20 07:11:28 INFO TransportClientFactory: Successfully created connection to ***-airflow-scheduler/172.19.0.6:40933 after 31 ms (0 ms spent in bootstraps)
[2025-02-20T07:11:28.202+0000] {spark_submit.py:641} INFO - 25/02/20 07:11:28 INFO Utils: Fetching spark://***-airflow-scheduler:40933/jars/postgresql-42.2.18.jar to /tmp/spark-fb5c848b-86aa-4bd0-8853-ef74b8537791/userFiles-6a7c8a9b-6e08-4d1c-8523-58f80b2dfe11/fetchFileTemp1290453385747213546.tmp
[2025-02-20T07:11:28.304+0000] {spark_submit.py:641} INFO - 25/02/20 07:11:28 INFO Executor: Adding file:/tmp/spark-fb5c848b-86aa-4bd0-8853-ef74b8537791/userFiles-6a7c8a9b-6e08-4d1c-8523-58f80b2dfe11/postgresql-42.2.18.jar to class loader
[2025-02-20T07:11:28.314+0000] {spark_submit.py:641} INFO - 25/02/20 07:11:28 INFO Utils: Successfully started service 'org.apache.spark.network.netty.NettyBlockTransferService' on port 38981.
[2025-02-20T07:11:28.316+0000] {spark_submit.py:641} INFO - 25/02/20 07:11:28 INFO NettyBlockTransferService: Server created on ***-airflow-scheduler:38981
[2025-02-20T07:11:28.317+0000] {spark_submit.py:641} INFO - 25/02/20 07:11:28 INFO BlockManager: Using org.apache.spark.storage.RandomBlockReplicationPolicy for block replication policy
[2025-02-20T07:11:28.324+0000] {spark_submit.py:641} INFO - 25/02/20 07:11:28 INFO BlockManagerMaster: Registering BlockManager BlockManagerId(driver, ***-airflow-scheduler, 38981, None)
[2025-02-20T07:11:28.330+0000] {spark_submit.py:641} INFO - 25/02/20 07:11:28 INFO BlockManagerMasterEndpoint: Registering block manager ***-airflow-scheduler:38981 with 434.4 MiB RAM, BlockManagerId(driver, ***-airflow-scheduler, 38981, None)
[2025-02-20T07:11:28.333+0000] {spark_submit.py:641} INFO - 25/02/20 07:11:28 INFO BlockManagerMaster: Registered BlockManager BlockManagerId(driver, ***-airflow-scheduler, 38981, None)
[2025-02-20T07:11:28.334+0000] {spark_submit.py:641} INFO - 25/02/20 07:11:28 INFO BlockManager: Initialized BlockManager: BlockManagerId(driver, ***-airflow-scheduler, 38981, None)
[2025-02-20T07:11:40.830+0000] {spark_submit.py:641} INFO - +-----------+-----------------+---------+---------------+------+-------------------+---------------+---+--------------------+-----------------+---------------------+----------+------------------+
[2025-02-20T07:11:40.832+0000] {spark_submit.py:641} INFO - |employee_id|       department|   region|      education|gender|recruitment_channel|no_of_trainings|age|previous_year_rating|length_of_service|KPIs_met_more_than_80|awards_won|avg_training_score|
[2025-02-20T07:11:40.834+0000] {spark_submit.py:641} INFO - +-----------+-----------------+---------+---------------+------+-------------------+---------------+---+--------------------+-----------------+---------------------+----------+------------------+
[2025-02-20T07:11:40.837+0000] {spark_submit.py:641} INFO - |       8724|       Technology|region_26|      Bachelors|     m|           sourcing|              1| 24|                null|                1|                    1|         0|                77|
[2025-02-20T07:11:40.839+0000] {spark_submit.py:641} INFO - |      74430|               HR| region_4|      Bachelors|     f|              other|              1| 31|                   3|                5|                    0|         0|                51|
[2025-02-20T07:11:40.840+0000] {spark_submit.py:641} INFO - |      72255|Sales & Marketing|region_13|      Bachelors|     m|              other|              1| 31|                   1|                4|                    0|         0|                47|
[2025-02-20T07:11:40.841+0000] {spark_submit.py:641} INFO - |      38562|      Procurement| region_2|      Bachelors|     f|              other|              3| 31|                   2|                9|                    0|         0|                65|
[2025-02-20T07:11:40.842+0000] {spark_submit.py:641} INFO - |      64486|          Finance|region_29|      Bachelors|     m|           sourcing|              1| 30|                   4|                7|                    0|         0|                61|
[2025-02-20T07:11:40.843+0000] {spark_submit.py:641} INFO - |      46232|      Procurement| region_7|      Bachelors|     m|           sourcing|              1| 36|                   3|                2|                    0|         0|                68|
[2025-02-20T07:11:40.845+0000] {spark_submit.py:641} INFO - |      54542|          Finance| region_2|      Bachelors|     m|              other|              1| 33|                   5|                3|                    1|         0|                57|
[2025-02-20T07:11:40.846+0000] {spark_submit.py:641} INFO - |      67269|        Analytics|region_22|      Bachelors|     m|           sourcing|              2| 36|                   3|                3|                    0|         0|                85|
[2025-02-20T07:11:40.848+0000] {spark_submit.py:641} INFO - |      66174|       Technology| region_7|Masters & above|     m|              other|              1| 51|                   4|               11|                    0|         0|                75|
[2025-02-20T07:11:40.849+0000] {spark_submit.py:641} INFO - |      76303|       Technology|region_22|      Bachelors|     m|           sourcing|              1| 29|                   5|                2|                    1|         0|                76|
[2025-02-20T07:11:40.850+0000] {spark_submit.py:641} INFO - |      60245|Sales & Marketing|region_16|      Bachelors|     m|           sourcing|              2| 40|                   5|               12|                    1|         0|                50|
[2025-02-20T07:11:40.851+0000] {spark_submit.py:641} INFO - |      42639|Sales & Marketing|region_17|Masters & above|     m|           sourcing|              1| 40|                   3|               10|                    0|         0|                46|
[2025-02-20T07:11:40.852+0000] {spark_submit.py:641} INFO - |      30963|Sales & Marketing| region_4|Masters & above|     f|              other|              1| 34|                   3|                4|                    0|         0|                52|
[2025-02-20T07:11:40.853+0000] {spark_submit.py:641} INFO - |      54055|        Analytics|region_24|      Bachelors|     m|              other|              1| 37|                   3|               10|                    0|         0|                82|
[2025-02-20T07:11:40.854+0000] {spark_submit.py:641} INFO - |      42996|       Operations|region_11|      Bachelors|     m|           sourcing|              1| 30|                   5|                6|                    1|         0|                58|
[2025-02-20T07:11:40.855+0000] {spark_submit.py:641} INFO - |      12737|Sales & Marketing| region_7|      Bachelors|     m|           sourcing|              1| 31|                   4|                4|                    1|         0|                47|
[2025-02-20T07:11:40.856+0000] {spark_submit.py:641} INFO - |      27561|       Operations|region_27|      Bachelors|     f|           sourcing|              1| 26|                   5|                3|                    0|         0|                56|
[2025-02-20T07:11:40.857+0000] {spark_submit.py:641} INFO - |      26622|Sales & Marketing|region_17|      Bachelors|     m|           sourcing|              1| 40|                   5|                6|                    1|         0|                50|
[2025-02-20T07:11:40.858+0000] {spark_submit.py:641} INFO - |      31582|      Procurement| region_7|      Bachelors|     f|              other|              1| 49|                   3|                7|                    1|         0|                64|
[2025-02-20T07:11:40.859+0000] {spark_submit.py:641} INFO - |      29793|      Procurement|region_27|      Bachelors|     m|              other|              1| 27|                   2|                5|                    0|         0|                65|
[2025-02-20T07:11:40.861+0000] {spark_submit.py:641} INFO - +-----------+-----------------+---------+---------------+------+-------------------+---------------+---+--------------------+-----------------+---------------------+----------+------------------+
[2025-02-20T07:11:40.862+0000] {spark_submit.py:641} INFO - only showing top 20 rows
[2025-02-20T07:11:40.863+0000] {spark_submit.py:641} INFO - 
[2025-02-20T07:11:41.368+0000] {spark_submit.py:641} INFO - Extract daata berhasil.
[2025-02-20T07:11:41.803+0000] {taskinstance.py:341} INFO - ::group::Post task execution logs
[2025-02-20T07:11:41.805+0000] {taskinstance.py:353} INFO - Marking task as SUCCESS. dag_id=***_v2_etl_dag, task_id=extract_task, run_id=manual__2025-02-20T07:11:18.663374+00:00, execution_date=20250220T071118, start_date=20250220T071120, end_date=20250220T071141
[2025-02-20T07:11:41.888+0000] {local_task_job_runner.py:266} INFO - Task exited with return code 0
[2025-02-20T07:11:41.923+0000] {taskinstance.py:3901} INFO - 0 downstream tasks scheduled from follow-on schedule check
[2025-02-20T07:11:41.927+0000] {local_task_job_runner.py:245} INFO - ::endgroup::
