[2025-02-20T03:03:37.124+0000] {local_task_job_runner.py:123} INFO - ::group::Pre task execution logs
[2025-02-20T03:03:37.158+0000] {taskinstance.py:2613} INFO - Dependencies all met for dep_context=non-requeueable deps ti=<TaskInstance: finprode8_v2_etl_dag.extract_task manual__2025-02-20T03:03:34.284419+00:00 [queued]>
[2025-02-20T03:03:37.171+0000] {taskinstance.py:2613} INFO - Dependencies all met for dep_context=requeueable deps ti=<TaskInstance: finprode8_v2_etl_dag.extract_task manual__2025-02-20T03:03:34.284419+00:00 [queued]>
[2025-02-20T03:03:37.173+0000] {taskinstance.py:2866} INFO - Starting attempt 1 of 1
[2025-02-20T03:03:37.189+0000] {taskinstance.py:2889} INFO - Executing <Task(SparkSubmitOperator): extract_task> on 2025-02-20 03:03:34.284419+00:00
[2025-02-20T03:03:37.196+0000] {standard_task_runner.py:72} INFO - Started process 1139 to run task
[2025-02-20T03:03:37.201+0000] {standard_task_runner.py:104} INFO - Running: ['airflow', 'tasks', 'run', '***_v2_etl_dag', 'extract_task', 'manual__2025-02-20T03:03:34.284419+00:00', '--job-id', '50', '--raw', '--subdir', 'DAGS_FOLDER/***_v2_etl_dag.py', '--cfg-path', '/tmp/tmp_1996t6_']
[2025-02-20T03:03:37.205+0000] {standard_task_runner.py:105} INFO - Job 50: Subtask extract_task
[2025-02-20T03:03:37.227+0000] {logging_mixin.py:190} WARNING - /home/airflow/.local/lib/python3.9/site-packages/airflow/settings.py:209 DeprecationWarning: The sql_alchemy_conn option in [core] has been moved to the sql_alchemy_conn option in [database] - the old setting has been used, but please update your config.
[2025-02-20T03:03:37.273+0000] {task_command.py:467} INFO - Running <TaskInstance: finprode8_v2_etl_dag.extract_task manual__2025-02-20T03:03:34.284419+00:00 [running]> on host ***-airflow-scheduler
[2025-02-20T03:03:37.386+0000] {taskinstance.py:3132} INFO - Exporting env vars: AIRFLOW_CTX_DAG_OWNER='ratih malini' AIRFLOW_CTX_DAG_ID='***_v2_etl_dag' AIRFLOW_CTX_TASK_ID='extract_task' AIRFLOW_CTX_EXECUTION_DATE='2025-02-20T03:03:34.284419+00:00' AIRFLOW_CTX_TRY_NUMBER='1' AIRFLOW_CTX_DAG_RUN_ID='manual__2025-02-20T03:03:34.284419+00:00'
[2025-02-20T03:03:37.388+0000] {taskinstance.py:731} INFO - ::endgroup::
[2025-02-20T03:03:37.434+0000] {base.py:84} INFO - Retrieving connection 'spark_main'
[2025-02-20T03:03:37.436+0000] {spark_submit.py:474} INFO - Spark-Submit cmd: spark-submit --master spark://***-spark-master:7077 --packages org.postgresql:postgresql:42.2.18 --name arrow-spark /spark-scripts/***_v2_extract.py
[2025-02-20T03:03:40.036+0000] {spark_submit.py:641} INFO - :: loading settings :: url = jar:file:/home/airflow/.local/lib/python3.9/site-packages/pyspark/jars/ivy-2.5.1.jar!/org/apache/ivy/core/settings/ivysettings.xml
[2025-02-20T03:03:40.171+0000] {spark_submit.py:641} INFO - Ivy Default Cache set to: /home/airflow/.ivy2/cache
[2025-02-20T03:03:40.173+0000] {spark_submit.py:641} INFO - The jars for the packages stored in: /home/airflow/.ivy2/jars
[2025-02-20T03:03:40.177+0000] {spark_submit.py:641} INFO - org.postgresql#postgresql added as a dependency
[2025-02-20T03:03:40.179+0000] {spark_submit.py:641} INFO - :: resolving dependencies :: org.apache.spark#spark-submit-parent-fef06fb0-a29b-49df-9eb6-b647d97b0437;1.0
[2025-02-20T03:03:40.181+0000] {spark_submit.py:641} INFO - confs: [default]
[2025-02-20T03:03:40.338+0000] {spark_submit.py:641} INFO - found org.postgresql#postgresql;42.2.18 in central
[2025-02-20T03:03:40.377+0000] {spark_submit.py:641} INFO - found org.checkerframework#checker-qual;3.5.0 in central
[2025-02-20T03:03:40.403+0000] {spark_submit.py:641} INFO - :: resolution report :: resolve 214ms :: artifacts dl 10ms
[2025-02-20T03:03:40.405+0000] {spark_submit.py:641} INFO - :: modules in use:
[2025-02-20T03:03:40.407+0000] {spark_submit.py:641} INFO - org.checkerframework#checker-qual;3.5.0 from central in [default]
[2025-02-20T03:03:40.408+0000] {spark_submit.py:641} INFO - org.postgresql#postgresql;42.2.18 from central in [default]
[2025-02-20T03:03:40.409+0000] {spark_submit.py:641} INFO - ---------------------------------------------------------------------
[2025-02-20T03:03:40.410+0000] {spark_submit.py:641} INFO - |                  |            modules            ||   artifacts   |
[2025-02-20T03:03:40.411+0000] {spark_submit.py:641} INFO - |       conf       | number| search|dwnlded|evicted|| number|dwnlded|
[2025-02-20T03:03:40.413+0000] {spark_submit.py:641} INFO - ---------------------------------------------------------------------
[2025-02-20T03:03:40.414+0000] {spark_submit.py:641} INFO - |      default     |   2   |   0   |   0   |   0   ||   2   |   0   |
[2025-02-20T03:03:40.415+0000] {spark_submit.py:641} INFO - ---------------------------------------------------------------------
[2025-02-20T03:03:40.419+0000] {spark_submit.py:641} INFO - :: retrieving :: org.apache.spark#spark-submit-parent-fef06fb0-a29b-49df-9eb6-b647d97b0437
[2025-02-20T03:03:40.422+0000] {spark_submit.py:641} INFO - confs: [default]
[2025-02-20T03:03:40.423+0000] {spark_submit.py:641} INFO - 0 artifacts copied, 2 already retrieved (0kB/11ms)
[2025-02-20T03:03:40.916+0000] {spark_submit.py:641} INFO - 25/02/20 03:03:40 WARN NativeCodeLoader: Unable to load native-hadoop library for your platform... using builtin-java classes where applicable
[2025-02-20T03:03:42.581+0000] {spark_submit.py:641} INFO - 25/02/20 03:03:42 INFO SparkContext: Running Spark version 3.3.2
[2025-02-20T03:03:42.612+0000] {spark_submit.py:641} INFO - 25/02/20 03:03:42 INFO ResourceUtils: ==============================================================
[2025-02-20T03:03:42.614+0000] {spark_submit.py:641} INFO - 25/02/20 03:03:42 INFO ResourceUtils: No custom resources configured for spark.driver.
[2025-02-20T03:03:42.615+0000] {spark_submit.py:641} INFO - 25/02/20 03:03:42 INFO ResourceUtils: ==============================================================
[2025-02-20T03:03:42.617+0000] {spark_submit.py:641} INFO - 25/02/20 03:03:42 INFO SparkContext: Submitted application: ***
[2025-02-20T03:03:42.641+0000] {spark_submit.py:641} INFO - 25/02/20 03:03:42 INFO ResourceProfile: Default ResourceProfile created, executor resources: Map(cores -> name: cores, amount: 1, script: , vendor: , memory -> name: memory, amount: 1024, script: , vendor: , offHeap -> name: offHeap, amount: 0, script: , vendor: ), task resources: Map(cpus -> name: cpus, amount: 1.0)
[2025-02-20T03:03:42.650+0000] {spark_submit.py:641} INFO - 25/02/20 03:03:42 INFO ResourceProfile: Limiting resource is cpu
[2025-02-20T03:03:42.654+0000] {spark_submit.py:641} INFO - 25/02/20 03:03:42 INFO ResourceProfileManager: Added ResourceProfile id: 0
[2025-02-20T03:03:42.724+0000] {spark_submit.py:641} INFO - 25/02/20 03:03:42 INFO SecurityManager: Changing view acls to: airflow
[2025-02-20T03:03:42.725+0000] {spark_submit.py:641} INFO - 25/02/20 03:03:42 INFO SecurityManager: Changing modify acls to: airflow
[2025-02-20T03:03:42.727+0000] {spark_submit.py:641} INFO - 25/02/20 03:03:42 INFO SecurityManager: Changing view acls groups to:
[2025-02-20T03:03:42.728+0000] {spark_submit.py:641} INFO - 25/02/20 03:03:42 INFO SecurityManager: Changing modify acls groups to:
[2025-02-20T03:03:42.730+0000] {spark_submit.py:641} INFO - 25/02/20 03:03:42 INFO SecurityManager: SecurityManager: authentication disabled; ui acls disabled; users  with view permissions: Set(airflow); groups with view permissions: Set(); users  with modify permissions: Set(airflow); groups with modify permissions: Set()
[2025-02-20T03:03:43.112+0000] {spark_submit.py:641} INFO - 25/02/20 03:03:43 INFO Utils: Successfully started service 'sparkDriver' on port 39437.
[2025-02-20T03:03:43.170+0000] {spark_submit.py:641} INFO - 25/02/20 03:03:43 INFO SparkEnv: Registering MapOutputTracker
[2025-02-20T03:03:43.229+0000] {spark_submit.py:641} INFO - 25/02/20 03:03:43 INFO SparkEnv: Registering BlockManagerMaster
[2025-02-20T03:03:43.269+0000] {spark_submit.py:641} INFO - 25/02/20 03:03:43 INFO BlockManagerMasterEndpoint: Using org.apache.spark.storage.DefaultTopologyMapper for getting topology information
[2025-02-20T03:03:43.270+0000] {spark_submit.py:641} INFO - 25/02/20 03:03:43 INFO BlockManagerMasterEndpoint: BlockManagerMasterEndpoint up
[2025-02-20T03:03:43.281+0000] {spark_submit.py:641} INFO - 25/02/20 03:03:43 INFO SparkEnv: Registering BlockManagerMasterHeartbeat
[2025-02-20T03:03:43.314+0000] {spark_submit.py:641} INFO - 25/02/20 03:03:43 INFO DiskBlockManager: Created local directory at /tmp/blockmgr-9b475598-4601-47c6-8e2c-05bc55c2cc61
[2025-02-20T03:03:43.345+0000] {spark_submit.py:641} INFO - 25/02/20 03:03:43 INFO MemoryStore: MemoryStore started with capacity 434.4 MiB
[2025-02-20T03:03:43.369+0000] {spark_submit.py:641} INFO - 25/02/20 03:03:43 INFO SparkEnv: Registering OutputCommitCoordinator
[2025-02-20T03:03:43.826+0000] {spark_submit.py:641} INFO - 25/02/20 03:03:43 INFO Utils: Successfully started service 'SparkUI' on port 4040.
[2025-02-20T03:03:43.885+0000] {spark_submit.py:641} INFO - 25/02/20 03:03:43 INFO SparkContext: Added JAR /spark-scripts/jars/postgresql-42.2.18.jar at spark://***-airflow-scheduler:39437/jars/postgresql-42.2.18.jar with timestamp 1740020622568
[2025-02-20T03:03:43.888+0000] {spark_submit.py:641} INFO - 25/02/20 03:03:43 INFO SparkContext: Added file file:///home/airflow/.ivy2/jars/org.postgresql_postgresql-42.2.18.jar at file:///home/airflow/.ivy2/jars/org.postgresql_postgresql-42.2.18.jar with timestamp 1740020622568
[2025-02-20T03:03:43.890+0000] {spark_submit.py:641} INFO - 25/02/20 03:03:43 INFO Utils: Copying /home/airflow/.ivy2/jars/org.postgresql_postgresql-42.2.18.jar to /tmp/spark-3b9f417d-ad80-4e00-a05c-373df7093096/userFiles-c271483f-0c82-474a-935c-85d2c3aef938/org.postgresql_postgresql-42.2.18.jar
[2025-02-20T03:03:43.922+0000] {spark_submit.py:641} INFO - 25/02/20 03:03:43 INFO SparkContext: Added file file:///home/airflow/.ivy2/jars/org.checkerframework_checker-qual-3.5.0.jar at file:///home/airflow/.ivy2/jars/org.checkerframework_checker-qual-3.5.0.jar with timestamp 1740020622568
[2025-02-20T03:03:43.923+0000] {spark_submit.py:641} INFO - 25/02/20 03:03:43 INFO Utils: Copying /home/airflow/.ivy2/jars/org.checkerframework_checker-qual-3.5.0.jar to /tmp/spark-3b9f417d-ad80-4e00-a05c-373df7093096/userFiles-c271483f-0c82-474a-935c-85d2c3aef938/org.checkerframework_checker-qual-3.5.0.jar
[2025-02-20T03:03:44.018+0000] {spark_submit.py:641} INFO - 25/02/20 03:03:44 INFO Executor: Starting executor ID driver on host ***-airflow-scheduler
[2025-02-20T03:03:44.025+0000] {spark_submit.py:641} INFO - 25/02/20 03:03:44 INFO Executor: Starting executor with user classpath (userClassPathFirst = false): ''
[2025-02-20T03:03:44.036+0000] {spark_submit.py:641} INFO - 25/02/20 03:03:44 INFO Executor: Fetching file:///home/airflow/.ivy2/jars/org.postgresql_postgresql-42.2.18.jar with timestamp 1740020622568
[2025-02-20T03:03:44.066+0000] {spark_submit.py:641} INFO - 25/02/20 03:03:44 INFO Utils: /home/airflow/.ivy2/jars/org.postgresql_postgresql-42.2.18.jar has been previously copied to /tmp/spark-3b9f417d-ad80-4e00-a05c-373df7093096/userFiles-c271483f-0c82-474a-935c-85d2c3aef938/org.postgresql_postgresql-42.2.18.jar
[2025-02-20T03:03:44.076+0000] {spark_submit.py:641} INFO - 25/02/20 03:03:44 INFO Executor: Fetching file:///home/airflow/.ivy2/jars/org.checkerframework_checker-qual-3.5.0.jar with timestamp 1740020622568
[2025-02-20T03:03:44.077+0000] {spark_submit.py:641} INFO - 25/02/20 03:03:44 INFO Utils: /home/airflow/.ivy2/jars/org.checkerframework_checker-qual-3.5.0.jar has been previously copied to /tmp/spark-3b9f417d-ad80-4e00-a05c-373df7093096/userFiles-c271483f-0c82-474a-935c-85d2c3aef938/org.checkerframework_checker-qual-3.5.0.jar
[2025-02-20T03:03:44.095+0000] {spark_submit.py:641} INFO - 25/02/20 03:03:44 INFO Executor: Fetching spark://***-airflow-scheduler:39437/jars/postgresql-42.2.18.jar with timestamp 1740020622568
[2025-02-20T03:03:44.142+0000] {spark_submit.py:641} INFO - 25/02/20 03:03:44 INFO TransportClientFactory: Successfully created connection to ***-airflow-scheduler/172.19.0.6:39437 after 33 ms (0 ms spent in bootstraps)
[2025-02-20T03:03:44.149+0000] {spark_submit.py:641} INFO - 25/02/20 03:03:44 INFO Utils: Fetching spark://***-airflow-scheduler:39437/jars/postgresql-42.2.18.jar to /tmp/spark-3b9f417d-ad80-4e00-a05c-373df7093096/userFiles-c271483f-0c82-474a-935c-85d2c3aef938/fetchFileTemp6817329613979832652.tmp
[2025-02-20T03:03:44.243+0000] {spark_submit.py:641} INFO - 25/02/20 03:03:44 INFO Executor: Adding file:/tmp/spark-3b9f417d-ad80-4e00-a05c-373df7093096/userFiles-c271483f-0c82-474a-935c-85d2c3aef938/postgresql-42.2.18.jar to class loader
[2025-02-20T03:03:44.253+0000] {spark_submit.py:641} INFO - 25/02/20 03:03:44 INFO Utils: Successfully started service 'org.apache.spark.network.netty.NettyBlockTransferService' on port 46013.
[2025-02-20T03:03:44.255+0000] {spark_submit.py:641} INFO - 25/02/20 03:03:44 INFO NettyBlockTransferService: Server created on ***-airflow-scheduler:46013
[2025-02-20T03:03:44.256+0000] {spark_submit.py:641} INFO - 25/02/20 03:03:44 INFO BlockManager: Using org.apache.spark.storage.RandomBlockReplicationPolicy for block replication policy
[2025-02-20T03:03:44.263+0000] {spark_submit.py:641} INFO - 25/02/20 03:03:44 INFO BlockManagerMaster: Registering BlockManager BlockManagerId(driver, ***-airflow-scheduler, 46013, None)
[2025-02-20T03:03:44.269+0000] {spark_submit.py:641} INFO - 25/02/20 03:03:44 INFO BlockManagerMasterEndpoint: Registering block manager ***-airflow-scheduler:46013 with 434.4 MiB RAM, BlockManagerId(driver, ***-airflow-scheduler, 46013, None)
[2025-02-20T03:03:44.272+0000] {spark_submit.py:641} INFO - 25/02/20 03:03:44 INFO BlockManagerMaster: Registered BlockManager BlockManagerId(driver, ***-airflow-scheduler, 46013, None)
[2025-02-20T03:03:44.274+0000] {spark_submit.py:641} INFO - 25/02/20 03:03:44 INFO BlockManager: Initialized BlockManager: BlockManagerId(driver, ***-airflow-scheduler, 46013, None)
[2025-02-20T03:03:49.671+0000] {spark_submit.py:641} INFO - ---------------- MENAMPILKAN DATASET ----------------
[2025-02-20T03:03:49.967+0000] {spark_submit.py:641} INFO - +-----------+-----------------+---------+---------------+------+-------------------+---------------+---+--------------------+-----------------+---------------------+----------+------------------+
[2025-02-20T03:03:49.969+0000] {spark_submit.py:641} INFO - |employee_id|       department|   region|      education|gender|recruitment_channel|no_of_trainings|age|previous_year_rating|length_of_service|KPIs_met_more_than_80|awards_won|avg_training_score|
[2025-02-20T03:03:49.970+0000] {spark_submit.py:641} INFO - +-----------+-----------------+---------+---------------+------+-------------------+---------------+---+--------------------+-----------------+---------------------+----------+------------------+
[2025-02-20T03:03:49.971+0000] {spark_submit.py:641} INFO - |       8724|       Technology|region_26|      Bachelors|     m|           sourcing|              1| 24|                null|                1|                    1|         0|                77|
[2025-02-20T03:03:49.972+0000] {spark_submit.py:641} INFO - |      74430|               HR| region_4|      Bachelors|     f|              other|              1| 31|                   3|                5|                    0|         0|                51|
[2025-02-20T03:03:49.973+0000] {spark_submit.py:641} INFO - |      72255|Sales & Marketing|region_13|      Bachelors|     m|              other|              1| 31|                   1|                4|                    0|         0|                47|
[2025-02-20T03:03:49.975+0000] {spark_submit.py:641} INFO - |      38562|      Procurement| region_2|      Bachelors|     f|              other|              3| 31|                   2|                9|                    0|         0|                65|
[2025-02-20T03:03:49.977+0000] {spark_submit.py:641} INFO - |      64486|          Finance|region_29|      Bachelors|     m|           sourcing|              1| 30|                   4|                7|                    0|         0|                61|
[2025-02-20T03:03:49.979+0000] {spark_submit.py:641} INFO - |      46232|      Procurement| region_7|      Bachelors|     m|           sourcing|              1| 36|                   3|                2|                    0|         0|                68|
[2025-02-20T03:03:49.981+0000] {spark_submit.py:641} INFO - |      54542|          Finance| region_2|      Bachelors|     m|              other|              1| 33|                   5|                3|                    1|         0|                57|
[2025-02-20T03:03:49.982+0000] {spark_submit.py:641} INFO - |      67269|        Analytics|region_22|      Bachelors|     m|           sourcing|              2| 36|                   3|                3|                    0|         0|                85|
[2025-02-20T03:03:49.983+0000] {spark_submit.py:641} INFO - |      66174|       Technology| region_7|Masters & above|     m|              other|              1| 51|                   4|               11|                    0|         0|                75|
[2025-02-20T03:03:49.985+0000] {spark_submit.py:641} INFO - |      76303|       Technology|region_22|      Bachelors|     m|           sourcing|              1| 29|                   5|                2|                    1|         0|                76|
[2025-02-20T03:03:49.986+0000] {spark_submit.py:641} INFO - +-----------+-----------------+---------+---------------+------+-------------------+---------------+---+--------------------+-----------------+---------------------+----------+------------------+
[2025-02-20T03:03:49.987+0000] {spark_submit.py:641} INFO - only showing top 10 rows
[2025-02-20T03:03:49.988+0000] {spark_submit.py:641} INFO - 
[2025-02-20T03:03:49.989+0000] {spark_submit.py:641} INFO - ---------------- MENAMPILKAN TIPE DATA AWAL ----------------
[2025-02-20T03:03:49.990+0000] {spark_submit.py:641} INFO - root
[2025-02-20T03:03:49.993+0000] {spark_submit.py:641} INFO - |-- employee_id: string (nullable = true)
[2025-02-20T03:03:49.995+0000] {spark_submit.py:641} INFO - |-- department: string (nullable = true)
[2025-02-20T03:03:49.998+0000] {spark_submit.py:641} INFO - |-- region: string (nullable = true)
[2025-02-20T03:03:49.999+0000] {spark_submit.py:641} INFO - |-- education: string (nullable = true)
[2025-02-20T03:03:50.000+0000] {spark_submit.py:641} INFO - |-- gender: string (nullable = true)
[2025-02-20T03:03:50.002+0000] {spark_submit.py:641} INFO - |-- recruitment_channel: string (nullable = true)
[2025-02-20T03:03:50.003+0000] {spark_submit.py:641} INFO - |-- no_of_trainings: string (nullable = true)
[2025-02-20T03:03:50.004+0000] {spark_submit.py:641} INFO - |-- age: string (nullable = true)
[2025-02-20T03:03:50.006+0000] {spark_submit.py:641} INFO - |-- previous_year_rating: string (nullable = true)
[2025-02-20T03:03:50.008+0000] {spark_submit.py:641} INFO - |-- length_of_service: string (nullable = true)
[2025-02-20T03:03:50.012+0000] {spark_submit.py:641} INFO - |-- KPIs_met_more_than_80: string (nullable = true)
[2025-02-20T03:03:50.014+0000] {spark_submit.py:641} INFO - |-- awards_won: string (nullable = true)
[2025-02-20T03:03:50.015+0000] {spark_submit.py:641} INFO - |-- avg_training_score: string (nullable = true)
[2025-02-20T03:03:50.016+0000] {spark_submit.py:641} INFO - 
[2025-02-20T03:03:50.111+0000] {spark_submit.py:641} INFO - ---------------- MENAMPILKAN TIPE DATA HASIL TRANSFORMASI ----------------
[2025-02-20T03:03:50.114+0000] {spark_submit.py:641} INFO - root
[2025-02-20T03:03:50.115+0000] {spark_submit.py:641} INFO - |-- employee_id: string (nullable = true)
[2025-02-20T03:03:50.117+0000] {spark_submit.py:641} INFO - |-- department: string (nullable = true)
[2025-02-20T03:03:50.119+0000] {spark_submit.py:641} INFO - |-- region: string (nullable = true)
[2025-02-20T03:03:50.122+0000] {spark_submit.py:641} INFO - |-- education: string (nullable = true)
[2025-02-20T03:03:50.123+0000] {spark_submit.py:641} INFO - |-- gender: string (nullable = true)
[2025-02-20T03:03:50.125+0000] {spark_submit.py:641} INFO - |-- recruitment_channel: string (nullable = true)
[2025-02-20T03:03:50.126+0000] {spark_submit.py:641} INFO - |-- no_of_trainings: integer (nullable = true)
[2025-02-20T03:03:50.128+0000] {spark_submit.py:641} INFO - |-- age: integer (nullable = true)
[2025-02-20T03:03:50.129+0000] {spark_submit.py:641} INFO - |-- previous_year_rating: integer (nullable = true)
[2025-02-20T03:03:50.130+0000] {spark_submit.py:641} INFO - |-- length_of_service: integer (nullable = true)
[2025-02-20T03:03:50.131+0000] {spark_submit.py:641} INFO - |-- KPIs_met_more_than_80: integer (nullable = true)
[2025-02-20T03:03:50.133+0000] {spark_submit.py:641} INFO - |-- awards_won: integer (nullable = true)
[2025-02-20T03:03:50.134+0000] {spark_submit.py:641} INFO - |-- avg_training_score: integer (nullable = true)
[2025-02-20T03:03:50.136+0000] {spark_submit.py:641} INFO - 
[2025-02-20T03:03:50.137+0000] {spark_submit.py:641} INFO - ---------------- MENAMPILKAN BANYAK DATA NULL DI SETIAP KOLOM ----------------
[2025-02-20T03:03:51.382+0000] {spark_submit.py:641} INFO - +----------------+---------------+-----------+--------------+-----------+------------------------+--------------------+--------+-------------------------+----------------------+--------------------------+---------------+-----------------------+
[2025-02-20T03:03:51.384+0000] {spark_submit.py:641} INFO - |employee_id_null|department_null|region_null|education_null|gender_null|recruitment_channel_null|no_of_trainings_null|age_null|previous_year_rating_null|length_of_service_null|KPIs_met_more_than_80_null|awards_won_null|avg_training_score_nuli|
[2025-02-20T03:03:51.386+0000] {spark_submit.py:641} INFO - +----------------+---------------+-----------+--------------+-----------+------------------------+--------------------+--------+-------------------------+----------------------+--------------------------+---------------+-----------------------+
[2025-02-20T03:03:51.387+0000] {spark_submit.py:641} INFO - |               0|              0|          0|           771|          0|                       0|                   0|       0|                     1363|                     0|                         0|              0|                      0|
[2025-02-20T03:03:51.388+0000] {spark_submit.py:641} INFO - +----------------+---------------+-----------+--------------+-----------+------------------------+--------------------+--------+-------------------------+----------------------+--------------------------+---------------+-----------------------+
[2025-02-20T03:03:51.390+0000] {spark_submit.py:641} INFO - 
[2025-02-20T03:03:51.391+0000] {spark_submit.py:641} INFO - ---------------- NULL HANDLING PADA KOLOM EDUCATION & PREVIOUS_YEAR_RATING ----------------
[2025-02-20T03:03:51.836+0000] {spark_submit.py:641} INFO - +--------------+-------------------------+
[2025-02-20T03:03:51.839+0000] {spark_submit.py:641} INFO - |education_null|previous_year_rating_null|
[2025-02-20T03:03:51.842+0000] {spark_submit.py:641} INFO - +--------------+-------------------------+
[2025-02-20T03:03:51.844+0000] {spark_submit.py:641} INFO - |             0|                        0|
[2025-02-20T03:03:51.845+0000] {spark_submit.py:641} INFO - +--------------+-------------------------+
[2025-02-20T03:03:51.846+0000] {spark_submit.py:641} INFO - 
[2025-02-20T03:03:51.848+0000] {spark_submit.py:641} INFO - ---------------- MENAMPILKAN BANYAK DATA DUPLIKAT BERDASARKAN EMPLOYEE_ID ----------------
[2025-02-20T03:03:53.308+0000] {spark_submit.py:641} INFO - +-----------+------+
[2025-02-20T03:03:53.317+0000] {spark_submit.py:641} INFO - |employee_id|jumlah|
[2025-02-20T03:03:53.328+0000] {spark_submit.py:641} INFO - +-----------+------+
[2025-02-20T03:03:53.330+0000] {spark_submit.py:641} INFO - |      64573|     2|
[2025-02-20T03:03:53.334+0000] {spark_submit.py:641} INFO - |      49584|     3|
[2025-02-20T03:03:53.336+0000] {spark_submit.py:641} INFO - +-----------+------+
[2025-02-20T03:03:53.338+0000] {spark_submit.py:641} INFO - 
[2025-02-20T03:03:53.341+0000] {spark_submit.py:641} INFO - ---------------- MENAMPILKAN SEMUA BARIS DAN KOLOM DARI EMPLOYEE ID YANG DUPLIKAT ----------------
[2025-02-20T03:03:53.799+0000] {spark_submit.py:641} INFO - +-----------+----------+--------+---------+------+-------------------+---------------+---+--------------------+-----------------+---------------------+----------+------------------+
[2025-02-20T03:03:53.802+0000] {spark_submit.py:641} INFO - |employee_id|department|  region|education|gender|recruitment_channel|no_of_trainings|age|previous_year_rating|length_of_service|KPIs_met_more_than_80|awards_won|avg_training_score|
[2025-02-20T03:03:53.804+0000] {spark_submit.py:641} INFO - +-----------+----------+--------+---------+------+-------------------+---------------+---+--------------------+-----------------+---------------------+----------+------------------+
[2025-02-20T03:03:53.805+0000] {spark_submit.py:641} INFO - |      49584|        HR|region_7|Bachelors|     m|              other|              1| 33|                   1|                9|                    0|         0|                51|
[2025-02-20T03:03:53.807+0000] {spark_submit.py:641} INFO - |      49584|        HR|region_7|Bachelors|     m|              other|              1| 33|                   1|                9|                    0|         0|                51|
[2025-02-20T03:03:53.808+0000] {spark_submit.py:641} INFO - |      49584|        HR|region_7|Bachelors|     m|              other|              1| 33|                   1|                9|                    0|         0|                51|
[2025-02-20T03:03:53.809+0000] {spark_submit.py:641} INFO - |      64573|Technology|region_7|Bachelors|     f|           referred|              2| 30|                   5|                6|                    1|         0|                81|
[2025-02-20T03:03:53.810+0000] {spark_submit.py:641} INFO - |      64573|        HR|region_7|Bachelors|     f|           referred|              1| 35|                   5|                4|                    1|         0|                81|
[2025-02-20T03:03:53.811+0000] {spark_submit.py:641} INFO - +-----------+----------+--------+---------+------+-------------------+---------------+---+--------------------+-----------------+---------------------+----------+------------------+
[2025-02-20T03:03:53.814+0000] {spark_submit.py:641} INFO - 
[2025-02-20T03:03:53.820+0000] {spark_submit.py:641} INFO - ---------------- MENAMPILKAN HASIL DARI DATA DUPLIKASI YANG TELAH DIHANDLE BERDASARKAN KOLOM EMPLOYEE_ID DAN DEPARTMENT ----------------
[2025-02-20T03:03:54.687+0000] {spark_submit.py:641} INFO - +-----------+----------+--------+---------+------+-------------------+---------------+---+--------------------+-----------------+---------------------+----------+------------------+
[2025-02-20T03:03:54.689+0000] {spark_submit.py:641} INFO - |employee_id|department|  region|education|gender|recruitment_channel|no_of_trainings|age|previous_year_rating|length_of_service|KPIs_met_more_than_80|awards_won|avg_training_score|
[2025-02-20T03:03:54.691+0000] {spark_submit.py:641} INFO - +-----------+----------+--------+---------+------+-------------------+---------------+---+--------------------+-----------------+---------------------+----------+------------------+
[2025-02-20T03:03:54.692+0000] {spark_submit.py:641} INFO - |      49584|        HR|region_7|Bachelors|     m|              other|              1| 33|                   1|                9|                    0|         0|                51|
[2025-02-20T03:03:54.693+0000] {spark_submit.py:641} INFO - |      64573|        HR|region_7|Bachelors|     f|           referred|              1| 35|                   5|                4|                    1|         0|                81|
[2025-02-20T03:03:54.696+0000] {spark_submit.py:641} INFO - |      64573|Technology|region_7|Bachelors|     f|           referred|              2| 30|                   5|                6|                    1|         0|                81|
[2025-02-20T03:03:54.698+0000] {spark_submit.py:641} INFO - +-----------+----------+--------+---------+------+-------------------+---------------+---+--------------------+-----------------+---------------------+----------+------------------+
[2025-02-20T03:03:54.700+0000] {spark_submit.py:641} INFO - 
[2025-02-20T03:03:57.989+0000] {spark_submit.py:641} INFO - ---------------- MENAMPILKAN DATA HASIL TRANSFORMASI YANG SUDAH DILOAD KE POSTGRES ----------------
[2025-02-20T03:03:58.257+0000] {spark_submit.py:641} INFO - +-----------+-----------------+---------+---------------+------+-------------------+---------------+---+--------------------+-----------------+---------------------+----------+------------------+
[2025-02-20T03:03:58.259+0000] {spark_submit.py:641} INFO - |employee_id|       department|   region|      education|gender|recruitment_channel|no_of_trainings|age|previous_year_rating|length_of_service|KPIs_met_more_than_80|awards_won|avg_training_score|
[2025-02-20T03:03:58.261+0000] {spark_submit.py:641} INFO - +-----------+-----------------+---------+---------------+------+-------------------+---------------+---+--------------------+-----------------+---------------------+----------+------------------+
[2025-02-20T03:03:58.265+0000] {spark_submit.py:641} INFO - |      10009|Sales & Marketing| region_2|        unknown|     m|           sourcing|              2| 21|                   0|                1|                    0|         0|                52|
[2025-02-20T03:03:58.268+0000] {spark_submit.py:641} INFO - |       1001|            Legal| region_2|      Bachelors|     m|              other|              1| 31|                   0|                1|                    0|         0|                58|
[2025-02-20T03:03:58.270+0000] {spark_submit.py:641} INFO - |      10012|            Legal|region_22|      Bachelors|     m|           sourcing|              1| 28|                   5|                4|                    1|         0|                60|
[2025-02-20T03:03:58.271+0000] {spark_submit.py:641} INFO - |      10019|Sales & Marketing|region_18|      Bachelors|     m|           sourcing|              1| 28|                   0|                1|                    0|         0|                44|
[2025-02-20T03:03:58.273+0000] {spark_submit.py:641} INFO - |      10021|Sales & Marketing|region_15|      Bachelors|     f|           sourcing|              1| 41|                   1|                7|                    1|         0|                47|
[2025-02-20T03:03:58.274+0000] {spark_submit.py:641} INFO - |      10024|       Technology| region_2|Below Secondary|     f|              other|              1| 22|                   0|                1|                    1|         0|                82|
[2025-02-20T03:03:58.277+0000] {spark_submit.py:641} INFO - |       1003|               HR| region_2|Masters & above|     m|              other|              1| 39|                   4|                8|                    0|         0|                49|
[2025-02-20T03:03:58.278+0000] {spark_submit.py:641} INFO - |      10034|               HR| region_2|      Bachelors|     f|           referred|              1| 25|                   0|                1|                    1|         0|                55|
[2025-02-20T03:03:58.280+0000] {spark_submit.py:641} INFO - |      10035|       Operations| region_2|Masters & above|     m|           sourcing|              2| 44|                   5|                7|                    1|         0|                61|
[2025-02-20T03:03:58.283+0000] {spark_submit.py:641} INFO - |      10036|       Technology|region_26|Masters & above|     m|              other|              1| 40|                   5|                4|                    1|         0|                78|
[2025-02-20T03:03:58.285+0000] {spark_submit.py:641} INFO - |      10038|      Procurement|region_29|      Bachelors|     f|              other|              1| 31|                   4|                3|                    0|         0|                71|
[2025-02-20T03:03:58.287+0000] {spark_submit.py:641} INFO - |      10043|       Operations|region_13|Masters & above|     m|              other|              1| 52|                   5|               17|                    0|         0|                70|
[2025-02-20T03:03:58.289+0000] {spark_submit.py:641} INFO - |      10048|       Operations| region_2|Masters & above|     f|           sourcing|              1| 38|                   5|                4|                    1|         0|                58|
[2025-02-20T03:03:58.291+0000] {spark_submit.py:641} INFO - |      10050|            Legal| region_2|      Bachelors|     m|           sourcing|              1| 46|                   5|                6|                    0|         0|                61|
[2025-02-20T03:03:58.293+0000] {spark_submit.py:641} INFO - |      10055|Sales & Marketing| region_2|        unknown|     m|              other|              1| 27|                   1|                4|                    0|         0|                49|
[2025-02-20T03:03:58.295+0000] {spark_submit.py:641} INFO - |      10059|        Analytics|region_34|      Bachelors|     m|           sourcing|              3| 27|                   3|                2|                    0|         0|                83|
[2025-02-20T03:03:58.298+0000] {spark_submit.py:641} INFO - |      10076|Sales & Marketing| region_2|      Bachelors|     f|           sourcing|              1| 27|                   1|                3|                    0|         0|                44|
[2025-02-20T03:03:58.300+0000] {spark_submit.py:641} INFO - |      10077|Sales & Marketing|region_22|      Bachelors|     m|           sourcing|              2| 31|                   2|                3|                    0|         0|                46|
[2025-02-20T03:03:58.301+0000] {spark_submit.py:641} INFO - |      10088|               HR| region_2|      Bachelors|     m|           sourcing|              1| 35|                   1|                3|                    1|         0|                48|
[2025-02-20T03:03:58.303+0000] {spark_submit.py:641} INFO - |       1009|       Operations| region_4|Masters & above|     m|           sourcing|              1| 48|                   3|               16|                    0|         0|                61|
[2025-02-20T03:03:58.304+0000] {spark_submit.py:641} INFO - +-----------+-----------------+---------+---------------+------+-------------------+---------------+---+--------------------+-----------------+---------------------+----------+------------------+
[2025-02-20T03:03:58.306+0000] {spark_submit.py:641} INFO - only showing top 20 rows
[2025-02-20T03:03:58.307+0000] {spark_submit.py:641} INFO - 
[2025-02-20T03:03:59.235+0000] {taskinstance.py:340} INFO - ::group::Post task execution logs
[2025-02-20T03:03:59.240+0000] {taskinstance.py:352} INFO - Marking task as SUCCESS. dag_id=***_v2_etl_dag, task_id=extract_task, run_id=manual__2025-02-20T03:03:34.284419+00:00, execution_date=20250220T030334, start_date=20250220T030337, end_date=20250220T030359
[2025-02-20T03:03:59.314+0000] {local_task_job_runner.py:266} INFO - Task exited with return code 0
[2025-02-20T03:03:59.381+0000] {taskinstance.py:3895} INFO - 0 downstream tasks scheduled from follow-on schedule check
[2025-02-20T03:03:59.385+0000] {local_task_job_runner.py:245} INFO - ::endgroup::
