[2025-02-22T00:59:15.600+0000] {local_task_job_runner.py:123} INFO - ::group::Pre task execution logs
[2025-02-22T00:59:15.653+0000] {taskinstance.py:2614} INFO - Dependencies all met for dep_context=non-requeueable deps ti=<TaskInstance: finprode8_v2_etl_dag.extract_task manual__2025-02-22T00:59:13.297953+00:00 [queued]>
[2025-02-22T00:59:15.684+0000] {taskinstance.py:2614} INFO - Dependencies all met for dep_context=requeueable deps ti=<TaskInstance: finprode8_v2_etl_dag.extract_task manual__2025-02-22T00:59:13.297953+00:00 [queued]>
[2025-02-22T00:59:15.687+0000] {taskinstance.py:2867} INFO - Starting attempt 1 of 1
[2025-02-22T00:59:15.717+0000] {taskinstance.py:2890} INFO - Executing <Task(SparkSubmitOperator): extract_task> on 2025-02-22 00:59:13.297953+00:00
[2025-02-22T00:59:15.724+0000] {standard_task_runner.py:72} INFO - Started process 13622 to run task
[2025-02-22T00:59:15.728+0000] {standard_task_runner.py:104} INFO - Running: ['airflow', 'tasks', 'run', '***_v2_etl_dag', 'extract_task', 'manual__2025-02-22T00:59:13.297953+00:00', '--job-id', '87', '--raw', '--subdir', 'DAGS_FOLDER/***_v2_etl_dag.py', '--cfg-path', '/tmp/tmpx3rqxm7_']
[2025-02-22T00:59:15.734+0000] {standard_task_runner.py:105} INFO - Job 87: Subtask extract_task
[2025-02-22T00:59:15.758+0000] {logging_mixin.py:190} WARNING - /home/airflow/.local/lib/python3.9/site-packages/airflow/settings.py:209 DeprecationWarning: The sql_alchemy_conn option in [core] has been moved to the sql_alchemy_conn option in [database] - the old setting has been used, but please update your config.
[2025-02-22T00:59:15.807+0000] {task_command.py:467} INFO - Running <TaskInstance: finprode8_v2_etl_dag.extract_task manual__2025-02-22T00:59:13.297953+00:00 [running]> on host ***-airflow-scheduler
[2025-02-22T00:59:15.914+0000] {taskinstance.py:3134} INFO - Exporting env vars: AIRFLOW_CTX_DAG_OWNER='ratih malini' AIRFLOW_CTX_DAG_ID='***_v2_etl_dag' AIRFLOW_CTX_TASK_ID='extract_task' AIRFLOW_CTX_EXECUTION_DATE='2025-02-22T00:59:13.297953+00:00' AIRFLOW_CTX_TRY_NUMBER='1' AIRFLOW_CTX_DAG_RUN_ID='manual__2025-02-22T00:59:13.297953+00:00'
[2025-02-22T00:59:15.917+0000] {taskinstance.py:732} INFO - ::endgroup::
[2025-02-22T00:59:15.981+0000] {base.py:84} INFO - Retrieving connection 'spark_main'
[2025-02-22T00:59:15.984+0000] {spark_submit.py:474} INFO - Spark-Submit cmd: spark-submit --master spark://***-spark-master:7077 --name arrow-spark /spark-scripts/***_v2_extract.py
[2025-02-22T00:59:21.060+0000] {spark_submit.py:641} INFO - 25/02/22 00:59:21 INFO SparkContext: Running Spark version 3.3.2
[2025-02-22T00:59:21.200+0000] {spark_submit.py:641} INFO - 25/02/22 00:59:21 WARN NativeCodeLoader: Unable to load native-hadoop library for your platform... using builtin-java classes where applicable
[2025-02-22T00:59:21.392+0000] {spark_submit.py:641} INFO - 25/02/22 00:59:21 INFO ResourceUtils: ==============================================================
[2025-02-22T00:59:21.394+0000] {spark_submit.py:641} INFO - 25/02/22 00:59:21 INFO ResourceUtils: No custom resources configured for spark.driver.
[2025-02-22T00:59:21.396+0000] {spark_submit.py:641} INFO - 25/02/22 00:59:21 INFO ResourceUtils: ==============================================================
[2025-02-22T00:59:21.398+0000] {spark_submit.py:641} INFO - 25/02/22 00:59:21 INFO SparkContext: Submitted application: ***_extract
[2025-02-22T00:59:21.424+0000] {spark_submit.py:641} INFO - 25/02/22 00:59:21 INFO ResourceProfile: Default ResourceProfile created, executor resources: Map(cores -> name: cores, amount: 1, script: , vendor: , memory -> name: memory, amount: 1024, script: , vendor: , offHeap -> name: offHeap, amount: 0, script: , vendor: ), task resources: Map(cpus -> name: cpus, amount: 1.0)
[2025-02-22T00:59:21.434+0000] {spark_submit.py:641} INFO - 25/02/22 00:59:21 INFO ResourceProfile: Limiting resource is cpu
[2025-02-22T00:59:21.436+0000] {spark_submit.py:641} INFO - 25/02/22 00:59:21 INFO ResourceProfileManager: Added ResourceProfile id: 0
[2025-02-22T00:59:21.511+0000] {spark_submit.py:641} INFO - 25/02/22 00:59:21 INFO SecurityManager: Changing view acls to: airflow
[2025-02-22T00:59:21.513+0000] {spark_submit.py:641} INFO - 25/02/22 00:59:21 INFO SecurityManager: Changing modify acls to: airflow
[2025-02-22T00:59:21.514+0000] {spark_submit.py:641} INFO - 25/02/22 00:59:21 INFO SecurityManager: Changing view acls groups to:
[2025-02-22T00:59:21.516+0000] {spark_submit.py:641} INFO - 25/02/22 00:59:21 INFO SecurityManager: Changing modify acls groups to:
[2025-02-22T00:59:21.518+0000] {spark_submit.py:641} INFO - 25/02/22 00:59:21 INFO SecurityManager: SecurityManager: authentication disabled; ui acls disabled; users  with view permissions: Set(airflow); groups with view permissions: Set(); users  with modify permissions: Set(airflow); groups with modify permissions: Set()
[2025-02-22T00:59:21.906+0000] {spark_submit.py:641} INFO - 25/02/22 00:59:21 INFO Utils: Successfully started service 'sparkDriver' on port 37999.
[2025-02-22T00:59:21.981+0000] {spark_submit.py:641} INFO - 25/02/22 00:59:21 INFO SparkEnv: Registering MapOutputTracker
[2025-02-22T00:59:22.040+0000] {spark_submit.py:641} INFO - 25/02/22 00:59:22 INFO SparkEnv: Registering BlockManagerMaster
[2025-02-22T00:59:22.077+0000] {spark_submit.py:641} INFO - 25/02/22 00:59:22 INFO BlockManagerMasterEndpoint: Using org.apache.spark.storage.DefaultTopologyMapper for getting topology information
[2025-02-22T00:59:22.079+0000] {spark_submit.py:641} INFO - 25/02/22 00:59:22 INFO BlockManagerMasterEndpoint: BlockManagerMasterEndpoint up
[2025-02-22T00:59:22.084+0000] {spark_submit.py:641} INFO - 25/02/22 00:59:22 INFO SparkEnv: Registering BlockManagerMasterHeartbeat
[2025-02-22T00:59:22.127+0000] {spark_submit.py:641} INFO - 25/02/22 00:59:22 INFO DiskBlockManager: Created local directory at /tmp/blockmgr-afb761a3-5710-4fb1-8150-1be22c8b80eb
[2025-02-22T00:59:22.146+0000] {spark_submit.py:641} INFO - 25/02/22 00:59:22 INFO MemoryStore: MemoryStore started with capacity 434.4 MiB
[2025-02-22T00:59:22.163+0000] {spark_submit.py:641} INFO - 25/02/22 00:59:22 INFO SparkEnv: Registering OutputCommitCoordinator
[2025-02-22T00:59:22.401+0000] {spark_submit.py:641} INFO - 25/02/22 00:59:22 INFO Utils: Successfully started service 'SparkUI' on port 4040.
[2025-02-22T00:59:22.541+0000] {spark_submit.py:641} INFO - 25/02/22 00:59:22 INFO Executor: Starting executor ID driver on host ***-airflow-scheduler
[2025-02-22T00:59:22.572+0000] {spark_submit.py:641} INFO - 25/02/22 00:59:22 INFO Executor: Starting executor with user classpath (userClassPathFirst = false): ''
[2025-02-22T00:59:22.598+0000] {spark_submit.py:641} INFO - 25/02/22 00:59:22 INFO Utils: Successfully started service 'org.apache.spark.network.netty.NettyBlockTransferService' on port 35915.
[2025-02-22T00:59:22.602+0000] {spark_submit.py:641} INFO - 25/02/22 00:59:22 INFO NettyBlockTransferService: Server created on ***-airflow-scheduler:35915
[2025-02-22T00:59:22.604+0000] {spark_submit.py:641} INFO - 25/02/22 00:59:22 INFO BlockManager: Using org.apache.spark.storage.RandomBlockReplicationPolicy for block replication policy
[2025-02-22T00:59:22.616+0000] {spark_submit.py:641} INFO - 25/02/22 00:59:22 INFO BlockManagerMaster: Registering BlockManager BlockManagerId(driver, ***-airflow-scheduler, 35915, None)
[2025-02-22T00:59:22.625+0000] {spark_submit.py:641} INFO - 25/02/22 00:59:22 INFO BlockManagerMasterEndpoint: Registering block manager ***-airflow-scheduler:35915 with 434.4 MiB RAM, BlockManagerId(driver, ***-airflow-scheduler, 35915, None)
[2025-02-22T00:59:22.629+0000] {spark_submit.py:641} INFO - 25/02/22 00:59:22 INFO BlockManagerMaster: Registered BlockManager BlockManagerId(driver, ***-airflow-scheduler, 35915, None)
[2025-02-22T00:59:22.631+0000] {spark_submit.py:641} INFO - 25/02/22 00:59:22 INFO BlockManager: Initialized BlockManager: BlockManagerId(driver, ***-airflow-scheduler, 35915, None)
[2025-02-22T00:59:32.066+0000] {spark_submit.py:641} INFO - ---------------- MENAMPILKAN DATA HASIL EXTRACT ----------------
[2025-02-22T00:59:32.270+0000] {spark_submit.py:641} INFO - +-----------+-----------------+---------+---------+------+-------------------+---------------+---+--------------------+-----------------+---------------------+----------+------------------+
[2025-02-22T00:59:32.272+0000] {spark_submit.py:641} INFO - |employee_id|       department|   region|education|gender|recruitment_channel|no_of_trainings|age|previous_year_rating|length_of_service|KPIs_met_more_than_80|awards_won|avg_training_score|
[2025-02-22T00:59:32.274+0000] {spark_submit.py:641} INFO - +-----------+-----------------+---------+---------+------+-------------------+---------------+---+--------------------+-----------------+---------------------+----------+------------------+
[2025-02-22T00:59:32.275+0000] {spark_submit.py:641} INFO - |       8724|       Technology|region_26|Bachelors|     m|           sourcing|              1| 24|                null|                1|                    1|         0|                77|
[2025-02-22T00:59:32.276+0000] {spark_submit.py:641} INFO - |      74430|               HR| region_4|Bachelors|     f|              other|              1| 31|                   3|                5|                    0|         0|                51|
[2025-02-22T00:59:32.277+0000] {spark_submit.py:641} INFO - |      72255|Sales & Marketing|region_13|Bachelors|     m|              other|              1| 31|                   1|                4|                    0|         0|                47|
[2025-02-22T00:59:32.278+0000] {spark_submit.py:641} INFO - |      38562|      Procurement| region_2|Bachelors|     f|              other|              3| 31|                   2|                9|                    0|         0|                65|
[2025-02-22T00:59:32.280+0000] {spark_submit.py:641} INFO - |      64486|          Finance|region_29|Bachelors|     m|           sourcing|              1| 30|                   4|                7|                    0|         0|                61|
[2025-02-22T00:59:32.281+0000] {spark_submit.py:641} INFO - +-----------+-----------------+---------+---------+------+-------------------+---------------+---+--------------------+-----------------+---------------------+----------+------------------+
[2025-02-22T00:59:32.282+0000] {spark_submit.py:641} INFO - only showing top 5 rows
[2025-02-22T00:59:32.284+0000] {spark_submit.py:641} INFO - 
[2025-02-22T00:59:32.285+0000] {spark_submit.py:641} INFO - root
[2025-02-22T00:59:32.286+0000] {spark_submit.py:641} INFO - |-- employee_id: integer (nullable = true)
[2025-02-22T00:59:32.287+0000] {spark_submit.py:641} INFO - |-- department: string (nullable = true)
[2025-02-22T00:59:32.288+0000] {spark_submit.py:641} INFO - |-- region: string (nullable = true)
[2025-02-22T00:59:32.289+0000] {spark_submit.py:641} INFO - |-- education: string (nullable = true)
[2025-02-22T00:59:32.291+0000] {spark_submit.py:641} INFO - |-- gender: string (nullable = true)
[2025-02-22T00:59:32.292+0000] {spark_submit.py:641} INFO - |-- recruitment_channel: string (nullable = true)
[2025-02-22T00:59:32.293+0000] {spark_submit.py:641} INFO - |-- no_of_trainings: integer (nullable = true)
[2025-02-22T00:59:32.295+0000] {spark_submit.py:641} INFO - |-- age: integer (nullable = true)
[2025-02-22T00:59:32.296+0000] {spark_submit.py:641} INFO - |-- previous_year_rating: integer (nullable = true)
[2025-02-22T00:59:32.298+0000] {spark_submit.py:641} INFO - |-- length_of_service: integer (nullable = true)
[2025-02-22T00:59:32.299+0000] {spark_submit.py:641} INFO - |-- KPIs_met_more_than_80: integer (nullable = true)
[2025-02-22T00:59:32.300+0000] {spark_submit.py:641} INFO - |-- awards_won: integer (nullable = true)
[2025-02-22T00:59:32.302+0000] {spark_submit.py:641} INFO - |-- avg_training_score: integer (nullable = true)
[2025-02-22T00:59:32.303+0000] {spark_submit.py:641} INFO - 
[2025-02-22T00:59:32.883+0000] {spark_submit.py:641} INFO - Jumlah baris dalam DataFrame : 17417
[2025-02-22T00:59:32.887+0000] {spark_submit.py:641} INFO - Isi folder data/extracted.parquet :
[2025-02-22T00:59:32.889+0000] {spark_submit.py:641} INFO - ['_SUCCESS', 'part-00000-83993cd2-0917-4a32-a8a8-829d7a652dc9-c000.snappy.parquet', '.part-00000-83993cd2-0917-4a32-a8a8-829d7a652dc9-c000.snappy.parquet.crc', '._SUCCESS.crc']
[2025-02-22T00:59:32.892+0000] {spark_submit.py:641} INFO - Extract data berhasil.
[2025-02-22T00:59:33.810+0000] {taskinstance.py:341} INFO - ::group::Post task execution logs
[2025-02-22T00:59:33.813+0000] {taskinstance.py:353} INFO - Marking task as SUCCESS. dag_id=***_v2_etl_dag, task_id=extract_task, run_id=manual__2025-02-22T00:59:13.297953+00:00, execution_date=20250222T005913, start_date=20250222T005915, end_date=20250222T005933
[2025-02-22T00:59:33.917+0000] {local_task_job_runner.py:266} INFO - Task exited with return code 0
[2025-02-22T00:59:33.958+0000] {taskinstance.py:3901} INFO - 1 downstream tasks scheduled from follow-on schedule check
[2025-02-22T00:59:33.961+0000] {local_task_job_runner.py:245} INFO - ::endgroup::
