[2025-02-21T09:36:07.359+0000] {local_task_job_runner.py:123} INFO - ::group::Pre task execution logs
[2025-02-21T09:36:07.382+0000] {taskinstance.py:2614} INFO - Dependencies all met for dep_context=non-requeueable deps ti=<TaskInstance: finprode8_v2_etl_dag.load_task manual__2025-02-21T09:21:09.662952+00:00 [queued]>
[2025-02-21T09:36:07.395+0000] {taskinstance.py:2614} INFO - Dependencies all met for dep_context=requeueable deps ti=<TaskInstance: finprode8_v2_etl_dag.load_task manual__2025-02-21T09:21:09.662952+00:00 [queued]>
[2025-02-21T09:36:07.398+0000] {taskinstance.py:2867} INFO - Starting attempt 4 of 4
[2025-02-21T09:36:07.416+0000] {taskinstance.py:2890} INFO - Executing <Task(SparkSubmitOperator): load_task> on 2025-02-21 09:21:09.662952+00:00
[2025-02-21T09:36:07.423+0000] {standard_task_runner.py:72} INFO - Started process 3334 to run task
[2025-02-21T09:36:07.427+0000] {standard_task_runner.py:104} INFO - Running: ['airflow', 'tasks', 'run', '***_v2_etl_dag', 'load_task', 'manual__2025-02-21T09:21:09.662952+00:00', '--job-id', '135', '--raw', '--subdir', 'DAGS_FOLDER/***_v2_etl_dag.py', '--cfg-path', '/tmp/tmpwhiwobz6']
[2025-02-21T09:36:07.430+0000] {standard_task_runner.py:105} INFO - Job 135: Subtask load_task
[2025-02-21T09:36:07.452+0000] {logging_mixin.py:190} WARNING - /home/airflow/.local/lib/python3.9/site-packages/airflow/settings.py:209 DeprecationWarning: The sql_alchemy_conn option in [core] has been moved to the sql_alchemy_conn option in [database] - the old setting has been used, but please update your config.
[2025-02-21T09:36:07.492+0000] {task_command.py:467} INFO - Running <TaskInstance: finprode8_v2_etl_dag.load_task manual__2025-02-21T09:21:09.662952+00:00 [running]> on host ***-airflow-scheduler
[2025-02-21T09:36:07.579+0000] {taskinstance.py:3134} INFO - Exporting env vars: AIRFLOW_CTX_DAG_OWNER='ratih malini' AIRFLOW_CTX_DAG_ID='***_v2_etl_dag' AIRFLOW_CTX_TASK_ID='load_task' AIRFLOW_CTX_EXECUTION_DATE='2025-02-21T09:21:09.662952+00:00' AIRFLOW_CTX_TRY_NUMBER='4' AIRFLOW_CTX_DAG_RUN_ID='manual__2025-02-21T09:21:09.662952+00:00'
[2025-02-21T09:36:07.583+0000] {taskinstance.py:732} INFO - ::endgroup::
[2025-02-21T09:36:07.613+0000] {base.py:84} INFO - Retrieving connection 'spark_main'
[2025-02-21T09:36:07.616+0000] {spark_submit.py:474} INFO - Spark-Submit cmd: spark-submit --master spark://***-spark-master:7077 --packages org.postgresql:postgresql:42.2.18 --name arrow-spark /spark-scripts/***_v2_load.py
[2025-02-21T09:36:10.807+0000] {spark_submit.py:641} INFO - :: loading settings :: url = jar:file:/home/airflow/.local/lib/python3.9/site-packages/pyspark/jars/ivy-2.5.1.jar!/org/apache/ivy/core/settings/ivysettings.xml
[2025-02-21T09:36:10.911+0000] {spark_submit.py:641} INFO - Ivy Default Cache set to: /home/airflow/.ivy2/cache
[2025-02-21T09:36:10.913+0000] {spark_submit.py:641} INFO - The jars for the packages stored in: /home/airflow/.ivy2/jars
[2025-02-21T09:36:10.917+0000] {spark_submit.py:641} INFO - org.postgresql#postgresql added as a dependency
[2025-02-21T09:36:10.919+0000] {spark_submit.py:641} INFO - :: resolving dependencies :: org.apache.spark#spark-submit-parent-2e94a1d5-2fb7-4477-b9f3-acb8fe84c3e0;1.0
[2025-02-21T09:36:10.921+0000] {spark_submit.py:641} INFO - confs: [default]
[2025-02-21T09:36:11.123+0000] {spark_submit.py:641} INFO - found org.postgresql#postgresql;42.2.18 in central
[2025-02-21T09:36:11.159+0000] {spark_submit.py:641} INFO - found org.checkerframework#checker-qual;3.5.0 in central
[2025-02-21T09:36:11.180+0000] {spark_submit.py:641} INFO - :: resolution report :: resolve 252ms :: artifacts dl 9ms
[2025-02-21T09:36:11.182+0000] {spark_submit.py:641} INFO - :: modules in use:
[2025-02-21T09:36:11.183+0000] {spark_submit.py:641} INFO - org.checkerframework#checker-qual;3.5.0 from central in [default]
[2025-02-21T09:36:11.185+0000] {spark_submit.py:641} INFO - org.postgresql#postgresql;42.2.18 from central in [default]
[2025-02-21T09:36:11.186+0000] {spark_submit.py:641} INFO - ---------------------------------------------------------------------
[2025-02-21T09:36:11.188+0000] {spark_submit.py:641} INFO - |                  |            modules            ||   artifacts   |
[2025-02-21T09:36:11.192+0000] {spark_submit.py:641} INFO - |       conf       | number| search|dwnlded|evicted|| number|dwnlded|
[2025-02-21T09:36:11.194+0000] {spark_submit.py:641} INFO - ---------------------------------------------------------------------
[2025-02-21T09:36:11.196+0000] {spark_submit.py:641} INFO - |      default     |   2   |   0   |   0   |   0   ||   2   |   0   |
[2025-02-21T09:36:11.198+0000] {spark_submit.py:641} INFO - ---------------------------------------------------------------------
[2025-02-21T09:36:11.199+0000] {spark_submit.py:641} INFO - :: retrieving :: org.apache.spark#spark-submit-parent-2e94a1d5-2fb7-4477-b9f3-acb8fe84c3e0
[2025-02-21T09:36:11.201+0000] {spark_submit.py:641} INFO - confs: [default]
[2025-02-21T09:36:11.203+0000] {spark_submit.py:641} INFO - 0 artifacts copied, 2 already retrieved (0kB/10ms)
[2025-02-21T09:36:11.529+0000] {spark_submit.py:641} INFO - 25/02/21 09:36:11 WARN NativeCodeLoader: Unable to load native-hadoop library for your platform... using builtin-java classes where applicable
[2025-02-21T09:36:12.770+0000] {spark_submit.py:641} INFO - 25/02/21 09:36:12 INFO SparkContext: Running Spark version 3.3.2
[2025-02-21T09:36:12.810+0000] {spark_submit.py:641} INFO - 25/02/21 09:36:12 INFO ResourceUtils: ==============================================================
[2025-02-21T09:36:12.813+0000] {spark_submit.py:641} INFO - 25/02/21 09:36:12 INFO ResourceUtils: No custom resources configured for spark.driver.
[2025-02-21T09:36:12.815+0000] {spark_submit.py:641} INFO - 25/02/21 09:36:12 INFO ResourceUtils: ==============================================================
[2025-02-21T09:36:12.816+0000] {spark_submit.py:641} INFO - 25/02/21 09:36:12 INFO SparkContext: Submitted application: ***_transform
[2025-02-21T09:36:12.848+0000] {spark_submit.py:641} INFO - 25/02/21 09:36:12 INFO ResourceProfile: Default ResourceProfile created, executor resources: Map(cores -> name: cores, amount: 1, script: , vendor: , memory -> name: memory, amount: 1024, script: , vendor: , offHeap -> name: offHeap, amount: 0, script: , vendor: ), task resources: Map(cpus -> name: cpus, amount: 1.0)
[2025-02-21T09:36:12.861+0000] {spark_submit.py:641} INFO - 25/02/21 09:36:12 INFO ResourceProfile: Limiting resource is cpu
[2025-02-21T09:36:12.864+0000] {spark_submit.py:641} INFO - 25/02/21 09:36:12 INFO ResourceProfileManager: Added ResourceProfile id: 0
[2025-02-21T09:36:12.936+0000] {spark_submit.py:641} INFO - 25/02/21 09:36:12 INFO SecurityManager: Changing view acls to: airflow
[2025-02-21T09:36:12.938+0000] {spark_submit.py:641} INFO - 25/02/21 09:36:12 INFO SecurityManager: Changing modify acls to: airflow
[2025-02-21T09:36:12.941+0000] {spark_submit.py:641} INFO - 25/02/21 09:36:12 INFO SecurityManager: Changing view acls groups to:
[2025-02-21T09:36:12.942+0000] {spark_submit.py:641} INFO - 25/02/21 09:36:12 INFO SecurityManager: Changing modify acls groups to:
[2025-02-21T09:36:12.944+0000] {spark_submit.py:641} INFO - 25/02/21 09:36:12 INFO SecurityManager: SecurityManager: authentication disabled; ui acls disabled; users  with view permissions: Set(airflow); groups with view permissions: Set(); users  with modify permissions: Set(airflow); groups with modify permissions: Set()
[2025-02-21T09:36:13.218+0000] {spark_submit.py:641} INFO - 25/02/21 09:36:13 INFO Utils: Successfully started service 'sparkDriver' on port 38249.
[2025-02-21T09:36:13.281+0000] {spark_submit.py:641} INFO - 25/02/21 09:36:13 INFO SparkEnv: Registering MapOutputTracker
[2025-02-21T09:36:13.320+0000] {spark_submit.py:641} INFO - 25/02/21 09:36:13 INFO SparkEnv: Registering BlockManagerMaster
[2025-02-21T09:36:13.343+0000] {spark_submit.py:641} INFO - 25/02/21 09:36:13 INFO BlockManagerMasterEndpoint: Using org.apache.spark.storage.DefaultTopologyMapper for getting topology information
[2025-02-21T09:36:13.345+0000] {spark_submit.py:641} INFO - 25/02/21 09:36:13 INFO BlockManagerMasterEndpoint: BlockManagerMasterEndpoint up
[2025-02-21T09:36:13.349+0000] {spark_submit.py:641} INFO - 25/02/21 09:36:13 INFO SparkEnv: Registering BlockManagerMasterHeartbeat
[2025-02-21T09:36:13.372+0000] {spark_submit.py:641} INFO - 25/02/21 09:36:13 INFO DiskBlockManager: Created local directory at /tmp/blockmgr-6bf854f9-e273-41d7-abcb-7ca59b93f50a
[2025-02-21T09:36:13.396+0000] {spark_submit.py:641} INFO - 25/02/21 09:36:13 INFO MemoryStore: MemoryStore started with capacity 434.4 MiB
[2025-02-21T09:36:13.416+0000] {spark_submit.py:641} INFO - 25/02/21 09:36:13 INFO SparkEnv: Registering OutputCommitCoordinator
[2025-02-21T09:36:13.655+0000] {spark_submit.py:641} INFO - 25/02/21 09:36:13 INFO Utils: Successfully started service 'SparkUI' on port 4040.
[2025-02-21T09:36:13.713+0000] {spark_submit.py:641} INFO - 25/02/21 09:36:13 INFO SparkContext: Added JAR /spark-scripts/jars/postgresql-42.2.18.jar at spark://***-airflow-scheduler:38249/jars/postgresql-42.2.18.jar with timestamp 1740130572758
[2025-02-21T09:36:13.715+0000] {spark_submit.py:641} INFO - 25/02/21 09:36:13 INFO SparkContext: Added file file:///home/airflow/.ivy2/jars/org.postgresql_postgresql-42.2.18.jar at file:///home/airflow/.ivy2/jars/org.postgresql_postgresql-42.2.18.jar with timestamp 1740130572758
[2025-02-21T09:36:13.717+0000] {spark_submit.py:641} INFO - 25/02/21 09:36:13 INFO Utils: Copying /home/airflow/.ivy2/jars/org.postgresql_postgresql-42.2.18.jar to /tmp/spark-97135057-34ba-4abd-a030-b8381ac2961a/userFiles-e97a5a61-e222-4a56-9dec-34825f57339f/org.postgresql_postgresql-42.2.18.jar
[2025-02-21T09:36:13.731+0000] {spark_submit.py:641} INFO - 25/02/21 09:36:13 INFO SparkContext: Added file file:///home/airflow/.ivy2/jars/org.checkerframework_checker-qual-3.5.0.jar at file:///home/airflow/.ivy2/jars/org.checkerframework_checker-qual-3.5.0.jar with timestamp 1740130572758
[2025-02-21T09:36:13.733+0000] {spark_submit.py:641} INFO - 25/02/21 09:36:13 INFO Utils: Copying /home/airflow/.ivy2/jars/org.checkerframework_checker-qual-3.5.0.jar to /tmp/spark-97135057-34ba-4abd-a030-b8381ac2961a/userFiles-e97a5a61-e222-4a56-9dec-34825f57339f/org.checkerframework_checker-qual-3.5.0.jar
[2025-02-21T09:36:13.814+0000] {spark_submit.py:641} INFO - 25/02/21 09:36:13 INFO Executor: Starting executor ID driver on host ***-airflow-scheduler
[2025-02-21T09:36:13.820+0000] {spark_submit.py:641} INFO - 25/02/21 09:36:13 INFO Executor: Starting executor with user classpath (userClassPathFirst = false): ''
[2025-02-21T09:36:13.833+0000] {spark_submit.py:641} INFO - 25/02/21 09:36:13 INFO Executor: Fetching file:///home/airflow/.ivy2/jars/org.postgresql_postgresql-42.2.18.jar with timestamp 1740130572758
[2025-02-21T09:36:13.856+0000] {spark_submit.py:641} INFO - 25/02/21 09:36:13 INFO Utils: /home/airflow/.ivy2/jars/org.postgresql_postgresql-42.2.18.jar has been previously copied to /tmp/spark-97135057-34ba-4abd-a030-b8381ac2961a/userFiles-e97a5a61-e222-4a56-9dec-34825f57339f/org.postgresql_postgresql-42.2.18.jar
[2025-02-21T09:36:13.863+0000] {spark_submit.py:641} INFO - 25/02/21 09:36:13 INFO Executor: Fetching file:///home/airflow/.ivy2/jars/org.checkerframework_checker-qual-3.5.0.jar with timestamp 1740130572758
[2025-02-21T09:36:13.865+0000] {spark_submit.py:641} INFO - 25/02/21 09:36:13 INFO Utils: /home/airflow/.ivy2/jars/org.checkerframework_checker-qual-3.5.0.jar has been previously copied to /tmp/spark-97135057-34ba-4abd-a030-b8381ac2961a/userFiles-e97a5a61-e222-4a56-9dec-34825f57339f/org.checkerframework_checker-qual-3.5.0.jar
[2025-02-21T09:36:13.875+0000] {spark_submit.py:641} INFO - 25/02/21 09:36:13 INFO Executor: Fetching spark://***-airflow-scheduler:38249/jars/postgresql-42.2.18.jar with timestamp 1740130572758
[2025-02-21T09:36:13.925+0000] {spark_submit.py:641} INFO - 25/02/21 09:36:13 INFO TransportClientFactory: Successfully created connection to ***-airflow-scheduler/172.19.0.6:38249 after 39 ms (0 ms spent in bootstraps)
[2025-02-21T09:36:13.931+0000] {spark_submit.py:641} INFO - 25/02/21 09:36:13 INFO Utils: Fetching spark://***-airflow-scheduler:38249/jars/postgresql-42.2.18.jar to /tmp/spark-97135057-34ba-4abd-a030-b8381ac2961a/userFiles-e97a5a61-e222-4a56-9dec-34825f57339f/fetchFileTemp17008778475143144252.tmp
[2025-02-21T09:36:14.019+0000] {spark_submit.py:641} INFO - 25/02/21 09:36:14 INFO Executor: Adding file:/tmp/spark-97135057-34ba-4abd-a030-b8381ac2961a/userFiles-e97a5a61-e222-4a56-9dec-34825f57339f/postgresql-42.2.18.jar to class loader
[2025-02-21T09:36:14.027+0000] {spark_submit.py:641} INFO - 25/02/21 09:36:14 INFO Utils: Successfully started service 'org.apache.spark.network.netty.NettyBlockTransferService' on port 35295.
[2025-02-21T09:36:14.028+0000] {spark_submit.py:641} INFO - 25/02/21 09:36:14 INFO NettyBlockTransferService: Server created on ***-airflow-scheduler:35295
[2025-02-21T09:36:14.030+0000] {spark_submit.py:641} INFO - 25/02/21 09:36:14 INFO BlockManager: Using org.apache.spark.storage.RandomBlockReplicationPolicy for block replication policy
[2025-02-21T09:36:14.039+0000] {spark_submit.py:641} INFO - 25/02/21 09:36:14 INFO BlockManagerMaster: Registering BlockManager BlockManagerId(driver, ***-airflow-scheduler, 35295, None)
[2025-02-21T09:36:14.042+0000] {spark_submit.py:641} INFO - 25/02/21 09:36:14 INFO BlockManagerMasterEndpoint: Registering block manager ***-airflow-scheduler:35295 with 434.4 MiB RAM, BlockManagerId(driver, ***-airflow-scheduler, 35295, None)
[2025-02-21T09:36:14.045+0000] {spark_submit.py:641} INFO - 25/02/21 09:36:14 INFO BlockManagerMaster: Registered BlockManager BlockManagerId(driver, ***-airflow-scheduler, 35295, None)
[2025-02-21T09:36:14.048+0000] {spark_submit.py:641} INFO - 25/02/21 09:36:14 INFO BlockManager: Initialized BlockManager: BlockManagerId(driver, ***-airflow-scheduler, 35295, None)
[2025-02-21T09:36:19.988+0000] {spark_submit.py:641} INFO - ---------------- MENAMPILKAN DATA HASIL LOAD KE POSTGRES ----------------
[2025-02-21T09:36:20.281+0000] {spark_submit.py:641} INFO - +-----------+-----------------+---------+---------------+------+-------------------+---------------+---+--------------------+-----------------+---------------------+----------+------------------+
[2025-02-21T09:36:20.283+0000] {spark_submit.py:641} INFO - |employee_id|       department|   region|      education|gender|recruitment_channel|no_of_trainings|age|previous_year_rating|length_of_service|KPIs_met_more_than_80|awards_won|avg_training_score|
[2025-02-21T09:36:20.284+0000] {spark_submit.py:641} INFO - +-----------+-----------------+---------+---------------+------+-------------------+---------------+---+--------------------+-----------------+---------------------+----------+------------------+
[2025-02-21T09:36:20.285+0000] {spark_submit.py:641} INFO - |          3|      Procurement|region_22|Masters & above|     f|              other|              1| 38|                   5|                4|                    1|         0|                67|
[2025-02-21T09:36:20.286+0000] {spark_submit.py:641} INFO - |          6|Sales & Marketing|region_15|      Bachelors|     f|              other|              1| 38|                   3|               10|                    0|         0|                50|
[2025-02-21T09:36:20.288+0000] {spark_submit.py:641} INFO - |         11|       Technology| region_4|Masters & above|     f|           sourcing|              1| 39|                   4|               12|                    1|         0|                72|
[2025-02-21T09:36:20.289+0000] {spark_submit.py:641} INFO - |         13|Sales & Marketing|region_17|      Bachelors|     m|              other|              1| 38|                   1|                5|                    1|         0|                47|
[2025-02-21T09:36:20.290+0000] {spark_submit.py:641} INFO - |         16|Sales & Marketing| region_4|Masters & above|     m|           sourcing|              1| 40|                   5|                5|                    0|         0|                53|
[2025-02-21T09:36:20.292+0000] {spark_submit.py:641} INFO - |         17|Sales & Marketing| region_7|      Bachelors|     m|           sourcing|              1| 50|                   5|               13|                    0|         0|                47|
[2025-02-21T09:36:20.293+0000] {spark_submit.py:641} INFO - |         19|               HR| region_2|Masters & above|     f|              other|              1| 50|                   4|                7|                    1|         0|                45|
[2025-02-21T09:36:20.295+0000] {spark_submit.py:641} INFO - |         20|        Analytics|region_21|      Bachelors|     m|           sourcing|              1| 27|                   0|                1|                    1|         0|                89|
[2025-02-21T09:36:20.296+0000] {spark_submit.py:641} INFO - |         21|        Analytics| region_8|      Bachelors|     m|           sourcing|              2| 28|                   2|                3|                    1|         0|                85|
[2025-02-21T09:36:20.298+0000] {spark_submit.py:641} INFO - |         22|       Technology| region_2|Masters & above|     f|              other|              1| 57|                   4|               18|                    1|         0|                77|
[2025-02-21T09:36:20.299+0000] {spark_submit.py:641} INFO - |         23|Sales & Marketing|region_16|      Bachelors|     f|           sourcing|              1| 42|                   1|                3|                    0|         0|                46|
[2025-02-21T09:36:20.300+0000] {spark_submit.py:641} INFO - |         24|               HR|region_28|Masters & above|     f|              other|              1| 32|                   1|                5|                    1|         0|                51|
[2025-02-21T09:36:20.301+0000] {spark_submit.py:641} INFO - |         27|Sales & Marketing|region_16|      Bachelors|     m|           sourcing|              1| 29|                   2|                6|                    0|         0|                51|
[2025-02-21T09:36:20.302+0000] {spark_submit.py:641} INFO - |         29|        Analytics| region_7|      Bachelors|     m|              other|              1| 28|                   0|                1|                    1|         0|                85|
[2025-02-21T09:36:20.304+0000] {spark_submit.py:641} INFO - |         31|Sales & Marketing|region_15|      Bachelors|     f|              other|              1| 29|                   3|                5|                    1|         0|                49|
[2025-02-21T09:36:20.305+0000] {spark_submit.py:641} INFO - |         40|       Operations| region_7|Masters & above|     f|              other|              1| 34|                   1|                4|                    0|         0|                65|
[2025-02-21T09:36:20.306+0000] {spark_submit.py:641} INFO - |         50|Sales & Marketing|region_19|      Bachelors|     m|              other|              1| 32|                   1|                3|                    0|         0|                48|
[2025-02-21T09:36:20.307+0000] {spark_submit.py:641} INFO - |         55|       Operations|region_19|Masters & above|     f|           sourcing|              1| 33|                   5|                3|                    0|         0|                61|
[2025-02-21T09:36:20.308+0000] {spark_submit.py:641} INFO - |         63|Sales & Marketing| region_8|Masters & above|     m|           sourcing|              1| 35|                   5|                8|                    0|         0|                52|
[2025-02-21T09:36:20.309+0000] {spark_submit.py:641} INFO - |         64|        Analytics| region_4|      Bachelors|     m|              other|              1| 42|                   5|               11|                    1|         0|                80|
[2025-02-21T09:36:20.310+0000] {spark_submit.py:641} INFO - +-----------+-----------------+---------+---------------+------+-------------------+---------------+---+--------------------+-----------------+---------------------+----------+------------------+
[2025-02-21T09:36:20.312+0000] {spark_submit.py:641} INFO - only showing top 20 rows
[2025-02-21T09:36:20.314+0000] {spark_submit.py:641} INFO - 
[2025-02-21T09:36:20.756+0000] {spark_submit.py:641} INFO - Jumlah baris dalam DataFrame: 17415
[2025-02-21T09:36:20.766+0000] {spark_submit.py:641} INFO - Load data berhasil.
[2025-02-21T09:36:21.431+0000] {taskinstance.py:341} INFO - ::group::Post task execution logs
[2025-02-21T09:36:21.433+0000] {taskinstance.py:353} INFO - Marking task as SUCCESS. dag_id=***_v2_etl_dag, task_id=load_task, run_id=manual__2025-02-21T09:21:09.662952+00:00, execution_date=20250221T092109, start_date=20250221T093607, end_date=20250221T093621
[2025-02-21T09:36:21.480+0000] {local_task_job_runner.py:266} INFO - Task exited with return code 0
[2025-02-21T09:36:21.508+0000] {taskinstance.py:3901} INFO - 0 downstream tasks scheduled from follow-on schedule check
[2025-02-21T09:36:21.511+0000] {local_task_job_runner.py:245} INFO - ::endgroup::
