[2025-02-21T09:51:28.078+0000] {local_task_job_runner.py:123} INFO - ::group::Pre task execution logs
[2025-02-21T09:51:28.103+0000] {taskinstance.py:2614} INFO - Dependencies all met for dep_context=non-requeueable deps ti=<TaskInstance: finprode8_v2_etl_dag.load_task manual__2025-02-21T09:21:09.662952+00:00 [queued]>
[2025-02-21T09:51:28.119+0000] {taskinstance.py:2614} INFO - Dependencies all met for dep_context=requeueable deps ti=<TaskInstance: finprode8_v2_etl_dag.load_task manual__2025-02-21T09:21:09.662952+00:00 [queued]>
[2025-02-21T09:51:28.120+0000] {taskinstance.py:2867} INFO - Starting attempt 12 of 12
[2025-02-21T09:51:28.138+0000] {taskinstance.py:2890} INFO - Executing <Task(SparkSubmitOperator): load_task> on 2025-02-21 09:21:09.662952+00:00
[2025-02-21T09:51:28.143+0000] {standard_task_runner.py:72} INFO - Started process 8802 to run task
[2025-02-21T09:51:28.148+0000] {standard_task_runner.py:104} INFO - Running: ['airflow', 'tasks', 'run', '***_v2_etl_dag', 'load_task', 'manual__2025-02-21T09:21:09.662952+00:00', '--job-id', '159', '--raw', '--subdir', 'DAGS_FOLDER/***_v2_etl_dag.py', '--cfg-path', '/tmp/tmpq2evd7y6']
[2025-02-21T09:51:28.152+0000] {standard_task_runner.py:105} INFO - Job 159: Subtask load_task
[2025-02-21T09:51:28.172+0000] {logging_mixin.py:190} WARNING - /home/airflow/.local/lib/python3.9/site-packages/airflow/settings.py:209 DeprecationWarning: The sql_alchemy_conn option in [core] has been moved to the sql_alchemy_conn option in [database] - the old setting has been used, but please update your config.
[2025-02-21T09:51:28.219+0000] {task_command.py:467} INFO - Running <TaskInstance: finprode8_v2_etl_dag.load_task manual__2025-02-21T09:21:09.662952+00:00 [running]> on host ***-airflow-scheduler
[2025-02-21T09:51:28.318+0000] {taskinstance.py:3134} INFO - Exporting env vars: AIRFLOW_CTX_DAG_OWNER='ratih malini' AIRFLOW_CTX_DAG_ID='***_v2_etl_dag' AIRFLOW_CTX_TASK_ID='load_task' AIRFLOW_CTX_EXECUTION_DATE='2025-02-21T09:21:09.662952+00:00' AIRFLOW_CTX_TRY_NUMBER='12' AIRFLOW_CTX_DAG_RUN_ID='manual__2025-02-21T09:21:09.662952+00:00'
[2025-02-21T09:51:28.321+0000] {taskinstance.py:732} INFO - ::endgroup::
[2025-02-21T09:51:28.368+0000] {base.py:84} INFO - Retrieving connection 'spark_main'
[2025-02-21T09:51:28.370+0000] {spark_submit.py:474} INFO - Spark-Submit cmd: spark-submit --master spark://***-spark-master:7077 --packages org.postgresql:postgresql:42.2.18 --name arrow-spark /spark-scripts/***_v2_load.py
[2025-02-21T09:51:30.167+0000] {spark_submit.py:641} INFO - :: loading settings :: url = jar:file:/home/airflow/.local/lib/python3.9/site-packages/pyspark/jars/ivy-2.5.1.jar!/org/apache/ivy/core/settings/ivysettings.xml
[2025-02-21T09:51:30.291+0000] {spark_submit.py:641} INFO - Ivy Default Cache set to: /home/airflow/.ivy2/cache
[2025-02-21T09:51:30.293+0000] {spark_submit.py:641} INFO - The jars for the packages stored in: /home/airflow/.ivy2/jars
[2025-02-21T09:51:30.299+0000] {spark_submit.py:641} INFO - org.postgresql#postgresql added as a dependency
[2025-02-21T09:51:30.302+0000] {spark_submit.py:641} INFO - :: resolving dependencies :: org.apache.spark#spark-submit-parent-3e85ae72-f021-407c-a07c-54927e720184;1.0
[2025-02-21T09:51:30.303+0000] {spark_submit.py:641} INFO - confs: [default]
[2025-02-21T09:51:30.445+0000] {spark_submit.py:641} INFO - found org.postgresql#postgresql;42.2.18 in central
[2025-02-21T09:51:30.473+0000] {spark_submit.py:641} INFO - found org.checkerframework#checker-qual;3.5.0 in central
[2025-02-21T09:51:30.494+0000] {spark_submit.py:641} INFO - :: resolution report :: resolve 184ms :: artifacts dl 8ms
[2025-02-21T09:51:30.496+0000] {spark_submit.py:641} INFO - :: modules in use:
[2025-02-21T09:51:30.497+0000] {spark_submit.py:641} INFO - org.checkerframework#checker-qual;3.5.0 from central in [default]
[2025-02-21T09:51:30.499+0000] {spark_submit.py:641} INFO - org.postgresql#postgresql;42.2.18 from central in [default]
[2025-02-21T09:51:30.500+0000] {spark_submit.py:641} INFO - ---------------------------------------------------------------------
[2025-02-21T09:51:30.501+0000] {spark_submit.py:641} INFO - |                  |            modules            ||   artifacts   |
[2025-02-21T09:51:30.503+0000] {spark_submit.py:641} INFO - |       conf       | number| search|dwnlded|evicted|| number|dwnlded|
[2025-02-21T09:51:30.505+0000] {spark_submit.py:641} INFO - ---------------------------------------------------------------------
[2025-02-21T09:51:30.508+0000] {spark_submit.py:641} INFO - |      default     |   2   |   0   |   0   |   0   ||   2   |   0   |
[2025-02-21T09:51:30.509+0000] {spark_submit.py:641} INFO - ---------------------------------------------------------------------
[2025-02-21T09:51:30.511+0000] {spark_submit.py:641} INFO - :: retrieving :: org.apache.spark#spark-submit-parent-3e85ae72-f021-407c-a07c-54927e720184
[2025-02-21T09:51:30.512+0000] {spark_submit.py:641} INFO - confs: [default]
[2025-02-21T09:51:30.513+0000] {spark_submit.py:641} INFO - 0 artifacts copied, 2 already retrieved (0kB/5ms)
[2025-02-21T09:51:30.771+0000] {spark_submit.py:641} INFO - 25/02/21 09:51:30 WARN NativeCodeLoader: Unable to load native-hadoop library for your platform... using builtin-java classes where applicable
[2025-02-21T09:51:31.991+0000] {spark_submit.py:641} INFO - 25/02/21 09:51:31 INFO SparkContext: Running Spark version 3.3.2
[2025-02-21T09:51:32.017+0000] {spark_submit.py:641} INFO - 25/02/21 09:51:32 INFO ResourceUtils: ==============================================================
[2025-02-21T09:51:32.019+0000] {spark_submit.py:641} INFO - 25/02/21 09:51:32 INFO ResourceUtils: No custom resources configured for spark.driver.
[2025-02-21T09:51:32.020+0000] {spark_submit.py:641} INFO - 25/02/21 09:51:32 INFO ResourceUtils: ==============================================================
[2025-02-21T09:51:32.022+0000] {spark_submit.py:641} INFO - 25/02/21 09:51:32 INFO SparkContext: Submitted application: ***_transform
[2025-02-21T09:51:32.049+0000] {spark_submit.py:641} INFO - 25/02/21 09:51:32 INFO ResourceProfile: Default ResourceProfile created, executor resources: Map(cores -> name: cores, amount: 1, script: , vendor: , memory -> name: memory, amount: 1024, script: , vendor: , offHeap -> name: offHeap, amount: 0, script: , vendor: ), task resources: Map(cpus -> name: cpus, amount: 1.0)
[2025-02-21T09:51:32.058+0000] {spark_submit.py:641} INFO - 25/02/21 09:51:32 INFO ResourceProfile: Limiting resource is cpu
[2025-02-21T09:51:32.061+0000] {spark_submit.py:641} INFO - 25/02/21 09:51:32 INFO ResourceProfileManager: Added ResourceProfile id: 0
[2025-02-21T09:51:32.173+0000] {spark_submit.py:641} INFO - 25/02/21 09:51:32 INFO SecurityManager: Changing view acls to: airflow
[2025-02-21T09:51:32.177+0000] {spark_submit.py:641} INFO - 25/02/21 09:51:32 INFO SecurityManager: Changing modify acls to: airflow
[2025-02-21T09:51:32.179+0000] {spark_submit.py:641} INFO - 25/02/21 09:51:32 INFO SecurityManager: Changing view acls groups to:
[2025-02-21T09:51:32.180+0000] {spark_submit.py:641} INFO - 25/02/21 09:51:32 INFO SecurityManager: Changing modify acls groups to:
[2025-02-21T09:51:32.182+0000] {spark_submit.py:641} INFO - 25/02/21 09:51:32 INFO SecurityManager: SecurityManager: authentication disabled; ui acls disabled; users  with view permissions: Set(airflow); groups with view permissions: Set(); users  with modify permissions: Set(airflow); groups with modify permissions: Set()
[2025-02-21T09:51:32.486+0000] {spark_submit.py:641} INFO - 25/02/21 09:51:32 INFO Utils: Successfully started service 'sparkDriver' on port 33873.
[2025-02-21T09:51:32.528+0000] {spark_submit.py:641} INFO - 25/02/21 09:51:32 INFO SparkEnv: Registering MapOutputTracker
[2025-02-21T09:51:32.582+0000] {spark_submit.py:641} INFO - 25/02/21 09:51:32 INFO SparkEnv: Registering BlockManagerMaster
[2025-02-21T09:51:32.610+0000] {spark_submit.py:641} INFO - 25/02/21 09:51:32 INFO BlockManagerMasterEndpoint: Using org.apache.spark.storage.DefaultTopologyMapper for getting topology information
[2025-02-21T09:51:32.612+0000] {spark_submit.py:641} INFO - 25/02/21 09:51:32 INFO BlockManagerMasterEndpoint: BlockManagerMasterEndpoint up
[2025-02-21T09:51:32.617+0000] {spark_submit.py:641} INFO - 25/02/21 09:51:32 INFO SparkEnv: Registering BlockManagerMasterHeartbeat
[2025-02-21T09:51:32.660+0000] {spark_submit.py:641} INFO - 25/02/21 09:51:32 INFO DiskBlockManager: Created local directory at /tmp/blockmgr-303bf865-7ef6-4dc5-ae91-5da907c3373c
[2025-02-21T09:51:32.681+0000] {spark_submit.py:641} INFO - 25/02/21 09:51:32 INFO MemoryStore: MemoryStore started with capacity 434.4 MiB
[2025-02-21T09:51:32.698+0000] {spark_submit.py:641} INFO - 25/02/21 09:51:32 INFO SparkEnv: Registering OutputCommitCoordinator
[2025-02-21T09:51:32.940+0000] {spark_submit.py:641} INFO - 25/02/21 09:51:32 INFO Utils: Successfully started service 'SparkUI' on port 4040.
[2025-02-21T09:51:32.995+0000] {spark_submit.py:641} INFO - 25/02/21 09:51:32 INFO SparkContext: Added JAR /spark-scripts/jars/postgresql-42.2.18.jar at spark://***-airflow-scheduler:33873/jars/postgresql-42.2.18.jar with timestamp 1740131491982
[2025-02-21T09:51:32.997+0000] {spark_submit.py:641} INFO - 25/02/21 09:51:32 INFO SparkContext: Added file file:///home/airflow/.ivy2/jars/org.postgresql_postgresql-42.2.18.jar at file:///home/airflow/.ivy2/jars/org.postgresql_postgresql-42.2.18.jar with timestamp 1740131491982
[2025-02-21T09:51:32.999+0000] {spark_submit.py:641} INFO - 25/02/21 09:51:32 INFO Utils: Copying /home/airflow/.ivy2/jars/org.postgresql_postgresql-42.2.18.jar to /tmp/spark-672a2520-272c-4bb1-9c0e-6bbb6d35d916/userFiles-f2263429-ce8a-4fe4-8169-4baaa9a8e841/org.postgresql_postgresql-42.2.18.jar
[2025-02-21T09:51:33.017+0000] {spark_submit.py:641} INFO - 25/02/21 09:51:33 INFO SparkContext: Added file file:///home/airflow/.ivy2/jars/org.checkerframework_checker-qual-3.5.0.jar at file:///home/airflow/.ivy2/jars/org.checkerframework_checker-qual-3.5.0.jar with timestamp 1740131491982
[2025-02-21T09:51:33.018+0000] {spark_submit.py:641} INFO - 25/02/21 09:51:33 INFO Utils: Copying /home/airflow/.ivy2/jars/org.checkerframework_checker-qual-3.5.0.jar to /tmp/spark-672a2520-272c-4bb1-9c0e-6bbb6d35d916/userFiles-f2263429-ce8a-4fe4-8169-4baaa9a8e841/org.checkerframework_checker-qual-3.5.0.jar
[2025-02-21T09:51:33.105+0000] {spark_submit.py:641} INFO - 25/02/21 09:51:33 INFO Executor: Starting executor ID driver on host ***-airflow-scheduler
[2025-02-21T09:51:33.111+0000] {spark_submit.py:641} INFO - 25/02/21 09:51:33 INFO Executor: Starting executor with user classpath (userClassPathFirst = false): ''
[2025-02-21T09:51:33.123+0000] {spark_submit.py:641} INFO - 25/02/21 09:51:33 INFO Executor: Fetching file:///home/airflow/.ivy2/jars/org.postgresql_postgresql-42.2.18.jar with timestamp 1740131491982
[2025-02-21T09:51:33.148+0000] {spark_submit.py:641} INFO - 25/02/21 09:51:33 INFO Utils: /home/airflow/.ivy2/jars/org.postgresql_postgresql-42.2.18.jar has been previously copied to /tmp/spark-672a2520-272c-4bb1-9c0e-6bbb6d35d916/userFiles-f2263429-ce8a-4fe4-8169-4baaa9a8e841/org.postgresql_postgresql-42.2.18.jar
[2025-02-21T09:51:33.154+0000] {spark_submit.py:641} INFO - 25/02/21 09:51:33 INFO Executor: Fetching file:///home/airflow/.ivy2/jars/org.checkerframework_checker-qual-3.5.0.jar with timestamp 1740131491982
[2025-02-21T09:51:33.156+0000] {spark_submit.py:641} INFO - 25/02/21 09:51:33 INFO Utils: /home/airflow/.ivy2/jars/org.checkerframework_checker-qual-3.5.0.jar has been previously copied to /tmp/spark-672a2520-272c-4bb1-9c0e-6bbb6d35d916/userFiles-f2263429-ce8a-4fe4-8169-4baaa9a8e841/org.checkerframework_checker-qual-3.5.0.jar
[2025-02-21T09:51:33.161+0000] {spark_submit.py:641} INFO - 25/02/21 09:51:33 INFO Executor: Fetching spark://***-airflow-scheduler:33873/jars/postgresql-42.2.18.jar with timestamp 1740131491982
[2025-02-21T09:51:33.213+0000] {spark_submit.py:641} INFO - 25/02/21 09:51:33 INFO TransportClientFactory: Successfully created connection to ***-airflow-scheduler/172.19.0.6:33873 after 35 ms (0 ms spent in bootstraps)
[2025-02-21T09:51:33.221+0000] {spark_submit.py:641} INFO - 25/02/21 09:51:33 INFO Utils: Fetching spark://***-airflow-scheduler:33873/jars/postgresql-42.2.18.jar to /tmp/spark-672a2520-272c-4bb1-9c0e-6bbb6d35d916/userFiles-f2263429-ce8a-4fe4-8169-4baaa9a8e841/fetchFileTemp1272537359881415553.tmp
[2025-02-21T09:51:33.284+0000] {spark_submit.py:641} INFO - 25/02/21 09:51:33 INFO Executor: Adding file:/tmp/spark-672a2520-272c-4bb1-9c0e-6bbb6d35d916/userFiles-f2263429-ce8a-4fe4-8169-4baaa9a8e841/postgresql-42.2.18.jar to class loader
[2025-02-21T09:51:33.291+0000] {spark_submit.py:641} INFO - 25/02/21 09:51:33 INFO Utils: Successfully started service 'org.apache.spark.network.netty.NettyBlockTransferService' on port 36563.
[2025-02-21T09:51:33.293+0000] {spark_submit.py:641} INFO - 25/02/21 09:51:33 INFO NettyBlockTransferService: Server created on ***-airflow-scheduler:36563
[2025-02-21T09:51:33.296+0000] {spark_submit.py:641} INFO - 25/02/21 09:51:33 INFO BlockManager: Using org.apache.spark.storage.RandomBlockReplicationPolicy for block replication policy
[2025-02-21T09:51:33.303+0000] {spark_submit.py:641} INFO - 25/02/21 09:51:33 INFO BlockManagerMaster: Registering BlockManager BlockManagerId(driver, ***-airflow-scheduler, 36563, None)
[2025-02-21T09:51:33.306+0000] {spark_submit.py:641} INFO - 25/02/21 09:51:33 INFO BlockManagerMasterEndpoint: Registering block manager ***-airflow-scheduler:36563 with 434.4 MiB RAM, BlockManagerId(driver, ***-airflow-scheduler, 36563, None)
[2025-02-21T09:51:33.309+0000] {spark_submit.py:641} INFO - 25/02/21 09:51:33 INFO BlockManagerMaster: Registered BlockManager BlockManagerId(driver, ***-airflow-scheduler, 36563, None)
[2025-02-21T09:51:33.312+0000] {spark_submit.py:641} INFO - 25/02/21 09:51:33 INFO BlockManager: Initialized BlockManager: BlockManagerId(driver, ***-airflow-scheduler, 36563, None)
[2025-02-21T09:51:39.488+0000] {spark_submit.py:641} INFO - ---------------- MENAMPILKAN DATA HASIL LOAD KE POSTGRES ----------------
[2025-02-21T09:51:39.829+0000] {spark_submit.py:641} INFO - +-----------+-----------------+---------+---------------+------+-------------------+---------------+---+--------------------+-----------------+---------------------+----------+------------------+
[2025-02-21T09:51:39.831+0000] {spark_submit.py:641} INFO - |employee_id|       department|   region|      education|gender|recruitment_channel|no_of_trainings|age|previous_year_rating|length_of_service|KPIs_met_more_than_80|awards_won|avg_training_score|
[2025-02-21T09:51:39.833+0000] {spark_submit.py:641} INFO - +-----------+-----------------+---------+---------------+------+-------------------+---------------+---+--------------------+-----------------+---------------------+----------+------------------+
[2025-02-21T09:51:39.834+0000] {spark_submit.py:641} INFO - |          3|      Procurement|region_22|Masters & above|     f|              other|              1| 38|                   5|                4|                    1|         0|                67|
[2025-02-21T09:51:39.835+0000] {spark_submit.py:641} INFO - |          6|Sales & Marketing|region_15|      Bachelors|     f|              other|              1| 38|                   3|               10|                    0|         0|                50|
[2025-02-21T09:51:39.837+0000] {spark_submit.py:641} INFO - |         11|       Technology| region_4|Masters & above|     f|           sourcing|              1| 39|                   4|               12|                    1|         0|                72|
[2025-02-21T09:51:39.838+0000] {spark_submit.py:641} INFO - |         13|Sales & Marketing|region_17|      Bachelors|     m|              other|              1| 38|                   1|                5|                    1|         0|                47|
[2025-02-21T09:51:39.840+0000] {spark_submit.py:641} INFO - |         16|Sales & Marketing| region_4|Masters & above|     m|           sourcing|              1| 40|                   5|                5|                    0|         0|                53|
[2025-02-21T09:51:39.841+0000] {spark_submit.py:641} INFO - |         17|Sales & Marketing| region_7|      Bachelors|     m|           sourcing|              1| 50|                   5|               13|                    0|         0|                47|
[2025-02-21T09:51:39.843+0000] {spark_submit.py:641} INFO - |         19|               HR| region_2|Masters & above|     f|              other|              1| 50|                   4|                7|                    1|         0|                45|
[2025-02-21T09:51:39.844+0000] {spark_submit.py:641} INFO - |         20|        Analytics|region_21|      Bachelors|     m|           sourcing|              1| 27|                   0|                1|                    1|         0|                89|
[2025-02-21T09:51:39.845+0000] {spark_submit.py:641} INFO - |         21|        Analytics| region_8|      Bachelors|     m|           sourcing|              2| 28|                   2|                3|                    1|         0|                85|
[2025-02-21T09:51:39.846+0000] {spark_submit.py:641} INFO - |         22|       Technology| region_2|Masters & above|     f|              other|              1| 57|                   4|               18|                    1|         0|                77|
[2025-02-21T09:51:39.848+0000] {spark_submit.py:641} INFO - |         23|Sales & Marketing|region_16|      Bachelors|     f|           sourcing|              1| 42|                   1|                3|                    0|         0|                46|
[2025-02-21T09:51:39.849+0000] {spark_submit.py:641} INFO - |         24|               HR|region_28|Masters & above|     f|              other|              1| 32|                   1|                5|                    1|         0|                51|
[2025-02-21T09:51:39.851+0000] {spark_submit.py:641} INFO - |         27|Sales & Marketing|region_16|      Bachelors|     m|           sourcing|              1| 29|                   2|                6|                    0|         0|                51|
[2025-02-21T09:51:39.852+0000] {spark_submit.py:641} INFO - |         29|        Analytics| region_7|      Bachelors|     m|              other|              1| 28|                   0|                1|                    1|         0|                85|
[2025-02-21T09:51:39.853+0000] {spark_submit.py:641} INFO - |         31|Sales & Marketing|region_15|      Bachelors|     f|              other|              1| 29|                   3|                5|                    1|         0|                49|
[2025-02-21T09:51:39.855+0000] {spark_submit.py:641} INFO - |         40|       Operations| region_7|Masters & above|     f|              other|              1| 34|                   1|                4|                    0|         0|                65|
[2025-02-21T09:51:39.857+0000] {spark_submit.py:641} INFO - |         50|Sales & Marketing|region_19|      Bachelors|     m|              other|              1| 32|                   1|                3|                    0|         0|                48|
[2025-02-21T09:51:39.858+0000] {spark_submit.py:641} INFO - |         55|       Operations|region_19|Masters & above|     f|           sourcing|              1| 33|                   5|                3|                    0|         0|                61|
[2025-02-21T09:51:39.860+0000] {spark_submit.py:641} INFO - |         63|Sales & Marketing| region_8|Masters & above|     m|           sourcing|              1| 35|                   5|                8|                    0|         0|                52|
[2025-02-21T09:51:39.861+0000] {spark_submit.py:641} INFO - |         64|        Analytics| region_4|      Bachelors|     m|              other|              1| 42|                   5|               11|                    1|         0|                80|
[2025-02-21T09:51:39.862+0000] {spark_submit.py:641} INFO - +-----------+-----------------+---------+---------------+------+-------------------+---------------+---+--------------------+-----------------+---------------------+----------+------------------+
[2025-02-21T09:51:39.863+0000] {spark_submit.py:641} INFO - only showing top 20 rows
[2025-02-21T09:51:39.864+0000] {spark_submit.py:641} INFO - 
[2025-02-21T09:51:40.245+0000] {spark_submit.py:641} INFO - Jumlah baris dalam DataFrame: 17415
[2025-02-21T09:51:40.246+0000] {spark_submit.py:641} INFO - Load data berhasil.
[2025-02-21T09:51:40.698+0000] {taskinstance.py:341} INFO - ::group::Post task execution logs
[2025-02-21T09:51:40.701+0000] {taskinstance.py:353} INFO - Marking task as SUCCESS. dag_id=***_v2_etl_dag, task_id=load_task, run_id=manual__2025-02-21T09:21:09.662952+00:00, execution_date=20250221T092109, start_date=20250221T095128, end_date=20250221T095140
[2025-02-21T09:51:40.789+0000] {local_task_job_runner.py:266} INFO - Task exited with return code 0
[2025-02-21T09:51:40.821+0000] {taskinstance.py:3901} INFO - 0 downstream tasks scheduled from follow-on schedule check
[2025-02-21T09:51:40.825+0000] {local_task_job_runner.py:245} INFO - ::endgroup::
