[2025-02-21T09:40:08.517+0000] {local_task_job_runner.py:123} INFO - ::group::Pre task execution logs
[2025-02-21T09:40:08.547+0000] {taskinstance.py:2614} INFO - Dependencies all met for dep_context=non-requeueable deps ti=<TaskInstance: finprode8_v2_etl_dag.load_task manual__2025-02-21T09:21:09.662952+00:00 [queued]>
[2025-02-21T09:40:08.560+0000] {taskinstance.py:2614} INFO - Dependencies all met for dep_context=requeueable deps ti=<TaskInstance: finprode8_v2_etl_dag.load_task manual__2025-02-21T09:21:09.662952+00:00 [queued]>
[2025-02-21T09:40:08.562+0000] {taskinstance.py:2867} INFO - Starting attempt 7 of 7
[2025-02-21T09:40:08.580+0000] {taskinstance.py:2890} INFO - Executing <Task(SparkSubmitOperator): load_task> on 2025-02-21 09:21:09.662952+00:00
[2025-02-21T09:40:08.586+0000] {standard_task_runner.py:72} INFO - Started process 5353 to run task
[2025-02-21T09:40:08.590+0000] {standard_task_runner.py:104} INFO - Running: ['airflow', 'tasks', 'run', '***_v2_etl_dag', 'load_task', 'manual__2025-02-21T09:21:09.662952+00:00', '--job-id', '144', '--raw', '--subdir', 'DAGS_FOLDER/***_v2_etl_dag.py', '--cfg-path', '/tmp/tmptfpp4ms5']
[2025-02-21T09:40:08.595+0000] {standard_task_runner.py:105} INFO - Job 144: Subtask load_task
[2025-02-21T09:40:08.617+0000] {logging_mixin.py:190} WARNING - /home/airflow/.local/lib/python3.9/site-packages/airflow/settings.py:209 DeprecationWarning: The sql_alchemy_conn option in [core] has been moved to the sql_alchemy_conn option in [database] - the old setting has been used, but please update your config.
[2025-02-21T09:40:08.657+0000] {task_command.py:467} INFO - Running <TaskInstance: finprode8_v2_etl_dag.load_task manual__2025-02-21T09:21:09.662952+00:00 [running]> on host ***-airflow-scheduler
[2025-02-21T09:40:08.752+0000] {taskinstance.py:3134} INFO - Exporting env vars: AIRFLOW_CTX_DAG_OWNER='ratih malini' AIRFLOW_CTX_DAG_ID='***_v2_etl_dag' AIRFLOW_CTX_TASK_ID='load_task' AIRFLOW_CTX_EXECUTION_DATE='2025-02-21T09:21:09.662952+00:00' AIRFLOW_CTX_TRY_NUMBER='7' AIRFLOW_CTX_DAG_RUN_ID='manual__2025-02-21T09:21:09.662952+00:00'
[2025-02-21T09:40:08.755+0000] {taskinstance.py:732} INFO - ::endgroup::
[2025-02-21T09:40:08.786+0000] {base.py:84} INFO - Retrieving connection 'spark_main'
[2025-02-21T09:40:08.789+0000] {spark_submit.py:474} INFO - Spark-Submit cmd: spark-submit --master spark://***-spark-master:7077 --name arrow-spark /spark-scripts/***_v2_load.py
[2025-02-21T09:40:11.485+0000] {spark_submit.py:641} INFO - 25/02/21 09:40:11 INFO SparkContext: Running Spark version 3.3.2
[2025-02-21T09:40:11.585+0000] {spark_submit.py:641} INFO - 25/02/21 09:40:11 WARN NativeCodeLoader: Unable to load native-hadoop library for your platform... using builtin-java classes where applicable
[2025-02-21T09:40:11.693+0000] {spark_submit.py:641} INFO - 25/02/21 09:40:11 INFO ResourceUtils: ==============================================================
[2025-02-21T09:40:11.695+0000] {spark_submit.py:641} INFO - 25/02/21 09:40:11 INFO ResourceUtils: No custom resources configured for spark.driver.
[2025-02-21T09:40:11.696+0000] {spark_submit.py:641} INFO - 25/02/21 09:40:11 INFO ResourceUtils: ==============================================================
[2025-02-21T09:40:11.697+0000] {spark_submit.py:641} INFO - 25/02/21 09:40:11 INFO SparkContext: Submitted application: ***_transform
[2025-02-21T09:40:11.719+0000] {spark_submit.py:641} INFO - 25/02/21 09:40:11 INFO ResourceProfile: Default ResourceProfile created, executor resources: Map(cores -> name: cores, amount: 1, script: , vendor: , memory -> name: memory, amount: 1024, script: , vendor: , offHeap -> name: offHeap, amount: 0, script: , vendor: ), task resources: Map(cpus -> name: cpus, amount: 1.0)
[2025-02-21T09:40:11.729+0000] {spark_submit.py:641} INFO - 25/02/21 09:40:11 INFO ResourceProfile: Limiting resource is cpu
[2025-02-21T09:40:11.732+0000] {spark_submit.py:641} INFO - 25/02/21 09:40:11 INFO ResourceProfileManager: Added ResourceProfile id: 0
[2025-02-21T09:40:11.800+0000] {spark_submit.py:641} INFO - 25/02/21 09:40:11 INFO SecurityManager: Changing view acls to: airflow
[2025-02-21T09:40:11.802+0000] {spark_submit.py:641} INFO - 25/02/21 09:40:11 INFO SecurityManager: Changing modify acls to: airflow
[2025-02-21T09:40:11.803+0000] {spark_submit.py:641} INFO - 25/02/21 09:40:11 INFO SecurityManager: Changing view acls groups to:
[2025-02-21T09:40:11.805+0000] {spark_submit.py:641} INFO - 25/02/21 09:40:11 INFO SecurityManager: Changing modify acls groups to:
[2025-02-21T09:40:11.805+0000] {spark_submit.py:641} INFO - 25/02/21 09:40:11 INFO SecurityManager: SecurityManager: authentication disabled; ui acls disabled; users  with view permissions: Set(airflow); groups with view permissions: Set(); users  with modify permissions: Set(airflow); groups with modify permissions: Set()
[2025-02-21T09:40:12.068+0000] {spark_submit.py:641} INFO - 25/02/21 09:40:12 INFO Utils: Successfully started service 'sparkDriver' on port 45217.
[2025-02-21T09:40:12.103+0000] {spark_submit.py:641} INFO - 25/02/21 09:40:12 INFO SparkEnv: Registering MapOutputTracker
[2025-02-21T09:40:12.145+0000] {spark_submit.py:641} INFO - 25/02/21 09:40:12 INFO SparkEnv: Registering BlockManagerMaster
[2025-02-21T09:40:12.166+0000] {spark_submit.py:641} INFO - 25/02/21 09:40:12 INFO BlockManagerMasterEndpoint: Using org.apache.spark.storage.DefaultTopologyMapper for getting topology information
[2025-02-21T09:40:12.167+0000] {spark_submit.py:641} INFO - 25/02/21 09:40:12 INFO BlockManagerMasterEndpoint: BlockManagerMasterEndpoint up
[2025-02-21T09:40:12.174+0000] {spark_submit.py:641} INFO - 25/02/21 09:40:12 INFO SparkEnv: Registering BlockManagerMasterHeartbeat
[2025-02-21T09:40:12.196+0000] {spark_submit.py:641} INFO - 25/02/21 09:40:12 INFO DiskBlockManager: Created local directory at /tmp/blockmgr-c3d526db-be3f-44b4-a513-b1efdff69c4a
[2025-02-21T09:40:12.216+0000] {spark_submit.py:641} INFO - 25/02/21 09:40:12 INFO MemoryStore: MemoryStore started with capacity 434.4 MiB
[2025-02-21T09:40:12.236+0000] {spark_submit.py:641} INFO - 25/02/21 09:40:12 INFO SparkEnv: Registering OutputCommitCoordinator
[2025-02-21T09:40:12.442+0000] {spark_submit.py:641} INFO - 25/02/21 09:40:12 INFO Utils: Successfully started service 'SparkUI' on port 4040.
[2025-02-21T09:40:12.499+0000] {spark_submit.py:641} INFO - 25/02/21 09:40:12 INFO SparkContext: Added JAR /spark-scripts/jars/postgresql-42.2.18.jar at spark://***-airflow-scheduler:45217/jars/postgresql-42.2.18.jar with timestamp 1740130811470
[2025-02-21T09:40:12.579+0000] {spark_submit.py:641} INFO - 25/02/21 09:40:12 INFO Executor: Starting executor ID driver on host ***-airflow-scheduler
[2025-02-21T09:40:12.600+0000] {spark_submit.py:641} INFO - 25/02/21 09:40:12 INFO Executor: Starting executor with user classpath (userClassPathFirst = false): ''
[2025-02-21T09:40:12.617+0000] {spark_submit.py:641} INFO - 25/02/21 09:40:12 INFO Executor: Fetching spark://***-airflow-scheduler:45217/jars/postgresql-42.2.18.jar with timestamp 1740130811470
[2025-02-21T09:40:12.665+0000] {spark_submit.py:641} INFO - 25/02/21 09:40:12 INFO TransportClientFactory: Successfully created connection to ***-airflow-scheduler/172.19.0.6:45217 after 23 ms (0 ms spent in bootstraps)
[2025-02-21T09:40:12.671+0000] {spark_submit.py:641} INFO - 25/02/21 09:40:12 INFO Utils: Fetching spark://***-airflow-scheduler:45217/jars/postgresql-42.2.18.jar to /tmp/spark-47b25ac1-b35e-4dd5-a68e-1c6d57c2459c/userFiles-be412e9a-9f23-4eaa-a660-ff7c70665a26/fetchFileTemp3129202678974425679.tmp
[2025-02-21T09:40:12.727+0000] {spark_submit.py:641} INFO - 25/02/21 09:40:12 INFO Executor: Adding file:/tmp/spark-47b25ac1-b35e-4dd5-a68e-1c6d57c2459c/userFiles-be412e9a-9f23-4eaa-a660-ff7c70665a26/postgresql-42.2.18.jar to class loader
[2025-02-21T09:40:12.735+0000] {spark_submit.py:641} INFO - 25/02/21 09:40:12 INFO Utils: Successfully started service 'org.apache.spark.network.netty.NettyBlockTransferService' on port 46391.
[2025-02-21T09:40:12.737+0000] {spark_submit.py:641} INFO - 25/02/21 09:40:12 INFO NettyBlockTransferService: Server created on ***-airflow-scheduler:46391
[2025-02-21T09:40:12.738+0000] {spark_submit.py:641} INFO - 25/02/21 09:40:12 INFO BlockManager: Using org.apache.spark.storage.RandomBlockReplicationPolicy for block replication policy
[2025-02-21T09:40:12.744+0000] {spark_submit.py:641} INFO - 25/02/21 09:40:12 INFO BlockManagerMaster: Registering BlockManager BlockManagerId(driver, ***-airflow-scheduler, 46391, None)
[2025-02-21T09:40:12.749+0000] {spark_submit.py:641} INFO - 25/02/21 09:40:12 INFO BlockManagerMasterEndpoint: Registering block manager ***-airflow-scheduler:46391 with 434.4 MiB RAM, BlockManagerId(driver, ***-airflow-scheduler, 46391, None)
[2025-02-21T09:40:12.752+0000] {spark_submit.py:641} INFO - 25/02/21 09:40:12 INFO BlockManagerMaster: Registered BlockManager BlockManagerId(driver, ***-airflow-scheduler, 46391, None)
[2025-02-21T09:40:12.754+0000] {spark_submit.py:641} INFO - 25/02/21 09:40:12 INFO BlockManager: Initialized BlockManager: BlockManagerId(driver, ***-airflow-scheduler, 46391, None)
[2025-02-21T09:40:17.337+0000] {spark_submit.py:641} INFO - Traceback (most recent call last):
[2025-02-21T09:40:17.339+0000] {spark_submit.py:641} INFO - File "/spark-scripts/***_v2_load.py", line 67, in <module>
[2025-02-21T09:40:17.342+0000] {spark_submit.py:641} INFO - load()
[2025-02-21T09:40:17.344+0000] {spark_submit.py:641} INFO - File "/spark-scripts/***_v2_load.py", line 46, in load
[2025-02-21T09:40:17.347+0000] {spark_submit.py:641} INFO - df.write \
[2025-02-21T09:40:17.348+0000] {spark_submit.py:641} INFO - File "/home/airflow/.local/lib/python3.9/site-packages/pyspark/python/lib/pyspark.zip/pyspark/sql/readwriter.py", line 1340, in jdbc
[2025-02-21T09:40:17.350+0000] {spark_submit.py:641} INFO - File "/home/airflow/.local/lib/python3.9/site-packages/pyspark/python/lib/py4j-0.10.9.5-src.zip/py4j/java_gateway.py", line 1321, in __call__
[2025-02-21T09:40:17.351+0000] {spark_submit.py:641} INFO - File "/home/airflow/.local/lib/python3.9/site-packages/pyspark/python/lib/pyspark.zip/pyspark/sql/utils.py", line 190, in deco
[2025-02-21T09:40:17.352+0000] {spark_submit.py:641} INFO - File "/home/airflow/.local/lib/python3.9/site-packages/pyspark/python/lib/py4j-0.10.9.5-src.zip/py4j/protocol.py", line 326, in get_return_value
[2025-02-21T09:40:17.352+0000] {spark_submit.py:641} INFO - py4j.protocol.Py4JJavaError: An error occurred while calling o33.jdbc.
[2025-02-21T09:40:17.353+0000] {spark_submit.py:641} INFO - : java.lang.ClassNotFoundException: org.postgresql.Driver
[2025-02-21T09:40:17.354+0000] {spark_submit.py:641} INFO - at java.base/java.net.URLClassLoader.findClass(URLClassLoader.java:445)
[2025-02-21T09:40:17.356+0000] {spark_submit.py:641} INFO - at java.base/java.lang.ClassLoader.loadClass(ClassLoader.java:592)
[2025-02-21T09:40:17.357+0000] {spark_submit.py:641} INFO - at java.base/java.lang.ClassLoader.loadClass(ClassLoader.java:525)
[2025-02-21T09:40:17.359+0000] {spark_submit.py:641} INFO - at org.apache.spark.sql.execution.datasources.jdbc.DriverRegistry$.register(DriverRegistry.scala:46)
[2025-02-21T09:40:17.359+0000] {spark_submit.py:641} INFO - at org.apache.spark.sql.execution.datasources.jdbc.JDBCOptions.$anonfun$driverClass$1(JDBCOptions.scala:101)
[2025-02-21T09:40:17.360+0000] {spark_submit.py:641} INFO - at org.apache.spark.sql.execution.datasources.jdbc.JDBCOptions.$anonfun$driverClass$1$adapted(JDBCOptions.scala:101)
[2025-02-21T09:40:17.362+0000] {spark_submit.py:641} INFO - at scala.Option.foreach(Option.scala:407)
[2025-02-21T09:40:17.363+0000] {spark_submit.py:641} INFO - at org.apache.spark.sql.execution.datasources.jdbc.JDBCOptions.<init>(JDBCOptions.scala:101)
[2025-02-21T09:40:17.364+0000] {spark_submit.py:641} INFO - at org.apache.spark.sql.execution.datasources.jdbc.JdbcOptionsInWrite.<init>(JDBCOptions.scala:229)
[2025-02-21T09:40:17.365+0000] {spark_submit.py:641} INFO - at org.apache.spark.sql.execution.datasources.jdbc.JdbcOptionsInWrite.<init>(JDBCOptions.scala:233)
[2025-02-21T09:40:17.366+0000] {spark_submit.py:641} INFO - at org.apache.spark.sql.execution.datasources.jdbc.JdbcRelationProvider.createRelation(JdbcRelationProvider.scala:47)
[2025-02-21T09:40:17.367+0000] {spark_submit.py:641} INFO - at org.apache.spark.sql.execution.datasources.SaveIntoDataSourceCommand.run(SaveIntoDataSourceCommand.scala:47)
[2025-02-21T09:40:17.368+0000] {spark_submit.py:641} INFO - at org.apache.spark.sql.execution.command.ExecutedCommandExec.sideEffectResult$lzycompute(commands.scala:75)
[2025-02-21T09:40:17.369+0000] {spark_submit.py:641} INFO - at org.apache.spark.sql.execution.command.ExecutedCommandExec.sideEffectResult(commands.scala:73)
[2025-02-21T09:40:17.369+0000] {spark_submit.py:641} INFO - at org.apache.spark.sql.execution.command.ExecutedCommandExec.executeCollect(commands.scala:84)
[2025-02-21T09:40:17.371+0000] {spark_submit.py:641} INFO - at org.apache.spark.sql.execution.QueryExecution$$anonfun$eagerlyExecuteCommands$1.$anonfun$applyOrElse$1(QueryExecution.scala:98)
[2025-02-21T09:40:17.373+0000] {spark_submit.py:641} INFO - at org.apache.spark.sql.execution.SQLExecution$.$anonfun$withNewExecutionId$6(SQLExecution.scala:109)
[2025-02-21T09:40:17.374+0000] {spark_submit.py:641} INFO - at org.apache.spark.sql.execution.SQLExecution$.withSQLConfPropagated(SQLExecution.scala:169)
[2025-02-21T09:40:17.375+0000] {spark_submit.py:641} INFO - at org.apache.spark.sql.execution.SQLExecution$.$anonfun$withNewExecutionId$1(SQLExecution.scala:95)
[2025-02-21T09:40:17.376+0000] {spark_submit.py:641} INFO - at org.apache.spark.sql.SparkSession.withActive(SparkSession.scala:779)
[2025-02-21T09:40:17.377+0000] {spark_submit.py:641} INFO - at org.apache.spark.sql.execution.SQLExecution$.withNewExecutionId(SQLExecution.scala:64)
[2025-02-21T09:40:17.377+0000] {spark_submit.py:641} INFO - at org.apache.spark.sql.execution.QueryExecution$$anonfun$eagerlyExecuteCommands$1.applyOrElse(QueryExecution.scala:98)
[2025-02-21T09:40:17.378+0000] {spark_submit.py:641} INFO - at org.apache.spark.sql.execution.QueryExecution$$anonfun$eagerlyExecuteCommands$1.applyOrElse(QueryExecution.scala:94)
[2025-02-21T09:40:17.379+0000] {spark_submit.py:641} INFO - at org.apache.spark.sql.catalyst.trees.TreeNode.$anonfun$transformDownWithPruning$1(TreeNode.scala:584)
[2025-02-21T09:40:17.380+0000] {spark_submit.py:641} INFO - at org.apache.spark.sql.catalyst.trees.CurrentOrigin$.withOrigin(TreeNode.scala:176)
[2025-02-21T09:40:17.381+0000] {spark_submit.py:641} INFO - at org.apache.spark.sql.catalyst.trees.TreeNode.transformDownWithPruning(TreeNode.scala:584)
[2025-02-21T09:40:17.382+0000] {spark_submit.py:641} INFO - at org.apache.spark.sql.catalyst.plans.logical.LogicalPlan.org$apache$spark$sql$catalyst$plans$logical$AnalysisHelper$$super$transformDownWithPruning(LogicalPlan.scala:30)
[2025-02-21T09:40:17.383+0000] {spark_submit.py:641} INFO - at org.apache.spark.sql.catalyst.plans.logical.AnalysisHelper.transformDownWithPruning(AnalysisHelper.scala:267)
[2025-02-21T09:40:17.384+0000] {spark_submit.py:641} INFO - at org.apache.spark.sql.catalyst.plans.logical.AnalysisHelper.transformDownWithPruning$(AnalysisHelper.scala:263)
[2025-02-21T09:40:17.385+0000] {spark_submit.py:641} INFO - at org.apache.spark.sql.catalyst.plans.logical.LogicalPlan.transformDownWithPruning(LogicalPlan.scala:30)
[2025-02-21T09:40:17.386+0000] {spark_submit.py:641} INFO - at org.apache.spark.sql.catalyst.plans.logical.LogicalPlan.transformDownWithPruning(LogicalPlan.scala:30)
[2025-02-21T09:40:17.387+0000] {spark_submit.py:641} INFO - at org.apache.spark.sql.catalyst.trees.TreeNode.transformDown(TreeNode.scala:560)
[2025-02-21T09:40:17.389+0000] {spark_submit.py:641} INFO - at org.apache.spark.sql.execution.QueryExecution.eagerlyExecuteCommands(QueryExecution.scala:94)
[2025-02-21T09:40:17.390+0000] {spark_submit.py:641} INFO - at org.apache.spark.sql.execution.QueryExecution.commandExecuted$lzycompute(QueryExecution.scala:81)
[2025-02-21T09:40:17.391+0000] {spark_submit.py:641} INFO - at org.apache.spark.sql.execution.QueryExecution.commandExecuted(QueryExecution.scala:79)
[2025-02-21T09:40:17.392+0000] {spark_submit.py:641} INFO - at org.apache.spark.sql.execution.QueryExecution.assertCommandExecuted(QueryExecution.scala:116)
[2025-02-21T09:40:17.394+0000] {spark_submit.py:641} INFO - at org.apache.spark.sql.DataFrameWriter.runCommand(DataFrameWriter.scala:860)
[2025-02-21T09:40:17.395+0000] {spark_submit.py:641} INFO - at org.apache.spark.sql.DataFrameWriter.saveToV1Source(DataFrameWriter.scala:390)
[2025-02-21T09:40:17.396+0000] {spark_submit.py:641} INFO - at org.apache.spark.sql.DataFrameWriter.saveInternal(DataFrameWriter.scala:363)
[2025-02-21T09:40:17.397+0000] {spark_submit.py:641} INFO - at org.apache.spark.sql.DataFrameWriter.save(DataFrameWriter.scala:247)
[2025-02-21T09:40:17.398+0000] {spark_submit.py:641} INFO - at org.apache.spark.sql.DataFrameWriter.jdbc(DataFrameWriter.scala:757)
[2025-02-21T09:40:17.399+0000] {spark_submit.py:641} INFO - at java.base/jdk.internal.reflect.NativeMethodAccessorImpl.invoke0(Native Method)
[2025-02-21T09:40:17.401+0000] {spark_submit.py:641} INFO - at java.base/jdk.internal.reflect.NativeMethodAccessorImpl.invoke(NativeMethodAccessorImpl.java:77)
[2025-02-21T09:40:17.402+0000] {spark_submit.py:641} INFO - at java.base/jdk.internal.reflect.DelegatingMethodAccessorImpl.invoke(DelegatingMethodAccessorImpl.java:43)
[2025-02-21T09:40:17.404+0000] {spark_submit.py:641} INFO - at java.base/java.lang.reflect.Method.invoke(Method.java:569)
[2025-02-21T09:40:17.406+0000] {spark_submit.py:641} INFO - at py4j.reflection.MethodInvoker.invoke(MethodInvoker.java:244)
[2025-02-21T09:40:17.408+0000] {spark_submit.py:641} INFO - at py4j.reflection.ReflectionEngine.invoke(ReflectionEngine.java:357)
[2025-02-21T09:40:17.410+0000] {spark_submit.py:641} INFO - at py4j.Gateway.invoke(Gateway.java:282)
[2025-02-21T09:40:17.411+0000] {spark_submit.py:641} INFO - at py4j.commands.AbstractCommand.invokeMethod(AbstractCommand.java:132)
[2025-02-21T09:40:17.413+0000] {spark_submit.py:641} INFO - at py4j.commands.CallCommand.execute(CallCommand.java:79)
[2025-02-21T09:40:17.414+0000] {spark_submit.py:641} INFO - at py4j.ClientServerConnection.waitForCommands(ClientServerConnection.java:182)
[2025-02-21T09:40:17.415+0000] {spark_submit.py:641} INFO - at py4j.ClientServerConnection.run(ClientServerConnection.java:106)
[2025-02-21T09:40:17.417+0000] {spark_submit.py:641} INFO - at java.base/java.lang.Thread.run(Thread.java:840)
[2025-02-21T09:40:17.418+0000] {spark_submit.py:641} INFO - 
[2025-02-21T09:40:17.510+0000] {taskinstance.py:3313} ERROR - Task failed with exception
Traceback (most recent call last):
  File "/home/airflow/.local/lib/python3.9/site-packages/airflow/models/taskinstance.py", line 768, in _execute_task
    result = _execute_callable(context=context, **execute_callable_kwargs)
  File "/home/airflow/.local/lib/python3.9/site-packages/airflow/models/taskinstance.py", line 734, in _execute_callable
    return ExecutionCallableRunner(
  File "/home/airflow/.local/lib/python3.9/site-packages/airflow/utils/operator_helpers.py", line 252, in run
    return self.func(*args, **kwargs)
  File "/home/airflow/.local/lib/python3.9/site-packages/airflow/models/baseoperator.py", line 424, in wrapper
    return func(self, *args, **kwargs)
  File "/home/airflow/.local/lib/python3.9/site-packages/airflow/providers/apache/spark/operators/spark_submit.py", line 177, in execute
    self._hook.submit(self.application)
  File "/home/airflow/.local/lib/python3.9/site-packages/airflow/providers/apache/spark/hooks/spark_submit.py", line 567, in submit
    raise AirflowException(
airflow.exceptions.AirflowException: Cannot execute: spark-submit --master spark://***-spark-master:7077 --name arrow-spark /spark-scripts/***_v2_load.py. Error code is: 1.
[2025-02-21T09:40:17.523+0000] {taskinstance.py:1226} INFO - Marking task as FAILED. dag_id=***_v2_etl_dag, task_id=load_task, run_id=manual__2025-02-21T09:21:09.662952+00:00, execution_date=20250221T092109, start_date=20250221T094008, end_date=20250221T094017
[2025-02-21T09:40:17.558+0000] {taskinstance.py:341} INFO - ::group::Post task execution logs
[2025-02-21T09:40:17.560+0000] {standard_task_runner.py:124} ERROR - Failed to execute job 144 for task load_task (Cannot execute: spark-submit --master spark://***-spark-master:7077 --name arrow-spark /spark-scripts/***_v2_load.py. Error code is: 1.; 5353)
Traceback (most recent call last):
  File "/home/airflow/.local/lib/python3.9/site-packages/airflow/task/task_runner/standard_task_runner.py", line 117, in _start_by_fork
    ret = args.func(args, dag=self.dag)
  File "/home/airflow/.local/lib/python3.9/site-packages/airflow/cli/cli_config.py", line 49, in command
    return func(*args, **kwargs)
  File "/home/airflow/.local/lib/python3.9/site-packages/airflow/utils/cli.py", line 116, in wrapper
    return f(*args, **kwargs)
  File "/home/airflow/.local/lib/python3.9/site-packages/airflow/cli/commands/task_command.py", line 483, in task_run
    task_return_code = _run_task_by_selected_method(args, _dag, ti)
  File "/home/airflow/.local/lib/python3.9/site-packages/airflow/cli/commands/task_command.py", line 256, in _run_task_by_selected_method
    return _run_raw_task(args, ti)
  File "/home/airflow/.local/lib/python3.9/site-packages/airflow/cli/commands/task_command.py", line 341, in _run_raw_task
    return ti._run_raw_task(
  File "/home/airflow/.local/lib/python3.9/site-packages/airflow/utils/session.py", line 97, in wrapper
    return func(*args, session=session, **kwargs)
  File "/home/airflow/.local/lib/python3.9/site-packages/airflow/models/taskinstance.py", line 3006, in _run_raw_task
    return _run_raw_task(
  File "/home/airflow/.local/lib/python3.9/site-packages/airflow/models/taskinstance.py", line 274, in _run_raw_task
    TaskInstance._execute_task_with_callbacks(
  File "/home/airflow/.local/lib/python3.9/site-packages/airflow/models/taskinstance.py", line 3161, in _execute_task_with_callbacks
    result = self._execute_task(context, task_orig)
  File "/home/airflow/.local/lib/python3.9/site-packages/airflow/models/taskinstance.py", line 3185, in _execute_task
    return _execute_task(self, context, task_orig)
  File "/home/airflow/.local/lib/python3.9/site-packages/airflow/models/taskinstance.py", line 768, in _execute_task
    result = _execute_callable(context=context, **execute_callable_kwargs)
  File "/home/airflow/.local/lib/python3.9/site-packages/airflow/models/taskinstance.py", line 734, in _execute_callable
    return ExecutionCallableRunner(
  File "/home/airflow/.local/lib/python3.9/site-packages/airflow/utils/operator_helpers.py", line 252, in run
    return self.func(*args, **kwargs)
  File "/home/airflow/.local/lib/python3.9/site-packages/airflow/models/baseoperator.py", line 424, in wrapper
    return func(self, *args, **kwargs)
  File "/home/airflow/.local/lib/python3.9/site-packages/airflow/providers/apache/spark/operators/spark_submit.py", line 177, in execute
    self._hook.submit(self.application)
  File "/home/airflow/.local/lib/python3.9/site-packages/airflow/providers/apache/spark/hooks/spark_submit.py", line 567, in submit
    raise AirflowException(
airflow.exceptions.AirflowException: Cannot execute: spark-submit --master spark://***-spark-master:7077 --name arrow-spark /spark-scripts/***_v2_load.py. Error code is: 1.
[2025-02-21T09:40:17.609+0000] {local_task_job_runner.py:266} INFO - Task exited with return code 1
[2025-02-21T09:40:17.635+0000] {taskinstance.py:3901} INFO - 0 downstream tasks scheduled from follow-on schedule check
[2025-02-21T09:40:17.642+0000] {local_task_job_runner.py:245} INFO - ::endgroup::
