[2025-02-21T09:22:07.503+0000] {local_task_job_runner.py:123} INFO - ::group::Pre task execution logs
[2025-02-21T09:22:07.531+0000] {taskinstance.py:2614} INFO - Dependencies all met for dep_context=non-requeueable deps ti=<TaskInstance: finprode8_v2_etl_dag.load_task manual__2025-02-21T09:21:09.662952+00:00 [queued]>
[2025-02-21T09:22:07.546+0000] {taskinstance.py:2614} INFO - Dependencies all met for dep_context=requeueable deps ti=<TaskInstance: finprode8_v2_etl_dag.load_task manual__2025-02-21T09:21:09.662952+00:00 [queued]>
[2025-02-21T09:22:07.548+0000] {taskinstance.py:2867} INFO - Starting attempt 1 of 1
[2025-02-21T09:22:07.570+0000] {taskinstance.py:2890} INFO - Executing <Task(SparkSubmitOperator): load_task> on 2025-02-21 09:21:09.662952+00:00
[2025-02-21T09:22:07.576+0000] {standard_task_runner.py:72} INFO - Started process 754 to run task
[2025-02-21T09:22:07.581+0000] {standard_task_runner.py:104} INFO - Running: ['airflow', 'tasks', 'run', '***_v2_etl_dag', 'load_task', 'manual__2025-02-21T09:21:09.662952+00:00', '--job-id', '123', '--raw', '--subdir', 'DAGS_FOLDER/***_v2_etl_dag.py', '--cfg-path', '/tmp/tmp6c8s8ytq']
[2025-02-21T09:22:07.586+0000] {standard_task_runner.py:105} INFO - Job 123: Subtask load_task
[2025-02-21T09:22:07.607+0000] {logging_mixin.py:190} WARNING - /home/airflow/.local/lib/python3.9/site-packages/airflow/settings.py:209 DeprecationWarning: The sql_alchemy_conn option in [core] has been moved to the sql_alchemy_conn option in [database] - the old setting has been used, but please update your config.
[2025-02-21T09:22:07.655+0000] {task_command.py:467} INFO - Running <TaskInstance: finprode8_v2_etl_dag.load_task manual__2025-02-21T09:21:09.662952+00:00 [running]> on host ***-airflow-scheduler
[2025-02-21T09:22:07.757+0000] {taskinstance.py:3134} INFO - Exporting env vars: AIRFLOW_CTX_DAG_OWNER='ratih malini' AIRFLOW_CTX_DAG_ID='***_v2_etl_dag' AIRFLOW_CTX_TASK_ID='load_task' AIRFLOW_CTX_EXECUTION_DATE='2025-02-21T09:21:09.662952+00:00' AIRFLOW_CTX_TRY_NUMBER='1' AIRFLOW_CTX_DAG_RUN_ID='manual__2025-02-21T09:21:09.662952+00:00'
[2025-02-21T09:22:07.761+0000] {taskinstance.py:732} INFO - ::endgroup::
[2025-02-21T09:22:07.809+0000] {base.py:84} INFO - Retrieving connection 'spark_main'
[2025-02-21T09:22:07.813+0000] {spark_submit.py:474} INFO - Spark-Submit cmd: spark-submit --master spark://***-spark-master:7077 --packages org.postgresql:postgresql:42.2.18 --name arrow-spark /spark-scripts/***_v2_load.py
[2025-02-21T09:22:10.819+0000] {spark_submit.py:641} INFO - :: loading settings :: url = jar:file:/home/airflow/.local/lib/python3.9/site-packages/pyspark/jars/ivy-2.5.1.jar!/org/apache/ivy/core/settings/ivysettings.xml
[2025-02-21T09:22:10.937+0000] {spark_submit.py:641} INFO - Ivy Default Cache set to: /home/airflow/.ivy2/cache
[2025-02-21T09:22:10.939+0000] {spark_submit.py:641} INFO - The jars for the packages stored in: /home/airflow/.ivy2/jars
[2025-02-21T09:22:10.941+0000] {spark_submit.py:641} INFO - org.postgresql#postgresql added as a dependency
[2025-02-21T09:22:10.943+0000] {spark_submit.py:641} INFO - :: resolving dependencies :: org.apache.spark#spark-submit-parent-7d829aa6-af2d-4a6a-8e15-fd9b3a5ddb1f;1.0
[2025-02-21T09:22:10.945+0000] {spark_submit.py:641} INFO - confs: [default]
[2025-02-21T09:22:11.069+0000] {spark_submit.py:641} INFO - found org.postgresql#postgresql;42.2.18 in central
[2025-02-21T09:22:11.102+0000] {spark_submit.py:641} INFO - found org.checkerframework#checker-qual;3.5.0 in central
[2025-02-21T09:22:11.123+0000] {spark_submit.py:641} INFO - :: resolution report :: resolve 173ms :: artifacts dl 8ms
[2025-02-21T09:22:11.125+0000] {spark_submit.py:641} INFO - :: modules in use:
[2025-02-21T09:22:11.127+0000] {spark_submit.py:641} INFO - org.checkerframework#checker-qual;3.5.0 from central in [default]
[2025-02-21T09:22:11.128+0000] {spark_submit.py:641} INFO - org.postgresql#postgresql;42.2.18 from central in [default]
[2025-02-21T09:22:11.130+0000] {spark_submit.py:641} INFO - ---------------------------------------------------------------------
[2025-02-21T09:22:11.131+0000] {spark_submit.py:641} INFO - |                  |            modules            ||   artifacts   |
[2025-02-21T09:22:11.133+0000] {spark_submit.py:641} INFO - |       conf       | number| search|dwnlded|evicted|| number|dwnlded|
[2025-02-21T09:22:11.134+0000] {spark_submit.py:641} INFO - ---------------------------------------------------------------------
[2025-02-21T09:22:11.136+0000] {spark_submit.py:641} INFO - |      default     |   2   |   0   |   0   |   0   ||   2   |   0   |
[2025-02-21T09:22:11.138+0000] {spark_submit.py:641} INFO - ---------------------------------------------------------------------
[2025-02-21T09:22:11.140+0000] {spark_submit.py:641} INFO - :: retrieving :: org.apache.spark#spark-submit-parent-7d829aa6-af2d-4a6a-8e15-fd9b3a5ddb1f
[2025-02-21T09:22:11.142+0000] {spark_submit.py:641} INFO - confs: [default]
[2025-02-21T09:22:11.143+0000] {spark_submit.py:641} INFO - 0 artifacts copied, 2 already retrieved (0kB/7ms)
[2025-02-21T09:22:11.389+0000] {spark_submit.py:641} INFO - 25/02/21 09:22:11 WARN NativeCodeLoader: Unable to load native-hadoop library for your platform... using builtin-java classes where applicable
[2025-02-21T09:22:12.493+0000] {spark_submit.py:641} INFO - 25/02/21 09:22:12 INFO SparkContext: Running Spark version 3.3.2
[2025-02-21T09:22:12.519+0000] {spark_submit.py:641} INFO - 25/02/21 09:22:12 INFO ResourceUtils: ==============================================================
[2025-02-21T09:22:12.521+0000] {spark_submit.py:641} INFO - 25/02/21 09:22:12 INFO ResourceUtils: No custom resources configured for spark.driver.
[2025-02-21T09:22:12.525+0000] {spark_submit.py:641} INFO - 25/02/21 09:22:12 INFO ResourceUtils: ==============================================================
[2025-02-21T09:22:12.527+0000] {spark_submit.py:641} INFO - 25/02/21 09:22:12 INFO SparkContext: Submitted application: ***_transform
[2025-02-21T09:22:12.548+0000] {spark_submit.py:641} INFO - 25/02/21 09:22:12 INFO ResourceProfile: Default ResourceProfile created, executor resources: Map(cores -> name: cores, amount: 1, script: , vendor: , memory -> name: memory, amount: 1024, script: , vendor: , offHeap -> name: offHeap, amount: 0, script: , vendor: ), task resources: Map(cpus -> name: cpus, amount: 1.0)
[2025-02-21T09:22:12.557+0000] {spark_submit.py:641} INFO - 25/02/21 09:22:12 INFO ResourceProfile: Limiting resource is cpu
[2025-02-21T09:22:12.559+0000] {spark_submit.py:641} INFO - 25/02/21 09:22:12 INFO ResourceProfileManager: Added ResourceProfile id: 0
[2025-02-21T09:22:12.631+0000] {spark_submit.py:641} INFO - 25/02/21 09:22:12 INFO SecurityManager: Changing view acls to: airflow
[2025-02-21T09:22:12.633+0000] {spark_submit.py:641} INFO - 25/02/21 09:22:12 INFO SecurityManager: Changing modify acls to: airflow
[2025-02-21T09:22:12.639+0000] {spark_submit.py:641} INFO - 25/02/21 09:22:12 INFO SecurityManager: Changing view acls groups to:
[2025-02-21T09:22:12.641+0000] {spark_submit.py:641} INFO - 25/02/21 09:22:12 INFO SecurityManager: Changing modify acls groups to:
[2025-02-21T09:22:12.643+0000] {spark_submit.py:641} INFO - 25/02/21 09:22:12 INFO SecurityManager: SecurityManager: authentication disabled; ui acls disabled; users  with view permissions: Set(airflow); groups with view permissions: Set(); users  with modify permissions: Set(airflow); groups with modify permissions: Set()
[2025-02-21T09:22:12.954+0000] {spark_submit.py:641} INFO - 25/02/21 09:22:12 INFO Utils: Successfully started service 'sparkDriver' on port 41579.
[2025-02-21T09:22:12.980+0000] {spark_submit.py:641} INFO - 25/02/21 09:22:12 INFO SparkEnv: Registering MapOutputTracker
[2025-02-21T09:22:13.017+0000] {spark_submit.py:641} INFO - 25/02/21 09:22:13 INFO SparkEnv: Registering BlockManagerMaster
[2025-02-21T09:22:13.042+0000] {spark_submit.py:641} INFO - 25/02/21 09:22:13 INFO BlockManagerMasterEndpoint: Using org.apache.spark.storage.DefaultTopologyMapper for getting topology information
[2025-02-21T09:22:13.044+0000] {spark_submit.py:641} INFO - 25/02/21 09:22:13 INFO BlockManagerMasterEndpoint: BlockManagerMasterEndpoint up
[2025-02-21T09:22:13.051+0000] {spark_submit.py:641} INFO - 25/02/21 09:22:13 INFO SparkEnv: Registering BlockManagerMasterHeartbeat
[2025-02-21T09:22:13.071+0000] {spark_submit.py:641} INFO - 25/02/21 09:22:13 INFO DiskBlockManager: Created local directory at /tmp/blockmgr-3cdb0e16-d5f4-4f0c-9ae7-aed009e8f480
[2025-02-21T09:22:13.091+0000] {spark_submit.py:641} INFO - 25/02/21 09:22:13 INFO MemoryStore: MemoryStore started with capacity 434.4 MiB
[2025-02-21T09:22:13.112+0000] {spark_submit.py:641} INFO - 25/02/21 09:22:13 INFO SparkEnv: Registering OutputCommitCoordinator
[2025-02-21T09:22:13.354+0000] {spark_submit.py:641} INFO - 25/02/21 09:22:13 INFO Utils: Successfully started service 'SparkUI' on port 4040.
[2025-02-21T09:22:13.405+0000] {spark_submit.py:641} INFO - 25/02/21 09:22:13 INFO SparkContext: Added JAR /spark-scripts/jars/postgresql-42.2.18.jar at spark://***-airflow-scheduler:41579/jars/postgresql-42.2.18.jar with timestamp 1740129732482
[2025-02-21T09:22:13.409+0000] {spark_submit.py:641} INFO - 25/02/21 09:22:13 INFO SparkContext: Added file file:///home/airflow/.ivy2/jars/org.postgresql_postgresql-42.2.18.jar at file:///home/airflow/.ivy2/jars/org.postgresql_postgresql-42.2.18.jar with timestamp 1740129732482
[2025-02-21T09:22:13.412+0000] {spark_submit.py:641} INFO - 25/02/21 09:22:13 INFO Utils: Copying /home/airflow/.ivy2/jars/org.postgresql_postgresql-42.2.18.jar to /tmp/spark-efd5e80f-4303-49a8-9069-4002f3ee9fda/userFiles-e526b4e6-a2b0-4507-8e20-a2e70d80bb2a/org.postgresql_postgresql-42.2.18.jar
[2025-02-21T09:22:13.430+0000] {spark_submit.py:641} INFO - 25/02/21 09:22:13 INFO SparkContext: Added file file:///home/airflow/.ivy2/jars/org.checkerframework_checker-qual-3.5.0.jar at file:///home/airflow/.ivy2/jars/org.checkerframework_checker-qual-3.5.0.jar with timestamp 1740129732482
[2025-02-21T09:22:13.431+0000] {spark_submit.py:641} INFO - 25/02/21 09:22:13 INFO Utils: Copying /home/airflow/.ivy2/jars/org.checkerframework_checker-qual-3.5.0.jar to /tmp/spark-efd5e80f-4303-49a8-9069-4002f3ee9fda/userFiles-e526b4e6-a2b0-4507-8e20-a2e70d80bb2a/org.checkerframework_checker-qual-3.5.0.jar
[2025-02-21T09:22:13.534+0000] {spark_submit.py:641} INFO - 25/02/21 09:22:13 INFO Executor: Starting executor ID driver on host ***-airflow-scheduler
[2025-02-21T09:22:13.543+0000] {spark_submit.py:641} INFO - 25/02/21 09:22:13 INFO Executor: Starting executor with user classpath (userClassPathFirst = false): ''
[2025-02-21T09:22:13.560+0000] {spark_submit.py:641} INFO - 25/02/21 09:22:13 INFO Executor: Fetching file:///home/airflow/.ivy2/jars/org.postgresql_postgresql-42.2.18.jar with timestamp 1740129732482
[2025-02-21T09:22:13.592+0000] {spark_submit.py:641} INFO - 25/02/21 09:22:13 INFO Utils: /home/airflow/.ivy2/jars/org.postgresql_postgresql-42.2.18.jar has been previously copied to /tmp/spark-efd5e80f-4303-49a8-9069-4002f3ee9fda/userFiles-e526b4e6-a2b0-4507-8e20-a2e70d80bb2a/org.postgresql_postgresql-42.2.18.jar
[2025-02-21T09:22:13.596+0000] {spark_submit.py:641} INFO - 25/02/21 09:22:13 INFO Executor: Fetching file:///home/airflow/.ivy2/jars/org.checkerframework_checker-qual-3.5.0.jar with timestamp 1740129732482
[2025-02-21T09:22:13.598+0000] {spark_submit.py:641} INFO - 25/02/21 09:22:13 INFO Utils: /home/airflow/.ivy2/jars/org.checkerframework_checker-qual-3.5.0.jar has been previously copied to /tmp/spark-efd5e80f-4303-49a8-9069-4002f3ee9fda/userFiles-e526b4e6-a2b0-4507-8e20-a2e70d80bb2a/org.checkerframework_checker-qual-3.5.0.jar
[2025-02-21T09:22:13.606+0000] {spark_submit.py:641} INFO - 25/02/21 09:22:13 INFO Executor: Fetching spark://***-airflow-scheduler:41579/jars/postgresql-42.2.18.jar with timestamp 1740129732482
[2025-02-21T09:22:13.638+0000] {spark_submit.py:641} INFO - 25/02/21 09:22:13 INFO TransportClientFactory: Successfully created connection to ***-airflow-scheduler/172.19.0.6:41579 after 22 ms (0 ms spent in bootstraps)
[2025-02-21T09:22:13.642+0000] {spark_submit.py:641} INFO - 25/02/21 09:22:13 INFO Utils: Fetching spark://***-airflow-scheduler:41579/jars/postgresql-42.2.18.jar to /tmp/spark-efd5e80f-4303-49a8-9069-4002f3ee9fda/userFiles-e526b4e6-a2b0-4507-8e20-a2e70d80bb2a/fetchFileTemp13481510032086351777.tmp
[2025-02-21T09:22:13.700+0000] {spark_submit.py:641} INFO - 25/02/21 09:22:13 INFO Executor: Adding file:/tmp/spark-efd5e80f-4303-49a8-9069-4002f3ee9fda/userFiles-e526b4e6-a2b0-4507-8e20-a2e70d80bb2a/postgresql-42.2.18.jar to class loader
[2025-02-21T09:22:13.707+0000] {spark_submit.py:641} INFO - 25/02/21 09:22:13 INFO Utils: Successfully started service 'org.apache.spark.network.netty.NettyBlockTransferService' on port 43995.
[2025-02-21T09:22:13.709+0000] {spark_submit.py:641} INFO - 25/02/21 09:22:13 INFO NettyBlockTransferService: Server created on ***-airflow-scheduler:43995
[2025-02-21T09:22:13.711+0000] {spark_submit.py:641} INFO - 25/02/21 09:22:13 INFO BlockManager: Using org.apache.spark.storage.RandomBlockReplicationPolicy for block replication policy
[2025-02-21T09:22:13.716+0000] {spark_submit.py:641} INFO - 25/02/21 09:22:13 INFO BlockManagerMaster: Registering BlockManager BlockManagerId(driver, ***-airflow-scheduler, 43995, None)
[2025-02-21T09:22:13.720+0000] {spark_submit.py:641} INFO - 25/02/21 09:22:13 INFO BlockManagerMasterEndpoint: Registering block manager ***-airflow-scheduler:43995 with 434.4 MiB RAM, BlockManagerId(driver, ***-airflow-scheduler, 43995, None)
[2025-02-21T09:22:13.722+0000] {spark_submit.py:641} INFO - 25/02/21 09:22:13 INFO BlockManagerMaster: Registered BlockManager BlockManagerId(driver, ***-airflow-scheduler, 43995, None)
[2025-02-21T09:22:13.725+0000] {spark_submit.py:641} INFO - 25/02/21 09:22:13 INFO BlockManager: Initialized BlockManager: BlockManagerId(driver, ***-airflow-scheduler, 43995, None)
[2025-02-21T09:22:19.144+0000] {spark_submit.py:641} INFO - ---------------- MENAMPILKAN DATA HASIL LOAD KE POSTGRES ----------------
[2025-02-21T09:22:19.450+0000] {spark_submit.py:641} INFO - +-----------+-----------------+---------+---------------+------+-------------------+---------------+---+--------------------+-----------------+---------------------+----------+------------------+
[2025-02-21T09:22:19.451+0000] {spark_submit.py:641} INFO - |employee_id|       department|   region|      education|gender|recruitment_channel|no_of_trainings|age|previous_year_rating|length_of_service|KPIs_met_more_than_80|awards_won|avg_training_score|
[2025-02-21T09:22:19.452+0000] {spark_submit.py:641} INFO - +-----------+-----------------+---------+---------------+------+-------------------+---------------+---+--------------------+-----------------+---------------------+----------+------------------+
[2025-02-21T09:22:19.453+0000] {spark_submit.py:641} INFO - |          3|      Procurement|region_22|Masters & above|     f|              other|              1| 38|                   5|                4|                    1|         0|                67|
[2025-02-21T09:22:19.454+0000] {spark_submit.py:641} INFO - |          6|Sales & Marketing|region_15|      Bachelors|     f|              other|              1| 38|                   3|               10|                    0|         0|                50|
[2025-02-21T09:22:19.456+0000] {spark_submit.py:641} INFO - |         11|       Technology| region_4|Masters & above|     f|           sourcing|              1| 39|                   4|               12|                    1|         0|                72|
[2025-02-21T09:22:19.458+0000] {spark_submit.py:641} INFO - |         13|Sales & Marketing|region_17|      Bachelors|     m|              other|              1| 38|                   1|                5|                    1|         0|                47|
[2025-02-21T09:22:19.459+0000] {spark_submit.py:641} INFO - |         16|Sales & Marketing| region_4|Masters & above|     m|           sourcing|              1| 40|                   5|                5|                    0|         0|                53|
[2025-02-21T09:22:19.460+0000] {spark_submit.py:641} INFO - |         17|Sales & Marketing| region_7|      Bachelors|     m|           sourcing|              1| 50|                   5|               13|                    0|         0|                47|
[2025-02-21T09:22:19.461+0000] {spark_submit.py:641} INFO - |         19|               HR| region_2|Masters & above|     f|              other|              1| 50|                   4|                7|                    1|         0|                45|
[2025-02-21T09:22:19.462+0000] {spark_submit.py:641} INFO - |         20|        Analytics|region_21|      Bachelors|     m|           sourcing|              1| 27|                   0|                1|                    1|         0|                89|
[2025-02-21T09:22:19.463+0000] {spark_submit.py:641} INFO - |         21|        Analytics| region_8|      Bachelors|     m|           sourcing|              2| 28|                   2|                3|                    1|         0|                85|
[2025-02-21T09:22:19.464+0000] {spark_submit.py:641} INFO - |         22|       Technology| region_2|Masters & above|     f|              other|              1| 57|                   4|               18|                    1|         0|                77|
[2025-02-21T09:22:19.465+0000] {spark_submit.py:641} INFO - |         23|Sales & Marketing|region_16|      Bachelors|     f|           sourcing|              1| 42|                   1|                3|                    0|         0|                46|
[2025-02-21T09:22:19.466+0000] {spark_submit.py:641} INFO - |         24|               HR|region_28|Masters & above|     f|              other|              1| 32|                   1|                5|                    1|         0|                51|
[2025-02-21T09:22:19.467+0000] {spark_submit.py:641} INFO - |         27|Sales & Marketing|region_16|      Bachelors|     m|           sourcing|              1| 29|                   2|                6|                    0|         0|                51|
[2025-02-21T09:22:19.468+0000] {spark_submit.py:641} INFO - |         29|        Analytics| region_7|      Bachelors|     m|              other|              1| 28|                   0|                1|                    1|         0|                85|
[2025-02-21T09:22:19.469+0000] {spark_submit.py:641} INFO - |         31|Sales & Marketing|region_15|      Bachelors|     f|              other|              1| 29|                   3|                5|                    1|         0|                49|
[2025-02-21T09:22:19.470+0000] {spark_submit.py:641} INFO - |         40|       Operations| region_7|Masters & above|     f|              other|              1| 34|                   1|                4|                    0|         0|                65|
[2025-02-21T09:22:19.471+0000] {spark_submit.py:641} INFO - |         50|Sales & Marketing|region_19|      Bachelors|     m|              other|              1| 32|                   1|                3|                    0|         0|                48|
[2025-02-21T09:22:19.473+0000] {spark_submit.py:641} INFO - |         55|       Operations|region_19|Masters & above|     f|           sourcing|              1| 33|                   5|                3|                    0|         0|                61|
[2025-02-21T09:22:19.475+0000] {spark_submit.py:641} INFO - |         63|Sales & Marketing| region_8|Masters & above|     m|           sourcing|              1| 35|                   5|                8|                    0|         0|                52|
[2025-02-21T09:22:19.476+0000] {spark_submit.py:641} INFO - |         64|        Analytics| region_4|      Bachelors|     m|              other|              1| 42|                   5|               11|                    1|         0|                80|
[2025-02-21T09:22:19.477+0000] {spark_submit.py:641} INFO - +-----------+-----------------+---------+---------------+------+-------------------+---------------+---+--------------------+-----------------+---------------------+----------+------------------+
[2025-02-21T09:22:19.478+0000] {spark_submit.py:641} INFO - only showing top 20 rows
[2025-02-21T09:22:19.479+0000] {spark_submit.py:641} INFO - 
[2025-02-21T09:22:19.848+0000] {spark_submit.py:641} INFO - Jumlah baris dalam DataFrame: 17415
[2025-02-21T09:22:19.850+0000] {spark_submit.py:641} INFO - Load data berhasil.
[2025-02-21T09:22:20.063+0000] {taskinstance.py:341} INFO - ::group::Post task execution logs
[2025-02-21T09:22:20.065+0000] {taskinstance.py:353} INFO - Marking task as SUCCESS. dag_id=***_v2_etl_dag, task_id=load_task, run_id=manual__2025-02-21T09:21:09.662952+00:00, execution_date=20250221T092109, start_date=20250221T092207, end_date=20250221T092220
[2025-02-21T09:22:20.129+0000] {local_task_job_runner.py:266} INFO - Task exited with return code 0
[2025-02-21T09:22:20.162+0000] {taskinstance.py:3901} INFO - 0 downstream tasks scheduled from follow-on schedule check
[2025-02-21T09:22:20.167+0000] {local_task_job_runner.py:245} INFO - ::endgroup::
