[2025-02-21T09:39:14.982+0000] {local_task_job_runner.py:123} INFO - ::group::Pre task execution logs
[2025-02-21T09:39:15.006+0000] {taskinstance.py:2614} INFO - Dependencies all met for dep_context=non-requeueable deps ti=<TaskInstance: finprode8_v2_etl_dag.load_task manual__2025-02-21T09:21:09.662952+00:00 [queued]>
[2025-02-21T09:39:15.020+0000] {taskinstance.py:2614} INFO - Dependencies all met for dep_context=requeueable deps ti=<TaskInstance: finprode8_v2_etl_dag.load_task manual__2025-02-21T09:21:09.662952+00:00 [queued]>
[2025-02-21T09:39:15.022+0000] {taskinstance.py:2867} INFO - Starting attempt 6 of 6
[2025-02-21T09:39:15.039+0000] {taskinstance.py:2890} INFO - Executing <Task(SparkSubmitOperator): load_task> on 2025-02-21 09:21:09.662952+00:00
[2025-02-21T09:39:15.045+0000] {standard_task_runner.py:72} INFO - Started process 4678 to run task
[2025-02-21T09:39:15.048+0000] {standard_task_runner.py:104} INFO - Running: ['airflow', 'tasks', 'run', '***_v2_etl_dag', 'load_task', 'manual__2025-02-21T09:21:09.662952+00:00', '--job-id', '141', '--raw', '--subdir', 'DAGS_FOLDER/***_v2_etl_dag.py', '--cfg-path', '/tmp/tmpmbzeaz88']
[2025-02-21T09:39:15.052+0000] {standard_task_runner.py:105} INFO - Job 141: Subtask load_task
[2025-02-21T09:39:15.075+0000] {logging_mixin.py:190} WARNING - /home/airflow/.local/lib/python3.9/site-packages/airflow/settings.py:209 DeprecationWarning: The sql_alchemy_conn option in [core] has been moved to the sql_alchemy_conn option in [database] - the old setting has been used, but please update your config.
[2025-02-21T09:39:15.117+0000] {task_command.py:467} INFO - Running <TaskInstance: finprode8_v2_etl_dag.load_task manual__2025-02-21T09:21:09.662952+00:00 [running]> on host ***-airflow-scheduler
[2025-02-21T09:39:15.207+0000] {taskinstance.py:3134} INFO - Exporting env vars: AIRFLOW_CTX_DAG_OWNER='ratih malini' AIRFLOW_CTX_DAG_ID='***_v2_etl_dag' AIRFLOW_CTX_TASK_ID='load_task' AIRFLOW_CTX_EXECUTION_DATE='2025-02-21T09:21:09.662952+00:00' AIRFLOW_CTX_TRY_NUMBER='6' AIRFLOW_CTX_DAG_RUN_ID='manual__2025-02-21T09:21:09.662952+00:00'
[2025-02-21T09:39:15.210+0000] {taskinstance.py:732} INFO - ::endgroup::
[2025-02-21T09:39:15.250+0000] {base.py:84} INFO - Retrieving connection 'spark_main'
[2025-02-21T09:39:15.254+0000] {spark_submit.py:474} INFO - Spark-Submit cmd: spark-submit --master spark://***-spark-master:7077 --packages org.postgresql:postgresql:42.2.18 --name arrow-spark /spark-scripts/***_v2_load.py
[2025-02-21T09:39:18.051+0000] {spark_submit.py:641} INFO - :: loading settings :: url = jar:file:/home/airflow/.local/lib/python3.9/site-packages/pyspark/jars/ivy-2.5.1.jar!/org/apache/ivy/core/settings/ivysettings.xml
[2025-02-21T09:39:18.145+0000] {spark_submit.py:641} INFO - Ivy Default Cache set to: /home/airflow/.ivy2/cache
[2025-02-21T09:39:18.147+0000] {spark_submit.py:641} INFO - The jars for the packages stored in: /home/airflow/.ivy2/jars
[2025-02-21T09:39:18.149+0000] {spark_submit.py:641} INFO - org.postgresql#postgresql added as a dependency
[2025-02-21T09:39:18.151+0000] {spark_submit.py:641} INFO - :: resolving dependencies :: org.apache.spark#spark-submit-parent-5f5f67be-b181-430f-b8c4-51744e7d38c1;1.0
[2025-02-21T09:39:18.153+0000] {spark_submit.py:641} INFO - confs: [default]
[2025-02-21T09:39:18.299+0000] {spark_submit.py:641} INFO - found org.postgresql#postgresql;42.2.18 in central
[2025-02-21T09:39:18.328+0000] {spark_submit.py:641} INFO - found org.checkerframework#checker-qual;3.5.0 in central
[2025-02-21T09:39:18.348+0000] {spark_submit.py:641} INFO - :: resolution report :: resolve 190ms :: artifacts dl 8ms
[2025-02-21T09:39:18.350+0000] {spark_submit.py:641} INFO - :: modules in use:
[2025-02-21T09:39:18.352+0000] {spark_submit.py:641} INFO - org.checkerframework#checker-qual;3.5.0 from central in [default]
[2025-02-21T09:39:18.353+0000] {spark_submit.py:641} INFO - org.postgresql#postgresql;42.2.18 from central in [default]
[2025-02-21T09:39:18.355+0000] {spark_submit.py:641} INFO - ---------------------------------------------------------------------
[2025-02-21T09:39:18.356+0000] {spark_submit.py:641} INFO - |                  |            modules            ||   artifacts   |
[2025-02-21T09:39:18.357+0000] {spark_submit.py:641} INFO - |       conf       | number| search|dwnlded|evicted|| number|dwnlded|
[2025-02-21T09:39:18.359+0000] {spark_submit.py:641} INFO - ---------------------------------------------------------------------
[2025-02-21T09:39:18.360+0000] {spark_submit.py:641} INFO - |      default     |   2   |   0   |   0   |   0   ||   2   |   0   |
[2025-02-21T09:39:18.362+0000] {spark_submit.py:641} INFO - ---------------------------------------------------------------------
[2025-02-21T09:39:18.364+0000] {spark_submit.py:641} INFO - :: retrieving :: org.apache.spark#spark-submit-parent-5f5f67be-b181-430f-b8c4-51744e7d38c1
[2025-02-21T09:39:18.366+0000] {spark_submit.py:641} INFO - confs: [default]
[2025-02-21T09:39:18.367+0000] {spark_submit.py:641} INFO - 0 artifacts copied, 2 already retrieved (0kB/6ms)
[2025-02-21T09:39:18.697+0000] {spark_submit.py:641} INFO - 25/02/21 09:39:18 WARN NativeCodeLoader: Unable to load native-hadoop library for your platform... using builtin-java classes where applicable
[2025-02-21T09:39:19.898+0000] {spark_submit.py:641} INFO - 25/02/21 09:39:19 INFO SparkContext: Running Spark version 3.3.2
[2025-02-21T09:39:19.927+0000] {spark_submit.py:641} INFO - 25/02/21 09:39:19 INFO ResourceUtils: ==============================================================
[2025-02-21T09:39:19.929+0000] {spark_submit.py:641} INFO - 25/02/21 09:39:19 INFO ResourceUtils: No custom resources configured for spark.driver.
[2025-02-21T09:39:19.930+0000] {spark_submit.py:641} INFO - 25/02/21 09:39:19 INFO ResourceUtils: ==============================================================
[2025-02-21T09:39:19.932+0000] {spark_submit.py:641} INFO - 25/02/21 09:39:19 INFO SparkContext: Submitted application: ***_transform
[2025-02-21T09:39:19.961+0000] {spark_submit.py:641} INFO - 25/02/21 09:39:19 INFO ResourceProfile: Default ResourceProfile created, executor resources: Map(cores -> name: cores, amount: 1, script: , vendor: , memory -> name: memory, amount: 1024, script: , vendor: , offHeap -> name: offHeap, amount: 0, script: , vendor: ), task resources: Map(cpus -> name: cpus, amount: 1.0)
[2025-02-21T09:39:19.971+0000] {spark_submit.py:641} INFO - 25/02/21 09:39:19 INFO ResourceProfile: Limiting resource is cpu
[2025-02-21T09:39:19.973+0000] {spark_submit.py:641} INFO - 25/02/21 09:39:19 INFO ResourceProfileManager: Added ResourceProfile id: 0
[2025-02-21T09:39:20.058+0000] {spark_submit.py:641} INFO - 25/02/21 09:39:20 INFO SecurityManager: Changing view acls to: airflow
[2025-02-21T09:39:20.060+0000] {spark_submit.py:641} INFO - 25/02/21 09:39:20 INFO SecurityManager: Changing modify acls to: airflow
[2025-02-21T09:39:20.061+0000] {spark_submit.py:641} INFO - 25/02/21 09:39:20 INFO SecurityManager: Changing view acls groups to:
[2025-02-21T09:39:20.063+0000] {spark_submit.py:641} INFO - 25/02/21 09:39:20 INFO SecurityManager: Changing modify acls groups to:
[2025-02-21T09:39:20.065+0000] {spark_submit.py:641} INFO - 25/02/21 09:39:20 INFO SecurityManager: SecurityManager: authentication disabled; ui acls disabled; users  with view permissions: Set(airflow); groups with view permissions: Set(); users  with modify permissions: Set(airflow); groups with modify permissions: Set()
[2025-02-21T09:39:20.368+0000] {spark_submit.py:641} INFO - 25/02/21 09:39:20 INFO Utils: Successfully started service 'sparkDriver' on port 45321.
[2025-02-21T09:39:20.415+0000] {spark_submit.py:641} INFO - 25/02/21 09:39:20 INFO SparkEnv: Registering MapOutputTracker
[2025-02-21T09:39:20.474+0000] {spark_submit.py:641} INFO - 25/02/21 09:39:20 INFO SparkEnv: Registering BlockManagerMaster
[2025-02-21T09:39:20.505+0000] {spark_submit.py:641} INFO - 25/02/21 09:39:20 INFO BlockManagerMasterEndpoint: Using org.apache.spark.storage.DefaultTopologyMapper for getting topology information
[2025-02-21T09:39:20.507+0000] {spark_submit.py:641} INFO - 25/02/21 09:39:20 INFO BlockManagerMasterEndpoint: BlockManagerMasterEndpoint up
[2025-02-21T09:39:20.514+0000] {spark_submit.py:641} INFO - 25/02/21 09:39:20 INFO SparkEnv: Registering BlockManagerMasterHeartbeat
[2025-02-21T09:39:20.556+0000] {spark_submit.py:641} INFO - 25/02/21 09:39:20 INFO DiskBlockManager: Created local directory at /tmp/blockmgr-f99e0082-d83e-4e4f-b779-40a6eba68f03
[2025-02-21T09:39:20.591+0000] {spark_submit.py:641} INFO - 25/02/21 09:39:20 INFO MemoryStore: MemoryStore started with capacity 434.4 MiB
[2025-02-21T09:39:20.618+0000] {spark_submit.py:641} INFO - 25/02/21 09:39:20 INFO SparkEnv: Registering OutputCommitCoordinator
[2025-02-21T09:39:20.884+0000] {spark_submit.py:641} INFO - 25/02/21 09:39:20 INFO Utils: Successfully started service 'SparkUI' on port 4040.
[2025-02-21T09:39:20.936+0000] {spark_submit.py:641} INFO - 25/02/21 09:39:20 INFO SparkContext: Added JAR /spark-scripts/jars/postgresql-42.2.18.jar at spark://***-airflow-scheduler:45321/jars/postgresql-42.2.18.jar with timestamp 1740130759883
[2025-02-21T09:39:20.939+0000] {spark_submit.py:641} INFO - 25/02/21 09:39:20 INFO SparkContext: Added file file:///home/airflow/.ivy2/jars/org.postgresql_postgresql-42.2.18.jar at file:///home/airflow/.ivy2/jars/org.postgresql_postgresql-42.2.18.jar with timestamp 1740130759883
[2025-02-21T09:39:20.941+0000] {spark_submit.py:641} INFO - 25/02/21 09:39:20 INFO Utils: Copying /home/airflow/.ivy2/jars/org.postgresql_postgresql-42.2.18.jar to /tmp/spark-e2f38e04-4d13-4761-86b0-271bc47bde56/userFiles-93fad8cc-75b4-42f4-8dc6-4580b1c42523/org.postgresql_postgresql-42.2.18.jar
[2025-02-21T09:39:20.960+0000] {spark_submit.py:641} INFO - 25/02/21 09:39:20 INFO SparkContext: Added file file:///home/airflow/.ivy2/jars/org.checkerframework_checker-qual-3.5.0.jar at file:///home/airflow/.ivy2/jars/org.checkerframework_checker-qual-3.5.0.jar with timestamp 1740130759883
[2025-02-21T09:39:20.962+0000] {spark_submit.py:641} INFO - 25/02/21 09:39:20 INFO Utils: Copying /home/airflow/.ivy2/jars/org.checkerframework_checker-qual-3.5.0.jar to /tmp/spark-e2f38e04-4d13-4761-86b0-271bc47bde56/userFiles-93fad8cc-75b4-42f4-8dc6-4580b1c42523/org.checkerframework_checker-qual-3.5.0.jar
[2025-02-21T09:39:21.073+0000] {spark_submit.py:641} INFO - 25/02/21 09:39:21 INFO Executor: Starting executor ID driver on host ***-airflow-scheduler
[2025-02-21T09:39:21.084+0000] {spark_submit.py:641} INFO - 25/02/21 09:39:21 INFO Executor: Starting executor with user classpath (userClassPathFirst = false): ''
[2025-02-21T09:39:21.105+0000] {spark_submit.py:641} INFO - 25/02/21 09:39:21 INFO Executor: Fetching file:///home/airflow/.ivy2/jars/org.postgresql_postgresql-42.2.18.jar with timestamp 1740130759883
[2025-02-21T09:39:21.142+0000] {spark_submit.py:641} INFO - 25/02/21 09:39:21 INFO Utils: /home/airflow/.ivy2/jars/org.postgresql_postgresql-42.2.18.jar has been previously copied to /tmp/spark-e2f38e04-4d13-4761-86b0-271bc47bde56/userFiles-93fad8cc-75b4-42f4-8dc6-4580b1c42523/org.postgresql_postgresql-42.2.18.jar
[2025-02-21T09:39:21.148+0000] {spark_submit.py:641} INFO - 25/02/21 09:39:21 INFO Executor: Fetching file:///home/airflow/.ivy2/jars/org.checkerframework_checker-qual-3.5.0.jar with timestamp 1740130759883
[2025-02-21T09:39:21.150+0000] {spark_submit.py:641} INFO - 25/02/21 09:39:21 INFO Utils: /home/airflow/.ivy2/jars/org.checkerframework_checker-qual-3.5.0.jar has been previously copied to /tmp/spark-e2f38e04-4d13-4761-86b0-271bc47bde56/userFiles-93fad8cc-75b4-42f4-8dc6-4580b1c42523/org.checkerframework_checker-qual-3.5.0.jar
[2025-02-21T09:39:21.168+0000] {spark_submit.py:641} INFO - 25/02/21 09:39:21 INFO Executor: Fetching spark://***-airflow-scheduler:45321/jars/postgresql-42.2.18.jar with timestamp 1740130759883
[2025-02-21T09:39:21.249+0000] {spark_submit.py:641} INFO - 25/02/21 09:39:21 INFO TransportClientFactory: Successfully created connection to ***-airflow-scheduler/172.19.0.6:45321 after 52 ms (0 ms spent in bootstraps)
[2025-02-21T09:39:21.255+0000] {spark_submit.py:641} INFO - 25/02/21 09:39:21 INFO Utils: Fetching spark://***-airflow-scheduler:45321/jars/postgresql-42.2.18.jar to /tmp/spark-e2f38e04-4d13-4761-86b0-271bc47bde56/userFiles-93fad8cc-75b4-42f4-8dc6-4580b1c42523/fetchFileTemp12159278461054167303.tmp
[2025-02-21T09:39:21.329+0000] {spark_submit.py:641} INFO - 25/02/21 09:39:21 INFO Executor: Adding file:/tmp/spark-e2f38e04-4d13-4761-86b0-271bc47bde56/userFiles-93fad8cc-75b4-42f4-8dc6-4580b1c42523/postgresql-42.2.18.jar to class loader
[2025-02-21T09:39:21.339+0000] {spark_submit.py:641} INFO - 25/02/21 09:39:21 INFO Utils: Successfully started service 'org.apache.spark.network.netty.NettyBlockTransferService' on port 38021.
[2025-02-21T09:39:21.341+0000] {spark_submit.py:641} INFO - 25/02/21 09:39:21 INFO NettyBlockTransferService: Server created on ***-airflow-scheduler:38021
[2025-02-21T09:39:21.342+0000] {spark_submit.py:641} INFO - 25/02/21 09:39:21 INFO BlockManager: Using org.apache.spark.storage.RandomBlockReplicationPolicy for block replication policy
[2025-02-21T09:39:21.352+0000] {spark_submit.py:641} INFO - 25/02/21 09:39:21 INFO BlockManagerMaster: Registering BlockManager BlockManagerId(driver, ***-airflow-scheduler, 38021, None)
[2025-02-21T09:39:21.358+0000] {spark_submit.py:641} INFO - 25/02/21 09:39:21 INFO BlockManagerMasterEndpoint: Registering block manager ***-airflow-scheduler:38021 with 434.4 MiB RAM, BlockManagerId(driver, ***-airflow-scheduler, 38021, None)
[2025-02-21T09:39:21.361+0000] {spark_submit.py:641} INFO - 25/02/21 09:39:21 INFO BlockManagerMaster: Registered BlockManager BlockManagerId(driver, ***-airflow-scheduler, 38021, None)
[2025-02-21T09:39:21.363+0000] {spark_submit.py:641} INFO - 25/02/21 09:39:21 INFO BlockManager: Initialized BlockManager: BlockManagerId(driver, ***-airflow-scheduler, 38021, None)
[2025-02-21T09:39:28.031+0000] {spark_submit.py:641} INFO - ---------------- MENAMPILKAN DATA HASIL LOAD KE POSTGRES ----------------
[2025-02-21T09:39:28.331+0000] {spark_submit.py:641} INFO - +-----------+-----------------+---------+---------------+------+-------------------+---------------+---+--------------------+-----------------+---------------------+----------+------------------+
[2025-02-21T09:39:28.332+0000] {spark_submit.py:641} INFO - |employee_id|       department|   region|      education|gender|recruitment_channel|no_of_trainings|age|previous_year_rating|length_of_service|KPIs_met_more_than_80|awards_won|avg_training_score|
[2025-02-21T09:39:28.333+0000] {spark_submit.py:641} INFO - +-----------+-----------------+---------+---------------+------+-------------------+---------------+---+--------------------+-----------------+---------------------+----------+------------------+
[2025-02-21T09:39:28.334+0000] {spark_submit.py:641} INFO - |          3|      Procurement|region_22|Masters & above|     f|              other|              1| 38|                   5|                4|                    1|         0|                67|
[2025-02-21T09:39:28.335+0000] {spark_submit.py:641} INFO - |          6|Sales & Marketing|region_15|      Bachelors|     f|              other|              1| 38|                   3|               10|                    0|         0|                50|
[2025-02-21T09:39:28.336+0000] {spark_submit.py:641} INFO - |         11|       Technology| region_4|Masters & above|     f|           sourcing|              1| 39|                   4|               12|                    1|         0|                72|
[2025-02-21T09:39:28.337+0000] {spark_submit.py:641} INFO - |         13|Sales & Marketing|region_17|      Bachelors|     m|              other|              1| 38|                   1|                5|                    1|         0|                47|
[2025-02-21T09:39:28.338+0000] {spark_submit.py:641} INFO - |         16|Sales & Marketing| region_4|Masters & above|     m|           sourcing|              1| 40|                   5|                5|                    0|         0|                53|
[2025-02-21T09:39:28.339+0000] {spark_submit.py:641} INFO - |         17|Sales & Marketing| region_7|      Bachelors|     m|           sourcing|              1| 50|                   5|               13|                    0|         0|                47|
[2025-02-21T09:39:28.341+0000] {spark_submit.py:641} INFO - |         19|               HR| region_2|Masters & above|     f|              other|              1| 50|                   4|                7|                    1|         0|                45|
[2025-02-21T09:39:28.342+0000] {spark_submit.py:641} INFO - |         20|        Analytics|region_21|      Bachelors|     m|           sourcing|              1| 27|                   0|                1|                    1|         0|                89|
[2025-02-21T09:39:28.343+0000] {spark_submit.py:641} INFO - |         21|        Analytics| region_8|      Bachelors|     m|           sourcing|              2| 28|                   2|                3|                    1|         0|                85|
[2025-02-21T09:39:28.344+0000] {spark_submit.py:641} INFO - |         22|       Technology| region_2|Masters & above|     f|              other|              1| 57|                   4|               18|                    1|         0|                77|
[2025-02-21T09:39:28.345+0000] {spark_submit.py:641} INFO - |         23|Sales & Marketing|region_16|      Bachelors|     f|           sourcing|              1| 42|                   1|                3|                    0|         0|                46|
[2025-02-21T09:39:28.346+0000] {spark_submit.py:641} INFO - |         24|               HR|region_28|Masters & above|     f|              other|              1| 32|                   1|                5|                    1|         0|                51|
[2025-02-21T09:39:28.347+0000] {spark_submit.py:641} INFO - |         27|Sales & Marketing|region_16|      Bachelors|     m|           sourcing|              1| 29|                   2|                6|                    0|         0|                51|
[2025-02-21T09:39:28.348+0000] {spark_submit.py:641} INFO - |         29|        Analytics| region_7|      Bachelors|     m|              other|              1| 28|                   0|                1|                    1|         0|                85|
[2025-02-21T09:39:28.349+0000] {spark_submit.py:641} INFO - |         31|Sales & Marketing|region_15|      Bachelors|     f|              other|              1| 29|                   3|                5|                    1|         0|                49|
[2025-02-21T09:39:28.350+0000] {spark_submit.py:641} INFO - |         40|       Operations| region_7|Masters & above|     f|              other|              1| 34|                   1|                4|                    0|         0|                65|
[2025-02-21T09:39:28.351+0000] {spark_submit.py:641} INFO - |         50|Sales & Marketing|region_19|      Bachelors|     m|              other|              1| 32|                   1|                3|                    0|         0|                48|
[2025-02-21T09:39:28.352+0000] {spark_submit.py:641} INFO - |         55|       Operations|region_19|Masters & above|     f|           sourcing|              1| 33|                   5|                3|                    0|         0|                61|
[2025-02-21T09:39:28.353+0000] {spark_submit.py:641} INFO - |         63|Sales & Marketing| region_8|Masters & above|     m|           sourcing|              1| 35|                   5|                8|                    0|         0|                52|
[2025-02-21T09:39:28.354+0000] {spark_submit.py:641} INFO - |         64|        Analytics| region_4|      Bachelors|     m|              other|              1| 42|                   5|               11|                    1|         0|                80|
[2025-02-21T09:39:28.356+0000] {spark_submit.py:641} INFO - +-----------+-----------------+---------+---------------+------+-------------------+---------------+---+--------------------+-----------------+---------------------+----------+------------------+
[2025-02-21T09:39:28.358+0000] {spark_submit.py:641} INFO - only showing top 20 rows
[2025-02-21T09:39:28.359+0000] {spark_submit.py:641} INFO - 
[2025-02-21T09:39:28.800+0000] {spark_submit.py:641} INFO - Jumlah baris dalam DataFrame: 17415
[2025-02-21T09:39:28.802+0000] {spark_submit.py:641} INFO - Load data berhasil.
[2025-02-21T09:39:29.277+0000] {taskinstance.py:341} INFO - ::group::Post task execution logs
[2025-02-21T09:39:29.279+0000] {taskinstance.py:353} INFO - Marking task as SUCCESS. dag_id=***_v2_etl_dag, task_id=load_task, run_id=manual__2025-02-21T09:21:09.662952+00:00, execution_date=20250221T092109, start_date=20250221T093915, end_date=20250221T093929
[2025-02-21T09:39:29.329+0000] {local_task_job_runner.py:266} INFO - Task exited with return code 0
[2025-02-21T09:39:29.353+0000] {taskinstance.py:3901} INFO - 0 downstream tasks scheduled from follow-on schedule check
[2025-02-21T09:39:29.356+0000] {local_task_job_runner.py:245} INFO - ::endgroup::
