[2025-02-21T09:53:00.730+0000] {local_task_job_runner.py:123} INFO - ::group::Pre task execution logs
[2025-02-21T09:53:00.757+0000] {taskinstance.py:2614} INFO - Dependencies all met for dep_context=non-requeueable deps ti=<TaskInstance: finprode8_v2_etl_dag.load_task manual__2025-02-21T09:21:09.662952+00:00 [queued]>
[2025-02-21T09:53:00.771+0000] {taskinstance.py:2614} INFO - Dependencies all met for dep_context=requeueable deps ti=<TaskInstance: finprode8_v2_etl_dag.load_task manual__2025-02-21T09:21:09.662952+00:00 [queued]>
[2025-02-21T09:53:00.773+0000] {taskinstance.py:2867} INFO - Starting attempt 13 of 13
[2025-02-21T09:53:00.791+0000] {taskinstance.py:2890} INFO - Executing <Task(SparkSubmitOperator): load_task> on 2025-02-21 09:21:09.662952+00:00
[2025-02-21T09:53:00.797+0000] {standard_task_runner.py:72} INFO - Started process 9442 to run task
[2025-02-21T09:53:00.801+0000] {standard_task_runner.py:104} INFO - Running: ['airflow', 'tasks', 'run', '***_v2_etl_dag', 'load_task', 'manual__2025-02-21T09:21:09.662952+00:00', '--job-id', '162', '--raw', '--subdir', 'DAGS_FOLDER/***_v2_etl_dag.py', '--cfg-path', '/tmp/tmpysb4ad15']
[2025-02-21T09:53:00.804+0000] {standard_task_runner.py:105} INFO - Job 162: Subtask load_task
[2025-02-21T09:53:00.828+0000] {logging_mixin.py:190} WARNING - /home/airflow/.local/lib/python3.9/site-packages/airflow/settings.py:209 DeprecationWarning: The sql_alchemy_conn option in [core] has been moved to the sql_alchemy_conn option in [database] - the old setting has been used, but please update your config.
[2025-02-21T09:53:00.880+0000] {task_command.py:467} INFO - Running <TaskInstance: finprode8_v2_etl_dag.load_task manual__2025-02-21T09:21:09.662952+00:00 [running]> on host ***-airflow-scheduler
[2025-02-21T09:53:00.982+0000] {taskinstance.py:3134} INFO - Exporting env vars: AIRFLOW_CTX_DAG_OWNER='ratih malini' AIRFLOW_CTX_DAG_ID='***_v2_etl_dag' AIRFLOW_CTX_TASK_ID='load_task' AIRFLOW_CTX_EXECUTION_DATE='2025-02-21T09:21:09.662952+00:00' AIRFLOW_CTX_TRY_NUMBER='13' AIRFLOW_CTX_DAG_RUN_ID='manual__2025-02-21T09:21:09.662952+00:00'
[2025-02-21T09:53:00.985+0000] {taskinstance.py:732} INFO - ::endgroup::
[2025-02-21T09:53:01.028+0000] {base.py:84} INFO - Retrieving connection 'spark_main'
[2025-02-21T09:53:01.031+0000] {spark_submit.py:474} INFO - Spark-Submit cmd: spark-submit --master spark://***-spark-master:7077 --packages org.postgresql:postgresql:42.2.18 --name arrow-spark /spark-scripts/***_v2_load.py
[2025-02-21T09:53:03.063+0000] {spark_submit.py:641} INFO - :: loading settings :: url = jar:file:/home/airflow/.local/lib/python3.9/site-packages/pyspark/jars/ivy-2.5.1.jar!/org/apache/ivy/core/settings/ivysettings.xml
[2025-02-21T09:53:03.186+0000] {spark_submit.py:641} INFO - Ivy Default Cache set to: /home/airflow/.ivy2/cache
[2025-02-21T09:53:03.188+0000] {spark_submit.py:641} INFO - The jars for the packages stored in: /home/airflow/.ivy2/jars
[2025-02-21T09:53:03.191+0000] {spark_submit.py:641} INFO - org.postgresql#postgresql added as a dependency
[2025-02-21T09:53:03.193+0000] {spark_submit.py:641} INFO - :: resolving dependencies :: org.apache.spark#spark-submit-parent-a758d128-313f-4d6b-8c92-162ea92c45f4;1.0
[2025-02-21T09:53:03.195+0000] {spark_submit.py:641} INFO - confs: [default]
[2025-02-21T09:53:03.317+0000] {spark_submit.py:641} INFO - found org.postgresql#postgresql;42.2.18 in central
[2025-02-21T09:53:03.341+0000] {spark_submit.py:641} INFO - found org.checkerframework#checker-qual;3.5.0 in central
[2025-02-21T09:53:03.357+0000] {spark_submit.py:641} INFO - :: resolution report :: resolve 159ms :: artifacts dl 4ms
[2025-02-21T09:53:03.358+0000] {spark_submit.py:641} INFO - :: modules in use:
[2025-02-21T09:53:03.361+0000] {spark_submit.py:641} INFO - org.checkerframework#checker-qual;3.5.0 from central in [default]
[2025-02-21T09:53:03.363+0000] {spark_submit.py:641} INFO - org.postgresql#postgresql;42.2.18 from central in [default]
[2025-02-21T09:53:03.364+0000] {spark_submit.py:641} INFO - ---------------------------------------------------------------------
[2025-02-21T09:53:03.366+0000] {spark_submit.py:641} INFO - |                  |            modules            ||   artifacts   |
[2025-02-21T09:53:03.367+0000] {spark_submit.py:641} INFO - |       conf       | number| search|dwnlded|evicted|| number|dwnlded|
[2025-02-21T09:53:03.368+0000] {spark_submit.py:641} INFO - ---------------------------------------------------------------------
[2025-02-21T09:53:03.370+0000] {spark_submit.py:641} INFO - |      default     |   2   |   0   |   0   |   0   ||   2   |   0   |
[2025-02-21T09:53:03.371+0000] {spark_submit.py:641} INFO - ---------------------------------------------------------------------
[2025-02-21T09:53:03.373+0000] {spark_submit.py:641} INFO - :: retrieving :: org.apache.spark#spark-submit-parent-a758d128-313f-4d6b-8c92-162ea92c45f4
[2025-02-21T09:53:03.375+0000] {spark_submit.py:641} INFO - confs: [default]
[2025-02-21T09:53:03.377+0000] {spark_submit.py:641} INFO - 0 artifacts copied, 2 already retrieved (0kB/5ms)
[2025-02-21T09:53:03.671+0000] {spark_submit.py:641} INFO - 25/02/21 09:53:03 WARN NativeCodeLoader: Unable to load native-hadoop library for your platform... using builtin-java classes where applicable
[2025-02-21T09:53:04.785+0000] {spark_submit.py:641} INFO - 25/02/21 09:53:04 INFO SparkContext: Running Spark version 3.3.2
[2025-02-21T09:53:04.811+0000] {spark_submit.py:641} INFO - 25/02/21 09:53:04 INFO ResourceUtils: ==============================================================
[2025-02-21T09:53:04.812+0000] {spark_submit.py:641} INFO - 25/02/21 09:53:04 INFO ResourceUtils: No custom resources configured for spark.driver.
[2025-02-21T09:53:04.814+0000] {spark_submit.py:641} INFO - 25/02/21 09:53:04 INFO ResourceUtils: ==============================================================
[2025-02-21T09:53:04.815+0000] {spark_submit.py:641} INFO - 25/02/21 09:53:04 INFO SparkContext: Submitted application: ***_transform
[2025-02-21T09:53:04.834+0000] {spark_submit.py:641} INFO - 25/02/21 09:53:04 INFO ResourceProfile: Default ResourceProfile created, executor resources: Map(cores -> name: cores, amount: 1, script: , vendor: , memory -> name: memory, amount: 1024, script: , vendor: , offHeap -> name: offHeap, amount: 0, script: , vendor: ), task resources: Map(cpus -> name: cpus, amount: 1.0)
[2025-02-21T09:53:04.843+0000] {spark_submit.py:641} INFO - 25/02/21 09:53:04 INFO ResourceProfile: Limiting resource is cpu
[2025-02-21T09:53:04.844+0000] {spark_submit.py:641} INFO - 25/02/21 09:53:04 INFO ResourceProfileManager: Added ResourceProfile id: 0
[2025-02-21T09:53:04.894+0000] {spark_submit.py:641} INFO - 25/02/21 09:53:04 INFO SecurityManager: Changing view acls to: airflow
[2025-02-21T09:53:04.896+0000] {spark_submit.py:641} INFO - 25/02/21 09:53:04 INFO SecurityManager: Changing modify acls to: airflow
[2025-02-21T09:53:04.898+0000] {spark_submit.py:641} INFO - 25/02/21 09:53:04 INFO SecurityManager: Changing view acls groups to:
[2025-02-21T09:53:04.899+0000] {spark_submit.py:641} INFO - 25/02/21 09:53:04 INFO SecurityManager: Changing modify acls groups to:
[2025-02-21T09:53:04.901+0000] {spark_submit.py:641} INFO - 25/02/21 09:53:04 INFO SecurityManager: SecurityManager: authentication disabled; ui acls disabled; users  with view permissions: Set(airflow); groups with view permissions: Set(); users  with modify permissions: Set(airflow); groups with modify permissions: Set()
[2025-02-21T09:53:05.163+0000] {spark_submit.py:641} INFO - 25/02/21 09:53:05 INFO Utils: Successfully started service 'sparkDriver' on port 46075.
[2025-02-21T09:53:05.206+0000] {spark_submit.py:641} INFO - 25/02/21 09:53:05 INFO SparkEnv: Registering MapOutputTracker
[2025-02-21T09:53:05.244+0000] {spark_submit.py:641} INFO - 25/02/21 09:53:05 INFO SparkEnv: Registering BlockManagerMaster
[2025-02-21T09:53:05.263+0000] {spark_submit.py:641} INFO - 25/02/21 09:53:05 INFO BlockManagerMasterEndpoint: Using org.apache.spark.storage.DefaultTopologyMapper for getting topology information
[2025-02-21T09:53:05.265+0000] {spark_submit.py:641} INFO - 25/02/21 09:53:05 INFO BlockManagerMasterEndpoint: BlockManagerMasterEndpoint up
[2025-02-21T09:53:05.268+0000] {spark_submit.py:641} INFO - 25/02/21 09:53:05 INFO SparkEnv: Registering BlockManagerMasterHeartbeat
[2025-02-21T09:53:05.300+0000] {spark_submit.py:641} INFO - 25/02/21 09:53:05 INFO DiskBlockManager: Created local directory at /tmp/blockmgr-62ef26fd-c4f2-4bbd-a3b8-684c95395a05
[2025-02-21T09:53:05.323+0000] {spark_submit.py:641} INFO - 25/02/21 09:53:05 INFO MemoryStore: MemoryStore started with capacity 434.4 MiB
[2025-02-21T09:53:05.343+0000] {spark_submit.py:641} INFO - 25/02/21 09:53:05 INFO SparkEnv: Registering OutputCommitCoordinator
[2025-02-21T09:53:05.563+0000] {spark_submit.py:641} INFO - 25/02/21 09:53:05 INFO Utils: Successfully started service 'SparkUI' on port 4040.
[2025-02-21T09:53:05.618+0000] {spark_submit.py:641} INFO - 25/02/21 09:53:05 INFO SparkContext: Added JAR /spark-scripts/jars/postgresql-42.2.18.jar at spark://***-airflow-scheduler:46075/jars/postgresql-42.2.18.jar with timestamp 1740131584778
[2025-02-21T09:53:05.622+0000] {spark_submit.py:641} INFO - 25/02/21 09:53:05 INFO SparkContext: Added file file:///home/airflow/.ivy2/jars/org.postgresql_postgresql-42.2.18.jar at file:///home/airflow/.ivy2/jars/org.postgresql_postgresql-42.2.18.jar with timestamp 1740131584778
[2025-02-21T09:53:05.624+0000] {spark_submit.py:641} INFO - 25/02/21 09:53:05 INFO Utils: Copying /home/airflow/.ivy2/jars/org.postgresql_postgresql-42.2.18.jar to /tmp/spark-14c83d85-eed7-4e23-b91e-01bb9cfa6d58/userFiles-6c69b970-523f-46cf-bb27-264568d63359/org.postgresql_postgresql-42.2.18.jar
[2025-02-21T09:53:05.639+0000] {spark_submit.py:641} INFO - 25/02/21 09:53:05 INFO SparkContext: Added file file:///home/airflow/.ivy2/jars/org.checkerframework_checker-qual-3.5.0.jar at file:///home/airflow/.ivy2/jars/org.checkerframework_checker-qual-3.5.0.jar with timestamp 1740131584778
[2025-02-21T09:53:05.642+0000] {spark_submit.py:641} INFO - 25/02/21 09:53:05 INFO Utils: Copying /home/airflow/.ivy2/jars/org.checkerframework_checker-qual-3.5.0.jar to /tmp/spark-14c83d85-eed7-4e23-b91e-01bb9cfa6d58/userFiles-6c69b970-523f-46cf-bb27-264568d63359/org.checkerframework_checker-qual-3.5.0.jar
[2025-02-21T09:53:05.731+0000] {spark_submit.py:641} INFO - 25/02/21 09:53:05 INFO Executor: Starting executor ID driver on host ***-airflow-scheduler
[2025-02-21T09:53:05.744+0000] {spark_submit.py:641} INFO - 25/02/21 09:53:05 INFO Executor: Starting executor with user classpath (userClassPathFirst = false): ''
[2025-02-21T09:53:05.775+0000] {spark_submit.py:641} INFO - 25/02/21 09:53:05 INFO Executor: Fetching file:///home/airflow/.ivy2/jars/org.postgresql_postgresql-42.2.18.jar with timestamp 1740131584778
[2025-02-21T09:53:05.802+0000] {spark_submit.py:641} INFO - 25/02/21 09:53:05 INFO Utils: /home/airflow/.ivy2/jars/org.postgresql_postgresql-42.2.18.jar has been previously copied to /tmp/spark-14c83d85-eed7-4e23-b91e-01bb9cfa6d58/userFiles-6c69b970-523f-46cf-bb27-264568d63359/org.postgresql_postgresql-42.2.18.jar
[2025-02-21T09:53:05.807+0000] {spark_submit.py:641} INFO - 25/02/21 09:53:05 INFO Executor: Fetching file:///home/airflow/.ivy2/jars/org.checkerframework_checker-qual-3.5.0.jar with timestamp 1740131584778
[2025-02-21T09:53:05.809+0000] {spark_submit.py:641} INFO - 25/02/21 09:53:05 INFO Utils: /home/airflow/.ivy2/jars/org.checkerframework_checker-qual-3.5.0.jar has been previously copied to /tmp/spark-14c83d85-eed7-4e23-b91e-01bb9cfa6d58/userFiles-6c69b970-523f-46cf-bb27-264568d63359/org.checkerframework_checker-qual-3.5.0.jar
[2025-02-21T09:53:05.817+0000] {spark_submit.py:641} INFO - 25/02/21 09:53:05 INFO Executor: Fetching spark://***-airflow-scheduler:46075/jars/postgresql-42.2.18.jar with timestamp 1740131584778
[2025-02-21T09:53:05.861+0000] {spark_submit.py:641} INFO - 25/02/21 09:53:05 INFO TransportClientFactory: Successfully created connection to ***-airflow-scheduler/172.19.0.6:46075 after 32 ms (0 ms spent in bootstraps)
[2025-02-21T09:53:05.869+0000] {spark_submit.py:641} INFO - 25/02/21 09:53:05 INFO Utils: Fetching spark://***-airflow-scheduler:46075/jars/postgresql-42.2.18.jar to /tmp/spark-14c83d85-eed7-4e23-b91e-01bb9cfa6d58/userFiles-6c69b970-523f-46cf-bb27-264568d63359/fetchFileTemp6158334937398491387.tmp
[2025-02-21T09:53:05.926+0000] {spark_submit.py:641} INFO - 25/02/21 09:53:05 INFO Executor: Adding file:/tmp/spark-14c83d85-eed7-4e23-b91e-01bb9cfa6d58/userFiles-6c69b970-523f-46cf-bb27-264568d63359/postgresql-42.2.18.jar to class loader
[2025-02-21T09:53:05.935+0000] {spark_submit.py:641} INFO - 25/02/21 09:53:05 INFO Utils: Successfully started service 'org.apache.spark.network.netty.NettyBlockTransferService' on port 33071.
[2025-02-21T09:53:05.936+0000] {spark_submit.py:641} INFO - 25/02/21 09:53:05 INFO NettyBlockTransferService: Server created on ***-airflow-scheduler:33071
[2025-02-21T09:53:05.938+0000] {spark_submit.py:641} INFO - 25/02/21 09:53:05 INFO BlockManager: Using org.apache.spark.storage.RandomBlockReplicationPolicy for block replication policy
[2025-02-21T09:53:05.944+0000] {spark_submit.py:641} INFO - 25/02/21 09:53:05 INFO BlockManagerMaster: Registering BlockManager BlockManagerId(driver, ***-airflow-scheduler, 33071, None)
[2025-02-21T09:53:05.949+0000] {spark_submit.py:641} INFO - 25/02/21 09:53:05 INFO BlockManagerMasterEndpoint: Registering block manager ***-airflow-scheduler:33071 with 434.4 MiB RAM, BlockManagerId(driver, ***-airflow-scheduler, 33071, None)
[2025-02-21T09:53:05.951+0000] {spark_submit.py:641} INFO - 25/02/21 09:53:05 INFO BlockManagerMaster: Registered BlockManager BlockManagerId(driver, ***-airflow-scheduler, 33071, None)
[2025-02-21T09:53:05.953+0000] {spark_submit.py:641} INFO - 25/02/21 09:53:05 INFO BlockManager: Initialized BlockManager: BlockManagerId(driver, ***-airflow-scheduler, 33071, None)
[2025-02-21T09:53:11.413+0000] {spark_submit.py:641} INFO - ---------------- MENAMPILKAN DATA HASIL LOAD KE POSTGRES ----------------
[2025-02-21T09:53:11.749+0000] {spark_submit.py:641} INFO - +-----------+-----------------+---------+---------------+------+-------------------+---------------+---+--------------------+-----------------+---------------------+----------+------------------+
[2025-02-21T09:53:11.750+0000] {spark_submit.py:641} INFO - |employee_id|       department|   region|      education|gender|recruitment_channel|no_of_trainings|age|previous_year_rating|length_of_service|KPIs_met_more_than_80|awards_won|avg_training_score|
[2025-02-21T09:53:11.752+0000] {spark_submit.py:641} INFO - +-----------+-----------------+---------+---------------+------+-------------------+---------------+---+--------------------+-----------------+---------------------+----------+------------------+
[2025-02-21T09:53:11.753+0000] {spark_submit.py:641} INFO - |          3|      Procurement|region_22|Masters & above|     f|              other|              1| 38|                   5|                4|                    1|         0|                67|
[2025-02-21T09:53:11.755+0000] {spark_submit.py:641} INFO - |          6|Sales & Marketing|region_15|      Bachelors|     f|              other|              1| 38|                   3|               10|                    0|         0|                50|
[2025-02-21T09:53:11.757+0000] {spark_submit.py:641} INFO - |         11|       Technology| region_4|Masters & above|     f|           sourcing|              1| 39|                   4|               12|                    1|         0|                72|
[2025-02-21T09:53:11.758+0000] {spark_submit.py:641} INFO - |         13|Sales & Marketing|region_17|      Bachelors|     m|              other|              1| 38|                   1|                5|                    1|         0|                47|
[2025-02-21T09:53:11.762+0000] {spark_submit.py:641} INFO - |         16|Sales & Marketing| region_4|Masters & above|     m|           sourcing|              1| 40|                   5|                5|                    0|         0|                53|
[2025-02-21T09:53:11.764+0000] {spark_submit.py:641} INFO - |         17|Sales & Marketing| region_7|      Bachelors|     m|           sourcing|              1| 50|                   5|               13|                    0|         0|                47|
[2025-02-21T09:53:11.765+0000] {spark_submit.py:641} INFO - |         19|               HR| region_2|Masters & above|     f|              other|              1| 50|                   4|                7|                    1|         0|                45|
[2025-02-21T09:53:11.766+0000] {spark_submit.py:641} INFO - |         20|        Analytics|region_21|      Bachelors|     m|           sourcing|              1| 27|                   0|                1|                    1|         0|                89|
[2025-02-21T09:53:11.781+0000] {spark_submit.py:641} INFO - |         21|        Analytics| region_8|      Bachelors|     m|           sourcing|              2| 28|                   2|                3|                    1|         0|                85|
[2025-02-21T09:53:11.786+0000] {spark_submit.py:641} INFO - |         22|       Technology| region_2|Masters & above|     f|              other|              1| 57|                   4|               18|                    1|         0|                77|
[2025-02-21T09:53:11.789+0000] {spark_submit.py:641} INFO - |         23|Sales & Marketing|region_16|      Bachelors|     f|           sourcing|              1| 42|                   1|                3|                    0|         0|                46|
[2025-02-21T09:53:11.791+0000] {spark_submit.py:641} INFO - |         24|               HR|region_28|Masters & above|     f|              other|              1| 32|                   1|                5|                    1|         0|                51|
[2025-02-21T09:53:11.795+0000] {spark_submit.py:641} INFO - |         27|Sales & Marketing|region_16|      Bachelors|     m|           sourcing|              1| 29|                   2|                6|                    0|         0|                51|
[2025-02-21T09:53:11.796+0000] {spark_submit.py:641} INFO - |         29|        Analytics| region_7|      Bachelors|     m|              other|              1| 28|                   0|                1|                    1|         0|                85|
[2025-02-21T09:53:11.797+0000] {spark_submit.py:641} INFO - |         31|Sales & Marketing|region_15|      Bachelors|     f|              other|              1| 29|                   3|                5|                    1|         0|                49|
[2025-02-21T09:53:11.798+0000] {spark_submit.py:641} INFO - |         40|       Operations| region_7|Masters & above|     f|              other|              1| 34|                   1|                4|                    0|         0|                65|
[2025-02-21T09:53:11.799+0000] {spark_submit.py:641} INFO - |         50|Sales & Marketing|region_19|      Bachelors|     m|              other|              1| 32|                   1|                3|                    0|         0|                48|
[2025-02-21T09:53:11.800+0000] {spark_submit.py:641} INFO - |         55|       Operations|region_19|Masters & above|     f|           sourcing|              1| 33|                   5|                3|                    0|         0|                61|
[2025-02-21T09:53:11.802+0000] {spark_submit.py:641} INFO - |         63|Sales & Marketing| region_8|Masters & above|     m|           sourcing|              1| 35|                   5|                8|                    0|         0|                52|
[2025-02-21T09:53:11.803+0000] {spark_submit.py:641} INFO - |         64|        Analytics| region_4|      Bachelors|     m|              other|              1| 42|                   5|               11|                    1|         0|                80|
[2025-02-21T09:53:11.805+0000] {spark_submit.py:641} INFO - +-----------+-----------------+---------+---------------+------+-------------------+---------------+---+--------------------+-----------------+---------------------+----------+------------------+
[2025-02-21T09:53:11.807+0000] {spark_submit.py:641} INFO - only showing top 20 rows
[2025-02-21T09:53:11.809+0000] {spark_submit.py:641} INFO - 
[2025-02-21T09:53:12.254+0000] {spark_submit.py:641} INFO - Jumlah baris dalam DataFrame: 17415
[2025-02-21T09:53:12.258+0000] {spark_submit.py:641} INFO - Load data berhasil.
[2025-02-21T09:53:12.763+0000] {taskinstance.py:341} INFO - ::group::Post task execution logs
[2025-02-21T09:53:12.765+0000] {taskinstance.py:353} INFO - Marking task as SUCCESS. dag_id=***_v2_etl_dag, task_id=load_task, run_id=manual__2025-02-21T09:21:09.662952+00:00, execution_date=20250221T092109, start_date=20250221T095300, end_date=20250221T095312
[2025-02-21T09:53:12.829+0000] {local_task_job_runner.py:266} INFO - Task exited with return code 0
[2025-02-21T09:53:12.851+0000] {taskinstance.py:3901} INFO - 0 downstream tasks scheduled from follow-on schedule check
[2025-02-21T09:53:12.855+0000] {local_task_job_runner.py:245} INFO - ::endgroup::
