[2025-02-21T11:27:37.419+0000] {local_task_job_runner.py:123} INFO - ::group::Pre task execution logs
[2025-02-21T11:27:37.442+0000] {taskinstance.py:2614} INFO - Dependencies all met for dep_context=non-requeueable deps ti=<TaskInstance: finprode8_v2_etl_dag.load_task manual__2025-02-21T11:27:08.468695+00:00 [queued]>
[2025-02-21T11:27:37.455+0000] {taskinstance.py:2614} INFO - Dependencies all met for dep_context=requeueable deps ti=<TaskInstance: finprode8_v2_etl_dag.load_task manual__2025-02-21T11:27:08.468695+00:00 [queued]>
[2025-02-21T11:27:37.457+0000] {taskinstance.py:2867} INFO - Starting attempt 1 of 1
[2025-02-21T11:27:37.473+0000] {taskinstance.py:2890} INFO - Executing <Task(SparkSubmitOperator): load_task> on 2025-02-21 11:27:08.468695+00:00
[2025-02-21T11:27:37.479+0000] {standard_task_runner.py:72} INFO - Started process 1965 to run task
[2025-02-21T11:27:37.483+0000] {standard_task_runner.py:104} INFO - Running: ['airflow', 'tasks', 'run', '***_v2_etl_dag', 'load_task', 'manual__2025-02-21T11:27:08.468695+00:00', '--job-id', '10', '--raw', '--subdir', 'DAGS_FOLDER/***_v2_etl_dag.py', '--cfg-path', '/tmp/tmpa_2nqral']
[2025-02-21T11:27:37.487+0000] {standard_task_runner.py:105} INFO - Job 10: Subtask load_task
[2025-02-21T11:27:37.512+0000] {logging_mixin.py:190} WARNING - /home/airflow/.local/lib/python3.9/site-packages/airflow/settings.py:209 DeprecationWarning: The sql_alchemy_conn option in [core] has been moved to the sql_alchemy_conn option in [database] - the old setting has been used, but please update your config.
[2025-02-21T11:27:37.567+0000] {task_command.py:467} INFO - Running <TaskInstance: finprode8_v2_etl_dag.load_task manual__2025-02-21T11:27:08.468695+00:00 [running]> on host ***-airflow-scheduler
[2025-02-21T11:27:37.698+0000] {taskinstance.py:3134} INFO - Exporting env vars: AIRFLOW_CTX_DAG_OWNER='ratih malini' AIRFLOW_CTX_DAG_ID='***_v2_etl_dag' AIRFLOW_CTX_TASK_ID='load_task' AIRFLOW_CTX_EXECUTION_DATE='2025-02-21T11:27:08.468695+00:00' AIRFLOW_CTX_TRY_NUMBER='1' AIRFLOW_CTX_DAG_RUN_ID='manual__2025-02-21T11:27:08.468695+00:00'
[2025-02-21T11:27:37.700+0000] {taskinstance.py:732} INFO - ::endgroup::
[2025-02-21T11:27:37.735+0000] {base.py:84} INFO - Retrieving connection 'spark_main'
[2025-02-21T11:27:37.738+0000] {spark_submit.py:474} INFO - Spark-Submit cmd: spark-submit --master spark://***-spark-master:7077 --packages org.postgresql:postgresql:42.2.18 --name arrow-spark /spark-scripts/***_v2_load.py
[2025-02-21T11:27:39.558+0000] {spark_submit.py:641} INFO - :: loading settings :: url = jar:file:/home/airflow/.local/lib/python3.9/site-packages/pyspark/jars/ivy-2.5.1.jar!/org/apache/ivy/core/settings/ivysettings.xml
[2025-02-21T11:27:39.673+0000] {spark_submit.py:641} INFO - Ivy Default Cache set to: /home/airflow/.ivy2/cache
[2025-02-21T11:27:39.675+0000] {spark_submit.py:641} INFO - The jars for the packages stored in: /home/airflow/.ivy2/jars
[2025-02-21T11:27:39.680+0000] {spark_submit.py:641} INFO - org.postgresql#postgresql added as a dependency
[2025-02-21T11:27:39.681+0000] {spark_submit.py:641} INFO - :: resolving dependencies :: org.apache.spark#spark-submit-parent-789ea51c-45f6-4eb8-8568-fee82af34a58;1.0
[2025-02-21T11:27:39.683+0000] {spark_submit.py:641} INFO - confs: [default]
[2025-02-21T11:27:39.806+0000] {spark_submit.py:641} INFO - found org.postgresql#postgresql;42.2.18 in central
[2025-02-21T11:27:39.835+0000] {spark_submit.py:641} INFO - found org.checkerframework#checker-qual;3.5.0 in central
[2025-02-21T11:27:39.851+0000] {spark_submit.py:641} INFO - :: resolution report :: resolve 165ms :: artifacts dl 5ms
[2025-02-21T11:27:39.853+0000] {spark_submit.py:641} INFO - :: modules in use:
[2025-02-21T11:27:39.855+0000] {spark_submit.py:641} INFO - org.checkerframework#checker-qual;3.5.0 from central in [default]
[2025-02-21T11:27:39.856+0000] {spark_submit.py:641} INFO - org.postgresql#postgresql;42.2.18 from central in [default]
[2025-02-21T11:27:39.857+0000] {spark_submit.py:641} INFO - ---------------------------------------------------------------------
[2025-02-21T11:27:39.858+0000] {spark_submit.py:641} INFO - |                  |            modules            ||   artifacts   |
[2025-02-21T11:27:39.859+0000] {spark_submit.py:641} INFO - |       conf       | number| search|dwnlded|evicted|| number|dwnlded|
[2025-02-21T11:27:39.859+0000] {spark_submit.py:641} INFO - ---------------------------------------------------------------------
[2025-02-21T11:27:39.860+0000] {spark_submit.py:641} INFO - |      default     |   2   |   0   |   0   |   0   ||   2   |   0   |
[2025-02-21T11:27:39.861+0000] {spark_submit.py:641} INFO - ---------------------------------------------------------------------
[2025-02-21T11:27:39.862+0000] {spark_submit.py:641} INFO - :: retrieving :: org.apache.spark#spark-submit-parent-789ea51c-45f6-4eb8-8568-fee82af34a58
[2025-02-21T11:27:39.863+0000] {spark_submit.py:641} INFO - confs: [default]
[2025-02-21T11:27:39.864+0000] {spark_submit.py:641} INFO - 0 artifacts copied, 2 already retrieved (0kB/6ms)
[2025-02-21T11:27:40.106+0000] {spark_submit.py:641} INFO - 25/02/21 11:27:40 WARN NativeCodeLoader: Unable to load native-hadoop library for your platform... using builtin-java classes where applicable
[2025-02-21T11:27:41.105+0000] {spark_submit.py:641} INFO - 25/02/21 11:27:41 INFO SparkContext: Running Spark version 3.3.2
[2025-02-21T11:27:41.129+0000] {spark_submit.py:641} INFO - 25/02/21 11:27:41 INFO ResourceUtils: ==============================================================
[2025-02-21T11:27:41.131+0000] {spark_submit.py:641} INFO - 25/02/21 11:27:41 INFO ResourceUtils: No custom resources configured for spark.driver.
[2025-02-21T11:27:41.132+0000] {spark_submit.py:641} INFO - 25/02/21 11:27:41 INFO ResourceUtils: ==============================================================
[2025-02-21T11:27:41.134+0000] {spark_submit.py:641} INFO - 25/02/21 11:27:41 INFO SparkContext: Submitted application: ***_load
[2025-02-21T11:27:41.154+0000] {spark_submit.py:641} INFO - 25/02/21 11:27:41 INFO ResourceProfile: Default ResourceProfile created, executor resources: Map(cores -> name: cores, amount: 1, script: , vendor: , memory -> name: memory, amount: 1024, script: , vendor: , offHeap -> name: offHeap, amount: 0, script: , vendor: ), task resources: Map(cpus -> name: cpus, amount: 1.0)
[2025-02-21T11:27:41.164+0000] {spark_submit.py:641} INFO - 25/02/21 11:27:41 INFO ResourceProfile: Limiting resource is cpu
[2025-02-21T11:27:41.165+0000] {spark_submit.py:641} INFO - 25/02/21 11:27:41 INFO ResourceProfileManager: Added ResourceProfile id: 0
[2025-02-21T11:27:41.205+0000] {spark_submit.py:641} INFO - 25/02/21 11:27:41 INFO SecurityManager: Changing view acls to: airflow
[2025-02-21T11:27:41.207+0000] {spark_submit.py:641} INFO - 25/02/21 11:27:41 INFO SecurityManager: Changing modify acls to: airflow
[2025-02-21T11:27:41.208+0000] {spark_submit.py:641} INFO - 25/02/21 11:27:41 INFO SecurityManager: Changing view acls groups to:
[2025-02-21T11:27:41.210+0000] {spark_submit.py:641} INFO - 25/02/21 11:27:41 INFO SecurityManager: Changing modify acls groups to:
[2025-02-21T11:27:41.211+0000] {spark_submit.py:641} INFO - 25/02/21 11:27:41 INFO SecurityManager: SecurityManager: authentication disabled; ui acls disabled; users  with view permissions: Set(airflow); groups with view permissions: Set(); users  with modify permissions: Set(airflow); groups with modify permissions: Set()
[2025-02-21T11:27:41.414+0000] {spark_submit.py:641} INFO - 25/02/21 11:27:41 INFO Utils: Successfully started service 'sparkDriver' on port 44767.
[2025-02-21T11:27:41.440+0000] {spark_submit.py:641} INFO - 25/02/21 11:27:41 INFO SparkEnv: Registering MapOutputTracker
[2025-02-21T11:27:41.478+0000] {spark_submit.py:641} INFO - 25/02/21 11:27:41 INFO SparkEnv: Registering BlockManagerMaster
[2025-02-21T11:27:41.504+0000] {spark_submit.py:641} INFO - 25/02/21 11:27:41 INFO BlockManagerMasterEndpoint: Using org.apache.spark.storage.DefaultTopologyMapper for getting topology information
[2025-02-21T11:27:41.506+0000] {spark_submit.py:641} INFO - 25/02/21 11:27:41 INFO BlockManagerMasterEndpoint: BlockManagerMasterEndpoint up
[2025-02-21T11:27:41.514+0000] {spark_submit.py:641} INFO - 25/02/21 11:27:41 INFO SparkEnv: Registering BlockManagerMasterHeartbeat
[2025-02-21T11:27:41.532+0000] {spark_submit.py:641} INFO - 25/02/21 11:27:41 INFO DiskBlockManager: Created local directory at /tmp/blockmgr-b9f7d5d5-a97f-40a2-bdef-ab4f04143432
[2025-02-21T11:27:41.547+0000] {spark_submit.py:641} INFO - 25/02/21 11:27:41 INFO MemoryStore: MemoryStore started with capacity 434.4 MiB
[2025-02-21T11:27:41.561+0000] {spark_submit.py:641} INFO - 25/02/21 11:27:41 INFO SparkEnv: Registering OutputCommitCoordinator
[2025-02-21T11:27:41.734+0000] {spark_submit.py:641} INFO - 25/02/21 11:27:41 INFO Utils: Successfully started service 'SparkUI' on port 4040.
[2025-02-21T11:27:41.787+0000] {spark_submit.py:641} INFO - 25/02/21 11:27:41 INFO SparkContext: Added JAR /spark-scripts/jars/postgresql-42.2.18.jar at spark://***-airflow-scheduler:44767/jars/postgresql-42.2.18.jar with timestamp 1740137261096
[2025-02-21T11:27:41.789+0000] {spark_submit.py:641} INFO - 25/02/21 11:27:41 INFO SparkContext: Added file file:///home/airflow/.ivy2/jars/org.postgresql_postgresql-42.2.18.jar at file:///home/airflow/.ivy2/jars/org.postgresql_postgresql-42.2.18.jar with timestamp 1740137261096
[2025-02-21T11:27:41.791+0000] {spark_submit.py:641} INFO - 25/02/21 11:27:41 INFO Utils: Copying /home/airflow/.ivy2/jars/org.postgresql_postgresql-42.2.18.jar to /tmp/spark-4ec2df9d-6879-47c3-9240-e5491dd0adad/userFiles-3a114ca7-9bbb-4a9f-8bae-6620d9a47393/org.postgresql_postgresql-42.2.18.jar
[2025-02-21T11:27:41.803+0000] {spark_submit.py:641} INFO - 25/02/21 11:27:41 INFO SparkContext: Added file file:///home/airflow/.ivy2/jars/org.checkerframework_checker-qual-3.5.0.jar at file:///home/airflow/.ivy2/jars/org.checkerframework_checker-qual-3.5.0.jar with timestamp 1740137261096
[2025-02-21T11:27:41.805+0000] {spark_submit.py:641} INFO - 25/02/21 11:27:41 INFO Utils: Copying /home/airflow/.ivy2/jars/org.checkerframework_checker-qual-3.5.0.jar to /tmp/spark-4ec2df9d-6879-47c3-9240-e5491dd0adad/userFiles-3a114ca7-9bbb-4a9f-8bae-6620d9a47393/org.checkerframework_checker-qual-3.5.0.jar
[2025-02-21T11:27:41.868+0000] {spark_submit.py:641} INFO - 25/02/21 11:27:41 INFO Executor: Starting executor ID driver on host ***-airflow-scheduler
[2025-02-21T11:27:41.876+0000] {spark_submit.py:641} INFO - 25/02/21 11:27:41 INFO Executor: Starting executor with user classpath (userClassPathFirst = false): ''
[2025-02-21T11:27:41.886+0000] {spark_submit.py:641} INFO - 25/02/21 11:27:41 INFO Executor: Fetching file:///home/airflow/.ivy2/jars/org.postgresql_postgresql-42.2.18.jar with timestamp 1740137261096
[2025-02-21T11:27:41.914+0000] {spark_submit.py:641} INFO - 25/02/21 11:27:41 INFO Utils: /home/airflow/.ivy2/jars/org.postgresql_postgresql-42.2.18.jar has been previously copied to /tmp/spark-4ec2df9d-6879-47c3-9240-e5491dd0adad/userFiles-3a114ca7-9bbb-4a9f-8bae-6620d9a47393/org.postgresql_postgresql-42.2.18.jar
[2025-02-21T11:27:41.918+0000] {spark_submit.py:641} INFO - 25/02/21 11:27:41 INFO Executor: Fetching file:///home/airflow/.ivy2/jars/org.checkerframework_checker-qual-3.5.0.jar with timestamp 1740137261096
[2025-02-21T11:27:41.920+0000] {spark_submit.py:641} INFO - 25/02/21 11:27:41 INFO Utils: /home/airflow/.ivy2/jars/org.checkerframework_checker-qual-3.5.0.jar has been previously copied to /tmp/spark-4ec2df9d-6879-47c3-9240-e5491dd0adad/userFiles-3a114ca7-9bbb-4a9f-8bae-6620d9a47393/org.checkerframework_checker-qual-3.5.0.jar
[2025-02-21T11:27:41.927+0000] {spark_submit.py:641} INFO - 25/02/21 11:27:41 INFO Executor: Fetching spark://***-airflow-scheduler:44767/jars/postgresql-42.2.18.jar with timestamp 1740137261096
[2025-02-21T11:27:41.961+0000] {spark_submit.py:641} INFO - 25/02/21 11:27:41 INFO TransportClientFactory: Successfully created connection to ***-airflow-scheduler/172.19.0.5:44767 after 24 ms (0 ms spent in bootstraps)
[2025-02-21T11:27:41.966+0000] {spark_submit.py:641} INFO - 25/02/21 11:27:41 INFO Utils: Fetching spark://***-airflow-scheduler:44767/jars/postgresql-42.2.18.jar to /tmp/spark-4ec2df9d-6879-47c3-9240-e5491dd0adad/userFiles-3a114ca7-9bbb-4a9f-8bae-6620d9a47393/fetchFileTemp15524830099679656692.tmp
[2025-02-21T11:27:42.027+0000] {spark_submit.py:641} INFO - 25/02/21 11:27:42 INFO Executor: Adding file:/tmp/spark-4ec2df9d-6879-47c3-9240-e5491dd0adad/userFiles-3a114ca7-9bbb-4a9f-8bae-6620d9a47393/postgresql-42.2.18.jar to class loader
[2025-02-21T11:27:42.034+0000] {spark_submit.py:641} INFO - 25/02/21 11:27:42 INFO Utils: Successfully started service 'org.apache.spark.network.netty.NettyBlockTransferService' on port 44365.
[2025-02-21T11:27:42.037+0000] {spark_submit.py:641} INFO - 25/02/21 11:27:42 INFO NettyBlockTransferService: Server created on ***-airflow-scheduler:44365
[2025-02-21T11:27:42.038+0000] {spark_submit.py:641} INFO - 25/02/21 11:27:42 INFO BlockManager: Using org.apache.spark.storage.RandomBlockReplicationPolicy for block replication policy
[2025-02-21T11:27:42.043+0000] {spark_submit.py:641} INFO - 25/02/21 11:27:42 INFO BlockManagerMaster: Registering BlockManager BlockManagerId(driver, ***-airflow-scheduler, 44365, None)
[2025-02-21T11:27:42.046+0000] {spark_submit.py:641} INFO - 25/02/21 11:27:42 INFO BlockManagerMasterEndpoint: Registering block manager ***-airflow-scheduler:44365 with 434.4 MiB RAM, BlockManagerId(driver, ***-airflow-scheduler, 44365, None)
[2025-02-21T11:27:42.048+0000] {spark_submit.py:641} INFO - 25/02/21 11:27:42 INFO BlockManagerMaster: Registered BlockManager BlockManagerId(driver, ***-airflow-scheduler, 44365, None)
[2025-02-21T11:27:42.050+0000] {spark_submit.py:641} INFO - 25/02/21 11:27:42 INFO BlockManager: Initialized BlockManager: BlockManagerId(driver, ***-airflow-scheduler, 44365, None)
[2025-02-21T11:27:47.166+0000] {spark_submit.py:641} INFO - ---------------- MENAMPILKAN DATA HASIL LOAD KE POSTGRES ----------------
[2025-02-21T11:27:47.519+0000] {spark_submit.py:641} INFO - +-----------+-----------------+---------+---------------+------+-------------------+---------------+---+--------------------+-----------------+---------------------+----------+------------------+
[2025-02-21T11:27:47.521+0000] {spark_submit.py:641} INFO - |employee_id|       department|   region|      education|gender|recruitment_channel|no_of_trainings|age|previous_year_rating|length_of_service|KPIs_met_more_than_80|awards_won|avg_training_score|
[2025-02-21T11:27:47.522+0000] {spark_submit.py:641} INFO - +-----------+-----------------+---------+---------------+------+-------------------+---------------+---+--------------------+-----------------+---------------------+----------+------------------+
[2025-02-21T11:27:47.523+0000] {spark_submit.py:641} INFO - |          3|      Procurement|region_22|Masters & above|     f|              other|              1| 38|                   5|                4|                    1|         0|                67|
[2025-02-21T11:27:47.524+0000] {spark_submit.py:641} INFO - |          6|Sales & Marketing|region_15|      Bachelors|     f|              other|              1| 38|                   3|               10|                    0|         0|                50|
[2025-02-21T11:27:47.525+0000] {spark_submit.py:641} INFO - |         11|       Technology| region_4|Masters & above|     f|           sourcing|              1| 39|                   4|               12|                    1|         0|                72|
[2025-02-21T11:27:47.526+0000] {spark_submit.py:641} INFO - |         13|Sales & Marketing|region_17|      Bachelors|     m|              other|              1| 38|                   1|                5|                    1|         0|                47|
[2025-02-21T11:27:47.527+0000] {spark_submit.py:641} INFO - |         16|Sales & Marketing| region_4|Masters & above|     m|           sourcing|              1| 40|                   5|                5|                    0|         0|                53|
[2025-02-21T11:27:47.528+0000] {spark_submit.py:641} INFO - |         17|Sales & Marketing| region_7|      Bachelors|     m|           sourcing|              1| 50|                   5|               13|                    0|         0|                47|
[2025-02-21T11:27:47.529+0000] {spark_submit.py:641} INFO - |         19|               HR| region_2|Masters & above|     f|              other|              1| 50|                   4|                7|                    1|         0|                45|
[2025-02-21T11:27:47.531+0000] {spark_submit.py:641} INFO - |         20|        Analytics|region_21|      Bachelors|     m|           sourcing|              1| 27|                   0|                1|                    1|         0|                89|
[2025-02-21T11:27:47.532+0000] {spark_submit.py:641} INFO - |         21|        Analytics| region_8|      Bachelors|     m|           sourcing|              2| 28|                   2|                3|                    1|         0|                85|
[2025-02-21T11:27:47.533+0000] {spark_submit.py:641} INFO - |         22|       Technology| region_2|Masters & above|     f|              other|              1| 57|                   4|               18|                    1|         0|                77|
[2025-02-21T11:27:47.534+0000] {spark_submit.py:641} INFO - |         23|Sales & Marketing|region_16|      Bachelors|     f|           sourcing|              1| 42|                   1|                3|                    0|         0|                46|
[2025-02-21T11:27:47.535+0000] {spark_submit.py:641} INFO - |         24|               HR|region_28|Masters & above|     f|              other|              1| 32|                   1|                5|                    1|         0|                51|
[2025-02-21T11:27:47.536+0000] {spark_submit.py:641} INFO - |         27|Sales & Marketing|region_16|      Bachelors|     m|           sourcing|              1| 29|                   2|                6|                    0|         0|                51|
[2025-02-21T11:27:47.537+0000] {spark_submit.py:641} INFO - |         29|        Analytics| region_7|      Bachelors|     m|              other|              1| 28|                   0|                1|                    1|         0|                85|
[2025-02-21T11:27:47.538+0000] {spark_submit.py:641} INFO - |         31|Sales & Marketing|region_15|      Bachelors|     f|              other|              1| 29|                   3|                5|                    1|         0|                49|
[2025-02-21T11:27:47.539+0000] {spark_submit.py:641} INFO - |         40|       Operations| region_7|Masters & above|     f|              other|              1| 34|                   1|                4|                    0|         0|                65|
[2025-02-21T11:27:47.540+0000] {spark_submit.py:641} INFO - |         50|Sales & Marketing|region_19|      Bachelors|     m|              other|              1| 32|                   1|                3|                    0|         0|                48|
[2025-02-21T11:27:47.541+0000] {spark_submit.py:641} INFO - |         55|       Operations|region_19|Masters & above|     f|           sourcing|              1| 33|                   5|                3|                    0|         0|                61|
[2025-02-21T11:27:47.541+0000] {spark_submit.py:641} INFO - |         63|Sales & Marketing| region_8|Masters & above|     m|           sourcing|              1| 35|                   5|                8|                    0|         0|                52|
[2025-02-21T11:27:47.542+0000] {spark_submit.py:641} INFO - |         64|        Analytics| region_4|      Bachelors|     m|              other|              1| 42|                   5|               11|                    1|         0|                80|
[2025-02-21T11:27:47.543+0000] {spark_submit.py:641} INFO - +-----------+-----------------+---------+---------------+------+-------------------+---------------+---+--------------------+-----------------+---------------------+----------+------------------+
[2025-02-21T11:27:47.544+0000] {spark_submit.py:641} INFO - only showing top 20 rows
[2025-02-21T11:27:47.546+0000] {spark_submit.py:641} INFO - 
[2025-02-21T11:27:47.934+0000] {spark_submit.py:641} INFO - Jumlah baris dalam DataFrame: 17415
[2025-02-21T11:27:47.935+0000] {spark_submit.py:641} INFO - Load data berhasil.
[2025-02-21T11:27:48.406+0000] {taskinstance.py:341} INFO - ::group::Post task execution logs
[2025-02-21T11:27:48.408+0000] {taskinstance.py:353} INFO - Marking task as SUCCESS. dag_id=***_v2_etl_dag, task_id=load_task, run_id=manual__2025-02-21T11:27:08.468695+00:00, execution_date=20250221T112708, start_date=20250221T112737, end_date=20250221T112748
[2025-02-21T11:27:48.465+0000] {local_task_job_runner.py:266} INFO - Task exited with return code 0
[2025-02-21T11:27:48.491+0000] {taskinstance.py:3901} INFO - 0 downstream tasks scheduled from follow-on schedule check
[2025-02-21T11:27:48.494+0000] {local_task_job_runner.py:245} INFO - ::endgroup::
