[2025-02-23T14:33:59.933+0000] {local_task_job_runner.py:123} INFO - ::group::Pre task execution logs
[2025-02-23T14:33:59.961+0000] {taskinstance.py:2614} INFO - Dependencies all met for dep_context=non-requeueable deps ti=<TaskInstance: finprode8_v2_etl_dag.extract_task manual__2025-02-23T14:33:57.876645+00:00 [queued]>
[2025-02-23T14:33:59.975+0000] {taskinstance.py:2614} INFO - Dependencies all met for dep_context=requeueable deps ti=<TaskInstance: finprode8_v2_etl_dag.extract_task manual__2025-02-23T14:33:57.876645+00:00 [queued]>
[2025-02-23T14:33:59.976+0000] {taskinstance.py:2867} INFO - Starting attempt 1 of 1
[2025-02-23T14:33:59.995+0000] {taskinstance.py:2890} INFO - Executing <Task(SparkSubmitOperator): extract_task> on 2025-02-23 14:33:57.876645+00:00
[2025-02-23T14:34:00.003+0000] {standard_task_runner.py:72} INFO - Started process 984 to run task
[2025-02-23T14:34:00.006+0000] {standard_task_runner.py:104} INFO - Running: ['airflow', 'tasks', 'run', '***_v2_etl_dag', 'extract_task', 'manual__2025-02-23T14:33:57.876645+00:00', '--job-id', '7', '--raw', '--subdir', 'DAGS_FOLDER/***_v2_etl_dag.py', '--cfg-path', '/tmp/tmptcv_83lp']
[2025-02-23T14:34:00.010+0000] {standard_task_runner.py:105} INFO - Job 7: Subtask extract_task
[2025-02-23T14:34:00.031+0000] {logging_mixin.py:190} WARNING - /home/airflow/.local/lib/python3.9/site-packages/airflow/settings.py:209 DeprecationWarning: The sql_alchemy_conn option in [core] has been moved to the sql_alchemy_conn option in [database] - the old setting has been used, but please update your config.
[2025-02-23T14:34:00.088+0000] {task_command.py:467} INFO - Running <TaskInstance: finprode8_v2_etl_dag.extract_task manual__2025-02-23T14:33:57.876645+00:00 [running]> on host ***-airflow-scheduler
[2025-02-23T14:34:00.189+0000] {taskinstance.py:3134} INFO - Exporting env vars: AIRFLOW_CTX_DAG_OWNER='ratih malini' AIRFLOW_CTX_DAG_ID='***_v2_etl_dag' AIRFLOW_CTX_TASK_ID='extract_task' AIRFLOW_CTX_EXECUTION_DATE='2025-02-23T14:33:57.876645+00:00' AIRFLOW_CTX_TRY_NUMBER='1' AIRFLOW_CTX_DAG_RUN_ID='manual__2025-02-23T14:33:57.876645+00:00'
[2025-02-23T14:34:00.192+0000] {taskinstance.py:732} INFO - ::endgroup::
[2025-02-23T14:34:00.230+0000] {base.py:84} INFO - Retrieving connection 'spark_main'
[2025-02-23T14:34:00.233+0000] {spark_submit.py:474} INFO - Spark-Submit cmd: spark-submit --master spark://***-spark-master:7077 --name arrow-spark /spark-scripts/***_v2_extract.py
[2025-02-23T14:34:03.424+0000] {spark_submit.py:641} INFO - 25/02/23 14:34:03 INFO SparkContext: Running Spark version 3.3.2
[2025-02-23T14:34:03.492+0000] {spark_submit.py:641} INFO - 25/02/23 14:34:03 WARN NativeCodeLoader: Unable to load native-hadoop library for your platform... using builtin-java classes where applicable
[2025-02-23T14:34:03.591+0000] {spark_submit.py:641} INFO - 25/02/23 14:34:03 INFO ResourceUtils: ==============================================================
[2025-02-23T14:34:03.594+0000] {spark_submit.py:641} INFO - 25/02/23 14:34:03 INFO ResourceUtils: No custom resources configured for spark.driver.
[2025-02-23T14:34:03.597+0000] {spark_submit.py:641} INFO - 25/02/23 14:34:03 INFO ResourceUtils: ==============================================================
[2025-02-23T14:34:03.598+0000] {spark_submit.py:641} INFO - 25/02/23 14:34:03 INFO SparkContext: Submitted application: ***_extract
[2025-02-23T14:34:03.615+0000] {spark_submit.py:641} INFO - 25/02/23 14:34:03 INFO ResourceProfile: Default ResourceProfile created, executor resources: Map(cores -> name: cores, amount: 1, script: , vendor: , memory -> name: memory, amount: 1024, script: , vendor: , offHeap -> name: offHeap, amount: 0, script: , vendor: ), task resources: Map(cpus -> name: cpus, amount: 1.0)
[2025-02-23T14:34:03.624+0000] {spark_submit.py:641} INFO - 25/02/23 14:34:03 INFO ResourceProfile: Limiting resource is cpu
[2025-02-23T14:34:03.626+0000] {spark_submit.py:641} INFO - 25/02/23 14:34:03 INFO ResourceProfileManager: Added ResourceProfile id: 0
[2025-02-23T14:34:03.679+0000] {spark_submit.py:641} INFO - 25/02/23 14:34:03 INFO SecurityManager: Changing view acls to: airflow
[2025-02-23T14:34:03.681+0000] {spark_submit.py:641} INFO - 25/02/23 14:34:03 INFO SecurityManager: Changing modify acls to: airflow
[2025-02-23T14:34:03.683+0000] {spark_submit.py:641} INFO - 25/02/23 14:34:03 INFO SecurityManager: Changing view acls groups to:
[2025-02-23T14:34:03.685+0000] {spark_submit.py:641} INFO - 25/02/23 14:34:03 INFO SecurityManager: Changing modify acls groups to:
[2025-02-23T14:34:03.686+0000] {spark_submit.py:641} INFO - 25/02/23 14:34:03 INFO SecurityManager: SecurityManager: authentication disabled; ui acls disabled; users  with view permissions: Set(airflow); groups with view permissions: Set(); users  with modify permissions: Set(airflow); groups with modify permissions: Set()
[2025-02-23T14:34:03.913+0000] {spark_submit.py:641} INFO - 25/02/23 14:34:03 INFO Utils: Successfully started service 'sparkDriver' on port 45717.
[2025-02-23T14:34:03.944+0000] {spark_submit.py:641} INFO - 25/02/23 14:34:03 INFO SparkEnv: Registering MapOutputTracker
[2025-02-23T14:34:03.980+0000] {spark_submit.py:641} INFO - 25/02/23 14:34:03 INFO SparkEnv: Registering BlockManagerMaster
[2025-02-23T14:34:03.997+0000] {spark_submit.py:641} INFO - 25/02/23 14:34:03 INFO BlockManagerMasterEndpoint: Using org.apache.spark.storage.DefaultTopologyMapper for getting topology information
[2025-02-23T14:34:03.998+0000] {spark_submit.py:641} INFO - 25/02/23 14:34:03 INFO BlockManagerMasterEndpoint: BlockManagerMasterEndpoint up
[2025-02-23T14:34:04.002+0000] {spark_submit.py:641} INFO - 25/02/23 14:34:04 INFO SparkEnv: Registering BlockManagerMasterHeartbeat
[2025-02-23T14:34:04.027+0000] {spark_submit.py:641} INFO - 25/02/23 14:34:04 INFO DiskBlockManager: Created local directory at /tmp/blockmgr-11041271-d32f-4765-aa2c-4095eaa812a2
[2025-02-23T14:34:04.049+0000] {spark_submit.py:641} INFO - 25/02/23 14:34:04 INFO MemoryStore: MemoryStore started with capacity 434.4 MiB
[2025-02-23T14:34:04.068+0000] {spark_submit.py:641} INFO - 25/02/23 14:34:04 INFO SparkEnv: Registering OutputCommitCoordinator
[2025-02-23T14:34:04.278+0000] {spark_submit.py:641} INFO - 25/02/23 14:34:04 INFO Utils: Successfully started service 'SparkUI' on port 4040.
[2025-02-23T14:34:04.381+0000] {spark_submit.py:641} INFO - 25/02/23 14:34:04 INFO Executor: Starting executor ID driver on host ***-airflow-scheduler
[2025-02-23T14:34:04.397+0000] {spark_submit.py:641} INFO - 25/02/23 14:34:04 INFO Executor: Starting executor with user classpath (userClassPathFirst = false): ''
[2025-02-23T14:34:04.422+0000] {spark_submit.py:641} INFO - 25/02/23 14:34:04 INFO Utils: Successfully started service 'org.apache.spark.network.netty.NettyBlockTransferService' on port 39133.
[2025-02-23T14:34:04.424+0000] {spark_submit.py:641} INFO - 25/02/23 14:34:04 INFO NettyBlockTransferService: Server created on ***-airflow-scheduler:39133
[2025-02-23T14:34:04.426+0000] {spark_submit.py:641} INFO - 25/02/23 14:34:04 INFO BlockManager: Using org.apache.spark.storage.RandomBlockReplicationPolicy for block replication policy
[2025-02-23T14:34:04.433+0000] {spark_submit.py:641} INFO - 25/02/23 14:34:04 INFO BlockManagerMaster: Registering BlockManager BlockManagerId(driver, ***-airflow-scheduler, 39133, None)
[2025-02-23T14:34:04.438+0000] {spark_submit.py:641} INFO - 25/02/23 14:34:04 INFO BlockManagerMasterEndpoint: Registering block manager ***-airflow-scheduler:39133 with 434.4 MiB RAM, BlockManagerId(driver, ***-airflow-scheduler, 39133, None)
[2025-02-23T14:34:04.440+0000] {spark_submit.py:641} INFO - 25/02/23 14:34:04 INFO BlockManagerMaster: Registered BlockManager BlockManagerId(driver, ***-airflow-scheduler, 39133, None)
[2025-02-23T14:34:04.441+0000] {spark_submit.py:641} INFO - 25/02/23 14:34:04 INFO BlockManager: Initialized BlockManager: BlockManagerId(driver, ***-airflow-scheduler, 39133, None)
[2025-02-23T14:34:16.576+0000] {spark_submit.py:641} INFO - ---------------- MENAMPILKAN DATA HASIL EXTRACT ----------------
[2025-02-23T14:34:16.831+0000] {spark_submit.py:641} INFO - +-----------+-----------------+---------+---------+------+-------------------+---------------+---+--------------------+-----------------+---------------------+----------+------------------+
[2025-02-23T14:34:16.833+0000] {spark_submit.py:641} INFO - |employee_id|       department|   region|education|gender|recruitment_channel|no_of_trainings|age|previous_year_rating|length_of_service|KPIs_met_more_than_80|awards_won|avg_training_score|
[2025-02-23T14:34:16.834+0000] {spark_submit.py:641} INFO - +-----------+-----------------+---------+---------+------+-------------------+---------------+---+--------------------+-----------------+---------------------+----------+------------------+
[2025-02-23T14:34:16.835+0000] {spark_submit.py:641} INFO - |       8724|       Technology|region_26|Bachelors|     m|           sourcing|              1| 24|                null|                1|                    1|         0|                77|
[2025-02-23T14:34:16.836+0000] {spark_submit.py:641} INFO - |      74430|               HR| region_4|Bachelors|     f|              other|              1| 31|                   3|                5|                    0|         0|                51|
[2025-02-23T14:34:16.838+0000] {spark_submit.py:641} INFO - |      72255|Sales & Marketing|region_13|Bachelors|     m|              other|              1| 31|                   1|                4|                    0|         0|                47|
[2025-02-23T14:34:16.839+0000] {spark_submit.py:641} INFO - |      38562|      Procurement| region_2|Bachelors|     f|              other|              3| 31|                   2|                9|                    0|         0|                65|
[2025-02-23T14:34:16.841+0000] {spark_submit.py:641} INFO - |      64486|          Finance|region_29|Bachelors|     m|           sourcing|              1| 30|                   4|                7|                    0|         0|                61|
[2025-02-23T14:34:16.844+0000] {spark_submit.py:641} INFO - +-----------+-----------------+---------+---------+------+-------------------+---------------+---+--------------------+-----------------+---------------------+----------+------------------+
[2025-02-23T14:34:16.845+0000] {spark_submit.py:641} INFO - only showing top 5 rows
[2025-02-23T14:34:16.847+0000] {spark_submit.py:641} INFO - 
[2025-02-23T14:34:16.848+0000] {spark_submit.py:641} INFO - root
[2025-02-23T14:34:16.849+0000] {spark_submit.py:641} INFO - |-- employee_id: integer (nullable = true)
[2025-02-23T14:34:16.850+0000] {spark_submit.py:641} INFO - |-- department: string (nullable = true)
[2025-02-23T14:34:16.851+0000] {spark_submit.py:641} INFO - |-- region: string (nullable = true)
[2025-02-23T14:34:16.851+0000] {spark_submit.py:641} INFO - |-- education: string (nullable = true)
[2025-02-23T14:34:16.852+0000] {spark_submit.py:641} INFO - |-- gender: string (nullable = true)
[2025-02-23T14:34:16.853+0000] {spark_submit.py:641} INFO - |-- recruitment_channel: string (nullable = true)
[2025-02-23T14:34:16.854+0000] {spark_submit.py:641} INFO - |-- no_of_trainings: integer (nullable = true)
[2025-02-23T14:34:16.855+0000] {spark_submit.py:641} INFO - |-- age: integer (nullable = true)
[2025-02-23T14:34:16.856+0000] {spark_submit.py:641} INFO - |-- previous_year_rating: integer (nullable = true)
[2025-02-23T14:34:16.857+0000] {spark_submit.py:641} INFO - |-- length_of_service: integer (nullable = true)
[2025-02-23T14:34:16.858+0000] {spark_submit.py:641} INFO - |-- KPIs_met_more_than_80: integer (nullable = true)
[2025-02-23T14:34:16.860+0000] {spark_submit.py:641} INFO - |-- awards_won: integer (nullable = true)
[2025-02-23T14:34:16.862+0000] {spark_submit.py:641} INFO - |-- avg_training_score: integer (nullable = true)
[2025-02-23T14:34:16.863+0000] {spark_submit.py:641} INFO - 
[2025-02-23T14:34:17.400+0000] {spark_submit.py:641} INFO - Jumlah baris dalam DataFrame : 17417
[2025-02-23T14:34:17.402+0000] {spark_submit.py:641} INFO - Isi folder data/extracted.parquet :
[2025-02-23T14:34:17.404+0000] {spark_submit.py:641} INFO - Extract data berhasil.
[2025-02-23T14:34:17.854+0000] {taskinstance.py:341} INFO - ::group::Post task execution logs
[2025-02-23T14:34:17.857+0000] {taskinstance.py:353} INFO - Marking task as SUCCESS. dag_id=***_v2_etl_dag, task_id=extract_task, run_id=manual__2025-02-23T14:33:57.876645+00:00, execution_date=20250223T143357, start_date=20250223T143359, end_date=20250223T143417
[2025-02-23T14:34:17.936+0000] {local_task_job_runner.py:266} INFO - Task exited with return code 0
[2025-02-23T14:34:17.982+0000] {taskinstance.py:3901} INFO - 1 downstream tasks scheduled from follow-on schedule check
[2025-02-23T14:34:17.986+0000] {local_task_job_runner.py:245} INFO - ::endgroup::
