[2025-02-15T02:06:54.518+0000] {local_task_job_runner.py:123} INFO - ::group::Pre task execution logs
[2025-02-15T02:06:54.641+0000] {taskinstance.py:2613} INFO - Dependencies all met for dep_context=non-requeueable deps ti=<TaskInstance: finprode8_elt_dag.etl_task manual__2025-02-15T02:06:51.283484+00:00 [queued]>
[2025-02-15T02:06:54.711+0000] {taskinstance.py:2613} INFO - Dependencies all met for dep_context=requeueable deps ti=<TaskInstance: finprode8_elt_dag.etl_task manual__2025-02-15T02:06:51.283484+00:00 [queued]>
[2025-02-15T02:06:54.714+0000] {taskinstance.py:2866} INFO - Starting attempt 1 of 1
[2025-02-15T02:06:54.782+0000] {taskinstance.py:2889} INFO - Executing <Task(SparkSubmitOperator): etl_task> on 2025-02-15 02:06:51.283484+00:00
[2025-02-15T02:06:54.808+0000] {standard_task_runner.py:72} INFO - Started process 198 to run task
[2025-02-15T02:06:54.877+0000] {standard_task_runner.py:104} INFO - Running: ['airflow', 'tasks', 'run', '***_elt_dag', 'etl_task', 'manual__2025-02-15T02:06:51.283484+00:00', '--job-id', '2', '--raw', '--subdir', 'DAGS_FOLDER/***_etl_dag.py', '--cfg-path', '/tmp/tmp_xjyhn8k']
[2025-02-15T02:06:54.918+0000] {standard_task_runner.py:105} INFO - Job 2: Subtask etl_task
[2025-02-15T02:06:55.031+0000] {logging_mixin.py:190} WARNING - /home/airflow/.local/lib/python3.9/site-packages/airflow/settings.py:209 DeprecationWarning: The sql_alchemy_conn option in [core] has been moved to the sql_alchemy_conn option in [database] - the old setting has been used, but please update your config.
[2025-02-15T02:06:55.207+0000] {task_command.py:467} INFO - Running <TaskInstance: finprode8_elt_dag.etl_task manual__2025-02-15T02:06:51.283484+00:00 [running]> on host ***-airflow-scheduler
[2025-02-15T02:06:55.737+0000] {taskinstance.py:3132} INFO - Exporting env vars: AIRFLOW_CTX_DAG_OWNER='ratih malini' AIRFLOW_CTX_DAG_ID='***_elt_dag' AIRFLOW_CTX_TASK_ID='etl_task' AIRFLOW_CTX_EXECUTION_DATE='2025-02-15T02:06:51.283484+00:00' AIRFLOW_CTX_TRY_NUMBER='1' AIRFLOW_CTX_DAG_RUN_ID='manual__2025-02-15T02:06:51.283484+00:00'
[2025-02-15T02:06:55.741+0000] {taskinstance.py:731} INFO - ::endgroup::
[2025-02-15T02:06:55.841+0000] {base.py:84} INFO - Retrieving connection 'spark_main'
[2025-02-15T02:06:55.846+0000] {spark_submit.py:474} INFO - Spark-Submit cmd: spark-submit --master spark://***-spark-master:7077 --packages org.postgresql:postgresql:42.2.18 --name arrow-spark /spark-scripts/***_etl.py
[2025-02-15T02:07:00.912+0000] {spark_submit.py:641} INFO - :: loading settings :: url = jar:file:/home/airflow/.local/lib/python3.9/site-packages/pyspark/jars/ivy-2.5.1.jar!/org/apache/ivy/core/settings/ivysettings.xml
[2025-02-15T02:07:01.068+0000] {spark_submit.py:641} INFO - Ivy Default Cache set to: /home/airflow/.ivy2/cache
[2025-02-15T02:07:01.070+0000] {spark_submit.py:641} INFO - The jars for the packages stored in: /home/airflow/.ivy2/jars
[2025-02-15T02:07:01.073+0000] {spark_submit.py:641} INFO - org.postgresql#postgresql added as a dependency
[2025-02-15T02:07:01.074+0000] {spark_submit.py:641} INFO - :: resolving dependencies :: org.apache.spark#spark-submit-parent-413a0fcf-79fd-4e4a-beab-33a4216ac65d;1.0
[2025-02-15T02:07:01.076+0000] {spark_submit.py:641} INFO - confs: [default]
[2025-02-15T02:07:03.566+0000] {spark_submit.py:641} INFO - found org.postgresql#postgresql;42.2.18 in central
[2025-02-15T02:07:04.024+0000] {spark_submit.py:641} INFO - found org.checkerframework#checker-qual;3.5.0 in central
[2025-02-15T02:07:04.231+0000] {spark_submit.py:641} INFO - downloading https://repo1.maven.org/maven2/org/postgresql/postgresql/42.2.18/postgresql-42.2.18.jar ...
[2025-02-15T02:07:05.432+0000] {spark_submit.py:641} INFO - [SUCCESSFUL ] org.postgresql#postgresql;42.2.18!postgresql.jar (1390ms)
[2025-02-15T02:07:05.626+0000] {spark_submit.py:641} INFO - downloading https://repo1.maven.org/maven2/org/checkerframework/checker-qual/3.5.0/checker-qual-3.5.0.jar ...
[2025-02-15T02:07:05.928+0000] {spark_submit.py:641} INFO - [SUCCESSFUL ] org.checkerframework#checker-qual;3.5.0!checker-qual.jar (489ms)
[2025-02-15T02:07:05.932+0000] {spark_submit.py:641} INFO - :: resolution report :: resolve 2965ms :: artifacts dl 1893ms
[2025-02-15T02:07:05.935+0000] {spark_submit.py:641} INFO - :: modules in use:
[2025-02-15T02:07:05.938+0000] {spark_submit.py:641} INFO - org.checkerframework#checker-qual;3.5.0 from central in [default]
[2025-02-15T02:07:05.940+0000] {spark_submit.py:641} INFO - org.postgresql#postgresql;42.2.18 from central in [default]
[2025-02-15T02:07:05.943+0000] {spark_submit.py:641} INFO - ---------------------------------------------------------------------
[2025-02-15T02:07:05.947+0000] {spark_submit.py:641} INFO - |                  |            modules            ||   artifacts   |
[2025-02-15T02:07:05.950+0000] {spark_submit.py:641} INFO - |       conf       | number| search|dwnlded|evicted|| number|dwnlded|
[2025-02-15T02:07:05.952+0000] {spark_submit.py:641} INFO - ---------------------------------------------------------------------
[2025-02-15T02:07:05.956+0000] {spark_submit.py:641} INFO - |      default     |   2   |   2   |   2   |   0   ||   2   |   2   |
[2025-02-15T02:07:05.959+0000] {spark_submit.py:641} INFO - ---------------------------------------------------------------------
[2025-02-15T02:07:05.961+0000] {spark_submit.py:641} INFO - :: retrieving :: org.apache.spark#spark-submit-parent-413a0fcf-79fd-4e4a-beab-33a4216ac65d
[2025-02-15T02:07:05.965+0000] {spark_submit.py:641} INFO - confs: [default]
[2025-02-15T02:07:05.990+0000] {spark_submit.py:641} INFO - 2 artifacts copied, 0 already retrieved (1190kB/46ms)
[2025-02-15T02:07:06.812+0000] {spark_submit.py:641} INFO - 25/02/15 02:07:06 WARN NativeCodeLoader: Unable to load native-hadoop library for your platform... using builtin-java classes where applicable
[2025-02-15T02:07:09.858+0000] {spark_submit.py:641} INFO - 25/02/15 02:07:09 INFO SparkContext: Running Spark version 3.3.2
[2025-02-15T02:07:09.921+0000] {spark_submit.py:641} INFO - 25/02/15 02:07:09 INFO ResourceUtils: ==============================================================
[2025-02-15T02:07:09.924+0000] {spark_submit.py:641} INFO - 25/02/15 02:07:09 INFO ResourceUtils: No custom resources configured for spark.driver.
[2025-02-15T02:07:09.925+0000] {spark_submit.py:641} INFO - 25/02/15 02:07:09 INFO ResourceUtils: ==============================================================
[2025-02-15T02:07:09.927+0000] {spark_submit.py:641} INFO - 25/02/15 02:07:09 INFO SparkContext: Submitted application: ***
[2025-02-15T02:07:09.965+0000] {spark_submit.py:641} INFO - 25/02/15 02:07:09 INFO ResourceProfile: Default ResourceProfile created, executor resources: Map(cores -> name: cores, amount: 1, script: , vendor: , memory -> name: memory, amount: 1024, script: , vendor: , offHeap -> name: offHeap, amount: 0, script: , vendor: ), task resources: Map(cpus -> name: cpus, amount: 1.0)
[2025-02-15T02:07:09.990+0000] {spark_submit.py:641} INFO - 25/02/15 02:07:09 INFO ResourceProfile: Limiting resource is cpu
[2025-02-15T02:07:09.992+0000] {spark_submit.py:641} INFO - 25/02/15 02:07:09 INFO ResourceProfileManager: Added ResourceProfile id: 0
[2025-02-15T02:07:10.121+0000] {spark_submit.py:641} INFO - 25/02/15 02:07:10 INFO SecurityManager: Changing view acls to: airflow
[2025-02-15T02:07:10.124+0000] {spark_submit.py:641} INFO - 25/02/15 02:07:10 INFO SecurityManager: Changing modify acls to: airflow
[2025-02-15T02:07:10.126+0000] {spark_submit.py:641} INFO - 25/02/15 02:07:10 INFO SecurityManager: Changing view acls groups to:
[2025-02-15T02:07:10.128+0000] {spark_submit.py:641} INFO - 25/02/15 02:07:10 INFO SecurityManager: Changing modify acls groups to:
[2025-02-15T02:07:10.129+0000] {spark_submit.py:641} INFO - 25/02/15 02:07:10 INFO SecurityManager: SecurityManager: authentication disabled; ui acls disabled; users  with view permissions: Set(airflow); groups with view permissions: Set(); users  with modify permissions: Set(airflow); groups with modify permissions: Set()
[2025-02-15T02:07:10.700+0000] {spark_submit.py:641} INFO - 25/02/15 02:07:10 INFO Utils: Successfully started service 'sparkDriver' on port 39881.
[2025-02-15T02:07:10.761+0000] {spark_submit.py:641} INFO - 25/02/15 02:07:10 INFO SparkEnv: Registering MapOutputTracker
[2025-02-15T02:07:10.843+0000] {spark_submit.py:641} INFO - 25/02/15 02:07:10 INFO SparkEnv: Registering BlockManagerMaster
[2025-02-15T02:07:10.893+0000] {spark_submit.py:641} INFO - 25/02/15 02:07:10 INFO BlockManagerMasterEndpoint: Using org.apache.spark.storage.DefaultTopologyMapper for getting topology information
[2025-02-15T02:07:10.896+0000] {spark_submit.py:641} INFO - 25/02/15 02:07:10 INFO BlockManagerMasterEndpoint: BlockManagerMasterEndpoint up
[2025-02-15T02:07:10.902+0000] {spark_submit.py:641} INFO - 25/02/15 02:07:10 INFO SparkEnv: Registering BlockManagerMasterHeartbeat
[2025-02-15T02:07:10.984+0000] {spark_submit.py:641} INFO - 25/02/15 02:07:10 INFO DiskBlockManager: Created local directory at /tmp/blockmgr-34fe56c1-0703-4899-bc9c-af691a9819d9
[2025-02-15T02:07:11.032+0000] {spark_submit.py:641} INFO - 25/02/15 02:07:11 INFO MemoryStore: MemoryStore started with capacity 434.4 MiB
[2025-02-15T02:07:11.077+0000] {spark_submit.py:641} INFO - 25/02/15 02:07:11 INFO SparkEnv: Registering OutputCommitCoordinator
[2025-02-15T02:07:11.606+0000] {spark_submit.py:641} INFO - 25/02/15 02:07:11 INFO Utils: Successfully started service 'SparkUI' on port 4040.
[2025-02-15T02:07:11.718+0000] {spark_submit.py:641} INFO - 25/02/15 02:07:11 INFO SparkContext: Added JAR /spark-scripts/jars/postgresql-42.2.18.jar at spark://***-airflow-scheduler:39881/jars/postgresql-42.2.18.jar with timestamp 1739585229836
[2025-02-15T02:07:11.720+0000] {spark_submit.py:641} INFO - 25/02/15 02:07:11 INFO SparkContext: Added file file:///home/airflow/.ivy2/jars/org.postgresql_postgresql-42.2.18.jar at file:///home/airflow/.ivy2/jars/org.postgresql_postgresql-42.2.18.jar with timestamp 1739585229836
[2025-02-15T02:07:11.725+0000] {spark_submit.py:641} INFO - 25/02/15 02:07:11 INFO Utils: Copying /home/airflow/.ivy2/jars/org.postgresql_postgresql-42.2.18.jar to /tmp/spark-b5b49f01-3ecc-4af2-b2f8-e250957b9a63/userFiles-0647efa0-51d3-45c3-af49-32d5eed51ccc/org.postgresql_postgresql-42.2.18.jar
[2025-02-15T02:07:11.749+0000] {spark_submit.py:641} INFO - 25/02/15 02:07:11 INFO SparkContext: Added file file:///home/airflow/.ivy2/jars/org.checkerframework_checker-qual-3.5.0.jar at file:///home/airflow/.ivy2/jars/org.checkerframework_checker-qual-3.5.0.jar with timestamp 1739585229836
[2025-02-15T02:07:11.751+0000] {spark_submit.py:641} INFO - 25/02/15 02:07:11 INFO Utils: Copying /home/airflow/.ivy2/jars/org.checkerframework_checker-qual-3.5.0.jar to /tmp/spark-b5b49f01-3ecc-4af2-b2f8-e250957b9a63/userFiles-0647efa0-51d3-45c3-af49-32d5eed51ccc/org.checkerframework_checker-qual-3.5.0.jar
[2025-02-15T02:07:11.876+0000] {spark_submit.py:641} INFO - 25/02/15 02:07:11 INFO Executor: Starting executor ID driver on host ***-airflow-scheduler
[2025-02-15T02:07:11.893+0000] {spark_submit.py:641} INFO - 25/02/15 02:07:11 INFO Executor: Starting executor with user classpath (userClassPathFirst = false): ''
[2025-02-15T02:07:11.931+0000] {spark_submit.py:641} INFO - 25/02/15 02:07:11 INFO Executor: Fetching file:///home/airflow/.ivy2/jars/org.postgresql_postgresql-42.2.18.jar with timestamp 1739585229836
[2025-02-15T02:07:11.963+0000] {spark_submit.py:641} INFO - 25/02/15 02:07:11 INFO Utils: /home/airflow/.ivy2/jars/org.postgresql_postgresql-42.2.18.jar has been previously copied to /tmp/spark-b5b49f01-3ecc-4af2-b2f8-e250957b9a63/userFiles-0647efa0-51d3-45c3-af49-32d5eed51ccc/org.postgresql_postgresql-42.2.18.jar
[2025-02-15T02:07:11.973+0000] {spark_submit.py:641} INFO - 25/02/15 02:07:11 INFO Executor: Fetching file:///home/airflow/.ivy2/jars/org.checkerframework_checker-qual-3.5.0.jar with timestamp 1739585229836
[2025-02-15T02:07:11.976+0000] {spark_submit.py:641} INFO - 25/02/15 02:07:11 INFO Utils: /home/airflow/.ivy2/jars/org.checkerframework_checker-qual-3.5.0.jar has been previously copied to /tmp/spark-b5b49f01-3ecc-4af2-b2f8-e250957b9a63/userFiles-0647efa0-51d3-45c3-af49-32d5eed51ccc/org.checkerframework_checker-qual-3.5.0.jar
[2025-02-15T02:07:11.985+0000] {spark_submit.py:641} INFO - 25/02/15 02:07:11 INFO Executor: Fetching spark://***-airflow-scheduler:39881/jars/postgresql-42.2.18.jar with timestamp 1739585229836
[2025-02-15T02:07:12.078+0000] {spark_submit.py:641} INFO - 25/02/15 02:07:12 INFO TransportClientFactory: Successfully created connection to ***-airflow-scheduler/172.19.0.6:39881 after 64 ms (0 ms spent in bootstraps)
[2025-02-15T02:07:12.086+0000] {spark_submit.py:641} INFO - 25/02/15 02:07:12 INFO Utils: Fetching spark://***-airflow-scheduler:39881/jars/postgresql-42.2.18.jar to /tmp/spark-b5b49f01-3ecc-4af2-b2f8-e250957b9a63/userFiles-0647efa0-51d3-45c3-af49-32d5eed51ccc/fetchFileTemp7525585711798272784.tmp
[2025-02-15T02:07:12.381+0000] {spark_submit.py:641} INFO - 25/02/15 02:07:12 INFO Executor: Adding file:/tmp/spark-b5b49f01-3ecc-4af2-b2f8-e250957b9a63/userFiles-0647efa0-51d3-45c3-af49-32d5eed51ccc/postgresql-42.2.18.jar to class loader
[2025-02-15T02:07:12.391+0000] {spark_submit.py:641} INFO - 25/02/15 02:07:12 INFO Utils: Successfully started service 'org.apache.spark.network.netty.NettyBlockTransferService' on port 34771.
[2025-02-15T02:07:12.393+0000] {spark_submit.py:641} INFO - 25/02/15 02:07:12 INFO NettyBlockTransferService: Server created on ***-airflow-scheduler:34771
[2025-02-15T02:07:12.397+0000] {spark_submit.py:641} INFO - 25/02/15 02:07:12 INFO BlockManager: Using org.apache.spark.storage.RandomBlockReplicationPolicy for block replication policy
[2025-02-15T02:07:12.410+0000] {spark_submit.py:641} INFO - 25/02/15 02:07:12 INFO BlockManagerMaster: Registering BlockManager BlockManagerId(driver, ***-airflow-scheduler, 34771, None)
[2025-02-15T02:07:12.416+0000] {spark_submit.py:641} INFO - 25/02/15 02:07:12 INFO BlockManagerMasterEndpoint: Registering block manager ***-airflow-scheduler:34771 with 434.4 MiB RAM, BlockManagerId(driver, ***-airflow-scheduler, 34771, None)
[2025-02-15T02:07:12.420+0000] {spark_submit.py:641} INFO - 25/02/15 02:07:12 INFO BlockManagerMaster: Registered BlockManager BlockManagerId(driver, ***-airflow-scheduler, 34771, None)
[2025-02-15T02:07:12.422+0000] {spark_submit.py:641} INFO - 25/02/15 02:07:12 INFO BlockManager: Initialized BlockManager: BlockManagerId(driver, ***-airflow-scheduler, 34771, None)
[2025-02-15T02:07:21.154+0000] {spark_submit.py:641} INFO - ---------------- MENAMPILKAN DATASET ----------------
[2025-02-15T02:07:21.664+0000] {spark_submit.py:641} INFO - +-----------+-----------------+---------+---------------+------+-------------------+---------------+---+--------------------+-----------------+---------------------+----------+------------------+
[2025-02-15T02:07:21.666+0000] {spark_submit.py:641} INFO - |employee_id|       department|   region|      education|gender|recruitment_channel|no_of_trainings|age|previous_year_rating|length_of_service|KPIs_met_more_than_80|awards_won|avg_training_score|
[2025-02-15T02:07:21.668+0000] {spark_submit.py:641} INFO - +-----------+-----------------+---------+---------------+------+-------------------+---------------+---+--------------------+-----------------+---------------------+----------+------------------+
[2025-02-15T02:07:21.670+0000] {spark_submit.py:641} INFO - |       8724|       Technology|region_26|      Bachelors|     m|           sourcing|              1| 24|                null|                1|                    1|         0|                77|
[2025-02-15T02:07:21.671+0000] {spark_submit.py:641} INFO - |      74430|               HR| region_4|      Bachelors|     f|              other|              1| 31|                   3|                5|                    0|         0|                51|
[2025-02-15T02:07:21.673+0000] {spark_submit.py:641} INFO - |      72255|Sales & Marketing|region_13|      Bachelors|     m|              other|              1| 31|                   1|                4|                    0|         0|                47|
[2025-02-15T02:07:21.674+0000] {spark_submit.py:641} INFO - |      38562|      Procurement| region_2|      Bachelors|     f|              other|              3| 31|                   2|                9|                    0|         0|                65|
[2025-02-15T02:07:21.676+0000] {spark_submit.py:641} INFO - |      64486|          Finance|region_29|      Bachelors|     m|           sourcing|              1| 30|                   4|                7|                    0|         0|                61|
[2025-02-15T02:07:21.678+0000] {spark_submit.py:641} INFO - |      46232|      Procurement| region_7|      Bachelors|     m|           sourcing|              1| 36|                   3|                2|                    0|         0|                68|
[2025-02-15T02:07:21.679+0000] {spark_submit.py:641} INFO - |      54542|          Finance| region_2|      Bachelors|     m|              other|              1| 33|                   5|                3|                    1|         0|                57|
[2025-02-15T02:07:21.680+0000] {spark_submit.py:641} INFO - |      67269|        Analytics|region_22|      Bachelors|     m|           sourcing|              2| 36|                   3|                3|                    0|         0|                85|
[2025-02-15T02:07:21.682+0000] {spark_submit.py:641} INFO - |      66174|       Technology| region_7|Masters & above|     m|              other|              1| 51|                   4|               11|                    0|         0|                75|
[2025-02-15T02:07:21.683+0000] {spark_submit.py:641} INFO - |      76303|       Technology|region_22|      Bachelors|     m|           sourcing|              1| 29|                   5|                2|                    1|         0|                76|
[2025-02-15T02:07:21.685+0000] {spark_submit.py:641} INFO - +-----------+-----------------+---------+---------------+------+-------------------+---------------+---+--------------------+-----------------+---------------------+----------+------------------+
[2025-02-15T02:07:21.686+0000] {spark_submit.py:641} INFO - only showing top 10 rows
[2025-02-15T02:07:21.687+0000] {spark_submit.py:641} INFO - 
[2025-02-15T02:07:21.689+0000] {spark_submit.py:641} INFO - ---------------- MENAMPILKAN TIPE DATA AWAL ----------------
[2025-02-15T02:07:21.691+0000] {spark_submit.py:641} INFO - root
[2025-02-15T02:07:21.693+0000] {spark_submit.py:641} INFO - |-- employee_id: string (nullable = true)
[2025-02-15T02:07:21.695+0000] {spark_submit.py:641} INFO - |-- department: string (nullable = true)
[2025-02-15T02:07:21.696+0000] {spark_submit.py:641} INFO - |-- region: string (nullable = true)
[2025-02-15T02:07:21.697+0000] {spark_submit.py:641} INFO - |-- education: string (nullable = true)
[2025-02-15T02:07:21.699+0000] {spark_submit.py:641} INFO - |-- gender: string (nullable = true)
[2025-02-15T02:07:21.700+0000] {spark_submit.py:641} INFO - |-- recruitment_channel: string (nullable = true)
[2025-02-15T02:07:21.702+0000] {spark_submit.py:641} INFO - |-- no_of_trainings: string (nullable = true)
[2025-02-15T02:07:21.703+0000] {spark_submit.py:641} INFO - |-- age: string (nullable = true)
[2025-02-15T02:07:21.704+0000] {spark_submit.py:641} INFO - |-- previous_year_rating: string (nullable = true)
[2025-02-15T02:07:21.706+0000] {spark_submit.py:641} INFO - |-- length_of_service: string (nullable = true)
[2025-02-15T02:07:21.708+0000] {spark_submit.py:641} INFO - |-- KPIs_met_more_than_80: string (nullable = true)
[2025-02-15T02:07:21.710+0000] {spark_submit.py:641} INFO - |-- awards_won: string (nullable = true)
[2025-02-15T02:07:21.713+0000] {spark_submit.py:641} INFO - |-- avg_training_score: string (nullable = true)
[2025-02-15T02:07:21.714+0000] {spark_submit.py:641} INFO - 
[2025-02-15T02:07:21.791+0000] {spark_submit.py:641} INFO - ---------------- MENAMPILKAN TIPE DATA HASIL TRANSFORMASI ----------------
[2025-02-15T02:07:21.794+0000] {spark_submit.py:641} INFO - root
[2025-02-15T02:07:21.795+0000] {spark_submit.py:641} INFO - |-- employee_id: string (nullable = true)
[2025-02-15T02:07:21.797+0000] {spark_submit.py:641} INFO - |-- department: string (nullable = true)
[2025-02-15T02:07:21.798+0000] {spark_submit.py:641} INFO - |-- region: string (nullable = true)
[2025-02-15T02:07:21.799+0000] {spark_submit.py:641} INFO - |-- education: string (nullable = true)
[2025-02-15T02:07:21.801+0000] {spark_submit.py:641} INFO - |-- gender: string (nullable = true)
[2025-02-15T02:07:21.802+0000] {spark_submit.py:641} INFO - |-- recruitment_channel: string (nullable = true)
[2025-02-15T02:07:21.803+0000] {spark_submit.py:641} INFO - |-- no_of_trainings: integer (nullable = true)
[2025-02-15T02:07:21.805+0000] {spark_submit.py:641} INFO - |-- age: integer (nullable = true)
[2025-02-15T02:07:21.807+0000] {spark_submit.py:641} INFO - |-- previous_year_rating: integer (nullable = true)
[2025-02-15T02:07:21.809+0000] {spark_submit.py:641} INFO - |-- length_of_service: integer (nullable = true)
[2025-02-15T02:07:21.811+0000] {spark_submit.py:641} INFO - |-- KPIs_met_more_than_80: integer (nullable = true)
[2025-02-15T02:07:21.813+0000] {spark_submit.py:641} INFO - |-- awards_won: integer (nullable = true)
[2025-02-15T02:07:21.815+0000] {spark_submit.py:641} INFO - |-- avg_training_score: integer (nullable = true)
[2025-02-15T02:07:21.817+0000] {spark_submit.py:641} INFO - 
[2025-02-15T02:07:21.819+0000] {spark_submit.py:641} INFO - ---------------- MENAMPILKAN BANYAK DATA NULL DI SETIAP KOLOM ----------------
[2025-02-15T02:07:23.900+0000] {spark_submit.py:641} INFO - +----------------+---------------+-----------+--------------+-----------+------------------------+--------------------+--------+-------------------------+----------------------+--------------------------+---------------+-----------------------+
[2025-02-15T02:07:23.902+0000] {spark_submit.py:641} INFO - |employee_id_null|department_null|region_null|education_null|gender_null|recruitment_channel_null|no_of_trainings_null|age_null|previous_year_rating_null|length_of_service_null|KPIs_met_more_than_80_null|awards_won_null|avg_training_score_nuli|
[2025-02-15T02:07:23.904+0000] {spark_submit.py:641} INFO - +----------------+---------------+-----------+--------------+-----------+------------------------+--------------------+--------+-------------------------+----------------------+--------------------------+---------------+-----------------------+
[2025-02-15T02:07:23.906+0000] {spark_submit.py:641} INFO - |               0|              0|          0|           771|          0|                       0|                   0|       0|                     1363|                     0|                         0|              0|                      0|
[2025-02-15T02:07:23.909+0000] {spark_submit.py:641} INFO - +----------------+---------------+-----------+--------------+-----------+------------------------+--------------------+--------+-------------------------+----------------------+--------------------------+---------------+-----------------------+
[2025-02-15T02:07:23.911+0000] {spark_submit.py:641} INFO - 
[2025-02-15T02:07:23.913+0000] {spark_submit.py:641} INFO - ---------------- NULL HANDLING PADA KOLOM EDUCATION & PREVIOUS_YEAR_RATING ----------------
[2025-02-15T02:07:24.488+0000] {spark_submit.py:641} INFO - +--------------+-------------------------+
[2025-02-15T02:07:24.499+0000] {spark_submit.py:641} INFO - |education_null|previous_year_rating_null|
[2025-02-15T02:07:24.501+0000] {spark_submit.py:641} INFO - +--------------+-------------------------+
[2025-02-15T02:07:24.502+0000] {spark_submit.py:641} INFO - |             0|                        0|
[2025-02-15T02:07:24.504+0000] {spark_submit.py:641} INFO - +--------------+-------------------------+
[2025-02-15T02:07:24.506+0000] {spark_submit.py:641} INFO - 
[2025-02-15T02:07:26.238+0000] {spark_submit.py:641} INFO - ---------------- MENAMPILKAN DATA HASIL LOAD KE POSTGRES ----------------
[2025-02-15T02:07:26.435+0000] {spark_submit.py:641} INFO - +-----------+-----------------+---------+---------------+------+-------------------+---------------+---+--------------------+-----------------+---------------------+----------+------------------+
[2025-02-15T02:07:26.437+0000] {spark_submit.py:641} INFO - |employee_id|       department|   region|      education|gender|recruitment_channel|no_of_trainings|age|previous_year_rating|length_of_service|KPIs_met_more_than_80|awards_won|avg_training_score|
[2025-02-15T02:07:26.439+0000] {spark_submit.py:641} INFO - +-----------+-----------------+---------+---------------+------+-------------------+---------------+---+--------------------+-----------------+---------------------+----------+------------------+
[2025-02-15T02:07:26.441+0000] {spark_submit.py:641} INFO - |       8724|       Technology|region_26|      Bachelors|     m|           sourcing|              1| 24|                   0|                1|                    1|         0|                77|
[2025-02-15T02:07:26.443+0000] {spark_submit.py:641} INFO - |      74430|               HR| region_4|      Bachelors|     f|              other|              1| 31|                   3|                5|                    0|         0|                51|
[2025-02-15T02:07:26.445+0000] {spark_submit.py:641} INFO - |      72255|Sales & Marketing|region_13|      Bachelors|     m|              other|              1| 31|                   1|                4|                    0|         0|                47|
[2025-02-15T02:07:26.447+0000] {spark_submit.py:641} INFO - |      38562|      Procurement| region_2|      Bachelors|     f|              other|              3| 31|                   2|                9|                    0|         0|                65|
[2025-02-15T02:07:26.449+0000] {spark_submit.py:641} INFO - |      64486|          Finance|region_29|      Bachelors|     m|           sourcing|              1| 30|                   4|                7|                    0|         0|                61|
[2025-02-15T02:07:26.450+0000] {spark_submit.py:641} INFO - |      46232|      Procurement| region_7|      Bachelors|     m|           sourcing|              1| 36|                   3|                2|                    0|         0|                68|
[2025-02-15T02:07:26.451+0000] {spark_submit.py:641} INFO - |      54542|          Finance| region_2|      Bachelors|     m|              other|              1| 33|                   5|                3|                    1|         0|                57|
[2025-02-15T02:07:26.453+0000] {spark_submit.py:641} INFO - |      67269|        Analytics|region_22|      Bachelors|     m|           sourcing|              2| 36|                   3|                3|                    0|         0|                85|
[2025-02-15T02:07:26.454+0000] {spark_submit.py:641} INFO - |      66174|       Technology| region_7|Masters & above|     m|              other|              1| 51|                   4|               11|                    0|         0|                75|
[2025-02-15T02:07:26.456+0000] {spark_submit.py:641} INFO - |      76303|       Technology|region_22|      Bachelors|     m|           sourcing|              1| 29|                   5|                2|                    1|         0|                76|
[2025-02-15T02:07:26.457+0000] {spark_submit.py:641} INFO - |      60245|Sales & Marketing|region_16|      Bachelors|     m|           sourcing|              2| 40|                   5|               12|                    1|         0|                50|
[2025-02-15T02:07:26.460+0000] {spark_submit.py:641} INFO - |      42639|Sales & Marketing|region_17|Masters & above|     m|           sourcing|              1| 40|                   3|               10|                    0|         0|                46|
[2025-02-15T02:07:26.461+0000] {spark_submit.py:641} INFO - |      30963|Sales & Marketing| region_4|Masters & above|     f|              other|              1| 34|                   3|                4|                    0|         0|                52|
[2025-02-15T02:07:26.463+0000] {spark_submit.py:641} INFO - |      54055|        Analytics|region_24|      Bachelors|     m|              other|              1| 37|                   3|               10|                    0|         0|                82|
[2025-02-15T02:07:26.464+0000] {spark_submit.py:641} INFO - |      42996|       Operations|region_11|      Bachelors|     m|           sourcing|              1| 30|                   5|                6|                    1|         0|                58|
[2025-02-15T02:07:26.465+0000] {spark_submit.py:641} INFO - |      12737|Sales & Marketing| region_7|      Bachelors|     m|           sourcing|              1| 31|                   4|                4|                    1|         0|                47|
[2025-02-15T02:07:26.467+0000] {spark_submit.py:641} INFO - |      27561|       Operations|region_27|      Bachelors|     f|           sourcing|              1| 26|                   5|                3|                    0|         0|                56|
[2025-02-15T02:07:26.468+0000] {spark_submit.py:641} INFO - |      26622|Sales & Marketing|region_17|      Bachelors|     m|           sourcing|              1| 40|                   5|                6|                    1|         0|                50|
[2025-02-15T02:07:26.470+0000] {spark_submit.py:641} INFO - |      31582|      Procurement| region_7|      Bachelors|     f|              other|              1| 49|                   3|                7|                    1|         0|                64|
[2025-02-15T02:07:26.472+0000] {spark_submit.py:641} INFO - |      29793|      Procurement|region_27|      Bachelors|     m|              other|              1| 27|                   2|                5|                    0|         0|                65|
[2025-02-15T02:07:26.473+0000] {spark_submit.py:641} INFO - +-----------+-----------------+---------+---------------+------+-------------------+---------------+---+--------------------+-----------------+---------------------+----------+------------------+
[2025-02-15T02:07:26.474+0000] {spark_submit.py:641} INFO - only showing top 20 rows
[2025-02-15T02:07:26.476+0000] {spark_submit.py:641} INFO - 
[2025-02-15T02:07:26.731+0000] {taskinstance.py:340} INFO - ::group::Post task execution logs
[2025-02-15T02:07:26.735+0000] {taskinstance.py:352} INFO - Marking task as SUCCESS. dag_id=***_elt_dag, task_id=etl_task, run_id=manual__2025-02-15T02:06:51.283484+00:00, execution_date=20250215T020651, start_date=20250215T020654, end_date=20250215T020726
[2025-02-15T02:07:26.824+0000] {local_task_job_runner.py:266} INFO - Task exited with return code 0
[2025-02-15T02:07:26.857+0000] {taskinstance.py:3895} INFO - 0 downstream tasks scheduled from follow-on schedule check
[2025-02-15T02:07:26.862+0000] {local_task_job_runner.py:245} INFO - ::endgroup::
