[2025-02-22T01:02:50.478+0000] {local_task_job_runner.py:123} INFO - ::group::Pre task execution logs
[2025-02-22T01:02:50.521+0000] {taskinstance.py:2614} INFO - Dependencies all met for dep_context=non-requeueable deps ti=<TaskInstance: finprode8_v2_etl_dag.load_task manual__2025-02-22T01:01:24.978128+00:00 [queued]>
[2025-02-22T01:02:50.549+0000] {taskinstance.py:2614} INFO - Dependencies all met for dep_context=requeueable deps ti=<TaskInstance: finprode8_v2_etl_dag.load_task manual__2025-02-22T01:01:24.978128+00:00 [queued]>
[2025-02-22T01:02:50.552+0000] {taskinstance.py:2867} INFO - Starting attempt 1 of 1
[2025-02-22T01:02:50.595+0000] {taskinstance.py:2890} INFO - Executing <Task(SparkSubmitOperator): load_task> on 2025-02-22 01:01:24.978128+00:00
[2025-02-22T01:02:50.639+0000] {standard_task_runner.py:72} INFO - Started process 14774 to run task
[2025-02-22T01:02:50.647+0000] {standard_task_runner.py:104} INFO - Running: ['airflow', 'tasks', 'run', '***_v2_etl_dag', 'load_task', 'manual__2025-02-22T01:01:24.978128+00:00', '--job-id', '92', '--raw', '--subdir', 'DAGS_FOLDER/***_v2_etl_dag.py', '--cfg-path', '/tmp/tmp0e_piadt']
[2025-02-22T01:02:50.655+0000] {standard_task_runner.py:105} INFO - Job 92: Subtask load_task
[2025-02-22T01:02:50.705+0000] {logging_mixin.py:190} WARNING - /home/airflow/.local/lib/python3.9/site-packages/airflow/settings.py:209 DeprecationWarning: The sql_alchemy_conn option in [core] has been moved to the sql_alchemy_conn option in [database] - the old setting has been used, but please update your config.
[2025-02-22T01:02:50.780+0000] {task_command.py:467} INFO - Running <TaskInstance: finprode8_v2_etl_dag.load_task manual__2025-02-22T01:01:24.978128+00:00 [running]> on host ***-airflow-scheduler
[2025-02-22T01:02:50.900+0000] {taskinstance.py:3134} INFO - Exporting env vars: AIRFLOW_CTX_DAG_OWNER='ratih malini' AIRFLOW_CTX_DAG_ID='***_v2_etl_dag' AIRFLOW_CTX_TASK_ID='load_task' AIRFLOW_CTX_EXECUTION_DATE='2025-02-22T01:01:24.978128+00:00' AIRFLOW_CTX_TRY_NUMBER='1' AIRFLOW_CTX_DAG_RUN_ID='manual__2025-02-22T01:01:24.978128+00:00'
[2025-02-22T01:02:50.902+0000] {taskinstance.py:732} INFO - ::endgroup::
[2025-02-22T01:02:50.951+0000] {base.py:84} INFO - Retrieving connection 'spark_main'
[2025-02-22T01:02:50.954+0000] {spark_submit.py:474} INFO - Spark-Submit cmd: spark-submit --master spark://***-spark-master:7077 --packages org.postgresql:postgresql:42.2.18 --name arrow-spark /spark-scripts/***_v2_load.py
[2025-02-22T01:02:54.291+0000] {spark_submit.py:641} INFO - :: loading settings :: url = jar:file:/home/airflow/.local/lib/python3.9/site-packages/pyspark/jars/ivy-2.5.1.jar!/org/apache/ivy/core/settings/ivysettings.xml
[2025-02-22T01:02:54.401+0000] {spark_submit.py:641} INFO - Ivy Default Cache set to: /home/airflow/.ivy2/cache
[2025-02-22T01:02:54.403+0000] {spark_submit.py:641} INFO - The jars for the packages stored in: /home/airflow/.ivy2/jars
[2025-02-22T01:02:54.408+0000] {spark_submit.py:641} INFO - org.postgresql#postgresql added as a dependency
[2025-02-22T01:02:54.410+0000] {spark_submit.py:641} INFO - :: resolving dependencies :: org.apache.spark#spark-submit-parent-6afdc41c-89f9-479d-bf2f-42b475da913b;1.0
[2025-02-22T01:02:54.411+0000] {spark_submit.py:641} INFO - confs: [default]
[2025-02-22T01:02:54.573+0000] {spark_submit.py:641} INFO - found org.postgresql#postgresql;42.2.18 in central
[2025-02-22T01:02:54.598+0000] {spark_submit.py:641} INFO - found org.checkerframework#checker-qual;3.5.0 in central
[2025-02-22T01:02:54.616+0000] {spark_submit.py:641} INFO - :: resolution report :: resolve 200ms :: artifacts dl 7ms
[2025-02-22T01:02:54.617+0000] {spark_submit.py:641} INFO - :: modules in use:
[2025-02-22T01:02:54.619+0000] {spark_submit.py:641} INFO - org.checkerframework#checker-qual;3.5.0 from central in [default]
[2025-02-22T01:02:54.620+0000] {spark_submit.py:641} INFO - org.postgresql#postgresql;42.2.18 from central in [default]
[2025-02-22T01:02:54.621+0000] {spark_submit.py:641} INFO - ---------------------------------------------------------------------
[2025-02-22T01:02:54.622+0000] {spark_submit.py:641} INFO - |                  |            modules            ||   artifacts   |
[2025-02-22T01:02:54.623+0000] {spark_submit.py:641} INFO - |       conf       | number| search|dwnlded|evicted|| number|dwnlded|
[2025-02-22T01:02:54.624+0000] {spark_submit.py:641} INFO - ---------------------------------------------------------------------
[2025-02-22T01:02:54.626+0000] {spark_submit.py:641} INFO - |      default     |   2   |   0   |   0   |   0   ||   2   |   0   |
[2025-02-22T01:02:54.627+0000] {spark_submit.py:641} INFO - ---------------------------------------------------------------------
[2025-02-22T01:02:54.628+0000] {spark_submit.py:641} INFO - :: retrieving :: org.apache.spark#spark-submit-parent-6afdc41c-89f9-479d-bf2f-42b475da913b
[2025-02-22T01:02:54.630+0000] {spark_submit.py:641} INFO - confs: [default]
[2025-02-22T01:02:54.632+0000] {spark_submit.py:641} INFO - 0 artifacts copied, 2 already retrieved (0kB/7ms)
[2025-02-22T01:02:54.999+0000] {spark_submit.py:641} INFO - 25/02/22 01:02:54 WARN NativeCodeLoader: Unable to load native-hadoop library for your platform... using builtin-java classes where applicable
[2025-02-22T01:02:56.824+0000] {spark_submit.py:641} INFO - 25/02/22 01:02:56 INFO SparkContext: Running Spark version 3.3.2
[2025-02-22T01:02:56.868+0000] {spark_submit.py:641} INFO - 25/02/22 01:02:56 INFO ResourceUtils: ==============================================================
[2025-02-22T01:02:56.870+0000] {spark_submit.py:641} INFO - 25/02/22 01:02:56 INFO ResourceUtils: No custom resources configured for spark.driver.
[2025-02-22T01:02:56.872+0000] {spark_submit.py:641} INFO - 25/02/22 01:02:56 INFO ResourceUtils: ==============================================================
[2025-02-22T01:02:56.873+0000] {spark_submit.py:641} INFO - 25/02/22 01:02:56 INFO SparkContext: Submitted application: ***_load
[2025-02-22T01:02:56.911+0000] {spark_submit.py:641} INFO - 25/02/22 01:02:56 INFO ResourceProfile: Default ResourceProfile created, executor resources: Map(cores -> name: cores, amount: 1, script: , vendor: , memory -> name: memory, amount: 1024, script: , vendor: , offHeap -> name: offHeap, amount: 0, script: , vendor: ), task resources: Map(cpus -> name: cpus, amount: 1.0)
[2025-02-22T01:02:56.923+0000] {spark_submit.py:641} INFO - 25/02/22 01:02:56 INFO ResourceProfile: Limiting resource is cpu
[2025-02-22T01:02:56.924+0000] {spark_submit.py:641} INFO - 25/02/22 01:02:56 INFO ResourceProfileManager: Added ResourceProfile id: 0
[2025-02-22T01:02:57.030+0000] {spark_submit.py:641} INFO - 25/02/22 01:02:57 INFO SecurityManager: Changing view acls to: airflow
[2025-02-22T01:02:57.032+0000] {spark_submit.py:641} INFO - 25/02/22 01:02:57 INFO SecurityManager: Changing modify acls to: airflow
[2025-02-22T01:02:57.034+0000] {spark_submit.py:641} INFO - 25/02/22 01:02:57 INFO SecurityManager: Changing view acls groups to:
[2025-02-22T01:02:57.035+0000] {spark_submit.py:641} INFO - 25/02/22 01:02:57 INFO SecurityManager: Changing modify acls groups to:
[2025-02-22T01:02:57.036+0000] {spark_submit.py:641} INFO - 25/02/22 01:02:57 INFO SecurityManager: SecurityManager: authentication disabled; ui acls disabled; users  with view permissions: Set(airflow); groups with view permissions: Set(); users  with modify permissions: Set(airflow); groups with modify permissions: Set()
[2025-02-22T01:02:57.415+0000] {spark_submit.py:641} INFO - 25/02/22 01:02:57 INFO Utils: Successfully started service 'sparkDriver' on port 37353.
[2025-02-22T01:02:57.503+0000] {spark_submit.py:641} INFO - 25/02/22 01:02:57 INFO SparkEnv: Registering MapOutputTracker
[2025-02-22T01:02:57.561+0000] {spark_submit.py:641} INFO - 25/02/22 01:02:57 INFO SparkEnv: Registering BlockManagerMaster
[2025-02-22T01:02:57.596+0000] {spark_submit.py:641} INFO - 25/02/22 01:02:57 INFO BlockManagerMasterEndpoint: Using org.apache.spark.storage.DefaultTopologyMapper for getting topology information
[2025-02-22T01:02:57.597+0000] {spark_submit.py:641} INFO - 25/02/22 01:02:57 INFO BlockManagerMasterEndpoint: BlockManagerMasterEndpoint up
[2025-02-22T01:02:57.607+0000] {spark_submit.py:641} INFO - 25/02/22 01:02:57 INFO SparkEnv: Registering BlockManagerMasterHeartbeat
[2025-02-22T01:02:57.644+0000] {spark_submit.py:641} INFO - 25/02/22 01:02:57 INFO DiskBlockManager: Created local directory at /tmp/blockmgr-ab207754-e1a2-42de-8ab4-5ba5817e2339
[2025-02-22T01:02:57.666+0000] {spark_submit.py:641} INFO - 25/02/22 01:02:57 INFO MemoryStore: MemoryStore started with capacity 434.4 MiB
[2025-02-22T01:02:57.691+0000] {spark_submit.py:641} INFO - 25/02/22 01:02:57 INFO SparkEnv: Registering OutputCommitCoordinator
[2025-02-22T01:02:58.043+0000] {spark_submit.py:641} INFO - 25/02/22 01:02:58 INFO Utils: Successfully started service 'SparkUI' on port 4040.
[2025-02-22T01:02:58.105+0000] {spark_submit.py:641} INFO - 25/02/22 01:02:58 INFO SparkContext: Added JAR file:///home/airflow/.ivy2/jars/org.postgresql_postgresql-42.2.18.jar at spark://***-airflow-scheduler:37353/jars/org.postgresql_postgresql-42.2.18.jar with timestamp 1740186176812
[2025-02-22T01:02:58.108+0000] {spark_submit.py:641} INFO - 25/02/22 01:02:58 INFO SparkContext: Added JAR file:///home/airflow/.ivy2/jars/org.checkerframework_checker-qual-3.5.0.jar at spark://***-airflow-scheduler:37353/jars/org.checkerframework_checker-qual-3.5.0.jar with timestamp 1740186176812
[2025-02-22T01:02:58.111+0000] {spark_submit.py:641} INFO - 25/02/22 01:02:58 INFO SparkContext: Added file file:///home/airflow/.ivy2/jars/org.postgresql_postgresql-42.2.18.jar at file:///home/airflow/.ivy2/jars/org.postgresql_postgresql-42.2.18.jar with timestamp 1740186176812
[2025-02-22T01:02:58.114+0000] {spark_submit.py:641} INFO - 25/02/22 01:02:58 INFO Utils: Copying /home/airflow/.ivy2/jars/org.postgresql_postgresql-42.2.18.jar to /tmp/spark-43e3cc1d-c188-41df-8b3a-22d438f5e16a/userFiles-033f1059-753e-4a9e-9ca9-48bcf1e5fca0/org.postgresql_postgresql-42.2.18.jar
[2025-02-22T01:02:58.138+0000] {spark_submit.py:641} INFO - 25/02/22 01:02:58 INFO SparkContext: Added file file:///home/airflow/.ivy2/jars/org.checkerframework_checker-qual-3.5.0.jar at file:///home/airflow/.ivy2/jars/org.checkerframework_checker-qual-3.5.0.jar with timestamp 1740186176812
[2025-02-22T01:02:58.141+0000] {spark_submit.py:641} INFO - 25/02/22 01:02:58 INFO Utils: Copying /home/airflow/.ivy2/jars/org.checkerframework_checker-qual-3.5.0.jar to /tmp/spark-43e3cc1d-c188-41df-8b3a-22d438f5e16a/userFiles-033f1059-753e-4a9e-9ca9-48bcf1e5fca0/org.checkerframework_checker-qual-3.5.0.jar
[2025-02-22T01:02:58.295+0000] {spark_submit.py:641} INFO - 25/02/22 01:02:58 INFO Executor: Starting executor ID driver on host ***-airflow-scheduler
[2025-02-22T01:02:58.311+0000] {spark_submit.py:641} INFO - 25/02/22 01:02:58 INFO Executor: Starting executor with user classpath (userClassPathFirst = false): ''
[2025-02-22T01:02:58.350+0000] {spark_submit.py:641} INFO - 25/02/22 01:02:58 INFO Executor: Fetching file:///home/airflow/.ivy2/jars/org.postgresql_postgresql-42.2.18.jar with timestamp 1740186176812
[2025-02-22T01:02:58.436+0000] {spark_submit.py:641} INFO - 25/02/22 01:02:58 INFO Utils: /home/airflow/.ivy2/jars/org.postgresql_postgresql-42.2.18.jar has been previously copied to /tmp/spark-43e3cc1d-c188-41df-8b3a-22d438f5e16a/userFiles-033f1059-753e-4a9e-9ca9-48bcf1e5fca0/org.postgresql_postgresql-42.2.18.jar
[2025-02-22T01:02:58.450+0000] {spark_submit.py:641} INFO - 25/02/22 01:02:58 INFO Executor: Fetching file:///home/airflow/.ivy2/jars/org.checkerframework_checker-qual-3.5.0.jar with timestamp 1740186176812
[2025-02-22T01:02:58.452+0000] {spark_submit.py:641} INFO - 25/02/22 01:02:58 INFO Utils: /home/airflow/.ivy2/jars/org.checkerframework_checker-qual-3.5.0.jar has been previously copied to /tmp/spark-43e3cc1d-c188-41df-8b3a-22d438f5e16a/userFiles-033f1059-753e-4a9e-9ca9-48bcf1e5fca0/org.checkerframework_checker-qual-3.5.0.jar
[2025-02-22T01:02:58.459+0000] {spark_submit.py:641} INFO - 25/02/22 01:02:58 INFO Executor: Fetching spark://***-airflow-scheduler:37353/jars/org.postgresql_postgresql-42.2.18.jar with timestamp 1740186176812
[2025-02-22T01:02:58.515+0000] {spark_submit.py:641} INFO - 25/02/22 01:02:58 INFO TransportClientFactory: Successfully created connection to ***-airflow-scheduler/172.19.0.5:37353 after 40 ms (0 ms spent in bootstraps)
[2025-02-22T01:02:58.521+0000] {spark_submit.py:641} INFO - 25/02/22 01:02:58 INFO Utils: Fetching spark://***-airflow-scheduler:37353/jars/org.postgresql_postgresql-42.2.18.jar to /tmp/spark-43e3cc1d-c188-41df-8b3a-22d438f5e16a/userFiles-033f1059-753e-4a9e-9ca9-48bcf1e5fca0/fetchFileTemp7195237602525307369.tmp
[2025-02-22T01:02:58.577+0000] {spark_submit.py:641} INFO - 25/02/22 01:02:58 INFO Utils: /tmp/spark-43e3cc1d-c188-41df-8b3a-22d438f5e16a/userFiles-033f1059-753e-4a9e-9ca9-48bcf1e5fca0/fetchFileTemp7195237602525307369.tmp has been previously copied to /tmp/spark-43e3cc1d-c188-41df-8b3a-22d438f5e16a/userFiles-033f1059-753e-4a9e-9ca9-48bcf1e5fca0/org.postgresql_postgresql-42.2.18.jar
[2025-02-22T01:02:58.584+0000] {spark_submit.py:641} INFO - 25/02/22 01:02:58 INFO Executor: Adding file:/tmp/spark-43e3cc1d-c188-41df-8b3a-22d438f5e16a/userFiles-033f1059-753e-4a9e-9ca9-48bcf1e5fca0/org.postgresql_postgresql-42.2.18.jar to class loader
[2025-02-22T01:02:58.585+0000] {spark_submit.py:641} INFO - 25/02/22 01:02:58 INFO Executor: Fetching spark://***-airflow-scheduler:37353/jars/org.checkerframework_checker-qual-3.5.0.jar with timestamp 1740186176812
[2025-02-22T01:02:58.587+0000] {spark_submit.py:641} INFO - 25/02/22 01:02:58 INFO Utils: Fetching spark://***-airflow-scheduler:37353/jars/org.checkerframework_checker-qual-3.5.0.jar to /tmp/spark-43e3cc1d-c188-41df-8b3a-22d438f5e16a/userFiles-033f1059-753e-4a9e-9ca9-48bcf1e5fca0/fetchFileTemp8497295906535462282.tmp
[2025-02-22T01:02:58.592+0000] {spark_submit.py:641} INFO - 25/02/22 01:02:58 INFO Utils: /tmp/spark-43e3cc1d-c188-41df-8b3a-22d438f5e16a/userFiles-033f1059-753e-4a9e-9ca9-48bcf1e5fca0/fetchFileTemp8497295906535462282.tmp has been previously copied to /tmp/spark-43e3cc1d-c188-41df-8b3a-22d438f5e16a/userFiles-033f1059-753e-4a9e-9ca9-48bcf1e5fca0/org.checkerframework_checker-qual-3.5.0.jar
[2025-02-22T01:02:58.603+0000] {spark_submit.py:641} INFO - 25/02/22 01:02:58 INFO Executor: Adding file:/tmp/spark-43e3cc1d-c188-41df-8b3a-22d438f5e16a/userFiles-033f1059-753e-4a9e-9ca9-48bcf1e5fca0/org.checkerframework_checker-qual-3.5.0.jar to class loader
[2025-02-22T01:02:58.612+0000] {spark_submit.py:641} INFO - 25/02/22 01:02:58 INFO Utils: Successfully started service 'org.apache.spark.network.netty.NettyBlockTransferService' on port 34663.
[2025-02-22T01:02:58.614+0000] {spark_submit.py:641} INFO - 25/02/22 01:02:58 INFO NettyBlockTransferService: Server created on ***-airflow-scheduler:34663
[2025-02-22T01:02:58.618+0000] {spark_submit.py:641} INFO - 25/02/22 01:02:58 INFO BlockManager: Using org.apache.spark.storage.RandomBlockReplicationPolicy for block replication policy
[2025-02-22T01:02:58.632+0000] {spark_submit.py:641} INFO - 25/02/22 01:02:58 INFO BlockManagerMaster: Registering BlockManager BlockManagerId(driver, ***-airflow-scheduler, 34663, None)
[2025-02-22T01:02:58.638+0000] {spark_submit.py:641} INFO - 25/02/22 01:02:58 INFO BlockManagerMasterEndpoint: Registering block manager ***-airflow-scheduler:34663 with 434.4 MiB RAM, BlockManagerId(driver, ***-airflow-scheduler, 34663, None)
[2025-02-22T01:02:58.641+0000] {spark_submit.py:641} INFO - 25/02/22 01:02:58 INFO BlockManagerMaster: Registered BlockManager BlockManagerId(driver, ***-airflow-scheduler, 34663, None)
[2025-02-22T01:02:58.643+0000] {spark_submit.py:641} INFO - 25/02/22 01:02:58 INFO BlockManager: Initialized BlockManager: BlockManagerId(driver, ***-airflow-scheduler, 34663, None)
[2025-02-22T01:03:07.542+0000] {spark_submit.py:641} INFO - ---------------- MENAMPILKAN DATA HASIL LOAD KE POSTGRES ----------------
[2025-02-22T01:03:07.900+0000] {spark_submit.py:641} INFO - +-----------+-----------------+---------+---------------+------+-------------------+---------------+---+--------------------+-----------------+---------------------+----------+------------------+
[2025-02-22T01:03:07.902+0000] {spark_submit.py:641} INFO - |employee_id|       department|   region|      education|gender|recruitment_channel|no_of_trainings|age|previous_year_rating|length_of_service|KPIs_met_more_than_80|awards_won|avg_training_score|
[2025-02-22T01:03:07.904+0000] {spark_submit.py:641} INFO - +-----------+-----------------+---------+---------------+------+-------------------+---------------+---+--------------------+-----------------+---------------------+----------+------------------+
[2025-02-22T01:03:07.905+0000] {spark_submit.py:641} INFO - |          3|      Procurement|region_22|Masters & above|     f|              other|              1| 38|                   5|                4|                    1|         0|                67|
[2025-02-22T01:03:07.906+0000] {spark_submit.py:641} INFO - |          6|Sales & Marketing|region_15|      Bachelors|     f|              other|              1| 38|                   3|               10|                    0|         0|                50|
[2025-02-22T01:03:07.907+0000] {spark_submit.py:641} INFO - |         11|       Technology| region_4|Masters & above|     f|           sourcing|              1| 39|                   4|               12|                    1|         0|                72|
[2025-02-22T01:03:07.909+0000] {spark_submit.py:641} INFO - |         13|Sales & Marketing|region_17|      Bachelors|     m|              other|              1| 38|                   1|                5|                    1|         0|                47|
[2025-02-22T01:03:07.910+0000] {spark_submit.py:641} INFO - |         16|Sales & Marketing| region_4|Masters & above|     m|           sourcing|              1| 40|                   5|                5|                    0|         0|                53|
[2025-02-22T01:03:07.911+0000] {spark_submit.py:641} INFO - |         17|Sales & Marketing| region_7|      Bachelors|     m|           sourcing|              1| 50|                   5|               13|                    0|         0|                47|
[2025-02-22T01:03:07.912+0000] {spark_submit.py:641} INFO - |         19|               HR| region_2|Masters & above|     f|              other|              1| 50|                   4|                7|                    1|         0|                45|
[2025-02-22T01:03:07.913+0000] {spark_submit.py:641} INFO - |         20|        Analytics|region_21|      Bachelors|     m|           sourcing|              1| 27|                   0|                1|                    1|         0|                89|
[2025-02-22T01:03:07.914+0000] {spark_submit.py:641} INFO - |         21|        Analytics| region_8|      Bachelors|     m|           sourcing|              2| 28|                   2|                3|                    1|         0|                85|
[2025-02-22T01:03:07.915+0000] {spark_submit.py:641} INFO - |         22|       Technology| region_2|Masters & above|     f|              other|              1| 57|                   4|               18|                    1|         0|                77|
[2025-02-22T01:03:07.916+0000] {spark_submit.py:641} INFO - |         23|Sales & Marketing|region_16|      Bachelors|     f|           sourcing|              1| 42|                   1|                3|                    0|         0|                46|
[2025-02-22T01:03:07.917+0000] {spark_submit.py:641} INFO - |         24|               HR|region_28|Masters & above|     f|              other|              1| 32|                   1|                5|                    1|         0|                51|
[2025-02-22T01:03:07.919+0000] {spark_submit.py:641} INFO - |         27|Sales & Marketing|region_16|      Bachelors|     m|           sourcing|              1| 29|                   2|                6|                    0|         0|                51|
[2025-02-22T01:03:07.920+0000] {spark_submit.py:641} INFO - |         29|        Analytics| region_7|      Bachelors|     m|              other|              1| 28|                   0|                1|                    1|         0|                85|
[2025-02-22T01:03:07.921+0000] {spark_submit.py:641} INFO - |         31|Sales & Marketing|region_15|      Bachelors|     f|              other|              1| 29|                   3|                5|                    1|         0|                49|
[2025-02-22T01:03:07.922+0000] {spark_submit.py:641} INFO - |         40|       Operations| region_7|Masters & above|     f|              other|              1| 34|                   1|                4|                    0|         0|                65|
[2025-02-22T01:03:07.923+0000] {spark_submit.py:641} INFO - |         50|Sales & Marketing|region_19|      Bachelors|     m|              other|              1| 32|                   1|                3|                    0|         0|                48|
[2025-02-22T01:03:07.925+0000] {spark_submit.py:641} INFO - |         55|       Operations|region_19|Masters & above|     f|           sourcing|              1| 33|                   5|                3|                    0|         0|                61|
[2025-02-22T01:03:07.925+0000] {spark_submit.py:641} INFO - |         63|Sales & Marketing| region_8|Masters & above|     m|           sourcing|              1| 35|                   5|                8|                    0|         0|                52|
[2025-02-22T01:03:07.926+0000] {spark_submit.py:641} INFO - |         64|        Analytics| region_4|      Bachelors|     m|              other|              1| 42|                   5|               11|                    1|         0|                80|
[2025-02-22T01:03:07.927+0000] {spark_submit.py:641} INFO - +-----------+-----------------+---------+---------------+------+-------------------+---------------+---+--------------------+-----------------+---------------------+----------+------------------+
[2025-02-22T01:03:07.928+0000] {spark_submit.py:641} INFO - only showing top 20 rows
[2025-02-22T01:03:07.930+0000] {spark_submit.py:641} INFO - 
[2025-02-22T01:03:08.370+0000] {spark_submit.py:641} INFO - Jumlah baris dalam DataFrame: 17415
[2025-02-22T01:03:08.371+0000] {spark_submit.py:641} INFO - Load data berhasil.
[2025-02-22T01:03:08.724+0000] {taskinstance.py:341} INFO - ::group::Post task execution logs
[2025-02-22T01:03:08.727+0000] {taskinstance.py:353} INFO - Marking task as SUCCESS. dag_id=***_v2_etl_dag, task_id=load_task, run_id=manual__2025-02-22T01:01:24.978128+00:00, execution_date=20250222T010124, start_date=20250222T010250, end_date=20250222T010308
[2025-02-22T01:03:08.793+0000] {local_task_job_runner.py:266} INFO - Task exited with return code 0
[2025-02-22T01:03:08.826+0000] {taskinstance.py:3901} INFO - 0 downstream tasks scheduled from follow-on schedule check
[2025-02-22T01:03:08.829+0000] {local_task_job_runner.py:245} INFO - ::endgroup::
