[2025-02-20T07:03:42.079+0000] {local_task_job_runner.py:123} INFO - ::group::Pre task execution logs
[2025-02-20T07:03:42.184+0000] {taskinstance.py:2614} INFO - Dependencies all met for dep_context=non-requeueable deps ti=<TaskInstance: finprode8_v2_etl_dag.extract_task manual__2025-02-20T07:03:36.257490+00:00 [queued]>
[2025-02-20T07:03:42.229+0000] {taskinstance.py:2614} INFO - Dependencies all met for dep_context=requeueable deps ti=<TaskInstance: finprode8_v2_etl_dag.extract_task manual__2025-02-20T07:03:36.257490+00:00 [queued]>
[2025-02-20T07:03:42.231+0000] {taskinstance.py:2867} INFO - Starting attempt 1 of 1
[2025-02-20T07:03:42.265+0000] {taskinstance.py:2890} INFO - Executing <Task(SparkSubmitOperator): extract_task> on 2025-02-20 07:03:36.257490+00:00
[2025-02-20T07:03:42.279+0000] {standard_task_runner.py:72} INFO - Started process 5840 to run task
[2025-02-20T07:03:42.283+0000] {standard_task_runner.py:104} INFO - Running: ['airflow', 'tasks', 'run', '***_v2_etl_dag', 'extract_task', 'manual__2025-02-20T07:03:36.257490+00:00', '--job-id', '65', '--raw', '--subdir', 'DAGS_FOLDER/***_v2_etl_dag.py', '--cfg-path', '/tmp/tmpt5ish90t']
[2025-02-20T07:03:42.288+0000] {standard_task_runner.py:105} INFO - Job 65: Subtask extract_task
[2025-02-20T07:03:42.310+0000] {logging_mixin.py:190} WARNING - /home/airflow/.local/lib/python3.9/site-packages/airflow/settings.py:209 DeprecationWarning: The sql_alchemy_conn option in [core] has been moved to the sql_alchemy_conn option in [database] - the old setting has been used, but please update your config.
[2025-02-20T07:03:42.399+0000] {task_command.py:467} INFO - Running <TaskInstance: finprode8_v2_etl_dag.extract_task manual__2025-02-20T07:03:36.257490+00:00 [running]> on host ***-airflow-scheduler
[2025-02-20T07:03:42.655+0000] {taskinstance.py:3134} INFO - Exporting env vars: AIRFLOW_CTX_DAG_OWNER='ratih malini' AIRFLOW_CTX_DAG_ID='***_v2_etl_dag' AIRFLOW_CTX_TASK_ID='extract_task' AIRFLOW_CTX_EXECUTION_DATE='2025-02-20T07:03:36.257490+00:00' AIRFLOW_CTX_TRY_NUMBER='1' AIRFLOW_CTX_DAG_RUN_ID='manual__2025-02-20T07:03:36.257490+00:00'
[2025-02-20T07:03:42.659+0000] {taskinstance.py:732} INFO - ::endgroup::
[2025-02-20T07:03:42.736+0000] {base.py:84} INFO - Retrieving connection 'spark_main'
[2025-02-20T07:03:42.739+0000] {spark_submit.py:474} INFO - Spark-Submit cmd: spark-submit --master spark://***-spark-master:7077 --packages org.postgresql:postgresql:42.2.18 --name arrow-spark /spark-scripts/***_v2_extract.py
[2025-02-20T07:03:46.034+0000] {spark_submit.py:641} INFO - :: loading settings :: url = jar:file:/home/airflow/.local/lib/python3.9/site-packages/pyspark/jars/ivy-2.5.1.jar!/org/apache/ivy/core/settings/ivysettings.xml
[2025-02-20T07:03:46.154+0000] {spark_submit.py:641} INFO - Ivy Default Cache set to: /home/airflow/.ivy2/cache
[2025-02-20T07:03:46.156+0000] {spark_submit.py:641} INFO - The jars for the packages stored in: /home/airflow/.ivy2/jars
[2025-02-20T07:03:46.159+0000] {spark_submit.py:641} INFO - org.postgresql#postgresql added as a dependency
[2025-02-20T07:03:46.162+0000] {spark_submit.py:641} INFO - :: resolving dependencies :: org.apache.spark#spark-submit-parent-d36851d5-4869-4a0b-9841-eff08431ba00;1.0
[2025-02-20T07:03:46.163+0000] {spark_submit.py:641} INFO - confs: [default]
[2025-02-20T07:03:46.300+0000] {spark_submit.py:641} INFO - found org.postgresql#postgresql;42.2.18 in central
[2025-02-20T07:03:46.324+0000] {spark_submit.py:641} INFO - found org.checkerframework#checker-qual;3.5.0 in central
[2025-02-20T07:03:46.342+0000] {spark_submit.py:641} INFO - :: resolution report :: resolve 176ms :: artifacts dl 6ms
[2025-02-20T07:03:46.344+0000] {spark_submit.py:641} INFO - :: modules in use:
[2025-02-20T07:03:46.345+0000] {spark_submit.py:641} INFO - org.checkerframework#checker-qual;3.5.0 from central in [default]
[2025-02-20T07:03:46.346+0000] {spark_submit.py:641} INFO - org.postgresql#postgresql;42.2.18 from central in [default]
[2025-02-20T07:03:46.349+0000] {spark_submit.py:641} INFO - ---------------------------------------------------------------------
[2025-02-20T07:03:46.351+0000] {spark_submit.py:641} INFO - |                  |            modules            ||   artifacts   |
[2025-02-20T07:03:46.352+0000] {spark_submit.py:641} INFO - |       conf       | number| search|dwnlded|evicted|| number|dwnlded|
[2025-02-20T07:03:46.353+0000] {spark_submit.py:641} INFO - ---------------------------------------------------------------------
[2025-02-20T07:03:46.355+0000] {spark_submit.py:641} INFO - |      default     |   2   |   0   |   0   |   0   ||   2   |   0   |
[2025-02-20T07:03:46.356+0000] {spark_submit.py:641} INFO - ---------------------------------------------------------------------
[2025-02-20T07:03:46.357+0000] {spark_submit.py:641} INFO - :: retrieving :: org.apache.spark#spark-submit-parent-d36851d5-4869-4a0b-9841-eff08431ba00
[2025-02-20T07:03:46.358+0000] {spark_submit.py:641} INFO - confs: [default]
[2025-02-20T07:03:46.359+0000] {spark_submit.py:641} INFO - 0 artifacts copied, 2 already retrieved (0kB/6ms)
[2025-02-20T07:03:46.657+0000] {spark_submit.py:641} INFO - 25/02/20 07:03:46 WARN NativeCodeLoader: Unable to load native-hadoop library for your platform... using builtin-java classes where applicable
[2025-02-20T07:03:48.295+0000] {spark_submit.py:641} INFO - 25/02/20 07:03:48 INFO SparkContext: Running Spark version 3.3.2
[2025-02-20T07:03:48.323+0000] {spark_submit.py:641} INFO - 25/02/20 07:03:48 INFO ResourceUtils: ==============================================================
[2025-02-20T07:03:48.325+0000] {spark_submit.py:641} INFO - 25/02/20 07:03:48 INFO ResourceUtils: No custom resources configured for spark.driver.
[2025-02-20T07:03:48.326+0000] {spark_submit.py:641} INFO - 25/02/20 07:03:48 INFO ResourceUtils: ==============================================================
[2025-02-20T07:03:48.327+0000] {spark_submit.py:641} INFO - 25/02/20 07:03:48 INFO SparkContext: Submitted application: ***_extract
[2025-02-20T07:03:48.348+0000] {spark_submit.py:641} INFO - 25/02/20 07:03:48 INFO ResourceProfile: Default ResourceProfile created, executor resources: Map(cores -> name: cores, amount: 1, script: , vendor: , memory -> name: memory, amount: 1024, script: , vendor: , offHeap -> name: offHeap, amount: 0, script: , vendor: ), task resources: Map(cpus -> name: cpus, amount: 1.0)
[2025-02-20T07:03:48.358+0000] {spark_submit.py:641} INFO - 25/02/20 07:03:48 INFO ResourceProfile: Limiting resource is cpu
[2025-02-20T07:03:48.360+0000] {spark_submit.py:641} INFO - 25/02/20 07:03:48 INFO ResourceProfileManager: Added ResourceProfile id: 0
[2025-02-20T07:03:48.423+0000] {spark_submit.py:641} INFO - 25/02/20 07:03:48 INFO SecurityManager: Changing view acls to: airflow
[2025-02-20T07:03:48.425+0000] {spark_submit.py:641} INFO - 25/02/20 07:03:48 INFO SecurityManager: Changing modify acls to: airflow
[2025-02-20T07:03:48.427+0000] {spark_submit.py:641} INFO - 25/02/20 07:03:48 INFO SecurityManager: Changing view acls groups to:
[2025-02-20T07:03:48.428+0000] {spark_submit.py:641} INFO - 25/02/20 07:03:48 INFO SecurityManager: Changing modify acls groups to:
[2025-02-20T07:03:48.429+0000] {spark_submit.py:641} INFO - 25/02/20 07:03:48 INFO SecurityManager: SecurityManager: authentication disabled; ui acls disabled; users  with view permissions: Set(airflow); groups with view permissions: Set(); users  with modify permissions: Set(airflow); groups with modify permissions: Set()
[2025-02-20T07:03:48.686+0000] {spark_submit.py:641} INFO - 25/02/20 07:03:48 INFO Utils: Successfully started service 'sparkDriver' on port 45723.
[2025-02-20T07:03:48.730+0000] {spark_submit.py:641} INFO - 25/02/20 07:03:48 INFO SparkEnv: Registering MapOutputTracker
[2025-02-20T07:03:48.772+0000] {spark_submit.py:641} INFO - 25/02/20 07:03:48 INFO SparkEnv: Registering BlockManagerMaster
[2025-02-20T07:03:48.800+0000] {spark_submit.py:641} INFO - 25/02/20 07:03:48 INFO BlockManagerMasterEndpoint: Using org.apache.spark.storage.DefaultTopologyMapper for getting topology information
[2025-02-20T07:03:48.802+0000] {spark_submit.py:641} INFO - 25/02/20 07:03:48 INFO BlockManagerMasterEndpoint: BlockManagerMasterEndpoint up
[2025-02-20T07:03:48.810+0000] {spark_submit.py:641} INFO - 25/02/20 07:03:48 INFO SparkEnv: Registering BlockManagerMasterHeartbeat
[2025-02-20T07:03:48.840+0000] {spark_submit.py:641} INFO - 25/02/20 07:03:48 INFO DiskBlockManager: Created local directory at /tmp/blockmgr-e5fe5b48-5d16-4189-bf7d-cd3675db7839
[2025-02-20T07:03:48.857+0000] {spark_submit.py:641} INFO - 25/02/20 07:03:48 INFO MemoryStore: MemoryStore started with capacity 434.4 MiB
[2025-02-20T07:03:48.880+0000] {spark_submit.py:641} INFO - 25/02/20 07:03:48 INFO SparkEnv: Registering OutputCommitCoordinator
[2025-02-20T07:03:49.109+0000] {spark_submit.py:641} INFO - 25/02/20 07:03:49 INFO Utils: Successfully started service 'SparkUI' on port 4040.
[2025-02-20T07:03:49.170+0000] {spark_submit.py:641} INFO - 25/02/20 07:03:49 INFO SparkContext: Added JAR /spark-scripts/jars/postgresql-42.2.18.jar at spark://***-airflow-scheduler:45723/jars/postgresql-42.2.18.jar with timestamp 1740035028287
[2025-02-20T07:03:49.173+0000] {spark_submit.py:641} INFO - 25/02/20 07:03:49 INFO SparkContext: Added file file:///home/airflow/.ivy2/jars/org.postgresql_postgresql-42.2.18.jar at file:///home/airflow/.ivy2/jars/org.postgresql_postgresql-42.2.18.jar with timestamp 1740035028287
[2025-02-20T07:03:49.175+0000] {spark_submit.py:641} INFO - 25/02/20 07:03:49 INFO Utils: Copying /home/airflow/.ivy2/jars/org.postgresql_postgresql-42.2.18.jar to /tmp/spark-e5abaa4d-dfb5-4148-a160-7a9ffcda8c77/userFiles-a08d587d-5c2a-4a0f-bcfe-9a9dbf8c3523/org.postgresql_postgresql-42.2.18.jar
[2025-02-20T07:03:49.225+0000] {spark_submit.py:641} INFO - 25/02/20 07:03:49 INFO SparkContext: Added file file:///home/airflow/.ivy2/jars/org.checkerframework_checker-qual-3.5.0.jar at file:///home/airflow/.ivy2/jars/org.checkerframework_checker-qual-3.5.0.jar with timestamp 1740035028287
[2025-02-20T07:03:49.228+0000] {spark_submit.py:641} INFO - 25/02/20 07:03:49 INFO Utils: Copying /home/airflow/.ivy2/jars/org.checkerframework_checker-qual-3.5.0.jar to /tmp/spark-e5abaa4d-dfb5-4148-a160-7a9ffcda8c77/userFiles-a08d587d-5c2a-4a0f-bcfe-9a9dbf8c3523/org.checkerframework_checker-qual-3.5.0.jar
[2025-02-20T07:03:49.347+0000] {spark_submit.py:641} INFO - 25/02/20 07:03:49 INFO Executor: Starting executor ID driver on host ***-airflow-scheduler
[2025-02-20T07:03:49.356+0000] {spark_submit.py:641} INFO - 25/02/20 07:03:49 INFO Executor: Starting executor with user classpath (userClassPathFirst = false): ''
[2025-02-20T07:03:49.371+0000] {spark_submit.py:641} INFO - 25/02/20 07:03:49 INFO Executor: Fetching file:///home/airflow/.ivy2/jars/org.postgresql_postgresql-42.2.18.jar with timestamp 1740035028287
[2025-02-20T07:03:49.410+0000] {spark_submit.py:641} INFO - 25/02/20 07:03:49 INFO Utils: /home/airflow/.ivy2/jars/org.postgresql_postgresql-42.2.18.jar has been previously copied to /tmp/spark-e5abaa4d-dfb5-4148-a160-7a9ffcda8c77/userFiles-a08d587d-5c2a-4a0f-bcfe-9a9dbf8c3523/org.postgresql_postgresql-42.2.18.jar
[2025-02-20T07:03:49.425+0000] {spark_submit.py:641} INFO - 25/02/20 07:03:49 INFO Executor: Fetching file:///home/airflow/.ivy2/jars/org.checkerframework_checker-qual-3.5.0.jar with timestamp 1740035028287
[2025-02-20T07:03:49.427+0000] {spark_submit.py:641} INFO - 25/02/20 07:03:49 INFO Utils: /home/airflow/.ivy2/jars/org.checkerframework_checker-qual-3.5.0.jar has been previously copied to /tmp/spark-e5abaa4d-dfb5-4148-a160-7a9ffcda8c77/userFiles-a08d587d-5c2a-4a0f-bcfe-9a9dbf8c3523/org.checkerframework_checker-qual-3.5.0.jar
[2025-02-20T07:03:49.444+0000] {spark_submit.py:641} INFO - 25/02/20 07:03:49 INFO Executor: Fetching spark://***-airflow-scheduler:45723/jars/postgresql-42.2.18.jar with timestamp 1740035028287
[2025-02-20T07:03:49.494+0000] {spark_submit.py:641} INFO - 25/02/20 07:03:49 INFO TransportClientFactory: Successfully created connection to ***-airflow-scheduler/172.19.0.6:45723 after 36 ms (0 ms spent in bootstraps)
[2025-02-20T07:03:49.500+0000] {spark_submit.py:641} INFO - 25/02/20 07:03:49 INFO Utils: Fetching spark://***-airflow-scheduler:45723/jars/postgresql-42.2.18.jar to /tmp/spark-e5abaa4d-dfb5-4148-a160-7a9ffcda8c77/userFiles-a08d587d-5c2a-4a0f-bcfe-9a9dbf8c3523/fetchFileTemp2692320833102025687.tmp
[2025-02-20T07:03:49.620+0000] {spark_submit.py:641} INFO - 25/02/20 07:03:49 INFO Executor: Adding file:/tmp/spark-e5abaa4d-dfb5-4148-a160-7a9ffcda8c77/userFiles-a08d587d-5c2a-4a0f-bcfe-9a9dbf8c3523/postgresql-42.2.18.jar to class loader
[2025-02-20T07:03:49.631+0000] {spark_submit.py:641} INFO - 25/02/20 07:03:49 INFO Utils: Successfully started service 'org.apache.spark.network.netty.NettyBlockTransferService' on port 33107.
[2025-02-20T07:03:49.633+0000] {spark_submit.py:641} INFO - 25/02/20 07:03:49 INFO NettyBlockTransferService: Server created on ***-airflow-scheduler:33107
[2025-02-20T07:03:49.635+0000] {spark_submit.py:641} INFO - 25/02/20 07:03:49 INFO BlockManager: Using org.apache.spark.storage.RandomBlockReplicationPolicy for block replication policy
[2025-02-20T07:03:49.643+0000] {spark_submit.py:641} INFO - 25/02/20 07:03:49 INFO BlockManagerMaster: Registering BlockManager BlockManagerId(driver, ***-airflow-scheduler, 33107, None)
[2025-02-20T07:03:49.649+0000] {spark_submit.py:641} INFO - 25/02/20 07:03:49 INFO BlockManagerMasterEndpoint: Registering block manager ***-airflow-scheduler:33107 with 434.4 MiB RAM, BlockManagerId(driver, ***-airflow-scheduler, 33107, None)
[2025-02-20T07:03:49.652+0000] {spark_submit.py:641} INFO - 25/02/20 07:03:49 INFO BlockManagerMaster: Registered BlockManager BlockManagerId(driver, ***-airflow-scheduler, 33107, None)
[2025-02-20T07:03:49.654+0000] {spark_submit.py:641} INFO - 25/02/20 07:03:49 INFO BlockManager: Initialized BlockManager: BlockManagerId(driver, ***-airflow-scheduler, 33107, None)
[2025-02-20T07:03:58.765+0000] {spark_submit.py:641} INFO - Extract daata berhasil.
[2025-02-20T07:03:59.137+0000] {taskinstance.py:341} INFO - ::group::Post task execution logs
[2025-02-20T07:03:59.142+0000] {taskinstance.py:353} INFO - Marking task as SUCCESS. dag_id=***_v2_etl_dag, task_id=extract_task, run_id=manual__2025-02-20T07:03:36.257490+00:00, execution_date=20250220T070336, start_date=20250220T070342, end_date=20250220T070359
[2025-02-20T07:03:59.263+0000] {local_task_job_runner.py:266} INFO - Task exited with return code 0
[2025-02-20T07:03:59.306+0000] {taskinstance.py:3901} INFO - 0 downstream tasks scheduled from follow-on schedule check
[2025-02-20T07:03:59.309+0000] {local_task_job_runner.py:245} INFO - ::endgroup::
