[2025-02-23T18:21:16.413+0000] {local_task_job_runner.py:123} INFO - ::group::Pre task execution logs
[2025-02-23T18:21:16.447+0000] {taskinstance.py:2614} INFO - Dependencies all met for dep_context=non-requeueable deps ti=<TaskInstance: finprode8_v2_etl_dag.load_task manual__2025-02-23T18:20:44.701707+00:00 [queued]>
[2025-02-23T18:21:16.465+0000] {taskinstance.py:2614} INFO - Dependencies all met for dep_context=requeueable deps ti=<TaskInstance: finprode8_v2_etl_dag.load_task manual__2025-02-23T18:20:44.701707+00:00 [queued]>
[2025-02-23T18:21:16.467+0000] {taskinstance.py:2867} INFO - Starting attempt 1 of 1
[2025-02-23T18:21:16.486+0000] {taskinstance.py:2890} INFO - Executing <Task(SparkSubmitOperator): load_task> on 2025-02-23 18:20:44.701707+00:00
[2025-02-23T18:21:16.493+0000] {standard_task_runner.py:72} INFO - Started process 8542 to run task
[2025-02-23T18:21:16.497+0000] {standard_task_runner.py:104} INFO - Running: ['airflow', 'tasks', 'run', '***_v2_etl_dag', 'load_task', 'manual__2025-02-23T18:20:44.701707+00:00', '--job-id', '34', '--raw', '--subdir', 'DAGS_FOLDER/***_v2_etl_dag.py', '--cfg-path', '/tmp/tmpp0whah21']
[2025-02-23T18:21:16.501+0000] {standard_task_runner.py:105} INFO - Job 34: Subtask load_task
[2025-02-23T18:21:16.525+0000] {logging_mixin.py:190} WARNING - /home/airflow/.local/lib/python3.9/site-packages/airflow/settings.py:209 DeprecationWarning: The sql_alchemy_conn option in [core] has been moved to the sql_alchemy_conn option in [database] - the old setting has been used, but please update your config.
[2025-02-23T18:21:16.594+0000] {task_command.py:467} INFO - Running <TaskInstance: finprode8_v2_etl_dag.load_task manual__2025-02-23T18:20:44.701707+00:00 [running]> on host ***-airflow-scheduler
[2025-02-23T18:21:16.704+0000] {taskinstance.py:3134} INFO - Exporting env vars: AIRFLOW_CTX_DAG_OWNER='ratih malini' AIRFLOW_CTX_DAG_ID='***_v2_etl_dag' AIRFLOW_CTX_TASK_ID='load_task' AIRFLOW_CTX_EXECUTION_DATE='2025-02-23T18:20:44.701707+00:00' AIRFLOW_CTX_TRY_NUMBER='1' AIRFLOW_CTX_DAG_RUN_ID='manual__2025-02-23T18:20:44.701707+00:00'
[2025-02-23T18:21:16.708+0000] {taskinstance.py:732} INFO - ::endgroup::
[2025-02-23T18:21:16.739+0000] {base.py:84} INFO - Retrieving connection 'spark_main'
[2025-02-23T18:21:16.743+0000] {spark_submit.py:474} INFO - Spark-Submit cmd: spark-submit --master spark://***-spark-master:7077 --packages org.postgresql:postgresql:42.2.18 --name arrow-spark /spark-scripts/***_v2_load.py
[2025-02-23T18:21:18.213+0000] {spark_submit.py:641} INFO - :: loading settings :: url = jar:file:/home/airflow/.local/lib/python3.9/site-packages/pyspark/jars/ivy-2.5.1.jar!/org/apache/ivy/core/settings/ivysettings.xml
[2025-02-23T18:21:18.309+0000] {spark_submit.py:641} INFO - Ivy Default Cache set to: /home/airflow/.ivy2/cache
[2025-02-23T18:21:18.312+0000] {spark_submit.py:641} INFO - The jars for the packages stored in: /home/airflow/.ivy2/jars
[2025-02-23T18:21:18.315+0000] {spark_submit.py:641} INFO - org.postgresql#postgresql added as a dependency
[2025-02-23T18:21:18.317+0000] {spark_submit.py:641} INFO - :: resolving dependencies :: org.apache.spark#spark-submit-parent-5568ecc1-e76f-4af2-8eef-aaf285db72ce;1.0
[2025-02-23T18:21:18.319+0000] {spark_submit.py:641} INFO - confs: [default]
[2025-02-23T18:21:18.435+0000] {spark_submit.py:641} INFO - found org.postgresql#postgresql;42.2.18 in central
[2025-02-23T18:21:18.463+0000] {spark_submit.py:641} INFO - found org.checkerframework#checker-qual;3.5.0 in central
[2025-02-23T18:21:18.480+0000] {spark_submit.py:641} INFO - :: resolution report :: resolve 157ms :: artifacts dl 6ms
[2025-02-23T18:21:18.482+0000] {spark_submit.py:641} INFO - :: modules in use:
[2025-02-23T18:21:18.484+0000] {spark_submit.py:641} INFO - org.checkerframework#checker-qual;3.5.0 from central in [default]
[2025-02-23T18:21:18.486+0000] {spark_submit.py:641} INFO - org.postgresql#postgresql;42.2.18 from central in [default]
[2025-02-23T18:21:18.488+0000] {spark_submit.py:641} INFO - ---------------------------------------------------------------------
[2025-02-23T18:21:18.491+0000] {spark_submit.py:641} INFO - |                  |            modules            ||   artifacts   |
[2025-02-23T18:21:18.493+0000] {spark_submit.py:641} INFO - |       conf       | number| search|dwnlded|evicted|| number|dwnlded|
[2025-02-23T18:21:18.495+0000] {spark_submit.py:641} INFO - ---------------------------------------------------------------------
[2025-02-23T18:21:18.497+0000] {spark_submit.py:641} INFO - |      default     |   2   |   0   |   0   |   0   ||   2   |   0   |
[2025-02-23T18:21:18.500+0000] {spark_submit.py:641} INFO - ---------------------------------------------------------------------
[2025-02-23T18:21:18.502+0000] {spark_submit.py:641} INFO - :: retrieving :: org.apache.spark#spark-submit-parent-5568ecc1-e76f-4af2-8eef-aaf285db72ce
[2025-02-23T18:21:18.504+0000] {spark_submit.py:641} INFO - confs: [default]
[2025-02-23T18:21:18.506+0000] {spark_submit.py:641} INFO - 0 artifacts copied, 2 already retrieved (0kB/5ms)
[2025-02-23T18:21:18.743+0000] {spark_submit.py:641} INFO - 25/02/23 18:21:18 WARN NativeCodeLoader: Unable to load native-hadoop library for your platform... using builtin-java classes where applicable
[2025-02-23T18:21:19.842+0000] {spark_submit.py:641} INFO - 25/02/23 18:21:19 INFO SparkContext: Running Spark version 3.3.2
[2025-02-23T18:21:19.876+0000] {spark_submit.py:641} INFO - 25/02/23 18:21:19 INFO ResourceUtils: ==============================================================
[2025-02-23T18:21:19.878+0000] {spark_submit.py:641} INFO - 25/02/23 18:21:19 INFO ResourceUtils: No custom resources configured for spark.driver.
[2025-02-23T18:21:19.882+0000] {spark_submit.py:641} INFO - 25/02/23 18:21:19 INFO ResourceUtils: ==============================================================
[2025-02-23T18:21:19.884+0000] {spark_submit.py:641} INFO - 25/02/23 18:21:19 INFO SparkContext: Submitted application: ***_load
[2025-02-23T18:21:19.907+0000] {spark_submit.py:641} INFO - 25/02/23 18:21:19 INFO ResourceProfile: Default ResourceProfile created, executor resources: Map(cores -> name: cores, amount: 1, script: , vendor: , memory -> name: memory, amount: 1024, script: , vendor: , offHeap -> name: offHeap, amount: 0, script: , vendor: ), task resources: Map(cpus -> name: cpus, amount: 1.0)
[2025-02-23T18:21:19.917+0000] {spark_submit.py:641} INFO - 25/02/23 18:21:19 INFO ResourceProfile: Limiting resource is cpu
[2025-02-23T18:21:19.919+0000] {spark_submit.py:641} INFO - 25/02/23 18:21:19 INFO ResourceProfileManager: Added ResourceProfile id: 0
[2025-02-23T18:21:19.961+0000] {spark_submit.py:641} INFO - 25/02/23 18:21:19 INFO SecurityManager: Changing view acls to: airflow
[2025-02-23T18:21:19.964+0000] {spark_submit.py:641} INFO - 25/02/23 18:21:19 INFO SecurityManager: Changing modify acls to: airflow
[2025-02-23T18:21:19.966+0000] {spark_submit.py:641} INFO - 25/02/23 18:21:19 INFO SecurityManager: Changing view acls groups to:
[2025-02-23T18:21:19.968+0000] {spark_submit.py:641} INFO - 25/02/23 18:21:19 INFO SecurityManager: Changing modify acls groups to:
[2025-02-23T18:21:19.970+0000] {spark_submit.py:641} INFO - 25/02/23 18:21:19 INFO SecurityManager: SecurityManager: authentication disabled; ui acls disabled; users  with view permissions: Set(airflow); groups with view permissions: Set(); users  with modify permissions: Set(airflow); groups with modify permissions: Set()
[2025-02-23T18:21:20.204+0000] {spark_submit.py:641} INFO - 25/02/23 18:21:20 INFO Utils: Successfully started service 'sparkDriver' on port 43653.
[2025-02-23T18:21:20.229+0000] {spark_submit.py:641} INFO - 25/02/23 18:21:20 INFO SparkEnv: Registering MapOutputTracker
[2025-02-23T18:21:20.263+0000] {spark_submit.py:641} INFO - 25/02/23 18:21:20 INFO SparkEnv: Registering BlockManagerMaster
[2025-02-23T18:21:20.280+0000] {spark_submit.py:641} INFO - 25/02/23 18:21:20 INFO BlockManagerMasterEndpoint: Using org.apache.spark.storage.DefaultTopologyMapper for getting topology information
[2025-02-23T18:21:20.282+0000] {spark_submit.py:641} INFO - 25/02/23 18:21:20 INFO BlockManagerMasterEndpoint: BlockManagerMasterEndpoint up
[2025-02-23T18:21:20.287+0000] {spark_submit.py:641} INFO - 25/02/23 18:21:20 INFO SparkEnv: Registering BlockManagerMasterHeartbeat
[2025-02-23T18:21:20.321+0000] {spark_submit.py:641} INFO - 25/02/23 18:21:20 INFO DiskBlockManager: Created local directory at /tmp/blockmgr-54f49b0b-e848-4a81-af08-a0884bd41dc8
[2025-02-23T18:21:20.338+0000] {spark_submit.py:641} INFO - 25/02/23 18:21:20 INFO MemoryStore: MemoryStore started with capacity 434.4 MiB
[2025-02-23T18:21:20.354+0000] {spark_submit.py:641} INFO - 25/02/23 18:21:20 INFO SparkEnv: Registering OutputCommitCoordinator
[2025-02-23T18:21:20.562+0000] {spark_submit.py:641} INFO - 25/02/23 18:21:20 INFO Utils: Successfully started service 'SparkUI' on port 4040.
[2025-02-23T18:21:20.598+0000] {spark_submit.py:641} INFO - 25/02/23 18:21:20 INFO SparkContext: Added JAR file:///home/airflow/.ivy2/jars/org.postgresql_postgresql-42.2.18.jar at spark://***-airflow-scheduler:43653/jars/org.postgresql_postgresql-42.2.18.jar with timestamp 1740334879828
[2025-02-23T18:21:20.600+0000] {spark_submit.py:641} INFO - 25/02/23 18:21:20 INFO SparkContext: Added JAR file:///home/airflow/.ivy2/jars/org.checkerframework_checker-qual-3.5.0.jar at spark://***-airflow-scheduler:43653/jars/org.checkerframework_checker-qual-3.5.0.jar with timestamp 1740334879828
[2025-02-23T18:21:20.602+0000] {spark_submit.py:641} INFO - 25/02/23 18:21:20 INFO SparkContext: Added file file:///home/airflow/.ivy2/jars/org.postgresql_postgresql-42.2.18.jar at file:///home/airflow/.ivy2/jars/org.postgresql_postgresql-42.2.18.jar with timestamp 1740334879828
[2025-02-23T18:21:20.603+0000] {spark_submit.py:641} INFO - 25/02/23 18:21:20 INFO Utils: Copying /home/airflow/.ivy2/jars/org.postgresql_postgresql-42.2.18.jar to /tmp/spark-2651e3a4-b110-4dbb-8386-b181f2827d9e/userFiles-a29900f5-e779-462f-aa38-9ecb6b0b6703/org.postgresql_postgresql-42.2.18.jar
[2025-02-23T18:21:20.617+0000] {spark_submit.py:641} INFO - 25/02/23 18:21:20 INFO SparkContext: Added file file:///home/airflow/.ivy2/jars/org.checkerframework_checker-qual-3.5.0.jar at file:///home/airflow/.ivy2/jars/org.checkerframework_checker-qual-3.5.0.jar with timestamp 1740334879828
[2025-02-23T18:21:20.619+0000] {spark_submit.py:641} INFO - 25/02/23 18:21:20 INFO Utils: Copying /home/airflow/.ivy2/jars/org.checkerframework_checker-qual-3.5.0.jar to /tmp/spark-2651e3a4-b110-4dbb-8386-b181f2827d9e/userFiles-a29900f5-e779-462f-aa38-9ecb6b0b6703/org.checkerframework_checker-qual-3.5.0.jar
[2025-02-23T18:21:20.693+0000] {spark_submit.py:641} INFO - 25/02/23 18:21:20 INFO Executor: Starting executor ID driver on host ***-airflow-scheduler
[2025-02-23T18:21:20.701+0000] {spark_submit.py:641} INFO - 25/02/23 18:21:20 INFO Executor: Starting executor with user classpath (userClassPathFirst = false): ''
[2025-02-23T18:21:20.730+0000] {spark_submit.py:641} INFO - 25/02/23 18:21:20 INFO Executor: Fetching file:///home/airflow/.ivy2/jars/org.postgresql_postgresql-42.2.18.jar with timestamp 1740334879828
[2025-02-23T18:21:20.796+0000] {spark_submit.py:641} INFO - 25/02/23 18:21:20 INFO Utils: /home/airflow/.ivy2/jars/org.postgresql_postgresql-42.2.18.jar has been previously copied to /tmp/spark-2651e3a4-b110-4dbb-8386-b181f2827d9e/userFiles-a29900f5-e779-462f-aa38-9ecb6b0b6703/org.postgresql_postgresql-42.2.18.jar
[2025-02-23T18:21:20.803+0000] {spark_submit.py:641} INFO - 25/02/23 18:21:20 INFO Executor: Fetching file:///home/airflow/.ivy2/jars/org.checkerframework_checker-qual-3.5.0.jar with timestamp 1740334879828
[2025-02-23T18:21:20.806+0000] {spark_submit.py:641} INFO - 25/02/23 18:21:20 INFO Utils: /home/airflow/.ivy2/jars/org.checkerframework_checker-qual-3.5.0.jar has been previously copied to /tmp/spark-2651e3a4-b110-4dbb-8386-b181f2827d9e/userFiles-a29900f5-e779-462f-aa38-9ecb6b0b6703/org.checkerframework_checker-qual-3.5.0.jar
[2025-02-23T18:21:20.817+0000] {spark_submit.py:641} INFO - 25/02/23 18:21:20 INFO Executor: Fetching spark://***-airflow-scheduler:43653/jars/org.checkerframework_checker-qual-3.5.0.jar with timestamp 1740334879828
[2025-02-23T18:21:20.869+0000] {spark_submit.py:641} INFO - 25/02/23 18:21:20 INFO TransportClientFactory: Successfully created connection to ***-airflow-scheduler/172.19.0.6:43653 after 36 ms (0 ms spent in bootstraps)
[2025-02-23T18:21:20.880+0000] {spark_submit.py:641} INFO - 25/02/23 18:21:20 INFO Utils: Fetching spark://***-airflow-scheduler:43653/jars/org.checkerframework_checker-qual-3.5.0.jar to /tmp/spark-2651e3a4-b110-4dbb-8386-b181f2827d9e/userFiles-a29900f5-e779-462f-aa38-9ecb6b0b6703/fetchFileTemp2808603920282816476.tmp
[2025-02-23T18:21:20.924+0000] {spark_submit.py:641} INFO - 25/02/23 18:21:20 INFO Utils: /tmp/spark-2651e3a4-b110-4dbb-8386-b181f2827d9e/userFiles-a29900f5-e779-462f-aa38-9ecb6b0b6703/fetchFileTemp2808603920282816476.tmp has been previously copied to /tmp/spark-2651e3a4-b110-4dbb-8386-b181f2827d9e/userFiles-a29900f5-e779-462f-aa38-9ecb6b0b6703/org.checkerframework_checker-qual-3.5.0.jar
[2025-02-23T18:21:20.934+0000] {spark_submit.py:641} INFO - 25/02/23 18:21:20 INFO Executor: Adding file:/tmp/spark-2651e3a4-b110-4dbb-8386-b181f2827d9e/userFiles-a29900f5-e779-462f-aa38-9ecb6b0b6703/org.checkerframework_checker-qual-3.5.0.jar to class loader
[2025-02-23T18:21:20.936+0000] {spark_submit.py:641} INFO - 25/02/23 18:21:20 INFO Executor: Fetching spark://***-airflow-scheduler:43653/jars/org.postgresql_postgresql-42.2.18.jar with timestamp 1740334879828
[2025-02-23T18:21:20.937+0000] {spark_submit.py:641} INFO - 25/02/23 18:21:20 INFO Utils: Fetching spark://***-airflow-scheduler:43653/jars/org.postgresql_postgresql-42.2.18.jar to /tmp/spark-2651e3a4-b110-4dbb-8386-b181f2827d9e/userFiles-a29900f5-e779-462f-aa38-9ecb6b0b6703/fetchFileTemp5572521844512163480.tmp
[2025-02-23T18:21:20.945+0000] {spark_submit.py:641} INFO - 25/02/23 18:21:20 INFO Utils: /tmp/spark-2651e3a4-b110-4dbb-8386-b181f2827d9e/userFiles-a29900f5-e779-462f-aa38-9ecb6b0b6703/fetchFileTemp5572521844512163480.tmp has been previously copied to /tmp/spark-2651e3a4-b110-4dbb-8386-b181f2827d9e/userFiles-a29900f5-e779-462f-aa38-9ecb6b0b6703/org.postgresql_postgresql-42.2.18.jar
[2025-02-23T18:21:20.952+0000] {spark_submit.py:641} INFO - 25/02/23 18:21:20 INFO Executor: Adding file:/tmp/spark-2651e3a4-b110-4dbb-8386-b181f2827d9e/userFiles-a29900f5-e779-462f-aa38-9ecb6b0b6703/org.postgresql_postgresql-42.2.18.jar to class loader
[2025-02-23T18:21:20.959+0000] {spark_submit.py:641} INFO - 25/02/23 18:21:20 INFO Utils: Successfully started service 'org.apache.spark.network.netty.NettyBlockTransferService' on port 38111.
[2025-02-23T18:21:20.962+0000] {spark_submit.py:641} INFO - 25/02/23 18:21:20 INFO NettyBlockTransferService: Server created on ***-airflow-scheduler:38111
[2025-02-23T18:21:20.964+0000] {spark_submit.py:641} INFO - 25/02/23 18:21:20 INFO BlockManager: Using org.apache.spark.storage.RandomBlockReplicationPolicy for block replication policy
[2025-02-23T18:21:20.970+0000] {spark_submit.py:641} INFO - 25/02/23 18:21:20 INFO BlockManagerMaster: Registering BlockManager BlockManagerId(driver, ***-airflow-scheduler, 38111, None)
[2025-02-23T18:21:20.974+0000] {spark_submit.py:641} INFO - 25/02/23 18:21:20 INFO BlockManagerMasterEndpoint: Registering block manager ***-airflow-scheduler:38111 with 434.4 MiB RAM, BlockManagerId(driver, ***-airflow-scheduler, 38111, None)
[2025-02-23T18:21:20.977+0000] {spark_submit.py:641} INFO - 25/02/23 18:21:20 INFO BlockManagerMaster: Registered BlockManager BlockManagerId(driver, ***-airflow-scheduler, 38111, None)
[2025-02-23T18:21:20.981+0000] {spark_submit.py:641} INFO - 25/02/23 18:21:20 INFO BlockManager: Initialized BlockManager: BlockManagerId(driver, ***-airflow-scheduler, 38111, None)
[2025-02-23T18:21:27.371+0000] {spark_submit.py:641} INFO - Jumlah baris dalam DataFrame: 17415
[2025-02-23T18:21:27.372+0000] {spark_submit.py:641} INFO - Load data berhasil.
[2025-02-23T18:21:27.817+0000] {taskinstance.py:341} INFO - ::group::Post task execution logs
[2025-02-23T18:21:27.820+0000] {taskinstance.py:353} INFO - Marking task as SUCCESS. dag_id=***_v2_etl_dag, task_id=load_task, run_id=manual__2025-02-23T18:20:44.701707+00:00, execution_date=20250223T182044, start_date=20250223T182116, end_date=20250223T182127
[2025-02-23T18:21:27.900+0000] {local_task_job_runner.py:266} INFO - Task exited with return code 0
[2025-02-23T18:21:27.924+0000] {taskinstance.py:3901} INFO - 0 downstream tasks scheduled from follow-on schedule check
[2025-02-23T18:21:27.929+0000] {local_task_job_runner.py:245} INFO - ::endgroup::
