[2025-02-21T20:19:50.658+0000] {local_task_job_runner.py:123} INFO - ::group::Pre task execution logs
[2025-02-21T20:19:50.678+0000] {taskinstance.py:2614} INFO - Dependencies all met for dep_context=non-requeueable deps ti=<TaskInstance: finprode8_v2_etl_dag.transform_task manual__2025-02-21T20:07:47.207700+00:00 [queued]>
[2025-02-21T20:19:50.691+0000] {taskinstance.py:2614} INFO - Dependencies all met for dep_context=requeueable deps ti=<TaskInstance: finprode8_v2_etl_dag.transform_task manual__2025-02-21T20:07:47.207700+00:00 [queued]>
[2025-02-21T20:19:50.694+0000] {taskinstance.py:2867} INFO - Starting attempt 6 of 6
[2025-02-21T20:19:50.710+0000] {taskinstance.py:2890} INFO - Executing <Task(SparkSubmitOperator): transform_task> on 2025-02-21 20:07:47.207700+00:00
[2025-02-21T20:19:50.716+0000] {standard_task_runner.py:72} INFO - Started process 8298 to run task
[2025-02-21T20:19:50.719+0000] {standard_task_runner.py:104} INFO - Running: ['airflow', 'tasks', 'run', '***_v2_etl_dag', 'transform_task', 'manual__2025-02-21T20:07:47.207700+00:00', '--job-id', '76', '--raw', '--subdir', 'DAGS_FOLDER/***_v2_etl_dag.py', '--cfg-path', '/tmp/tmplesq_v9p']
[2025-02-21T20:19:50.723+0000] {standard_task_runner.py:105} INFO - Job 76: Subtask transform_task
[2025-02-21T20:19:50.741+0000] {logging_mixin.py:190} WARNING - /home/airflow/.local/lib/python3.9/site-packages/airflow/settings.py:209 DeprecationWarning: The sql_alchemy_conn option in [core] has been moved to the sql_alchemy_conn option in [database] - the old setting has been used, but please update your config.
[2025-02-21T20:19:50.779+0000] {task_command.py:467} INFO - Running <TaskInstance: finprode8_v2_etl_dag.transform_task manual__2025-02-21T20:07:47.207700+00:00 [running]> on host ***-airflow-scheduler
[2025-02-21T20:19:50.862+0000] {taskinstance.py:3134} INFO - Exporting env vars: AIRFLOW_CTX_DAG_OWNER='ratih malini' AIRFLOW_CTX_DAG_ID='***_v2_etl_dag' AIRFLOW_CTX_TASK_ID='transform_task' AIRFLOW_CTX_EXECUTION_DATE='2025-02-21T20:07:47.207700+00:00' AIRFLOW_CTX_TRY_NUMBER='6' AIRFLOW_CTX_DAG_RUN_ID='manual__2025-02-21T20:07:47.207700+00:00'
[2025-02-21T20:19:50.865+0000] {taskinstance.py:732} INFO - ::endgroup::
[2025-02-21T20:19:50.905+0000] {base.py:84} INFO - Retrieving connection 'spark_main'
[2025-02-21T20:19:50.908+0000] {spark_submit.py:474} INFO - Spark-Submit cmd: spark-submit --master spark://***-spark-master:7077 --name arrow-spark /spark-scripts/***_v2_transform.py
[2025-02-21T20:19:54.288+0000] {spark_submit.py:641} INFO - 25/02/21 20:19:54 INFO SparkContext: Running Spark version 3.3.2
[2025-02-21T20:19:54.370+0000] {spark_submit.py:641} INFO - 25/02/21 20:19:54 WARN NativeCodeLoader: Unable to load native-hadoop library for your platform... using builtin-java classes where applicable
[2025-02-21T20:19:54.470+0000] {spark_submit.py:641} INFO - 25/02/21 20:19:54 INFO ResourceUtils: ==============================================================
[2025-02-21T20:19:54.472+0000] {spark_submit.py:641} INFO - 25/02/21 20:19:54 INFO ResourceUtils: No custom resources configured for spark.driver.
[2025-02-21T20:19:54.473+0000] {spark_submit.py:641} INFO - 25/02/21 20:19:54 INFO ResourceUtils: ==============================================================
[2025-02-21T20:19:54.474+0000] {spark_submit.py:641} INFO - 25/02/21 20:19:54 INFO SparkContext: Submitted application: ***_transform
[2025-02-21T20:19:54.498+0000] {spark_submit.py:641} INFO - 25/02/21 20:19:54 INFO ResourceProfile: Default ResourceProfile created, executor resources: Map(cores -> name: cores, amount: 1, script: , vendor: , memory -> name: memory, amount: 1024, script: , vendor: , offHeap -> name: offHeap, amount: 0, script: , vendor: ), task resources: Map(cpus -> name: cpus, amount: 1.0)
[2025-02-21T20:19:54.509+0000] {spark_submit.py:641} INFO - 25/02/21 20:19:54 INFO ResourceProfile: Limiting resource is cpu
[2025-02-21T20:19:54.511+0000] {spark_submit.py:641} INFO - 25/02/21 20:19:54 INFO ResourceProfileManager: Added ResourceProfile id: 0
[2025-02-21T20:19:54.565+0000] {spark_submit.py:641} INFO - 25/02/21 20:19:54 INFO SecurityManager: Changing view acls to: airflow
[2025-02-21T20:19:54.567+0000] {spark_submit.py:641} INFO - 25/02/21 20:19:54 INFO SecurityManager: Changing modify acls to: airflow
[2025-02-21T20:19:54.568+0000] {spark_submit.py:641} INFO - 25/02/21 20:19:54 INFO SecurityManager: Changing view acls groups to:
[2025-02-21T20:19:54.569+0000] {spark_submit.py:641} INFO - 25/02/21 20:19:54 INFO SecurityManager: Changing modify acls groups to:
[2025-02-21T20:19:54.570+0000] {spark_submit.py:641} INFO - 25/02/21 20:19:54 INFO SecurityManager: SecurityManager: authentication disabled; ui acls disabled; users  with view permissions: Set(airflow); groups with view permissions: Set(); users  with modify permissions: Set(airflow); groups with modify permissions: Set()
[2025-02-21T20:19:54.839+0000] {spark_submit.py:641} INFO - 25/02/21 20:19:54 INFO Utils: Successfully started service 'sparkDriver' on port 33161.
[2025-02-21T20:19:54.885+0000] {spark_submit.py:641} INFO - 25/02/21 20:19:54 INFO SparkEnv: Registering MapOutputTracker
[2025-02-21T20:19:54.924+0000] {spark_submit.py:641} INFO - 25/02/21 20:19:54 INFO SparkEnv: Registering BlockManagerMaster
[2025-02-21T20:19:54.944+0000] {spark_submit.py:641} INFO - 25/02/21 20:19:54 INFO BlockManagerMasterEndpoint: Using org.apache.spark.storage.DefaultTopologyMapper for getting topology information
[2025-02-21T20:19:54.947+0000] {spark_submit.py:641} INFO - 25/02/21 20:19:54 INFO BlockManagerMasterEndpoint: BlockManagerMasterEndpoint up
[2025-02-21T20:19:54.951+0000] {spark_submit.py:641} INFO - 25/02/21 20:19:54 INFO SparkEnv: Registering BlockManagerMasterHeartbeat
[2025-02-21T20:19:54.983+0000] {spark_submit.py:641} INFO - 25/02/21 20:19:54 INFO DiskBlockManager: Created local directory at /tmp/blockmgr-6c5b38e2-37f6-46dc-aeb7-576def6ee39d
[2025-02-21T20:19:54.999+0000] {spark_submit.py:641} INFO - 25/02/21 20:19:54 INFO MemoryStore: MemoryStore started with capacity 434.4 MiB
[2025-02-21T20:19:55.013+0000] {spark_submit.py:641} INFO - 25/02/21 20:19:55 INFO SparkEnv: Registering OutputCommitCoordinator
[2025-02-21T20:19:55.254+0000] {spark_submit.py:641} INFO - 25/02/21 20:19:55 INFO Utils: Successfully started service 'SparkUI' on port 4040.
[2025-02-21T20:19:55.356+0000] {spark_submit.py:641} INFO - 25/02/21 20:19:55 INFO Executor: Starting executor ID driver on host ***-airflow-scheduler
[2025-02-21T20:19:55.368+0000] {spark_submit.py:641} INFO - 25/02/21 20:19:55 INFO Executor: Starting executor with user classpath (userClassPathFirst = false): ''
[2025-02-21T20:19:55.390+0000] {spark_submit.py:641} INFO - 25/02/21 20:19:55 INFO Utils: Successfully started service 'org.apache.spark.network.netty.NettyBlockTransferService' on port 35885.
[2025-02-21T20:19:55.392+0000] {spark_submit.py:641} INFO - 25/02/21 20:19:55 INFO NettyBlockTransferService: Server created on ***-airflow-scheduler:35885
[2025-02-21T20:19:55.394+0000] {spark_submit.py:641} INFO - 25/02/21 20:19:55 INFO BlockManager: Using org.apache.spark.storage.RandomBlockReplicationPolicy for block replication policy
[2025-02-21T20:19:55.401+0000] {spark_submit.py:641} INFO - 25/02/21 20:19:55 INFO BlockManagerMaster: Registering BlockManager BlockManagerId(driver, ***-airflow-scheduler, 35885, None)
[2025-02-21T20:19:55.406+0000] {spark_submit.py:641} INFO - 25/02/21 20:19:55 INFO BlockManagerMasterEndpoint: Registering block manager ***-airflow-scheduler:35885 with 434.4 MiB RAM, BlockManagerId(driver, ***-airflow-scheduler, 35885, None)
[2025-02-21T20:19:55.408+0000] {spark_submit.py:641} INFO - 25/02/21 20:19:55 INFO BlockManagerMaster: Registered BlockManager BlockManagerId(driver, ***-airflow-scheduler, 35885, None)
[2025-02-21T20:19:55.410+0000] {spark_submit.py:641} INFO - 25/02/21 20:19:55 INFO BlockManager: Initialized BlockManager: BlockManagerId(driver, ***-airflow-scheduler, 35885, None)
[2025-02-21T20:19:58.887+0000] {spark_submit.py:641} INFO - ---------------- MENAMPILKAN BANYAK DATA NULL DI SETIAP KOLOM ----------------
[2025-02-21T20:20:00.798+0000] {spark_submit.py:641} INFO - +----------------+---------------+-----------+--------------+-----------+------------------------+--------------------+--------+-------------------------+----------------------+--------------------------+---------------+-----------------------+
[2025-02-21T20:20:00.800+0000] {spark_submit.py:641} INFO - |employee_id_null|department_null|region_null|education_null|gender_null|recruitment_channel_null|no_of_trainings_null|age_null|previous_year_rating_null|length_of_service_null|KPIs_met_more_than_80_null|awards_won_null|avg_training_score_null|
[2025-02-21T20:20:00.801+0000] {spark_submit.py:641} INFO - +----------------+---------------+-----------+--------------+-----------+------------------------+--------------------+--------+-------------------------+----------------------+--------------------------+---------------+-----------------------+
[2025-02-21T20:20:00.803+0000] {spark_submit.py:641} INFO - |               0|              0|          0|           771|          0|                       0|                   0|       0|                     1363|                     0|                         0|              0|                      0|
[2025-02-21T20:20:00.807+0000] {spark_submit.py:641} INFO - +----------------+---------------+-----------+--------------+-----------+------------------------+--------------------+--------+-------------------------+----------------------+--------------------------+---------------+-----------------------+
[2025-02-21T20:20:00.808+0000] {spark_submit.py:641} INFO - 
[2025-02-21T20:20:00.810+0000] {spark_submit.py:641} INFO - ---------------- NULL HANDLING PADA KOLOM EDUCATION & PREVIOUS_YEAR_RATING ----------------
[2025-02-21T20:20:01.044+0000] {spark_submit.py:641} INFO - +--------------+-------------------------+
[2025-02-21T20:20:01.045+0000] {spark_submit.py:641} INFO - |education_null|previous_year_rating_null|
[2025-02-21T20:20:01.047+0000] {spark_submit.py:641} INFO - +--------------+-------------------------+
[2025-02-21T20:20:01.048+0000] {spark_submit.py:641} INFO - |             0|                        0|
[2025-02-21T20:20:01.049+0000] {spark_submit.py:641} INFO - +--------------+-------------------------+
[2025-02-21T20:20:01.050+0000] {spark_submit.py:641} INFO - 
[2025-02-21T20:20:01.051+0000] {spark_submit.py:641} INFO - ---------------- MENAMPILKAN BANYAK DATA DUPLIKAT BERDASARKAN EMPLOYEE_ID ----------------
[2025-02-21T20:20:01.697+0000] {spark_submit.py:641} INFO - +-----------+------+
[2025-02-21T20:20:01.699+0000] {spark_submit.py:641} INFO - |employee_id|jumlah|
[2025-02-21T20:20:01.700+0000] {spark_submit.py:641} INFO - +-----------+------+
[2025-02-21T20:20:01.701+0000] {spark_submit.py:641} INFO - |      64573|     2|
[2025-02-21T20:20:01.703+0000] {spark_submit.py:641} INFO - |      49584|     3|
[2025-02-21T20:20:01.704+0000] {spark_submit.py:641} INFO - +-----------+------+
[2025-02-21T20:20:01.706+0000] {spark_submit.py:641} INFO - 
[2025-02-21T20:20:01.707+0000] {spark_submit.py:641} INFO - ---------------- MENAMPILKAN SEMUA BARIS DAN KOLOM DARI EMPLOYEE ID YANG DUPLIKAT ----------------
[2025-02-21T20:20:01.999+0000] {spark_submit.py:641} INFO - +-----------+----------+--------+---------+------+-------------------+---------------+---+--------------------+-----------------+---------------------+----------+------------------+
[2025-02-21T20:20:02.001+0000] {spark_submit.py:641} INFO - |employee_id|department|  region|education|gender|recruitment_channel|no_of_trainings|age|previous_year_rating|length_of_service|KPIs_met_more_than_80|awards_won|avg_training_score|
[2025-02-21T20:20:02.002+0000] {spark_submit.py:641} INFO - +-----------+----------+--------+---------+------+-------------------+---------------+---+--------------------+-----------------+---------------------+----------+------------------+
[2025-02-21T20:20:02.003+0000] {spark_submit.py:641} INFO - |      49584|        HR|region_7|Bachelors|     m|              other|              1| 33|                   1|                9|                    0|         0|                51|
[2025-02-21T20:20:02.005+0000] {spark_submit.py:641} INFO - |      49584|        HR|region_7|Bachelors|     m|              other|              1| 33|                   1|                9|                    0|         0|                51|
[2025-02-21T20:20:02.006+0000] {spark_submit.py:641} INFO - |      49584|        HR|region_7|Bachelors|     m|              other|              1| 33|                   1|                9|                    0|         0|                51|
[2025-02-21T20:20:02.007+0000] {spark_submit.py:641} INFO - |      64573|Technology|region_7|Bachelors|     f|           referred|              2| 30|                   5|                6|                    1|         0|                81|
[2025-02-21T20:20:02.008+0000] {spark_submit.py:641} INFO - |      64573|        HR|region_7|Bachelors|     f|           referred|              1| 35|                   5|                4|                    1|         0|                81|
[2025-02-21T20:20:02.009+0000] {spark_submit.py:641} INFO - +-----------+----------+--------+---------+------+-------------------+---------------+---+--------------------+-----------------+---------------------+----------+------------------+
[2025-02-21T20:20:02.010+0000] {spark_submit.py:641} INFO - 
[2025-02-21T20:20:02.011+0000] {spark_submit.py:641} INFO - ---------------- MENAMPILKAN HASIL DARI DATA DUPLIKASI YANG TELAH DIHANDLE BERDASARKAN KOLOM EMPLOYEE_ID DAN DEPARTMENT ----------------
[2025-02-21T20:20:02.483+0000] {spark_submit.py:641} INFO - +-----------+----------+--------+---------+------+-------------------+---------------+---+--------------------+-----------------+---------------------+----------+------------------+
[2025-02-21T20:20:02.484+0000] {spark_submit.py:641} INFO - |employee_id|department|  region|education|gender|recruitment_channel|no_of_trainings|age|previous_year_rating|length_of_service|KPIs_met_more_than_80|awards_won|avg_training_score|
[2025-02-21T20:20:02.485+0000] {spark_submit.py:641} INFO - +-----------+----------+--------+---------+------+-------------------+---------------+---+--------------------+-----------------+---------------------+----------+------------------+
[2025-02-21T20:20:02.487+0000] {spark_submit.py:641} INFO - |      49584|        HR|region_7|Bachelors|     m|              other|              1| 33|                   1|                9|                    0|         0|                51|
[2025-02-21T20:20:02.488+0000] {spark_submit.py:641} INFO - |      64573|        HR|region_7|Bachelors|     f|           referred|              1| 35|                   5|                4|                    1|         0|                81|
[2025-02-21T20:20:02.489+0000] {spark_submit.py:641} INFO - |      64573|Technology|region_7|Bachelors|     f|           referred|              2| 30|                   5|                6|                    1|         0|                81|
[2025-02-21T20:20:02.490+0000] {spark_submit.py:641} INFO - +-----------+----------+--------+---------+------+-------------------+---------------+---+--------------------+-----------------+---------------------+----------+------------------+
[2025-02-21T20:20:02.492+0000] {spark_submit.py:641} INFO - 
[2025-02-21T20:20:03.744+0000] {spark_submit.py:641} INFO - ---------------- MENAMPILKAN DATA HASIL TRASNFORMASI ----------------
[2025-02-21T20:20:04.120+0000] {spark_submit.py:641} INFO - +-----------+-----------------+---------+---------------+------+-------------------+---------------+---+--------------------+-----------------+---------------------+----------+------------------+
[2025-02-21T20:20:04.121+0000] {spark_submit.py:641} INFO - |employee_id|       department|   region|      education|gender|recruitment_channel|no_of_trainings|age|previous_year_rating|length_of_service|KPIs_met_more_than_80|awards_won|avg_training_score|
[2025-02-21T20:20:04.123+0000] {spark_submit.py:641} INFO - +-----------+-----------------+---------+---------------+------+-------------------+---------------+---+--------------------+-----------------+---------------------+----------+------------------+
[2025-02-21T20:20:04.125+0000] {spark_submit.py:641} INFO - |          3|      Procurement|region_22|Masters & above|     f|              other|              1| 38|                   5|                4|                    1|         0|                67|
[2025-02-21T20:20:04.126+0000] {spark_submit.py:641} INFO - |          6|Sales & Marketing|region_15|      Bachelors|     f|              other|              1| 38|                   3|               10|                    0|         0|                50|
[2025-02-21T20:20:04.127+0000] {spark_submit.py:641} INFO - |         11|       Technology| region_4|Masters & above|     f|           sourcing|              1| 39|                   4|               12|                    1|         0|                72|
[2025-02-21T20:20:04.128+0000] {spark_submit.py:641} INFO - |         13|Sales & Marketing|region_17|      Bachelors|     m|              other|              1| 38|                   1|                5|                    1|         0|                47|
[2025-02-21T20:20:04.130+0000] {spark_submit.py:641} INFO - |         16|Sales & Marketing| region_4|Masters & above|     m|           sourcing|              1| 40|                   5|                5|                    0|         0|                53|
[2025-02-21T20:20:04.131+0000] {spark_submit.py:641} INFO - +-----------+-----------------+---------+---------------+------+-------------------+---------------+---+--------------------+-----------------+---------------------+----------+------------------+
[2025-02-21T20:20:04.132+0000] {spark_submit.py:641} INFO - only showing top 5 rows
[2025-02-21T20:20:04.133+0000] {spark_submit.py:641} INFO - 
[2025-02-21T20:20:04.448+0000] {spark_submit.py:641} INFO - Jumlah baris dalam DataFrame : 17415
[2025-02-21T20:20:04.454+0000] {spark_submit.py:641} INFO - Isi folder data/transformed.parquet :
[2025-02-21T20:20:04.455+0000] {spark_submit.py:641} INFO - ['part-00000-6d6ee0e8-f1cf-414f-ac3c-510dcdb5aa55-c000.snappy.parquet', '.part-00000-6d6ee0e8-f1cf-414f-ac3c-510dcdb5aa55-c000.snappy.parquet.crc', '_SUCCESS', '._SUCCESS.crc']
[2025-02-21T20:20:04.456+0000] {spark_submit.py:641} INFO - Transform data berhasil.
[2025-02-21T20:20:04.930+0000] {spark_submit.py:641} INFO - +-----------+-----------------+---------+---------------+------+-------------------+---------------+---+--------------------+-----------------+---------------------+----------+------------------+-------------+--------------+
[2025-02-21T20:20:04.938+0000] {spark_submit.py:641} INFO - |employee_id|       department|   region|      education|gender|recruitment_channel|no_of_trainings|age|previous_year_rating|length_of_service|KPIs_met_more_than_80|awards_won|avg_training_score|department_id|rec_channel_id|
[2025-02-21T20:20:04.939+0000] {spark_submit.py:641} INFO - +-----------+-----------------+---------+---------------+------+-------------------+---------------+---+--------------------+-----------------+---------------------+----------+------------------+-------------+--------------+
[2025-02-21T20:20:04.940+0000] {spark_submit.py:641} INFO - |          3|      Procurement|region_22|Masters & above|     f|              other|              1| 38|                   5|                4|                    1|         0|                67|       Active|             3|
[2025-02-21T20:20:04.941+0000] {spark_submit.py:641} INFO - |          6|Sales & Marketing|region_15|      Bachelors|     f|              other|              1| 38|                   3|               10|                    0|         0|                50|       Active|             3|
[2025-02-21T20:20:04.943+0000] {spark_submit.py:641} INFO - |         11|       Technology| region_4|Masters & above|     f|           sourcing|              1| 39|                   4|               12|                    1|         0|                72|       Active|             1|
[2025-02-21T20:20:04.944+0000] {spark_submit.py:641} INFO - |         13|Sales & Marketing|region_17|      Bachelors|     m|              other|              1| 38|                   1|                5|                    1|         0|                47|       Active|             3|
[2025-02-21T20:20:04.945+0000] {spark_submit.py:641} INFO - |         16|Sales & Marketing| region_4|Masters & above|     m|           sourcing|              1| 40|                   5|                5|                    0|         0|                53|       Active|             1|
[2025-02-21T20:20:04.947+0000] {spark_submit.py:641} INFO - |         17|Sales & Marketing| region_7|      Bachelors|     m|           sourcing|              1| 50|                   5|               13|                    0|         0|                47|       Active|             1|
[2025-02-21T20:20:04.948+0000] {spark_submit.py:641} INFO - |         19|               HR| region_2|Masters & above|     f|              other|              1| 50|                   4|                7|                    1|         0|                45|       Active|             3|
[2025-02-21T20:20:04.949+0000] {spark_submit.py:641} INFO - |         20|        Analytics|region_21|      Bachelors|     m|           sourcing|              1| 27|                   0|                1|                    1|         0|                89|       Active|             1|
[2025-02-21T20:20:04.951+0000] {spark_submit.py:641} INFO - |         21|        Analytics| region_8|      Bachelors|     m|           sourcing|              2| 28|                   2|                3|                    1|         0|                85|       Active|             1|
[2025-02-21T20:20:04.952+0000] {spark_submit.py:641} INFO - |         22|       Technology| region_2|Masters & above|     f|              other|              1| 57|                   4|               18|                    1|         0|                77|       Active|             3|
[2025-02-21T20:20:04.954+0000] {spark_submit.py:641} INFO - |         23|Sales & Marketing|region_16|      Bachelors|     f|           sourcing|              1| 42|                   1|                3|                    0|         0|                46|       Active|             1|
[2025-02-21T20:20:04.955+0000] {spark_submit.py:641} INFO - |         24|               HR|region_28|Masters & above|     f|              other|              1| 32|                   1|                5|                    1|         0|                51|       Active|             3|
[2025-02-21T20:20:04.957+0000] {spark_submit.py:641} INFO - |         27|Sales & Marketing|region_16|      Bachelors|     m|           sourcing|              1| 29|                   2|                6|                    0|         0|                51|       Active|             1|
[2025-02-21T20:20:04.958+0000] {spark_submit.py:641} INFO - |         29|        Analytics| region_7|      Bachelors|     m|              other|              1| 28|                   0|                1|                    1|         0|                85|       Active|             3|
[2025-02-21T20:20:04.959+0000] {spark_submit.py:641} INFO - |         31|Sales & Marketing|region_15|      Bachelors|     f|              other|              1| 29|                   3|                5|                    1|         0|                49|       Active|             3|
[2025-02-21T20:20:04.961+0000] {spark_submit.py:641} INFO - |         40|       Operations| region_7|Masters & above|     f|              other|              1| 34|                   1|                4|                    0|         0|                65|       Active|             3|
[2025-02-21T20:20:04.962+0000] {spark_submit.py:641} INFO - |         50|Sales & Marketing|region_19|      Bachelors|     m|              other|              1| 32|                   1|                3|                    0|         0|                48|       Active|             3|
[2025-02-21T20:20:04.963+0000] {spark_submit.py:641} INFO - |         55|       Operations|region_19|Masters & above|     f|           sourcing|              1| 33|                   5|                3|                    0|         0|                61|       Active|             1|
[2025-02-21T20:20:04.965+0000] {spark_submit.py:641} INFO - |         63|Sales & Marketing| region_8|Masters & above|     m|           sourcing|              1| 35|                   5|                8|                    0|         0|                52|       Active|             1|
[2025-02-21T20:20:04.966+0000] {spark_submit.py:641} INFO - |         64|        Analytics| region_4|      Bachelors|     m|              other|              1| 42|                   5|               11|                    1|         0|                80|       Active|             3|
[2025-02-21T20:20:04.967+0000] {spark_submit.py:641} INFO - +-----------+-----------------+---------+---------------+------+-------------------+---------------+---+--------------------+-----------------+---------------------+----------+------------------+-------------+--------------+
[2025-02-21T20:20:04.969+0000] {spark_submit.py:641} INFO - only showing top 20 rows
[2025-02-21T20:20:04.970+0000] {spark_submit.py:641} INFO - 
[2025-02-21T20:20:08.531+0000] {spark_submit.py:641} INFO - +-----------+-----------------+---------+---------------+------+-------------------+---------------+---+--------------------+-----------------+---------------------+----------+------------------+-------------+--------------+
[2025-02-21T20:20:08.548+0000] {spark_submit.py:641} INFO - |employee_id|       department|   region|      education|gender|recruitment_channel|no_of_trainings|age|previous_year_rating|length_of_service|KPIs_met_more_than_80|awards_won|avg_training_score|department_id|rec_channel_id|
[2025-02-21T20:20:08.549+0000] {spark_submit.py:641} INFO - +-----------+-----------------+---------+---------------+------+-------------------+---------------+---+--------------------+-----------------+---------------------+----------+------------------+-------------+--------------+
[2025-02-21T20:20:08.550+0000] {spark_submit.py:641} INFO - |          3|      Procurement|region_22|Masters & above|     f|              other|              1| 38|                   5|                4|                    1|         0|                67|       Active|             3|
[2025-02-21T20:20:08.551+0000] {spark_submit.py:641} INFO - |          6|Sales & Marketing|region_15|      Bachelors|     f|              other|              1| 38|                   3|               10|                    0|         0|                50|       Active|             3|
[2025-02-21T20:20:08.552+0000] {spark_submit.py:641} INFO - |         11|       Technology| region_4|Masters & above|     f|           sourcing|              1| 39|                   4|               12|                    1|         0|                72|       Active|             1|
[2025-02-21T20:20:08.553+0000] {spark_submit.py:641} INFO - |         13|Sales & Marketing|region_17|      Bachelors|     m|              other|              1| 38|                   1|                5|                    1|         0|                47|       Active|             3|
[2025-02-21T20:20:08.554+0000] {spark_submit.py:641} INFO - |         16|Sales & Marketing| region_4|Masters & above|     m|           sourcing|              1| 40|                   5|                5|                    0|         0|                53|       Active|             1|
[2025-02-21T20:20:08.556+0000] {spark_submit.py:641} INFO - |         17|Sales & Marketing| region_7|      Bachelors|     m|           sourcing|              1| 50|                   5|               13|                    0|         0|                47|       Active|             1|
[2025-02-21T20:20:08.557+0000] {spark_submit.py:641} INFO - |         19|               HR| region_2|Masters & above|     f|              other|              1| 50|                   4|                7|                    1|         0|                45|       Active|             3|
[2025-02-21T20:20:08.558+0000] {spark_submit.py:641} INFO - |         20|        Analytics|region_21|      Bachelors|     m|           sourcing|              1| 27|                   0|                1|                    1|         0|                89|       Active|             1|
[2025-02-21T20:20:08.559+0000] {spark_submit.py:641} INFO - |         21|        Analytics| region_8|      Bachelors|     m|           sourcing|              2| 28|                   2|                3|                    1|         0|                85|       Active|             1|
[2025-02-21T20:20:08.560+0000] {spark_submit.py:641} INFO - |         22|       Technology| region_2|Masters & above|     f|              other|              1| 57|                   4|               18|                    1|         0|                77|       Active|             3|
[2025-02-21T20:20:08.561+0000] {spark_submit.py:641} INFO - |         23|Sales & Marketing|region_16|      Bachelors|     f|           sourcing|              1| 42|                   1|                3|                    0|         0|                46|       Active|             1|
[2025-02-21T20:20:08.563+0000] {spark_submit.py:641} INFO - |         24|               HR|region_28|Masters & above|     f|              other|              1| 32|                   1|                5|                    1|         0|                51|       Active|             3|
[2025-02-21T20:20:08.564+0000] {spark_submit.py:641} INFO - |         27|Sales & Marketing|region_16|      Bachelors|     m|           sourcing|              1| 29|                   2|                6|                    0|         0|                51|       Active|             1|
[2025-02-21T20:20:08.565+0000] {spark_submit.py:641} INFO - |         29|        Analytics| region_7|      Bachelors|     m|              other|              1| 28|                   0|                1|                    1|         0|                85|       Active|             3|
[2025-02-21T20:20:08.566+0000] {spark_submit.py:641} INFO - |         31|Sales & Marketing|region_15|      Bachelors|     f|              other|              1| 29|                   3|                5|                    1|         0|                49|       Active|             3|
[2025-02-21T20:20:08.567+0000] {spark_submit.py:641} INFO - |         40|       Operations| region_7|Masters & above|     f|              other|              1| 34|                   1|                4|                    0|         0|                65|       Active|             3|
[2025-02-21T20:20:08.568+0000] {spark_submit.py:641} INFO - |         50|Sales & Marketing|region_19|      Bachelors|     m|              other|              1| 32|                   1|                3|                    0|         0|                48|       Active|             3|
[2025-02-21T20:20:08.570+0000] {spark_submit.py:641} INFO - |         55|       Operations|region_19|Masters & above|     f|           sourcing|              1| 33|                   5|                3|                    0|         0|                61|       Active|             1|
[2025-02-21T20:20:08.571+0000] {spark_submit.py:641} INFO - |         63|Sales & Marketing| region_8|Masters & above|     m|           sourcing|              1| 35|                   5|                8|                    0|         0|                52|       Active|             1|
[2025-02-21T20:20:08.572+0000] {spark_submit.py:641} INFO - |         64|        Analytics| region_4|      Bachelors|     m|              other|              1| 42|                   5|               11|                    1|         0|                80|       Active|             3|
[2025-02-21T20:20:08.574+0000] {spark_submit.py:641} INFO - +-----------+-----------------+---------+---------------+------+-------------------+---------------+---+--------------------+-----------------+---------------------+----------+------------------+-------------+--------------+
[2025-02-21T20:20:08.575+0000] {spark_submit.py:641} INFO - only showing top 20 rows
[2025-02-21T20:20:08.576+0000] {spark_submit.py:641} INFO - 
[2025-02-21T20:20:09.516+0000] {taskinstance.py:341} INFO - ::group::Post task execution logs
[2025-02-21T20:20:09.536+0000] {taskinstance.py:353} INFO - Marking task as SUCCESS. dag_id=***_v2_etl_dag, task_id=transform_task, run_id=manual__2025-02-21T20:07:47.207700+00:00, execution_date=20250221T200747, start_date=20250221T201950, end_date=20250221T202009
[2025-02-21T20:20:09.594+0000] {local_task_job_runner.py:266} INFO - Task exited with return code 0
[2025-02-21T20:20:09.627+0000] {taskinstance.py:3901} INFO - 1 downstream tasks scheduled from follow-on schedule check
[2025-02-21T20:20:09.630+0000] {local_task_job_runner.py:245} INFO - ::endgroup::
