[2025-02-21T20:23:36.009+0000] {local_task_job_runner.py:123} INFO - ::group::Pre task execution logs
[2025-02-21T20:23:36.032+0000] {taskinstance.py:2614} INFO - Dependencies all met for dep_context=non-requeueable deps ti=<TaskInstance: finprode8_v2_etl_dag.transform_task manual__2025-02-21T20:07:47.207700+00:00 [queued]>
[2025-02-21T20:23:36.045+0000] {taskinstance.py:2614} INFO - Dependencies all met for dep_context=requeueable deps ti=<TaskInstance: finprode8_v2_etl_dag.transform_task manual__2025-02-21T20:07:47.207700+00:00 [queued]>
[2025-02-21T20:23:36.047+0000] {taskinstance.py:2867} INFO - Starting attempt 8 of 8
[2025-02-21T20:23:36.063+0000] {taskinstance.py:2890} INFO - Executing <Task(SparkSubmitOperator): transform_task> on 2025-02-21 20:07:47.207700+00:00
[2025-02-21T20:23:36.069+0000] {standard_task_runner.py:72} INFO - Started process 9786 to run task
[2025-02-21T20:23:36.073+0000] {standard_task_runner.py:104} INFO - Running: ['airflow', 'tasks', 'run', '***_v2_etl_dag', 'transform_task', 'manual__2025-02-21T20:07:47.207700+00:00', '--job-id', '82', '--raw', '--subdir', 'DAGS_FOLDER/***_v2_etl_dag.py', '--cfg-path', '/tmp/tmpiqpgkdje']
[2025-02-21T20:23:36.076+0000] {standard_task_runner.py:105} INFO - Job 82: Subtask transform_task
[2025-02-21T20:23:36.094+0000] {logging_mixin.py:190} WARNING - /home/airflow/.local/lib/python3.9/site-packages/airflow/settings.py:209 DeprecationWarning: The sql_alchemy_conn option in [core] has been moved to the sql_alchemy_conn option in [database] - the old setting has been used, but please update your config.
[2025-02-21T20:23:36.132+0000] {task_command.py:467} INFO - Running <TaskInstance: finprode8_v2_etl_dag.transform_task manual__2025-02-21T20:07:47.207700+00:00 [running]> on host ***-airflow-scheduler
[2025-02-21T20:23:36.212+0000] {taskinstance.py:3134} INFO - Exporting env vars: AIRFLOW_CTX_DAG_OWNER='ratih malini' AIRFLOW_CTX_DAG_ID='***_v2_etl_dag' AIRFLOW_CTX_TASK_ID='transform_task' AIRFLOW_CTX_EXECUTION_DATE='2025-02-21T20:07:47.207700+00:00' AIRFLOW_CTX_TRY_NUMBER='8' AIRFLOW_CTX_DAG_RUN_ID='manual__2025-02-21T20:07:47.207700+00:00'
[2025-02-21T20:23:36.214+0000] {taskinstance.py:732} INFO - ::endgroup::
[2025-02-21T20:23:36.261+0000] {base.py:84} INFO - Retrieving connection 'spark_main'
[2025-02-21T20:23:36.264+0000] {spark_submit.py:474} INFO - Spark-Submit cmd: spark-submit --master spark://***-spark-master:7077 --name arrow-spark /spark-scripts/***_v2_transform.py
[2025-02-21T20:23:39.705+0000] {spark_submit.py:641} INFO - 25/02/21 20:23:39 INFO SparkContext: Running Spark version 3.3.2
[2025-02-21T20:23:39.782+0000] {spark_submit.py:641} INFO - 25/02/21 20:23:39 WARN NativeCodeLoader: Unable to load native-hadoop library for your platform... using builtin-java classes where applicable
[2025-02-21T20:23:39.908+0000] {spark_submit.py:641} INFO - 25/02/21 20:23:39 INFO ResourceUtils: ==============================================================
[2025-02-21T20:23:39.910+0000] {spark_submit.py:641} INFO - 25/02/21 20:23:39 INFO ResourceUtils: No custom resources configured for spark.driver.
[2025-02-21T20:23:39.911+0000] {spark_submit.py:641} INFO - 25/02/21 20:23:39 INFO ResourceUtils: ==============================================================
[2025-02-21T20:23:39.913+0000] {spark_submit.py:641} INFO - 25/02/21 20:23:39 INFO SparkContext: Submitted application: ***_transform
[2025-02-21T20:23:39.939+0000] {spark_submit.py:641} INFO - 25/02/21 20:23:39 INFO ResourceProfile: Default ResourceProfile created, executor resources: Map(cores -> name: cores, amount: 1, script: , vendor: , memory -> name: memory, amount: 1024, script: , vendor: , offHeap -> name: offHeap, amount: 0, script: , vendor: ), task resources: Map(cpus -> name: cpus, amount: 1.0)
[2025-02-21T20:23:39.949+0000] {spark_submit.py:641} INFO - 25/02/21 20:23:39 INFO ResourceProfile: Limiting resource is cpu
[2025-02-21T20:23:39.951+0000] {spark_submit.py:641} INFO - 25/02/21 20:23:39 INFO ResourceProfileManager: Added ResourceProfile id: 0
[2025-02-21T20:23:40.018+0000] {spark_submit.py:641} INFO - 25/02/21 20:23:40 INFO SecurityManager: Changing view acls to: airflow
[2025-02-21T20:23:40.021+0000] {spark_submit.py:641} INFO - 25/02/21 20:23:40 INFO SecurityManager: Changing modify acls to: airflow
[2025-02-21T20:23:40.022+0000] {spark_submit.py:641} INFO - 25/02/21 20:23:40 INFO SecurityManager: Changing view acls groups to:
[2025-02-21T20:23:40.024+0000] {spark_submit.py:641} INFO - 25/02/21 20:23:40 INFO SecurityManager: Changing modify acls groups to:
[2025-02-21T20:23:40.026+0000] {spark_submit.py:641} INFO - 25/02/21 20:23:40 INFO SecurityManager: SecurityManager: authentication disabled; ui acls disabled; users  with view permissions: Set(airflow); groups with view permissions: Set(); users  with modify permissions: Set(airflow); groups with modify permissions: Set()
[2025-02-21T20:23:40.334+0000] {spark_submit.py:641} INFO - 25/02/21 20:23:40 INFO Utils: Successfully started service 'sparkDriver' on port 35171.
[2025-02-21T20:23:40.374+0000] {spark_submit.py:641} INFO - 25/02/21 20:23:40 INFO SparkEnv: Registering MapOutputTracker
[2025-02-21T20:23:40.415+0000] {spark_submit.py:641} INFO - 25/02/21 20:23:40 INFO SparkEnv: Registering BlockManagerMaster
[2025-02-21T20:23:40.431+0000] {spark_submit.py:641} INFO - 25/02/21 20:23:40 INFO BlockManagerMasterEndpoint: Using org.apache.spark.storage.DefaultTopologyMapper for getting topology information
[2025-02-21T20:23:40.433+0000] {spark_submit.py:641} INFO - 25/02/21 20:23:40 INFO BlockManagerMasterEndpoint: BlockManagerMasterEndpoint up
[2025-02-21T20:23:40.436+0000] {spark_submit.py:641} INFO - 25/02/21 20:23:40 INFO SparkEnv: Registering BlockManagerMasterHeartbeat
[2025-02-21T20:23:40.458+0000] {spark_submit.py:641} INFO - 25/02/21 20:23:40 INFO DiskBlockManager: Created local directory at /tmp/blockmgr-0d80aef1-cd7e-43e3-905b-505e1d1282e1
[2025-02-21T20:23:40.476+0000] {spark_submit.py:641} INFO - 25/02/21 20:23:40 INFO MemoryStore: MemoryStore started with capacity 434.4 MiB
[2025-02-21T20:23:40.500+0000] {spark_submit.py:641} INFO - 25/02/21 20:23:40 INFO SparkEnv: Registering OutputCommitCoordinator
[2025-02-21T20:23:40.674+0000] {spark_submit.py:641} INFO - 25/02/21 20:23:40 INFO Utils: Successfully started service 'SparkUI' on port 4040.
[2025-02-21T20:23:40.770+0000] {spark_submit.py:641} INFO - 25/02/21 20:23:40 INFO Executor: Starting executor ID driver on host ***-airflow-scheduler
[2025-02-21T20:23:40.785+0000] {spark_submit.py:641} INFO - 25/02/21 20:23:40 INFO Executor: Starting executor with user classpath (userClassPathFirst = false): ''
[2025-02-21T20:23:40.813+0000] {spark_submit.py:641} INFO - 25/02/21 20:23:40 INFO Utils: Successfully started service 'org.apache.spark.network.netty.NettyBlockTransferService' on port 44683.
[2025-02-21T20:23:40.815+0000] {spark_submit.py:641} INFO - 25/02/21 20:23:40 INFO NettyBlockTransferService: Server created on ***-airflow-scheduler:44683
[2025-02-21T20:23:40.816+0000] {spark_submit.py:641} INFO - 25/02/21 20:23:40 INFO BlockManager: Using org.apache.spark.storage.RandomBlockReplicationPolicy for block replication policy
[2025-02-21T20:23:40.823+0000] {spark_submit.py:641} INFO - 25/02/21 20:23:40 INFO BlockManagerMaster: Registering BlockManager BlockManagerId(driver, ***-airflow-scheduler, 44683, None)
[2025-02-21T20:23:40.827+0000] {spark_submit.py:641} INFO - 25/02/21 20:23:40 INFO BlockManagerMasterEndpoint: Registering block manager ***-airflow-scheduler:44683 with 434.4 MiB RAM, BlockManagerId(driver, ***-airflow-scheduler, 44683, None)
[2025-02-21T20:23:40.830+0000] {spark_submit.py:641} INFO - 25/02/21 20:23:40 INFO BlockManagerMaster: Registered BlockManager BlockManagerId(driver, ***-airflow-scheduler, 44683, None)
[2025-02-21T20:23:40.832+0000] {spark_submit.py:641} INFO - 25/02/21 20:23:40 INFO BlockManager: Initialized BlockManager: BlockManagerId(driver, ***-airflow-scheduler, 44683, None)
[2025-02-21T20:23:44.654+0000] {spark_submit.py:641} INFO - ---------------- MENAMPILKAN BANYAK DATA NULL DI SETIAP KOLOM ----------------
[2025-02-21T20:23:46.691+0000] {spark_submit.py:641} INFO - +----------------+---------------+-----------+--------------+-----------+------------------------+--------------------+--------+-------------------------+----------------------+--------------------------+---------------+-----------------------+
[2025-02-21T20:23:46.693+0000] {spark_submit.py:641} INFO - |employee_id_null|department_null|region_null|education_null|gender_null|recruitment_channel_null|no_of_trainings_null|age_null|previous_year_rating_null|length_of_service_null|KPIs_met_more_than_80_null|awards_won_null|avg_training_score_null|
[2025-02-21T20:23:46.694+0000] {spark_submit.py:641} INFO - +----------------+---------------+-----------+--------------+-----------+------------------------+--------------------+--------+-------------------------+----------------------+--------------------------+---------------+-----------------------+
[2025-02-21T20:23:46.695+0000] {spark_submit.py:641} INFO - |               0|              0|          0|           771|          0|                       0|                   0|       0|                     1363|                     0|                         0|              0|                      0|
[2025-02-21T20:23:46.697+0000] {spark_submit.py:641} INFO - +----------------+---------------+-----------+--------------+-----------+------------------------+--------------------+--------+-------------------------+----------------------+--------------------------+---------------+-----------------------+
[2025-02-21T20:23:46.698+0000] {spark_submit.py:641} INFO - 
[2025-02-21T20:23:46.699+0000] {spark_submit.py:641} INFO - ---------------- NULL HANDLING PADA KOLOM EDUCATION & PREVIOUS_YEAR_RATING ----------------
[2025-02-21T20:23:46.924+0000] {spark_submit.py:641} INFO - +--------------+-------------------------+
[2025-02-21T20:23:46.926+0000] {spark_submit.py:641} INFO - |education_null|previous_year_rating_null|
[2025-02-21T20:23:46.927+0000] {spark_submit.py:641} INFO - +--------------+-------------------------+
[2025-02-21T20:23:46.928+0000] {spark_submit.py:641} INFO - |             0|                        0|
[2025-02-21T20:23:46.930+0000] {spark_submit.py:641} INFO - +--------------+-------------------------+
[2025-02-21T20:23:46.932+0000] {spark_submit.py:641} INFO - 
[2025-02-21T20:23:46.933+0000] {spark_submit.py:641} INFO - ---------------- MENAMPILKAN BANYAK DATA DUPLIKAT BERDASARKAN EMPLOYEE_ID ----------------
[2025-02-21T20:23:47.574+0000] {spark_submit.py:641} INFO - +-----------+------+
[2025-02-21T20:23:47.576+0000] {spark_submit.py:641} INFO - |employee_id|jumlah|
[2025-02-21T20:23:47.577+0000] {spark_submit.py:641} INFO - +-----------+------+
[2025-02-21T20:23:47.579+0000] {spark_submit.py:641} INFO - |      64573|     2|
[2025-02-21T20:23:47.580+0000] {spark_submit.py:641} INFO - |      49584|     3|
[2025-02-21T20:23:47.582+0000] {spark_submit.py:641} INFO - +-----------+------+
[2025-02-21T20:23:47.583+0000] {spark_submit.py:641} INFO - 
[2025-02-21T20:23:47.585+0000] {spark_submit.py:641} INFO - ---------------- MENAMPILKAN SEMUA BARIS DAN KOLOM DARI EMPLOYEE ID YANG DUPLIKAT ----------------
[2025-02-21T20:23:47.890+0000] {spark_submit.py:641} INFO - +-----------+----------+--------+---------+------+-------------------+---------------+---+--------------------+-----------------+---------------------+----------+------------------+
[2025-02-21T20:23:47.892+0000] {spark_submit.py:641} INFO - |employee_id|department|  region|education|gender|recruitment_channel|no_of_trainings|age|previous_year_rating|length_of_service|KPIs_met_more_than_80|awards_won|avg_training_score|
[2025-02-21T20:23:47.893+0000] {spark_submit.py:641} INFO - +-----------+----------+--------+---------+------+-------------------+---------------+---+--------------------+-----------------+---------------------+----------+------------------+
[2025-02-21T20:23:47.894+0000] {spark_submit.py:641} INFO - |      49584|        HR|region_7|Bachelors|     m|              other|              1| 33|                   1|                9|                    0|         0|                51|
[2025-02-21T20:23:47.895+0000] {spark_submit.py:641} INFO - |      49584|        HR|region_7|Bachelors|     m|              other|              1| 33|                   1|                9|                    0|         0|                51|
[2025-02-21T20:23:47.897+0000] {spark_submit.py:641} INFO - |      49584|        HR|region_7|Bachelors|     m|              other|              1| 33|                   1|                9|                    0|         0|                51|
[2025-02-21T20:23:47.898+0000] {spark_submit.py:641} INFO - |      64573|Technology|region_7|Bachelors|     f|           referred|              2| 30|                   5|                6|                    1|         0|                81|
[2025-02-21T20:23:47.899+0000] {spark_submit.py:641} INFO - |      64573|        HR|region_7|Bachelors|     f|           referred|              1| 35|                   5|                4|                    1|         0|                81|
[2025-02-21T20:23:47.900+0000] {spark_submit.py:641} INFO - +-----------+----------+--------+---------+------+-------------------+---------------+---+--------------------+-----------------+---------------------+----------+------------------+
[2025-02-21T20:23:47.901+0000] {spark_submit.py:641} INFO - 
[2025-02-21T20:23:47.902+0000] {spark_submit.py:641} INFO - ---------------- MENAMPILKAN HASIL DARI DATA DUPLIKASI YANG TELAH DIHANDLE BERDASARKAN KOLOM EMPLOYEE_ID DAN DEPARTMENT ----------------
[2025-02-21T20:23:48.451+0000] {spark_submit.py:641} INFO - +-----------+----------+--------+---------+------+-------------------+---------------+---+--------------------+-----------------+---------------------+----------+------------------+
[2025-02-21T20:23:48.454+0000] {spark_submit.py:641} INFO - |employee_id|department|  region|education|gender|recruitment_channel|no_of_trainings|age|previous_year_rating|length_of_service|KPIs_met_more_than_80|awards_won|avg_training_score|
[2025-02-21T20:23:48.455+0000] {spark_submit.py:641} INFO - +-----------+----------+--------+---------+------+-------------------+---------------+---+--------------------+-----------------+---------------------+----------+------------------+
[2025-02-21T20:23:48.457+0000] {spark_submit.py:641} INFO - |      49584|        HR|region_7|Bachelors|     m|              other|              1| 33|                   1|                9|                    0|         0|                51|
[2025-02-21T20:23:48.458+0000] {spark_submit.py:641} INFO - |      64573|        HR|region_7|Bachelors|     f|           referred|              1| 35|                   5|                4|                    1|         0|                81|
[2025-02-21T20:23:48.459+0000] {spark_submit.py:641} INFO - |      64573|Technology|region_7|Bachelors|     f|           referred|              2| 30|                   5|                6|                    1|         0|                81|
[2025-02-21T20:23:48.462+0000] {spark_submit.py:641} INFO - +-----------+----------+--------+---------+------+-------------------+---------------+---+--------------------+-----------------+---------------------+----------+------------------+
[2025-02-21T20:23:48.466+0000] {spark_submit.py:641} INFO - 
[2025-02-21T20:23:52.587+0000] {spark_submit.py:641} INFO - ---------------- MENAMPILKAN DATA HASIL TRASNFORMASI ----------------
[2025-02-21T20:23:53.286+0000] {spark_submit.py:641} INFO - +-----------+-----------------+---------+---------------+------+-------------------+---------------+---+--------------------+-----------------+---------------------+----------+------------------+
[2025-02-21T20:23:53.293+0000] {spark_submit.py:641} INFO - |employee_id|       department|   region|      education|gender|recruitment_channel|no_of_trainings|age|previous_year_rating|length_of_service|KPIs_met_more_than_80|awards_won|avg_training_score|
[2025-02-21T20:23:53.294+0000] {spark_submit.py:641} INFO - +-----------+-----------------+---------+---------------+------+-------------------+---------------+---+--------------------+-----------------+---------------------+----------+------------------+
[2025-02-21T20:23:53.296+0000] {spark_submit.py:641} INFO - |          3|      Procurement|region_22|Masters & above|     f|              other|              1| 38|                   5|                4|                    1|         0|                67|
[2025-02-21T20:23:53.297+0000] {spark_submit.py:641} INFO - |          6|Sales & Marketing|region_15|      Bachelors|     f|              other|              1| 38|                   3|               10|                    0|         0|                50|
[2025-02-21T20:23:53.298+0000] {spark_submit.py:641} INFO - |         11|       Technology| region_4|Masters & above|     f|           sourcing|              1| 39|                   4|               12|                    1|         0|                72|
[2025-02-21T20:23:53.299+0000] {spark_submit.py:641} INFO - |         13|Sales & Marketing|region_17|      Bachelors|     m|              other|              1| 38|                   1|                5|                    1|         0|                47|
[2025-02-21T20:23:53.301+0000] {spark_submit.py:641} INFO - |         16|Sales & Marketing| region_4|Masters & above|     m|           sourcing|              1| 40|                   5|                5|                    0|         0|                53|
[2025-02-21T20:23:53.303+0000] {spark_submit.py:641} INFO - +-----------+-----------------+---------+---------------+------+-------------------+---------------+---+--------------------+-----------------+---------------------+----------+------------------+
[2025-02-21T20:23:53.306+0000] {spark_submit.py:641} INFO - only showing top 5 rows
[2025-02-21T20:23:53.307+0000] {spark_submit.py:641} INFO - 
[2025-02-21T20:23:53.923+0000] {spark_submit.py:641} INFO - Jumlah baris dalam DataFrame : 17415
[2025-02-21T20:23:53.934+0000] {spark_submit.py:641} INFO - Isi folder data/transformed.parquet :
[2025-02-21T20:23:53.936+0000] {spark_submit.py:641} INFO - ['.part-00000-6289375e-eca5-4c26-8118-6cd5da705ae5-c000.snappy.parquet.crc', '_SUCCESS', 'part-00000-6289375e-eca5-4c26-8118-6cd5da705ae5-c000.snappy.parquet', '._SUCCESS.crc']
[2025-02-21T20:23:53.938+0000] {spark_submit.py:641} INFO - Transform data berhasil.
[2025-02-21T20:23:54.755+0000] {spark_submit.py:641} INFO - +-----------+-----------------+---------+---------------+------+-------------------+---------------+---+--------------------+-----------------+---------------------+----------+------------------+-------------+--------------+
[2025-02-21T20:23:54.766+0000] {spark_submit.py:641} INFO - |employee_id|       department|   region|      education|gender|recruitment_channel|no_of_trainings|age|previous_year_rating|length_of_service|KPIs_met_more_than_80|awards_won|avg_training_score|department_id|rec_channel_id|
[2025-02-21T20:23:54.767+0000] {spark_submit.py:641} INFO - +-----------+-----------------+---------+---------------+------+-------------------+---------------+---+--------------------+-----------------+---------------------+----------+------------------+-------------+--------------+
[2025-02-21T20:23:54.768+0000] {spark_submit.py:641} INFO - |          3|      Procurement|region_22|Masters & above|     f|              other|              1| 38|                   5|                4|                    1|         0|                67|            6|             3|
[2025-02-21T20:23:54.769+0000] {spark_submit.py:641} INFO - |          6|Sales & Marketing|region_15|      Bachelors|     f|              other|              1| 38|                   3|               10|                    0|         0|                50|            8|             3|
[2025-02-21T20:23:54.770+0000] {spark_submit.py:641} INFO - |         11|       Technology| region_4|Masters & above|     f|           sourcing|              1| 39|                   4|               12|                    1|         0|                72|            9|             1|
[2025-02-21T20:23:54.771+0000] {spark_submit.py:641} INFO - |         13|Sales & Marketing|region_17|      Bachelors|     m|              other|              1| 38|                   1|                5|                    1|         0|                47|            8|             3|
[2025-02-21T20:23:54.772+0000] {spark_submit.py:641} INFO - |         16|Sales & Marketing| region_4|Masters & above|     m|           sourcing|              1| 40|                   5|                5|                    0|         0|                53|            8|             1|
[2025-02-21T20:23:54.773+0000] {spark_submit.py:641} INFO - |         17|Sales & Marketing| region_7|      Bachelors|     m|           sourcing|              1| 50|                   5|               13|                    0|         0|                47|            8|             1|
[2025-02-21T20:23:54.773+0000] {spark_submit.py:641} INFO - |         19|               HR| region_2|Masters & above|     f|              other|              1| 50|                   4|                7|                    1|         0|                45|            3|             3|
[2025-02-21T20:23:54.774+0000] {spark_submit.py:641} INFO - |         20|        Analytics|region_21|      Bachelors|     m|           sourcing|              1| 27|                   0|                1|                    1|         0|                89|            1|             1|
[2025-02-21T20:23:54.775+0000] {spark_submit.py:641} INFO - |         21|        Analytics| region_8|      Bachelors|     m|           sourcing|              2| 28|                   2|                3|                    1|         0|                85|            1|             1|
[2025-02-21T20:23:54.776+0000] {spark_submit.py:641} INFO - |         22|       Technology| region_2|Masters & above|     f|              other|              1| 57|                   4|               18|                    1|         0|                77|            9|             3|
[2025-02-21T20:23:54.777+0000] {spark_submit.py:641} INFO - |         23|Sales & Marketing|region_16|      Bachelors|     f|           sourcing|              1| 42|                   1|                3|                    0|         0|                46|            8|             1|
[2025-02-21T20:23:54.778+0000] {spark_submit.py:641} INFO - |         24|               HR|region_28|Masters & above|     f|              other|              1| 32|                   1|                5|                    1|         0|                51|            3|             3|
[2025-02-21T20:23:54.779+0000] {spark_submit.py:641} INFO - |         27|Sales & Marketing|region_16|      Bachelors|     m|           sourcing|              1| 29|                   2|                6|                    0|         0|                51|            8|             1|
[2025-02-21T20:23:54.780+0000] {spark_submit.py:641} INFO - |         29|        Analytics| region_7|      Bachelors|     m|              other|              1| 28|                   0|                1|                    1|         0|                85|            1|             3|
[2025-02-21T20:23:54.781+0000] {spark_submit.py:641} INFO - |         31|Sales & Marketing|region_15|      Bachelors|     f|              other|              1| 29|                   3|                5|                    1|         0|                49|            8|             3|
[2025-02-21T20:23:54.782+0000] {spark_submit.py:641} INFO - |         40|       Operations| region_7|Masters & above|     f|              other|              1| 34|                   1|                4|                    0|         0|                65|            5|             3|
[2025-02-21T20:23:54.783+0000] {spark_submit.py:641} INFO - |         50|Sales & Marketing|region_19|      Bachelors|     m|              other|              1| 32|                   1|                3|                    0|         0|                48|            8|             3|
[2025-02-21T20:23:54.784+0000] {spark_submit.py:641} INFO - |         55|       Operations|region_19|Masters & above|     f|           sourcing|              1| 33|                   5|                3|                    0|         0|                61|            5|             1|
[2025-02-21T20:23:54.785+0000] {spark_submit.py:641} INFO - |         63|Sales & Marketing| region_8|Masters & above|     m|           sourcing|              1| 35|                   5|                8|                    0|         0|                52|            8|             1|
[2025-02-21T20:23:54.786+0000] {spark_submit.py:641} INFO - |         64|        Analytics| region_4|      Bachelors|     m|              other|              1| 42|                   5|               11|                    1|         0|                80|            1|             3|
[2025-02-21T20:23:54.787+0000] {spark_submit.py:641} INFO - +-----------+-----------------+---------+---------------+------+-------------------+---------------+---+--------------------+-----------------+---------------------+----------+------------------+-------------+--------------+
[2025-02-21T20:23:54.788+0000] {spark_submit.py:641} INFO - only showing top 20 rows
[2025-02-21T20:23:54.789+0000] {spark_submit.py:641} INFO - 
[2025-02-21T20:24:04.423+0000] {spark_submit.py:641} INFO - +-----------+-----------------+---------+---------------+------+-------------------+---------------+---+--------------------+-----------------+---------------------+----------+------------------+-------------+--------------+
[2025-02-21T20:24:04.437+0000] {spark_submit.py:641} INFO - |employee_id|       department|   region|      education|gender|recruitment_channel|no_of_trainings|age|previous_year_rating|length_of_service|KPIs_met_more_than_80|awards_won|avg_training_score|department_id|rec_channel_id|
[2025-02-21T20:24:04.440+0000] {spark_submit.py:641} INFO - +-----------+-----------------+---------+---------------+------+-------------------+---------------+---+--------------------+-----------------+---------------------+----------+------------------+-------------+--------------+
[2025-02-21T20:24:04.442+0000] {spark_submit.py:641} INFO - |          3|      Procurement|region_22|Masters & above|     f|              other|              1| 38|                   5|                4|                    1|         0|                67|            6|             3|
[2025-02-21T20:24:04.447+0000] {spark_submit.py:641} INFO - |          6|Sales & Marketing|region_15|      Bachelors|     f|              other|              1| 38|                   3|               10|                    0|         0|                50|            8|             3|
[2025-02-21T20:24:04.452+0000] {spark_submit.py:641} INFO - |         11|       Technology| region_4|Masters & above|     f|           sourcing|              1| 39|                   4|               12|                    1|         0|                72|            9|             1|
[2025-02-21T20:24:04.453+0000] {spark_submit.py:641} INFO - |         13|Sales & Marketing|region_17|      Bachelors|     m|              other|              1| 38|                   1|                5|                    1|         0|                47|            8|             3|
[2025-02-21T20:24:04.454+0000] {spark_submit.py:641} INFO - |         16|Sales & Marketing| region_4|Masters & above|     m|           sourcing|              1| 40|                   5|                5|                    0|         0|                53|            8|             1|
[2025-02-21T20:24:04.455+0000] {spark_submit.py:641} INFO - |         17|Sales & Marketing| region_7|      Bachelors|     m|           sourcing|              1| 50|                   5|               13|                    0|         0|                47|            8|             1|
[2025-02-21T20:24:04.456+0000] {spark_submit.py:641} INFO - |         19|               HR| region_2|Masters & above|     f|              other|              1| 50|                   4|                7|                    1|         0|                45|            3|             3|
[2025-02-21T20:24:04.457+0000] {spark_submit.py:641} INFO - |         20|        Analytics|region_21|      Bachelors|     m|           sourcing|              1| 27|                   0|                1|                    1|         0|                89|            1|             1|
[2025-02-21T20:24:04.458+0000] {spark_submit.py:641} INFO - |         21|        Analytics| region_8|      Bachelors|     m|           sourcing|              2| 28|                   2|                3|                    1|         0|                85|            1|             1|
[2025-02-21T20:24:04.459+0000] {spark_submit.py:641} INFO - |         22|       Technology| region_2|Masters & above|     f|              other|              1| 57|                   4|               18|                    1|         0|                77|            9|             3|
[2025-02-21T20:24:04.460+0000] {spark_submit.py:641} INFO - |         23|Sales & Marketing|region_16|      Bachelors|     f|           sourcing|              1| 42|                   1|                3|                    0|         0|                46|            8|             1|
[2025-02-21T20:24:04.461+0000] {spark_submit.py:641} INFO - |         24|               HR|region_28|Masters & above|     f|              other|              1| 32|                   1|                5|                    1|         0|                51|            3|             3|
[2025-02-21T20:24:04.462+0000] {spark_submit.py:641} INFO - |         27|Sales & Marketing|region_16|      Bachelors|     m|           sourcing|              1| 29|                   2|                6|                    0|         0|                51|            8|             1|
[2025-02-21T20:24:04.462+0000] {spark_submit.py:641} INFO - |         29|        Analytics| region_7|      Bachelors|     m|              other|              1| 28|                   0|                1|                    1|         0|                85|            1|             3|
[2025-02-21T20:24:04.463+0000] {spark_submit.py:641} INFO - |         31|Sales & Marketing|region_15|      Bachelors|     f|              other|              1| 29|                   3|                5|                    1|         0|                49|            8|             3|
[2025-02-21T20:24:04.464+0000] {spark_submit.py:641} INFO - |         40|       Operations| region_7|Masters & above|     f|              other|              1| 34|                   1|                4|                    0|         0|                65|            5|             3|
[2025-02-21T20:24:04.465+0000] {spark_submit.py:641} INFO - |         50|Sales & Marketing|region_19|      Bachelors|     m|              other|              1| 32|                   1|                3|                    0|         0|                48|            8|             3|
[2025-02-21T20:24:04.466+0000] {spark_submit.py:641} INFO - |         55|       Operations|region_19|Masters & above|     f|           sourcing|              1| 33|                   5|                3|                    0|         0|                61|            5|             1|
[2025-02-21T20:24:04.466+0000] {spark_submit.py:641} INFO - |         63|Sales & Marketing| region_8|Masters & above|     m|           sourcing|              1| 35|                   5|                8|                    0|         0|                52|            8|             1|
[2025-02-21T20:24:04.467+0000] {spark_submit.py:641} INFO - |         64|        Analytics| region_4|      Bachelors|     m|              other|              1| 42|                   5|               11|                    1|         0|                80|            1|             3|
[2025-02-21T20:24:04.468+0000] {spark_submit.py:641} INFO - +-----------+-----------------+---------+---------------+------+-------------------+---------------+---+--------------------+-----------------+---------------------+----------+------------------+-------------+--------------+
[2025-02-21T20:24:04.469+0000] {spark_submit.py:641} INFO - only showing top 20 rows
[2025-02-21T20:24:04.470+0000] {spark_submit.py:641} INFO - 
[2025-02-21T20:24:06.456+0000] {job.py:229} INFO - Heartbeat recovered after 12.75 seconds
[2025-02-21T20:24:06.563+0000] {taskinstance.py:341} INFO - ::group::Post task execution logs
[2025-02-21T20:24:06.565+0000] {taskinstance.py:353} INFO - Marking task as SUCCESS. dag_id=***_v2_etl_dag, task_id=transform_task, run_id=manual__2025-02-21T20:07:47.207700+00:00, execution_date=20250221T200747, start_date=20250221T202336, end_date=20250221T202406
[2025-02-21T20:24:06.645+0000] {local_task_job_runner.py:266} INFO - Task exited with return code 0
[2025-02-21T20:24:06.675+0000] {taskinstance.py:3901} INFO - 1 downstream tasks scheduled from follow-on schedule check
[2025-02-21T20:24:06.678+0000] {local_task_job_runner.py:245} INFO - ::endgroup::
