[2025-02-21T20:13:29.661+0000] {local_task_job_runner.py:123} INFO - ::group::Pre task execution logs
[2025-02-21T20:13:29.682+0000] {taskinstance.py:2614} INFO - Dependencies all met for dep_context=non-requeueable deps ti=<TaskInstance: finprode8_v2_etl_dag.transform_task manual__2025-02-21T20:07:47.207700+00:00 [queued]>
[2025-02-21T20:13:29.693+0000] {taskinstance.py:2614} INFO - Dependencies all met for dep_context=requeueable deps ti=<TaskInstance: finprode8_v2_etl_dag.transform_task manual__2025-02-21T20:07:47.207700+00:00 [queued]>
[2025-02-21T20:13:29.696+0000] {taskinstance.py:2867} INFO - Starting attempt 3 of 3
[2025-02-21T20:13:29.710+0000] {taskinstance.py:2890} INFO - Executing <Task(SparkSubmitOperator): transform_task> on 2025-02-21 20:07:47.207700+00:00
[2025-02-21T20:13:29.715+0000] {standard_task_runner.py:72} INFO - Started process 6313 to run task
[2025-02-21T20:13:29.718+0000] {standard_task_runner.py:104} INFO - Running: ['airflow', 'tasks', 'run', '***_v2_etl_dag', 'transform_task', 'manual__2025-02-21T20:07:47.207700+00:00', '--job-id', '68', '--raw', '--subdir', 'DAGS_FOLDER/***_v2_etl_dag.py', '--cfg-path', '/tmp/tmpi1ta__3m']
[2025-02-21T20:13:29.722+0000] {standard_task_runner.py:105} INFO - Job 68: Subtask transform_task
[2025-02-21T20:13:29.741+0000] {logging_mixin.py:190} WARNING - /home/airflow/.local/lib/python3.9/site-packages/airflow/settings.py:209 DeprecationWarning: The sql_alchemy_conn option in [core] has been moved to the sql_alchemy_conn option in [database] - the old setting has been used, but please update your config.
[2025-02-21T20:13:29.779+0000] {task_command.py:467} INFO - Running <TaskInstance: finprode8_v2_etl_dag.transform_task manual__2025-02-21T20:07:47.207700+00:00 [running]> on host ***-airflow-scheduler
[2025-02-21T20:13:29.860+0000] {taskinstance.py:3134} INFO - Exporting env vars: AIRFLOW_CTX_DAG_OWNER='ratih malini' AIRFLOW_CTX_DAG_ID='***_v2_etl_dag' AIRFLOW_CTX_TASK_ID='transform_task' AIRFLOW_CTX_EXECUTION_DATE='2025-02-21T20:07:47.207700+00:00' AIRFLOW_CTX_TRY_NUMBER='3' AIRFLOW_CTX_DAG_RUN_ID='manual__2025-02-21T20:07:47.207700+00:00'
[2025-02-21T20:13:29.863+0000] {taskinstance.py:732} INFO - ::endgroup::
[2025-02-21T20:13:29.900+0000] {base.py:84} INFO - Retrieving connection 'spark_main'
[2025-02-21T20:13:29.902+0000] {spark_submit.py:474} INFO - Spark-Submit cmd: spark-submit --master spark://***-spark-master:7077 --name arrow-spark /spark-scripts/***_v2_transform.py
[2025-02-21T20:13:33.128+0000] {spark_submit.py:641} INFO - 25/02/21 20:13:33 INFO SparkContext: Running Spark version 3.3.2
[2025-02-21T20:13:33.200+0000] {spark_submit.py:641} INFO - 25/02/21 20:13:33 WARN NativeCodeLoader: Unable to load native-hadoop library for your platform... using builtin-java classes where applicable
[2025-02-21T20:13:33.297+0000] {spark_submit.py:641} INFO - 25/02/21 20:13:33 INFO ResourceUtils: ==============================================================
[2025-02-21T20:13:33.299+0000] {spark_submit.py:641} INFO - 25/02/21 20:13:33 INFO ResourceUtils: No custom resources configured for spark.driver.
[2025-02-21T20:13:33.300+0000] {spark_submit.py:641} INFO - 25/02/21 20:13:33 INFO ResourceUtils: ==============================================================
[2025-02-21T20:13:33.302+0000] {spark_submit.py:641} INFO - 25/02/21 20:13:33 INFO SparkContext: Submitted application: ***_transform
[2025-02-21T20:13:33.327+0000] {spark_submit.py:641} INFO - 25/02/21 20:13:33 INFO ResourceProfile: Default ResourceProfile created, executor resources: Map(cores -> name: cores, amount: 1, script: , vendor: , memory -> name: memory, amount: 1024, script: , vendor: , offHeap -> name: offHeap, amount: 0, script: , vendor: ), task resources: Map(cpus -> name: cpus, amount: 1.0)
[2025-02-21T20:13:33.335+0000] {spark_submit.py:641} INFO - 25/02/21 20:13:33 INFO ResourceProfile: Limiting resource is cpu
[2025-02-21T20:13:33.337+0000] {spark_submit.py:641} INFO - 25/02/21 20:13:33 INFO ResourceProfileManager: Added ResourceProfile id: 0
[2025-02-21T20:13:33.396+0000] {spark_submit.py:641} INFO - 25/02/21 20:13:33 INFO SecurityManager: Changing view acls to: airflow
[2025-02-21T20:13:33.398+0000] {spark_submit.py:641} INFO - 25/02/21 20:13:33 INFO SecurityManager: Changing modify acls to: airflow
[2025-02-21T20:13:33.399+0000] {spark_submit.py:641} INFO - 25/02/21 20:13:33 INFO SecurityManager: Changing view acls groups to:
[2025-02-21T20:13:33.401+0000] {spark_submit.py:641} INFO - 25/02/21 20:13:33 INFO SecurityManager: Changing modify acls groups to:
[2025-02-21T20:13:33.402+0000] {spark_submit.py:641} INFO - 25/02/21 20:13:33 INFO SecurityManager: SecurityManager: authentication disabled; ui acls disabled; users  with view permissions: Set(airflow); groups with view permissions: Set(); users  with modify permissions: Set(airflow); groups with modify permissions: Set()
[2025-02-21T20:13:33.697+0000] {spark_submit.py:641} INFO - 25/02/21 20:13:33 INFO Utils: Successfully started service 'sparkDriver' on port 40111.
[2025-02-21T20:13:33.737+0000] {spark_submit.py:641} INFO - 25/02/21 20:13:33 INFO SparkEnv: Registering MapOutputTracker
[2025-02-21T20:13:33.770+0000] {spark_submit.py:641} INFO - 25/02/21 20:13:33 INFO SparkEnv: Registering BlockManagerMaster
[2025-02-21T20:13:33.788+0000] {spark_submit.py:641} INFO - 25/02/21 20:13:33 INFO BlockManagerMasterEndpoint: Using org.apache.spark.storage.DefaultTopologyMapper for getting topology information
[2025-02-21T20:13:33.790+0000] {spark_submit.py:641} INFO - 25/02/21 20:13:33 INFO BlockManagerMasterEndpoint: BlockManagerMasterEndpoint up
[2025-02-21T20:13:33.793+0000] {spark_submit.py:641} INFO - 25/02/21 20:13:33 INFO SparkEnv: Registering BlockManagerMasterHeartbeat
[2025-02-21T20:13:33.814+0000] {spark_submit.py:641} INFO - 25/02/21 20:13:33 INFO DiskBlockManager: Created local directory at /tmp/blockmgr-16953838-9f3b-4f32-bd37-647f4f7fab50
[2025-02-21T20:13:33.829+0000] {spark_submit.py:641} INFO - 25/02/21 20:13:33 INFO MemoryStore: MemoryStore started with capacity 434.4 MiB
[2025-02-21T20:13:33.843+0000] {spark_submit.py:641} INFO - 25/02/21 20:13:33 INFO SparkEnv: Registering OutputCommitCoordinator
[2025-02-21T20:13:34.092+0000] {spark_submit.py:641} INFO - 25/02/21 20:13:34 INFO Utils: Successfully started service 'SparkUI' on port 4040.
[2025-02-21T20:13:34.182+0000] {spark_submit.py:641} INFO - 25/02/21 20:13:34 INFO Executor: Starting executor ID driver on host ***-airflow-scheduler
[2025-02-21T20:13:34.197+0000] {spark_submit.py:641} INFO - 25/02/21 20:13:34 INFO Executor: Starting executor with user classpath (userClassPathFirst = false): ''
[2025-02-21T20:13:34.219+0000] {spark_submit.py:641} INFO - 25/02/21 20:13:34 INFO Utils: Successfully started service 'org.apache.spark.network.netty.NettyBlockTransferService' on port 39189.
[2025-02-21T20:13:34.221+0000] {spark_submit.py:641} INFO - 25/02/21 20:13:34 INFO NettyBlockTransferService: Server created on ***-airflow-scheduler:39189
[2025-02-21T20:13:34.223+0000] {spark_submit.py:641} INFO - 25/02/21 20:13:34 INFO BlockManager: Using org.apache.spark.storage.RandomBlockReplicationPolicy for block replication policy
[2025-02-21T20:13:34.229+0000] {spark_submit.py:641} INFO - 25/02/21 20:13:34 INFO BlockManagerMaster: Registering BlockManager BlockManagerId(driver, ***-airflow-scheduler, 39189, None)
[2025-02-21T20:13:34.233+0000] {spark_submit.py:641} INFO - 25/02/21 20:13:34 INFO BlockManagerMasterEndpoint: Registering block manager ***-airflow-scheduler:39189 with 434.4 MiB RAM, BlockManagerId(driver, ***-airflow-scheduler, 39189, None)
[2025-02-21T20:13:34.236+0000] {spark_submit.py:641} INFO - 25/02/21 20:13:34 INFO BlockManagerMaster: Registered BlockManager BlockManagerId(driver, ***-airflow-scheduler, 39189, None)
[2025-02-21T20:13:34.237+0000] {spark_submit.py:641} INFO - 25/02/21 20:13:34 INFO BlockManager: Initialized BlockManager: BlockManagerId(driver, ***-airflow-scheduler, 39189, None)
[2025-02-21T20:13:37.682+0000] {spark_submit.py:641} INFO - ---------------- MENAMPILKAN BANYAK DATA NULL DI SETIAP KOLOM ----------------
[2025-02-21T20:13:39.647+0000] {spark_submit.py:641} INFO - +----------------+---------------+-----------+--------------+-----------+------------------------+--------------------+--------+-------------------------+----------------------+--------------------------+---------------+-----------------------+
[2025-02-21T20:13:39.649+0000] {spark_submit.py:641} INFO - |employee_id_null|department_null|region_null|education_null|gender_null|recruitment_channel_null|no_of_trainings_null|age_null|previous_year_rating_null|length_of_service_null|KPIs_met_more_than_80_null|awards_won_null|avg_training_score_null|
[2025-02-21T20:13:39.650+0000] {spark_submit.py:641} INFO - +----------------+---------------+-----------+--------------+-----------+------------------------+--------------------+--------+-------------------------+----------------------+--------------------------+---------------+-----------------------+
[2025-02-21T20:13:39.652+0000] {spark_submit.py:641} INFO - |               0|              0|          0|           771|          0|                       0|                   0|       0|                     1363|                     0|                         0|              0|                      0|
[2025-02-21T20:13:39.653+0000] {spark_submit.py:641} INFO - +----------------+---------------+-----------+--------------+-----------+------------------------+--------------------+--------+-------------------------+----------------------+--------------------------+---------------+-----------------------+
[2025-02-21T20:13:39.654+0000] {spark_submit.py:641} INFO - 
[2025-02-21T20:13:39.655+0000] {spark_submit.py:641} INFO - ---------------- NULL HANDLING PADA KOLOM EDUCATION & PREVIOUS_YEAR_RATING ----------------
[2025-02-21T20:13:39.906+0000] {spark_submit.py:641} INFO - +--------------+-------------------------+
[2025-02-21T20:13:39.908+0000] {spark_submit.py:641} INFO - |education_null|previous_year_rating_null|
[2025-02-21T20:13:39.910+0000] {spark_submit.py:641} INFO - +--------------+-------------------------+
[2025-02-21T20:13:39.912+0000] {spark_submit.py:641} INFO - |             0|                        0|
[2025-02-21T20:13:39.913+0000] {spark_submit.py:641} INFO - +--------------+-------------------------+
[2025-02-21T20:13:39.915+0000] {spark_submit.py:641} INFO - 
[2025-02-21T20:13:39.916+0000] {spark_submit.py:641} INFO - ---------------- MENAMPILKAN BANYAK DATA DUPLIKAT BERDASARKAN EMPLOYEE_ID ----------------
[2025-02-21T20:13:40.617+0000] {spark_submit.py:641} INFO - +-----------+------+
[2025-02-21T20:13:40.619+0000] {spark_submit.py:641} INFO - |employee_id|jumlah|
[2025-02-21T20:13:40.621+0000] {spark_submit.py:641} INFO - +-----------+------+
[2025-02-21T20:13:40.622+0000] {spark_submit.py:641} INFO - |      64573|     2|
[2025-02-21T20:13:40.623+0000] {spark_submit.py:641} INFO - |      49584|     3|
[2025-02-21T20:13:40.624+0000] {spark_submit.py:641} INFO - +-----------+------+
[2025-02-21T20:13:40.625+0000] {spark_submit.py:641} INFO - 
[2025-02-21T20:13:40.627+0000] {spark_submit.py:641} INFO - ---------------- MENAMPILKAN SEMUA BARIS DAN KOLOM DARI EMPLOYEE ID YANG DUPLIKAT ----------------
[2025-02-21T20:13:40.916+0000] {spark_submit.py:641} INFO - +-----------+----------+--------+---------+------+-------------------+---------------+---+--------------------+-----------------+---------------------+----------+------------------+
[2025-02-21T20:13:40.918+0000] {spark_submit.py:641} INFO - |employee_id|department|  region|education|gender|recruitment_channel|no_of_trainings|age|previous_year_rating|length_of_service|KPIs_met_more_than_80|awards_won|avg_training_score|
[2025-02-21T20:13:40.919+0000] {spark_submit.py:641} INFO - +-----------+----------+--------+---------+------+-------------------+---------------+---+--------------------+-----------------+---------------------+----------+------------------+
[2025-02-21T20:13:40.920+0000] {spark_submit.py:641} INFO - |      49584|        HR|region_7|Bachelors|     m|              other|              1| 33|                   1|                9|                    0|         0|                51|
[2025-02-21T20:13:40.921+0000] {spark_submit.py:641} INFO - |      49584|        HR|region_7|Bachelors|     m|              other|              1| 33|                   1|                9|                    0|         0|                51|
[2025-02-21T20:13:40.923+0000] {spark_submit.py:641} INFO - |      49584|        HR|region_7|Bachelors|     m|              other|              1| 33|                   1|                9|                    0|         0|                51|
[2025-02-21T20:13:40.924+0000] {spark_submit.py:641} INFO - |      64573|Technology|region_7|Bachelors|     f|           referred|              2| 30|                   5|                6|                    1|         0|                81|
[2025-02-21T20:13:40.925+0000] {spark_submit.py:641} INFO - |      64573|        HR|region_7|Bachelors|     f|           referred|              1| 35|                   5|                4|                    1|         0|                81|
[2025-02-21T20:13:40.926+0000] {spark_submit.py:641} INFO - +-----------+----------+--------+---------+------+-------------------+---------------+---+--------------------+-----------------+---------------------+----------+------------------+
[2025-02-21T20:13:40.927+0000] {spark_submit.py:641} INFO - 
[2025-02-21T20:13:40.929+0000] {spark_submit.py:641} INFO - ---------------- MENAMPILKAN HASIL DARI DATA DUPLIKASI YANG TELAH DIHANDLE BERDASARKAN KOLOM EMPLOYEE_ID DAN DEPARTMENT ----------------
[2025-02-21T20:13:43.481+0000] {spark_submit.py:641} INFO - +-----------+----------+--------+---------+------+-------------------+---------------+---+--------------------+-----------------+---------------------+----------+------------------+
[2025-02-21T20:13:43.484+0000] {spark_submit.py:641} INFO - |employee_id|department|  region|education|gender|recruitment_channel|no_of_trainings|age|previous_year_rating|length_of_service|KPIs_met_more_than_80|awards_won|avg_training_score|
[2025-02-21T20:13:43.485+0000] {spark_submit.py:641} INFO - +-----------+----------+--------+---------+------+-------------------+---------------+---+--------------------+-----------------+---------------------+----------+------------------+
[2025-02-21T20:13:43.486+0000] {spark_submit.py:641} INFO - |      49584|        HR|region_7|Bachelors|     m|              other|              1| 33|                   1|                9|                    0|         0|                51|
[2025-02-21T20:13:43.487+0000] {spark_submit.py:641} INFO - |      64573|        HR|region_7|Bachelors|     f|           referred|              1| 35|                   5|                4|                    1|         0|                81|
[2025-02-21T20:13:43.488+0000] {spark_submit.py:641} INFO - |      64573|Technology|region_7|Bachelors|     f|           referred|              2| 30|                   5|                6|                    1|         0|                81|
[2025-02-21T20:13:43.489+0000] {spark_submit.py:641} INFO - +-----------+----------+--------+---------+------+-------------------+---------------+---+--------------------+-----------------+---------------------+----------+------------------+
[2025-02-21T20:13:43.489+0000] {spark_submit.py:641} INFO - 
[2025-02-21T20:13:45.071+0000] {spark_submit.py:641} INFO - ---------------- MENAMPILKAN DATA HASIL TRASNFORMASI ----------------
[2025-02-21T20:13:45.704+0000] {spark_submit.py:641} INFO - +-----------+-----------------+---------+---------------+------+-------------------+---------------+---+--------------------+-----------------+---------------------+----------+------------------+
[2025-02-21T20:13:45.712+0000] {spark_submit.py:641} INFO - |employee_id|       department|   region|      education|gender|recruitment_channel|no_of_trainings|age|previous_year_rating|length_of_service|KPIs_met_more_than_80|awards_won|avg_training_score|
[2025-02-21T20:13:45.713+0000] {spark_submit.py:641} INFO - +-----------+-----------------+---------+---------------+------+-------------------+---------------+---+--------------------+-----------------+---------------------+----------+------------------+
[2025-02-21T20:13:45.715+0000] {spark_submit.py:641} INFO - |          3|      Procurement|region_22|Masters & above|     f|              other|              1| 38|                   5|                4|                    1|         0|                67|
[2025-02-21T20:13:45.716+0000] {spark_submit.py:641} INFO - |          6|Sales & Marketing|region_15|      Bachelors|     f|              other|              1| 38|                   3|               10|                    0|         0|                50|
[2025-02-21T20:13:45.717+0000] {spark_submit.py:641} INFO - |         11|       Technology| region_4|Masters & above|     f|           sourcing|              1| 39|                   4|               12|                    1|         0|                72|
[2025-02-21T20:13:45.718+0000] {spark_submit.py:641} INFO - |         13|Sales & Marketing|region_17|      Bachelors|     m|              other|              1| 38|                   1|                5|                    1|         0|                47|
[2025-02-21T20:13:45.719+0000] {spark_submit.py:641} INFO - |         16|Sales & Marketing| region_4|Masters & above|     m|           sourcing|              1| 40|                   5|                5|                    0|         0|                53|
[2025-02-21T20:13:45.721+0000] {spark_submit.py:641} INFO - +-----------+-----------------+---------+---------------+------+-------------------+---------------+---+--------------------+-----------------+---------------------+----------+------------------+
[2025-02-21T20:13:45.722+0000] {spark_submit.py:641} INFO - only showing top 5 rows
[2025-02-21T20:13:45.723+0000] {spark_submit.py:641} INFO - 
[2025-02-21T20:13:46.368+0000] {spark_submit.py:641} INFO - Jumlah baris dalam DataFrame : 17415
[2025-02-21T20:13:46.378+0000] {spark_submit.py:641} INFO - Isi folder data/transformed.parquet :
[2025-02-21T20:13:46.379+0000] {spark_submit.py:641} INFO - ['.part-00000-4f0126de-dae6-4d6d-9968-04458c9e6393-c000.snappy.parquet.crc', 'part-00000-4f0126de-dae6-4d6d-9968-04458c9e6393-c000.snappy.parquet', '_SUCCESS', '._SUCCESS.crc']
[2025-02-21T20:13:46.381+0000] {spark_submit.py:641} INFO - Transform data berhasil.
[2025-02-21T20:13:47.407+0000] {spark_submit.py:641} INFO - +-----------+-----------------+---------+---------------+------+-------------------+---------------+---+--------------------+-----------------+---------------------+----------+------------------+-------------+--------------+
[2025-02-21T20:13:47.420+0000] {spark_submit.py:641} INFO - |employee_id|       department|   region|      education|gender|recruitment_channel|no_of_trainings|age|previous_year_rating|length_of_service|KPIs_met_more_than_80|awards_won|avg_training_score|department_id|rec_channel_id|
[2025-02-21T20:13:47.423+0000] {spark_submit.py:641} INFO - +-----------+-----------------+---------+---------------+------+-------------------+---------------+---+--------------------+-----------------+---------------------+----------+------------------+-------------+--------------+
[2025-02-21T20:13:47.425+0000] {spark_submit.py:641} INFO - |          3|      Procurement|region_22|Masters & above|     f|              other|              1| 38|                   5|                4|                    1|         0|                67|            6|             3|
[2025-02-21T20:13:47.427+0000] {spark_submit.py:641} INFO - |          6|Sales & Marketing|region_15|      Bachelors|     f|              other|              1| 38|                   3|               10|                    0|         0|                50|            8|             3|
[2025-02-21T20:13:47.428+0000] {spark_submit.py:641} INFO - |         11|       Technology| region_4|Masters & above|     f|           sourcing|              1| 39|                   4|               12|                    1|         0|                72|            9|             1|
[2025-02-21T20:13:47.429+0000] {spark_submit.py:641} INFO - |         13|Sales & Marketing|region_17|      Bachelors|     m|              other|              1| 38|                   1|                5|                    1|         0|                47|            8|             3|
[2025-02-21T20:13:47.430+0000] {spark_submit.py:641} INFO - |         16|Sales & Marketing| region_4|Masters & above|     m|           sourcing|              1| 40|                   5|                5|                    0|         0|                53|            8|             1|
[2025-02-21T20:13:47.432+0000] {spark_submit.py:641} INFO - |         17|Sales & Marketing| region_7|      Bachelors|     m|           sourcing|              1| 50|                   5|               13|                    0|         0|                47|            8|             1|
[2025-02-21T20:13:47.433+0000] {spark_submit.py:641} INFO - |         19|               HR| region_2|Masters & above|     f|              other|              1| 50|                   4|                7|                    1|         0|                45|            3|             3|
[2025-02-21T20:13:47.434+0000] {spark_submit.py:641} INFO - |         20|        Analytics|region_21|      Bachelors|     m|           sourcing|              1| 27|                   0|                1|                    1|         0|                89|            1|             1|
[2025-02-21T20:13:47.436+0000] {spark_submit.py:641} INFO - |         21|        Analytics| region_8|      Bachelors|     m|           sourcing|              2| 28|                   2|                3|                    1|         0|                85|            1|             1|
[2025-02-21T20:13:47.437+0000] {spark_submit.py:641} INFO - |         22|       Technology| region_2|Masters & above|     f|              other|              1| 57|                   4|               18|                    1|         0|                77|            9|             3|
[2025-02-21T20:13:47.438+0000] {spark_submit.py:641} INFO - |         23|Sales & Marketing|region_16|      Bachelors|     f|           sourcing|              1| 42|                   1|                3|                    0|         0|                46|            8|             1|
[2025-02-21T20:13:47.440+0000] {spark_submit.py:641} INFO - |         24|               HR|region_28|Masters & above|     f|              other|              1| 32|                   1|                5|                    1|         0|                51|            3|             3|
[2025-02-21T20:13:47.441+0000] {spark_submit.py:641} INFO - |         27|Sales & Marketing|region_16|      Bachelors|     m|           sourcing|              1| 29|                   2|                6|                    0|         0|                51|            8|             1|
[2025-02-21T20:13:47.442+0000] {spark_submit.py:641} INFO - |         29|        Analytics| region_7|      Bachelors|     m|              other|              1| 28|                   0|                1|                    1|         0|                85|            1|             3|
[2025-02-21T20:13:47.443+0000] {spark_submit.py:641} INFO - |         31|Sales & Marketing|region_15|      Bachelors|     f|              other|              1| 29|                   3|                5|                    1|         0|                49|            8|             3|
[2025-02-21T20:13:47.444+0000] {spark_submit.py:641} INFO - |         40|       Operations| region_7|Masters & above|     f|              other|              1| 34|                   1|                4|                    0|         0|                65|            5|             3|
[2025-02-21T20:13:47.445+0000] {spark_submit.py:641} INFO - |         50|Sales & Marketing|region_19|      Bachelors|     m|              other|              1| 32|                   1|                3|                    0|         0|                48|            8|             3|
[2025-02-21T20:13:47.447+0000] {spark_submit.py:641} INFO - |         55|       Operations|region_19|Masters & above|     f|           sourcing|              1| 33|                   5|                3|                    0|         0|                61|            5|             1|
[2025-02-21T20:13:47.448+0000] {spark_submit.py:641} INFO - |         63|Sales & Marketing| region_8|Masters & above|     m|           sourcing|              1| 35|                   5|                8|                    0|         0|                52|            8|             1|
[2025-02-21T20:13:47.449+0000] {spark_submit.py:641} INFO - |         64|        Analytics| region_4|      Bachelors|     m|              other|              1| 42|                   5|               11|                    1|         0|                80|            1|             3|
[2025-02-21T20:13:47.450+0000] {spark_submit.py:641} INFO - +-----------+-----------------+---------+---------------+------+-------------------+---------------+---+--------------------+-----------------+---------------------+----------+------------------+-------------+--------------+
[2025-02-21T20:13:47.451+0000] {spark_submit.py:641} INFO - only showing top 20 rows
[2025-02-21T20:13:47.453+0000] {spark_submit.py:641} INFO - 
[2025-02-21T20:13:50.656+0000] {spark_submit.py:641} INFO - +-----------+-----------------+---------+---------------+------+-------------------+---------------+---+--------------------+-----------------+---------------------+----------+------------------+-------------+--------------+
[2025-02-21T20:13:50.667+0000] {spark_submit.py:641} INFO - |employee_id|       department|   region|      education|gender|recruitment_channel|no_of_trainings|age|previous_year_rating|length_of_service|KPIs_met_more_than_80|awards_won|avg_training_score|department_id|rec_channel_id|
[2025-02-21T20:13:50.669+0000] {spark_submit.py:641} INFO - +-----------+-----------------+---------+---------------+------+-------------------+---------------+---+--------------------+-----------------+---------------------+----------+------------------+-------------+--------------+
[2025-02-21T20:13:50.670+0000] {spark_submit.py:641} INFO - |          3|      Procurement|region_22|Masters & above|     f|              other|              1| 38|                   5|                4|                    1|         0|                67|            6|        Active|
[2025-02-21T20:13:50.672+0000] {spark_submit.py:641} INFO - |          6|Sales & Marketing|region_15|      Bachelors|     f|              other|              1| 38|                   3|               10|                    0|         0|                50|            8|        Active|
[2025-02-21T20:13:50.673+0000] {spark_submit.py:641} INFO - |         11|       Technology| region_4|Masters & above|     f|           sourcing|              1| 39|                   4|               12|                    1|         0|                72|            9|        Active|
[2025-02-21T20:13:50.674+0000] {spark_submit.py:641} INFO - |         13|Sales & Marketing|region_17|      Bachelors|     m|              other|              1| 38|                   1|                5|                    1|         0|                47|            8|        Active|
[2025-02-21T20:13:50.675+0000] {spark_submit.py:641} INFO - |         16|Sales & Marketing| region_4|Masters & above|     m|           sourcing|              1| 40|                   5|                5|                    0|         0|                53|            8|        Active|
[2025-02-21T20:13:50.676+0000] {spark_submit.py:641} INFO - |         17|Sales & Marketing| region_7|      Bachelors|     m|           sourcing|              1| 50|                   5|               13|                    0|         0|                47|            8|        Active|
[2025-02-21T20:13:50.678+0000] {spark_submit.py:641} INFO - |         19|               HR| region_2|Masters & above|     f|              other|              1| 50|                   4|                7|                    1|         0|                45|            3|        Active|
[2025-02-21T20:13:50.679+0000] {spark_submit.py:641} INFO - |         20|        Analytics|region_21|      Bachelors|     m|           sourcing|              1| 27|                   0|                1|                    1|         0|                89|            1|        Active|
[2025-02-21T20:13:50.681+0000] {spark_submit.py:641} INFO - |         21|        Analytics| region_8|      Bachelors|     m|           sourcing|              2| 28|                   2|                3|                    1|         0|                85|            1|        Active|
[2025-02-21T20:13:50.682+0000] {spark_submit.py:641} INFO - |         22|       Technology| region_2|Masters & above|     f|              other|              1| 57|                   4|               18|                    1|         0|                77|            9|        Active|
[2025-02-21T20:13:50.683+0000] {spark_submit.py:641} INFO - |         23|Sales & Marketing|region_16|      Bachelors|     f|           sourcing|              1| 42|                   1|                3|                    0|         0|                46|            8|        Active|
[2025-02-21T20:13:50.684+0000] {spark_submit.py:641} INFO - |         24|               HR|region_28|Masters & above|     f|              other|              1| 32|                   1|                5|                    1|         0|                51|            3|        Active|
[2025-02-21T20:13:50.686+0000] {spark_submit.py:641} INFO - |         27|Sales & Marketing|region_16|      Bachelors|     m|           sourcing|              1| 29|                   2|                6|                    0|         0|                51|            8|        Active|
[2025-02-21T20:13:50.688+0000] {spark_submit.py:641} INFO - |         29|        Analytics| region_7|      Bachelors|     m|              other|              1| 28|                   0|                1|                    1|         0|                85|            1|        Active|
[2025-02-21T20:13:50.689+0000] {spark_submit.py:641} INFO - |         31|Sales & Marketing|region_15|      Bachelors|     f|              other|              1| 29|                   3|                5|                    1|         0|                49|            8|        Active|
[2025-02-21T20:13:50.690+0000] {spark_submit.py:641} INFO - |         40|       Operations| region_7|Masters & above|     f|              other|              1| 34|                   1|                4|                    0|         0|                65|            5|        Active|
[2025-02-21T20:13:50.691+0000] {spark_submit.py:641} INFO - |         50|Sales & Marketing|region_19|      Bachelors|     m|              other|              1| 32|                   1|                3|                    0|         0|                48|            8|        Active|
[2025-02-21T20:13:50.692+0000] {spark_submit.py:641} INFO - |         55|       Operations|region_19|Masters & above|     f|           sourcing|              1| 33|                   5|                3|                    0|         0|                61|            5|        Active|
[2025-02-21T20:13:50.693+0000] {spark_submit.py:641} INFO - |         63|Sales & Marketing| region_8|Masters & above|     m|           sourcing|              1| 35|                   5|                8|                    0|         0|                52|            8|        Active|
[2025-02-21T20:13:50.694+0000] {spark_submit.py:641} INFO - |         64|        Analytics| region_4|      Bachelors|     m|              other|              1| 42|                   5|               11|                    1|         0|                80|            1|        Active|
[2025-02-21T20:13:50.695+0000] {spark_submit.py:641} INFO - +-----------+-----------------+---------+---------------+------+-------------------+---------------+---+--------------------+-----------------+---------------------+----------+------------------+-------------+--------------+
[2025-02-21T20:13:50.696+0000] {spark_submit.py:641} INFO - only showing top 20 rows
[2025-02-21T20:13:50.697+0000] {spark_submit.py:641} INFO - 
[2025-02-21T20:13:51.880+0000] {taskinstance.py:341} INFO - ::group::Post task execution logs
[2025-02-21T20:13:51.879+0000] {job.py:229} INFO - Heartbeat recovered after 12.03 seconds
[2025-02-21T20:13:51.885+0000] {taskinstance.py:353} INFO - Marking task as SUCCESS. dag_id=***_v2_etl_dag, task_id=transform_task, run_id=manual__2025-02-21T20:07:47.207700+00:00, execution_date=20250221T200747, start_date=20250221T201329, end_date=20250221T201351
[2025-02-21T20:13:51.945+0000] {local_task_job_runner.py:266} INFO - Task exited with return code 0
[2025-02-21T20:13:51.974+0000] {taskinstance.py:3901} INFO - 1 downstream tasks scheduled from follow-on schedule check
[2025-02-21T20:13:51.978+0000] {local_task_job_runner.py:245} INFO - ::endgroup::
