[2025-02-21T20:18:12.890+0000] {local_task_job_runner.py:123} INFO - ::group::Pre task execution logs
[2025-02-21T20:18:12.913+0000] {taskinstance.py:2614} INFO - Dependencies all met for dep_context=non-requeueable deps ti=<TaskInstance: finprode8_v2_etl_dag.transform_task manual__2025-02-21T20:07:47.207700+00:00 [queued]>
[2025-02-21T20:18:12.927+0000] {taskinstance.py:2614} INFO - Dependencies all met for dep_context=requeueable deps ti=<TaskInstance: finprode8_v2_etl_dag.transform_task manual__2025-02-21T20:07:47.207700+00:00 [queued]>
[2025-02-21T20:18:12.930+0000] {taskinstance.py:2867} INFO - Starting attempt 5 of 5
[2025-02-21T20:18:12.950+0000] {taskinstance.py:2890} INFO - Executing <Task(SparkSubmitOperator): transform_task> on 2025-02-21 20:07:47.207700+00:00
[2025-02-21T20:18:12.956+0000] {standard_task_runner.py:72} INFO - Started process 7544 to run task
[2025-02-21T20:18:12.961+0000] {standard_task_runner.py:104} INFO - Running: ['airflow', 'tasks', 'run', '***_v2_etl_dag', 'transform_task', 'manual__2025-02-21T20:07:47.207700+00:00', '--job-id', '73', '--raw', '--subdir', 'DAGS_FOLDER/***_v2_etl_dag.py', '--cfg-path', '/tmp/tmph9434irh']
[2025-02-21T20:18:12.965+0000] {standard_task_runner.py:105} INFO - Job 73: Subtask transform_task
[2025-02-21T20:18:12.987+0000] {logging_mixin.py:190} WARNING - /home/airflow/.local/lib/python3.9/site-packages/airflow/settings.py:209 DeprecationWarning: The sql_alchemy_conn option in [core] has been moved to the sql_alchemy_conn option in [database] - the old setting has been used, but please update your config.
[2025-02-21T20:18:13.030+0000] {task_command.py:467} INFO - Running <TaskInstance: finprode8_v2_etl_dag.transform_task manual__2025-02-21T20:07:47.207700+00:00 [running]> on host ***-airflow-scheduler
[2025-02-21T20:18:13.132+0000] {taskinstance.py:3134} INFO - Exporting env vars: AIRFLOW_CTX_DAG_OWNER='ratih malini' AIRFLOW_CTX_DAG_ID='***_v2_etl_dag' AIRFLOW_CTX_TASK_ID='transform_task' AIRFLOW_CTX_EXECUTION_DATE='2025-02-21T20:07:47.207700+00:00' AIRFLOW_CTX_TRY_NUMBER='5' AIRFLOW_CTX_DAG_RUN_ID='manual__2025-02-21T20:07:47.207700+00:00'
[2025-02-21T20:18:13.134+0000] {taskinstance.py:732} INFO - ::endgroup::
[2025-02-21T20:18:13.179+0000] {base.py:84} INFO - Retrieving connection 'spark_main'
[2025-02-21T20:18:13.183+0000] {spark_submit.py:474} INFO - Spark-Submit cmd: spark-submit --master spark://***-spark-master:7077 --name arrow-spark /spark-scripts/***_v2_transform.py
[2025-02-21T20:18:17.059+0000] {spark_submit.py:641} INFO - 25/02/21 20:18:17 INFO SparkContext: Running Spark version 3.3.2
[2025-02-21T20:18:17.152+0000] {spark_submit.py:641} INFO - 25/02/21 20:18:17 WARN NativeCodeLoader: Unable to load native-hadoop library for your platform... using builtin-java classes where applicable
[2025-02-21T20:18:17.275+0000] {spark_submit.py:641} INFO - 25/02/21 20:18:17 INFO ResourceUtils: ==============================================================
[2025-02-21T20:18:17.277+0000] {spark_submit.py:641} INFO - 25/02/21 20:18:17 INFO ResourceUtils: No custom resources configured for spark.driver.
[2025-02-21T20:18:17.279+0000] {spark_submit.py:641} INFO - 25/02/21 20:18:17 INFO ResourceUtils: ==============================================================
[2025-02-21T20:18:17.280+0000] {spark_submit.py:641} INFO - 25/02/21 20:18:17 INFO SparkContext: Submitted application: ***_transform
[2025-02-21T20:18:17.300+0000] {spark_submit.py:641} INFO - 25/02/21 20:18:17 INFO ResourceProfile: Default ResourceProfile created, executor resources: Map(cores -> name: cores, amount: 1, script: , vendor: , memory -> name: memory, amount: 1024, script: , vendor: , offHeap -> name: offHeap, amount: 0, script: , vendor: ), task resources: Map(cpus -> name: cpus, amount: 1.0)
[2025-02-21T20:18:17.309+0000] {spark_submit.py:641} INFO - 25/02/21 20:18:17 INFO ResourceProfile: Limiting resource is cpu
[2025-02-21T20:18:17.312+0000] {spark_submit.py:641} INFO - 25/02/21 20:18:17 INFO ResourceProfileManager: Added ResourceProfile id: 0
[2025-02-21T20:18:17.364+0000] {spark_submit.py:641} INFO - 25/02/21 20:18:17 INFO SecurityManager: Changing view acls to: airflow
[2025-02-21T20:18:17.366+0000] {spark_submit.py:641} INFO - 25/02/21 20:18:17 INFO SecurityManager: Changing modify acls to: airflow
[2025-02-21T20:18:17.368+0000] {spark_submit.py:641} INFO - 25/02/21 20:18:17 INFO SecurityManager: Changing view acls groups to:
[2025-02-21T20:18:17.369+0000] {spark_submit.py:641} INFO - 25/02/21 20:18:17 INFO SecurityManager: Changing modify acls groups to:
[2025-02-21T20:18:17.371+0000] {spark_submit.py:641} INFO - 25/02/21 20:18:17 INFO SecurityManager: SecurityManager: authentication disabled; ui acls disabled; users  with view permissions: Set(airflow); groups with view permissions: Set(); users  with modify permissions: Set(airflow); groups with modify permissions: Set()
[2025-02-21T20:18:17.686+0000] {spark_submit.py:641} INFO - 25/02/21 20:18:17 INFO Utils: Successfully started service 'sparkDriver' on port 35115.
[2025-02-21T20:18:17.736+0000] {spark_submit.py:641} INFO - 25/02/21 20:18:17 INFO SparkEnv: Registering MapOutputTracker
[2025-02-21T20:18:17.777+0000] {spark_submit.py:641} INFO - 25/02/21 20:18:17 INFO SparkEnv: Registering BlockManagerMaster
[2025-02-21T20:18:17.798+0000] {spark_submit.py:641} INFO - 25/02/21 20:18:17 INFO BlockManagerMasterEndpoint: Using org.apache.spark.storage.DefaultTopologyMapper for getting topology information
[2025-02-21T20:18:17.799+0000] {spark_submit.py:641} INFO - 25/02/21 20:18:17 INFO BlockManagerMasterEndpoint: BlockManagerMasterEndpoint up
[2025-02-21T20:18:17.806+0000] {spark_submit.py:641} INFO - 25/02/21 20:18:17 INFO SparkEnv: Registering BlockManagerMasterHeartbeat
[2025-02-21T20:18:17.830+0000] {spark_submit.py:641} INFO - 25/02/21 20:18:17 INFO DiskBlockManager: Created local directory at /tmp/blockmgr-29fa1164-4db3-4591-aeef-d09569ffe408
[2025-02-21T20:18:17.851+0000] {spark_submit.py:641} INFO - 25/02/21 20:18:17 INFO MemoryStore: MemoryStore started with capacity 434.4 MiB
[2025-02-21T20:18:17.872+0000] {spark_submit.py:641} INFO - 25/02/21 20:18:17 INFO SparkEnv: Registering OutputCommitCoordinator
[2025-02-21T20:18:18.187+0000] {spark_submit.py:641} INFO - 25/02/21 20:18:18 INFO Utils: Successfully started service 'SparkUI' on port 4040.
[2025-02-21T20:18:18.307+0000] {spark_submit.py:641} INFO - 25/02/21 20:18:18 INFO Executor: Starting executor ID driver on host ***-airflow-scheduler
[2025-02-21T20:18:18.320+0000] {spark_submit.py:641} INFO - 25/02/21 20:18:18 INFO Executor: Starting executor with user classpath (userClassPathFirst = false): ''
[2025-02-21T20:18:18.345+0000] {spark_submit.py:641} INFO - 25/02/21 20:18:18 INFO Utils: Successfully started service 'org.apache.spark.network.netty.NettyBlockTransferService' on port 40429.
[2025-02-21T20:18:18.346+0000] {spark_submit.py:641} INFO - 25/02/21 20:18:18 INFO NettyBlockTransferService: Server created on ***-airflow-scheduler:40429
[2025-02-21T20:18:18.348+0000] {spark_submit.py:641} INFO - 25/02/21 20:18:18 INFO BlockManager: Using org.apache.spark.storage.RandomBlockReplicationPolicy for block replication policy
[2025-02-21T20:18:18.354+0000] {spark_submit.py:641} INFO - 25/02/21 20:18:18 INFO BlockManagerMaster: Registering BlockManager BlockManagerId(driver, ***-airflow-scheduler, 40429, None)
[2025-02-21T20:18:18.358+0000] {spark_submit.py:641} INFO - 25/02/21 20:18:18 INFO BlockManagerMasterEndpoint: Registering block manager ***-airflow-scheduler:40429 with 434.4 MiB RAM, BlockManagerId(driver, ***-airflow-scheduler, 40429, None)
[2025-02-21T20:18:18.360+0000] {spark_submit.py:641} INFO - 25/02/21 20:18:18 INFO BlockManagerMaster: Registered BlockManager BlockManagerId(driver, ***-airflow-scheduler, 40429, None)
[2025-02-21T20:18:18.362+0000] {spark_submit.py:641} INFO - 25/02/21 20:18:18 INFO BlockManager: Initialized BlockManager: BlockManagerId(driver, ***-airflow-scheduler, 40429, None)
[2025-02-21T20:18:22.374+0000] {spark_submit.py:641} INFO - ---------------- MENAMPILKAN BANYAK DATA NULL DI SETIAP KOLOM ----------------
[2025-02-21T20:18:24.764+0000] {spark_submit.py:641} INFO - +----------------+---------------+-----------+--------------+-----------+------------------------+--------------------+--------+-------------------------+----------------------+--------------------------+---------------+-----------------------+
[2025-02-21T20:18:24.766+0000] {spark_submit.py:641} INFO - |employee_id_null|department_null|region_null|education_null|gender_null|recruitment_channel_null|no_of_trainings_null|age_null|previous_year_rating_null|length_of_service_null|KPIs_met_more_than_80_null|awards_won_null|avg_training_score_null|
[2025-02-21T20:18:24.767+0000] {spark_submit.py:641} INFO - +----------------+---------------+-----------+--------------+-----------+------------------------+--------------------+--------+-------------------------+----------------------+--------------------------+---------------+-----------------------+
[2025-02-21T20:18:24.769+0000] {spark_submit.py:641} INFO - |               0|              0|          0|           771|          0|                       0|                   0|       0|                     1363|                     0|                         0|              0|                      0|
[2025-02-21T20:18:24.770+0000] {spark_submit.py:641} INFO - +----------------+---------------+-----------+--------------+-----------+------------------------+--------------------+--------+-------------------------+----------------------+--------------------------+---------------+-----------------------+
[2025-02-21T20:18:24.771+0000] {spark_submit.py:641} INFO - 
[2025-02-21T20:18:24.773+0000] {spark_submit.py:641} INFO - ---------------- NULL HANDLING PADA KOLOM EDUCATION & PREVIOUS_YEAR_RATING ----------------
[2025-02-21T20:18:25.023+0000] {spark_submit.py:641} INFO - +--------------+-------------------------+
[2025-02-21T20:18:25.025+0000] {spark_submit.py:641} INFO - |education_null|previous_year_rating_null|
[2025-02-21T20:18:25.026+0000] {spark_submit.py:641} INFO - +--------------+-------------------------+
[2025-02-21T20:18:25.028+0000] {spark_submit.py:641} INFO - |             0|                        0|
[2025-02-21T20:18:25.029+0000] {spark_submit.py:641} INFO - +--------------+-------------------------+
[2025-02-21T20:18:25.031+0000] {spark_submit.py:641} INFO - 
[2025-02-21T20:18:25.032+0000] {spark_submit.py:641} INFO - ---------------- MENAMPILKAN BANYAK DATA DUPLIKAT BERDASARKAN EMPLOYEE_ID ----------------
[2025-02-21T20:18:25.767+0000] {spark_submit.py:641} INFO - +-----------+------+
[2025-02-21T20:18:25.769+0000] {spark_submit.py:641} INFO - |employee_id|jumlah|
[2025-02-21T20:18:25.771+0000] {spark_submit.py:641} INFO - +-----------+------+
[2025-02-21T20:18:25.774+0000] {spark_submit.py:641} INFO - |      64573|     2|
[2025-02-21T20:18:25.776+0000] {spark_submit.py:641} INFO - |      49584|     3|
[2025-02-21T20:18:25.777+0000] {spark_submit.py:641} INFO - +-----------+------+
[2025-02-21T20:18:25.779+0000] {spark_submit.py:641} INFO - 
[2025-02-21T20:18:25.781+0000] {spark_submit.py:641} INFO - ---------------- MENAMPILKAN SEMUA BARIS DAN KOLOM DARI EMPLOYEE ID YANG DUPLIKAT ----------------
[2025-02-21T20:18:26.213+0000] {spark_submit.py:641} INFO - +-----------+----------+--------+---------+------+-------------------+---------------+---+--------------------+-----------------+---------------------+----------+------------------+
[2025-02-21T20:18:26.214+0000] {spark_submit.py:641} INFO - |employee_id|department|  region|education|gender|recruitment_channel|no_of_trainings|age|previous_year_rating|length_of_service|KPIs_met_more_than_80|awards_won|avg_training_score|
[2025-02-21T20:18:26.215+0000] {spark_submit.py:641} INFO - +-----------+----------+--------+---------+------+-------------------+---------------+---+--------------------+-----------------+---------------------+----------+------------------+
[2025-02-21T20:18:26.217+0000] {spark_submit.py:641} INFO - |      49584|        HR|region_7|Bachelors|     m|              other|              1| 33|                   1|                9|                    0|         0|                51|
[2025-02-21T20:18:26.218+0000] {spark_submit.py:641} INFO - |      49584|        HR|region_7|Bachelors|     m|              other|              1| 33|                   1|                9|                    0|         0|                51|
[2025-02-21T20:18:26.220+0000] {spark_submit.py:641} INFO - |      49584|        HR|region_7|Bachelors|     m|              other|              1| 33|                   1|                9|                    0|         0|                51|
[2025-02-21T20:18:26.221+0000] {spark_submit.py:641} INFO - |      64573|Technology|region_7|Bachelors|     f|           referred|              2| 30|                   5|                6|                    1|         0|                81|
[2025-02-21T20:18:26.222+0000] {spark_submit.py:641} INFO - |      64573|        HR|region_7|Bachelors|     f|           referred|              1| 35|                   5|                4|                    1|         0|                81|
[2025-02-21T20:18:26.223+0000] {spark_submit.py:641} INFO - +-----------+----------+--------+---------+------+-------------------+---------------+---+--------------------+-----------------+---------------------+----------+------------------+
[2025-02-21T20:18:26.224+0000] {spark_submit.py:641} INFO - 
[2025-02-21T20:18:26.225+0000] {spark_submit.py:641} INFO - ---------------- MENAMPILKAN HASIL DARI DATA DUPLIKASI YANG TELAH DIHANDLE BERDASARKAN KOLOM EMPLOYEE_ID DAN DEPARTMENT ----------------
[2025-02-21T20:18:26.828+0000] {spark_submit.py:641} INFO - +-----------+----------+--------+---------+------+-------------------+---------------+---+--------------------+-----------------+---------------------+----------+------------------+
[2025-02-21T20:18:26.837+0000] {spark_submit.py:641} INFO - |employee_id|department|  region|education|gender|recruitment_channel|no_of_trainings|age|previous_year_rating|length_of_service|KPIs_met_more_than_80|awards_won|avg_training_score|
[2025-02-21T20:18:26.838+0000] {spark_submit.py:641} INFO - +-----------+----------+--------+---------+------+-------------------+---------------+---+--------------------+-----------------+---------------------+----------+------------------+
[2025-02-21T20:18:26.840+0000] {spark_submit.py:641} INFO - |      49584|        HR|region_7|Bachelors|     m|              other|              1| 33|                   1|                9|                    0|         0|                51|
[2025-02-21T20:18:26.841+0000] {spark_submit.py:641} INFO - |      64573|        HR|region_7|Bachelors|     f|           referred|              1| 35|                   5|                4|                    1|         0|                81|
[2025-02-21T20:18:26.844+0000] {spark_submit.py:641} INFO - |      64573|Technology|region_7|Bachelors|     f|           referred|              2| 30|                   5|                6|                    1|         0|                81|
[2025-02-21T20:18:26.846+0000] {spark_submit.py:641} INFO - +-----------+----------+--------+---------+------+-------------------+---------------+---+--------------------+-----------------+---------------------+----------+------------------+
[2025-02-21T20:18:26.848+0000] {spark_submit.py:641} INFO - 
[2025-02-21T20:18:29.126+0000] {spark_submit.py:641} INFO - ---------------- MENAMPILKAN DATA HASIL TRASNFORMASI ----------------
[2025-02-21T20:18:31.928+0000] {spark_submit.py:641} INFO - +-----------+-----------------+---------+---------------+------+-------------------+---------------+---+--------------------+-----------------+---------------------+----------+------------------+
[2025-02-21T20:18:31.940+0000] {spark_submit.py:641} INFO - |employee_id|       department|   region|      education|gender|recruitment_channel|no_of_trainings|age|previous_year_rating|length_of_service|KPIs_met_more_than_80|awards_won|avg_training_score|
[2025-02-21T20:18:31.943+0000] {spark_submit.py:641} INFO - +-----------+-----------------+---------+---------------+------+-------------------+---------------+---+--------------------+-----------------+---------------------+----------+------------------+
[2025-02-21T20:18:31.946+0000] {spark_submit.py:641} INFO - |          3|      Procurement|region_22|Masters & above|     f|              other|              1| 38|                   5|                4|                    1|         0|                67|
[2025-02-21T20:18:31.947+0000] {spark_submit.py:641} INFO - |          6|Sales & Marketing|region_15|      Bachelors|     f|              other|              1| 38|                   3|               10|                    0|         0|                50|
[2025-02-21T20:18:31.948+0000] {spark_submit.py:641} INFO - |         11|       Technology| region_4|Masters & above|     f|           sourcing|              1| 39|                   4|               12|                    1|         0|                72|
[2025-02-21T20:18:31.950+0000] {spark_submit.py:641} INFO - |         13|Sales & Marketing|region_17|      Bachelors|     m|              other|              1| 38|                   1|                5|                    1|         0|                47|
[2025-02-21T20:18:31.951+0000] {spark_submit.py:641} INFO - |         16|Sales & Marketing| region_4|Masters & above|     m|           sourcing|              1| 40|                   5|                5|                    0|         0|                53|
[2025-02-21T20:18:31.953+0000] {spark_submit.py:641} INFO - +-----------+-----------------+---------+---------------+------+-------------------+---------------+---+--------------------+-----------------+---------------------+----------+------------------+
[2025-02-21T20:18:31.954+0000] {spark_submit.py:641} INFO - only showing top 5 rows
[2025-02-21T20:18:31.955+0000] {spark_submit.py:641} INFO - 
[2025-02-21T20:18:44.234+0000] {spark_submit.py:641} INFO - Jumlah baris dalam DataFrame : 17415
[2025-02-21T20:18:44.246+0000] {spark_submit.py:641} INFO - Isi folder data/transformed.parquet :
[2025-02-21T20:18:44.249+0000] {spark_submit.py:641} INFO - ['_SUCCESS', 'part-00000-c4fb679c-a222-4e7a-b20f-0e10ac56796d-c000.snappy.parquet', '.part-00000-c4fb679c-a222-4e7a-b20f-0e10ac56796d-c000.snappy.parquet.crc', '._SUCCESS.crc']
[2025-02-21T20:18:44.251+0000] {spark_submit.py:641} INFO - Transform data berhasil.
[2025-02-21T20:18:49.191+0000] {spark_submit.py:641} INFO - +-----------+-----------------+---------+---------------+------+-------------------+---------------+---+--------------------+-----------------+---------------------+----------+------------------+-------------+--------------+
[2025-02-21T20:18:49.201+0000] {spark_submit.py:641} INFO - |employee_id|       department|   region|      education|gender|recruitment_channel|no_of_trainings|age|previous_year_rating|length_of_service|KPIs_met_more_than_80|awards_won|avg_training_score|department_id|rec_channel_id|
[2025-02-21T20:18:49.203+0000] {spark_submit.py:641} INFO - +-----------+-----------------+---------+---------------+------+-------------------+---------------+---+--------------------+-----------------+---------------------+----------+------------------+-------------+--------------+
[2025-02-21T20:18:49.204+0000] {spark_submit.py:641} INFO - |          3|      Procurement|region_22|Masters & above|     f|              other|              1| 38|                   5|                4|                    1|         0|                67|       Active|             3|
[2025-02-21T20:18:49.205+0000] {spark_submit.py:641} INFO - |          6|Sales & Marketing|region_15|      Bachelors|     f|              other|              1| 38|                   3|               10|                    0|         0|                50|       Active|             3|
[2025-02-21T20:18:49.206+0000] {spark_submit.py:641} INFO - |         11|       Technology| region_4|Masters & above|     f|           sourcing|              1| 39|                   4|               12|                    1|         0|                72|       Active|             1|
[2025-02-21T20:18:49.208+0000] {spark_submit.py:641} INFO - |         13|Sales & Marketing|region_17|      Bachelors|     m|              other|              1| 38|                   1|                5|                    1|         0|                47|       Active|             3|
[2025-02-21T20:18:49.208+0000] {spark_submit.py:641} INFO - |         16|Sales & Marketing| region_4|Masters & above|     m|           sourcing|              1| 40|                   5|                5|                    0|         0|                53|       Active|             1|
[2025-02-21T20:18:49.210+0000] {spark_submit.py:641} INFO - |         17|Sales & Marketing| region_7|      Bachelors|     m|           sourcing|              1| 50|                   5|               13|                    0|         0|                47|       Active|             1|
[2025-02-21T20:18:49.211+0000] {spark_submit.py:641} INFO - |         19|               HR| region_2|Masters & above|     f|              other|              1| 50|                   4|                7|                    1|         0|                45|       Active|             3|
[2025-02-21T20:18:49.214+0000] {spark_submit.py:641} INFO - |         20|        Analytics|region_21|      Bachelors|     m|           sourcing|              1| 27|                   0|                1|                    1|         0|                89|       Active|             1|
[2025-02-21T20:18:49.216+0000] {spark_submit.py:641} INFO - |         21|        Analytics| region_8|      Bachelors|     m|           sourcing|              2| 28|                   2|                3|                    1|         0|                85|       Active|             1|
[2025-02-21T20:18:49.218+0000] {spark_submit.py:641} INFO - |         22|       Technology| region_2|Masters & above|     f|              other|              1| 57|                   4|               18|                    1|         0|                77|       Active|             3|
[2025-02-21T20:18:49.219+0000] {spark_submit.py:641} INFO - |         23|Sales & Marketing|region_16|      Bachelors|     f|           sourcing|              1| 42|                   1|                3|                    0|         0|                46|       Active|             1|
[2025-02-21T20:18:49.220+0000] {spark_submit.py:641} INFO - |         24|               HR|region_28|Masters & above|     f|              other|              1| 32|                   1|                5|                    1|         0|                51|       Active|             3|
[2025-02-21T20:18:49.221+0000] {spark_submit.py:641} INFO - |         27|Sales & Marketing|region_16|      Bachelors|     m|           sourcing|              1| 29|                   2|                6|                    0|         0|                51|       Active|             1|
[2025-02-21T20:18:49.222+0000] {spark_submit.py:641} INFO - |         29|        Analytics| region_7|      Bachelors|     m|              other|              1| 28|                   0|                1|                    1|         0|                85|       Active|             3|
[2025-02-21T20:18:49.223+0000] {spark_submit.py:641} INFO - |         31|Sales & Marketing|region_15|      Bachelors|     f|              other|              1| 29|                   3|                5|                    1|         0|                49|       Active|             3|
[2025-02-21T20:18:49.224+0000] {spark_submit.py:641} INFO - |         40|       Operations| region_7|Masters & above|     f|              other|              1| 34|                   1|                4|                    0|         0|                65|       Active|             3|
[2025-02-21T20:18:49.225+0000] {spark_submit.py:641} INFO - |         50|Sales & Marketing|region_19|      Bachelors|     m|              other|              1| 32|                   1|                3|                    0|         0|                48|       Active|             3|
[2025-02-21T20:18:49.227+0000] {spark_submit.py:641} INFO - |         55|       Operations|region_19|Masters & above|     f|           sourcing|              1| 33|                   5|                3|                    0|         0|                61|       Active|             1|
[2025-02-21T20:18:49.229+0000] {spark_submit.py:641} INFO - |         63|Sales & Marketing| region_8|Masters & above|     m|           sourcing|              1| 35|                   5|                8|                    0|         0|                52|       Active|             1|
[2025-02-21T20:18:49.230+0000] {spark_submit.py:641} INFO - |         64|        Analytics| region_4|      Bachelors|     m|              other|              1| 42|                   5|               11|                    1|         0|                80|       Active|             3|
[2025-02-21T20:18:49.231+0000] {spark_submit.py:641} INFO - +-----------+-----------------+---------+---------------+------+-------------------+---------------+---+--------------------+-----------------+---------------------+----------+------------------+-------------+--------------+
[2025-02-21T20:18:49.233+0000] {spark_submit.py:641} INFO - only showing top 20 rows
[2025-02-21T20:18:49.234+0000] {spark_submit.py:641} INFO - 
[2025-02-21T20:18:51.058+0000] {spark_submit.py:641} INFO - +-----------+-----------------+---------+---------------+------+-------------------+---------------+---+--------------------+-----------------+---------------------+----------+------------------+-------------+--------------+
[2025-02-21T20:18:51.069+0000] {spark_submit.py:641} INFO - |employee_id|       department|   region|      education|gender|recruitment_channel|no_of_trainings|age|previous_year_rating|length_of_service|KPIs_met_more_than_80|awards_won|avg_training_score|department_id|rec_channel_id|
[2025-02-21T20:18:51.071+0000] {spark_submit.py:641} INFO - +-----------+-----------------+---------+---------------+------+-------------------+---------------+---+--------------------+-----------------+---------------------+----------+------------------+-------------+--------------+
[2025-02-21T20:18:51.072+0000] {spark_submit.py:641} INFO - |          3|      Procurement|region_22|Masters & above|     f|              other|              1| 38|                   5|                4|                    1|         0|                67|       Active|             3|
[2025-02-21T20:18:51.074+0000] {spark_submit.py:641} INFO - |          6|Sales & Marketing|region_15|      Bachelors|     f|              other|              1| 38|                   3|               10|                    0|         0|                50|       Active|             3|
[2025-02-21T20:18:51.075+0000] {spark_submit.py:641} INFO - |         11|       Technology| region_4|Masters & above|     f|           sourcing|              1| 39|                   4|               12|                    1|         0|                72|       Active|             1|
[2025-02-21T20:18:51.075+0000] {spark_submit.py:641} INFO - |         13|Sales & Marketing|region_17|      Bachelors|     m|              other|              1| 38|                   1|                5|                    1|         0|                47|       Active|             3|
[2025-02-21T20:18:51.077+0000] {spark_submit.py:641} INFO - |         16|Sales & Marketing| region_4|Masters & above|     m|           sourcing|              1| 40|                   5|                5|                    0|         0|                53|       Active|             1|
[2025-02-21T20:18:51.078+0000] {spark_submit.py:641} INFO - |         17|Sales & Marketing| region_7|      Bachelors|     m|           sourcing|              1| 50|                   5|               13|                    0|         0|                47|       Active|             1|
[2025-02-21T20:18:51.080+0000] {spark_submit.py:641} INFO - |         19|               HR| region_2|Masters & above|     f|              other|              1| 50|                   4|                7|                    1|         0|                45|       Active|             3|
[2025-02-21T20:18:51.081+0000] {spark_submit.py:641} INFO - |         20|        Analytics|region_21|      Bachelors|     m|           sourcing|              1| 27|                   0|                1|                    1|         0|                89|       Active|             1|
[2025-02-21T20:18:51.082+0000] {spark_submit.py:641} INFO - |         21|        Analytics| region_8|      Bachelors|     m|           sourcing|              2| 28|                   2|                3|                    1|         0|                85|       Active|             1|
[2025-02-21T20:18:51.083+0000] {spark_submit.py:641} INFO - |         22|       Technology| region_2|Masters & above|     f|              other|              1| 57|                   4|               18|                    1|         0|                77|       Active|             3|
[2025-02-21T20:18:51.085+0000] {spark_submit.py:641} INFO - |         23|Sales & Marketing|region_16|      Bachelors|     f|           sourcing|              1| 42|                   1|                3|                    0|         0|                46|       Active|             1|
[2025-02-21T20:18:51.086+0000] {spark_submit.py:641} INFO - |         24|               HR|region_28|Masters & above|     f|              other|              1| 32|                   1|                5|                    1|         0|                51|       Active|             3|
[2025-02-21T20:18:51.087+0000] {spark_submit.py:641} INFO - |         27|Sales & Marketing|region_16|      Bachelors|     m|           sourcing|              1| 29|                   2|                6|                    0|         0|                51|       Active|             1|
[2025-02-21T20:18:51.088+0000] {spark_submit.py:641} INFO - |         29|        Analytics| region_7|      Bachelors|     m|              other|              1| 28|                   0|                1|                    1|         0|                85|       Active|             3|
[2025-02-21T20:18:51.089+0000] {spark_submit.py:641} INFO - |         31|Sales & Marketing|region_15|      Bachelors|     f|              other|              1| 29|                   3|                5|                    1|         0|                49|       Active|             3|
[2025-02-21T20:18:51.089+0000] {spark_submit.py:641} INFO - |         40|       Operations| region_7|Masters & above|     f|              other|              1| 34|                   1|                4|                    0|         0|                65|       Active|             3|
[2025-02-21T20:18:51.090+0000] {spark_submit.py:641} INFO - |         50|Sales & Marketing|region_19|      Bachelors|     m|              other|              1| 32|                   1|                3|                    0|         0|                48|       Active|             3|
[2025-02-21T20:18:51.091+0000] {spark_submit.py:641} INFO - |         55|       Operations|region_19|Masters & above|     f|           sourcing|              1| 33|                   5|                3|                    0|         0|                61|       Active|             1|
[2025-02-21T20:18:51.092+0000] {spark_submit.py:641} INFO - |         63|Sales & Marketing| region_8|Masters & above|     m|           sourcing|              1| 35|                   5|                8|                    0|         0|                52|       Active|             1|
[2025-02-21T20:18:51.093+0000] {spark_submit.py:641} INFO - |         64|        Analytics| region_4|      Bachelors|     m|              other|              1| 42|                   5|               11|                    1|         0|                80|       Active|             3|
[2025-02-21T20:18:51.094+0000] {spark_submit.py:641} INFO - +-----------+-----------------+---------+---------------+------+-------------------+---------------+---+--------------------+-----------------+---------------------+----------+------------------+-------------+--------------+
[2025-02-21T20:18:51.096+0000] {spark_submit.py:641} INFO - only showing top 20 rows
[2025-02-21T20:18:51.097+0000] {spark_submit.py:641} INFO - 
[2025-02-21T20:18:51.586+0000] {job.py:229} INFO - Heartbeat recovered after 22.99 seconds
[2025-02-21T20:18:51.642+0000] {taskinstance.py:341} INFO - ::group::Post task execution logs
[2025-02-21T20:18:51.644+0000] {taskinstance.py:353} INFO - Marking task as SUCCESS. dag_id=***_v2_etl_dag, task_id=transform_task, run_id=manual__2025-02-21T20:07:47.207700+00:00, execution_date=20250221T200747, start_date=20250221T201812, end_date=20250221T201851
[2025-02-21T20:18:51.708+0000] {local_task_job_runner.py:266} INFO - Task exited with return code 0
[2025-02-21T20:18:51.738+0000] {taskinstance.py:3901} INFO - 1 downstream tasks scheduled from follow-on schedule check
[2025-02-21T20:18:51.740+0000] {local_task_job_runner.py:245} INFO - ::endgroup::
