[2025-02-21T20:15:58.658+0000] {local_task_job_runner.py:123} INFO - ::group::Pre task execution logs
[2025-02-21T20:15:58.686+0000] {taskinstance.py:2614} INFO - Dependencies all met for dep_context=non-requeueable deps ti=<TaskInstance: finprode8_v2_etl_dag.transform_task manual__2025-02-21T20:07:47.207700+00:00 [queued]>
[2025-02-21T20:15:58.703+0000] {taskinstance.py:2614} INFO - Dependencies all met for dep_context=requeueable deps ti=<TaskInstance: finprode8_v2_etl_dag.transform_task manual__2025-02-21T20:07:47.207700+00:00 [queued]>
[2025-02-21T20:15:58.705+0000] {taskinstance.py:2867} INFO - Starting attempt 4 of 4
[2025-02-21T20:15:58.725+0000] {taskinstance.py:2890} INFO - Executing <Task(SparkSubmitOperator): transform_task> on 2025-02-21 20:07:47.207700+00:00
[2025-02-21T20:15:58.731+0000] {standard_task_runner.py:72} INFO - Started process 7047 to run task
[2025-02-21T20:15:58.735+0000] {standard_task_runner.py:104} INFO - Running: ['airflow', 'tasks', 'run', '***_v2_etl_dag', 'transform_task', 'manual__2025-02-21T20:07:47.207700+00:00', '--job-id', '71', '--raw', '--subdir', 'DAGS_FOLDER/***_v2_etl_dag.py', '--cfg-path', '/tmp/tmpjaeiujvh']
[2025-02-21T20:15:58.738+0000] {standard_task_runner.py:105} INFO - Job 71: Subtask transform_task
[2025-02-21T20:15:58.761+0000] {logging_mixin.py:190} WARNING - /home/airflow/.local/lib/python3.9/site-packages/airflow/settings.py:209 DeprecationWarning: The sql_alchemy_conn option in [core] has been moved to the sql_alchemy_conn option in [database] - the old setting has been used, but please update your config.
[2025-02-21T20:15:58.807+0000] {task_command.py:467} INFO - Running <TaskInstance: finprode8_v2_etl_dag.transform_task manual__2025-02-21T20:07:47.207700+00:00 [running]> on host ***-airflow-scheduler
[2025-02-21T20:15:58.900+0000] {taskinstance.py:3134} INFO - Exporting env vars: AIRFLOW_CTX_DAG_OWNER='ratih malini' AIRFLOW_CTX_DAG_ID='***_v2_etl_dag' AIRFLOW_CTX_TASK_ID='transform_task' AIRFLOW_CTX_EXECUTION_DATE='2025-02-21T20:07:47.207700+00:00' AIRFLOW_CTX_TRY_NUMBER='4' AIRFLOW_CTX_DAG_RUN_ID='manual__2025-02-21T20:07:47.207700+00:00'
[2025-02-21T20:15:58.902+0000] {taskinstance.py:732} INFO - ::endgroup::
[2025-02-21T20:15:58.944+0000] {base.py:84} INFO - Retrieving connection 'spark_main'
[2025-02-21T20:15:58.946+0000] {spark_submit.py:474} INFO - Spark-Submit cmd: spark-submit --master spark://***-spark-master:7077 --name arrow-spark /spark-scripts/***_v2_transform.py
[2025-02-21T20:16:02.478+0000] {spark_submit.py:641} INFO - 25/02/21 20:16:02 INFO SparkContext: Running Spark version 3.3.2
[2025-02-21T20:16:02.560+0000] {spark_submit.py:641} INFO - 25/02/21 20:16:02 WARN NativeCodeLoader: Unable to load native-hadoop library for your platform... using builtin-java classes where applicable
[2025-02-21T20:16:02.674+0000] {spark_submit.py:641} INFO - 25/02/21 20:16:02 INFO ResourceUtils: ==============================================================
[2025-02-21T20:16:02.676+0000] {spark_submit.py:641} INFO - 25/02/21 20:16:02 INFO ResourceUtils: No custom resources configured for spark.driver.
[2025-02-21T20:16:02.678+0000] {spark_submit.py:641} INFO - 25/02/21 20:16:02 INFO ResourceUtils: ==============================================================
[2025-02-21T20:16:02.679+0000] {spark_submit.py:641} INFO - 25/02/21 20:16:02 INFO SparkContext: Submitted application: ***_transform
[2025-02-21T20:16:02.706+0000] {spark_submit.py:641} INFO - 25/02/21 20:16:02 INFO ResourceProfile: Default ResourceProfile created, executor resources: Map(cores -> name: cores, amount: 1, script: , vendor: , memory -> name: memory, amount: 1024, script: , vendor: , offHeap -> name: offHeap, amount: 0, script: , vendor: ), task resources: Map(cpus -> name: cpus, amount: 1.0)
[2025-02-21T20:16:02.714+0000] {spark_submit.py:641} INFO - 25/02/21 20:16:02 INFO ResourceProfile: Limiting resource is cpu
[2025-02-21T20:16:02.716+0000] {spark_submit.py:641} INFO - 25/02/21 20:16:02 INFO ResourceProfileManager: Added ResourceProfile id: 0
[2025-02-21T20:16:02.768+0000] {spark_submit.py:641} INFO - 25/02/21 20:16:02 INFO SecurityManager: Changing view acls to: airflow
[2025-02-21T20:16:02.771+0000] {spark_submit.py:641} INFO - 25/02/21 20:16:02 INFO SecurityManager: Changing modify acls to: airflow
[2025-02-21T20:16:02.772+0000] {spark_submit.py:641} INFO - 25/02/21 20:16:02 INFO SecurityManager: Changing view acls groups to:
[2025-02-21T20:16:02.774+0000] {spark_submit.py:641} INFO - 25/02/21 20:16:02 INFO SecurityManager: Changing modify acls groups to:
[2025-02-21T20:16:02.776+0000] {spark_submit.py:641} INFO - 25/02/21 20:16:02 INFO SecurityManager: SecurityManager: authentication disabled; ui acls disabled; users  with view permissions: Set(airflow); groups with view permissions: Set(); users  with modify permissions: Set(airflow); groups with modify permissions: Set()
[2025-02-21T20:16:03.052+0000] {spark_submit.py:641} INFO - 25/02/21 20:16:03 INFO Utils: Successfully started service 'sparkDriver' on port 38023.
[2025-02-21T20:16:03.097+0000] {spark_submit.py:641} INFO - 25/02/21 20:16:03 INFO SparkEnv: Registering MapOutputTracker
[2025-02-21T20:16:03.136+0000] {spark_submit.py:641} INFO - 25/02/21 20:16:03 INFO SparkEnv: Registering BlockManagerMaster
[2025-02-21T20:16:03.156+0000] {spark_submit.py:641} INFO - 25/02/21 20:16:03 INFO BlockManagerMasterEndpoint: Using org.apache.spark.storage.DefaultTopologyMapper for getting topology information
[2025-02-21T20:16:03.158+0000] {spark_submit.py:641} INFO - 25/02/21 20:16:03 INFO BlockManagerMasterEndpoint: BlockManagerMasterEndpoint up
[2025-02-21T20:16:03.162+0000] {spark_submit.py:641} INFO - 25/02/21 20:16:03 INFO SparkEnv: Registering BlockManagerMasterHeartbeat
[2025-02-21T20:16:03.188+0000] {spark_submit.py:641} INFO - 25/02/21 20:16:03 INFO DiskBlockManager: Created local directory at /tmp/blockmgr-53fd2f3a-a4ca-416d-b037-e4e6e63f26c0
[2025-02-21T20:16:03.204+0000] {spark_submit.py:641} INFO - 25/02/21 20:16:03 INFO MemoryStore: MemoryStore started with capacity 434.4 MiB
[2025-02-21T20:16:03.219+0000] {spark_submit.py:641} INFO - 25/02/21 20:16:03 INFO SparkEnv: Registering OutputCommitCoordinator
[2025-02-21T20:16:03.469+0000] {spark_submit.py:641} INFO - 25/02/21 20:16:03 INFO Utils: Successfully started service 'SparkUI' on port 4040.
[2025-02-21T20:16:03.560+0000] {spark_submit.py:641} INFO - 25/02/21 20:16:03 INFO Executor: Starting executor ID driver on host ***-airflow-scheduler
[2025-02-21T20:16:03.571+0000] {spark_submit.py:641} INFO - 25/02/21 20:16:03 INFO Executor: Starting executor with user classpath (userClassPathFirst = false): ''
[2025-02-21T20:16:03.587+0000] {spark_submit.py:641} INFO - 25/02/21 20:16:03 INFO Utils: Successfully started service 'org.apache.spark.network.netty.NettyBlockTransferService' on port 38083.
[2025-02-21T20:16:03.589+0000] {spark_submit.py:641} INFO - 25/02/21 20:16:03 INFO NettyBlockTransferService: Server created on ***-airflow-scheduler:38083
[2025-02-21T20:16:03.590+0000] {spark_submit.py:641} INFO - 25/02/21 20:16:03 INFO BlockManager: Using org.apache.spark.storage.RandomBlockReplicationPolicy for block replication policy
[2025-02-21T20:16:03.596+0000] {spark_submit.py:641} INFO - 25/02/21 20:16:03 INFO BlockManagerMaster: Registering BlockManager BlockManagerId(driver, ***-airflow-scheduler, 38083, None)
[2025-02-21T20:16:03.601+0000] {spark_submit.py:641} INFO - 25/02/21 20:16:03 INFO BlockManagerMasterEndpoint: Registering block manager ***-airflow-scheduler:38083 with 434.4 MiB RAM, BlockManagerId(driver, ***-airflow-scheduler, 38083, None)
[2025-02-21T20:16:03.603+0000] {spark_submit.py:641} INFO - 25/02/21 20:16:03 INFO BlockManagerMaster: Registered BlockManager BlockManagerId(driver, ***-airflow-scheduler, 38083, None)
[2025-02-21T20:16:03.605+0000] {spark_submit.py:641} INFO - 25/02/21 20:16:03 INFO BlockManager: Initialized BlockManager: BlockManagerId(driver, ***-airflow-scheduler, 38083, None)
[2025-02-21T20:16:07.896+0000] {spark_submit.py:641} INFO - ---------------- MENAMPILKAN BANYAK DATA NULL DI SETIAP KOLOM ----------------
[2025-02-21T20:16:09.733+0000] {spark_submit.py:641} INFO - +----------------+---------------+-----------+--------------+-----------+------------------------+--------------------+--------+-------------------------+----------------------+--------------------------+---------------+-----------------------+
[2025-02-21T20:16:09.735+0000] {spark_submit.py:641} INFO - |employee_id_null|department_null|region_null|education_null|gender_null|recruitment_channel_null|no_of_trainings_null|age_null|previous_year_rating_null|length_of_service_null|KPIs_met_more_than_80_null|awards_won_null|avg_training_score_null|
[2025-02-21T20:16:09.736+0000] {spark_submit.py:641} INFO - +----------------+---------------+-----------+--------------+-----------+------------------------+--------------------+--------+-------------------------+----------------------+--------------------------+---------------+-----------------------+
[2025-02-21T20:16:09.738+0000] {spark_submit.py:641} INFO - |               0|              0|          0|           771|          0|                       0|                   0|       0|                     1363|                     0|                         0|              0|                      0|
[2025-02-21T20:16:09.740+0000] {spark_submit.py:641} INFO - +----------------+---------------+-----------+--------------+-----------+------------------------+--------------------+--------+-------------------------+----------------------+--------------------------+---------------+-----------------------+
[2025-02-21T20:16:09.741+0000] {spark_submit.py:641} INFO - 
[2025-02-21T20:16:09.742+0000] {spark_submit.py:641} INFO - ---------------- NULL HANDLING PADA KOLOM EDUCATION & PREVIOUS_YEAR_RATING ----------------
[2025-02-21T20:16:09.954+0000] {spark_submit.py:641} INFO - +--------------+-------------------------+
[2025-02-21T20:16:09.955+0000] {spark_submit.py:641} INFO - |education_null|previous_year_rating_null|
[2025-02-21T20:16:09.957+0000] {spark_submit.py:641} INFO - +--------------+-------------------------+
[2025-02-21T20:16:09.958+0000] {spark_submit.py:641} INFO - |             0|                        0|
[2025-02-21T20:16:09.959+0000] {spark_submit.py:641} INFO - +--------------+-------------------------+
[2025-02-21T20:16:09.961+0000] {spark_submit.py:641} INFO - 
[2025-02-21T20:16:09.962+0000] {spark_submit.py:641} INFO - ---------------- MENAMPILKAN BANYAK DATA DUPLIKAT BERDASARKAN EMPLOYEE_ID ----------------
[2025-02-21T20:16:10.572+0000] {spark_submit.py:641} INFO - +-----------+------+
[2025-02-21T20:16:10.573+0000] {spark_submit.py:641} INFO - |employee_id|jumlah|
[2025-02-21T20:16:10.575+0000] {spark_submit.py:641} INFO - +-----------+------+
[2025-02-21T20:16:10.576+0000] {spark_submit.py:641} INFO - |      64573|     2|
[2025-02-21T20:16:10.578+0000] {spark_submit.py:641} INFO - |      49584|     3|
[2025-02-21T20:16:10.579+0000] {spark_submit.py:641} INFO - +-----------+------+
[2025-02-21T20:16:10.581+0000] {spark_submit.py:641} INFO - 
[2025-02-21T20:16:10.585+0000] {spark_submit.py:641} INFO - ---------------- MENAMPILKAN SEMUA BARIS DAN KOLOM DARI EMPLOYEE ID YANG DUPLIKAT ----------------
[2025-02-21T20:16:10.960+0000] {spark_submit.py:641} INFO - +-----------+----------+--------+---------+------+-------------------+---------------+---+--------------------+-----------------+---------------------+----------+------------------+
[2025-02-21T20:16:10.962+0000] {spark_submit.py:641} INFO - |employee_id|department|  region|education|gender|recruitment_channel|no_of_trainings|age|previous_year_rating|length_of_service|KPIs_met_more_than_80|awards_won|avg_training_score|
[2025-02-21T20:16:10.963+0000] {spark_submit.py:641} INFO - +-----------+----------+--------+---------+------+-------------------+---------------+---+--------------------+-----------------+---------------------+----------+------------------+
[2025-02-21T20:16:10.965+0000] {spark_submit.py:641} INFO - |      49584|        HR|region_7|Bachelors|     m|              other|              1| 33|                   1|                9|                    0|         0|                51|
[2025-02-21T20:16:10.966+0000] {spark_submit.py:641} INFO - |      49584|        HR|region_7|Bachelors|     m|              other|              1| 33|                   1|                9|                    0|         0|                51|
[2025-02-21T20:16:10.968+0000] {spark_submit.py:641} INFO - |      49584|        HR|region_7|Bachelors|     m|              other|              1| 33|                   1|                9|                    0|         0|                51|
[2025-02-21T20:16:10.969+0000] {spark_submit.py:641} INFO - |      64573|Technology|region_7|Bachelors|     f|           referred|              2| 30|                   5|                6|                    1|         0|                81|
[2025-02-21T20:16:10.970+0000] {spark_submit.py:641} INFO - |      64573|        HR|region_7|Bachelors|     f|           referred|              1| 35|                   5|                4|                    1|         0|                81|
[2025-02-21T20:16:10.972+0000] {spark_submit.py:641} INFO - +-----------+----------+--------+---------+------+-------------------+---------------+---+--------------------+-----------------+---------------------+----------+------------------+
[2025-02-21T20:16:10.973+0000] {spark_submit.py:641} INFO - 
[2025-02-21T20:16:10.975+0000] {spark_submit.py:641} INFO - ---------------- MENAMPILKAN HASIL DARI DATA DUPLIKASI YANG TELAH DIHANDLE BERDASARKAN KOLOM EMPLOYEE_ID DAN DEPARTMENT ----------------
[2025-02-21T20:16:11.471+0000] {spark_submit.py:641} INFO - +-----------+----------+--------+---------+------+-------------------+---------------+---+--------------------+-----------------+---------------------+----------+------------------+
[2025-02-21T20:16:11.473+0000] {spark_submit.py:641} INFO - |employee_id|department|  region|education|gender|recruitment_channel|no_of_trainings|age|previous_year_rating|length_of_service|KPIs_met_more_than_80|awards_won|avg_training_score|
[2025-02-21T20:16:11.474+0000] {spark_submit.py:641} INFO - +-----------+----------+--------+---------+------+-------------------+---------------+---+--------------------+-----------------+---------------------+----------+------------------+
[2025-02-21T20:16:11.475+0000] {spark_submit.py:641} INFO - |      49584|        HR|region_7|Bachelors|     m|              other|              1| 33|                   1|                9|                    0|         0|                51|
[2025-02-21T20:16:11.476+0000] {spark_submit.py:641} INFO - |      64573|        HR|region_7|Bachelors|     f|           referred|              1| 35|                   5|                4|                    1|         0|                81|
[2025-02-21T20:16:11.477+0000] {spark_submit.py:641} INFO - |      64573|Technology|region_7|Bachelors|     f|           referred|              2| 30|                   5|                6|                    1|         0|                81|
[2025-02-21T20:16:11.479+0000] {spark_submit.py:641} INFO - +-----------+----------+--------+---------+------+-------------------+---------------+---+--------------------+-----------------+---------------------+----------+------------------+
[2025-02-21T20:16:11.480+0000] {spark_submit.py:641} INFO - 
[2025-02-21T20:16:12.636+0000] {spark_submit.py:641} INFO - ---------------- MENAMPILKAN DATA HASIL TRASNFORMASI ----------------
[2025-02-21T20:16:12.988+0000] {spark_submit.py:641} INFO - +-----------+-----------------+---------+---------------+------+-------------------+---------------+---+--------------------+-----------------+---------------------+----------+------------------+
[2025-02-21T20:16:12.990+0000] {spark_submit.py:641} INFO - |employee_id|       department|   region|      education|gender|recruitment_channel|no_of_trainings|age|previous_year_rating|length_of_service|KPIs_met_more_than_80|awards_won|avg_training_score|
[2025-02-21T20:16:12.991+0000] {spark_submit.py:641} INFO - +-----------+-----------------+---------+---------------+------+-------------------+---------------+---+--------------------+-----------------+---------------------+----------+------------------+
[2025-02-21T20:16:12.993+0000] {spark_submit.py:641} INFO - |          3|      Procurement|region_22|Masters & above|     f|              other|              1| 38|                   5|                4|                    1|         0|                67|
[2025-02-21T20:16:12.995+0000] {spark_submit.py:641} INFO - |          6|Sales & Marketing|region_15|      Bachelors|     f|              other|              1| 38|                   3|               10|                    0|         0|                50|
[2025-02-21T20:16:12.997+0000] {spark_submit.py:641} INFO - |         11|       Technology| region_4|Masters & above|     f|           sourcing|              1| 39|                   4|               12|                    1|         0|                72|
[2025-02-21T20:16:12.999+0000] {spark_submit.py:641} INFO - |         13|Sales & Marketing|region_17|      Bachelors|     m|              other|              1| 38|                   1|                5|                    1|         0|                47|
[2025-02-21T20:16:13.000+0000] {spark_submit.py:641} INFO - |         16|Sales & Marketing| region_4|Masters & above|     m|           sourcing|              1| 40|                   5|                5|                    0|         0|                53|
[2025-02-21T20:16:13.002+0000] {spark_submit.py:641} INFO - +-----------+-----------------+---------+---------------+------+-------------------+---------------+---+--------------------+-----------------+---------------------+----------+------------------+
[2025-02-21T20:16:13.004+0000] {spark_submit.py:641} INFO - only showing top 5 rows
[2025-02-21T20:16:13.005+0000] {spark_submit.py:641} INFO - 
[2025-02-21T20:16:13.249+0000] {spark_submit.py:641} INFO - Jumlah baris dalam DataFrame : 17415
[2025-02-21T20:16:13.251+0000] {spark_submit.py:641} INFO - Isi folder data/transformed.parquet :
[2025-02-21T20:16:13.252+0000] {spark_submit.py:641} INFO - ['part-00000-ed66b7ba-2f49-4432-a492-2ca74aa06b1d-c000.snappy.parquet', '_SUCCESS', '.part-00000-ed66b7ba-2f49-4432-a492-2ca74aa06b1d-c000.snappy.parquet.crc', '._SUCCESS.crc']
[2025-02-21T20:16:13.253+0000] {spark_submit.py:641} INFO - Transform data berhasil.
[2025-02-21T20:16:13.255+0000] {spark_submit.py:641} INFO - Traceback (most recent call last):
[2025-02-21T20:16:13.256+0000] {spark_submit.py:641} INFO - File "/spark-scripts/***_v2_transform.py", line 104, in <module>
[2025-02-21T20:16:13.259+0000] {spark_submit.py:641} INFO - transform()
[2025-02-21T20:16:13.260+0000] {spark_submit.py:641} INFO - File "/spark-scripts/***_v2_transform.py", line 73, in transform
[2025-02-21T20:16:13.261+0000] {spark_submit.py:641} INFO - df_modif = df_cleaned.withColumn("department_id","rec_channel_id", lit("Active"))
[2025-02-21T20:16:13.262+0000] {spark_submit.py:641} INFO - TypeError: withColumn() takes 3 positional arguments but 4 were given
[2025-02-21T20:16:13.596+0000] {taskinstance.py:3313} ERROR - Task failed with exception
Traceback (most recent call last):
  File "/home/airflow/.local/lib/python3.9/site-packages/airflow/models/taskinstance.py", line 768, in _execute_task
    result = _execute_callable(context=context, **execute_callable_kwargs)
  File "/home/airflow/.local/lib/python3.9/site-packages/airflow/models/taskinstance.py", line 734, in _execute_callable
    return ExecutionCallableRunner(
  File "/home/airflow/.local/lib/python3.9/site-packages/airflow/utils/operator_helpers.py", line 252, in run
    return self.func(*args, **kwargs)
  File "/home/airflow/.local/lib/python3.9/site-packages/airflow/models/baseoperator.py", line 424, in wrapper
    return func(self, *args, **kwargs)
  File "/home/airflow/.local/lib/python3.9/site-packages/airflow/providers/apache/spark/operators/spark_submit.py", line 177, in execute
    self._hook.submit(self.application)
  File "/home/airflow/.local/lib/python3.9/site-packages/airflow/providers/apache/spark/hooks/spark_submit.py", line 567, in submit
    raise AirflowException(
airflow.exceptions.AirflowException: Cannot execute: spark-submit --master spark://***-spark-master:7077 --name arrow-spark /spark-scripts/***_v2_transform.py. Error code is: 1.
[2025-02-21T20:16:13.618+0000] {taskinstance.py:1226} INFO - Marking task as FAILED. dag_id=***_v2_etl_dag, task_id=transform_task, run_id=manual__2025-02-21T20:07:47.207700+00:00, execution_date=20250221T200747, start_date=20250221T201558, end_date=20250221T201613
[2025-02-21T20:16:13.675+0000] {taskinstance.py:341} INFO - ::group::Post task execution logs
[2025-02-21T20:16:13.678+0000] {standard_task_runner.py:124} ERROR - Failed to execute job 71 for task transform_task (Cannot execute: spark-submit --master spark://***-spark-master:7077 --name arrow-spark /spark-scripts/***_v2_transform.py. Error code is: 1.; 7047)
Traceback (most recent call last):
  File "/home/airflow/.local/lib/python3.9/site-packages/airflow/task/task_runner/standard_task_runner.py", line 117, in _start_by_fork
    ret = args.func(args, dag=self.dag)
  File "/home/airflow/.local/lib/python3.9/site-packages/airflow/cli/cli_config.py", line 49, in command
    return func(*args, **kwargs)
  File "/home/airflow/.local/lib/python3.9/site-packages/airflow/utils/cli.py", line 116, in wrapper
    return f(*args, **kwargs)
  File "/home/airflow/.local/lib/python3.9/site-packages/airflow/cli/commands/task_command.py", line 483, in task_run
    task_return_code = _run_task_by_selected_method(args, _dag, ti)
  File "/home/airflow/.local/lib/python3.9/site-packages/airflow/cli/commands/task_command.py", line 256, in _run_task_by_selected_method
    return _run_raw_task(args, ti)
  File "/home/airflow/.local/lib/python3.9/site-packages/airflow/cli/commands/task_command.py", line 341, in _run_raw_task
    return ti._run_raw_task(
  File "/home/airflow/.local/lib/python3.9/site-packages/airflow/utils/session.py", line 97, in wrapper
    return func(*args, session=session, **kwargs)
  File "/home/airflow/.local/lib/python3.9/site-packages/airflow/models/taskinstance.py", line 3006, in _run_raw_task
    return _run_raw_task(
  File "/home/airflow/.local/lib/python3.9/site-packages/airflow/models/taskinstance.py", line 274, in _run_raw_task
    TaskInstance._execute_task_with_callbacks(
  File "/home/airflow/.local/lib/python3.9/site-packages/airflow/models/taskinstance.py", line 3161, in _execute_task_with_callbacks
    result = self._execute_task(context, task_orig)
  File "/home/airflow/.local/lib/python3.9/site-packages/airflow/models/taskinstance.py", line 3185, in _execute_task
    return _execute_task(self, context, task_orig)
  File "/home/airflow/.local/lib/python3.9/site-packages/airflow/models/taskinstance.py", line 768, in _execute_task
    result = _execute_callable(context=context, **execute_callable_kwargs)
  File "/home/airflow/.local/lib/python3.9/site-packages/airflow/models/taskinstance.py", line 734, in _execute_callable
    return ExecutionCallableRunner(
  File "/home/airflow/.local/lib/python3.9/site-packages/airflow/utils/operator_helpers.py", line 252, in run
    return self.func(*args, **kwargs)
  File "/home/airflow/.local/lib/python3.9/site-packages/airflow/models/baseoperator.py", line 424, in wrapper
    return func(self, *args, **kwargs)
  File "/home/airflow/.local/lib/python3.9/site-packages/airflow/providers/apache/spark/operators/spark_submit.py", line 177, in execute
    self._hook.submit(self.application)
  File "/home/airflow/.local/lib/python3.9/site-packages/airflow/providers/apache/spark/hooks/spark_submit.py", line 567, in submit
    raise AirflowException(
airflow.exceptions.AirflowException: Cannot execute: spark-submit --master spark://***-spark-master:7077 --name arrow-spark /spark-scripts/***_v2_transform.py. Error code is: 1.
[2025-02-21T20:16:13.730+0000] {local_task_job_runner.py:266} INFO - Task exited with return code 1
[2025-02-21T20:16:13.750+0000] {standard_task_runner.py:217} INFO - Process not found (most likely exited), stop collecting metrics
[2025-02-21T20:16:13.758+0000] {taskinstance.py:3901} INFO - 0 downstream tasks scheduled from follow-on schedule check
[2025-02-21T20:16:13.763+0000] {local_task_job_runner.py:245} INFO - ::endgroup::
