[2025-02-21T14:07:26.392+0000] {local_task_job_runner.py:123} INFO - ::group::Pre task execution logs
[2025-02-21T14:07:26.450+0000] {taskinstance.py:2614} INFO - Dependencies all met for dep_context=non-requeueable deps ti=<TaskInstance: finprode8_v2_etl_dag.transform_task manual__2025-02-21T14:07:04.324394+00:00 [queued]>
[2025-02-21T14:07:26.488+0000] {taskinstance.py:2614} INFO - Dependencies all met for dep_context=requeueable deps ti=<TaskInstance: finprode8_v2_etl_dag.transform_task manual__2025-02-21T14:07:04.324394+00:00 [queued]>
[2025-02-21T14:07:26.491+0000] {taskinstance.py:2867} INFO - Starting attempt 1 of 1
[2025-02-21T14:07:26.531+0000] {taskinstance.py:2890} INFO - Executing <Task(SparkSubmitOperator): transform_task> on 2025-02-21 14:07:04.324394+00:00
[2025-02-21T14:07:26.548+0000] {standard_task_runner.py:72} INFO - Started process 1741 to run task
[2025-02-21T14:07:26.557+0000] {standard_task_runner.py:104} INFO - Running: ['airflow', 'tasks', 'run', '***_v2_etl_dag', 'transform_task', 'manual__2025-02-21T14:07:04.324394+00:00', '--job-id', '35', '--raw', '--subdir', 'DAGS_FOLDER/***_v2_etl_dag.py', '--cfg-path', '/tmp/tmp6i101bb4']
[2025-02-21T14:07:26.568+0000] {standard_task_runner.py:105} INFO - Job 35: Subtask transform_task
[2025-02-21T14:07:26.607+0000] {logging_mixin.py:190} WARNING - /home/airflow/.local/lib/python3.9/site-packages/airflow/settings.py:209 DeprecationWarning: The sql_alchemy_conn option in [core] has been moved to the sql_alchemy_conn option in [database] - the old setting has been used, but please update your config.
[2025-02-21T14:07:26.696+0000] {task_command.py:467} INFO - Running <TaskInstance: finprode8_v2_etl_dag.transform_task manual__2025-02-21T14:07:04.324394+00:00 [running]> on host ***-airflow-scheduler
[2025-02-21T14:07:26.925+0000] {taskinstance.py:3134} INFO - Exporting env vars: AIRFLOW_CTX_DAG_OWNER='ratih malini' AIRFLOW_CTX_DAG_ID='***_v2_etl_dag' AIRFLOW_CTX_TASK_ID='transform_task' AIRFLOW_CTX_EXECUTION_DATE='2025-02-21T14:07:04.324394+00:00' AIRFLOW_CTX_TRY_NUMBER='1' AIRFLOW_CTX_DAG_RUN_ID='manual__2025-02-21T14:07:04.324394+00:00'
[2025-02-21T14:07:26.929+0000] {taskinstance.py:732} INFO - ::endgroup::
[2025-02-21T14:07:26.982+0000] {base.py:84} INFO - Retrieving connection 'spark_main'
[2025-02-21T14:07:26.986+0000] {spark_submit.py:474} INFO - Spark-Submit cmd: spark-submit --master spark://***-spark-master:7077 --name arrow-spark /spark-scripts/***_v2_transform.py
[2025-02-21T14:07:30.834+0000] {spark_submit.py:641} INFO - 25/02/21 14:07:30 INFO SparkContext: Running Spark version 3.3.2
[2025-02-21T14:07:30.934+0000] {spark_submit.py:641} INFO - 25/02/21 14:07:30 WARN NativeCodeLoader: Unable to load native-hadoop library for your platform... using builtin-java classes where applicable
[2025-02-21T14:07:31.029+0000] {spark_submit.py:641} INFO - 25/02/21 14:07:31 INFO ResourceUtils: ==============================================================
[2025-02-21T14:07:31.031+0000] {spark_submit.py:641} INFO - 25/02/21 14:07:31 INFO ResourceUtils: No custom resources configured for spark.driver.
[2025-02-21T14:07:31.032+0000] {spark_submit.py:641} INFO - 25/02/21 14:07:31 INFO ResourceUtils: ==============================================================
[2025-02-21T14:07:31.033+0000] {spark_submit.py:641} INFO - 25/02/21 14:07:31 INFO SparkContext: Submitted application: ***_transform
[2025-02-21T14:07:31.052+0000] {spark_submit.py:641} INFO - 25/02/21 14:07:31 INFO ResourceProfile: Default ResourceProfile created, executor resources: Map(cores -> name: cores, amount: 1, script: , vendor: , memory -> name: memory, amount: 1024, script: , vendor: , offHeap -> name: offHeap, amount: 0, script: , vendor: ), task resources: Map(cpus -> name: cpus, amount: 1.0)
[2025-02-21T14:07:31.062+0000] {spark_submit.py:641} INFO - 25/02/21 14:07:31 INFO ResourceProfile: Limiting resource is cpu
[2025-02-21T14:07:31.064+0000] {spark_submit.py:641} INFO - 25/02/21 14:07:31 INFO ResourceProfileManager: Added ResourceProfile id: 0
[2025-02-21T14:07:31.109+0000] {spark_submit.py:641} INFO - 25/02/21 14:07:31 INFO SecurityManager: Changing view acls to: airflow
[2025-02-21T14:07:31.111+0000] {spark_submit.py:641} INFO - 25/02/21 14:07:31 INFO SecurityManager: Changing modify acls to: airflow
[2025-02-21T14:07:31.113+0000] {spark_submit.py:641} INFO - 25/02/21 14:07:31 INFO SecurityManager: Changing view acls groups to:
[2025-02-21T14:07:31.115+0000] {spark_submit.py:641} INFO - 25/02/21 14:07:31 INFO SecurityManager: Changing modify acls groups to:
[2025-02-21T14:07:31.116+0000] {spark_submit.py:641} INFO - 25/02/21 14:07:31 INFO SecurityManager: SecurityManager: authentication disabled; ui acls disabled; users  with view permissions: Set(airflow); groups with view permissions: Set(); users  with modify permissions: Set(airflow); groups with modify permissions: Set()
[2025-02-21T14:07:31.347+0000] {spark_submit.py:641} INFO - 25/02/21 14:07:31 INFO Utils: Successfully started service 'sparkDriver' on port 42507.
[2025-02-21T14:07:31.396+0000] {spark_submit.py:641} INFO - 25/02/21 14:07:31 INFO SparkEnv: Registering MapOutputTracker
[2025-02-21T14:07:31.448+0000] {spark_submit.py:641} INFO - 25/02/21 14:07:31 INFO SparkEnv: Registering BlockManagerMaster
[2025-02-21T14:07:31.477+0000] {spark_submit.py:641} INFO - 25/02/21 14:07:31 INFO BlockManagerMasterEndpoint: Using org.apache.spark.storage.DefaultTopologyMapper for getting topology information
[2025-02-21T14:07:31.479+0000] {spark_submit.py:641} INFO - 25/02/21 14:07:31 INFO BlockManagerMasterEndpoint: BlockManagerMasterEndpoint up
[2025-02-21T14:07:31.487+0000] {spark_submit.py:641} INFO - 25/02/21 14:07:31 INFO SparkEnv: Registering BlockManagerMasterHeartbeat
[2025-02-21T14:07:31.537+0000] {spark_submit.py:641} INFO - 25/02/21 14:07:31 INFO DiskBlockManager: Created local directory at /tmp/blockmgr-35b2af3f-f94a-44a0-b997-5b064b81363f
[2025-02-21T14:07:31.573+0000] {spark_submit.py:641} INFO - 25/02/21 14:07:31 INFO MemoryStore: MemoryStore started with capacity 434.4 MiB
[2025-02-21T14:07:31.607+0000] {spark_submit.py:641} INFO - 25/02/21 14:07:31 INFO SparkEnv: Registering OutputCommitCoordinator
[2025-02-21T14:07:31.964+0000] {spark_submit.py:641} INFO - 25/02/21 14:07:31 INFO Utils: Successfully started service 'SparkUI' on port 4040.
[2025-02-21T14:07:32.123+0000] {spark_submit.py:641} INFO - 25/02/21 14:07:32 INFO Executor: Starting executor ID driver on host ***-airflow-scheduler
[2025-02-21T14:07:32.138+0000] {spark_submit.py:641} INFO - 25/02/21 14:07:32 INFO Executor: Starting executor with user classpath (userClassPathFirst = false): ''
[2025-02-21T14:07:32.162+0000] {spark_submit.py:641} INFO - 25/02/21 14:07:32 INFO Utils: Successfully started service 'org.apache.spark.network.netty.NettyBlockTransferService' on port 40653.
[2025-02-21T14:07:32.164+0000] {spark_submit.py:641} INFO - 25/02/21 14:07:32 INFO NettyBlockTransferService: Server created on ***-airflow-scheduler:40653
[2025-02-21T14:07:32.166+0000] {spark_submit.py:641} INFO - 25/02/21 14:07:32 INFO BlockManager: Using org.apache.spark.storage.RandomBlockReplicationPolicy for block replication policy
[2025-02-21T14:07:32.171+0000] {spark_submit.py:641} INFO - 25/02/21 14:07:32 INFO BlockManagerMaster: Registering BlockManager BlockManagerId(driver, ***-airflow-scheduler, 40653, None)
[2025-02-21T14:07:32.175+0000] {spark_submit.py:641} INFO - 25/02/21 14:07:32 INFO BlockManagerMasterEndpoint: Registering block manager ***-airflow-scheduler:40653 with 434.4 MiB RAM, BlockManagerId(driver, ***-airflow-scheduler, 40653, None)
[2025-02-21T14:07:32.178+0000] {spark_submit.py:641} INFO - 25/02/21 14:07:32 INFO BlockManagerMaster: Registered BlockManager BlockManagerId(driver, ***-airflow-scheduler, 40653, None)
[2025-02-21T14:07:32.180+0000] {spark_submit.py:641} INFO - 25/02/21 14:07:32 INFO BlockManager: Initialized BlockManager: BlockManagerId(driver, ***-airflow-scheduler, 40653, None)
[2025-02-21T14:07:37.458+0000] {spark_submit.py:641} INFO - ---------------- MENAMPILKAN BANYAK DATA NULL DI SETIAP KOLOM ----------------
[2025-02-21T14:07:40.245+0000] {spark_submit.py:641} INFO - +----------------+---------------+-----------+--------------+-----------+------------------------+--------------------+--------+-------------------------+----------------------+--------------------------+---------------+-----------------------+
[2025-02-21T14:07:40.247+0000] {spark_submit.py:641} INFO - |employee_id_null|department_null|region_null|education_null|gender_null|recruitment_channel_null|no_of_trainings_null|age_null|previous_year_rating_null|length_of_service_null|KPIs_met_more_than_80_null|awards_won_null|avg_training_score_null|
[2025-02-21T14:07:40.249+0000] {spark_submit.py:641} INFO - +----------------+---------------+-----------+--------------+-----------+------------------------+--------------------+--------+-------------------------+----------------------+--------------------------+---------------+-----------------------+
[2025-02-21T14:07:40.251+0000] {spark_submit.py:641} INFO - |               0|              0|          0|           771|          0|                       0|                   0|       0|                     1363|                     0|                         0|              0|                      0|
[2025-02-21T14:07:40.252+0000] {spark_submit.py:641} INFO - +----------------+---------------+-----------+--------------+-----------+------------------------+--------------------+--------+-------------------------+----------------------+--------------------------+---------------+-----------------------+
[2025-02-21T14:07:40.254+0000] {spark_submit.py:641} INFO - 
[2025-02-21T14:07:40.255+0000] {spark_submit.py:641} INFO - ---------------- NULL HANDLING PADA KOLOM EDUCATION & PREVIOUS_YEAR_RATING ----------------
[2025-02-21T14:07:40.541+0000] {spark_submit.py:641} INFO - +--------------+-------------------------+
[2025-02-21T14:07:40.542+0000] {spark_submit.py:641} INFO - |education_null|previous_year_rating_null|
[2025-02-21T14:07:40.544+0000] {spark_submit.py:641} INFO - +--------------+-------------------------+
[2025-02-21T14:07:40.545+0000] {spark_submit.py:641} INFO - |             0|                        0|
[2025-02-21T14:07:40.547+0000] {spark_submit.py:641} INFO - +--------------+-------------------------+
[2025-02-21T14:07:40.550+0000] {spark_submit.py:641} INFO - 
[2025-02-21T14:07:40.553+0000] {spark_submit.py:641} INFO - ---------------- MENAMPILKAN BANYAK DATA DUPLIKAT BERDASARKAN EMPLOYEE_ID ----------------
[2025-02-21T14:07:41.479+0000] {spark_submit.py:641} INFO - +-----------+------+
[2025-02-21T14:07:41.480+0000] {spark_submit.py:641} INFO - |employee_id|jumlah|
[2025-02-21T14:07:41.482+0000] {spark_submit.py:641} INFO - +-----------+------+
[2025-02-21T14:07:41.483+0000] {spark_submit.py:641} INFO - |      64573|     2|
[2025-02-21T14:07:41.485+0000] {spark_submit.py:641} INFO - |      49584|     3|
[2025-02-21T14:07:41.487+0000] {spark_submit.py:641} INFO - +-----------+------+
[2025-02-21T14:07:41.488+0000] {spark_submit.py:641} INFO - 
[2025-02-21T14:07:41.489+0000] {spark_submit.py:641} INFO - ---------------- MENAMPILKAN SEMUA BARIS DAN KOLOM DARI EMPLOYEE ID YANG DUPLIKAT ----------------
[2025-02-21T14:07:42.087+0000] {spark_submit.py:641} INFO - +-----------+----------+--------+---------+------+-------------------+---------------+---+--------------------+-----------------+---------------------+----------+------------------+
[2025-02-21T14:07:42.089+0000] {spark_submit.py:641} INFO - |employee_id|department|  region|education|gender|recruitment_channel|no_of_trainings|age|previous_year_rating|length_of_service|KPIs_met_more_than_80|awards_won|avg_training_score|
[2025-02-21T14:07:42.092+0000] {spark_submit.py:641} INFO - +-----------+----------+--------+---------+------+-------------------+---------------+---+--------------------+-----------------+---------------------+----------+------------------+
[2025-02-21T14:07:42.094+0000] {spark_submit.py:641} INFO - |      49584|        HR|region_7|Bachelors|     m|              other|              1| 33|                   1|                9|                    0|         0|                51|
[2025-02-21T14:07:42.096+0000] {spark_submit.py:641} INFO - |      49584|        HR|region_7|Bachelors|     m|              other|              1| 33|                   1|                9|                    0|         0|                51|
[2025-02-21T14:07:42.098+0000] {spark_submit.py:641} INFO - |      49584|        HR|region_7|Bachelors|     m|              other|              1| 33|                   1|                9|                    0|         0|                51|
[2025-02-21T14:07:42.100+0000] {spark_submit.py:641} INFO - |      64573|Technology|region_7|Bachelors|     f|           referred|              2| 30|                   5|                6|                    1|         0|                81|
[2025-02-21T14:07:42.102+0000] {spark_submit.py:641} INFO - |      64573|        HR|region_7|Bachelors|     f|           referred|              1| 35|                   5|                4|                    1|         0|                81|
[2025-02-21T14:07:42.104+0000] {spark_submit.py:641} INFO - +-----------+----------+--------+---------+------+-------------------+---------------+---+--------------------+-----------------+---------------------+----------+------------------+
[2025-02-21T14:07:42.106+0000] {spark_submit.py:641} INFO - 
[2025-02-21T14:07:42.108+0000] {spark_submit.py:641} INFO - ---------------- MENAMPILKAN HASIL DARI DATA DUPLIKASI YANG TELAH DIHANDLE BERDASARKAN KOLOM EMPLOYEE_ID DAN DEPARTMENT ----------------
[2025-02-21T14:07:44.504+0000] {spark_submit.py:641} INFO - +-----------+----------+--------+---------+------+-------------------+---------------+---+--------------------+-----------------+---------------------+----------+------------------+
[2025-02-21T14:07:44.505+0000] {spark_submit.py:641} INFO - |employee_id|department|  region|education|gender|recruitment_channel|no_of_trainings|age|previous_year_rating|length_of_service|KPIs_met_more_than_80|awards_won|avg_training_score|
[2025-02-21T14:07:44.507+0000] {spark_submit.py:641} INFO - +-----------+----------+--------+---------+------+-------------------+---------------+---+--------------------+-----------------+---------------------+----------+------------------+
[2025-02-21T14:07:44.508+0000] {spark_submit.py:641} INFO - |      49584|        HR|region_7|Bachelors|     m|              other|              1| 33|                   1|                9|                    0|         0|                51|
[2025-02-21T14:07:44.509+0000] {spark_submit.py:641} INFO - |      64573|        HR|region_7|Bachelors|     f|           referred|              1| 35|                   5|                4|                    1|         0|                81|
[2025-02-21T14:07:44.511+0000] {spark_submit.py:641} INFO - |      64573|Technology|region_7|Bachelors|     f|           referred|              2| 30|                   5|                6|                    1|         0|                81|
[2025-02-21T14:07:44.512+0000] {spark_submit.py:641} INFO - +-----------+----------+--------+---------+------+-------------------+---------------+---+--------------------+-----------------+---------------------+----------+------------------+
[2025-02-21T14:07:44.513+0000] {spark_submit.py:641} INFO - 
[2025-02-21T14:07:46.543+0000] {spark_submit.py:641} INFO - ---------------- MENAMPILKAN DATA HASIL TRASNFORMASI ----------------
[2025-02-21T14:07:47.824+0000] {spark_submit.py:641} INFO - +-----------+-----------------+---------+---------------+------+-------------------+---------------+---+--------------------+-----------------+---------------------+----------+------------------+
[2025-02-21T14:07:47.827+0000] {spark_submit.py:641} INFO - |employee_id|       department|   region|      education|gender|recruitment_channel|no_of_trainings|age|previous_year_rating|length_of_service|KPIs_met_more_than_80|awards_won|avg_training_score|
[2025-02-21T14:07:47.830+0000] {spark_submit.py:641} INFO - +-----------+-----------------+---------+---------------+------+-------------------+---------------+---+--------------------+-----------------+---------------------+----------+------------------+
[2025-02-21T14:07:47.833+0000] {spark_submit.py:641} INFO - |          3|      Procurement|region_22|Masters & above|     f|              other|              1| 38|                   5|                4|                    1|         0|                67|
[2025-02-21T14:07:47.835+0000] {spark_submit.py:641} INFO - |          6|Sales & Marketing|region_15|      Bachelors|     f|              other|              1| 38|                   3|               10|                    0|         0|                50|
[2025-02-21T14:07:47.838+0000] {spark_submit.py:641} INFO - |         11|       Technology| region_4|Masters & above|     f|           sourcing|              1| 39|                   4|               12|                    1|         0|                72|
[2025-02-21T14:07:47.840+0000] {spark_submit.py:641} INFO - |         13|Sales & Marketing|region_17|      Bachelors|     m|              other|              1| 38|                   1|                5|                    1|         0|                47|
[2025-02-21T14:07:47.841+0000] {spark_submit.py:641} INFO - |         16|Sales & Marketing| region_4|Masters & above|     m|           sourcing|              1| 40|                   5|                5|                    0|         0|                53|
[2025-02-21T14:07:47.843+0000] {spark_submit.py:641} INFO - +-----------+-----------------+---------+---------------+------+-------------------+---------------+---+--------------------+-----------------+---------------------+----------+------------------+
[2025-02-21T14:07:47.845+0000] {spark_submit.py:641} INFO - only showing top 5 rows
[2025-02-21T14:07:47.846+0000] {spark_submit.py:641} INFO - 
[2025-02-21T14:07:48.366+0000] {spark_submit.py:641} INFO - Jumlah baris dalam DataFrame : 17415
[2025-02-21T14:07:48.369+0000] {spark_submit.py:641} INFO - Isi folder data/transformed.parquet :
[2025-02-21T14:07:48.371+0000] {spark_submit.py:641} INFO - ['.part-00000-e657bdd1-72a2-42f9-bfb7-e3a3220ddb5d-c000.snappy.parquet.crc', '_SUCCESS', 'part-00000-e657bdd1-72a2-42f9-bfb7-e3a3220ddb5d-c000.snappy.parquet', '._SUCCESS.crc']
[2025-02-21T14:07:48.374+0000] {spark_submit.py:641} INFO - Transform data berhasil.
[2025-02-21T14:07:49.094+0000] {taskinstance.py:341} INFO - ::group::Post task execution logs
[2025-02-21T14:07:49.098+0000] {taskinstance.py:353} INFO - Marking task as SUCCESS. dag_id=***_v2_etl_dag, task_id=transform_task, run_id=manual__2025-02-21T14:07:04.324394+00:00, execution_date=20250221T140704, start_date=20250221T140726, end_date=20250221T140749
[2025-02-21T14:07:49.203+0000] {local_task_job_runner.py:266} INFO - Task exited with return code 0
[2025-02-21T14:07:49.229+0000] {local_task_job_runner.py:245} INFO - ::endgroup::
