[2025-02-23T14:51:52.553+0000] {local_task_job_runner.py:123} INFO - ::group::Pre task execution logs
[2025-02-23T14:51:52.581+0000] {taskinstance.py:2614} INFO - Dependencies all met for dep_context=non-requeueable deps ti=<TaskInstance: finprode8_v2_etl_dag.transform_task manual__2025-02-23T14:51:34.373378+00:00 [queued]>
[2025-02-23T14:51:52.596+0000] {taskinstance.py:2614} INFO - Dependencies all met for dep_context=requeueable deps ti=<TaskInstance: finprode8_v2_etl_dag.transform_task manual__2025-02-23T14:51:34.373378+00:00 [queued]>
[2025-02-23T14:51:52.598+0000] {taskinstance.py:2867} INFO - Starting attempt 1 of 1
[2025-02-23T14:51:52.617+0000] {taskinstance.py:2890} INFO - Executing <Task(SparkSubmitOperator): transform_task> on 2025-02-23 14:51:34.373378+00:00
[2025-02-23T14:51:52.628+0000] {standard_task_runner.py:72} INFO - Started process 4661 to run task
[2025-02-23T14:51:52.631+0000] {standard_task_runner.py:104} INFO - Running: ['airflow', 'tasks', 'run', '***_v2_etl_dag', 'transform_task', 'manual__2025-02-23T14:51:34.373378+00:00', '--job-id', '24', '--raw', '--subdir', 'DAGS_FOLDER/***_v2_etl_dag.py', '--cfg-path', '/tmp/tmp0rav741s']
[2025-02-23T14:51:52.635+0000] {standard_task_runner.py:105} INFO - Job 24: Subtask transform_task
[2025-02-23T14:51:52.657+0000] {logging_mixin.py:190} WARNING - /home/airflow/.local/lib/python3.9/site-packages/airflow/settings.py:209 DeprecationWarning: The sql_alchemy_conn option in [core] has been moved to the sql_alchemy_conn option in [database] - the old setting has been used, but please update your config.
[2025-02-23T14:51:52.706+0000] {task_command.py:467} INFO - Running <TaskInstance: finprode8_v2_etl_dag.transform_task manual__2025-02-23T14:51:34.373378+00:00 [running]> on host ***-airflow-scheduler
[2025-02-23T14:51:52.800+0000] {taskinstance.py:3134} INFO - Exporting env vars: AIRFLOW_CTX_DAG_OWNER='ratih malini' AIRFLOW_CTX_DAG_ID='***_v2_etl_dag' AIRFLOW_CTX_TASK_ID='transform_task' AIRFLOW_CTX_EXECUTION_DATE='2025-02-23T14:51:34.373378+00:00' AIRFLOW_CTX_TRY_NUMBER='1' AIRFLOW_CTX_DAG_RUN_ID='manual__2025-02-23T14:51:34.373378+00:00'
[2025-02-23T14:51:52.803+0000] {taskinstance.py:732} INFO - ::endgroup::
[2025-02-23T14:51:52.835+0000] {base.py:84} INFO - Retrieving connection 'spark_main'
[2025-02-23T14:51:52.838+0000] {spark_submit.py:474} INFO - Spark-Submit cmd: spark-submit --master spark://***-spark-master:7077 --name arrow-spark /spark-scripts/***_v2_transform.py
[2025-02-23T14:51:55.626+0000] {spark_submit.py:641} INFO - 25/02/23 14:51:55 INFO SparkContext: Running Spark version 3.3.2
[2025-02-23T14:51:55.682+0000] {spark_submit.py:641} INFO - 25/02/23 14:51:55 WARN NativeCodeLoader: Unable to load native-hadoop library for your platform... using builtin-java classes where applicable
[2025-02-23T14:51:55.758+0000] {spark_submit.py:641} INFO - 25/02/23 14:51:55 INFO ResourceUtils: ==============================================================
[2025-02-23T14:51:55.761+0000] {spark_submit.py:641} INFO - 25/02/23 14:51:55 INFO ResourceUtils: No custom resources configured for spark.driver.
[2025-02-23T14:51:55.762+0000] {spark_submit.py:641} INFO - 25/02/23 14:51:55 INFO ResourceUtils: ==============================================================
[2025-02-23T14:51:55.764+0000] {spark_submit.py:641} INFO - 25/02/23 14:51:55 INFO SparkContext: Submitted application: ***_transform
[2025-02-23T14:51:55.784+0000] {spark_submit.py:641} INFO - 25/02/23 14:51:55 INFO ResourceProfile: Default ResourceProfile created, executor resources: Map(cores -> name: cores, amount: 1, script: , vendor: , memory -> name: memory, amount: 1024, script: , vendor: , offHeap -> name: offHeap, amount: 0, script: , vendor: ), task resources: Map(cpus -> name: cpus, amount: 1.0)
[2025-02-23T14:51:55.795+0000] {spark_submit.py:641} INFO - 25/02/23 14:51:55 INFO ResourceProfile: Limiting resource is cpu
[2025-02-23T14:51:55.797+0000] {spark_submit.py:641} INFO - 25/02/23 14:51:55 INFO ResourceProfileManager: Added ResourceProfile id: 0
[2025-02-23T14:51:55.846+0000] {spark_submit.py:641} INFO - 25/02/23 14:51:55 INFO SecurityManager: Changing view acls to: airflow
[2025-02-23T14:51:55.848+0000] {spark_submit.py:641} INFO - 25/02/23 14:51:55 INFO SecurityManager: Changing modify acls to: airflow
[2025-02-23T14:51:55.850+0000] {spark_submit.py:641} INFO - 25/02/23 14:51:55 INFO SecurityManager: Changing view acls groups to:
[2025-02-23T14:51:55.851+0000] {spark_submit.py:641} INFO - 25/02/23 14:51:55 INFO SecurityManager: Changing modify acls groups to:
[2025-02-23T14:51:55.853+0000] {spark_submit.py:641} INFO - 25/02/23 14:51:55 INFO SecurityManager: SecurityManager: authentication disabled; ui acls disabled; users  with view permissions: Set(airflow); groups with view permissions: Set(); users  with modify permissions: Set(airflow); groups with modify permissions: Set()
[2025-02-23T14:51:56.122+0000] {spark_submit.py:641} INFO - 25/02/23 14:51:56 INFO Utils: Successfully started service 'sparkDriver' on port 33917.
[2025-02-23T14:51:56.150+0000] {spark_submit.py:641} INFO - 25/02/23 14:51:56 INFO SparkEnv: Registering MapOutputTracker
[2025-02-23T14:51:56.193+0000] {spark_submit.py:641} INFO - 25/02/23 14:51:56 INFO SparkEnv: Registering BlockManagerMaster
[2025-02-23T14:51:56.213+0000] {spark_submit.py:641} INFO - 25/02/23 14:51:56 INFO BlockManagerMasterEndpoint: Using org.apache.spark.storage.DefaultTopologyMapper for getting topology information
[2025-02-23T14:51:56.215+0000] {spark_submit.py:641} INFO - 25/02/23 14:51:56 INFO BlockManagerMasterEndpoint: BlockManagerMasterEndpoint up
[2025-02-23T14:51:56.221+0000] {spark_submit.py:641} INFO - 25/02/23 14:51:56 INFO SparkEnv: Registering BlockManagerMasterHeartbeat
[2025-02-23T14:51:56.244+0000] {spark_submit.py:641} INFO - 25/02/23 14:51:56 INFO DiskBlockManager: Created local directory at /tmp/blockmgr-c728e785-12e8-47df-8c40-7e9f1cc4dcb8
[2025-02-23T14:51:56.260+0000] {spark_submit.py:641} INFO - 25/02/23 14:51:56 INFO MemoryStore: MemoryStore started with capacity 434.4 MiB
[2025-02-23T14:51:56.276+0000] {spark_submit.py:641} INFO - 25/02/23 14:51:56 INFO SparkEnv: Registering OutputCommitCoordinator
[2025-02-23T14:51:56.476+0000] {spark_submit.py:641} INFO - 25/02/23 14:51:56 INFO Utils: Successfully started service 'SparkUI' on port 4040.
[2025-02-23T14:51:56.568+0000] {spark_submit.py:641} INFO - 25/02/23 14:51:56 INFO Executor: Starting executor ID driver on host ***-airflow-scheduler
[2025-02-23T14:51:56.581+0000] {spark_submit.py:641} INFO - 25/02/23 14:51:56 INFO Executor: Starting executor with user classpath (userClassPathFirst = false): ''
[2025-02-23T14:51:56.603+0000] {spark_submit.py:641} INFO - 25/02/23 14:51:56 INFO Utils: Successfully started service 'org.apache.spark.network.netty.NettyBlockTransferService' on port 43879.
[2025-02-23T14:51:56.605+0000] {spark_submit.py:641} INFO - 25/02/23 14:51:56 INFO NettyBlockTransferService: Server created on ***-airflow-scheduler:43879
[2025-02-23T14:51:56.607+0000] {spark_submit.py:641} INFO - 25/02/23 14:51:56 INFO BlockManager: Using org.apache.spark.storage.RandomBlockReplicationPolicy for block replication policy
[2025-02-23T14:51:56.612+0000] {spark_submit.py:641} INFO - 25/02/23 14:51:56 INFO BlockManagerMaster: Registering BlockManager BlockManagerId(driver, ***-airflow-scheduler, 43879, None)
[2025-02-23T14:51:56.615+0000] {spark_submit.py:641} INFO - 25/02/23 14:51:56 INFO BlockManagerMasterEndpoint: Registering block manager ***-airflow-scheduler:43879 with 434.4 MiB RAM, BlockManagerId(driver, ***-airflow-scheduler, 43879, None)
[2025-02-23T14:51:56.618+0000] {spark_submit.py:641} INFO - 25/02/23 14:51:56 INFO BlockManagerMaster: Registered BlockManager BlockManagerId(driver, ***-airflow-scheduler, 43879, None)
[2025-02-23T14:51:56.620+0000] {spark_submit.py:641} INFO - 25/02/23 14:51:56 INFO BlockManager: Initialized BlockManager: BlockManagerId(driver, ***-airflow-scheduler, 43879, None)
[2025-02-23T14:52:00.126+0000] {spark_submit.py:641} INFO - ---------------- MENAMPILKAN BANYAK DATA NULL DI SETIAP KOLOM ----------------
[2025-02-23T14:52:01.719+0000] {spark_submit.py:641} INFO - +----------------+---------------+-----------+--------------+-----------+------------------------+--------------------+--------+-------------------------+----------------------+--------------------------+---------------+-----------------------+
[2025-02-23T14:52:01.721+0000] {spark_submit.py:641} INFO - |employee_id_null|department_null|region_null|education_null|gender_null|recruitment_channel_null|no_of_trainings_null|age_null|previous_year_rating_null|length_of_service_null|KPIs_met_more_than_80_null|awards_won_null|avg_training_score_null|
[2025-02-23T14:52:01.722+0000] {spark_submit.py:641} INFO - +----------------+---------------+-----------+--------------+-----------+------------------------+--------------------+--------+-------------------------+----------------------+--------------------------+---------------+-----------------------+
[2025-02-23T14:52:01.724+0000] {spark_submit.py:641} INFO - |               0|              0|          0|           771|          0|                       0|                   0|       0|                     1363|                     0|                         0|              0|                      0|
[2025-02-23T14:52:01.725+0000] {spark_submit.py:641} INFO - +----------------+---------------+-----------+--------------+-----------+------------------------+--------------------+--------+-------------------------+----------------------+--------------------------+---------------+-----------------------+
[2025-02-23T14:52:01.727+0000] {spark_submit.py:641} INFO - 
[2025-02-23T14:52:01.730+0000] {spark_submit.py:641} INFO - ---------------- NULL HANDLING PADA KOLOM EDUCATION & PREVIOUS_YEAR_RATING ----------------
[2025-02-23T14:52:01.952+0000] {spark_submit.py:641} INFO - +--------------+-------------------------+
[2025-02-23T14:52:01.954+0000] {spark_submit.py:641} INFO - |education_null|previous_year_rating_null|
[2025-02-23T14:52:01.956+0000] {spark_submit.py:641} INFO - +--------------+-------------------------+
[2025-02-23T14:52:01.957+0000] {spark_submit.py:641} INFO - |             0|                        0|
[2025-02-23T14:52:01.960+0000] {spark_submit.py:641} INFO - +--------------+-------------------------+
[2025-02-23T14:52:01.961+0000] {spark_submit.py:641} INFO - 
[2025-02-23T14:52:01.963+0000] {spark_submit.py:641} INFO - ---------------- MENAMPILKAN BANYAK DATA DUPLIKAT BERDASARKAN EMPLOYEE_ID ----------------
[2025-02-23T14:52:02.620+0000] {spark_submit.py:641} INFO - +-----------+------+
[2025-02-23T14:52:02.622+0000] {spark_submit.py:641} INFO - |employee_id|jumlah|
[2025-02-23T14:52:02.624+0000] {spark_submit.py:641} INFO - +-----------+------+
[2025-02-23T14:52:02.625+0000] {spark_submit.py:641} INFO - |      64573|     2|
[2025-02-23T14:52:02.627+0000] {spark_submit.py:641} INFO - |      49584|     3|
[2025-02-23T14:52:02.630+0000] {spark_submit.py:641} INFO - +-----------+------+
[2025-02-23T14:52:02.631+0000] {spark_submit.py:641} INFO - 
[2025-02-23T14:52:02.633+0000] {spark_submit.py:641} INFO - ---------------- MENAMPILKAN SEMUA BARIS DAN KOLOM DARI EMPLOYEE ID YANG DUPLIKAT ----------------
[2025-02-23T14:52:02.921+0000] {spark_submit.py:641} INFO - +-----------+----------+--------+---------+------+-------------------+---------------+---+--------------------+-----------------+---------------------+----------+------------------+
[2025-02-23T14:52:02.923+0000] {spark_submit.py:641} INFO - |employee_id|department|  region|education|gender|recruitment_channel|no_of_trainings|age|previous_year_rating|length_of_service|KPIs_met_more_than_80|awards_won|avg_training_score|
[2025-02-23T14:52:02.925+0000] {spark_submit.py:641} INFO - +-----------+----------+--------+---------+------+-------------------+---------------+---+--------------------+-----------------+---------------------+----------+------------------+
[2025-02-23T14:52:02.927+0000] {spark_submit.py:641} INFO - |      49584|        HR|region_7|Bachelors|     m|              other|              1| 33|                   1|                9|                    0|         0|                51|
[2025-02-23T14:52:02.928+0000] {spark_submit.py:641} INFO - |      49584|        HR|region_7|Bachelors|     m|              other|              1| 33|                   1|                9|                    0|         0|                51|
[2025-02-23T14:52:02.931+0000] {spark_submit.py:641} INFO - |      49584|        HR|region_7|Bachelors|     m|              other|              1| 33|                   1|                9|                    0|         0|                51|
[2025-02-23T14:52:02.932+0000] {spark_submit.py:641} INFO - |      64573|Technology|region_7|Bachelors|     f|           referred|              2| 30|                   5|                6|                    1|         0|                81|
[2025-02-23T14:52:02.934+0000] {spark_submit.py:641} INFO - |      64573|        HR|region_7|Bachelors|     f|           referred|              1| 35|                   5|                4|                    1|         0|                81|
[2025-02-23T14:52:02.935+0000] {spark_submit.py:641} INFO - +-----------+----------+--------+---------+------+-------------------+---------------+---+--------------------+-----------------+---------------------+----------+------------------+
[2025-02-23T14:52:02.937+0000] {spark_submit.py:641} INFO - 
[2025-02-23T14:52:02.938+0000] {spark_submit.py:641} INFO - ---------------- MENAMPILKAN HASIL DARI DATA DUPLIKASI YANG TELAH DIHANDLE BERDASARKAN KOLOM EMPLOYEE_ID DAN DEPARTMENT ----------------
[2025-02-23T14:52:04.352+0000] {spark_submit.py:641} INFO - +-----------+----------+--------+---------+------+-------------------+---------------+---+--------------------+-----------------+---------------------+----------+------------------+
[2025-02-23T14:52:04.355+0000] {spark_submit.py:641} INFO - |employee_id|department|  region|education|gender|recruitment_channel|no_of_trainings|age|previous_year_rating|length_of_service|KPIs_met_more_than_80|awards_won|avg_training_score|
[2025-02-23T14:52:04.358+0000] {spark_submit.py:641} INFO - +-----------+----------+--------+---------+------+-------------------+---------------+---+--------------------+-----------------+---------------------+----------+------------------+
[2025-02-23T14:52:04.360+0000] {spark_submit.py:641} INFO - |      49584|        HR|region_7|Bachelors|     m|              other|              1| 33|                   1|                9|                    0|         0|                51|
[2025-02-23T14:52:04.361+0000] {spark_submit.py:641} INFO - |      64573|        HR|region_7|Bachelors|     f|           referred|              1| 35|                   5|                4|                    1|         0|                81|
[2025-02-23T14:52:04.362+0000] {spark_submit.py:641} INFO - |      64573|Technology|region_7|Bachelors|     f|           referred|              2| 30|                   5|                6|                    1|         0|                81|
[2025-02-23T14:52:04.363+0000] {spark_submit.py:641} INFO - +-----------+----------+--------+---------+------+-------------------+---------------+---+--------------------+-----------------+---------------------+----------+------------------+
[2025-02-23T14:52:04.364+0000] {spark_submit.py:641} INFO - 
[2025-02-23T14:52:06.121+0000] {spark_submit.py:641} INFO - ---------------- MENAMPILKAN DATA HASIL TRASNFORMASI ----------------
[2025-02-23T14:52:06.718+0000] {spark_submit.py:641} INFO - +-----------+-----------------+---------+---------------+------+-------------------+---------------+---+--------------------+-----------------+---------------------+----------+------------------+
[2025-02-23T14:52:06.721+0000] {spark_submit.py:641} INFO - |employee_id|       department|   region|      education|gender|recruitment_channel|no_of_trainings|age|previous_year_rating|length_of_service|KPIs_met_more_than_80|awards_won|avg_training_score|
[2025-02-23T14:52:06.723+0000] {spark_submit.py:641} INFO - +-----------+-----------------+---------+---------------+------+-------------------+---------------+---+--------------------+-----------------+---------------------+----------+------------------+
[2025-02-23T14:52:06.725+0000] {spark_submit.py:641} INFO - |          3|      Procurement|region_22|Masters & above|     f|              other|              1| 38|                   5|                4|                    1|         0|                67|
[2025-02-23T14:52:06.727+0000] {spark_submit.py:641} INFO - |          6|Sales & Marketing|region_15|      Bachelors|     f|              other|              1| 38|                   3|               10|                    0|         0|                50|
[2025-02-23T14:52:06.729+0000] {spark_submit.py:641} INFO - |         11|       Technology| region_4|Masters & above|     f|           sourcing|              1| 39|                   4|               12|                    1|         0|                72|
[2025-02-23T14:52:06.731+0000] {spark_submit.py:641} INFO - |         13|Sales & Marketing|region_17|      Bachelors|     m|              other|              1| 38|                   1|                5|                    1|         0|                47|
[2025-02-23T14:52:06.733+0000] {spark_submit.py:641} INFO - |         16|Sales & Marketing| region_4|Masters & above|     m|           sourcing|              1| 40|                   5|                5|                    0|         0|                53|
[2025-02-23T14:52:06.735+0000] {spark_submit.py:641} INFO - +-----------+-----------------+---------+---------------+------+-------------------+---------------+---+--------------------+-----------------+---------------------+----------+------------------+
[2025-02-23T14:52:06.737+0000] {spark_submit.py:641} INFO - only showing top 5 rows
[2025-02-23T14:52:06.739+0000] {spark_submit.py:641} INFO - 
[2025-02-23T14:52:07.126+0000] {spark_submit.py:641} INFO - Jumlah baris dalam DataFrame : 17415
[2025-02-23T14:52:07.127+0000] {spark_submit.py:641} INFO - Isi folder data/transformed.parquet :
[2025-02-23T14:52:07.129+0000] {spark_submit.py:641} INFO - ['_SUCCESS', 'part-00000-5552616f-1026-4a03-aa7d-875d68d6ac8c-c000.snappy.parquet', '.part-00000-5552616f-1026-4a03-aa7d-875d68d6ac8c-c000.snappy.parquet.crc', '._SUCCESS.crc']
[2025-02-23T14:52:07.130+0000] {spark_submit.py:641} INFO - Transform data berhasil.
[2025-02-23T14:52:07.502+0000] {taskinstance.py:341} INFO - ::group::Post task execution logs
[2025-02-23T14:52:07.504+0000] {taskinstance.py:353} INFO - Marking task as SUCCESS. dag_id=***_v2_etl_dag, task_id=transform_task, run_id=manual__2025-02-23T14:51:34.373378+00:00, execution_date=20250223T145134, start_date=20250223T145152, end_date=20250223T145207
[2025-02-23T14:52:07.566+0000] {local_task_job_runner.py:266} INFO - Task exited with return code 0
[2025-02-23T14:52:07.612+0000] {taskinstance.py:3901} INFO - 1 downstream tasks scheduled from follow-on schedule check
[2025-02-23T14:52:07.617+0000] {local_task_job_runner.py:245} INFO - ::endgroup::
