[2025-02-21T10:22:54.495+0000] {local_task_job_runner.py:123} INFO - ::group::Pre task execution logs
[2025-02-21T10:22:54.528+0000] {taskinstance.py:2614} INFO - Dependencies all met for dep_context=non-requeueable deps ti=<TaskInstance: finprode8_v2_etl_dag.transform_task manual__2025-02-21T09:53:37.982146+00:00 [queued]>
[2025-02-21T10:22:54.545+0000] {taskinstance.py:2614} INFO - Dependencies all met for dep_context=requeueable deps ti=<TaskInstance: finprode8_v2_etl_dag.transform_task manual__2025-02-21T09:53:37.982146+00:00 [queued]>
[2025-02-21T10:22:54.547+0000] {taskinstance.py:2867} INFO - Starting attempt 6 of 6
[2025-02-21T10:22:54.566+0000] {taskinstance.py:2890} INFO - Executing <Task(SparkSubmitOperator): transform_task> on 2025-02-21 09:53:37.982146+00:00
[2025-02-21T10:22:54.572+0000] {standard_task_runner.py:72} INFO - Started process 13613 to run task
[2025-02-21T10:22:54.575+0000] {standard_task_runner.py:104} INFO - Running: ['airflow', 'tasks', 'run', '***_v2_etl_dag', 'transform_task', 'manual__2025-02-21T09:53:37.982146+00:00', '--job-id', '179', '--raw', '--subdir', 'DAGS_FOLDER/***_v2_etl_dag.py', '--cfg-path', '/tmp/tmp9_kdxod4']
[2025-02-21T10:22:54.581+0000] {standard_task_runner.py:105} INFO - Job 179: Subtask transform_task
[2025-02-21T10:22:54.599+0000] {logging_mixin.py:190} WARNING - /home/airflow/.local/lib/python3.9/site-packages/airflow/settings.py:209 DeprecationWarning: The sql_alchemy_conn option in [core] has been moved to the sql_alchemy_conn option in [database] - the old setting has been used, but please update your config.
[2025-02-21T10:22:54.642+0000] {task_command.py:467} INFO - Running <TaskInstance: finprode8_v2_etl_dag.transform_task manual__2025-02-21T09:53:37.982146+00:00 [running]> on host ***-airflow-scheduler
[2025-02-21T10:22:54.732+0000] {taskinstance.py:3134} INFO - Exporting env vars: AIRFLOW_CTX_DAG_OWNER='ratih malini' AIRFLOW_CTX_DAG_ID='***_v2_etl_dag' AIRFLOW_CTX_TASK_ID='transform_task' AIRFLOW_CTX_EXECUTION_DATE='2025-02-21T09:53:37.982146+00:00' AIRFLOW_CTX_TRY_NUMBER='6' AIRFLOW_CTX_DAG_RUN_ID='manual__2025-02-21T09:53:37.982146+00:00'
[2025-02-21T10:22:54.735+0000] {taskinstance.py:732} INFO - ::endgroup::
[2025-02-21T10:22:54.764+0000] {base.py:84} INFO - Retrieving connection 'spark_main'
[2025-02-21T10:22:54.766+0000] {spark_submit.py:474} INFO - Spark-Submit cmd: spark-submit --master spark://***-spark-master:7077 --packages org.postgresql:postgresql:42.2.18 --name arrow-spark /spark-scripts/***_v2_transform.py
[2025-02-21T10:22:57.728+0000] {spark_submit.py:641} INFO - :: loading settings :: url = jar:file:/home/airflow/.local/lib/python3.9/site-packages/pyspark/jars/ivy-2.5.1.jar!/org/apache/ivy/core/settings/ivysettings.xml
[2025-02-21T10:22:57.825+0000] {spark_submit.py:641} INFO - Ivy Default Cache set to: /home/airflow/.ivy2/cache
[2025-02-21T10:22:57.827+0000] {spark_submit.py:641} INFO - The jars for the packages stored in: /home/airflow/.ivy2/jars
[2025-02-21T10:22:57.832+0000] {spark_submit.py:641} INFO - org.postgresql#postgresql added as a dependency
[2025-02-21T10:22:57.835+0000] {spark_submit.py:641} INFO - :: resolving dependencies :: org.apache.spark#spark-submit-parent-c2600eb2-89d0-42d6-8f81-e3f3240e6c2e;1.0
[2025-02-21T10:22:57.837+0000] {spark_submit.py:641} INFO - confs: [default]
[2025-02-21T10:22:57.975+0000] {spark_submit.py:641} INFO - found org.postgresql#postgresql;42.2.18 in central
[2025-02-21T10:22:58.000+0000] {spark_submit.py:641} INFO - found org.checkerframework#checker-qual;3.5.0 in central
[2025-02-21T10:22:58.019+0000] {spark_submit.py:641} INFO - :: resolution report :: resolve 178ms :: artifacts dl 6ms
[2025-02-21T10:22:58.021+0000] {spark_submit.py:641} INFO - :: modules in use:
[2025-02-21T10:22:58.022+0000] {spark_submit.py:641} INFO - org.checkerframework#checker-qual;3.5.0 from central in [default]
[2025-02-21T10:22:58.025+0000] {spark_submit.py:641} INFO - org.postgresql#postgresql;42.2.18 from central in [default]
[2025-02-21T10:22:58.030+0000] {spark_submit.py:641} INFO - ---------------------------------------------------------------------
[2025-02-21T10:22:58.033+0000] {spark_submit.py:641} INFO - |                  |            modules            ||   artifacts   |
[2025-02-21T10:22:58.034+0000] {spark_submit.py:641} INFO - |       conf       | number| search|dwnlded|evicted|| number|dwnlded|
[2025-02-21T10:22:58.036+0000] {spark_submit.py:641} INFO - ---------------------------------------------------------------------
[2025-02-21T10:22:58.037+0000] {spark_submit.py:641} INFO - |      default     |   2   |   0   |   0   |   0   ||   2   |   0   |
[2025-02-21T10:22:58.038+0000] {spark_submit.py:641} INFO - ---------------------------------------------------------------------
[2025-02-21T10:22:58.039+0000] {spark_submit.py:641} INFO - :: retrieving :: org.apache.spark#spark-submit-parent-c2600eb2-89d0-42d6-8f81-e3f3240e6c2e
[2025-02-21T10:22:58.040+0000] {spark_submit.py:641} INFO - confs: [default]
[2025-02-21T10:22:58.041+0000] {spark_submit.py:641} INFO - 0 artifacts copied, 2 already retrieved (0kB/8ms)
[2025-02-21T10:22:58.301+0000] {spark_submit.py:641} INFO - 25/02/21 10:22:58 WARN NativeCodeLoader: Unable to load native-hadoop library for your platform... using builtin-java classes where applicable
[2025-02-21T10:22:59.602+0000] {spark_submit.py:641} INFO - 25/02/21 10:22:59 INFO SparkContext: Running Spark version 3.3.2
[2025-02-21T10:22:59.622+0000] {spark_submit.py:641} INFO - 25/02/21 10:22:59 INFO ResourceUtils: ==============================================================
[2025-02-21T10:22:59.623+0000] {spark_submit.py:641} INFO - 25/02/21 10:22:59 INFO ResourceUtils: No custom resources configured for spark.driver.
[2025-02-21T10:22:59.625+0000] {spark_submit.py:641} INFO - 25/02/21 10:22:59 INFO ResourceUtils: ==============================================================
[2025-02-21T10:22:59.626+0000] {spark_submit.py:641} INFO - 25/02/21 10:22:59 INFO SparkContext: Submitted application: ***_transform
[2025-02-21T10:22:59.645+0000] {spark_submit.py:641} INFO - 25/02/21 10:22:59 INFO ResourceProfile: Default ResourceProfile created, executor resources: Map(cores -> name: cores, amount: 1, script: , vendor: , memory -> name: memory, amount: 1024, script: , vendor: , offHeap -> name: offHeap, amount: 0, script: , vendor: ), task resources: Map(cpus -> name: cpus, amount: 1.0)
[2025-02-21T10:22:59.654+0000] {spark_submit.py:641} INFO - 25/02/21 10:22:59 INFO ResourceProfile: Limiting resource is cpu
[2025-02-21T10:22:59.657+0000] {spark_submit.py:641} INFO - 25/02/21 10:22:59 INFO ResourceProfileManager: Added ResourceProfile id: 0
[2025-02-21T10:22:59.714+0000] {spark_submit.py:641} INFO - 25/02/21 10:22:59 INFO SecurityManager: Changing view acls to: airflow
[2025-02-21T10:22:59.716+0000] {spark_submit.py:641} INFO - 25/02/21 10:22:59 INFO SecurityManager: Changing modify acls to: airflow
[2025-02-21T10:22:59.718+0000] {spark_submit.py:641} INFO - 25/02/21 10:22:59 INFO SecurityManager: Changing view acls groups to:
[2025-02-21T10:22:59.720+0000] {spark_submit.py:641} INFO - 25/02/21 10:22:59 INFO SecurityManager: Changing modify acls groups to:
[2025-02-21T10:22:59.722+0000] {spark_submit.py:641} INFO - 25/02/21 10:22:59 INFO SecurityManager: SecurityManager: authentication disabled; ui acls disabled; users  with view permissions: Set(airflow); groups with view permissions: Set(); users  with modify permissions: Set(airflow); groups with modify permissions: Set()
[2025-02-21T10:22:59.934+0000] {spark_submit.py:641} INFO - 25/02/21 10:22:59 INFO Utils: Successfully started service 'sparkDriver' on port 45075.
[2025-02-21T10:22:59.964+0000] {spark_submit.py:641} INFO - 25/02/21 10:22:59 INFO SparkEnv: Registering MapOutputTracker
[2025-02-21T10:23:00.010+0000] {spark_submit.py:641} INFO - 25/02/21 10:23:00 INFO SparkEnv: Registering BlockManagerMaster
[2025-02-21T10:23:00.038+0000] {spark_submit.py:641} INFO - 25/02/21 10:23:00 INFO BlockManagerMasterEndpoint: Using org.apache.spark.storage.DefaultTopologyMapper for getting topology information
[2025-02-21T10:23:00.039+0000] {spark_submit.py:641} INFO - 25/02/21 10:23:00 INFO BlockManagerMasterEndpoint: BlockManagerMasterEndpoint up
[2025-02-21T10:23:00.044+0000] {spark_submit.py:641} INFO - 25/02/21 10:23:00 INFO SparkEnv: Registering BlockManagerMasterHeartbeat
[2025-02-21T10:23:00.065+0000] {spark_submit.py:641} INFO - 25/02/21 10:23:00 INFO DiskBlockManager: Created local directory at /tmp/blockmgr-ad9deb6f-28d4-4499-bce0-40539632166e
[2025-02-21T10:23:00.084+0000] {spark_submit.py:641} INFO - 25/02/21 10:23:00 INFO MemoryStore: MemoryStore started with capacity 434.4 MiB
[2025-02-21T10:23:00.106+0000] {spark_submit.py:641} INFO - 25/02/21 10:23:00 INFO SparkEnv: Registering OutputCommitCoordinator
[2025-02-21T10:23:00.386+0000] {spark_submit.py:641} INFO - 25/02/21 10:23:00 INFO Utils: Successfully started service 'SparkUI' on port 4040.
[2025-02-21T10:23:00.428+0000] {spark_submit.py:641} INFO - 25/02/21 10:23:00 INFO SparkContext: Added JAR /spark-scripts/jars/postgresql-42.2.18.jar at spark://***-airflow-scheduler:45075/jars/postgresql-42.2.18.jar with timestamp 1740133379593
[2025-02-21T10:23:00.430+0000] {spark_submit.py:641} INFO - 25/02/21 10:23:00 INFO SparkContext: Added file file:///home/airflow/.ivy2/jars/org.postgresql_postgresql-42.2.18.jar at file:///home/airflow/.ivy2/jars/org.postgresql_postgresql-42.2.18.jar with timestamp 1740133379593
[2025-02-21T10:23:00.433+0000] {spark_submit.py:641} INFO - 25/02/21 10:23:00 INFO Utils: Copying /home/airflow/.ivy2/jars/org.postgresql_postgresql-42.2.18.jar to /tmp/spark-f0683b4b-0ace-4881-809c-4f5e90ad127d/userFiles-7be66840-ba61-48d6-8394-a381084a6936/org.postgresql_postgresql-42.2.18.jar
[2025-02-21T10:23:00.455+0000] {spark_submit.py:641} INFO - 25/02/21 10:23:00 INFO SparkContext: Added file file:///home/airflow/.ivy2/jars/org.checkerframework_checker-qual-3.5.0.jar at file:///home/airflow/.ivy2/jars/org.checkerframework_checker-qual-3.5.0.jar with timestamp 1740133379593
[2025-02-21T10:23:00.457+0000] {spark_submit.py:641} INFO - 25/02/21 10:23:00 INFO Utils: Copying /home/airflow/.ivy2/jars/org.checkerframework_checker-qual-3.5.0.jar to /tmp/spark-f0683b4b-0ace-4881-809c-4f5e90ad127d/userFiles-7be66840-ba61-48d6-8394-a381084a6936/org.checkerframework_checker-qual-3.5.0.jar
[2025-02-21T10:23:00.535+0000] {spark_submit.py:641} INFO - 25/02/21 10:23:00 INFO Executor: Starting executor ID driver on host ***-airflow-scheduler
[2025-02-21T10:23:00.541+0000] {spark_submit.py:641} INFO - 25/02/21 10:23:00 INFO Executor: Starting executor with user classpath (userClassPathFirst = false): ''
[2025-02-21T10:23:00.554+0000] {spark_submit.py:641} INFO - 25/02/21 10:23:00 INFO Executor: Fetching file:///home/airflow/.ivy2/jars/org.postgresql_postgresql-42.2.18.jar with timestamp 1740133379593
[2025-02-21T10:23:00.584+0000] {spark_submit.py:641} INFO - 25/02/21 10:23:00 INFO Utils: /home/airflow/.ivy2/jars/org.postgresql_postgresql-42.2.18.jar has been previously copied to /tmp/spark-f0683b4b-0ace-4881-809c-4f5e90ad127d/userFiles-7be66840-ba61-48d6-8394-a381084a6936/org.postgresql_postgresql-42.2.18.jar
[2025-02-21T10:23:00.590+0000] {spark_submit.py:641} INFO - 25/02/21 10:23:00 INFO Executor: Fetching file:///home/airflow/.ivy2/jars/org.checkerframework_checker-qual-3.5.0.jar with timestamp 1740133379593
[2025-02-21T10:23:00.591+0000] {spark_submit.py:641} INFO - 25/02/21 10:23:00 INFO Utils: /home/airflow/.ivy2/jars/org.checkerframework_checker-qual-3.5.0.jar has been previously copied to /tmp/spark-f0683b4b-0ace-4881-809c-4f5e90ad127d/userFiles-7be66840-ba61-48d6-8394-a381084a6936/org.checkerframework_checker-qual-3.5.0.jar
[2025-02-21T10:23:00.601+0000] {spark_submit.py:641} INFO - 25/02/21 10:23:00 INFO Executor: Fetching spark://***-airflow-scheduler:45075/jars/postgresql-42.2.18.jar with timestamp 1740133379593
[2025-02-21T10:23:00.637+0000] {spark_submit.py:641} INFO - 25/02/21 10:23:00 INFO TransportClientFactory: Successfully created connection to ***-airflow-scheduler/172.19.0.6:45075 after 25 ms (0 ms spent in bootstraps)
[2025-02-21T10:23:00.644+0000] {spark_submit.py:641} INFO - 25/02/21 10:23:00 INFO Utils: Fetching spark://***-airflow-scheduler:45075/jars/postgresql-42.2.18.jar to /tmp/spark-f0683b4b-0ace-4881-809c-4f5e90ad127d/userFiles-7be66840-ba61-48d6-8394-a381084a6936/fetchFileTemp16304650992260453317.tmp
[2025-02-21T10:23:00.720+0000] {spark_submit.py:641} INFO - 25/02/21 10:23:00 INFO Executor: Adding file:/tmp/spark-f0683b4b-0ace-4881-809c-4f5e90ad127d/userFiles-7be66840-ba61-48d6-8394-a381084a6936/postgresql-42.2.18.jar to class loader
[2025-02-21T10:23:00.728+0000] {spark_submit.py:641} INFO - 25/02/21 10:23:00 INFO Utils: Successfully started service 'org.apache.spark.network.netty.NettyBlockTransferService' on port 32831.
[2025-02-21T10:23:00.730+0000] {spark_submit.py:641} INFO - 25/02/21 10:23:00 INFO NettyBlockTransferService: Server created on ***-airflow-scheduler:32831
[2025-02-21T10:23:00.731+0000] {spark_submit.py:641} INFO - 25/02/21 10:23:00 INFO BlockManager: Using org.apache.spark.storage.RandomBlockReplicationPolicy for block replication policy
[2025-02-21T10:23:00.737+0000] {spark_submit.py:641} INFO - 25/02/21 10:23:00 INFO BlockManagerMaster: Registering BlockManager BlockManagerId(driver, ***-airflow-scheduler, 32831, None)
[2025-02-21T10:23:00.742+0000] {spark_submit.py:641} INFO - 25/02/21 10:23:00 INFO BlockManagerMasterEndpoint: Registering block manager ***-airflow-scheduler:32831 with 434.4 MiB RAM, BlockManagerId(driver, ***-airflow-scheduler, 32831, None)
[2025-02-21T10:23:00.745+0000] {spark_submit.py:641} INFO - 25/02/21 10:23:00 INFO BlockManagerMaster: Registered BlockManager BlockManagerId(driver, ***-airflow-scheduler, 32831, None)
[2025-02-21T10:23:00.747+0000] {spark_submit.py:641} INFO - 25/02/21 10:23:00 INFO BlockManager: Initialized BlockManager: BlockManagerId(driver, ***-airflow-scheduler, 32831, None)
[2025-02-21T10:23:04.208+0000] {spark_submit.py:641} INFO - ---------------- MENAMPILKAN BANYAK DATA NULL DI SETIAP KOLOM ----------------
[2025-02-21T10:23:04.229+0000] {spark_submit.py:641} INFO - Traceback (most recent call last):
[2025-02-21T10:23:04.231+0000] {spark_submit.py:641} INFO - File "/spark-scripts/***_v2_transform.py", line 110, in <module>
[2025-02-21T10:23:04.234+0000] {spark_submit.py:641} INFO - transform()
[2025-02-21T10:23:04.235+0000] {spark_submit.py:641} INFO - File "/spark-scripts/***_v2_transform.py", line 58, in transform
[2025-02-21T10:23:04.238+0000] {spark_submit.py:641} INFO - df.isnull().sum()
[2025-02-21T10:23:04.239+0000] {spark_submit.py:641} INFO - File "/home/airflow/.local/lib/python3.9/site-packages/pyspark/python/lib/pyspark.zip/pyspark/sql/dataframe.py", line 1988, in __getattr__
[2025-02-21T10:23:04.241+0000] {spark_submit.py:641} INFO - AttributeError: 'DataFrame' object has no attribute 'isnull'
[2025-02-21T10:23:04.441+0000] {taskinstance.py:3313} ERROR - Task failed with exception
Traceback (most recent call last):
  File "/home/airflow/.local/lib/python3.9/site-packages/airflow/models/taskinstance.py", line 768, in _execute_task
    result = _execute_callable(context=context, **execute_callable_kwargs)
  File "/home/airflow/.local/lib/python3.9/site-packages/airflow/models/taskinstance.py", line 734, in _execute_callable
    return ExecutionCallableRunner(
  File "/home/airflow/.local/lib/python3.9/site-packages/airflow/utils/operator_helpers.py", line 252, in run
    return self.func(*args, **kwargs)
  File "/home/airflow/.local/lib/python3.9/site-packages/airflow/models/baseoperator.py", line 424, in wrapper
    return func(self, *args, **kwargs)
  File "/home/airflow/.local/lib/python3.9/site-packages/airflow/providers/apache/spark/operators/spark_submit.py", line 177, in execute
    self._hook.submit(self.application)
  File "/home/airflow/.local/lib/python3.9/site-packages/airflow/providers/apache/spark/hooks/spark_submit.py", line 567, in submit
    raise AirflowException(
airflow.exceptions.AirflowException: Cannot execute: spark-submit --master spark://***-spark-master:7077 --packages org.postgresql:postgresql:42.2.18 --name arrow-spark /spark-scripts/***_v2_transform.py. Error code is: 1.
[2025-02-21T10:23:04.464+0000] {taskinstance.py:1226} INFO - Marking task as FAILED. dag_id=***_v2_etl_dag, task_id=transform_task, run_id=manual__2025-02-21T09:53:37.982146+00:00, execution_date=20250221T095337, start_date=20250221T102254, end_date=20250221T102304
[2025-02-21T10:23:04.505+0000] {taskinstance.py:341} INFO - ::group::Post task execution logs
[2025-02-21T10:23:04.507+0000] {standard_task_runner.py:124} ERROR - Failed to execute job 179 for task transform_task (Cannot execute: spark-submit --master spark://***-spark-master:7077 --packages org.postgresql:postgresql:42.2.18 --name arrow-spark /spark-scripts/***_v2_transform.py. Error code is: 1.; 13613)
Traceback (most recent call last):
  File "/home/airflow/.local/lib/python3.9/site-packages/airflow/task/task_runner/standard_task_runner.py", line 117, in _start_by_fork
    ret = args.func(args, dag=self.dag)
  File "/home/airflow/.local/lib/python3.9/site-packages/airflow/cli/cli_config.py", line 49, in command
    return func(*args, **kwargs)
  File "/home/airflow/.local/lib/python3.9/site-packages/airflow/utils/cli.py", line 116, in wrapper
    return f(*args, **kwargs)
  File "/home/airflow/.local/lib/python3.9/site-packages/airflow/cli/commands/task_command.py", line 483, in task_run
    task_return_code = _run_task_by_selected_method(args, _dag, ti)
  File "/home/airflow/.local/lib/python3.9/site-packages/airflow/cli/commands/task_command.py", line 256, in _run_task_by_selected_method
    return _run_raw_task(args, ti)
  File "/home/airflow/.local/lib/python3.9/site-packages/airflow/cli/commands/task_command.py", line 341, in _run_raw_task
    return ti._run_raw_task(
  File "/home/airflow/.local/lib/python3.9/site-packages/airflow/utils/session.py", line 97, in wrapper
    return func(*args, session=session, **kwargs)
  File "/home/airflow/.local/lib/python3.9/site-packages/airflow/models/taskinstance.py", line 3006, in _run_raw_task
    return _run_raw_task(
  File "/home/airflow/.local/lib/python3.9/site-packages/airflow/models/taskinstance.py", line 274, in _run_raw_task
    TaskInstance._execute_task_with_callbacks(
  File "/home/airflow/.local/lib/python3.9/site-packages/airflow/models/taskinstance.py", line 3161, in _execute_task_with_callbacks
    result = self._execute_task(context, task_orig)
  File "/home/airflow/.local/lib/python3.9/site-packages/airflow/models/taskinstance.py", line 3185, in _execute_task
    return _execute_task(self, context, task_orig)
  File "/home/airflow/.local/lib/python3.9/site-packages/airflow/models/taskinstance.py", line 768, in _execute_task
    result = _execute_callable(context=context, **execute_callable_kwargs)
  File "/home/airflow/.local/lib/python3.9/site-packages/airflow/models/taskinstance.py", line 734, in _execute_callable
    return ExecutionCallableRunner(
  File "/home/airflow/.local/lib/python3.9/site-packages/airflow/utils/operator_helpers.py", line 252, in run
    return self.func(*args, **kwargs)
  File "/home/airflow/.local/lib/python3.9/site-packages/airflow/models/baseoperator.py", line 424, in wrapper
    return func(self, *args, **kwargs)
  File "/home/airflow/.local/lib/python3.9/site-packages/airflow/providers/apache/spark/operators/spark_submit.py", line 177, in execute
    self._hook.submit(self.application)
  File "/home/airflow/.local/lib/python3.9/site-packages/airflow/providers/apache/spark/hooks/spark_submit.py", line 567, in submit
    raise AirflowException(
airflow.exceptions.AirflowException: Cannot execute: spark-submit --master spark://***-spark-master:7077 --packages org.postgresql:postgresql:42.2.18 --name arrow-spark /spark-scripts/***_v2_transform.py. Error code is: 1.
[2025-02-21T10:23:04.550+0000] {local_task_job_runner.py:266} INFO - Task exited with return code 1
[2025-02-21T10:23:04.580+0000] {taskinstance.py:3901} INFO - 0 downstream tasks scheduled from follow-on schedule check
[2025-02-21T10:23:04.587+0000] {local_task_job_runner.py:245} INFO - ::endgroup::
