[2025-02-15T05:33:10.161+0000] {local_task_job_runner.py:123} INFO - ::group::Pre task execution logs
[2025-02-15T05:33:10.187+0000] {taskinstance.py:2613} INFO - Dependencies all met for dep_context=non-requeueable deps ti=<TaskInstance: finprode8_elt_dag.etl_task manual__2025-02-15T05:33:08.517346+00:00 [queued]>
[2025-02-15T05:33:10.204+0000] {taskinstance.py:2613} INFO - Dependencies all met for dep_context=requeueable deps ti=<TaskInstance: finprode8_elt_dag.etl_task manual__2025-02-15T05:33:08.517346+00:00 [queued]>
[2025-02-15T05:33:10.207+0000] {taskinstance.py:2866} INFO - Starting attempt 1 of 1
[2025-02-15T05:33:10.239+0000] {taskinstance.py:2889} INFO - Executing <Task(SparkSubmitOperator): etl_task> on 2025-02-15 05:33:08.517346+00:00
[2025-02-15T05:33:10.247+0000] {standard_task_runner.py:72} INFO - Started process 422 to run task
[2025-02-15T05:33:10.254+0000] {standard_task_runner.py:104} INFO - Running: ['airflow', 'tasks', 'run', '***_elt_dag', 'etl_task', 'manual__2025-02-15T05:33:08.517346+00:00', '--job-id', '3', '--raw', '--subdir', 'DAGS_FOLDER/***_etl_dag.py', '--cfg-path', '/tmp/tmpi5qbkt3b']
[2025-02-15T05:33:10.258+0000] {standard_task_runner.py:105} INFO - Job 3: Subtask etl_task
[2025-02-15T05:33:10.297+0000] {logging_mixin.py:190} WARNING - /home/airflow/.local/lib/python3.9/site-packages/airflow/settings.py:209 DeprecationWarning: The sql_alchemy_conn option in [core] has been moved to the sql_alchemy_conn option in [database] - the old setting has been used, but please update your config.
[2025-02-15T05:33:10.359+0000] {task_command.py:467} INFO - Running <TaskInstance: finprode8_elt_dag.etl_task manual__2025-02-15T05:33:08.517346+00:00 [running]> on host ***-airflow-scheduler
[2025-02-15T05:33:10.542+0000] {taskinstance.py:3132} INFO - Exporting env vars: AIRFLOW_CTX_DAG_OWNER='ratih malini' AIRFLOW_CTX_DAG_ID='***_elt_dag' AIRFLOW_CTX_TASK_ID='etl_task' AIRFLOW_CTX_EXECUTION_DATE='2025-02-15T05:33:08.517346+00:00' AIRFLOW_CTX_TRY_NUMBER='1' AIRFLOW_CTX_DAG_RUN_ID='manual__2025-02-15T05:33:08.517346+00:00'
[2025-02-15T05:33:10.546+0000] {taskinstance.py:731} INFO - ::endgroup::
[2025-02-15T05:33:10.628+0000] {base.py:84} INFO - Retrieving connection 'spark_main'
[2025-02-15T05:33:10.631+0000] {spark_submit.py:474} INFO - Spark-Submit cmd: spark-submit --master spark://***-spark-master:7077 --packages org.postgresql:postgresql:42.2.18 --name arrow-spark /spark-scripts/***_etl.py
[2025-02-15T05:33:13.005+0000] {spark_submit.py:641} INFO - :: loading settings :: url = jar:file:/home/airflow/.local/lib/python3.9/site-packages/pyspark/jars/ivy-2.5.1.jar!/org/apache/ivy/core/settings/ivysettings.xml
[2025-02-15T05:33:13.148+0000] {spark_submit.py:641} INFO - Ivy Default Cache set to: /home/airflow/.ivy2/cache
[2025-02-15T05:33:13.150+0000] {spark_submit.py:641} INFO - The jars for the packages stored in: /home/airflow/.ivy2/jars
[2025-02-15T05:33:13.152+0000] {spark_submit.py:641} INFO - org.postgresql#postgresql added as a dependency
[2025-02-15T05:33:13.154+0000] {spark_submit.py:641} INFO - :: resolving dependencies :: org.apache.spark#spark-submit-parent-212b85ea-81ac-450b-b116-e350e7097e47;1.0
[2025-02-15T05:33:13.156+0000] {spark_submit.py:641} INFO - confs: [default]
[2025-02-15T05:33:13.337+0000] {spark_submit.py:641} INFO - found org.postgresql#postgresql;42.2.18 in central
[2025-02-15T05:33:13.364+0000] {spark_submit.py:641} INFO - found org.checkerframework#checker-qual;3.5.0 in central
[2025-02-15T05:33:13.384+0000] {spark_submit.py:641} INFO - :: resolution report :: resolve 225ms :: artifacts dl 5ms
[2025-02-15T05:33:13.386+0000] {spark_submit.py:641} INFO - :: modules in use:
[2025-02-15T05:33:13.388+0000] {spark_submit.py:641} INFO - org.checkerframework#checker-qual;3.5.0 from central in [default]
[2025-02-15T05:33:13.390+0000] {spark_submit.py:641} INFO - org.postgresql#postgresql;42.2.18 from central in [default]
[2025-02-15T05:33:13.392+0000] {spark_submit.py:641} INFO - ---------------------------------------------------------------------
[2025-02-15T05:33:13.394+0000] {spark_submit.py:641} INFO - |                  |            modules            ||   artifacts   |
[2025-02-15T05:33:13.396+0000] {spark_submit.py:641} INFO - |       conf       | number| search|dwnlded|evicted|| number|dwnlded|
[2025-02-15T05:33:13.398+0000] {spark_submit.py:641} INFO - ---------------------------------------------------------------------
[2025-02-15T05:33:13.399+0000] {spark_submit.py:641} INFO - |      default     |   2   |   0   |   0   |   0   ||   2   |   0   |
[2025-02-15T05:33:13.401+0000] {spark_submit.py:641} INFO - ---------------------------------------------------------------------
[2025-02-15T05:33:13.403+0000] {spark_submit.py:641} INFO - :: retrieving :: org.apache.spark#spark-submit-parent-212b85ea-81ac-450b-b116-e350e7097e47
[2025-02-15T05:33:13.405+0000] {spark_submit.py:641} INFO - confs: [default]
[2025-02-15T05:33:13.407+0000] {spark_submit.py:641} INFO - 0 artifacts copied, 2 already retrieved (0kB/7ms)
[2025-02-15T05:33:13.747+0000] {spark_submit.py:641} INFO - 25/02/15 05:33:13 WARN NativeCodeLoader: Unable to load native-hadoop library for your platform... using builtin-java classes where applicable
[2025-02-15T05:33:15.430+0000] {spark_submit.py:641} INFO - 25/02/15 05:33:15 INFO SparkContext: Running Spark version 3.3.2
[2025-02-15T05:33:15.456+0000] {spark_submit.py:641} INFO - 25/02/15 05:33:15 INFO ResourceUtils: ==============================================================
[2025-02-15T05:33:15.458+0000] {spark_submit.py:641} INFO - 25/02/15 05:33:15 INFO ResourceUtils: No custom resources configured for spark.driver.
[2025-02-15T05:33:15.460+0000] {spark_submit.py:641} INFO - 25/02/15 05:33:15 INFO ResourceUtils: ==============================================================
[2025-02-15T05:33:15.461+0000] {spark_submit.py:641} INFO - 25/02/15 05:33:15 INFO SparkContext: Submitted application: ***
[2025-02-15T05:33:15.489+0000] {spark_submit.py:641} INFO - 25/02/15 05:33:15 INFO ResourceProfile: Default ResourceProfile created, executor resources: Map(cores -> name: cores, amount: 1, script: , vendor: , memory -> name: memory, amount: 1024, script: , vendor: , offHeap -> name: offHeap, amount: 0, script: , vendor: ), task resources: Map(cpus -> name: cpus, amount: 1.0)
[2025-02-15T05:33:15.498+0000] {spark_submit.py:641} INFO - 25/02/15 05:33:15 INFO ResourceProfile: Limiting resource is cpu
[2025-02-15T05:33:15.500+0000] {spark_submit.py:641} INFO - 25/02/15 05:33:15 INFO ResourceProfileManager: Added ResourceProfile id: 0
[2025-02-15T05:33:15.569+0000] {spark_submit.py:641} INFO - 25/02/15 05:33:15 INFO SecurityManager: Changing view acls to: airflow
[2025-02-15T05:33:15.571+0000] {spark_submit.py:641} INFO - 25/02/15 05:33:15 INFO SecurityManager: Changing modify acls to: airflow
[2025-02-15T05:33:15.572+0000] {spark_submit.py:641} INFO - 25/02/15 05:33:15 INFO SecurityManager: Changing view acls groups to:
[2025-02-15T05:33:15.574+0000] {spark_submit.py:641} INFO - 25/02/15 05:33:15 INFO SecurityManager: Changing modify acls groups to:
[2025-02-15T05:33:15.576+0000] {spark_submit.py:641} INFO - 25/02/15 05:33:15 INFO SecurityManager: SecurityManager: authentication disabled; ui acls disabled; users  with view permissions: Set(airflow); groups with view permissions: Set(); users  with modify permissions: Set(airflow); groups with modify permissions: Set()
[2025-02-15T05:33:15.943+0000] {spark_submit.py:641} INFO - 25/02/15 05:33:15 INFO Utils: Successfully started service 'sparkDriver' on port 37601.
[2025-02-15T05:33:16.030+0000] {spark_submit.py:641} INFO - 25/02/15 05:33:16 INFO SparkEnv: Registering MapOutputTracker
[2025-02-15T05:33:16.081+0000] {spark_submit.py:641} INFO - 25/02/15 05:33:16 INFO SparkEnv: Registering BlockManagerMaster
[2025-02-15T05:33:16.122+0000] {spark_submit.py:641} INFO - 25/02/15 05:33:16 INFO BlockManagerMasterEndpoint: Using org.apache.spark.storage.DefaultTopologyMapper for getting topology information
[2025-02-15T05:33:16.123+0000] {spark_submit.py:641} INFO - 25/02/15 05:33:16 INFO BlockManagerMasterEndpoint: BlockManagerMasterEndpoint up
[2025-02-15T05:33:16.143+0000] {spark_submit.py:641} INFO - 25/02/15 05:33:16 INFO SparkEnv: Registering BlockManagerMasterHeartbeat
[2025-02-15T05:33:16.186+0000] {spark_submit.py:641} INFO - 25/02/15 05:33:16 INFO DiskBlockManager: Created local directory at /tmp/blockmgr-56bf8c4e-8128-4fb0-8076-24d0ecdffcbb
[2025-02-15T05:33:16.205+0000] {spark_submit.py:641} INFO - 25/02/15 05:33:16 INFO MemoryStore: MemoryStore started with capacity 434.4 MiB
[2025-02-15T05:33:16.224+0000] {spark_submit.py:641} INFO - 25/02/15 05:33:16 INFO SparkEnv: Registering OutputCommitCoordinator
[2025-02-15T05:33:16.500+0000] {spark_submit.py:641} INFO - 25/02/15 05:33:16 INFO Utils: Successfully started service 'SparkUI' on port 4040.
[2025-02-15T05:33:16.551+0000] {spark_submit.py:641} INFO - 25/02/15 05:33:16 INFO SparkContext: Added JAR /spark-scripts/jars/postgresql-42.2.18.jar at spark://***-airflow-scheduler:37601/jars/postgresql-42.2.18.jar with timestamp 1739597595419
[2025-02-15T05:33:16.553+0000] {spark_submit.py:641} INFO - 25/02/15 05:33:16 INFO SparkContext: Added file file:///home/airflow/.ivy2/jars/org.postgresql_postgresql-42.2.18.jar at file:///home/airflow/.ivy2/jars/org.postgresql_postgresql-42.2.18.jar with timestamp 1739597595419
[2025-02-15T05:33:16.554+0000] {spark_submit.py:641} INFO - 25/02/15 05:33:16 INFO Utils: Copying /home/airflow/.ivy2/jars/org.postgresql_postgresql-42.2.18.jar to /tmp/spark-5fbb5069-0088-433a-b580-9c0ec7ffad20/userFiles-c172ce51-f5dd-4ee1-9cde-32d4408d4430/org.postgresql_postgresql-42.2.18.jar
[2025-02-15T05:33:16.586+0000] {spark_submit.py:641} INFO - 25/02/15 05:33:16 INFO SparkContext: Added file file:///home/airflow/.ivy2/jars/org.checkerframework_checker-qual-3.5.0.jar at file:///home/airflow/.ivy2/jars/org.checkerframework_checker-qual-3.5.0.jar with timestamp 1739597595419
[2025-02-15T05:33:16.589+0000] {spark_submit.py:641} INFO - 25/02/15 05:33:16 INFO Utils: Copying /home/airflow/.ivy2/jars/org.checkerframework_checker-qual-3.5.0.jar to /tmp/spark-5fbb5069-0088-433a-b580-9c0ec7ffad20/userFiles-c172ce51-f5dd-4ee1-9cde-32d4408d4430/org.checkerframework_checker-qual-3.5.0.jar
[2025-02-15T05:33:16.685+0000] {spark_submit.py:641} INFO - 25/02/15 05:33:16 INFO Executor: Starting executor ID driver on host ***-airflow-scheduler
[2025-02-15T05:33:16.692+0000] {spark_submit.py:641} INFO - 25/02/15 05:33:16 INFO Executor: Starting executor with user classpath (userClassPathFirst = false): ''
[2025-02-15T05:33:16.707+0000] {spark_submit.py:641} INFO - 25/02/15 05:33:16 INFO Executor: Fetching file:///home/airflow/.ivy2/jars/org.postgresql_postgresql-42.2.18.jar with timestamp 1739597595419
[2025-02-15T05:33:16.732+0000] {spark_submit.py:641} INFO - 25/02/15 05:33:16 INFO Utils: /home/airflow/.ivy2/jars/org.postgresql_postgresql-42.2.18.jar has been previously copied to /tmp/spark-5fbb5069-0088-433a-b580-9c0ec7ffad20/userFiles-c172ce51-f5dd-4ee1-9cde-32d4408d4430/org.postgresql_postgresql-42.2.18.jar
[2025-02-15T05:33:16.748+0000] {spark_submit.py:641} INFO - 25/02/15 05:33:16 INFO Executor: Fetching file:///home/airflow/.ivy2/jars/org.checkerframework_checker-qual-3.5.0.jar with timestamp 1739597595419
[2025-02-15T05:33:16.750+0000] {spark_submit.py:641} INFO - 25/02/15 05:33:16 INFO Utils: /home/airflow/.ivy2/jars/org.checkerframework_checker-qual-3.5.0.jar has been previously copied to /tmp/spark-5fbb5069-0088-433a-b580-9c0ec7ffad20/userFiles-c172ce51-f5dd-4ee1-9cde-32d4408d4430/org.checkerframework_checker-qual-3.5.0.jar
[2025-02-15T05:33:16.762+0000] {spark_submit.py:641} INFO - 25/02/15 05:33:16 INFO Executor: Fetching spark://***-airflow-scheduler:37601/jars/postgresql-42.2.18.jar with timestamp 1739597595419
[2025-02-15T05:33:16.820+0000] {spark_submit.py:641} INFO - 25/02/15 05:33:16 INFO TransportClientFactory: Successfully created connection to ***-airflow-scheduler/172.19.0.5:37601 after 42 ms (0 ms spent in bootstraps)
[2025-02-15T05:33:16.829+0000] {spark_submit.py:641} INFO - 25/02/15 05:33:16 INFO Utils: Fetching spark://***-airflow-scheduler:37601/jars/postgresql-42.2.18.jar to /tmp/spark-5fbb5069-0088-433a-b580-9c0ec7ffad20/userFiles-c172ce51-f5dd-4ee1-9cde-32d4408d4430/fetchFileTemp18243500424072571044.tmp
[2025-02-15T05:33:17.150+0000] {spark_submit.py:641} INFO - 25/02/15 05:33:17 INFO Executor: Adding file:/tmp/spark-5fbb5069-0088-433a-b580-9c0ec7ffad20/userFiles-c172ce51-f5dd-4ee1-9cde-32d4408d4430/postgresql-42.2.18.jar to class loader
[2025-02-15T05:33:17.159+0000] {spark_submit.py:641} INFO - 25/02/15 05:33:17 INFO Utils: Successfully started service 'org.apache.spark.network.netty.NettyBlockTransferService' on port 33471.
[2025-02-15T05:33:17.161+0000] {spark_submit.py:641} INFO - 25/02/15 05:33:17 INFO NettyBlockTransferService: Server created on ***-airflow-scheduler:33471
[2025-02-15T05:33:17.163+0000] {spark_submit.py:641} INFO - 25/02/15 05:33:17 INFO BlockManager: Using org.apache.spark.storage.RandomBlockReplicationPolicy for block replication policy
[2025-02-15T05:33:17.207+0000] {spark_submit.py:641} INFO - 25/02/15 05:33:17 INFO BlockManagerMaster: Registering BlockManager BlockManagerId(driver, ***-airflow-scheduler, 33471, None)
[2025-02-15T05:33:17.212+0000] {spark_submit.py:641} INFO - 25/02/15 05:33:17 INFO BlockManagerMasterEndpoint: Registering block manager ***-airflow-scheduler:33471 with 434.4 MiB RAM, BlockManagerId(driver, ***-airflow-scheduler, 33471, None)
[2025-02-15T05:33:17.215+0000] {spark_submit.py:641} INFO - 25/02/15 05:33:17 INFO BlockManagerMaster: Registered BlockManager BlockManagerId(driver, ***-airflow-scheduler, 33471, None)
[2025-02-15T05:33:17.217+0000] {spark_submit.py:641} INFO - 25/02/15 05:33:17 INFO BlockManager: Initialized BlockManager: BlockManagerId(driver, ***-airflow-scheduler, 33471, None)
[2025-02-15T05:33:22.652+0000] {spark_submit.py:641} INFO - ---------------- MENAMPILKAN DATASET ----------------
[2025-02-15T05:33:23.019+0000] {spark_submit.py:641} INFO - +-----------+-----------------+---------+---------------+------+-------------------+---------------+---+--------------------+-----------------+---------------------+----------+------------------+
[2025-02-15T05:33:23.021+0000] {spark_submit.py:641} INFO - |employee_id|       department|   region|      education|gender|recruitment_channel|no_of_trainings|age|previous_year_rating|length_of_service|KPIs_met_more_than_80|awards_won|avg_training_score|
[2025-02-15T05:33:23.022+0000] {spark_submit.py:641} INFO - +-----------+-----------------+---------+---------------+------+-------------------+---------------+---+--------------------+-----------------+---------------------+----------+------------------+
[2025-02-15T05:33:23.023+0000] {spark_submit.py:641} INFO - |       8724|       Technology|region_26|      Bachelors|     m|           sourcing|              1| 24|                null|                1|                    1|         0|                77|
[2025-02-15T05:33:23.024+0000] {spark_submit.py:641} INFO - |      74430|               HR| region_4|      Bachelors|     f|              other|              1| 31|                   3|                5|                    0|         0|                51|
[2025-02-15T05:33:23.025+0000] {spark_submit.py:641} INFO - |      72255|Sales & Marketing|region_13|      Bachelors|     m|              other|              1| 31|                   1|                4|                    0|         0|                47|
[2025-02-15T05:33:23.026+0000] {spark_submit.py:641} INFO - |      38562|      Procurement| region_2|      Bachelors|     f|              other|              3| 31|                   2|                9|                    0|         0|                65|
[2025-02-15T05:33:23.027+0000] {spark_submit.py:641} INFO - |      64486|          Finance|region_29|      Bachelors|     m|           sourcing|              1| 30|                   4|                7|                    0|         0|                61|
[2025-02-15T05:33:23.028+0000] {spark_submit.py:641} INFO - |      46232|      Procurement| region_7|      Bachelors|     m|           sourcing|              1| 36|                   3|                2|                    0|         0|                68|
[2025-02-15T05:33:23.028+0000] {spark_submit.py:641} INFO - |      54542|          Finance| region_2|      Bachelors|     m|              other|              1| 33|                   5|                3|                    1|         0|                57|
[2025-02-15T05:33:23.030+0000] {spark_submit.py:641} INFO - |      67269|        Analytics|region_22|      Bachelors|     m|           sourcing|              2| 36|                   3|                3|                    0|         0|                85|
[2025-02-15T05:33:23.031+0000] {spark_submit.py:641} INFO - |      66174|       Technology| region_7|Masters & above|     m|              other|              1| 51|                   4|               11|                    0|         0|                75|
[2025-02-15T05:33:23.032+0000] {spark_submit.py:641} INFO - |      76303|       Technology|region_22|      Bachelors|     m|           sourcing|              1| 29|                   5|                2|                    1|         0|                76|
[2025-02-15T05:33:23.033+0000] {spark_submit.py:641} INFO - +-----------+-----------------+---------+---------------+------+-------------------+---------------+---+--------------------+-----------------+---------------------+----------+------------------+
[2025-02-15T05:33:23.035+0000] {spark_submit.py:641} INFO - only showing top 10 rows
[2025-02-15T05:33:23.036+0000] {spark_submit.py:641} INFO - 
[2025-02-15T05:33:23.037+0000] {spark_submit.py:641} INFO - ---------------- MENAMPILKAN TIPE DATA AWAL ----------------
[2025-02-15T05:33:23.038+0000] {spark_submit.py:641} INFO - root
[2025-02-15T05:33:23.039+0000] {spark_submit.py:641} INFO - |-- employee_id: string (nullable = true)
[2025-02-15T05:33:23.040+0000] {spark_submit.py:641} INFO - |-- department: string (nullable = true)
[2025-02-15T05:33:23.041+0000] {spark_submit.py:641} INFO - |-- region: string (nullable = true)
[2025-02-15T05:33:23.043+0000] {spark_submit.py:641} INFO - |-- education: string (nullable = true)
[2025-02-15T05:33:23.044+0000] {spark_submit.py:641} INFO - |-- gender: string (nullable = true)
[2025-02-15T05:33:23.045+0000] {spark_submit.py:641} INFO - |-- recruitment_channel: string (nullable = true)
[2025-02-15T05:33:23.046+0000] {spark_submit.py:641} INFO - |-- no_of_trainings: string (nullable = true)
[2025-02-15T05:33:23.047+0000] {spark_submit.py:641} INFO - |-- age: string (nullable = true)
[2025-02-15T05:33:23.048+0000] {spark_submit.py:641} INFO - |-- previous_year_rating: string (nullable = true)
[2025-02-15T05:33:23.049+0000] {spark_submit.py:641} INFO - |-- length_of_service: string (nullable = true)
[2025-02-15T05:33:23.051+0000] {spark_submit.py:641} INFO - |-- KPIs_met_more_than_80: string (nullable = true)
[2025-02-15T05:33:23.052+0000] {spark_submit.py:641} INFO - |-- awards_won: string (nullable = true)
[2025-02-15T05:33:23.053+0000] {spark_submit.py:641} INFO - |-- avg_training_score: string (nullable = true)
[2025-02-15T05:33:23.054+0000] {spark_submit.py:641} INFO - 
[2025-02-15T05:33:23.209+0000] {spark_submit.py:641} INFO - ---------------- MENAMPILKAN TIPE DATA HASIL TRANSFORMASI ----------------
[2025-02-15T05:33:23.212+0000] {spark_submit.py:641} INFO - root
[2025-02-15T05:33:23.213+0000] {spark_submit.py:641} INFO - |-- employee_id: string (nullable = true)
[2025-02-15T05:33:23.214+0000] {spark_submit.py:641} INFO - |-- department: string (nullable = true)
[2025-02-15T05:33:23.216+0000] {spark_submit.py:641} INFO - |-- region: string (nullable = true)
[2025-02-15T05:33:23.218+0000] {spark_submit.py:641} INFO - |-- education: string (nullable = true)
[2025-02-15T05:33:23.219+0000] {spark_submit.py:641} INFO - |-- gender: string (nullable = true)
[2025-02-15T05:33:23.220+0000] {spark_submit.py:641} INFO - |-- recruitment_channel: string (nullable = true)
[2025-02-15T05:33:23.221+0000] {spark_submit.py:641} INFO - |-- no_of_trainings: integer (nullable = true)
[2025-02-15T05:33:23.222+0000] {spark_submit.py:641} INFO - |-- age: integer (nullable = true)
[2025-02-15T05:33:23.223+0000] {spark_submit.py:641} INFO - |-- previous_year_rating: integer (nullable = true)
[2025-02-15T05:33:23.224+0000] {spark_submit.py:641} INFO - |-- length_of_service: integer (nullable = true)
[2025-02-15T05:33:23.224+0000] {spark_submit.py:641} INFO - |-- KPIs_met_more_than_80: integer (nullable = true)
[2025-02-15T05:33:23.226+0000] {spark_submit.py:641} INFO - |-- awards_won: integer (nullable = true)
[2025-02-15T05:33:23.227+0000] {spark_submit.py:641} INFO - |-- avg_training_score: integer (nullable = true)
[2025-02-15T05:33:23.227+0000] {spark_submit.py:641} INFO - 
[2025-02-15T05:33:23.228+0000] {spark_submit.py:641} INFO - ---------------- MENAMPILKAN BANYAK DATA NULL DI SETIAP KOLOM ----------------
[2025-02-15T05:33:25.190+0000] {spark_submit.py:641} INFO - +----------------+---------------+-----------+--------------+-----------+------------------------+--------------------+--------+-------------------------+----------------------+--------------------------+---------------+-----------------------+
[2025-02-15T05:33:25.210+0000] {spark_submit.py:641} INFO - |employee_id_null|department_null|region_null|education_null|gender_null|recruitment_channel_null|no_of_trainings_null|age_null|previous_year_rating_null|length_of_service_null|KPIs_met_more_than_80_null|awards_won_null|avg_training_score_nuli|
[2025-02-15T05:33:25.211+0000] {spark_submit.py:641} INFO - +----------------+---------------+-----------+--------------+-----------+------------------------+--------------------+--------+-------------------------+----------------------+--------------------------+---------------+-----------------------+
[2025-02-15T05:33:25.213+0000] {spark_submit.py:641} INFO - |               0|              0|          0|           771|          0|                       0|                   0|       0|                     1363|                     0|                         0|              0|                      0|
[2025-02-15T05:33:25.214+0000] {spark_submit.py:641} INFO - +----------------+---------------+-----------+--------------+-----------+------------------------+--------------------+--------+-------------------------+----------------------+--------------------------+---------------+-----------------------+
[2025-02-15T05:33:25.216+0000] {spark_submit.py:641} INFO - 
[2025-02-15T05:33:25.218+0000] {spark_submit.py:641} INFO - ---------------- NULL HANDLING PADA KOLOM EDUCATION & PREVIOUS_YEAR_RATING ----------------
[2025-02-15T05:33:25.553+0000] {spark_submit.py:641} INFO - +--------------+-------------------------+
[2025-02-15T05:33:25.555+0000] {spark_submit.py:641} INFO - |education_null|previous_year_rating_null|
[2025-02-15T05:33:25.556+0000] {spark_submit.py:641} INFO - +--------------+-------------------------+
[2025-02-15T05:33:25.558+0000] {spark_submit.py:641} INFO - |             0|                        0|
[2025-02-15T05:33:25.559+0000] {spark_submit.py:641} INFO - +--------------+-------------------------+
[2025-02-15T05:33:25.560+0000] {spark_submit.py:641} INFO - 
[2025-02-15T05:33:26.773+0000] {spark_submit.py:641} INFO - ---------------- MENAMPILKAN DATA HASIL LOAD KE POSTGRES ----------------
[2025-02-15T05:33:26.928+0000] {spark_submit.py:641} INFO - +-----------+-----------------+---------+---------------+------+-------------------+---------------+---+--------------------+-----------------+---------------------+----------+------------------+
[2025-02-15T05:33:26.930+0000] {spark_submit.py:641} INFO - |employee_id|       department|   region|      education|gender|recruitment_channel|no_of_trainings|age|previous_year_rating|length_of_service|KPIs_met_more_than_80|awards_won|avg_training_score|
[2025-02-15T05:33:26.932+0000] {spark_submit.py:641} INFO - +-----------+-----------------+---------+---------------+------+-------------------+---------------+---+--------------------+-----------------+---------------------+----------+------------------+
[2025-02-15T05:33:26.933+0000] {spark_submit.py:641} INFO - |       8724|       Technology|region_26|      Bachelors|     m|           sourcing|              1| 24|                   0|                1|                    1|         0|                77|
[2025-02-15T05:33:26.935+0000] {spark_submit.py:641} INFO - |      74430|               HR| region_4|      Bachelors|     f|              other|              1| 31|                   3|                5|                    0|         0|                51|
[2025-02-15T05:33:26.937+0000] {spark_submit.py:641} INFO - |      72255|Sales & Marketing|region_13|      Bachelors|     m|              other|              1| 31|                   1|                4|                    0|         0|                47|
[2025-02-15T05:33:26.939+0000] {spark_submit.py:641} INFO - |      38562|      Procurement| region_2|      Bachelors|     f|              other|              3| 31|                   2|                9|                    0|         0|                65|
[2025-02-15T05:33:26.940+0000] {spark_submit.py:641} INFO - |      64486|          Finance|region_29|      Bachelors|     m|           sourcing|              1| 30|                   4|                7|                    0|         0|                61|
[2025-02-15T05:33:26.942+0000] {spark_submit.py:641} INFO - |      46232|      Procurement| region_7|      Bachelors|     m|           sourcing|              1| 36|                   3|                2|                    0|         0|                68|
[2025-02-15T05:33:26.943+0000] {spark_submit.py:641} INFO - |      54542|          Finance| region_2|      Bachelors|     m|              other|              1| 33|                   5|                3|                    1|         0|                57|
[2025-02-15T05:33:26.944+0000] {spark_submit.py:641} INFO - |      67269|        Analytics|region_22|      Bachelors|     m|           sourcing|              2| 36|                   3|                3|                    0|         0|                85|
[2025-02-15T05:33:26.947+0000] {spark_submit.py:641} INFO - |      66174|       Technology| region_7|Masters & above|     m|              other|              1| 51|                   4|               11|                    0|         0|                75|
[2025-02-15T05:33:26.949+0000] {spark_submit.py:641} INFO - |      76303|       Technology|region_22|      Bachelors|     m|           sourcing|              1| 29|                   5|                2|                    1|         0|                76|
[2025-02-15T05:33:26.950+0000] {spark_submit.py:641} INFO - |      60245|Sales & Marketing|region_16|      Bachelors|     m|           sourcing|              2| 40|                   5|               12|                    1|         0|                50|
[2025-02-15T05:33:26.953+0000] {spark_submit.py:641} INFO - |      42639|Sales & Marketing|region_17|Masters & above|     m|           sourcing|              1| 40|                   3|               10|                    0|         0|                46|
[2025-02-15T05:33:26.954+0000] {spark_submit.py:641} INFO - |      30963|Sales & Marketing| region_4|Masters & above|     f|              other|              1| 34|                   3|                4|                    0|         0|                52|
[2025-02-15T05:33:26.955+0000] {spark_submit.py:641} INFO - |      54055|        Analytics|region_24|      Bachelors|     m|              other|              1| 37|                   3|               10|                    0|         0|                82|
[2025-02-15T05:33:26.958+0000] {spark_submit.py:641} INFO - |      42996|       Operations|region_11|      Bachelors|     m|           sourcing|              1| 30|                   5|                6|                    1|         0|                58|
[2025-02-15T05:33:26.959+0000] {spark_submit.py:641} INFO - |      12737|Sales & Marketing| region_7|      Bachelors|     m|           sourcing|              1| 31|                   4|                4|                    1|         0|                47|
[2025-02-15T05:33:26.960+0000] {spark_submit.py:641} INFO - |      27561|       Operations|region_27|      Bachelors|     f|           sourcing|              1| 26|                   5|                3|                    0|         0|                56|
[2025-02-15T05:33:26.961+0000] {spark_submit.py:641} INFO - |      26622|Sales & Marketing|region_17|      Bachelors|     m|           sourcing|              1| 40|                   5|                6|                    1|         0|                50|
[2025-02-15T05:33:26.963+0000] {spark_submit.py:641} INFO - |      31582|      Procurement| region_7|      Bachelors|     f|              other|              1| 49|                   3|                7|                    1|         0|                64|
[2025-02-15T05:33:26.965+0000] {spark_submit.py:641} INFO - |      29793|      Procurement|region_27|      Bachelors|     m|              other|              1| 27|                   2|                5|                    0|         0|                65|
[2025-02-15T05:33:26.970+0000] {spark_submit.py:641} INFO - +-----------+-----------------+---------+---------------+------+-------------------+---------------+---+--------------------+-----------------+---------------------+----------+------------------+
[2025-02-15T05:33:26.972+0000] {spark_submit.py:641} INFO - only showing top 20 rows
[2025-02-15T05:33:26.973+0000] {spark_submit.py:641} INFO - 
[2025-02-15T05:33:27.259+0000] {taskinstance.py:340} INFO - ::group::Post task execution logs
[2025-02-15T05:33:27.261+0000] {taskinstance.py:352} INFO - Marking task as SUCCESS. dag_id=***_elt_dag, task_id=etl_task, run_id=manual__2025-02-15T05:33:08.517346+00:00, execution_date=20250215T053308, start_date=20250215T053310, end_date=20250215T053327
[2025-02-15T05:33:27.291+0000] {local_task_job_runner.py:266} INFO - Task exited with return code 0
[2025-02-15T05:33:27.313+0000] {taskinstance.py:3895} INFO - 0 downstream tasks scheduled from follow-on schedule check
[2025-02-15T05:33:27.315+0000] {local_task_job_runner.py:245} INFO - ::endgroup::
