[2025-02-21T19:43:22.948+0000] {local_task_job_runner.py:123} INFO - ::group::Pre task execution logs
[2025-02-21T19:43:23.018+0000] {taskinstance.py:2614} INFO - Dependencies all met for dep_context=non-requeueable deps ti=<TaskInstance: finprode8_v2_etl_dag.load_task manual__2025-02-21T19:42:31.002572+00:00 [queued]>
[2025-02-21T19:43:23.037+0000] {taskinstance.py:2614} INFO - Dependencies all met for dep_context=requeueable deps ti=<TaskInstance: finprode8_v2_etl_dag.load_task manual__2025-02-21T19:42:31.002572+00:00 [queued]>
[2025-02-21T19:43:23.041+0000] {taskinstance.py:2867} INFO - Starting attempt 1 of 1
[2025-02-21T19:43:23.061+0000] {taskinstance.py:2890} INFO - Executing <Task(SparkSubmitOperator): load_task> on 2025-02-21 19:42:31.002572+00:00
[2025-02-21T19:43:23.065+0000] {standard_task_runner.py:72} INFO - Started process 4211 to run task
[2025-02-21T19:43:23.070+0000] {standard_task_runner.py:104} INFO - Running: ['airflow', 'tasks', 'run', '***_v2_etl_dag', 'load_task', 'manual__2025-02-21T19:42:31.002572+00:00', '--job-id', '60', '--raw', '--subdir', 'DAGS_FOLDER/***_v2_etl_dag.py', '--cfg-path', '/tmp/tmp8rfx0kuo']
[2025-02-21T19:43:23.073+0000] {standard_task_runner.py:105} INFO - Job 60: Subtask load_task
[2025-02-21T19:43:23.095+0000] {logging_mixin.py:190} WARNING - /home/airflow/.local/lib/python3.9/site-packages/airflow/settings.py:209 DeprecationWarning: The sql_alchemy_conn option in [core] has been moved to the sql_alchemy_conn option in [database] - the old setting has been used, but please update your config.
[2025-02-21T19:43:23.133+0000] {task_command.py:467} INFO - Running <TaskInstance: finprode8_v2_etl_dag.load_task manual__2025-02-21T19:42:31.002572+00:00 [running]> on host ***-airflow-scheduler
[2025-02-21T19:43:23.227+0000] {taskinstance.py:3134} INFO - Exporting env vars: AIRFLOW_CTX_DAG_OWNER='ratih malini' AIRFLOW_CTX_DAG_ID='***_v2_etl_dag' AIRFLOW_CTX_TASK_ID='load_task' AIRFLOW_CTX_EXECUTION_DATE='2025-02-21T19:42:31.002572+00:00' AIRFLOW_CTX_TRY_NUMBER='1' AIRFLOW_CTX_DAG_RUN_ID='manual__2025-02-21T19:42:31.002572+00:00'
[2025-02-21T19:43:23.230+0000] {taskinstance.py:732} INFO - ::endgroup::
[2025-02-21T19:43:23.281+0000] {base.py:84} INFO - Retrieving connection 'spark_main'
[2025-02-21T19:43:23.284+0000] {spark_submit.py:474} INFO - Spark-Submit cmd: spark-submit --master spark://***-spark-master:7077 --packages org.postgresql:postgresql:42.2.18 --name arrow-spark /spark-scripts/***_v2_load.py
[2025-02-21T19:43:25.690+0000] {spark_submit.py:641} INFO - :: loading settings :: url = jar:file:/home/airflow/.local/lib/python3.9/site-packages/pyspark/jars/ivy-2.5.1.jar!/org/apache/ivy/core/settings/ivysettings.xml
[2025-02-21T19:43:25.820+0000] {spark_submit.py:641} INFO - Ivy Default Cache set to: /home/airflow/.ivy2/cache
[2025-02-21T19:43:25.822+0000] {spark_submit.py:641} INFO - The jars for the packages stored in: /home/airflow/.ivy2/jars
[2025-02-21T19:43:25.828+0000] {spark_submit.py:641} INFO - org.postgresql#postgresql added as a dependency
[2025-02-21T19:43:25.830+0000] {spark_submit.py:641} INFO - :: resolving dependencies :: org.apache.spark#spark-submit-parent-2a46dcde-4a0d-43b7-a0a0-813bd5d566f2;1.0
[2025-02-21T19:43:25.832+0000] {spark_submit.py:641} INFO - confs: [default]
[2025-02-21T19:43:26.009+0000] {spark_submit.py:641} INFO - found org.postgresql#postgresql;42.2.18 in central
[2025-02-21T19:43:26.040+0000] {spark_submit.py:641} INFO - found org.checkerframework#checker-qual;3.5.0 in central
[2025-02-21T19:43:26.058+0000] {spark_submit.py:641} INFO - :: resolution report :: resolve 221ms :: artifacts dl 7ms
[2025-02-21T19:43:26.061+0000] {spark_submit.py:641} INFO - :: modules in use:
[2025-02-21T19:43:26.063+0000] {spark_submit.py:641} INFO - org.checkerframework#checker-qual;3.5.0 from central in [default]
[2025-02-21T19:43:26.065+0000] {spark_submit.py:641} INFO - org.postgresql#postgresql;42.2.18 from central in [default]
[2025-02-21T19:43:26.066+0000] {spark_submit.py:641} INFO - ---------------------------------------------------------------------
[2025-02-21T19:43:26.067+0000] {spark_submit.py:641} INFO - |                  |            modules            ||   artifacts   |
[2025-02-21T19:43:26.068+0000] {spark_submit.py:641} INFO - |       conf       | number| search|dwnlded|evicted|| number|dwnlded|
[2025-02-21T19:43:26.070+0000] {spark_submit.py:641} INFO - ---------------------------------------------------------------------
[2025-02-21T19:43:26.071+0000] {spark_submit.py:641} INFO - |      default     |   2   |   0   |   0   |   0   ||   2   |   0   |
[2025-02-21T19:43:26.072+0000] {spark_submit.py:641} INFO - ---------------------------------------------------------------------
[2025-02-21T19:43:26.074+0000] {spark_submit.py:641} INFO - :: retrieving :: org.apache.spark#spark-submit-parent-2a46dcde-4a0d-43b7-a0a0-813bd5d566f2
[2025-02-21T19:43:26.076+0000] {spark_submit.py:641} INFO - confs: [default]
[2025-02-21T19:43:26.078+0000] {spark_submit.py:641} INFO - 0 artifacts copied, 2 already retrieved (0kB/7ms)
[2025-02-21T19:43:26.415+0000] {spark_submit.py:641} INFO - 25/02/21 19:43:26 WARN NativeCodeLoader: Unable to load native-hadoop library for your platform... using builtin-java classes where applicable
[2025-02-21T19:43:27.722+0000] {spark_submit.py:641} INFO - 25/02/21 19:43:27 INFO SparkContext: Running Spark version 3.3.2
[2025-02-21T19:43:27.749+0000] {spark_submit.py:641} INFO - 25/02/21 19:43:27 INFO ResourceUtils: ==============================================================
[2025-02-21T19:43:27.751+0000] {spark_submit.py:641} INFO - 25/02/21 19:43:27 INFO ResourceUtils: No custom resources configured for spark.driver.
[2025-02-21T19:43:27.752+0000] {spark_submit.py:641} INFO - 25/02/21 19:43:27 INFO ResourceUtils: ==============================================================
[2025-02-21T19:43:27.754+0000] {spark_submit.py:641} INFO - 25/02/21 19:43:27 INFO SparkContext: Submitted application: ***_load
[2025-02-21T19:43:27.783+0000] {spark_submit.py:641} INFO - 25/02/21 19:43:27 INFO ResourceProfile: Default ResourceProfile created, executor resources: Map(cores -> name: cores, amount: 1, script: , vendor: , memory -> name: memory, amount: 1024, script: , vendor: , offHeap -> name: offHeap, amount: 0, script: , vendor: ), task resources: Map(cpus -> name: cpus, amount: 1.0)
[2025-02-21T19:43:27.793+0000] {spark_submit.py:641} INFO - 25/02/21 19:43:27 INFO ResourceProfile: Limiting resource is cpu
[2025-02-21T19:43:27.795+0000] {spark_submit.py:641} INFO - 25/02/21 19:43:27 INFO ResourceProfileManager: Added ResourceProfile id: 0
[2025-02-21T19:43:27.870+0000] {spark_submit.py:641} INFO - 25/02/21 19:43:27 INFO SecurityManager: Changing view acls to: airflow
[2025-02-21T19:43:27.872+0000] {spark_submit.py:641} INFO - 25/02/21 19:43:27 INFO SecurityManager: Changing modify acls to: airflow
[2025-02-21T19:43:27.874+0000] {spark_submit.py:641} INFO - 25/02/21 19:43:27 INFO SecurityManager: Changing view acls groups to:
[2025-02-21T19:43:27.876+0000] {spark_submit.py:641} INFO - 25/02/21 19:43:27 INFO SecurityManager: Changing modify acls groups to:
[2025-02-21T19:43:27.877+0000] {spark_submit.py:641} INFO - 25/02/21 19:43:27 INFO SecurityManager: SecurityManager: authentication disabled; ui acls disabled; users  with view permissions: Set(airflow); groups with view permissions: Set(); users  with modify permissions: Set(airflow); groups with modify permissions: Set()
[2025-02-21T19:43:28.182+0000] {spark_submit.py:641} INFO - 25/02/21 19:43:28 INFO Utils: Successfully started service 'sparkDriver' on port 39711.
[2025-02-21T19:43:28.231+0000] {spark_submit.py:641} INFO - 25/02/21 19:43:28 INFO SparkEnv: Registering MapOutputTracker
[2025-02-21T19:43:28.275+0000] {spark_submit.py:641} INFO - 25/02/21 19:43:28 INFO SparkEnv: Registering BlockManagerMaster
[2025-02-21T19:43:28.301+0000] {spark_submit.py:641} INFO - 25/02/21 19:43:28 INFO BlockManagerMasterEndpoint: Using org.apache.spark.storage.DefaultTopologyMapper for getting topology information
[2025-02-21T19:43:28.304+0000] {spark_submit.py:641} INFO - 25/02/21 19:43:28 INFO BlockManagerMasterEndpoint: BlockManagerMasterEndpoint up
[2025-02-21T19:43:28.312+0000] {spark_submit.py:641} INFO - 25/02/21 19:43:28 INFO SparkEnv: Registering BlockManagerMasterHeartbeat
[2025-02-21T19:43:28.347+0000] {spark_submit.py:641} INFO - 25/02/21 19:43:28 INFO DiskBlockManager: Created local directory at /tmp/blockmgr-6e49ee64-5a3b-4e03-84c8-bb9640cf92cf
[2025-02-21T19:43:28.371+0000] {spark_submit.py:641} INFO - 25/02/21 19:43:28 INFO MemoryStore: MemoryStore started with capacity 434.4 MiB
[2025-02-21T19:43:28.389+0000] {spark_submit.py:641} INFO - 25/02/21 19:43:28 INFO SparkEnv: Registering OutputCommitCoordinator
[2025-02-21T19:43:28.653+0000] {spark_submit.py:641} INFO - 25/02/21 19:43:28 INFO Utils: Successfully started service 'SparkUI' on port 4040.
[2025-02-21T19:43:28.690+0000] {spark_submit.py:641} INFO - 25/02/21 19:43:28 INFO SparkContext: Added JAR file:///home/airflow/.ivy2/jars/org.postgresql_postgresql-42.2.18.jar at spark://***-airflow-scheduler:39711/jars/org.postgresql_postgresql-42.2.18.jar with timestamp 1740167007713
[2025-02-21T19:43:28.692+0000] {spark_submit.py:641} INFO - 25/02/21 19:43:28 INFO SparkContext: Added JAR file:///home/airflow/.ivy2/jars/org.checkerframework_checker-qual-3.5.0.jar at spark://***-airflow-scheduler:39711/jars/org.checkerframework_checker-qual-3.5.0.jar with timestamp 1740167007713
[2025-02-21T19:43:28.694+0000] {spark_submit.py:641} INFO - 25/02/21 19:43:28 INFO SparkContext: Added file file:///home/airflow/.ivy2/jars/org.postgresql_postgresql-42.2.18.jar at file:///home/airflow/.ivy2/jars/org.postgresql_postgresql-42.2.18.jar with timestamp 1740167007713
[2025-02-21T19:43:28.696+0000] {spark_submit.py:641} INFO - 25/02/21 19:43:28 INFO Utils: Copying /home/airflow/.ivy2/jars/org.postgresql_postgresql-42.2.18.jar to /tmp/spark-966b4bbc-ecf1-4943-ae0e-9e24bb3ff2ec/userFiles-1e6d8105-8376-4565-b651-0407727a59d1/org.postgresql_postgresql-42.2.18.jar
[2025-02-21T19:43:28.710+0000] {spark_submit.py:641} INFO - 25/02/21 19:43:28 INFO SparkContext: Added file file:///home/airflow/.ivy2/jars/org.checkerframework_checker-qual-3.5.0.jar at file:///home/airflow/.ivy2/jars/org.checkerframework_checker-qual-3.5.0.jar with timestamp 1740167007713
[2025-02-21T19:43:28.712+0000] {spark_submit.py:641} INFO - 25/02/21 19:43:28 INFO Utils: Copying /home/airflow/.ivy2/jars/org.checkerframework_checker-qual-3.5.0.jar to /tmp/spark-966b4bbc-ecf1-4943-ae0e-9e24bb3ff2ec/userFiles-1e6d8105-8376-4565-b651-0407727a59d1/org.checkerframework_checker-qual-3.5.0.jar
[2025-02-21T19:43:28.794+0000] {spark_submit.py:641} INFO - 25/02/21 19:43:28 INFO Executor: Starting executor ID driver on host ***-airflow-scheduler
[2025-02-21T19:43:28.802+0000] {spark_submit.py:641} INFO - 25/02/21 19:43:28 INFO Executor: Starting executor with user classpath (userClassPathFirst = false): ''
[2025-02-21T19:43:28.816+0000] {spark_submit.py:641} INFO - 25/02/21 19:43:28 INFO Executor: Fetching file:///home/airflow/.ivy2/jars/org.postgresql_postgresql-42.2.18.jar with timestamp 1740167007713
[2025-02-21T19:43:28.842+0000] {spark_submit.py:641} INFO - 25/02/21 19:43:28 INFO Utils: /home/airflow/.ivy2/jars/org.postgresql_postgresql-42.2.18.jar has been previously copied to /tmp/spark-966b4bbc-ecf1-4943-ae0e-9e24bb3ff2ec/userFiles-1e6d8105-8376-4565-b651-0407727a59d1/org.postgresql_postgresql-42.2.18.jar
[2025-02-21T19:43:28.852+0000] {spark_submit.py:641} INFO - 25/02/21 19:43:28 INFO Executor: Fetching file:///home/airflow/.ivy2/jars/org.checkerframework_checker-qual-3.5.0.jar with timestamp 1740167007713
[2025-02-21T19:43:28.855+0000] {spark_submit.py:641} INFO - 25/02/21 19:43:28 INFO Utils: /home/airflow/.ivy2/jars/org.checkerframework_checker-qual-3.5.0.jar has been previously copied to /tmp/spark-966b4bbc-ecf1-4943-ae0e-9e24bb3ff2ec/userFiles-1e6d8105-8376-4565-b651-0407727a59d1/org.checkerframework_checker-qual-3.5.0.jar
[2025-02-21T19:43:28.861+0000] {spark_submit.py:641} INFO - 25/02/21 19:43:28 INFO Executor: Fetching spark://***-airflow-scheduler:39711/jars/org.postgresql_postgresql-42.2.18.jar with timestamp 1740167007713
[2025-02-21T19:43:28.903+0000] {spark_submit.py:641} INFO - 25/02/21 19:43:28 INFO TransportClientFactory: Successfully created connection to ***-airflow-scheduler/172.19.0.5:39711 after 27 ms (0 ms spent in bootstraps)
[2025-02-21T19:43:28.908+0000] {spark_submit.py:641} INFO - 25/02/21 19:43:28 INFO Utils: Fetching spark://***-airflow-scheduler:39711/jars/org.postgresql_postgresql-42.2.18.jar to /tmp/spark-966b4bbc-ecf1-4943-ae0e-9e24bb3ff2ec/userFiles-1e6d8105-8376-4565-b651-0407727a59d1/fetchFileTemp7997593768424859774.tmp
[2025-02-21T19:43:28.942+0000] {spark_submit.py:641} INFO - 25/02/21 19:43:28 INFO Utils: /tmp/spark-966b4bbc-ecf1-4943-ae0e-9e24bb3ff2ec/userFiles-1e6d8105-8376-4565-b651-0407727a59d1/fetchFileTemp7997593768424859774.tmp has been previously copied to /tmp/spark-966b4bbc-ecf1-4943-ae0e-9e24bb3ff2ec/userFiles-1e6d8105-8376-4565-b651-0407727a59d1/org.postgresql_postgresql-42.2.18.jar
[2025-02-21T19:43:28.950+0000] {spark_submit.py:641} INFO - 25/02/21 19:43:28 INFO Executor: Adding file:/tmp/spark-966b4bbc-ecf1-4943-ae0e-9e24bb3ff2ec/userFiles-1e6d8105-8376-4565-b651-0407727a59d1/org.postgresql_postgresql-42.2.18.jar to class loader
[2025-02-21T19:43:28.952+0000] {spark_submit.py:641} INFO - 25/02/21 19:43:28 INFO Executor: Fetching spark://***-airflow-scheduler:39711/jars/org.checkerframework_checker-qual-3.5.0.jar with timestamp 1740167007713
[2025-02-21T19:43:28.954+0000] {spark_submit.py:641} INFO - 25/02/21 19:43:28 INFO Utils: Fetching spark://***-airflow-scheduler:39711/jars/org.checkerframework_checker-qual-3.5.0.jar to /tmp/spark-966b4bbc-ecf1-4943-ae0e-9e24bb3ff2ec/userFiles-1e6d8105-8376-4565-b651-0407727a59d1/fetchFileTemp12681653230627053482.tmp
[2025-02-21T19:43:28.956+0000] {spark_submit.py:641} INFO - 25/02/21 19:43:28 INFO Utils: /tmp/spark-966b4bbc-ecf1-4943-ae0e-9e24bb3ff2ec/userFiles-1e6d8105-8376-4565-b651-0407727a59d1/fetchFileTemp12681653230627053482.tmp has been previously copied to /tmp/spark-966b4bbc-ecf1-4943-ae0e-9e24bb3ff2ec/userFiles-1e6d8105-8376-4565-b651-0407727a59d1/org.checkerframework_checker-qual-3.5.0.jar
[2025-02-21T19:43:28.964+0000] {spark_submit.py:641} INFO - 25/02/21 19:43:28 INFO Executor: Adding file:/tmp/spark-966b4bbc-ecf1-4943-ae0e-9e24bb3ff2ec/userFiles-1e6d8105-8376-4565-b651-0407727a59d1/org.checkerframework_checker-qual-3.5.0.jar to class loader
[2025-02-21T19:43:28.971+0000] {spark_submit.py:641} INFO - 25/02/21 19:43:28 INFO Utils: Successfully started service 'org.apache.spark.network.netty.NettyBlockTransferService' on port 43613.
[2025-02-21T19:43:28.973+0000] {spark_submit.py:641} INFO - 25/02/21 19:43:28 INFO NettyBlockTransferService: Server created on ***-airflow-scheduler:43613
[2025-02-21T19:43:28.975+0000] {spark_submit.py:641} INFO - 25/02/21 19:43:28 INFO BlockManager: Using org.apache.spark.storage.RandomBlockReplicationPolicy for block replication policy
[2025-02-21T19:43:28.984+0000] {spark_submit.py:641} INFO - 25/02/21 19:43:28 INFO BlockManagerMaster: Registering BlockManager BlockManagerId(driver, ***-airflow-scheduler, 43613, None)
[2025-02-21T19:43:28.988+0000] {spark_submit.py:641} INFO - 25/02/21 19:43:28 INFO BlockManagerMasterEndpoint: Registering block manager ***-airflow-scheduler:43613 with 434.4 MiB RAM, BlockManagerId(driver, ***-airflow-scheduler, 43613, None)
[2025-02-21T19:43:28.991+0000] {spark_submit.py:641} INFO - 25/02/21 19:43:28 INFO BlockManagerMaster: Registered BlockManager BlockManagerId(driver, ***-airflow-scheduler, 43613, None)
[2025-02-21T19:43:28.993+0000] {spark_submit.py:641} INFO - 25/02/21 19:43:28 INFO BlockManager: Initialized BlockManager: BlockManagerId(driver, ***-airflow-scheduler, 43613, None)
[2025-02-21T19:43:35.778+0000] {spark_submit.py:641} INFO - ---------------- MENAMPILKAN DATA HASIL LOAD KE POSTGRES ----------------
[2025-02-21T19:43:36.305+0000] {spark_submit.py:641} INFO - +-----------+-----------------+---------+---------------+------+-------------------+---------------+---+--------------------+-----------------+---------------------+----------+------------------+
[2025-02-21T19:43:36.307+0000] {spark_submit.py:641} INFO - |employee_id|       department|   region|      education|gender|recruitment_channel|no_of_trainings|age|previous_year_rating|length_of_service|KPIs_met_more_than_80|awards_won|avg_training_score|
[2025-02-21T19:43:36.309+0000] {spark_submit.py:641} INFO - +-----------+-----------------+---------+---------------+------+-------------------+---------------+---+--------------------+-----------------+---------------------+----------+------------------+
[2025-02-21T19:43:36.310+0000] {spark_submit.py:641} INFO - |          3|      Procurement|region_22|Masters & above|     f|              other|              1| 38|                   5|                4|                    1|         0|                67|
[2025-02-21T19:43:36.312+0000] {spark_submit.py:641} INFO - |          6|Sales & Marketing|region_15|      Bachelors|     f|              other|              1| 38|                   3|               10|                    0|         0|                50|
[2025-02-21T19:43:36.315+0000] {spark_submit.py:641} INFO - |         11|       Technology| region_4|Masters & above|     f|           sourcing|              1| 39|                   4|               12|                    1|         0|                72|
[2025-02-21T19:43:36.316+0000] {spark_submit.py:641} INFO - |         13|Sales & Marketing|region_17|      Bachelors|     m|              other|              1| 38|                   1|                5|                    1|         0|                47|
[2025-02-21T19:43:36.318+0000] {spark_submit.py:641} INFO - |         16|Sales & Marketing| region_4|Masters & above|     m|           sourcing|              1| 40|                   5|                5|                    0|         0|                53|
[2025-02-21T19:43:36.319+0000] {spark_submit.py:641} INFO - |         17|Sales & Marketing| region_7|      Bachelors|     m|           sourcing|              1| 50|                   5|               13|                    0|         0|                47|
[2025-02-21T19:43:36.320+0000] {spark_submit.py:641} INFO - |         19|               HR| region_2|Masters & above|     f|              other|              1| 50|                   4|                7|                    1|         0|                45|
[2025-02-21T19:43:36.322+0000] {spark_submit.py:641} INFO - |         20|        Analytics|region_21|      Bachelors|     m|           sourcing|              1| 27|                   0|                1|                    1|         0|                89|
[2025-02-21T19:43:36.323+0000] {spark_submit.py:641} INFO - |         21|        Analytics| region_8|      Bachelors|     m|           sourcing|              2| 28|                   2|                3|                    1|         0|                85|
[2025-02-21T19:43:36.324+0000] {spark_submit.py:641} INFO - |         22|       Technology| region_2|Masters & above|     f|              other|              1| 57|                   4|               18|                    1|         0|                77|
[2025-02-21T19:43:36.326+0000] {spark_submit.py:641} INFO - |         23|Sales & Marketing|region_16|      Bachelors|     f|           sourcing|              1| 42|                   1|                3|                    0|         0|                46|
[2025-02-21T19:43:36.328+0000] {spark_submit.py:641} INFO - |         24|               HR|region_28|Masters & above|     f|              other|              1| 32|                   1|                5|                    1|         0|                51|
[2025-02-21T19:43:36.330+0000] {spark_submit.py:641} INFO - |         27|Sales & Marketing|region_16|      Bachelors|     m|           sourcing|              1| 29|                   2|                6|                    0|         0|                51|
[2025-02-21T19:43:36.331+0000] {spark_submit.py:641} INFO - |         29|        Analytics| region_7|      Bachelors|     m|              other|              1| 28|                   0|                1|                    1|         0|                85|
[2025-02-21T19:43:36.333+0000] {spark_submit.py:641} INFO - |         31|Sales & Marketing|region_15|      Bachelors|     f|              other|              1| 29|                   3|                5|                    1|         0|                49|
[2025-02-21T19:43:36.334+0000] {spark_submit.py:641} INFO - |         40|       Operations| region_7|Masters & above|     f|              other|              1| 34|                   1|                4|                    0|         0|                65|
[2025-02-21T19:43:36.335+0000] {spark_submit.py:641} INFO - |         50|Sales & Marketing|region_19|      Bachelors|     m|              other|              1| 32|                   1|                3|                    0|         0|                48|
[2025-02-21T19:43:36.336+0000] {spark_submit.py:641} INFO - |         55|       Operations|region_19|Masters & above|     f|           sourcing|              1| 33|                   5|                3|                    0|         0|                61|
[2025-02-21T19:43:36.337+0000] {spark_submit.py:641} INFO - |         63|Sales & Marketing| region_8|Masters & above|     m|           sourcing|              1| 35|                   5|                8|                    0|         0|                52|
[2025-02-21T19:43:36.338+0000] {spark_submit.py:641} INFO - |         64|        Analytics| region_4|      Bachelors|     m|              other|              1| 42|                   5|               11|                    1|         0|                80|
[2025-02-21T19:43:36.339+0000] {spark_submit.py:641} INFO - +-----------+-----------------+---------+---------------+------+-------------------+---------------+---+--------------------+-----------------+---------------------+----------+------------------+
[2025-02-21T19:43:36.340+0000] {spark_submit.py:641} INFO - only showing top 20 rows
[2025-02-21T19:43:36.341+0000] {spark_submit.py:641} INFO - 
[2025-02-21T19:43:37.260+0000] {spark_submit.py:641} INFO - +-----------+-----------------+---------+---------------+------+-------------------+---------------+---+--------------------+-----------------+---------------------+----------+------------------+--------------+
[2025-02-21T19:43:37.262+0000] {spark_submit.py:641} INFO - |employee_id|       department|   region|      education|gender|recruitment_channel|no_of_trainings|age|previous_year_rating|length_of_service|KPIs_met_more_than_80|awards_won|avg_training_score|rec_channel_id|
[2025-02-21T19:43:37.263+0000] {spark_submit.py:641} INFO - +-----------+-----------------+---------+---------------+------+-------------------+---------------+---+--------------------+-----------------+---------------------+----------+------------------+--------------+
[2025-02-21T19:43:37.265+0000] {spark_submit.py:641} INFO - |          3|      Procurement|region_22|Masters & above|     f|              other|              1| 38|                   5|                4|                    1|         0|                67|             3|
[2025-02-21T19:43:37.266+0000] {spark_submit.py:641} INFO - |          6|Sales & Marketing|region_15|      Bachelors|     f|              other|              1| 38|                   3|               10|                    0|         0|                50|             3|
[2025-02-21T19:43:37.267+0000] {spark_submit.py:641} INFO - |         11|       Technology| region_4|Masters & above|     f|           sourcing|              1| 39|                   4|               12|                    1|         0|                72|             1|
[2025-02-21T19:43:37.268+0000] {spark_submit.py:641} INFO - |         13|Sales & Marketing|region_17|      Bachelors|     m|              other|              1| 38|                   1|                5|                    1|         0|                47|             3|
[2025-02-21T19:43:37.269+0000] {spark_submit.py:641} INFO - |         16|Sales & Marketing| region_4|Masters & above|     m|           sourcing|              1| 40|                   5|                5|                    0|         0|                53|             1|
[2025-02-21T19:43:37.270+0000] {spark_submit.py:641} INFO - |         17|Sales & Marketing| region_7|      Bachelors|     m|           sourcing|              1| 50|                   5|               13|                    0|         0|                47|             1|
[2025-02-21T19:43:37.271+0000] {spark_submit.py:641} INFO - |         19|               HR| region_2|Masters & above|     f|              other|              1| 50|                   4|                7|                    1|         0|                45|             3|
[2025-02-21T19:43:37.274+0000] {spark_submit.py:641} INFO - |         20|        Analytics|region_21|      Bachelors|     m|           sourcing|              1| 27|                   0|                1|                    1|         0|                89|             1|
[2025-02-21T19:43:37.276+0000] {spark_submit.py:641} INFO - |         21|        Analytics| region_8|      Bachelors|     m|           sourcing|              2| 28|                   2|                3|                    1|         0|                85|             1|
[2025-02-21T19:43:37.277+0000] {spark_submit.py:641} INFO - |         22|       Technology| region_2|Masters & above|     f|              other|              1| 57|                   4|               18|                    1|         0|                77|             3|
[2025-02-21T19:43:37.278+0000] {spark_submit.py:641} INFO - |         23|Sales & Marketing|region_16|      Bachelors|     f|           sourcing|              1| 42|                   1|                3|                    0|         0|                46|             1|
[2025-02-21T19:43:37.279+0000] {spark_submit.py:641} INFO - |         24|               HR|region_28|Masters & above|     f|              other|              1| 32|                   1|                5|                    1|         0|                51|             3|
[2025-02-21T19:43:37.280+0000] {spark_submit.py:641} INFO - |         27|Sales & Marketing|region_16|      Bachelors|     m|           sourcing|              1| 29|                   2|                6|                    0|         0|                51|             1|
[2025-02-21T19:43:37.281+0000] {spark_submit.py:641} INFO - |         29|        Analytics| region_7|      Bachelors|     m|              other|              1| 28|                   0|                1|                    1|         0|                85|             3|
[2025-02-21T19:43:37.282+0000] {spark_submit.py:641} INFO - |         31|Sales & Marketing|region_15|      Bachelors|     f|              other|              1| 29|                   3|                5|                    1|         0|                49|             3|
[2025-02-21T19:43:37.283+0000] {spark_submit.py:641} INFO - |         40|       Operations| region_7|Masters & above|     f|              other|              1| 34|                   1|                4|                    0|         0|                65|             3|
[2025-02-21T19:43:37.284+0000] {spark_submit.py:641} INFO - |         50|Sales & Marketing|region_19|      Bachelors|     m|              other|              1| 32|                   1|                3|                    0|         0|                48|             3|
[2025-02-21T19:43:37.285+0000] {spark_submit.py:641} INFO - |         55|       Operations|region_19|Masters & above|     f|           sourcing|              1| 33|                   5|                3|                    0|         0|                61|             1|
[2025-02-21T19:43:37.286+0000] {spark_submit.py:641} INFO - |         63|Sales & Marketing| region_8|Masters & above|     m|           sourcing|              1| 35|                   5|                8|                    0|         0|                52|             1|
[2025-02-21T19:43:37.287+0000] {spark_submit.py:641} INFO - |         64|        Analytics| region_4|      Bachelors|     m|              other|              1| 42|                   5|               11|                    1|         0|                80|             3|
[2025-02-21T19:43:37.289+0000] {spark_submit.py:641} INFO - +-----------+-----------------+---------+---------------+------+-------------------+---------------+---+--------------------+-----------------+---------------------+----------+------------------+--------------+
[2025-02-21T19:43:37.291+0000] {spark_submit.py:641} INFO - only showing top 20 rows
[2025-02-21T19:43:37.292+0000] {spark_submit.py:641} INFO - 
[2025-02-21T19:43:37.716+0000] {spark_submit.py:641} INFO - Jumlah baris dalam DataFrame: 17415
[2025-02-21T19:43:37.718+0000] {spark_submit.py:641} INFO - Load data berhasil.
[2025-02-21T19:43:38.403+0000] {taskinstance.py:341} INFO - ::group::Post task execution logs
[2025-02-21T19:43:38.405+0000] {taskinstance.py:353} INFO - Marking task as SUCCESS. dag_id=***_v2_etl_dag, task_id=load_task, run_id=manual__2025-02-21T19:42:31.002572+00:00, execution_date=20250221T194231, start_date=20250221T194323, end_date=20250221T194338
[2025-02-21T19:43:38.468+0000] {local_task_job_runner.py:266} INFO - Task exited with return code 0
[2025-02-21T19:43:38.492+0000] {taskinstance.py:3901} INFO - 0 downstream tasks scheduled from follow-on schedule check
[2025-02-21T19:43:38.496+0000] {local_task_job_runner.py:245} INFO - ::endgroup::
