[2025-02-21T18:25:14.846+0000] {local_task_job_runner.py:123} INFO - ::group::Pre task execution logs
[2025-02-21T18:25:14.885+0000] {taskinstance.py:2614} INFO - Dependencies all met for dep_context=non-requeueable deps ti=<TaskInstance: finprode8_v2_etl_dag.transform_task manual__2025-02-21T18:24:44.202241+00:00 [queued]>
[2025-02-21T18:25:14.900+0000] {taskinstance.py:2614} INFO - Dependencies all met for dep_context=requeueable deps ti=<TaskInstance: finprode8_v2_etl_dag.transform_task manual__2025-02-21T18:24:44.202241+00:00 [queued]>
[2025-02-21T18:25:14.902+0000] {taskinstance.py:2867} INFO - Starting attempt 1 of 1
[2025-02-21T18:25:14.925+0000] {taskinstance.py:2890} INFO - Executing <Task(SparkSubmitOperator): transform_task> on 2025-02-21 18:24:44.202241+00:00
[2025-02-21T18:25:14.930+0000] {standard_task_runner.py:72} INFO - Started process 394 to run task
[2025-02-21T18:25:14.934+0000] {standard_task_runner.py:104} INFO - Running: ['airflow', 'tasks', 'run', '***_v2_etl_dag', 'transform_task', 'manual__2025-02-21T18:24:44.202241+00:00', '--job-id', '47', '--raw', '--subdir', 'DAGS_FOLDER/***_v2_etl_dag.py', '--cfg-path', '/tmp/tmpde07bbsz']
[2025-02-21T18:25:14.939+0000] {standard_task_runner.py:105} INFO - Job 47: Subtask transform_task
[2025-02-21T18:25:14.971+0000] {logging_mixin.py:190} WARNING - /home/airflow/.local/lib/python3.9/site-packages/airflow/settings.py:209 DeprecationWarning: The sql_alchemy_conn option in [core] has been moved to the sql_alchemy_conn option in [database] - the old setting has been used, but please update your config.
[2025-02-21T18:25:15.016+0000] {task_command.py:467} INFO - Running <TaskInstance: finprode8_v2_etl_dag.transform_task manual__2025-02-21T18:24:44.202241+00:00 [running]> on host ***-airflow-scheduler
[2025-02-21T18:25:15.161+0000] {taskinstance.py:3134} INFO - Exporting env vars: AIRFLOW_CTX_DAG_OWNER='ratih malini' AIRFLOW_CTX_DAG_ID='***_v2_etl_dag' AIRFLOW_CTX_TASK_ID='transform_task' AIRFLOW_CTX_EXECUTION_DATE='2025-02-21T18:24:44.202241+00:00' AIRFLOW_CTX_TRY_NUMBER='1' AIRFLOW_CTX_DAG_RUN_ID='manual__2025-02-21T18:24:44.202241+00:00'
[2025-02-21T18:25:15.163+0000] {taskinstance.py:732} INFO - ::endgroup::
[2025-02-21T18:25:15.220+0000] {base.py:84} INFO - Retrieving connection 'spark_main'
[2025-02-21T18:25:15.222+0000] {spark_submit.py:474} INFO - Spark-Submit cmd: spark-submit --master spark://***-spark-master:7077 --name arrow-spark /spark-scripts/***_v2_transform.py
[2025-02-21T18:25:18.218+0000] {spark_submit.py:641} INFO - 25/02/21 18:25:18 INFO SparkContext: Running Spark version 3.3.2
[2025-02-21T18:25:18.307+0000] {spark_submit.py:641} INFO - 25/02/21 18:25:18 WARN NativeCodeLoader: Unable to load native-hadoop library for your platform... using builtin-java classes where applicable
[2025-02-21T18:25:18.417+0000] {spark_submit.py:641} INFO - 25/02/21 18:25:18 INFO ResourceUtils: ==============================================================
[2025-02-21T18:25:18.418+0000] {spark_submit.py:641} INFO - 25/02/21 18:25:18 INFO ResourceUtils: No custom resources configured for spark.driver.
[2025-02-21T18:25:18.419+0000] {spark_submit.py:641} INFO - 25/02/21 18:25:18 INFO ResourceUtils: ==============================================================
[2025-02-21T18:25:18.420+0000] {spark_submit.py:641} INFO - 25/02/21 18:25:18 INFO SparkContext: Submitted application: ***_transform
[2025-02-21T18:25:18.441+0000] {spark_submit.py:641} INFO - 25/02/21 18:25:18 INFO ResourceProfile: Default ResourceProfile created, executor resources: Map(cores -> name: cores, amount: 1, script: , vendor: , memory -> name: memory, amount: 1024, script: , vendor: , offHeap -> name: offHeap, amount: 0, script: , vendor: ), task resources: Map(cpus -> name: cpus, amount: 1.0)
[2025-02-21T18:25:18.451+0000] {spark_submit.py:641} INFO - 25/02/21 18:25:18 INFO ResourceProfile: Limiting resource is cpu
[2025-02-21T18:25:18.452+0000] {spark_submit.py:641} INFO - 25/02/21 18:25:18 INFO ResourceProfileManager: Added ResourceProfile id: 0
[2025-02-21T18:25:18.499+0000] {spark_submit.py:641} INFO - 25/02/21 18:25:18 INFO SecurityManager: Changing view acls to: airflow
[2025-02-21T18:25:18.501+0000] {spark_submit.py:641} INFO - 25/02/21 18:25:18 INFO SecurityManager: Changing modify acls to: airflow
[2025-02-21T18:25:18.502+0000] {spark_submit.py:641} INFO - 25/02/21 18:25:18 INFO SecurityManager: Changing view acls groups to:
[2025-02-21T18:25:18.503+0000] {spark_submit.py:641} INFO - 25/02/21 18:25:18 INFO SecurityManager: Changing modify acls groups to:
[2025-02-21T18:25:18.504+0000] {spark_submit.py:641} INFO - 25/02/21 18:25:18 INFO SecurityManager: SecurityManager: authentication disabled; ui acls disabled; users  with view permissions: Set(airflow); groups with view permissions: Set(); users  with modify permissions: Set(airflow); groups with modify permissions: Set()
[2025-02-21T18:25:18.748+0000] {spark_submit.py:641} INFO - 25/02/21 18:25:18 INFO Utils: Successfully started service 'sparkDriver' on port 39687.
[2025-02-21T18:25:18.777+0000] {spark_submit.py:641} INFO - 25/02/21 18:25:18 INFO SparkEnv: Registering MapOutputTracker
[2025-02-21T18:25:18.811+0000] {spark_submit.py:641} INFO - 25/02/21 18:25:18 INFO SparkEnv: Registering BlockManagerMaster
[2025-02-21T18:25:18.828+0000] {spark_submit.py:641} INFO - 25/02/21 18:25:18 INFO BlockManagerMasterEndpoint: Using org.apache.spark.storage.DefaultTopologyMapper for getting topology information
[2025-02-21T18:25:18.830+0000] {spark_submit.py:641} INFO - 25/02/21 18:25:18 INFO BlockManagerMasterEndpoint: BlockManagerMasterEndpoint up
[2025-02-21T18:25:18.835+0000] {spark_submit.py:641} INFO - 25/02/21 18:25:18 INFO SparkEnv: Registering BlockManagerMasterHeartbeat
[2025-02-21T18:25:18.854+0000] {spark_submit.py:641} INFO - 25/02/21 18:25:18 INFO DiskBlockManager: Created local directory at /tmp/blockmgr-a90c4100-6a49-4855-a94d-95ac78cb7ac9
[2025-02-21T18:25:18.871+0000] {spark_submit.py:641} INFO - 25/02/21 18:25:18 INFO MemoryStore: MemoryStore started with capacity 434.4 MiB
[2025-02-21T18:25:18.887+0000] {spark_submit.py:641} INFO - 25/02/21 18:25:18 INFO SparkEnv: Registering OutputCommitCoordinator
[2025-02-21T18:25:19.145+0000] {spark_submit.py:641} INFO - 25/02/21 18:25:19 INFO Utils: Successfully started service 'SparkUI' on port 4040.
[2025-02-21T18:25:19.274+0000] {spark_submit.py:641} INFO - 25/02/21 18:25:19 INFO Executor: Starting executor ID driver on host ***-airflow-scheduler
[2025-02-21T18:25:19.306+0000] {spark_submit.py:641} INFO - 25/02/21 18:25:19 INFO Executor: Starting executor with user classpath (userClassPathFirst = false): ''
[2025-02-21T18:25:19.335+0000] {spark_submit.py:641} INFO - 25/02/21 18:25:19 INFO Utils: Successfully started service 'org.apache.spark.network.netty.NettyBlockTransferService' on port 46785.
[2025-02-21T18:25:19.337+0000] {spark_submit.py:641} INFO - 25/02/21 18:25:19 INFO NettyBlockTransferService: Server created on ***-airflow-scheduler:46785
[2025-02-21T18:25:19.338+0000] {spark_submit.py:641} INFO - 25/02/21 18:25:19 INFO BlockManager: Using org.apache.spark.storage.RandomBlockReplicationPolicy for block replication policy
[2025-02-21T18:25:19.346+0000] {spark_submit.py:641} INFO - 25/02/21 18:25:19 INFO BlockManagerMaster: Registering BlockManager BlockManagerId(driver, ***-airflow-scheduler, 46785, None)
[2025-02-21T18:25:19.353+0000] {spark_submit.py:641} INFO - 25/02/21 18:25:19 INFO BlockManagerMasterEndpoint: Registering block manager ***-airflow-scheduler:46785 with 434.4 MiB RAM, BlockManagerId(driver, ***-airflow-scheduler, 46785, None)
[2025-02-21T18:25:19.357+0000] {spark_submit.py:641} INFO - 25/02/21 18:25:19 INFO BlockManagerMaster: Registered BlockManager BlockManagerId(driver, ***-airflow-scheduler, 46785, None)
[2025-02-21T18:25:19.359+0000] {spark_submit.py:641} INFO - 25/02/21 18:25:19 INFO BlockManager: Initialized BlockManager: BlockManagerId(driver, ***-airflow-scheduler, 46785, None)
[2025-02-21T18:25:23.155+0000] {spark_submit.py:641} INFO - ---------------- MENAMPILKAN BANYAK DATA NULL DI SETIAP KOLOM ----------------
[2025-02-21T18:25:24.932+0000] {spark_submit.py:641} INFO - +----------------+---------------+-----------+--------------+-----------+------------------------+--------------------+--------+-------------------------+----------------------+--------------------------+---------------+-----------------------+
[2025-02-21T18:25:24.934+0000] {spark_submit.py:641} INFO - |employee_id_null|department_null|region_null|education_null|gender_null|recruitment_channel_null|no_of_trainings_null|age_null|previous_year_rating_null|length_of_service_null|KPIs_met_more_than_80_null|awards_won_null|avg_training_score_null|
[2025-02-21T18:25:24.936+0000] {spark_submit.py:641} INFO - +----------------+---------------+-----------+--------------+-----------+------------------------+--------------------+--------+-------------------------+----------------------+--------------------------+---------------+-----------------------+
[2025-02-21T18:25:24.937+0000] {spark_submit.py:641} INFO - |               0|              0|          0|           771|          0|                       0|                   0|       0|                     1363|                     0|                         0|              0|                      0|
[2025-02-21T18:25:24.940+0000] {spark_submit.py:641} INFO - +----------------+---------------+-----------+--------------+-----------+------------------------+--------------------+--------+-------------------------+----------------------+--------------------------+---------------+-----------------------+
[2025-02-21T18:25:24.941+0000] {spark_submit.py:641} INFO - 
[2025-02-21T18:25:24.943+0000] {spark_submit.py:641} INFO - ---------------- NULL HANDLING PADA KOLOM EDUCATION & PREVIOUS_YEAR_RATING ----------------
[2025-02-21T18:25:25.221+0000] {spark_submit.py:641} INFO - +--------------+-------------------------+
[2025-02-21T18:25:25.223+0000] {spark_submit.py:641} INFO - |education_null|previous_year_rating_null|
[2025-02-21T18:25:25.224+0000] {spark_submit.py:641} INFO - +--------------+-------------------------+
[2025-02-21T18:25:25.225+0000] {spark_submit.py:641} INFO - |             0|                        0|
[2025-02-21T18:25:25.227+0000] {spark_submit.py:641} INFO - +--------------+-------------------------+
[2025-02-21T18:25:25.228+0000] {spark_submit.py:641} INFO - 
[2025-02-21T18:25:25.229+0000] {spark_submit.py:641} INFO - ---------------- MENAMPILKAN BANYAK DATA DUPLIKAT BERDASARKAN EMPLOYEE_ID ----------------
[2025-02-21T18:25:26.640+0000] {spark_submit.py:641} INFO - +-----------+------+
[2025-02-21T18:25:26.642+0000] {spark_submit.py:641} INFO - |employee_id|jumlah|
[2025-02-21T18:25:26.643+0000] {spark_submit.py:641} INFO - +-----------+------+
[2025-02-21T18:25:26.644+0000] {spark_submit.py:641} INFO - |      64573|     2|
[2025-02-21T18:25:26.646+0000] {spark_submit.py:641} INFO - |      49584|     3|
[2025-02-21T18:25:26.647+0000] {spark_submit.py:641} INFO - +-----------+------+
[2025-02-21T18:25:26.649+0000] {spark_submit.py:641} INFO - 
[2025-02-21T18:25:26.652+0000] {spark_submit.py:641} INFO - ---------------- MENAMPILKAN SEMUA BARIS DAN KOLOM DARI EMPLOYEE ID YANG DUPLIKAT ----------------
[2025-02-21T18:25:27.443+0000] {spark_submit.py:641} INFO - +-----------+----------+--------+---------+------+-------------------+---------------+---+--------------------+-----------------+---------------------+----------+------------------+
[2025-02-21T18:25:27.445+0000] {spark_submit.py:641} INFO - |employee_id|department|  region|education|gender|recruitment_channel|no_of_trainings|age|previous_year_rating|length_of_service|KPIs_met_more_than_80|awards_won|avg_training_score|
[2025-02-21T18:25:27.447+0000] {spark_submit.py:641} INFO - +-----------+----------+--------+---------+------+-------------------+---------------+---+--------------------+-----------------+---------------------+----------+------------------+
[2025-02-21T18:25:27.448+0000] {spark_submit.py:641} INFO - |      49584|        HR|region_7|Bachelors|     m|              other|              1| 33|                   1|                9|                    0|         0|                51|
[2025-02-21T18:25:27.451+0000] {spark_submit.py:641} INFO - |      49584|        HR|region_7|Bachelors|     m|              other|              1| 33|                   1|                9|                    0|         0|                51|
[2025-02-21T18:25:27.453+0000] {spark_submit.py:641} INFO - |      49584|        HR|region_7|Bachelors|     m|              other|              1| 33|                   1|                9|                    0|         0|                51|
[2025-02-21T18:25:27.455+0000] {spark_submit.py:641} INFO - |      64573|Technology|region_7|Bachelors|     f|           referred|              2| 30|                   5|                6|                    1|         0|                81|
[2025-02-21T18:25:27.457+0000] {spark_submit.py:641} INFO - |      64573|        HR|region_7|Bachelors|     f|           referred|              1| 35|                   5|                4|                    1|         0|                81|
[2025-02-21T18:25:27.458+0000] {spark_submit.py:641} INFO - +-----------+----------+--------+---------+------+-------------------+---------------+---+--------------------+-----------------+---------------------+----------+------------------+
[2025-02-21T18:25:27.459+0000] {spark_submit.py:641} INFO - 
[2025-02-21T18:25:27.461+0000] {spark_submit.py:641} INFO - ---------------- MENAMPILKAN HASIL DARI DATA DUPLIKASI YANG TELAH DIHANDLE BERDASARKAN KOLOM EMPLOYEE_ID DAN DEPARTMENT ----------------
[2025-02-21T18:25:28.143+0000] {spark_submit.py:641} INFO - +-----------+----------+--------+---------+------+-------------------+---------------+---+--------------------+-----------------+---------------------+----------+------------------+
[2025-02-21T18:25:28.146+0000] {spark_submit.py:641} INFO - |employee_id|department|  region|education|gender|recruitment_channel|no_of_trainings|age|previous_year_rating|length_of_service|KPIs_met_more_than_80|awards_won|avg_training_score|
[2025-02-21T18:25:28.147+0000] {spark_submit.py:641} INFO - +-----------+----------+--------+---------+------+-------------------+---------------+---+--------------------+-----------------+---------------------+----------+------------------+
[2025-02-21T18:25:28.149+0000] {spark_submit.py:641} INFO - |      49584|        HR|region_7|Bachelors|     m|              other|              1| 33|                   1|                9|                    0|         0|                51|
[2025-02-21T18:25:28.150+0000] {spark_submit.py:641} INFO - |      64573|        HR|region_7|Bachelors|     f|           referred|              1| 35|                   5|                4|                    1|         0|                81|
[2025-02-21T18:25:28.151+0000] {spark_submit.py:641} INFO - |      64573|Technology|region_7|Bachelors|     f|           referred|              2| 30|                   5|                6|                    1|         0|                81|
[2025-02-21T18:25:28.152+0000] {spark_submit.py:641} INFO - +-----------+----------+--------+---------+------+-------------------+---------------+---+--------------------+-----------------+---------------------+----------+------------------+
[2025-02-21T18:25:28.153+0000] {spark_submit.py:641} INFO - 
[2025-02-21T18:25:29.393+0000] {spark_submit.py:641} INFO - ---------------- MENAMPILKAN DATA HASIL TRASNFORMASI ----------------
[2025-02-21T18:25:29.791+0000] {spark_submit.py:641} INFO - +-----------+-----------------+---------+---------------+------+-------------------+---------------+---+--------------------+-----------------+---------------------+----------+------------------+
[2025-02-21T18:25:29.793+0000] {spark_submit.py:641} INFO - |employee_id|       department|   region|      education|gender|recruitment_channel|no_of_trainings|age|previous_year_rating|length_of_service|KPIs_met_more_than_80|awards_won|avg_training_score|
[2025-02-21T18:25:29.794+0000] {spark_submit.py:641} INFO - +-----------+-----------------+---------+---------------+------+-------------------+---------------+---+--------------------+-----------------+---------------------+----------+------------------+
[2025-02-21T18:25:29.796+0000] {spark_submit.py:641} INFO - |          3|      Procurement|region_22|Masters & above|     f|              other|              1| 38|                   5|                4|                    1|         0|                67|
[2025-02-21T18:25:29.798+0000] {spark_submit.py:641} INFO - |          6|Sales & Marketing|region_15|      Bachelors|     f|              other|              1| 38|                   3|               10|                    0|         0|                50|
[2025-02-21T18:25:29.799+0000] {spark_submit.py:641} INFO - |         11|       Technology| region_4|Masters & above|     f|           sourcing|              1| 39|                   4|               12|                    1|         0|                72|
[2025-02-21T18:25:29.801+0000] {spark_submit.py:641} INFO - |         13|Sales & Marketing|region_17|      Bachelors|     m|              other|              1| 38|                   1|                5|                    1|         0|                47|
[2025-02-21T18:25:29.802+0000] {spark_submit.py:641} INFO - |         16|Sales & Marketing| region_4|Masters & above|     m|           sourcing|              1| 40|                   5|                5|                    0|         0|                53|
[2025-02-21T18:25:29.804+0000] {spark_submit.py:641} INFO - +-----------+-----------------+---------+---------------+------+-------------------+---------------+---+--------------------+-----------------+---------------------+----------+------------------+
[2025-02-21T18:25:29.805+0000] {spark_submit.py:641} INFO - only showing top 5 rows
[2025-02-21T18:25:29.806+0000] {spark_submit.py:641} INFO - 
[2025-02-21T18:25:30.138+0000] {spark_submit.py:641} INFO - Jumlah baris dalam DataFrame : 17415
[2025-02-21T18:25:30.139+0000] {spark_submit.py:641} INFO - Isi folder data/transformed.parquet :
[2025-02-21T18:25:30.140+0000] {spark_submit.py:641} INFO - ['part-00000-571709dd-787e-4f4b-840a-39cbf2287efc-c000.snappy.parquet', '_SUCCESS', '.part-00000-571709dd-787e-4f4b-840a-39cbf2287efc-c000.snappy.parquet.crc', '._SUCCESS.crc']
[2025-02-21T18:25:30.142+0000] {spark_submit.py:641} INFO - Transform data berhasil.
[2025-02-21T18:25:30.759+0000] {taskinstance.py:341} INFO - ::group::Post task execution logs
[2025-02-21T18:25:30.762+0000] {taskinstance.py:353} INFO - Marking task as SUCCESS. dag_id=***_v2_etl_dag, task_id=transform_task, run_id=manual__2025-02-21T18:24:44.202241+00:00, execution_date=20250221T182444, start_date=20250221T182514, end_date=20250221T182530
[2025-02-21T18:25:30.817+0000] {local_task_job_runner.py:266} INFO - Task exited with return code 0
[2025-02-21T18:25:30.861+0000] {taskinstance.py:3901} INFO - 1 downstream tasks scheduled from follow-on schedule check
[2025-02-21T18:25:30.865+0000] {local_task_job_runner.py:245} INFO - ::endgroup::
