[2025-02-21T09:56:06.969+0000] {local_task_job_runner.py:123} INFO - ::group::Pre task execution logs
[2025-02-21T09:56:06.991+0000] {taskinstance.py:2614} INFO - Dependencies all met for dep_context=non-requeueable deps ti=<TaskInstance: finprode8_v2_etl_dag.extract_task manual__2025-02-21T09:53:37.982146+00:00 [queued]>
[2025-02-21T09:56:07.007+0000] {taskinstance.py:2614} INFO - Dependencies all met for dep_context=requeueable deps ti=<TaskInstance: finprode8_v2_etl_dag.extract_task manual__2025-02-21T09:53:37.982146+00:00 [queued]>
[2025-02-21T09:56:07.008+0000] {taskinstance.py:2867} INFO - Starting attempt 2 of 2
[2025-02-21T09:56:07.025+0000] {taskinstance.py:2890} INFO - Executing <Task(SparkSubmitOperator): extract_task> on 2025-02-21 09:53:37.982146+00:00
[2025-02-21T09:56:07.035+0000] {standard_task_runner.py:72} INFO - Started process 10335 to run task
[2025-02-21T09:56:07.039+0000] {standard_task_runner.py:104} INFO - Running: ['airflow', 'tasks', 'run', '***_v2_etl_dag', 'extract_task', 'manual__2025-02-21T09:53:37.982146+00:00', '--job-id', '166', '--raw', '--subdir', 'DAGS_FOLDER/***_v2_etl_dag.py', '--cfg-path', '/tmp/tmpkzmg48ur']
[2025-02-21T09:56:07.047+0000] {standard_task_runner.py:105} INFO - Job 166: Subtask extract_task
[2025-02-21T09:56:07.066+0000] {logging_mixin.py:190} WARNING - /home/airflow/.local/lib/python3.9/site-packages/airflow/settings.py:209 DeprecationWarning: The sql_alchemy_conn option in [core] has been moved to the sql_alchemy_conn option in [database] - the old setting has been used, but please update your config.
[2025-02-21T09:56:07.108+0000] {task_command.py:467} INFO - Running <TaskInstance: finprode8_v2_etl_dag.extract_task manual__2025-02-21T09:53:37.982146+00:00 [running]> on host ***-airflow-scheduler
[2025-02-21T09:56:07.199+0000] {taskinstance.py:3134} INFO - Exporting env vars: AIRFLOW_CTX_DAG_OWNER='ratih malini' AIRFLOW_CTX_DAG_ID='***_v2_etl_dag' AIRFLOW_CTX_TASK_ID='extract_task' AIRFLOW_CTX_EXECUTION_DATE='2025-02-21T09:53:37.982146+00:00' AIRFLOW_CTX_TRY_NUMBER='2' AIRFLOW_CTX_DAG_RUN_ID='manual__2025-02-21T09:53:37.982146+00:00'
[2025-02-21T09:56:07.202+0000] {taskinstance.py:732} INFO - ::endgroup::
[2025-02-21T09:56:07.247+0000] {base.py:84} INFO - Retrieving connection 'spark_main'
[2025-02-21T09:56:07.250+0000] {spark_submit.py:474} INFO - Spark-Submit cmd: spark-submit --master spark://***-spark-master:7077 --name arrow-spark /spark-scripts/***_v2_extract.py
[2025-02-21T09:56:09.889+0000] {spark_submit.py:641} INFO - 25/02/21 09:56:09 INFO SparkContext: Running Spark version 3.3.2
[2025-02-21T09:56:09.950+0000] {spark_submit.py:641} INFO - 25/02/21 09:56:09 WARN NativeCodeLoader: Unable to load native-hadoop library for your platform... using builtin-java classes where applicable
[2025-02-21T09:56:10.036+0000] {spark_submit.py:641} INFO - 25/02/21 09:56:10 INFO ResourceUtils: ==============================================================
[2025-02-21T09:56:10.038+0000] {spark_submit.py:641} INFO - 25/02/21 09:56:10 INFO ResourceUtils: No custom resources configured for spark.driver.
[2025-02-21T09:56:10.040+0000] {spark_submit.py:641} INFO - 25/02/21 09:56:10 INFO ResourceUtils: ==============================================================
[2025-02-21T09:56:10.041+0000] {spark_submit.py:641} INFO - 25/02/21 09:56:10 INFO SparkContext: Submitted application: ***_extract
[2025-02-21T09:56:10.061+0000] {spark_submit.py:641} INFO - 25/02/21 09:56:10 INFO ResourceProfile: Default ResourceProfile created, executor resources: Map(cores -> name: cores, amount: 1, script: , vendor: , memory -> name: memory, amount: 1024, script: , vendor: , offHeap -> name: offHeap, amount: 0, script: , vendor: ), task resources: Map(cpus -> name: cpus, amount: 1.0)
[2025-02-21T09:56:10.070+0000] {spark_submit.py:641} INFO - 25/02/21 09:56:10 INFO ResourceProfile: Limiting resource is cpu
[2025-02-21T09:56:10.072+0000] {spark_submit.py:641} INFO - 25/02/21 09:56:10 INFO ResourceProfileManager: Added ResourceProfile id: 0
[2025-02-21T09:56:10.120+0000] {spark_submit.py:641} INFO - 25/02/21 09:56:10 INFO SecurityManager: Changing view acls to: airflow
[2025-02-21T09:56:10.122+0000] {spark_submit.py:641} INFO - 25/02/21 09:56:10 INFO SecurityManager: Changing modify acls to: airflow
[2025-02-21T09:56:10.125+0000] {spark_submit.py:641} INFO - 25/02/21 09:56:10 INFO SecurityManager: Changing view acls groups to:
[2025-02-21T09:56:10.127+0000] {spark_submit.py:641} INFO - 25/02/21 09:56:10 INFO SecurityManager: Changing modify acls groups to:
[2025-02-21T09:56:10.128+0000] {spark_submit.py:641} INFO - 25/02/21 09:56:10 INFO SecurityManager: SecurityManager: authentication disabled; ui acls disabled; users  with view permissions: Set(airflow); groups with view permissions: Set(); users  with modify permissions: Set(airflow); groups with modify permissions: Set()
[2025-02-21T09:56:10.329+0000] {spark_submit.py:641} INFO - 25/02/21 09:56:10 INFO Utils: Successfully started service 'sparkDriver' on port 32781.
[2025-02-21T09:56:10.356+0000] {spark_submit.py:641} INFO - 25/02/21 09:56:10 INFO SparkEnv: Registering MapOutputTracker
[2025-02-21T09:56:10.388+0000] {spark_submit.py:641} INFO - 25/02/21 09:56:10 INFO SparkEnv: Registering BlockManagerMaster
[2025-02-21T09:56:10.405+0000] {spark_submit.py:641} INFO - 25/02/21 09:56:10 INFO BlockManagerMasterEndpoint: Using org.apache.spark.storage.DefaultTopologyMapper for getting topology information
[2025-02-21T09:56:10.407+0000] {spark_submit.py:641} INFO - 25/02/21 09:56:10 INFO BlockManagerMasterEndpoint: BlockManagerMasterEndpoint up
[2025-02-21T09:56:10.409+0000] {spark_submit.py:641} INFO - 25/02/21 09:56:10 INFO SparkEnv: Registering BlockManagerMasterHeartbeat
[2025-02-21T09:56:10.425+0000] {spark_submit.py:641} INFO - 25/02/21 09:56:10 INFO DiskBlockManager: Created local directory at /tmp/blockmgr-c6d34b94-55ed-462e-868c-01d86bad0490
[2025-02-21T09:56:10.445+0000] {spark_submit.py:641} INFO - 25/02/21 09:56:10 INFO MemoryStore: MemoryStore started with capacity 434.4 MiB
[2025-02-21T09:56:10.460+0000] {spark_submit.py:641} INFO - 25/02/21 09:56:10 INFO SparkEnv: Registering OutputCommitCoordinator
[2025-02-21T09:56:10.635+0000] {spark_submit.py:641} INFO - 25/02/21 09:56:10 INFO Utils: Successfully started service 'SparkUI' on port 4040.
[2025-02-21T09:56:10.692+0000] {spark_submit.py:641} INFO - 25/02/21 09:56:10 INFO SparkContext: Added JAR /spark-scripts/jars/postgresql-42.2.18.jar at spark://***-airflow-scheduler:32781/jars/postgresql-42.2.18.jar with timestamp 1740131769878
[2025-02-21T09:56:10.764+0000] {spark_submit.py:641} INFO - 25/02/21 09:56:10 INFO Executor: Starting executor ID driver on host ***-airflow-scheduler
[2025-02-21T09:56:10.772+0000] {spark_submit.py:641} INFO - 25/02/21 09:56:10 INFO Executor: Starting executor with user classpath (userClassPathFirst = false): ''
[2025-02-21T09:56:10.788+0000] {spark_submit.py:641} INFO - 25/02/21 09:56:10 INFO Executor: Fetching spark://***-airflow-scheduler:32781/jars/postgresql-42.2.18.jar with timestamp 1740131769878
[2025-02-21T09:56:10.842+0000] {spark_submit.py:641} INFO - 25/02/21 09:56:10 INFO TransportClientFactory: Successfully created connection to ***-airflow-scheduler/172.19.0.6:32781 after 25 ms (0 ms spent in bootstraps)
[2025-02-21T09:56:10.849+0000] {spark_submit.py:641} INFO - 25/02/21 09:56:10 INFO Utils: Fetching spark://***-airflow-scheduler:32781/jars/postgresql-42.2.18.jar to /tmp/spark-7a4d6206-6ae1-4725-b2ad-0ad2b172db56/userFiles-75c2aec6-2537-4f54-8e42-bc88c55541b8/fetchFileTemp11846555452465358554.tmp
[2025-02-21T09:56:10.915+0000] {spark_submit.py:641} INFO - 25/02/21 09:56:10 INFO Executor: Adding file:/tmp/spark-7a4d6206-6ae1-4725-b2ad-0ad2b172db56/userFiles-75c2aec6-2537-4f54-8e42-bc88c55541b8/postgresql-42.2.18.jar to class loader
[2025-02-21T09:56:10.921+0000] {spark_submit.py:641} INFO - 25/02/21 09:56:10 INFO Utils: Successfully started service 'org.apache.spark.network.netty.NettyBlockTransferService' on port 39835.
[2025-02-21T09:56:10.922+0000] {spark_submit.py:641} INFO - 25/02/21 09:56:10 INFO NettyBlockTransferService: Server created on ***-airflow-scheduler:39835
[2025-02-21T09:56:10.924+0000] {spark_submit.py:641} INFO - 25/02/21 09:56:10 INFO BlockManager: Using org.apache.spark.storage.RandomBlockReplicationPolicy for block replication policy
[2025-02-21T09:56:10.930+0000] {spark_submit.py:641} INFO - 25/02/21 09:56:10 INFO BlockManagerMaster: Registering BlockManager BlockManagerId(driver, ***-airflow-scheduler, 39835, None)
[2025-02-21T09:56:10.933+0000] {spark_submit.py:641} INFO - 25/02/21 09:56:10 INFO BlockManagerMasterEndpoint: Registering block manager ***-airflow-scheduler:39835 with 434.4 MiB RAM, BlockManagerId(driver, ***-airflow-scheduler, 39835, None)
[2025-02-21T09:56:10.935+0000] {spark_submit.py:641} INFO - 25/02/21 09:56:10 INFO BlockManagerMaster: Registered BlockManager BlockManagerId(driver, ***-airflow-scheduler, 39835, None)
[2025-02-21T09:56:10.937+0000] {spark_submit.py:641} INFO - 25/02/21 09:56:10 INFO BlockManager: Initialized BlockManager: BlockManagerId(driver, ***-airflow-scheduler, 39835, None)
[2025-02-21T09:56:17.708+0000] {spark_submit.py:641} INFO - ---------------- MENAMPILKAN DATA HASIL EXTRACT ----------------
[2025-02-21T09:56:17.956+0000] {spark_submit.py:641} INFO - +-----------+-----------------+---------+---------+------+-------------------+---------------+---+--------------------+-----------------+---------------------+----------+------------------+
[2025-02-21T09:56:17.958+0000] {spark_submit.py:641} INFO - |employee_id|       department|   region|education|gender|recruitment_channel|no_of_trainings|age|previous_year_rating|length_of_service|KPIs_met_more_than_80|awards_won|avg_training_score|
[2025-02-21T09:56:17.959+0000] {spark_submit.py:641} INFO - +-----------+-----------------+---------+---------+------+-------------------+---------------+---+--------------------+-----------------+---------------------+----------+------------------+
[2025-02-21T09:56:17.961+0000] {spark_submit.py:641} INFO - |       8724|       Technology|region_26|Bachelors|     m|           sourcing|              1| 24|                null|                1|                    1|         0|                77|
[2025-02-21T09:56:17.962+0000] {spark_submit.py:641} INFO - |      74430|               HR| region_4|Bachelors|     f|              other|              1| 31|                   3|                5|                    0|         0|                51|
[2025-02-21T09:56:17.963+0000] {spark_submit.py:641} INFO - |      72255|Sales & Marketing|region_13|Bachelors|     m|              other|              1| 31|                   1|                4|                    0|         0|                47|
[2025-02-21T09:56:17.966+0000] {spark_submit.py:641} INFO - |      38562|      Procurement| region_2|Bachelors|     f|              other|              3| 31|                   2|                9|                    0|         0|                65|
[2025-02-21T09:56:17.967+0000] {spark_submit.py:641} INFO - |      64486|          Finance|region_29|Bachelors|     m|           sourcing|              1| 30|                   4|                7|                    0|         0|                61|
[2025-02-21T09:56:17.968+0000] {spark_submit.py:641} INFO - +-----------+-----------------+---------+---------+------+-------------------+---------------+---+--------------------+-----------------+---------------------+----------+------------------+
[2025-02-21T09:56:17.969+0000] {spark_submit.py:641} INFO - only showing top 5 rows
[2025-02-21T09:56:17.971+0000] {spark_submit.py:641} INFO - 
[2025-02-21T09:56:17.972+0000] {spark_submit.py:641} INFO - root
[2025-02-21T09:56:17.974+0000] {spark_submit.py:641} INFO - |-- employee_id: integer (nullable = true)
[2025-02-21T09:56:17.975+0000] {spark_submit.py:641} INFO - |-- department: string (nullable = true)
[2025-02-21T09:56:17.976+0000] {spark_submit.py:641} INFO - |-- region: string (nullable = true)
[2025-02-21T09:56:17.978+0000] {spark_submit.py:641} INFO - |-- education: string (nullable = true)
[2025-02-21T09:56:17.979+0000] {spark_submit.py:641} INFO - |-- gender: string (nullable = true)
[2025-02-21T09:56:17.982+0000] {spark_submit.py:641} INFO - |-- recruitment_channel: string (nullable = true)
[2025-02-21T09:56:17.983+0000] {spark_submit.py:641} INFO - |-- no_of_trainings: integer (nullable = true)
[2025-02-21T09:56:17.984+0000] {spark_submit.py:641} INFO - |-- age: integer (nullable = true)
[2025-02-21T09:56:17.985+0000] {spark_submit.py:641} INFO - |-- previous_year_rating: integer (nullable = true)
[2025-02-21T09:56:17.986+0000] {spark_submit.py:641} INFO - |-- length_of_service: integer (nullable = true)
[2025-02-21T09:56:17.987+0000] {spark_submit.py:641} INFO - |-- KPIs_met_more_than_80: integer (nullable = true)
[2025-02-21T09:56:17.988+0000] {spark_submit.py:641} INFO - |-- awards_won: integer (nullable = true)
[2025-02-21T09:56:17.989+0000] {spark_submit.py:641} INFO - |-- avg_training_score: integer (nullable = true)
[2025-02-21T09:56:17.990+0000] {spark_submit.py:641} INFO - 
[2025-02-21T09:56:18.516+0000] {spark_submit.py:641} INFO - Jumlah baris dalam DataFrame : 17417
[2025-02-21T09:56:18.518+0000] {spark_submit.py:641} INFO - Isi folder data/extracted.parquet :
[2025-02-21T09:56:18.519+0000] {spark_submit.py:641} INFO - ['.part-00000-c1352067-6017-4ec1-be77-b3b0e06740db-c000.snappy.parquet.crc', '_SUCCESS', 'part-00000-c1352067-6017-4ec1-be77-b3b0e06740db-c000.snappy.parquet', '._SUCCESS.crc']
[2025-02-21T09:56:18.521+0000] {spark_submit.py:641} INFO - Extract data berhasil.
[2025-02-21T09:56:18.787+0000] {taskinstance.py:341} INFO - ::group::Post task execution logs
[2025-02-21T09:56:18.789+0000] {taskinstance.py:353} INFO - Marking task as SUCCESS. dag_id=***_v2_etl_dag, task_id=extract_task, run_id=manual__2025-02-21T09:53:37.982146+00:00, execution_date=20250221T095337, start_date=20250221T095606, end_date=20250221T095618
[2025-02-21T09:56:18.850+0000] {local_task_job_runner.py:266} INFO - Task exited with return code 0
[2025-02-21T09:56:18.882+0000] {taskinstance.py:3901} INFO - 1 downstream tasks scheduled from follow-on schedule check
[2025-02-21T09:56:18.920+0000] {local_task_job_runner.py:245} INFO - ::endgroup::
