[2025-02-21T10:22:37.944+0000] {local_task_job_runner.py:123} INFO - ::group::Pre task execution logs
[2025-02-21T10:22:37.992+0000] {taskinstance.py:2614} INFO - Dependencies all met for dep_context=non-requeueable deps ti=<TaskInstance: finprode8_v2_etl_dag.extract_task manual__2025-02-21T09:53:37.982146+00:00 [queued]>
[2025-02-21T10:22:38.014+0000] {taskinstance.py:2614} INFO - Dependencies all met for dep_context=requeueable deps ti=<TaskInstance: finprode8_v2_etl_dag.extract_task manual__2025-02-21T09:53:37.982146+00:00 [queued]>
[2025-02-21T10:22:38.017+0000] {taskinstance.py:2867} INFO - Starting attempt 6 of 6
[2025-02-21T10:22:38.052+0000] {taskinstance.py:2890} INFO - Executing <Task(SparkSubmitOperator): extract_task> on 2025-02-21 09:53:37.982146+00:00
[2025-02-21T10:22:38.065+0000] {standard_task_runner.py:104} INFO - Running: ['airflow', 'tasks', 'run', '***_v2_etl_dag', 'extract_task', 'manual__2025-02-21T09:53:37.982146+00:00', '--job-id', '178', '--raw', '--subdir', 'DAGS_FOLDER/***_v2_etl_dag.py', '--cfg-path', '/tmp/tmp00hauzwc']
[2025-02-21T10:22:38.064+0000] {standard_task_runner.py:72} INFO - Started process 13424 to run task
[2025-02-21T10:22:38.068+0000] {standard_task_runner.py:105} INFO - Job 178: Subtask extract_task
[2025-02-21T10:22:38.130+0000] {logging_mixin.py:190} WARNING - /home/airflow/.local/lib/python3.9/site-packages/airflow/settings.py:209 DeprecationWarning: The sql_alchemy_conn option in [core] has been moved to the sql_alchemy_conn option in [database] - the old setting has been used, but please update your config.
[2025-02-21T10:22:38.185+0000] {task_command.py:467} INFO - Running <TaskInstance: finprode8_v2_etl_dag.extract_task manual__2025-02-21T09:53:37.982146+00:00 [running]> on host ***-airflow-scheduler
[2025-02-21T10:22:38.293+0000] {taskinstance.py:3134} INFO - Exporting env vars: AIRFLOW_CTX_DAG_OWNER='ratih malini' AIRFLOW_CTX_DAG_ID='***_v2_etl_dag' AIRFLOW_CTX_TASK_ID='extract_task' AIRFLOW_CTX_EXECUTION_DATE='2025-02-21T09:53:37.982146+00:00' AIRFLOW_CTX_TRY_NUMBER='6' AIRFLOW_CTX_DAG_RUN_ID='manual__2025-02-21T09:53:37.982146+00:00'
[2025-02-21T10:22:38.297+0000] {taskinstance.py:732} INFO - ::endgroup::
[2025-02-21T10:22:38.345+0000] {base.py:84} INFO - Retrieving connection 'spark_main'
[2025-02-21T10:22:38.349+0000] {spark_submit.py:474} INFO - Spark-Submit cmd: spark-submit --master spark://***-spark-master:7077 --name arrow-spark /spark-scripts/***_v2_extract.py
[2025-02-21T10:22:41.896+0000] {spark_submit.py:641} INFO - 25/02/21 10:22:41 INFO SparkContext: Running Spark version 3.3.2
[2025-02-21T10:22:41.972+0000] {spark_submit.py:641} INFO - 25/02/21 10:22:41 WARN NativeCodeLoader: Unable to load native-hadoop library for your platform... using builtin-java classes where applicable
[2025-02-21T10:22:42.084+0000] {spark_submit.py:641} INFO - 25/02/21 10:22:42 INFO ResourceUtils: ==============================================================
[2025-02-21T10:22:42.086+0000] {spark_submit.py:641} INFO - 25/02/21 10:22:42 INFO ResourceUtils: No custom resources configured for spark.driver.
[2025-02-21T10:22:42.087+0000] {spark_submit.py:641} INFO - 25/02/21 10:22:42 INFO ResourceUtils: ==============================================================
[2025-02-21T10:22:42.088+0000] {spark_submit.py:641} INFO - 25/02/21 10:22:42 INFO SparkContext: Submitted application: ***_extract
[2025-02-21T10:22:42.111+0000] {spark_submit.py:641} INFO - 25/02/21 10:22:42 INFO ResourceProfile: Default ResourceProfile created, executor resources: Map(cores -> name: cores, amount: 1, script: , vendor: , memory -> name: memory, amount: 1024, script: , vendor: , offHeap -> name: offHeap, amount: 0, script: , vendor: ), task resources: Map(cpus -> name: cpus, amount: 1.0)
[2025-02-21T10:22:42.121+0000] {spark_submit.py:641} INFO - 25/02/21 10:22:42 INFO ResourceProfile: Limiting resource is cpu
[2025-02-21T10:22:42.123+0000] {spark_submit.py:641} INFO - 25/02/21 10:22:42 INFO ResourceProfileManager: Added ResourceProfile id: 0
[2025-02-21T10:22:42.192+0000] {spark_submit.py:641} INFO - 25/02/21 10:22:42 INFO SecurityManager: Changing view acls to: airflow
[2025-02-21T10:22:42.194+0000] {spark_submit.py:641} INFO - 25/02/21 10:22:42 INFO SecurityManager: Changing modify acls to: airflow
[2025-02-21T10:22:42.197+0000] {spark_submit.py:641} INFO - 25/02/21 10:22:42 INFO SecurityManager: Changing view acls groups to:
[2025-02-21T10:22:42.199+0000] {spark_submit.py:641} INFO - 25/02/21 10:22:42 INFO SecurityManager: Changing modify acls groups to:
[2025-02-21T10:22:42.201+0000] {spark_submit.py:641} INFO - 25/02/21 10:22:42 INFO SecurityManager: SecurityManager: authentication disabled; ui acls disabled; users  with view permissions: Set(airflow); groups with view permissions: Set(); users  with modify permissions: Set(airflow); groups with modify permissions: Set()
[2025-02-21T10:22:42.599+0000] {spark_submit.py:641} INFO - 25/02/21 10:22:42 INFO Utils: Successfully started service 'sparkDriver' on port 40955.
[2025-02-21T10:22:42.648+0000] {spark_submit.py:641} INFO - 25/02/21 10:22:42 INFO SparkEnv: Registering MapOutputTracker
[2025-02-21T10:22:42.704+0000] {spark_submit.py:641} INFO - 25/02/21 10:22:42 INFO SparkEnv: Registering BlockManagerMaster
[2025-02-21T10:22:42.731+0000] {spark_submit.py:641} INFO - 25/02/21 10:22:42 INFO BlockManagerMasterEndpoint: Using org.apache.spark.storage.DefaultTopologyMapper for getting topology information
[2025-02-21T10:22:42.733+0000] {spark_submit.py:641} INFO - 25/02/21 10:22:42 INFO BlockManagerMasterEndpoint: BlockManagerMasterEndpoint up
[2025-02-21T10:22:42.738+0000] {spark_submit.py:641} INFO - 25/02/21 10:22:42 INFO SparkEnv: Registering BlockManagerMasterHeartbeat
[2025-02-21T10:22:42.770+0000] {spark_submit.py:641} INFO - 25/02/21 10:22:42 INFO DiskBlockManager: Created local directory at /tmp/blockmgr-a004b70a-fab6-481b-a637-09fad70ccecd
[2025-02-21T10:22:42.792+0000] {spark_submit.py:641} INFO - 25/02/21 10:22:42 INFO MemoryStore: MemoryStore started with capacity 434.4 MiB
[2025-02-21T10:22:42.812+0000] {spark_submit.py:641} INFO - 25/02/21 10:22:42 INFO SparkEnv: Registering OutputCommitCoordinator
[2025-02-21T10:22:43.066+0000] {spark_submit.py:641} INFO - 25/02/21 10:22:43 INFO Utils: Successfully started service 'SparkUI' on port 4040.
[2025-02-21T10:22:43.122+0000] {spark_submit.py:641} INFO - 25/02/21 10:22:43 INFO SparkContext: Added JAR /spark-scripts/jars/postgresql-42.2.18.jar at spark://***-airflow-scheduler:40955/jars/postgresql-42.2.18.jar with timestamp 1740133361875
[2025-02-21T10:22:43.215+0000] {spark_submit.py:641} INFO - 25/02/21 10:22:43 INFO Executor: Starting executor ID driver on host ***-airflow-scheduler
[2025-02-21T10:22:43.229+0000] {spark_submit.py:641} INFO - 25/02/21 10:22:43 INFO Executor: Starting executor with user classpath (userClassPathFirst = false): ''
[2025-02-21T10:22:43.242+0000] {spark_submit.py:641} INFO - 25/02/21 10:22:43 INFO Executor: Fetching spark://***-airflow-scheduler:40955/jars/postgresql-42.2.18.jar with timestamp 1740133361875
[2025-02-21T10:22:43.299+0000] {spark_submit.py:641} INFO - 25/02/21 10:22:43 INFO TransportClientFactory: Successfully created connection to ***-airflow-scheduler/172.19.0.6:40955 after 31 ms (0 ms spent in bootstraps)
[2025-02-21T10:22:43.306+0000] {spark_submit.py:641} INFO - 25/02/21 10:22:43 INFO Utils: Fetching spark://***-airflow-scheduler:40955/jars/postgresql-42.2.18.jar to /tmp/spark-75726e03-616c-47ad-9855-07365fcd45e1/userFiles-5c61b308-103e-4054-b476-60fc276a555e/fetchFileTemp3527946767389798326.tmp
[2025-02-21T10:22:43.435+0000] {spark_submit.py:641} INFO - 25/02/21 10:22:43 INFO Executor: Adding file:/tmp/spark-75726e03-616c-47ad-9855-07365fcd45e1/userFiles-5c61b308-103e-4054-b476-60fc276a555e/postgresql-42.2.18.jar to class loader
[2025-02-21T10:22:43.445+0000] {spark_submit.py:641} INFO - 25/02/21 10:22:43 INFO Utils: Successfully started service 'org.apache.spark.network.netty.NettyBlockTransferService' on port 36287.
[2025-02-21T10:22:43.447+0000] {spark_submit.py:641} INFO - 25/02/21 10:22:43 INFO NettyBlockTransferService: Server created on ***-airflow-scheduler:36287
[2025-02-21T10:22:43.450+0000] {spark_submit.py:641} INFO - 25/02/21 10:22:43 INFO BlockManager: Using org.apache.spark.storage.RandomBlockReplicationPolicy for block replication policy
[2025-02-21T10:22:43.459+0000] {spark_submit.py:641} INFO - 25/02/21 10:22:43 INFO BlockManagerMaster: Registering BlockManager BlockManagerId(driver, ***-airflow-scheduler, 36287, None)
[2025-02-21T10:22:43.465+0000] {spark_submit.py:641} INFO - 25/02/21 10:22:43 INFO BlockManagerMasterEndpoint: Registering block manager ***-airflow-scheduler:36287 with 434.4 MiB RAM, BlockManagerId(driver, ***-airflow-scheduler, 36287, None)
[2025-02-21T10:22:43.469+0000] {spark_submit.py:641} INFO - 25/02/21 10:22:43 INFO BlockManagerMaster: Registered BlockManager BlockManagerId(driver, ***-airflow-scheduler, 36287, None)
[2025-02-21T10:22:43.470+0000] {spark_submit.py:641} INFO - 25/02/21 10:22:43 INFO BlockManager: Initialized BlockManager: BlockManagerId(driver, ***-airflow-scheduler, 36287, None)
[2025-02-21T10:22:51.570+0000] {spark_submit.py:641} INFO - ---------------- MENAMPILKAN DATA HASIL EXTRACT ----------------
[2025-02-21T10:22:51.789+0000] {spark_submit.py:641} INFO - +-----------+-----------------+---------+---------+------+-------------------+---------------+---+--------------------+-----------------+---------------------+----------+------------------+
[2025-02-21T10:22:51.790+0000] {spark_submit.py:641} INFO - |employee_id|       department|   region|education|gender|recruitment_channel|no_of_trainings|age|previous_year_rating|length_of_service|KPIs_met_more_than_80|awards_won|avg_training_score|
[2025-02-21T10:22:51.792+0000] {spark_submit.py:641} INFO - +-----------+-----------------+---------+---------+------+-------------------+---------------+---+--------------------+-----------------+---------------------+----------+------------------+
[2025-02-21T10:22:51.793+0000] {spark_submit.py:641} INFO - |       8724|       Technology|region_26|Bachelors|     m|           sourcing|              1| 24|                null|                1|                    1|         0|                77|
[2025-02-21T10:22:51.795+0000] {spark_submit.py:641} INFO - |      74430|               HR| region_4|Bachelors|     f|              other|              1| 31|                   3|                5|                    0|         0|                51|
[2025-02-21T10:22:51.796+0000] {spark_submit.py:641} INFO - |      72255|Sales & Marketing|region_13|Bachelors|     m|              other|              1| 31|                   1|                4|                    0|         0|                47|
[2025-02-21T10:22:51.798+0000] {spark_submit.py:641} INFO - |      38562|      Procurement| region_2|Bachelors|     f|              other|              3| 31|                   2|                9|                    0|         0|                65|
[2025-02-21T10:22:51.799+0000] {spark_submit.py:641} INFO - |      64486|          Finance|region_29|Bachelors|     m|           sourcing|              1| 30|                   4|                7|                    0|         0|                61|
[2025-02-21T10:22:51.800+0000] {spark_submit.py:641} INFO - +-----------+-----------------+---------+---------+------+-------------------+---------------+---+--------------------+-----------------+---------------------+----------+------------------+
[2025-02-21T10:22:51.801+0000] {spark_submit.py:641} INFO - only showing top 5 rows
[2025-02-21T10:22:51.803+0000] {spark_submit.py:641} INFO - 
[2025-02-21T10:22:51.804+0000] {spark_submit.py:641} INFO - root
[2025-02-21T10:22:51.806+0000] {spark_submit.py:641} INFO - |-- employee_id: integer (nullable = true)
[2025-02-21T10:22:51.807+0000] {spark_submit.py:641} INFO - |-- department: string (nullable = true)
[2025-02-21T10:22:51.808+0000] {spark_submit.py:641} INFO - |-- region: string (nullable = true)
[2025-02-21T10:22:51.810+0000] {spark_submit.py:641} INFO - |-- education: string (nullable = true)
[2025-02-21T10:22:51.812+0000] {spark_submit.py:641} INFO - |-- gender: string (nullable = true)
[2025-02-21T10:22:51.814+0000] {spark_submit.py:641} INFO - |-- recruitment_channel: string (nullable = true)
[2025-02-21T10:22:51.816+0000] {spark_submit.py:641} INFO - |-- no_of_trainings: integer (nullable = true)
[2025-02-21T10:22:51.817+0000] {spark_submit.py:641} INFO - |-- age: integer (nullable = true)
[2025-02-21T10:22:51.818+0000] {spark_submit.py:641} INFO - |-- previous_year_rating: integer (nullable = true)
[2025-02-21T10:22:51.820+0000] {spark_submit.py:641} INFO - |-- length_of_service: integer (nullable = true)
[2025-02-21T10:22:51.821+0000] {spark_submit.py:641} INFO - |-- KPIs_met_more_than_80: integer (nullable = true)
[2025-02-21T10:22:51.822+0000] {spark_submit.py:641} INFO - |-- awards_won: integer (nullable = true)
[2025-02-21T10:22:51.823+0000] {spark_submit.py:641} INFO - |-- avg_training_score: integer (nullable = true)
[2025-02-21T10:22:51.825+0000] {spark_submit.py:641} INFO - 
[2025-02-21T10:22:52.445+0000] {spark_submit.py:641} INFO - Jumlah baris dalam DataFrame : 17417
[2025-02-21T10:22:52.447+0000] {spark_submit.py:641} INFO - Isi folder data/extracted.parquet :
[2025-02-21T10:22:52.448+0000] {spark_submit.py:641} INFO - ['part-00000-e80690ef-bf40-4871-9ffe-99700642bc37-c000.snappy.parquet', '_SUCCESS', '.part-00000-e80690ef-bf40-4871-9ffe-99700642bc37-c000.snappy.parquet.crc', '._SUCCESS.crc']
[2025-02-21T10:22:52.449+0000] {spark_submit.py:641} INFO - Extract data berhasil.
[2025-02-21T10:22:52.946+0000] {taskinstance.py:341} INFO - ::group::Post task execution logs
[2025-02-21T10:22:52.948+0000] {taskinstance.py:353} INFO - Marking task as SUCCESS. dag_id=***_v2_etl_dag, task_id=extract_task, run_id=manual__2025-02-21T09:53:37.982146+00:00, execution_date=20250221T095337, start_date=20250221T102237, end_date=20250221T102252
[2025-02-21T10:22:53.052+0000] {local_task_job_runner.py:266} INFO - Task exited with return code 0
[2025-02-21T10:22:53.091+0000] {taskinstance.py:3901} INFO - 1 downstream tasks scheduled from follow-on schedule check
[2025-02-21T10:22:53.095+0000] {standard_task_runner.py:217} INFO - Process not found (most likely exited), stop collecting metrics
[2025-02-21T10:22:53.096+0000] {local_task_job_runner.py:245} INFO - ::endgroup::
