[2025-02-21T09:53:40.114+0000] {local_task_job_runner.py:123} INFO - ::group::Pre task execution logs
[2025-02-21T09:53:40.141+0000] {taskinstance.py:2614} INFO - Dependencies all met for dep_context=non-requeueable deps ti=<TaskInstance: finprode8_v2_etl_dag.extract_task manual__2025-02-21T09:53:37.982146+00:00 [queued]>
[2025-02-21T09:53:40.153+0000] {taskinstance.py:2614} INFO - Dependencies all met for dep_context=requeueable deps ti=<TaskInstance: finprode8_v2_etl_dag.extract_task manual__2025-02-21T09:53:37.982146+00:00 [queued]>
[2025-02-21T09:53:40.155+0000] {taskinstance.py:2867} INFO - Starting attempt 1 of 1
[2025-02-21T09:53:40.176+0000] {taskinstance.py:2890} INFO - Executing <Task(SparkSubmitOperator): extract_task> on 2025-02-21 09:53:37.982146+00:00
[2025-02-21T09:53:40.182+0000] {standard_task_runner.py:72} INFO - Started process 9622 to run task
[2025-02-21T09:53:40.188+0000] {standard_task_runner.py:104} INFO - Running: ['airflow', 'tasks', 'run', '***_v2_etl_dag', 'extract_task', 'manual__2025-02-21T09:53:37.982146+00:00', '--job-id', '163', '--raw', '--subdir', 'DAGS_FOLDER/***_v2_etl_dag.py', '--cfg-path', '/tmp/tmpvpxpcuo2']
[2025-02-21T09:53:40.192+0000] {standard_task_runner.py:105} INFO - Job 163: Subtask extract_task
[2025-02-21T09:53:40.212+0000] {logging_mixin.py:190} WARNING - /home/airflow/.local/lib/python3.9/site-packages/airflow/settings.py:209 DeprecationWarning: The sql_alchemy_conn option in [core] has been moved to the sql_alchemy_conn option in [database] - the old setting has been used, but please update your config.
[2025-02-21T09:53:40.253+0000] {task_command.py:467} INFO - Running <TaskInstance: finprode8_v2_etl_dag.extract_task manual__2025-02-21T09:53:37.982146+00:00 [running]> on host ***-airflow-scheduler
[2025-02-21T09:53:40.350+0000] {taskinstance.py:3134} INFO - Exporting env vars: AIRFLOW_CTX_DAG_OWNER='ratih malini' AIRFLOW_CTX_DAG_ID='***_v2_etl_dag' AIRFLOW_CTX_TASK_ID='extract_task' AIRFLOW_CTX_EXECUTION_DATE='2025-02-21T09:53:37.982146+00:00' AIRFLOW_CTX_TRY_NUMBER='1' AIRFLOW_CTX_DAG_RUN_ID='manual__2025-02-21T09:53:37.982146+00:00'
[2025-02-21T09:53:40.353+0000] {taskinstance.py:732} INFO - ::endgroup::
[2025-02-21T09:53:40.381+0000] {base.py:84} INFO - Retrieving connection 'spark_main'
[2025-02-21T09:53:40.384+0000] {spark_submit.py:474} INFO - Spark-Submit cmd: spark-submit --master spark://***-spark-master:7077 --name arrow-spark /spark-scripts/***_v2_extract.py
[2025-02-21T09:53:42.967+0000] {spark_submit.py:641} INFO - 25/02/21 09:53:42 INFO SparkContext: Running Spark version 3.3.2
[2025-02-21T09:53:43.018+0000] {spark_submit.py:641} INFO - 25/02/21 09:53:43 WARN NativeCodeLoader: Unable to load native-hadoop library for your platform... using builtin-java classes where applicable
[2025-02-21T09:53:43.097+0000] {spark_submit.py:641} INFO - 25/02/21 09:53:43 INFO ResourceUtils: ==============================================================
[2025-02-21T09:53:43.099+0000] {spark_submit.py:641} INFO - 25/02/21 09:53:43 INFO ResourceUtils: No custom resources configured for spark.driver.
[2025-02-21T09:53:43.101+0000] {spark_submit.py:641} INFO - 25/02/21 09:53:43 INFO ResourceUtils: ==============================================================
[2025-02-21T09:53:43.102+0000] {spark_submit.py:641} INFO - 25/02/21 09:53:43 INFO SparkContext: Submitted application: ***_extract
[2025-02-21T09:53:43.121+0000] {spark_submit.py:641} INFO - 25/02/21 09:53:43 INFO ResourceProfile: Default ResourceProfile created, executor resources: Map(cores -> name: cores, amount: 1, script: , vendor: , memory -> name: memory, amount: 1024, script: , vendor: , offHeap -> name: offHeap, amount: 0, script: , vendor: ), task resources: Map(cpus -> name: cpus, amount: 1.0)
[2025-02-21T09:53:43.129+0000] {spark_submit.py:641} INFO - 25/02/21 09:53:43 INFO ResourceProfile: Limiting resource is cpu
[2025-02-21T09:53:43.130+0000] {spark_submit.py:641} INFO - 25/02/21 09:53:43 INFO ResourceProfileManager: Added ResourceProfile id: 0
[2025-02-21T09:53:43.175+0000] {spark_submit.py:641} INFO - 25/02/21 09:53:43 INFO SecurityManager: Changing view acls to: airflow
[2025-02-21T09:53:43.177+0000] {spark_submit.py:641} INFO - 25/02/21 09:53:43 INFO SecurityManager: Changing modify acls to: airflow
[2025-02-21T09:53:43.178+0000] {spark_submit.py:641} INFO - 25/02/21 09:53:43 INFO SecurityManager: Changing view acls groups to:
[2025-02-21T09:53:43.179+0000] {spark_submit.py:641} INFO - 25/02/21 09:53:43 INFO SecurityManager: Changing modify acls groups to:
[2025-02-21T09:53:43.180+0000] {spark_submit.py:641} INFO - 25/02/21 09:53:43 INFO SecurityManager: SecurityManager: authentication disabled; ui acls disabled; users  with view permissions: Set(airflow); groups with view permissions: Set(); users  with modify permissions: Set(airflow); groups with modify permissions: Set()
[2025-02-21T09:53:43.386+0000] {spark_submit.py:641} INFO - 25/02/21 09:53:43 INFO Utils: Successfully started service 'sparkDriver' on port 38659.
[2025-02-21T09:53:43.412+0000] {spark_submit.py:641} INFO - 25/02/21 09:53:43 INFO SparkEnv: Registering MapOutputTracker
[2025-02-21T09:53:43.444+0000] {spark_submit.py:641} INFO - 25/02/21 09:53:43 INFO SparkEnv: Registering BlockManagerMaster
[2025-02-21T09:53:43.462+0000] {spark_submit.py:641} INFO - 25/02/21 09:53:43 INFO BlockManagerMasterEndpoint: Using org.apache.spark.storage.DefaultTopologyMapper for getting topology information
[2025-02-21T09:53:43.464+0000] {spark_submit.py:641} INFO - 25/02/21 09:53:43 INFO BlockManagerMasterEndpoint: BlockManagerMasterEndpoint up
[2025-02-21T09:53:43.468+0000] {spark_submit.py:641} INFO - 25/02/21 09:53:43 INFO SparkEnv: Registering BlockManagerMasterHeartbeat
[2025-02-21T09:53:43.490+0000] {spark_submit.py:641} INFO - 25/02/21 09:53:43 INFO DiskBlockManager: Created local directory at /tmp/blockmgr-1a5d8dcd-e0d6-4244-b831-5e3584731084
[2025-02-21T09:53:43.509+0000] {spark_submit.py:641} INFO - 25/02/21 09:53:43 INFO MemoryStore: MemoryStore started with capacity 434.4 MiB
[2025-02-21T09:53:43.528+0000] {spark_submit.py:641} INFO - 25/02/21 09:53:43 INFO SparkEnv: Registering OutputCommitCoordinator
[2025-02-21T09:53:43.746+0000] {spark_submit.py:641} INFO - 25/02/21 09:53:43 INFO Utils: Successfully started service 'SparkUI' on port 4040.
[2025-02-21T09:53:43.797+0000] {spark_submit.py:641} INFO - 25/02/21 09:53:43 INFO SparkContext: Added JAR /spark-scripts/jars/postgresql-42.2.18.jar at spark://***-airflow-scheduler:38659/jars/postgresql-42.2.18.jar with timestamp 1740131622955
[2025-02-21T09:53:43.869+0000] {spark_submit.py:641} INFO - 25/02/21 09:53:43 INFO Executor: Starting executor ID driver on host ***-airflow-scheduler
[2025-02-21T09:53:43.884+0000] {spark_submit.py:641} INFO - 25/02/21 09:53:43 INFO Executor: Starting executor with user classpath (userClassPathFirst = false): ''
[2025-02-21T09:53:43.896+0000] {spark_submit.py:641} INFO - 25/02/21 09:53:43 INFO Executor: Fetching spark://***-airflow-scheduler:38659/jars/postgresql-42.2.18.jar with timestamp 1740131622955
[2025-02-21T09:53:43.943+0000] {spark_submit.py:641} INFO - 25/02/21 09:53:43 INFO TransportClientFactory: Successfully created connection to ***-airflow-scheduler/172.19.0.6:38659 after 24 ms (0 ms spent in bootstraps)
[2025-02-21T09:53:43.949+0000] {spark_submit.py:641} INFO - 25/02/21 09:53:43 INFO Utils: Fetching spark://***-airflow-scheduler:38659/jars/postgresql-42.2.18.jar to /tmp/spark-bf60154a-8cee-4fb4-8ba0-5ee2e75f9874/userFiles-ee945eb8-0815-44be-bc8e-377c885d9818/fetchFileTemp6525959983738409144.tmp
[2025-02-21T09:53:44.019+0000] {spark_submit.py:641} INFO - 25/02/21 09:53:44 INFO Executor: Adding file:/tmp/spark-bf60154a-8cee-4fb4-8ba0-5ee2e75f9874/userFiles-ee945eb8-0815-44be-bc8e-377c885d9818/postgresql-42.2.18.jar to class loader
[2025-02-21T09:53:44.027+0000] {spark_submit.py:641} INFO - 25/02/21 09:53:44 INFO Utils: Successfully started service 'org.apache.spark.network.netty.NettyBlockTransferService' on port 39287.
[2025-02-21T09:53:44.029+0000] {spark_submit.py:641} INFO - 25/02/21 09:53:44 INFO NettyBlockTransferService: Server created on ***-airflow-scheduler:39287
[2025-02-21T09:53:44.035+0000] {spark_submit.py:641} INFO - 25/02/21 09:53:44 INFO BlockManager: Using org.apache.spark.storage.RandomBlockReplicationPolicy for block replication policy
[2025-02-21T09:53:44.042+0000] {spark_submit.py:641} INFO - 25/02/21 09:53:44 INFO BlockManagerMaster: Registering BlockManager BlockManagerId(driver, ***-airflow-scheduler, 39287, None)
[2025-02-21T09:53:44.045+0000] {spark_submit.py:641} INFO - 25/02/21 09:53:44 INFO BlockManagerMasterEndpoint: Registering block manager ***-airflow-scheduler:39287 with 434.4 MiB RAM, BlockManagerId(driver, ***-airflow-scheduler, 39287, None)
[2025-02-21T09:53:44.047+0000] {spark_submit.py:641} INFO - 25/02/21 09:53:44 INFO BlockManagerMaster: Registered BlockManager BlockManagerId(driver, ***-airflow-scheduler, 39287, None)
[2025-02-21T09:53:44.050+0000] {spark_submit.py:641} INFO - 25/02/21 09:53:44 INFO BlockManager: Initialized BlockManager: BlockManagerId(driver, ***-airflow-scheduler, 39287, None)
[2025-02-21T09:53:51.630+0000] {spark_submit.py:641} INFO - ---------------- MENAMPILKAN DATA HASIL EXTRACT ----------------
[2025-02-21T09:53:51.905+0000] {spark_submit.py:641} INFO - +-----------+-----------------+---------+---------+------+-------------------+---------------+---+--------------------+-----------------+---------------------+----------+------------------+
[2025-02-21T09:53:51.914+0000] {spark_submit.py:641} INFO - |employee_id|       department|   region|education|gender|recruitment_channel|no_of_trainings|age|previous_year_rating|length_of_service|KPIs_met_more_than_80|awards_won|avg_training_score|
[2025-02-21T09:53:51.916+0000] {spark_submit.py:641} INFO - +-----------+-----------------+---------+---------+------+-------------------+---------------+---+--------------------+-----------------+---------------------+----------+------------------+
[2025-02-21T09:53:51.917+0000] {spark_submit.py:641} INFO - |       8724|       Technology|region_26|Bachelors|     m|           sourcing|              1| 24|                null|                1|                    1|         0|                77|
[2025-02-21T09:53:51.918+0000] {spark_submit.py:641} INFO - |      74430|               HR| region_4|Bachelors|     f|              other|              1| 31|                   3|                5|                    0|         0|                51|
[2025-02-21T09:53:51.919+0000] {spark_submit.py:641} INFO - |      72255|Sales & Marketing|region_13|Bachelors|     m|              other|              1| 31|                   1|                4|                    0|         0|                47|
[2025-02-21T09:53:51.920+0000] {spark_submit.py:641} INFO - |      38562|      Procurement| region_2|Bachelors|     f|              other|              3| 31|                   2|                9|                    0|         0|                65|
[2025-02-21T09:53:51.921+0000] {spark_submit.py:641} INFO - |      64486|          Finance|region_29|Bachelors|     m|           sourcing|              1| 30|                   4|                7|                    0|         0|                61|
[2025-02-21T09:53:51.922+0000] {spark_submit.py:641} INFO - +-----------+-----------------+---------+---------+------+-------------------+---------------+---+--------------------+-----------------+---------------------+----------+------------------+
[2025-02-21T09:53:51.924+0000] {spark_submit.py:641} INFO - only showing top 5 rows
[2025-02-21T09:53:51.925+0000] {spark_submit.py:641} INFO - 
[2025-02-21T09:53:51.928+0000] {spark_submit.py:641} INFO - root
[2025-02-21T09:53:51.930+0000] {spark_submit.py:641} INFO - |-- employee_id: integer (nullable = true)
[2025-02-21T09:53:51.931+0000] {spark_submit.py:641} INFO - |-- department: string (nullable = true)
[2025-02-21T09:53:51.932+0000] {spark_submit.py:641} INFO - |-- region: string (nullable = true)
[2025-02-21T09:53:51.934+0000] {spark_submit.py:641} INFO - |-- education: string (nullable = true)
[2025-02-21T09:53:51.935+0000] {spark_submit.py:641} INFO - |-- gender: string (nullable = true)
[2025-02-21T09:53:51.936+0000] {spark_submit.py:641} INFO - |-- recruitment_channel: string (nullable = true)
[2025-02-21T09:53:51.937+0000] {spark_submit.py:641} INFO - |-- no_of_trainings: integer (nullable = true)
[2025-02-21T09:53:51.938+0000] {spark_submit.py:641} INFO - |-- age: integer (nullable = true)
[2025-02-21T09:53:51.939+0000] {spark_submit.py:641} INFO - |-- previous_year_rating: integer (nullable = true)
[2025-02-21T09:53:51.944+0000] {spark_submit.py:641} INFO - |-- length_of_service: integer (nullable = true)
[2025-02-21T09:53:51.946+0000] {spark_submit.py:641} INFO - |-- KPIs_met_more_than_80: integer (nullable = true)
[2025-02-21T09:53:51.948+0000] {spark_submit.py:641} INFO - |-- awards_won: integer (nullable = true)
[2025-02-21T09:53:51.949+0000] {spark_submit.py:641} INFO - |-- avg_training_score: integer (nullable = true)
[2025-02-21T09:53:51.951+0000] {spark_submit.py:641} INFO - 
[2025-02-21T09:53:52.429+0000] {spark_submit.py:641} INFO - Jumlah baris dalam DataFrame : 17417
[2025-02-21T09:53:52.430+0000] {spark_submit.py:641} INFO - Isi folder data/extracted.parquet :
[2025-02-21T09:53:52.432+0000] {spark_submit.py:641} INFO - ['.part-00000-1d2d5977-e464-44e3-941a-84203cd7e890-c000.snappy.parquet.crc', '_SUCCESS', 'part-00000-1d2d5977-e464-44e3-941a-84203cd7e890-c000.snappy.parquet', '._SUCCESS.crc']
[2025-02-21T09:53:52.433+0000] {spark_submit.py:641} INFO - Extract data berhasil.
[2025-02-21T09:53:53.078+0000] {taskinstance.py:341} INFO - ::group::Post task execution logs
[2025-02-21T09:53:53.081+0000] {taskinstance.py:353} INFO - Marking task as SUCCESS. dag_id=***_v2_etl_dag, task_id=extract_task, run_id=manual__2025-02-21T09:53:37.982146+00:00, execution_date=20250221T095337, start_date=20250221T095340, end_date=20250221T095353
[2025-02-21T09:53:53.151+0000] {local_task_job_runner.py:266} INFO - Task exited with return code 0
[2025-02-21T09:53:53.181+0000] {taskinstance.py:3901} INFO - 1 downstream tasks scheduled from follow-on schedule check
[2025-02-21T09:53:53.186+0000] {local_task_job_runner.py:245} INFO - ::endgroup::
