[2025-02-21T09:54:08.791+0000] {local_task_job_runner.py:123} INFO - ::group::Pre task execution logs
[2025-02-21T09:54:08.815+0000] {taskinstance.py:2614} INFO - Dependencies all met for dep_context=non-requeueable deps ti=<TaskInstance: finprode8_v2_etl_dag.load_task manual__2025-02-21T09:53:37.982146+00:00 [queued]>
[2025-02-21T09:54:08.826+0000] {taskinstance.py:2614} INFO - Dependencies all met for dep_context=requeueable deps ti=<TaskInstance: finprode8_v2_etl_dag.load_task manual__2025-02-21T09:53:37.982146+00:00 [queued]>
[2025-02-21T09:54:08.828+0000] {taskinstance.py:2867} INFO - Starting attempt 1 of 1
[2025-02-21T09:54:08.842+0000] {taskinstance.py:2890} INFO - Executing <Task(SparkSubmitOperator): load_task> on 2025-02-21 09:53:37.982146+00:00
[2025-02-21T09:54:08.849+0000] {standard_task_runner.py:72} INFO - Started process 10121 to run task
[2025-02-21T09:54:08.852+0000] {standard_task_runner.py:104} INFO - Running: ['airflow', 'tasks', 'run', '***_v2_etl_dag', 'load_task', 'manual__2025-02-21T09:53:37.982146+00:00', '--job-id', '165', '--raw', '--subdir', 'DAGS_FOLDER/***_v2_etl_dag.py', '--cfg-path', '/tmp/tmpszdzxckd']
[2025-02-21T09:54:08.856+0000] {standard_task_runner.py:105} INFO - Job 165: Subtask load_task
[2025-02-21T09:54:08.874+0000] {logging_mixin.py:190} WARNING - /home/airflow/.local/lib/python3.9/site-packages/airflow/settings.py:209 DeprecationWarning: The sql_alchemy_conn option in [core] has been moved to the sql_alchemy_conn option in [database] - the old setting has been used, but please update your config.
[2025-02-21T09:54:08.911+0000] {task_command.py:467} INFO - Running <TaskInstance: finprode8_v2_etl_dag.load_task manual__2025-02-21T09:53:37.982146+00:00 [running]> on host ***-airflow-scheduler
[2025-02-21T09:54:09.013+0000] {taskinstance.py:3134} INFO - Exporting env vars: AIRFLOW_CTX_DAG_OWNER='ratih malini' AIRFLOW_CTX_DAG_ID='***_v2_etl_dag' AIRFLOW_CTX_TASK_ID='load_task' AIRFLOW_CTX_EXECUTION_DATE='2025-02-21T09:53:37.982146+00:00' AIRFLOW_CTX_TRY_NUMBER='1' AIRFLOW_CTX_DAG_RUN_ID='manual__2025-02-21T09:53:37.982146+00:00'
[2025-02-21T09:54:09.015+0000] {taskinstance.py:732} INFO - ::endgroup::
[2025-02-21T09:54:09.042+0000] {base.py:84} INFO - Retrieving connection 'spark_main'
[2025-02-21T09:54:09.045+0000] {spark_submit.py:474} INFO - Spark-Submit cmd: spark-submit --master spark://***-spark-master:7077 --packages org.postgresql:postgresql:42.2.18 --name arrow-spark /spark-scripts/***_v2_load.py
[2025-02-21T09:54:10.755+0000] {spark_submit.py:641} INFO - :: loading settings :: url = jar:file:/home/airflow/.local/lib/python3.9/site-packages/pyspark/jars/ivy-2.5.1.jar!/org/apache/ivy/core/settings/ivysettings.xml
[2025-02-21T09:54:10.878+0000] {spark_submit.py:641} INFO - Ivy Default Cache set to: /home/airflow/.ivy2/cache
[2025-02-21T09:54:10.880+0000] {spark_submit.py:641} INFO - The jars for the packages stored in: /home/airflow/.ivy2/jars
[2025-02-21T09:54:10.886+0000] {spark_submit.py:641} INFO - org.postgresql#postgresql added as a dependency
[2025-02-21T09:54:10.888+0000] {spark_submit.py:641} INFO - :: resolving dependencies :: org.apache.spark#spark-submit-parent-a3be6e02-bc1a-409b-9984-d85878ff0f18;1.0
[2025-02-21T09:54:10.889+0000] {spark_submit.py:641} INFO - confs: [default]
[2025-02-21T09:54:11.049+0000] {spark_submit.py:641} INFO - found org.postgresql#postgresql;42.2.18 in central
[2025-02-21T09:54:11.097+0000] {spark_submit.py:641} INFO - found org.checkerframework#checker-qual;3.5.0 in central
[2025-02-21T09:54:11.123+0000] {spark_submit.py:641} INFO - :: resolution report :: resolve 227ms :: artifacts dl 9ms
[2025-02-21T09:54:11.128+0000] {spark_submit.py:641} INFO - :: modules in use:
[2025-02-21T09:54:11.130+0000] {spark_submit.py:641} INFO - org.checkerframework#checker-qual;3.5.0 from central in [default]
[2025-02-21T09:54:11.131+0000] {spark_submit.py:641} INFO - org.postgresql#postgresql;42.2.18 from central in [default]
[2025-02-21T09:54:11.133+0000] {spark_submit.py:641} INFO - ---------------------------------------------------------------------
[2025-02-21T09:54:11.134+0000] {spark_submit.py:641} INFO - |                  |            modules            ||   artifacts   |
[2025-02-21T09:54:11.136+0000] {spark_submit.py:641} INFO - |       conf       | number| search|dwnlded|evicted|| number|dwnlded|
[2025-02-21T09:54:11.141+0000] {spark_submit.py:641} INFO - ---------------------------------------------------------------------
[2025-02-21T09:54:11.143+0000] {spark_submit.py:641} INFO - |      default     |   2   |   0   |   0   |   0   ||   2   |   0   |
[2025-02-21T09:54:11.144+0000] {spark_submit.py:641} INFO - ---------------------------------------------------------------------
[2025-02-21T09:54:11.147+0000] {spark_submit.py:641} INFO - :: retrieving :: org.apache.spark#spark-submit-parent-a3be6e02-bc1a-409b-9984-d85878ff0f18
[2025-02-21T09:54:11.150+0000] {spark_submit.py:641} INFO - confs: [default]
[2025-02-21T09:54:11.151+0000] {spark_submit.py:641} INFO - 0 artifacts copied, 2 already retrieved (0kB/6ms)
[2025-02-21T09:54:11.581+0000] {spark_submit.py:641} INFO - 25/02/21 09:54:11 WARN NativeCodeLoader: Unable to load native-hadoop library for your platform... using builtin-java classes where applicable
[2025-02-21T09:54:12.859+0000] {spark_submit.py:641} INFO - 25/02/21 09:54:12 INFO SparkContext: Running Spark version 3.3.2
[2025-02-21T09:54:12.889+0000] {spark_submit.py:641} INFO - 25/02/21 09:54:12 INFO ResourceUtils: ==============================================================
[2025-02-21T09:54:12.891+0000] {spark_submit.py:641} INFO - 25/02/21 09:54:12 INFO ResourceUtils: No custom resources configured for spark.driver.
[2025-02-21T09:54:12.892+0000] {spark_submit.py:641} INFO - 25/02/21 09:54:12 INFO ResourceUtils: ==============================================================
[2025-02-21T09:54:12.894+0000] {spark_submit.py:641} INFO - 25/02/21 09:54:12 INFO SparkContext: Submitted application: ***_transform
[2025-02-21T09:54:12.925+0000] {spark_submit.py:641} INFO - 25/02/21 09:54:12 INFO ResourceProfile: Default ResourceProfile created, executor resources: Map(cores -> name: cores, amount: 1, script: , vendor: , memory -> name: memory, amount: 1024, script: , vendor: , offHeap -> name: offHeap, amount: 0, script: , vendor: ), task resources: Map(cpus -> name: cpus, amount: 1.0)
[2025-02-21T09:54:12.934+0000] {spark_submit.py:641} INFO - 25/02/21 09:54:12 INFO ResourceProfile: Limiting resource is cpu
[2025-02-21T09:54:12.937+0000] {spark_submit.py:641} INFO - 25/02/21 09:54:12 INFO ResourceProfileManager: Added ResourceProfile id: 0
[2025-02-21T09:54:13.022+0000] {spark_submit.py:641} INFO - 25/02/21 09:54:13 INFO SecurityManager: Changing view acls to: airflow
[2025-02-21T09:54:13.024+0000] {spark_submit.py:641} INFO - 25/02/21 09:54:13 INFO SecurityManager: Changing modify acls to: airflow
[2025-02-21T09:54:13.026+0000] {spark_submit.py:641} INFO - 25/02/21 09:54:13 INFO SecurityManager: Changing view acls groups to:
[2025-02-21T09:54:13.027+0000] {spark_submit.py:641} INFO - 25/02/21 09:54:13 INFO SecurityManager: Changing modify acls groups to:
[2025-02-21T09:54:13.028+0000] {spark_submit.py:641} INFO - 25/02/21 09:54:13 INFO SecurityManager: SecurityManager: authentication disabled; ui acls disabled; users  with view permissions: Set(airflow); groups with view permissions: Set(); users  with modify permissions: Set(airflow); groups with modify permissions: Set()
[2025-02-21T09:54:13.361+0000] {spark_submit.py:641} INFO - 25/02/21 09:54:13 INFO Utils: Successfully started service 'sparkDriver' on port 45631.
[2025-02-21T09:54:13.403+0000] {spark_submit.py:641} INFO - 25/02/21 09:54:13 INFO SparkEnv: Registering MapOutputTracker
[2025-02-21T09:54:13.448+0000] {spark_submit.py:641} INFO - 25/02/21 09:54:13 INFO SparkEnv: Registering BlockManagerMaster
[2025-02-21T09:54:13.474+0000] {spark_submit.py:641} INFO - 25/02/21 09:54:13 INFO BlockManagerMasterEndpoint: Using org.apache.spark.storage.DefaultTopologyMapper for getting topology information
[2025-02-21T09:54:13.475+0000] {spark_submit.py:641} INFO - 25/02/21 09:54:13 INFO BlockManagerMasterEndpoint: BlockManagerMasterEndpoint up
[2025-02-21T09:54:13.483+0000] {spark_submit.py:641} INFO - 25/02/21 09:54:13 INFO SparkEnv: Registering BlockManagerMasterHeartbeat
[2025-02-21T09:54:13.507+0000] {spark_submit.py:641} INFO - 25/02/21 09:54:13 INFO DiskBlockManager: Created local directory at /tmp/blockmgr-58eced41-1251-47ac-904e-609a9ad7d2ba
[2025-02-21T09:54:13.526+0000] {spark_submit.py:641} INFO - 25/02/21 09:54:13 INFO MemoryStore: MemoryStore started with capacity 434.4 MiB
[2025-02-21T09:54:13.545+0000] {spark_submit.py:641} INFO - 25/02/21 09:54:13 INFO SparkEnv: Registering OutputCommitCoordinator
[2025-02-21T09:54:13.854+0000] {spark_submit.py:641} INFO - 25/02/21 09:54:13 INFO Utils: Successfully started service 'SparkUI' on port 4040.
[2025-02-21T09:54:13.916+0000] {spark_submit.py:641} INFO - 25/02/21 09:54:13 INFO SparkContext: Added JAR /spark-scripts/jars/postgresql-42.2.18.jar at spark://***-airflow-scheduler:45631/jars/postgresql-42.2.18.jar with timestamp 1740131652848
[2025-02-21T09:54:13.919+0000] {spark_submit.py:641} INFO - 25/02/21 09:54:13 INFO SparkContext: Added file file:///home/airflow/.ivy2/jars/org.postgresql_postgresql-42.2.18.jar at file:///home/airflow/.ivy2/jars/org.postgresql_postgresql-42.2.18.jar with timestamp 1740131652848
[2025-02-21T09:54:13.922+0000] {spark_submit.py:641} INFO - 25/02/21 09:54:13 INFO Utils: Copying /home/airflow/.ivy2/jars/org.postgresql_postgresql-42.2.18.jar to /tmp/spark-ef191d86-d6de-4adb-b6b4-99e3bccbd4aa/userFiles-ebbbefba-5ff7-4180-9315-50eb2408605b/org.postgresql_postgresql-42.2.18.jar
[2025-02-21T09:54:13.941+0000] {spark_submit.py:641} INFO - 25/02/21 09:54:13 INFO SparkContext: Added file file:///home/airflow/.ivy2/jars/org.checkerframework_checker-qual-3.5.0.jar at file:///home/airflow/.ivy2/jars/org.checkerframework_checker-qual-3.5.0.jar with timestamp 1740131652848
[2025-02-21T09:54:13.943+0000] {spark_submit.py:641} INFO - 25/02/21 09:54:13 INFO Utils: Copying /home/airflow/.ivy2/jars/org.checkerframework_checker-qual-3.5.0.jar to /tmp/spark-ef191d86-d6de-4adb-b6b4-99e3bccbd4aa/userFiles-ebbbefba-5ff7-4180-9315-50eb2408605b/org.checkerframework_checker-qual-3.5.0.jar
[2025-02-21T09:54:14.030+0000] {spark_submit.py:641} INFO - 25/02/21 09:54:14 INFO Executor: Starting executor ID driver on host ***-airflow-scheduler
[2025-02-21T09:54:14.037+0000] {spark_submit.py:641} INFO - 25/02/21 09:54:14 INFO Executor: Starting executor with user classpath (userClassPathFirst = false): ''
[2025-02-21T09:54:14.050+0000] {spark_submit.py:641} INFO - 25/02/21 09:54:14 INFO Executor: Fetching file:///home/airflow/.ivy2/jars/org.postgresql_postgresql-42.2.18.jar with timestamp 1740131652848
[2025-02-21T09:54:14.079+0000] {spark_submit.py:641} INFO - 25/02/21 09:54:14 INFO Utils: /home/airflow/.ivy2/jars/org.postgresql_postgresql-42.2.18.jar has been previously copied to /tmp/spark-ef191d86-d6de-4adb-b6b4-99e3bccbd4aa/userFiles-ebbbefba-5ff7-4180-9315-50eb2408605b/org.postgresql_postgresql-42.2.18.jar
[2025-02-21T09:54:14.084+0000] {spark_submit.py:641} INFO - 25/02/21 09:54:14 INFO Executor: Fetching file:///home/airflow/.ivy2/jars/org.checkerframework_checker-qual-3.5.0.jar with timestamp 1740131652848
[2025-02-21T09:54:14.086+0000] {spark_submit.py:641} INFO - 25/02/21 09:54:14 INFO Utils: /home/airflow/.ivy2/jars/org.checkerframework_checker-qual-3.5.0.jar has been previously copied to /tmp/spark-ef191d86-d6de-4adb-b6b4-99e3bccbd4aa/userFiles-ebbbefba-5ff7-4180-9315-50eb2408605b/org.checkerframework_checker-qual-3.5.0.jar
[2025-02-21T09:54:14.101+0000] {spark_submit.py:641} INFO - 25/02/21 09:54:14 INFO Executor: Fetching spark://***-airflow-scheduler:45631/jars/postgresql-42.2.18.jar with timestamp 1740131652848
[2025-02-21T09:54:14.152+0000] {spark_submit.py:641} INFO - 25/02/21 09:54:14 INFO TransportClientFactory: Successfully created connection to ***-airflow-scheduler/172.19.0.6:45631 after 31 ms (0 ms spent in bootstraps)
[2025-02-21T09:54:14.166+0000] {spark_submit.py:641} INFO - 25/02/21 09:54:14 INFO Utils: Fetching spark://***-airflow-scheduler:45631/jars/postgresql-42.2.18.jar to /tmp/spark-ef191d86-d6de-4adb-b6b4-99e3bccbd4aa/userFiles-ebbbefba-5ff7-4180-9315-50eb2408605b/fetchFileTemp14210223063804577199.tmp
[2025-02-21T09:54:14.255+0000] {spark_submit.py:641} INFO - 25/02/21 09:54:14 INFO Executor: Adding file:/tmp/spark-ef191d86-d6de-4adb-b6b4-99e3bccbd4aa/userFiles-ebbbefba-5ff7-4180-9315-50eb2408605b/postgresql-42.2.18.jar to class loader
[2025-02-21T09:54:14.287+0000] {spark_submit.py:641} INFO - 25/02/21 09:54:14 INFO Utils: Successfully started service 'org.apache.spark.network.netty.NettyBlockTransferService' on port 38421.
[2025-02-21T09:54:14.291+0000] {spark_submit.py:641} INFO - 25/02/21 09:54:14 INFO NettyBlockTransferService: Server created on ***-airflow-scheduler:38421
[2025-02-21T09:54:14.296+0000] {spark_submit.py:641} INFO - 25/02/21 09:54:14 INFO BlockManager: Using org.apache.spark.storage.RandomBlockReplicationPolicy for block replication policy
[2025-02-21T09:54:14.311+0000] {spark_submit.py:641} INFO - 25/02/21 09:54:14 INFO BlockManagerMaster: Registering BlockManager BlockManagerId(driver, ***-airflow-scheduler, 38421, None)
[2025-02-21T09:54:14.323+0000] {spark_submit.py:641} INFO - 25/02/21 09:54:14 INFO BlockManagerMasterEndpoint: Registering block manager ***-airflow-scheduler:38421 with 434.4 MiB RAM, BlockManagerId(driver, ***-airflow-scheduler, 38421, None)
[2025-02-21T09:54:14.330+0000] {spark_submit.py:641} INFO - 25/02/21 09:54:14 INFO BlockManagerMaster: Registered BlockManager BlockManagerId(driver, ***-airflow-scheduler, 38421, None)
[2025-02-21T09:54:14.332+0000] {spark_submit.py:641} INFO - 25/02/21 09:54:14 INFO BlockManager: Initialized BlockManager: BlockManagerId(driver, ***-airflow-scheduler, 38421, None)
[2025-02-21T09:54:20.330+0000] {spark_submit.py:641} INFO - ---------------- MENAMPILKAN DATA HASIL LOAD KE POSTGRES ----------------
[2025-02-21T09:54:21.227+0000] {spark_submit.py:641} INFO - +-----------+-----------------+---------+---------------+------+-------------------+---------------+---+--------------------+-----------------+---------------------+----------+------------------+
[2025-02-21T09:54:21.229+0000] {spark_submit.py:641} INFO - |employee_id|       department|   region|      education|gender|recruitment_channel|no_of_trainings|age|previous_year_rating|length_of_service|KPIs_met_more_than_80|awards_won|avg_training_score|
[2025-02-21T09:54:21.231+0000] {spark_submit.py:641} INFO - +-----------+-----------------+---------+---------------+------+-------------------+---------------+---+--------------------+-----------------+---------------------+----------+------------------+
[2025-02-21T09:54:21.232+0000] {spark_submit.py:641} INFO - |          3|      Procurement|region_22|Masters & above|     f|              other|              1| 38|                   5|                4|                    1|         0|                67|
[2025-02-21T09:54:21.234+0000] {spark_submit.py:641} INFO - |          6|Sales & Marketing|region_15|      Bachelors|     f|              other|              1| 38|                   3|               10|                    0|         0|                50|
[2025-02-21T09:54:21.235+0000] {spark_submit.py:641} INFO - |         11|       Technology| region_4|Masters & above|     f|           sourcing|              1| 39|                   4|               12|                    1|         0|                72|
[2025-02-21T09:54:21.236+0000] {spark_submit.py:641} INFO - |         13|Sales & Marketing|region_17|      Bachelors|     m|              other|              1| 38|                   1|                5|                    1|         0|                47|
[2025-02-21T09:54:21.237+0000] {spark_submit.py:641} INFO - |         16|Sales & Marketing| region_4|Masters & above|     m|           sourcing|              1| 40|                   5|                5|                    0|         0|                53|
[2025-02-21T09:54:21.241+0000] {spark_submit.py:641} INFO - |         17|Sales & Marketing| region_7|      Bachelors|     m|           sourcing|              1| 50|                   5|               13|                    0|         0|                47|
[2025-02-21T09:54:21.243+0000] {spark_submit.py:641} INFO - |         19|               HR| region_2|Masters & above|     f|              other|              1| 50|                   4|                7|                    1|         0|                45|
[2025-02-21T09:54:21.245+0000] {spark_submit.py:641} INFO - |         20|        Analytics|region_21|      Bachelors|     m|           sourcing|              1| 27|                   0|                1|                    1|         0|                89|
[2025-02-21T09:54:21.246+0000] {spark_submit.py:641} INFO - |         21|        Analytics| region_8|      Bachelors|     m|           sourcing|              2| 28|                   2|                3|                    1|         0|                85|
[2025-02-21T09:54:21.248+0000] {spark_submit.py:641} INFO - |         22|       Technology| region_2|Masters & above|     f|              other|              1| 57|                   4|               18|                    1|         0|                77|
[2025-02-21T09:54:21.249+0000] {spark_submit.py:641} INFO - |         23|Sales & Marketing|region_16|      Bachelors|     f|           sourcing|              1| 42|                   1|                3|                    0|         0|                46|
[2025-02-21T09:54:21.250+0000] {spark_submit.py:641} INFO - |         24|               HR|region_28|Masters & above|     f|              other|              1| 32|                   1|                5|                    1|         0|                51|
[2025-02-21T09:54:21.251+0000] {spark_submit.py:641} INFO - |         27|Sales & Marketing|region_16|      Bachelors|     m|           sourcing|              1| 29|                   2|                6|                    0|         0|                51|
[2025-02-21T09:54:21.253+0000] {spark_submit.py:641} INFO - |         29|        Analytics| region_7|      Bachelors|     m|              other|              1| 28|                   0|                1|                    1|         0|                85|
[2025-02-21T09:54:21.255+0000] {spark_submit.py:641} INFO - |         31|Sales & Marketing|region_15|      Bachelors|     f|              other|              1| 29|                   3|                5|                    1|         0|                49|
[2025-02-21T09:54:21.258+0000] {spark_submit.py:641} INFO - |         40|       Operations| region_7|Masters & above|     f|              other|              1| 34|                   1|                4|                    0|         0|                65|
[2025-02-21T09:54:21.259+0000] {spark_submit.py:641} INFO - |         50|Sales & Marketing|region_19|      Bachelors|     m|              other|              1| 32|                   1|                3|                    0|         0|                48|
[2025-02-21T09:54:21.260+0000] {spark_submit.py:641} INFO - |         55|       Operations|region_19|Masters & above|     f|           sourcing|              1| 33|                   5|                3|                    0|         0|                61|
[2025-02-21T09:54:21.262+0000] {spark_submit.py:641} INFO - |         63|Sales & Marketing| region_8|Masters & above|     m|           sourcing|              1| 35|                   5|                8|                    0|         0|                52|
[2025-02-21T09:54:21.264+0000] {spark_submit.py:641} INFO - |         64|        Analytics| region_4|      Bachelors|     m|              other|              1| 42|                   5|               11|                    1|         0|                80|
[2025-02-21T09:54:21.265+0000] {spark_submit.py:641} INFO - +-----------+-----------------+---------+---------------+------+-------------------+---------------+---+--------------------+-----------------+---------------------+----------+------------------+
[2025-02-21T09:54:21.266+0000] {spark_submit.py:641} INFO - only showing top 20 rows
[2025-02-21T09:54:21.267+0000] {spark_submit.py:641} INFO - 
[2025-02-21T09:54:21.741+0000] {spark_submit.py:641} INFO - Jumlah baris dalam DataFrame: 17415
[2025-02-21T09:54:21.742+0000] {spark_submit.py:641} INFO - Load data berhasil.
[2025-02-21T09:54:21.969+0000] {taskinstance.py:341} INFO - ::group::Post task execution logs
[2025-02-21T09:54:21.971+0000] {taskinstance.py:353} INFO - Marking task as SUCCESS. dag_id=***_v2_etl_dag, task_id=load_task, run_id=manual__2025-02-21T09:53:37.982146+00:00, execution_date=20250221T095337, start_date=20250221T095408, end_date=20250221T095421
[2025-02-21T09:54:22.053+0000] {local_task_job_runner.py:266} INFO - Task exited with return code 0
[2025-02-21T09:54:22.074+0000] {taskinstance.py:3901} INFO - 0 downstream tasks scheduled from follow-on schedule check
[2025-02-21T09:54:22.077+0000] {local_task_job_runner.py:245} INFO - ::endgroup::
