[2025-02-21T10:37:03.031+0000] {local_task_job_runner.py:123} INFO - ::group::Pre task execution logs
[2025-02-21T10:37:03.060+0000] {taskinstance.py:2614} INFO - Dependencies all met for dep_context=non-requeueable deps ti=<TaskInstance: finprode8_v2_etl_dag.load_task manual__2025-02-21T09:53:37.982146+00:00 [queued]>
[2025-02-21T10:37:03.073+0000] {taskinstance.py:2614} INFO - Dependencies all met for dep_context=requeueable deps ti=<TaskInstance: finprode8_v2_etl_dag.load_task manual__2025-02-21T09:53:37.982146+00:00 [queued]>
[2025-02-21T10:37:03.076+0000] {taskinstance.py:2867} INFO - Starting attempt 9 of 9
[2025-02-21T10:37:03.094+0000] {taskinstance.py:2890} INFO - Executing <Task(SparkSubmitOperator): load_task> on 2025-02-21 09:53:37.982146+00:00
[2025-02-21T10:37:03.100+0000] {standard_task_runner.py:72} INFO - Started process 16295 to run task
[2025-02-21T10:37:03.104+0000] {standard_task_runner.py:104} INFO - Running: ['airflow', 'tasks', 'run', '***_v2_etl_dag', 'load_task', 'manual__2025-02-21T09:53:37.982146+00:00', '--job-id', '190', '--raw', '--subdir', 'DAGS_FOLDER/***_v2_etl_dag.py', '--cfg-path', '/tmp/tmpjw7v3wth']
[2025-02-21T10:37:03.109+0000] {standard_task_runner.py:105} INFO - Job 190: Subtask load_task
[2025-02-21T10:37:03.132+0000] {logging_mixin.py:190} WARNING - /home/airflow/.local/lib/python3.9/site-packages/airflow/settings.py:209 DeprecationWarning: The sql_alchemy_conn option in [core] has been moved to the sql_alchemy_conn option in [database] - the old setting has been used, but please update your config.
[2025-02-21T10:37:03.182+0000] {task_command.py:467} INFO - Running <TaskInstance: finprode8_v2_etl_dag.load_task manual__2025-02-21T09:53:37.982146+00:00 [running]> on host ***-airflow-scheduler
[2025-02-21T10:37:03.286+0000] {taskinstance.py:3134} INFO - Exporting env vars: AIRFLOW_CTX_DAG_OWNER='ratih malini' AIRFLOW_CTX_DAG_ID='***_v2_etl_dag' AIRFLOW_CTX_TASK_ID='load_task' AIRFLOW_CTX_EXECUTION_DATE='2025-02-21T09:53:37.982146+00:00' AIRFLOW_CTX_TRY_NUMBER='9' AIRFLOW_CTX_DAG_RUN_ID='manual__2025-02-21T09:53:37.982146+00:00'
[2025-02-21T10:37:03.289+0000] {taskinstance.py:732} INFO - ::endgroup::
[2025-02-21T10:37:03.337+0000] {base.py:84} INFO - Retrieving connection 'spark_main'
[2025-02-21T10:37:03.340+0000] {spark_submit.py:474} INFO - Spark-Submit cmd: spark-submit --master spark://***-spark-master:7077 --packages org.postgresql:postgresql:42.2.18 --name arrow-spark /spark-scripts/***_v2_load.py
[2025-02-21T10:37:05.015+0000] {spark_submit.py:641} INFO - :: loading settings :: url = jar:file:/home/airflow/.local/lib/python3.9/site-packages/pyspark/jars/ivy-2.5.1.jar!/org/apache/ivy/core/settings/ivysettings.xml
[2025-02-21T10:37:05.107+0000] {spark_submit.py:641} INFO - Ivy Default Cache set to: /home/airflow/.ivy2/cache
[2025-02-21T10:37:05.109+0000] {spark_submit.py:641} INFO - The jars for the packages stored in: /home/airflow/.ivy2/jars
[2025-02-21T10:37:05.113+0000] {spark_submit.py:641} INFO - org.postgresql#postgresql added as a dependency
[2025-02-21T10:37:05.115+0000] {spark_submit.py:641} INFO - :: resolving dependencies :: org.apache.spark#spark-submit-parent-8bf525f7-bced-4ad4-8efe-1778ef8c0761;1.0
[2025-02-21T10:37:05.116+0000] {spark_submit.py:641} INFO - confs: [default]
[2025-02-21T10:37:05.230+0000] {spark_submit.py:641} INFO - found org.postgresql#postgresql;42.2.18 in central
[2025-02-21T10:37:05.256+0000] {spark_submit.py:641} INFO - found org.checkerframework#checker-qual;3.5.0 in central
[2025-02-21T10:37:05.274+0000] {spark_submit.py:641} INFO - :: resolution report :: resolve 153ms :: artifacts dl 6ms
[2025-02-21T10:37:05.276+0000] {spark_submit.py:641} INFO - :: modules in use:
[2025-02-21T10:37:05.277+0000] {spark_submit.py:641} INFO - org.checkerframework#checker-qual;3.5.0 from central in [default]
[2025-02-21T10:37:05.279+0000] {spark_submit.py:641} INFO - org.postgresql#postgresql;42.2.18 from central in [default]
[2025-02-21T10:37:05.281+0000] {spark_submit.py:641} INFO - ---------------------------------------------------------------------
[2025-02-21T10:37:05.282+0000] {spark_submit.py:641} INFO - |                  |            modules            ||   artifacts   |
[2025-02-21T10:37:05.283+0000] {spark_submit.py:641} INFO - |       conf       | number| search|dwnlded|evicted|| number|dwnlded|
[2025-02-21T10:37:05.285+0000] {spark_submit.py:641} INFO - ---------------------------------------------------------------------
[2025-02-21T10:37:05.287+0000] {spark_submit.py:641} INFO - |      default     |   2   |   0   |   0   |   0   ||   2   |   0   |
[2025-02-21T10:37:05.288+0000] {spark_submit.py:641} INFO - ---------------------------------------------------------------------
[2025-02-21T10:37:05.290+0000] {spark_submit.py:641} INFO - :: retrieving :: org.apache.spark#spark-submit-parent-8bf525f7-bced-4ad4-8efe-1778ef8c0761
[2025-02-21T10:37:05.292+0000] {spark_submit.py:641} INFO - confs: [default]
[2025-02-21T10:37:05.293+0000] {spark_submit.py:641} INFO - 0 artifacts copied, 2 already retrieved (0kB/5ms)
[2025-02-21T10:37:05.525+0000] {spark_submit.py:641} INFO - 25/02/21 10:37:05 WARN NativeCodeLoader: Unable to load native-hadoop library for your platform... using builtin-java classes where applicable
[2025-02-21T10:37:06.580+0000] {spark_submit.py:641} INFO - 25/02/21 10:37:06 INFO SparkContext: Running Spark version 3.3.2
[2025-02-21T10:37:06.621+0000] {spark_submit.py:641} INFO - 25/02/21 10:37:06 INFO ResourceUtils: ==============================================================
[2025-02-21T10:37:06.624+0000] {spark_submit.py:641} INFO - 25/02/21 10:37:06 INFO ResourceUtils: No custom resources configured for spark.driver.
[2025-02-21T10:37:06.626+0000] {spark_submit.py:641} INFO - 25/02/21 10:37:06 INFO ResourceUtils: ==============================================================
[2025-02-21T10:37:06.627+0000] {spark_submit.py:641} INFO - 25/02/21 10:37:06 INFO SparkContext: Submitted application: ***_transform
[2025-02-21T10:37:06.665+0000] {spark_submit.py:641} INFO - 25/02/21 10:37:06 INFO ResourceProfile: Default ResourceProfile created, executor resources: Map(cores -> name: cores, amount: 1, script: , vendor: , memory -> name: memory, amount: 1024, script: , vendor: , offHeap -> name: offHeap, amount: 0, script: , vendor: ), task resources: Map(cpus -> name: cpus, amount: 1.0)
[2025-02-21T10:37:06.677+0000] {spark_submit.py:641} INFO - 25/02/21 10:37:06 INFO ResourceProfile: Limiting resource is cpu
[2025-02-21T10:37:06.679+0000] {spark_submit.py:641} INFO - 25/02/21 10:37:06 INFO ResourceProfileManager: Added ResourceProfile id: 0
[2025-02-21T10:37:06.727+0000] {spark_submit.py:641} INFO - 25/02/21 10:37:06 INFO SecurityManager: Changing view acls to: airflow
[2025-02-21T10:37:06.729+0000] {spark_submit.py:641} INFO - 25/02/21 10:37:06 INFO SecurityManager: Changing modify acls to: airflow
[2025-02-21T10:37:06.731+0000] {spark_submit.py:641} INFO - 25/02/21 10:37:06 INFO SecurityManager: Changing view acls groups to:
[2025-02-21T10:37:06.733+0000] {spark_submit.py:641} INFO - 25/02/21 10:37:06 INFO SecurityManager: Changing modify acls groups to:
[2025-02-21T10:37:06.735+0000] {spark_submit.py:641} INFO - 25/02/21 10:37:06 INFO SecurityManager: SecurityManager: authentication disabled; ui acls disabled; users  with view permissions: Set(airflow); groups with view permissions: Set(); users  with modify permissions: Set(airflow); groups with modify permissions: Set()
[2025-02-21T10:37:07.005+0000] {spark_submit.py:641} INFO - 25/02/21 10:37:07 INFO Utils: Successfully started service 'sparkDriver' on port 45071.
[2025-02-21T10:37:07.036+0000] {spark_submit.py:641} INFO - 25/02/21 10:37:07 INFO SparkEnv: Registering MapOutputTracker
[2025-02-21T10:37:07.075+0000] {spark_submit.py:641} INFO - 25/02/21 10:37:07 INFO SparkEnv: Registering BlockManagerMaster
[2025-02-21T10:37:07.094+0000] {spark_submit.py:641} INFO - 25/02/21 10:37:07 INFO BlockManagerMasterEndpoint: Using org.apache.spark.storage.DefaultTopologyMapper for getting topology information
[2025-02-21T10:37:07.096+0000] {spark_submit.py:641} INFO - 25/02/21 10:37:07 INFO BlockManagerMasterEndpoint: BlockManagerMasterEndpoint up
[2025-02-21T10:37:07.107+0000] {spark_submit.py:641} INFO - 25/02/21 10:37:07 INFO SparkEnv: Registering BlockManagerMasterHeartbeat
[2025-02-21T10:37:07.132+0000] {spark_submit.py:641} INFO - 25/02/21 10:37:07 INFO DiskBlockManager: Created local directory at /tmp/blockmgr-9bc121bc-816e-4153-a8cd-b7b68b4723ab
[2025-02-21T10:37:07.149+0000] {spark_submit.py:641} INFO - 25/02/21 10:37:07 INFO MemoryStore: MemoryStore started with capacity 434.4 MiB
[2025-02-21T10:37:07.166+0000] {spark_submit.py:641} INFO - 25/02/21 10:37:07 INFO SparkEnv: Registering OutputCommitCoordinator
[2025-02-21T10:37:07.360+0000] {spark_submit.py:641} INFO - 25/02/21 10:37:07 INFO Utils: Successfully started service 'SparkUI' on port 4040.
[2025-02-21T10:37:07.409+0000] {spark_submit.py:641} INFO - 25/02/21 10:37:07 INFO SparkContext: Added JAR /spark-scripts/jars/postgresql-42.2.18.jar at spark://***-airflow-scheduler:45071/jars/postgresql-42.2.18.jar with timestamp 1740134226572
[2025-02-21T10:37:07.411+0000] {spark_submit.py:641} INFO - 25/02/21 10:37:07 INFO SparkContext: Added file file:///home/airflow/.ivy2/jars/org.postgresql_postgresql-42.2.18.jar at file:///home/airflow/.ivy2/jars/org.postgresql_postgresql-42.2.18.jar with timestamp 1740134226572
[2025-02-21T10:37:07.413+0000] {spark_submit.py:641} INFO - 25/02/21 10:37:07 INFO Utils: Copying /home/airflow/.ivy2/jars/org.postgresql_postgresql-42.2.18.jar to /tmp/spark-36fc2506-fa0c-45f8-9000-8e58c83a9d4b/userFiles-ae172ee2-37ba-4055-828d-f11440001a7f/org.postgresql_postgresql-42.2.18.jar
[2025-02-21T10:37:07.434+0000] {spark_submit.py:641} INFO - 25/02/21 10:37:07 INFO SparkContext: Added file file:///home/airflow/.ivy2/jars/org.checkerframework_checker-qual-3.5.0.jar at file:///home/airflow/.ivy2/jars/org.checkerframework_checker-qual-3.5.0.jar with timestamp 1740134226572
[2025-02-21T10:37:07.437+0000] {spark_submit.py:641} INFO - 25/02/21 10:37:07 INFO Utils: Copying /home/airflow/.ivy2/jars/org.checkerframework_checker-qual-3.5.0.jar to /tmp/spark-36fc2506-fa0c-45f8-9000-8e58c83a9d4b/userFiles-ae172ee2-37ba-4055-828d-f11440001a7f/org.checkerframework_checker-qual-3.5.0.jar
[2025-02-21T10:37:07.511+0000] {spark_submit.py:641} INFO - 25/02/21 10:37:07 INFO Executor: Starting executor ID driver on host ***-airflow-scheduler
[2025-02-21T10:37:07.520+0000] {spark_submit.py:641} INFO - 25/02/21 10:37:07 INFO Executor: Starting executor with user classpath (userClassPathFirst = false): ''
[2025-02-21T10:37:07.535+0000] {spark_submit.py:641} INFO - 25/02/21 10:37:07 INFO Executor: Fetching file:///home/airflow/.ivy2/jars/org.postgresql_postgresql-42.2.18.jar with timestamp 1740134226572
[2025-02-21T10:37:07.563+0000] {spark_submit.py:641} INFO - 25/02/21 10:37:07 INFO Utils: /home/airflow/.ivy2/jars/org.postgresql_postgresql-42.2.18.jar has been previously copied to /tmp/spark-36fc2506-fa0c-45f8-9000-8e58c83a9d4b/userFiles-ae172ee2-37ba-4055-828d-f11440001a7f/org.postgresql_postgresql-42.2.18.jar
[2025-02-21T10:37:07.576+0000] {spark_submit.py:641} INFO - 25/02/21 10:37:07 INFO Executor: Fetching file:///home/airflow/.ivy2/jars/org.checkerframework_checker-qual-3.5.0.jar with timestamp 1740134226572
[2025-02-21T10:37:07.578+0000] {spark_submit.py:641} INFO - 25/02/21 10:37:07 INFO Utils: /home/airflow/.ivy2/jars/org.checkerframework_checker-qual-3.5.0.jar has been previously copied to /tmp/spark-36fc2506-fa0c-45f8-9000-8e58c83a9d4b/userFiles-ae172ee2-37ba-4055-828d-f11440001a7f/org.checkerframework_checker-qual-3.5.0.jar
[2025-02-21T10:37:07.586+0000] {spark_submit.py:641} INFO - 25/02/21 10:37:07 INFO Executor: Fetching spark://***-airflow-scheduler:45071/jars/postgresql-42.2.18.jar with timestamp 1740134226572
[2025-02-21T10:37:07.625+0000] {spark_submit.py:641} INFO - 25/02/21 10:37:07 INFO TransportClientFactory: Successfully created connection to ***-airflow-scheduler/172.19.0.6:45071 after 21 ms (0 ms spent in bootstraps)
[2025-02-21T10:37:07.632+0000] {spark_submit.py:641} INFO - 25/02/21 10:37:07 INFO Utils: Fetching spark://***-airflow-scheduler:45071/jars/postgresql-42.2.18.jar to /tmp/spark-36fc2506-fa0c-45f8-9000-8e58c83a9d4b/userFiles-ae172ee2-37ba-4055-828d-f11440001a7f/fetchFileTemp4240592212539207376.tmp
[2025-02-21T10:37:07.701+0000] {spark_submit.py:641} INFO - 25/02/21 10:37:07 INFO Executor: Adding file:/tmp/spark-36fc2506-fa0c-45f8-9000-8e58c83a9d4b/userFiles-ae172ee2-37ba-4055-828d-f11440001a7f/postgresql-42.2.18.jar to class loader
[2025-02-21T10:37:07.710+0000] {spark_submit.py:641} INFO - 25/02/21 10:37:07 INFO Utils: Successfully started service 'org.apache.spark.network.netty.NettyBlockTransferService' on port 44197.
[2025-02-21T10:37:07.712+0000] {spark_submit.py:641} INFO - 25/02/21 10:37:07 INFO NettyBlockTransferService: Server created on ***-airflow-scheduler:44197
[2025-02-21T10:37:07.713+0000] {spark_submit.py:641} INFO - 25/02/21 10:37:07 INFO BlockManager: Using org.apache.spark.storage.RandomBlockReplicationPolicy for block replication policy
[2025-02-21T10:37:07.720+0000] {spark_submit.py:641} INFO - 25/02/21 10:37:07 INFO BlockManagerMaster: Registering BlockManager BlockManagerId(driver, ***-airflow-scheduler, 44197, None)
[2025-02-21T10:37:07.726+0000] {spark_submit.py:641} INFO - 25/02/21 10:37:07 INFO BlockManagerMasterEndpoint: Registering block manager ***-airflow-scheduler:44197 with 434.4 MiB RAM, BlockManagerId(driver, ***-airflow-scheduler, 44197, None)
[2025-02-21T10:37:07.729+0000] {spark_submit.py:641} INFO - 25/02/21 10:37:07 INFO BlockManagerMaster: Registered BlockManager BlockManagerId(driver, ***-airflow-scheduler, 44197, None)
[2025-02-21T10:37:07.731+0000] {spark_submit.py:641} INFO - 25/02/21 10:37:07 INFO BlockManager: Initialized BlockManager: BlockManagerId(driver, ***-airflow-scheduler, 44197, None)
[2025-02-21T10:37:13.326+0000] {spark_submit.py:641} INFO - ---------------- MENAMPILKAN DATA HASIL LOAD KE POSTGRES ----------------
[2025-02-21T10:37:13.671+0000] {spark_submit.py:641} INFO - +-----------+-----------------+---------+---------------+------+-------------------+---------------+---+--------------------+-----------------+---------------------+----------+------------------+
[2025-02-21T10:37:13.673+0000] {spark_submit.py:641} INFO - |employee_id|       department|   region|      education|gender|recruitment_channel|no_of_trainings|age|previous_year_rating|length_of_service|KPIs_met_more_than_80|awards_won|avg_training_score|
[2025-02-21T10:37:13.675+0000] {spark_submit.py:641} INFO - +-----------+-----------------+---------+---------------+------+-------------------+---------------+---+--------------------+-----------------+---------------------+----------+------------------+
[2025-02-21T10:37:13.676+0000] {spark_submit.py:641} INFO - |          3|      Procurement|region_22|Masters & above|     f|              other|              1| 38|                   5|                4|                    1|         0|                67|
[2025-02-21T10:37:13.677+0000] {spark_submit.py:641} INFO - |          6|Sales & Marketing|region_15|      Bachelors|     f|              other|              1| 38|                   3|               10|                    0|         0|                50|
[2025-02-21T10:37:13.678+0000] {spark_submit.py:641} INFO - |         11|       Technology| region_4|Masters & above|     f|           sourcing|              1| 39|                   4|               12|                    1|         0|                72|
[2025-02-21T10:37:13.679+0000] {spark_submit.py:641} INFO - |         13|Sales & Marketing|region_17|      Bachelors|     m|              other|              1| 38|                   1|                5|                    1|         0|                47|
[2025-02-21T10:37:13.680+0000] {spark_submit.py:641} INFO - |         16|Sales & Marketing| region_4|Masters & above|     m|           sourcing|              1| 40|                   5|                5|                    0|         0|                53|
[2025-02-21T10:37:13.681+0000] {spark_submit.py:641} INFO - |         17|Sales & Marketing| region_7|      Bachelors|     m|           sourcing|              1| 50|                   5|               13|                    0|         0|                47|
[2025-02-21T10:37:13.682+0000] {spark_submit.py:641} INFO - |         19|               HR| region_2|Masters & above|     f|              other|              1| 50|                   4|                7|                    1|         0|                45|
[2025-02-21T10:37:13.683+0000] {spark_submit.py:641} INFO - |         20|        Analytics|region_21|      Bachelors|     m|           sourcing|              1| 27|                   0|                1|                    1|         0|                89|
[2025-02-21T10:37:13.684+0000] {spark_submit.py:641} INFO - |         21|        Analytics| region_8|      Bachelors|     m|           sourcing|              2| 28|                   2|                3|                    1|         0|                85|
[2025-02-21T10:37:13.685+0000] {spark_submit.py:641} INFO - |         22|       Technology| region_2|Masters & above|     f|              other|              1| 57|                   4|               18|                    1|         0|                77|
[2025-02-21T10:37:13.686+0000] {spark_submit.py:641} INFO - |         23|Sales & Marketing|region_16|      Bachelors|     f|           sourcing|              1| 42|                   1|                3|                    0|         0|                46|
[2025-02-21T10:37:13.687+0000] {spark_submit.py:641} INFO - |         24|               HR|region_28|Masters & above|     f|              other|              1| 32|                   1|                5|                    1|         0|                51|
[2025-02-21T10:37:13.688+0000] {spark_submit.py:641} INFO - |         27|Sales & Marketing|region_16|      Bachelors|     m|           sourcing|              1| 29|                   2|                6|                    0|         0|                51|
[2025-02-21T10:37:13.690+0000] {spark_submit.py:641} INFO - |         29|        Analytics| region_7|      Bachelors|     m|              other|              1| 28|                   0|                1|                    1|         0|                85|
[2025-02-21T10:37:13.691+0000] {spark_submit.py:641} INFO - |         31|Sales & Marketing|region_15|      Bachelors|     f|              other|              1| 29|                   3|                5|                    1|         0|                49|
[2025-02-21T10:37:13.693+0000] {spark_submit.py:641} INFO - |         40|       Operations| region_7|Masters & above|     f|              other|              1| 34|                   1|                4|                    0|         0|                65|
[2025-02-21T10:37:13.695+0000] {spark_submit.py:641} INFO - |         50|Sales & Marketing|region_19|      Bachelors|     m|              other|              1| 32|                   1|                3|                    0|         0|                48|
[2025-02-21T10:37:13.696+0000] {spark_submit.py:641} INFO - |         55|       Operations|region_19|Masters & above|     f|           sourcing|              1| 33|                   5|                3|                    0|         0|                61|
[2025-02-21T10:37:13.697+0000] {spark_submit.py:641} INFO - |         63|Sales & Marketing| region_8|Masters & above|     m|           sourcing|              1| 35|                   5|                8|                    0|         0|                52|
[2025-02-21T10:37:13.698+0000] {spark_submit.py:641} INFO - |         64|        Analytics| region_4|      Bachelors|     m|              other|              1| 42|                   5|               11|                    1|         0|                80|
[2025-02-21T10:37:13.699+0000] {spark_submit.py:641} INFO - +-----------+-----------------+---------+---------------+------+-------------------+---------------+---+--------------------+-----------------+---------------------+----------+------------------+
[2025-02-21T10:37:13.700+0000] {spark_submit.py:641} INFO - only showing top 20 rows
[2025-02-21T10:37:13.701+0000] {spark_submit.py:641} INFO - 
[2025-02-21T10:37:14.096+0000] {spark_submit.py:641} INFO - Jumlah baris dalam DataFrame: 17415
[2025-02-21T10:37:14.098+0000] {spark_submit.py:641} INFO - Load data berhasil.
[2025-02-21T10:37:14.539+0000] {taskinstance.py:341} INFO - ::group::Post task execution logs
[2025-02-21T10:37:14.542+0000] {taskinstance.py:353} INFO - Marking task as SUCCESS. dag_id=***_v2_etl_dag, task_id=load_task, run_id=manual__2025-02-21T09:53:37.982146+00:00, execution_date=20250221T095337, start_date=20250221T103703, end_date=20250221T103714
[2025-02-21T10:37:14.613+0000] {local_task_job_runner.py:266} INFO - Task exited with return code 0
[2025-02-21T10:37:14.627+0000] {local_task_job_runner.py:245} INFO - ::endgroup::
