[2025-02-21T09:56:36.938+0000] {local_task_job_runner.py:123} INFO - ::group::Pre task execution logs
[2025-02-21T09:56:36.963+0000] {taskinstance.py:2614} INFO - Dependencies all met for dep_context=non-requeueable deps ti=<TaskInstance: finprode8_v2_etl_dag.load_task manual__2025-02-21T09:53:37.982146+00:00 [queued]>
[2025-02-21T09:56:36.976+0000] {taskinstance.py:2614} INFO - Dependencies all met for dep_context=requeueable deps ti=<TaskInstance: finprode8_v2_etl_dag.load_task manual__2025-02-21T09:53:37.982146+00:00 [queued]>
[2025-02-21T09:56:36.978+0000] {taskinstance.py:2867} INFO - Starting attempt 2 of 2
[2025-02-21T09:56:36.993+0000] {taskinstance.py:2890} INFO - Executing <Task(SparkSubmitOperator): load_task> on 2025-02-21 09:53:37.982146+00:00
[2025-02-21T09:56:37.001+0000] {standard_task_runner.py:72} INFO - Started process 10795 to run task
[2025-02-21T09:56:37.005+0000] {standard_task_runner.py:104} INFO - Running: ['airflow', 'tasks', 'run', '***_v2_etl_dag', 'load_task', 'manual__2025-02-21T09:53:37.982146+00:00', '--job-id', '168', '--raw', '--subdir', 'DAGS_FOLDER/***_v2_etl_dag.py', '--cfg-path', '/tmp/tmpi32mkeyn']
[2025-02-21T09:56:37.008+0000] {standard_task_runner.py:105} INFO - Job 168: Subtask load_task
[2025-02-21T09:56:37.028+0000] {logging_mixin.py:190} WARNING - /home/airflow/.local/lib/python3.9/site-packages/airflow/settings.py:209 DeprecationWarning: The sql_alchemy_conn option in [core] has been moved to the sql_alchemy_conn option in [database] - the old setting has been used, but please update your config.
[2025-02-21T09:56:37.070+0000] {task_command.py:467} INFO - Running <TaskInstance: finprode8_v2_etl_dag.load_task manual__2025-02-21T09:53:37.982146+00:00 [running]> on host ***-airflow-scheduler
[2025-02-21T09:56:37.154+0000] {taskinstance.py:3134} INFO - Exporting env vars: AIRFLOW_CTX_DAG_OWNER='ratih malini' AIRFLOW_CTX_DAG_ID='***_v2_etl_dag' AIRFLOW_CTX_TASK_ID='load_task' AIRFLOW_CTX_EXECUTION_DATE='2025-02-21T09:53:37.982146+00:00' AIRFLOW_CTX_TRY_NUMBER='2' AIRFLOW_CTX_DAG_RUN_ID='manual__2025-02-21T09:53:37.982146+00:00'
[2025-02-21T09:56:37.156+0000] {taskinstance.py:732} INFO - ::endgroup::
[2025-02-21T09:56:37.182+0000] {base.py:84} INFO - Retrieving connection 'spark_main'
[2025-02-21T09:56:37.185+0000] {spark_submit.py:474} INFO - Spark-Submit cmd: spark-submit --master spark://***-spark-master:7077 --packages org.postgresql:postgresql:42.2.18 --name arrow-spark /spark-scripts/***_v2_load.py
[2025-02-21T09:56:38.855+0000] {spark_submit.py:641} INFO - :: loading settings :: url = jar:file:/home/airflow/.local/lib/python3.9/site-packages/pyspark/jars/ivy-2.5.1.jar!/org/apache/ivy/core/settings/ivysettings.xml
[2025-02-21T09:56:38.993+0000] {spark_submit.py:641} INFO - Ivy Default Cache set to: /home/airflow/.ivy2/cache
[2025-02-21T09:56:38.995+0000] {spark_submit.py:641} INFO - The jars for the packages stored in: /home/airflow/.ivy2/jars
[2025-02-21T09:56:38.999+0000] {spark_submit.py:641} INFO - org.postgresql#postgresql added as a dependency
[2025-02-21T09:56:39.001+0000] {spark_submit.py:641} INFO - :: resolving dependencies :: org.apache.spark#spark-submit-parent-0ec12796-1f45-40e2-ab0f-1b58d88f03dd;1.0
[2025-02-21T09:56:39.003+0000] {spark_submit.py:641} INFO - confs: [default]
[2025-02-21T09:56:39.174+0000] {spark_submit.py:641} INFO - found org.postgresql#postgresql;42.2.18 in central
[2025-02-21T09:56:39.201+0000] {spark_submit.py:641} INFO - found org.checkerframework#checker-qual;3.5.0 in central
[2025-02-21T09:56:39.217+0000] {spark_submit.py:641} INFO - :: resolution report :: resolve 210ms :: artifacts dl 7ms
[2025-02-21T09:56:39.218+0000] {spark_submit.py:641} INFO - :: modules in use:
[2025-02-21T09:56:39.219+0000] {spark_submit.py:641} INFO - org.checkerframework#checker-qual;3.5.0 from central in [default]
[2025-02-21T09:56:39.220+0000] {spark_submit.py:641} INFO - org.postgresql#postgresql;42.2.18 from central in [default]
[2025-02-21T09:56:39.221+0000] {spark_submit.py:641} INFO - ---------------------------------------------------------------------
[2025-02-21T09:56:39.222+0000] {spark_submit.py:641} INFO - |                  |            modules            ||   artifacts   |
[2025-02-21T09:56:39.223+0000] {spark_submit.py:641} INFO - |       conf       | number| search|dwnlded|evicted|| number|dwnlded|
[2025-02-21T09:56:39.224+0000] {spark_submit.py:641} INFO - ---------------------------------------------------------------------
[2025-02-21T09:56:39.225+0000] {spark_submit.py:641} INFO - |      default     |   2   |   0   |   0   |   0   ||   2   |   0   |
[2025-02-21T09:56:39.226+0000] {spark_submit.py:641} INFO - ---------------------------------------------------------------------
[2025-02-21T09:56:39.226+0000] {spark_submit.py:641} INFO - :: retrieving :: org.apache.spark#spark-submit-parent-0ec12796-1f45-40e2-ab0f-1b58d88f03dd
[2025-02-21T09:56:39.227+0000] {spark_submit.py:641} INFO - confs: [default]
[2025-02-21T09:56:39.229+0000] {spark_submit.py:641} INFO - 0 artifacts copied, 2 already retrieved (0kB/7ms)
[2025-02-21T09:56:39.464+0000] {spark_submit.py:641} INFO - 25/02/21 09:56:39 WARN NativeCodeLoader: Unable to load native-hadoop library for your platform... using builtin-java classes where applicable
[2025-02-21T09:56:40.455+0000] {spark_submit.py:641} INFO - 25/02/21 09:56:40 INFO SparkContext: Running Spark version 3.3.2
[2025-02-21T09:56:40.476+0000] {spark_submit.py:641} INFO - 25/02/21 09:56:40 INFO ResourceUtils: ==============================================================
[2025-02-21T09:56:40.478+0000] {spark_submit.py:641} INFO - 25/02/21 09:56:40 INFO ResourceUtils: No custom resources configured for spark.driver.
[2025-02-21T09:56:40.480+0000] {spark_submit.py:641} INFO - 25/02/21 09:56:40 INFO ResourceUtils: ==============================================================
[2025-02-21T09:56:40.482+0000] {spark_submit.py:641} INFO - 25/02/21 09:56:40 INFO SparkContext: Submitted application: ***_transform
[2025-02-21T09:56:40.503+0000] {spark_submit.py:641} INFO - 25/02/21 09:56:40 INFO ResourceProfile: Default ResourceProfile created, executor resources: Map(cores -> name: cores, amount: 1, script: , vendor: , memory -> name: memory, amount: 1024, script: , vendor: , offHeap -> name: offHeap, amount: 0, script: , vendor: ), task resources: Map(cpus -> name: cpus, amount: 1.0)
[2025-02-21T09:56:40.510+0000] {spark_submit.py:641} INFO - 25/02/21 09:56:40 INFO ResourceProfile: Limiting resource is cpu
[2025-02-21T09:56:40.512+0000] {spark_submit.py:641} INFO - 25/02/21 09:56:40 INFO ResourceProfileManager: Added ResourceProfile id: 0
[2025-02-21T09:56:40.553+0000] {spark_submit.py:641} INFO - 25/02/21 09:56:40 INFO SecurityManager: Changing view acls to: airflow
[2025-02-21T09:56:40.555+0000] {spark_submit.py:641} INFO - 25/02/21 09:56:40 INFO SecurityManager: Changing modify acls to: airflow
[2025-02-21T09:56:40.557+0000] {spark_submit.py:641} INFO - 25/02/21 09:56:40 INFO SecurityManager: Changing view acls groups to:
[2025-02-21T09:56:40.558+0000] {spark_submit.py:641} INFO - 25/02/21 09:56:40 INFO SecurityManager: Changing modify acls groups to:
[2025-02-21T09:56:40.559+0000] {spark_submit.py:641} INFO - 25/02/21 09:56:40 INFO SecurityManager: SecurityManager: authentication disabled; ui acls disabled; users  with view permissions: Set(airflow); groups with view permissions: Set(); users  with modify permissions: Set(airflow); groups with modify permissions: Set()
[2025-02-21T09:56:40.774+0000] {spark_submit.py:641} INFO - 25/02/21 09:56:40 INFO Utils: Successfully started service 'sparkDriver' on port 45539.
[2025-02-21T09:56:40.802+0000] {spark_submit.py:641} INFO - 25/02/21 09:56:40 INFO SparkEnv: Registering MapOutputTracker
[2025-02-21T09:56:40.836+0000] {spark_submit.py:641} INFO - 25/02/21 09:56:40 INFO SparkEnv: Registering BlockManagerMaster
[2025-02-21T09:56:40.864+0000] {spark_submit.py:641} INFO - 25/02/21 09:56:40 INFO BlockManagerMasterEndpoint: Using org.apache.spark.storage.DefaultTopologyMapper for getting topology information
[2025-02-21T09:56:40.867+0000] {spark_submit.py:641} INFO - 25/02/21 09:56:40 INFO BlockManagerMasterEndpoint: BlockManagerMasterEndpoint up
[2025-02-21T09:56:40.874+0000] {spark_submit.py:641} INFO - 25/02/21 09:56:40 INFO SparkEnv: Registering BlockManagerMasterHeartbeat
[2025-02-21T09:56:40.893+0000] {spark_submit.py:641} INFO - 25/02/21 09:56:40 INFO DiskBlockManager: Created local directory at /tmp/blockmgr-08a5ccb6-75a4-4e24-b8e9-0c1e9516a513
[2025-02-21T09:56:40.908+0000] {spark_submit.py:641} INFO - 25/02/21 09:56:40 INFO MemoryStore: MemoryStore started with capacity 434.4 MiB
[2025-02-21T09:56:40.923+0000] {spark_submit.py:641} INFO - 25/02/21 09:56:40 INFO SparkEnv: Registering OutputCommitCoordinator
[2025-02-21T09:56:41.096+0000] {spark_submit.py:641} INFO - 25/02/21 09:56:41 INFO Utils: Successfully started service 'SparkUI' on port 4040.
[2025-02-21T09:56:41.151+0000] {spark_submit.py:641} INFO - 25/02/21 09:56:41 INFO SparkContext: Added JAR /spark-scripts/jars/postgresql-42.2.18.jar at spark://***-airflow-scheduler:45539/jars/postgresql-42.2.18.jar with timestamp 1740131800447
[2025-02-21T09:56:41.154+0000] {spark_submit.py:641} INFO - 25/02/21 09:56:41 INFO SparkContext: Added file file:///home/airflow/.ivy2/jars/org.postgresql_postgresql-42.2.18.jar at file:///home/airflow/.ivy2/jars/org.postgresql_postgresql-42.2.18.jar with timestamp 1740131800447
[2025-02-21T09:56:41.157+0000] {spark_submit.py:641} INFO - 25/02/21 09:56:41 INFO Utils: Copying /home/airflow/.ivy2/jars/org.postgresql_postgresql-42.2.18.jar to /tmp/spark-179f253c-6726-4883-816b-1758d1fa9f25/userFiles-19ff80ba-19af-42fa-b67d-5b0b2aeba19a/org.postgresql_postgresql-42.2.18.jar
[2025-02-21T09:56:41.171+0000] {spark_submit.py:641} INFO - 25/02/21 09:56:41 INFO SparkContext: Added file file:///home/airflow/.ivy2/jars/org.checkerframework_checker-qual-3.5.0.jar at file:///home/airflow/.ivy2/jars/org.checkerframework_checker-qual-3.5.0.jar with timestamp 1740131800447
[2025-02-21T09:56:41.174+0000] {spark_submit.py:641} INFO - 25/02/21 09:56:41 INFO Utils: Copying /home/airflow/.ivy2/jars/org.checkerframework_checker-qual-3.5.0.jar to /tmp/spark-179f253c-6726-4883-816b-1758d1fa9f25/userFiles-19ff80ba-19af-42fa-b67d-5b0b2aeba19a/org.checkerframework_checker-qual-3.5.0.jar
[2025-02-21T09:56:41.246+0000] {spark_submit.py:641} INFO - 25/02/21 09:56:41 INFO Executor: Starting executor ID driver on host ***-airflow-scheduler
[2025-02-21T09:56:41.254+0000] {spark_submit.py:641} INFO - 25/02/21 09:56:41 INFO Executor: Starting executor with user classpath (userClassPathFirst = false): ''
[2025-02-21T09:56:41.264+0000] {spark_submit.py:641} INFO - 25/02/21 09:56:41 INFO Executor: Fetching file:///home/airflow/.ivy2/jars/org.postgresql_postgresql-42.2.18.jar with timestamp 1740131800447
[2025-02-21T09:56:41.286+0000] {spark_submit.py:641} INFO - 25/02/21 09:56:41 INFO Utils: /home/airflow/.ivy2/jars/org.postgresql_postgresql-42.2.18.jar has been previously copied to /tmp/spark-179f253c-6726-4883-816b-1758d1fa9f25/userFiles-19ff80ba-19af-42fa-b67d-5b0b2aeba19a/org.postgresql_postgresql-42.2.18.jar
[2025-02-21T09:56:41.291+0000] {spark_submit.py:641} INFO - 25/02/21 09:56:41 INFO Executor: Fetching file:///home/airflow/.ivy2/jars/org.checkerframework_checker-qual-3.5.0.jar with timestamp 1740131800447
[2025-02-21T09:56:41.292+0000] {spark_submit.py:641} INFO - 25/02/21 09:56:41 INFO Utils: /home/airflow/.ivy2/jars/org.checkerframework_checker-qual-3.5.0.jar has been previously copied to /tmp/spark-179f253c-6726-4883-816b-1758d1fa9f25/userFiles-19ff80ba-19af-42fa-b67d-5b0b2aeba19a/org.checkerframework_checker-qual-3.5.0.jar
[2025-02-21T09:56:41.304+0000] {spark_submit.py:641} INFO - 25/02/21 09:56:41 INFO Executor: Fetching spark://***-airflow-scheduler:45539/jars/postgresql-42.2.18.jar with timestamp 1740131800447
[2025-02-21T09:56:41.337+0000] {spark_submit.py:641} INFO - 25/02/21 09:56:41 INFO TransportClientFactory: Successfully created connection to ***-airflow-scheduler/172.19.0.6:45539 after 22 ms (0 ms spent in bootstraps)
[2025-02-21T09:56:41.342+0000] {spark_submit.py:641} INFO - 25/02/21 09:56:41 INFO Utils: Fetching spark://***-airflow-scheduler:45539/jars/postgresql-42.2.18.jar to /tmp/spark-179f253c-6726-4883-816b-1758d1fa9f25/userFiles-19ff80ba-19af-42fa-b67d-5b0b2aeba19a/fetchFileTemp11225670814098885678.tmp
[2025-02-21T09:56:41.412+0000] {spark_submit.py:641} INFO - 25/02/21 09:56:41 INFO Executor: Adding file:/tmp/spark-179f253c-6726-4883-816b-1758d1fa9f25/userFiles-19ff80ba-19af-42fa-b67d-5b0b2aeba19a/postgresql-42.2.18.jar to class loader
[2025-02-21T09:56:41.422+0000] {spark_submit.py:641} INFO - 25/02/21 09:56:41 INFO Utils: Successfully started service 'org.apache.spark.network.netty.NettyBlockTransferService' on port 46125.
[2025-02-21T09:56:41.424+0000] {spark_submit.py:641} INFO - 25/02/21 09:56:41 INFO NettyBlockTransferService: Server created on ***-airflow-scheduler:46125
[2025-02-21T09:56:41.425+0000] {spark_submit.py:641} INFO - 25/02/21 09:56:41 INFO BlockManager: Using org.apache.spark.storage.RandomBlockReplicationPolicy for block replication policy
[2025-02-21T09:56:41.438+0000] {spark_submit.py:641} INFO - 25/02/21 09:56:41 INFO BlockManagerMaster: Registering BlockManager BlockManagerId(driver, ***-airflow-scheduler, 46125, None)
[2025-02-21T09:56:41.444+0000] {spark_submit.py:641} INFO - 25/02/21 09:56:41 INFO BlockManagerMasterEndpoint: Registering block manager ***-airflow-scheduler:46125 with 434.4 MiB RAM, BlockManagerId(driver, ***-airflow-scheduler, 46125, None)
[2025-02-21T09:56:41.448+0000] {spark_submit.py:641} INFO - 25/02/21 09:56:41 INFO BlockManagerMaster: Registered BlockManager BlockManagerId(driver, ***-airflow-scheduler, 46125, None)
[2025-02-21T09:56:41.453+0000] {spark_submit.py:641} INFO - 25/02/21 09:56:41 INFO BlockManager: Initialized BlockManager: BlockManagerId(driver, ***-airflow-scheduler, 46125, None)
[2025-02-21T09:56:46.814+0000] {spark_submit.py:641} INFO - ---------------- MENAMPILKAN DATA HASIL LOAD KE POSTGRES ----------------
[2025-02-21T09:56:47.087+0000] {spark_submit.py:641} INFO - +-----------+-----------------+---------+---------------+------+-------------------+---------------+---+--------------------+-----------------+---------------------+----------+------------------+
[2025-02-21T09:56:47.088+0000] {spark_submit.py:641} INFO - |employee_id|       department|   region|      education|gender|recruitment_channel|no_of_trainings|age|previous_year_rating|length_of_service|KPIs_met_more_than_80|awards_won|avg_training_score|
[2025-02-21T09:56:47.090+0000] {spark_submit.py:641} INFO - +-----------+-----------------+---------+---------------+------+-------------------+---------------+---+--------------------+-----------------+---------------------+----------+------------------+
[2025-02-21T09:56:47.092+0000] {spark_submit.py:641} INFO - |          3|      Procurement|region_22|Masters & above|     f|              other|              1| 38|                   5|                4|                    1|         0|                67|
[2025-02-21T09:56:47.093+0000] {spark_submit.py:641} INFO - |          6|Sales & Marketing|region_15|      Bachelors|     f|              other|              1| 38|                   3|               10|                    0|         0|                50|
[2025-02-21T09:56:47.094+0000] {spark_submit.py:641} INFO - |         11|       Technology| region_4|Masters & above|     f|           sourcing|              1| 39|                   4|               12|                    1|         0|                72|
[2025-02-21T09:56:47.095+0000] {spark_submit.py:641} INFO - |         13|Sales & Marketing|region_17|      Bachelors|     m|              other|              1| 38|                   1|                5|                    1|         0|                47|
[2025-02-21T09:56:47.096+0000] {spark_submit.py:641} INFO - |         16|Sales & Marketing| region_4|Masters & above|     m|           sourcing|              1| 40|                   5|                5|                    0|         0|                53|
[2025-02-21T09:56:47.097+0000] {spark_submit.py:641} INFO - |         17|Sales & Marketing| region_7|      Bachelors|     m|           sourcing|              1| 50|                   5|               13|                    0|         0|                47|
[2025-02-21T09:56:47.098+0000] {spark_submit.py:641} INFO - |         19|               HR| region_2|Masters & above|     f|              other|              1| 50|                   4|                7|                    1|         0|                45|
[2025-02-21T09:56:47.100+0000] {spark_submit.py:641} INFO - |         20|        Analytics|region_21|      Bachelors|     m|           sourcing|              1| 27|                   0|                1|                    1|         0|                89|
[2025-02-21T09:56:47.101+0000] {spark_submit.py:641} INFO - |         21|        Analytics| region_8|      Bachelors|     m|           sourcing|              2| 28|                   2|                3|                    1|         0|                85|
[2025-02-21T09:56:47.102+0000] {spark_submit.py:641} INFO - |         22|       Technology| region_2|Masters & above|     f|              other|              1| 57|                   4|               18|                    1|         0|                77|
[2025-02-21T09:56:47.103+0000] {spark_submit.py:641} INFO - |         23|Sales & Marketing|region_16|      Bachelors|     f|           sourcing|              1| 42|                   1|                3|                    0|         0|                46|
[2025-02-21T09:56:47.104+0000] {spark_submit.py:641} INFO - |         24|               HR|region_28|Masters & above|     f|              other|              1| 32|                   1|                5|                    1|         0|                51|
[2025-02-21T09:56:47.105+0000] {spark_submit.py:641} INFO - |         27|Sales & Marketing|region_16|      Bachelors|     m|           sourcing|              1| 29|                   2|                6|                    0|         0|                51|
[2025-02-21T09:56:47.107+0000] {spark_submit.py:641} INFO - |         29|        Analytics| region_7|      Bachelors|     m|              other|              1| 28|                   0|                1|                    1|         0|                85|
[2025-02-21T09:56:47.109+0000] {spark_submit.py:641} INFO - |         31|Sales & Marketing|region_15|      Bachelors|     f|              other|              1| 29|                   3|                5|                    1|         0|                49|
[2025-02-21T09:56:47.110+0000] {spark_submit.py:641} INFO - |         40|       Operations| region_7|Masters & above|     f|              other|              1| 34|                   1|                4|                    0|         0|                65|
[2025-02-21T09:56:47.111+0000] {spark_submit.py:641} INFO - |         50|Sales & Marketing|region_19|      Bachelors|     m|              other|              1| 32|                   1|                3|                    0|         0|                48|
[2025-02-21T09:56:47.113+0000] {spark_submit.py:641} INFO - |         55|       Operations|region_19|Masters & above|     f|           sourcing|              1| 33|                   5|                3|                    0|         0|                61|
[2025-02-21T09:56:47.114+0000] {spark_submit.py:641} INFO - |         63|Sales & Marketing| region_8|Masters & above|     m|           sourcing|              1| 35|                   5|                8|                    0|         0|                52|
[2025-02-21T09:56:47.115+0000] {spark_submit.py:641} INFO - |         64|        Analytics| region_4|      Bachelors|     m|              other|              1| 42|                   5|               11|                    1|         0|                80|
[2025-02-21T09:56:47.116+0000] {spark_submit.py:641} INFO - +-----------+-----------------+---------+---------------+------+-------------------+---------------+---+--------------------+-----------------+---------------------+----------+------------------+
[2025-02-21T09:56:47.117+0000] {spark_submit.py:641} INFO - only showing top 20 rows
[2025-02-21T09:56:47.118+0000] {spark_submit.py:641} INFO - 
[2025-02-21T09:56:47.509+0000] {spark_submit.py:641} INFO - Jumlah baris dalam DataFrame: 17415
[2025-02-21T09:56:47.511+0000] {spark_submit.py:641} INFO - Load data berhasil.
[2025-02-21T09:56:47.809+0000] {taskinstance.py:341} INFO - ::group::Post task execution logs
[2025-02-21T09:56:47.812+0000] {taskinstance.py:353} INFO - Marking task as SUCCESS. dag_id=***_v2_etl_dag, task_id=load_task, run_id=manual__2025-02-21T09:53:37.982146+00:00, execution_date=20250221T095337, start_date=20250221T095636, end_date=20250221T095647
[2025-02-21T09:56:47.878+0000] {local_task_job_runner.py:266} INFO - Task exited with return code 0
[2025-02-21T09:56:47.898+0000] {taskinstance.py:3901} INFO - 0 downstream tasks scheduled from follow-on schedule check
[2025-02-21T09:56:47.902+0000] {local_task_job_runner.py:245} INFO - ::endgroup::
