[2025-02-20T16:04:27.610+0000] {local_task_job_runner.py:123} INFO - ::group::Pre task execution logs
[2025-02-20T16:04:27.641+0000] {taskinstance.py:2614} INFO - Dependencies all met for dep_context=non-requeueable deps ti=<TaskInstance: finprode8_v2_etl_dag.transform_task manual__2025-02-20T16:04:01.825171+00:00 [queued]>
[2025-02-20T16:04:27.659+0000] {taskinstance.py:2614} INFO - Dependencies all met for dep_context=requeueable deps ti=<TaskInstance: finprode8_v2_etl_dag.transform_task manual__2025-02-20T16:04:01.825171+00:00 [queued]>
[2025-02-20T16:04:27.660+0000] {taskinstance.py:2867} INFO - Starting attempt 1 of 1
[2025-02-20T16:04:27.682+0000] {taskinstance.py:2890} INFO - Executing <Task(SparkSubmitOperator): transform_task> on 2025-02-20 16:04:01.825171+00:00
[2025-02-20T16:04:27.689+0000] {standard_task_runner.py:72} INFO - Started process 2928 to run task
[2025-02-20T16:04:27.694+0000] {standard_task_runner.py:104} INFO - Running: ['airflow', 'tasks', 'run', '***_v2_etl_dag', 'transform_task', 'manual__2025-02-20T16:04:01.825171+00:00', '--job-id', '96', '--raw', '--subdir', 'DAGS_FOLDER/***_v2_etl_dag.py', '--cfg-path', '/tmp/tmpyap94xsd']
[2025-02-20T16:04:27.697+0000] {standard_task_runner.py:105} INFO - Job 96: Subtask transform_task
[2025-02-20T16:04:27.720+0000] {logging_mixin.py:190} WARNING - /home/airflow/.local/lib/python3.9/site-packages/airflow/settings.py:209 DeprecationWarning: The sql_alchemy_conn option in [core] has been moved to the sql_alchemy_conn option in [database] - the old setting has been used, but please update your config.
[2025-02-20T16:04:27.761+0000] {task_command.py:467} INFO - Running <TaskInstance: finprode8_v2_etl_dag.transform_task manual__2025-02-20T16:04:01.825171+00:00 [running]> on host ***-airflow-scheduler
[2025-02-20T16:04:27.870+0000] {taskinstance.py:3134} INFO - Exporting env vars: AIRFLOW_CTX_DAG_OWNER='ratih malini' AIRFLOW_CTX_DAG_ID='***_v2_etl_dag' AIRFLOW_CTX_TASK_ID='transform_task' AIRFLOW_CTX_EXECUTION_DATE='2025-02-20T16:04:01.825171+00:00' AIRFLOW_CTX_TRY_NUMBER='1' AIRFLOW_CTX_DAG_RUN_ID='manual__2025-02-20T16:04:01.825171+00:00'
[2025-02-20T16:04:27.872+0000] {taskinstance.py:732} INFO - ::endgroup::
[2025-02-20T16:04:27.912+0000] {base.py:84} INFO - Retrieving connection 'spark_main'
[2025-02-20T16:04:27.916+0000] {spark_submit.py:474} INFO - Spark-Submit cmd: spark-submit --master spark://***-spark-master:7077 --packages org.postgresql:postgresql:42.2.18 --name arrow-spark /spark-scripts/***_v2_transform.py
[2025-02-20T16:04:29.613+0000] {spark_submit.py:641} INFO - :: loading settings :: url = jar:file:/home/airflow/.local/lib/python3.9/site-packages/pyspark/jars/ivy-2.5.1.jar!/org/apache/ivy/core/settings/ivysettings.xml
[2025-02-20T16:04:29.703+0000] {spark_submit.py:641} INFO - Ivy Default Cache set to: /home/airflow/.ivy2/cache
[2025-02-20T16:04:29.705+0000] {spark_submit.py:641} INFO - The jars for the packages stored in: /home/airflow/.ivy2/jars
[2025-02-20T16:04:29.708+0000] {spark_submit.py:641} INFO - org.postgresql#postgresql added as a dependency
[2025-02-20T16:04:29.709+0000] {spark_submit.py:641} INFO - :: resolving dependencies :: org.apache.spark#spark-submit-parent-31c6eab1-ba8c-482f-8464-2ab2634a1191;1.0
[2025-02-20T16:04:29.710+0000] {spark_submit.py:641} INFO - confs: [default]
[2025-02-20T16:04:29.842+0000] {spark_submit.py:641} INFO - found org.postgresql#postgresql;42.2.18 in central
[2025-02-20T16:04:29.878+0000] {spark_submit.py:641} INFO - found org.checkerframework#checker-qual;3.5.0 in central
[2025-02-20T16:04:29.908+0000] {spark_submit.py:641} INFO - :: resolution report :: resolve 191ms :: artifacts dl 8ms
[2025-02-20T16:04:29.909+0000] {spark_submit.py:641} INFO - :: modules in use:
[2025-02-20T16:04:29.912+0000] {spark_submit.py:641} INFO - org.checkerframework#checker-qual;3.5.0 from central in [default]
[2025-02-20T16:04:29.913+0000] {spark_submit.py:641} INFO - org.postgresql#postgresql;42.2.18 from central in [default]
[2025-02-20T16:04:29.914+0000] {spark_submit.py:641} INFO - ---------------------------------------------------------------------
[2025-02-20T16:04:29.916+0000] {spark_submit.py:641} INFO - |                  |            modules            ||   artifacts   |
[2025-02-20T16:04:29.918+0000] {spark_submit.py:641} INFO - |       conf       | number| search|dwnlded|evicted|| number|dwnlded|
[2025-02-20T16:04:29.919+0000] {spark_submit.py:641} INFO - ---------------------------------------------------------------------
[2025-02-20T16:04:29.920+0000] {spark_submit.py:641} INFO - |      default     |   2   |   0   |   0   |   0   ||   2   |   0   |
[2025-02-20T16:04:29.921+0000] {spark_submit.py:641} INFO - ---------------------------------------------------------------------
[2025-02-20T16:04:29.922+0000] {spark_submit.py:641} INFO - :: retrieving :: org.apache.spark#spark-submit-parent-31c6eab1-ba8c-482f-8464-2ab2634a1191
[2025-02-20T16:04:29.923+0000] {spark_submit.py:641} INFO - confs: [default]
[2025-02-20T16:04:29.924+0000] {spark_submit.py:641} INFO - 0 artifacts copied, 2 already retrieved (0kB/7ms)
[2025-02-20T16:04:30.150+0000] {spark_submit.py:641} INFO - 25/02/20 16:04:30 WARN NativeCodeLoader: Unable to load native-hadoop library for your platform... using builtin-java classes where applicable
[2025-02-20T16:04:31.373+0000] {spark_submit.py:641} INFO - 25/02/20 16:04:31 INFO SparkContext: Running Spark version 3.3.2
[2025-02-20T16:04:31.395+0000] {spark_submit.py:641} INFO - 25/02/20 16:04:31 INFO ResourceUtils: ==============================================================
[2025-02-20T16:04:31.397+0000] {spark_submit.py:641} INFO - 25/02/20 16:04:31 INFO ResourceUtils: No custom resources configured for spark.driver.
[2025-02-20T16:04:31.398+0000] {spark_submit.py:641} INFO - 25/02/20 16:04:31 INFO ResourceUtils: ==============================================================
[2025-02-20T16:04:31.400+0000] {spark_submit.py:641} INFO - 25/02/20 16:04:31 INFO SparkContext: Submitted application: ***_transform
[2025-02-20T16:04:31.419+0000] {spark_submit.py:641} INFO - 25/02/20 16:04:31 INFO ResourceProfile: Default ResourceProfile created, executor resources: Map(cores -> name: cores, amount: 1, script: , vendor: , memory -> name: memory, amount: 1024, script: , vendor: , offHeap -> name: offHeap, amount: 0, script: , vendor: ), task resources: Map(cpus -> name: cpus, amount: 1.0)
[2025-02-20T16:04:31.427+0000] {spark_submit.py:641} INFO - 25/02/20 16:04:31 INFO ResourceProfile: Limiting resource is cpu
[2025-02-20T16:04:31.429+0000] {spark_submit.py:641} INFO - 25/02/20 16:04:31 INFO ResourceProfileManager: Added ResourceProfile id: 0
[2025-02-20T16:04:31.476+0000] {spark_submit.py:641} INFO - 25/02/20 16:04:31 INFO SecurityManager: Changing view acls to: airflow
[2025-02-20T16:04:31.478+0000] {spark_submit.py:641} INFO - 25/02/20 16:04:31 INFO SecurityManager: Changing modify acls to: airflow
[2025-02-20T16:04:31.480+0000] {spark_submit.py:641} INFO - 25/02/20 16:04:31 INFO SecurityManager: Changing view acls groups to:
[2025-02-20T16:04:31.481+0000] {spark_submit.py:641} INFO - 25/02/20 16:04:31 INFO SecurityManager: Changing modify acls groups to:
[2025-02-20T16:04:31.483+0000] {spark_submit.py:641} INFO - 25/02/20 16:04:31 INFO SecurityManager: SecurityManager: authentication disabled; ui acls disabled; users  with view permissions: Set(airflow); groups with view permissions: Set(); users  with modify permissions: Set(airflow); groups with modify permissions: Set()
[2025-02-20T16:04:31.715+0000] {spark_submit.py:641} INFO - 25/02/20 16:04:31 INFO Utils: Successfully started service 'sparkDriver' on port 39877.
[2025-02-20T16:04:31.740+0000] {spark_submit.py:641} INFO - 25/02/20 16:04:31 INFO SparkEnv: Registering MapOutputTracker
[2025-02-20T16:04:31.769+0000] {spark_submit.py:641} INFO - 25/02/20 16:04:31 INFO SparkEnv: Registering BlockManagerMaster
[2025-02-20T16:04:31.788+0000] {spark_submit.py:641} INFO - 25/02/20 16:04:31 INFO BlockManagerMasterEndpoint: Using org.apache.spark.storage.DefaultTopologyMapper for getting topology information
[2025-02-20T16:04:31.790+0000] {spark_submit.py:641} INFO - 25/02/20 16:04:31 INFO BlockManagerMasterEndpoint: BlockManagerMasterEndpoint up
[2025-02-20T16:04:31.796+0000] {spark_submit.py:641} INFO - 25/02/20 16:04:31 INFO SparkEnv: Registering BlockManagerMasterHeartbeat
[2025-02-20T16:04:31.813+0000] {spark_submit.py:641} INFO - 25/02/20 16:04:31 INFO DiskBlockManager: Created local directory at /tmp/blockmgr-fd046443-adae-453e-ab0a-07a4828e8dbe
[2025-02-20T16:04:31.827+0000] {spark_submit.py:641} INFO - 25/02/20 16:04:31 INFO MemoryStore: MemoryStore started with capacity 434.4 MiB
[2025-02-20T16:04:31.841+0000] {spark_submit.py:641} INFO - 25/02/20 16:04:31 INFO SparkEnv: Registering OutputCommitCoordinator
[2025-02-20T16:04:32.007+0000] {spark_submit.py:641} INFO - 25/02/20 16:04:32 INFO Utils: Successfully started service 'SparkUI' on port 4040.
[2025-02-20T16:04:32.064+0000] {spark_submit.py:641} INFO - 25/02/20 16:04:32 INFO SparkContext: Added JAR /spark-scripts/jars/postgresql-42.2.18.jar at spark://***-airflow-scheduler:39877/jars/postgresql-42.2.18.jar with timestamp 1740067471366
[2025-02-20T16:04:32.067+0000] {spark_submit.py:641} INFO - 25/02/20 16:04:32 INFO SparkContext: Added file file:///home/airflow/.ivy2/jars/org.postgresql_postgresql-42.2.18.jar at file:///home/airflow/.ivy2/jars/org.postgresql_postgresql-42.2.18.jar with timestamp 1740067471366
[2025-02-20T16:04:32.068+0000] {spark_submit.py:641} INFO - 25/02/20 16:04:32 INFO Utils: Copying /home/airflow/.ivy2/jars/org.postgresql_postgresql-42.2.18.jar to /tmp/spark-29c6de82-ac0f-4fde-b30d-671108268ba0/userFiles-3deb0496-9528-407c-ac5d-1ee9a88d4827/org.postgresql_postgresql-42.2.18.jar
[2025-02-20T16:04:32.083+0000] {spark_submit.py:641} INFO - 25/02/20 16:04:32 INFO SparkContext: Added file file:///home/airflow/.ivy2/jars/org.checkerframework_checker-qual-3.5.0.jar at file:///home/airflow/.ivy2/jars/org.checkerframework_checker-qual-3.5.0.jar with timestamp 1740067471366
[2025-02-20T16:04:32.085+0000] {spark_submit.py:641} INFO - 25/02/20 16:04:32 INFO Utils: Copying /home/airflow/.ivy2/jars/org.checkerframework_checker-qual-3.5.0.jar to /tmp/spark-29c6de82-ac0f-4fde-b30d-671108268ba0/userFiles-3deb0496-9528-407c-ac5d-1ee9a88d4827/org.checkerframework_checker-qual-3.5.0.jar
[2025-02-20T16:04:32.164+0000] {spark_submit.py:641} INFO - 25/02/20 16:04:32 INFO Executor: Starting executor ID driver on host ***-airflow-scheduler
[2025-02-20T16:04:32.173+0000] {spark_submit.py:641} INFO - 25/02/20 16:04:32 INFO Executor: Starting executor with user classpath (userClassPathFirst = false): ''
[2025-02-20T16:04:32.185+0000] {spark_submit.py:641} INFO - 25/02/20 16:04:32 INFO Executor: Fetching file:///home/airflow/.ivy2/jars/org.postgresql_postgresql-42.2.18.jar with timestamp 1740067471366
[2025-02-20T16:04:32.207+0000] {spark_submit.py:641} INFO - 25/02/20 16:04:32 INFO Utils: /home/airflow/.ivy2/jars/org.postgresql_postgresql-42.2.18.jar has been previously copied to /tmp/spark-29c6de82-ac0f-4fde-b30d-671108268ba0/userFiles-3deb0496-9528-407c-ac5d-1ee9a88d4827/org.postgresql_postgresql-42.2.18.jar
[2025-02-20T16:04:32.214+0000] {spark_submit.py:641} INFO - 25/02/20 16:04:32 INFO Executor: Fetching file:///home/airflow/.ivy2/jars/org.checkerframework_checker-qual-3.5.0.jar with timestamp 1740067471366
[2025-02-20T16:04:32.216+0000] {spark_submit.py:641} INFO - 25/02/20 16:04:32 INFO Utils: /home/airflow/.ivy2/jars/org.checkerframework_checker-qual-3.5.0.jar has been previously copied to /tmp/spark-29c6de82-ac0f-4fde-b30d-671108268ba0/userFiles-3deb0496-9528-407c-ac5d-1ee9a88d4827/org.checkerframework_checker-qual-3.5.0.jar
[2025-02-20T16:04:32.231+0000] {spark_submit.py:641} INFO - 25/02/20 16:04:32 INFO Executor: Fetching spark://***-airflow-scheduler:39877/jars/postgresql-42.2.18.jar with timestamp 1740067471366
[2025-02-20T16:04:32.261+0000] {spark_submit.py:641} INFO - 25/02/20 16:04:32 INFO TransportClientFactory: Successfully created connection to ***-airflow-scheduler/172.19.0.4:39877 after 19 ms (0 ms spent in bootstraps)
[2025-02-20T16:04:32.267+0000] {spark_submit.py:641} INFO - 25/02/20 16:04:32 INFO Utils: Fetching spark://***-airflow-scheduler:39877/jars/postgresql-42.2.18.jar to /tmp/spark-29c6de82-ac0f-4fde-b30d-671108268ba0/userFiles-3deb0496-9528-407c-ac5d-1ee9a88d4827/fetchFileTemp4301212197487909158.tmp
[2025-02-20T16:04:32.326+0000] {spark_submit.py:641} INFO - 25/02/20 16:04:32 INFO Executor: Adding file:/tmp/spark-29c6de82-ac0f-4fde-b30d-671108268ba0/userFiles-3deb0496-9528-407c-ac5d-1ee9a88d4827/postgresql-42.2.18.jar to class loader
[2025-02-20T16:04:32.333+0000] {spark_submit.py:641} INFO - 25/02/20 16:04:32 INFO Utils: Successfully started service 'org.apache.spark.network.netty.NettyBlockTransferService' on port 33571.
[2025-02-20T16:04:32.335+0000] {spark_submit.py:641} INFO - 25/02/20 16:04:32 INFO NettyBlockTransferService: Server created on ***-airflow-scheduler:33571
[2025-02-20T16:04:32.337+0000] {spark_submit.py:641} INFO - 25/02/20 16:04:32 INFO BlockManager: Using org.apache.spark.storage.RandomBlockReplicationPolicy for block replication policy
[2025-02-20T16:04:32.342+0000] {spark_submit.py:641} INFO - 25/02/20 16:04:32 INFO BlockManagerMaster: Registering BlockManager BlockManagerId(driver, ***-airflow-scheduler, 33571, None)
[2025-02-20T16:04:32.346+0000] {spark_submit.py:641} INFO - 25/02/20 16:04:32 INFO BlockManagerMasterEndpoint: Registering block manager ***-airflow-scheduler:33571 with 434.4 MiB RAM, BlockManagerId(driver, ***-airflow-scheduler, 33571, None)
[2025-02-20T16:04:32.348+0000] {spark_submit.py:641} INFO - 25/02/20 16:04:32 INFO BlockManagerMaster: Registered BlockManager BlockManagerId(driver, ***-airflow-scheduler, 33571, None)
[2025-02-20T16:04:32.350+0000] {spark_submit.py:641} INFO - 25/02/20 16:04:32 INFO BlockManager: Initialized BlockManager: BlockManagerId(driver, ***-airflow-scheduler, 33571, None)
[2025-02-20T16:04:35.660+0000] {spark_submit.py:641} INFO - ---------------- MENAMPILKAN TIPE DATA HASIL TRANSFORMASI ----------------
[2025-02-20T16:04:35.669+0000] {spark_submit.py:641} INFO - root
[2025-02-20T16:04:35.671+0000] {spark_submit.py:641} INFO - |-- employee_id: integer (nullable = true)
[2025-02-20T16:04:35.672+0000] {spark_submit.py:641} INFO - |-- department: string (nullable = true)
[2025-02-20T16:04:35.673+0000] {spark_submit.py:641} INFO - |-- region: string (nullable = true)
[2025-02-20T16:04:35.675+0000] {spark_submit.py:641} INFO - |-- education: string (nullable = true)
[2025-02-20T16:04:35.677+0000] {spark_submit.py:641} INFO - |-- gender: string (nullable = true)
[2025-02-20T16:04:35.679+0000] {spark_submit.py:641} INFO - |-- recruitment_channel: string (nullable = true)
[2025-02-20T16:04:35.680+0000] {spark_submit.py:641} INFO - |-- no_of_trainings: integer (nullable = true)
[2025-02-20T16:04:35.681+0000] {spark_submit.py:641} INFO - |-- age: integer (nullable = true)
[2025-02-20T16:04:35.682+0000] {spark_submit.py:641} INFO - |-- previous_year_rating: integer (nullable = true)
[2025-02-20T16:04:35.684+0000] {spark_submit.py:641} INFO - |-- length_of_service: integer (nullable = true)
[2025-02-20T16:04:35.686+0000] {spark_submit.py:641} INFO - |-- KPIs_met_more_than_80: integer (nullable = true)
[2025-02-20T16:04:35.687+0000] {spark_submit.py:641} INFO - |-- awards_won: integer (nullable = true)
[2025-02-20T16:04:35.688+0000] {spark_submit.py:641} INFO - |-- avg_training_score: integer (nullable = true)
[2025-02-20T16:04:35.689+0000] {spark_submit.py:641} INFO - 
[2025-02-20T16:04:35.691+0000] {spark_submit.py:641} INFO - ---------------- MENAMPILKAN BANYAK DATA NULL DI SETIAP KOLOM ----------------
[2025-02-20T16:04:37.223+0000] {spark_submit.py:641} INFO - +----------------+---------------+-----------+--------------+-----------+------------------------+--------------------+--------+-------------------------+----------------------+--------------------------+---------------+-----------------------+
[2025-02-20T16:04:37.225+0000] {spark_submit.py:641} INFO - |employee_id_null|department_null|region_null|education_null|gender_null|recruitment_channel_null|no_of_trainings_null|age_null|previous_year_rating_null|length_of_service_null|KPIs_met_more_than_80_null|awards_won_null|avg_training_score_nuli|
[2025-02-20T16:04:37.226+0000] {spark_submit.py:641} INFO - +----------------+---------------+-----------+--------------+-----------+------------------------+--------------------+--------+-------------------------+----------------------+--------------------------+---------------+-----------------------+
[2025-02-20T16:04:37.227+0000] {spark_submit.py:641} INFO - |               0|              0|          0|           771|          0|                       0|                   0|       0|                     1363|                     0|                         0|              0|                      0|
[2025-02-20T16:04:37.228+0000] {spark_submit.py:641} INFO - +----------------+---------------+-----------+--------------+-----------+------------------------+--------------------+--------+-------------------------+----------------------+--------------------------+---------------+-----------------------+
[2025-02-20T16:04:37.229+0000] {spark_submit.py:641} INFO - 
[2025-02-20T16:04:37.231+0000] {spark_submit.py:641} INFO - ---------------- NULL HANDLING PADA KOLOM EDUCATION & PREVIOUS_YEAR_RATING ----------------
[2025-02-20T16:04:37.477+0000] {spark_submit.py:641} INFO - +--------------+-------------------------+
[2025-02-20T16:04:37.479+0000] {spark_submit.py:641} INFO - |education_null|previous_year_rating_null|
[2025-02-20T16:04:37.481+0000] {spark_submit.py:641} INFO - +--------------+-------------------------+
[2025-02-20T16:04:37.483+0000] {spark_submit.py:641} INFO - |             0|                        0|
[2025-02-20T16:04:37.484+0000] {spark_submit.py:641} INFO - +--------------+-------------------------+
[2025-02-20T16:04:37.485+0000] {spark_submit.py:641} INFO - 
[2025-02-20T16:04:37.486+0000] {spark_submit.py:641} INFO - ---------------- MENAMPILKAN BANYAK DATA DUPLIKAT BERDASARKAN EMPLOYEE_ID ----------------
[2025-02-20T16:04:38.192+0000] {spark_submit.py:641} INFO - +-----------+------+
[2025-02-20T16:04:38.193+0000] {spark_submit.py:641} INFO - |employee_id|jumlah|
[2025-02-20T16:04:38.195+0000] {spark_submit.py:641} INFO - +-----------+------+
[2025-02-20T16:04:38.196+0000] {spark_submit.py:641} INFO - |      64573|     2|
[2025-02-20T16:04:38.198+0000] {spark_submit.py:641} INFO - |      49584|     3|
[2025-02-20T16:04:38.200+0000] {spark_submit.py:641} INFO - +-----------+------+
[2025-02-20T16:04:38.202+0000] {spark_submit.py:641} INFO - 
[2025-02-20T16:04:38.212+0000] {spark_submit.py:641} INFO - ---------------- MENAMPILKAN SEMUA BARIS DAN KOLOM DARI EMPLOYEE ID YANG DUPLIKAT ----------------
[2025-02-20T16:04:38.608+0000] {spark_submit.py:641} INFO - +-----------+----------+--------+---------+------+-------------------+---------------+---+--------------------+-----------------+---------------------+----------+------------------+
[2025-02-20T16:04:38.610+0000] {spark_submit.py:641} INFO - |employee_id|department|  region|education|gender|recruitment_channel|no_of_trainings|age|previous_year_rating|length_of_service|KPIs_met_more_than_80|awards_won|avg_training_score|
[2025-02-20T16:04:38.611+0000] {spark_submit.py:641} INFO - +-----------+----------+--------+---------+------+-------------------+---------------+---+--------------------+-----------------+---------------------+----------+------------------+
[2025-02-20T16:04:38.612+0000] {spark_submit.py:641} INFO - |      49584|        HR|region_7|Bachelors|     m|              other|              1| 33|                   1|                9|                    0|         0|                51|
[2025-02-20T16:04:38.613+0000] {spark_submit.py:641} INFO - |      49584|        HR|region_7|Bachelors|     m|              other|              1| 33|                   1|                9|                    0|         0|                51|
[2025-02-20T16:04:38.615+0000] {spark_submit.py:641} INFO - |      49584|        HR|region_7|Bachelors|     m|              other|              1| 33|                   1|                9|                    0|         0|                51|
[2025-02-20T16:04:38.617+0000] {spark_submit.py:641} INFO - |      64573|Technology|region_7|Bachelors|     f|           referred|              2| 30|                   5|                6|                    1|         0|                81|
[2025-02-20T16:04:38.618+0000] {spark_submit.py:641} INFO - |      64573|        HR|region_7|Bachelors|     f|           referred|              1| 35|                   5|                4|                    1|         0|                81|
[2025-02-20T16:04:38.620+0000] {spark_submit.py:641} INFO - +-----------+----------+--------+---------+------+-------------------+---------------+---+--------------------+-----------------+---------------------+----------+------------------+
[2025-02-20T16:04:38.621+0000] {spark_submit.py:641} INFO - 
[2025-02-20T16:04:38.622+0000] {spark_submit.py:641} INFO - ---------------- MENAMPILKAN HASIL DARI DATA DUPLIKASI YANG TELAH DIHANDLE BERDASARKAN KOLOM EMPLOYEE_ID DAN DEPARTMENT ----------------
[2025-02-20T16:04:39.223+0000] {spark_submit.py:641} INFO - +-----------+----------+--------+---------+------+-------------------+---------------+---+--------------------+-----------------+---------------------+----------+------------------+
[2025-02-20T16:04:39.225+0000] {spark_submit.py:641} INFO - |employee_id|department|  region|education|gender|recruitment_channel|no_of_trainings|age|previous_year_rating|length_of_service|KPIs_met_more_than_80|awards_won|avg_training_score|
[2025-02-20T16:04:39.226+0000] {spark_submit.py:641} INFO - +-----------+----------+--------+---------+------+-------------------+---------------+---+--------------------+-----------------+---------------------+----------+------------------+
[2025-02-20T16:04:39.228+0000] {spark_submit.py:641} INFO - |      49584|        HR|region_7|Bachelors|     m|              other|              1| 33|                   1|                9|                    0|         0|                51|
[2025-02-20T16:04:39.229+0000] {spark_submit.py:641} INFO - |      64573|        HR|region_7|Bachelors|     f|           referred|              1| 35|                   5|                4|                    1|         0|                81|
[2025-02-20T16:04:39.230+0000] {spark_submit.py:641} INFO - |      64573|Technology|region_7|Bachelors|     f|           referred|              2| 30|                   5|                6|                    1|         0|                81|
[2025-02-20T16:04:39.232+0000] {spark_submit.py:641} INFO - +-----------+----------+--------+---------+------+-------------------+---------------+---+--------------------+-----------------+---------------------+----------+------------------+
[2025-02-20T16:04:39.233+0000] {spark_submit.py:641} INFO - 
[2025-02-20T16:04:40.807+0000] {spark_submit.py:641} INFO - +-----------+-----------------+---------+---------------+------+-------------------+---------------+---+--------------------+-----------------+---------------------+----------+------------------+
[2025-02-20T16:04:40.809+0000] {spark_submit.py:641} INFO - |employee_id|       department|   region|      education|gender|recruitment_channel|no_of_trainings|age|previous_year_rating|length_of_service|KPIs_met_more_than_80|awards_won|avg_training_score|
[2025-02-20T16:04:40.810+0000] {spark_submit.py:641} INFO - +-----------+-----------------+---------+---------------+------+-------------------+---------------+---+--------------------+-----------------+---------------------+----------+------------------+
[2025-02-20T16:04:40.812+0000] {spark_submit.py:641} INFO - |          3|      Procurement|region_22|Masters & above|     f|              other|              1| 38|                   5|                4|                    1|         0|                67|
[2025-02-20T16:04:40.814+0000] {spark_submit.py:641} INFO - |          6|Sales & Marketing|region_15|      Bachelors|     f|              other|              1| 38|                   3|               10|                    0|         0|                50|
[2025-02-20T16:04:40.815+0000] {spark_submit.py:641} INFO - |         11|       Technology| region_4|Masters & above|     f|           sourcing|              1| 39|                   4|               12|                    1|         0|                72|
[2025-02-20T16:04:40.817+0000] {spark_submit.py:641} INFO - |         13|Sales & Marketing|region_17|      Bachelors|     m|              other|              1| 38|                   1|                5|                    1|         0|                47|
[2025-02-20T16:04:40.818+0000] {spark_submit.py:641} INFO - |         16|Sales & Marketing| region_4|Masters & above|     m|           sourcing|              1| 40|                   5|                5|                    0|         0|                53|
[2025-02-20T16:04:40.820+0000] {spark_submit.py:641} INFO - |         17|Sales & Marketing| region_7|      Bachelors|     m|           sourcing|              1| 50|                   5|               13|                    0|         0|                47|
[2025-02-20T16:04:40.821+0000] {spark_submit.py:641} INFO - |         19|               HR| region_2|Masters & above|     f|              other|              1| 50|                   4|                7|                    1|         0|                45|
[2025-02-20T16:04:40.822+0000] {spark_submit.py:641} INFO - |         20|        Analytics|region_21|      Bachelors|     m|           sourcing|              1| 27|                   0|                1|                    1|         0|                89|
[2025-02-20T16:04:40.824+0000] {spark_submit.py:641} INFO - |         21|        Analytics| region_8|      Bachelors|     m|           sourcing|              2| 28|                   2|                3|                    1|         0|                85|
[2025-02-20T16:04:40.825+0000] {spark_submit.py:641} INFO - |         22|       Technology| region_2|Masters & above|     f|              other|              1| 57|                   4|               18|                    1|         0|                77|
[2025-02-20T16:04:40.827+0000] {spark_submit.py:641} INFO - |         23|Sales & Marketing|region_16|      Bachelors|     f|           sourcing|              1| 42|                   1|                3|                    0|         0|                46|
[2025-02-20T16:04:40.828+0000] {spark_submit.py:641} INFO - |         24|               HR|region_28|Masters & above|     f|              other|              1| 32|                   1|                5|                    1|         0|                51|
[2025-02-20T16:04:40.830+0000] {spark_submit.py:641} INFO - |         27|Sales & Marketing|region_16|      Bachelors|     m|           sourcing|              1| 29|                   2|                6|                    0|         0|                51|
[2025-02-20T16:04:40.832+0000] {spark_submit.py:641} INFO - |         29|        Analytics| region_7|      Bachelors|     m|              other|              1| 28|                   0|                1|                    1|         0|                85|
[2025-02-20T16:04:40.833+0000] {spark_submit.py:641} INFO - |         31|Sales & Marketing|region_15|      Bachelors|     f|              other|              1| 29|                   3|                5|                    1|         0|                49|
[2025-02-20T16:04:40.834+0000] {spark_submit.py:641} INFO - |         40|       Operations| region_7|Masters & above|     f|              other|              1| 34|                   1|                4|                    0|         0|                65|
[2025-02-20T16:04:40.836+0000] {spark_submit.py:641} INFO - |         50|Sales & Marketing|region_19|      Bachelors|     m|              other|              1| 32|                   1|                3|                    0|         0|                48|
[2025-02-20T16:04:40.837+0000] {spark_submit.py:641} INFO - |         55|       Operations|region_19|Masters & above|     f|           sourcing|              1| 33|                   5|                3|                    0|         0|                61|
[2025-02-20T16:04:40.838+0000] {spark_submit.py:641} INFO - |         63|Sales & Marketing| region_8|Masters & above|     m|           sourcing|              1| 35|                   5|                8|                    0|         0|                52|
[2025-02-20T16:04:40.840+0000] {spark_submit.py:641} INFO - |         64|        Analytics| region_4|      Bachelors|     m|              other|              1| 42|                   5|               11|                    1|         0|                80|
[2025-02-20T16:04:40.841+0000] {spark_submit.py:641} INFO - +-----------+-----------------+---------+---------------+------+-------------------+---------------+---+--------------------+-----------------+---------------------+----------+------------------+
[2025-02-20T16:04:40.842+0000] {spark_submit.py:641} INFO - only showing top 20 rows
[2025-02-20T16:04:40.844+0000] {spark_submit.py:641} INFO - 
[2025-02-20T16:04:41.135+0000] {spark_submit.py:641} INFO - Jumlah baris dalam DataFrame: 17415
[2025-02-20T16:04:41.137+0000] {spark_submit.py:641} INFO - Isi folder data:
[2025-02-20T16:04:41.139+0000] {spark_submit.py:641} INFO - ['part-00000-24c4a9d2-a249-4ea2-9910-3263ebcf6c4f-c000.snappy.parquet', '_SUCCESS', '.part-00000-24c4a9d2-a249-4ea2-9910-3263ebcf6c4f-c000.snappy.parquet.crc', '._SUCCESS.crc']
[2025-02-20T16:04:41.141+0000] {spark_submit.py:641} INFO - Transform data berhasil.
[2025-02-20T16:04:41.670+0000] {taskinstance.py:341} INFO - ::group::Post task execution logs
[2025-02-20T16:04:41.673+0000] {taskinstance.py:353} INFO - Marking task as SUCCESS. dag_id=***_v2_etl_dag, task_id=transform_task, run_id=manual__2025-02-20T16:04:01.825171+00:00, execution_date=20250220T160401, start_date=20250220T160427, end_date=20250220T160441
[2025-02-20T16:04:41.719+0000] {local_task_job_runner.py:266} INFO - Task exited with return code 0
[2025-02-20T16:04:41.761+0000] {taskinstance.py:3901} INFO - 1 downstream tasks scheduled from follow-on schedule check
[2025-02-20T16:04:41.766+0000] {local_task_job_runner.py:245} INFO - ::endgroup::
