[2025-02-21T07:37:06.193+0000] {local_task_job_runner.py:123} INFO - ::group::Pre task execution logs
[2025-02-21T07:37:06.246+0000] {taskinstance.py:2614} INFO - Dependencies all met for dep_context=non-requeueable deps ti=<TaskInstance: finprode8_v2_etl_dag.load_task manual__2025-02-21T07:31:04.105699+00:00 [queued]>
[2025-02-21T07:37:06.278+0000] {taskinstance.py:2614} INFO - Dependencies all met for dep_context=requeueable deps ti=<TaskInstance: finprode8_v2_etl_dag.load_task manual__2025-02-21T07:31:04.105699+00:00 [queued]>
[2025-02-21T07:37:06.281+0000] {taskinstance.py:2867} INFO - Starting attempt 2 of 2
[2025-02-21T07:37:06.324+0000] {taskinstance.py:2890} INFO - Executing <Task(SparkSubmitOperator): load_task> on 2025-02-21 07:31:04.105699+00:00
[2025-02-21T07:37:06.335+0000] {standard_task_runner.py:72} INFO - Started process 1511 to run task
[2025-02-21T07:37:06.344+0000] {standard_task_runner.py:104} INFO - Running: ['airflow', 'tasks', 'run', '***_v2_etl_dag', 'load_task', 'manual__2025-02-21T07:31:04.105699+00:00', '--job-id', '105', '--raw', '--subdir', 'DAGS_FOLDER/***_v2_etl_dag.py', '--cfg-path', '/tmp/tmprdftffz6']
[2025-02-21T07:37:06.352+0000] {standard_task_runner.py:105} INFO - Job 105: Subtask load_task
[2025-02-21T07:37:06.392+0000] {logging_mixin.py:190} WARNING - /home/airflow/.local/lib/python3.9/site-packages/airflow/settings.py:209 DeprecationWarning: The sql_alchemy_conn option in [core] has been moved to the sql_alchemy_conn option in [database] - the old setting has been used, but please update your config.
[2025-02-21T07:37:06.464+0000] {task_command.py:467} INFO - Running <TaskInstance: finprode8_v2_etl_dag.load_task manual__2025-02-21T07:31:04.105699+00:00 [running]> on host ***-airflow-scheduler
[2025-02-21T07:37:06.673+0000] {taskinstance.py:3134} INFO - Exporting env vars: AIRFLOW_CTX_DAG_OWNER='ratih malini' AIRFLOW_CTX_DAG_ID='***_v2_etl_dag' AIRFLOW_CTX_TASK_ID='load_task' AIRFLOW_CTX_EXECUTION_DATE='2025-02-21T07:31:04.105699+00:00' AIRFLOW_CTX_TRY_NUMBER='2' AIRFLOW_CTX_DAG_RUN_ID='manual__2025-02-21T07:31:04.105699+00:00'
[2025-02-21T07:37:06.679+0000] {taskinstance.py:732} INFO - ::endgroup::
[2025-02-21T07:37:06.766+0000] {base.py:84} INFO - Retrieving connection 'spark_main'
[2025-02-21T07:37:06.769+0000] {spark_submit.py:474} INFO - Spark-Submit cmd: spark-submit --master spark://***-spark-master:7077 --packages org.postgresql:postgresql:42.2.18 --name arrow-spark /spark-scripts/***_v2_load.py
[2025-02-21T07:37:10.225+0000] {spark_submit.py:641} INFO - :: loading settings :: url = jar:file:/home/airflow/.local/lib/python3.9/site-packages/pyspark/jars/ivy-2.5.1.jar!/org/apache/ivy/core/settings/ivysettings.xml
[2025-02-21T07:37:10.406+0000] {spark_submit.py:641} INFO - Ivy Default Cache set to: /home/airflow/.ivy2/cache
[2025-02-21T07:37:10.409+0000] {spark_submit.py:641} INFO - The jars for the packages stored in: /home/airflow/.ivy2/jars
[2025-02-21T07:37:10.415+0000] {spark_submit.py:641} INFO - org.postgresql#postgresql added as a dependency
[2025-02-21T07:37:10.418+0000] {spark_submit.py:641} INFO - :: resolving dependencies :: org.apache.spark#spark-submit-parent-d5fdfd27-aaa3-42a0-a9be-cc43aa286ab0;1.0
[2025-02-21T07:37:10.420+0000] {spark_submit.py:641} INFO - confs: [default]
[2025-02-21T07:37:10.714+0000] {spark_submit.py:641} INFO - found org.postgresql#postgresql;42.2.18 in central
[2025-02-21T07:37:10.770+0000] {spark_submit.py:641} INFO - found org.checkerframework#checker-qual;3.5.0 in central
[2025-02-21T07:37:10.801+0000] {spark_submit.py:641} INFO - :: resolution report :: resolve 374ms :: artifacts dl 10ms
[2025-02-21T07:37:10.805+0000] {spark_submit.py:641} INFO - :: modules in use:
[2025-02-21T07:37:10.808+0000] {spark_submit.py:641} INFO - org.checkerframework#checker-qual;3.5.0 from central in [default]
[2025-02-21T07:37:10.809+0000] {spark_submit.py:641} INFO - org.postgresql#postgresql;42.2.18 from central in [default]
[2025-02-21T07:37:10.811+0000] {spark_submit.py:641} INFO - ---------------------------------------------------------------------
[2025-02-21T07:37:10.813+0000] {spark_submit.py:641} INFO - |                  |            modules            ||   artifacts   |
[2025-02-21T07:37:10.815+0000] {spark_submit.py:641} INFO - |       conf       | number| search|dwnlded|evicted|| number|dwnlded|
[2025-02-21T07:37:10.816+0000] {spark_submit.py:641} INFO - ---------------------------------------------------------------------
[2025-02-21T07:37:10.817+0000] {spark_submit.py:641} INFO - |      default     |   2   |   0   |   0   |   0   ||   2   |   0   |
[2025-02-21T07:37:10.819+0000] {spark_submit.py:641} INFO - ---------------------------------------------------------------------
[2025-02-21T07:37:10.821+0000] {spark_submit.py:641} INFO - :: retrieving :: org.apache.spark#spark-submit-parent-d5fdfd27-aaa3-42a0-a9be-cc43aa286ab0
[2025-02-21T07:37:10.823+0000] {spark_submit.py:641} INFO - confs: [default]
[2025-02-21T07:37:10.824+0000] {spark_submit.py:641} INFO - 0 artifacts copied, 2 already retrieved (0kB/9ms)
[2025-02-21T07:37:11.205+0000] {spark_submit.py:641} INFO - 25/02/21 07:37:11 WARN NativeCodeLoader: Unable to load native-hadoop library for your platform... using builtin-java classes where applicable
[2025-02-21T07:37:12.735+0000] {spark_submit.py:641} INFO - 25/02/21 07:37:12 INFO SparkContext: Running Spark version 3.3.2
[2025-02-21T07:37:12.768+0000] {spark_submit.py:641} INFO - 25/02/21 07:37:12 INFO ResourceUtils: ==============================================================
[2025-02-21T07:37:12.771+0000] {spark_submit.py:641} INFO - 25/02/21 07:37:12 INFO ResourceUtils: No custom resources configured for spark.driver.
[2025-02-21T07:37:12.774+0000] {spark_submit.py:641} INFO - 25/02/21 07:37:12 INFO ResourceUtils: ==============================================================
[2025-02-21T07:37:12.777+0000] {spark_submit.py:641} INFO - 25/02/21 07:37:12 INFO SparkContext: Submitted application: ***_transform
[2025-02-21T07:37:12.817+0000] {spark_submit.py:641} INFO - 25/02/21 07:37:12 INFO ResourceProfile: Default ResourceProfile created, executor resources: Map(cores -> name: cores, amount: 1, script: , vendor: , memory -> name: memory, amount: 1024, script: , vendor: , offHeap -> name: offHeap, amount: 0, script: , vendor: ), task resources: Map(cpus -> name: cpus, amount: 1.0)
[2025-02-21T07:37:12.837+0000] {spark_submit.py:641} INFO - 25/02/21 07:37:12 INFO ResourceProfile: Limiting resource is cpu
[2025-02-21T07:37:12.840+0000] {spark_submit.py:641} INFO - 25/02/21 07:37:12 INFO ResourceProfileManager: Added ResourceProfile id: 0
[2025-02-21T07:37:12.947+0000] {spark_submit.py:641} INFO - 25/02/21 07:37:12 INFO SecurityManager: Changing view acls to: airflow
[2025-02-21T07:37:12.950+0000] {spark_submit.py:641} INFO - 25/02/21 07:37:12 INFO SecurityManager: Changing modify acls to: airflow
[2025-02-21T07:37:12.954+0000] {spark_submit.py:641} INFO - 25/02/21 07:37:12 INFO SecurityManager: Changing view acls groups to:
[2025-02-21T07:37:12.959+0000] {spark_submit.py:641} INFO - 25/02/21 07:37:12 INFO SecurityManager: Changing modify acls groups to:
[2025-02-21T07:37:12.962+0000] {spark_submit.py:641} INFO - 25/02/21 07:37:12 INFO SecurityManager: SecurityManager: authentication disabled; ui acls disabled; users  with view permissions: Set(airflow); groups with view permissions: Set(); users  with modify permissions: Set(airflow); groups with modify permissions: Set()
[2025-02-21T07:37:13.267+0000] {spark_submit.py:641} INFO - 25/02/21 07:37:13 INFO Utils: Successfully started service 'sparkDriver' on port 36017.
[2025-02-21T07:37:13.302+0000] {spark_submit.py:641} INFO - 25/02/21 07:37:13 INFO SparkEnv: Registering MapOutputTracker
[2025-02-21T07:37:13.344+0000] {spark_submit.py:641} INFO - 25/02/21 07:37:13 INFO SparkEnv: Registering BlockManagerMaster
[2025-02-21T07:37:13.376+0000] {spark_submit.py:641} INFO - 25/02/21 07:37:13 INFO BlockManagerMasterEndpoint: Using org.apache.spark.storage.DefaultTopologyMapper for getting topology information
[2025-02-21T07:37:13.378+0000] {spark_submit.py:641} INFO - 25/02/21 07:37:13 INFO BlockManagerMasterEndpoint: BlockManagerMasterEndpoint up
[2025-02-21T07:37:13.386+0000] {spark_submit.py:641} INFO - 25/02/21 07:37:13 INFO SparkEnv: Registering BlockManagerMasterHeartbeat
[2025-02-21T07:37:13.423+0000] {spark_submit.py:641} INFO - 25/02/21 07:37:13 INFO DiskBlockManager: Created local directory at /tmp/blockmgr-2ece57fc-1e33-422f-9c34-38712587a6b7
[2025-02-21T07:37:13.464+0000] {spark_submit.py:641} INFO - 25/02/21 07:37:13 INFO MemoryStore: MemoryStore started with capacity 434.4 MiB
[2025-02-21T07:37:13.505+0000] {spark_submit.py:641} INFO - 25/02/21 07:37:13 INFO SparkEnv: Registering OutputCommitCoordinator
[2025-02-21T07:37:13.879+0000] {spark_submit.py:641} INFO - 25/02/21 07:37:13 INFO Utils: Successfully started service 'SparkUI' on port 4040.
[2025-02-21T07:37:13.936+0000] {spark_submit.py:641} INFO - 25/02/21 07:37:13 INFO SparkContext: Added JAR /spark-scripts/jars/postgresql-42.2.18.jar at spark://***-airflow-scheduler:36017/jars/postgresql-42.2.18.jar with timestamp 1740123432725
[2025-02-21T07:37:13.939+0000] {spark_submit.py:641} INFO - 25/02/21 07:37:13 INFO SparkContext: Added file file:///home/airflow/.ivy2/jars/org.postgresql_postgresql-42.2.18.jar at file:///home/airflow/.ivy2/jars/org.postgresql_postgresql-42.2.18.jar with timestamp 1740123432725
[2025-02-21T07:37:13.942+0000] {spark_submit.py:641} INFO - 25/02/21 07:37:13 INFO Utils: Copying /home/airflow/.ivy2/jars/org.postgresql_postgresql-42.2.18.jar to /tmp/spark-7ad11c17-a680-44d2-b6ab-462ed747a091/userFiles-406b2f1b-05d7-470a-a165-e5e3963a7dc8/org.postgresql_postgresql-42.2.18.jar
[2025-02-21T07:37:13.957+0000] {spark_submit.py:641} INFO - 25/02/21 07:37:13 INFO SparkContext: Added file file:///home/airflow/.ivy2/jars/org.checkerframework_checker-qual-3.5.0.jar at file:///home/airflow/.ivy2/jars/org.checkerframework_checker-qual-3.5.0.jar with timestamp 1740123432725
[2025-02-21T07:37:13.959+0000] {spark_submit.py:641} INFO - 25/02/21 07:37:13 INFO Utils: Copying /home/airflow/.ivy2/jars/org.checkerframework_checker-qual-3.5.0.jar to /tmp/spark-7ad11c17-a680-44d2-b6ab-462ed747a091/userFiles-406b2f1b-05d7-470a-a165-e5e3963a7dc8/org.checkerframework_checker-qual-3.5.0.jar
[2025-02-21T07:37:14.046+0000] {spark_submit.py:641} INFO - 25/02/21 07:37:14 INFO Executor: Starting executor ID driver on host ***-airflow-scheduler
[2025-02-21T07:37:14.054+0000] {spark_submit.py:641} INFO - 25/02/21 07:37:14 INFO Executor: Starting executor with user classpath (userClassPathFirst = false): ''
[2025-02-21T07:37:14.064+0000] {spark_submit.py:641} INFO - 25/02/21 07:37:14 INFO Executor: Fetching file:///home/airflow/.ivy2/jars/org.postgresql_postgresql-42.2.18.jar with timestamp 1740123432725
[2025-02-21T07:37:14.091+0000] {spark_submit.py:641} INFO - 25/02/21 07:37:14 INFO Utils: /home/airflow/.ivy2/jars/org.postgresql_postgresql-42.2.18.jar has been previously copied to /tmp/spark-7ad11c17-a680-44d2-b6ab-462ed747a091/userFiles-406b2f1b-05d7-470a-a165-e5e3963a7dc8/org.postgresql_postgresql-42.2.18.jar
[2025-02-21T07:37:14.096+0000] {spark_submit.py:641} INFO - 25/02/21 07:37:14 INFO Executor: Fetching file:///home/airflow/.ivy2/jars/org.checkerframework_checker-qual-3.5.0.jar with timestamp 1740123432725
[2025-02-21T07:37:14.098+0000] {spark_submit.py:641} INFO - 25/02/21 07:37:14 INFO Utils: /home/airflow/.ivy2/jars/org.checkerframework_checker-qual-3.5.0.jar has been previously copied to /tmp/spark-7ad11c17-a680-44d2-b6ab-462ed747a091/userFiles-406b2f1b-05d7-470a-a165-e5e3963a7dc8/org.checkerframework_checker-qual-3.5.0.jar
[2025-02-21T07:37:14.106+0000] {spark_submit.py:641} INFO - 25/02/21 07:37:14 INFO Executor: Fetching spark://***-airflow-scheduler:36017/jars/postgresql-42.2.18.jar with timestamp 1740123432725
[2025-02-21T07:37:14.148+0000] {spark_submit.py:641} INFO - 25/02/21 07:37:14 INFO TransportClientFactory: Successfully created connection to ***-airflow-scheduler/172.19.0.4:36017 after 30 ms (0 ms spent in bootstraps)
[2025-02-21T07:37:14.155+0000] {spark_submit.py:641} INFO - 25/02/21 07:37:14 INFO Utils: Fetching spark://***-airflow-scheduler:36017/jars/postgresql-42.2.18.jar to /tmp/spark-7ad11c17-a680-44d2-b6ab-462ed747a091/userFiles-406b2f1b-05d7-470a-a165-e5e3963a7dc8/fetchFileTemp16557677458348103532.tmp
[2025-02-21T07:37:14.242+0000] {spark_submit.py:641} INFO - 25/02/21 07:37:14 INFO Executor: Adding file:/tmp/spark-7ad11c17-a680-44d2-b6ab-462ed747a091/userFiles-406b2f1b-05d7-470a-a165-e5e3963a7dc8/postgresql-42.2.18.jar to class loader
[2025-02-21T07:37:14.256+0000] {spark_submit.py:641} INFO - 25/02/21 07:37:14 INFO Utils: Successfully started service 'org.apache.spark.network.netty.NettyBlockTransferService' on port 35405.
[2025-02-21T07:37:14.259+0000] {spark_submit.py:641} INFO - 25/02/21 07:37:14 INFO NettyBlockTransferService: Server created on ***-airflow-scheduler:35405
[2025-02-21T07:37:14.262+0000] {spark_submit.py:641} INFO - 25/02/21 07:37:14 INFO BlockManager: Using org.apache.spark.storage.RandomBlockReplicationPolicy for block replication policy
[2025-02-21T07:37:14.274+0000] {spark_submit.py:641} INFO - 25/02/21 07:37:14 INFO BlockManagerMaster: Registering BlockManager BlockManagerId(driver, ***-airflow-scheduler, 35405, None)
[2025-02-21T07:37:14.282+0000] {spark_submit.py:641} INFO - 25/02/21 07:37:14 INFO BlockManagerMasterEndpoint: Registering block manager ***-airflow-scheduler:35405 with 434.4 MiB RAM, BlockManagerId(driver, ***-airflow-scheduler, 35405, None)
[2025-02-21T07:37:14.287+0000] {spark_submit.py:641} INFO - 25/02/21 07:37:14 INFO BlockManagerMaster: Registered BlockManager BlockManagerId(driver, ***-airflow-scheduler, 35405, None)
[2025-02-21T07:37:14.289+0000] {spark_submit.py:641} INFO - 25/02/21 07:37:14 INFO BlockManager: Initialized BlockManager: BlockManagerId(driver, ***-airflow-scheduler, 35405, None)
[2025-02-21T07:37:22.976+0000] {spark_submit.py:641} INFO - ---------------- MENAMPILKAN DATA HASIL TRANSFORMASI YANG SUDAH DILOAD KE POSTGRES ----------------
[2025-02-21T07:37:23.412+0000] {spark_submit.py:641} INFO - +-----------+-----------------+---------+---------------+------+-------------------+---------------+---+--------------------+-----------------+---------------------+----------+------------------+
[2025-02-21T07:37:23.414+0000] {spark_submit.py:641} INFO - |employee_id|       department|   region|      education|gender|recruitment_channel|no_of_trainings|age|previous_year_rating|length_of_service|KPIs_met_more_than_80|awards_won|avg_training_score|
[2025-02-21T07:37:23.417+0000] {spark_submit.py:641} INFO - +-----------+-----------------+---------+---------------+------+-------------------+---------------+---+--------------------+-----------------+---------------------+----------+------------------+
[2025-02-21T07:37:23.420+0000] {spark_submit.py:641} INFO - |          3|      Procurement|region_22|Masters & above|     f|              other|              1| 38|                   5|                4|                    1|         0|                67|
[2025-02-21T07:37:23.422+0000] {spark_submit.py:641} INFO - |          6|Sales & Marketing|region_15|      Bachelors|     f|              other|              1| 38|                   3|               10|                    0|         0|                50|
[2025-02-21T07:37:23.424+0000] {spark_submit.py:641} INFO - |         11|       Technology| region_4|Masters & above|     f|           sourcing|              1| 39|                   4|               12|                    1|         0|                72|
[2025-02-21T07:37:23.426+0000] {spark_submit.py:641} INFO - |         13|Sales & Marketing|region_17|      Bachelors|     m|              other|              1| 38|                   1|                5|                    1|         0|                47|
[2025-02-21T07:37:23.428+0000] {spark_submit.py:641} INFO - |         16|Sales & Marketing| region_4|Masters & above|     m|           sourcing|              1| 40|                   5|                5|                    0|         0|                53|
[2025-02-21T07:37:23.430+0000] {spark_submit.py:641} INFO - |         17|Sales & Marketing| region_7|      Bachelors|     m|           sourcing|              1| 50|                   5|               13|                    0|         0|                47|
[2025-02-21T07:37:23.432+0000] {spark_submit.py:641} INFO - |         19|               HR| region_2|Masters & above|     f|              other|              1| 50|                   4|                7|                    1|         0|                45|
[2025-02-21T07:37:23.434+0000] {spark_submit.py:641} INFO - |         20|        Analytics|region_21|      Bachelors|     m|           sourcing|              1| 27|                   0|                1|                    1|         0|                89|
[2025-02-21T07:37:23.436+0000] {spark_submit.py:641} INFO - |         21|        Analytics| region_8|      Bachelors|     m|           sourcing|              2| 28|                   2|                3|                    1|         0|                85|
[2025-02-21T07:37:23.438+0000] {spark_submit.py:641} INFO - |         22|       Technology| region_2|Masters & above|     f|              other|              1| 57|                   4|               18|                    1|         0|                77|
[2025-02-21T07:37:23.440+0000] {spark_submit.py:641} INFO - |         23|Sales & Marketing|region_16|      Bachelors|     f|           sourcing|              1| 42|                   1|                3|                    0|         0|                46|
[2025-02-21T07:37:23.441+0000] {spark_submit.py:641} INFO - |         24|               HR|region_28|Masters & above|     f|              other|              1| 32|                   1|                5|                    1|         0|                51|
[2025-02-21T07:37:23.444+0000] {spark_submit.py:641} INFO - |         27|Sales & Marketing|region_16|      Bachelors|     m|           sourcing|              1| 29|                   2|                6|                    0|         0|                51|
[2025-02-21T07:37:23.445+0000] {spark_submit.py:641} INFO - |         29|        Analytics| region_7|      Bachelors|     m|              other|              1| 28|                   0|                1|                    1|         0|                85|
[2025-02-21T07:37:23.447+0000] {spark_submit.py:641} INFO - |         31|Sales & Marketing|region_15|      Bachelors|     f|              other|              1| 29|                   3|                5|                    1|         0|                49|
[2025-02-21T07:37:23.450+0000] {spark_submit.py:641} INFO - |         40|       Operations| region_7|Masters & above|     f|              other|              1| 34|                   1|                4|                    0|         0|                65|
[2025-02-21T07:37:23.451+0000] {spark_submit.py:641} INFO - |         50|Sales & Marketing|region_19|      Bachelors|     m|              other|              1| 32|                   1|                3|                    0|         0|                48|
[2025-02-21T07:37:23.453+0000] {spark_submit.py:641} INFO - |         55|       Operations|region_19|Masters & above|     f|           sourcing|              1| 33|                   5|                3|                    0|         0|                61|
[2025-02-21T07:37:23.454+0000] {spark_submit.py:641} INFO - |         63|Sales & Marketing| region_8|Masters & above|     m|           sourcing|              1| 35|                   5|                8|                    0|         0|                52|
[2025-02-21T07:37:23.455+0000] {spark_submit.py:641} INFO - |         64|        Analytics| region_4|      Bachelors|     m|              other|              1| 42|                   5|               11|                    1|         0|                80|
[2025-02-21T07:37:23.457+0000] {spark_submit.py:641} INFO - +-----------+-----------------+---------+---------------+------+-------------------+---------------+---+--------------------+-----------------+---------------------+----------+------------------+
[2025-02-21T07:37:23.458+0000] {spark_submit.py:641} INFO - only showing top 20 rows
[2025-02-21T07:37:23.460+0000] {spark_submit.py:641} INFO - 
[2025-02-21T07:37:23.990+0000] {spark_submit.py:641} INFO - Jumlah baris dalam DataFrame: 17415
[2025-02-21T07:37:23.993+0000] {spark_submit.py:641} INFO - Load data berhasil.
[2025-02-21T07:37:24.393+0000] {taskinstance.py:341} INFO - ::group::Post task execution logs
[2025-02-21T07:37:24.397+0000] {taskinstance.py:353} INFO - Marking task as SUCCESS. dag_id=***_v2_etl_dag, task_id=load_task, run_id=manual__2025-02-21T07:31:04.105699+00:00, execution_date=20250221T073104, start_date=20250221T073706, end_date=20250221T073724
[2025-02-21T07:37:24.479+0000] {local_task_job_runner.py:266} INFO - Task exited with return code 0
[2025-02-21T07:37:24.513+0000] {taskinstance.py:3901} INFO - 0 downstream tasks scheduled from follow-on schedule check
[2025-02-21T07:37:24.519+0000] {local_task_job_runner.py:245} INFO - ::endgroup::
