[2025-02-21T07:38:52.908+0000] {local_task_job_runner.py:123} INFO - ::group::Pre task execution logs
[2025-02-21T07:38:52.947+0000] {taskinstance.py:2614} INFO - Dependencies all met for dep_context=non-requeueable deps ti=<TaskInstance: finprode8_v2_etl_dag.load_task manual__2025-02-21T07:31:04.105699+00:00 [queued]>
[2025-02-21T07:38:52.975+0000] {taskinstance.py:2614} INFO - Dependencies all met for dep_context=requeueable deps ti=<TaskInstance: finprode8_v2_etl_dag.load_task manual__2025-02-21T07:31:04.105699+00:00 [queued]>
[2025-02-21T07:38:52.978+0000] {taskinstance.py:2867} INFO - Starting attempt 3 of 3
[2025-02-21T07:38:53.028+0000] {taskinstance.py:2890} INFO - Executing <Task(SparkSubmitOperator): load_task> on 2025-02-21 07:31:04.105699+00:00
[2025-02-21T07:38:53.040+0000] {standard_task_runner.py:72} INFO - Started process 2183 to run task
[2025-02-21T07:38:53.047+0000] {standard_task_runner.py:104} INFO - Running: ['airflow', 'tasks', 'run', '***_v2_etl_dag', 'load_task', 'manual__2025-02-21T07:31:04.105699+00:00', '--job-id', '108', '--raw', '--subdir', 'DAGS_FOLDER/***_v2_etl_dag.py', '--cfg-path', '/tmp/tmpd7p6xgth']
[2025-02-21T07:38:53.058+0000] {standard_task_runner.py:105} INFO - Job 108: Subtask load_task
[2025-02-21T07:38:53.097+0000] {logging_mixin.py:190} WARNING - /home/airflow/.local/lib/python3.9/site-packages/airflow/settings.py:209 DeprecationWarning: The sql_alchemy_conn option in [core] has been moved to the sql_alchemy_conn option in [database] - the old setting has been used, but please update your config.
[2025-02-21T07:38:53.191+0000] {task_command.py:467} INFO - Running <TaskInstance: finprode8_v2_etl_dag.load_task manual__2025-02-21T07:31:04.105699+00:00 [running]> on host ***-airflow-scheduler
[2025-02-21T07:38:53.426+0000] {taskinstance.py:3134} INFO - Exporting env vars: AIRFLOW_CTX_DAG_OWNER='ratih malini' AIRFLOW_CTX_DAG_ID='***_v2_etl_dag' AIRFLOW_CTX_TASK_ID='load_task' AIRFLOW_CTX_EXECUTION_DATE='2025-02-21T07:31:04.105699+00:00' AIRFLOW_CTX_TRY_NUMBER='3' AIRFLOW_CTX_DAG_RUN_ID='manual__2025-02-21T07:31:04.105699+00:00'
[2025-02-21T07:38:53.429+0000] {taskinstance.py:732} INFO - ::endgroup::
[2025-02-21T07:38:53.511+0000] {base.py:84} INFO - Retrieving connection 'spark_main'
[2025-02-21T07:38:53.516+0000] {spark_submit.py:474} INFO - Spark-Submit cmd: spark-submit --master spark://***-spark-master:7077 --packages org.postgresql:postgresql:42.2.18 --name arrow-spark /spark-scripts/***_v2_load.py
[2025-02-21T07:38:55.626+0000] {spark_submit.py:641} INFO - :: loading settings :: url = jar:file:/home/airflow/.local/lib/python3.9/site-packages/pyspark/jars/ivy-2.5.1.jar!/org/apache/ivy/core/settings/ivysettings.xml
[2025-02-21T07:38:55.742+0000] {spark_submit.py:641} INFO - Ivy Default Cache set to: /home/airflow/.ivy2/cache
[2025-02-21T07:38:55.745+0000] {spark_submit.py:641} INFO - The jars for the packages stored in: /home/airflow/.ivy2/jars
[2025-02-21T07:38:55.751+0000] {spark_submit.py:641} INFO - org.postgresql#postgresql added as a dependency
[2025-02-21T07:38:55.754+0000] {spark_submit.py:641} INFO - :: resolving dependencies :: org.apache.spark#spark-submit-parent-79aa61f1-0a8e-47c8-88f9-76817fe0c8cc;1.0
[2025-02-21T07:38:55.756+0000] {spark_submit.py:641} INFO - confs: [default]
[2025-02-21T07:38:55.987+0000] {spark_submit.py:641} INFO - found org.postgresql#postgresql;42.2.18 in central
[2025-02-21T07:38:56.045+0000] {spark_submit.py:641} INFO - found org.checkerframework#checker-qual;3.5.0 in central
[2025-02-21T07:38:56.074+0000] {spark_submit.py:641} INFO - :: resolution report :: resolve 312ms :: artifacts dl 9ms
[2025-02-21T07:38:56.076+0000] {spark_submit.py:641} INFO - :: modules in use:
[2025-02-21T07:38:56.079+0000] {spark_submit.py:641} INFO - org.checkerframework#checker-qual;3.5.0 from central in [default]
[2025-02-21T07:38:56.081+0000] {spark_submit.py:641} INFO - org.postgresql#postgresql;42.2.18 from central in [default]
[2025-02-21T07:38:56.082+0000] {spark_submit.py:641} INFO - ---------------------------------------------------------------------
[2025-02-21T07:38:56.084+0000] {spark_submit.py:641} INFO - |                  |            modules            ||   artifacts   |
[2025-02-21T07:38:56.087+0000] {spark_submit.py:641} INFO - |       conf       | number| search|dwnlded|evicted|| number|dwnlded|
[2025-02-21T07:38:56.090+0000] {spark_submit.py:641} INFO - ---------------------------------------------------------------------
[2025-02-21T07:38:56.091+0000] {spark_submit.py:641} INFO - |      default     |   2   |   0   |   0   |   0   ||   2   |   0   |
[2025-02-21T07:38:56.093+0000] {spark_submit.py:641} INFO - ---------------------------------------------------------------------
[2025-02-21T07:38:56.094+0000] {spark_submit.py:641} INFO - :: retrieving :: org.apache.spark#spark-submit-parent-79aa61f1-0a8e-47c8-88f9-76817fe0c8cc
[2025-02-21T07:38:56.095+0000] {spark_submit.py:641} INFO - confs: [default]
[2025-02-21T07:38:56.097+0000] {spark_submit.py:641} INFO - 0 artifacts copied, 2 already retrieved (0kB/7ms)
[2025-02-21T07:38:56.450+0000] {spark_submit.py:641} INFO - 25/02/21 07:38:56 WARN NativeCodeLoader: Unable to load native-hadoop library for your platform... using builtin-java classes where applicable
[2025-02-21T07:38:58.212+0000] {spark_submit.py:641} INFO - 25/02/21 07:38:58 INFO SparkContext: Running Spark version 3.3.2
[2025-02-21T07:38:58.248+0000] {spark_submit.py:641} INFO - 25/02/21 07:38:58 INFO ResourceUtils: ==============================================================
[2025-02-21T07:38:58.250+0000] {spark_submit.py:641} INFO - 25/02/21 07:38:58 INFO ResourceUtils: No custom resources configured for spark.driver.
[2025-02-21T07:38:58.252+0000] {spark_submit.py:641} INFO - 25/02/21 07:38:58 INFO ResourceUtils: ==============================================================
[2025-02-21T07:38:58.254+0000] {spark_submit.py:641} INFO - 25/02/21 07:38:58 INFO SparkContext: Submitted application: ***_transform
[2025-02-21T07:38:58.283+0000] {spark_submit.py:641} INFO - 25/02/21 07:38:58 INFO ResourceProfile: Default ResourceProfile created, executor resources: Map(cores -> name: cores, amount: 1, script: , vendor: , memory -> name: memory, amount: 1024, script: , vendor: , offHeap -> name: offHeap, amount: 0, script: , vendor: ), task resources: Map(cpus -> name: cpus, amount: 1.0)
[2025-02-21T07:38:58.294+0000] {spark_submit.py:641} INFO - 25/02/21 07:38:58 INFO ResourceProfile: Limiting resource is cpu
[2025-02-21T07:38:58.296+0000] {spark_submit.py:641} INFO - 25/02/21 07:38:58 INFO ResourceProfileManager: Added ResourceProfile id: 0
[2025-02-21T07:38:58.357+0000] {spark_submit.py:641} INFO - 25/02/21 07:38:58 INFO SecurityManager: Changing view acls to: airflow
[2025-02-21T07:38:58.360+0000] {spark_submit.py:641} INFO - 25/02/21 07:38:58 INFO SecurityManager: Changing modify acls to: airflow
[2025-02-21T07:38:58.363+0000] {spark_submit.py:641} INFO - 25/02/21 07:38:58 INFO SecurityManager: Changing view acls groups to:
[2025-02-21T07:38:58.366+0000] {spark_submit.py:641} INFO - 25/02/21 07:38:58 INFO SecurityManager: Changing modify acls groups to:
[2025-02-21T07:38:58.370+0000] {spark_submit.py:641} INFO - 25/02/21 07:38:58 INFO SecurityManager: SecurityManager: authentication disabled; ui acls disabled; users  with view permissions: Set(airflow); groups with view permissions: Set(); users  with modify permissions: Set(airflow); groups with modify permissions: Set()
[2025-02-21T07:38:58.682+0000] {spark_submit.py:641} INFO - 25/02/21 07:38:58 INFO Utils: Successfully started service 'sparkDriver' on port 46443.
[2025-02-21T07:38:58.711+0000] {spark_submit.py:641} INFO - 25/02/21 07:38:58 INFO SparkEnv: Registering MapOutputTracker
[2025-02-21T07:38:58.764+0000] {spark_submit.py:641} INFO - 25/02/21 07:38:58 INFO SparkEnv: Registering BlockManagerMaster
[2025-02-21T07:38:58.795+0000] {spark_submit.py:641} INFO - 25/02/21 07:38:58 INFO BlockManagerMasterEndpoint: Using org.apache.spark.storage.DefaultTopologyMapper for getting topology information
[2025-02-21T07:38:58.797+0000] {spark_submit.py:641} INFO - 25/02/21 07:38:58 INFO BlockManagerMasterEndpoint: BlockManagerMasterEndpoint up
[2025-02-21T07:38:58.807+0000] {spark_submit.py:641} INFO - 25/02/21 07:38:58 INFO SparkEnv: Registering BlockManagerMasterHeartbeat
[2025-02-21T07:38:58.835+0000] {spark_submit.py:641} INFO - 25/02/21 07:38:58 INFO DiskBlockManager: Created local directory at /tmp/blockmgr-31185cac-9c53-4f22-a465-0d2983d77f04
[2025-02-21T07:38:58.856+0000] {spark_submit.py:641} INFO - 25/02/21 07:38:58 INFO MemoryStore: MemoryStore started with capacity 434.4 MiB
[2025-02-21T07:38:58.877+0000] {spark_submit.py:641} INFO - 25/02/21 07:38:58 INFO SparkEnv: Registering OutputCommitCoordinator
[2025-02-21T07:38:59.136+0000] {spark_submit.py:641} INFO - 25/02/21 07:38:59 INFO Utils: Successfully started service 'SparkUI' on port 4040.
[2025-02-21T07:38:59.185+0000] {spark_submit.py:641} INFO - 25/02/21 07:38:59 INFO SparkContext: Added JAR /spark-scripts/jars/postgresql-42.2.18.jar at spark://***-airflow-scheduler:46443/jars/postgresql-42.2.18.jar with timestamp 1740123538201
[2025-02-21T07:38:59.187+0000] {spark_submit.py:641} INFO - 25/02/21 07:38:59 INFO SparkContext: Added file file:///home/airflow/.ivy2/jars/org.postgresql_postgresql-42.2.18.jar at file:///home/airflow/.ivy2/jars/org.postgresql_postgresql-42.2.18.jar with timestamp 1740123538201
[2025-02-21T07:38:59.189+0000] {spark_submit.py:641} INFO - 25/02/21 07:38:59 INFO Utils: Copying /home/airflow/.ivy2/jars/org.postgresql_postgresql-42.2.18.jar to /tmp/spark-1e62d185-2491-4656-9768-a9bb5e4a914a/userFiles-4c474ff4-e42e-4ae0-a97c-f210760c6257/org.postgresql_postgresql-42.2.18.jar
[2025-02-21T07:38:59.201+0000] {spark_submit.py:641} INFO - 25/02/21 07:38:59 INFO SparkContext: Added file file:///home/airflow/.ivy2/jars/org.checkerframework_checker-qual-3.5.0.jar at file:///home/airflow/.ivy2/jars/org.checkerframework_checker-qual-3.5.0.jar with timestamp 1740123538201
[2025-02-21T07:38:59.204+0000] {spark_submit.py:641} INFO - 25/02/21 07:38:59 INFO Utils: Copying /home/airflow/.ivy2/jars/org.checkerframework_checker-qual-3.5.0.jar to /tmp/spark-1e62d185-2491-4656-9768-a9bb5e4a914a/userFiles-4c474ff4-e42e-4ae0-a97c-f210760c6257/org.checkerframework_checker-qual-3.5.0.jar
[2025-02-21T07:38:59.284+0000] {spark_submit.py:641} INFO - 25/02/21 07:38:59 INFO Executor: Starting executor ID driver on host ***-airflow-scheduler
[2025-02-21T07:38:59.292+0000] {spark_submit.py:641} INFO - 25/02/21 07:38:59 INFO Executor: Starting executor with user classpath (userClassPathFirst = false): ''
[2025-02-21T07:38:59.303+0000] {spark_submit.py:641} INFO - 25/02/21 07:38:59 INFO Executor: Fetching file:///home/airflow/.ivy2/jars/org.postgresql_postgresql-42.2.18.jar with timestamp 1740123538201
[2025-02-21T07:38:59.331+0000] {spark_submit.py:641} INFO - 25/02/21 07:38:59 INFO Utils: /home/airflow/.ivy2/jars/org.postgresql_postgresql-42.2.18.jar has been previously copied to /tmp/spark-1e62d185-2491-4656-9768-a9bb5e4a914a/userFiles-4c474ff4-e42e-4ae0-a97c-f210760c6257/org.postgresql_postgresql-42.2.18.jar
[2025-02-21T07:38:59.338+0000] {spark_submit.py:641} INFO - 25/02/21 07:38:59 INFO Executor: Fetching file:///home/airflow/.ivy2/jars/org.checkerframework_checker-qual-3.5.0.jar with timestamp 1740123538201
[2025-02-21T07:38:59.341+0000] {spark_submit.py:641} INFO - 25/02/21 07:38:59 INFO Utils: /home/airflow/.ivy2/jars/org.checkerframework_checker-qual-3.5.0.jar has been previously copied to /tmp/spark-1e62d185-2491-4656-9768-a9bb5e4a914a/userFiles-4c474ff4-e42e-4ae0-a97c-f210760c6257/org.checkerframework_checker-qual-3.5.0.jar
[2025-02-21T07:38:59.354+0000] {spark_submit.py:641} INFO - 25/02/21 07:38:59 INFO Executor: Fetching spark://***-airflow-scheduler:46443/jars/postgresql-42.2.18.jar with timestamp 1740123538201
[2025-02-21T07:38:59.410+0000] {spark_submit.py:641} INFO - 25/02/21 07:38:59 INFO TransportClientFactory: Successfully created connection to ***-airflow-scheduler/172.19.0.4:46443 after 41 ms (0 ms spent in bootstraps)
[2025-02-21T07:38:59.420+0000] {spark_submit.py:641} INFO - 25/02/21 07:38:59 INFO Utils: Fetching spark://***-airflow-scheduler:46443/jars/postgresql-42.2.18.jar to /tmp/spark-1e62d185-2491-4656-9768-a9bb5e4a914a/userFiles-4c474ff4-e42e-4ae0-a97c-f210760c6257/fetchFileTemp7138569336349632836.tmp
[2025-02-21T07:38:59.529+0000] {spark_submit.py:641} INFO - 25/02/21 07:38:59 INFO Executor: Adding file:/tmp/spark-1e62d185-2491-4656-9768-a9bb5e4a914a/userFiles-4c474ff4-e42e-4ae0-a97c-f210760c6257/postgresql-42.2.18.jar to class loader
[2025-02-21T07:38:59.546+0000] {spark_submit.py:641} INFO - 25/02/21 07:38:59 INFO Utils: Successfully started service 'org.apache.spark.network.netty.NettyBlockTransferService' on port 37281.
[2025-02-21T07:38:59.549+0000] {spark_submit.py:641} INFO - 25/02/21 07:38:59 INFO NettyBlockTransferService: Server created on ***-airflow-scheduler:37281
[2025-02-21T07:38:59.552+0000] {spark_submit.py:641} INFO - 25/02/21 07:38:59 INFO BlockManager: Using org.apache.spark.storage.RandomBlockReplicationPolicy for block replication policy
[2025-02-21T07:38:59.564+0000] {spark_submit.py:641} INFO - 25/02/21 07:38:59 INFO BlockManagerMaster: Registering BlockManager BlockManagerId(driver, ***-airflow-scheduler, 37281, None)
[2025-02-21T07:38:59.572+0000] {spark_submit.py:641} INFO - 25/02/21 07:38:59 INFO BlockManagerMasterEndpoint: Registering block manager ***-airflow-scheduler:37281 with 434.4 MiB RAM, BlockManagerId(driver, ***-airflow-scheduler, 37281, None)
[2025-02-21T07:38:59.576+0000] {spark_submit.py:641} INFO - 25/02/21 07:38:59 INFO BlockManagerMaster: Registered BlockManager BlockManagerId(driver, ***-airflow-scheduler, 37281, None)
[2025-02-21T07:38:59.579+0000] {spark_submit.py:641} INFO - 25/02/21 07:38:59 INFO BlockManager: Initialized BlockManager: BlockManagerId(driver, ***-airflow-scheduler, 37281, None)
[2025-02-21T07:39:09.242+0000] {spark_submit.py:641} INFO - ---------------- MENAMPILKAN DATA HASIL TRANSFORMASI YANG SUDAH DILOAD KE POSTGRES ----------------
[2025-02-21T07:39:09.840+0000] {spark_submit.py:641} INFO - +-----------+-----------------+---------+---------------+------+-------------------+---------------+---+--------------------+-----------------+---------------------+----------+------------------+
[2025-02-21T07:39:09.843+0000] {spark_submit.py:641} INFO - |employee_id|       department|   region|      education|gender|recruitment_channel|no_of_trainings|age|previous_year_rating|length_of_service|KPIs_met_more_than_80|awards_won|avg_training_score|
[2025-02-21T07:39:09.846+0000] {spark_submit.py:641} INFO - +-----------+-----------------+---------+---------------+------+-------------------+---------------+---+--------------------+-----------------+---------------------+----------+------------------+
[2025-02-21T07:39:09.848+0000] {spark_submit.py:641} INFO - |          3|      Procurement|region_22|Masters & above|     f|              other|              1| 38|                   5|                4|                    1|         0|                67|
[2025-02-21T07:39:09.850+0000] {spark_submit.py:641} INFO - |          6|Sales & Marketing|region_15|      Bachelors|     f|              other|              1| 38|                   3|               10|                    0|         0|                50|
[2025-02-21T07:39:09.852+0000] {spark_submit.py:641} INFO - |         11|       Technology| region_4|Masters & above|     f|           sourcing|              1| 39|                   4|               12|                    1|         0|                72|
[2025-02-21T07:39:09.854+0000] {spark_submit.py:641} INFO - |         13|Sales & Marketing|region_17|      Bachelors|     m|              other|              1| 38|                   1|                5|                    1|         0|                47|
[2025-02-21T07:39:09.857+0000] {spark_submit.py:641} INFO - |         16|Sales & Marketing| region_4|Masters & above|     m|           sourcing|              1| 40|                   5|                5|                    0|         0|                53|
[2025-02-21T07:39:09.859+0000] {spark_submit.py:641} INFO - |         17|Sales & Marketing| region_7|      Bachelors|     m|           sourcing|              1| 50|                   5|               13|                    0|         0|                47|
[2025-02-21T07:39:09.861+0000] {spark_submit.py:641} INFO - |         19|               HR| region_2|Masters & above|     f|              other|              1| 50|                   4|                7|                    1|         0|                45|
[2025-02-21T07:39:09.863+0000] {spark_submit.py:641} INFO - |         20|        Analytics|region_21|      Bachelors|     m|           sourcing|              1| 27|                   0|                1|                    1|         0|                89|
[2025-02-21T07:39:09.865+0000] {spark_submit.py:641} INFO - |         21|        Analytics| region_8|      Bachelors|     m|           sourcing|              2| 28|                   2|                3|                    1|         0|                85|
[2025-02-21T07:39:09.867+0000] {spark_submit.py:641} INFO - |         22|       Technology| region_2|Masters & above|     f|              other|              1| 57|                   4|               18|                    1|         0|                77|
[2025-02-21T07:39:09.869+0000] {spark_submit.py:641} INFO - |         23|Sales & Marketing|region_16|      Bachelors|     f|           sourcing|              1| 42|                   1|                3|                    0|         0|                46|
[2025-02-21T07:39:09.871+0000] {spark_submit.py:641} INFO - |         24|               HR|region_28|Masters & above|     f|              other|              1| 32|                   1|                5|                    1|         0|                51|
[2025-02-21T07:39:09.873+0000] {spark_submit.py:641} INFO - |         27|Sales & Marketing|region_16|      Bachelors|     m|           sourcing|              1| 29|                   2|                6|                    0|         0|                51|
[2025-02-21T07:39:09.875+0000] {spark_submit.py:641} INFO - |         29|        Analytics| region_7|      Bachelors|     m|              other|              1| 28|                   0|                1|                    1|         0|                85|
[2025-02-21T07:39:09.876+0000] {spark_submit.py:641} INFO - |         31|Sales & Marketing|region_15|      Bachelors|     f|              other|              1| 29|                   3|                5|                    1|         0|                49|
[2025-02-21T07:39:09.878+0000] {spark_submit.py:641} INFO - |         40|       Operations| region_7|Masters & above|     f|              other|              1| 34|                   1|                4|                    0|         0|                65|
[2025-02-21T07:39:09.880+0000] {spark_submit.py:641} INFO - |         50|Sales & Marketing|region_19|      Bachelors|     m|              other|              1| 32|                   1|                3|                    0|         0|                48|
[2025-02-21T07:39:09.882+0000] {spark_submit.py:641} INFO - |         55|       Operations|region_19|Masters & above|     f|           sourcing|              1| 33|                   5|                3|                    0|         0|                61|
[2025-02-21T07:39:09.884+0000] {spark_submit.py:641} INFO - |         63|Sales & Marketing| region_8|Masters & above|     m|           sourcing|              1| 35|                   5|                8|                    0|         0|                52|
[2025-02-21T07:39:09.886+0000] {spark_submit.py:641} INFO - |         64|        Analytics| region_4|      Bachelors|     m|              other|              1| 42|                   5|               11|                    1|         0|                80|
[2025-02-21T07:39:09.888+0000] {spark_submit.py:641} INFO - +-----------+-----------------+---------+---------------+------+-------------------+---------------+---+--------------------+-----------------+---------------------+----------+------------------+
[2025-02-21T07:39:09.890+0000] {spark_submit.py:641} INFO - only showing top 20 rows
[2025-02-21T07:39:09.892+0000] {spark_submit.py:641} INFO - 
[2025-02-21T07:39:10.518+0000] {spark_submit.py:641} INFO - Jumlah baris dalam DataFrame: 17415
[2025-02-21T07:39:10.521+0000] {spark_submit.py:641} INFO - Load data berhasil.
[2025-02-21T07:39:11.104+0000] {taskinstance.py:341} INFO - ::group::Post task execution logs
[2025-02-21T07:39:11.108+0000] {taskinstance.py:353} INFO - Marking task as SUCCESS. dag_id=***_v2_etl_dag, task_id=load_task, run_id=manual__2025-02-21T07:31:04.105699+00:00, execution_date=20250221T073104, start_date=20250221T073852, end_date=20250221T073911
[2025-02-21T07:39:11.198+0000] {local_task_job_runner.py:266} INFO - Task exited with return code 0
[2025-02-21T07:39:11.238+0000] {taskinstance.py:3901} INFO - 0 downstream tasks scheduled from follow-on schedule check
[2025-02-21T07:39:11.243+0000] {local_task_job_runner.py:245} INFO - ::endgroup::
