[2025-02-21T07:32:24.983+0000] {local_task_job_runner.py:123} INFO - ::group::Pre task execution logs
[2025-02-21T07:32:25.064+0000] {taskinstance.py:2614} INFO - Dependencies all met for dep_context=non-requeueable deps ti=<TaskInstance: finprode8_v2_etl_dag.load_task manual__2025-02-21T07:31:04.105699+00:00 [queued]>
[2025-02-21T07:32:25.106+0000] {taskinstance.py:2614} INFO - Dependencies all met for dep_context=requeueable deps ti=<TaskInstance: finprode8_v2_etl_dag.load_task manual__2025-02-21T07:31:04.105699+00:00 [queued]>
[2025-02-21T07:32:25.108+0000] {taskinstance.py:2867} INFO - Starting attempt 1 of 1
[2025-02-21T07:32:25.148+0000] {taskinstance.py:2890} INFO - Executing <Task(SparkSubmitOperator): load_task> on 2025-02-21 07:31:04.105699+00:00
[2025-02-21T07:32:25.158+0000] {standard_task_runner.py:72} INFO - Started process 955 to run task
[2025-02-21T07:32:25.164+0000] {standard_task_runner.py:104} INFO - Running: ['airflow', 'tasks', 'run', '***_v2_etl_dag', 'load_task', 'manual__2025-02-21T07:31:04.105699+00:00', '--job-id', '103', '--raw', '--subdir', 'DAGS_FOLDER/***_v2_etl_dag.py', '--cfg-path', '/tmp/tmpw1x6j9c0']
[2025-02-21T07:32:25.169+0000] {standard_task_runner.py:105} INFO - Job 103: Subtask load_task
[2025-02-21T07:32:25.194+0000] {logging_mixin.py:190} WARNING - /home/airflow/.local/lib/python3.9/site-packages/airflow/settings.py:209 DeprecationWarning: The sql_alchemy_conn option in [core] has been moved to the sql_alchemy_conn option in [database] - the old setting has been used, but please update your config.
[2025-02-21T07:32:25.268+0000] {task_command.py:467} INFO - Running <TaskInstance: finprode8_v2_etl_dag.load_task manual__2025-02-21T07:31:04.105699+00:00 [running]> on host ***-airflow-scheduler
[2025-02-21T07:32:25.488+0000] {taskinstance.py:3134} INFO - Exporting env vars: AIRFLOW_CTX_DAG_OWNER='ratih malini' AIRFLOW_CTX_DAG_ID='***_v2_etl_dag' AIRFLOW_CTX_TASK_ID='load_task' AIRFLOW_CTX_EXECUTION_DATE='2025-02-21T07:31:04.105699+00:00' AIRFLOW_CTX_TRY_NUMBER='1' AIRFLOW_CTX_DAG_RUN_ID='manual__2025-02-21T07:31:04.105699+00:00'
[2025-02-21T07:32:25.494+0000] {taskinstance.py:732} INFO - ::endgroup::
[2025-02-21T07:32:25.589+0000] {base.py:84} INFO - Retrieving connection 'spark_main'
[2025-02-21T07:32:25.593+0000] {spark_submit.py:474} INFO - Spark-Submit cmd: spark-submit --master spark://***-spark-master:7077 --packages org.postgresql:postgresql:42.2.18 --name arrow-spark /spark-scripts/***_v2_load.py
[2025-02-21T07:32:28.013+0000] {spark_submit.py:641} INFO - :: loading settings :: url = jar:file:/home/airflow/.local/lib/python3.9/site-packages/pyspark/jars/ivy-2.5.1.jar!/org/apache/ivy/core/settings/ivysettings.xml
[2025-02-21T07:32:28.128+0000] {spark_submit.py:641} INFO - Ivy Default Cache set to: /home/airflow/.ivy2/cache
[2025-02-21T07:32:28.131+0000] {spark_submit.py:641} INFO - The jars for the packages stored in: /home/airflow/.ivy2/jars
[2025-02-21T07:32:28.136+0000] {spark_submit.py:641} INFO - org.postgresql#postgresql added as a dependency
[2025-02-21T07:32:28.138+0000] {spark_submit.py:641} INFO - :: resolving dependencies :: org.apache.spark#spark-submit-parent-3526ac18-2eae-4dd8-902e-312d9fab12f0;1.0
[2025-02-21T07:32:28.140+0000] {spark_submit.py:641} INFO - confs: [default]
[2025-02-21T07:32:28.400+0000] {spark_submit.py:641} INFO - found org.postgresql#postgresql;42.2.18 in central
[2025-02-21T07:32:28.453+0000] {spark_submit.py:641} INFO - found org.checkerframework#checker-qual;3.5.0 in central
[2025-02-21T07:32:28.491+0000] {spark_submit.py:641} INFO - :: resolution report :: resolve 333ms :: artifacts dl 20ms
[2025-02-21T07:32:28.493+0000] {spark_submit.py:641} INFO - :: modules in use:
[2025-02-21T07:32:28.505+0000] {spark_submit.py:641} INFO - org.checkerframework#checker-qual;3.5.0 from central in [default]
[2025-02-21T07:32:28.506+0000] {spark_submit.py:641} INFO - org.postgresql#postgresql;42.2.18 from central in [default]
[2025-02-21T07:32:28.509+0000] {spark_submit.py:641} INFO - ---------------------------------------------------------------------
[2025-02-21T07:32:28.520+0000] {spark_submit.py:641} INFO - |                  |            modules            ||   artifacts   |
[2025-02-21T07:32:28.522+0000] {spark_submit.py:641} INFO - |       conf       | number| search|dwnlded|evicted|| number|dwnlded|
[2025-02-21T07:32:28.523+0000] {spark_submit.py:641} INFO - ---------------------------------------------------------------------
[2025-02-21T07:32:28.544+0000] {spark_submit.py:641} INFO - |      default     |   2   |   0   |   0   |   0   ||   2   |   0   |
[2025-02-21T07:32:28.548+0000] {spark_submit.py:641} INFO - ---------------------------------------------------------------------
[2025-02-21T07:32:28.551+0000] {spark_submit.py:641} INFO - :: retrieving :: org.apache.spark#spark-submit-parent-3526ac18-2eae-4dd8-902e-312d9fab12f0
[2025-02-21T07:32:28.554+0000] {spark_submit.py:641} INFO - confs: [default]
[2025-02-21T07:32:28.557+0000] {spark_submit.py:641} INFO - 0 artifacts copied, 2 already retrieved (0kB/21ms)
[2025-02-21T07:32:28.986+0000] {spark_submit.py:641} INFO - 25/02/21 07:32:28 WARN NativeCodeLoader: Unable to load native-hadoop library for your platform... using builtin-java classes where applicable
[2025-02-21T07:32:30.865+0000] {spark_submit.py:641} INFO - 25/02/21 07:32:30 INFO SparkContext: Running Spark version 3.3.2
[2025-02-21T07:32:30.906+0000] {spark_submit.py:641} INFO - 25/02/21 07:32:30 INFO ResourceUtils: ==============================================================
[2025-02-21T07:32:30.909+0000] {spark_submit.py:641} INFO - 25/02/21 07:32:30 INFO ResourceUtils: No custom resources configured for spark.driver.
[2025-02-21T07:32:30.911+0000] {spark_submit.py:641} INFO - 25/02/21 07:32:30 INFO ResourceUtils: ==============================================================
[2025-02-21T07:32:30.913+0000] {spark_submit.py:641} INFO - 25/02/21 07:32:30 INFO SparkContext: Submitted application: ***_transform
[2025-02-21T07:32:30.953+0000] {spark_submit.py:641} INFO - 25/02/21 07:32:30 INFO ResourceProfile: Default ResourceProfile created, executor resources: Map(cores -> name: cores, amount: 1, script: , vendor: , memory -> name: memory, amount: 1024, script: , vendor: , offHeap -> name: offHeap, amount: 0, script: , vendor: ), task resources: Map(cpus -> name: cpus, amount: 1.0)
[2025-02-21T07:32:30.971+0000] {spark_submit.py:641} INFO - 25/02/21 07:32:30 INFO ResourceProfile: Limiting resource is cpu
[2025-02-21T07:32:30.973+0000] {spark_submit.py:641} INFO - 25/02/21 07:32:30 INFO ResourceProfileManager: Added ResourceProfile id: 0
[2025-02-21T07:32:31.076+0000] {spark_submit.py:641} INFO - 25/02/21 07:32:31 INFO SecurityManager: Changing view acls to: airflow
[2025-02-21T07:32:31.078+0000] {spark_submit.py:641} INFO - 25/02/21 07:32:31 INFO SecurityManager: Changing modify acls to: airflow
[2025-02-21T07:32:31.080+0000] {spark_submit.py:641} INFO - 25/02/21 07:32:31 INFO SecurityManager: Changing view acls groups to:
[2025-02-21T07:32:31.083+0000] {spark_submit.py:641} INFO - 25/02/21 07:32:31 INFO SecurityManager: Changing modify acls groups to:
[2025-02-21T07:32:31.085+0000] {spark_submit.py:641} INFO - 25/02/21 07:32:31 INFO SecurityManager: SecurityManager: authentication disabled; ui acls disabled; users  with view permissions: Set(airflow); groups with view permissions: Set(); users  with modify permissions: Set(airflow); groups with modify permissions: Set()
[2025-02-21T07:32:31.430+0000] {spark_submit.py:641} INFO - 25/02/21 07:32:31 INFO Utils: Successfully started service 'sparkDriver' on port 36657.
[2025-02-21T07:32:31.486+0000] {spark_submit.py:641} INFO - 25/02/21 07:32:31 INFO SparkEnv: Registering MapOutputTracker
[2025-02-21T07:32:31.542+0000] {spark_submit.py:641} INFO - 25/02/21 07:32:31 INFO SparkEnv: Registering BlockManagerMaster
[2025-02-21T07:32:31.573+0000] {spark_submit.py:641} INFO - 25/02/21 07:32:31 INFO BlockManagerMasterEndpoint: Using org.apache.spark.storage.DefaultTopologyMapper for getting topology information
[2025-02-21T07:32:31.576+0000] {spark_submit.py:641} INFO - 25/02/21 07:32:31 INFO BlockManagerMasterEndpoint: BlockManagerMasterEndpoint up
[2025-02-21T07:32:31.582+0000] {spark_submit.py:641} INFO - 25/02/21 07:32:31 INFO SparkEnv: Registering BlockManagerMasterHeartbeat
[2025-02-21T07:32:31.619+0000] {spark_submit.py:641} INFO - 25/02/21 07:32:31 INFO DiskBlockManager: Created local directory at /tmp/blockmgr-600a350e-2079-4004-805b-1d2565018983
[2025-02-21T07:32:31.645+0000] {spark_submit.py:641} INFO - 25/02/21 07:32:31 INFO MemoryStore: MemoryStore started with capacity 434.4 MiB
[2025-02-21T07:32:31.666+0000] {spark_submit.py:641} INFO - 25/02/21 07:32:31 INFO SparkEnv: Registering OutputCommitCoordinator
[2025-02-21T07:32:32.014+0000] {spark_submit.py:641} INFO - 25/02/21 07:32:32 INFO Utils: Successfully started service 'SparkUI' on port 4040.
[2025-02-21T07:32:32.068+0000] {spark_submit.py:641} INFO - 25/02/21 07:32:32 INFO SparkContext: Added JAR /spark-scripts/jars/postgresql-42.2.18.jar at spark://***-airflow-scheduler:36657/jars/postgresql-42.2.18.jar with timestamp 1740123150853
[2025-02-21T07:32:32.072+0000] {spark_submit.py:641} INFO - 25/02/21 07:32:32 INFO SparkContext: Added file file:///home/airflow/.ivy2/jars/org.postgresql_postgresql-42.2.18.jar at file:///home/airflow/.ivy2/jars/org.postgresql_postgresql-42.2.18.jar with timestamp 1740123150853
[2025-02-21T07:32:32.073+0000] {spark_submit.py:641} INFO - 25/02/21 07:32:32 INFO Utils: Copying /home/airflow/.ivy2/jars/org.postgresql_postgresql-42.2.18.jar to /tmp/spark-1e5b3c1c-9a7a-4098-bfba-17296c6fddf0/userFiles-7afbe0c5-72af-43ce-8831-3ad495933443/org.postgresql_postgresql-42.2.18.jar
[2025-02-21T07:32:32.091+0000] {spark_submit.py:641} INFO - 25/02/21 07:32:32 INFO SparkContext: Added file file:///home/airflow/.ivy2/jars/org.checkerframework_checker-qual-3.5.0.jar at file:///home/airflow/.ivy2/jars/org.checkerframework_checker-qual-3.5.0.jar with timestamp 1740123150853
[2025-02-21T07:32:32.093+0000] {spark_submit.py:641} INFO - 25/02/21 07:32:32 INFO Utils: Copying /home/airflow/.ivy2/jars/org.checkerframework_checker-qual-3.5.0.jar to /tmp/spark-1e5b3c1c-9a7a-4098-bfba-17296c6fddf0/userFiles-7afbe0c5-72af-43ce-8831-3ad495933443/org.checkerframework_checker-qual-3.5.0.jar
[2025-02-21T07:32:32.170+0000] {spark_submit.py:641} INFO - 25/02/21 07:32:32 INFO Executor: Starting executor ID driver on host ***-airflow-scheduler
[2025-02-21T07:32:32.178+0000] {spark_submit.py:641} INFO - 25/02/21 07:32:32 INFO Executor: Starting executor with user classpath (userClassPathFirst = false): ''
[2025-02-21T07:32:32.194+0000] {spark_submit.py:641} INFO - 25/02/21 07:32:32 INFO Executor: Fetching file:///home/airflow/.ivy2/jars/org.postgresql_postgresql-42.2.18.jar with timestamp 1740123150853
[2025-02-21T07:32:32.242+0000] {spark_submit.py:641} INFO - 25/02/21 07:32:32 INFO Utils: /home/airflow/.ivy2/jars/org.postgresql_postgresql-42.2.18.jar has been previously copied to /tmp/spark-1e5b3c1c-9a7a-4098-bfba-17296c6fddf0/userFiles-7afbe0c5-72af-43ce-8831-3ad495933443/org.postgresql_postgresql-42.2.18.jar
[2025-02-21T07:32:32.248+0000] {spark_submit.py:641} INFO - 25/02/21 07:32:32 INFO Executor: Fetching file:///home/airflow/.ivy2/jars/org.checkerframework_checker-qual-3.5.0.jar with timestamp 1740123150853
[2025-02-21T07:32:32.251+0000] {spark_submit.py:641} INFO - 25/02/21 07:32:32 INFO Utils: /home/airflow/.ivy2/jars/org.checkerframework_checker-qual-3.5.0.jar has been previously copied to /tmp/spark-1e5b3c1c-9a7a-4098-bfba-17296c6fddf0/userFiles-7afbe0c5-72af-43ce-8831-3ad495933443/org.checkerframework_checker-qual-3.5.0.jar
[2025-02-21T07:32:32.258+0000] {spark_submit.py:641} INFO - 25/02/21 07:32:32 INFO Executor: Fetching spark://***-airflow-scheduler:36657/jars/postgresql-42.2.18.jar with timestamp 1740123150853
[2025-02-21T07:32:32.314+0000] {spark_submit.py:641} INFO - 25/02/21 07:32:32 INFO TransportClientFactory: Successfully created connection to ***-airflow-scheduler/172.19.0.4:36657 after 38 ms (0 ms spent in bootstraps)
[2025-02-21T07:32:32.321+0000] {spark_submit.py:641} INFO - 25/02/21 07:32:32 INFO Utils: Fetching spark://***-airflow-scheduler:36657/jars/postgresql-42.2.18.jar to /tmp/spark-1e5b3c1c-9a7a-4098-bfba-17296c6fddf0/userFiles-7afbe0c5-72af-43ce-8831-3ad495933443/fetchFileTemp345710736674879284.tmp
[2025-02-21T07:32:32.427+0000] {spark_submit.py:641} INFO - 25/02/21 07:32:32 INFO Executor: Adding file:/tmp/spark-1e5b3c1c-9a7a-4098-bfba-17296c6fddf0/userFiles-7afbe0c5-72af-43ce-8831-3ad495933443/postgresql-42.2.18.jar to class loader
[2025-02-21T07:32:32.440+0000] {spark_submit.py:641} INFO - 25/02/21 07:32:32 INFO Utils: Successfully started service 'org.apache.spark.network.netty.NettyBlockTransferService' on port 44073.
[2025-02-21T07:32:32.446+0000] {spark_submit.py:641} INFO - 25/02/21 07:32:32 INFO NettyBlockTransferService: Server created on ***-airflow-scheduler:44073
[2025-02-21T07:32:32.448+0000] {spark_submit.py:641} INFO - 25/02/21 07:32:32 INFO BlockManager: Using org.apache.spark.storage.RandomBlockReplicationPolicy for block replication policy
[2025-02-21T07:32:32.456+0000] {spark_submit.py:641} INFO - 25/02/21 07:32:32 INFO BlockManagerMaster: Registering BlockManager BlockManagerId(driver, ***-airflow-scheduler, 44073, None)
[2025-02-21T07:32:32.463+0000] {spark_submit.py:641} INFO - 25/02/21 07:32:32 INFO BlockManagerMasterEndpoint: Registering block manager ***-airflow-scheduler:44073 with 434.4 MiB RAM, BlockManagerId(driver, ***-airflow-scheduler, 44073, None)
[2025-02-21T07:32:32.467+0000] {spark_submit.py:641} INFO - 25/02/21 07:32:32 INFO BlockManagerMaster: Registered BlockManager BlockManagerId(driver, ***-airflow-scheduler, 44073, None)
[2025-02-21T07:32:32.469+0000] {spark_submit.py:641} INFO - 25/02/21 07:32:32 INFO BlockManager: Initialized BlockManager: BlockManagerId(driver, ***-airflow-scheduler, 44073, None)
[2025-02-21T07:32:41.382+0000] {spark_submit.py:641} INFO - ---------------- MENAMPILKAN DATA HASIL TRANSFORMASI YANG SUDAH DILOAD KE POSTGRES ----------------
[2025-02-21T07:32:41.735+0000] {spark_submit.py:641} INFO - +-----------+-----------------+---------+---------------+------+-------------------+---------------+---+--------------------+-----------------+---------------------+----------+------------------+
[2025-02-21T07:32:41.737+0000] {spark_submit.py:641} INFO - |employee_id|       department|   region|      education|gender|recruitment_channel|no_of_trainings|age|previous_year_rating|length_of_service|KPIs_met_more_than_80|awards_won|avg_training_score|
[2025-02-21T07:32:41.738+0000] {spark_submit.py:641} INFO - +-----------+-----------------+---------+---------------+------+-------------------+---------------+---+--------------------+-----------------+---------------------+----------+------------------+
[2025-02-21T07:32:41.740+0000] {spark_submit.py:641} INFO - |          3|      Procurement|region_22|Masters & above|     f|              other|              1| 38|                   5|                4|                    1|         0|                67|
[2025-02-21T07:32:41.741+0000] {spark_submit.py:641} INFO - |          6|Sales & Marketing|region_15|      Bachelors|     f|              other|              1| 38|                   3|               10|                    0|         0|                50|
[2025-02-21T07:32:41.743+0000] {spark_submit.py:641} INFO - |         11|       Technology| region_4|Masters & above|     f|           sourcing|              1| 39|                   4|               12|                    1|         0|                72|
[2025-02-21T07:32:41.744+0000] {spark_submit.py:641} INFO - |         13|Sales & Marketing|region_17|      Bachelors|     m|              other|              1| 38|                   1|                5|                    1|         0|                47|
[2025-02-21T07:32:41.746+0000] {spark_submit.py:641} INFO - |         16|Sales & Marketing| region_4|Masters & above|     m|           sourcing|              1| 40|                   5|                5|                    0|         0|                53|
[2025-02-21T07:32:41.748+0000] {spark_submit.py:641} INFO - |         17|Sales & Marketing| region_7|      Bachelors|     m|           sourcing|              1| 50|                   5|               13|                    0|         0|                47|
[2025-02-21T07:32:41.749+0000] {spark_submit.py:641} INFO - |         19|               HR| region_2|Masters & above|     f|              other|              1| 50|                   4|                7|                    1|         0|                45|
[2025-02-21T07:32:41.750+0000] {spark_submit.py:641} INFO - |         20|        Analytics|region_21|      Bachelors|     m|           sourcing|              1| 27|                   0|                1|                    1|         0|                89|
[2025-02-21T07:32:41.751+0000] {spark_submit.py:641} INFO - |         21|        Analytics| region_8|      Bachelors|     m|           sourcing|              2| 28|                   2|                3|                    1|         0|                85|
[2025-02-21T07:32:41.753+0000] {spark_submit.py:641} INFO - |         22|       Technology| region_2|Masters & above|     f|              other|              1| 57|                   4|               18|                    1|         0|                77|
[2025-02-21T07:32:41.755+0000] {spark_submit.py:641} INFO - |         23|Sales & Marketing|region_16|      Bachelors|     f|           sourcing|              1| 42|                   1|                3|                    0|         0|                46|
[2025-02-21T07:32:41.756+0000] {spark_submit.py:641} INFO - |         24|               HR|region_28|Masters & above|     f|              other|              1| 32|                   1|                5|                    1|         0|                51|
[2025-02-21T07:32:41.757+0000] {spark_submit.py:641} INFO - |         27|Sales & Marketing|region_16|      Bachelors|     m|           sourcing|              1| 29|                   2|                6|                    0|         0|                51|
[2025-02-21T07:32:41.759+0000] {spark_submit.py:641} INFO - |         29|        Analytics| region_7|      Bachelors|     m|              other|              1| 28|                   0|                1|                    1|         0|                85|
[2025-02-21T07:32:41.762+0000] {spark_submit.py:641} INFO - |         31|Sales & Marketing|region_15|      Bachelors|     f|              other|              1| 29|                   3|                5|                    1|         0|                49|
[2025-02-21T07:32:41.764+0000] {spark_submit.py:641} INFO - |         40|       Operations| region_7|Masters & above|     f|              other|              1| 34|                   1|                4|                    0|         0|                65|
[2025-02-21T07:32:41.766+0000] {spark_submit.py:641} INFO - |         50|Sales & Marketing|region_19|      Bachelors|     m|              other|              1| 32|                   1|                3|                    0|         0|                48|
[2025-02-21T07:32:41.767+0000] {spark_submit.py:641} INFO - |         55|       Operations|region_19|Masters & above|     f|           sourcing|              1| 33|                   5|                3|                    0|         0|                61|
[2025-02-21T07:32:41.769+0000] {spark_submit.py:641} INFO - |         63|Sales & Marketing| region_8|Masters & above|     m|           sourcing|              1| 35|                   5|                8|                    0|         0|                52|
[2025-02-21T07:32:41.771+0000] {spark_submit.py:641} INFO - |         64|        Analytics| region_4|      Bachelors|     m|              other|              1| 42|                   5|               11|                    1|         0|                80|
[2025-02-21T07:32:41.772+0000] {spark_submit.py:641} INFO - +-----------+-----------------+---------+---------------+------+-------------------+---------------+---+--------------------+-----------------+---------------------+----------+------------------+
[2025-02-21T07:32:41.774+0000] {spark_submit.py:641} INFO - only showing top 20 rows
[2025-02-21T07:32:41.775+0000] {spark_submit.py:641} INFO - 
[2025-02-21T07:32:42.334+0000] {spark_submit.py:641} INFO - Jumlah baris dalam DataFrame: 17415
[2025-02-21T07:32:42.336+0000] {spark_submit.py:641} INFO - Load data berhasil.
[2025-02-21T07:32:43.116+0000] {taskinstance.py:341} INFO - ::group::Post task execution logs
[2025-02-21T07:32:43.129+0000] {taskinstance.py:353} INFO - Marking task as SUCCESS. dag_id=***_v2_etl_dag, task_id=load_task, run_id=manual__2025-02-21T07:31:04.105699+00:00, execution_date=20250221T073104, start_date=20250221T073225, end_date=20250221T073243
[2025-02-21T07:32:43.218+0000] {local_task_job_runner.py:266} INFO - Task exited with return code 0
[2025-02-21T07:32:43.241+0000] {taskinstance.py:3901} INFO - 0 downstream tasks scheduled from follow-on schedule check
[2025-02-21T07:32:43.245+0000] {local_task_job_runner.py:245} INFO - ::endgroup::
