[2025-02-20T06:37:50.528+0000] {local_task_job_runner.py:123} INFO - ::group::Pre task execution logs
[2025-02-20T06:37:50.576+0000] {taskinstance.py:2614} INFO - Dependencies all met for dep_context=non-requeueable deps ti=<TaskInstance: finprode8_v2_etl_dag.extract_task manual__2025-02-20T06:32:17.225715+00:00 [queued]>
[2025-02-20T06:37:50.596+0000] {taskinstance.py:2614} INFO - Dependencies all met for dep_context=requeueable deps ti=<TaskInstance: finprode8_v2_etl_dag.extract_task manual__2025-02-20T06:32:17.225715+00:00 [queued]>
[2025-02-20T06:37:50.598+0000] {taskinstance.py:2867} INFO - Starting attempt 2 of 2
[2025-02-20T06:37:50.637+0000] {taskinstance.py:2890} INFO - Executing <Task(SparkSubmitOperator): extract_task> on 2025-02-20 06:32:17.225715+00:00
[2025-02-20T06:37:50.645+0000] {standard_task_runner.py:72} INFO - Started process 4903 to run task
[2025-02-20T06:37:50.648+0000] {standard_task_runner.py:104} INFO - Running: ['airflow', 'tasks', 'run', '***_v2_etl_dag', 'extract_task', 'manual__2025-02-20T06:32:17.225715+00:00', '--job-id', '62', '--raw', '--subdir', 'DAGS_FOLDER/***_v2_etl_dag.py', '--cfg-path', '/tmp/tmpmvq685dx']
[2025-02-20T06:37:50.652+0000] {standard_task_runner.py:105} INFO - Job 62: Subtask extract_task
[2025-02-20T06:37:50.684+0000] {logging_mixin.py:190} WARNING - /home/airflow/.local/lib/python3.9/site-packages/airflow/settings.py:209 DeprecationWarning: The sql_alchemy_conn option in [core] has been moved to the sql_alchemy_conn option in [database] - the old setting has been used, but please update your config.
[2025-02-20T06:37:50.766+0000] {task_command.py:467} INFO - Running <TaskInstance: finprode8_v2_etl_dag.extract_task manual__2025-02-20T06:32:17.225715+00:00 [running]> on host ***-airflow-scheduler
[2025-02-20T06:37:50.909+0000] {taskinstance.py:3134} INFO - Exporting env vars: AIRFLOW_CTX_DAG_OWNER='ratih malini' AIRFLOW_CTX_DAG_ID='***_v2_etl_dag' AIRFLOW_CTX_TASK_ID='extract_task' AIRFLOW_CTX_EXECUTION_DATE='2025-02-20T06:32:17.225715+00:00' AIRFLOW_CTX_TRY_NUMBER='2' AIRFLOW_CTX_DAG_RUN_ID='manual__2025-02-20T06:32:17.225715+00:00'
[2025-02-20T06:37:50.913+0000] {taskinstance.py:732} INFO - ::endgroup::
[2025-02-20T06:37:50.953+0000] {base.py:84} INFO - Retrieving connection 'spark_main'
[2025-02-20T06:37:50.955+0000] {spark_submit.py:474} INFO - Spark-Submit cmd: spark-submit --master spark://***-spark-master:7077 --packages org.postgresql:postgresql:42.2.18 --name arrow-spark /spark-scripts/***_v2_extract.py
[2025-02-20T06:37:52.735+0000] {spark_submit.py:641} INFO - :: loading settings :: url = jar:file:/home/airflow/.local/lib/python3.9/site-packages/pyspark/jars/ivy-2.5.1.jar!/org/apache/ivy/core/settings/ivysettings.xml
[2025-02-20T06:37:52.832+0000] {spark_submit.py:641} INFO - Ivy Default Cache set to: /home/airflow/.ivy2/cache
[2025-02-20T06:37:52.835+0000] {spark_submit.py:641} INFO - The jars for the packages stored in: /home/airflow/.ivy2/jars
[2025-02-20T06:37:53.562+0000] {spark_submit.py:641} INFO - org.postgresql#postgresql added as a dependency
[2025-02-20T06:37:53.565+0000] {spark_submit.py:641} INFO - :: resolving dependencies :: org.apache.spark#spark-submit-parent-41af0925-0f8a-4bb9-8beb-706c406ba350;1.0
[2025-02-20T06:37:53.566+0000] {spark_submit.py:641} INFO - confs: [default]
[2025-02-20T06:37:53.695+0000] {spark_submit.py:641} INFO - found org.postgresql#postgresql;42.2.18 in central
[2025-02-20T06:37:54.540+0000] {spark_submit.py:641} INFO - found org.checkerframework#checker-qual;3.5.0 in central
[2025-02-20T06:37:54.568+0000] {spark_submit.py:641} INFO - :: resolution report :: resolve 995ms :: artifacts dl 9ms
[2025-02-20T06:37:54.570+0000] {spark_submit.py:641} INFO - :: modules in use:
[2025-02-20T06:37:54.572+0000] {spark_submit.py:641} INFO - org.checkerframework#checker-qual;3.5.0 from central in [default]
[2025-02-20T06:37:54.578+0000] {spark_submit.py:641} INFO - org.postgresql#postgresql;42.2.18 from central in [default]
[2025-02-20T06:37:54.580+0000] {spark_submit.py:641} INFO - ---------------------------------------------------------------------
[2025-02-20T06:37:54.582+0000] {spark_submit.py:641} INFO - |                  |            modules            ||   artifacts   |
[2025-02-20T06:37:54.584+0000] {spark_submit.py:641} INFO - |       conf       | number| search|dwnlded|evicted|| number|dwnlded|
[2025-02-20T06:37:54.585+0000] {spark_submit.py:641} INFO - ---------------------------------------------------------------------
[2025-02-20T06:37:54.586+0000] {spark_submit.py:641} INFO - |      default     |   2   |   0   |   0   |   0   ||   2   |   0   |
[2025-02-20T06:37:54.587+0000] {spark_submit.py:641} INFO - ---------------------------------------------------------------------
[2025-02-20T06:37:54.589+0000] {spark_submit.py:641} INFO - :: retrieving :: org.apache.spark#spark-submit-parent-41af0925-0f8a-4bb9-8beb-706c406ba350
[2025-02-20T06:37:54.590+0000] {spark_submit.py:641} INFO - confs: [default]
[2025-02-20T06:37:54.591+0000] {spark_submit.py:641} INFO - 0 artifacts copied, 2 already retrieved (0kB/6ms)
[2025-02-20T06:37:54.846+0000] {spark_submit.py:641} INFO - 25/02/20 06:37:54 WARN NativeCodeLoader: Unable to load native-hadoop library for your platform... using builtin-java classes where applicable
[2025-02-20T06:37:56.368+0000] {spark_submit.py:641} INFO - 25/02/20 06:37:56 INFO SparkContext: Running Spark version 3.3.2
[2025-02-20T06:37:56.389+0000] {spark_submit.py:641} INFO - 25/02/20 06:37:56 INFO ResourceUtils: ==============================================================
[2025-02-20T06:37:56.391+0000] {spark_submit.py:641} INFO - 25/02/20 06:37:56 INFO ResourceUtils: No custom resources configured for spark.driver.
[2025-02-20T06:37:56.392+0000] {spark_submit.py:641} INFO - 25/02/20 06:37:56 INFO ResourceUtils: ==============================================================
[2025-02-20T06:37:56.394+0000] {spark_submit.py:641} INFO - 25/02/20 06:37:56 INFO SparkContext: Submitted application: ***_extract
[2025-02-20T06:37:56.413+0000] {spark_submit.py:641} INFO - 25/02/20 06:37:56 INFO ResourceProfile: Default ResourceProfile created, executor resources: Map(cores -> name: cores, amount: 1, script: , vendor: , memory -> name: memory, amount: 1024, script: , vendor: , offHeap -> name: offHeap, amount: 0, script: , vendor: ), task resources: Map(cpus -> name: cpus, amount: 1.0)
[2025-02-20T06:37:56.421+0000] {spark_submit.py:641} INFO - 25/02/20 06:37:56 INFO ResourceProfile: Limiting resource is cpu
[2025-02-20T06:37:56.423+0000] {spark_submit.py:641} INFO - 25/02/20 06:37:56 INFO ResourceProfileManager: Added ResourceProfile id: 0
[2025-02-20T06:37:56.478+0000] {spark_submit.py:641} INFO - 25/02/20 06:37:56 INFO SecurityManager: Changing view acls to: airflow
[2025-02-20T06:37:56.480+0000] {spark_submit.py:641} INFO - 25/02/20 06:37:56 INFO SecurityManager: Changing modify acls to: airflow
[2025-02-20T06:37:56.481+0000] {spark_submit.py:641} INFO - 25/02/20 06:37:56 INFO SecurityManager: Changing view acls groups to:
[2025-02-20T06:37:56.482+0000] {spark_submit.py:641} INFO - 25/02/20 06:37:56 INFO SecurityManager: Changing modify acls groups to:
[2025-02-20T06:37:56.484+0000] {spark_submit.py:641} INFO - 25/02/20 06:37:56 INFO SecurityManager: SecurityManager: authentication disabled; ui acls disabled; users  with view permissions: Set(airflow); groups with view permissions: Set(); users  with modify permissions: Set(airflow); groups with modify permissions: Set()
[2025-02-20T06:37:56.722+0000] {spark_submit.py:641} INFO - 25/02/20 06:37:56 INFO Utils: Successfully started service 'sparkDriver' on port 38153.
[2025-02-20T06:37:56.755+0000] {spark_submit.py:641} INFO - 25/02/20 06:37:56 INFO SparkEnv: Registering MapOutputTracker
[2025-02-20T06:37:56.792+0000] {spark_submit.py:641} INFO - 25/02/20 06:37:56 INFO SparkEnv: Registering BlockManagerMaster
[2025-02-20T06:37:56.818+0000] {spark_submit.py:641} INFO - 25/02/20 06:37:56 INFO BlockManagerMasterEndpoint: Using org.apache.spark.storage.DefaultTopologyMapper for getting topology information
[2025-02-20T06:37:56.820+0000] {spark_submit.py:641} INFO - 25/02/20 06:37:56 INFO BlockManagerMasterEndpoint: BlockManagerMasterEndpoint up
[2025-02-20T06:37:56.827+0000] {spark_submit.py:641} INFO - 25/02/20 06:37:56 INFO SparkEnv: Registering BlockManagerMasterHeartbeat
[2025-02-20T06:37:56.850+0000] {spark_submit.py:641} INFO - 25/02/20 06:37:56 INFO DiskBlockManager: Created local directory at /tmp/blockmgr-b514a947-47f9-443f-a4b4-0d70a20d10b7
[2025-02-20T06:37:56.865+0000] {spark_submit.py:641} INFO - 25/02/20 06:37:56 INFO MemoryStore: MemoryStore started with capacity 434.4 MiB
[2025-02-20T06:37:56.884+0000] {spark_submit.py:641} INFO - 25/02/20 06:37:56 INFO SparkEnv: Registering OutputCommitCoordinator
[2025-02-20T06:37:57.099+0000] {spark_submit.py:641} INFO - 25/02/20 06:37:57 INFO Utils: Successfully started service 'SparkUI' on port 4040.
[2025-02-20T06:37:57.146+0000] {spark_submit.py:641} INFO - 25/02/20 06:37:57 INFO SparkContext: Added JAR /spark-scripts/jars/postgresql-42.2.18.jar at spark://***-airflow-scheduler:38153/jars/postgresql-42.2.18.jar with timestamp 1740033476362
[2025-02-20T06:37:57.148+0000] {spark_submit.py:641} INFO - 25/02/20 06:37:57 INFO SparkContext: Added file file:///home/airflow/.ivy2/jars/org.postgresql_postgresql-42.2.18.jar at file:///home/airflow/.ivy2/jars/org.postgresql_postgresql-42.2.18.jar with timestamp 1740033476362
[2025-02-20T06:37:57.150+0000] {spark_submit.py:641} INFO - 25/02/20 06:37:57 INFO Utils: Copying /home/airflow/.ivy2/jars/org.postgresql_postgresql-42.2.18.jar to /tmp/spark-4f21b752-d96e-4b3a-b645-ca9c2dafeefd/userFiles-8a8917b9-7591-4a4f-aa18-0923d971eb59/org.postgresql_postgresql-42.2.18.jar
[2025-02-20T06:37:57.188+0000] {spark_submit.py:641} INFO - 25/02/20 06:37:57 INFO SparkContext: Added file file:///home/airflow/.ivy2/jars/org.checkerframework_checker-qual-3.5.0.jar at file:///home/airflow/.ivy2/jars/org.checkerframework_checker-qual-3.5.0.jar with timestamp 1740033476362
[2025-02-20T06:37:57.190+0000] {spark_submit.py:641} INFO - 25/02/20 06:37:57 INFO Utils: Copying /home/airflow/.ivy2/jars/org.checkerframework_checker-qual-3.5.0.jar to /tmp/spark-4f21b752-d96e-4b3a-b645-ca9c2dafeefd/userFiles-8a8917b9-7591-4a4f-aa18-0923d971eb59/org.checkerframework_checker-qual-3.5.0.jar
[2025-02-20T06:37:57.282+0000] {spark_submit.py:641} INFO - 25/02/20 06:37:57 INFO Executor: Starting executor ID driver on host ***-airflow-scheduler
[2025-02-20T06:37:57.288+0000] {spark_submit.py:641} INFO - 25/02/20 06:37:57 INFO Executor: Starting executor with user classpath (userClassPathFirst = false): ''
[2025-02-20T06:37:57.300+0000] {spark_submit.py:641} INFO - 25/02/20 06:37:57 INFO Executor: Fetching file:///home/airflow/.ivy2/jars/org.postgresql_postgresql-42.2.18.jar with timestamp 1740033476362
[2025-02-20T06:37:57.336+0000] {spark_submit.py:641} INFO - 25/02/20 06:37:57 INFO Utils: /home/airflow/.ivy2/jars/org.postgresql_postgresql-42.2.18.jar has been previously copied to /tmp/spark-4f21b752-d96e-4b3a-b645-ca9c2dafeefd/userFiles-8a8917b9-7591-4a4f-aa18-0923d971eb59/org.postgresql_postgresql-42.2.18.jar
[2025-02-20T06:37:57.347+0000] {spark_submit.py:641} INFO - 25/02/20 06:37:57 INFO Executor: Fetching file:///home/airflow/.ivy2/jars/org.checkerframework_checker-qual-3.5.0.jar with timestamp 1740033476362
[2025-02-20T06:37:57.348+0000] {spark_submit.py:641} INFO - 25/02/20 06:37:57 INFO Utils: /home/airflow/.ivy2/jars/org.checkerframework_checker-qual-3.5.0.jar has been previously copied to /tmp/spark-4f21b752-d96e-4b3a-b645-ca9c2dafeefd/userFiles-8a8917b9-7591-4a4f-aa18-0923d971eb59/org.checkerframework_checker-qual-3.5.0.jar
[2025-02-20T06:37:57.364+0000] {spark_submit.py:641} INFO - 25/02/20 06:37:57 INFO Executor: Fetching spark://***-airflow-scheduler:38153/jars/postgresql-42.2.18.jar with timestamp 1740033476362
[2025-02-20T06:37:57.407+0000] {spark_submit.py:641} INFO - 25/02/20 06:37:57 INFO TransportClientFactory: Successfully created connection to ***-airflow-scheduler/172.19.0.6:38153 after 28 ms (0 ms spent in bootstraps)
[2025-02-20T06:37:57.412+0000] {spark_submit.py:641} INFO - 25/02/20 06:37:57 INFO Utils: Fetching spark://***-airflow-scheduler:38153/jars/postgresql-42.2.18.jar to /tmp/spark-4f21b752-d96e-4b3a-b645-ca9c2dafeefd/userFiles-8a8917b9-7591-4a4f-aa18-0923d971eb59/fetchFileTemp15696341182016843405.tmp
[2025-02-20T06:37:57.487+0000] {spark_submit.py:641} INFO - 25/02/20 06:37:57 INFO Executor: Adding file:/tmp/spark-4f21b752-d96e-4b3a-b645-ca9c2dafeefd/userFiles-8a8917b9-7591-4a4f-aa18-0923d971eb59/postgresql-42.2.18.jar to class loader
[2025-02-20T06:37:57.494+0000] {spark_submit.py:641} INFO - 25/02/20 06:37:57 INFO Utils: Successfully started service 'org.apache.spark.network.netty.NettyBlockTransferService' on port 45639.
[2025-02-20T06:37:57.495+0000] {spark_submit.py:641} INFO - 25/02/20 06:37:57 INFO NettyBlockTransferService: Server created on ***-airflow-scheduler:45639
[2025-02-20T06:37:57.497+0000] {spark_submit.py:641} INFO - 25/02/20 06:37:57 INFO BlockManager: Using org.apache.spark.storage.RandomBlockReplicationPolicy for block replication policy
[2025-02-20T06:37:57.504+0000] {spark_submit.py:641} INFO - 25/02/20 06:37:57 INFO BlockManagerMaster: Registering BlockManager BlockManagerId(driver, ***-airflow-scheduler, 45639, None)
[2025-02-20T06:37:57.508+0000] {spark_submit.py:641} INFO - 25/02/20 06:37:57 INFO BlockManagerMasterEndpoint: Registering block manager ***-airflow-scheduler:45639 with 434.4 MiB RAM, BlockManagerId(driver, ***-airflow-scheduler, 45639, None)
[2025-02-20T06:37:57.510+0000] {spark_submit.py:641} INFO - 25/02/20 06:37:57 INFO BlockManagerMaster: Registered BlockManager BlockManagerId(driver, ***-airflow-scheduler, 45639, None)
[2025-02-20T06:37:57.511+0000] {spark_submit.py:641} INFO - 25/02/20 06:37:57 INFO BlockManager: Initialized BlockManager: BlockManagerId(driver, ***-airflow-scheduler, 45639, None)
[2025-02-20T06:38:04.911+0000] {spark_submit.py:641} INFO - +-----------+-----------------+---------+---------------+------+-------------------+---------------+---+--------------------+-----------------+---------------------+----------+------------------+
[2025-02-20T06:38:04.913+0000] {spark_submit.py:641} INFO - |employee_id|       department|   region|      education|gender|recruitment_channel|no_of_trainings|age|previous_year_rating|length_of_service|KPIs_met_more_than_80|awards_won|avg_training_score|
[2025-02-20T06:38:04.915+0000] {spark_submit.py:641} INFO - +-----------+-----------------+---------+---------------+------+-------------------+---------------+---+--------------------+-----------------+---------------------+----------+------------------+
[2025-02-20T06:38:04.916+0000] {spark_submit.py:641} INFO - |       8724|       Technology|region_26|      Bachelors|     m|           sourcing|              1| 24|                null|                1|                    1|         0|                77|
[2025-02-20T06:38:04.917+0000] {spark_submit.py:641} INFO - |      74430|               HR| region_4|      Bachelors|     f|              other|              1| 31|                   3|                5|                    0|         0|                51|
[2025-02-20T06:38:04.919+0000] {spark_submit.py:641} INFO - |      72255|Sales & Marketing|region_13|      Bachelors|     m|              other|              1| 31|                   1|                4|                    0|         0|                47|
[2025-02-20T06:38:04.920+0000] {spark_submit.py:641} INFO - |      38562|      Procurement| region_2|      Bachelors|     f|              other|              3| 31|                   2|                9|                    0|         0|                65|
[2025-02-20T06:38:04.921+0000] {spark_submit.py:641} INFO - |      64486|          Finance|region_29|      Bachelors|     m|           sourcing|              1| 30|                   4|                7|                    0|         0|                61|
[2025-02-20T06:38:04.923+0000] {spark_submit.py:641} INFO - |      46232|      Procurement| region_7|      Bachelors|     m|           sourcing|              1| 36|                   3|                2|                    0|         0|                68|
[2025-02-20T06:38:04.924+0000] {spark_submit.py:641} INFO - |      54542|          Finance| region_2|      Bachelors|     m|              other|              1| 33|                   5|                3|                    1|         0|                57|
[2025-02-20T06:38:04.925+0000] {spark_submit.py:641} INFO - |      67269|        Analytics|region_22|      Bachelors|     m|           sourcing|              2| 36|                   3|                3|                    0|         0|                85|
[2025-02-20T06:38:04.927+0000] {spark_submit.py:641} INFO - |      66174|       Technology| region_7|Masters & above|     m|              other|              1| 51|                   4|               11|                    0|         0|                75|
[2025-02-20T06:38:04.928+0000] {spark_submit.py:641} INFO - |      76303|       Technology|region_22|      Bachelors|     m|           sourcing|              1| 29|                   5|                2|                    1|         0|                76|
[2025-02-20T06:38:04.929+0000] {spark_submit.py:641} INFO - |      60245|Sales & Marketing|region_16|      Bachelors|     m|           sourcing|              2| 40|                   5|               12|                    1|         0|                50|
[2025-02-20T06:38:04.931+0000] {spark_submit.py:641} INFO - |      42639|Sales & Marketing|region_17|Masters & above|     m|           sourcing|              1| 40|                   3|               10|                    0|         0|                46|
[2025-02-20T06:38:04.932+0000] {spark_submit.py:641} INFO - |      30963|Sales & Marketing| region_4|Masters & above|     f|              other|              1| 34|                   3|                4|                    0|         0|                52|
[2025-02-20T06:38:04.934+0000] {spark_submit.py:641} INFO - |      54055|        Analytics|region_24|      Bachelors|     m|              other|              1| 37|                   3|               10|                    0|         0|                82|
[2025-02-20T06:38:04.936+0000] {spark_submit.py:641} INFO - |      42996|       Operations|region_11|      Bachelors|     m|           sourcing|              1| 30|                   5|                6|                    1|         0|                58|
[2025-02-20T06:38:04.937+0000] {spark_submit.py:641} INFO - |      12737|Sales & Marketing| region_7|      Bachelors|     m|           sourcing|              1| 31|                   4|                4|                    1|         0|                47|
[2025-02-20T06:38:04.938+0000] {spark_submit.py:641} INFO - |      27561|       Operations|region_27|      Bachelors|     f|           sourcing|              1| 26|                   5|                3|                    0|         0|                56|
[2025-02-20T06:38:04.940+0000] {spark_submit.py:641} INFO - |      26622|Sales & Marketing|region_17|      Bachelors|     m|           sourcing|              1| 40|                   5|                6|                    1|         0|                50|
[2025-02-20T06:38:04.943+0000] {spark_submit.py:641} INFO - |      31582|      Procurement| region_7|      Bachelors|     f|              other|              1| 49|                   3|                7|                    1|         0|                64|
[2025-02-20T06:38:04.944+0000] {spark_submit.py:641} INFO - |      29793|      Procurement|region_27|      Bachelors|     m|              other|              1| 27|                   2|                5|                    0|         0|                65|
[2025-02-20T06:38:04.945+0000] {spark_submit.py:641} INFO - +-----------+-----------------+---------+---------------+------+-------------------+---------------+---+--------------------+-----------------+---------------------+----------+------------------+
[2025-02-20T06:38:04.946+0000] {spark_submit.py:641} INFO - only showing top 20 rows
[2025-02-20T06:38:04.947+0000] {spark_submit.py:641} INFO - 
[2025-02-20T06:38:04.948+0000] {spark_submit.py:641} INFO - Extract daata berhasil.
[2025-02-20T06:38:05.386+0000] {taskinstance.py:341} INFO - ::group::Post task execution logs
[2025-02-20T06:38:05.389+0000] {taskinstance.py:353} INFO - Marking task as SUCCESS. dag_id=***_v2_etl_dag, task_id=extract_task, run_id=manual__2025-02-20T06:32:17.225715+00:00, execution_date=20250220T063217, start_date=20250220T063750, end_date=20250220T063805
[2025-02-20T06:38:05.435+0000] {local_task_job_runner.py:266} INFO - Task exited with return code 0
[2025-02-20T06:38:05.457+0000] {taskinstance.py:3901} INFO - 0 downstream tasks scheduled from follow-on schedule check
[2025-02-20T06:38:05.462+0000] {local_task_job_runner.py:245} INFO - ::endgroup::
