[2025-02-21T11:29:12.071+0000] {local_task_job_runner.py:123} INFO - ::group::Pre task execution logs
[2025-02-21T11:29:12.096+0000] {taskinstance.py:2614} INFO - Dependencies all met for dep_context=non-requeueable deps ti=<TaskInstance: finprode8_v2_etl_dag.extract_task manual__2025-02-21T11:29:09.806191+00:00 [queued]>
[2025-02-21T11:29:12.111+0000] {taskinstance.py:2614} INFO - Dependencies all met for dep_context=requeueable deps ti=<TaskInstance: finprode8_v2_etl_dag.extract_task manual__2025-02-21T11:29:09.806191+00:00 [queued]>
[2025-02-21T11:29:12.113+0000] {taskinstance.py:2867} INFO - Starting attempt 1 of 1
[2025-02-21T11:29:12.130+0000] {taskinstance.py:2890} INFO - Executing <Task(SparkSubmitOperator): extract_task> on 2025-02-21 11:29:09.806191+00:00
[2025-02-21T11:29:12.137+0000] {standard_task_runner.py:72} INFO - Started process 2147 to run task
[2025-02-21T11:29:12.140+0000] {standard_task_runner.py:104} INFO - Running: ['airflow', 'tasks', 'run', '***_v2_etl_dag', 'extract_task', 'manual__2025-02-21T11:29:09.806191+00:00', '--job-id', '11', '--raw', '--subdir', 'DAGS_FOLDER/***_v2_etl_dag.py', '--cfg-path', '/tmp/tmptef1oy45']
[2025-02-21T11:29:12.147+0000] {standard_task_runner.py:105} INFO - Job 11: Subtask extract_task
[2025-02-21T11:29:12.168+0000] {logging_mixin.py:190} WARNING - /home/airflow/.local/lib/python3.9/site-packages/airflow/settings.py:209 DeprecationWarning: The sql_alchemy_conn option in [core] has been moved to the sql_alchemy_conn option in [database] - the old setting has been used, but please update your config.
[2025-02-21T11:29:12.214+0000] {task_command.py:467} INFO - Running <TaskInstance: finprode8_v2_etl_dag.extract_task manual__2025-02-21T11:29:09.806191+00:00 [running]> on host ***-airflow-scheduler
[2025-02-21T11:29:12.310+0000] {taskinstance.py:3134} INFO - Exporting env vars: AIRFLOW_CTX_DAG_OWNER='ratih malini' AIRFLOW_CTX_DAG_ID='***_v2_etl_dag' AIRFLOW_CTX_TASK_ID='extract_task' AIRFLOW_CTX_EXECUTION_DATE='2025-02-21T11:29:09.806191+00:00' AIRFLOW_CTX_TRY_NUMBER='1' AIRFLOW_CTX_DAG_RUN_ID='manual__2025-02-21T11:29:09.806191+00:00'
[2025-02-21T11:29:12.313+0000] {taskinstance.py:732} INFO - ::endgroup::
[2025-02-21T11:29:12.344+0000] {base.py:84} INFO - Retrieving connection 'spark_main'
[2025-02-21T11:29:12.347+0000] {spark_submit.py:474} INFO - Spark-Submit cmd: spark-submit --master spark://***-spark-master:7077 --name arrow-spark /spark-scripts/***_v2_extract.py
[2025-02-21T11:29:14.947+0000] {spark_submit.py:641} INFO - 25/02/21 11:29:14 INFO SparkContext: Running Spark version 3.3.2
[2025-02-21T11:29:15.003+0000] {spark_submit.py:641} INFO - 25/02/21 11:29:15 WARN NativeCodeLoader: Unable to load native-hadoop library for your platform... using builtin-java classes where applicable
[2025-02-21T11:29:15.092+0000] {spark_submit.py:641} INFO - 25/02/21 11:29:15 INFO ResourceUtils: ==============================================================
[2025-02-21T11:29:15.093+0000] {spark_submit.py:641} INFO - 25/02/21 11:29:15 INFO ResourceUtils: No custom resources configured for spark.driver.
[2025-02-21T11:29:15.095+0000] {spark_submit.py:641} INFO - 25/02/21 11:29:15 INFO ResourceUtils: ==============================================================
[2025-02-21T11:29:15.096+0000] {spark_submit.py:641} INFO - 25/02/21 11:29:15 INFO SparkContext: Submitted application: ***_extract
[2025-02-21T11:29:15.113+0000] {spark_submit.py:641} INFO - 25/02/21 11:29:15 INFO ResourceProfile: Default ResourceProfile created, executor resources: Map(cores -> name: cores, amount: 1, script: , vendor: , memory -> name: memory, amount: 1024, script: , vendor: , offHeap -> name: offHeap, amount: 0, script: , vendor: ), task resources: Map(cpus -> name: cpus, amount: 1.0)
[2025-02-21T11:29:15.126+0000] {spark_submit.py:641} INFO - 25/02/21 11:29:15 INFO ResourceProfile: Limiting resource is cpu
[2025-02-21T11:29:15.128+0000] {spark_submit.py:641} INFO - 25/02/21 11:29:15 INFO ResourceProfileManager: Added ResourceProfile id: 0
[2025-02-21T11:29:15.173+0000] {spark_submit.py:641} INFO - 25/02/21 11:29:15 INFO SecurityManager: Changing view acls to: airflow
[2025-02-21T11:29:15.174+0000] {spark_submit.py:641} INFO - 25/02/21 11:29:15 INFO SecurityManager: Changing modify acls to: airflow
[2025-02-21T11:29:15.175+0000] {spark_submit.py:641} INFO - 25/02/21 11:29:15 INFO SecurityManager: Changing view acls groups to:
[2025-02-21T11:29:15.177+0000] {spark_submit.py:641} INFO - 25/02/21 11:29:15 INFO SecurityManager: Changing modify acls groups to:
[2025-02-21T11:29:15.178+0000] {spark_submit.py:641} INFO - 25/02/21 11:29:15 INFO SecurityManager: SecurityManager: authentication disabled; ui acls disabled; users  with view permissions: Set(airflow); groups with view permissions: Set(); users  with modify permissions: Set(airflow); groups with modify permissions: Set()
[2025-02-21T11:29:15.389+0000] {spark_submit.py:641} INFO - 25/02/21 11:29:15 INFO Utils: Successfully started service 'sparkDriver' on port 33823.
[2025-02-21T11:29:15.422+0000] {spark_submit.py:641} INFO - 25/02/21 11:29:15 INFO SparkEnv: Registering MapOutputTracker
[2025-02-21T11:29:15.457+0000] {spark_submit.py:641} INFO - 25/02/21 11:29:15 INFO SparkEnv: Registering BlockManagerMaster
[2025-02-21T11:29:15.476+0000] {spark_submit.py:641} INFO - 25/02/21 11:29:15 INFO BlockManagerMasterEndpoint: Using org.apache.spark.storage.DefaultTopologyMapper for getting topology information
[2025-02-21T11:29:15.477+0000] {spark_submit.py:641} INFO - 25/02/21 11:29:15 INFO BlockManagerMasterEndpoint: BlockManagerMasterEndpoint up
[2025-02-21T11:29:15.482+0000] {spark_submit.py:641} INFO - 25/02/21 11:29:15 INFO SparkEnv: Registering BlockManagerMasterHeartbeat
[2025-02-21T11:29:15.504+0000] {spark_submit.py:641} INFO - 25/02/21 11:29:15 INFO DiskBlockManager: Created local directory at /tmp/blockmgr-6cf6447c-0fe7-4bb4-b101-9b7ae3b9c1dd
[2025-02-21T11:29:15.521+0000] {spark_submit.py:641} INFO - 25/02/21 11:29:15 INFO MemoryStore: MemoryStore started with capacity 434.4 MiB
[2025-02-21T11:29:15.538+0000] {spark_submit.py:641} INFO - 25/02/21 11:29:15 INFO SparkEnv: Registering OutputCommitCoordinator
[2025-02-21T11:29:15.757+0000] {spark_submit.py:641} INFO - 25/02/21 11:29:15 INFO Utils: Successfully started service 'SparkUI' on port 4040.
[2025-02-21T11:29:15.850+0000] {spark_submit.py:641} INFO - 25/02/21 11:29:15 INFO Executor: Starting executor ID driver on host ***-airflow-scheduler
[2025-02-21T11:29:15.860+0000] {spark_submit.py:641} INFO - 25/02/21 11:29:15 INFO Executor: Starting executor with user classpath (userClassPathFirst = false): ''
[2025-02-21T11:29:15.890+0000] {spark_submit.py:641} INFO - 25/02/21 11:29:15 INFO Utils: Successfully started service 'org.apache.spark.network.netty.NettyBlockTransferService' on port 35907.
[2025-02-21T11:29:15.892+0000] {spark_submit.py:641} INFO - 25/02/21 11:29:15 INFO NettyBlockTransferService: Server created on ***-airflow-scheduler:35907
[2025-02-21T11:29:15.893+0000] {spark_submit.py:641} INFO - 25/02/21 11:29:15 INFO BlockManager: Using org.apache.spark.storage.RandomBlockReplicationPolicy for block replication policy
[2025-02-21T11:29:15.898+0000] {spark_submit.py:641} INFO - 25/02/21 11:29:15 INFO BlockManagerMaster: Registering BlockManager BlockManagerId(driver, ***-airflow-scheduler, 35907, None)
[2025-02-21T11:29:15.903+0000] {spark_submit.py:641} INFO - 25/02/21 11:29:15 INFO BlockManagerMasterEndpoint: Registering block manager ***-airflow-scheduler:35907 with 434.4 MiB RAM, BlockManagerId(driver, ***-airflow-scheduler, 35907, None)
[2025-02-21T11:29:15.906+0000] {spark_submit.py:641} INFO - 25/02/21 11:29:15 INFO BlockManagerMaster: Registered BlockManager BlockManagerId(driver, ***-airflow-scheduler, 35907, None)
[2025-02-21T11:29:15.908+0000] {spark_submit.py:641} INFO - 25/02/21 11:29:15 INFO BlockManager: Initialized BlockManager: BlockManagerId(driver, ***-airflow-scheduler, 35907, None)
[2025-02-21T11:29:22.415+0000] {spark_submit.py:641} INFO - ---------------- MENAMPILKAN DATA HASIL EXTRACT ----------------
[2025-02-21T11:29:22.624+0000] {spark_submit.py:641} INFO - +-----------+-----------------+---------+---------+------+-------------------+---------------+---+--------------------+-----------------+---------------------+----------+------------------+
[2025-02-21T11:29:22.626+0000] {spark_submit.py:641} INFO - |employee_id|       department|   region|education|gender|recruitment_channel|no_of_trainings|age|previous_year_rating|length_of_service|KPIs_met_more_than_80|awards_won|avg_training_score|
[2025-02-21T11:29:22.627+0000] {spark_submit.py:641} INFO - +-----------+-----------------+---------+---------+------+-------------------+---------------+---+--------------------+-----------------+---------------------+----------+------------------+
[2025-02-21T11:29:22.628+0000] {spark_submit.py:641} INFO - |       8724|       Technology|region_26|Bachelors|     m|           sourcing|              1| 24|                null|                1|                    1|         0|                77|
[2025-02-21T11:29:22.629+0000] {spark_submit.py:641} INFO - |      74430|               HR| region_4|Bachelors|     f|              other|              1| 31|                   3|                5|                    0|         0|                51|
[2025-02-21T11:29:22.632+0000] {spark_submit.py:641} INFO - |      72255|Sales & Marketing|region_13|Bachelors|     m|              other|              1| 31|                   1|                4|                    0|         0|                47|
[2025-02-21T11:29:22.634+0000] {spark_submit.py:641} INFO - |      38562|      Procurement| region_2|Bachelors|     f|              other|              3| 31|                   2|                9|                    0|         0|                65|
[2025-02-21T11:29:22.635+0000] {spark_submit.py:641} INFO - |      64486|          Finance|region_29|Bachelors|     m|           sourcing|              1| 30|                   4|                7|                    0|         0|                61|
[2025-02-21T11:29:22.636+0000] {spark_submit.py:641} INFO - +-----------+-----------------+---------+---------+------+-------------------+---------------+---+--------------------+-----------------+---------------------+----------+------------------+
[2025-02-21T11:29:22.637+0000] {spark_submit.py:641} INFO - only showing top 5 rows
[2025-02-21T11:29:22.638+0000] {spark_submit.py:641} INFO - 
[2025-02-21T11:29:22.638+0000] {spark_submit.py:641} INFO - root
[2025-02-21T11:29:22.639+0000] {spark_submit.py:641} INFO - |-- employee_id: integer (nullable = true)
[2025-02-21T11:29:22.640+0000] {spark_submit.py:641} INFO - |-- department: string (nullable = true)
[2025-02-21T11:29:22.641+0000] {spark_submit.py:641} INFO - |-- region: string (nullable = true)
[2025-02-21T11:29:22.642+0000] {spark_submit.py:641} INFO - |-- education: string (nullable = true)
[2025-02-21T11:29:22.643+0000] {spark_submit.py:641} INFO - |-- gender: string (nullable = true)
[2025-02-21T11:29:22.644+0000] {spark_submit.py:641} INFO - |-- recruitment_channel: string (nullable = true)
[2025-02-21T11:29:22.645+0000] {spark_submit.py:641} INFO - |-- no_of_trainings: integer (nullable = true)
[2025-02-21T11:29:22.646+0000] {spark_submit.py:641} INFO - |-- age: integer (nullable = true)
[2025-02-21T11:29:22.648+0000] {spark_submit.py:641} INFO - |-- previous_year_rating: integer (nullable = true)
[2025-02-21T11:29:22.650+0000] {spark_submit.py:641} INFO - |-- length_of_service: integer (nullable = true)
[2025-02-21T11:29:22.651+0000] {spark_submit.py:641} INFO - |-- KPIs_met_more_than_80: integer (nullable = true)
[2025-02-21T11:29:22.652+0000] {spark_submit.py:641} INFO - |-- awards_won: integer (nullable = true)
[2025-02-21T11:29:22.653+0000] {spark_submit.py:641} INFO - |-- avg_training_score: integer (nullable = true)
[2025-02-21T11:29:22.654+0000] {spark_submit.py:641} INFO - 
[2025-02-21T11:29:23.135+0000] {spark_submit.py:641} INFO - Jumlah baris dalam DataFrame : 17417
[2025-02-21T11:29:23.137+0000] {spark_submit.py:641} INFO - Isi folder data/extracted.parquet :
[2025-02-21T11:29:23.139+0000] {spark_submit.py:641} INFO - ['_SUCCESS', '.part-00000-ce534f4b-9682-4f48-a7ce-c42aa656dc99-c000.snappy.parquet.crc', 'part-00000-ce534f4b-9682-4f48-a7ce-c42aa656dc99-c000.snappy.parquet', '._SUCCESS.crc']
[2025-02-21T11:29:23.140+0000] {spark_submit.py:641} INFO - Extract data berhasil.
[2025-02-21T11:29:23.724+0000] {taskinstance.py:341} INFO - ::group::Post task execution logs
[2025-02-21T11:29:23.726+0000] {taskinstance.py:353} INFO - Marking task as SUCCESS. dag_id=***_v2_etl_dag, task_id=extract_task, run_id=manual__2025-02-21T11:29:09.806191+00:00, execution_date=20250221T112909, start_date=20250221T112912, end_date=20250221T112923
[2025-02-21T11:29:23.781+0000] {local_task_job_runner.py:266} INFO - Task exited with return code 0
[2025-02-21T11:29:23.814+0000] {taskinstance.py:3901} INFO - 1 downstream tasks scheduled from follow-on schedule check
[2025-02-21T11:29:23.818+0000] {local_task_job_runner.py:245} INFO - ::endgroup::
