[2025-02-21T11:29:24.210+0000] {local_task_job_runner.py:123} INFO - ::group::Pre task execution logs
[2025-02-21T11:29:24.245+0000] {taskinstance.py:2614} INFO - Dependencies all met for dep_context=non-requeueable deps ti=<TaskInstance: finprode8_v2_etl_dag.transform_task manual__2025-02-21T11:29:09.806191+00:00 [queued]>
[2025-02-21T11:29:24.259+0000] {taskinstance.py:2614} INFO - Dependencies all met for dep_context=requeueable deps ti=<TaskInstance: finprode8_v2_etl_dag.transform_task manual__2025-02-21T11:29:09.806191+00:00 [queued]>
[2025-02-21T11:29:24.262+0000] {taskinstance.py:2867} INFO - Starting attempt 1 of 1
[2025-02-21T11:29:24.283+0000] {taskinstance.py:2890} INFO - Executing <Task(SparkSubmitOperator): transform_task> on 2025-02-21 11:29:09.806191+00:00
[2025-02-21T11:29:24.288+0000] {standard_task_runner.py:72} INFO - Started process 2337 to run task
[2025-02-21T11:29:24.292+0000] {standard_task_runner.py:104} INFO - Running: ['airflow', 'tasks', 'run', '***_v2_etl_dag', 'transform_task', 'manual__2025-02-21T11:29:09.806191+00:00', '--job-id', '12', '--raw', '--subdir', 'DAGS_FOLDER/***_v2_etl_dag.py', '--cfg-path', '/tmp/tmpcwhbknib']
[2025-02-21T11:29:24.296+0000] {standard_task_runner.py:105} INFO - Job 12: Subtask transform_task
[2025-02-21T11:29:24.315+0000] {logging_mixin.py:190} WARNING - /home/airflow/.local/lib/python3.9/site-packages/airflow/settings.py:209 DeprecationWarning: The sql_alchemy_conn option in [core] has been moved to the sql_alchemy_conn option in [database] - the old setting has been used, but please update your config.
[2025-02-21T11:29:24.354+0000] {task_command.py:467} INFO - Running <TaskInstance: finprode8_v2_etl_dag.transform_task manual__2025-02-21T11:29:09.806191+00:00 [running]> on host ***-airflow-scheduler
[2025-02-21T11:29:24.450+0000] {taskinstance.py:3134} INFO - Exporting env vars: AIRFLOW_CTX_DAG_OWNER='ratih malini' AIRFLOW_CTX_DAG_ID='***_v2_etl_dag' AIRFLOW_CTX_TASK_ID='transform_task' AIRFLOW_CTX_EXECUTION_DATE='2025-02-21T11:29:09.806191+00:00' AIRFLOW_CTX_TRY_NUMBER='1' AIRFLOW_CTX_DAG_RUN_ID='manual__2025-02-21T11:29:09.806191+00:00'
[2025-02-21T11:29:24.452+0000] {taskinstance.py:732} INFO - ::endgroup::
[2025-02-21T11:29:24.481+0000] {base.py:84} INFO - Retrieving connection 'spark_main'
[2025-02-21T11:29:24.485+0000] {spark_submit.py:474} INFO - Spark-Submit cmd: spark-submit --master spark://***-spark-master:7077 --name arrow-spark /spark-scripts/***_v2_transform.py
[2025-02-21T11:29:27.067+0000] {spark_submit.py:641} INFO - 25/02/21 11:29:27 INFO SparkContext: Running Spark version 3.3.2
[2025-02-21T11:29:27.132+0000] {spark_submit.py:641} INFO - 25/02/21 11:29:27 WARN NativeCodeLoader: Unable to load native-hadoop library for your platform... using builtin-java classes where applicable
[2025-02-21T11:29:27.225+0000] {spark_submit.py:641} INFO - 25/02/21 11:29:27 INFO ResourceUtils: ==============================================================
[2025-02-21T11:29:27.227+0000] {spark_submit.py:641} INFO - 25/02/21 11:29:27 INFO ResourceUtils: No custom resources configured for spark.driver.
[2025-02-21T11:29:27.228+0000] {spark_submit.py:641} INFO - 25/02/21 11:29:27 INFO ResourceUtils: ==============================================================
[2025-02-21T11:29:27.230+0000] {spark_submit.py:641} INFO - 25/02/21 11:29:27 INFO SparkContext: Submitted application: ***_transform
[2025-02-21T11:29:27.252+0000] {spark_submit.py:641} INFO - 25/02/21 11:29:27 INFO ResourceProfile: Default ResourceProfile created, executor resources: Map(cores -> name: cores, amount: 1, script: , vendor: , memory -> name: memory, amount: 1024, script: , vendor: , offHeap -> name: offHeap, amount: 0, script: , vendor: ), task resources: Map(cpus -> name: cpus, amount: 1.0)
[2025-02-21T11:29:27.262+0000] {spark_submit.py:641} INFO - 25/02/21 11:29:27 INFO ResourceProfile: Limiting resource is cpu
[2025-02-21T11:29:27.263+0000] {spark_submit.py:641} INFO - 25/02/21 11:29:27 INFO ResourceProfileManager: Added ResourceProfile id: 0
[2025-02-21T11:29:27.306+0000] {spark_submit.py:641} INFO - 25/02/21 11:29:27 INFO SecurityManager: Changing view acls to: airflow
[2025-02-21T11:29:27.307+0000] {spark_submit.py:641} INFO - 25/02/21 11:29:27 INFO SecurityManager: Changing modify acls to: airflow
[2025-02-21T11:29:27.308+0000] {spark_submit.py:641} INFO - 25/02/21 11:29:27 INFO SecurityManager: Changing view acls groups to:
[2025-02-21T11:29:27.309+0000] {spark_submit.py:641} INFO - 25/02/21 11:29:27 INFO SecurityManager: Changing modify acls groups to:
[2025-02-21T11:29:27.310+0000] {spark_submit.py:641} INFO - 25/02/21 11:29:27 INFO SecurityManager: SecurityManager: authentication disabled; ui acls disabled; users  with view permissions: Set(airflow); groups with view permissions: Set(); users  with modify permissions: Set(airflow); groups with modify permissions: Set()
[2025-02-21T11:29:27.528+0000] {spark_submit.py:641} INFO - 25/02/21 11:29:27 INFO Utils: Successfully started service 'sparkDriver' on port 33099.
[2025-02-21T11:29:27.565+0000] {spark_submit.py:641} INFO - 25/02/21 11:29:27 INFO SparkEnv: Registering MapOutputTracker
[2025-02-21T11:29:27.612+0000] {spark_submit.py:641} INFO - 25/02/21 11:29:27 INFO SparkEnv: Registering BlockManagerMaster
[2025-02-21T11:29:27.638+0000] {spark_submit.py:641} INFO - 25/02/21 11:29:27 INFO BlockManagerMasterEndpoint: Using org.apache.spark.storage.DefaultTopologyMapper for getting topology information
[2025-02-21T11:29:27.640+0000] {spark_submit.py:641} INFO - 25/02/21 11:29:27 INFO BlockManagerMasterEndpoint: BlockManagerMasterEndpoint up
[2025-02-21T11:29:27.644+0000] {spark_submit.py:641} INFO - 25/02/21 11:29:27 INFO SparkEnv: Registering BlockManagerMasterHeartbeat
[2025-02-21T11:29:27.668+0000] {spark_submit.py:641} INFO - 25/02/21 11:29:27 INFO DiskBlockManager: Created local directory at /tmp/blockmgr-e57c515d-4df5-4986-af55-3927dd0923a2
[2025-02-21T11:29:27.686+0000] {spark_submit.py:641} INFO - 25/02/21 11:29:27 INFO MemoryStore: MemoryStore started with capacity 434.4 MiB
[2025-02-21T11:29:27.702+0000] {spark_submit.py:641} INFO - 25/02/21 11:29:27 INFO SparkEnv: Registering OutputCommitCoordinator
[2025-02-21T11:29:27.906+0000] {spark_submit.py:641} INFO - 25/02/21 11:29:27 INFO Utils: Successfully started service 'SparkUI' on port 4040.
[2025-02-21T11:29:27.960+0000] {spark_submit.py:641} INFO - 25/02/21 11:29:27 INFO SparkContext: Added JAR /spark-scripts/jars/postgresql-42.2.18.jar at spark://***-airflow-scheduler:33099/jars/postgresql-42.2.18.jar with timestamp 1740137367052
[2025-02-21T11:29:28.033+0000] {spark_submit.py:641} INFO - 25/02/21 11:29:28 INFO Executor: Starting executor ID driver on host ***-airflow-scheduler
[2025-02-21T11:29:28.045+0000] {spark_submit.py:641} INFO - 25/02/21 11:29:28 INFO Executor: Starting executor with user classpath (userClassPathFirst = false): ''
[2025-02-21T11:29:28.058+0000] {spark_submit.py:641} INFO - 25/02/21 11:29:28 INFO Executor: Fetching spark://***-airflow-scheduler:33099/jars/postgresql-42.2.18.jar with timestamp 1740137367052
[2025-02-21T11:29:28.115+0000] {spark_submit.py:641} INFO - 25/02/21 11:29:28 INFO TransportClientFactory: Successfully created connection to ***-airflow-scheduler/172.19.0.5:33099 after 34 ms (0 ms spent in bootstraps)
[2025-02-21T11:29:28.120+0000] {spark_submit.py:641} INFO - 25/02/21 11:29:28 INFO Utils: Fetching spark://***-airflow-scheduler:33099/jars/postgresql-42.2.18.jar to /tmp/spark-b37d017f-7b33-498a-bec8-fedeb433d6ce/userFiles-a1f55fdd-4091-410e-8ffb-d49852044d1d/fetchFileTemp13654722158167717478.tmp
[2025-02-21T11:29:28.181+0000] {spark_submit.py:641} INFO - 25/02/21 11:29:28 INFO Executor: Adding file:/tmp/spark-b37d017f-7b33-498a-bec8-fedeb433d6ce/userFiles-a1f55fdd-4091-410e-8ffb-d49852044d1d/postgresql-42.2.18.jar to class loader
[2025-02-21T11:29:28.187+0000] {spark_submit.py:641} INFO - 25/02/21 11:29:28 INFO Utils: Successfully started service 'org.apache.spark.network.netty.NettyBlockTransferService' on port 43923.
[2025-02-21T11:29:28.189+0000] {spark_submit.py:641} INFO - 25/02/21 11:29:28 INFO NettyBlockTransferService: Server created on ***-airflow-scheduler:43923
[2025-02-21T11:29:28.190+0000] {spark_submit.py:641} INFO - 25/02/21 11:29:28 INFO BlockManager: Using org.apache.spark.storage.RandomBlockReplicationPolicy for block replication policy
[2025-02-21T11:29:28.199+0000] {spark_submit.py:641} INFO - 25/02/21 11:29:28 INFO BlockManagerMaster: Registering BlockManager BlockManagerId(driver, ***-airflow-scheduler, 43923, None)
[2025-02-21T11:29:28.202+0000] {spark_submit.py:641} INFO - 25/02/21 11:29:28 INFO BlockManagerMasterEndpoint: Registering block manager ***-airflow-scheduler:43923 with 434.4 MiB RAM, BlockManagerId(driver, ***-airflow-scheduler, 43923, None)
[2025-02-21T11:29:28.205+0000] {spark_submit.py:641} INFO - 25/02/21 11:29:28 INFO BlockManagerMaster: Registered BlockManager BlockManagerId(driver, ***-airflow-scheduler, 43923, None)
[2025-02-21T11:29:28.206+0000] {spark_submit.py:641} INFO - 25/02/21 11:29:28 INFO BlockManager: Initialized BlockManager: BlockManagerId(driver, ***-airflow-scheduler, 43923, None)
[2025-02-21T11:29:31.556+0000] {spark_submit.py:641} INFO - ---------------- MENAMPILKAN BANYAK DATA NULL DI SETIAP KOLOM ----------------
[2025-02-21T11:29:33.175+0000] {spark_submit.py:641} INFO - +----------------+---------------+-----------+--------------+-----------+------------------------+--------------------+--------+-------------------------+----------------------+--------------------------+---------------+-----------------------+
[2025-02-21T11:29:33.177+0000] {spark_submit.py:641} INFO - |employee_id_null|department_null|region_null|education_null|gender_null|recruitment_channel_null|no_of_trainings_null|age_null|previous_year_rating_null|length_of_service_null|KPIs_met_more_than_80_null|awards_won_null|avg_training_score_nuli|
[2025-02-21T11:29:33.178+0000] {spark_submit.py:641} INFO - +----------------+---------------+-----------+--------------+-----------+------------------------+--------------------+--------+-------------------------+----------------------+--------------------------+---------------+-----------------------+
[2025-02-21T11:29:33.179+0000] {spark_submit.py:641} INFO - |               0|              0|          0|           771|          0|                       0|                   0|       0|                     1363|                     0|                         0|              0|                      0|
[2025-02-21T11:29:33.181+0000] {spark_submit.py:641} INFO - +----------------+---------------+-----------+--------------+-----------+------------------------+--------------------+--------+-------------------------+----------------------+--------------------------+---------------+-----------------------+
[2025-02-21T11:29:33.183+0000] {spark_submit.py:641} INFO - 
[2025-02-21T11:29:33.185+0000] {spark_submit.py:641} INFO - ---------------- NULL HANDLING PADA KOLOM EDUCATION & PREVIOUS_YEAR_RATING ----------------
[2025-02-21T11:29:33.406+0000] {spark_submit.py:641} INFO - +--------------+-------------------------+
[2025-02-21T11:29:33.409+0000] {spark_submit.py:641} INFO - |education_null|previous_year_rating_null|
[2025-02-21T11:29:33.410+0000] {spark_submit.py:641} INFO - +--------------+-------------------------+
[2025-02-21T11:29:33.412+0000] {spark_submit.py:641} INFO - |             0|                        0|
[2025-02-21T11:29:33.413+0000] {spark_submit.py:641} INFO - +--------------+-------------------------+
[2025-02-21T11:29:33.414+0000] {spark_submit.py:641} INFO - 
[2025-02-21T11:29:33.415+0000] {spark_submit.py:641} INFO - ---------------- MENAMPILKAN BANYAK DATA DUPLIKAT BERDASARKAN EMPLOYEE_ID ----------------
[2025-02-21T11:29:34.067+0000] {spark_submit.py:641} INFO - +-----------+------+
[2025-02-21T11:29:34.068+0000] {spark_submit.py:641} INFO - |employee_id|jumlah|
[2025-02-21T11:29:34.070+0000] {spark_submit.py:641} INFO - +-----------+------+
[2025-02-21T11:29:34.071+0000] {spark_submit.py:641} INFO - |      64573|     2|
[2025-02-21T11:29:34.072+0000] {spark_submit.py:641} INFO - |      49584|     3|
[2025-02-21T11:29:34.073+0000] {spark_submit.py:641} INFO - +-----------+------+
[2025-02-21T11:29:34.074+0000] {spark_submit.py:641} INFO - 
[2025-02-21T11:29:34.075+0000] {spark_submit.py:641} INFO - ---------------- MENAMPILKAN SEMUA BARIS DAN KOLOM DARI EMPLOYEE ID YANG DUPLIKAT ----------------
[2025-02-21T11:29:34.373+0000] {spark_submit.py:641} INFO - +-----------+----------+--------+---------+------+-------------------+---------------+---+--------------------+-----------------+---------------------+----------+------------------+
[2025-02-21T11:29:34.375+0000] {spark_submit.py:641} INFO - |employee_id|department|  region|education|gender|recruitment_channel|no_of_trainings|age|previous_year_rating|length_of_service|KPIs_met_more_than_80|awards_won|avg_training_score|
[2025-02-21T11:29:34.376+0000] {spark_submit.py:641} INFO - +-----------+----------+--------+---------+------+-------------------+---------------+---+--------------------+-----------------+---------------------+----------+------------------+
[2025-02-21T11:29:34.378+0000] {spark_submit.py:641} INFO - |      49584|        HR|region_7|Bachelors|     m|              other|              1| 33|                   1|                9|                    0|         0|                51|
[2025-02-21T11:29:34.379+0000] {spark_submit.py:641} INFO - |      49584|        HR|region_7|Bachelors|     m|              other|              1| 33|                   1|                9|                    0|         0|                51|
[2025-02-21T11:29:34.381+0000] {spark_submit.py:641} INFO - |      49584|        HR|region_7|Bachelors|     m|              other|              1| 33|                   1|                9|                    0|         0|                51|
[2025-02-21T11:29:34.383+0000] {spark_submit.py:641} INFO - |      64573|Technology|region_7|Bachelors|     f|           referred|              2| 30|                   5|                6|                    1|         0|                81|
[2025-02-21T11:29:34.385+0000] {spark_submit.py:641} INFO - |      64573|        HR|region_7|Bachelors|     f|           referred|              1| 35|                   5|                4|                    1|         0|                81|
[2025-02-21T11:29:34.386+0000] {spark_submit.py:641} INFO - +-----------+----------+--------+---------+------+-------------------+---------------+---+--------------------+-----------------+---------------------+----------+------------------+
[2025-02-21T11:29:34.387+0000] {spark_submit.py:641} INFO - 
[2025-02-21T11:29:34.389+0000] {spark_submit.py:641} INFO - ---------------- MENAMPILKAN HASIL DARI DATA DUPLIKASI YANG TELAH DIHANDLE BERDASARKAN KOLOM EMPLOYEE_ID DAN DEPARTMENT ----------------
[2025-02-21T11:29:34.925+0000] {spark_submit.py:641} INFO - +-----------+----------+--------+---------+------+-------------------+---------------+---+--------------------+-----------------+---------------------+----------+------------------+
[2025-02-21T11:29:34.928+0000] {spark_submit.py:641} INFO - |employee_id|department|  region|education|gender|recruitment_channel|no_of_trainings|age|previous_year_rating|length_of_service|KPIs_met_more_than_80|awards_won|avg_training_score|
[2025-02-21T11:29:34.930+0000] {spark_submit.py:641} INFO - +-----------+----------+--------+---------+------+-------------------+---------------+---+--------------------+-----------------+---------------------+----------+------------------+
[2025-02-21T11:29:34.932+0000] {spark_submit.py:641} INFO - |      49584|        HR|region_7|Bachelors|     m|              other|              1| 33|                   1|                9|                    0|         0|                51|
[2025-02-21T11:29:34.933+0000] {spark_submit.py:641} INFO - |      64573|        HR|region_7|Bachelors|     f|           referred|              1| 35|                   5|                4|                    1|         0|                81|
[2025-02-21T11:29:34.934+0000] {spark_submit.py:641} INFO - |      64573|Technology|region_7|Bachelors|     f|           referred|              2| 30|                   5|                6|                    1|         0|                81|
[2025-02-21T11:29:34.935+0000] {spark_submit.py:641} INFO - +-----------+----------+--------+---------+------+-------------------+---------------+---+--------------------+-----------------+---------------------+----------+------------------+
[2025-02-21T11:29:34.936+0000] {spark_submit.py:641} INFO - 
[2025-02-21T11:29:36.397+0000] {spark_submit.py:641} INFO - ---------------- MENAMPILKAN DATA HASIL TRASNFORMASI ----------------
[2025-02-21T11:29:38.074+0000] {spark_submit.py:641} INFO - +-----------+-----------------+---------+---------------+------+-------------------+---------------+---+--------------------+-----------------+---------------------+----------+------------------+
[2025-02-21T11:29:38.075+0000] {spark_submit.py:641} INFO - |employee_id|       department|   region|      education|gender|recruitment_channel|no_of_trainings|age|previous_year_rating|length_of_service|KPIs_met_more_than_80|awards_won|avg_training_score|
[2025-02-21T11:29:38.077+0000] {spark_submit.py:641} INFO - +-----------+-----------------+---------+---------------+------+-------------------+---------------+---+--------------------+-----------------+---------------------+----------+------------------+
[2025-02-21T11:29:38.078+0000] {spark_submit.py:641} INFO - |          3|      Procurement|region_22|Masters & above|     f|              other|              1| 38|                   5|                4|                    1|         0|                67|
[2025-02-21T11:29:38.079+0000] {spark_submit.py:641} INFO - |          6|Sales & Marketing|region_15|      Bachelors|     f|              other|              1| 38|                   3|               10|                    0|         0|                50|
[2025-02-21T11:29:38.079+0000] {spark_submit.py:641} INFO - |         11|       Technology| region_4|Masters & above|     f|           sourcing|              1| 39|                   4|               12|                    1|         0|                72|
[2025-02-21T11:29:38.080+0000] {spark_submit.py:641} INFO - |         13|Sales & Marketing|region_17|      Bachelors|     m|              other|              1| 38|                   1|                5|                    1|         0|                47|
[2025-02-21T11:29:38.081+0000] {spark_submit.py:641} INFO - |         16|Sales & Marketing| region_4|Masters & above|     m|           sourcing|              1| 40|                   5|                5|                    0|         0|                53|
[2025-02-21T11:29:38.081+0000] {spark_submit.py:641} INFO - +-----------+-----------------+---------+---------------+------+-------------------+---------------+---+--------------------+-----------------+---------------------+----------+------------------+
[2025-02-21T11:29:38.082+0000] {spark_submit.py:641} INFO - only showing top 5 rows
[2025-02-21T11:29:38.083+0000] {spark_submit.py:641} INFO - 
[2025-02-21T11:29:38.411+0000] {spark_submit.py:641} INFO - Jumlah baris dalam DataFrame : 17415
[2025-02-21T11:29:38.414+0000] {spark_submit.py:641} INFO - Isi folder data/transformed.parquet :
[2025-02-21T11:29:38.416+0000] {spark_submit.py:641} INFO - ['part-00000-bc76bb3d-9a1a-4461-ae13-e300a7a22c81-c000.snappy.parquet', '_SUCCESS', '.part-00000-bc76bb3d-9a1a-4461-ae13-e300a7a22c81-c000.snappy.parquet.crc', '._SUCCESS.crc']
[2025-02-21T11:29:38.418+0000] {spark_submit.py:641} INFO - Transform data berhasil.
[2025-02-21T11:29:38.803+0000] {taskinstance.py:341} INFO - ::group::Post task execution logs
[2025-02-21T11:29:38.806+0000] {taskinstance.py:353} INFO - Marking task as SUCCESS. dag_id=***_v2_etl_dag, task_id=transform_task, run_id=manual__2025-02-21T11:29:09.806191+00:00, execution_date=20250221T112909, start_date=20250221T112924, end_date=20250221T112938
[2025-02-21T11:29:38.863+0000] {local_task_job_runner.py:266} INFO - Task exited with return code 0
[2025-02-21T11:29:38.895+0000] {taskinstance.py:3901} INFO - 1 downstream tasks scheduled from follow-on schedule check
[2025-02-21T11:29:38.898+0000] {local_task_job_runner.py:245} INFO - ::endgroup::
