[2025-02-20T08:03:56.167+0000] {local_task_job_runner.py:123} INFO - ::group::Pre task execution logs
[2025-02-20T08:03:56.284+0000] {taskinstance.py:2614} INFO - Dependencies all met for dep_context=non-requeueable deps ti=<TaskInstance: finprode8_v2_etl_dag.extract_task manual__2025-02-20T08:03:50.120956+00:00 [queued]>
[2025-02-20T08:03:56.335+0000] {taskinstance.py:2614} INFO - Dependencies all met for dep_context=requeueable deps ti=<TaskInstance: finprode8_v2_etl_dag.extract_task manual__2025-02-20T08:03:50.120956+00:00 [queued]>
[2025-02-20T08:03:56.337+0000] {taskinstance.py:2867} INFO - Starting attempt 1 of 1
[2025-02-20T08:03:56.414+0000] {taskinstance.py:2890} INFO - Executing <Task(SparkSubmitOperator): extract_task> on 2025-02-20 08:03:50.120956+00:00
[2025-02-20T08:03:56.438+0000] {standard_task_runner.py:72} INFO - Started process 208 to run task
[2025-02-20T08:03:56.485+0000] {standard_task_runner.py:104} INFO - Running: ['airflow', 'tasks', 'run', '***_v2_etl_dag', 'extract_task', 'manual__2025-02-20T08:03:50.120956+00:00', '--job-id', '77', '--raw', '--subdir', 'DAGS_FOLDER/***_v2_etl_dag.py', '--cfg-path', '/tmp/tmp757kvggc']
[2025-02-20T08:03:56.518+0000] {standard_task_runner.py:105} INFO - Job 77: Subtask extract_task
[2025-02-20T08:03:56.731+0000] {logging_mixin.py:190} WARNING - /home/airflow/.local/lib/python3.9/site-packages/airflow/settings.py:209 DeprecationWarning: The sql_alchemy_conn option in [core] has been moved to the sql_alchemy_conn option in [database] - the old setting has been used, but please update your config.
[2025-02-20T08:03:57.071+0000] {task_command.py:467} INFO - Running <TaskInstance: finprode8_v2_etl_dag.extract_task manual__2025-02-20T08:03:50.120956+00:00 [running]> on host ***-airflow-scheduler
[2025-02-20T08:03:57.596+0000] {taskinstance.py:3134} INFO - Exporting env vars: AIRFLOW_CTX_DAG_OWNER='ratih malini' AIRFLOW_CTX_DAG_ID='***_v2_etl_dag' AIRFLOW_CTX_TASK_ID='extract_task' AIRFLOW_CTX_EXECUTION_DATE='2025-02-20T08:03:50.120956+00:00' AIRFLOW_CTX_TRY_NUMBER='1' AIRFLOW_CTX_DAG_RUN_ID='manual__2025-02-20T08:03:50.120956+00:00'
[2025-02-20T08:03:57.604+0000] {taskinstance.py:732} INFO - ::endgroup::
[2025-02-20T08:03:57.777+0000] {base.py:84} INFO - Retrieving connection 'spark_main'
[2025-02-20T08:03:57.781+0000] {spark_submit.py:474} INFO - Spark-Submit cmd: spark-submit --master spark://***-spark-master:7077 --packages org.postgresql:postgresql:42.2.18 --name arrow-spark /spark-scripts/***_v2_extract.py
[2025-02-20T08:04:03.750+0000] {spark_submit.py:641} INFO - :: loading settings :: url = jar:file:/home/airflow/.local/lib/python3.9/site-packages/pyspark/jars/ivy-2.5.1.jar!/org/apache/ivy/core/settings/ivysettings.xml
[2025-02-20T08:04:03.970+0000] {spark_submit.py:641} INFO - Ivy Default Cache set to: /home/airflow/.ivy2/cache
[2025-02-20T08:04:03.972+0000] {spark_submit.py:641} INFO - The jars for the packages stored in: /home/airflow/.ivy2/jars
[2025-02-20T08:04:03.980+0000] {spark_submit.py:641} INFO - org.postgresql#postgresql added as a dependency
[2025-02-20T08:04:03.982+0000] {spark_submit.py:641} INFO - :: resolving dependencies :: org.apache.spark#spark-submit-parent-df6ba259-4d0b-4ce1-a476-5537217e3459;1.0
[2025-02-20T08:04:03.984+0000] {spark_submit.py:641} INFO - confs: [default]
[2025-02-20T08:04:07.933+0000] {spark_submit.py:641} INFO - found org.postgresql#postgresql;42.2.18 in central
[2025-02-20T08:04:08.349+0000] {spark_submit.py:641} INFO - found org.checkerframework#checker-qual;3.5.0 in central
[2025-02-20T08:04:08.537+0000] {spark_submit.py:641} INFO - downloading https://repo1.maven.org/maven2/org/postgresql/postgresql/42.2.18/postgresql-42.2.18.jar ...
[2025-02-20T08:04:25.150+0000] {spark_submit.py:641} INFO - [SUCCESSFUL ] org.postgresql#postgresql;42.2.18!postgresql.jar (16785ms)
[2025-02-20T08:04:25.328+0000] {spark_submit.py:641} INFO - downloading https://repo1.maven.org/maven2/org/checkerframework/checker-qual/3.5.0/checker-qual-3.5.0.jar ...
[2025-02-20T08:04:27.423+0000] {spark_submit.py:641} INFO - [SUCCESSFUL ] org.checkerframework#checker-qual;3.5.0!checker-qual.jar (2269ms)
[2025-02-20T08:04:27.425+0000] {spark_submit.py:641} INFO - :: resolution report :: resolve 4381ms :: artifacts dl 19061ms
[2025-02-20T08:04:27.426+0000] {spark_submit.py:641} INFO - :: modules in use:
[2025-02-20T08:04:27.428+0000] {spark_submit.py:641} INFO - org.checkerframework#checker-qual;3.5.0 from central in [default]
[2025-02-20T08:04:27.430+0000] {spark_submit.py:641} INFO - org.postgresql#postgresql;42.2.18 from central in [default]
[2025-02-20T08:04:27.431+0000] {spark_submit.py:641} INFO - ---------------------------------------------------------------------
[2025-02-20T08:04:27.433+0000] {spark_submit.py:641} INFO - |                  |            modules            ||   artifacts   |
[2025-02-20T08:04:27.436+0000] {spark_submit.py:641} INFO - |       conf       | number| search|dwnlded|evicted|| number|dwnlded|
[2025-02-20T08:04:27.437+0000] {spark_submit.py:641} INFO - ---------------------------------------------------------------------
[2025-02-20T08:04:27.438+0000] {spark_submit.py:641} INFO - |      default     |   2   |   2   |   2   |   0   ||   2   |   2   |
[2025-02-20T08:04:27.439+0000] {spark_submit.py:641} INFO - ---------------------------------------------------------------------
[2025-02-20T08:04:27.441+0000] {spark_submit.py:641} INFO - :: retrieving :: org.apache.spark#spark-submit-parent-df6ba259-4d0b-4ce1-a476-5537217e3459
[2025-02-20T08:04:27.442+0000] {spark_submit.py:641} INFO - confs: [default]
[2025-02-20T08:04:27.444+0000] {spark_submit.py:641} INFO - 2 artifacts copied, 0 already retrieved (1190kB/14ms)
[2025-02-20T08:04:27.806+0000] {spark_submit.py:641} INFO - 25/02/20 08:04:27 WARN NativeCodeLoader: Unable to load native-hadoop library for your platform... using builtin-java classes where applicable
[2025-02-20T08:04:30.403+0000] {spark_submit.py:641} INFO - 25/02/20 08:04:30 INFO SparkContext: Running Spark version 3.3.2
[2025-02-20T08:04:30.437+0000] {spark_submit.py:641} INFO - 25/02/20 08:04:30 INFO ResourceUtils: ==============================================================
[2025-02-20T08:04:30.440+0000] {spark_submit.py:641} INFO - 25/02/20 08:04:30 INFO ResourceUtils: No custom resources configured for spark.driver.
[2025-02-20T08:04:30.441+0000] {spark_submit.py:641} INFO - 25/02/20 08:04:30 INFO ResourceUtils: ==============================================================
[2025-02-20T08:04:30.443+0000] {spark_submit.py:641} INFO - 25/02/20 08:04:30 INFO SparkContext: Submitted application: ***_extract
[2025-02-20T08:04:30.478+0000] {spark_submit.py:641} INFO - 25/02/20 08:04:30 INFO ResourceProfile: Default ResourceProfile created, executor resources: Map(cores -> name: cores, amount: 1, script: , vendor: , memory -> name: memory, amount: 1024, script: , vendor: , offHeap -> name: offHeap, amount: 0, script: , vendor: ), task resources: Map(cpus -> name: cpus, amount: 1.0)
[2025-02-20T08:04:30.505+0000] {spark_submit.py:641} INFO - 25/02/20 08:04:30 INFO ResourceProfile: Limiting resource is cpu
[2025-02-20T08:04:30.508+0000] {spark_submit.py:641} INFO - 25/02/20 08:04:30 INFO ResourceProfileManager: Added ResourceProfile id: 0
[2025-02-20T08:04:30.758+0000] {spark_submit.py:641} INFO - 25/02/20 08:04:30 INFO SecurityManager: Changing view acls to: airflow
[2025-02-20T08:04:30.760+0000] {spark_submit.py:641} INFO - 25/02/20 08:04:30 INFO SecurityManager: Changing modify acls to: airflow
[2025-02-20T08:04:30.762+0000] {spark_submit.py:641} INFO - 25/02/20 08:04:30 INFO SecurityManager: Changing view acls groups to:
[2025-02-20T08:04:30.763+0000] {spark_submit.py:641} INFO - 25/02/20 08:04:30 INFO SecurityManager: Changing modify acls groups to:
[2025-02-20T08:04:30.764+0000] {spark_submit.py:641} INFO - 25/02/20 08:04:30 INFO SecurityManager: SecurityManager: authentication disabled; ui acls disabled; users  with view permissions: Set(airflow); groups with view permissions: Set(); users  with modify permissions: Set(airflow); groups with modify permissions: Set()
[2025-02-20T08:04:31.268+0000] {spark_submit.py:641} INFO - 25/02/20 08:04:31 INFO Utils: Successfully started service 'sparkDriver' on port 44879.
[2025-02-20T08:04:31.409+0000] {spark_submit.py:641} INFO - 25/02/20 08:04:31 INFO SparkEnv: Registering MapOutputTracker
[2025-02-20T08:04:31.555+0000] {spark_submit.py:641} INFO - 25/02/20 08:04:31 INFO SparkEnv: Registering BlockManagerMaster
[2025-02-20T08:04:31.586+0000] {spark_submit.py:641} INFO - 25/02/20 08:04:31 INFO BlockManagerMasterEndpoint: Using org.apache.spark.storage.DefaultTopologyMapper for getting topology information
[2025-02-20T08:04:31.588+0000] {spark_submit.py:641} INFO - 25/02/20 08:04:31 INFO BlockManagerMasterEndpoint: BlockManagerMasterEndpoint up
[2025-02-20T08:04:31.593+0000] {spark_submit.py:641} INFO - 25/02/20 08:04:31 INFO SparkEnv: Registering BlockManagerMasterHeartbeat
[2025-02-20T08:04:31.637+0000] {spark_submit.py:641} INFO - 25/02/20 08:04:31 INFO DiskBlockManager: Created local directory at /tmp/blockmgr-d418cfcd-da57-4111-9057-aa7085231358
[2025-02-20T08:04:31.659+0000] {spark_submit.py:641} INFO - 25/02/20 08:04:31 INFO MemoryStore: MemoryStore started with capacity 434.4 MiB
[2025-02-20T08:04:31.859+0000] {spark_submit.py:641} INFO - 25/02/20 08:04:31 INFO SparkEnv: Registering OutputCommitCoordinator
[2025-02-20T08:04:32.413+0000] {spark_submit.py:641} INFO - 25/02/20 08:04:32 INFO Utils: Successfully started service 'SparkUI' on port 4040.
[2025-02-20T08:04:32.481+0000] {spark_submit.py:641} INFO - 25/02/20 08:04:32 INFO SparkContext: Added JAR /spark-scripts/jars/postgresql-42.2.18.jar at spark://***-airflow-scheduler:44879/jars/postgresql-42.2.18.jar with timestamp 1740038670389
[2025-02-20T08:04:32.484+0000] {spark_submit.py:641} INFO - 25/02/20 08:04:32 INFO SparkContext: Added file file:///home/airflow/.ivy2/jars/org.postgresql_postgresql-42.2.18.jar at file:///home/airflow/.ivy2/jars/org.postgresql_postgresql-42.2.18.jar with timestamp 1740038670389
[2025-02-20T08:04:32.486+0000] {spark_submit.py:641} INFO - 25/02/20 08:04:32 INFO Utils: Copying /home/airflow/.ivy2/jars/org.postgresql_postgresql-42.2.18.jar to /tmp/spark-3408d330-dbd2-42eb-b3dd-83d34bb99263/userFiles-990a99e2-8e9b-41ea-99bc-3e76d8e12637/org.postgresql_postgresql-42.2.18.jar
[2025-02-20T08:04:32.524+0000] {spark_submit.py:641} INFO - 25/02/20 08:04:32 INFO SparkContext: Added file file:///home/airflow/.ivy2/jars/org.checkerframework_checker-qual-3.5.0.jar at file:///home/airflow/.ivy2/jars/org.checkerframework_checker-qual-3.5.0.jar with timestamp 1740038670389
[2025-02-20T08:04:32.527+0000] {spark_submit.py:641} INFO - 25/02/20 08:04:32 INFO Utils: Copying /home/airflow/.ivy2/jars/org.checkerframework_checker-qual-3.5.0.jar to /tmp/spark-3408d330-dbd2-42eb-b3dd-83d34bb99263/userFiles-990a99e2-8e9b-41ea-99bc-3e76d8e12637/org.checkerframework_checker-qual-3.5.0.jar
[2025-02-20T08:04:32.673+0000] {spark_submit.py:641} INFO - 25/02/20 08:04:32 INFO Executor: Starting executor ID driver on host ***-airflow-scheduler
[2025-02-20T08:04:32.688+0000] {spark_submit.py:641} INFO - 25/02/20 08:04:32 INFO Executor: Starting executor with user classpath (userClassPathFirst = false): ''
[2025-02-20T08:04:32.708+0000] {spark_submit.py:641} INFO - 25/02/20 08:04:32 INFO Executor: Fetching file:///home/airflow/.ivy2/jars/org.postgresql_postgresql-42.2.18.jar with timestamp 1740038670389
[2025-02-20T08:04:32.734+0000] {spark_submit.py:641} INFO - 25/02/20 08:04:32 INFO Utils: /home/airflow/.ivy2/jars/org.postgresql_postgresql-42.2.18.jar has been previously copied to /tmp/spark-3408d330-dbd2-42eb-b3dd-83d34bb99263/userFiles-990a99e2-8e9b-41ea-99bc-3e76d8e12637/org.postgresql_postgresql-42.2.18.jar
[2025-02-20T08:04:32.742+0000] {spark_submit.py:641} INFO - 25/02/20 08:04:32 INFO Executor: Fetching file:///home/airflow/.ivy2/jars/org.checkerframework_checker-qual-3.5.0.jar with timestamp 1740038670389
[2025-02-20T08:04:32.744+0000] {spark_submit.py:641} INFO - 25/02/20 08:04:32 INFO Utils: /home/airflow/.ivy2/jars/org.checkerframework_checker-qual-3.5.0.jar has been previously copied to /tmp/spark-3408d330-dbd2-42eb-b3dd-83d34bb99263/userFiles-990a99e2-8e9b-41ea-99bc-3e76d8e12637/org.checkerframework_checker-qual-3.5.0.jar
[2025-02-20T08:04:32.758+0000] {spark_submit.py:641} INFO - 25/02/20 08:04:32 INFO Executor: Fetching spark://***-airflow-scheduler:44879/jars/postgresql-42.2.18.jar with timestamp 1740038670389
[2025-02-20T08:04:32.819+0000] {spark_submit.py:641} INFO - 25/02/20 08:04:32 INFO TransportClientFactory: Successfully created connection to ***-airflow-scheduler/172.19.0.6:44879 after 39 ms (0 ms spent in bootstraps)
[2025-02-20T08:04:32.825+0000] {spark_submit.py:641} INFO - 25/02/20 08:04:32 INFO Utils: Fetching spark://***-airflow-scheduler:44879/jars/postgresql-42.2.18.jar to /tmp/spark-3408d330-dbd2-42eb-b3dd-83d34bb99263/userFiles-990a99e2-8e9b-41ea-99bc-3e76d8e12637/fetchFileTemp6111120580749401252.tmp
[2025-02-20T08:04:33.432+0000] {spark_submit.py:641} INFO - 25/02/20 08:04:33 INFO Executor: Adding file:/tmp/spark-3408d330-dbd2-42eb-b3dd-83d34bb99263/userFiles-990a99e2-8e9b-41ea-99bc-3e76d8e12637/postgresql-42.2.18.jar to class loader
[2025-02-20T08:04:33.447+0000] {spark_submit.py:641} INFO - 25/02/20 08:04:33 INFO Utils: Successfully started service 'org.apache.spark.network.netty.NettyBlockTransferService' on port 33245.
[2025-02-20T08:04:33.449+0000] {spark_submit.py:641} INFO - 25/02/20 08:04:33 INFO NettyBlockTransferService: Server created on ***-airflow-scheduler:33245
[2025-02-20T08:04:33.452+0000] {spark_submit.py:641} INFO - 25/02/20 08:04:33 INFO BlockManager: Using org.apache.spark.storage.RandomBlockReplicationPolicy for block replication policy
[2025-02-20T08:04:33.467+0000] {spark_submit.py:641} INFO - 25/02/20 08:04:33 INFO BlockManagerMaster: Registering BlockManager BlockManagerId(driver, ***-airflow-scheduler, 33245, None)
[2025-02-20T08:04:33.472+0000] {spark_submit.py:641} INFO - 25/02/20 08:04:33 INFO BlockManagerMasterEndpoint: Registering block manager ***-airflow-scheduler:33245 with 434.4 MiB RAM, BlockManagerId(driver, ***-airflow-scheduler, 33245, None)
[2025-02-20T08:04:33.476+0000] {spark_submit.py:641} INFO - 25/02/20 08:04:33 INFO BlockManagerMaster: Registered BlockManager BlockManagerId(driver, ***-airflow-scheduler, 33245, None)
[2025-02-20T08:04:33.478+0000] {spark_submit.py:641} INFO - 25/02/20 08:04:33 INFO BlockManager: Initialized BlockManager: BlockManagerId(driver, ***-airflow-scheduler, 33245, None)
[2025-02-20T08:04:35.919+0000] {spark_submit.py:641} INFO - Downloading from https://www.kaggle.com/api/v1/datasets/download/sanjanchaudhari/employees-performance-for-hr-analytics?dataset_version_number=1...
[2025-02-20T08:04:35.955+0000] {spark_submit.py:641} INFO - 
[2025-02-20T08:04:36.547+0000] {spark_submit.py:641} INFO - 0%|          | 0.00/205k [00:00<?, ?B/s]
[2025-02-20T08:04:36.549+0000] {spark_submit.py:641} INFO - 100%|██████████| 205k/205k [00:00<00:00, 355kB/s]
[2025-02-20T08:04:36.550+0000] {spark_submit.py:641} INFO - 100%|██████████| 205k/205k [00:00<00:00, 355kB/s]
[2025-02-20T08:04:36.551+0000] {spark_submit.py:641} INFO - Extracting files...
[2025-02-20T08:04:51.113+0000] {spark_submit.py:641} INFO - +-----------+-----------------+---------+---------------+------+-------------------+---------------+---+--------------------+-----------------+---------------------+----------+------------------+
[2025-02-20T08:04:51.201+0000] {spark_submit.py:641} INFO - |employee_id|       department|   region|      education|gender|recruitment_channel|no_of_trainings|age|previous_year_rating|length_of_service|KPIs_met_more_than_80|awards_won|avg_training_score|
[2025-02-20T08:04:51.251+0000] {spark_submit.py:641} INFO - +-----------+-----------------+---------+---------------+------+-------------------+---------------+---+--------------------+-----------------+---------------------+----------+------------------+
[2025-02-20T08:04:51.294+0000] {spark_submit.py:641} INFO - |       8724|       Technology|region_26|      Bachelors|     m|           sourcing|              1| 24|                null|                1|                    1|         0|                77|
[2025-02-20T08:04:51.307+0000] {spark_submit.py:641} INFO - |      74430|               HR| region_4|      Bachelors|     f|              other|              1| 31|                   3|                5|                    0|         0|                51|
[2025-02-20T08:04:51.333+0000] {spark_submit.py:641} INFO - |      72255|Sales & Marketing|region_13|      Bachelors|     m|              other|              1| 31|                   1|                4|                    0|         0|                47|
[2025-02-20T08:04:51.357+0000] {spark_submit.py:641} INFO - |      38562|      Procurement| region_2|      Bachelors|     f|              other|              3| 31|                   2|                9|                    0|         0|                65|
[2025-02-20T08:04:51.388+0000] {spark_submit.py:641} INFO - |      64486|          Finance|region_29|      Bachelors|     m|           sourcing|              1| 30|                   4|                7|                    0|         0|                61|
[2025-02-20T08:04:51.409+0000] {spark_submit.py:641} INFO - |      46232|      Procurement| region_7|      Bachelors|     m|           sourcing|              1| 36|                   3|                2|                    0|         0|                68|
[2025-02-20T08:04:51.424+0000] {spark_submit.py:641} INFO - |      54542|          Finance| region_2|      Bachelors|     m|              other|              1| 33|                   5|                3|                    1|         0|                57|
[2025-02-20T08:04:51.467+0000] {spark_submit.py:641} INFO - |      67269|        Analytics|region_22|      Bachelors|     m|           sourcing|              2| 36|                   3|                3|                    0|         0|                85|
[2025-02-20T08:04:51.479+0000] {spark_submit.py:641} INFO - |      66174|       Technology| region_7|Masters & above|     m|              other|              1| 51|                   4|               11|                    0|         0|                75|
[2025-02-20T08:04:51.482+0000] {spark_submit.py:641} INFO - |      76303|       Technology|region_22|      Bachelors|     m|           sourcing|              1| 29|                   5|                2|                    1|         0|                76|
[2025-02-20T08:04:51.487+0000] {spark_submit.py:641} INFO - |      60245|Sales & Marketing|region_16|      Bachelors|     m|           sourcing|              2| 40|                   5|               12|                    1|         0|                50|
[2025-02-20T08:04:51.494+0000] {spark_submit.py:641} INFO - |      42639|Sales & Marketing|region_17|Masters & above|     m|           sourcing|              1| 40|                   3|               10|                    0|         0|                46|
[2025-02-20T08:04:51.499+0000] {spark_submit.py:641} INFO - |      30963|Sales & Marketing| region_4|Masters & above|     f|              other|              1| 34|                   3|                4|                    0|         0|                52|
[2025-02-20T08:04:51.503+0000] {spark_submit.py:641} INFO - |      54055|        Analytics|region_24|      Bachelors|     m|              other|              1| 37|                   3|               10|                    0|         0|                82|
[2025-02-20T08:04:51.510+0000] {spark_submit.py:641} INFO - |      42996|       Operations|region_11|      Bachelors|     m|           sourcing|              1| 30|                   5|                6|                    1|         0|                58|
[2025-02-20T08:04:51.514+0000] {spark_submit.py:641} INFO - |      12737|Sales & Marketing| region_7|      Bachelors|     m|           sourcing|              1| 31|                   4|                4|                    1|         0|                47|
[2025-02-20T08:04:51.518+0000] {spark_submit.py:641} INFO - |      27561|       Operations|region_27|      Bachelors|     f|           sourcing|              1| 26|                   5|                3|                    0|         0|                56|
[2025-02-20T08:04:51.525+0000] {spark_submit.py:641} INFO - |      26622|Sales & Marketing|region_17|      Bachelors|     m|           sourcing|              1| 40|                   5|                6|                    1|         0|                50|
[2025-02-20T08:04:51.530+0000] {spark_submit.py:641} INFO - |      31582|      Procurement| region_7|      Bachelors|     f|              other|              1| 49|                   3|                7|                    1|         0|                64|
[2025-02-20T08:04:51.533+0000] {spark_submit.py:641} INFO - |      29793|      Procurement|region_27|      Bachelors|     m|              other|              1| 27|                   2|                5|                    0|         0|                65|
[2025-02-20T08:04:51.534+0000] {spark_submit.py:641} INFO - +-----------+-----------------+---------+---------------+------+-------------------+---------------+---+--------------------+-----------------+---------------------+----------+------------------+
[2025-02-20T08:04:51.536+0000] {spark_submit.py:641} INFO - only showing top 20 rows
[2025-02-20T08:04:51.539+0000] {spark_submit.py:641} INFO - 
[2025-02-20T08:04:53.732+0000] {spark_submit.py:641} INFO - Jumlah baris dalam DataFrame: 17417
[2025-02-20T08:04:53.734+0000] {spark_submit.py:641} INFO - Extract daata berhasil.
[2025-02-20T08:04:55.045+0000] {taskinstance.py:341} INFO - ::group::Post task execution logs
[2025-02-20T08:04:55.050+0000] {taskinstance.py:353} INFO - Marking task as SUCCESS. dag_id=***_v2_etl_dag, task_id=extract_task, run_id=manual__2025-02-20T08:03:50.120956+00:00, execution_date=20250220T080350, start_date=20250220T080356, end_date=20250220T080455
[2025-02-20T08:04:55.185+0000] {local_task_job_runner.py:266} INFO - Task exited with return code 0
[2025-02-20T08:04:55.288+0000] {taskinstance.py:3901} INFO - 0 downstream tasks scheduled from follow-on schedule check
[2025-02-20T08:04:55.291+0000] {local_task_job_runner.py:245} INFO - ::endgroup::
