[2025-02-22T05:01:58.452+0000] {local_task_job_runner.py:123} INFO - ::group::Pre task execution logs
[2025-02-22T05:01:58.499+0000] {taskinstance.py:2614} INFO - Dependencies all met for dep_context=non-requeueable deps ti=<TaskInstance: finprode8_v2_etl_dag.extract_task manual__2025-02-22T05:01:55.383550+00:00 [queued]>
[2025-02-22T05:01:58.538+0000] {taskinstance.py:2614} INFO - Dependencies all met for dep_context=requeueable deps ti=<TaskInstance: finprode8_v2_etl_dag.extract_task manual__2025-02-22T05:01:55.383550+00:00 [queued]>
[2025-02-22T05:01:58.540+0000] {taskinstance.py:2867} INFO - Starting attempt 1 of 1
[2025-02-22T05:01:58.573+0000] {taskinstance.py:2890} INFO - Executing <Task(SparkSubmitOperator): extract_task> on 2025-02-22 05:01:55.383550+00:00
[2025-02-22T05:01:58.591+0000] {standard_task_runner.py:72} INFO - Started process 182 to run task
[2025-02-22T05:01:58.643+0000] {standard_task_runner.py:104} INFO - Running: ['airflow', 'tasks', 'run', '***_v2_etl_dag', 'extract_task', 'manual__2025-02-22T05:01:55.383550+00:00', '--job-id', '94', '--raw', '--subdir', 'DAGS_FOLDER/***_v2_etl_dag.py', '--cfg-path', '/tmp/tmpfubug4dx']
[2025-02-22T05:01:58.680+0000] {standard_task_runner.py:105} INFO - Job 94: Subtask extract_task
[2025-02-22T05:01:58.785+0000] {logging_mixin.py:190} WARNING - /home/airflow/.local/lib/python3.9/site-packages/airflow/settings.py:209 DeprecationWarning: The sql_alchemy_conn option in [core] has been moved to the sql_alchemy_conn option in [database] - the old setting has been used, but please update your config.
[2025-02-22T05:01:58.883+0000] {task_command.py:467} INFO - Running <TaskInstance: finprode8_v2_etl_dag.extract_task manual__2025-02-22T05:01:55.383550+00:00 [running]> on host ***-airflow-scheduler
[2025-02-22T05:01:59.101+0000] {taskinstance.py:3134} INFO - Exporting env vars: AIRFLOW_CTX_DAG_OWNER='ratih malini' AIRFLOW_CTX_DAG_ID='***_v2_etl_dag' AIRFLOW_CTX_TASK_ID='extract_task' AIRFLOW_CTX_EXECUTION_DATE='2025-02-22T05:01:55.383550+00:00' AIRFLOW_CTX_TRY_NUMBER='1' AIRFLOW_CTX_DAG_RUN_ID='manual__2025-02-22T05:01:55.383550+00:00'
[2025-02-22T05:01:59.105+0000] {taskinstance.py:732} INFO - ::endgroup::
[2025-02-22T05:01:59.201+0000] {base.py:84} INFO - Retrieving connection 'spark_main'
[2025-02-22T05:01:59.205+0000] {spark_submit.py:474} INFO - Spark-Submit cmd: spark-submit --master spark://***-spark-master:7077 --name arrow-spark /spark-scripts/***_v2_extract.py
[2025-02-22T05:02:06.602+0000] {spark_submit.py:641} INFO - 25/02/22 05:02:06 INFO SparkContext: Running Spark version 3.3.2
[2025-02-22T05:02:06.775+0000] {spark_submit.py:641} INFO - 25/02/22 05:02:06 WARN NativeCodeLoader: Unable to load native-hadoop library for your platform... using builtin-java classes where applicable
[2025-02-22T05:02:07.077+0000] {spark_submit.py:641} INFO - 25/02/22 05:02:07 INFO ResourceUtils: ==============================================================
[2025-02-22T05:02:07.079+0000] {spark_submit.py:641} INFO - 25/02/22 05:02:07 INFO ResourceUtils: No custom resources configured for spark.driver.
[2025-02-22T05:02:07.080+0000] {spark_submit.py:641} INFO - 25/02/22 05:02:07 INFO ResourceUtils: ==============================================================
[2025-02-22T05:02:07.082+0000] {spark_submit.py:641} INFO - 25/02/22 05:02:07 INFO SparkContext: Submitted application: ***_extract
[2025-02-22T05:02:07.163+0000] {spark_submit.py:641} INFO - 25/02/22 05:02:07 INFO ResourceProfile: Default ResourceProfile created, executor resources: Map(cores -> name: cores, amount: 1, script: , vendor: , memory -> name: memory, amount: 1024, script: , vendor: , offHeap -> name: offHeap, amount: 0, script: , vendor: ), task resources: Map(cpus -> name: cpus, amount: 1.0)
[2025-02-22T05:02:07.175+0000] {spark_submit.py:641} INFO - 25/02/22 05:02:07 INFO ResourceProfile: Limiting resource is cpu
[2025-02-22T05:02:07.177+0000] {spark_submit.py:641} INFO - 25/02/22 05:02:07 INFO ResourceProfileManager: Added ResourceProfile id: 0
[2025-02-22T05:02:07.394+0000] {spark_submit.py:641} INFO - 25/02/22 05:02:07 INFO SecurityManager: Changing view acls to: airflow
[2025-02-22T05:02:07.397+0000] {spark_submit.py:641} INFO - 25/02/22 05:02:07 INFO SecurityManager: Changing modify acls to: airflow
[2025-02-22T05:02:07.399+0000] {spark_submit.py:641} INFO - 25/02/22 05:02:07 INFO SecurityManager: Changing view acls groups to:
[2025-02-22T05:02:07.401+0000] {spark_submit.py:641} INFO - 25/02/22 05:02:07 INFO SecurityManager: Changing modify acls groups to:
[2025-02-22T05:02:07.403+0000] {spark_submit.py:641} INFO - 25/02/22 05:02:07 INFO SecurityManager: SecurityManager: authentication disabled; ui acls disabled; users  with view permissions: Set(airflow); groups with view permissions: Set(); users  with modify permissions: Set(airflow); groups with modify permissions: Set()
[2025-02-22T05:02:07.862+0000] {spark_submit.py:641} INFO - 25/02/22 05:02:07 INFO Utils: Successfully started service 'sparkDriver' on port 35127.
[2025-02-22T05:02:07.945+0000] {spark_submit.py:641} INFO - 25/02/22 05:02:07 INFO SparkEnv: Registering MapOutputTracker
[2025-02-22T05:02:08.092+0000] {spark_submit.py:641} INFO - 25/02/22 05:02:08 INFO SparkEnv: Registering BlockManagerMaster
[2025-02-22T05:02:08.158+0000] {spark_submit.py:641} INFO - 25/02/22 05:02:08 INFO BlockManagerMasterEndpoint: Using org.apache.spark.storage.DefaultTopologyMapper for getting topology information
[2025-02-22T05:02:08.160+0000] {spark_submit.py:641} INFO - 25/02/22 05:02:08 INFO BlockManagerMasterEndpoint: BlockManagerMasterEndpoint up
[2025-02-22T05:02:08.172+0000] {spark_submit.py:641} INFO - 25/02/22 05:02:08 INFO SparkEnv: Registering BlockManagerMasterHeartbeat
[2025-02-22T05:02:08.236+0000] {spark_submit.py:641} INFO - 25/02/22 05:02:08 INFO DiskBlockManager: Created local directory at /tmp/blockmgr-af4510dc-bb0b-4b44-998a-d0367b5abd77
[2025-02-22T05:02:08.292+0000] {spark_submit.py:641} INFO - 25/02/22 05:02:08 INFO MemoryStore: MemoryStore started with capacity 434.4 MiB
[2025-02-22T05:02:08.346+0000] {spark_submit.py:641} INFO - 25/02/22 05:02:08 INFO SparkEnv: Registering OutputCommitCoordinator
[2025-02-22T05:02:08.913+0000] {spark_submit.py:641} INFO - 25/02/22 05:02:08 INFO Utils: Successfully started service 'SparkUI' on port 4040.
[2025-02-22T05:02:09.131+0000] {spark_submit.py:641} INFO - 25/02/22 05:02:09 INFO Executor: Starting executor ID driver on host ***-airflow-scheduler
[2025-02-22T05:02:09.145+0000] {spark_submit.py:641} INFO - 25/02/22 05:02:09 INFO Executor: Starting executor with user classpath (userClassPathFirst = false): ''
[2025-02-22T05:02:09.171+0000] {spark_submit.py:641} INFO - 25/02/22 05:02:09 INFO Utils: Successfully started service 'org.apache.spark.network.netty.NettyBlockTransferService' on port 43137.
[2025-02-22T05:02:09.173+0000] {spark_submit.py:641} INFO - 25/02/22 05:02:09 INFO NettyBlockTransferService: Server created on ***-airflow-scheduler:43137
[2025-02-22T05:02:09.175+0000] {spark_submit.py:641} INFO - 25/02/22 05:02:09 INFO BlockManager: Using org.apache.spark.storage.RandomBlockReplicationPolicy for block replication policy
[2025-02-22T05:02:09.184+0000] {spark_submit.py:641} INFO - 25/02/22 05:02:09 INFO BlockManagerMaster: Registering BlockManager BlockManagerId(driver, ***-airflow-scheduler, 43137, None)
[2025-02-22T05:02:09.191+0000] {spark_submit.py:641} INFO - 25/02/22 05:02:09 INFO BlockManagerMasterEndpoint: Registering block manager ***-airflow-scheduler:43137 with 434.4 MiB RAM, BlockManagerId(driver, ***-airflow-scheduler, 43137, None)
[2025-02-22T05:02:09.195+0000] {spark_submit.py:641} INFO - 25/02/22 05:02:09 INFO BlockManagerMaster: Registered BlockManager BlockManagerId(driver, ***-airflow-scheduler, 43137, None)
[2025-02-22T05:02:09.197+0000] {spark_submit.py:641} INFO - 25/02/22 05:02:09 INFO BlockManager: Initialized BlockManager: BlockManagerId(driver, ***-airflow-scheduler, 43137, None)
[2025-02-22T05:02:11.768+0000] {spark_submit.py:641} INFO - Downloading from https://www.kaggle.com/api/v1/datasets/download/sanjanchaudhari/employees-performance-for-hr-analytics?dataset_version_number=1...
[2025-02-22T05:02:11.802+0000] {spark_submit.py:641} INFO - 
[2025-02-22T05:02:12.221+0000] {spark_submit.py:641} INFO - 0%|          | 0.00/205k [00:00<?, ?B/s]
[2025-02-22T05:02:12.223+0000] {spark_submit.py:641} INFO - 100%|██████████| 205k/205k [00:00<00:00, 501kB/s]
[2025-02-22T05:02:12.224+0000] {spark_submit.py:641} INFO - 100%|██████████| 205k/205k [00:00<00:00, 500kB/s]
[2025-02-22T05:02:12.225+0000] {spark_submit.py:641} INFO - Extracting files...
[2025-02-22T05:02:21.282+0000] {spark_submit.py:641} INFO - ---------------- MENAMPILKAN DATA HASIL EXTRACT ----------------
[2025-02-22T05:02:21.718+0000] {spark_submit.py:641} INFO - +-----------+-----------------+---------+---------+------+-------------------+---------------+---+--------------------+-----------------+---------------------+----------+------------------+
[2025-02-22T05:02:21.724+0000] {spark_submit.py:641} INFO - |employee_id|       department|   region|education|gender|recruitment_channel|no_of_trainings|age|previous_year_rating|length_of_service|KPIs_met_more_than_80|awards_won|avg_training_score|
[2025-02-22T05:02:21.726+0000] {spark_submit.py:641} INFO - +-----------+-----------------+---------+---------+------+-------------------+---------------+---+--------------------+-----------------+---------------------+----------+------------------+
[2025-02-22T05:02:21.728+0000] {spark_submit.py:641} INFO - |       8724|       Technology|region_26|Bachelors|     m|           sourcing|              1| 24|                null|                1|                    1|         0|                77|
[2025-02-22T05:02:21.729+0000] {spark_submit.py:641} INFO - |      74430|               HR| region_4|Bachelors|     f|              other|              1| 31|                   3|                5|                    0|         0|                51|
[2025-02-22T05:02:21.731+0000] {spark_submit.py:641} INFO - |      72255|Sales & Marketing|region_13|Bachelors|     m|              other|              1| 31|                   1|                4|                    0|         0|                47|
[2025-02-22T05:02:21.732+0000] {spark_submit.py:641} INFO - |      38562|      Procurement| region_2|Bachelors|     f|              other|              3| 31|                   2|                9|                    0|         0|                65|
[2025-02-22T05:02:21.734+0000] {spark_submit.py:641} INFO - |      64486|          Finance|region_29|Bachelors|     m|           sourcing|              1| 30|                   4|                7|                    0|         0|                61|
[2025-02-22T05:02:21.735+0000] {spark_submit.py:641} INFO - +-----------+-----------------+---------+---------+------+-------------------+---------------+---+--------------------+-----------------+---------------------+----------+------------------+
[2025-02-22T05:02:21.739+0000] {spark_submit.py:641} INFO - only showing top 5 rows
[2025-02-22T05:02:21.741+0000] {spark_submit.py:641} INFO - 
[2025-02-22T05:02:21.742+0000] {spark_submit.py:641} INFO - root
[2025-02-22T05:02:21.743+0000] {spark_submit.py:641} INFO - |-- employee_id: integer (nullable = true)
[2025-02-22T05:02:21.744+0000] {spark_submit.py:641} INFO - |-- department: string (nullable = true)
[2025-02-22T05:02:21.745+0000] {spark_submit.py:641} INFO - |-- region: string (nullable = true)
[2025-02-22T05:02:21.746+0000] {spark_submit.py:641} INFO - |-- education: string (nullable = true)
[2025-02-22T05:02:21.747+0000] {spark_submit.py:641} INFO - |-- gender: string (nullable = true)
[2025-02-22T05:02:21.748+0000] {spark_submit.py:641} INFO - |-- recruitment_channel: string (nullable = true)
[2025-02-22T05:02:21.749+0000] {spark_submit.py:641} INFO - |-- no_of_trainings: integer (nullable = true)
[2025-02-22T05:02:21.751+0000] {spark_submit.py:641} INFO - |-- age: integer (nullable = true)
[2025-02-22T05:02:21.753+0000] {spark_submit.py:641} INFO - |-- previous_year_rating: integer (nullable = true)
[2025-02-22T05:02:21.754+0000] {spark_submit.py:641} INFO - |-- length_of_service: integer (nullable = true)
[2025-02-22T05:02:21.755+0000] {spark_submit.py:641} INFO - |-- KPIs_met_more_than_80: integer (nullable = true)
[2025-02-22T05:02:21.757+0000] {spark_submit.py:641} INFO - |-- awards_won: integer (nullable = true)
[2025-02-22T05:02:21.758+0000] {spark_submit.py:641} INFO - |-- avg_training_score: integer (nullable = true)
[2025-02-22T05:02:21.759+0000] {spark_submit.py:641} INFO - 
[2025-02-22T05:02:22.294+0000] {spark_submit.py:641} INFO - Jumlah baris dalam DataFrame : 17417
[2025-02-22T05:02:22.296+0000] {spark_submit.py:641} INFO - Isi folder data/extracted.parquet :
[2025-02-22T05:02:22.297+0000] {spark_submit.py:641} INFO - ['part-00000-94f515fa-5c89-4ba8-b973-d3cd9c64cf6d-c000.snappy.parquet', '.part-00000-94f515fa-5c89-4ba8-b973-d3cd9c64cf6d-c000.snappy.parquet.crc', '_SUCCESS', '._SUCCESS.crc']
[2025-02-22T05:02:22.299+0000] {spark_submit.py:641} INFO - Extract data berhasil.
[2025-02-22T05:02:22.877+0000] {taskinstance.py:341} INFO - ::group::Post task execution logs
[2025-02-22T05:02:22.880+0000] {taskinstance.py:353} INFO - Marking task as SUCCESS. dag_id=***_v2_etl_dag, task_id=extract_task, run_id=manual__2025-02-22T05:01:55.383550+00:00, execution_date=20250222T050155, start_date=20250222T050158, end_date=20250222T050222
[2025-02-22T05:02:22.954+0000] {local_task_job_runner.py:266} INFO - Task exited with return code 0
[2025-02-22T05:02:22.995+0000] {taskinstance.py:3901} INFO - 1 downstream tasks scheduled from follow-on schedule check
[2025-02-22T05:02:23.000+0000] {local_task_job_runner.py:245} INFO - ::endgroup::
