[2025-02-21T14:43:15.213+0000] {local_task_job_runner.py:123} INFO - ::group::Pre task execution logs
[2025-02-21T14:43:15.248+0000] {taskinstance.py:2614} INFO - Dependencies all met for dep_context=non-requeueable deps ti=<TaskInstance: finprode8_v2_etl_dag.load_task manual__2025-02-21T14:42:19.314114+00:00 [queued]>
[2025-02-21T14:43:15.263+0000] {taskinstance.py:2614} INFO - Dependencies all met for dep_context=requeueable deps ti=<TaskInstance: finprode8_v2_etl_dag.load_task manual__2025-02-21T14:42:19.314114+00:00 [queued]>
[2025-02-21T14:43:15.265+0000] {taskinstance.py:2867} INFO - Starting attempt 1 of 1
[2025-02-21T14:43:15.305+0000] {taskinstance.py:2890} INFO - Executing <Task(SparkSubmitOperator): load_task> on 2025-02-21 14:42:19.314114+00:00
[2025-02-21T14:43:15.316+0000] {standard_task_runner.py:72} INFO - Started process 688 to run task
[2025-02-21T14:43:15.327+0000] {standard_task_runner.py:104} INFO - Running: ['airflow', 'tasks', 'run', '***_v2_etl_dag', 'load_task', 'manual__2025-02-21T14:42:19.314114+00:00', '--job-id', '41', '--raw', '--subdir', 'DAGS_FOLDER/***_v2_etl_dag.py', '--cfg-path', '/tmp/tmpwpx4u0uf']
[2025-02-21T14:43:15.336+0000] {standard_task_runner.py:105} INFO - Job 41: Subtask load_task
[2025-02-21T14:43:15.381+0000] {logging_mixin.py:190} WARNING - /home/airflow/.local/lib/python3.9/site-packages/airflow/settings.py:209 DeprecationWarning: The sql_alchemy_conn option in [core] has been moved to the sql_alchemy_conn option in [database] - the old setting has been used, but please update your config.
[2025-02-21T14:43:15.473+0000] {task_command.py:467} INFO - Running <TaskInstance: finprode8_v2_etl_dag.load_task manual__2025-02-21T14:42:19.314114+00:00 [running]> on host ***-airflow-scheduler
[2025-02-21T14:43:16.492+0000] {taskinstance.py:3134} INFO - Exporting env vars: AIRFLOW_CTX_DAG_OWNER='ratih malini' AIRFLOW_CTX_DAG_ID='***_v2_etl_dag' AIRFLOW_CTX_TASK_ID='load_task' AIRFLOW_CTX_EXECUTION_DATE='2025-02-21T14:42:19.314114+00:00' AIRFLOW_CTX_TRY_NUMBER='1' AIRFLOW_CTX_DAG_RUN_ID='manual__2025-02-21T14:42:19.314114+00:00'
[2025-02-21T14:43:16.495+0000] {taskinstance.py:732} INFO - ::endgroup::
[2025-02-21T14:43:16.550+0000] {base.py:84} INFO - Retrieving connection 'spark_main'
[2025-02-21T14:43:16.556+0000] {spark_submit.py:474} INFO - Spark-Submit cmd: spark-submit --master spark://***-spark-master:7077 --packages org.postgresql:postgresql:42.2.18 --name arrow-spark /spark-scripts/***_v2_load.py
[2025-02-21T14:43:19.856+0000] {spark_submit.py:641} INFO - :: loading settings :: url = jar:file:/home/airflow/.local/lib/python3.9/site-packages/pyspark/jars/ivy-2.5.1.jar!/org/apache/ivy/core/settings/ivysettings.xml
[2025-02-21T14:43:20.063+0000] {spark_submit.py:641} INFO - Ivy Default Cache set to: /home/airflow/.ivy2/cache
[2025-02-21T14:43:20.066+0000] {spark_submit.py:641} INFO - The jars for the packages stored in: /home/airflow/.ivy2/jars
[2025-02-21T14:43:20.068+0000] {spark_submit.py:641} INFO - org.postgresql#postgresql added as a dependency
[2025-02-21T14:43:20.070+0000] {spark_submit.py:641} INFO - :: resolving dependencies :: org.apache.spark#spark-submit-parent-502b287c-c73d-4a27-b9a3-afbd0c823501;1.0
[2025-02-21T14:43:20.072+0000] {spark_submit.py:641} INFO - confs: [default]
[2025-02-21T14:43:20.320+0000] {spark_submit.py:641} INFO - found org.postgresql#postgresql;42.2.18 in central
[2025-02-21T14:43:20.363+0000] {spark_submit.py:641} INFO - found org.checkerframework#checker-qual;3.5.0 in central
[2025-02-21T14:43:20.389+0000] {spark_submit.py:641} INFO - :: resolution report :: resolve 309ms :: artifacts dl 10ms
[2025-02-21T14:43:20.390+0000] {spark_submit.py:641} INFO - :: modules in use:
[2025-02-21T14:43:20.391+0000] {spark_submit.py:641} INFO - org.checkerframework#checker-qual;3.5.0 from central in [default]
[2025-02-21T14:43:20.393+0000] {spark_submit.py:641} INFO - org.postgresql#postgresql;42.2.18 from central in [default]
[2025-02-21T14:43:20.394+0000] {spark_submit.py:641} INFO - ---------------------------------------------------------------------
[2025-02-21T14:43:20.395+0000] {spark_submit.py:641} INFO - |                  |            modules            ||   artifacts   |
[2025-02-21T14:43:20.396+0000] {spark_submit.py:641} INFO - |       conf       | number| search|dwnlded|evicted|| number|dwnlded|
[2025-02-21T14:43:20.398+0000] {spark_submit.py:641} INFO - ---------------------------------------------------------------------
[2025-02-21T14:43:20.399+0000] {spark_submit.py:641} INFO - |      default     |   2   |   0   |   0   |   0   ||   2   |   0   |
[2025-02-21T14:43:20.402+0000] {spark_submit.py:641} INFO - ---------------------------------------------------------------------
[2025-02-21T14:43:20.404+0000] {spark_submit.py:641} INFO - :: retrieving :: org.apache.spark#spark-submit-parent-502b287c-c73d-4a27-b9a3-afbd0c823501
[2025-02-21T14:43:20.406+0000] {spark_submit.py:641} INFO - confs: [default]
[2025-02-21T14:43:20.408+0000] {spark_submit.py:641} INFO - 0 artifacts copied, 2 already retrieved (0kB/5ms)
[2025-02-21T14:43:20.754+0000] {spark_submit.py:641} INFO - 25/02/21 14:43:20 WARN NativeCodeLoader: Unable to load native-hadoop library for your platform... using builtin-java classes where applicable
[2025-02-21T14:43:21.901+0000] {spark_submit.py:641} INFO - 25/02/21 14:43:21 INFO SparkContext: Running Spark version 3.3.2
[2025-02-21T14:43:21.925+0000] {spark_submit.py:641} INFO - 25/02/21 14:43:21 INFO ResourceUtils: ==============================================================
[2025-02-21T14:43:21.927+0000] {spark_submit.py:641} INFO - 25/02/21 14:43:21 INFO ResourceUtils: No custom resources configured for spark.driver.
[2025-02-21T14:43:21.928+0000] {spark_submit.py:641} INFO - 25/02/21 14:43:21 INFO ResourceUtils: ==============================================================
[2025-02-21T14:43:21.929+0000] {spark_submit.py:641} INFO - 25/02/21 14:43:21 INFO SparkContext: Submitted application: ***_load
[2025-02-21T14:43:21.951+0000] {spark_submit.py:641} INFO - 25/02/21 14:43:21 INFO ResourceProfile: Default ResourceProfile created, executor resources: Map(cores -> name: cores, amount: 1, script: , vendor: , memory -> name: memory, amount: 1024, script: , vendor: , offHeap -> name: offHeap, amount: 0, script: , vendor: ), task resources: Map(cpus -> name: cpus, amount: 1.0)
[2025-02-21T14:43:21.961+0000] {spark_submit.py:641} INFO - 25/02/21 14:43:21 INFO ResourceProfile: Limiting resource is cpu
[2025-02-21T14:43:21.963+0000] {spark_submit.py:641} INFO - 25/02/21 14:43:21 INFO ResourceProfileManager: Added ResourceProfile id: 0
[2025-02-21T14:43:22.011+0000] {spark_submit.py:641} INFO - 25/02/21 14:43:22 INFO SecurityManager: Changing view acls to: airflow
[2025-02-21T14:43:22.014+0000] {spark_submit.py:641} INFO - 25/02/21 14:43:22 INFO SecurityManager: Changing modify acls to: airflow
[2025-02-21T14:43:22.015+0000] {spark_submit.py:641} INFO - 25/02/21 14:43:22 INFO SecurityManager: Changing view acls groups to:
[2025-02-21T14:43:22.016+0000] {spark_submit.py:641} INFO - 25/02/21 14:43:22 INFO SecurityManager: Changing modify acls groups to:
[2025-02-21T14:43:22.018+0000] {spark_submit.py:641} INFO - 25/02/21 14:43:22 INFO SecurityManager: SecurityManager: authentication disabled; ui acls disabled; users  with view permissions: Set(airflow); groups with view permissions: Set(); users  with modify permissions: Set(airflow); groups with modify permissions: Set()
[2025-02-21T14:43:22.240+0000] {spark_submit.py:641} INFO - 25/02/21 14:43:22 INFO Utils: Successfully started service 'sparkDriver' on port 39343.
[2025-02-21T14:43:22.272+0000] {spark_submit.py:641} INFO - 25/02/21 14:43:22 INFO SparkEnv: Registering MapOutputTracker
[2025-02-21T14:43:22.303+0000] {spark_submit.py:641} INFO - 25/02/21 14:43:22 INFO SparkEnv: Registering BlockManagerMaster
[2025-02-21T14:43:22.329+0000] {spark_submit.py:641} INFO - 25/02/21 14:43:22 INFO BlockManagerMasterEndpoint: Using org.apache.spark.storage.DefaultTopologyMapper for getting topology information
[2025-02-21T14:43:22.332+0000] {spark_submit.py:641} INFO - 25/02/21 14:43:22 INFO BlockManagerMasterEndpoint: BlockManagerMasterEndpoint up
[2025-02-21T14:43:22.340+0000] {spark_submit.py:641} INFO - 25/02/21 14:43:22 INFO SparkEnv: Registering BlockManagerMasterHeartbeat
[2025-02-21T14:43:22.362+0000] {spark_submit.py:641} INFO - 25/02/21 14:43:22 INFO DiskBlockManager: Created local directory at /tmp/blockmgr-6df8df7c-1e56-4969-abc4-e319519f1cad
[2025-02-21T14:43:22.383+0000] {spark_submit.py:641} INFO - 25/02/21 14:43:22 INFO MemoryStore: MemoryStore started with capacity 434.4 MiB
[2025-02-21T14:43:22.399+0000] {spark_submit.py:641} INFO - 25/02/21 14:43:22 INFO SparkEnv: Registering OutputCommitCoordinator
[2025-02-21T14:43:22.765+0000] {spark_submit.py:641} INFO - 25/02/21 14:43:22 INFO Utils: Successfully started service 'SparkUI' on port 4040.
[2025-02-21T14:43:22.842+0000] {spark_submit.py:641} INFO - 25/02/21 14:43:22 INFO SparkContext: Added JAR file:///home/airflow/.ivy2/jars/org.postgresql_postgresql-42.2.18.jar at spark://***-airflow-scheduler:39343/jars/org.postgresql_postgresql-42.2.18.jar with timestamp 1740149001893
[2025-02-21T14:43:22.844+0000] {spark_submit.py:641} INFO - 25/02/21 14:43:22 INFO SparkContext: Added JAR file:///home/airflow/.ivy2/jars/org.checkerframework_checker-qual-3.5.0.jar at spark://***-airflow-scheduler:39343/jars/org.checkerframework_checker-qual-3.5.0.jar with timestamp 1740149001893
[2025-02-21T14:43:22.846+0000] {spark_submit.py:641} INFO - 25/02/21 14:43:22 INFO SparkContext: Added file file:///home/airflow/.ivy2/jars/org.postgresql_postgresql-42.2.18.jar at file:///home/airflow/.ivy2/jars/org.postgresql_postgresql-42.2.18.jar with timestamp 1740149001893
[2025-02-21T14:43:22.847+0000] {spark_submit.py:641} INFO - 25/02/21 14:43:22 INFO Utils: Copying /home/airflow/.ivy2/jars/org.postgresql_postgresql-42.2.18.jar to /tmp/spark-cc0bd743-1757-44bc-a6f3-1202459e3e0d/userFiles-93289049-8e3b-4b65-ac7e-1ed27855a060/org.postgresql_postgresql-42.2.18.jar
[2025-02-21T14:43:22.862+0000] {spark_submit.py:641} INFO - 25/02/21 14:43:22 INFO SparkContext: Added file file:///home/airflow/.ivy2/jars/org.checkerframework_checker-qual-3.5.0.jar at file:///home/airflow/.ivy2/jars/org.checkerframework_checker-qual-3.5.0.jar with timestamp 1740149001893
[2025-02-21T14:43:22.864+0000] {spark_submit.py:641} INFO - 25/02/21 14:43:22 INFO Utils: Copying /home/airflow/.ivy2/jars/org.checkerframework_checker-qual-3.5.0.jar to /tmp/spark-cc0bd743-1757-44bc-a6f3-1202459e3e0d/userFiles-93289049-8e3b-4b65-ac7e-1ed27855a060/org.checkerframework_checker-qual-3.5.0.jar
[2025-02-21T14:43:22.938+0000] {spark_submit.py:641} INFO - 25/02/21 14:43:22 INFO Executor: Starting executor ID driver on host ***-airflow-scheduler
[2025-02-21T14:43:22.945+0000] {spark_submit.py:641} INFO - 25/02/21 14:43:22 INFO Executor: Starting executor with user classpath (userClassPathFirst = false): ''
[2025-02-21T14:43:22.954+0000] {spark_submit.py:641} INFO - 25/02/21 14:43:22 INFO Executor: Fetching file:///home/airflow/.ivy2/jars/org.postgresql_postgresql-42.2.18.jar with timestamp 1740149001893
[2025-02-21T14:43:22.986+0000] {spark_submit.py:641} INFO - 25/02/21 14:43:22 INFO Utils: /home/airflow/.ivy2/jars/org.postgresql_postgresql-42.2.18.jar has been previously copied to /tmp/spark-cc0bd743-1757-44bc-a6f3-1202459e3e0d/userFiles-93289049-8e3b-4b65-ac7e-1ed27855a060/org.postgresql_postgresql-42.2.18.jar
[2025-02-21T14:43:22.991+0000] {spark_submit.py:641} INFO - 25/02/21 14:43:22 INFO Executor: Fetching file:///home/airflow/.ivy2/jars/org.checkerframework_checker-qual-3.5.0.jar with timestamp 1740149001893
[2025-02-21T14:43:22.993+0000] {spark_submit.py:641} INFO - 25/02/21 14:43:22 INFO Utils: /home/airflow/.ivy2/jars/org.checkerframework_checker-qual-3.5.0.jar has been previously copied to /tmp/spark-cc0bd743-1757-44bc-a6f3-1202459e3e0d/userFiles-93289049-8e3b-4b65-ac7e-1ed27855a060/org.checkerframework_checker-qual-3.5.0.jar
[2025-02-21T14:43:23.004+0000] {spark_submit.py:641} INFO - 25/02/21 14:43:23 INFO Executor: Fetching spark://***-airflow-scheduler:39343/jars/org.postgresql_postgresql-42.2.18.jar with timestamp 1740149001893
[2025-02-21T14:43:23.069+0000] {spark_submit.py:641} INFO - 25/02/21 14:43:23 INFO TransportClientFactory: Successfully created connection to ***-airflow-scheduler/172.19.0.6:39343 after 46 ms (0 ms spent in bootstraps)
[2025-02-21T14:43:23.079+0000] {spark_submit.py:641} INFO - 25/02/21 14:43:23 INFO Utils: Fetching spark://***-airflow-scheduler:39343/jars/org.postgresql_postgresql-42.2.18.jar to /tmp/spark-cc0bd743-1757-44bc-a6f3-1202459e3e0d/userFiles-93289049-8e3b-4b65-ac7e-1ed27855a060/fetchFileTemp10439289121216992861.tmp
[2025-02-21T14:43:23.159+0000] {spark_submit.py:641} INFO - 25/02/21 14:43:23 INFO Utils: /tmp/spark-cc0bd743-1757-44bc-a6f3-1202459e3e0d/userFiles-93289049-8e3b-4b65-ac7e-1ed27855a060/fetchFileTemp10439289121216992861.tmp has been previously copied to /tmp/spark-cc0bd743-1757-44bc-a6f3-1202459e3e0d/userFiles-93289049-8e3b-4b65-ac7e-1ed27855a060/org.postgresql_postgresql-42.2.18.jar
[2025-02-21T14:43:23.168+0000] {spark_submit.py:641} INFO - 25/02/21 14:43:23 INFO Executor: Adding file:/tmp/spark-cc0bd743-1757-44bc-a6f3-1202459e3e0d/userFiles-93289049-8e3b-4b65-ac7e-1ed27855a060/org.postgresql_postgresql-42.2.18.jar to class loader
[2025-02-21T14:43:23.170+0000] {spark_submit.py:641} INFO - 25/02/21 14:43:23 INFO Executor: Fetching spark://***-airflow-scheduler:39343/jars/org.checkerframework_checker-qual-3.5.0.jar with timestamp 1740149001893
[2025-02-21T14:43:23.172+0000] {spark_submit.py:641} INFO - 25/02/21 14:43:23 INFO Utils: Fetching spark://***-airflow-scheduler:39343/jars/org.checkerframework_checker-qual-3.5.0.jar to /tmp/spark-cc0bd743-1757-44bc-a6f3-1202459e3e0d/userFiles-93289049-8e3b-4b65-ac7e-1ed27855a060/fetchFileTemp3368885515791877166.tmp
[2025-02-21T14:43:23.174+0000] {spark_submit.py:641} INFO - 25/02/21 14:43:23 INFO Utils: /tmp/spark-cc0bd743-1757-44bc-a6f3-1202459e3e0d/userFiles-93289049-8e3b-4b65-ac7e-1ed27855a060/fetchFileTemp3368885515791877166.tmp has been previously copied to /tmp/spark-cc0bd743-1757-44bc-a6f3-1202459e3e0d/userFiles-93289049-8e3b-4b65-ac7e-1ed27855a060/org.checkerframework_checker-qual-3.5.0.jar
[2025-02-21T14:43:23.181+0000] {spark_submit.py:641} INFO - 25/02/21 14:43:23 INFO Executor: Adding file:/tmp/spark-cc0bd743-1757-44bc-a6f3-1202459e3e0d/userFiles-93289049-8e3b-4b65-ac7e-1ed27855a060/org.checkerframework_checker-qual-3.5.0.jar to class loader
[2025-02-21T14:43:23.190+0000] {spark_submit.py:641} INFO - 25/02/21 14:43:23 INFO Utils: Successfully started service 'org.apache.spark.network.netty.NettyBlockTransferService' on port 35249.
[2025-02-21T14:43:23.192+0000] {spark_submit.py:641} INFO - 25/02/21 14:43:23 INFO NettyBlockTransferService: Server created on ***-airflow-scheduler:35249
[2025-02-21T14:43:23.194+0000] {spark_submit.py:641} INFO - 25/02/21 14:43:23 INFO BlockManager: Using org.apache.spark.storage.RandomBlockReplicationPolicy for block replication policy
[2025-02-21T14:43:23.200+0000] {spark_submit.py:641} INFO - 25/02/21 14:43:23 INFO BlockManagerMaster: Registering BlockManager BlockManagerId(driver, ***-airflow-scheduler, 35249, None)
[2025-02-21T14:43:23.205+0000] {spark_submit.py:641} INFO - 25/02/21 14:43:23 INFO BlockManagerMasterEndpoint: Registering block manager ***-airflow-scheduler:35249 with 434.4 MiB RAM, BlockManagerId(driver, ***-airflow-scheduler, 35249, None)
[2025-02-21T14:43:23.207+0000] {spark_submit.py:641} INFO - 25/02/21 14:43:23 INFO BlockManagerMaster: Registered BlockManager BlockManagerId(driver, ***-airflow-scheduler, 35249, None)
[2025-02-21T14:43:23.209+0000] {spark_submit.py:641} INFO - 25/02/21 14:43:23 INFO BlockManager: Initialized BlockManager: BlockManagerId(driver, ***-airflow-scheduler, 35249, None)
[2025-02-21T14:43:29.924+0000] {spark_submit.py:641} INFO - ---------------- MENAMPILKAN DATA HASIL LOAD KE POSTGRES ----------------
[2025-02-21T14:43:30.289+0000] {spark_submit.py:641} INFO - +-----------+-----------------+---------+---------------+------+-------------------+---------------+---+--------------------+-----------------+---------------------+----------+------------------+
[2025-02-21T14:43:30.292+0000] {spark_submit.py:641} INFO - |employee_id|       department|   region|      education|gender|recruitment_channel|no_of_trainings|age|previous_year_rating|length_of_service|KPIs_met_more_than_80|awards_won|avg_training_score|
[2025-02-21T14:43:30.293+0000] {spark_submit.py:641} INFO - +-----------+-----------------+---------+---------------+------+-------------------+---------------+---+--------------------+-----------------+---------------------+----------+------------------+
[2025-02-21T14:43:30.295+0000] {spark_submit.py:641} INFO - |          3|      Procurement|region_22|Masters & above|     f|              other|              1| 38|                   5|                4|                    1|         0|                67|
[2025-02-21T14:43:30.296+0000] {spark_submit.py:641} INFO - |          6|Sales & Marketing|region_15|      Bachelors|     f|              other|              1| 38|                   3|               10|                    0|         0|                50|
[2025-02-21T14:43:30.298+0000] {spark_submit.py:641} INFO - |         11|       Technology| region_4|Masters & above|     f|           sourcing|              1| 39|                   4|               12|                    1|         0|                72|
[2025-02-21T14:43:30.300+0000] {spark_submit.py:641} INFO - |         13|Sales & Marketing|region_17|      Bachelors|     m|              other|              1| 38|                   1|                5|                    1|         0|                47|
[2025-02-21T14:43:30.301+0000] {spark_submit.py:641} INFO - |         16|Sales & Marketing| region_4|Masters & above|     m|           sourcing|              1| 40|                   5|                5|                    0|         0|                53|
[2025-02-21T14:43:30.304+0000] {spark_submit.py:641} INFO - |         17|Sales & Marketing| region_7|      Bachelors|     m|           sourcing|              1| 50|                   5|               13|                    0|         0|                47|
[2025-02-21T14:43:30.306+0000] {spark_submit.py:641} INFO - |         19|               HR| region_2|Masters & above|     f|              other|              1| 50|                   4|                7|                    1|         0|                45|
[2025-02-21T14:43:30.308+0000] {spark_submit.py:641} INFO - |         20|        Analytics|region_21|      Bachelors|     m|           sourcing|              1| 27|                   0|                1|                    1|         0|                89|
[2025-02-21T14:43:30.309+0000] {spark_submit.py:641} INFO - |         21|        Analytics| region_8|      Bachelors|     m|           sourcing|              2| 28|                   2|                3|                    1|         0|                85|
[2025-02-21T14:43:30.311+0000] {spark_submit.py:641} INFO - |         22|       Technology| region_2|Masters & above|     f|              other|              1| 57|                   4|               18|                    1|         0|                77|
[2025-02-21T14:43:30.312+0000] {spark_submit.py:641} INFO - |         23|Sales & Marketing|region_16|      Bachelors|     f|           sourcing|              1| 42|                   1|                3|                    0|         0|                46|
[2025-02-21T14:43:30.314+0000] {spark_submit.py:641} INFO - |         24|               HR|region_28|Masters & above|     f|              other|              1| 32|                   1|                5|                    1|         0|                51|
[2025-02-21T14:43:30.315+0000] {spark_submit.py:641} INFO - |         27|Sales & Marketing|region_16|      Bachelors|     m|           sourcing|              1| 29|                   2|                6|                    0|         0|                51|
[2025-02-21T14:43:30.317+0000] {spark_submit.py:641} INFO - |         29|        Analytics| region_7|      Bachelors|     m|              other|              1| 28|                   0|                1|                    1|         0|                85|
[2025-02-21T14:43:30.318+0000] {spark_submit.py:641} INFO - |         31|Sales & Marketing|region_15|      Bachelors|     f|              other|              1| 29|                   3|                5|                    1|         0|                49|
[2025-02-21T14:43:30.319+0000] {spark_submit.py:641} INFO - |         40|       Operations| region_7|Masters & above|     f|              other|              1| 34|                   1|                4|                    0|         0|                65|
[2025-02-21T14:43:30.321+0000] {spark_submit.py:641} INFO - |         50|Sales & Marketing|region_19|      Bachelors|     m|              other|              1| 32|                   1|                3|                    0|         0|                48|
[2025-02-21T14:43:30.322+0000] {spark_submit.py:641} INFO - |         55|       Operations|region_19|Masters & above|     f|           sourcing|              1| 33|                   5|                3|                    0|         0|                61|
[2025-02-21T14:43:30.323+0000] {spark_submit.py:641} INFO - |         63|Sales & Marketing| region_8|Masters & above|     m|           sourcing|              1| 35|                   5|                8|                    0|         0|                52|
[2025-02-21T14:43:30.324+0000] {spark_submit.py:641} INFO - |         64|        Analytics| region_4|      Bachelors|     m|              other|              1| 42|                   5|               11|                    1|         0|                80|
[2025-02-21T14:43:30.326+0000] {spark_submit.py:641} INFO - +-----------+-----------------+---------+---------------+------+-------------------+---------------+---+--------------------+-----------------+---------------------+----------+------------------+
[2025-02-21T14:43:30.327+0000] {spark_submit.py:641} INFO - only showing top 20 rows
[2025-02-21T14:43:30.328+0000] {spark_submit.py:641} INFO - 
[2025-02-21T14:43:30.742+0000] {spark_submit.py:641} INFO - Jumlah baris dalam DataFrame: 17415
[2025-02-21T14:43:30.744+0000] {spark_submit.py:641} INFO - Load data berhasil.
[2025-02-21T14:43:31.102+0000] {taskinstance.py:341} INFO - ::group::Post task execution logs
[2025-02-21T14:43:31.106+0000] {taskinstance.py:353} INFO - Marking task as SUCCESS. dag_id=***_v2_etl_dag, task_id=load_task, run_id=manual__2025-02-21T14:42:19.314114+00:00, execution_date=20250221T144219, start_date=20250221T144315, end_date=20250221T144331
[2025-02-21T14:43:31.207+0000] {local_task_job_runner.py:266} INFO - Task exited with return code 0
[2025-02-21T14:43:31.256+0000] {taskinstance.py:3901} INFO - 0 downstream tasks scheduled from follow-on schedule check
[2025-02-21T14:43:31.261+0000] {local_task_job_runner.py:245} INFO - ::endgroup::
