[2025-02-23T18:22:45.378+0000] {local_task_job_runner.py:123} INFO - ::group::Pre task execution logs
[2025-02-23T18:22:45.410+0000] {taskinstance.py:2614} INFO - Dependencies all met for dep_context=non-requeueable deps ti=<TaskInstance: finprode8_v2_etl_dag.load_task manual__2025-02-23T18:22:14.744084+00:00 [queued]>
[2025-02-23T18:22:45.426+0000] {taskinstance.py:2614} INFO - Dependencies all met for dep_context=requeueable deps ti=<TaskInstance: finprode8_v2_etl_dag.load_task manual__2025-02-23T18:22:14.744084+00:00 [queued]>
[2025-02-23T18:22:45.428+0000] {taskinstance.py:2867} INFO - Starting attempt 1 of 1
[2025-02-23T18:22:45.446+0000] {taskinstance.py:2890} INFO - Executing <Task(SparkSubmitOperator): load_task> on 2025-02-23 18:22:14.744084+00:00
[2025-02-23T18:22:45.452+0000] {standard_task_runner.py:72} INFO - Started process 9062 to run task
[2025-02-23T18:22:45.456+0000] {standard_task_runner.py:104} INFO - Running: ['airflow', 'tasks', 'run', '***_v2_etl_dag', 'load_task', 'manual__2025-02-23T18:22:14.744084+00:00', '--job-id', '37', '--raw', '--subdir', 'DAGS_FOLDER/***_v2_etl_dag.py', '--cfg-path', '/tmp/tmpqlz63u00']
[2025-02-23T18:22:45.460+0000] {standard_task_runner.py:105} INFO - Job 37: Subtask load_task
[2025-02-23T18:22:45.485+0000] {logging_mixin.py:190} WARNING - /home/airflow/.local/lib/python3.9/site-packages/airflow/settings.py:209 DeprecationWarning: The sql_alchemy_conn option in [core] has been moved to the sql_alchemy_conn option in [database] - the old setting has been used, but please update your config.
[2025-02-23T18:22:45.538+0000] {task_command.py:467} INFO - Running <TaskInstance: finprode8_v2_etl_dag.load_task manual__2025-02-23T18:22:14.744084+00:00 [running]> on host ***-airflow-scheduler
[2025-02-23T18:22:45.661+0000] {taskinstance.py:3134} INFO - Exporting env vars: AIRFLOW_CTX_DAG_OWNER='ratih malini' AIRFLOW_CTX_DAG_ID='***_v2_etl_dag' AIRFLOW_CTX_TASK_ID='load_task' AIRFLOW_CTX_EXECUTION_DATE='2025-02-23T18:22:14.744084+00:00' AIRFLOW_CTX_TRY_NUMBER='1' AIRFLOW_CTX_DAG_RUN_ID='manual__2025-02-23T18:22:14.744084+00:00'
[2025-02-23T18:22:45.664+0000] {taskinstance.py:732} INFO - ::endgroup::
[2025-02-23T18:22:45.709+0000] {base.py:84} INFO - Retrieving connection 'spark_main'
[2025-02-23T18:22:45.712+0000] {spark_submit.py:474} INFO - Spark-Submit cmd: spark-submit --master spark://***-spark-master:7077 --packages org.postgresql:postgresql:42.2.18 --name arrow-spark /spark-scripts/***_v2_load.py
[2025-02-23T18:22:47.413+0000] {spark_submit.py:641} INFO - :: loading settings :: url = jar:file:/home/airflow/.local/lib/python3.9/site-packages/pyspark/jars/ivy-2.5.1.jar!/org/apache/ivy/core/settings/ivysettings.xml
[2025-02-23T18:22:47.547+0000] {spark_submit.py:641} INFO - Ivy Default Cache set to: /home/airflow/.ivy2/cache
[2025-02-23T18:22:47.549+0000] {spark_submit.py:641} INFO - The jars for the packages stored in: /home/airflow/.ivy2/jars
[2025-02-23T18:22:47.555+0000] {spark_submit.py:641} INFO - org.postgresql#postgresql added as a dependency
[2025-02-23T18:22:47.559+0000] {spark_submit.py:641} INFO - :: resolving dependencies :: org.apache.spark#spark-submit-parent-c0c77cd8-2e0d-4f88-aca4-6446d57122c3;1.0
[2025-02-23T18:22:47.561+0000] {spark_submit.py:641} INFO - confs: [default]
[2025-02-23T18:22:47.675+0000] {spark_submit.py:641} INFO - found org.postgresql#postgresql;42.2.18 in central
[2025-02-23T18:22:47.700+0000] {spark_submit.py:641} INFO - found org.checkerframework#checker-qual;3.5.0 in central
[2025-02-23T18:22:47.716+0000] {spark_submit.py:641} INFO - :: resolution report :: resolve 152ms :: artifacts dl 5ms
[2025-02-23T18:22:47.718+0000] {spark_submit.py:641} INFO - :: modules in use:
[2025-02-23T18:22:47.719+0000] {spark_submit.py:641} INFO - org.checkerframework#checker-qual;3.5.0 from central in [default]
[2025-02-23T18:22:47.720+0000] {spark_submit.py:641} INFO - org.postgresql#postgresql;42.2.18 from central in [default]
[2025-02-23T18:22:47.722+0000] {spark_submit.py:641} INFO - ---------------------------------------------------------------------
[2025-02-23T18:22:47.723+0000] {spark_submit.py:641} INFO - |                  |            modules            ||   artifacts   |
[2025-02-23T18:22:47.727+0000] {spark_submit.py:641} INFO - |       conf       | number| search|dwnlded|evicted|| number|dwnlded|
[2025-02-23T18:22:47.729+0000] {spark_submit.py:641} INFO - ---------------------------------------------------------------------
[2025-02-23T18:22:47.730+0000] {spark_submit.py:641} INFO - |      default     |   2   |   0   |   0   |   0   ||   2   |   0   |
[2025-02-23T18:22:47.732+0000] {spark_submit.py:641} INFO - ---------------------------------------------------------------------
[2025-02-23T18:22:47.733+0000] {spark_submit.py:641} INFO - :: retrieving :: org.apache.spark#spark-submit-parent-c0c77cd8-2e0d-4f88-aca4-6446d57122c3
[2025-02-23T18:22:47.734+0000] {spark_submit.py:641} INFO - confs: [default]
[2025-02-23T18:22:47.736+0000] {spark_submit.py:641} INFO - 0 artifacts copied, 2 already retrieved (0kB/10ms)
[2025-02-23T18:22:47.988+0000] {spark_submit.py:641} INFO - 25/02/23 18:22:47 WARN NativeCodeLoader: Unable to load native-hadoop library for your platform... using builtin-java classes where applicable
[2025-02-23T18:22:49.190+0000] {spark_submit.py:641} INFO - 25/02/23 18:22:49 INFO SparkContext: Running Spark version 3.3.2
[2025-02-23T18:22:49.221+0000] {spark_submit.py:641} INFO - 25/02/23 18:22:49 INFO ResourceUtils: ==============================================================
[2025-02-23T18:22:49.223+0000] {spark_submit.py:641} INFO - 25/02/23 18:22:49 INFO ResourceUtils: No custom resources configured for spark.driver.
[2025-02-23T18:22:49.225+0000] {spark_submit.py:641} INFO - 25/02/23 18:22:49 INFO ResourceUtils: ==============================================================
[2025-02-23T18:22:49.230+0000] {spark_submit.py:641} INFO - 25/02/23 18:22:49 INFO SparkContext: Submitted application: ***_load
[2025-02-23T18:22:49.249+0000] {spark_submit.py:641} INFO - 25/02/23 18:22:49 INFO ResourceProfile: Default ResourceProfile created, executor resources: Map(cores -> name: cores, amount: 1, script: , vendor: , memory -> name: memory, amount: 1024, script: , vendor: , offHeap -> name: offHeap, amount: 0, script: , vendor: ), task resources: Map(cpus -> name: cpus, amount: 1.0)
[2025-02-23T18:22:49.256+0000] {spark_submit.py:641} INFO - 25/02/23 18:22:49 INFO ResourceProfile: Limiting resource is cpu
[2025-02-23T18:22:49.258+0000] {spark_submit.py:641} INFO - 25/02/23 18:22:49 INFO ResourceProfileManager: Added ResourceProfile id: 0
[2025-02-23T18:22:49.307+0000] {spark_submit.py:641} INFO - 25/02/23 18:22:49 INFO SecurityManager: Changing view acls to: airflow
[2025-02-23T18:22:49.309+0000] {spark_submit.py:641} INFO - 25/02/23 18:22:49 INFO SecurityManager: Changing modify acls to: airflow
[2025-02-23T18:22:49.311+0000] {spark_submit.py:641} INFO - 25/02/23 18:22:49 INFO SecurityManager: Changing view acls groups to:
[2025-02-23T18:22:49.314+0000] {spark_submit.py:641} INFO - 25/02/23 18:22:49 INFO SecurityManager: Changing modify acls groups to:
[2025-02-23T18:22:49.315+0000] {spark_submit.py:641} INFO - 25/02/23 18:22:49 INFO SecurityManager: SecurityManager: authentication disabled; ui acls disabled; users  with view permissions: Set(airflow); groups with view permissions: Set(); users  with modify permissions: Set(airflow); groups with modify permissions: Set()
[2025-02-23T18:22:49.579+0000] {spark_submit.py:641} INFO - 25/02/23 18:22:49 INFO Utils: Successfully started service 'sparkDriver' on port 41849.
[2025-02-23T18:22:49.613+0000] {spark_submit.py:641} INFO - 25/02/23 18:22:49 INFO SparkEnv: Registering MapOutputTracker
[2025-02-23T18:22:49.658+0000] {spark_submit.py:641} INFO - 25/02/23 18:22:49 INFO SparkEnv: Registering BlockManagerMaster
[2025-02-23T18:22:49.688+0000] {spark_submit.py:641} INFO - 25/02/23 18:22:49 INFO BlockManagerMasterEndpoint: Using org.apache.spark.storage.DefaultTopologyMapper for getting topology information
[2025-02-23T18:22:49.690+0000] {spark_submit.py:641} INFO - 25/02/23 18:22:49 INFO BlockManagerMasterEndpoint: BlockManagerMasterEndpoint up
[2025-02-23T18:22:49.698+0000] {spark_submit.py:641} INFO - 25/02/23 18:22:49 INFO SparkEnv: Registering BlockManagerMasterHeartbeat
[2025-02-23T18:22:49.729+0000] {spark_submit.py:641} INFO - 25/02/23 18:22:49 INFO DiskBlockManager: Created local directory at /tmp/blockmgr-b0d5d87e-5707-4c8c-bf19-a1788ca62b6d
[2025-02-23T18:22:49.749+0000] {spark_submit.py:641} INFO - 25/02/23 18:22:49 INFO MemoryStore: MemoryStore started with capacity 434.4 MiB
[2025-02-23T18:22:49.767+0000] {spark_submit.py:641} INFO - 25/02/23 18:22:49 INFO SparkEnv: Registering OutputCommitCoordinator
[2025-02-23T18:22:49.996+0000] {spark_submit.py:641} INFO - 25/02/23 18:22:49 INFO Utils: Successfully started service 'SparkUI' on port 4040.
[2025-02-23T18:22:50.044+0000] {spark_submit.py:641} INFO - 25/02/23 18:22:50 INFO SparkContext: Added JAR file:///home/airflow/.ivy2/jars/org.postgresql_postgresql-42.2.18.jar at spark://***-airflow-scheduler:41849/jars/org.postgresql_postgresql-42.2.18.jar with timestamp 1740334969180
[2025-02-23T18:22:50.046+0000] {spark_submit.py:641} INFO - 25/02/23 18:22:50 INFO SparkContext: Added JAR file:///home/airflow/.ivy2/jars/org.checkerframework_checker-qual-3.5.0.jar at spark://***-airflow-scheduler:41849/jars/org.checkerframework_checker-qual-3.5.0.jar with timestamp 1740334969180
[2025-02-23T18:22:50.048+0000] {spark_submit.py:641} INFO - 25/02/23 18:22:50 INFO SparkContext: Added file file:///home/airflow/.ivy2/jars/org.postgresql_postgresql-42.2.18.jar at file:///home/airflow/.ivy2/jars/org.postgresql_postgresql-42.2.18.jar with timestamp 1740334969180
[2025-02-23T18:22:50.050+0000] {spark_submit.py:641} INFO - 25/02/23 18:22:50 INFO Utils: Copying /home/airflow/.ivy2/jars/org.postgresql_postgresql-42.2.18.jar to /tmp/spark-e36a8335-27b7-4451-99b7-8110a541802c/userFiles-dabd1aba-2eff-4d7f-a262-4d8dc43c2c53/org.postgresql_postgresql-42.2.18.jar
[2025-02-23T18:22:50.065+0000] {spark_submit.py:641} INFO - 25/02/23 18:22:50 INFO SparkContext: Added file file:///home/airflow/.ivy2/jars/org.checkerframework_checker-qual-3.5.0.jar at file:///home/airflow/.ivy2/jars/org.checkerframework_checker-qual-3.5.0.jar with timestamp 1740334969180
[2025-02-23T18:22:50.067+0000] {spark_submit.py:641} INFO - 25/02/23 18:22:50 INFO Utils: Copying /home/airflow/.ivy2/jars/org.checkerframework_checker-qual-3.5.0.jar to /tmp/spark-e36a8335-27b7-4451-99b7-8110a541802c/userFiles-dabd1aba-2eff-4d7f-a262-4d8dc43c2c53/org.checkerframework_checker-qual-3.5.0.jar
[2025-02-23T18:22:50.158+0000] {spark_submit.py:641} INFO - 25/02/23 18:22:50 INFO Executor: Starting executor ID driver on host ***-airflow-scheduler
[2025-02-23T18:22:50.165+0000] {spark_submit.py:641} INFO - 25/02/23 18:22:50 INFO Executor: Starting executor with user classpath (userClassPathFirst = false): ''
[2025-02-23T18:22:50.179+0000] {spark_submit.py:641} INFO - 25/02/23 18:22:50 INFO Executor: Fetching file:///home/airflow/.ivy2/jars/org.postgresql_postgresql-42.2.18.jar with timestamp 1740334969180
[2025-02-23T18:22:50.211+0000] {spark_submit.py:641} INFO - 25/02/23 18:22:50 INFO Utils: /home/airflow/.ivy2/jars/org.postgresql_postgresql-42.2.18.jar has been previously copied to /tmp/spark-e36a8335-27b7-4451-99b7-8110a541802c/userFiles-dabd1aba-2eff-4d7f-a262-4d8dc43c2c53/org.postgresql_postgresql-42.2.18.jar
[2025-02-23T18:22:50.216+0000] {spark_submit.py:641} INFO - 25/02/23 18:22:50 INFO Executor: Fetching file:///home/airflow/.ivy2/jars/org.checkerframework_checker-qual-3.5.0.jar with timestamp 1740334969180
[2025-02-23T18:22:50.218+0000] {spark_submit.py:641} INFO - 25/02/23 18:22:50 INFO Utils: /home/airflow/.ivy2/jars/org.checkerframework_checker-qual-3.5.0.jar has been previously copied to /tmp/spark-e36a8335-27b7-4451-99b7-8110a541802c/userFiles-dabd1aba-2eff-4d7f-a262-4d8dc43c2c53/org.checkerframework_checker-qual-3.5.0.jar
[2025-02-23T18:22:50.227+0000] {spark_submit.py:641} INFO - 25/02/23 18:22:50 INFO Executor: Fetching spark://***-airflow-scheduler:41849/jars/org.checkerframework_checker-qual-3.5.0.jar with timestamp 1740334969180
[2025-02-23T18:22:50.261+0000] {spark_submit.py:641} INFO - 25/02/23 18:22:50 INFO TransportClientFactory: Successfully created connection to ***-airflow-scheduler/172.19.0.6:41849 after 23 ms (0 ms spent in bootstraps)
[2025-02-23T18:22:50.267+0000] {spark_submit.py:641} INFO - 25/02/23 18:22:50 INFO Utils: Fetching spark://***-airflow-scheduler:41849/jars/org.checkerframework_checker-qual-3.5.0.jar to /tmp/spark-e36a8335-27b7-4451-99b7-8110a541802c/userFiles-dabd1aba-2eff-4d7f-a262-4d8dc43c2c53/fetchFileTemp10860719959010525771.tmp
[2025-02-23T18:22:50.306+0000] {spark_submit.py:641} INFO - 25/02/23 18:22:50 INFO Utils: /tmp/spark-e36a8335-27b7-4451-99b7-8110a541802c/userFiles-dabd1aba-2eff-4d7f-a262-4d8dc43c2c53/fetchFileTemp10860719959010525771.tmp has been previously copied to /tmp/spark-e36a8335-27b7-4451-99b7-8110a541802c/userFiles-dabd1aba-2eff-4d7f-a262-4d8dc43c2c53/org.checkerframework_checker-qual-3.5.0.jar
[2025-02-23T18:22:50.313+0000] {spark_submit.py:641} INFO - 25/02/23 18:22:50 INFO Executor: Adding file:/tmp/spark-e36a8335-27b7-4451-99b7-8110a541802c/userFiles-dabd1aba-2eff-4d7f-a262-4d8dc43c2c53/org.checkerframework_checker-qual-3.5.0.jar to class loader
[2025-02-23T18:22:50.315+0000] {spark_submit.py:641} INFO - 25/02/23 18:22:50 INFO Executor: Fetching spark://***-airflow-scheduler:41849/jars/org.postgresql_postgresql-42.2.18.jar with timestamp 1740334969180
[2025-02-23T18:22:50.317+0000] {spark_submit.py:641} INFO - 25/02/23 18:22:50 INFO Utils: Fetching spark://***-airflow-scheduler:41849/jars/org.postgresql_postgresql-42.2.18.jar to /tmp/spark-e36a8335-27b7-4451-99b7-8110a541802c/userFiles-dabd1aba-2eff-4d7f-a262-4d8dc43c2c53/fetchFileTemp17904242702873673017.tmp
[2025-02-23T18:22:50.324+0000] {spark_submit.py:641} INFO - 25/02/23 18:22:50 INFO Utils: /tmp/spark-e36a8335-27b7-4451-99b7-8110a541802c/userFiles-dabd1aba-2eff-4d7f-a262-4d8dc43c2c53/fetchFileTemp17904242702873673017.tmp has been previously copied to /tmp/spark-e36a8335-27b7-4451-99b7-8110a541802c/userFiles-dabd1aba-2eff-4d7f-a262-4d8dc43c2c53/org.postgresql_postgresql-42.2.18.jar
[2025-02-23T18:22:50.331+0000] {spark_submit.py:641} INFO - 25/02/23 18:22:50 INFO Executor: Adding file:/tmp/spark-e36a8335-27b7-4451-99b7-8110a541802c/userFiles-dabd1aba-2eff-4d7f-a262-4d8dc43c2c53/org.postgresql_postgresql-42.2.18.jar to class loader
[2025-02-23T18:22:50.340+0000] {spark_submit.py:641} INFO - 25/02/23 18:22:50 INFO Utils: Successfully started service 'org.apache.spark.network.netty.NettyBlockTransferService' on port 34853.
[2025-02-23T18:22:50.342+0000] {spark_submit.py:641} INFO - 25/02/23 18:22:50 INFO NettyBlockTransferService: Server created on ***-airflow-scheduler:34853
[2025-02-23T18:22:50.344+0000] {spark_submit.py:641} INFO - 25/02/23 18:22:50 INFO BlockManager: Using org.apache.spark.storage.RandomBlockReplicationPolicy for block replication policy
[2025-02-23T18:22:50.350+0000] {spark_submit.py:641} INFO - 25/02/23 18:22:50 INFO BlockManagerMaster: Registering BlockManager BlockManagerId(driver, ***-airflow-scheduler, 34853, None)
[2025-02-23T18:22:50.353+0000] {spark_submit.py:641} INFO - 25/02/23 18:22:50 INFO BlockManagerMasterEndpoint: Registering block manager ***-airflow-scheduler:34853 with 434.4 MiB RAM, BlockManagerId(driver, ***-airflow-scheduler, 34853, None)
[2025-02-23T18:22:50.356+0000] {spark_submit.py:641} INFO - 25/02/23 18:22:50 INFO BlockManagerMaster: Registered BlockManager BlockManagerId(driver, ***-airflow-scheduler, 34853, None)
[2025-02-23T18:22:50.359+0000] {spark_submit.py:641} INFO - 25/02/23 18:22:50 INFO BlockManager: Initialized BlockManager: BlockManagerId(driver, ***-airflow-scheduler, 34853, None)
[2025-02-23T18:22:57.551+0000] {spark_submit.py:641} INFO - Jumlah baris dalam DataFrame: 17415
[2025-02-23T18:22:57.553+0000] {spark_submit.py:641} INFO - Load data ke PostgreSQL berhasil.
[2025-02-23T18:22:58.219+0000] {taskinstance.py:341} INFO - ::group::Post task execution logs
[2025-02-23T18:22:58.222+0000] {taskinstance.py:353} INFO - Marking task as SUCCESS. dag_id=***_v2_etl_dag, task_id=load_task, run_id=manual__2025-02-23T18:22:14.744084+00:00, execution_date=20250223T182214, start_date=20250223T182245, end_date=20250223T182258
[2025-02-23T18:22:58.285+0000] {local_task_job_runner.py:266} INFO - Task exited with return code 0
[2025-02-23T18:22:58.309+0000] {taskinstance.py:3901} INFO - 0 downstream tasks scheduled from follow-on schedule check
[2025-02-23T18:22:58.314+0000] {local_task_job_runner.py:245} INFO - ::endgroup::
