[2025-02-23T14:42:04.632+0000] {local_task_job_runner.py:123} INFO - ::group::Pre task execution logs
[2025-02-23T14:42:04.661+0000] {taskinstance.py:2614} INFO - Dependencies all met for dep_context=non-requeueable deps ti=<TaskInstance: finprode8_v2_etl_dag.load_task manual__2025-02-23T14:41:29.737481+00:00 [queued]>
[2025-02-23T14:42:04.678+0000] {taskinstance.py:2614} INFO - Dependencies all met for dep_context=requeueable deps ti=<TaskInstance: finprode8_v2_etl_dag.load_task manual__2025-02-23T14:41:29.737481+00:00 [queued]>
[2025-02-23T14:42:04.679+0000] {taskinstance.py:2867} INFO - Starting attempt 1 of 1
[2025-02-23T14:42:04.700+0000] {taskinstance.py:2890} INFO - Executing <Task(SparkSubmitOperator): load_task> on 2025-02-23 14:41:29.737481+00:00
[2025-02-23T14:42:04.706+0000] {standard_task_runner.py:72} INFO - Started process 3402 to run task
[2025-02-23T14:42:04.710+0000] {standard_task_runner.py:104} INFO - Running: ['airflow', 'tasks', 'run', '***_v2_etl_dag', 'load_task', 'manual__2025-02-23T14:41:29.737481+00:00', '--job-id', '18', '--raw', '--subdir', 'DAGS_FOLDER/***_v2_etl_dag.py', '--cfg-path', '/tmp/tmpay3x23vo']
[2025-02-23T14:42:04.714+0000] {standard_task_runner.py:105} INFO - Job 18: Subtask load_task
[2025-02-23T14:42:04.739+0000] {logging_mixin.py:190} WARNING - /home/airflow/.local/lib/python3.9/site-packages/airflow/settings.py:209 DeprecationWarning: The sql_alchemy_conn option in [core] has been moved to the sql_alchemy_conn option in [database] - the old setting has been used, but please update your config.
[2025-02-23T14:42:04.785+0000] {task_command.py:467} INFO - Running <TaskInstance: finprode8_v2_etl_dag.load_task manual__2025-02-23T14:41:29.737481+00:00 [running]> on host ***-airflow-scheduler
[2025-02-23T14:42:04.902+0000] {taskinstance.py:3134} INFO - Exporting env vars: AIRFLOW_CTX_DAG_OWNER='ratih malini' AIRFLOW_CTX_DAG_ID='***_v2_etl_dag' AIRFLOW_CTX_TASK_ID='load_task' AIRFLOW_CTX_EXECUTION_DATE='2025-02-23T14:41:29.737481+00:00' AIRFLOW_CTX_TRY_NUMBER='1' AIRFLOW_CTX_DAG_RUN_ID='manual__2025-02-23T14:41:29.737481+00:00'
[2025-02-23T14:42:04.905+0000] {taskinstance.py:732} INFO - ::endgroup::
[2025-02-23T14:42:04.939+0000] {base.py:84} INFO - Retrieving connection 'spark_main'
[2025-02-23T14:42:04.942+0000] {spark_submit.py:474} INFO - Spark-Submit cmd: spark-submit --master spark://***-spark-master:7077 --packages org.postgresql:postgresql:42.2.18 --name arrow-spark /spark-scripts/***_v2_load.py
[2025-02-23T14:42:07.305+0000] {spark_submit.py:641} INFO - :: loading settings :: url = jar:file:/home/airflow/.local/lib/python3.9/site-packages/pyspark/jars/ivy-2.5.1.jar!/org/apache/ivy/core/settings/ivysettings.xml
[2025-02-23T14:42:07.399+0000] {spark_submit.py:641} INFO - Ivy Default Cache set to: /home/airflow/.ivy2/cache
[2025-02-23T14:42:07.407+0000] {spark_submit.py:641} INFO - The jars for the packages stored in: /home/airflow/.ivy2/jars
[2025-02-23T14:42:07.411+0000] {spark_submit.py:641} INFO - org.postgresql#postgresql added as a dependency
[2025-02-23T14:42:07.413+0000] {spark_submit.py:641} INFO - :: resolving dependencies :: org.apache.spark#spark-submit-parent-646828a7-f341-404d-b6bf-698d9772f96e;1.0
[2025-02-23T14:42:07.417+0000] {spark_submit.py:641} INFO - confs: [default]
[2025-02-23T14:42:07.584+0000] {spark_submit.py:641} INFO - found org.postgresql#postgresql;42.2.18 in central
[2025-02-23T14:42:07.632+0000] {spark_submit.py:641} INFO - found org.checkerframework#checker-qual;3.5.0 in central
[2025-02-23T14:42:07.660+0000] {spark_submit.py:641} INFO - :: resolution report :: resolve 240ms :: artifacts dl 9ms
[2025-02-23T14:42:07.667+0000] {spark_submit.py:641} INFO - :: modules in use:
[2025-02-23T14:42:07.670+0000] {spark_submit.py:641} INFO - org.checkerframework#checker-qual;3.5.0 from central in [default]
[2025-02-23T14:42:07.672+0000] {spark_submit.py:641} INFO - org.postgresql#postgresql;42.2.18 from central in [default]
[2025-02-23T14:42:07.673+0000] {spark_submit.py:641} INFO - ---------------------------------------------------------------------
[2025-02-23T14:42:07.674+0000] {spark_submit.py:641} INFO - |                  |            modules            ||   artifacts   |
[2025-02-23T14:42:07.675+0000] {spark_submit.py:641} INFO - |       conf       | number| search|dwnlded|evicted|| number|dwnlded|
[2025-02-23T14:42:07.677+0000] {spark_submit.py:641} INFO - ---------------------------------------------------------------------
[2025-02-23T14:42:07.681+0000] {spark_submit.py:641} INFO - |      default     |   2   |   0   |   0   |   0   ||   2   |   0   |
[2025-02-23T14:42:07.682+0000] {spark_submit.py:641} INFO - ---------------------------------------------------------------------
[2025-02-23T14:42:07.684+0000] {spark_submit.py:641} INFO - :: retrieving :: org.apache.spark#spark-submit-parent-646828a7-f341-404d-b6bf-698d9772f96e
[2025-02-23T14:42:07.685+0000] {spark_submit.py:641} INFO - confs: [default]
[2025-02-23T14:42:07.686+0000] {spark_submit.py:641} INFO - 0 artifacts copied, 2 already retrieved (0kB/7ms)
[2025-02-23T14:42:07.947+0000] {spark_submit.py:641} INFO - 25/02/23 14:42:07 WARN NativeCodeLoader: Unable to load native-hadoop library for your platform... using builtin-java classes where applicable
[2025-02-23T14:42:09.235+0000] {spark_submit.py:641} INFO - 25/02/23 14:42:09 INFO SparkContext: Running Spark version 3.3.2
[2025-02-23T14:42:09.268+0000] {spark_submit.py:641} INFO - 25/02/23 14:42:09 INFO ResourceUtils: ==============================================================
[2025-02-23T14:42:09.270+0000] {spark_submit.py:641} INFO - 25/02/23 14:42:09 INFO ResourceUtils: No custom resources configured for spark.driver.
[2025-02-23T14:42:09.272+0000] {spark_submit.py:641} INFO - 25/02/23 14:42:09 INFO ResourceUtils: ==============================================================
[2025-02-23T14:42:09.273+0000] {spark_submit.py:641} INFO - 25/02/23 14:42:09 INFO SparkContext: Submitted application: ***_load
[2025-02-23T14:42:09.295+0000] {spark_submit.py:641} INFO - 25/02/23 14:42:09 INFO ResourceProfile: Default ResourceProfile created, executor resources: Map(cores -> name: cores, amount: 1, script: , vendor: , memory -> name: memory, amount: 1024, script: , vendor: , offHeap -> name: offHeap, amount: 0, script: , vendor: ), task resources: Map(cpus -> name: cpus, amount: 1.0)
[2025-02-23T14:42:09.308+0000] {spark_submit.py:641} INFO - 25/02/23 14:42:09 INFO ResourceProfile: Limiting resource is cpu
[2025-02-23T14:42:09.310+0000] {spark_submit.py:641} INFO - 25/02/23 14:42:09 INFO ResourceProfileManager: Added ResourceProfile id: 0
[2025-02-23T14:42:09.376+0000] {spark_submit.py:641} INFO - 25/02/23 14:42:09 INFO SecurityManager: Changing view acls to: airflow
[2025-02-23T14:42:09.378+0000] {spark_submit.py:641} INFO - 25/02/23 14:42:09 INFO SecurityManager: Changing modify acls to: airflow
[2025-02-23T14:42:09.380+0000] {spark_submit.py:641} INFO - 25/02/23 14:42:09 INFO SecurityManager: Changing view acls groups to:
[2025-02-23T14:42:09.381+0000] {spark_submit.py:641} INFO - 25/02/23 14:42:09 INFO SecurityManager: Changing modify acls groups to:
[2025-02-23T14:42:09.383+0000] {spark_submit.py:641} INFO - 25/02/23 14:42:09 INFO SecurityManager: SecurityManager: authentication disabled; ui acls disabled; users  with view permissions: Set(airflow); groups with view permissions: Set(); users  with modify permissions: Set(airflow); groups with modify permissions: Set()
[2025-02-23T14:42:09.725+0000] {spark_submit.py:641} INFO - 25/02/23 14:42:09 INFO Utils: Successfully started service 'sparkDriver' on port 36083.
[2025-02-23T14:42:09.813+0000] {spark_submit.py:641} INFO - 25/02/23 14:42:09 INFO SparkEnv: Registering MapOutputTracker
[2025-02-23T14:42:09.873+0000] {spark_submit.py:641} INFO - 25/02/23 14:42:09 INFO SparkEnv: Registering BlockManagerMaster
[2025-02-23T14:42:09.897+0000] {spark_submit.py:641} INFO - 25/02/23 14:42:09 INFO BlockManagerMasterEndpoint: Using org.apache.spark.storage.DefaultTopologyMapper for getting topology information
[2025-02-23T14:42:09.899+0000] {spark_submit.py:641} INFO - 25/02/23 14:42:09 INFO BlockManagerMasterEndpoint: BlockManagerMasterEndpoint up
[2025-02-23T14:42:09.902+0000] {spark_submit.py:641} INFO - 25/02/23 14:42:09 INFO SparkEnv: Registering BlockManagerMasterHeartbeat
[2025-02-23T14:42:09.947+0000] {spark_submit.py:641} INFO - 25/02/23 14:42:09 INFO DiskBlockManager: Created local directory at /tmp/blockmgr-f522b4b7-e10e-4496-867c-50ccae2c865c
[2025-02-23T14:42:09.980+0000] {spark_submit.py:641} INFO - 25/02/23 14:42:09 INFO MemoryStore: MemoryStore started with capacity 434.4 MiB
[2025-02-23T14:42:10.011+0000] {spark_submit.py:641} INFO - 25/02/23 14:42:10 INFO SparkEnv: Registering OutputCommitCoordinator
[2025-02-23T14:42:10.308+0000] {spark_submit.py:641} INFO - 25/02/23 14:42:10 WARN Utils: Service 'SparkUI' could not bind on port 4040. Attempting port 4041.
[2025-02-23T14:42:10.321+0000] {spark_submit.py:641} INFO - 25/02/23 14:42:10 INFO Utils: Successfully started service 'SparkUI' on port 4041.
[2025-02-23T14:42:10.377+0000] {spark_submit.py:641} INFO - 25/02/23 14:42:10 INFO SparkContext: Added JAR file:///home/airflow/.ivy2/jars/org.postgresql_postgresql-42.2.18.jar at spark://***-airflow-scheduler:36083/jars/org.postgresql_postgresql-42.2.18.jar with timestamp 1740321729224
[2025-02-23T14:42:10.379+0000] {spark_submit.py:641} INFO - 25/02/23 14:42:10 INFO SparkContext: Added JAR file:///home/airflow/.ivy2/jars/org.checkerframework_checker-qual-3.5.0.jar at spark://***-airflow-scheduler:36083/jars/org.checkerframework_checker-qual-3.5.0.jar with timestamp 1740321729224
[2025-02-23T14:42:10.382+0000] {spark_submit.py:641} INFO - 25/02/23 14:42:10 INFO SparkContext: Added file file:///home/airflow/.ivy2/jars/org.postgresql_postgresql-42.2.18.jar at file:///home/airflow/.ivy2/jars/org.postgresql_postgresql-42.2.18.jar with timestamp 1740321729224
[2025-02-23T14:42:10.385+0000] {spark_submit.py:641} INFO - 25/02/23 14:42:10 INFO Utils: Copying /home/airflow/.ivy2/jars/org.postgresql_postgresql-42.2.18.jar to /tmp/spark-0a498244-5152-405b-8395-de17b14f8a27/userFiles-9de27260-fce2-4aab-9aa1-e4a85b015c70/org.postgresql_postgresql-42.2.18.jar
[2025-02-23T14:42:10.412+0000] {spark_submit.py:641} INFO - 25/02/23 14:42:10 INFO SparkContext: Added file file:///home/airflow/.ivy2/jars/org.checkerframework_checker-qual-3.5.0.jar at file:///home/airflow/.ivy2/jars/org.checkerframework_checker-qual-3.5.0.jar with timestamp 1740321729224
[2025-02-23T14:42:10.415+0000] {spark_submit.py:641} INFO - 25/02/23 14:42:10 INFO Utils: Copying /home/airflow/.ivy2/jars/org.checkerframework_checker-qual-3.5.0.jar to /tmp/spark-0a498244-5152-405b-8395-de17b14f8a27/userFiles-9de27260-fce2-4aab-9aa1-e4a85b015c70/org.checkerframework_checker-qual-3.5.0.jar
[2025-02-23T14:42:10.524+0000] {spark_submit.py:641} INFO - 25/02/23 14:42:10 INFO Executor: Starting executor ID driver on host ***-airflow-scheduler
[2025-02-23T14:42:10.536+0000] {spark_submit.py:641} INFO - 25/02/23 14:42:10 INFO Executor: Starting executor with user classpath (userClassPathFirst = false): ''
[2025-02-23T14:42:10.548+0000] {spark_submit.py:641} INFO - 25/02/23 14:42:10 INFO Executor: Fetching file:///home/airflow/.ivy2/jars/org.postgresql_postgresql-42.2.18.jar with timestamp 1740321729224
[2025-02-23T14:42:10.581+0000] {spark_submit.py:641} INFO - 25/02/23 14:42:10 INFO Utils: /home/airflow/.ivy2/jars/org.postgresql_postgresql-42.2.18.jar has been previously copied to /tmp/spark-0a498244-5152-405b-8395-de17b14f8a27/userFiles-9de27260-fce2-4aab-9aa1-e4a85b015c70/org.postgresql_postgresql-42.2.18.jar
[2025-02-23T14:42:10.590+0000] {spark_submit.py:641} INFO - 25/02/23 14:42:10 INFO Executor: Fetching file:///home/airflow/.ivy2/jars/org.checkerframework_checker-qual-3.5.0.jar with timestamp 1740321729224
[2025-02-23T14:42:10.592+0000] {spark_submit.py:641} INFO - 25/02/23 14:42:10 INFO Utils: /home/airflow/.ivy2/jars/org.checkerframework_checker-qual-3.5.0.jar has been previously copied to /tmp/spark-0a498244-5152-405b-8395-de17b14f8a27/userFiles-9de27260-fce2-4aab-9aa1-e4a85b015c70/org.checkerframework_checker-qual-3.5.0.jar
[2025-02-23T14:42:10.604+0000] {spark_submit.py:641} INFO - 25/02/23 14:42:10 INFO Executor: Fetching spark://***-airflow-scheduler:36083/jars/org.postgresql_postgresql-42.2.18.jar with timestamp 1740321729224
[2025-02-23T14:42:10.660+0000] {spark_submit.py:641} INFO - 25/02/23 14:42:10 INFO TransportClientFactory: Successfully created connection to ***-airflow-scheduler/172.19.0.6:36083 after 40 ms (0 ms spent in bootstraps)
[2025-02-23T14:42:10.668+0000] {spark_submit.py:641} INFO - 25/02/23 14:42:10 INFO Utils: Fetching spark://***-airflow-scheduler:36083/jars/org.postgresql_postgresql-42.2.18.jar to /tmp/spark-0a498244-5152-405b-8395-de17b14f8a27/userFiles-9de27260-fce2-4aab-9aa1-e4a85b015c70/fetchFileTemp1094809576578106226.tmp
[2025-02-23T14:42:11.201+0000] {spark_submit.py:641} INFO - 25/02/23 14:42:11 INFO Utils: /tmp/spark-0a498244-5152-405b-8395-de17b14f8a27/userFiles-9de27260-fce2-4aab-9aa1-e4a85b015c70/fetchFileTemp1094809576578106226.tmp has been previously copied to /tmp/spark-0a498244-5152-405b-8395-de17b14f8a27/userFiles-9de27260-fce2-4aab-9aa1-e4a85b015c70/org.postgresql_postgresql-42.2.18.jar
[2025-02-23T14:42:11.891+0000] {spark_submit.py:641} INFO - 25/02/23 14:42:11 INFO Executor: Adding file:/tmp/spark-0a498244-5152-405b-8395-de17b14f8a27/userFiles-9de27260-fce2-4aab-9aa1-e4a85b015c70/org.postgresql_postgresql-42.2.18.jar to class loader
[2025-02-23T14:42:11.893+0000] {spark_submit.py:641} INFO - 25/02/23 14:42:11 INFO Executor: Fetching spark://***-airflow-scheduler:36083/jars/org.checkerframework_checker-qual-3.5.0.jar with timestamp 1740321729224
[2025-02-23T14:42:11.895+0000] {spark_submit.py:641} INFO - 25/02/23 14:42:11 INFO Utils: Fetching spark://***-airflow-scheduler:36083/jars/org.checkerframework_checker-qual-3.5.0.jar to /tmp/spark-0a498244-5152-405b-8395-de17b14f8a27/userFiles-9de27260-fce2-4aab-9aa1-e4a85b015c70/fetchFileTemp3459327043094587429.tmp
[2025-02-23T14:42:11.899+0000] {spark_submit.py:641} INFO - 25/02/23 14:42:11 INFO Utils: /tmp/spark-0a498244-5152-405b-8395-de17b14f8a27/userFiles-9de27260-fce2-4aab-9aa1-e4a85b015c70/fetchFileTemp3459327043094587429.tmp has been previously copied to /tmp/spark-0a498244-5152-405b-8395-de17b14f8a27/userFiles-9de27260-fce2-4aab-9aa1-e4a85b015c70/org.checkerframework_checker-qual-3.5.0.jar
[2025-02-23T14:42:11.907+0000] {spark_submit.py:641} INFO - 25/02/23 14:42:11 INFO Executor: Adding file:/tmp/spark-0a498244-5152-405b-8395-de17b14f8a27/userFiles-9de27260-fce2-4aab-9aa1-e4a85b015c70/org.checkerframework_checker-qual-3.5.0.jar to class loader
[2025-02-23T14:42:11.916+0000] {spark_submit.py:641} INFO - 25/02/23 14:42:11 INFO Utils: Successfully started service 'org.apache.spark.network.netty.NettyBlockTransferService' on port 35803.
[2025-02-23T14:42:11.919+0000] {spark_submit.py:641} INFO - 25/02/23 14:42:11 INFO NettyBlockTransferService: Server created on ***-airflow-scheduler:35803
[2025-02-23T14:42:11.923+0000] {spark_submit.py:641} INFO - 25/02/23 14:42:11 INFO BlockManager: Using org.apache.spark.storage.RandomBlockReplicationPolicy for block replication policy
[2025-02-23T14:42:11.932+0000] {spark_submit.py:641} INFO - 25/02/23 14:42:11 INFO BlockManagerMaster: Registering BlockManager BlockManagerId(driver, ***-airflow-scheduler, 35803, None)
[2025-02-23T14:42:11.941+0000] {spark_submit.py:641} INFO - 25/02/23 14:42:11 INFO BlockManagerMasterEndpoint: Registering block manager ***-airflow-scheduler:35803 with 434.4 MiB RAM, BlockManagerId(driver, ***-airflow-scheduler, 35803, None)
[2025-02-23T14:42:11.947+0000] {spark_submit.py:641} INFO - 25/02/23 14:42:11 INFO BlockManagerMaster: Registered BlockManager BlockManagerId(driver, ***-airflow-scheduler, 35803, None)
[2025-02-23T14:42:11.949+0000] {spark_submit.py:641} INFO - 25/02/23 14:42:11 INFO BlockManager: Initialized BlockManager: BlockManagerId(driver, ***-airflow-scheduler, 35803, None)
[2025-02-23T14:42:21.940+0000] {spark_submit.py:641} INFO - ---------------- MENAMPILKAN DATA HASIL LOAD KE POSTGRES ----------------
[2025-02-23T14:42:22.353+0000] {spark_submit.py:641} INFO - +-----------+-----------------+---------+---------------+------+-------------------+---------------+---+--------------------+-----------------+---------------------+----------+------------------+
[2025-02-23T14:42:22.356+0000] {spark_submit.py:641} INFO - |employee_id|       department|   region|      education|gender|recruitment_channel|no_of_trainings|age|previous_year_rating|length_of_service|KPIs_met_more_than_80|awards_won|avg_training_score|
[2025-02-23T14:42:22.359+0000] {spark_submit.py:641} INFO - +-----------+-----------------+---------+---------------+------+-------------------+---------------+---+--------------------+-----------------+---------------------+----------+------------------+
[2025-02-23T14:42:22.361+0000] {spark_submit.py:641} INFO - |          3|      Procurement|region_22|Masters & above|     f|              other|              1| 38|                   5|                4|                    1|         0|                67|
[2025-02-23T14:42:22.363+0000] {spark_submit.py:641} INFO - |          6|Sales & Marketing|region_15|      Bachelors|     f|              other|              1| 38|                   3|               10|                    0|         0|                50|
[2025-02-23T14:42:22.365+0000] {spark_submit.py:641} INFO - |         11|       Technology| region_4|Masters & above|     f|           sourcing|              1| 39|                   4|               12|                    1|         0|                72|
[2025-02-23T14:42:22.367+0000] {spark_submit.py:641} INFO - |         13|Sales & Marketing|region_17|      Bachelors|     m|              other|              1| 38|                   1|                5|                    1|         0|                47|
[2025-02-23T14:42:22.373+0000] {spark_submit.py:641} INFO - |         16|Sales & Marketing| region_4|Masters & above|     m|           sourcing|              1| 40|                   5|                5|                    0|         0|                53|
[2025-02-23T14:42:22.377+0000] {spark_submit.py:641} INFO - |         17|Sales & Marketing| region_7|      Bachelors|     m|           sourcing|              1| 50|                   5|               13|                    0|         0|                47|
[2025-02-23T14:42:22.378+0000] {spark_submit.py:641} INFO - |         19|               HR| region_2|Masters & above|     f|              other|              1| 50|                   4|                7|                    1|         0|                45|
[2025-02-23T14:42:22.380+0000] {spark_submit.py:641} INFO - |         20|        Analytics|region_21|      Bachelors|     m|           sourcing|              1| 27|                   0|                1|                    1|         0|                89|
[2025-02-23T14:42:22.381+0000] {spark_submit.py:641} INFO - |         21|        Analytics| region_8|      Bachelors|     m|           sourcing|              2| 28|                   2|                3|                    1|         0|                85|
[2025-02-23T14:42:22.382+0000] {spark_submit.py:641} INFO - |         22|       Technology| region_2|Masters & above|     f|              other|              1| 57|                   4|               18|                    1|         0|                77|
[2025-02-23T14:42:22.383+0000] {spark_submit.py:641} INFO - |         23|Sales & Marketing|region_16|      Bachelors|     f|           sourcing|              1| 42|                   1|                3|                    0|         0|                46|
[2025-02-23T14:42:22.385+0000] {spark_submit.py:641} INFO - |         24|               HR|region_28|Masters & above|     f|              other|              1| 32|                   1|                5|                    1|         0|                51|
[2025-02-23T14:42:22.386+0000] {spark_submit.py:641} INFO - |         27|Sales & Marketing|region_16|      Bachelors|     m|           sourcing|              1| 29|                   2|                6|                    0|         0|                51|
[2025-02-23T14:42:22.387+0000] {spark_submit.py:641} INFO - |         29|        Analytics| region_7|      Bachelors|     m|              other|              1| 28|                   0|                1|                    1|         0|                85|
[2025-02-23T14:42:22.388+0000] {spark_submit.py:641} INFO - |         31|Sales & Marketing|region_15|      Bachelors|     f|              other|              1| 29|                   3|                5|                    1|         0|                49|
[2025-02-23T14:42:22.389+0000] {spark_submit.py:641} INFO - |         40|       Operations| region_7|Masters & above|     f|              other|              1| 34|                   1|                4|                    0|         0|                65|
[2025-02-23T14:42:22.390+0000] {spark_submit.py:641} INFO - |         50|Sales & Marketing|region_19|      Bachelors|     m|              other|              1| 32|                   1|                3|                    0|         0|                48|
[2025-02-23T14:42:22.391+0000] {spark_submit.py:641} INFO - |         55|       Operations|region_19|Masters & above|     f|           sourcing|              1| 33|                   5|                3|                    0|         0|                61|
[2025-02-23T14:42:22.392+0000] {spark_submit.py:641} INFO - |         63|Sales & Marketing| region_8|Masters & above|     m|           sourcing|              1| 35|                   5|                8|                    0|         0|                52|
[2025-02-23T14:42:22.393+0000] {spark_submit.py:641} INFO - |         64|        Analytics| region_4|      Bachelors|     m|              other|              1| 42|                   5|               11|                    1|         0|                80|
[2025-02-23T14:42:22.394+0000] {spark_submit.py:641} INFO - +-----------+-----------------+---------+---------------+------+-------------------+---------------+---+--------------------+-----------------+---------------------+----------+------------------+
[2025-02-23T14:42:22.395+0000] {spark_submit.py:641} INFO - only showing top 20 rows
[2025-02-23T14:42:22.396+0000] {spark_submit.py:641} INFO - 
[2025-02-23T14:42:23.411+0000] {spark_submit.py:641} INFO - Jumlah baris dalam DataFrame: 17415
[2025-02-23T14:42:23.413+0000] {spark_submit.py:641} INFO - Load data berhasil.
[2025-02-23T14:42:24.004+0000] {taskinstance.py:341} INFO - ::group::Post task execution logs
[2025-02-23T14:42:24.006+0000] {taskinstance.py:353} INFO - Marking task as SUCCESS. dag_id=***_v2_etl_dag, task_id=load_task, run_id=manual__2025-02-23T14:41:29.737481+00:00, execution_date=20250223T144129, start_date=20250223T144204, end_date=20250223T144224
[2025-02-23T14:42:24.104+0000] {local_task_job_runner.py:266} INFO - Task exited with return code 0
[2025-02-23T14:42:24.141+0000] {taskinstance.py:3901} INFO - 0 downstream tasks scheduled from follow-on schedule check
[2025-02-23T14:42:24.144+0000] {local_task_job_runner.py:245} INFO - ::endgroup::
