[2025-02-21T11:29:39.709+0000] {local_task_job_runner.py:123} INFO - ::group::Pre task execution logs
[2025-02-21T11:29:39.732+0000] {taskinstance.py:2614} INFO - Dependencies all met for dep_context=non-requeueable deps ti=<TaskInstance: finprode8_v2_etl_dag.load_task manual__2025-02-21T11:29:09.806191+00:00 [queued]>
[2025-02-21T11:29:39.748+0000] {taskinstance.py:2614} INFO - Dependencies all met for dep_context=requeueable deps ti=<TaskInstance: finprode8_v2_etl_dag.load_task manual__2025-02-21T11:29:09.806191+00:00 [queued]>
[2025-02-21T11:29:39.749+0000] {taskinstance.py:2867} INFO - Starting attempt 1 of 1
[2025-02-21T11:29:39.773+0000] {taskinstance.py:2890} INFO - Executing <Task(SparkSubmitOperator): load_task> on 2025-02-21 11:29:09.806191+00:00
[2025-02-21T11:29:39.779+0000] {standard_task_runner.py:72} INFO - Started process 2633 to run task
[2025-02-21T11:29:39.783+0000] {standard_task_runner.py:104} INFO - Running: ['airflow', 'tasks', 'run', '***_v2_etl_dag', 'load_task', 'manual__2025-02-21T11:29:09.806191+00:00', '--job-id', '13', '--raw', '--subdir', 'DAGS_FOLDER/***_v2_etl_dag.py', '--cfg-path', '/tmp/tmpvapcp3cy']
[2025-02-21T11:29:39.787+0000] {standard_task_runner.py:105} INFO - Job 13: Subtask load_task
[2025-02-21T11:29:39.808+0000] {logging_mixin.py:190} WARNING - /home/airflow/.local/lib/python3.9/site-packages/airflow/settings.py:209 DeprecationWarning: The sql_alchemy_conn option in [core] has been moved to the sql_alchemy_conn option in [database] - the old setting has been used, but please update your config.
[2025-02-21T11:29:39.847+0000] {task_command.py:467} INFO - Running <TaskInstance: finprode8_v2_etl_dag.load_task manual__2025-02-21T11:29:09.806191+00:00 [running]> on host ***-airflow-scheduler
[2025-02-21T11:29:39.940+0000] {taskinstance.py:3134} INFO - Exporting env vars: AIRFLOW_CTX_DAG_OWNER='ratih malini' AIRFLOW_CTX_DAG_ID='***_v2_etl_dag' AIRFLOW_CTX_TASK_ID='load_task' AIRFLOW_CTX_EXECUTION_DATE='2025-02-21T11:29:09.806191+00:00' AIRFLOW_CTX_TRY_NUMBER='1' AIRFLOW_CTX_DAG_RUN_ID='manual__2025-02-21T11:29:09.806191+00:00'
[2025-02-21T11:29:39.941+0000] {taskinstance.py:732} INFO - ::endgroup::
[2025-02-21T11:29:39.971+0000] {base.py:84} INFO - Retrieving connection 'spark_main'
[2025-02-21T11:29:39.974+0000] {spark_submit.py:474} INFO - Spark-Submit cmd: spark-submit --master spark://***-spark-master:7077 --packages org.postgresql:postgresql:42.2.18 --name arrow-spark /spark-scripts/***_v2_load.py
[2025-02-21T11:29:41.668+0000] {spark_submit.py:641} INFO - :: loading settings :: url = jar:file:/home/airflow/.local/lib/python3.9/site-packages/pyspark/jars/ivy-2.5.1.jar!/org/apache/ivy/core/settings/ivysettings.xml
[2025-02-21T11:29:41.816+0000] {spark_submit.py:641} INFO - Ivy Default Cache set to: /home/airflow/.ivy2/cache
[2025-02-21T11:29:41.819+0000] {spark_submit.py:641} INFO - The jars for the packages stored in: /home/airflow/.ivy2/jars
[2025-02-21T11:29:41.822+0000] {spark_submit.py:641} INFO - org.postgresql#postgresql added as a dependency
[2025-02-21T11:29:41.824+0000] {spark_submit.py:641} INFO - :: resolving dependencies :: org.apache.spark#spark-submit-parent-392be984-4046-4a19-a666-ad9d9c900bf9;1.0
[2025-02-21T11:29:41.826+0000] {spark_submit.py:641} INFO - confs: [default]
[2025-02-21T11:29:41.932+0000] {spark_submit.py:641} INFO - found org.postgresql#postgresql;42.2.18 in central
[2025-02-21T11:29:41.957+0000] {spark_submit.py:641} INFO - found org.checkerframework#checker-qual;3.5.0 in central
[2025-02-21T11:29:41.972+0000] {spark_submit.py:641} INFO - :: resolution report :: resolve 144ms :: artifacts dl 4ms
[2025-02-21T11:29:41.973+0000] {spark_submit.py:641} INFO - :: modules in use:
[2025-02-21T11:29:41.975+0000] {spark_submit.py:641} INFO - org.checkerframework#checker-qual;3.5.0 from central in [default]
[2025-02-21T11:29:41.976+0000] {spark_submit.py:641} INFO - org.postgresql#postgresql;42.2.18 from central in [default]
[2025-02-21T11:29:41.977+0000] {spark_submit.py:641} INFO - ---------------------------------------------------------------------
[2025-02-21T11:29:41.978+0000] {spark_submit.py:641} INFO - |                  |            modules            ||   artifacts   |
[2025-02-21T11:29:41.980+0000] {spark_submit.py:641} INFO - |       conf       | number| search|dwnlded|evicted|| number|dwnlded|
[2025-02-21T11:29:41.982+0000] {spark_submit.py:641} INFO - ---------------------------------------------------------------------
[2025-02-21T11:29:41.983+0000] {spark_submit.py:641} INFO - |      default     |   2   |   0   |   0   |   0   ||   2   |   0   |
[2025-02-21T11:29:41.984+0000] {spark_submit.py:641} INFO - ---------------------------------------------------------------------
[2025-02-21T11:29:41.985+0000] {spark_submit.py:641} INFO - :: retrieving :: org.apache.spark#spark-submit-parent-392be984-4046-4a19-a666-ad9d9c900bf9
[2025-02-21T11:29:41.986+0000] {spark_submit.py:641} INFO - confs: [default]
[2025-02-21T11:29:41.987+0000] {spark_submit.py:641} INFO - 0 artifacts copied, 2 already retrieved (0kB/6ms)
[2025-02-21T11:29:42.227+0000] {spark_submit.py:641} INFO - 25/02/21 11:29:42 WARN NativeCodeLoader: Unable to load native-hadoop library for your platform... using builtin-java classes where applicable
[2025-02-21T11:29:43.146+0000] {spark_submit.py:641} INFO - 25/02/21 11:29:43 INFO SparkContext: Running Spark version 3.3.2
[2025-02-21T11:29:43.163+0000] {spark_submit.py:641} INFO - 25/02/21 11:29:43 INFO ResourceUtils: ==============================================================
[2025-02-21T11:29:43.166+0000] {spark_submit.py:641} INFO - 25/02/21 11:29:43 INFO ResourceUtils: No custom resources configured for spark.driver.
[2025-02-21T11:29:43.168+0000] {spark_submit.py:641} INFO - 25/02/21 11:29:43 INFO ResourceUtils: ==============================================================
[2025-02-21T11:29:43.170+0000] {spark_submit.py:641} INFO - 25/02/21 11:29:43 INFO SparkContext: Submitted application: ***_load
[2025-02-21T11:29:43.185+0000] {spark_submit.py:641} INFO - 25/02/21 11:29:43 INFO ResourceProfile: Default ResourceProfile created, executor resources: Map(cores -> name: cores, amount: 1, script: , vendor: , memory -> name: memory, amount: 1024, script: , vendor: , offHeap -> name: offHeap, amount: 0, script: , vendor: ), task resources: Map(cpus -> name: cpus, amount: 1.0)
[2025-02-21T11:29:43.191+0000] {spark_submit.py:641} INFO - 25/02/21 11:29:43 INFO ResourceProfile: Limiting resource is cpu
[2025-02-21T11:29:43.193+0000] {spark_submit.py:641} INFO - 25/02/21 11:29:43 INFO ResourceProfileManager: Added ResourceProfile id: 0
[2025-02-21T11:29:43.232+0000] {spark_submit.py:641} INFO - 25/02/21 11:29:43 INFO SecurityManager: Changing view acls to: airflow
[2025-02-21T11:29:43.234+0000] {spark_submit.py:641} INFO - 25/02/21 11:29:43 INFO SecurityManager: Changing modify acls to: airflow
[2025-02-21T11:29:43.236+0000] {spark_submit.py:641} INFO - 25/02/21 11:29:43 INFO SecurityManager: Changing view acls groups to:
[2025-02-21T11:29:43.238+0000] {spark_submit.py:641} INFO - 25/02/21 11:29:43 INFO SecurityManager: Changing modify acls groups to:
[2025-02-21T11:29:43.239+0000] {spark_submit.py:641} INFO - 25/02/21 11:29:43 INFO SecurityManager: SecurityManager: authentication disabled; ui acls disabled; users  with view permissions: Set(airflow); groups with view permissions: Set(); users  with modify permissions: Set(airflow); groups with modify permissions: Set()
[2025-02-21T11:29:43.453+0000] {spark_submit.py:641} INFO - 25/02/21 11:29:43 INFO Utils: Successfully started service 'sparkDriver' on port 32893.
[2025-02-21T11:29:43.480+0000] {spark_submit.py:641} INFO - 25/02/21 11:29:43 INFO SparkEnv: Registering MapOutputTracker
[2025-02-21T11:29:43.512+0000] {spark_submit.py:641} INFO - 25/02/21 11:29:43 INFO SparkEnv: Registering BlockManagerMaster
[2025-02-21T11:29:43.529+0000] {spark_submit.py:641} INFO - 25/02/21 11:29:43 INFO BlockManagerMasterEndpoint: Using org.apache.spark.storage.DefaultTopologyMapper for getting topology information
[2025-02-21T11:29:43.531+0000] {spark_submit.py:641} INFO - 25/02/21 11:29:43 INFO BlockManagerMasterEndpoint: BlockManagerMasterEndpoint up
[2025-02-21T11:29:43.535+0000] {spark_submit.py:641} INFO - 25/02/21 11:29:43 INFO SparkEnv: Registering BlockManagerMasterHeartbeat
[2025-02-21T11:29:43.568+0000] {spark_submit.py:641} INFO - 25/02/21 11:29:43 INFO DiskBlockManager: Created local directory at /tmp/blockmgr-bcfd4394-63f1-4f93-9d03-3414125ab32f
[2025-02-21T11:29:43.587+0000] {spark_submit.py:641} INFO - 25/02/21 11:29:43 INFO MemoryStore: MemoryStore started with capacity 434.4 MiB
[2025-02-21T11:29:43.610+0000] {spark_submit.py:641} INFO - 25/02/21 11:29:43 INFO SparkEnv: Registering OutputCommitCoordinator
[2025-02-21T11:29:43.864+0000] {spark_submit.py:641} INFO - 25/02/21 11:29:43 INFO Utils: Successfully started service 'SparkUI' on port 4040.
[2025-02-21T11:29:43.929+0000] {spark_submit.py:641} INFO - 25/02/21 11:29:43 INFO SparkContext: Added JAR /spark-scripts/jars/postgresql-42.2.18.jar at spark://***-airflow-scheduler:32893/jars/postgresql-42.2.18.jar with timestamp 1740137383140
[2025-02-21T11:29:43.932+0000] {spark_submit.py:641} INFO - 25/02/21 11:29:43 INFO SparkContext: Added file file:///home/airflow/.ivy2/jars/org.postgresql_postgresql-42.2.18.jar at file:///home/airflow/.ivy2/jars/org.postgresql_postgresql-42.2.18.jar with timestamp 1740137383140
[2025-02-21T11:29:43.935+0000] {spark_submit.py:641} INFO - 25/02/21 11:29:43 INFO Utils: Copying /home/airflow/.ivy2/jars/org.postgresql_postgresql-42.2.18.jar to /tmp/spark-681058e5-c3a4-4716-b54f-efce112268e2/userFiles-6eeb56ce-49d4-4fe0-b7d7-8545d4e44e65/org.postgresql_postgresql-42.2.18.jar
[2025-02-21T11:29:43.952+0000] {spark_submit.py:641} INFO - 25/02/21 11:29:43 INFO SparkContext: Added file file:///home/airflow/.ivy2/jars/org.checkerframework_checker-qual-3.5.0.jar at file:///home/airflow/.ivy2/jars/org.checkerframework_checker-qual-3.5.0.jar with timestamp 1740137383140
[2025-02-21T11:29:43.955+0000] {spark_submit.py:641} INFO - 25/02/21 11:29:43 INFO Utils: Copying /home/airflow/.ivy2/jars/org.checkerframework_checker-qual-3.5.0.jar to /tmp/spark-681058e5-c3a4-4716-b54f-efce112268e2/userFiles-6eeb56ce-49d4-4fe0-b7d7-8545d4e44e65/org.checkerframework_checker-qual-3.5.0.jar
[2025-02-21T11:29:44.040+0000] {spark_submit.py:641} INFO - 25/02/21 11:29:44 INFO Executor: Starting executor ID driver on host ***-airflow-scheduler
[2025-02-21T11:29:44.050+0000] {spark_submit.py:641} INFO - 25/02/21 11:29:44 INFO Executor: Starting executor with user classpath (userClassPathFirst = false): ''
[2025-02-21T11:29:44.067+0000] {spark_submit.py:641} INFO - 25/02/21 11:29:44 INFO Executor: Fetching file:///home/airflow/.ivy2/jars/org.postgresql_postgresql-42.2.18.jar with timestamp 1740137383140
[2025-02-21T11:29:44.100+0000] {spark_submit.py:641} INFO - 25/02/21 11:29:44 INFO Utils: /home/airflow/.ivy2/jars/org.postgresql_postgresql-42.2.18.jar has been previously copied to /tmp/spark-681058e5-c3a4-4716-b54f-efce112268e2/userFiles-6eeb56ce-49d4-4fe0-b7d7-8545d4e44e65/org.postgresql_postgresql-42.2.18.jar
[2025-02-21T11:29:44.106+0000] {spark_submit.py:641} INFO - 25/02/21 11:29:44 INFO Executor: Fetching file:///home/airflow/.ivy2/jars/org.checkerframework_checker-qual-3.5.0.jar with timestamp 1740137383140
[2025-02-21T11:29:44.108+0000] {spark_submit.py:641} INFO - 25/02/21 11:29:44 INFO Utils: /home/airflow/.ivy2/jars/org.checkerframework_checker-qual-3.5.0.jar has been previously copied to /tmp/spark-681058e5-c3a4-4716-b54f-efce112268e2/userFiles-6eeb56ce-49d4-4fe0-b7d7-8545d4e44e65/org.checkerframework_checker-qual-3.5.0.jar
[2025-02-21T11:29:44.116+0000] {spark_submit.py:641} INFO - 25/02/21 11:29:44 INFO Executor: Fetching spark://***-airflow-scheduler:32893/jars/postgresql-42.2.18.jar with timestamp 1740137383140
[2025-02-21T11:29:44.161+0000] {spark_submit.py:641} INFO - 25/02/21 11:29:44 INFO TransportClientFactory: Successfully created connection to ***-airflow-scheduler/172.19.0.5:32893 after 31 ms (0 ms spent in bootstraps)
[2025-02-21T11:29:44.169+0000] {spark_submit.py:641} INFO - 25/02/21 11:29:44 INFO Utils: Fetching spark://***-airflow-scheduler:32893/jars/postgresql-42.2.18.jar to /tmp/spark-681058e5-c3a4-4716-b54f-efce112268e2/userFiles-6eeb56ce-49d4-4fe0-b7d7-8545d4e44e65/fetchFileTemp2734683937195898097.tmp
[2025-02-21T11:29:44.235+0000] {spark_submit.py:641} INFO - 25/02/21 11:29:44 INFO Executor: Adding file:/tmp/spark-681058e5-c3a4-4716-b54f-efce112268e2/userFiles-6eeb56ce-49d4-4fe0-b7d7-8545d4e44e65/postgresql-42.2.18.jar to class loader
[2025-02-21T11:29:44.248+0000] {spark_submit.py:641} INFO - 25/02/21 11:29:44 INFO Utils: Successfully started service 'org.apache.spark.network.netty.NettyBlockTransferService' on port 33021.
[2025-02-21T11:29:44.250+0000] {spark_submit.py:641} INFO - 25/02/21 11:29:44 INFO NettyBlockTransferService: Server created on ***-airflow-scheduler:33021
[2025-02-21T11:29:44.251+0000] {spark_submit.py:641} INFO - 25/02/21 11:29:44 INFO BlockManager: Using org.apache.spark.storage.RandomBlockReplicationPolicy for block replication policy
[2025-02-21T11:29:44.261+0000] {spark_submit.py:641} INFO - 25/02/21 11:29:44 INFO BlockManagerMaster: Registering BlockManager BlockManagerId(driver, ***-airflow-scheduler, 33021, None)
[2025-02-21T11:29:44.265+0000] {spark_submit.py:641} INFO - 25/02/21 11:29:44 INFO BlockManagerMasterEndpoint: Registering block manager ***-airflow-scheduler:33021 with 434.4 MiB RAM, BlockManagerId(driver, ***-airflow-scheduler, 33021, None)
[2025-02-21T11:29:44.267+0000] {spark_submit.py:641} INFO - 25/02/21 11:29:44 INFO BlockManagerMaster: Registered BlockManager BlockManagerId(driver, ***-airflow-scheduler, 33021, None)
[2025-02-21T11:29:44.268+0000] {spark_submit.py:641} INFO - 25/02/21 11:29:44 INFO BlockManager: Initialized BlockManager: BlockManagerId(driver, ***-airflow-scheduler, 33021, None)
[2025-02-21T11:29:50.222+0000] {spark_submit.py:641} INFO - ---------------- MENAMPILKAN DATA HASIL LOAD KE POSTGRES ----------------
[2025-02-21T11:29:50.586+0000] {spark_submit.py:641} INFO - +-----------+-----------------+---------+---------------+------+-------------------+---------------+---+--------------------+-----------------+---------------------+----------+------------------+
[2025-02-21T11:29:50.588+0000] {spark_submit.py:641} INFO - |employee_id|       department|   region|      education|gender|recruitment_channel|no_of_trainings|age|previous_year_rating|length_of_service|KPIs_met_more_than_80|awards_won|avg_training_score|
[2025-02-21T11:29:50.589+0000] {spark_submit.py:641} INFO - +-----------+-----------------+---------+---------------+------+-------------------+---------------+---+--------------------+-----------------+---------------------+----------+------------------+
[2025-02-21T11:29:50.590+0000] {spark_submit.py:641} INFO - |          3|      Procurement|region_22|Masters & above|     f|              other|              1| 38|                   5|                4|                    1|         0|                67|
[2025-02-21T11:29:50.591+0000] {spark_submit.py:641} INFO - |          6|Sales & Marketing|region_15|      Bachelors|     f|              other|              1| 38|                   3|               10|                    0|         0|                50|
[2025-02-21T11:29:50.592+0000] {spark_submit.py:641} INFO - |         11|       Technology| region_4|Masters & above|     f|           sourcing|              1| 39|                   4|               12|                    1|         0|                72|
[2025-02-21T11:29:50.593+0000] {spark_submit.py:641} INFO - |         13|Sales & Marketing|region_17|      Bachelors|     m|              other|              1| 38|                   1|                5|                    1|         0|                47|
[2025-02-21T11:29:50.595+0000] {spark_submit.py:641} INFO - |         16|Sales & Marketing| region_4|Masters & above|     m|           sourcing|              1| 40|                   5|                5|                    0|         0|                53|
[2025-02-21T11:29:50.596+0000] {spark_submit.py:641} INFO - |         17|Sales & Marketing| region_7|      Bachelors|     m|           sourcing|              1| 50|                   5|               13|                    0|         0|                47|
[2025-02-21T11:29:50.598+0000] {spark_submit.py:641} INFO - |         19|               HR| region_2|Masters & above|     f|              other|              1| 50|                   4|                7|                    1|         0|                45|
[2025-02-21T11:29:50.599+0000] {spark_submit.py:641} INFO - |         20|        Analytics|region_21|      Bachelors|     m|           sourcing|              1| 27|                   0|                1|                    1|         0|                89|
[2025-02-21T11:29:50.600+0000] {spark_submit.py:641} INFO - |         21|        Analytics| region_8|      Bachelors|     m|           sourcing|              2| 28|                   2|                3|                    1|         0|                85|
[2025-02-21T11:29:50.601+0000] {spark_submit.py:641} INFO - |         22|       Technology| region_2|Masters & above|     f|              other|              1| 57|                   4|               18|                    1|         0|                77|
[2025-02-21T11:29:50.602+0000] {spark_submit.py:641} INFO - |         23|Sales & Marketing|region_16|      Bachelors|     f|           sourcing|              1| 42|                   1|                3|                    0|         0|                46|
[2025-02-21T11:29:50.602+0000] {spark_submit.py:641} INFO - |         24|               HR|region_28|Masters & above|     f|              other|              1| 32|                   1|                5|                    1|         0|                51|
[2025-02-21T11:29:50.603+0000] {spark_submit.py:641} INFO - |         27|Sales & Marketing|region_16|      Bachelors|     m|           sourcing|              1| 29|                   2|                6|                    0|         0|                51|
[2025-02-21T11:29:50.604+0000] {spark_submit.py:641} INFO - |         29|        Analytics| region_7|      Bachelors|     m|              other|              1| 28|                   0|                1|                    1|         0|                85|
[2025-02-21T11:29:50.605+0000] {spark_submit.py:641} INFO - |         31|Sales & Marketing|region_15|      Bachelors|     f|              other|              1| 29|                   3|                5|                    1|         0|                49|
[2025-02-21T11:29:50.606+0000] {spark_submit.py:641} INFO - |         40|       Operations| region_7|Masters & above|     f|              other|              1| 34|                   1|                4|                    0|         0|                65|
[2025-02-21T11:29:50.607+0000] {spark_submit.py:641} INFO - |         50|Sales & Marketing|region_19|      Bachelors|     m|              other|              1| 32|                   1|                3|                    0|         0|                48|
[2025-02-21T11:29:50.607+0000] {spark_submit.py:641} INFO - |         55|       Operations|region_19|Masters & above|     f|           sourcing|              1| 33|                   5|                3|                    0|         0|                61|
[2025-02-21T11:29:50.609+0000] {spark_submit.py:641} INFO - |         63|Sales & Marketing| region_8|Masters & above|     m|           sourcing|              1| 35|                   5|                8|                    0|         0|                52|
[2025-02-21T11:29:50.610+0000] {spark_submit.py:641} INFO - |         64|        Analytics| region_4|      Bachelors|     m|              other|              1| 42|                   5|               11|                    1|         0|                80|
[2025-02-21T11:29:50.612+0000] {spark_submit.py:641} INFO - +-----------+-----------------+---------+---------------+------+-------------------+---------------+---+--------------------+-----------------+---------------------+----------+------------------+
[2025-02-21T11:29:50.613+0000] {spark_submit.py:641} INFO - only showing top 20 rows
[2025-02-21T11:29:50.614+0000] {spark_submit.py:641} INFO - 
[2025-02-21T11:29:51.058+0000] {spark_submit.py:641} INFO - Jumlah baris dalam DataFrame: 17415
[2025-02-21T11:29:51.060+0000] {spark_submit.py:641} INFO - Load data berhasil.
[2025-02-21T11:29:51.630+0000] {taskinstance.py:341} INFO - ::group::Post task execution logs
[2025-02-21T11:29:51.632+0000] {taskinstance.py:353} INFO - Marking task as SUCCESS. dag_id=***_v2_etl_dag, task_id=load_task, run_id=manual__2025-02-21T11:29:09.806191+00:00, execution_date=20250221T112909, start_date=20250221T112939, end_date=20250221T112951
[2025-02-21T11:29:51.679+0000] {local_task_job_runner.py:266} INFO - Task exited with return code 0
[2025-02-21T11:29:51.700+0000] {taskinstance.py:3901} INFO - 0 downstream tasks scheduled from follow-on schedule check
[2025-02-21T11:29:51.703+0000] {local_task_job_runner.py:245} INFO - ::endgroup::
