[2025-02-21T11:33:42.602+0000] {local_task_job_runner.py:123} INFO - ::group::Pre task execution logs
[2025-02-21T11:33:42.627+0000] {taskinstance.py:2614} INFO - Dependencies all met for dep_context=non-requeueable deps ti=<TaskInstance: finprode8_v2_etl_dag.load_task manual__2025-02-21T11:33:12.503991+00:00 [queued]>
[2025-02-21T11:33:42.642+0000] {taskinstance.py:2614} INFO - Dependencies all met for dep_context=requeueable deps ti=<TaskInstance: finprode8_v2_etl_dag.load_task manual__2025-02-21T11:33:12.503991+00:00 [queued]>
[2025-02-21T11:33:42.644+0000] {taskinstance.py:2867} INFO - Starting attempt 1 of 1
[2025-02-21T11:33:42.661+0000] {taskinstance.py:2890} INFO - Executing <Task(SparkSubmitOperator): load_task> on 2025-02-21 11:33:12.503991+00:00
[2025-02-21T11:33:42.666+0000] {standard_task_runner.py:72} INFO - Started process 3899 to run task
[2025-02-21T11:33:42.670+0000] {standard_task_runner.py:104} INFO - Running: ['airflow', 'tasks', 'run', '***_v2_etl_dag', 'load_task', 'manual__2025-02-21T11:33:12.503991+00:00', '--job-id', '19', '--raw', '--subdir', 'DAGS_FOLDER/***_v2_etl_dag.py', '--cfg-path', '/tmp/tmpmrqsj26d']
[2025-02-21T11:33:42.674+0000] {standard_task_runner.py:105} INFO - Job 19: Subtask load_task
[2025-02-21T11:33:42.695+0000] {logging_mixin.py:190} WARNING - /home/airflow/.local/lib/python3.9/site-packages/airflow/settings.py:209 DeprecationWarning: The sql_alchemy_conn option in [core] has been moved to the sql_alchemy_conn option in [database] - the old setting has been used, but please update your config.
[2025-02-21T11:33:42.734+0000] {task_command.py:467} INFO - Running <TaskInstance: finprode8_v2_etl_dag.load_task manual__2025-02-21T11:33:12.503991+00:00 [running]> on host ***-airflow-scheduler
[2025-02-21T11:33:42.818+0000] {taskinstance.py:3134} INFO - Exporting env vars: AIRFLOW_CTX_DAG_OWNER='ratih malini' AIRFLOW_CTX_DAG_ID='***_v2_etl_dag' AIRFLOW_CTX_TASK_ID='load_task' AIRFLOW_CTX_EXECUTION_DATE='2025-02-21T11:33:12.503991+00:00' AIRFLOW_CTX_TRY_NUMBER='1' AIRFLOW_CTX_DAG_RUN_ID='manual__2025-02-21T11:33:12.503991+00:00'
[2025-02-21T11:33:42.820+0000] {taskinstance.py:732} INFO - ::endgroup::
[2025-02-21T11:33:42.847+0000] {base.py:84} INFO - Retrieving connection 'spark_main'
[2025-02-21T11:33:42.850+0000] {spark_submit.py:474} INFO - Spark-Submit cmd: spark-submit --master spark://***-spark-master:7077 --packages org.postgresql:postgresql:42.2.18 --name arrow-spark /spark-scripts/***_v2_load.py
[2025-02-21T11:33:44.429+0000] {spark_submit.py:641} INFO - :: loading settings :: url = jar:file:/home/airflow/.local/lib/python3.9/site-packages/pyspark/jars/ivy-2.5.1.jar!/org/apache/ivy/core/settings/ivysettings.xml
[2025-02-21T11:33:44.555+0000] {spark_submit.py:641} INFO - Ivy Default Cache set to: /home/airflow/.ivy2/cache
[2025-02-21T11:33:44.557+0000] {spark_submit.py:641} INFO - The jars for the packages stored in: /home/airflow/.ivy2/jars
[2025-02-21T11:33:44.560+0000] {spark_submit.py:641} INFO - org.postgresql#postgresql added as a dependency
[2025-02-21T11:33:44.562+0000] {spark_submit.py:641} INFO - :: resolving dependencies :: org.apache.spark#spark-submit-parent-4ecf576a-3661-47cd-805f-c15d0a70e344;1.0
[2025-02-21T11:33:44.564+0000] {spark_submit.py:641} INFO - confs: [default]
[2025-02-21T11:33:44.683+0000] {spark_submit.py:641} INFO - found org.postgresql#postgresql;42.2.18 in central
[2025-02-21T11:33:44.710+0000] {spark_submit.py:641} INFO - found org.checkerframework#checker-qual;3.5.0 in central
[2025-02-21T11:33:44.726+0000] {spark_submit.py:641} INFO - :: resolution report :: resolve 158ms :: artifacts dl 6ms
[2025-02-21T11:33:44.727+0000] {spark_submit.py:641} INFO - :: modules in use:
[2025-02-21T11:33:44.728+0000] {spark_submit.py:641} INFO - org.checkerframework#checker-qual;3.5.0 from central in [default]
[2025-02-21T11:33:44.729+0000] {spark_submit.py:641} INFO - org.postgresql#postgresql;42.2.18 from central in [default]
[2025-02-21T11:33:44.730+0000] {spark_submit.py:641} INFO - ---------------------------------------------------------------------
[2025-02-21T11:33:44.731+0000] {spark_submit.py:641} INFO - |                  |            modules            ||   artifacts   |
[2025-02-21T11:33:44.732+0000] {spark_submit.py:641} INFO - |       conf       | number| search|dwnlded|evicted|| number|dwnlded|
[2025-02-21T11:33:44.733+0000] {spark_submit.py:641} INFO - ---------------------------------------------------------------------
[2025-02-21T11:33:44.734+0000] {spark_submit.py:641} INFO - |      default     |   2   |   0   |   0   |   0   ||   2   |   0   |
[2025-02-21T11:33:44.735+0000] {spark_submit.py:641} INFO - ---------------------------------------------------------------------
[2025-02-21T11:33:44.736+0000] {spark_submit.py:641} INFO - :: retrieving :: org.apache.spark#spark-submit-parent-4ecf576a-3661-47cd-805f-c15d0a70e344
[2025-02-21T11:33:44.737+0000] {spark_submit.py:641} INFO - confs: [default]
[2025-02-21T11:33:44.738+0000] {spark_submit.py:641} INFO - 0 artifacts copied, 2 already retrieved (0kB/5ms)
[2025-02-21T11:33:44.969+0000] {spark_submit.py:641} INFO - 25/02/21 11:33:44 WARN NativeCodeLoader: Unable to load native-hadoop library for your platform... using builtin-java classes where applicable
[2025-02-21T11:33:45.966+0000] {spark_submit.py:641} INFO - 25/02/21 11:33:45 INFO SparkContext: Running Spark version 3.3.2
[2025-02-21T11:33:45.992+0000] {spark_submit.py:641} INFO - 25/02/21 11:33:45 INFO ResourceUtils: ==============================================================
[2025-02-21T11:33:45.994+0000] {spark_submit.py:641} INFO - 25/02/21 11:33:45 INFO ResourceUtils: No custom resources configured for spark.driver.
[2025-02-21T11:33:45.996+0000] {spark_submit.py:641} INFO - 25/02/21 11:33:45 INFO ResourceUtils: ==============================================================
[2025-02-21T11:33:45.997+0000] {spark_submit.py:641} INFO - 25/02/21 11:33:45 INFO SparkContext: Submitted application: ***_load
[2025-02-21T11:33:46.019+0000] {spark_submit.py:641} INFO - 25/02/21 11:33:46 INFO ResourceProfile: Default ResourceProfile created, executor resources: Map(cores -> name: cores, amount: 1, script: , vendor: , memory -> name: memory, amount: 1024, script: , vendor: , offHeap -> name: offHeap, amount: 0, script: , vendor: ), task resources: Map(cpus -> name: cpus, amount: 1.0)
[2025-02-21T11:33:46.027+0000] {spark_submit.py:641} INFO - 25/02/21 11:33:46 INFO ResourceProfile: Limiting resource is cpu
[2025-02-21T11:33:46.029+0000] {spark_submit.py:641} INFO - 25/02/21 11:33:46 INFO ResourceProfileManager: Added ResourceProfile id: 0
[2025-02-21T11:33:46.077+0000] {spark_submit.py:641} INFO - 25/02/21 11:33:46 INFO SecurityManager: Changing view acls to: airflow
[2025-02-21T11:33:46.079+0000] {spark_submit.py:641} INFO - 25/02/21 11:33:46 INFO SecurityManager: Changing modify acls to: airflow
[2025-02-21T11:33:46.081+0000] {spark_submit.py:641} INFO - 25/02/21 11:33:46 INFO SecurityManager: Changing view acls groups to:
[2025-02-21T11:33:46.083+0000] {spark_submit.py:641} INFO - 25/02/21 11:33:46 INFO SecurityManager: Changing modify acls groups to:
[2025-02-21T11:33:46.085+0000] {spark_submit.py:641} INFO - 25/02/21 11:33:46 INFO SecurityManager: SecurityManager: authentication disabled; ui acls disabled; users  with view permissions: Set(airflow); groups with view permissions: Set(); users  with modify permissions: Set(airflow); groups with modify permissions: Set()
[2025-02-21T11:33:46.331+0000] {spark_submit.py:641} INFO - 25/02/21 11:33:46 INFO Utils: Successfully started service 'sparkDriver' on port 33575.
[2025-02-21T11:33:46.359+0000] {spark_submit.py:641} INFO - 25/02/21 11:33:46 INFO SparkEnv: Registering MapOutputTracker
[2025-02-21T11:33:46.393+0000] {spark_submit.py:641} INFO - 25/02/21 11:33:46 INFO SparkEnv: Registering BlockManagerMaster
[2025-02-21T11:33:46.420+0000] {spark_submit.py:641} INFO - 25/02/21 11:33:46 INFO BlockManagerMasterEndpoint: Using org.apache.spark.storage.DefaultTopologyMapper for getting topology information
[2025-02-21T11:33:46.422+0000] {spark_submit.py:641} INFO - 25/02/21 11:33:46 INFO BlockManagerMasterEndpoint: BlockManagerMasterEndpoint up
[2025-02-21T11:33:46.428+0000] {spark_submit.py:641} INFO - 25/02/21 11:33:46 INFO SparkEnv: Registering BlockManagerMasterHeartbeat
[2025-02-21T11:33:46.454+0000] {spark_submit.py:641} INFO - 25/02/21 11:33:46 INFO DiskBlockManager: Created local directory at /tmp/blockmgr-9b982862-f77c-472a-b7a5-b6f71ffad030
[2025-02-21T11:33:46.474+0000] {spark_submit.py:641} INFO - 25/02/21 11:33:46 INFO MemoryStore: MemoryStore started with capacity 434.4 MiB
[2025-02-21T11:33:46.489+0000] {spark_submit.py:641} INFO - 25/02/21 11:33:46 INFO SparkEnv: Registering OutputCommitCoordinator
[2025-02-21T11:33:46.731+0000] {spark_submit.py:641} INFO - 25/02/21 11:33:46 INFO Utils: Successfully started service 'SparkUI' on port 4040.
[2025-02-21T11:33:46.803+0000] {spark_submit.py:641} INFO - 25/02/21 11:33:46 INFO SparkContext: Added JAR file:///home/airflow/.ivy2/jars/org.postgresql_postgresql-42.2.18.jar at spark://***-airflow-scheduler:33575/jars/org.postgresql_postgresql-42.2.18.jar with timestamp 1740137625959
[2025-02-21T11:33:46.805+0000] {spark_submit.py:641} INFO - 25/02/21 11:33:46 INFO SparkContext: Added JAR file:///home/airflow/.ivy2/jars/org.checkerframework_checker-qual-3.5.0.jar at spark://***-airflow-scheduler:33575/jars/org.checkerframework_checker-qual-3.5.0.jar with timestamp 1740137625959
[2025-02-21T11:33:46.809+0000] {spark_submit.py:641} INFO - 25/02/21 11:33:46 INFO SparkContext: Added file file:///home/airflow/.ivy2/jars/org.postgresql_postgresql-42.2.18.jar at file:///home/airflow/.ivy2/jars/org.postgresql_postgresql-42.2.18.jar with timestamp 1740137625959
[2025-02-21T11:33:46.813+0000] {spark_submit.py:641} INFO - 25/02/21 11:33:46 INFO Utils: Copying /home/airflow/.ivy2/jars/org.postgresql_postgresql-42.2.18.jar to /tmp/spark-8a67dee2-2472-40bd-af8d-c5e583c1fa26/userFiles-d193db0e-3bbd-42d7-b0a6-1c5bda456aaa/org.postgresql_postgresql-42.2.18.jar
[2025-02-21T11:33:46.834+0000] {spark_submit.py:641} INFO - 25/02/21 11:33:46 INFO SparkContext: Added file file:///home/airflow/.ivy2/jars/org.checkerframework_checker-qual-3.5.0.jar at file:///home/airflow/.ivy2/jars/org.checkerframework_checker-qual-3.5.0.jar with timestamp 1740137625959
[2025-02-21T11:33:46.841+0000] {spark_submit.py:641} INFO - 25/02/21 11:33:46 INFO Utils: Copying /home/airflow/.ivy2/jars/org.checkerframework_checker-qual-3.5.0.jar to /tmp/spark-8a67dee2-2472-40bd-af8d-c5e583c1fa26/userFiles-d193db0e-3bbd-42d7-b0a6-1c5bda456aaa/org.checkerframework_checker-qual-3.5.0.jar
[2025-02-21T11:33:46.945+0000] {spark_submit.py:641} INFO - 25/02/21 11:33:46 INFO Executor: Starting executor ID driver on host ***-airflow-scheduler
[2025-02-21T11:33:46.952+0000] {spark_submit.py:641} INFO - 25/02/21 11:33:46 INFO Executor: Starting executor with user classpath (userClassPathFirst = false): ''
[2025-02-21T11:33:46.968+0000] {spark_submit.py:641} INFO - 25/02/21 11:33:46 INFO Executor: Fetching file:///home/airflow/.ivy2/jars/org.postgresql_postgresql-42.2.18.jar with timestamp 1740137625959
[2025-02-21T11:33:46.993+0000] {spark_submit.py:641} INFO - 25/02/21 11:33:46 INFO Utils: /home/airflow/.ivy2/jars/org.postgresql_postgresql-42.2.18.jar has been previously copied to /tmp/spark-8a67dee2-2472-40bd-af8d-c5e583c1fa26/userFiles-d193db0e-3bbd-42d7-b0a6-1c5bda456aaa/org.postgresql_postgresql-42.2.18.jar
[2025-02-21T11:33:46.999+0000] {spark_submit.py:641} INFO - 25/02/21 11:33:46 INFO Executor: Fetching file:///home/airflow/.ivy2/jars/org.checkerframework_checker-qual-3.5.0.jar with timestamp 1740137625959
[2025-02-21T11:33:47.000+0000] {spark_submit.py:641} INFO - 25/02/21 11:33:47 INFO Utils: /home/airflow/.ivy2/jars/org.checkerframework_checker-qual-3.5.0.jar has been previously copied to /tmp/spark-8a67dee2-2472-40bd-af8d-c5e583c1fa26/userFiles-d193db0e-3bbd-42d7-b0a6-1c5bda456aaa/org.checkerframework_checker-qual-3.5.0.jar
[2025-02-21T11:33:47.006+0000] {spark_submit.py:641} INFO - 25/02/21 11:33:47 INFO Executor: Fetching spark://***-airflow-scheduler:33575/jars/org.checkerframework_checker-qual-3.5.0.jar with timestamp 1740137625959
[2025-02-21T11:33:47.040+0000] {spark_submit.py:641} INFO - 25/02/21 11:33:47 INFO TransportClientFactory: Successfully created connection to ***-airflow-scheduler/172.19.0.5:33575 after 20 ms (0 ms spent in bootstraps)
[2025-02-21T11:33:47.047+0000] {spark_submit.py:641} INFO - 25/02/21 11:33:47 INFO Utils: Fetching spark://***-airflow-scheduler:33575/jars/org.checkerframework_checker-qual-3.5.0.jar to /tmp/spark-8a67dee2-2472-40bd-af8d-c5e583c1fa26/userFiles-d193db0e-3bbd-42d7-b0a6-1c5bda456aaa/fetchFileTemp6118124144589803623.tmp
[2025-02-21T11:33:47.083+0000] {spark_submit.py:641} INFO - 25/02/21 11:33:47 INFO Utils: /tmp/spark-8a67dee2-2472-40bd-af8d-c5e583c1fa26/userFiles-d193db0e-3bbd-42d7-b0a6-1c5bda456aaa/fetchFileTemp6118124144589803623.tmp has been previously copied to /tmp/spark-8a67dee2-2472-40bd-af8d-c5e583c1fa26/userFiles-d193db0e-3bbd-42d7-b0a6-1c5bda456aaa/org.checkerframework_checker-qual-3.5.0.jar
[2025-02-21T11:33:47.090+0000] {spark_submit.py:641} INFO - 25/02/21 11:33:47 INFO Executor: Adding file:/tmp/spark-8a67dee2-2472-40bd-af8d-c5e583c1fa26/userFiles-d193db0e-3bbd-42d7-b0a6-1c5bda456aaa/org.checkerframework_checker-qual-3.5.0.jar to class loader
[2025-02-21T11:33:47.092+0000] {spark_submit.py:641} INFO - 25/02/21 11:33:47 INFO Executor: Fetching spark://***-airflow-scheduler:33575/jars/org.postgresql_postgresql-42.2.18.jar with timestamp 1740137625959
[2025-02-21T11:33:47.093+0000] {spark_submit.py:641} INFO - 25/02/21 11:33:47 INFO Utils: Fetching spark://***-airflow-scheduler:33575/jars/org.postgresql_postgresql-42.2.18.jar to /tmp/spark-8a67dee2-2472-40bd-af8d-c5e583c1fa26/userFiles-d193db0e-3bbd-42d7-b0a6-1c5bda456aaa/fetchFileTemp18233128005531128420.tmp
[2025-02-21T11:33:47.100+0000] {spark_submit.py:641} INFO - 25/02/21 11:33:47 INFO Utils: /tmp/spark-8a67dee2-2472-40bd-af8d-c5e583c1fa26/userFiles-d193db0e-3bbd-42d7-b0a6-1c5bda456aaa/fetchFileTemp18233128005531128420.tmp has been previously copied to /tmp/spark-8a67dee2-2472-40bd-af8d-c5e583c1fa26/userFiles-d193db0e-3bbd-42d7-b0a6-1c5bda456aaa/org.postgresql_postgresql-42.2.18.jar
[2025-02-21T11:33:47.107+0000] {spark_submit.py:641} INFO - 25/02/21 11:33:47 INFO Executor: Adding file:/tmp/spark-8a67dee2-2472-40bd-af8d-c5e583c1fa26/userFiles-d193db0e-3bbd-42d7-b0a6-1c5bda456aaa/org.postgresql_postgresql-42.2.18.jar to class loader
[2025-02-21T11:33:47.113+0000] {spark_submit.py:641} INFO - 25/02/21 11:33:47 INFO Utils: Successfully started service 'org.apache.spark.network.netty.NettyBlockTransferService' on port 36311.
[2025-02-21T11:33:47.115+0000] {spark_submit.py:641} INFO - 25/02/21 11:33:47 INFO NettyBlockTransferService: Server created on ***-airflow-scheduler:36311
[2025-02-21T11:33:47.117+0000] {spark_submit.py:641} INFO - 25/02/21 11:33:47 INFO BlockManager: Using org.apache.spark.storage.RandomBlockReplicationPolicy for block replication policy
[2025-02-21T11:33:47.123+0000] {spark_submit.py:641} INFO - 25/02/21 11:33:47 INFO BlockManagerMaster: Registering BlockManager BlockManagerId(driver, ***-airflow-scheduler, 36311, None)
[2025-02-21T11:33:47.126+0000] {spark_submit.py:641} INFO - 25/02/21 11:33:47 INFO BlockManagerMasterEndpoint: Registering block manager ***-airflow-scheduler:36311 with 434.4 MiB RAM, BlockManagerId(driver, ***-airflow-scheduler, 36311, None)
[2025-02-21T11:33:47.129+0000] {spark_submit.py:641} INFO - 25/02/21 11:33:47 INFO BlockManagerMaster: Registered BlockManager BlockManagerId(driver, ***-airflow-scheduler, 36311, None)
[2025-02-21T11:33:47.131+0000] {spark_submit.py:641} INFO - 25/02/21 11:33:47 INFO BlockManager: Initialized BlockManager: BlockManagerId(driver, ***-airflow-scheduler, 36311, None)
[2025-02-21T11:33:53.923+0000] {spark_submit.py:641} INFO - ---------------- MENAMPILKAN DATA HASIL LOAD KE POSTGRES ----------------
[2025-02-21T11:33:54.240+0000] {spark_submit.py:641} INFO - +-----------+-----------------+---------+---------------+------+-------------------+---------------+---+--------------------+-----------------+---------------------+----------+------------------+
[2025-02-21T11:33:54.241+0000] {spark_submit.py:641} INFO - |employee_id|       department|   region|      education|gender|recruitment_channel|no_of_trainings|age|previous_year_rating|length_of_service|KPIs_met_more_than_80|awards_won|avg_training_score|
[2025-02-21T11:33:54.242+0000] {spark_submit.py:641} INFO - +-----------+-----------------+---------+---------------+------+-------------------+---------------+---+--------------------+-----------------+---------------------+----------+------------------+
[2025-02-21T11:33:54.243+0000] {spark_submit.py:641} INFO - |          3|      Procurement|region_22|Masters & above|     f|              other|              1| 38|                   5|                4|                    1|         0|                67|
[2025-02-21T11:33:54.244+0000] {spark_submit.py:641} INFO - |          6|Sales & Marketing|region_15|      Bachelors|     f|              other|              1| 38|                   3|               10|                    0|         0|                50|
[2025-02-21T11:33:54.245+0000] {spark_submit.py:641} INFO - |         11|       Technology| region_4|Masters & above|     f|           sourcing|              1| 39|                   4|               12|                    1|         0|                72|
[2025-02-21T11:33:54.245+0000] {spark_submit.py:641} INFO - |         13|Sales & Marketing|region_17|      Bachelors|     m|              other|              1| 38|                   1|                5|                    1|         0|                47|
[2025-02-21T11:33:54.247+0000] {spark_submit.py:641} INFO - |         16|Sales & Marketing| region_4|Masters & above|     m|           sourcing|              1| 40|                   5|                5|                    0|         0|                53|
[2025-02-21T11:33:54.248+0000] {spark_submit.py:641} INFO - |         17|Sales & Marketing| region_7|      Bachelors|     m|           sourcing|              1| 50|                   5|               13|                    0|         0|                47|
[2025-02-21T11:33:54.249+0000] {spark_submit.py:641} INFO - |         19|               HR| region_2|Masters & above|     f|              other|              1| 50|                   4|                7|                    1|         0|                45|
[2025-02-21T11:33:54.250+0000] {spark_submit.py:641} INFO - |         20|        Analytics|region_21|      Bachelors|     m|           sourcing|              1| 27|                   0|                1|                    1|         0|                89|
[2025-02-21T11:33:54.250+0000] {spark_submit.py:641} INFO - |         21|        Analytics| region_8|      Bachelors|     m|           sourcing|              2| 28|                   2|                3|                    1|         0|                85|
[2025-02-21T11:33:54.251+0000] {spark_submit.py:641} INFO - |         22|       Technology| region_2|Masters & above|     f|              other|              1| 57|                   4|               18|                    1|         0|                77|
[2025-02-21T11:33:54.252+0000] {spark_submit.py:641} INFO - |         23|Sales & Marketing|region_16|      Bachelors|     f|           sourcing|              1| 42|                   1|                3|                    0|         0|                46|
[2025-02-21T11:33:54.253+0000] {spark_submit.py:641} INFO - |         24|               HR|region_28|Masters & above|     f|              other|              1| 32|                   1|                5|                    1|         0|                51|
[2025-02-21T11:33:54.254+0000] {spark_submit.py:641} INFO - |         27|Sales & Marketing|region_16|      Bachelors|     m|           sourcing|              1| 29|                   2|                6|                    0|         0|                51|
[2025-02-21T11:33:54.254+0000] {spark_submit.py:641} INFO - |         29|        Analytics| region_7|      Bachelors|     m|              other|              1| 28|                   0|                1|                    1|         0|                85|
[2025-02-21T11:33:54.255+0000] {spark_submit.py:641} INFO - |         31|Sales & Marketing|region_15|      Bachelors|     f|              other|              1| 29|                   3|                5|                    1|         0|                49|
[2025-02-21T11:33:54.256+0000] {spark_submit.py:641} INFO - |         40|       Operations| region_7|Masters & above|     f|              other|              1| 34|                   1|                4|                    0|         0|                65|
[2025-02-21T11:33:54.257+0000] {spark_submit.py:641} INFO - |         50|Sales & Marketing|region_19|      Bachelors|     m|              other|              1| 32|                   1|                3|                    0|         0|                48|
[2025-02-21T11:33:54.258+0000] {spark_submit.py:641} INFO - |         55|       Operations|region_19|Masters & above|     f|           sourcing|              1| 33|                   5|                3|                    0|         0|                61|
[2025-02-21T11:33:54.258+0000] {spark_submit.py:641} INFO - |         63|Sales & Marketing| region_8|Masters & above|     m|           sourcing|              1| 35|                   5|                8|                    0|         0|                52|
[2025-02-21T11:33:54.259+0000] {spark_submit.py:641} INFO - |         64|        Analytics| region_4|      Bachelors|     m|              other|              1| 42|                   5|               11|                    1|         0|                80|
[2025-02-21T11:33:54.260+0000] {spark_submit.py:641} INFO - +-----------+-----------------+---------+---------------+------+-------------------+---------------+---+--------------------+-----------------+---------------------+----------+------------------+
[2025-02-21T11:33:54.261+0000] {spark_submit.py:641} INFO - only showing top 20 rows
[2025-02-21T11:33:54.264+0000] {spark_submit.py:641} INFO - 
[2025-02-21T11:33:54.714+0000] {spark_submit.py:641} INFO - Jumlah baris dalam DataFrame: 17415
[2025-02-21T11:33:54.715+0000] {spark_submit.py:641} INFO - Load data berhasil.
[2025-02-21T11:33:55.340+0000] {taskinstance.py:341} INFO - ::group::Post task execution logs
[2025-02-21T11:33:55.342+0000] {taskinstance.py:353} INFO - Marking task as SUCCESS. dag_id=***_v2_etl_dag, task_id=load_task, run_id=manual__2025-02-21T11:33:12.503991+00:00, execution_date=20250221T113312, start_date=20250221T113342, end_date=20250221T113355
[2025-02-21T11:33:55.396+0000] {local_task_job_runner.py:266} INFO - Task exited with return code 0
[2025-02-21T11:33:55.418+0000] {taskinstance.py:3901} INFO - 0 downstream tasks scheduled from follow-on schedule check
[2025-02-21T11:33:55.423+0000] {local_task_job_runner.py:245} INFO - ::endgroup::
