[2025-02-20T06:59:01.527+0000] {local_task_job_runner.py:123} INFO - ::group::Pre task execution logs
[2025-02-20T06:59:01.560+0000] {taskinstance.py:2614} INFO - Dependencies all met for dep_context=non-requeueable deps ti=<TaskInstance: finprode8_v2_etl_dag.extract_task manual__2025-02-20T06:55:58.427423+00:00 [queued]>
[2025-02-20T06:59:01.579+0000] {taskinstance.py:2614} INFO - Dependencies all met for dep_context=requeueable deps ti=<TaskInstance: finprode8_v2_etl_dag.extract_task manual__2025-02-20T06:55:58.427423+00:00 [queued]>
[2025-02-20T06:59:01.582+0000] {taskinstance.py:2867} INFO - Starting attempt 2 of 2
[2025-02-20T06:59:01.606+0000] {taskinstance.py:2890} INFO - Executing <Task(SparkSubmitOperator): extract_task> on 2025-02-20 06:55:58.427423+00:00
[2025-02-20T06:59:01.612+0000] {standard_task_runner.py:72} INFO - Started process 5570 to run task
[2025-02-20T06:59:01.616+0000] {standard_task_runner.py:104} INFO - Running: ['airflow', 'tasks', 'run', '***_v2_etl_dag', 'extract_task', 'manual__2025-02-20T06:55:58.427423+00:00', '--job-id', '64', '--raw', '--subdir', 'DAGS_FOLDER/***_v2_etl_dag.py', '--cfg-path', '/tmp/tmpbq4pp4kg']
[2025-02-20T06:59:01.620+0000] {standard_task_runner.py:105} INFO - Job 64: Subtask extract_task
[2025-02-20T06:59:01.651+0000] {logging_mixin.py:190} WARNING - /home/airflow/.local/lib/python3.9/site-packages/airflow/settings.py:209 DeprecationWarning: The sql_alchemy_conn option in [core] has been moved to the sql_alchemy_conn option in [database] - the old setting has been used, but please update your config.
[2025-02-20T06:59:01.713+0000] {task_command.py:467} INFO - Running <TaskInstance: finprode8_v2_etl_dag.extract_task manual__2025-02-20T06:55:58.427423+00:00 [running]> on host ***-airflow-scheduler
[2025-02-20T06:59:01.872+0000] {taskinstance.py:3134} INFO - Exporting env vars: AIRFLOW_CTX_DAG_OWNER='ratih malini' AIRFLOW_CTX_DAG_ID='***_v2_etl_dag' AIRFLOW_CTX_TASK_ID='extract_task' AIRFLOW_CTX_EXECUTION_DATE='2025-02-20T06:55:58.427423+00:00' AIRFLOW_CTX_TRY_NUMBER='2' AIRFLOW_CTX_DAG_RUN_ID='manual__2025-02-20T06:55:58.427423+00:00'
[2025-02-20T06:59:01.875+0000] {taskinstance.py:732} INFO - ::endgroup::
[2025-02-20T06:59:01.930+0000] {base.py:84} INFO - Retrieving connection 'spark_main'
[2025-02-20T06:59:01.933+0000] {spark_submit.py:474} INFO - Spark-Submit cmd: spark-submit --master spark://***-spark-master:7077 --packages org.postgresql:postgresql:42.2.18 --name arrow-spark /spark-scripts/***_v2_extract.py
[2025-02-20T06:59:03.994+0000] {spark_submit.py:641} INFO - :: loading settings :: url = jar:file:/home/airflow/.local/lib/python3.9/site-packages/pyspark/jars/ivy-2.5.1.jar!/org/apache/ivy/core/settings/ivysettings.xml
[2025-02-20T06:59:04.110+0000] {spark_submit.py:641} INFO - Ivy Default Cache set to: /home/airflow/.ivy2/cache
[2025-02-20T06:59:04.112+0000] {spark_submit.py:641} INFO - The jars for the packages stored in: /home/airflow/.ivy2/jars
[2025-02-20T06:59:04.116+0000] {spark_submit.py:641} INFO - org.postgresql#postgresql added as a dependency
[2025-02-20T06:59:04.117+0000] {spark_submit.py:641} INFO - :: resolving dependencies :: org.apache.spark#spark-submit-parent-de0e2d77-c981-4798-a7e8-5708f06a37f0;1.0
[2025-02-20T06:59:04.119+0000] {spark_submit.py:641} INFO - confs: [default]
[2025-02-20T06:59:04.256+0000] {spark_submit.py:641} INFO - found org.postgresql#postgresql;42.2.18 in central
[2025-02-20T06:59:04.281+0000] {spark_submit.py:641} INFO - found org.checkerframework#checker-qual;3.5.0 in central
[2025-02-20T06:59:04.301+0000] {spark_submit.py:641} INFO - :: resolution report :: resolve 177ms :: artifacts dl 7ms
[2025-02-20T06:59:04.304+0000] {spark_submit.py:641} INFO - :: modules in use:
[2025-02-20T06:59:04.307+0000] {spark_submit.py:641} INFO - org.checkerframework#checker-qual;3.5.0 from central in [default]
[2025-02-20T06:59:04.309+0000] {spark_submit.py:641} INFO - org.postgresql#postgresql;42.2.18 from central in [default]
[2025-02-20T06:59:04.311+0000] {spark_submit.py:641} INFO - ---------------------------------------------------------------------
[2025-02-20T06:59:04.313+0000] {spark_submit.py:641} INFO - |                  |            modules            ||   artifacts   |
[2025-02-20T06:59:04.314+0000] {spark_submit.py:641} INFO - |       conf       | number| search|dwnlded|evicted|| number|dwnlded|
[2025-02-20T06:59:04.315+0000] {spark_submit.py:641} INFO - ---------------------------------------------------------------------
[2025-02-20T06:59:04.317+0000] {spark_submit.py:641} INFO - |      default     |   2   |   0   |   0   |   0   ||   2   |   0   |
[2025-02-20T06:59:04.319+0000] {spark_submit.py:641} INFO - ---------------------------------------------------------------------
[2025-02-20T06:59:04.321+0000] {spark_submit.py:641} INFO - :: retrieving :: org.apache.spark#spark-submit-parent-de0e2d77-c981-4798-a7e8-5708f06a37f0
[2025-02-20T06:59:04.323+0000] {spark_submit.py:641} INFO - confs: [default]
[2025-02-20T06:59:04.326+0000] {spark_submit.py:641} INFO - 0 artifacts copied, 2 already retrieved (0kB/6ms)
[2025-02-20T06:59:04.591+0000] {spark_submit.py:641} INFO - 25/02/20 06:59:04 WARN NativeCodeLoader: Unable to load native-hadoop library for your platform... using builtin-java classes where applicable
[2025-02-20T06:59:06.140+0000] {spark_submit.py:641} INFO - 25/02/20 06:59:06 INFO SparkContext: Running Spark version 3.3.2
[2025-02-20T06:59:06.168+0000] {spark_submit.py:641} INFO - 25/02/20 06:59:06 INFO ResourceUtils: ==============================================================
[2025-02-20T06:59:06.171+0000] {spark_submit.py:641} INFO - 25/02/20 06:59:06 INFO ResourceUtils: No custom resources configured for spark.driver.
[2025-02-20T06:59:06.173+0000] {spark_submit.py:641} INFO - 25/02/20 06:59:06 INFO ResourceUtils: ==============================================================
[2025-02-20T06:59:06.175+0000] {spark_submit.py:641} INFO - 25/02/20 06:59:06 INFO SparkContext: Submitted application: ***_extract
[2025-02-20T06:59:06.196+0000] {spark_submit.py:641} INFO - 25/02/20 06:59:06 INFO ResourceProfile: Default ResourceProfile created, executor resources: Map(cores -> name: cores, amount: 1, script: , vendor: , memory -> name: memory, amount: 1024, script: , vendor: , offHeap -> name: offHeap, amount: 0, script: , vendor: ), task resources: Map(cpus -> name: cpus, amount: 1.0)
[2025-02-20T06:59:06.204+0000] {spark_submit.py:641} INFO - 25/02/20 06:59:06 INFO ResourceProfile: Limiting resource is cpu
[2025-02-20T06:59:06.206+0000] {spark_submit.py:641} INFO - 25/02/20 06:59:06 INFO ResourceProfileManager: Added ResourceProfile id: 0
[2025-02-20T06:59:06.275+0000] {spark_submit.py:641} INFO - 25/02/20 06:59:06 INFO SecurityManager: Changing view acls to: airflow
[2025-02-20T06:59:06.277+0000] {spark_submit.py:641} INFO - 25/02/20 06:59:06 INFO SecurityManager: Changing modify acls to: airflow
[2025-02-20T06:59:06.278+0000] {spark_submit.py:641} INFO - 25/02/20 06:59:06 INFO SecurityManager: Changing view acls groups to:
[2025-02-20T06:59:06.280+0000] {spark_submit.py:641} INFO - 25/02/20 06:59:06 INFO SecurityManager: Changing modify acls groups to:
[2025-02-20T06:59:06.281+0000] {spark_submit.py:641} INFO - 25/02/20 06:59:06 INFO SecurityManager: SecurityManager: authentication disabled; ui acls disabled; users  with view permissions: Set(airflow); groups with view permissions: Set(); users  with modify permissions: Set(airflow); groups with modify permissions: Set()
[2025-02-20T06:59:06.561+0000] {spark_submit.py:641} INFO - 25/02/20 06:59:06 INFO Utils: Successfully started service 'sparkDriver' on port 34223.
[2025-02-20T06:59:06.603+0000] {spark_submit.py:641} INFO - 25/02/20 06:59:06 INFO SparkEnv: Registering MapOutputTracker
[2025-02-20T06:59:06.647+0000] {spark_submit.py:641} INFO - 25/02/20 06:59:06 INFO SparkEnv: Registering BlockManagerMaster
[2025-02-20T06:59:06.681+0000] {spark_submit.py:641} INFO - 25/02/20 06:59:06 INFO BlockManagerMasterEndpoint: Using org.apache.spark.storage.DefaultTopologyMapper for getting topology information
[2025-02-20T06:59:06.683+0000] {spark_submit.py:641} INFO - 25/02/20 06:59:06 INFO BlockManagerMasterEndpoint: BlockManagerMasterEndpoint up
[2025-02-20T06:59:06.691+0000] {spark_submit.py:641} INFO - 25/02/20 06:59:06 INFO SparkEnv: Registering BlockManagerMasterHeartbeat
[2025-02-20T06:59:06.727+0000] {spark_submit.py:641} INFO - 25/02/20 06:59:06 INFO DiskBlockManager: Created local directory at /tmp/blockmgr-cc8bd3ad-ee9e-4109-b04e-e05f706471d0
[2025-02-20T06:59:06.754+0000] {spark_submit.py:641} INFO - 25/02/20 06:59:06 INFO MemoryStore: MemoryStore started with capacity 434.4 MiB
[2025-02-20T06:59:06.776+0000] {spark_submit.py:641} INFO - 25/02/20 06:59:06 INFO SparkEnv: Registering OutputCommitCoordinator
[2025-02-20T06:59:07.027+0000] {spark_submit.py:641} INFO - 25/02/20 06:59:07 INFO Utils: Successfully started service 'SparkUI' on port 4040.
[2025-02-20T06:59:07.086+0000] {spark_submit.py:641} INFO - 25/02/20 06:59:07 INFO SparkContext: Added JAR /spark-scripts/jars/postgresql-42.2.18.jar at spark://***-airflow-scheduler:34223/jars/postgresql-42.2.18.jar with timestamp 1740034746129
[2025-02-20T06:59:07.088+0000] {spark_submit.py:641} INFO - 25/02/20 06:59:07 INFO SparkContext: Added file file:///home/airflow/.ivy2/jars/org.postgresql_postgresql-42.2.18.jar at file:///home/airflow/.ivy2/jars/org.postgresql_postgresql-42.2.18.jar with timestamp 1740034746129
[2025-02-20T06:59:07.091+0000] {spark_submit.py:641} INFO - 25/02/20 06:59:07 INFO Utils: Copying /home/airflow/.ivy2/jars/org.postgresql_postgresql-42.2.18.jar to /tmp/spark-d2ab4e3c-aefc-4a21-84e9-4459d86782b3/userFiles-3bc9c0d8-f549-4774-b8f2-deea83a86506/org.postgresql_postgresql-42.2.18.jar
[2025-02-20T06:59:07.152+0000] {spark_submit.py:641} INFO - 25/02/20 06:59:07 INFO SparkContext: Added file file:///home/airflow/.ivy2/jars/org.checkerframework_checker-qual-3.5.0.jar at file:///home/airflow/.ivy2/jars/org.checkerframework_checker-qual-3.5.0.jar with timestamp 1740034746129
[2025-02-20T06:59:07.154+0000] {spark_submit.py:641} INFO - 25/02/20 06:59:07 INFO Utils: Copying /home/airflow/.ivy2/jars/org.checkerframework_checker-qual-3.5.0.jar to /tmp/spark-d2ab4e3c-aefc-4a21-84e9-4459d86782b3/userFiles-3bc9c0d8-f549-4774-b8f2-deea83a86506/org.checkerframework_checker-qual-3.5.0.jar
[2025-02-20T06:59:07.273+0000] {spark_submit.py:641} INFO - 25/02/20 06:59:07 INFO Executor: Starting executor ID driver on host ***-airflow-scheduler
[2025-02-20T06:59:07.282+0000] {spark_submit.py:641} INFO - 25/02/20 06:59:07 INFO Executor: Starting executor with user classpath (userClassPathFirst = false): ''
[2025-02-20T06:59:07.299+0000] {spark_submit.py:641} INFO - 25/02/20 06:59:07 INFO Executor: Fetching file:///home/airflow/.ivy2/jars/org.postgresql_postgresql-42.2.18.jar with timestamp 1740034746129
[2025-02-20T06:59:07.328+0000] {spark_submit.py:641} INFO - 25/02/20 06:59:07 INFO Utils: /home/airflow/.ivy2/jars/org.postgresql_postgresql-42.2.18.jar has been previously copied to /tmp/spark-d2ab4e3c-aefc-4a21-84e9-4459d86782b3/userFiles-3bc9c0d8-f549-4774-b8f2-deea83a86506/org.postgresql_postgresql-42.2.18.jar
[2025-02-20T06:59:07.343+0000] {spark_submit.py:641} INFO - 25/02/20 06:59:07 INFO Executor: Fetching file:///home/airflow/.ivy2/jars/org.checkerframework_checker-qual-3.5.0.jar with timestamp 1740034746129
[2025-02-20T06:59:07.345+0000] {spark_submit.py:641} INFO - 25/02/20 06:59:07 INFO Utils: /home/airflow/.ivy2/jars/org.checkerframework_checker-qual-3.5.0.jar has been previously copied to /tmp/spark-d2ab4e3c-aefc-4a21-84e9-4459d86782b3/userFiles-3bc9c0d8-f549-4774-b8f2-deea83a86506/org.checkerframework_checker-qual-3.5.0.jar
[2025-02-20T06:59:07.362+0000] {spark_submit.py:641} INFO - 25/02/20 06:59:07 INFO Executor: Fetching spark://***-airflow-scheduler:34223/jars/postgresql-42.2.18.jar with timestamp 1740034746129
[2025-02-20T06:59:07.421+0000] {spark_submit.py:641} INFO - 25/02/20 06:59:07 INFO TransportClientFactory: Successfully created connection to ***-airflow-scheduler/172.19.0.6:34223 after 41 ms (0 ms spent in bootstraps)
[2025-02-20T06:59:07.427+0000] {spark_submit.py:641} INFO - 25/02/20 06:59:07 INFO Utils: Fetching spark://***-airflow-scheduler:34223/jars/postgresql-42.2.18.jar to /tmp/spark-d2ab4e3c-aefc-4a21-84e9-4459d86782b3/userFiles-3bc9c0d8-f549-4774-b8f2-deea83a86506/fetchFileTemp3943032507674854273.tmp
[2025-02-20T06:59:07.532+0000] {spark_submit.py:641} INFO - 25/02/20 06:59:07 INFO Executor: Adding file:/tmp/spark-d2ab4e3c-aefc-4a21-84e9-4459d86782b3/userFiles-3bc9c0d8-f549-4774-b8f2-deea83a86506/postgresql-42.2.18.jar to class loader
[2025-02-20T06:59:07.539+0000] {spark_submit.py:641} INFO - 25/02/20 06:59:07 INFO Utils: Successfully started service 'org.apache.spark.network.netty.NettyBlockTransferService' on port 46173.
[2025-02-20T06:59:07.540+0000] {spark_submit.py:641} INFO - 25/02/20 06:59:07 INFO NettyBlockTransferService: Server created on ***-airflow-scheduler:46173
[2025-02-20T06:59:07.543+0000] {spark_submit.py:641} INFO - 25/02/20 06:59:07 INFO BlockManager: Using org.apache.spark.storage.RandomBlockReplicationPolicy for block replication policy
[2025-02-20T06:59:07.552+0000] {spark_submit.py:641} INFO - 25/02/20 06:59:07 INFO BlockManagerMaster: Registering BlockManager BlockManagerId(driver, ***-airflow-scheduler, 46173, None)
[2025-02-20T06:59:07.556+0000] {spark_submit.py:641} INFO - 25/02/20 06:59:07 INFO BlockManagerMasterEndpoint: Registering block manager ***-airflow-scheduler:46173 with 434.4 MiB RAM, BlockManagerId(driver, ***-airflow-scheduler, 46173, None)
[2025-02-20T06:59:07.561+0000] {spark_submit.py:641} INFO - 25/02/20 06:59:07 INFO BlockManagerMaster: Registered BlockManager BlockManagerId(driver, ***-airflow-scheduler, 46173, None)
[2025-02-20T06:59:07.563+0000] {spark_submit.py:641} INFO - 25/02/20 06:59:07 INFO BlockManager: Initialized BlockManager: BlockManagerId(driver, ***-airflow-scheduler, 46173, None)
[2025-02-20T06:59:16.509+0000] {spark_submit.py:641} INFO - Extract daata berhasil.
[2025-02-20T06:59:17.055+0000] {taskinstance.py:341} INFO - ::group::Post task execution logs
[2025-02-20T06:59:17.058+0000] {taskinstance.py:353} INFO - Marking task as SUCCESS. dag_id=***_v2_etl_dag, task_id=extract_task, run_id=manual__2025-02-20T06:55:58.427423+00:00, execution_date=20250220T065558, start_date=20250220T065901, end_date=20250220T065917
[2025-02-20T06:59:17.125+0000] {local_task_job_runner.py:266} INFO - Task exited with return code 0
[2025-02-20T06:59:17.160+0000] {taskinstance.py:3901} INFO - 0 downstream tasks scheduled from follow-on schedule check
[2025-02-20T06:59:17.163+0000] {local_task_job_runner.py:245} INFO - ::endgroup::
