[2025-02-23T18:22:29.564+0000] {local_task_job_runner.py:123} INFO - ::group::Pre task execution logs
[2025-02-23T18:22:29.594+0000] {taskinstance.py:2614} INFO - Dependencies all met for dep_context=non-requeueable deps ti=<TaskInstance: finprode8_v2_etl_dag.transform_task manual__2025-02-23T18:22:14.744084+00:00 [queued]>
[2025-02-23T18:22:29.608+0000] {taskinstance.py:2614} INFO - Dependencies all met for dep_context=requeueable deps ti=<TaskInstance: finprode8_v2_etl_dag.transform_task manual__2025-02-23T18:22:14.744084+00:00 [queued]>
[2025-02-23T18:22:29.611+0000] {taskinstance.py:2867} INFO - Starting attempt 1 of 1
[2025-02-23T18:22:29.706+0000] {taskinstance.py:2890} INFO - Executing <Task(SparkSubmitOperator): transform_task> on 2025-02-23 18:22:14.744084+00:00
[2025-02-23T18:22:29.714+0000] {standard_task_runner.py:72} INFO - Started process 8892 to run task
[2025-02-23T18:22:29.722+0000] {standard_task_runner.py:104} INFO - Running: ['airflow', 'tasks', 'run', '***_v2_etl_dag', 'transform_task', 'manual__2025-02-23T18:22:14.744084+00:00', '--job-id', '36', '--raw', '--subdir', 'DAGS_FOLDER/***_v2_etl_dag.py', '--cfg-path', '/tmp/tmpcwmr0gsa']
[2025-02-23T18:22:29.731+0000] {standard_task_runner.py:105} INFO - Job 36: Subtask transform_task
[2025-02-23T18:22:29.832+0000] {logging_mixin.py:190} WARNING - /home/airflow/.local/lib/python3.9/site-packages/airflow/settings.py:209 DeprecationWarning: The sql_alchemy_conn option in [core] has been moved to the sql_alchemy_conn option in [database] - the old setting has been used, but please update your config.
[2025-02-23T18:22:30.038+0000] {task_command.py:467} INFO - Running <TaskInstance: finprode8_v2_etl_dag.transform_task manual__2025-02-23T18:22:14.744084+00:00 [running]> on host ***-airflow-scheduler
[2025-02-23T18:22:30.198+0000] {taskinstance.py:3134} INFO - Exporting env vars: AIRFLOW_CTX_DAG_OWNER='ratih malini' AIRFLOW_CTX_DAG_ID='***_v2_etl_dag' AIRFLOW_CTX_TASK_ID='transform_task' AIRFLOW_CTX_EXECUTION_DATE='2025-02-23T18:22:14.744084+00:00' AIRFLOW_CTX_TRY_NUMBER='1' AIRFLOW_CTX_DAG_RUN_ID='manual__2025-02-23T18:22:14.744084+00:00'
[2025-02-23T18:22:30.200+0000] {taskinstance.py:732} INFO - ::endgroup::
[2025-02-23T18:22:30.231+0000] {base.py:84} INFO - Retrieving connection 'spark_main'
[2025-02-23T18:22:30.234+0000] {spark_submit.py:474} INFO - Spark-Submit cmd: spark-submit --master spark://***-spark-master:7077 --name arrow-spark /spark-scripts/***_v2_transform.py
[2025-02-23T18:22:32.830+0000] {spark_submit.py:641} INFO - 25/02/23 18:22:32 INFO SparkContext: Running Spark version 3.3.2
[2025-02-23T18:22:32.885+0000] {spark_submit.py:641} INFO - 25/02/23 18:22:32 WARN NativeCodeLoader: Unable to load native-hadoop library for your platform... using builtin-java classes where applicable
[2025-02-23T18:22:32.978+0000] {spark_submit.py:641} INFO - 25/02/23 18:22:32 INFO ResourceUtils: ==============================================================
[2025-02-23T18:22:32.980+0000] {spark_submit.py:641} INFO - 25/02/23 18:22:32 INFO ResourceUtils: No custom resources configured for spark.driver.
[2025-02-23T18:22:32.982+0000] {spark_submit.py:641} INFO - 25/02/23 18:22:32 INFO ResourceUtils: ==============================================================
[2025-02-23T18:22:32.983+0000] {spark_submit.py:641} INFO - 25/02/23 18:22:32 INFO SparkContext: Submitted application: ***_transform
[2025-02-23T18:22:32.999+0000] {spark_submit.py:641} INFO - 25/02/23 18:22:32 INFO ResourceProfile: Default ResourceProfile created, executor resources: Map(cores -> name: cores, amount: 1, script: , vendor: , memory -> name: memory, amount: 1024, script: , vendor: , offHeap -> name: offHeap, amount: 0, script: , vendor: ), task resources: Map(cpus -> name: cpus, amount: 1.0)
[2025-02-23T18:22:33.011+0000] {spark_submit.py:641} INFO - 25/02/23 18:22:33 INFO ResourceProfile: Limiting resource is cpu
[2025-02-23T18:22:33.013+0000] {spark_submit.py:641} INFO - 25/02/23 18:22:33 INFO ResourceProfileManager: Added ResourceProfile id: 0
[2025-02-23T18:22:33.063+0000] {spark_submit.py:641} INFO - 25/02/23 18:22:33 INFO SecurityManager: Changing view acls to: airflow
[2025-02-23T18:22:33.065+0000] {spark_submit.py:641} INFO - 25/02/23 18:22:33 INFO SecurityManager: Changing modify acls to: airflow
[2025-02-23T18:22:33.067+0000] {spark_submit.py:641} INFO - 25/02/23 18:22:33 INFO SecurityManager: Changing view acls groups to:
[2025-02-23T18:22:33.069+0000] {spark_submit.py:641} INFO - 25/02/23 18:22:33 INFO SecurityManager: Changing modify acls groups to:
[2025-02-23T18:22:33.071+0000] {spark_submit.py:641} INFO - 25/02/23 18:22:33 INFO SecurityManager: SecurityManager: authentication disabled; ui acls disabled; users  with view permissions: Set(airflow); groups with view permissions: Set(); users  with modify permissions: Set(airflow); groups with modify permissions: Set()
[2025-02-23T18:22:33.289+0000] {spark_submit.py:641} INFO - 25/02/23 18:22:33 INFO Utils: Successfully started service 'sparkDriver' on port 45307.
[2025-02-23T18:22:33.313+0000] {spark_submit.py:641} INFO - 25/02/23 18:22:33 INFO SparkEnv: Registering MapOutputTracker
[2025-02-23T18:22:33.345+0000] {spark_submit.py:641} INFO - 25/02/23 18:22:33 INFO SparkEnv: Registering BlockManagerMaster
[2025-02-23T18:22:33.363+0000] {spark_submit.py:641} INFO - 25/02/23 18:22:33 INFO BlockManagerMasterEndpoint: Using org.apache.spark.storage.DefaultTopologyMapper for getting topology information
[2025-02-23T18:22:33.365+0000] {spark_submit.py:641} INFO - 25/02/23 18:22:33 INFO BlockManagerMasterEndpoint: BlockManagerMasterEndpoint up
[2025-02-23T18:22:33.369+0000] {spark_submit.py:641} INFO - 25/02/23 18:22:33 INFO SparkEnv: Registering BlockManagerMasterHeartbeat
[2025-02-23T18:22:33.388+0000] {spark_submit.py:641} INFO - 25/02/23 18:22:33 INFO DiskBlockManager: Created local directory at /tmp/blockmgr-4afa61f8-b1a1-4d5c-ada6-11a47bf0ab86
[2025-02-23T18:22:33.405+0000] {spark_submit.py:641} INFO - 25/02/23 18:22:33 INFO MemoryStore: MemoryStore started with capacity 434.4 MiB
[2025-02-23T18:22:33.424+0000] {spark_submit.py:641} INFO - 25/02/23 18:22:33 INFO SparkEnv: Registering OutputCommitCoordinator
[2025-02-23T18:22:33.727+0000] {spark_submit.py:641} INFO - 25/02/23 18:22:33 INFO Utils: Successfully started service 'SparkUI' on port 4040.
[2025-02-23T18:22:33.864+0000] {spark_submit.py:641} INFO - 25/02/23 18:22:33 INFO Executor: Starting executor ID driver on host ***-airflow-scheduler
[2025-02-23T18:22:33.876+0000] {spark_submit.py:641} INFO - 25/02/23 18:22:33 INFO Executor: Starting executor with user classpath (userClassPathFirst = false): ''
[2025-02-23T18:22:33.903+0000] {spark_submit.py:641} INFO - 25/02/23 18:22:33 INFO Utils: Successfully started service 'org.apache.spark.network.netty.NettyBlockTransferService' on port 33925.
[2025-02-23T18:22:33.905+0000] {spark_submit.py:641} INFO - 25/02/23 18:22:33 INFO NettyBlockTransferService: Server created on ***-airflow-scheduler:33925
[2025-02-23T18:22:33.906+0000] {spark_submit.py:641} INFO - 25/02/23 18:22:33 INFO BlockManager: Using org.apache.spark.storage.RandomBlockReplicationPolicy for block replication policy
[2025-02-23T18:22:33.913+0000] {spark_submit.py:641} INFO - 25/02/23 18:22:33 INFO BlockManagerMaster: Registering BlockManager BlockManagerId(driver, ***-airflow-scheduler, 33925, None)
[2025-02-23T18:22:33.917+0000] {spark_submit.py:641} INFO - 25/02/23 18:22:33 INFO BlockManagerMasterEndpoint: Registering block manager ***-airflow-scheduler:33925 with 434.4 MiB RAM, BlockManagerId(driver, ***-airflow-scheduler, 33925, None)
[2025-02-23T18:22:33.919+0000] {spark_submit.py:641} INFO - 25/02/23 18:22:33 INFO BlockManagerMaster: Registered BlockManager BlockManagerId(driver, ***-airflow-scheduler, 33925, None)
[2025-02-23T18:22:33.921+0000] {spark_submit.py:641} INFO - 25/02/23 18:22:33 INFO BlockManager: Initialized BlockManager: BlockManagerId(driver, ***-airflow-scheduler, 33925, None)
[2025-02-23T18:22:43.136+0000] {spark_submit.py:641} INFO - Jumlah baris dalam DataFrame : 17415
[2025-02-23T18:22:43.138+0000] {spark_submit.py:641} INFO - Isi folder data/transformed.parquet :
[2025-02-23T18:22:43.139+0000] {spark_submit.py:641} INFO - ['_SUCCESS', 'part-00000-372fcf13-a5ea-42c2-8c99-7d354d4ac70f-c000.snappy.parquet', '.part-00000-372fcf13-a5ea-42c2-8c99-7d354d4ac70f-c000.snappy.parquet.crc', '._SUCCESS.crc']
[2025-02-23T18:22:43.140+0000] {spark_submit.py:641} INFO - Transform data berhasil.
[2025-02-23T18:22:43.769+0000] {taskinstance.py:341} INFO - ::group::Post task execution logs
[2025-02-23T18:22:43.770+0000] {taskinstance.py:353} INFO - Marking task as SUCCESS. dag_id=***_v2_etl_dag, task_id=transform_task, run_id=manual__2025-02-23T18:22:14.744084+00:00, execution_date=20250223T182214, start_date=20250223T182229, end_date=20250223T182243
[2025-02-23T18:22:43.843+0000] {local_task_job_runner.py:266} INFO - Task exited with return code 0
[2025-02-23T18:22:43.880+0000] {taskinstance.py:3901} INFO - 1 downstream tasks scheduled from follow-on schedule check
[2025-02-23T18:22:43.887+0000] {local_task_job_runner.py:245} INFO - ::endgroup::
