[2025-02-21T09:50:56.714+0000] {local_task_job_runner.py:123} INFO - ::group::Pre task execution logs
[2025-02-21T09:50:56.747+0000] {taskinstance.py:2614} INFO - Dependencies all met for dep_context=non-requeueable deps ti=<TaskInstance: finprode8_v2_etl_dag.extract_task manual__2025-02-21T09:21:09.662952+00:00 [queued]>
[2025-02-21T09:50:56.764+0000] {taskinstance.py:2614} INFO - Dependencies all met for dep_context=requeueable deps ti=<TaskInstance: finprode8_v2_etl_dag.extract_task manual__2025-02-21T09:21:09.662952+00:00 [queued]>
[2025-02-21T09:50:56.766+0000] {taskinstance.py:2867} INFO - Starting attempt 14 of 14
[2025-02-21T09:50:56.789+0000] {taskinstance.py:2890} INFO - Executing <Task(SparkSubmitOperator): extract_task> on 2025-02-21 09:21:09.662952+00:00
[2025-02-21T09:50:56.796+0000] {standard_task_runner.py:72} INFO - Started process 8324 to run task
[2025-02-21T09:50:56.800+0000] {standard_task_runner.py:104} INFO - Running: ['airflow', 'tasks', 'run', '***_v2_etl_dag', 'extract_task', 'manual__2025-02-21T09:21:09.662952+00:00', '--job-id', '157', '--raw', '--subdir', 'DAGS_FOLDER/***_v2_etl_dag.py', '--cfg-path', '/tmp/tmps684kkaw']
[2025-02-21T09:50:56.808+0000] {standard_task_runner.py:105} INFO - Job 157: Subtask extract_task
[2025-02-21T09:50:56.829+0000] {logging_mixin.py:190} WARNING - /home/airflow/.local/lib/python3.9/site-packages/airflow/settings.py:209 DeprecationWarning: The sql_alchemy_conn option in [core] has been moved to the sql_alchemy_conn option in [database] - the old setting has been used, but please update your config.
[2025-02-21T09:50:56.872+0000] {task_command.py:467} INFO - Running <TaskInstance: finprode8_v2_etl_dag.extract_task manual__2025-02-21T09:21:09.662952+00:00 [running]> on host ***-airflow-scheduler
[2025-02-21T09:50:56.970+0000] {taskinstance.py:3134} INFO - Exporting env vars: AIRFLOW_CTX_DAG_OWNER='ratih malini' AIRFLOW_CTX_DAG_ID='***_v2_etl_dag' AIRFLOW_CTX_TASK_ID='extract_task' AIRFLOW_CTX_EXECUTION_DATE='2025-02-21T09:21:09.662952+00:00' AIRFLOW_CTX_TRY_NUMBER='14' AIRFLOW_CTX_DAG_RUN_ID='manual__2025-02-21T09:21:09.662952+00:00'
[2025-02-21T09:50:56.972+0000] {taskinstance.py:732} INFO - ::endgroup::
[2025-02-21T09:50:57.003+0000] {base.py:84} INFO - Retrieving connection 'spark_main'
[2025-02-21T09:50:57.006+0000] {spark_submit.py:474} INFO - Spark-Submit cmd: spark-submit --master spark://***-spark-master:7077 --name arrow-spark /spark-scripts/***_v2_extract.py
[2025-02-21T09:50:59.673+0000] {spark_submit.py:641} INFO - 25/02/21 09:50:59 INFO SparkContext: Running Spark version 3.3.2
[2025-02-21T09:50:59.729+0000] {spark_submit.py:641} INFO - 25/02/21 09:50:59 WARN NativeCodeLoader: Unable to load native-hadoop library for your platform... using builtin-java classes where applicable
[2025-02-21T09:50:59.812+0000] {spark_submit.py:641} INFO - 25/02/21 09:50:59 INFO ResourceUtils: ==============================================================
[2025-02-21T09:50:59.814+0000] {spark_submit.py:641} INFO - 25/02/21 09:50:59 INFO ResourceUtils: No custom resources configured for spark.driver.
[2025-02-21T09:50:59.816+0000] {spark_submit.py:641} INFO - 25/02/21 09:50:59 INFO ResourceUtils: ==============================================================
[2025-02-21T09:50:59.818+0000] {spark_submit.py:641} INFO - 25/02/21 09:50:59 INFO SparkContext: Submitted application: ***_extract
[2025-02-21T09:50:59.835+0000] {spark_submit.py:641} INFO - 25/02/21 09:50:59 INFO ResourceProfile: Default ResourceProfile created, executor resources: Map(cores -> name: cores, amount: 1, script: , vendor: , memory -> name: memory, amount: 1024, script: , vendor: , offHeap -> name: offHeap, amount: 0, script: , vendor: ), task resources: Map(cpus -> name: cpus, amount: 1.0)
[2025-02-21T09:50:59.846+0000] {spark_submit.py:641} INFO - 25/02/21 09:50:59 INFO ResourceProfile: Limiting resource is cpu
[2025-02-21T09:50:59.848+0000] {spark_submit.py:641} INFO - 25/02/21 09:50:59 INFO ResourceProfileManager: Added ResourceProfile id: 0
[2025-02-21T09:50:59.897+0000] {spark_submit.py:641} INFO - 25/02/21 09:50:59 INFO SecurityManager: Changing view acls to: airflow
[2025-02-21T09:50:59.899+0000] {spark_submit.py:641} INFO - 25/02/21 09:50:59 INFO SecurityManager: Changing modify acls to: airflow
[2025-02-21T09:50:59.900+0000] {spark_submit.py:641} INFO - 25/02/21 09:50:59 INFO SecurityManager: Changing view acls groups to:
[2025-02-21T09:50:59.903+0000] {spark_submit.py:641} INFO - 25/02/21 09:50:59 INFO SecurityManager: Changing modify acls groups to:
[2025-02-21T09:50:59.904+0000] {spark_submit.py:641} INFO - 25/02/21 09:50:59 INFO SecurityManager: SecurityManager: authentication disabled; ui acls disabled; users  with view permissions: Set(airflow); groups with view permissions: Set(); users  with modify permissions: Set(airflow); groups with modify permissions: Set()
[2025-02-21T09:51:00.116+0000] {spark_submit.py:641} INFO - 25/02/21 09:51:00 INFO Utils: Successfully started service 'sparkDriver' on port 43105.
[2025-02-21T09:51:00.140+0000] {spark_submit.py:641} INFO - 25/02/21 09:51:00 INFO SparkEnv: Registering MapOutputTracker
[2025-02-21T09:51:00.171+0000] {spark_submit.py:641} INFO - 25/02/21 09:51:00 INFO SparkEnv: Registering BlockManagerMaster
[2025-02-21T09:51:00.187+0000] {spark_submit.py:641} INFO - 25/02/21 09:51:00 INFO BlockManagerMasterEndpoint: Using org.apache.spark.storage.DefaultTopologyMapper for getting topology information
[2025-02-21T09:51:00.189+0000] {spark_submit.py:641} INFO - 25/02/21 09:51:00 INFO BlockManagerMasterEndpoint: BlockManagerMasterEndpoint up
[2025-02-21T09:51:00.193+0000] {spark_submit.py:641} INFO - 25/02/21 09:51:00 INFO SparkEnv: Registering BlockManagerMasterHeartbeat
[2025-02-21T09:51:00.210+0000] {spark_submit.py:641} INFO - 25/02/21 09:51:00 INFO DiskBlockManager: Created local directory at /tmp/blockmgr-c110eeae-a2b0-46f4-bc00-267970bf160b
[2025-02-21T09:51:00.227+0000] {spark_submit.py:641} INFO - 25/02/21 09:51:00 INFO MemoryStore: MemoryStore started with capacity 434.4 MiB
[2025-02-21T09:51:00.242+0000] {spark_submit.py:641} INFO - 25/02/21 09:51:00 INFO SparkEnv: Registering OutputCommitCoordinator
[2025-02-21T09:51:00.415+0000] {spark_submit.py:641} INFO - 25/02/21 09:51:00 INFO Utils: Successfully started service 'SparkUI' on port 4040.
[2025-02-21T09:51:00.471+0000] {spark_submit.py:641} INFO - 25/02/21 09:51:00 INFO SparkContext: Added JAR /spark-scripts/jars/postgresql-42.2.18.jar at spark://***-airflow-scheduler:43105/jars/postgresql-42.2.18.jar with timestamp 1740131459666
[2025-02-21T09:51:00.537+0000] {spark_submit.py:641} INFO - 25/02/21 09:51:00 INFO Executor: Starting executor ID driver on host ***-airflow-scheduler
[2025-02-21T09:51:00.550+0000] {spark_submit.py:641} INFO - 25/02/21 09:51:00 INFO Executor: Starting executor with user classpath (userClassPathFirst = false): ''
[2025-02-21T09:51:00.563+0000] {spark_submit.py:641} INFO - 25/02/21 09:51:00 INFO Executor: Fetching spark://***-airflow-scheduler:43105/jars/postgresql-42.2.18.jar with timestamp 1740131459666
[2025-02-21T09:51:00.613+0000] {spark_submit.py:641} INFO - 25/02/21 09:51:00 INFO TransportClientFactory: Successfully created connection to ***-airflow-scheduler/172.19.0.6:43105 after 27 ms (0 ms spent in bootstraps)
[2025-02-21T09:51:00.618+0000] {spark_submit.py:641} INFO - 25/02/21 09:51:00 INFO Utils: Fetching spark://***-airflow-scheduler:43105/jars/postgresql-42.2.18.jar to /tmp/spark-8ad2f34a-1908-4174-aa86-dd8250485bb6/userFiles-db9790ee-3ec0-4d78-ad6d-f26d88bad1e0/fetchFileTemp6972738128148646331.tmp
[2025-02-21T09:51:00.691+0000] {spark_submit.py:641} INFO - 25/02/21 09:51:00 INFO Executor: Adding file:/tmp/spark-8ad2f34a-1908-4174-aa86-dd8250485bb6/userFiles-db9790ee-3ec0-4d78-ad6d-f26d88bad1e0/postgresql-42.2.18.jar to class loader
[2025-02-21T09:51:00.698+0000] {spark_submit.py:641} INFO - 25/02/21 09:51:00 INFO Utils: Successfully started service 'org.apache.spark.network.netty.NettyBlockTransferService' on port 42001.
[2025-02-21T09:51:00.700+0000] {spark_submit.py:641} INFO - 25/02/21 09:51:00 INFO NettyBlockTransferService: Server created on ***-airflow-scheduler:42001
[2025-02-21T09:51:00.701+0000] {spark_submit.py:641} INFO - 25/02/21 09:51:00 INFO BlockManager: Using org.apache.spark.storage.RandomBlockReplicationPolicy for block replication policy
[2025-02-21T09:51:00.709+0000] {spark_submit.py:641} INFO - 25/02/21 09:51:00 INFO BlockManagerMaster: Registering BlockManager BlockManagerId(driver, ***-airflow-scheduler, 42001, None)
[2025-02-21T09:51:00.713+0000] {spark_submit.py:641} INFO - 25/02/21 09:51:00 INFO BlockManagerMasterEndpoint: Registering block manager ***-airflow-scheduler:42001 with 434.4 MiB RAM, BlockManagerId(driver, ***-airflow-scheduler, 42001, None)
[2025-02-21T09:51:00.716+0000] {spark_submit.py:641} INFO - 25/02/21 09:51:00 INFO BlockManagerMaster: Registered BlockManager BlockManagerId(driver, ***-airflow-scheduler, 42001, None)
[2025-02-21T09:51:00.717+0000] {spark_submit.py:641} INFO - 25/02/21 09:51:00 INFO BlockManager: Initialized BlockManager: BlockManagerId(driver, ***-airflow-scheduler, 42001, None)
[2025-02-21T09:51:07.261+0000] {spark_submit.py:641} INFO - ---------------- MENAMPILKAN DATA HASIL EXTRACT ----------------
[2025-02-21T09:51:07.521+0000] {spark_submit.py:641} INFO - +-----------+-----------------+---------+---------+------+-------------------+---------------+---+--------------------+-----------------+---------------------+----------+------------------+
[2025-02-21T09:51:07.522+0000] {spark_submit.py:641} INFO - |employee_id|       department|   region|education|gender|recruitment_channel|no_of_trainings|age|previous_year_rating|length_of_service|KPIs_met_more_than_80|awards_won|avg_training_score|
[2025-02-21T09:51:07.524+0000] {spark_submit.py:641} INFO - +-----------+-----------------+---------+---------+------+-------------------+---------------+---+--------------------+-----------------+---------------------+----------+------------------+
[2025-02-21T09:51:07.525+0000] {spark_submit.py:641} INFO - |       8724|       Technology|region_26|Bachelors|     m|           sourcing|              1| 24|                null|                1|                    1|         0|                77|
[2025-02-21T09:51:07.527+0000] {spark_submit.py:641} INFO - |      74430|               HR| region_4|Bachelors|     f|              other|              1| 31|                   3|                5|                    0|         0|                51|
[2025-02-21T09:51:07.542+0000] {spark_submit.py:641} INFO - |      72255|Sales & Marketing|region_13|Bachelors|     m|              other|              1| 31|                   1|                4|                    0|         0|                47|
[2025-02-21T09:51:07.544+0000] {spark_submit.py:641} INFO - |      38562|      Procurement| region_2|Bachelors|     f|              other|              3| 31|                   2|                9|                    0|         0|                65|
[2025-02-21T09:51:07.546+0000] {spark_submit.py:641} INFO - |      64486|          Finance|region_29|Bachelors|     m|           sourcing|              1| 30|                   4|                7|                    0|         0|                61|
[2025-02-21T09:51:07.547+0000] {spark_submit.py:641} INFO - +-----------+-----------------+---------+---------+------+-------------------+---------------+---+--------------------+-----------------+---------------------+----------+------------------+
[2025-02-21T09:51:07.548+0000] {spark_submit.py:641} INFO - only showing top 5 rows
[2025-02-21T09:51:07.549+0000] {spark_submit.py:641} INFO - 
[2025-02-21T09:51:07.550+0000] {spark_submit.py:641} INFO - root
[2025-02-21T09:51:07.551+0000] {spark_submit.py:641} INFO - |-- employee_id: integer (nullable = true)
[2025-02-21T09:51:07.552+0000] {spark_submit.py:641} INFO - |-- department: string (nullable = true)
[2025-02-21T09:51:07.553+0000] {spark_submit.py:641} INFO - |-- region: string (nullable = true)
[2025-02-21T09:51:07.554+0000] {spark_submit.py:641} INFO - |-- education: string (nullable = true)
[2025-02-21T09:51:07.555+0000] {spark_submit.py:641} INFO - |-- gender: string (nullable = true)
[2025-02-21T09:51:07.555+0000] {spark_submit.py:641} INFO - |-- recruitment_channel: string (nullable = true)
[2025-02-21T09:51:07.557+0000] {spark_submit.py:641} INFO - |-- no_of_trainings: integer (nullable = true)
[2025-02-21T09:51:07.558+0000] {spark_submit.py:641} INFO - |-- age: integer (nullable = true)
[2025-02-21T09:51:07.560+0000] {spark_submit.py:641} INFO - |-- previous_year_rating: integer (nullable = true)
[2025-02-21T09:51:07.561+0000] {spark_submit.py:641} INFO - |-- length_of_service: integer (nullable = true)
[2025-02-21T09:51:07.562+0000] {spark_submit.py:641} INFO - |-- KPIs_met_more_than_80: integer (nullable = true)
[2025-02-21T09:51:07.563+0000] {spark_submit.py:641} INFO - |-- awards_won: integer (nullable = true)
[2025-02-21T09:51:07.564+0000] {spark_submit.py:641} INFO - |-- avg_training_score: integer (nullable = true)
[2025-02-21T09:51:07.565+0000] {spark_submit.py:641} INFO - 
[2025-02-21T09:51:08.073+0000] {spark_submit.py:641} INFO - Jumlah baris dalam DataFrame : 17417
[2025-02-21T09:51:08.074+0000] {spark_submit.py:641} INFO - Isi folder data/extracted.parquet :
[2025-02-21T09:51:08.076+0000] {spark_submit.py:641} INFO - ['part-00000-0e9e72bb-2ec3-4051-90bb-8c644d832c35-c000.snappy.parquet', '_SUCCESS', '.part-00000-0e9e72bb-2ec3-4051-90bb-8c644d832c35-c000.snappy.parquet.crc', '._SUCCESS.crc']
[2025-02-21T09:51:08.077+0000] {spark_submit.py:641} INFO - Extract data berhasil.
[2025-02-21T09:51:08.590+0000] {taskinstance.py:341} INFO - ::group::Post task execution logs
[2025-02-21T09:51:08.593+0000] {taskinstance.py:353} INFO - Marking task as SUCCESS. dag_id=***_v2_etl_dag, task_id=extract_task, run_id=manual__2025-02-21T09:21:09.662952+00:00, execution_date=20250221T092109, start_date=20250221T095056, end_date=20250221T095108
[2025-02-21T09:51:08.642+0000] {local_task_job_runner.py:266} INFO - Task exited with return code 0
[2025-02-21T09:51:08.673+0000] {taskinstance.py:3901} INFO - 1 downstream tasks scheduled from follow-on schedule check
[2025-02-21T09:51:08.678+0000] {local_task_job_runner.py:245} INFO - ::endgroup::
