[2025-02-21T09:30:05.317+0000] {local_task_job_runner.py:123} INFO - ::group::Pre task execution logs
[2025-02-21T09:30:05.344+0000] {taskinstance.py:2614} INFO - Dependencies all met for dep_context=non-requeueable deps ti=<TaskInstance: finprode8_v2_etl_dag.extract_task manual__2025-02-21T09:21:09.662952+00:00 [queued]>
[2025-02-21T09:30:05.360+0000] {taskinstance.py:2614} INFO - Dependencies all met for dep_context=requeueable deps ti=<TaskInstance: finprode8_v2_etl_dag.extract_task manual__2025-02-21T09:21:09.662952+00:00 [queued]>
[2025-02-21T09:30:05.362+0000] {taskinstance.py:2867} INFO - Starting attempt 3 of 3
[2025-02-21T09:30:05.380+0000] {taskinstance.py:2890} INFO - Executing <Task(SparkSubmitOperator): extract_task> on 2025-02-21 09:21:09.662952+00:00
[2025-02-21T09:30:05.385+0000] {standard_task_runner.py:72} INFO - Started process 1743 to run task
[2025-02-21T09:30:05.391+0000] {standard_task_runner.py:104} INFO - Running: ['airflow', 'tasks', 'run', '***_v2_etl_dag', 'extract_task', 'manual__2025-02-21T09:21:09.662952+00:00', '--job-id', '127', '--raw', '--subdir', 'DAGS_FOLDER/***_v2_etl_dag.py', '--cfg-path', '/tmp/tmpb1f96ueq']
[2025-02-21T09:30:05.400+0000] {standard_task_runner.py:105} INFO - Job 127: Subtask extract_task
[2025-02-21T09:30:05.424+0000] {logging_mixin.py:190} WARNING - /home/airflow/.local/lib/python3.9/site-packages/airflow/settings.py:209 DeprecationWarning: The sql_alchemy_conn option in [core] has been moved to the sql_alchemy_conn option in [database] - the old setting has been used, but please update your config.
[2025-02-21T09:30:05.471+0000] {task_command.py:467} INFO - Running <TaskInstance: finprode8_v2_etl_dag.extract_task manual__2025-02-21T09:21:09.662952+00:00 [running]> on host ***-airflow-scheduler
[2025-02-21T09:30:05.565+0000] {taskinstance.py:3134} INFO - Exporting env vars: AIRFLOW_CTX_DAG_OWNER='ratih malini' AIRFLOW_CTX_DAG_ID='***_v2_etl_dag' AIRFLOW_CTX_TASK_ID='extract_task' AIRFLOW_CTX_EXECUTION_DATE='2025-02-21T09:21:09.662952+00:00' AIRFLOW_CTX_TRY_NUMBER='3' AIRFLOW_CTX_DAG_RUN_ID='manual__2025-02-21T09:21:09.662952+00:00'
[2025-02-21T09:30:05.567+0000] {taskinstance.py:732} INFO - ::endgroup::
[2025-02-21T09:30:05.597+0000] {base.py:84} INFO - Retrieving connection 'spark_main'
[2025-02-21T09:30:05.600+0000] {spark_submit.py:474} INFO - Spark-Submit cmd: spark-submit --master spark://***-spark-master:7077 --packages org.postgresql:postgresql:42.2.18 --name arrow-spark /spark-scripts/***_v2_extract.py
[2025-02-21T09:30:06.943+0000] {spark_submit.py:641} INFO - :: loading settings :: url = jar:file:/home/airflow/.local/lib/python3.9/site-packages/pyspark/jars/ivy-2.5.1.jar!/org/apache/ivy/core/settings/ivysettings.xml
[2025-02-21T09:30:07.031+0000] {spark_submit.py:641} INFO - Ivy Default Cache set to: /home/airflow/.ivy2/cache
[2025-02-21T09:30:07.033+0000] {spark_submit.py:641} INFO - The jars for the packages stored in: /home/airflow/.ivy2/jars
[2025-02-21T09:30:07.037+0000] {spark_submit.py:641} INFO - org.postgresql#postgresql added as a dependency
[2025-02-21T09:30:07.039+0000] {spark_submit.py:641} INFO - :: resolving dependencies :: org.apache.spark#spark-submit-parent-8b9e5461-06cb-4951-8a73-6699c5b99b6d;1.0
[2025-02-21T09:30:07.040+0000] {spark_submit.py:641} INFO - confs: [default]
[2025-02-21T09:30:07.177+0000] {spark_submit.py:641} INFO - found org.postgresql#postgresql;42.2.18 in central
[2025-02-21T09:30:07.204+0000] {spark_submit.py:641} INFO - found org.checkerframework#checker-qual;3.5.0 in central
[2025-02-21T09:30:07.219+0000] {spark_submit.py:641} INFO - :: resolution report :: resolve 176ms :: artifacts dl 5ms
[2025-02-21T09:30:07.221+0000] {spark_submit.py:641} INFO - :: modules in use:
[2025-02-21T09:30:07.222+0000] {spark_submit.py:641} INFO - org.checkerframework#checker-qual;3.5.0 from central in [default]
[2025-02-21T09:30:07.223+0000] {spark_submit.py:641} INFO - org.postgresql#postgresql;42.2.18 from central in [default]
[2025-02-21T09:30:07.224+0000] {spark_submit.py:641} INFO - ---------------------------------------------------------------------
[2025-02-21T09:30:07.226+0000] {spark_submit.py:641} INFO - |                  |            modules            ||   artifacts   |
[2025-02-21T09:30:07.228+0000] {spark_submit.py:641} INFO - |       conf       | number| search|dwnlded|evicted|| number|dwnlded|
[2025-02-21T09:30:07.229+0000] {spark_submit.py:641} INFO - ---------------------------------------------------------------------
[2025-02-21T09:30:07.230+0000] {spark_submit.py:641} INFO - |      default     |   2   |   0   |   0   |   0   ||   2   |   0   |
[2025-02-21T09:30:07.231+0000] {spark_submit.py:641} INFO - ---------------------------------------------------------------------
[2025-02-21T09:30:07.232+0000] {spark_submit.py:641} INFO - :: retrieving :: org.apache.spark#spark-submit-parent-8b9e5461-06cb-4951-8a73-6699c5b99b6d
[2025-02-21T09:30:07.233+0000] {spark_submit.py:641} INFO - confs: [default]
[2025-02-21T09:30:07.234+0000] {spark_submit.py:641} INFO - 0 artifacts copied, 2 already retrieved (0kB/6ms)
[2025-02-21T09:30:07.448+0000] {spark_submit.py:641} INFO - 25/02/21 09:30:07 WARN NativeCodeLoader: Unable to load native-hadoop library for your platform... using builtin-java classes where applicable
[2025-02-21T09:30:08.630+0000] {spark_submit.py:641} INFO - 25/02/21 09:30:08 INFO SparkContext: Running Spark version 3.3.2
[2025-02-21T09:30:08.654+0000] {spark_submit.py:641} INFO - 25/02/21 09:30:08 INFO ResourceUtils: ==============================================================
[2025-02-21T09:30:08.658+0000] {spark_submit.py:641} INFO - 25/02/21 09:30:08 INFO ResourceUtils: No custom resources configured for spark.driver.
[2025-02-21T09:30:08.660+0000] {spark_submit.py:641} INFO - 25/02/21 09:30:08 INFO ResourceUtils: ==============================================================
[2025-02-21T09:30:08.661+0000] {spark_submit.py:641} INFO - 25/02/21 09:30:08 INFO SparkContext: Submitted application: ***_extract
[2025-02-21T09:30:08.679+0000] {spark_submit.py:641} INFO - 25/02/21 09:30:08 INFO ResourceProfile: Default ResourceProfile created, executor resources: Map(cores -> name: cores, amount: 1, script: , vendor: , memory -> name: memory, amount: 1024, script: , vendor: , offHeap -> name: offHeap, amount: 0, script: , vendor: ), task resources: Map(cpus -> name: cpus, amount: 1.0)
[2025-02-21T09:30:08.691+0000] {spark_submit.py:641} INFO - 25/02/21 09:30:08 INFO ResourceProfile: Limiting resource is cpu
[2025-02-21T09:30:08.693+0000] {spark_submit.py:641} INFO - 25/02/21 09:30:08 INFO ResourceProfileManager: Added ResourceProfile id: 0
[2025-02-21T09:30:08.737+0000] {spark_submit.py:641} INFO - 25/02/21 09:30:08 INFO SecurityManager: Changing view acls to: airflow
[2025-02-21T09:30:08.739+0000] {spark_submit.py:641} INFO - 25/02/21 09:30:08 INFO SecurityManager: Changing modify acls to: airflow
[2025-02-21T09:30:08.740+0000] {spark_submit.py:641} INFO - 25/02/21 09:30:08 INFO SecurityManager: Changing view acls groups to:
[2025-02-21T09:30:08.741+0000] {spark_submit.py:641} INFO - 25/02/21 09:30:08 INFO SecurityManager: Changing modify acls groups to:
[2025-02-21T09:30:08.742+0000] {spark_submit.py:641} INFO - 25/02/21 09:30:08 INFO SecurityManager: SecurityManager: authentication disabled; ui acls disabled; users  with view permissions: Set(airflow); groups with view permissions: Set(); users  with modify permissions: Set(airflow); groups with modify permissions: Set()
[2025-02-21T09:30:09.119+0000] {spark_submit.py:641} INFO - 25/02/21 09:30:09 INFO Utils: Successfully started service 'sparkDriver' on port 41935.
[2025-02-21T09:30:09.162+0000] {spark_submit.py:641} INFO - 25/02/21 09:30:09 INFO SparkEnv: Registering MapOutputTracker
[2025-02-21T09:30:09.212+0000] {spark_submit.py:641} INFO - 25/02/21 09:30:09 INFO SparkEnv: Registering BlockManagerMaster
[2025-02-21T09:30:09.240+0000] {spark_submit.py:641} INFO - 25/02/21 09:30:09 INFO BlockManagerMasterEndpoint: Using org.apache.spark.storage.DefaultTopologyMapper for getting topology information
[2025-02-21T09:30:09.243+0000] {spark_submit.py:641} INFO - 25/02/21 09:30:09 INFO BlockManagerMasterEndpoint: BlockManagerMasterEndpoint up
[2025-02-21T09:30:09.250+0000] {spark_submit.py:641} INFO - 25/02/21 09:30:09 INFO SparkEnv: Registering BlockManagerMasterHeartbeat
[2025-02-21T09:30:09.275+0000] {spark_submit.py:641} INFO - 25/02/21 09:30:09 INFO DiskBlockManager: Created local directory at /tmp/blockmgr-5dd538cb-d24a-4a98-9846-ee6843d97f97
[2025-02-21T09:30:09.294+0000] {spark_submit.py:641} INFO - 25/02/21 09:30:09 INFO MemoryStore: MemoryStore started with capacity 434.4 MiB
[2025-02-21T09:30:09.311+0000] {spark_submit.py:641} INFO - 25/02/21 09:30:09 INFO SparkEnv: Registering OutputCommitCoordinator
[2025-02-21T09:30:09.504+0000] {spark_submit.py:641} INFO - 25/02/21 09:30:09 INFO Utils: Successfully started service 'SparkUI' on port 4040.
[2025-02-21T09:30:09.561+0000] {spark_submit.py:641} INFO - 25/02/21 09:30:09 INFO SparkContext: Added JAR /spark-scripts/jars/postgresql-42.2.18.jar at spark://***-airflow-scheduler:41935/jars/postgresql-42.2.18.jar with timestamp 1740130208620
[2025-02-21T09:30:09.563+0000] {spark_submit.py:641} INFO - 25/02/21 09:30:09 INFO SparkContext: Added file file:///home/airflow/.ivy2/jars/org.postgresql_postgresql-42.2.18.jar at file:///home/airflow/.ivy2/jars/org.postgresql_postgresql-42.2.18.jar with timestamp 1740130208620
[2025-02-21T09:30:09.565+0000] {spark_submit.py:641} INFO - 25/02/21 09:30:09 INFO Utils: Copying /home/airflow/.ivy2/jars/org.postgresql_postgresql-42.2.18.jar to /tmp/spark-2fb84f90-5efc-4e60-92ca-d579e7948fdc/userFiles-127be059-ebf8-4894-91ac-971c54bc837c/org.postgresql_postgresql-42.2.18.jar
[2025-02-21T09:30:09.578+0000] {spark_submit.py:641} INFO - 25/02/21 09:30:09 INFO SparkContext: Added file file:///home/airflow/.ivy2/jars/org.checkerframework_checker-qual-3.5.0.jar at file:///home/airflow/.ivy2/jars/org.checkerframework_checker-qual-3.5.0.jar with timestamp 1740130208620
[2025-02-21T09:30:09.580+0000] {spark_submit.py:641} INFO - 25/02/21 09:30:09 INFO Utils: Copying /home/airflow/.ivy2/jars/org.checkerframework_checker-qual-3.5.0.jar to /tmp/spark-2fb84f90-5efc-4e60-92ca-d579e7948fdc/userFiles-127be059-ebf8-4894-91ac-971c54bc837c/org.checkerframework_checker-qual-3.5.0.jar
[2025-02-21T09:30:09.717+0000] {spark_submit.py:641} INFO - 25/02/21 09:30:09 INFO Executor: Starting executor ID driver on host ***-airflow-scheduler
[2025-02-21T09:30:09.728+0000] {spark_submit.py:641} INFO - 25/02/21 09:30:09 INFO Executor: Starting executor with user classpath (userClassPathFirst = false): ''
[2025-02-21T09:30:09.743+0000] {spark_submit.py:641} INFO - 25/02/21 09:30:09 INFO Executor: Fetching file:///home/airflow/.ivy2/jars/org.postgresql_postgresql-42.2.18.jar with timestamp 1740130208620
[2025-02-21T09:30:09.777+0000] {spark_submit.py:641} INFO - 25/02/21 09:30:09 INFO Utils: /home/airflow/.ivy2/jars/org.postgresql_postgresql-42.2.18.jar has been previously copied to /tmp/spark-2fb84f90-5efc-4e60-92ca-d579e7948fdc/userFiles-127be059-ebf8-4894-91ac-971c54bc837c/org.postgresql_postgresql-42.2.18.jar
[2025-02-21T09:30:09.787+0000] {spark_submit.py:641} INFO - 25/02/21 09:30:09 INFO Executor: Fetching file:///home/airflow/.ivy2/jars/org.checkerframework_checker-qual-3.5.0.jar with timestamp 1740130208620
[2025-02-21T09:30:09.789+0000] {spark_submit.py:641} INFO - 25/02/21 09:30:09 INFO Utils: /home/airflow/.ivy2/jars/org.checkerframework_checker-qual-3.5.0.jar has been previously copied to /tmp/spark-2fb84f90-5efc-4e60-92ca-d579e7948fdc/userFiles-127be059-ebf8-4894-91ac-971c54bc837c/org.checkerframework_checker-qual-3.5.0.jar
[2025-02-21T09:30:09.799+0000] {spark_submit.py:641} INFO - 25/02/21 09:30:09 INFO Executor: Fetching spark://***-airflow-scheduler:41935/jars/postgresql-42.2.18.jar with timestamp 1740130208620
[2025-02-21T09:30:09.847+0000] {spark_submit.py:641} INFO - 25/02/21 09:30:09 INFO TransportClientFactory: Successfully created connection to ***-airflow-scheduler/172.19.0.6:41935 after 33 ms (0 ms spent in bootstraps)
[2025-02-21T09:30:09.854+0000] {spark_submit.py:641} INFO - 25/02/21 09:30:09 INFO Utils: Fetching spark://***-airflow-scheduler:41935/jars/postgresql-42.2.18.jar to /tmp/spark-2fb84f90-5efc-4e60-92ca-d579e7948fdc/userFiles-127be059-ebf8-4894-91ac-971c54bc837c/fetchFileTemp11659951552185971939.tmp
[2025-02-21T09:30:10.312+0000] {spark_submit.py:641} INFO - 25/02/21 09:30:10 INFO Executor: Adding file:/tmp/spark-2fb84f90-5efc-4e60-92ca-d579e7948fdc/userFiles-127be059-ebf8-4894-91ac-971c54bc837c/postgresql-42.2.18.jar to class loader
[2025-02-21T09:30:10.323+0000] {spark_submit.py:641} INFO - 25/02/21 09:30:10 INFO Utils: Successfully started service 'org.apache.spark.network.netty.NettyBlockTransferService' on port 44637.
[2025-02-21T09:30:10.325+0000] {spark_submit.py:641} INFO - 25/02/21 09:30:10 INFO NettyBlockTransferService: Server created on ***-airflow-scheduler:44637
[2025-02-21T09:30:10.328+0000] {spark_submit.py:641} INFO - 25/02/21 09:30:10 INFO BlockManager: Using org.apache.spark.storage.RandomBlockReplicationPolicy for block replication policy
[2025-02-21T09:30:10.336+0000] {spark_submit.py:641} INFO - 25/02/21 09:30:10 INFO BlockManagerMaster: Registering BlockManager BlockManagerId(driver, ***-airflow-scheduler, 44637, None)
[2025-02-21T09:30:10.345+0000] {spark_submit.py:641} INFO - 25/02/21 09:30:10 INFO BlockManagerMasterEndpoint: Registering block manager ***-airflow-scheduler:44637 with 434.4 MiB RAM, BlockManagerId(driver, ***-airflow-scheduler, 44637, None)
[2025-02-21T09:30:10.347+0000] {spark_submit.py:641} INFO - 25/02/21 09:30:10 INFO BlockManagerMaster: Registered BlockManager BlockManagerId(driver, ***-airflow-scheduler, 44637, None)
[2025-02-21T09:30:10.348+0000] {spark_submit.py:641} INFO - 25/02/21 09:30:10 INFO BlockManager: Initialized BlockManager: BlockManagerId(driver, ***-airflow-scheduler, 44637, None)
[2025-02-21T09:30:20.781+0000] {spark_submit.py:641} INFO - ---------------- MENAMPILKAN DATA HASIL EXTRACT ----------------
[2025-02-21T09:30:21.038+0000] {spark_submit.py:641} INFO - +-----------+-----------------+---------+---------+------+-------------------+---------------+---+--------------------+-----------------+---------------------+----------+------------------+
[2025-02-21T09:30:21.040+0000] {spark_submit.py:641} INFO - |employee_id|       department|   region|education|gender|recruitment_channel|no_of_trainings|age|previous_year_rating|length_of_service|KPIs_met_more_than_80|awards_won|avg_training_score|
[2025-02-21T09:30:21.042+0000] {spark_submit.py:641} INFO - +-----------+-----------------+---------+---------+------+-------------------+---------------+---+--------------------+-----------------+---------------------+----------+------------------+
[2025-02-21T09:30:21.043+0000] {spark_submit.py:641} INFO - |       8724|       Technology|region_26|Bachelors|     m|           sourcing|              1| 24|                null|                1|                    1|         0|                77|
[2025-02-21T09:30:21.044+0000] {spark_submit.py:641} INFO - |      74430|               HR| region_4|Bachelors|     f|              other|              1| 31|                   3|                5|                    0|         0|                51|
[2025-02-21T09:30:21.045+0000] {spark_submit.py:641} INFO - |      72255|Sales & Marketing|region_13|Bachelors|     m|              other|              1| 31|                   1|                4|                    0|         0|                47|
[2025-02-21T09:30:21.047+0000] {spark_submit.py:641} INFO - |      38562|      Procurement| region_2|Bachelors|     f|              other|              3| 31|                   2|                9|                    0|         0|                65|
[2025-02-21T09:30:21.048+0000] {spark_submit.py:641} INFO - |      64486|          Finance|region_29|Bachelors|     m|           sourcing|              1| 30|                   4|                7|                    0|         0|                61|
[2025-02-21T09:30:21.049+0000] {spark_submit.py:641} INFO - +-----------+-----------------+---------+---------+------+-------------------+---------------+---+--------------------+-----------------+---------------------+----------+------------------+
[2025-02-21T09:30:21.050+0000] {spark_submit.py:641} INFO - only showing top 5 rows
[2025-02-21T09:30:21.052+0000] {spark_submit.py:641} INFO - 
[2025-02-21T09:30:21.053+0000] {spark_submit.py:641} INFO - root
[2025-02-21T09:30:21.055+0000] {spark_submit.py:641} INFO - |-- employee_id: integer (nullable = true)
[2025-02-21T09:30:21.057+0000] {spark_submit.py:641} INFO - |-- department: string (nullable = true)
[2025-02-21T09:30:21.061+0000] {spark_submit.py:641} INFO - |-- region: string (nullable = true)
[2025-02-21T09:30:21.063+0000] {spark_submit.py:641} INFO - |-- education: string (nullable = true)
[2025-02-21T09:30:21.065+0000] {spark_submit.py:641} INFO - |-- gender: string (nullable = true)
[2025-02-21T09:30:21.071+0000] {spark_submit.py:641} INFO - |-- recruitment_channel: string (nullable = true)
[2025-02-21T09:30:21.074+0000] {spark_submit.py:641} INFO - |-- no_of_trainings: integer (nullable = true)
[2025-02-21T09:30:21.075+0000] {spark_submit.py:641} INFO - |-- age: integer (nullable = true)
[2025-02-21T09:30:21.076+0000] {spark_submit.py:641} INFO - |-- previous_year_rating: integer (nullable = true)
[2025-02-21T09:30:21.078+0000] {spark_submit.py:641} INFO - |-- length_of_service: integer (nullable = true)
[2025-02-21T09:30:21.079+0000] {spark_submit.py:641} INFO - |-- KPIs_met_more_than_80: integer (nullable = true)
[2025-02-21T09:30:21.080+0000] {spark_submit.py:641} INFO - |-- awards_won: integer (nullable = true)
[2025-02-21T09:30:21.081+0000] {spark_submit.py:641} INFO - |-- avg_training_score: integer (nullable = true)
[2025-02-21T09:30:21.082+0000] {spark_submit.py:641} INFO - 
[2025-02-21T09:30:21.654+0000] {spark_submit.py:641} INFO - Jumlah baris dalam DataFrame : 17417
[2025-02-21T09:30:21.656+0000] {spark_submit.py:641} INFO - Isi folder data/extracted.parquet :
[2025-02-21T09:30:21.658+0000] {spark_submit.py:641} INFO - ['part-00000-0082d1c4-aa24-4198-bdc3-6e340578fb61-c000.snappy.parquet', '_SUCCESS', '.part-00000-0082d1c4-aa24-4198-bdc3-6e340578fb61-c000.snappy.parquet.crc', '._SUCCESS.crc']
[2025-02-21T09:30:21.660+0000] {spark_submit.py:641} INFO - Extract data berhasil.
[2025-02-21T09:30:22.366+0000] {taskinstance.py:341} INFO - ::group::Post task execution logs
[2025-02-21T09:30:22.368+0000] {taskinstance.py:353} INFO - Marking task as SUCCESS. dag_id=***_v2_etl_dag, task_id=extract_task, run_id=manual__2025-02-21T09:21:09.662952+00:00, execution_date=20250221T092109, start_date=20250221T093005, end_date=20250221T093022
[2025-02-21T09:30:22.414+0000] {local_task_job_runner.py:266} INFO - Task exited with return code 0
[2025-02-21T09:30:22.443+0000] {taskinstance.py:3901} INFO - 1 downstream tasks scheduled from follow-on schedule check
[2025-02-21T09:30:22.445+0000] {local_task_job_runner.py:245} INFO - ::endgroup::
