[2025-02-21T09:27:56.457+0000] {local_task_job_runner.py:123} INFO - ::group::Pre task execution logs
[2025-02-21T09:27:56.490+0000] {taskinstance.py:2614} INFO - Dependencies all met for dep_context=non-requeueable deps ti=<TaskInstance: finprode8_v2_etl_dag.extract_task manual__2025-02-21T09:21:09.662952+00:00 [queued]>
[2025-02-21T09:27:56.505+0000] {taskinstance.py:2614} INFO - Dependencies all met for dep_context=requeueable deps ti=<TaskInstance: finprode8_v2_etl_dag.extract_task manual__2025-02-21T09:21:09.662952+00:00 [queued]>
[2025-02-21T09:27:56.506+0000] {taskinstance.py:2867} INFO - Starting attempt 2 of 2
[2025-02-21T09:27:56.528+0000] {taskinstance.py:2890} INFO - Executing <Task(SparkSubmitOperator): extract_task> on 2025-02-21 09:21:09.662952+00:00
[2025-02-21T09:27:56.534+0000] {standard_task_runner.py:72} INFO - Started process 1042 to run task
[2025-02-21T09:27:56.539+0000] {standard_task_runner.py:104} INFO - Running: ['airflow', 'tasks', 'run', '***_v2_etl_dag', 'extract_task', 'manual__2025-02-21T09:21:09.662952+00:00', '--job-id', '124', '--raw', '--subdir', 'DAGS_FOLDER/***_v2_etl_dag.py', '--cfg-path', '/tmp/tmps3xtsobe']
[2025-02-21T09:27:56.549+0000] {standard_task_runner.py:105} INFO - Job 124: Subtask extract_task
[2025-02-21T09:27:56.570+0000] {logging_mixin.py:190} WARNING - /home/airflow/.local/lib/python3.9/site-packages/airflow/settings.py:209 DeprecationWarning: The sql_alchemy_conn option in [core] has been moved to the sql_alchemy_conn option in [database] - the old setting has been used, but please update your config.
[2025-02-21T09:27:56.619+0000] {task_command.py:467} INFO - Running <TaskInstance: finprode8_v2_etl_dag.extract_task manual__2025-02-21T09:21:09.662952+00:00 [running]> on host ***-airflow-scheduler
[2025-02-21T09:27:56.744+0000] {taskinstance.py:3134} INFO - Exporting env vars: AIRFLOW_CTX_DAG_OWNER='ratih malini' AIRFLOW_CTX_DAG_ID='***_v2_etl_dag' AIRFLOW_CTX_TASK_ID='extract_task' AIRFLOW_CTX_EXECUTION_DATE='2025-02-21T09:21:09.662952+00:00' AIRFLOW_CTX_TRY_NUMBER='2' AIRFLOW_CTX_DAG_RUN_ID='manual__2025-02-21T09:21:09.662952+00:00'
[2025-02-21T09:27:56.747+0000] {taskinstance.py:732} INFO - ::endgroup::
[2025-02-21T09:27:56.798+0000] {base.py:84} INFO - Retrieving connection 'spark_main'
[2025-02-21T09:27:56.802+0000] {spark_submit.py:474} INFO - Spark-Submit cmd: spark-submit --master spark://***-spark-master:7077 --packages org.postgresql:postgresql:42.2.18 --name arrow-spark /spark-scripts/***_v2_extract.py
[2025-02-21T09:27:58.905+0000] {spark_submit.py:641} INFO - :: loading settings :: url = jar:file:/home/airflow/.local/lib/python3.9/site-packages/pyspark/jars/ivy-2.5.1.jar!/org/apache/ivy/core/settings/ivysettings.xml
[2025-02-21T09:27:59.008+0000] {spark_submit.py:641} INFO - Ivy Default Cache set to: /home/airflow/.ivy2/cache
[2025-02-21T09:27:59.010+0000] {spark_submit.py:641} INFO - The jars for the packages stored in: /home/airflow/.ivy2/jars
[2025-02-21T09:27:59.012+0000] {spark_submit.py:641} INFO - org.postgresql#postgresql added as a dependency
[2025-02-21T09:27:59.014+0000] {spark_submit.py:641} INFO - :: resolving dependencies :: org.apache.spark#spark-submit-parent-f9314ccd-db6b-4535-812b-6973a0688d1e;1.0
[2025-02-21T09:27:59.016+0000] {spark_submit.py:641} INFO - confs: [default]
[2025-02-21T09:27:59.175+0000] {spark_submit.py:641} INFO - found org.postgresql#postgresql;42.2.18 in central
[2025-02-21T09:27:59.208+0000] {spark_submit.py:641} INFO - found org.checkerframework#checker-qual;3.5.0 in central
[2025-02-21T09:27:59.230+0000] {spark_submit.py:641} INFO - :: resolution report :: resolve 209ms :: artifacts dl 8ms
[2025-02-21T09:27:59.232+0000] {spark_submit.py:641} INFO - :: modules in use:
[2025-02-21T09:27:59.233+0000] {spark_submit.py:641} INFO - org.checkerframework#checker-qual;3.5.0 from central in [default]
[2025-02-21T09:27:59.235+0000] {spark_submit.py:641} INFO - org.postgresql#postgresql;42.2.18 from central in [default]
[2025-02-21T09:27:59.236+0000] {spark_submit.py:641} INFO - ---------------------------------------------------------------------
[2025-02-21T09:27:59.238+0000] {spark_submit.py:641} INFO - |                  |            modules            ||   artifacts   |
[2025-02-21T09:27:59.239+0000] {spark_submit.py:641} INFO - |       conf       | number| search|dwnlded|evicted|| number|dwnlded|
[2025-02-21T09:27:59.245+0000] {spark_submit.py:641} INFO - ---------------------------------------------------------------------
[2025-02-21T09:27:59.246+0000] {spark_submit.py:641} INFO - |      default     |   2   |   0   |   0   |   0   ||   2   |   0   |
[2025-02-21T09:27:59.248+0000] {spark_submit.py:641} INFO - ---------------------------------------------------------------------
[2025-02-21T09:27:59.249+0000] {spark_submit.py:641} INFO - :: retrieving :: org.apache.spark#spark-submit-parent-f9314ccd-db6b-4535-812b-6973a0688d1e
[2025-02-21T09:27:59.251+0000] {spark_submit.py:641} INFO - confs: [default]
[2025-02-21T09:27:59.252+0000] {spark_submit.py:641} INFO - 0 artifacts copied, 2 already retrieved (0kB/14ms)
[2025-02-21T09:27:59.557+0000] {spark_submit.py:641} INFO - 25/02/21 09:27:59 WARN NativeCodeLoader: Unable to load native-hadoop library for your platform... using builtin-java classes where applicable
[2025-02-21T09:28:01.432+0000] {spark_submit.py:641} INFO - 25/02/21 09:28:01 INFO SparkContext: Running Spark version 3.3.2
[2025-02-21T09:28:01.454+0000] {spark_submit.py:641} INFO - 25/02/21 09:28:01 INFO ResourceUtils: ==============================================================
[2025-02-21T09:28:01.457+0000] {spark_submit.py:641} INFO - 25/02/21 09:28:01 INFO ResourceUtils: No custom resources configured for spark.driver.
[2025-02-21T09:28:01.459+0000] {spark_submit.py:641} INFO - 25/02/21 09:28:01 INFO ResourceUtils: ==============================================================
[2025-02-21T09:28:01.461+0000] {spark_submit.py:641} INFO - 25/02/21 09:28:01 INFO SparkContext: Submitted application: ***_extract
[2025-02-21T09:28:01.484+0000] {spark_submit.py:641} INFO - 25/02/21 09:28:01 INFO ResourceProfile: Default ResourceProfile created, executor resources: Map(cores -> name: cores, amount: 1, script: , vendor: , memory -> name: memory, amount: 1024, script: , vendor: , offHeap -> name: offHeap, amount: 0, script: , vendor: ), task resources: Map(cpus -> name: cpus, amount: 1.0)
[2025-02-21T09:28:01.494+0000] {spark_submit.py:641} INFO - 25/02/21 09:28:01 INFO ResourceProfile: Limiting resource is cpu
[2025-02-21T09:28:01.496+0000] {spark_submit.py:641} INFO - 25/02/21 09:28:01 INFO ResourceProfileManager: Added ResourceProfile id: 0
[2025-02-21T09:28:01.563+0000] {spark_submit.py:641} INFO - 25/02/21 09:28:01 INFO SecurityManager: Changing view acls to: airflow
[2025-02-21T09:28:01.565+0000] {spark_submit.py:641} INFO - 25/02/21 09:28:01 INFO SecurityManager: Changing modify acls to: airflow
[2025-02-21T09:28:01.567+0000] {spark_submit.py:641} INFO - 25/02/21 09:28:01 INFO SecurityManager: Changing view acls groups to:
[2025-02-21T09:28:01.568+0000] {spark_submit.py:641} INFO - 25/02/21 09:28:01 INFO SecurityManager: Changing modify acls groups to:
[2025-02-21T09:28:01.572+0000] {spark_submit.py:641} INFO - 25/02/21 09:28:01 INFO SecurityManager: SecurityManager: authentication disabled; ui acls disabled; users  with view permissions: Set(airflow); groups with view permissions: Set(); users  with modify permissions: Set(airflow); groups with modify permissions: Set()
[2025-02-21T09:28:01.856+0000] {spark_submit.py:641} INFO - 25/02/21 09:28:01 INFO Utils: Successfully started service 'sparkDriver' on port 45493.
[2025-02-21T09:28:01.889+0000] {spark_submit.py:641} INFO - 25/02/21 09:28:01 INFO SparkEnv: Registering MapOutputTracker
[2025-02-21T09:28:01.930+0000] {spark_submit.py:641} INFO - 25/02/21 09:28:01 INFO SparkEnv: Registering BlockManagerMaster
[2025-02-21T09:28:01.956+0000] {spark_submit.py:641} INFO - 25/02/21 09:28:01 INFO BlockManagerMasterEndpoint: Using org.apache.spark.storage.DefaultTopologyMapper for getting topology information
[2025-02-21T09:28:01.959+0000] {spark_submit.py:641} INFO - 25/02/21 09:28:01 INFO BlockManagerMasterEndpoint: BlockManagerMasterEndpoint up
[2025-02-21T09:28:01.966+0000] {spark_submit.py:641} INFO - 25/02/21 09:28:01 INFO SparkEnv: Registering BlockManagerMasterHeartbeat
[2025-02-21T09:28:02.001+0000] {spark_submit.py:641} INFO - 25/02/21 09:28:02 INFO DiskBlockManager: Created local directory at /tmp/blockmgr-5e74c95c-8851-4724-be33-3a533827eac8
[2025-02-21T09:28:02.029+0000] {spark_submit.py:641} INFO - 25/02/21 09:28:02 INFO MemoryStore: MemoryStore started with capacity 434.4 MiB
[2025-02-21T09:28:02.049+0000] {spark_submit.py:641} INFO - 25/02/21 09:28:02 INFO SparkEnv: Registering OutputCommitCoordinator
[2025-02-21T09:28:02.317+0000] {spark_submit.py:641} INFO - 25/02/21 09:28:02 INFO Utils: Successfully started service 'SparkUI' on port 4040.
[2025-02-21T09:28:02.371+0000] {spark_submit.py:641} INFO - 25/02/21 09:28:02 INFO SparkContext: Added JAR /spark-scripts/jars/postgresql-42.2.18.jar at spark://***-airflow-scheduler:45493/jars/postgresql-42.2.18.jar with timestamp 1740130081422
[2025-02-21T09:28:02.375+0000] {spark_submit.py:641} INFO - 25/02/21 09:28:02 INFO SparkContext: Added file file:///home/airflow/.ivy2/jars/org.postgresql_postgresql-42.2.18.jar at file:///home/airflow/.ivy2/jars/org.postgresql_postgresql-42.2.18.jar with timestamp 1740130081422
[2025-02-21T09:28:02.377+0000] {spark_submit.py:641} INFO - 25/02/21 09:28:02 INFO Utils: Copying /home/airflow/.ivy2/jars/org.postgresql_postgresql-42.2.18.jar to /tmp/spark-920dbc9d-12de-472e-8c9b-1c8a9fc712af/userFiles-d0aa1f46-0c99-426b-8632-b3dedd0ea89e/org.postgresql_postgresql-42.2.18.jar
[2025-02-21T09:28:02.415+0000] {spark_submit.py:641} INFO - 25/02/21 09:28:02 INFO SparkContext: Added file file:///home/airflow/.ivy2/jars/org.checkerframework_checker-qual-3.5.0.jar at file:///home/airflow/.ivy2/jars/org.checkerframework_checker-qual-3.5.0.jar with timestamp 1740130081422
[2025-02-21T09:28:02.417+0000] {spark_submit.py:641} INFO - 25/02/21 09:28:02 INFO Utils: Copying /home/airflow/.ivy2/jars/org.checkerframework_checker-qual-3.5.0.jar to /tmp/spark-920dbc9d-12de-472e-8c9b-1c8a9fc712af/userFiles-d0aa1f46-0c99-426b-8632-b3dedd0ea89e/org.checkerframework_checker-qual-3.5.0.jar
[2025-02-21T09:28:02.514+0000] {spark_submit.py:641} INFO - 25/02/21 09:28:02 INFO Executor: Starting executor ID driver on host ***-airflow-scheduler
[2025-02-21T09:28:02.522+0000] {spark_submit.py:641} INFO - 25/02/21 09:28:02 INFO Executor: Starting executor with user classpath (userClassPathFirst = false): ''
[2025-02-21T09:28:02.534+0000] {spark_submit.py:641} INFO - 25/02/21 09:28:02 INFO Executor: Fetching file:///home/airflow/.ivy2/jars/org.postgresql_postgresql-42.2.18.jar with timestamp 1740130081422
[2025-02-21T09:28:02.563+0000] {spark_submit.py:641} INFO - 25/02/21 09:28:02 INFO Utils: /home/airflow/.ivy2/jars/org.postgresql_postgresql-42.2.18.jar has been previously copied to /tmp/spark-920dbc9d-12de-472e-8c9b-1c8a9fc712af/userFiles-d0aa1f46-0c99-426b-8632-b3dedd0ea89e/org.postgresql_postgresql-42.2.18.jar
[2025-02-21T09:28:02.576+0000] {spark_submit.py:641} INFO - 25/02/21 09:28:02 INFO Executor: Fetching file:///home/airflow/.ivy2/jars/org.checkerframework_checker-qual-3.5.0.jar with timestamp 1740130081422
[2025-02-21T09:28:02.578+0000] {spark_submit.py:641} INFO - 25/02/21 09:28:02 INFO Utils: /home/airflow/.ivy2/jars/org.checkerframework_checker-qual-3.5.0.jar has been previously copied to /tmp/spark-920dbc9d-12de-472e-8c9b-1c8a9fc712af/userFiles-d0aa1f46-0c99-426b-8632-b3dedd0ea89e/org.checkerframework_checker-qual-3.5.0.jar
[2025-02-21T09:28:02.596+0000] {spark_submit.py:641} INFO - 25/02/21 09:28:02 INFO Executor: Fetching spark://***-airflow-scheduler:45493/jars/postgresql-42.2.18.jar with timestamp 1740130081422
[2025-02-21T09:28:02.667+0000] {spark_submit.py:641} INFO - 25/02/21 09:28:02 INFO TransportClientFactory: Successfully created connection to ***-airflow-scheduler/172.19.0.6:45493 after 50 ms (0 ms spent in bootstraps)
[2025-02-21T09:28:02.672+0000] {spark_submit.py:641} INFO - 25/02/21 09:28:02 INFO Utils: Fetching spark://***-airflow-scheduler:45493/jars/postgresql-42.2.18.jar to /tmp/spark-920dbc9d-12de-472e-8c9b-1c8a9fc712af/userFiles-d0aa1f46-0c99-426b-8632-b3dedd0ea89e/fetchFileTemp7236357627713386072.tmp
[2025-02-21T09:28:02.761+0000] {spark_submit.py:641} INFO - 25/02/21 09:28:02 INFO Executor: Adding file:/tmp/spark-920dbc9d-12de-472e-8c9b-1c8a9fc712af/userFiles-d0aa1f46-0c99-426b-8632-b3dedd0ea89e/postgresql-42.2.18.jar to class loader
[2025-02-21T09:28:02.770+0000] {spark_submit.py:641} INFO - 25/02/21 09:28:02 INFO Utils: Successfully started service 'org.apache.spark.network.netty.NettyBlockTransferService' on port 35555.
[2025-02-21T09:28:02.772+0000] {spark_submit.py:641} INFO - 25/02/21 09:28:02 INFO NettyBlockTransferService: Server created on ***-airflow-scheduler:35555
[2025-02-21T09:28:02.774+0000] {spark_submit.py:641} INFO - 25/02/21 09:28:02 INFO BlockManager: Using org.apache.spark.storage.RandomBlockReplicationPolicy for block replication policy
[2025-02-21T09:28:02.782+0000] {spark_submit.py:641} INFO - 25/02/21 09:28:02 INFO BlockManagerMaster: Registering BlockManager BlockManagerId(driver, ***-airflow-scheduler, 35555, None)
[2025-02-21T09:28:02.787+0000] {spark_submit.py:641} INFO - 25/02/21 09:28:02 INFO BlockManagerMasterEndpoint: Registering block manager ***-airflow-scheduler:35555 with 434.4 MiB RAM, BlockManagerId(driver, ***-airflow-scheduler, 35555, None)
[2025-02-21T09:28:02.790+0000] {spark_submit.py:641} INFO - 25/02/21 09:28:02 INFO BlockManagerMaster: Registered BlockManager BlockManagerId(driver, ***-airflow-scheduler, 35555, None)
[2025-02-21T09:28:02.793+0000] {spark_submit.py:641} INFO - 25/02/21 09:28:02 INFO BlockManager: Initialized BlockManager: BlockManagerId(driver, ***-airflow-scheduler, 35555, None)
[2025-02-21T09:28:11.797+0000] {spark_submit.py:641} INFO - ---------------- MENAMPILKAN DATA HASIL EXTRACT ----------------
[2025-02-21T09:28:12.065+0000] {spark_submit.py:641} INFO - +-----------+-----------------+---------+---------+------+-------------------+---------------+---+--------------------+-----------------+---------------------+----------+------------------+
[2025-02-21T09:28:12.067+0000] {spark_submit.py:641} INFO - |employee_id|       department|   region|education|gender|recruitment_channel|no_of_trainings|age|previous_year_rating|length_of_service|KPIs_met_more_than_80|awards_won|avg_training_score|
[2025-02-21T09:28:12.068+0000] {spark_submit.py:641} INFO - +-----------+-----------------+---------+---------+------+-------------------+---------------+---+--------------------+-----------------+---------------------+----------+------------------+
[2025-02-21T09:28:12.070+0000] {spark_submit.py:641} INFO - |       8724|       Technology|region_26|Bachelors|     m|           sourcing|              1| 24|                null|                1|                    1|         0|                77|
[2025-02-21T09:28:12.071+0000] {spark_submit.py:641} INFO - |      74430|               HR| region_4|Bachelors|     f|              other|              1| 31|                   3|                5|                    0|         0|                51|
[2025-02-21T09:28:12.072+0000] {spark_submit.py:641} INFO - |      72255|Sales & Marketing|region_13|Bachelors|     m|              other|              1| 31|                   1|                4|                    0|         0|                47|
[2025-02-21T09:28:12.073+0000] {spark_submit.py:641} INFO - |      38562|      Procurement| region_2|Bachelors|     f|              other|              3| 31|                   2|                9|                    0|         0|                65|
[2025-02-21T09:28:12.075+0000] {spark_submit.py:641} INFO - |      64486|          Finance|region_29|Bachelors|     m|           sourcing|              1| 30|                   4|                7|                    0|         0|                61|
[2025-02-21T09:28:12.078+0000] {spark_submit.py:641} INFO - +-----------+-----------------+---------+---------+------+-------------------+---------------+---+--------------------+-----------------+---------------------+----------+------------------+
[2025-02-21T09:28:12.080+0000] {spark_submit.py:641} INFO - only showing top 5 rows
[2025-02-21T09:28:12.082+0000] {spark_submit.py:641} INFO - 
[2025-02-21T09:28:12.083+0000] {spark_submit.py:641} INFO - root
[2025-02-21T09:28:12.084+0000] {spark_submit.py:641} INFO - |-- employee_id: integer (nullable = true)
[2025-02-21T09:28:12.086+0000] {spark_submit.py:641} INFO - |-- department: string (nullable = true)
[2025-02-21T09:28:12.087+0000] {spark_submit.py:641} INFO - |-- region: string (nullable = true)
[2025-02-21T09:28:12.088+0000] {spark_submit.py:641} INFO - |-- education: string (nullable = true)
[2025-02-21T09:28:12.089+0000] {spark_submit.py:641} INFO - |-- gender: string (nullable = true)
[2025-02-21T09:28:12.092+0000] {spark_submit.py:641} INFO - |-- recruitment_channel: string (nullable = true)
[2025-02-21T09:28:12.093+0000] {spark_submit.py:641} INFO - |-- no_of_trainings: integer (nullable = true)
[2025-02-21T09:28:12.095+0000] {spark_submit.py:641} INFO - |-- age: integer (nullable = true)
[2025-02-21T09:28:12.096+0000] {spark_submit.py:641} INFO - |-- previous_year_rating: integer (nullable = true)
[2025-02-21T09:28:12.097+0000] {spark_submit.py:641} INFO - |-- length_of_service: integer (nullable = true)
[2025-02-21T09:28:12.099+0000] {spark_submit.py:641} INFO - |-- KPIs_met_more_than_80: integer (nullable = true)
[2025-02-21T09:28:12.100+0000] {spark_submit.py:641} INFO - |-- awards_won: integer (nullable = true)
[2025-02-21T09:28:12.101+0000] {spark_submit.py:641} INFO - |-- avg_training_score: integer (nullable = true)
[2025-02-21T09:28:12.102+0000] {spark_submit.py:641} INFO - 
[2025-02-21T09:28:12.796+0000] {spark_submit.py:641} INFO - Jumlah baris dalam DataFrame : 17417
[2025-02-21T09:28:12.798+0000] {spark_submit.py:641} INFO - Isi folder data/extracted.parquet :
[2025-02-21T09:28:12.800+0000] {spark_submit.py:641} INFO - ['_SUCCESS', 'part-00000-5586b503-467f-41e3-bd00-773898c9713c-c000.snappy.parquet', '._SUCCESS.crc', '.part-00000-5586b503-467f-41e3-bd00-773898c9713c-c000.snappy.parquet.crc']
[2025-02-21T09:28:12.802+0000] {spark_submit.py:641} INFO - Extract data berhasil.
[2025-02-21T09:28:13.301+0000] {taskinstance.py:341} INFO - ::group::Post task execution logs
[2025-02-21T09:28:13.302+0000] {taskinstance.py:353} INFO - Marking task as SUCCESS. dag_id=***_v2_etl_dag, task_id=extract_task, run_id=manual__2025-02-21T09:21:09.662952+00:00, execution_date=20250221T092109, start_date=20250221T092756, end_date=20250221T092813
[2025-02-21T09:28:13.362+0000] {local_task_job_runner.py:266} INFO - Task exited with return code 0
[2025-02-21T09:28:13.398+0000] {taskinstance.py:3901} INFO - 1 downstream tasks scheduled from follow-on schedule check
[2025-02-21T09:28:13.402+0000] {local_task_job_runner.py:245} INFO - ::endgroup::
