[2025-02-21T09:34:44.120+0000] {local_task_job_runner.py:123} INFO - ::group::Pre task execution logs
[2025-02-21T09:34:44.143+0000] {taskinstance.py:2614} INFO - Dependencies all met for dep_context=non-requeueable deps ti=<TaskInstance: finprode8_v2_etl_dag.extract_task manual__2025-02-21T09:21:09.662952+00:00 [queued]>
[2025-02-21T09:34:44.155+0000] {taskinstance.py:2614} INFO - Dependencies all met for dep_context=requeueable deps ti=<TaskInstance: finprode8_v2_etl_dag.extract_task manual__2025-02-21T09:21:09.662952+00:00 [queued]>
[2025-02-21T09:34:44.156+0000] {taskinstance.py:2867} INFO - Starting attempt 5 of 5
[2025-02-21T09:34:44.170+0000] {taskinstance.py:2890} INFO - Executing <Task(SparkSubmitOperator): extract_task> on 2025-02-21 09:21:09.662952+00:00
[2025-02-21T09:34:44.177+0000] {standard_task_runner.py:72} INFO - Started process 2586 to run task
[2025-02-21T09:34:44.181+0000] {standard_task_runner.py:104} INFO - Running: ['airflow', 'tasks', 'run', '***_v2_etl_dag', 'extract_task', 'manual__2025-02-21T09:21:09.662952+00:00', '--job-id', '131', '--raw', '--subdir', 'DAGS_FOLDER/***_v2_etl_dag.py', '--cfg-path', '/tmp/tmpe1dttrca']
[2025-02-21T09:34:44.187+0000] {standard_task_runner.py:105} INFO - Job 131: Subtask extract_task
[2025-02-21T09:34:44.204+0000] {logging_mixin.py:190} WARNING - /home/airflow/.local/lib/python3.9/site-packages/airflow/settings.py:209 DeprecationWarning: The sql_alchemy_conn option in [core] has been moved to the sql_alchemy_conn option in [database] - the old setting has been used, but please update your config.
[2025-02-21T09:34:44.248+0000] {task_command.py:467} INFO - Running <TaskInstance: finprode8_v2_etl_dag.extract_task manual__2025-02-21T09:21:09.662952+00:00 [running]> on host ***-airflow-scheduler
[2025-02-21T09:34:44.337+0000] {taskinstance.py:3134} INFO - Exporting env vars: AIRFLOW_CTX_DAG_OWNER='ratih malini' AIRFLOW_CTX_DAG_ID='***_v2_etl_dag' AIRFLOW_CTX_TASK_ID='extract_task' AIRFLOW_CTX_EXECUTION_DATE='2025-02-21T09:21:09.662952+00:00' AIRFLOW_CTX_TRY_NUMBER='5' AIRFLOW_CTX_DAG_RUN_ID='manual__2025-02-21T09:21:09.662952+00:00'
[2025-02-21T09:34:44.340+0000] {taskinstance.py:732} INFO - ::endgroup::
[2025-02-21T09:34:44.368+0000] {base.py:84} INFO - Retrieving connection 'spark_main'
[2025-02-21T09:34:44.372+0000] {spark_submit.py:474} INFO - Spark-Submit cmd: spark-submit --master spark://***-spark-master:7077 --packages org.postgresql:postgresql:42.2.18 --name arrow-spark /spark-scripts/***_v2_extract.py
[2025-02-21T09:34:45.740+0000] {spark_submit.py:641} INFO - :: loading settings :: url = jar:file:/home/airflow/.local/lib/python3.9/site-packages/pyspark/jars/ivy-2.5.1.jar!/org/apache/ivy/core/settings/ivysettings.xml
[2025-02-21T09:34:45.869+0000] {spark_submit.py:641} INFO - Ivy Default Cache set to: /home/airflow/.ivy2/cache
[2025-02-21T09:34:45.871+0000] {spark_submit.py:641} INFO - The jars for the packages stored in: /home/airflow/.ivy2/jars
[2025-02-21T09:34:45.876+0000] {spark_submit.py:641} INFO - org.postgresql#postgresql added as a dependency
[2025-02-21T09:34:45.879+0000] {spark_submit.py:641} INFO - :: resolving dependencies :: org.apache.spark#spark-submit-parent-43f52e80-467b-456f-955b-791613721a81;1.0
[2025-02-21T09:34:45.880+0000] {spark_submit.py:641} INFO - confs: [default]
[2025-02-21T09:34:45.997+0000] {spark_submit.py:641} INFO - found org.postgresql#postgresql;42.2.18 in central
[2025-02-21T09:34:46.026+0000] {spark_submit.py:641} INFO - found org.checkerframework#checker-qual;3.5.0 in central
[2025-02-21T09:34:46.042+0000] {spark_submit.py:641} INFO - :: resolution report :: resolve 157ms :: artifacts dl 7ms
[2025-02-21T09:34:46.044+0000] {spark_submit.py:641} INFO - :: modules in use:
[2025-02-21T09:34:46.045+0000] {spark_submit.py:641} INFO - org.checkerframework#checker-qual;3.5.0 from central in [default]
[2025-02-21T09:34:46.047+0000] {spark_submit.py:641} INFO - org.postgresql#postgresql;42.2.18 from central in [default]
[2025-02-21T09:34:46.048+0000] {spark_submit.py:641} INFO - ---------------------------------------------------------------------
[2025-02-21T09:34:46.049+0000] {spark_submit.py:641} INFO - |                  |            modules            ||   artifacts   |
[2025-02-21T09:34:46.050+0000] {spark_submit.py:641} INFO - |       conf       | number| search|dwnlded|evicted|| number|dwnlded|
[2025-02-21T09:34:46.051+0000] {spark_submit.py:641} INFO - ---------------------------------------------------------------------
[2025-02-21T09:34:46.053+0000] {spark_submit.py:641} INFO - |      default     |   2   |   0   |   0   |   0   ||   2   |   0   |
[2025-02-21T09:34:46.055+0000] {spark_submit.py:641} INFO - ---------------------------------------------------------------------
[2025-02-21T09:34:46.056+0000] {spark_submit.py:641} INFO - :: retrieving :: org.apache.spark#spark-submit-parent-43f52e80-467b-456f-955b-791613721a81
[2025-02-21T09:34:46.057+0000] {spark_submit.py:641} INFO - confs: [default]
[2025-02-21T09:34:46.059+0000] {spark_submit.py:641} INFO - 0 artifacts copied, 2 already retrieved (0kB/6ms)
[2025-02-21T09:34:46.316+0000] {spark_submit.py:641} INFO - 25/02/21 09:34:46 WARN NativeCodeLoader: Unable to load native-hadoop library for your platform... using builtin-java classes where applicable
[2025-02-21T09:34:47.616+0000] {spark_submit.py:641} INFO - 25/02/21 09:34:47 INFO SparkContext: Running Spark version 3.3.2
[2025-02-21T09:34:47.635+0000] {spark_submit.py:641} INFO - 25/02/21 09:34:47 INFO ResourceUtils: ==============================================================
[2025-02-21T09:34:47.637+0000] {spark_submit.py:641} INFO - 25/02/21 09:34:47 INFO ResourceUtils: No custom resources configured for spark.driver.
[2025-02-21T09:34:47.638+0000] {spark_submit.py:641} INFO - 25/02/21 09:34:47 INFO ResourceUtils: ==============================================================
[2025-02-21T09:34:47.640+0000] {spark_submit.py:641} INFO - 25/02/21 09:34:47 INFO SparkContext: Submitted application: ***_extract
[2025-02-21T09:34:47.657+0000] {spark_submit.py:641} INFO - 25/02/21 09:34:47 INFO ResourceProfile: Default ResourceProfile created, executor resources: Map(cores -> name: cores, amount: 1, script: , vendor: , memory -> name: memory, amount: 1024, script: , vendor: , offHeap -> name: offHeap, amount: 0, script: , vendor: ), task resources: Map(cpus -> name: cpus, amount: 1.0)
[2025-02-21T09:34:47.667+0000] {spark_submit.py:641} INFO - 25/02/21 09:34:47 INFO ResourceProfile: Limiting resource is cpu
[2025-02-21T09:34:47.668+0000] {spark_submit.py:641} INFO - 25/02/21 09:34:47 INFO ResourceProfileManager: Added ResourceProfile id: 0
[2025-02-21T09:34:47.715+0000] {spark_submit.py:641} INFO - 25/02/21 09:34:47 INFO SecurityManager: Changing view acls to: airflow
[2025-02-21T09:34:47.717+0000] {spark_submit.py:641} INFO - 25/02/21 09:34:47 INFO SecurityManager: Changing modify acls to: airflow
[2025-02-21T09:34:47.718+0000] {spark_submit.py:641} INFO - 25/02/21 09:34:47 INFO SecurityManager: Changing view acls groups to:
[2025-02-21T09:34:47.720+0000] {spark_submit.py:641} INFO - 25/02/21 09:34:47 INFO SecurityManager: Changing modify acls groups to:
[2025-02-21T09:34:47.722+0000] {spark_submit.py:641} INFO - 25/02/21 09:34:47 INFO SecurityManager: SecurityManager: authentication disabled; ui acls disabled; users  with view permissions: Set(airflow); groups with view permissions: Set(); users  with modify permissions: Set(airflow); groups with modify permissions: Set()
[2025-02-21T09:34:47.943+0000] {spark_submit.py:641} INFO - 25/02/21 09:34:47 INFO Utils: Successfully started service 'sparkDriver' on port 43049.
[2025-02-21T09:34:47.983+0000] {spark_submit.py:641} INFO - 25/02/21 09:34:47 INFO SparkEnv: Registering MapOutputTracker
[2025-02-21T09:34:48.027+0000] {spark_submit.py:641} INFO - 25/02/21 09:34:48 INFO SparkEnv: Registering BlockManagerMaster
[2025-02-21T09:34:48.050+0000] {spark_submit.py:641} INFO - 25/02/21 09:34:48 INFO BlockManagerMasterEndpoint: Using org.apache.spark.storage.DefaultTopologyMapper for getting topology information
[2025-02-21T09:34:48.052+0000] {spark_submit.py:641} INFO - 25/02/21 09:34:48 INFO BlockManagerMasterEndpoint: BlockManagerMasterEndpoint up
[2025-02-21T09:34:48.058+0000] {spark_submit.py:641} INFO - 25/02/21 09:34:48 INFO SparkEnv: Registering BlockManagerMasterHeartbeat
[2025-02-21T09:34:48.081+0000] {spark_submit.py:641} INFO - 25/02/21 09:34:48 INFO DiskBlockManager: Created local directory at /tmp/blockmgr-a9e2e244-cbc0-43e8-bd66-18f26e2b62a5
[2025-02-21T09:34:48.101+0000] {spark_submit.py:641} INFO - 25/02/21 09:34:48 INFO MemoryStore: MemoryStore started with capacity 434.4 MiB
[2025-02-21T09:34:48.118+0000] {spark_submit.py:641} INFO - 25/02/21 09:34:48 INFO SparkEnv: Registering OutputCommitCoordinator
[2025-02-21T09:34:48.318+0000] {spark_submit.py:641} INFO - 25/02/21 09:34:48 INFO Utils: Successfully started service 'SparkUI' on port 4040.
[2025-02-21T09:34:48.375+0000] {spark_submit.py:641} INFO - 25/02/21 09:34:48 INFO SparkContext: Added JAR /spark-scripts/jars/postgresql-42.2.18.jar at spark://***-airflow-scheduler:43049/jars/postgresql-42.2.18.jar with timestamp 1740130487607
[2025-02-21T09:34:48.377+0000] {spark_submit.py:641} INFO - 25/02/21 09:34:48 INFO SparkContext: Added file file:///home/airflow/.ivy2/jars/org.postgresql_postgresql-42.2.18.jar at file:///home/airflow/.ivy2/jars/org.postgresql_postgresql-42.2.18.jar with timestamp 1740130487607
[2025-02-21T09:34:48.379+0000] {spark_submit.py:641} INFO - 25/02/21 09:34:48 INFO Utils: Copying /home/airflow/.ivy2/jars/org.postgresql_postgresql-42.2.18.jar to /tmp/spark-e01624d4-2728-4f4c-b68f-4572334d1ea4/userFiles-63b46648-4c02-48f4-bbf2-450957624934/org.postgresql_postgresql-42.2.18.jar
[2025-02-21T09:34:48.404+0000] {spark_submit.py:641} INFO - 25/02/21 09:34:48 INFO SparkContext: Added file file:///home/airflow/.ivy2/jars/org.checkerframework_checker-qual-3.5.0.jar at file:///home/airflow/.ivy2/jars/org.checkerframework_checker-qual-3.5.0.jar with timestamp 1740130487607
[2025-02-21T09:34:48.406+0000] {spark_submit.py:641} INFO - 25/02/21 09:34:48 INFO Utils: Copying /home/airflow/.ivy2/jars/org.checkerframework_checker-qual-3.5.0.jar to /tmp/spark-e01624d4-2728-4f4c-b68f-4572334d1ea4/userFiles-63b46648-4c02-48f4-bbf2-450957624934/org.checkerframework_checker-qual-3.5.0.jar
[2025-02-21T09:34:48.503+0000] {spark_submit.py:641} INFO - 25/02/21 09:34:48 INFO Executor: Starting executor ID driver on host ***-airflow-scheduler
[2025-02-21T09:34:48.511+0000] {spark_submit.py:641} INFO - 25/02/21 09:34:48 INFO Executor: Starting executor with user classpath (userClassPathFirst = false): ''
[2025-02-21T09:34:48.524+0000] {spark_submit.py:641} INFO - 25/02/21 09:34:48 INFO Executor: Fetching file:///home/airflow/.ivy2/jars/org.postgresql_postgresql-42.2.18.jar with timestamp 1740130487607
[2025-02-21T09:34:48.561+0000] {spark_submit.py:641} INFO - 25/02/21 09:34:48 INFO Utils: /home/airflow/.ivy2/jars/org.postgresql_postgresql-42.2.18.jar has been previously copied to /tmp/spark-e01624d4-2728-4f4c-b68f-4572334d1ea4/userFiles-63b46648-4c02-48f4-bbf2-450957624934/org.postgresql_postgresql-42.2.18.jar
[2025-02-21T09:34:48.570+0000] {spark_submit.py:641} INFO - 25/02/21 09:34:48 INFO Executor: Fetching file:///home/airflow/.ivy2/jars/org.checkerframework_checker-qual-3.5.0.jar with timestamp 1740130487607
[2025-02-21T09:34:48.571+0000] {spark_submit.py:641} INFO - 25/02/21 09:34:48 INFO Utils: /home/airflow/.ivy2/jars/org.checkerframework_checker-qual-3.5.0.jar has been previously copied to /tmp/spark-e01624d4-2728-4f4c-b68f-4572334d1ea4/userFiles-63b46648-4c02-48f4-bbf2-450957624934/org.checkerframework_checker-qual-3.5.0.jar
[2025-02-21T09:34:48.582+0000] {spark_submit.py:641} INFO - 25/02/21 09:34:48 INFO Executor: Fetching spark://***-airflow-scheduler:43049/jars/postgresql-42.2.18.jar with timestamp 1740130487607
[2025-02-21T09:34:48.617+0000] {spark_submit.py:641} INFO - 25/02/21 09:34:48 INFO TransportClientFactory: Successfully created connection to ***-airflow-scheduler/172.19.0.6:43049 after 25 ms (0 ms spent in bootstraps)
[2025-02-21T09:34:48.624+0000] {spark_submit.py:641} INFO - 25/02/21 09:34:48 INFO Utils: Fetching spark://***-airflow-scheduler:43049/jars/postgresql-42.2.18.jar to /tmp/spark-e01624d4-2728-4f4c-b68f-4572334d1ea4/userFiles-63b46648-4c02-48f4-bbf2-450957624934/fetchFileTemp6108879754628165093.tmp
[2025-02-21T09:34:48.702+0000] {spark_submit.py:641} INFO - 25/02/21 09:34:48 INFO Executor: Adding file:/tmp/spark-e01624d4-2728-4f4c-b68f-4572334d1ea4/userFiles-63b46648-4c02-48f4-bbf2-450957624934/postgresql-42.2.18.jar to class loader
[2025-02-21T09:34:48.711+0000] {spark_submit.py:641} INFO - 25/02/21 09:34:48 INFO Utils: Successfully started service 'org.apache.spark.network.netty.NettyBlockTransferService' on port 37417.
[2025-02-21T09:34:48.713+0000] {spark_submit.py:641} INFO - 25/02/21 09:34:48 INFO NettyBlockTransferService: Server created on ***-airflow-scheduler:37417
[2025-02-21T09:34:48.714+0000] {spark_submit.py:641} INFO - 25/02/21 09:34:48 INFO BlockManager: Using org.apache.spark.storage.RandomBlockReplicationPolicy for block replication policy
[2025-02-21T09:34:48.722+0000] {spark_submit.py:641} INFO - 25/02/21 09:34:48 INFO BlockManagerMaster: Registering BlockManager BlockManagerId(driver, ***-airflow-scheduler, 37417, None)
[2025-02-21T09:34:48.726+0000] {spark_submit.py:641} INFO - 25/02/21 09:34:48 INFO BlockManagerMasterEndpoint: Registering block manager ***-airflow-scheduler:37417 with 434.4 MiB RAM, BlockManagerId(driver, ***-airflow-scheduler, 37417, None)
[2025-02-21T09:34:48.728+0000] {spark_submit.py:641} INFO - 25/02/21 09:34:48 INFO BlockManagerMaster: Registered BlockManager BlockManagerId(driver, ***-airflow-scheduler, 37417, None)
[2025-02-21T09:34:48.730+0000] {spark_submit.py:641} INFO - 25/02/21 09:34:48 INFO BlockManager: Initialized BlockManager: BlockManagerId(driver, ***-airflow-scheduler, 37417, None)
[2025-02-21T09:34:55.865+0000] {spark_submit.py:641} INFO - ---------------- MENAMPILKAN DATA HASIL EXTRACT ----------------
[2025-02-21T09:34:56.151+0000] {spark_submit.py:641} INFO - +-----------+-----------------+---------+---------+------+-------------------+---------------+---+--------------------+-----------------+---------------------+----------+------------------+
[2025-02-21T09:34:56.153+0000] {spark_submit.py:641} INFO - |employee_id|       department|   region|education|gender|recruitment_channel|no_of_trainings|age|previous_year_rating|length_of_service|KPIs_met_more_than_80|awards_won|avg_training_score|
[2025-02-21T09:34:56.155+0000] {spark_submit.py:641} INFO - +-----------+-----------------+---------+---------+------+-------------------+---------------+---+--------------------+-----------------+---------------------+----------+------------------+
[2025-02-21T09:34:56.156+0000] {spark_submit.py:641} INFO - |       8724|       Technology|region_26|Bachelors|     m|           sourcing|              1| 24|                null|                1|                    1|         0|                77|
[2025-02-21T09:34:56.158+0000] {spark_submit.py:641} INFO - |      74430|               HR| region_4|Bachelors|     f|              other|              1| 31|                   3|                5|                    0|         0|                51|
[2025-02-21T09:34:56.159+0000] {spark_submit.py:641} INFO - |      72255|Sales & Marketing|region_13|Bachelors|     m|              other|              1| 31|                   1|                4|                    0|         0|                47|
[2025-02-21T09:34:56.160+0000] {spark_submit.py:641} INFO - |      38562|      Procurement| region_2|Bachelors|     f|              other|              3| 31|                   2|                9|                    0|         0|                65|
[2025-02-21T09:34:56.162+0000] {spark_submit.py:641} INFO - |      64486|          Finance|region_29|Bachelors|     m|           sourcing|              1| 30|                   4|                7|                    0|         0|                61|
[2025-02-21T09:34:56.163+0000] {spark_submit.py:641} INFO - +-----------+-----------------+---------+---------+------+-------------------+---------------+---+--------------------+-----------------+---------------------+----------+------------------+
[2025-02-21T09:34:56.164+0000] {spark_submit.py:641} INFO - only showing top 5 rows
[2025-02-21T09:34:56.166+0000] {spark_submit.py:641} INFO - 
[2025-02-21T09:34:56.169+0000] {spark_submit.py:641} INFO - root
[2025-02-21T09:34:56.170+0000] {spark_submit.py:641} INFO - |-- employee_id: integer (nullable = true)
[2025-02-21T09:34:56.171+0000] {spark_submit.py:641} INFO - |-- department: string (nullable = true)
[2025-02-21T09:34:56.173+0000] {spark_submit.py:641} INFO - |-- region: string (nullable = true)
[2025-02-21T09:34:56.174+0000] {spark_submit.py:641} INFO - |-- education: string (nullable = true)
[2025-02-21T09:34:56.175+0000] {spark_submit.py:641} INFO - |-- gender: string (nullable = true)
[2025-02-21T09:34:56.176+0000] {spark_submit.py:641} INFO - |-- recruitment_channel: string (nullable = true)
[2025-02-21T09:34:56.177+0000] {spark_submit.py:641} INFO - |-- no_of_trainings: integer (nullable = true)
[2025-02-21T09:34:56.178+0000] {spark_submit.py:641} INFO - |-- age: integer (nullable = true)
[2025-02-21T09:34:56.179+0000] {spark_submit.py:641} INFO - |-- previous_year_rating: integer (nullable = true)
[2025-02-21T09:34:56.181+0000] {spark_submit.py:641} INFO - |-- length_of_service: integer (nullable = true)
[2025-02-21T09:34:56.183+0000] {spark_submit.py:641} INFO - |-- KPIs_met_more_than_80: integer (nullable = true)
[2025-02-21T09:34:56.185+0000] {spark_submit.py:641} INFO - |-- awards_won: integer (nullable = true)
[2025-02-21T09:34:56.187+0000] {spark_submit.py:641} INFO - |-- avg_training_score: integer (nullable = true)
[2025-02-21T09:34:56.188+0000] {spark_submit.py:641} INFO - 
[2025-02-21T09:34:57.046+0000] {spark_submit.py:641} INFO - Jumlah baris dalam DataFrame : 17417
[2025-02-21T09:34:57.048+0000] {spark_submit.py:641} INFO - Isi folder data/extracted.parquet :
[2025-02-21T09:34:57.050+0000] {spark_submit.py:641} INFO - ['part-00000-36c4fc47-4c95-4613-8d36-2f61a180dbfe-c000.snappy.parquet', '_SUCCESS', '.part-00000-36c4fc47-4c95-4613-8d36-2f61a180dbfe-c000.snappy.parquet.crc', '._SUCCESS.crc']
[2025-02-21T09:34:57.052+0000] {spark_submit.py:641} INFO - Extract data berhasil.
[2025-02-21T09:34:57.595+0000] {taskinstance.py:341} INFO - ::group::Post task execution logs
[2025-02-21T09:34:57.598+0000] {taskinstance.py:353} INFO - Marking task as SUCCESS. dag_id=***_v2_etl_dag, task_id=extract_task, run_id=manual__2025-02-21T09:21:09.662952+00:00, execution_date=20250221T092109, start_date=20250221T093444, end_date=20250221T093457
[2025-02-21T09:34:57.661+0000] {local_task_job_runner.py:266} INFO - Task exited with return code 0
[2025-02-21T09:34:57.696+0000] {taskinstance.py:3901} INFO - 1 downstream tasks scheduled from follow-on schedule check
[2025-02-21T09:34:57.700+0000] {local_task_job_runner.py:245} INFO - ::endgroup::
