[2025-02-21T09:43:12.564+0000] {local_task_job_runner.py:123} INFO - ::group::Pre task execution logs
[2025-02-21T09:43:12.591+0000] {taskinstance.py:2614} INFO - Dependencies all met for dep_context=non-requeueable deps ti=<TaskInstance: finprode8_v2_etl_dag.extract_task manual__2025-02-21T09:21:09.662952+00:00 [queued]>
[2025-02-21T09:43:12.603+0000] {taskinstance.py:2614} INFO - Dependencies all met for dep_context=requeueable deps ti=<TaskInstance: finprode8_v2_etl_dag.extract_task manual__2025-02-21T09:21:09.662952+00:00 [queued]>
[2025-02-21T09:43:12.605+0000] {taskinstance.py:2867} INFO - Starting attempt 12 of 12
[2025-02-21T09:43:12.623+0000] {taskinstance.py:2890} INFO - Executing <Task(SparkSubmitOperator): extract_task> on 2025-02-21 09:21:09.662952+00:00
[2025-02-21T09:43:12.629+0000] {standard_task_runner.py:72} INFO - Started process 6881 to run task
[2025-02-21T09:43:12.632+0000] {standard_task_runner.py:104} INFO - Running: ['airflow', 'tasks', 'run', '***_v2_etl_dag', 'extract_task', 'manual__2025-02-21T09:21:09.662952+00:00', '--job-id', '151', '--raw', '--subdir', 'DAGS_FOLDER/***_v2_etl_dag.py', '--cfg-path', '/tmp/tmp3m95tmji']
[2025-02-21T09:43:12.641+0000] {standard_task_runner.py:105} INFO - Job 151: Subtask extract_task
[2025-02-21T09:43:12.659+0000] {logging_mixin.py:190} WARNING - /home/airflow/.local/lib/python3.9/site-packages/airflow/settings.py:209 DeprecationWarning: The sql_alchemy_conn option in [core] has been moved to the sql_alchemy_conn option in [database] - the old setting has been used, but please update your config.
[2025-02-21T09:43:12.702+0000] {task_command.py:467} INFO - Running <TaskInstance: finprode8_v2_etl_dag.extract_task manual__2025-02-21T09:21:09.662952+00:00 [running]> on host ***-airflow-scheduler
[2025-02-21T09:43:12.791+0000] {taskinstance.py:3134} INFO - Exporting env vars: AIRFLOW_CTX_DAG_OWNER='ratih malini' AIRFLOW_CTX_DAG_ID='***_v2_etl_dag' AIRFLOW_CTX_TASK_ID='extract_task' AIRFLOW_CTX_EXECUTION_DATE='2025-02-21T09:21:09.662952+00:00' AIRFLOW_CTX_TRY_NUMBER='12' AIRFLOW_CTX_DAG_RUN_ID='manual__2025-02-21T09:21:09.662952+00:00'
[2025-02-21T09:43:12.794+0000] {taskinstance.py:732} INFO - ::endgroup::
[2025-02-21T09:43:12.823+0000] {base.py:84} INFO - Retrieving connection 'spark_main'
[2025-02-21T09:43:12.826+0000] {spark_submit.py:474} INFO - Spark-Submit cmd: spark-submit --master spark://***-spark-master:7077 --name arrow-spark /spark-scripts/***_v2_extract.py
[2025-02-21T09:43:15.418+0000] {spark_submit.py:641} INFO - 25/02/21 09:43:15 INFO SparkContext: Running Spark version 3.3.2
[2025-02-21T09:43:15.470+0000] {spark_submit.py:641} INFO - 25/02/21 09:43:15 WARN NativeCodeLoader: Unable to load native-hadoop library for your platform... using builtin-java classes where applicable
[2025-02-21T09:43:15.550+0000] {spark_submit.py:641} INFO - 25/02/21 09:43:15 INFO ResourceUtils: ==============================================================
[2025-02-21T09:43:15.552+0000] {spark_submit.py:641} INFO - 25/02/21 09:43:15 INFO ResourceUtils: No custom resources configured for spark.driver.
[2025-02-21T09:43:15.556+0000] {spark_submit.py:641} INFO - 25/02/21 09:43:15 INFO ResourceUtils: ==============================================================
[2025-02-21T09:43:15.559+0000] {spark_submit.py:641} INFO - 25/02/21 09:43:15 INFO SparkContext: Submitted application: ***_extract
[2025-02-21T09:43:15.576+0000] {spark_submit.py:641} INFO - 25/02/21 09:43:15 INFO ResourceProfile: Default ResourceProfile created, executor resources: Map(cores -> name: cores, amount: 1, script: , vendor: , memory -> name: memory, amount: 1024, script: , vendor: , offHeap -> name: offHeap, amount: 0, script: , vendor: ), task resources: Map(cpus -> name: cpus, amount: 1.0)
[2025-02-21T09:43:15.583+0000] {spark_submit.py:641} INFO - 25/02/21 09:43:15 INFO ResourceProfile: Limiting resource is cpu
[2025-02-21T09:43:15.584+0000] {spark_submit.py:641} INFO - 25/02/21 09:43:15 INFO ResourceProfileManager: Added ResourceProfile id: 0
[2025-02-21T09:43:15.628+0000] {spark_submit.py:641} INFO - 25/02/21 09:43:15 INFO SecurityManager: Changing view acls to: airflow
[2025-02-21T09:43:15.630+0000] {spark_submit.py:641} INFO - 25/02/21 09:43:15 INFO SecurityManager: Changing modify acls to: airflow
[2025-02-21T09:43:15.632+0000] {spark_submit.py:641} INFO - 25/02/21 09:43:15 INFO SecurityManager: Changing view acls groups to:
[2025-02-21T09:43:15.633+0000] {spark_submit.py:641} INFO - 25/02/21 09:43:15 INFO SecurityManager: Changing modify acls groups to:
[2025-02-21T09:43:15.635+0000] {spark_submit.py:641} INFO - 25/02/21 09:43:15 INFO SecurityManager: SecurityManager: authentication disabled; ui acls disabled; users  with view permissions: Set(airflow); groups with view permissions: Set(); users  with modify permissions: Set(airflow); groups with modify permissions: Set()
[2025-02-21T09:43:15.878+0000] {spark_submit.py:641} INFO - 25/02/21 09:43:15 INFO Utils: Successfully started service 'sparkDriver' on port 36275.
[2025-02-21T09:43:15.906+0000] {spark_submit.py:641} INFO - 25/02/21 09:43:15 INFO SparkEnv: Registering MapOutputTracker
[2025-02-21T09:43:15.946+0000] {spark_submit.py:641} INFO - 25/02/21 09:43:15 INFO SparkEnv: Registering BlockManagerMaster
[2025-02-21T09:43:15.965+0000] {spark_submit.py:641} INFO - 25/02/21 09:43:15 INFO BlockManagerMasterEndpoint: Using org.apache.spark.storage.DefaultTopologyMapper for getting topology information
[2025-02-21T09:43:15.967+0000] {spark_submit.py:641} INFO - 25/02/21 09:43:15 INFO BlockManagerMasterEndpoint: BlockManagerMasterEndpoint up
[2025-02-21T09:43:15.972+0000] {spark_submit.py:641} INFO - 25/02/21 09:43:15 INFO SparkEnv: Registering BlockManagerMasterHeartbeat
[2025-02-21T09:43:15.995+0000] {spark_submit.py:641} INFO - 25/02/21 09:43:15 INFO DiskBlockManager: Created local directory at /tmp/blockmgr-fd6cd3d5-1487-4d91-9fc6-171e49eac8c7
[2025-02-21T09:43:16.013+0000] {spark_submit.py:641} INFO - 25/02/21 09:43:16 INFO MemoryStore: MemoryStore started with capacity 434.4 MiB
[2025-02-21T09:43:16.030+0000] {spark_submit.py:641} INFO - 25/02/21 09:43:16 INFO SparkEnv: Registering OutputCommitCoordinator
[2025-02-21T09:43:16.264+0000] {spark_submit.py:641} INFO - 25/02/21 09:43:16 INFO Utils: Successfully started service 'SparkUI' on port 4040.
[2025-02-21T09:43:16.307+0000] {spark_submit.py:641} INFO - 25/02/21 09:43:16 INFO SparkContext: Added JAR /spark-scripts/jars/postgresql-42.2.18.jar at spark://***-airflow-scheduler:36275/jars/postgresql-42.2.18.jar with timestamp 1740130995408
[2025-02-21T09:43:16.377+0000] {spark_submit.py:641} INFO - 25/02/21 09:43:16 INFO Executor: Starting executor ID driver on host ***-airflow-scheduler
[2025-02-21T09:43:16.393+0000] {spark_submit.py:641} INFO - 25/02/21 09:43:16 INFO Executor: Starting executor with user classpath (userClassPathFirst = false): ''
[2025-02-21T09:43:16.405+0000] {spark_submit.py:641} INFO - 25/02/21 09:43:16 INFO Executor: Fetching spark://***-airflow-scheduler:36275/jars/postgresql-42.2.18.jar with timestamp 1740130995408
[2025-02-21T09:43:16.462+0000] {spark_submit.py:641} INFO - 25/02/21 09:43:16 INFO TransportClientFactory: Successfully created connection to ***-airflow-scheduler/172.19.0.6:36275 after 27 ms (0 ms spent in bootstraps)
[2025-02-21T09:43:16.466+0000] {spark_submit.py:641} INFO - 25/02/21 09:43:16 INFO Utils: Fetching spark://***-airflow-scheduler:36275/jars/postgresql-42.2.18.jar to /tmp/spark-36a2b575-cd93-4714-8139-6f7d822e71d4/userFiles-4b9c042b-6c8d-4ec1-af89-73079aa0f1d7/fetchFileTemp1489612675783004594.tmp
[2025-02-21T09:43:16.522+0000] {spark_submit.py:641} INFO - 25/02/21 09:43:16 INFO Executor: Adding file:/tmp/spark-36a2b575-cd93-4714-8139-6f7d822e71d4/userFiles-4b9c042b-6c8d-4ec1-af89-73079aa0f1d7/postgresql-42.2.18.jar to class loader
[2025-02-21T09:43:16.528+0000] {spark_submit.py:641} INFO - 25/02/21 09:43:16 INFO Utils: Successfully started service 'org.apache.spark.network.netty.NettyBlockTransferService' on port 40511.
[2025-02-21T09:43:16.530+0000] {spark_submit.py:641} INFO - 25/02/21 09:43:16 INFO NettyBlockTransferService: Server created on ***-airflow-scheduler:40511
[2025-02-21T09:43:16.531+0000] {spark_submit.py:641} INFO - 25/02/21 09:43:16 INFO BlockManager: Using org.apache.spark.storage.RandomBlockReplicationPolicy for block replication policy
[2025-02-21T09:43:16.540+0000] {spark_submit.py:641} INFO - 25/02/21 09:43:16 INFO BlockManagerMaster: Registering BlockManager BlockManagerId(driver, ***-airflow-scheduler, 40511, None)
[2025-02-21T09:43:16.544+0000] {spark_submit.py:641} INFO - 25/02/21 09:43:16 INFO BlockManagerMasterEndpoint: Registering block manager ***-airflow-scheduler:40511 with 434.4 MiB RAM, BlockManagerId(driver, ***-airflow-scheduler, 40511, None)
[2025-02-21T09:43:16.547+0000] {spark_submit.py:641} INFO - 25/02/21 09:43:16 INFO BlockManagerMaster: Registered BlockManager BlockManagerId(driver, ***-airflow-scheduler, 40511, None)
[2025-02-21T09:43:16.549+0000] {spark_submit.py:641} INFO - 25/02/21 09:43:16 INFO BlockManager: Initialized BlockManager: BlockManagerId(driver, ***-airflow-scheduler, 40511, None)
[2025-02-21T09:43:22.653+0000] {spark_submit.py:641} INFO - ---------------- MENAMPILKAN DATA HASIL EXTRACT ----------------
[2025-02-21T09:43:22.846+0000] {spark_submit.py:641} INFO - +-----------+-----------------+---------+---------+------+-------------------+---------------+---+--------------------+-----------------+---------------------+----------+------------------+
[2025-02-21T09:43:22.848+0000] {spark_submit.py:641} INFO - |employee_id|       department|   region|education|gender|recruitment_channel|no_of_trainings|age|previous_year_rating|length_of_service|KPIs_met_more_than_80|awards_won|avg_training_score|
[2025-02-21T09:43:22.849+0000] {spark_submit.py:641} INFO - +-----------+-----------------+---------+---------+------+-------------------+---------------+---+--------------------+-----------------+---------------------+----------+------------------+
[2025-02-21T09:43:22.850+0000] {spark_submit.py:641} INFO - |       8724|       Technology|region_26|Bachelors|     m|           sourcing|              1| 24|                null|                1|                    1|         0|                77|
[2025-02-21T09:43:22.851+0000] {spark_submit.py:641} INFO - |      74430|               HR| region_4|Bachelors|     f|              other|              1| 31|                   3|                5|                    0|         0|                51|
[2025-02-21T09:43:22.853+0000] {spark_submit.py:641} INFO - |      72255|Sales & Marketing|region_13|Bachelors|     m|              other|              1| 31|                   1|                4|                    0|         0|                47|
[2025-02-21T09:43:22.854+0000] {spark_submit.py:641} INFO - |      38562|      Procurement| region_2|Bachelors|     f|              other|              3| 31|                   2|                9|                    0|         0|                65|
[2025-02-21T09:43:22.855+0000] {spark_submit.py:641} INFO - |      64486|          Finance|region_29|Bachelors|     m|           sourcing|              1| 30|                   4|                7|                    0|         0|                61|
[2025-02-21T09:43:22.856+0000] {spark_submit.py:641} INFO - +-----------+-----------------+---------+---------+------+-------------------+---------------+---+--------------------+-----------------+---------------------+----------+------------------+
[2025-02-21T09:43:22.857+0000] {spark_submit.py:641} INFO - only showing top 5 rows
[2025-02-21T09:43:22.858+0000] {spark_submit.py:641} INFO - 
[2025-02-21T09:43:22.860+0000] {spark_submit.py:641} INFO - root
[2025-02-21T09:43:22.861+0000] {spark_submit.py:641} INFO - |-- employee_id: integer (nullable = true)
[2025-02-21T09:43:22.863+0000] {spark_submit.py:641} INFO - |-- department: string (nullable = true)
[2025-02-21T09:43:22.864+0000] {spark_submit.py:641} INFO - |-- region: string (nullable = true)
[2025-02-21T09:43:22.865+0000] {spark_submit.py:641} INFO - |-- education: string (nullable = true)
[2025-02-21T09:43:22.867+0000] {spark_submit.py:641} INFO - |-- gender: string (nullable = true)
[2025-02-21T09:43:22.868+0000] {spark_submit.py:641} INFO - |-- recruitment_channel: string (nullable = true)
[2025-02-21T09:43:22.870+0000] {spark_submit.py:641} INFO - |-- no_of_trainings: integer (nullable = true)
[2025-02-21T09:43:22.871+0000] {spark_submit.py:641} INFO - |-- age: integer (nullable = true)
[2025-02-21T09:43:22.872+0000] {spark_submit.py:641} INFO - |-- previous_year_rating: integer (nullable = true)
[2025-02-21T09:43:22.874+0000] {spark_submit.py:641} INFO - |-- length_of_service: integer (nullable = true)
[2025-02-21T09:43:22.876+0000] {spark_submit.py:641} INFO - |-- KPIs_met_more_than_80: integer (nullable = true)
[2025-02-21T09:43:22.877+0000] {spark_submit.py:641} INFO - |-- awards_won: integer (nullable = true)
[2025-02-21T09:43:22.879+0000] {spark_submit.py:641} INFO - |-- avg_training_score: integer (nullable = true)
[2025-02-21T09:43:22.880+0000] {spark_submit.py:641} INFO - 
[2025-02-21T09:43:23.280+0000] {spark_submit.py:641} INFO - Jumlah baris dalam DataFrame : 17417
[2025-02-21T09:43:23.282+0000] {spark_submit.py:641} INFO - Isi folder data/extracted.parquet :
[2025-02-21T09:43:23.283+0000] {spark_submit.py:641} INFO - ['part-00000-714fa46a-4490-4ca8-a3e1-b66438f1a578-c000.snappy.parquet', '.part-00000-714fa46a-4490-4ca8-a3e1-b66438f1a578-c000.snappy.parquet.crc', '_SUCCESS', '._SUCCESS.crc']
[2025-02-21T09:43:23.285+0000] {spark_submit.py:641} INFO - Extract data berhasil.
[2025-02-21T09:43:23.881+0000] {taskinstance.py:341} INFO - ::group::Post task execution logs
[2025-02-21T09:43:23.883+0000] {taskinstance.py:353} INFO - Marking task as SUCCESS. dag_id=***_v2_etl_dag, task_id=extract_task, run_id=manual__2025-02-21T09:21:09.662952+00:00, execution_date=20250221T092109, start_date=20250221T094312, end_date=20250221T094323
[2025-02-21T09:43:23.950+0000] {local_task_job_runner.py:266} INFO - Task exited with return code 0
[2025-02-21T09:43:23.981+0000] {taskinstance.py:3901} INFO - 1 downstream tasks scheduled from follow-on schedule check
[2025-02-21T09:43:23.985+0000] {local_task_job_runner.py:245} INFO - ::endgroup::
