[2025-02-21T09:39:39.141+0000] {local_task_job_runner.py:123} INFO - ::group::Pre task execution logs
[2025-02-21T09:39:39.165+0000] {taskinstance.py:2614} INFO - Dependencies all met for dep_context=non-requeueable deps ti=<TaskInstance: finprode8_v2_etl_dag.extract_task manual__2025-02-21T09:21:09.662952+00:00 [queued]>
[2025-02-21T09:39:39.178+0000] {taskinstance.py:2614} INFO - Dependencies all met for dep_context=requeueable deps ti=<TaskInstance: finprode8_v2_etl_dag.extract_task manual__2025-02-21T09:21:09.662952+00:00 [queued]>
[2025-02-21T09:39:39.179+0000] {taskinstance.py:2867} INFO - Starting attempt 9 of 9
[2025-02-21T09:39:39.195+0000] {taskinstance.py:2890} INFO - Executing <Task(SparkSubmitOperator): extract_task> on 2025-02-21 09:21:09.662952+00:00
[2025-02-21T09:39:39.202+0000] {standard_task_runner.py:72} INFO - Started process 4863 to run task
[2025-02-21T09:39:39.206+0000] {standard_task_runner.py:104} INFO - Running: ['airflow', 'tasks', 'run', '***_v2_etl_dag', 'extract_task', 'manual__2025-02-21T09:21:09.662952+00:00', '--job-id', '142', '--raw', '--subdir', 'DAGS_FOLDER/***_v2_etl_dag.py', '--cfg-path', '/tmp/tmp7y74ere5']
[2025-02-21T09:39:39.212+0000] {standard_task_runner.py:105} INFO - Job 142: Subtask extract_task
[2025-02-21T09:39:39.232+0000] {logging_mixin.py:190} WARNING - /home/airflow/.local/lib/python3.9/site-packages/airflow/settings.py:209 DeprecationWarning: The sql_alchemy_conn option in [core] has been moved to the sql_alchemy_conn option in [database] - the old setting has been used, but please update your config.
[2025-02-21T09:39:39.277+0000] {task_command.py:467} INFO - Running <TaskInstance: finprode8_v2_etl_dag.extract_task manual__2025-02-21T09:21:09.662952+00:00 [running]> on host ***-airflow-scheduler
[2025-02-21T09:39:39.371+0000] {taskinstance.py:3134} INFO - Exporting env vars: AIRFLOW_CTX_DAG_OWNER='ratih malini' AIRFLOW_CTX_DAG_ID='***_v2_etl_dag' AIRFLOW_CTX_TASK_ID='extract_task' AIRFLOW_CTX_EXECUTION_DATE='2025-02-21T09:21:09.662952+00:00' AIRFLOW_CTX_TRY_NUMBER='9' AIRFLOW_CTX_DAG_RUN_ID='manual__2025-02-21T09:21:09.662952+00:00'
[2025-02-21T09:39:39.374+0000] {taskinstance.py:732} INFO - ::endgroup::
[2025-02-21T09:39:39.402+0000] {base.py:84} INFO - Retrieving connection 'spark_main'
[2025-02-21T09:39:39.405+0000] {spark_submit.py:474} INFO - Spark-Submit cmd: spark-submit --master spark://***-spark-master:7077 --name arrow-spark /spark-scripts/***_v2_extract.py
[2025-02-21T09:39:42.211+0000] {spark_submit.py:641} INFO - 25/02/21 09:39:42 INFO SparkContext: Running Spark version 3.3.2
[2025-02-21T09:39:42.264+0000] {spark_submit.py:641} INFO - 25/02/21 09:39:42 WARN NativeCodeLoader: Unable to load native-hadoop library for your platform... using builtin-java classes where applicable
[2025-02-21T09:39:42.354+0000] {spark_submit.py:641} INFO - 25/02/21 09:39:42 INFO ResourceUtils: ==============================================================
[2025-02-21T09:39:42.357+0000] {spark_submit.py:641} INFO - 25/02/21 09:39:42 INFO ResourceUtils: No custom resources configured for spark.driver.
[2025-02-21T09:39:42.358+0000] {spark_submit.py:641} INFO - 25/02/21 09:39:42 INFO ResourceUtils: ==============================================================
[2025-02-21T09:39:42.360+0000] {spark_submit.py:641} INFO - 25/02/21 09:39:42 INFO SparkContext: Submitted application: ***_extract
[2025-02-21T09:39:42.380+0000] {spark_submit.py:641} INFO - 25/02/21 09:39:42 INFO ResourceProfile: Default ResourceProfile created, executor resources: Map(cores -> name: cores, amount: 1, script: , vendor: , memory -> name: memory, amount: 1024, script: , vendor: , offHeap -> name: offHeap, amount: 0, script: , vendor: ), task resources: Map(cpus -> name: cpus, amount: 1.0)
[2025-02-21T09:39:42.391+0000] {spark_submit.py:641} INFO - 25/02/21 09:39:42 INFO ResourceProfile: Limiting resource is cpu
[2025-02-21T09:39:42.392+0000] {spark_submit.py:641} INFO - 25/02/21 09:39:42 INFO ResourceProfileManager: Added ResourceProfile id: 0
[2025-02-21T09:39:42.446+0000] {spark_submit.py:641} INFO - 25/02/21 09:39:42 INFO SecurityManager: Changing view acls to: airflow
[2025-02-21T09:39:42.448+0000] {spark_submit.py:641} INFO - 25/02/21 09:39:42 INFO SecurityManager: Changing modify acls to: airflow
[2025-02-21T09:39:42.450+0000] {spark_submit.py:641} INFO - 25/02/21 09:39:42 INFO SecurityManager: Changing view acls groups to:
[2025-02-21T09:39:42.452+0000] {spark_submit.py:641} INFO - 25/02/21 09:39:42 INFO SecurityManager: Changing modify acls groups to:
[2025-02-21T09:39:42.454+0000] {spark_submit.py:641} INFO - 25/02/21 09:39:42 INFO SecurityManager: SecurityManager: authentication disabled; ui acls disabled; users  with view permissions: Set(airflow); groups with view permissions: Set(); users  with modify permissions: Set(airflow); groups with modify permissions: Set()
[2025-02-21T09:39:42.717+0000] {spark_submit.py:641} INFO - 25/02/21 09:39:42 INFO Utils: Successfully started service 'sparkDriver' on port 32951.
[2025-02-21T09:39:42.746+0000] {spark_submit.py:641} INFO - 25/02/21 09:39:42 INFO SparkEnv: Registering MapOutputTracker
[2025-02-21T09:39:42.781+0000] {spark_submit.py:641} INFO - 25/02/21 09:39:42 INFO SparkEnv: Registering BlockManagerMaster
[2025-02-21T09:39:42.796+0000] {spark_submit.py:641} INFO - 25/02/21 09:39:42 INFO BlockManagerMasterEndpoint: Using org.apache.spark.storage.DefaultTopologyMapper for getting topology information
[2025-02-21T09:39:42.798+0000] {spark_submit.py:641} INFO - 25/02/21 09:39:42 INFO BlockManagerMasterEndpoint: BlockManagerMasterEndpoint up
[2025-02-21T09:39:42.802+0000] {spark_submit.py:641} INFO - 25/02/21 09:39:42 INFO SparkEnv: Registering BlockManagerMasterHeartbeat
[2025-02-21T09:39:42.824+0000] {spark_submit.py:641} INFO - 25/02/21 09:39:42 INFO DiskBlockManager: Created local directory at /tmp/blockmgr-03f809bf-ff94-4e42-accf-ec607389b25f
[2025-02-21T09:39:42.840+0000] {spark_submit.py:641} INFO - 25/02/21 09:39:42 INFO MemoryStore: MemoryStore started with capacity 434.4 MiB
[2025-02-21T09:39:42.858+0000] {spark_submit.py:641} INFO - 25/02/21 09:39:42 INFO SparkEnv: Registering OutputCommitCoordinator
[2025-02-21T09:39:43.039+0000] {spark_submit.py:641} INFO - 25/02/21 09:39:43 INFO Utils: Successfully started service 'SparkUI' on port 4040.
[2025-02-21T09:39:43.090+0000] {spark_submit.py:641} INFO - 25/02/21 09:39:43 INFO SparkContext: Added JAR /spark-scripts/jars/postgresql-42.2.18.jar at spark://***-airflow-scheduler:32951/jars/postgresql-42.2.18.jar with timestamp 1740130782202
[2025-02-21T09:39:43.166+0000] {spark_submit.py:641} INFO - 25/02/21 09:39:43 INFO Executor: Starting executor ID driver on host ***-airflow-scheduler
[2025-02-21T09:39:43.178+0000] {spark_submit.py:641} INFO - 25/02/21 09:39:43 INFO Executor: Starting executor with user classpath (userClassPathFirst = false): ''
[2025-02-21T09:39:43.194+0000] {spark_submit.py:641} INFO - 25/02/21 09:39:43 INFO Executor: Fetching spark://***-airflow-scheduler:32951/jars/postgresql-42.2.18.jar with timestamp 1740130782202
[2025-02-21T09:39:43.241+0000] {spark_submit.py:641} INFO - 25/02/21 09:39:43 INFO TransportClientFactory: Successfully created connection to ***-airflow-scheduler/172.19.0.6:32951 after 25 ms (0 ms spent in bootstraps)
[2025-02-21T09:39:43.246+0000] {spark_submit.py:641} INFO - 25/02/21 09:39:43 INFO Utils: Fetching spark://***-airflow-scheduler:32951/jars/postgresql-42.2.18.jar to /tmp/spark-f71f7544-2df5-453d-8cee-995e46540a3d/userFiles-c99f2187-b74a-4495-9d8b-660fd4f57803/fetchFileTemp10001482660158222516.tmp
[2025-02-21T09:39:43.315+0000] {spark_submit.py:641} INFO - 25/02/21 09:39:43 INFO Executor: Adding file:/tmp/spark-f71f7544-2df5-453d-8cee-995e46540a3d/userFiles-c99f2187-b74a-4495-9d8b-660fd4f57803/postgresql-42.2.18.jar to class loader
[2025-02-21T09:39:43.324+0000] {spark_submit.py:641} INFO - 25/02/21 09:39:43 INFO Utils: Successfully started service 'org.apache.spark.network.netty.NettyBlockTransferService' on port 43947.
[2025-02-21T09:39:43.326+0000] {spark_submit.py:641} INFO - 25/02/21 09:39:43 INFO NettyBlockTransferService: Server created on ***-airflow-scheduler:43947
[2025-02-21T09:39:43.328+0000] {spark_submit.py:641} INFO - 25/02/21 09:39:43 INFO BlockManager: Using org.apache.spark.storage.RandomBlockReplicationPolicy for block replication policy
[2025-02-21T09:39:43.334+0000] {spark_submit.py:641} INFO - 25/02/21 09:39:43 INFO BlockManagerMaster: Registering BlockManager BlockManagerId(driver, ***-airflow-scheduler, 43947, None)
[2025-02-21T09:39:43.339+0000] {spark_submit.py:641} INFO - 25/02/21 09:39:43 INFO BlockManagerMasterEndpoint: Registering block manager ***-airflow-scheduler:43947 with 434.4 MiB RAM, BlockManagerId(driver, ***-airflow-scheduler, 43947, None)
[2025-02-21T09:39:43.342+0000] {spark_submit.py:641} INFO - 25/02/21 09:39:43 INFO BlockManagerMaster: Registered BlockManager BlockManagerId(driver, ***-airflow-scheduler, 43947, None)
[2025-02-21T09:39:43.344+0000] {spark_submit.py:641} INFO - 25/02/21 09:39:43 INFO BlockManager: Initialized BlockManager: BlockManagerId(driver, ***-airflow-scheduler, 43947, None)
[2025-02-21T09:39:50.736+0000] {spark_submit.py:641} INFO - ---------------- MENAMPILKAN DATA HASIL EXTRACT ----------------
[2025-02-21T09:39:50.969+0000] {spark_submit.py:641} INFO - +-----------+-----------------+---------+---------+------+-------------------+---------------+---+--------------------+-----------------+---------------------+----------+------------------+
[2025-02-21T09:39:50.970+0000] {spark_submit.py:641} INFO - |employee_id|       department|   region|education|gender|recruitment_channel|no_of_trainings|age|previous_year_rating|length_of_service|KPIs_met_more_than_80|awards_won|avg_training_score|
[2025-02-21T09:39:50.971+0000] {spark_submit.py:641} INFO - +-----------+-----------------+---------+---------+------+-------------------+---------------+---+--------------------+-----------------+---------------------+----------+------------------+
[2025-02-21T09:39:50.973+0000] {spark_submit.py:641} INFO - |       8724|       Technology|region_26|Bachelors|     m|           sourcing|              1| 24|                null|                1|                    1|         0|                77|
[2025-02-21T09:39:50.974+0000] {spark_submit.py:641} INFO - |      74430|               HR| region_4|Bachelors|     f|              other|              1| 31|                   3|                5|                    0|         0|                51|
[2025-02-21T09:39:50.976+0000] {spark_submit.py:641} INFO - |      72255|Sales & Marketing|region_13|Bachelors|     m|              other|              1| 31|                   1|                4|                    0|         0|                47|
[2025-02-21T09:39:50.977+0000] {spark_submit.py:641} INFO - |      38562|      Procurement| region_2|Bachelors|     f|              other|              3| 31|                   2|                9|                    0|         0|                65|
[2025-02-21T09:39:50.978+0000] {spark_submit.py:641} INFO - |      64486|          Finance|region_29|Bachelors|     m|           sourcing|              1| 30|                   4|                7|                    0|         0|                61|
[2025-02-21T09:39:50.980+0000] {spark_submit.py:641} INFO - +-----------+-----------------+---------+---------+------+-------------------+---------------+---+--------------------+-----------------+---------------------+----------+------------------+
[2025-02-21T09:39:50.981+0000] {spark_submit.py:641} INFO - only showing top 5 rows
[2025-02-21T09:39:50.982+0000] {spark_submit.py:641} INFO - 
[2025-02-21T09:39:50.985+0000] {spark_submit.py:641} INFO - root
[2025-02-21T09:39:50.987+0000] {spark_submit.py:641} INFO - |-- employee_id: integer (nullable = true)
[2025-02-21T09:39:50.989+0000] {spark_submit.py:641} INFO - |-- department: string (nullable = true)
[2025-02-21T09:39:50.991+0000] {spark_submit.py:641} INFO - |-- region: string (nullable = true)
[2025-02-21T09:39:50.992+0000] {spark_submit.py:641} INFO - |-- education: string (nullable = true)
[2025-02-21T09:39:50.993+0000] {spark_submit.py:641} INFO - |-- gender: string (nullable = true)
[2025-02-21T09:39:50.994+0000] {spark_submit.py:641} INFO - |-- recruitment_channel: string (nullable = true)
[2025-02-21T09:39:50.995+0000] {spark_submit.py:641} INFO - |-- no_of_trainings: integer (nullable = true)
[2025-02-21T09:39:50.996+0000] {spark_submit.py:641} INFO - |-- age: integer (nullable = true)
[2025-02-21T09:39:50.997+0000] {spark_submit.py:641} INFO - |-- previous_year_rating: integer (nullable = true)
[2025-02-21T09:39:51.001+0000] {spark_submit.py:641} INFO - |-- length_of_service: integer (nullable = true)
[2025-02-21T09:39:51.003+0000] {spark_submit.py:641} INFO - |-- KPIs_met_more_than_80: integer (nullable = true)
[2025-02-21T09:39:51.004+0000] {spark_submit.py:641} INFO - |-- awards_won: integer (nullable = true)
[2025-02-21T09:39:51.006+0000] {spark_submit.py:641} INFO - |-- avg_training_score: integer (nullable = true)
[2025-02-21T09:39:51.007+0000] {spark_submit.py:641} INFO - 
[2025-02-21T09:39:51.535+0000] {spark_submit.py:641} INFO - Jumlah baris dalam DataFrame : 17417
[2025-02-21T09:39:51.536+0000] {spark_submit.py:641} INFO - Isi folder data/extracted.parquet :
[2025-02-21T09:39:51.538+0000] {spark_submit.py:641} INFO - ['part-00000-c3b304c6-e5aa-488d-a14a-47f8307a2342-c000.snappy.parquet', '.part-00000-c3b304c6-e5aa-488d-a14a-47f8307a2342-c000.snappy.parquet.crc', '_SUCCESS', '._SUCCESS.crc']
[2025-02-21T09:39:51.539+0000] {spark_submit.py:641} INFO - Extract data berhasil.
[2025-02-21T09:39:51.924+0000] {taskinstance.py:341} INFO - ::group::Post task execution logs
[2025-02-21T09:39:51.927+0000] {taskinstance.py:353} INFO - Marking task as SUCCESS. dag_id=***_v2_etl_dag, task_id=extract_task, run_id=manual__2025-02-21T09:21:09.662952+00:00, execution_date=20250221T092109, start_date=20250221T093939, end_date=20250221T093951
[2025-02-21T09:39:51.981+0000] {local_task_job_runner.py:266} INFO - Task exited with return code 0
[2025-02-21T09:39:52.011+0000] {taskinstance.py:3901} INFO - 1 downstream tasks scheduled from follow-on schedule check
[2025-02-21T09:39:52.017+0000] {local_task_job_runner.py:245} INFO - ::endgroup::
