[2025-02-21T09:49:47.200+0000] {local_task_job_runner.py:123} INFO - ::group::Pre task execution logs
[2025-02-21T09:49:47.229+0000] {taskinstance.py:2614} INFO - Dependencies all met for dep_context=non-requeueable deps ti=<TaskInstance: finprode8_v2_etl_dag.extract_task manual__2025-02-21T09:21:09.662952+00:00 [queued]>
[2025-02-21T09:49:47.244+0000] {taskinstance.py:2614} INFO - Dependencies all met for dep_context=requeueable deps ti=<TaskInstance: finprode8_v2_etl_dag.extract_task manual__2025-02-21T09:21:09.662952+00:00 [queued]>
[2025-02-21T09:49:47.246+0000] {taskinstance.py:2867} INFO - Starting attempt 13 of 13
[2025-02-21T09:49:47.271+0000] {taskinstance.py:2890} INFO - Executing <Task(SparkSubmitOperator): extract_task> on 2025-02-21 09:21:09.662952+00:00
[2025-02-21T09:49:47.277+0000] {standard_task_runner.py:72} INFO - Started process 7678 to run task
[2025-02-21T09:49:47.285+0000] {standard_task_runner.py:104} INFO - Running: ['airflow', 'tasks', 'run', '***_v2_etl_dag', 'extract_task', 'manual__2025-02-21T09:21:09.662952+00:00', '--job-id', '154', '--raw', '--subdir', 'DAGS_FOLDER/***_v2_etl_dag.py', '--cfg-path', '/tmp/tmpsoh857j9']
[2025-02-21T09:49:47.292+0000] {standard_task_runner.py:105} INFO - Job 154: Subtask extract_task
[2025-02-21T09:49:47.314+0000] {logging_mixin.py:190} WARNING - /home/airflow/.local/lib/python3.9/site-packages/airflow/settings.py:209 DeprecationWarning: The sql_alchemy_conn option in [core] has been moved to the sql_alchemy_conn option in [database] - the old setting has been used, but please update your config.
[2025-02-21T09:49:47.362+0000] {task_command.py:467} INFO - Running <TaskInstance: finprode8_v2_etl_dag.extract_task manual__2025-02-21T09:21:09.662952+00:00 [running]> on host ***-airflow-scheduler
[2025-02-21T09:49:47.485+0000] {taskinstance.py:3134} INFO - Exporting env vars: AIRFLOW_CTX_DAG_OWNER='ratih malini' AIRFLOW_CTX_DAG_ID='***_v2_etl_dag' AIRFLOW_CTX_TASK_ID='extract_task' AIRFLOW_CTX_EXECUTION_DATE='2025-02-21T09:21:09.662952+00:00' AIRFLOW_CTX_TRY_NUMBER='13' AIRFLOW_CTX_DAG_RUN_ID='manual__2025-02-21T09:21:09.662952+00:00'
[2025-02-21T09:49:47.488+0000] {taskinstance.py:732} INFO - ::endgroup::
[2025-02-21T09:49:47.518+0000] {base.py:84} INFO - Retrieving connection 'spark_main'
[2025-02-21T09:49:47.521+0000] {spark_submit.py:474} INFO - Spark-Submit cmd: spark-submit --master spark://***-spark-master:7077 --name arrow-spark /spark-scripts/***_v2_extract.py
[2025-02-21T09:49:50.566+0000] {spark_submit.py:641} INFO - 25/02/21 09:49:50 INFO SparkContext: Running Spark version 3.3.2
[2025-02-21T09:49:50.628+0000] {spark_submit.py:641} INFO - 25/02/21 09:49:50 WARN NativeCodeLoader: Unable to load native-hadoop library for your platform... using builtin-java classes where applicable
[2025-02-21T09:49:50.734+0000] {spark_submit.py:641} INFO - 25/02/21 09:49:50 INFO ResourceUtils: ==============================================================
[2025-02-21T09:49:50.736+0000] {spark_submit.py:641} INFO - 25/02/21 09:49:50 INFO ResourceUtils: No custom resources configured for spark.driver.
[2025-02-21T09:49:50.737+0000] {spark_submit.py:641} INFO - 25/02/21 09:49:50 INFO ResourceUtils: ==============================================================
[2025-02-21T09:49:50.739+0000] {spark_submit.py:641} INFO - 25/02/21 09:49:50 INFO SparkContext: Submitted application: ***_extract
[2025-02-21T09:49:50.756+0000] {spark_submit.py:641} INFO - 25/02/21 09:49:50 INFO ResourceProfile: Default ResourceProfile created, executor resources: Map(cores -> name: cores, amount: 1, script: , vendor: , memory -> name: memory, amount: 1024, script: , vendor: , offHeap -> name: offHeap, amount: 0, script: , vendor: ), task resources: Map(cpus -> name: cpus, amount: 1.0)
[2025-02-21T09:49:50.763+0000] {spark_submit.py:641} INFO - 25/02/21 09:49:50 INFO ResourceProfile: Limiting resource is cpu
[2025-02-21T09:49:50.765+0000] {spark_submit.py:641} INFO - 25/02/21 09:49:50 INFO ResourceProfileManager: Added ResourceProfile id: 0
[2025-02-21T09:49:50.818+0000] {spark_submit.py:641} INFO - 25/02/21 09:49:50 INFO SecurityManager: Changing view acls to: airflow
[2025-02-21T09:49:50.820+0000] {spark_submit.py:641} INFO - 25/02/21 09:49:50 INFO SecurityManager: Changing modify acls to: airflow
[2025-02-21T09:49:50.821+0000] {spark_submit.py:641} INFO - 25/02/21 09:49:50 INFO SecurityManager: Changing view acls groups to:
[2025-02-21T09:49:50.823+0000] {spark_submit.py:641} INFO - 25/02/21 09:49:50 INFO SecurityManager: Changing modify acls groups to:
[2025-02-21T09:49:50.824+0000] {spark_submit.py:641} INFO - 25/02/21 09:49:50 INFO SecurityManager: SecurityManager: authentication disabled; ui acls disabled; users  with view permissions: Set(airflow); groups with view permissions: Set(); users  with modify permissions: Set(airflow); groups with modify permissions: Set()
[2025-02-21T09:49:51.055+0000] {spark_submit.py:641} INFO - 25/02/21 09:49:51 INFO Utils: Successfully started service 'sparkDriver' on port 37275.
[2025-02-21T09:49:51.089+0000] {spark_submit.py:641} INFO - 25/02/21 09:49:51 INFO SparkEnv: Registering MapOutputTracker
[2025-02-21T09:49:51.125+0000] {spark_submit.py:641} INFO - 25/02/21 09:49:51 INFO SparkEnv: Registering BlockManagerMaster
[2025-02-21T09:49:51.144+0000] {spark_submit.py:641} INFO - 25/02/21 09:49:51 INFO BlockManagerMasterEndpoint: Using org.apache.spark.storage.DefaultTopologyMapper for getting topology information
[2025-02-21T09:49:51.146+0000] {spark_submit.py:641} INFO - 25/02/21 09:49:51 INFO BlockManagerMasterEndpoint: BlockManagerMasterEndpoint up
[2025-02-21T09:49:51.150+0000] {spark_submit.py:641} INFO - 25/02/21 09:49:51 INFO SparkEnv: Registering BlockManagerMasterHeartbeat
[2025-02-21T09:49:51.172+0000] {spark_submit.py:641} INFO - 25/02/21 09:49:51 INFO DiskBlockManager: Created local directory at /tmp/blockmgr-e27034e7-7f8d-423b-bcd7-c55dc746c1b5
[2025-02-21T09:49:51.188+0000] {spark_submit.py:641} INFO - 25/02/21 09:49:51 INFO MemoryStore: MemoryStore started with capacity 434.4 MiB
[2025-02-21T09:49:51.206+0000] {spark_submit.py:641} INFO - 25/02/21 09:49:51 INFO SparkEnv: Registering OutputCommitCoordinator
[2025-02-21T09:49:51.524+0000] {spark_submit.py:641} INFO - 25/02/21 09:49:51 INFO Utils: Successfully started service 'SparkUI' on port 4040.
[2025-02-21T09:49:51.590+0000] {spark_submit.py:641} INFO - 25/02/21 09:49:51 INFO SparkContext: Added JAR /spark-scripts/jars/postgresql-42.2.18.jar at spark://***-airflow-scheduler:37275/jars/postgresql-42.2.18.jar with timestamp 1740131390555
[2025-02-21T09:49:51.673+0000] {spark_submit.py:641} INFO - 25/02/21 09:49:51 INFO Executor: Starting executor ID driver on host ***-airflow-scheduler
[2025-02-21T09:49:51.686+0000] {spark_submit.py:641} INFO - 25/02/21 09:49:51 INFO Executor: Starting executor with user classpath (userClassPathFirst = false): ''
[2025-02-21T09:49:51.700+0000] {spark_submit.py:641} INFO - 25/02/21 09:49:51 INFO Executor: Fetching spark://***-airflow-scheduler:37275/jars/postgresql-42.2.18.jar with timestamp 1740131390555
[2025-02-21T09:49:51.754+0000] {spark_submit.py:641} INFO - 25/02/21 09:49:51 INFO TransportClientFactory: Successfully created connection to ***-airflow-scheduler/172.19.0.6:37275 after 29 ms (0 ms spent in bootstraps)
[2025-02-21T09:49:51.760+0000] {spark_submit.py:641} INFO - 25/02/21 09:49:51 INFO Utils: Fetching spark://***-airflow-scheduler:37275/jars/postgresql-42.2.18.jar to /tmp/spark-6fac36d6-fbe6-4692-8da4-17c32e15102f/userFiles-c90abf66-3b54-4c5a-b028-625441c13e5f/fetchFileTemp17155595774014563151.tmp
[2025-02-21T09:49:51.836+0000] {spark_submit.py:641} INFO - 25/02/21 09:49:51 INFO Executor: Adding file:/tmp/spark-6fac36d6-fbe6-4692-8da4-17c32e15102f/userFiles-c90abf66-3b54-4c5a-b028-625441c13e5f/postgresql-42.2.18.jar to class loader
[2025-02-21T09:49:51.844+0000] {spark_submit.py:641} INFO - 25/02/21 09:49:51 INFO Utils: Successfully started service 'org.apache.spark.network.netty.NettyBlockTransferService' on port 44387.
[2025-02-21T09:49:51.846+0000] {spark_submit.py:641} INFO - 25/02/21 09:49:51 INFO NettyBlockTransferService: Server created on ***-airflow-scheduler:44387
[2025-02-21T09:49:51.848+0000] {spark_submit.py:641} INFO - 25/02/21 09:49:51 INFO BlockManager: Using org.apache.spark.storage.RandomBlockReplicationPolicy for block replication policy
[2025-02-21T09:49:51.854+0000] {spark_submit.py:641} INFO - 25/02/21 09:49:51 INFO BlockManagerMaster: Registering BlockManager BlockManagerId(driver, ***-airflow-scheduler, 44387, None)
[2025-02-21T09:49:51.860+0000] {spark_submit.py:641} INFO - 25/02/21 09:49:51 INFO BlockManagerMasterEndpoint: Registering block manager ***-airflow-scheduler:44387 with 434.4 MiB RAM, BlockManagerId(driver, ***-airflow-scheduler, 44387, None)
[2025-02-21T09:49:51.863+0000] {spark_submit.py:641} INFO - 25/02/21 09:49:51 INFO BlockManagerMaster: Registered BlockManager BlockManagerId(driver, ***-airflow-scheduler, 44387, None)
[2025-02-21T09:49:51.864+0000] {spark_submit.py:641} INFO - 25/02/21 09:49:51 INFO BlockManager: Initialized BlockManager: BlockManagerId(driver, ***-airflow-scheduler, 44387, None)
[2025-02-21T09:49:59.133+0000] {spark_submit.py:641} INFO - ---------------- MENAMPILKAN DATA HASIL EXTRACT ----------------
[2025-02-21T09:49:59.338+0000] {spark_submit.py:641} INFO - +-----------+-----------------+---------+---------+------+-------------------+---------------+---+--------------------+-----------------+---------------------+----------+------------------+
[2025-02-21T09:49:59.339+0000] {spark_submit.py:641} INFO - |employee_id|       department|   region|education|gender|recruitment_channel|no_of_trainings|age|previous_year_rating|length_of_service|KPIs_met_more_than_80|awards_won|avg_training_score|
[2025-02-21T09:49:59.341+0000] {spark_submit.py:641} INFO - +-----------+-----------------+---------+---------+------+-------------------+---------------+---+--------------------+-----------------+---------------------+----------+------------------+
[2025-02-21T09:49:59.342+0000] {spark_submit.py:641} INFO - |       8724|       Technology|region_26|Bachelors|     m|           sourcing|              1| 24|                null|                1|                    1|         0|                77|
[2025-02-21T09:49:59.343+0000] {spark_submit.py:641} INFO - |      74430|               HR| region_4|Bachelors|     f|              other|              1| 31|                   3|                5|                    0|         0|                51|
[2025-02-21T09:49:59.344+0000] {spark_submit.py:641} INFO - |      72255|Sales & Marketing|region_13|Bachelors|     m|              other|              1| 31|                   1|                4|                    0|         0|                47|
[2025-02-21T09:49:59.346+0000] {spark_submit.py:641} INFO - |      38562|      Procurement| region_2|Bachelors|     f|              other|              3| 31|                   2|                9|                    0|         0|                65|
[2025-02-21T09:49:59.347+0000] {spark_submit.py:641} INFO - |      64486|          Finance|region_29|Bachelors|     m|           sourcing|              1| 30|                   4|                7|                    0|         0|                61|
[2025-02-21T09:49:59.349+0000] {spark_submit.py:641} INFO - +-----------+-----------------+---------+---------+------+-------------------+---------------+---+--------------------+-----------------+---------------------+----------+------------------+
[2025-02-21T09:49:59.350+0000] {spark_submit.py:641} INFO - only showing top 5 rows
[2025-02-21T09:49:59.352+0000] {spark_submit.py:641} INFO - 
[2025-02-21T09:49:59.354+0000] {spark_submit.py:641} INFO - root
[2025-02-21T09:49:59.355+0000] {spark_submit.py:641} INFO - |-- employee_id: integer (nullable = true)
[2025-02-21T09:49:59.356+0000] {spark_submit.py:641} INFO - |-- department: string (nullable = true)
[2025-02-21T09:49:59.357+0000] {spark_submit.py:641} INFO - |-- region: string (nullable = true)
[2025-02-21T09:49:59.358+0000] {spark_submit.py:641} INFO - |-- education: string (nullable = true)
[2025-02-21T09:49:59.360+0000] {spark_submit.py:641} INFO - |-- gender: string (nullable = true)
[2025-02-21T09:49:59.361+0000] {spark_submit.py:641} INFO - |-- recruitment_channel: string (nullable = true)
[2025-02-21T09:49:59.362+0000] {spark_submit.py:641} INFO - |-- no_of_trainings: integer (nullable = true)
[2025-02-21T09:49:59.363+0000] {spark_submit.py:641} INFO - |-- age: integer (nullable = true)
[2025-02-21T09:49:59.364+0000] {spark_submit.py:641} INFO - |-- previous_year_rating: integer (nullable = true)
[2025-02-21T09:49:59.366+0000] {spark_submit.py:641} INFO - |-- length_of_service: integer (nullable = true)
[2025-02-21T09:49:59.368+0000] {spark_submit.py:641} INFO - |-- KPIs_met_more_than_80: integer (nullable = true)
[2025-02-21T09:49:59.369+0000] {spark_submit.py:641} INFO - |-- awards_won: integer (nullable = true)
[2025-02-21T09:49:59.370+0000] {spark_submit.py:641} INFO - |-- avg_training_score: integer (nullable = true)
[2025-02-21T09:49:59.371+0000] {spark_submit.py:641} INFO - 
[2025-02-21T09:49:59.790+0000] {spark_submit.py:641} INFO - Jumlah baris dalam DataFrame : 17417
[2025-02-21T09:49:59.791+0000] {spark_submit.py:641} INFO - Isi folder data/extracted.parquet :
[2025-02-21T09:49:59.793+0000] {spark_submit.py:641} INFO - ['.part-00000-bc74cd50-a06b-4998-97cf-4dbf07ee18f0-c000.snappy.parquet.crc', '_SUCCESS', 'part-00000-bc74cd50-a06b-4998-97cf-4dbf07ee18f0-c000.snappy.parquet', '._SUCCESS.crc']
[2025-02-21T09:49:59.794+0000] {spark_submit.py:641} INFO - Extract data berhasil.
[2025-02-21T09:50:00.316+0000] {taskinstance.py:341} INFO - ::group::Post task execution logs
[2025-02-21T09:50:00.319+0000] {taskinstance.py:353} INFO - Marking task as SUCCESS. dag_id=***_v2_etl_dag, task_id=extract_task, run_id=manual__2025-02-21T09:21:09.662952+00:00, execution_date=20250221T092109, start_date=20250221T094947, end_date=20250221T095000
[2025-02-21T09:50:00.377+0000] {local_task_job_runner.py:266} INFO - Task exited with return code 0
[2025-02-21T09:50:00.414+0000] {taskinstance.py:3901} INFO - 1 downstream tasks scheduled from follow-on schedule check
[2025-02-21T09:50:00.419+0000] {local_task_job_runner.py:245} INFO - ::endgroup::
