[2025-02-21T09:21:15.144+0000] {local_task_job_runner.py:123} INFO - ::group::Pre task execution logs
[2025-02-21T09:21:15.211+0000] {taskinstance.py:2614} INFO - Dependencies all met for dep_context=non-requeueable deps ti=<TaskInstance: finprode8_v2_etl_dag.extract_task manual__2025-02-21T09:21:09.662952+00:00 [queued]>
[2025-02-21T09:21:15.263+0000] {taskinstance.py:2614} INFO - Dependencies all met for dep_context=requeueable deps ti=<TaskInstance: finprode8_v2_etl_dag.extract_task manual__2025-02-21T09:21:09.662952+00:00 [queued]>
[2025-02-21T09:21:15.266+0000] {taskinstance.py:2867} INFO - Starting attempt 1 of 1
[2025-02-21T09:21:15.333+0000] {taskinstance.py:2890} INFO - Executing <Task(SparkSubmitOperator): extract_task> on 2025-02-21 09:21:09.662952+00:00
[2025-02-21T09:21:15.347+0000] {standard_task_runner.py:72} INFO - Started process 257 to run task
[2025-02-21T09:21:15.414+0000] {standard_task_runner.py:104} INFO - Running: ['airflow', 'tasks', 'run', '***_v2_etl_dag', 'extract_task', 'manual__2025-02-21T09:21:09.662952+00:00', '--job-id', '121', '--raw', '--subdir', 'DAGS_FOLDER/***_v2_etl_dag.py', '--cfg-path', '/tmp/tmprqgx41ui']
[2025-02-21T09:21:15.446+0000] {standard_task_runner.py:105} INFO - Job 121: Subtask extract_task
[2025-02-21T09:21:15.505+0000] {logging_mixin.py:190} WARNING - /home/airflow/.local/lib/python3.9/site-packages/airflow/settings.py:209 DeprecationWarning: The sql_alchemy_conn option in [core] has been moved to the sql_alchemy_conn option in [database] - the old setting has been used, but please update your config.
[2025-02-21T09:21:15.770+0000] {task_command.py:467} INFO - Running <TaskInstance: finprode8_v2_etl_dag.extract_task manual__2025-02-21T09:21:09.662952+00:00 [running]> on host ***-airflow-scheduler
[2025-02-21T09:21:16.471+0000] {taskinstance.py:3134} INFO - Exporting env vars: AIRFLOW_CTX_DAG_OWNER='ratih malini' AIRFLOW_CTX_DAG_ID='***_v2_etl_dag' AIRFLOW_CTX_TASK_ID='extract_task' AIRFLOW_CTX_EXECUTION_DATE='2025-02-21T09:21:09.662952+00:00' AIRFLOW_CTX_TRY_NUMBER='1' AIRFLOW_CTX_DAG_RUN_ID='manual__2025-02-21T09:21:09.662952+00:00'
[2025-02-21T09:21:16.481+0000] {taskinstance.py:732} INFO - ::endgroup::
[2025-02-21T09:21:16.687+0000] {base.py:84} INFO - Retrieving connection 'spark_main'
[2025-02-21T09:21:16.691+0000] {spark_submit.py:474} INFO - Spark-Submit cmd: spark-submit --master spark://***-spark-master:7077 --packages org.postgresql:postgresql:42.2.18 --name arrow-spark /spark-scripts/***_v2_extract.py
[2025-02-21T09:21:23.521+0000] {spark_submit.py:641} INFO - :: loading settings :: url = jar:file:/home/airflow/.local/lib/python3.9/site-packages/pyspark/jars/ivy-2.5.1.jar!/org/apache/ivy/core/settings/ivysettings.xml
[2025-02-21T09:21:23.670+0000] {spark_submit.py:641} INFO - Ivy Default Cache set to: /home/airflow/.ivy2/cache
[2025-02-21T09:21:23.673+0000] {spark_submit.py:641} INFO - The jars for the packages stored in: /home/airflow/.ivy2/jars
[2025-02-21T09:21:23.676+0000] {spark_submit.py:641} INFO - org.postgresql#postgresql added as a dependency
[2025-02-21T09:21:23.679+0000] {spark_submit.py:641} INFO - :: resolving dependencies :: org.apache.spark#spark-submit-parent-54d9f0a6-02cb-4983-b386-62207e35c889;1.0
[2025-02-21T09:21:23.680+0000] {spark_submit.py:641} INFO - confs: [default]
[2025-02-21T09:21:26.332+0000] {spark_submit.py:641} INFO - found org.postgresql#postgresql;42.2.18 in central
[2025-02-21T09:21:26.731+0000] {spark_submit.py:641} INFO - found org.checkerframework#checker-qual;3.5.0 in central
[2025-02-21T09:21:26.924+0000] {spark_submit.py:641} INFO - downloading https://repo1.maven.org/maven2/org/postgresql/postgresql/42.2.18/postgresql-42.2.18.jar ...
[2025-02-21T09:21:28.344+0000] {spark_submit.py:641} INFO - [SUCCESSFUL ] org.postgresql#postgresql;42.2.18!postgresql.jar (1604ms)
[2025-02-21T09:21:28.529+0000] {spark_submit.py:641} INFO - downloading https://repo1.maven.org/maven2/org/checkerframework/checker-qual/3.5.0/checker-qual-3.5.0.jar ...
[2025-02-21T09:21:28.896+0000] {spark_submit.py:641} INFO - [SUCCESSFUL ] org.checkerframework#checker-qual;3.5.0!checker-qual.jar (549ms)
[2025-02-21T09:21:28.897+0000] {spark_submit.py:641} INFO - :: resolution report :: resolve 3060ms :: artifacts dl 2158ms
[2025-02-21T09:21:28.899+0000] {spark_submit.py:641} INFO - :: modules in use:
[2025-02-21T09:21:28.901+0000] {spark_submit.py:641} INFO - org.checkerframework#checker-qual;3.5.0 from central in [default]
[2025-02-21T09:21:28.902+0000] {spark_submit.py:641} INFO - org.postgresql#postgresql;42.2.18 from central in [default]
[2025-02-21T09:21:28.904+0000] {spark_submit.py:641} INFO - ---------------------------------------------------------------------
[2025-02-21T09:21:28.906+0000] {spark_submit.py:641} INFO - |                  |            modules            ||   artifacts   |
[2025-02-21T09:21:28.907+0000] {spark_submit.py:641} INFO - |       conf       | number| search|dwnlded|evicted|| number|dwnlded|
[2025-02-21T09:21:28.909+0000] {spark_submit.py:641} INFO - ---------------------------------------------------------------------
[2025-02-21T09:21:28.911+0000] {spark_submit.py:641} INFO - |      default     |   2   |   2   |   2   |   0   ||   2   |   2   |
[2025-02-21T09:21:28.913+0000] {spark_submit.py:641} INFO - ---------------------------------------------------------------------
[2025-02-21T09:21:28.915+0000] {spark_submit.py:641} INFO - :: retrieving :: org.apache.spark#spark-submit-parent-54d9f0a6-02cb-4983-b386-62207e35c889
[2025-02-21T09:21:28.917+0000] {spark_submit.py:641} INFO - confs: [default]
[2025-02-21T09:21:28.918+0000] {spark_submit.py:641} INFO - 2 artifacts copied, 0 already retrieved (1190kB/13ms)
[2025-02-21T09:21:29.323+0000] {spark_submit.py:641} INFO - 25/02/21 09:21:29 WARN NativeCodeLoader: Unable to load native-hadoop library for your platform... using builtin-java classes where applicable
[2025-02-21T09:21:31.341+0000] {spark_submit.py:641} INFO - 25/02/21 09:21:31 INFO SparkContext: Running Spark version 3.3.2
[2025-02-21T09:21:31.393+0000] {spark_submit.py:641} INFO - 25/02/21 09:21:31 INFO ResourceUtils: ==============================================================
[2025-02-21T09:21:31.395+0000] {spark_submit.py:641} INFO - 25/02/21 09:21:31 INFO ResourceUtils: No custom resources configured for spark.driver.
[2025-02-21T09:21:31.397+0000] {spark_submit.py:641} INFO - 25/02/21 09:21:31 INFO ResourceUtils: ==============================================================
[2025-02-21T09:21:31.399+0000] {spark_submit.py:641} INFO - 25/02/21 09:21:31 INFO SparkContext: Submitted application: ***_extract
[2025-02-21T09:21:31.466+0000] {spark_submit.py:641} INFO - 25/02/21 09:21:31 INFO ResourceProfile: Default ResourceProfile created, executor resources: Map(cores -> name: cores, amount: 1, script: , vendor: , memory -> name: memory, amount: 1024, script: , vendor: , offHeap -> name: offHeap, amount: 0, script: , vendor: ), task resources: Map(cpus -> name: cpus, amount: 1.0)
[2025-02-21T09:21:31.477+0000] {spark_submit.py:641} INFO - 25/02/21 09:21:31 INFO ResourceProfile: Limiting resource is cpu
[2025-02-21T09:21:31.479+0000] {spark_submit.py:641} INFO - 25/02/21 09:21:31 INFO ResourceProfileManager: Added ResourceProfile id: 0
[2025-02-21T09:21:31.627+0000] {spark_submit.py:641} INFO - 25/02/21 09:21:31 INFO SecurityManager: Changing view acls to: airflow
[2025-02-21T09:21:31.629+0000] {spark_submit.py:641} INFO - 25/02/21 09:21:31 INFO SecurityManager: Changing modify acls to: airflow
[2025-02-21T09:21:31.631+0000] {spark_submit.py:641} INFO - 25/02/21 09:21:31 INFO SecurityManager: Changing view acls groups to:
[2025-02-21T09:21:31.633+0000] {spark_submit.py:641} INFO - 25/02/21 09:21:31 INFO SecurityManager: Changing modify acls groups to:
[2025-02-21T09:21:31.635+0000] {spark_submit.py:641} INFO - 25/02/21 09:21:31 INFO SecurityManager: SecurityManager: authentication disabled; ui acls disabled; users  with view permissions: Set(airflow); groups with view permissions: Set(); users  with modify permissions: Set(airflow); groups with modify permissions: Set()
[2025-02-21T09:21:32.060+0000] {spark_submit.py:641} INFO - 25/02/21 09:21:32 INFO Utils: Successfully started service 'sparkDriver' on port 38855.
[2025-02-21T09:21:32.153+0000] {spark_submit.py:641} INFO - 25/02/21 09:21:32 INFO SparkEnv: Registering MapOutputTracker
[2025-02-21T09:21:32.239+0000] {spark_submit.py:641} INFO - 25/02/21 09:21:32 INFO SparkEnv: Registering BlockManagerMaster
[2025-02-21T09:21:32.319+0000] {spark_submit.py:641} INFO - 25/02/21 09:21:32 INFO BlockManagerMasterEndpoint: Using org.apache.spark.storage.DefaultTopologyMapper for getting topology information
[2025-02-21T09:21:32.324+0000] {spark_submit.py:641} INFO - 25/02/21 09:21:32 INFO BlockManagerMasterEndpoint: BlockManagerMasterEndpoint up
[2025-02-21T09:21:32.342+0000] {spark_submit.py:641} INFO - 25/02/21 09:21:32 INFO SparkEnv: Registering BlockManagerMasterHeartbeat
[2025-02-21T09:21:32.436+0000] {spark_submit.py:641} INFO - 25/02/21 09:21:32 INFO DiskBlockManager: Created local directory at /tmp/blockmgr-a42fd71f-f390-49a3-b63f-e0ce050cd287
[2025-02-21T09:21:32.466+0000] {spark_submit.py:641} INFO - 25/02/21 09:21:32 INFO MemoryStore: MemoryStore started with capacity 434.4 MiB
[2025-02-21T09:21:32.491+0000] {spark_submit.py:641} INFO - 25/02/21 09:21:32 INFO SparkEnv: Registering OutputCommitCoordinator
[2025-02-21T09:21:32.868+0000] {spark_submit.py:641} INFO - 25/02/21 09:21:32 INFO Utils: Successfully started service 'SparkUI' on port 4040.
[2025-02-21T09:21:32.935+0000] {spark_submit.py:641} INFO - 25/02/21 09:21:32 INFO SparkContext: Added JAR /spark-scripts/jars/postgresql-42.2.18.jar at spark://***-airflow-scheduler:38855/jars/postgresql-42.2.18.jar with timestamp 1740129691330
[2025-02-21T09:21:32.937+0000] {spark_submit.py:641} INFO - 25/02/21 09:21:32 INFO SparkContext: Added file file:///home/airflow/.ivy2/jars/org.postgresql_postgresql-42.2.18.jar at file:///home/airflow/.ivy2/jars/org.postgresql_postgresql-42.2.18.jar with timestamp 1740129691330
[2025-02-21T09:21:32.938+0000] {spark_submit.py:641} INFO - 25/02/21 09:21:32 INFO Utils: Copying /home/airflow/.ivy2/jars/org.postgresql_postgresql-42.2.18.jar to /tmp/spark-093d0dc0-4c0e-4fd6-8453-51d40f93d104/userFiles-e0c978ed-0482-4541-adf8-9d9c1b01152f/org.postgresql_postgresql-42.2.18.jar
[2025-02-21T09:21:32.969+0000] {spark_submit.py:641} INFO - 25/02/21 09:21:32 INFO SparkContext: Added file file:///home/airflow/.ivy2/jars/org.checkerframework_checker-qual-3.5.0.jar at file:///home/airflow/.ivy2/jars/org.checkerframework_checker-qual-3.5.0.jar with timestamp 1740129691330
[2025-02-21T09:21:32.975+0000] {spark_submit.py:641} INFO - 25/02/21 09:21:32 INFO Utils: Copying /home/airflow/.ivy2/jars/org.checkerframework_checker-qual-3.5.0.jar to /tmp/spark-093d0dc0-4c0e-4fd6-8453-51d40f93d104/userFiles-e0c978ed-0482-4541-adf8-9d9c1b01152f/org.checkerframework_checker-qual-3.5.0.jar
[2025-02-21T09:21:33.195+0000] {spark_submit.py:641} INFO - 25/02/21 09:21:33 INFO Executor: Starting executor ID driver on host ***-airflow-scheduler
[2025-02-21T09:21:33.205+0000] {spark_submit.py:641} INFO - 25/02/21 09:21:33 INFO Executor: Starting executor with user classpath (userClassPathFirst = false): ''
[2025-02-21T09:21:33.223+0000] {spark_submit.py:641} INFO - 25/02/21 09:21:33 INFO Executor: Fetching file:///home/airflow/.ivy2/jars/org.postgresql_postgresql-42.2.18.jar with timestamp 1740129691330
[2025-02-21T09:21:33.254+0000] {spark_submit.py:641} INFO - 25/02/21 09:21:33 INFO Utils: /home/airflow/.ivy2/jars/org.postgresql_postgresql-42.2.18.jar has been previously copied to /tmp/spark-093d0dc0-4c0e-4fd6-8453-51d40f93d104/userFiles-e0c978ed-0482-4541-adf8-9d9c1b01152f/org.postgresql_postgresql-42.2.18.jar
[2025-02-21T09:21:33.263+0000] {spark_submit.py:641} INFO - 25/02/21 09:21:33 INFO Executor: Fetching file:///home/airflow/.ivy2/jars/org.checkerframework_checker-qual-3.5.0.jar with timestamp 1740129691330
[2025-02-21T09:21:33.265+0000] {spark_submit.py:641} INFO - 25/02/21 09:21:33 INFO Utils: /home/airflow/.ivy2/jars/org.checkerframework_checker-qual-3.5.0.jar has been previously copied to /tmp/spark-093d0dc0-4c0e-4fd6-8453-51d40f93d104/userFiles-e0c978ed-0482-4541-adf8-9d9c1b01152f/org.checkerframework_checker-qual-3.5.0.jar
[2025-02-21T09:21:33.275+0000] {spark_submit.py:641} INFO - 25/02/21 09:21:33 INFO Executor: Fetching spark://***-airflow-scheduler:38855/jars/postgresql-42.2.18.jar with timestamp 1740129691330
[2025-02-21T09:21:33.346+0000] {spark_submit.py:641} INFO - 25/02/21 09:21:33 INFO TransportClientFactory: Successfully created connection to ***-airflow-scheduler/172.19.0.6:38855 after 46 ms (0 ms spent in bootstraps)
[2025-02-21T09:21:33.354+0000] {spark_submit.py:641} INFO - 25/02/21 09:21:33 INFO Utils: Fetching spark://***-airflow-scheduler:38855/jars/postgresql-42.2.18.jar to /tmp/spark-093d0dc0-4c0e-4fd6-8453-51d40f93d104/userFiles-e0c978ed-0482-4541-adf8-9d9c1b01152f/fetchFileTemp15523676312881497698.tmp
[2025-02-21T09:21:33.773+0000] {spark_submit.py:641} INFO - 25/02/21 09:21:33 INFO Executor: Adding file:/tmp/spark-093d0dc0-4c0e-4fd6-8453-51d40f93d104/userFiles-e0c978ed-0482-4541-adf8-9d9c1b01152f/postgresql-42.2.18.jar to class loader
[2025-02-21T09:21:33.786+0000] {spark_submit.py:641} INFO - 25/02/21 09:21:33 INFO Utils: Successfully started service 'org.apache.spark.network.netty.NettyBlockTransferService' on port 45955.
[2025-02-21T09:21:33.788+0000] {spark_submit.py:641} INFO - 25/02/21 09:21:33 INFO NettyBlockTransferService: Server created on ***-airflow-scheduler:45955
[2025-02-21T09:21:33.790+0000] {spark_submit.py:641} INFO - 25/02/21 09:21:33 INFO BlockManager: Using org.apache.spark.storage.RandomBlockReplicationPolicy for block replication policy
[2025-02-21T09:21:33.803+0000] {spark_submit.py:641} INFO - 25/02/21 09:21:33 INFO BlockManagerMaster: Registering BlockManager BlockManagerId(driver, ***-airflow-scheduler, 45955, None)
[2025-02-21T09:21:33.817+0000] {spark_submit.py:641} INFO - 25/02/21 09:21:33 INFO BlockManagerMasterEndpoint: Registering block manager ***-airflow-scheduler:45955 with 434.4 MiB RAM, BlockManagerId(driver, ***-airflow-scheduler, 45955, None)
[2025-02-21T09:21:33.821+0000] {spark_submit.py:641} INFO - 25/02/21 09:21:33 INFO BlockManagerMaster: Registered BlockManager BlockManagerId(driver, ***-airflow-scheduler, 45955, None)
[2025-02-21T09:21:33.823+0000] {spark_submit.py:641} INFO - 25/02/21 09:21:33 INFO BlockManager: Initialized BlockManager: BlockManagerId(driver, ***-airflow-scheduler, 45955, None)
[2025-02-21T09:21:36.093+0000] {spark_submit.py:641} INFO - Downloading from https://www.kaggle.com/api/v1/datasets/download/sanjanchaudhari/employees-performance-for-hr-analytics?dataset_version_number=1...
[2025-02-21T09:21:36.121+0000] {spark_submit.py:641} INFO - 
[2025-02-21T09:21:36.539+0000] {spark_submit.py:641} INFO - 0%|          | 0.00/205k [00:00<?, ?B/s]
[2025-02-21T09:21:36.542+0000] {spark_submit.py:641} INFO - 100%|██████████| 205k/205k [00:00<00:00, 503kB/s]
[2025-02-21T09:21:36.543+0000] {spark_submit.py:641} INFO - 100%|██████████| 205k/205k [00:00<00:00, 503kB/s]
[2025-02-21T09:21:36.545+0000] {spark_submit.py:641} INFO - Extracting files...
[2025-02-21T09:21:46.793+0000] {spark_submit.py:641} INFO - ---------------- MENAMPILKAN DATA HASIL EXTRACT ----------------
[2025-02-21T09:21:47.024+0000] {spark_submit.py:641} INFO - +-----------+-----------------+---------+---------+------+-------------------+---------------+---+--------------------+-----------------+---------------------+----------+------------------+
[2025-02-21T09:21:47.026+0000] {spark_submit.py:641} INFO - |employee_id|       department|   region|education|gender|recruitment_channel|no_of_trainings|age|previous_year_rating|length_of_service|KPIs_met_more_than_80|awards_won|avg_training_score|
[2025-02-21T09:21:47.028+0000] {spark_submit.py:641} INFO - +-----------+-----------------+---------+---------+------+-------------------+---------------+---+--------------------+-----------------+---------------------+----------+------------------+
[2025-02-21T09:21:47.029+0000] {spark_submit.py:641} INFO - |       8724|       Technology|region_26|Bachelors|     m|           sourcing|              1| 24|                null|                1|                    1|         0|                77|
[2025-02-21T09:21:47.031+0000] {spark_submit.py:641} INFO - |      74430|               HR| region_4|Bachelors|     f|              other|              1| 31|                   3|                5|                    0|         0|                51|
[2025-02-21T09:21:47.033+0000] {spark_submit.py:641} INFO - |      72255|Sales & Marketing|region_13|Bachelors|     m|              other|              1| 31|                   1|                4|                    0|         0|                47|
[2025-02-21T09:21:47.035+0000] {spark_submit.py:641} INFO - |      38562|      Procurement| region_2|Bachelors|     f|              other|              3| 31|                   2|                9|                    0|         0|                65|
[2025-02-21T09:21:47.037+0000] {spark_submit.py:641} INFO - |      64486|          Finance|region_29|Bachelors|     m|           sourcing|              1| 30|                   4|                7|                    0|         0|                61|
[2025-02-21T09:21:47.038+0000] {spark_submit.py:641} INFO - +-----------+-----------------+---------+---------+------+-------------------+---------------+---+--------------------+-----------------+---------------------+----------+------------------+
[2025-02-21T09:21:47.039+0000] {spark_submit.py:641} INFO - only showing top 5 rows
[2025-02-21T09:21:47.041+0000] {spark_submit.py:641} INFO - 
[2025-02-21T09:21:47.042+0000] {spark_submit.py:641} INFO - root
[2025-02-21T09:21:47.043+0000] {spark_submit.py:641} INFO - |-- employee_id: integer (nullable = true)
[2025-02-21T09:21:47.044+0000] {spark_submit.py:641} INFO - |-- department: string (nullable = true)
[2025-02-21T09:21:47.046+0000] {spark_submit.py:641} INFO - |-- region: string (nullable = true)
[2025-02-21T09:21:47.048+0000] {spark_submit.py:641} INFO - |-- education: string (nullable = true)
[2025-02-21T09:21:47.050+0000] {spark_submit.py:641} INFO - |-- gender: string (nullable = true)
[2025-02-21T09:21:47.051+0000] {spark_submit.py:641} INFO - |-- recruitment_channel: string (nullable = true)
[2025-02-21T09:21:47.052+0000] {spark_submit.py:641} INFO - |-- no_of_trainings: integer (nullable = true)
[2025-02-21T09:21:47.053+0000] {spark_submit.py:641} INFO - |-- age: integer (nullable = true)
[2025-02-21T09:21:47.055+0000] {spark_submit.py:641} INFO - |-- previous_year_rating: integer (nullable = true)
[2025-02-21T09:21:47.056+0000] {spark_submit.py:641} INFO - |-- length_of_service: integer (nullable = true)
[2025-02-21T09:21:47.058+0000] {spark_submit.py:641} INFO - |-- KPIs_met_more_than_80: integer (nullable = true)
[2025-02-21T09:21:47.059+0000] {spark_submit.py:641} INFO - |-- awards_won: integer (nullable = true)
[2025-02-21T09:21:47.060+0000] {spark_submit.py:641} INFO - |-- avg_training_score: integer (nullable = true)
[2025-02-21T09:21:47.062+0000] {spark_submit.py:641} INFO - 
[2025-02-21T09:21:47.704+0000] {spark_submit.py:641} INFO - Jumlah baris dalam DataFrame : 17417
[2025-02-21T09:21:47.706+0000] {spark_submit.py:641} INFO - Isi folder data/extracted.parquet :
[2025-02-21T09:21:47.711+0000] {spark_submit.py:641} INFO - ['.part-00000-fe7d1f2c-5113-472e-853b-6729a371d952-c000.snappy.parquet.crc', '_SUCCESS', 'part-00000-fe7d1f2c-5113-472e-853b-6729a371d952-c000.snappy.parquet', '._SUCCESS.crc']
[2025-02-21T09:21:47.712+0000] {spark_submit.py:641} INFO - Extract data berhasil.
[2025-02-21T09:21:48.007+0000] {taskinstance.py:341} INFO - ::group::Post task execution logs
[2025-02-21T09:21:48.009+0000] {taskinstance.py:353} INFO - Marking task as SUCCESS. dag_id=***_v2_etl_dag, task_id=extract_task, run_id=manual__2025-02-21T09:21:09.662952+00:00, execution_date=20250221T092109, start_date=20250221T092115, end_date=20250221T092148
[2025-02-21T09:21:48.099+0000] {local_task_job_runner.py:266} INFO - Task exited with return code 0
[2025-02-21T09:21:48.151+0000] {taskinstance.py:3901} INFO - 1 downstream tasks scheduled from follow-on schedule check
[2025-02-21T09:21:48.155+0000] {local_task_job_runner.py:245} INFO - ::endgroup::
