[2025-02-21T09:42:07.485+0000] {local_task_job_runner.py:123} INFO - ::group::Pre task execution logs
[2025-02-21T09:42:07.512+0000] {taskinstance.py:2614} INFO - Dependencies all met for dep_context=non-requeueable deps ti=<TaskInstance: finprode8_v2_etl_dag.extract_task manual__2025-02-21T09:21:09.662952+00:00 [queued]>
[2025-02-21T09:42:07.527+0000] {taskinstance.py:2614} INFO - Dependencies all met for dep_context=requeueable deps ti=<TaskInstance: finprode8_v2_etl_dag.extract_task manual__2025-02-21T09:21:09.662952+00:00 [queued]>
[2025-02-21T09:42:07.529+0000] {taskinstance.py:2867} INFO - Starting attempt 11 of 11
[2025-02-21T09:42:07.548+0000] {taskinstance.py:2890} INFO - Executing <Task(SparkSubmitOperator): extract_task> on 2025-02-21 09:21:09.662952+00:00
[2025-02-21T09:42:07.555+0000] {standard_task_runner.py:72} INFO - Started process 6214 to run task
[2025-02-21T09:42:07.558+0000] {standard_task_runner.py:104} INFO - Running: ['airflow', 'tasks', 'run', '***_v2_etl_dag', 'extract_task', 'manual__2025-02-21T09:21:09.662952+00:00', '--job-id', '148', '--raw', '--subdir', 'DAGS_FOLDER/***_v2_etl_dag.py', '--cfg-path', '/tmp/tmpnqn7cnfj']
[2025-02-21T09:42:07.566+0000] {standard_task_runner.py:105} INFO - Job 148: Subtask extract_task
[2025-02-21T09:42:07.587+0000] {logging_mixin.py:190} WARNING - /home/airflow/.local/lib/python3.9/site-packages/airflow/settings.py:209 DeprecationWarning: The sql_alchemy_conn option in [core] has been moved to the sql_alchemy_conn option in [database] - the old setting has been used, but please update your config.
[2025-02-21T09:42:07.630+0000] {task_command.py:467} INFO - Running <TaskInstance: finprode8_v2_etl_dag.extract_task manual__2025-02-21T09:21:09.662952+00:00 [running]> on host ***-airflow-scheduler
[2025-02-21T09:42:07.721+0000] {taskinstance.py:3134} INFO - Exporting env vars: AIRFLOW_CTX_DAG_OWNER='ratih malini' AIRFLOW_CTX_DAG_ID='***_v2_etl_dag' AIRFLOW_CTX_TASK_ID='extract_task' AIRFLOW_CTX_EXECUTION_DATE='2025-02-21T09:21:09.662952+00:00' AIRFLOW_CTX_TRY_NUMBER='11' AIRFLOW_CTX_DAG_RUN_ID='manual__2025-02-21T09:21:09.662952+00:00'
[2025-02-21T09:42:07.724+0000] {taskinstance.py:732} INFO - ::endgroup::
[2025-02-21T09:42:07.751+0000] {base.py:84} INFO - Retrieving connection 'spark_main'
[2025-02-21T09:42:07.754+0000] {spark_submit.py:474} INFO - Spark-Submit cmd: spark-submit --master spark://***-spark-master:7077 --name arrow-spark /spark-scripts/***_v2_extract.py
[2025-02-21T09:42:10.271+0000] {spark_submit.py:641} INFO - 25/02/21 09:42:10 INFO SparkContext: Running Spark version 3.3.2
[2025-02-21T09:42:10.324+0000] {spark_submit.py:641} INFO - 25/02/21 09:42:10 WARN NativeCodeLoader: Unable to load native-hadoop library for your platform... using builtin-java classes where applicable
[2025-02-21T09:42:10.426+0000] {spark_submit.py:641} INFO - 25/02/21 09:42:10 INFO ResourceUtils: ==============================================================
[2025-02-21T09:42:10.428+0000] {spark_submit.py:641} INFO - 25/02/21 09:42:10 INFO ResourceUtils: No custom resources configured for spark.driver.
[2025-02-21T09:42:10.429+0000] {spark_submit.py:641} INFO - 25/02/21 09:42:10 INFO ResourceUtils: ==============================================================
[2025-02-21T09:42:10.430+0000] {spark_submit.py:641} INFO - 25/02/21 09:42:10 INFO SparkContext: Submitted application: ***_extract
[2025-02-21T09:42:10.453+0000] {spark_submit.py:641} INFO - 25/02/21 09:42:10 INFO ResourceProfile: Default ResourceProfile created, executor resources: Map(cores -> name: cores, amount: 1, script: , vendor: , memory -> name: memory, amount: 1024, script: , vendor: , offHeap -> name: offHeap, amount: 0, script: , vendor: ), task resources: Map(cpus -> name: cpus, amount: 1.0)
[2025-02-21T09:42:10.462+0000] {spark_submit.py:641} INFO - 25/02/21 09:42:10 INFO ResourceProfile: Limiting resource is cpu
[2025-02-21T09:42:10.464+0000] {spark_submit.py:641} INFO - 25/02/21 09:42:10 INFO ResourceProfileManager: Added ResourceProfile id: 0
[2025-02-21T09:42:10.512+0000] {spark_submit.py:641} INFO - 25/02/21 09:42:10 INFO SecurityManager: Changing view acls to: airflow
[2025-02-21T09:42:10.514+0000] {spark_submit.py:641} INFO - 25/02/21 09:42:10 INFO SecurityManager: Changing modify acls to: airflow
[2025-02-21T09:42:10.516+0000] {spark_submit.py:641} INFO - 25/02/21 09:42:10 INFO SecurityManager: Changing view acls groups to:
[2025-02-21T09:42:10.518+0000] {spark_submit.py:641} INFO - 25/02/21 09:42:10 INFO SecurityManager: Changing modify acls groups to:
[2025-02-21T09:42:10.520+0000] {spark_submit.py:641} INFO - 25/02/21 09:42:10 INFO SecurityManager: SecurityManager: authentication disabled; ui acls disabled; users  with view permissions: Set(airflow); groups with view permissions: Set(); users  with modify permissions: Set(airflow); groups with modify permissions: Set()
[2025-02-21T09:42:10.822+0000] {spark_submit.py:641} INFO - 25/02/21 09:42:10 INFO Utils: Successfully started service 'sparkDriver' on port 33363.
[2025-02-21T09:42:10.854+0000] {spark_submit.py:641} INFO - 25/02/21 09:42:10 INFO SparkEnv: Registering MapOutputTracker
[2025-02-21T09:42:10.897+0000] {spark_submit.py:641} INFO - 25/02/21 09:42:10 INFO SparkEnv: Registering BlockManagerMaster
[2025-02-21T09:42:10.917+0000] {spark_submit.py:641} INFO - 25/02/21 09:42:10 INFO BlockManagerMasterEndpoint: Using org.apache.spark.storage.DefaultTopologyMapper for getting topology information
[2025-02-21T09:42:10.919+0000] {spark_submit.py:641} INFO - 25/02/21 09:42:10 INFO BlockManagerMasterEndpoint: BlockManagerMasterEndpoint up
[2025-02-21T09:42:10.925+0000] {spark_submit.py:641} INFO - 25/02/21 09:42:10 INFO SparkEnv: Registering BlockManagerMasterHeartbeat
[2025-02-21T09:42:10.950+0000] {spark_submit.py:641} INFO - 25/02/21 09:42:10 INFO DiskBlockManager: Created local directory at /tmp/blockmgr-bbae8a88-27af-4505-865e-f289c919ded5
[2025-02-21T09:42:10.972+0000] {spark_submit.py:641} INFO - 25/02/21 09:42:10 INFO MemoryStore: MemoryStore started with capacity 434.4 MiB
[2025-02-21T09:42:10.990+0000] {spark_submit.py:641} INFO - 25/02/21 09:42:10 INFO SparkEnv: Registering OutputCommitCoordinator
[2025-02-21T09:42:11.190+0000] {spark_submit.py:641} INFO - 25/02/21 09:42:11 INFO Utils: Successfully started service 'SparkUI' on port 4040.
[2025-02-21T09:42:11.239+0000] {spark_submit.py:641} INFO - 25/02/21 09:42:11 INFO SparkContext: Added JAR /spark-scripts/jars/postgresql-42.2.18.jar at spark://***-airflow-scheduler:33363/jars/postgresql-42.2.18.jar with timestamp 1740130930261
[2025-02-21T09:42:11.313+0000] {spark_submit.py:641} INFO - 25/02/21 09:42:11 INFO Executor: Starting executor ID driver on host ***-airflow-scheduler
[2025-02-21T09:42:11.330+0000] {spark_submit.py:641} INFO - 25/02/21 09:42:11 INFO Executor: Starting executor with user classpath (userClassPathFirst = false): ''
[2025-02-21T09:42:11.360+0000] {spark_submit.py:641} INFO - 25/02/21 09:42:11 INFO Executor: Fetching spark://***-airflow-scheduler:33363/jars/postgresql-42.2.18.jar with timestamp 1740130930261
[2025-02-21T09:42:11.452+0000] {spark_submit.py:641} INFO - 25/02/21 09:42:11 INFO TransportClientFactory: Successfully created connection to ***-airflow-scheduler/172.19.0.6:33363 after 37 ms (0 ms spent in bootstraps)
[2025-02-21T09:42:11.457+0000] {spark_submit.py:641} INFO - 25/02/21 09:42:11 INFO Utils: Fetching spark://***-airflow-scheduler:33363/jars/postgresql-42.2.18.jar to /tmp/spark-2774f332-6db2-49fa-a20f-63c103810e6d/userFiles-5f88cd9d-17da-4e66-9197-ce5da57d9c67/fetchFileTemp10247838225894285083.tmp
[2025-02-21T09:42:11.511+0000] {spark_submit.py:641} INFO - 25/02/21 09:42:11 INFO Executor: Adding file:/tmp/spark-2774f332-6db2-49fa-a20f-63c103810e6d/userFiles-5f88cd9d-17da-4e66-9197-ce5da57d9c67/postgresql-42.2.18.jar to class loader
[2025-02-21T09:42:11.518+0000] {spark_submit.py:641} INFO - 25/02/21 09:42:11 INFO Utils: Successfully started service 'org.apache.spark.network.netty.NettyBlockTransferService' on port 45557.
[2025-02-21T09:42:11.520+0000] {spark_submit.py:641} INFO - 25/02/21 09:42:11 INFO NettyBlockTransferService: Server created on ***-airflow-scheduler:45557
[2025-02-21T09:42:11.521+0000] {spark_submit.py:641} INFO - 25/02/21 09:42:11 INFO BlockManager: Using org.apache.spark.storage.RandomBlockReplicationPolicy for block replication policy
[2025-02-21T09:42:11.526+0000] {spark_submit.py:641} INFO - 25/02/21 09:42:11 INFO BlockManagerMaster: Registering BlockManager BlockManagerId(driver, ***-airflow-scheduler, 45557, None)
[2025-02-21T09:42:11.530+0000] {spark_submit.py:641} INFO - 25/02/21 09:42:11 INFO BlockManagerMasterEndpoint: Registering block manager ***-airflow-scheduler:45557 with 434.4 MiB RAM, BlockManagerId(driver, ***-airflow-scheduler, 45557, None)
[2025-02-21T09:42:11.534+0000] {spark_submit.py:641} INFO - 25/02/21 09:42:11 INFO BlockManagerMaster: Registered BlockManager BlockManagerId(driver, ***-airflow-scheduler, 45557, None)
[2025-02-21T09:42:11.536+0000] {spark_submit.py:641} INFO - 25/02/21 09:42:11 INFO BlockManager: Initialized BlockManager: BlockManagerId(driver, ***-airflow-scheduler, 45557, None)
[2025-02-21T09:42:17.834+0000] {spark_submit.py:641} INFO - ---------------- MENAMPILKAN DATA HASIL EXTRACT ----------------
[2025-02-21T09:42:18.036+0000] {spark_submit.py:641} INFO - +-----------+-----------------+---------+---------+------+-------------------+---------------+---+--------------------+-----------------+---------------------+----------+------------------+
[2025-02-21T09:42:18.038+0000] {spark_submit.py:641} INFO - |employee_id|       department|   region|education|gender|recruitment_channel|no_of_trainings|age|previous_year_rating|length_of_service|KPIs_met_more_than_80|awards_won|avg_training_score|
[2025-02-21T09:42:18.039+0000] {spark_submit.py:641} INFO - +-----------+-----------------+---------+---------+------+-------------------+---------------+---+--------------------+-----------------+---------------------+----------+------------------+
[2025-02-21T09:42:18.040+0000] {spark_submit.py:641} INFO - |       8724|       Technology|region_26|Bachelors|     m|           sourcing|              1| 24|                null|                1|                    1|         0|                77|
[2025-02-21T09:42:18.041+0000] {spark_submit.py:641} INFO - |      74430|               HR| region_4|Bachelors|     f|              other|              1| 31|                   3|                5|                    0|         0|                51|
[2025-02-21T09:42:18.043+0000] {spark_submit.py:641} INFO - |      72255|Sales & Marketing|region_13|Bachelors|     m|              other|              1| 31|                   1|                4|                    0|         0|                47|
[2025-02-21T09:42:18.045+0000] {spark_submit.py:641} INFO - |      38562|      Procurement| region_2|Bachelors|     f|              other|              3| 31|                   2|                9|                    0|         0|                65|
[2025-02-21T09:42:18.047+0000] {spark_submit.py:641} INFO - |      64486|          Finance|region_29|Bachelors|     m|           sourcing|              1| 30|                   4|                7|                    0|         0|                61|
[2025-02-21T09:42:18.048+0000] {spark_submit.py:641} INFO - +-----------+-----------------+---------+---------+------+-------------------+---------------+---+--------------------+-----------------+---------------------+----------+------------------+
[2025-02-21T09:42:18.049+0000] {spark_submit.py:641} INFO - only showing top 5 rows
[2025-02-21T09:42:18.050+0000] {spark_submit.py:641} INFO - 
[2025-02-21T09:42:18.051+0000] {spark_submit.py:641} INFO - root
[2025-02-21T09:42:18.052+0000] {spark_submit.py:641} INFO - |-- employee_id: integer (nullable = true)
[2025-02-21T09:42:18.053+0000] {spark_submit.py:641} INFO - |-- department: string (nullable = true)
[2025-02-21T09:42:18.054+0000] {spark_submit.py:641} INFO - |-- region: string (nullable = true)
[2025-02-21T09:42:18.055+0000] {spark_submit.py:641} INFO - |-- education: string (nullable = true)
[2025-02-21T09:42:18.056+0000] {spark_submit.py:641} INFO - |-- gender: string (nullable = true)
[2025-02-21T09:42:18.057+0000] {spark_submit.py:641} INFO - |-- recruitment_channel: string (nullable = true)
[2025-02-21T09:42:18.058+0000] {spark_submit.py:641} INFO - |-- no_of_trainings: integer (nullable = true)
[2025-02-21T09:42:18.059+0000] {spark_submit.py:641} INFO - |-- age: integer (nullable = true)
[2025-02-21T09:42:18.061+0000] {spark_submit.py:641} INFO - |-- previous_year_rating: integer (nullable = true)
[2025-02-21T09:42:18.062+0000] {spark_submit.py:641} INFO - |-- length_of_service: integer (nullable = true)
[2025-02-21T09:42:18.063+0000] {spark_submit.py:641} INFO - |-- KPIs_met_more_than_80: integer (nullable = true)
[2025-02-21T09:42:18.064+0000] {spark_submit.py:641} INFO - |-- awards_won: integer (nullable = true)
[2025-02-21T09:42:18.066+0000] {spark_submit.py:641} INFO - |-- avg_training_score: integer (nullable = true)
[2025-02-21T09:42:18.067+0000] {spark_submit.py:641} INFO - 
[2025-02-21T09:42:18.473+0000] {spark_submit.py:641} INFO - Jumlah baris dalam DataFrame : 17417
[2025-02-21T09:42:18.475+0000] {spark_submit.py:641} INFO - Isi folder data/extracted.parquet :
[2025-02-21T09:42:18.476+0000] {spark_submit.py:641} INFO - ['part-00000-6fcd6963-01c9-4031-a0b3-82e72a5f1c59-c000.snappy.parquet', '_SUCCESS', '.part-00000-6fcd6963-01c9-4031-a0b3-82e72a5f1c59-c000.snappy.parquet.crc', '._SUCCESS.crc']
[2025-02-21T09:42:18.479+0000] {spark_submit.py:641} INFO - Extract data berhasil.
[2025-02-21T09:42:18.855+0000] {taskinstance.py:341} INFO - ::group::Post task execution logs
[2025-02-21T09:42:18.857+0000] {taskinstance.py:353} INFO - Marking task as SUCCESS. dag_id=***_v2_etl_dag, task_id=extract_task, run_id=manual__2025-02-21T09:21:09.662952+00:00, execution_date=20250221T092109, start_date=20250221T094207, end_date=20250221T094218
[2025-02-21T09:42:18.917+0000] {local_task_job_runner.py:266} INFO - Task exited with return code 0
[2025-02-21T09:42:18.941+0000] {taskinstance.py:3901} INFO - 0 downstream tasks scheduled from follow-on schedule check
[2025-02-21T09:42:18.948+0000] {local_task_job_runner.py:245} INFO - ::endgroup::
