[2025-02-20T15:48:24.063+0000] {local_task_job_runner.py:123} INFO - ::group::Pre task execution logs
[2025-02-20T15:48:24.088+0000] {taskinstance.py:2614} INFO - Dependencies all met for dep_context=non-requeueable deps ti=<TaskInstance: finprode8_v2_etl_dag.extract_task manual__2025-02-20T15:46:32.551269+00:00 [queued]>
[2025-02-20T15:48:24.101+0000] {taskinstance.py:2614} INFO - Dependencies all met for dep_context=requeueable deps ti=<TaskInstance: finprode8_v2_etl_dag.extract_task manual__2025-02-20T15:46:32.551269+00:00 [queued]>
[2025-02-20T15:48:24.104+0000] {taskinstance.py:2867} INFO - Starting attempt 2 of 2
[2025-02-20T15:48:24.124+0000] {taskinstance.py:2890} INFO - Executing <Task(SparkSubmitOperator): extract_task> on 2025-02-20 15:46:32.551269+00:00
[2025-02-20T15:48:24.133+0000] {standard_task_runner.py:72} INFO - Started process 507 to run task
[2025-02-20T15:48:24.140+0000] {standard_task_runner.py:104} INFO - Running: ['airflow', 'tasks', 'run', '***_v2_etl_dag', 'extract_task', 'manual__2025-02-20T15:46:32.551269+00:00', '--job-id', '87', '--raw', '--subdir', 'DAGS_FOLDER/***_v2_etl_dag.py', '--cfg-path', '/tmp/tmp943qx6fb']
[2025-02-20T15:48:24.145+0000] {standard_task_runner.py:105} INFO - Job 87: Subtask extract_task
[2025-02-20T15:48:24.175+0000] {logging_mixin.py:190} WARNING - /home/airflow/.local/lib/python3.9/site-packages/airflow/settings.py:209 DeprecationWarning: The sql_alchemy_conn option in [core] has been moved to the sql_alchemy_conn option in [database] - the old setting has been used, but please update your config.
[2025-02-20T15:48:24.231+0000] {task_command.py:467} INFO - Running <TaskInstance: finprode8_v2_etl_dag.extract_task manual__2025-02-20T15:46:32.551269+00:00 [running]> on host ***-airflow-scheduler
[2025-02-20T15:48:24.372+0000] {taskinstance.py:3134} INFO - Exporting env vars: AIRFLOW_CTX_DAG_OWNER='ratih malini' AIRFLOW_CTX_DAG_ID='***_v2_etl_dag' AIRFLOW_CTX_TASK_ID='extract_task' AIRFLOW_CTX_EXECUTION_DATE='2025-02-20T15:46:32.551269+00:00' AIRFLOW_CTX_TRY_NUMBER='2' AIRFLOW_CTX_DAG_RUN_ID='manual__2025-02-20T15:46:32.551269+00:00'
[2025-02-20T15:48:24.375+0000] {taskinstance.py:732} INFO - ::endgroup::
[2025-02-20T15:48:24.428+0000] {base.py:84} INFO - Retrieving connection 'spark_main'
[2025-02-20T15:48:24.431+0000] {spark_submit.py:474} INFO - Spark-Submit cmd: spark-submit --master spark://***-spark-master:7077 --packages org.postgresql:postgresql:42.2.18 --name arrow-spark /spark-scripts/***_v2_extract.py
[2025-02-20T15:48:26.339+0000] {spark_submit.py:641} INFO - :: loading settings :: url = jar:file:/home/airflow/.local/lib/python3.9/site-packages/pyspark/jars/ivy-2.5.1.jar!/org/apache/ivy/core/settings/ivysettings.xml
[2025-02-20T15:48:26.443+0000] {spark_submit.py:641} INFO - Ivy Default Cache set to: /home/airflow/.ivy2/cache
[2025-02-20T15:48:26.445+0000] {spark_submit.py:641} INFO - The jars for the packages stored in: /home/airflow/.ivy2/jars
[2025-02-20T15:48:26.451+0000] {spark_submit.py:641} INFO - org.postgresql#postgresql added as a dependency
[2025-02-20T15:48:26.454+0000] {spark_submit.py:641} INFO - :: resolving dependencies :: org.apache.spark#spark-submit-parent-a4820f96-10d7-4864-8270-7ac2c67ba415;1.0
[2025-02-20T15:48:26.456+0000] {spark_submit.py:641} INFO - confs: [default]
[2025-02-20T15:48:26.690+0000] {spark_submit.py:641} INFO - found org.postgresql#postgresql;42.2.18 in central
[2025-02-20T15:48:26.717+0000] {spark_submit.py:641} INFO - found org.checkerframework#checker-qual;3.5.0 in central
[2025-02-20T15:48:26.741+0000] {spark_submit.py:641} INFO - :: resolution report :: resolve 281ms :: artifacts dl 8ms
[2025-02-20T15:48:26.743+0000] {spark_submit.py:641} INFO - :: modules in use:
[2025-02-20T15:48:26.744+0000] {spark_submit.py:641} INFO - org.checkerframework#checker-qual;3.5.0 from central in [default]
[2025-02-20T15:48:26.745+0000] {spark_submit.py:641} INFO - org.postgresql#postgresql;42.2.18 from central in [default]
[2025-02-20T15:48:26.746+0000] {spark_submit.py:641} INFO - ---------------------------------------------------------------------
[2025-02-20T15:48:26.748+0000] {spark_submit.py:641} INFO - |                  |            modules            ||   artifacts   |
[2025-02-20T15:48:26.749+0000] {spark_submit.py:641} INFO - |       conf       | number| search|dwnlded|evicted|| number|dwnlded|
[2025-02-20T15:48:26.751+0000] {spark_submit.py:641} INFO - ---------------------------------------------------------------------
[2025-02-20T15:48:26.759+0000] {spark_submit.py:641} INFO - |      default     |   2   |   0   |   0   |   0   ||   2   |   0   |
[2025-02-20T15:48:26.762+0000] {spark_submit.py:641} INFO - ---------------------------------------------------------------------
[2025-02-20T15:48:26.763+0000] {spark_submit.py:641} INFO - :: retrieving :: org.apache.spark#spark-submit-parent-a4820f96-10d7-4864-8270-7ac2c67ba415
[2025-02-20T15:48:26.764+0000] {spark_submit.py:641} INFO - confs: [default]
[2025-02-20T15:48:26.766+0000] {spark_submit.py:641} INFO - 0 artifacts copied, 2 already retrieved (0kB/5ms)
[2025-02-20T15:48:27.289+0000] {spark_submit.py:641} INFO - 25/02/20 15:48:27 WARN NativeCodeLoader: Unable to load native-hadoop library for your platform... using builtin-java classes where applicable
[2025-02-20T15:48:29.912+0000] {spark_submit.py:641} INFO - 25/02/20 15:48:29 INFO SparkContext: Running Spark version 3.3.2
[2025-02-20T15:48:30.025+0000] {spark_submit.py:641} INFO - 25/02/20 15:48:30 INFO ResourceUtils: ==============================================================
[2025-02-20T15:48:30.026+0000] {spark_submit.py:641} INFO - 25/02/20 15:48:30 INFO ResourceUtils: No custom resources configured for spark.driver.
[2025-02-20T15:48:30.028+0000] {spark_submit.py:641} INFO - 25/02/20 15:48:30 INFO ResourceUtils: ==============================================================
[2025-02-20T15:48:30.029+0000] {spark_submit.py:641} INFO - 25/02/20 15:48:30 INFO SparkContext: Submitted application: ***_extract
[2025-02-20T15:48:30.129+0000] {spark_submit.py:641} INFO - 25/02/20 15:48:30 INFO ResourceProfile: Default ResourceProfile created, executor resources: Map(cores -> name: cores, amount: 1, script: , vendor: , memory -> name: memory, amount: 1024, script: , vendor: , offHeap -> name: offHeap, amount: 0, script: , vendor: ), task resources: Map(cpus -> name: cpus, amount: 1.0)
[2025-02-20T15:48:30.139+0000] {spark_submit.py:641} INFO - 25/02/20 15:48:30 INFO ResourceProfile: Limiting resource is cpu
[2025-02-20T15:48:30.141+0000] {spark_submit.py:641} INFO - 25/02/20 15:48:30 INFO ResourceProfileManager: Added ResourceProfile id: 0
[2025-02-20T15:48:30.326+0000] {spark_submit.py:641} INFO - 25/02/20 15:48:30 INFO SecurityManager: Changing view acls to: airflow
[2025-02-20T15:48:30.348+0000] {spark_submit.py:641} INFO - 25/02/20 15:48:30 INFO SecurityManager: Changing modify acls to: airflow
[2025-02-20T15:48:30.350+0000] {spark_submit.py:641} INFO - 25/02/20 15:48:30 INFO SecurityManager: Changing view acls groups to:
[2025-02-20T15:48:30.351+0000] {spark_submit.py:641} INFO - 25/02/20 15:48:30 INFO SecurityManager: Changing modify acls groups to:
[2025-02-20T15:48:30.354+0000] {spark_submit.py:641} INFO - 25/02/20 15:48:30 INFO SecurityManager: SecurityManager: authentication disabled; ui acls disabled; users  with view permissions: Set(airflow); groups with view permissions: Set(); users  with modify permissions: Set(airflow); groups with modify permissions: Set()
[2025-02-20T15:48:30.909+0000] {spark_submit.py:641} INFO - 25/02/20 15:48:30 INFO Utils: Successfully started service 'sparkDriver' on port 41885.
[2025-02-20T15:48:30.996+0000] {spark_submit.py:641} INFO - 25/02/20 15:48:30 INFO SparkEnv: Registering MapOutputTracker
[2025-02-20T15:48:31.065+0000] {spark_submit.py:641} INFO - 25/02/20 15:48:31 INFO SparkEnv: Registering BlockManagerMaster
[2025-02-20T15:48:31.098+0000] {spark_submit.py:641} INFO - 25/02/20 15:48:31 INFO BlockManagerMasterEndpoint: Using org.apache.spark.storage.DefaultTopologyMapper for getting topology information
[2025-02-20T15:48:31.101+0000] {spark_submit.py:641} INFO - 25/02/20 15:48:31 INFO BlockManagerMasterEndpoint: BlockManagerMasterEndpoint up
[2025-02-20T15:48:31.105+0000] {spark_submit.py:641} INFO - 25/02/20 15:48:31 INFO SparkEnv: Registering BlockManagerMasterHeartbeat
[2025-02-20T15:48:31.171+0000] {spark_submit.py:641} INFO - 25/02/20 15:48:31 INFO DiskBlockManager: Created local directory at /tmp/blockmgr-4ddb7dc7-9478-4f84-b3a9-3bf5b804be37
[2025-02-20T15:48:31.196+0000] {spark_submit.py:641} INFO - 25/02/20 15:48:31 INFO MemoryStore: MemoryStore started with capacity 434.4 MiB
[2025-02-20T15:48:31.217+0000] {spark_submit.py:641} INFO - 25/02/20 15:48:31 INFO SparkEnv: Registering OutputCommitCoordinator
[2025-02-20T15:48:31.717+0000] {spark_submit.py:641} INFO - 25/02/20 15:48:31 INFO Utils: Successfully started service 'SparkUI' on port 4040.
[2025-02-20T15:48:31.807+0000] {spark_submit.py:641} INFO - 25/02/20 15:48:31 INFO SparkContext: Added JAR /spark-scripts/jars/postgresql-42.2.18.jar at spark://***-airflow-scheduler:41885/jars/postgresql-42.2.18.jar with timestamp 1740066509896
[2025-02-20T15:48:31.809+0000] {spark_submit.py:641} INFO - 25/02/20 15:48:31 INFO SparkContext: Added file file:///home/airflow/.ivy2/jars/org.postgresql_postgresql-42.2.18.jar at file:///home/airflow/.ivy2/jars/org.postgresql_postgresql-42.2.18.jar with timestamp 1740066509896
[2025-02-20T15:48:31.816+0000] {spark_submit.py:641} INFO - 25/02/20 15:48:31 INFO Utils: Copying /home/airflow/.ivy2/jars/org.postgresql_postgresql-42.2.18.jar to /tmp/spark-6bbbb18f-e613-4375-a21a-532eeca5d602/userFiles-bd13bca8-2b3b-42eb-b9a9-424b4624e02d/org.postgresql_postgresql-42.2.18.jar
[2025-02-20T15:48:31.874+0000] {spark_submit.py:641} INFO - 25/02/20 15:48:31 INFO SparkContext: Added file file:///home/airflow/.ivy2/jars/org.checkerframework_checker-qual-3.5.0.jar at file:///home/airflow/.ivy2/jars/org.checkerframework_checker-qual-3.5.0.jar with timestamp 1740066509896
[2025-02-20T15:48:31.876+0000] {spark_submit.py:641} INFO - 25/02/20 15:48:31 INFO Utils: Copying /home/airflow/.ivy2/jars/org.checkerframework_checker-qual-3.5.0.jar to /tmp/spark-6bbbb18f-e613-4375-a21a-532eeca5d602/userFiles-bd13bca8-2b3b-42eb-b9a9-424b4624e02d/org.checkerframework_checker-qual-3.5.0.jar
[2025-02-20T15:48:32.036+0000] {spark_submit.py:641} INFO - 25/02/20 15:48:32 INFO Executor: Starting executor ID driver on host ***-airflow-scheduler
[2025-02-20T15:48:32.056+0000] {spark_submit.py:641} INFO - 25/02/20 15:48:32 INFO Executor: Starting executor with user classpath (userClassPathFirst = false): ''
[2025-02-20T15:48:32.075+0000] {spark_submit.py:641} INFO - 25/02/20 15:48:32 INFO Executor: Fetching file:///home/airflow/.ivy2/jars/org.postgresql_postgresql-42.2.18.jar with timestamp 1740066509896
[2025-02-20T15:48:32.103+0000] {spark_submit.py:641} INFO - 25/02/20 15:48:32 INFO Utils: /home/airflow/.ivy2/jars/org.postgresql_postgresql-42.2.18.jar has been previously copied to /tmp/spark-6bbbb18f-e613-4375-a21a-532eeca5d602/userFiles-bd13bca8-2b3b-42eb-b9a9-424b4624e02d/org.postgresql_postgresql-42.2.18.jar
[2025-02-20T15:48:32.111+0000] {spark_submit.py:641} INFO - 25/02/20 15:48:32 INFO Executor: Fetching file:///home/airflow/.ivy2/jars/org.checkerframework_checker-qual-3.5.0.jar with timestamp 1740066509896
[2025-02-20T15:48:32.113+0000] {spark_submit.py:641} INFO - 25/02/20 15:48:32 INFO Utils: /home/airflow/.ivy2/jars/org.checkerframework_checker-qual-3.5.0.jar has been previously copied to /tmp/spark-6bbbb18f-e613-4375-a21a-532eeca5d602/userFiles-bd13bca8-2b3b-42eb-b9a9-424b4624e02d/org.checkerframework_checker-qual-3.5.0.jar
[2025-02-20T15:48:32.123+0000] {spark_submit.py:641} INFO - 25/02/20 15:48:32 INFO Executor: Fetching spark://***-airflow-scheduler:41885/jars/postgresql-42.2.18.jar with timestamp 1740066509896
[2025-02-20T15:48:32.179+0000] {spark_submit.py:641} INFO - 25/02/20 15:48:32 INFO TransportClientFactory: Successfully created connection to ***-airflow-scheduler/172.19.0.4:41885 after 32 ms (0 ms spent in bootstraps)
[2025-02-20T15:48:32.186+0000] {spark_submit.py:641} INFO - 25/02/20 15:48:32 INFO Utils: Fetching spark://***-airflow-scheduler:41885/jars/postgresql-42.2.18.jar to /tmp/spark-6bbbb18f-e613-4375-a21a-532eeca5d602/userFiles-bd13bca8-2b3b-42eb-b9a9-424b4624e02d/fetchFileTemp11796784739409047300.tmp
[2025-02-20T15:48:32.949+0000] {spark_submit.py:641} INFO - 25/02/20 15:48:32 INFO Executor: Adding file:/tmp/spark-6bbbb18f-e613-4375-a21a-532eeca5d602/userFiles-bd13bca8-2b3b-42eb-b9a9-424b4624e02d/postgresql-42.2.18.jar to class loader
[2025-02-20T15:48:32.959+0000] {spark_submit.py:641} INFO - 25/02/20 15:48:32 INFO Utils: Successfully started service 'org.apache.spark.network.netty.NettyBlockTransferService' on port 36713.
[2025-02-20T15:48:32.961+0000] {spark_submit.py:641} INFO - 25/02/20 15:48:32 INFO NettyBlockTransferService: Server created on ***-airflow-scheduler:36713
[2025-02-20T15:48:32.963+0000] {spark_submit.py:641} INFO - 25/02/20 15:48:32 INFO BlockManager: Using org.apache.spark.storage.RandomBlockReplicationPolicy for block replication policy
[2025-02-20T15:48:32.975+0000] {spark_submit.py:641} INFO - 25/02/20 15:48:32 INFO BlockManagerMaster: Registering BlockManager BlockManagerId(driver, ***-airflow-scheduler, 36713, None)
[2025-02-20T15:48:32.982+0000] {spark_submit.py:641} INFO - 25/02/20 15:48:32 INFO BlockManagerMasterEndpoint: Registering block manager ***-airflow-scheduler:36713 with 434.4 MiB RAM, BlockManagerId(driver, ***-airflow-scheduler, 36713, None)
[2025-02-20T15:48:32.985+0000] {spark_submit.py:641} INFO - 25/02/20 15:48:32 INFO BlockManagerMaster: Registered BlockManager BlockManagerId(driver, ***-airflow-scheduler, 36713, None)
[2025-02-20T15:48:32.988+0000] {spark_submit.py:641} INFO - 25/02/20 15:48:32 INFO BlockManager: Initialized BlockManager: BlockManagerId(driver, ***-airflow-scheduler, 36713, None)
[2025-02-20T15:48:35.752+0000] {spark_submit.py:641} INFO - Downloading from https://www.kaggle.com/api/v1/datasets/download/sanjanchaudhari/employees-performance-for-hr-analytics?dataset_version_number=1...
[2025-02-20T15:48:35.804+0000] {spark_submit.py:641} INFO - 
[2025-02-20T15:48:36.154+0000] {spark_submit.py:641} INFO - 0%|          | 0.00/205k [00:00<?, ?B/s]
[2025-02-20T15:48:36.156+0000] {spark_submit.py:641} INFO - 100%|██████████| 205k/205k [00:00<00:00, 601kB/s]
[2025-02-20T15:48:36.157+0000] {spark_submit.py:641} INFO - 100%|██████████| 205k/205k [00:00<00:00, 600kB/s]
[2025-02-20T15:48:36.159+0000] {spark_submit.py:641} INFO - Extracting files...
[2025-02-20T15:48:46.571+0000] {spark_submit.py:641} INFO - +-----------+-----------------+---------+---------------+------+-------------------+---------------+---+--------------------+-----------------+---------------------+----------+------------------+
[2025-02-20T15:48:46.577+0000] {spark_submit.py:641} INFO - |employee_id|       department|   region|      education|gender|recruitment_channel|no_of_trainings|age|previous_year_rating|length_of_service|KPIs_met_more_than_80|awards_won|avg_training_score|
[2025-02-20T15:48:46.578+0000] {spark_submit.py:641} INFO - +-----------+-----------------+---------+---------------+------+-------------------+---------------+---+--------------------+-----------------+---------------------+----------+------------------+
[2025-02-20T15:48:46.580+0000] {spark_submit.py:641} INFO - |       8724|       Technology|region_26|      Bachelors|     m|           sourcing|              1| 24|                null|                1|                    1|         0|                77|
[2025-02-20T15:48:46.581+0000] {spark_submit.py:641} INFO - |      74430|               HR| region_4|      Bachelors|     f|              other|              1| 31|                   3|                5|                    0|         0|                51|
[2025-02-20T15:48:46.583+0000] {spark_submit.py:641} INFO - |      72255|Sales & Marketing|region_13|      Bachelors|     m|              other|              1| 31|                   1|                4|                    0|         0|                47|
[2025-02-20T15:48:46.584+0000] {spark_submit.py:641} INFO - |      38562|      Procurement| region_2|      Bachelors|     f|              other|              3| 31|                   2|                9|                    0|         0|                65|
[2025-02-20T15:48:46.585+0000] {spark_submit.py:641} INFO - |      64486|          Finance|region_29|      Bachelors|     m|           sourcing|              1| 30|                   4|                7|                    0|         0|                61|
[2025-02-20T15:48:46.587+0000] {spark_submit.py:641} INFO - |      46232|      Procurement| region_7|      Bachelors|     m|           sourcing|              1| 36|                   3|                2|                    0|         0|                68|
[2025-02-20T15:48:46.589+0000] {spark_submit.py:641} INFO - |      54542|          Finance| region_2|      Bachelors|     m|              other|              1| 33|                   5|                3|                    1|         0|                57|
[2025-02-20T15:48:46.591+0000] {spark_submit.py:641} INFO - |      67269|        Analytics|region_22|      Bachelors|     m|           sourcing|              2| 36|                   3|                3|                    0|         0|                85|
[2025-02-20T15:48:46.592+0000] {spark_submit.py:641} INFO - |      66174|       Technology| region_7|Masters & above|     m|              other|              1| 51|                   4|               11|                    0|         0|                75|
[2025-02-20T15:48:46.594+0000] {spark_submit.py:641} INFO - |      76303|       Technology|region_22|      Bachelors|     m|           sourcing|              1| 29|                   5|                2|                    1|         0|                76|
[2025-02-20T15:48:46.596+0000] {spark_submit.py:641} INFO - |      60245|Sales & Marketing|region_16|      Bachelors|     m|           sourcing|              2| 40|                   5|               12|                    1|         0|                50|
[2025-02-20T15:48:46.597+0000] {spark_submit.py:641} INFO - |      42639|Sales & Marketing|region_17|Masters & above|     m|           sourcing|              1| 40|                   3|               10|                    0|         0|                46|
[2025-02-20T15:48:46.599+0000] {spark_submit.py:641} INFO - |      30963|Sales & Marketing| region_4|Masters & above|     f|              other|              1| 34|                   3|                4|                    0|         0|                52|
[2025-02-20T15:48:46.601+0000] {spark_submit.py:641} INFO - |      54055|        Analytics|region_24|      Bachelors|     m|              other|              1| 37|                   3|               10|                    0|         0|                82|
[2025-02-20T15:48:46.603+0000] {spark_submit.py:641} INFO - |      42996|       Operations|region_11|      Bachelors|     m|           sourcing|              1| 30|                   5|                6|                    1|         0|                58|
[2025-02-20T15:48:46.605+0000] {spark_submit.py:641} INFO - |      12737|Sales & Marketing| region_7|      Bachelors|     m|           sourcing|              1| 31|                   4|                4|                    1|         0|                47|
[2025-02-20T15:48:46.607+0000] {spark_submit.py:641} INFO - |      27561|       Operations|region_27|      Bachelors|     f|           sourcing|              1| 26|                   5|                3|                    0|         0|                56|
[2025-02-20T15:48:46.609+0000] {spark_submit.py:641} INFO - |      26622|Sales & Marketing|region_17|      Bachelors|     m|           sourcing|              1| 40|                   5|                6|                    1|         0|                50|
[2025-02-20T15:48:46.610+0000] {spark_submit.py:641} INFO - |      31582|      Procurement| region_7|      Bachelors|     f|              other|              1| 49|                   3|                7|                    1|         0|                64|
[2025-02-20T15:48:46.612+0000] {spark_submit.py:641} INFO - |      29793|      Procurement|region_27|      Bachelors|     m|              other|              1| 27|                   2|                5|                    0|         0|                65|
[2025-02-20T15:48:46.613+0000] {spark_submit.py:641} INFO - +-----------+-----------------+---------+---------------+------+-------------------+---------------+---+--------------------+-----------------+---------------------+----------+------------------+
[2025-02-20T15:48:46.614+0000] {spark_submit.py:641} INFO - only showing top 20 rows
[2025-02-20T15:48:46.616+0000] {spark_submit.py:641} INFO - 
[2025-02-20T15:48:47.144+0000] {spark_submit.py:641} INFO - Jumlah baris dalam DataFrame: 17417
[2025-02-20T15:48:47.146+0000] {spark_submit.py:641} INFO - Isi folder data:
[2025-02-20T15:48:47.147+0000] {spark_submit.py:641} INFO - ['part-00000-3e699459-59ce-422d-86cb-c7d75b3e6f18-c000.snappy.parquet', '_SUCCESS', '.part-00000-3e699459-59ce-422d-86cb-c7d75b3e6f18-c000.snappy.parquet.crc', '._SUCCESS.crc']
[2025-02-20T15:48:47.149+0000] {spark_submit.py:641} INFO - Extract daata berhasil.
[2025-02-20T15:48:47.200+0000] {spark_submit.py:641} INFO - 25/02/20 15:48:47 WARN Executor: Issue communicating with driver in heartbeater
[2025-02-20T15:48:47.202+0000] {spark_submit.py:641} INFO - org.apache.spark.SparkException: Exception thrown in awaitResult:
[2025-02-20T15:48:47.204+0000] {spark_submit.py:641} INFO - at org.apache.spark.util.ThreadUtils$.awaitResult(ThreadUtils.scala:301)
[2025-02-20T15:48:47.207+0000] {spark_submit.py:641} INFO - at org.apache.spark.rpc.RpcTimeout.awaitResult(RpcTimeout.scala:75)
[2025-02-20T15:48:47.208+0000] {spark_submit.py:641} INFO - at org.apache.spark.rpc.RpcEndpointRef.askSync(RpcEndpointRef.scala:103)
[2025-02-20T15:48:47.210+0000] {spark_submit.py:641} INFO - at org.apache.spark.executor.Executor.reportHeartBeat(Executor.scala:1053)
[2025-02-20T15:48:47.211+0000] {spark_submit.py:641} INFO - at org.apache.spark.executor.Executor.$anonfun$heartbeater$1(Executor.scala:238)
[2025-02-20T15:48:47.213+0000] {spark_submit.py:641} INFO - at scala.runtime.java8.JFunction0$mcV$sp.apply(JFunction0$mcV$sp.java:23)
[2025-02-20T15:48:47.214+0000] {spark_submit.py:641} INFO - at org.apache.spark.util.Utils$.logUncaughtExceptions(Utils.scala:2066)
[2025-02-20T15:48:47.215+0000] {spark_submit.py:641} INFO - at org.apache.spark.Heartbeater$$anon$1.run(Heartbeater.scala:46)
[2025-02-20T15:48:47.217+0000] {spark_submit.py:641} INFO - at java.base/java.util.concurrent.Executors$RunnableAdapter.call(Executors.java:539)
[2025-02-20T15:48:47.218+0000] {spark_submit.py:641} INFO - at java.base/java.util.concurrent.FutureTask.runAndReset(FutureTask.java:305)
[2025-02-20T15:48:47.219+0000] {spark_submit.py:641} INFO - at java.base/java.util.concurrent.ScheduledThreadPoolExecutor$ScheduledFutureTask.run(ScheduledThreadPoolExecutor.java:305)
[2025-02-20T15:48:47.222+0000] {spark_submit.py:641} INFO - at java.base/java.util.concurrent.ThreadPoolExecutor.runWorker(ThreadPoolExecutor.java:1136)
[2025-02-20T15:48:47.226+0000] {spark_submit.py:641} INFO - at java.base/java.util.concurrent.ThreadPoolExecutor$Worker.run(ThreadPoolExecutor.java:635)
[2025-02-20T15:48:47.227+0000] {spark_submit.py:641} INFO - at java.base/java.lang.Thread.run(Thread.java:840)
[2025-02-20T15:48:47.228+0000] {spark_submit.py:641} INFO - Caused by: org.apache.spark.SparkException: Could not find HeartbeatReceiver.
[2025-02-20T15:48:47.229+0000] {spark_submit.py:641} INFO - at org.apache.spark.rpc.netty.Dispatcher.postMessage(Dispatcher.scala:178)
[2025-02-20T15:48:47.230+0000] {spark_submit.py:641} INFO - at org.apache.spark.rpc.netty.Dispatcher.postLocalMessage(Dispatcher.scala:144)
[2025-02-20T15:48:47.231+0000] {spark_submit.py:641} INFO - at org.apache.spark.rpc.netty.NettyRpcEnv.askAbortable(NettyRpcEnv.scala:242)
[2025-02-20T15:48:47.232+0000] {spark_submit.py:641} INFO - at org.apache.spark.rpc.netty.NettyRpcEndpointRef.askAbortable(NettyRpcEnv.scala:554)
[2025-02-20T15:48:47.233+0000] {spark_submit.py:641} INFO - at org.apache.spark.rpc.netty.NettyRpcEndpointRef.ask(NettyRpcEnv.scala:558)
[2025-02-20T15:48:47.235+0000] {spark_submit.py:641} INFO - at org.apache.spark.rpc.RpcEndpointRef.askSync(RpcEndpointRef.scala:102)
[2025-02-20T15:48:47.235+0000] {spark_submit.py:641} INFO - ... 11 more
[2025-02-20T15:48:47.537+0000] {taskinstance.py:341} INFO - ::group::Post task execution logs
[2025-02-20T15:48:47.540+0000] {taskinstance.py:353} INFO - Marking task as SUCCESS. dag_id=***_v2_etl_dag, task_id=extract_task, run_id=manual__2025-02-20T15:46:32.551269+00:00, execution_date=20250220T154632, start_date=20250220T154824, end_date=20250220T154847
[2025-02-20T15:48:47.592+0000] {local_task_job_runner.py:266} INFO - Task exited with return code 0
[2025-02-20T15:48:47.640+0000] {taskinstance.py:3901} INFO - 1 downstream tasks scheduled from follow-on schedule check
[2025-02-20T15:48:47.644+0000] {local_task_job_runner.py:245} INFO - ::endgroup::
