[2025-02-21T20:10:40.847+0000] {local_task_job_runner.py:123} INFO - ::group::Pre task execution logs
[2025-02-21T20:10:40.953+0000] {taskinstance.py:2614} INFO - Dependencies all met for dep_context=non-requeueable deps ti=<TaskInstance: finprode8_v2_etl_dag.extract_task manual__2025-02-21T20:07:47.207700+00:00 [queued]>
[2025-02-21T20:10:41.004+0000] {taskinstance.py:2614} INFO - Dependencies all met for dep_context=requeueable deps ti=<TaskInstance: finprode8_v2_etl_dag.extract_task manual__2025-02-21T20:07:47.207700+00:00 [queued]>
[2025-02-21T20:10:41.007+0000] {taskinstance.py:2867} INFO - Starting attempt 2 of 2
[2025-02-21T20:10:41.083+0000] {taskinstance.py:2890} INFO - Executing <Task(SparkSubmitOperator): extract_task> on 2025-02-21 20:07:47.207700+00:00
[2025-02-21T20:10:41.108+0000] {standard_task_runner.py:72} INFO - Started process 5363 to run task
[2025-02-21T20:10:41.171+0000] {standard_task_runner.py:104} INFO - Running: ['airflow', 'tasks', 'run', '***_v2_etl_dag', 'extract_task', 'manual__2025-02-21T20:07:47.207700+00:00', '--job-id', '64', '--raw', '--subdir', 'DAGS_FOLDER/***_v2_etl_dag.py', '--cfg-path', '/tmp/tmpwf9197wf']
[2025-02-21T20:10:41.185+0000] {standard_task_runner.py:105} INFO - Job 64: Subtask extract_task
[2025-02-21T20:10:41.235+0000] {logging_mixin.py:190} WARNING - /home/airflow/.local/lib/python3.9/site-packages/airflow/settings.py:209 DeprecationWarning: The sql_alchemy_conn option in [core] has been moved to the sql_alchemy_conn option in [database] - the old setting has been used, but please update your config.
[2025-02-21T20:10:41.369+0000] {task_command.py:467} INFO - Running <TaskInstance: finprode8_v2_etl_dag.extract_task manual__2025-02-21T20:07:47.207700+00:00 [running]> on host ***-airflow-scheduler
[2025-02-21T20:10:41.832+0000] {taskinstance.py:3134} INFO - Exporting env vars: AIRFLOW_CTX_DAG_OWNER='ratih malini' AIRFLOW_CTX_DAG_ID='***_v2_etl_dag' AIRFLOW_CTX_TASK_ID='extract_task' AIRFLOW_CTX_EXECUTION_DATE='2025-02-21T20:07:47.207700+00:00' AIRFLOW_CTX_TRY_NUMBER='2' AIRFLOW_CTX_DAG_RUN_ID='manual__2025-02-21T20:07:47.207700+00:00'
[2025-02-21T20:10:41.839+0000] {taskinstance.py:732} INFO - ::endgroup::
[2025-02-21T20:10:42.042+0000] {base.py:84} INFO - Retrieving connection 'spark_main'
[2025-02-21T20:10:42.048+0000] {spark_submit.py:474} INFO - Spark-Submit cmd: spark-submit --master spark://***-spark-master:7077 --name arrow-spark /spark-scripts/***_v2_extract.py
[2025-02-21T20:10:46.105+0000] {spark_submit.py:641} INFO - 25/02/21 20:10:46 INFO SparkContext: Running Spark version 3.3.2
[2025-02-21T20:10:46.163+0000] {spark_submit.py:641} INFO - 25/02/21 20:10:46 WARN NativeCodeLoader: Unable to load native-hadoop library for your platform... using builtin-java classes where applicable
[2025-02-21T20:10:46.253+0000] {spark_submit.py:641} INFO - 25/02/21 20:10:46 INFO ResourceUtils: ==============================================================
[2025-02-21T20:10:46.255+0000] {spark_submit.py:641} INFO - 25/02/21 20:10:46 INFO ResourceUtils: No custom resources configured for spark.driver.
[2025-02-21T20:10:46.256+0000] {spark_submit.py:641} INFO - 25/02/21 20:10:46 INFO ResourceUtils: ==============================================================
[2025-02-21T20:10:46.258+0000] {spark_submit.py:641} INFO - 25/02/21 20:10:46 INFO SparkContext: Submitted application: ***_extract
[2025-02-21T20:10:46.274+0000] {spark_submit.py:641} INFO - 25/02/21 20:10:46 INFO ResourceProfile: Default ResourceProfile created, executor resources: Map(cores -> name: cores, amount: 1, script: , vendor: , memory -> name: memory, amount: 1024, script: , vendor: , offHeap -> name: offHeap, amount: 0, script: , vendor: ), task resources: Map(cpus -> name: cpus, amount: 1.0)
[2025-02-21T20:10:46.283+0000] {spark_submit.py:641} INFO - 25/02/21 20:10:46 INFO ResourceProfile: Limiting resource is cpu
[2025-02-21T20:10:46.285+0000] {spark_submit.py:641} INFO - 25/02/21 20:10:46 INFO ResourceProfileManager: Added ResourceProfile id: 0
[2025-02-21T20:10:46.332+0000] {spark_submit.py:641} INFO - 25/02/21 20:10:46 INFO SecurityManager: Changing view acls to: airflow
[2025-02-21T20:10:46.335+0000] {spark_submit.py:641} INFO - 25/02/21 20:10:46 INFO SecurityManager: Changing modify acls to: airflow
[2025-02-21T20:10:46.336+0000] {spark_submit.py:641} INFO - 25/02/21 20:10:46 INFO SecurityManager: Changing view acls groups to:
[2025-02-21T20:10:46.338+0000] {spark_submit.py:641} INFO - 25/02/21 20:10:46 INFO SecurityManager: Changing modify acls groups to:
[2025-02-21T20:10:46.340+0000] {spark_submit.py:641} INFO - 25/02/21 20:10:46 INFO SecurityManager: SecurityManager: authentication disabled; ui acls disabled; users  with view permissions: Set(airflow); groups with view permissions: Set(); users  with modify permissions: Set(airflow); groups with modify permissions: Set()
[2025-02-21T20:10:46.560+0000] {spark_submit.py:641} INFO - 25/02/21 20:10:46 INFO Utils: Successfully started service 'sparkDriver' on port 34301.
[2025-02-21T20:10:46.588+0000] {spark_submit.py:641} INFO - 25/02/21 20:10:46 INFO SparkEnv: Registering MapOutputTracker
[2025-02-21T20:10:46.619+0000] {spark_submit.py:641} INFO - 25/02/21 20:10:46 INFO SparkEnv: Registering BlockManagerMaster
[2025-02-21T20:10:46.634+0000] {spark_submit.py:641} INFO - 25/02/21 20:10:46 INFO BlockManagerMasterEndpoint: Using org.apache.spark.storage.DefaultTopologyMapper for getting topology information
[2025-02-21T20:10:46.636+0000] {spark_submit.py:641} INFO - 25/02/21 20:10:46 INFO BlockManagerMasterEndpoint: BlockManagerMasterEndpoint up
[2025-02-21T20:10:46.639+0000] {spark_submit.py:641} INFO - 25/02/21 20:10:46 INFO SparkEnv: Registering BlockManagerMasterHeartbeat
[2025-02-21T20:10:46.660+0000] {spark_submit.py:641} INFO - 25/02/21 20:10:46 INFO DiskBlockManager: Created local directory at /tmp/blockmgr-146bf339-1b86-4584-9eb3-003b4f373e3d
[2025-02-21T20:10:46.679+0000] {spark_submit.py:641} INFO - 25/02/21 20:10:46 INFO MemoryStore: MemoryStore started with capacity 434.4 MiB
[2025-02-21T20:10:46.696+0000] {spark_submit.py:641} INFO - 25/02/21 20:10:46 INFO SparkEnv: Registering OutputCommitCoordinator
[2025-02-21T20:10:46.898+0000] {spark_submit.py:641} INFO - 25/02/21 20:10:46 INFO Utils: Successfully started service 'SparkUI' on port 4040.
[2025-02-21T20:10:47.004+0000] {spark_submit.py:641} INFO - 25/02/21 20:10:47 INFO Executor: Starting executor ID driver on host ***-airflow-scheduler
[2025-02-21T20:10:47.017+0000] {spark_submit.py:641} INFO - 25/02/21 20:10:47 INFO Executor: Starting executor with user classpath (userClassPathFirst = false): ''
[2025-02-21T20:10:47.037+0000] {spark_submit.py:641} INFO - 25/02/21 20:10:47 INFO Utils: Successfully started service 'org.apache.spark.network.netty.NettyBlockTransferService' on port 38473.
[2025-02-21T20:10:47.038+0000] {spark_submit.py:641} INFO - 25/02/21 20:10:47 INFO NettyBlockTransferService: Server created on ***-airflow-scheduler:38473
[2025-02-21T20:10:47.040+0000] {spark_submit.py:641} INFO - 25/02/21 20:10:47 INFO BlockManager: Using org.apache.spark.storage.RandomBlockReplicationPolicy for block replication policy
[2025-02-21T20:10:47.045+0000] {spark_submit.py:641} INFO - 25/02/21 20:10:47 INFO BlockManagerMaster: Registering BlockManager BlockManagerId(driver, ***-airflow-scheduler, 38473, None)
[2025-02-21T20:10:47.051+0000] {spark_submit.py:641} INFO - 25/02/21 20:10:47 INFO BlockManagerMasterEndpoint: Registering block manager ***-airflow-scheduler:38473 with 434.4 MiB RAM, BlockManagerId(driver, ***-airflow-scheduler, 38473, None)
[2025-02-21T20:10:47.053+0000] {spark_submit.py:641} INFO - 25/02/21 20:10:47 INFO BlockManagerMaster: Registered BlockManager BlockManagerId(driver, ***-airflow-scheduler, 38473, None)
[2025-02-21T20:10:47.055+0000] {spark_submit.py:641} INFO - 25/02/21 20:10:47 INFO BlockManager: Initialized BlockManager: BlockManagerId(driver, ***-airflow-scheduler, 38473, None)
[2025-02-21T20:10:54.348+0000] {spark_submit.py:641} INFO - ---------------- MENAMPILKAN DATA HASIL EXTRACT ----------------
[2025-02-21T20:10:54.554+0000] {spark_submit.py:641} INFO - +-----------+-----------------+---------+---------+------+-------------------+---------------+---+--------------------+-----------------+---------------------+----------+------------------+
[2025-02-21T20:10:54.557+0000] {spark_submit.py:641} INFO - |employee_id|       department|   region|education|gender|recruitment_channel|no_of_trainings|age|previous_year_rating|length_of_service|KPIs_met_more_than_80|awards_won|avg_training_score|
[2025-02-21T20:10:54.559+0000] {spark_submit.py:641} INFO - +-----------+-----------------+---------+---------+------+-------------------+---------------+---+--------------------+-----------------+---------------------+----------+------------------+
[2025-02-21T20:10:54.560+0000] {spark_submit.py:641} INFO - |       8724|       Technology|region_26|Bachelors|     m|           sourcing|              1| 24|                null|                1|                    1|         0|                77|
[2025-02-21T20:10:54.561+0000] {spark_submit.py:641} INFO - |      74430|               HR| region_4|Bachelors|     f|              other|              1| 31|                   3|                5|                    0|         0|                51|
[2025-02-21T20:10:54.562+0000] {spark_submit.py:641} INFO - |      72255|Sales & Marketing|region_13|Bachelors|     m|              other|              1| 31|                   1|                4|                    0|         0|                47|
[2025-02-21T20:10:54.562+0000] {spark_submit.py:641} INFO - |      38562|      Procurement| region_2|Bachelors|     f|              other|              3| 31|                   2|                9|                    0|         0|                65|
[2025-02-21T20:10:54.564+0000] {spark_submit.py:641} INFO - |      64486|          Finance|region_29|Bachelors|     m|           sourcing|              1| 30|                   4|                7|                    0|         0|                61|
[2025-02-21T20:10:54.565+0000] {spark_submit.py:641} INFO - +-----------+-----------------+---------+---------+------+-------------------+---------------+---+--------------------+-----------------+---------------------+----------+------------------+
[2025-02-21T20:10:54.566+0000] {spark_submit.py:641} INFO - only showing top 5 rows
[2025-02-21T20:10:54.567+0000] {spark_submit.py:641} INFO - 
[2025-02-21T20:10:54.569+0000] {spark_submit.py:641} INFO - root
[2025-02-21T20:10:54.570+0000] {spark_submit.py:641} INFO - |-- employee_id: integer (nullable = true)
[2025-02-21T20:10:54.571+0000] {spark_submit.py:641} INFO - |-- department: string (nullable = true)
[2025-02-21T20:10:54.572+0000] {spark_submit.py:641} INFO - |-- region: string (nullable = true)
[2025-02-21T20:10:54.574+0000] {spark_submit.py:641} INFO - |-- education: string (nullable = true)
[2025-02-21T20:10:54.576+0000] {spark_submit.py:641} INFO - |-- gender: string (nullable = true)
[2025-02-21T20:10:54.577+0000] {spark_submit.py:641} INFO - |-- recruitment_channel: string (nullable = true)
[2025-02-21T20:10:54.578+0000] {spark_submit.py:641} INFO - |-- no_of_trainings: integer (nullable = true)
[2025-02-21T20:10:54.580+0000] {spark_submit.py:641} INFO - |-- age: integer (nullable = true)
[2025-02-21T20:10:54.581+0000] {spark_submit.py:641} INFO - |-- previous_year_rating: integer (nullable = true)
[2025-02-21T20:10:54.583+0000] {spark_submit.py:641} INFO - |-- length_of_service: integer (nullable = true)
[2025-02-21T20:10:54.584+0000] {spark_submit.py:641} INFO - |-- KPIs_met_more_than_80: integer (nullable = true)
[2025-02-21T20:10:54.585+0000] {spark_submit.py:641} INFO - |-- awards_won: integer (nullable = true)
[2025-02-21T20:10:54.586+0000] {spark_submit.py:641} INFO - |-- avg_training_score: integer (nullable = true)
[2025-02-21T20:10:54.588+0000] {spark_submit.py:641} INFO - 
[2025-02-21T20:10:55.076+0000] {spark_submit.py:641} INFO - Jumlah baris dalam DataFrame : 17417
[2025-02-21T20:10:55.078+0000] {spark_submit.py:641} INFO - Isi folder data/extracted.parquet :
[2025-02-21T20:10:55.080+0000] {spark_submit.py:641} INFO - ['part-00000-94efe67b-4bc7-4486-9c6c-ec0ef3b0b575-c000.snappy.parquet', '_SUCCESS', '.part-00000-94efe67b-4bc7-4486-9c6c-ec0ef3b0b575-c000.snappy.parquet.crc', '._SUCCESS.crc']
[2025-02-21T20:10:55.081+0000] {spark_submit.py:641} INFO - Extract data berhasil.
[2025-02-21T20:10:55.411+0000] {taskinstance.py:341} INFO - ::group::Post task execution logs
[2025-02-21T20:10:55.413+0000] {taskinstance.py:353} INFO - Marking task as SUCCESS. dag_id=***_v2_etl_dag, task_id=extract_task, run_id=manual__2025-02-21T20:07:47.207700+00:00, execution_date=20250221T200747, start_date=20250221T201040, end_date=20250221T201055
[2025-02-21T20:10:55.462+0000] {local_task_job_runner.py:266} INFO - Task exited with return code 0
[2025-02-21T20:10:55.504+0000] {taskinstance.py:3901} INFO - 1 downstream tasks scheduled from follow-on schedule check
[2025-02-21T20:10:55.507+0000] {local_task_job_runner.py:245} INFO - ::endgroup::
