[2025-02-21T20:23:20.785+0000] {local_task_job_runner.py:123} INFO - ::group::Pre task execution logs
[2025-02-21T20:23:20.805+0000] {taskinstance.py:2614} INFO - Dependencies all met for dep_context=non-requeueable deps ti=<TaskInstance: finprode8_v2_etl_dag.extract_task manual__2025-02-21T20:07:47.207700+00:00 [queued]>
[2025-02-21T20:23:20.817+0000] {taskinstance.py:2614} INFO - Dependencies all met for dep_context=requeueable deps ti=<TaskInstance: finprode8_v2_etl_dag.extract_task manual__2025-02-21T20:07:47.207700+00:00 [queued]>
[2025-02-21T20:23:20.820+0000] {taskinstance.py:2867} INFO - Starting attempt 8 of 8
[2025-02-21T20:23:20.834+0000] {taskinstance.py:2890} INFO - Executing <Task(SparkSubmitOperator): extract_task> on 2025-02-21 20:07:47.207700+00:00
[2025-02-21T20:23:20.839+0000] {standard_task_runner.py:72} INFO - Started process 9601 to run task
[2025-02-21T20:23:20.845+0000] {standard_task_runner.py:104} INFO - Running: ['airflow', 'tasks', 'run', '***_v2_etl_dag', 'extract_task', 'manual__2025-02-21T20:07:47.207700+00:00', '--job-id', '81', '--raw', '--subdir', 'DAGS_FOLDER/***_v2_etl_dag.py', '--cfg-path', '/tmp/tmphxf9zms7']
[2025-02-21T20:23:20.848+0000] {standard_task_runner.py:105} INFO - Job 81: Subtask extract_task
[2025-02-21T20:23:20.868+0000] {logging_mixin.py:190} WARNING - /home/airflow/.local/lib/python3.9/site-packages/airflow/settings.py:209 DeprecationWarning: The sql_alchemy_conn option in [core] has been moved to the sql_alchemy_conn option in [database] - the old setting has been used, but please update your config.
[2025-02-21T20:23:20.909+0000] {task_command.py:467} INFO - Running <TaskInstance: finprode8_v2_etl_dag.extract_task manual__2025-02-21T20:07:47.207700+00:00 [running]> on host ***-airflow-scheduler
[2025-02-21T20:23:20.992+0000] {taskinstance.py:3134} INFO - Exporting env vars: AIRFLOW_CTX_DAG_OWNER='ratih malini' AIRFLOW_CTX_DAG_ID='***_v2_etl_dag' AIRFLOW_CTX_TASK_ID='extract_task' AIRFLOW_CTX_EXECUTION_DATE='2025-02-21T20:07:47.207700+00:00' AIRFLOW_CTX_TRY_NUMBER='8' AIRFLOW_CTX_DAG_RUN_ID='manual__2025-02-21T20:07:47.207700+00:00'
[2025-02-21T20:23:20.995+0000] {taskinstance.py:732} INFO - ::endgroup::
[2025-02-21T20:23:21.035+0000] {base.py:84} INFO - Retrieving connection 'spark_main'
[2025-02-21T20:23:21.038+0000] {spark_submit.py:474} INFO - Spark-Submit cmd: spark-submit --master spark://***-spark-master:7077 --name arrow-spark /spark-scripts/***_v2_extract.py
[2025-02-21T20:23:24.827+0000] {spark_submit.py:641} INFO - 25/02/21 20:23:24 INFO SparkContext: Running Spark version 3.3.2
[2025-02-21T20:23:24.902+0000] {spark_submit.py:641} INFO - 25/02/21 20:23:24 WARN NativeCodeLoader: Unable to load native-hadoop library for your platform... using builtin-java classes where applicable
[2025-02-21T20:23:25.018+0000] {spark_submit.py:641} INFO - 25/02/21 20:23:25 INFO ResourceUtils: ==============================================================
[2025-02-21T20:23:25.020+0000] {spark_submit.py:641} INFO - 25/02/21 20:23:25 INFO ResourceUtils: No custom resources configured for spark.driver.
[2025-02-21T20:23:25.021+0000] {spark_submit.py:641} INFO - 25/02/21 20:23:25 INFO ResourceUtils: ==============================================================
[2025-02-21T20:23:25.022+0000] {spark_submit.py:641} INFO - 25/02/21 20:23:25 INFO SparkContext: Submitted application: ***_extract
[2025-02-21T20:23:25.046+0000] {spark_submit.py:641} INFO - 25/02/21 20:23:25 INFO ResourceProfile: Default ResourceProfile created, executor resources: Map(cores -> name: cores, amount: 1, script: , vendor: , memory -> name: memory, amount: 1024, script: , vendor: , offHeap -> name: offHeap, amount: 0, script: , vendor: ), task resources: Map(cpus -> name: cpus, amount: 1.0)
[2025-02-21T20:23:25.054+0000] {spark_submit.py:641} INFO - 25/02/21 20:23:25 INFO ResourceProfile: Limiting resource is cpu
[2025-02-21T20:23:25.056+0000] {spark_submit.py:641} INFO - 25/02/21 20:23:25 INFO ResourceProfileManager: Added ResourceProfile id: 0
[2025-02-21T20:23:25.107+0000] {spark_submit.py:641} INFO - 25/02/21 20:23:25 INFO SecurityManager: Changing view acls to: airflow
[2025-02-21T20:23:25.108+0000] {spark_submit.py:641} INFO - 25/02/21 20:23:25 INFO SecurityManager: Changing modify acls to: airflow
[2025-02-21T20:23:25.110+0000] {spark_submit.py:641} INFO - 25/02/21 20:23:25 INFO SecurityManager: Changing view acls groups to:
[2025-02-21T20:23:25.111+0000] {spark_submit.py:641} INFO - 25/02/21 20:23:25 INFO SecurityManager: Changing modify acls groups to:
[2025-02-21T20:23:25.112+0000] {spark_submit.py:641} INFO - 25/02/21 20:23:25 INFO SecurityManager: SecurityManager: authentication disabled; ui acls disabled; users  with view permissions: Set(airflow); groups with view permissions: Set(); users  with modify permissions: Set(airflow); groups with modify permissions: Set()
[2025-02-21T20:23:25.397+0000] {spark_submit.py:641} INFO - 25/02/21 20:23:25 INFO Utils: Successfully started service 'sparkDriver' on port 33265.
[2025-02-21T20:23:25.436+0000] {spark_submit.py:641} INFO - 25/02/21 20:23:25 INFO SparkEnv: Registering MapOutputTracker
[2025-02-21T20:23:25.473+0000] {spark_submit.py:641} INFO - 25/02/21 20:23:25 INFO SparkEnv: Registering BlockManagerMaster
[2025-02-21T20:23:25.498+0000] {spark_submit.py:641} INFO - 25/02/21 20:23:25 INFO BlockManagerMasterEndpoint: Using org.apache.spark.storage.DefaultTopologyMapper for getting topology information
[2025-02-21T20:23:25.500+0000] {spark_submit.py:641} INFO - 25/02/21 20:23:25 INFO BlockManagerMasterEndpoint: BlockManagerMasterEndpoint up
[2025-02-21T20:23:25.505+0000] {spark_submit.py:641} INFO - 25/02/21 20:23:25 INFO SparkEnv: Registering BlockManagerMasterHeartbeat
[2025-02-21T20:23:25.536+0000] {spark_submit.py:641} INFO - 25/02/21 20:23:25 INFO DiskBlockManager: Created local directory at /tmp/blockmgr-b9d24228-dfbc-423c-8a3e-cc1224b10d3f
[2025-02-21T20:23:25.555+0000] {spark_submit.py:641} INFO - 25/02/21 20:23:25 INFO MemoryStore: MemoryStore started with capacity 434.4 MiB
[2025-02-21T20:23:25.571+0000] {spark_submit.py:641} INFO - 25/02/21 20:23:25 INFO SparkEnv: Registering OutputCommitCoordinator
[2025-02-21T20:23:25.816+0000] {spark_submit.py:641} INFO - 25/02/21 20:23:25 INFO Utils: Successfully started service 'SparkUI' on port 4040.
[2025-02-21T20:23:25.925+0000] {spark_submit.py:641} INFO - 25/02/21 20:23:25 INFO Executor: Starting executor ID driver on host ***-airflow-scheduler
[2025-02-21T20:23:25.936+0000] {spark_submit.py:641} INFO - 25/02/21 20:23:25 INFO Executor: Starting executor with user classpath (userClassPathFirst = false): ''
[2025-02-21T20:23:25.957+0000] {spark_submit.py:641} INFO - 25/02/21 20:23:25 INFO Utils: Successfully started service 'org.apache.spark.network.netty.NettyBlockTransferService' on port 46729.
[2025-02-21T20:23:25.959+0000] {spark_submit.py:641} INFO - 25/02/21 20:23:25 INFO NettyBlockTransferService: Server created on ***-airflow-scheduler:46729
[2025-02-21T20:23:25.961+0000] {spark_submit.py:641} INFO - 25/02/21 20:23:25 INFO BlockManager: Using org.apache.spark.storage.RandomBlockReplicationPolicy for block replication policy
[2025-02-21T20:23:25.970+0000] {spark_submit.py:641} INFO - 25/02/21 20:23:25 INFO BlockManagerMaster: Registering BlockManager BlockManagerId(driver, ***-airflow-scheduler, 46729, None)
[2025-02-21T20:23:25.974+0000] {spark_submit.py:641} INFO - 25/02/21 20:23:25 INFO BlockManagerMasterEndpoint: Registering block manager ***-airflow-scheduler:46729 with 434.4 MiB RAM, BlockManagerId(driver, ***-airflow-scheduler, 46729, None)
[2025-02-21T20:23:25.977+0000] {spark_submit.py:641} INFO - 25/02/21 20:23:25 INFO BlockManagerMaster: Registered BlockManager BlockManagerId(driver, ***-airflow-scheduler, 46729, None)
[2025-02-21T20:23:25.978+0000] {spark_submit.py:641} INFO - 25/02/21 20:23:25 INFO BlockManager: Initialized BlockManager: BlockManagerId(driver, ***-airflow-scheduler, 46729, None)
[2025-02-21T20:23:33.017+0000] {spark_submit.py:641} INFO - ---------------- MENAMPILKAN DATA HASIL EXTRACT ----------------
[2025-02-21T20:23:33.236+0000] {spark_submit.py:641} INFO - +-----------+-----------------+---------+---------+------+-------------------+---------------+---+--------------------+-----------------+---------------------+----------+------------------+
[2025-02-21T20:23:33.238+0000] {spark_submit.py:641} INFO - |employee_id|       department|   region|education|gender|recruitment_channel|no_of_trainings|age|previous_year_rating|length_of_service|KPIs_met_more_than_80|awards_won|avg_training_score|
[2025-02-21T20:23:33.240+0000] {spark_submit.py:641} INFO - +-----------+-----------------+---------+---------+------+-------------------+---------------+---+--------------------+-----------------+---------------------+----------+------------------+
[2025-02-21T20:23:33.240+0000] {spark_submit.py:641} INFO - |       8724|       Technology|region_26|Bachelors|     m|           sourcing|              1| 24|                null|                1|                    1|         0|                77|
[2025-02-21T20:23:33.241+0000] {spark_submit.py:641} INFO - |      74430|               HR| region_4|Bachelors|     f|              other|              1| 31|                   3|                5|                    0|         0|                51|
[2025-02-21T20:23:33.242+0000] {spark_submit.py:641} INFO - |      72255|Sales & Marketing|region_13|Bachelors|     m|              other|              1| 31|                   1|                4|                    0|         0|                47|
[2025-02-21T20:23:33.244+0000] {spark_submit.py:641} INFO - |      38562|      Procurement| region_2|Bachelors|     f|              other|              3| 31|                   2|                9|                    0|         0|                65|
[2025-02-21T20:23:33.245+0000] {spark_submit.py:641} INFO - |      64486|          Finance|region_29|Bachelors|     m|           sourcing|              1| 30|                   4|                7|                    0|         0|                61|
[2025-02-21T20:23:33.246+0000] {spark_submit.py:641} INFO - +-----------+-----------------+---------+---------+------+-------------------+---------------+---+--------------------+-----------------+---------------------+----------+------------------+
[2025-02-21T20:23:33.247+0000] {spark_submit.py:641} INFO - only showing top 5 rows
[2025-02-21T20:23:33.248+0000] {spark_submit.py:641} INFO - 
[2025-02-21T20:23:33.250+0000] {spark_submit.py:641} INFO - root
[2025-02-21T20:23:33.251+0000] {spark_submit.py:641} INFO - |-- employee_id: integer (nullable = true)
[2025-02-21T20:23:33.252+0000] {spark_submit.py:641} INFO - |-- department: string (nullable = true)
[2025-02-21T20:23:33.253+0000] {spark_submit.py:641} INFO - |-- region: string (nullable = true)
[2025-02-21T20:23:33.254+0000] {spark_submit.py:641} INFO - |-- education: string (nullable = true)
[2025-02-21T20:23:33.255+0000] {spark_submit.py:641} INFO - |-- gender: string (nullable = true)
[2025-02-21T20:23:33.256+0000] {spark_submit.py:641} INFO - |-- recruitment_channel: string (nullable = true)
[2025-02-21T20:23:33.258+0000] {spark_submit.py:641} INFO - |-- no_of_trainings: integer (nullable = true)
[2025-02-21T20:23:33.259+0000] {spark_submit.py:641} INFO - |-- age: integer (nullable = true)
[2025-02-21T20:23:33.260+0000] {spark_submit.py:641} INFO - |-- previous_year_rating: integer (nullable = true)
[2025-02-21T20:23:33.261+0000] {spark_submit.py:641} INFO - |-- length_of_service: integer (nullable = true)
[2025-02-21T20:23:33.262+0000] {spark_submit.py:641} INFO - |-- KPIs_met_more_than_80: integer (nullable = true)
[2025-02-21T20:23:33.263+0000] {spark_submit.py:641} INFO - |-- awards_won: integer (nullable = true)
[2025-02-21T20:23:33.265+0000] {spark_submit.py:641} INFO - |-- avg_training_score: integer (nullable = true)
[2025-02-21T20:23:33.266+0000] {spark_submit.py:641} INFO - 
[2025-02-21T20:23:33.729+0000] {spark_submit.py:641} INFO - Jumlah baris dalam DataFrame : 17417
[2025-02-21T20:23:33.731+0000] {spark_submit.py:641} INFO - Isi folder data/extracted.parquet :
[2025-02-21T20:23:33.732+0000] {spark_submit.py:641} INFO - ['part-00000-3ee8d1b0-f2d3-4aab-ae78-ca73a8a02ccf-c000.snappy.parquet', '.part-00000-3ee8d1b0-f2d3-4aab-ae78-ca73a8a02ccf-c000.snappy.parquet.crc', '_SUCCESS', '._SUCCESS.crc']
[2025-02-21T20:23:33.733+0000] {spark_submit.py:641} INFO - Extract data berhasil.
[2025-02-21T20:23:34.341+0000] {taskinstance.py:341} INFO - ::group::Post task execution logs
[2025-02-21T20:23:34.343+0000] {taskinstance.py:353} INFO - Marking task as SUCCESS. dag_id=***_v2_etl_dag, task_id=extract_task, run_id=manual__2025-02-21T20:07:47.207700+00:00, execution_date=20250221T200747, start_date=20250221T202320, end_date=20250221T202334
[2025-02-21T20:23:34.403+0000] {local_task_job_runner.py:266} INFO - Task exited with return code 0
[2025-02-21T20:23:34.436+0000] {taskinstance.py:3901} INFO - 1 downstream tasks scheduled from follow-on schedule check
[2025-02-21T20:23:34.439+0000] {local_task_job_runner.py:245} INFO - ::endgroup::
