[2025-02-21T20:07:53.527+0000] {local_task_job_runner.py:123} INFO - ::group::Pre task execution logs
[2025-02-21T20:07:53.660+0000] {taskinstance.py:2614} INFO - Dependencies all met for dep_context=non-requeueable deps ti=<TaskInstance: finprode8_v2_etl_dag.extract_task manual__2025-02-21T20:07:47.207700+00:00 [queued]>
[2025-02-21T20:07:53.699+0000] {taskinstance.py:2614} INFO - Dependencies all met for dep_context=requeueable deps ti=<TaskInstance: finprode8_v2_etl_dag.extract_task manual__2025-02-21T20:07:47.207700+00:00 [queued]>
[2025-02-21T20:07:53.702+0000] {taskinstance.py:2867} INFO - Starting attempt 1 of 1
[2025-02-21T20:07:53.755+0000] {taskinstance.py:2890} INFO - Executing <Task(SparkSubmitOperator): extract_task> on 2025-02-21 20:07:47.207700+00:00
[2025-02-21T20:07:53.785+0000] {standard_task_runner.py:104} INFO - Running: ['airflow', 'tasks', 'run', '***_v2_etl_dag', 'extract_task', 'manual__2025-02-21T20:07:47.207700+00:00', '--job-id', '61', '--raw', '--subdir', 'DAGS_FOLDER/***_v2_etl_dag.py', '--cfg-path', '/tmp/tmpe8bstpht']
[2025-02-21T20:07:53.782+0000] {standard_task_runner.py:72} INFO - Started process 4623 to run task
[2025-02-21T20:07:53.790+0000] {standard_task_runner.py:105} INFO - Job 61: Subtask extract_task
[2025-02-21T20:07:53.862+0000] {logging_mixin.py:190} WARNING - /home/airflow/.local/lib/python3.9/site-packages/airflow/settings.py:209 DeprecationWarning: The sql_alchemy_conn option in [core] has been moved to the sql_alchemy_conn option in [database] - the old setting has been used, but please update your config.
[2025-02-21T20:07:53.981+0000] {task_command.py:467} INFO - Running <TaskInstance: finprode8_v2_etl_dag.extract_task manual__2025-02-21T20:07:47.207700+00:00 [running]> on host ***-airflow-scheduler
[2025-02-21T20:07:54.318+0000] {taskinstance.py:3134} INFO - Exporting env vars: AIRFLOW_CTX_DAG_OWNER='ratih malini' AIRFLOW_CTX_DAG_ID='***_v2_etl_dag' AIRFLOW_CTX_TASK_ID='extract_task' AIRFLOW_CTX_EXECUTION_DATE='2025-02-21T20:07:47.207700+00:00' AIRFLOW_CTX_TRY_NUMBER='1' AIRFLOW_CTX_DAG_RUN_ID='manual__2025-02-21T20:07:47.207700+00:00'
[2025-02-21T20:07:54.321+0000] {taskinstance.py:732} INFO - ::endgroup::
[2025-02-21T20:07:54.443+0000] {base.py:84} INFO - Retrieving connection 'spark_main'
[2025-02-21T20:07:54.448+0000] {spark_submit.py:474} INFO - Spark-Submit cmd: spark-submit --master spark://***-spark-master:7077 --name arrow-spark /spark-scripts/***_v2_extract.py
[2025-02-21T20:08:00.929+0000] {spark_submit.py:641} INFO - 25/02/21 20:08:00 INFO SparkContext: Running Spark version 3.3.2
[2025-02-21T20:08:01.063+0000] {spark_submit.py:641} INFO - 25/02/21 20:08:01 WARN NativeCodeLoader: Unable to load native-hadoop library for your platform... using builtin-java classes where applicable
[2025-02-21T20:08:01.570+0000] {spark_submit.py:641} INFO - 25/02/21 20:08:01 INFO ResourceUtils: ==============================================================
[2025-02-21T20:08:01.573+0000] {spark_submit.py:641} INFO - 25/02/21 20:08:01 INFO ResourceUtils: No custom resources configured for spark.driver.
[2025-02-21T20:08:01.575+0000] {spark_submit.py:641} INFO - 25/02/21 20:08:01 INFO ResourceUtils: ==============================================================
[2025-02-21T20:08:01.576+0000] {spark_submit.py:641} INFO - 25/02/21 20:08:01 INFO SparkContext: Submitted application: ***_extract
[2025-02-21T20:08:01.659+0000] {spark_submit.py:641} INFO - 25/02/21 20:08:01 INFO ResourceProfile: Default ResourceProfile created, executor resources: Map(cores -> name: cores, amount: 1, script: , vendor: , memory -> name: memory, amount: 1024, script: , vendor: , offHeap -> name: offHeap, amount: 0, script: , vendor: ), task resources: Map(cpus -> name: cpus, amount: 1.0)
[2025-02-21T20:08:01.678+0000] {spark_submit.py:641} INFO - 25/02/21 20:08:01 INFO ResourceProfile: Limiting resource is cpu
[2025-02-21T20:08:01.680+0000] {spark_submit.py:641} INFO - 25/02/21 20:08:01 INFO ResourceProfileManager: Added ResourceProfile id: 0
[2025-02-21T20:08:01.962+0000] {spark_submit.py:641} INFO - 25/02/21 20:08:01 INFO SecurityManager: Changing view acls to: airflow
[2025-02-21T20:08:01.965+0000] {spark_submit.py:641} INFO - 25/02/21 20:08:01 INFO SecurityManager: Changing modify acls to: airflow
[2025-02-21T20:08:01.968+0000] {spark_submit.py:641} INFO - 25/02/21 20:08:01 INFO SecurityManager: Changing view acls groups to:
[2025-02-21T20:08:01.970+0000] {spark_submit.py:641} INFO - 25/02/21 20:08:01 INFO SecurityManager: Changing modify acls groups to:
[2025-02-21T20:08:01.972+0000] {spark_submit.py:641} INFO - 25/02/21 20:08:01 INFO SecurityManager: SecurityManager: authentication disabled; ui acls disabled; users  with view permissions: Set(airflow); groups with view permissions: Set(); users  with modify permissions: Set(airflow); groups with modify permissions: Set()
[2025-02-21T20:08:02.578+0000] {spark_submit.py:641} INFO - 25/02/21 20:08:02 INFO Utils: Successfully started service 'sparkDriver' on port 45559.
[2025-02-21T20:08:02.707+0000] {spark_submit.py:641} INFO - 25/02/21 20:08:02 INFO SparkEnv: Registering MapOutputTracker
[2025-02-21T20:08:02.806+0000] {spark_submit.py:641} INFO - 25/02/21 20:08:02 INFO SparkEnv: Registering BlockManagerMaster
[2025-02-21T20:08:02.850+0000] {spark_submit.py:641} INFO - 25/02/21 20:08:02 INFO BlockManagerMasterEndpoint: Using org.apache.spark.storage.DefaultTopologyMapper for getting topology information
[2025-02-21T20:08:02.852+0000] {spark_submit.py:641} INFO - 25/02/21 20:08:02 INFO BlockManagerMasterEndpoint: BlockManagerMasterEndpoint up
[2025-02-21T20:08:02.863+0000] {spark_submit.py:641} INFO - 25/02/21 20:08:02 INFO SparkEnv: Registering BlockManagerMasterHeartbeat
[2025-02-21T20:08:02.924+0000] {spark_submit.py:641} INFO - 25/02/21 20:08:02 INFO DiskBlockManager: Created local directory at /tmp/blockmgr-c6d1d188-5cf1-4c73-82cd-da96968c0cfb
[2025-02-21T20:08:02.968+0000] {spark_submit.py:641} INFO - 25/02/21 20:08:02 INFO MemoryStore: MemoryStore started with capacity 434.4 MiB
[2025-02-21T20:08:03.005+0000] {spark_submit.py:641} INFO - 25/02/21 20:08:03 INFO SparkEnv: Registering OutputCommitCoordinator
[2025-02-21T20:08:03.483+0000] {spark_submit.py:641} INFO - 25/02/21 20:08:03 INFO Utils: Successfully started service 'SparkUI' on port 4040.
[2025-02-21T20:08:03.800+0000] {spark_submit.py:641} INFO - 25/02/21 20:08:03 INFO Executor: Starting executor ID driver on host ***-airflow-scheduler
[2025-02-21T20:08:03.863+0000] {spark_submit.py:641} INFO - 25/02/21 20:08:03 INFO Executor: Starting executor with user classpath (userClassPathFirst = false): ''
[2025-02-21T20:08:03.948+0000] {spark_submit.py:641} INFO - 25/02/21 20:08:03 INFO Utils: Successfully started service 'org.apache.spark.network.netty.NettyBlockTransferService' on port 37991.
[2025-02-21T20:08:03.951+0000] {spark_submit.py:641} INFO - 25/02/21 20:08:03 INFO NettyBlockTransferService: Server created on ***-airflow-scheduler:37991
[2025-02-21T20:08:03.957+0000] {spark_submit.py:641} INFO - 25/02/21 20:08:03 INFO BlockManager: Using org.apache.spark.storage.RandomBlockReplicationPolicy for block replication policy
[2025-02-21T20:08:03.979+0000] {spark_submit.py:641} INFO - 25/02/21 20:08:03 INFO BlockManagerMaster: Registering BlockManager BlockManagerId(driver, ***-airflow-scheduler, 37991, None)
[2025-02-21T20:08:03.998+0000] {spark_submit.py:641} INFO - 25/02/21 20:08:03 INFO BlockManagerMasterEndpoint: Registering block manager ***-airflow-scheduler:37991 with 434.4 MiB RAM, BlockManagerId(driver, ***-airflow-scheduler, 37991, None)
[2025-02-21T20:08:04.002+0000] {spark_submit.py:641} INFO - 25/02/21 20:08:04 INFO BlockManagerMaster: Registered BlockManager BlockManagerId(driver, ***-airflow-scheduler, 37991, None)
[2025-02-21T20:08:04.005+0000] {spark_submit.py:641} INFO - 25/02/21 20:08:04 INFO BlockManager: Initialized BlockManager: BlockManagerId(driver, ***-airflow-scheduler, 37991, None)
[2025-02-21T20:08:14.644+0000] {spark_submit.py:641} INFO - ---------------- MENAMPILKAN DATA HASIL EXTRACT ----------------
[2025-02-21T20:08:14.936+0000] {spark_submit.py:641} INFO - +-----------+-----------------+---------+---------+------+-------------------+---------------+---+--------------------+-----------------+---------------------+----------+------------------+
[2025-02-21T20:08:14.937+0000] {spark_submit.py:641} INFO - |employee_id|       department|   region|education|gender|recruitment_channel|no_of_trainings|age|previous_year_rating|length_of_service|KPIs_met_more_than_80|awards_won|avg_training_score|
[2025-02-21T20:08:14.938+0000] {spark_submit.py:641} INFO - +-----------+-----------------+---------+---------+------+-------------------+---------------+---+--------------------+-----------------+---------------------+----------+------------------+
[2025-02-21T20:08:14.940+0000] {spark_submit.py:641} INFO - |       8724|       Technology|region_26|Bachelors|     m|           sourcing|              1| 24|                null|                1|                    1|         0|                77|
[2025-02-21T20:08:14.941+0000] {spark_submit.py:641} INFO - |      74430|               HR| region_4|Bachelors|     f|              other|              1| 31|                   3|                5|                    0|         0|                51|
[2025-02-21T20:08:14.942+0000] {spark_submit.py:641} INFO - |      72255|Sales & Marketing|region_13|Bachelors|     m|              other|              1| 31|                   1|                4|                    0|         0|                47|
[2025-02-21T20:08:14.944+0000] {spark_submit.py:641} INFO - |      38562|      Procurement| region_2|Bachelors|     f|              other|              3| 31|                   2|                9|                    0|         0|                65|
[2025-02-21T20:08:14.946+0000] {spark_submit.py:641} INFO - |      64486|          Finance|region_29|Bachelors|     m|           sourcing|              1| 30|                   4|                7|                    0|         0|                61|
[2025-02-21T20:08:14.947+0000] {spark_submit.py:641} INFO - +-----------+-----------------+---------+---------+------+-------------------+---------------+---+--------------------+-----------------+---------------------+----------+------------------+
[2025-02-21T20:08:14.948+0000] {spark_submit.py:641} INFO - only showing top 5 rows
[2025-02-21T20:08:14.949+0000] {spark_submit.py:641} INFO - 
[2025-02-21T20:08:14.954+0000] {spark_submit.py:641} INFO - root
[2025-02-21T20:08:14.955+0000] {spark_submit.py:641} INFO - |-- employee_id: integer (nullable = true)
[2025-02-21T20:08:14.956+0000] {spark_submit.py:641} INFO - |-- department: string (nullable = true)
[2025-02-21T20:08:14.958+0000] {spark_submit.py:641} INFO - |-- region: string (nullable = true)
[2025-02-21T20:08:14.960+0000] {spark_submit.py:641} INFO - |-- education: string (nullable = true)
[2025-02-21T20:08:14.962+0000] {spark_submit.py:641} INFO - |-- gender: string (nullable = true)
[2025-02-21T20:08:14.963+0000] {spark_submit.py:641} INFO - |-- recruitment_channel: string (nullable = true)
[2025-02-21T20:08:14.965+0000] {spark_submit.py:641} INFO - |-- no_of_trainings: integer (nullable = true)
[2025-02-21T20:08:14.966+0000] {spark_submit.py:641} INFO - |-- age: integer (nullable = true)
[2025-02-21T20:08:14.967+0000] {spark_submit.py:641} INFO - |-- previous_year_rating: integer (nullable = true)
[2025-02-21T20:08:14.968+0000] {spark_submit.py:641} INFO - |-- length_of_service: integer (nullable = true)
[2025-02-21T20:08:14.969+0000] {spark_submit.py:641} INFO - |-- KPIs_met_more_than_80: integer (nullable = true)
[2025-02-21T20:08:14.970+0000] {spark_submit.py:641} INFO - |-- awards_won: integer (nullable = true)
[2025-02-21T20:08:14.971+0000] {spark_submit.py:641} INFO - |-- avg_training_score: integer (nullable = true)
[2025-02-21T20:08:14.972+0000] {spark_submit.py:641} INFO - 
[2025-02-21T20:08:15.941+0000] {spark_submit.py:641} INFO - Jumlah baris dalam DataFrame : 17417
[2025-02-21T20:08:15.942+0000] {spark_submit.py:641} INFO - Isi folder data/extracted.parquet :
[2025-02-21T20:08:15.943+0000] {spark_submit.py:641} INFO - ['_SUCCESS', 'part-00000-b7db0197-5f4c-40de-9170-d96b5c72be75-c000.snappy.parquet', '.part-00000-b7db0197-5f4c-40de-9170-d96b5c72be75-c000.snappy.parquet.crc', '._SUCCESS.crc']
[2025-02-21T20:08:15.944+0000] {spark_submit.py:641} INFO - Extract data berhasil.
[2025-02-21T20:08:16.660+0000] {taskinstance.py:341} INFO - ::group::Post task execution logs
[2025-02-21T20:08:16.663+0000] {taskinstance.py:353} INFO - Marking task as SUCCESS. dag_id=***_v2_etl_dag, task_id=extract_task, run_id=manual__2025-02-21T20:07:47.207700+00:00, execution_date=20250221T200747, start_date=20250221T200753, end_date=20250221T200816
[2025-02-21T20:08:16.753+0000] {local_task_job_runner.py:266} INFO - Task exited with return code 0
[2025-02-21T20:08:16.793+0000] {taskinstance.py:3901} INFO - 1 downstream tasks scheduled from follow-on schedule check
[2025-02-21T20:08:16.799+0000] {local_task_job_runner.py:245} INFO - ::endgroup::
