[2025-02-21T20:13:15.497+0000] {local_task_job_runner.py:123} INFO - ::group::Pre task execution logs
[2025-02-21T20:13:15.522+0000] {taskinstance.py:2614} INFO - Dependencies all met for dep_context=non-requeueable deps ti=<TaskInstance: finprode8_v2_etl_dag.extract_task manual__2025-02-21T20:07:47.207700+00:00 [queued]>
[2025-02-21T20:13:15.535+0000] {taskinstance.py:2614} INFO - Dependencies all met for dep_context=requeueable deps ti=<TaskInstance: finprode8_v2_etl_dag.extract_task manual__2025-02-21T20:07:47.207700+00:00 [queued]>
[2025-02-21T20:13:15.538+0000] {taskinstance.py:2867} INFO - Starting attempt 3 of 3
[2025-02-21T20:13:15.554+0000] {taskinstance.py:2890} INFO - Executing <Task(SparkSubmitOperator): extract_task> on 2025-02-21 20:07:47.207700+00:00
[2025-02-21T20:13:15.560+0000] {standard_task_runner.py:72} INFO - Started process 6133 to run task
[2025-02-21T20:13:15.563+0000] {standard_task_runner.py:104} INFO - Running: ['airflow', 'tasks', 'run', '***_v2_etl_dag', 'extract_task', 'manual__2025-02-21T20:07:47.207700+00:00', '--job-id', '67', '--raw', '--subdir', 'DAGS_FOLDER/***_v2_etl_dag.py', '--cfg-path', '/tmp/tmpnrqapv9r']
[2025-02-21T20:13:15.567+0000] {standard_task_runner.py:105} INFO - Job 67: Subtask extract_task
[2025-02-21T20:13:15.588+0000] {logging_mixin.py:190} WARNING - /home/airflow/.local/lib/python3.9/site-packages/airflow/settings.py:209 DeprecationWarning: The sql_alchemy_conn option in [core] has been moved to the sql_alchemy_conn option in [database] - the old setting has been used, but please update your config.
[2025-02-21T20:13:15.629+0000] {task_command.py:467} INFO - Running <TaskInstance: finprode8_v2_etl_dag.extract_task manual__2025-02-21T20:07:47.207700+00:00 [running]> on host ***-airflow-scheduler
[2025-02-21T20:13:15.726+0000] {taskinstance.py:3134} INFO - Exporting env vars: AIRFLOW_CTX_DAG_OWNER='ratih malini' AIRFLOW_CTX_DAG_ID='***_v2_etl_dag' AIRFLOW_CTX_TASK_ID='extract_task' AIRFLOW_CTX_EXECUTION_DATE='2025-02-21T20:07:47.207700+00:00' AIRFLOW_CTX_TRY_NUMBER='3' AIRFLOW_CTX_DAG_RUN_ID='manual__2025-02-21T20:07:47.207700+00:00'
[2025-02-21T20:13:15.730+0000] {taskinstance.py:732} INFO - ::endgroup::
[2025-02-21T20:13:15.785+0000] {base.py:84} INFO - Retrieving connection 'spark_main'
[2025-02-21T20:13:15.788+0000] {spark_submit.py:474} INFO - Spark-Submit cmd: spark-submit --master spark://***-spark-master:7077 --name arrow-spark /spark-scripts/***_v2_extract.py
[2025-02-21T20:13:19.230+0000] {spark_submit.py:641} INFO - 25/02/21 20:13:19 INFO SparkContext: Running Spark version 3.3.2
[2025-02-21T20:13:19.324+0000] {spark_submit.py:641} INFO - 25/02/21 20:13:19 WARN NativeCodeLoader: Unable to load native-hadoop library for your platform... using builtin-java classes where applicable
[2025-02-21T20:13:19.456+0000] {spark_submit.py:641} INFO - 25/02/21 20:13:19 INFO ResourceUtils: ==============================================================
[2025-02-21T20:13:19.458+0000] {spark_submit.py:641} INFO - 25/02/21 20:13:19 INFO ResourceUtils: No custom resources configured for spark.driver.
[2025-02-21T20:13:19.459+0000] {spark_submit.py:641} INFO - 25/02/21 20:13:19 INFO ResourceUtils: ==============================================================
[2025-02-21T20:13:19.460+0000] {spark_submit.py:641} INFO - 25/02/21 20:13:19 INFO SparkContext: Submitted application: ***_extract
[2025-02-21T20:13:19.488+0000] {spark_submit.py:641} INFO - 25/02/21 20:13:19 INFO ResourceProfile: Default ResourceProfile created, executor resources: Map(cores -> name: cores, amount: 1, script: , vendor: , memory -> name: memory, amount: 1024, script: , vendor: , offHeap -> name: offHeap, amount: 0, script: , vendor: ), task resources: Map(cpus -> name: cpus, amount: 1.0)
[2025-02-21T20:13:19.495+0000] {spark_submit.py:641} INFO - 25/02/21 20:13:19 INFO ResourceProfile: Limiting resource is cpu
[2025-02-21T20:13:19.497+0000] {spark_submit.py:641} INFO - 25/02/21 20:13:19 INFO ResourceProfileManager: Added ResourceProfile id: 0
[2025-02-21T20:13:19.562+0000] {spark_submit.py:641} INFO - 25/02/21 20:13:19 INFO SecurityManager: Changing view acls to: airflow
[2025-02-21T20:13:19.564+0000] {spark_submit.py:641} INFO - 25/02/21 20:13:19 INFO SecurityManager: Changing modify acls to: airflow
[2025-02-21T20:13:19.566+0000] {spark_submit.py:641} INFO - 25/02/21 20:13:19 INFO SecurityManager: Changing view acls groups to:
[2025-02-21T20:13:19.567+0000] {spark_submit.py:641} INFO - 25/02/21 20:13:19 INFO SecurityManager: Changing modify acls groups to:
[2025-02-21T20:13:19.568+0000] {spark_submit.py:641} INFO - 25/02/21 20:13:19 INFO SecurityManager: SecurityManager: authentication disabled; ui acls disabled; users  with view permissions: Set(airflow); groups with view permissions: Set(); users  with modify permissions: Set(airflow); groups with modify permissions: Set()
[2025-02-21T20:13:19.848+0000] {spark_submit.py:641} INFO - 25/02/21 20:13:19 INFO Utils: Successfully started service 'sparkDriver' on port 43813.
[2025-02-21T20:13:19.890+0000] {spark_submit.py:641} INFO - 25/02/21 20:13:19 INFO SparkEnv: Registering MapOutputTracker
[2025-02-21T20:13:19.924+0000] {spark_submit.py:641} INFO - 25/02/21 20:13:19 INFO SparkEnv: Registering BlockManagerMaster
[2025-02-21T20:13:19.945+0000] {spark_submit.py:641} INFO - 25/02/21 20:13:19 INFO BlockManagerMasterEndpoint: Using org.apache.spark.storage.DefaultTopologyMapper for getting topology information
[2025-02-21T20:13:19.947+0000] {spark_submit.py:641} INFO - 25/02/21 20:13:19 INFO BlockManagerMasterEndpoint: BlockManagerMasterEndpoint up
[2025-02-21T20:13:19.951+0000] {spark_submit.py:641} INFO - 25/02/21 20:13:19 INFO SparkEnv: Registering BlockManagerMasterHeartbeat
[2025-02-21T20:13:19.984+0000] {spark_submit.py:641} INFO - 25/02/21 20:13:19 INFO DiskBlockManager: Created local directory at /tmp/blockmgr-551c90a6-c4ad-49c2-a361-53be97452497
[2025-02-21T20:13:20.002+0000] {spark_submit.py:641} INFO - 25/02/21 20:13:20 INFO MemoryStore: MemoryStore started with capacity 434.4 MiB
[2025-02-21T20:13:20.020+0000] {spark_submit.py:641} INFO - 25/02/21 20:13:20 INFO SparkEnv: Registering OutputCommitCoordinator
[2025-02-21T20:13:20.414+0000] {spark_submit.py:641} INFO - 25/02/21 20:13:20 INFO Utils: Successfully started service 'SparkUI' on port 4040.
[2025-02-21T20:13:20.535+0000] {spark_submit.py:641} INFO - 25/02/21 20:13:20 INFO Executor: Starting executor ID driver on host ***-airflow-scheduler
[2025-02-21T20:13:20.548+0000] {spark_submit.py:641} INFO - 25/02/21 20:13:20 INFO Executor: Starting executor with user classpath (userClassPathFirst = false): ''
[2025-02-21T20:13:20.566+0000] {spark_submit.py:641} INFO - 25/02/21 20:13:20 INFO Utils: Successfully started service 'org.apache.spark.network.netty.NettyBlockTransferService' on port 35167.
[2025-02-21T20:13:20.568+0000] {spark_submit.py:641} INFO - 25/02/21 20:13:20 INFO NettyBlockTransferService: Server created on ***-airflow-scheduler:35167
[2025-02-21T20:13:20.569+0000] {spark_submit.py:641} INFO - 25/02/21 20:13:20 INFO BlockManager: Using org.apache.spark.storage.RandomBlockReplicationPolicy for block replication policy
[2025-02-21T20:13:20.577+0000] {spark_submit.py:641} INFO - 25/02/21 20:13:20 INFO BlockManagerMaster: Registering BlockManager BlockManagerId(driver, ***-airflow-scheduler, 35167, None)
[2025-02-21T20:13:20.581+0000] {spark_submit.py:641} INFO - 25/02/21 20:13:20 INFO BlockManagerMasterEndpoint: Registering block manager ***-airflow-scheduler:35167 with 434.4 MiB RAM, BlockManagerId(driver, ***-airflow-scheduler, 35167, None)
[2025-02-21T20:13:20.583+0000] {spark_submit.py:641} INFO - 25/02/21 20:13:20 INFO BlockManagerMaster: Registered BlockManager BlockManagerId(driver, ***-airflow-scheduler, 35167, None)
[2025-02-21T20:13:20.585+0000] {spark_submit.py:641} INFO - 25/02/21 20:13:20 INFO BlockManager: Initialized BlockManager: BlockManagerId(driver, ***-airflow-scheduler, 35167, None)
[2025-02-21T20:13:27.607+0000] {spark_submit.py:641} INFO - ---------------- MENAMPILKAN DATA HASIL EXTRACT ----------------
[2025-02-21T20:13:27.785+0000] {spark_submit.py:641} INFO - +-----------+-----------------+---------+---------+------+-------------------+---------------+---+--------------------+-----------------+---------------------+----------+------------------+
[2025-02-21T20:13:27.787+0000] {spark_submit.py:641} INFO - |employee_id|       department|   region|education|gender|recruitment_channel|no_of_trainings|age|previous_year_rating|length_of_service|KPIs_met_more_than_80|awards_won|avg_training_score|
[2025-02-21T20:13:27.788+0000] {spark_submit.py:641} INFO - +-----------+-----------------+---------+---------+------+-------------------+---------------+---+--------------------+-----------------+---------------------+----------+------------------+
[2025-02-21T20:13:27.790+0000] {spark_submit.py:641} INFO - |       8724|       Technology|region_26|Bachelors|     m|           sourcing|              1| 24|                null|                1|                    1|         0|                77|
[2025-02-21T20:13:27.791+0000] {spark_submit.py:641} INFO - |      74430|               HR| region_4|Bachelors|     f|              other|              1| 31|                   3|                5|                    0|         0|                51|
[2025-02-21T20:13:27.792+0000] {spark_submit.py:641} INFO - |      72255|Sales & Marketing|region_13|Bachelors|     m|              other|              1| 31|                   1|                4|                    0|         0|                47|
[2025-02-21T20:13:27.793+0000] {spark_submit.py:641} INFO - |      38562|      Procurement| region_2|Bachelors|     f|              other|              3| 31|                   2|                9|                    0|         0|                65|
[2025-02-21T20:13:27.795+0000] {spark_submit.py:641} INFO - |      64486|          Finance|region_29|Bachelors|     m|           sourcing|              1| 30|                   4|                7|                    0|         0|                61|
[2025-02-21T20:13:27.797+0000] {spark_submit.py:641} INFO - +-----------+-----------------+---------+---------+------+-------------------+---------------+---+--------------------+-----------------+---------------------+----------+------------------+
[2025-02-21T20:13:27.798+0000] {spark_submit.py:641} INFO - only showing top 5 rows
[2025-02-21T20:13:27.799+0000] {spark_submit.py:641} INFO - 
[2025-02-21T20:13:27.801+0000] {spark_submit.py:641} INFO - root
[2025-02-21T20:13:27.802+0000] {spark_submit.py:641} INFO - |-- employee_id: integer (nullable = true)
[2025-02-21T20:13:27.803+0000] {spark_submit.py:641} INFO - |-- department: string (nullable = true)
[2025-02-21T20:13:27.804+0000] {spark_submit.py:641} INFO - |-- region: string (nullable = true)
[2025-02-21T20:13:27.805+0000] {spark_submit.py:641} INFO - |-- education: string (nullable = true)
[2025-02-21T20:13:27.806+0000] {spark_submit.py:641} INFO - |-- gender: string (nullable = true)
[2025-02-21T20:13:27.808+0000] {spark_submit.py:641} INFO - |-- recruitment_channel: string (nullable = true)
[2025-02-21T20:13:27.809+0000] {spark_submit.py:641} INFO - |-- no_of_trainings: integer (nullable = true)
[2025-02-21T20:13:27.810+0000] {spark_submit.py:641} INFO - |-- age: integer (nullable = true)
[2025-02-21T20:13:27.811+0000] {spark_submit.py:641} INFO - |-- previous_year_rating: integer (nullable = true)
[2025-02-21T20:13:27.812+0000] {spark_submit.py:641} INFO - |-- length_of_service: integer (nullable = true)
[2025-02-21T20:13:27.813+0000] {spark_submit.py:641} INFO - |-- KPIs_met_more_than_80: integer (nullable = true)
[2025-02-21T20:13:27.814+0000] {spark_submit.py:641} INFO - |-- awards_won: integer (nullable = true)
[2025-02-21T20:13:27.816+0000] {spark_submit.py:641} INFO - |-- avg_training_score: integer (nullable = true)
[2025-02-21T20:13:27.818+0000] {spark_submit.py:641} INFO - 
[2025-02-21T20:13:28.274+0000] {spark_submit.py:641} INFO - Jumlah baris dalam DataFrame : 17417
[2025-02-21T20:13:28.276+0000] {spark_submit.py:641} INFO - Isi folder data/extracted.parquet :
[2025-02-21T20:13:28.278+0000] {spark_submit.py:641} INFO - ['_SUCCESS', 'part-00000-e71568e6-7cf1-4f7b-96f9-81b0a027947b-c000.snappy.parquet', '.part-00000-e71568e6-7cf1-4f7b-96f9-81b0a027947b-c000.snappy.parquet.crc', '._SUCCESS.crc']
[2025-02-21T20:13:28.279+0000] {spark_submit.py:641} INFO - Extract data berhasil.
[2025-02-21T20:13:28.995+0000] {taskinstance.py:341} INFO - ::group::Post task execution logs
[2025-02-21T20:13:28.998+0000] {taskinstance.py:353} INFO - Marking task as SUCCESS. dag_id=***_v2_etl_dag, task_id=extract_task, run_id=manual__2025-02-21T20:07:47.207700+00:00, execution_date=20250221T200747, start_date=20250221T201315, end_date=20250221T201328
[2025-02-21T20:13:29.046+0000] {local_task_job_runner.py:266} INFO - Task exited with return code 0
[2025-02-21T20:13:29.076+0000] {taskinstance.py:3901} INFO - 1 downstream tasks scheduled from follow-on schedule check
[2025-02-21T20:13:29.081+0000] {local_task_job_runner.py:245} INFO - ::endgroup::
