[2025-02-21T07:56:30.869+0000] {local_task_job_runner.py:123} INFO - ::group::Pre task execution logs
[2025-02-21T07:56:30.918+0000] {taskinstance.py:2614} INFO - Dependencies all met for dep_context=non-requeueable deps ti=<TaskInstance: finprode8_v2_etl_dag.load_task manual__2025-02-21T07:55:49.922589+00:00 [queued]>
[2025-02-21T07:56:30.944+0000] {taskinstance.py:2614} INFO - Dependencies all met for dep_context=requeueable deps ti=<TaskInstance: finprode8_v2_etl_dag.load_task manual__2025-02-21T07:55:49.922589+00:00 [queued]>
[2025-02-21T07:56:30.948+0000] {taskinstance.py:2867} INFO - Starting attempt 1 of 1
[2025-02-21T07:56:30.978+0000] {taskinstance.py:2890} INFO - Executing <Task(SparkSubmitOperator): load_task> on 2025-02-21 07:55:49.922589+00:00
[2025-02-21T07:56:30.990+0000] {standard_task_runner.py:72} INFO - Started process 4087 to run task
[2025-02-21T07:56:30.999+0000] {standard_task_runner.py:104} INFO - Running: ['airflow', 'tasks', 'run', '***_v2_etl_dag', 'load_task', 'manual__2025-02-21T07:55:49.922589+00:00', '--job-id', '116', '--raw', '--subdir', 'DAGS_FOLDER/***_v2_etl_dag.py', '--cfg-path', '/tmp/tmpv5a8iyt5']
[2025-02-21T07:56:31.005+0000] {standard_task_runner.py:105} INFO - Job 116: Subtask load_task
[2025-02-21T07:56:31.036+0000] {logging_mixin.py:190} WARNING - /home/airflow/.local/lib/python3.9/site-packages/airflow/settings.py:209 DeprecationWarning: The sql_alchemy_conn option in [core] has been moved to the sql_alchemy_conn option in [database] - the old setting has been used, but please update your config.
[2025-02-21T07:56:31.072+0000] {task_command.py:467} INFO - Running <TaskInstance: finprode8_v2_etl_dag.load_task manual__2025-02-21T07:55:49.922589+00:00 [running]> on host ***-airflow-scheduler
[2025-02-21T07:56:31.163+0000] {taskinstance.py:3134} INFO - Exporting env vars: AIRFLOW_CTX_DAG_OWNER='ratih malini' AIRFLOW_CTX_DAG_ID='***_v2_etl_dag' AIRFLOW_CTX_TASK_ID='load_task' AIRFLOW_CTX_EXECUTION_DATE='2025-02-21T07:55:49.922589+00:00' AIRFLOW_CTX_TRY_NUMBER='1' AIRFLOW_CTX_DAG_RUN_ID='manual__2025-02-21T07:55:49.922589+00:00'
[2025-02-21T07:56:31.165+0000] {taskinstance.py:732} INFO - ::endgroup::
[2025-02-21T07:56:31.199+0000] {base.py:84} INFO - Retrieving connection 'spark_main'
[2025-02-21T07:56:31.201+0000] {spark_submit.py:474} INFO - Spark-Submit cmd: spark-submit --master spark://***-spark-master:7077 --packages org.postgresql:postgresql:42.2.18 --name arrow-spark /spark-scripts/***_v2_load.py
[2025-02-21T07:56:32.816+0000] {spark_submit.py:641} INFO - :: loading settings :: url = jar:file:/home/airflow/.local/lib/python3.9/site-packages/pyspark/jars/ivy-2.5.1.jar!/org/apache/ivy/core/settings/ivysettings.xml
[2025-02-21T07:56:32.944+0000] {spark_submit.py:641} INFO - Ivy Default Cache set to: /home/airflow/.ivy2/cache
[2025-02-21T07:56:32.947+0000] {spark_submit.py:641} INFO - The jars for the packages stored in: /home/airflow/.ivy2/jars
[2025-02-21T07:56:32.953+0000] {spark_submit.py:641} INFO - org.postgresql#postgresql added as a dependency
[2025-02-21T07:56:32.956+0000] {spark_submit.py:641} INFO - :: resolving dependencies :: org.apache.spark#spark-submit-parent-6b8c7aef-2be6-4ba8-b185-3a845ed9b7fb;1.0
[2025-02-21T07:56:32.958+0000] {spark_submit.py:641} INFO - confs: [default]
[2025-02-21T07:56:33.126+0000] {spark_submit.py:641} INFO - found org.postgresql#postgresql;42.2.18 in central
[2025-02-21T07:56:33.155+0000] {spark_submit.py:641} INFO - found org.checkerframework#checker-qual;3.5.0 in central
[2025-02-21T07:56:33.170+0000] {spark_submit.py:641} INFO - :: resolution report :: resolve 210ms :: artifacts dl 5ms
[2025-02-21T07:56:33.172+0000] {spark_submit.py:641} INFO - :: modules in use:
[2025-02-21T07:56:33.174+0000] {spark_submit.py:641} INFO - org.checkerframework#checker-qual;3.5.0 from central in [default]
[2025-02-21T07:56:33.176+0000] {spark_submit.py:641} INFO - org.postgresql#postgresql;42.2.18 from central in [default]
[2025-02-21T07:56:33.177+0000] {spark_submit.py:641} INFO - ---------------------------------------------------------------------
[2025-02-21T07:56:33.179+0000] {spark_submit.py:641} INFO - |                  |            modules            ||   artifacts   |
[2025-02-21T07:56:33.180+0000] {spark_submit.py:641} INFO - |       conf       | number| search|dwnlded|evicted|| number|dwnlded|
[2025-02-21T07:56:33.181+0000] {spark_submit.py:641} INFO - ---------------------------------------------------------------------
[2025-02-21T07:56:33.183+0000] {spark_submit.py:641} INFO - |      default     |   2   |   0   |   0   |   0   ||   2   |   0   |
[2025-02-21T07:56:33.184+0000] {spark_submit.py:641} INFO - ---------------------------------------------------------------------
[2025-02-21T07:56:33.185+0000] {spark_submit.py:641} INFO - :: retrieving :: org.apache.spark#spark-submit-parent-6b8c7aef-2be6-4ba8-b185-3a845ed9b7fb
[2025-02-21T07:56:33.187+0000] {spark_submit.py:641} INFO - confs: [default]
[2025-02-21T07:56:33.188+0000] {spark_submit.py:641} INFO - 0 artifacts copied, 2 already retrieved (0kB/10ms)
[2025-02-21T07:56:33.490+0000] {spark_submit.py:641} INFO - 25/02/21 07:56:33 WARN NativeCodeLoader: Unable to load native-hadoop library for your platform... using builtin-java classes where applicable
[2025-02-21T07:56:34.597+0000] {spark_submit.py:641} INFO - 25/02/21 07:56:34 INFO SparkContext: Running Spark version 3.3.2
[2025-02-21T07:56:34.621+0000] {spark_submit.py:641} INFO - 25/02/21 07:56:34 INFO ResourceUtils: ==============================================================
[2025-02-21T07:56:34.624+0000] {spark_submit.py:641} INFO - 25/02/21 07:56:34 INFO ResourceUtils: No custom resources configured for spark.driver.
[2025-02-21T07:56:34.625+0000] {spark_submit.py:641} INFO - 25/02/21 07:56:34 INFO ResourceUtils: ==============================================================
[2025-02-21T07:56:34.627+0000] {spark_submit.py:641} INFO - 25/02/21 07:56:34 INFO SparkContext: Submitted application: ***_transform
[2025-02-21T07:56:34.650+0000] {spark_submit.py:641} INFO - 25/02/21 07:56:34 INFO ResourceProfile: Default ResourceProfile created, executor resources: Map(cores -> name: cores, amount: 1, script: , vendor: , memory -> name: memory, amount: 1024, script: , vendor: , offHeap -> name: offHeap, amount: 0, script: , vendor: ), task resources: Map(cpus -> name: cpus, amount: 1.0)
[2025-02-21T07:56:34.669+0000] {spark_submit.py:641} INFO - 25/02/21 07:56:34 INFO ResourceProfile: Limiting resource is cpu
[2025-02-21T07:56:34.673+0000] {spark_submit.py:641} INFO - 25/02/21 07:56:34 INFO ResourceProfileManager: Added ResourceProfile id: 0
[2025-02-21T07:56:34.772+0000] {spark_submit.py:641} INFO - 25/02/21 07:56:34 INFO SecurityManager: Changing view acls to: airflow
[2025-02-21T07:56:34.774+0000] {spark_submit.py:641} INFO - 25/02/21 07:56:34 INFO SecurityManager: Changing modify acls to: airflow
[2025-02-21T07:56:34.776+0000] {spark_submit.py:641} INFO - 25/02/21 07:56:34 INFO SecurityManager: Changing view acls groups to:
[2025-02-21T07:56:34.778+0000] {spark_submit.py:641} INFO - 25/02/21 07:56:34 INFO SecurityManager: Changing modify acls groups to:
[2025-02-21T07:56:34.779+0000] {spark_submit.py:641} INFO - 25/02/21 07:56:34 INFO SecurityManager: SecurityManager: authentication disabled; ui acls disabled; users  with view permissions: Set(airflow); groups with view permissions: Set(); users  with modify permissions: Set(airflow); groups with modify permissions: Set()
[2025-02-21T07:56:35.076+0000] {spark_submit.py:641} INFO - 25/02/21 07:56:35 INFO Utils: Successfully started service 'sparkDriver' on port 42945.
[2025-02-21T07:56:35.102+0000] {spark_submit.py:641} INFO - 25/02/21 07:56:35 INFO SparkEnv: Registering MapOutputTracker
[2025-02-21T07:56:35.141+0000] {spark_submit.py:641} INFO - 25/02/21 07:56:35 INFO SparkEnv: Registering BlockManagerMaster
[2025-02-21T07:56:35.167+0000] {spark_submit.py:641} INFO - 25/02/21 07:56:35 INFO BlockManagerMasterEndpoint: Using org.apache.spark.storage.DefaultTopologyMapper for getting topology information
[2025-02-21T07:56:35.169+0000] {spark_submit.py:641} INFO - 25/02/21 07:56:35 INFO BlockManagerMasterEndpoint: BlockManagerMasterEndpoint up
[2025-02-21T07:56:35.176+0000] {spark_submit.py:641} INFO - 25/02/21 07:56:35 INFO SparkEnv: Registering BlockManagerMasterHeartbeat
[2025-02-21T07:56:35.196+0000] {spark_submit.py:641} INFO - 25/02/21 07:56:35 INFO DiskBlockManager: Created local directory at /tmp/blockmgr-997492a5-cfbb-4bff-9992-0d62c828daa3
[2025-02-21T07:56:35.212+0000] {spark_submit.py:641} INFO - 25/02/21 07:56:35 INFO MemoryStore: MemoryStore started with capacity 434.4 MiB
[2025-02-21T07:56:35.228+0000] {spark_submit.py:641} INFO - 25/02/21 07:56:35 INFO SparkEnv: Registering OutputCommitCoordinator
[2025-02-21T07:56:35.467+0000] {spark_submit.py:641} INFO - 25/02/21 07:56:35 INFO Utils: Successfully started service 'SparkUI' on port 4040.
[2025-02-21T07:56:35.525+0000] {spark_submit.py:641} INFO - 25/02/21 07:56:35 INFO SparkContext: Added JAR /spark-scripts/jars/postgresql-42.2.18.jar at spark://***-airflow-scheduler:42945/jars/postgresql-42.2.18.jar with timestamp 1740124594587
[2025-02-21T07:56:35.529+0000] {spark_submit.py:641} INFO - 25/02/21 07:56:35 INFO SparkContext: Added file file:///home/airflow/.ivy2/jars/org.postgresql_postgresql-42.2.18.jar at file:///home/airflow/.ivy2/jars/org.postgresql_postgresql-42.2.18.jar with timestamp 1740124594587
[2025-02-21T07:56:35.531+0000] {spark_submit.py:641} INFO - 25/02/21 07:56:35 INFO Utils: Copying /home/airflow/.ivy2/jars/org.postgresql_postgresql-42.2.18.jar to /tmp/spark-6d07120e-6392-48b4-838e-fe01e4c22725/userFiles-8f45f175-0ae8-4afd-b554-81461bb1bb82/org.postgresql_postgresql-42.2.18.jar
[2025-02-21T07:56:35.551+0000] {spark_submit.py:641} INFO - 25/02/21 07:56:35 INFO SparkContext: Added file file:///home/airflow/.ivy2/jars/org.checkerframework_checker-qual-3.5.0.jar at file:///home/airflow/.ivy2/jars/org.checkerframework_checker-qual-3.5.0.jar with timestamp 1740124594587
[2025-02-21T07:56:35.553+0000] {spark_submit.py:641} INFO - 25/02/21 07:56:35 INFO Utils: Copying /home/airflow/.ivy2/jars/org.checkerframework_checker-qual-3.5.0.jar to /tmp/spark-6d07120e-6392-48b4-838e-fe01e4c22725/userFiles-8f45f175-0ae8-4afd-b554-81461bb1bb82/org.checkerframework_checker-qual-3.5.0.jar
[2025-02-21T07:56:35.629+0000] {spark_submit.py:641} INFO - 25/02/21 07:56:35 INFO Executor: Starting executor ID driver on host ***-airflow-scheduler
[2025-02-21T07:56:35.637+0000] {spark_submit.py:641} INFO - 25/02/21 07:56:35 INFO Executor: Starting executor with user classpath (userClassPathFirst = false): ''
[2025-02-21T07:56:35.647+0000] {spark_submit.py:641} INFO - 25/02/21 07:56:35 INFO Executor: Fetching file:///home/airflow/.ivy2/jars/org.postgresql_postgresql-42.2.18.jar with timestamp 1740124594587
[2025-02-21T07:56:35.669+0000] {spark_submit.py:641} INFO - 25/02/21 07:56:35 INFO Utils: /home/airflow/.ivy2/jars/org.postgresql_postgresql-42.2.18.jar has been previously copied to /tmp/spark-6d07120e-6392-48b4-838e-fe01e4c22725/userFiles-8f45f175-0ae8-4afd-b554-81461bb1bb82/org.postgresql_postgresql-42.2.18.jar
[2025-02-21T07:56:35.674+0000] {spark_submit.py:641} INFO - 25/02/21 07:56:35 INFO Executor: Fetching file:///home/airflow/.ivy2/jars/org.checkerframework_checker-qual-3.5.0.jar with timestamp 1740124594587
[2025-02-21T07:56:35.681+0000] {spark_submit.py:641} INFO - 25/02/21 07:56:35 INFO Utils: /home/airflow/.ivy2/jars/org.checkerframework_checker-qual-3.5.0.jar has been previously copied to /tmp/spark-6d07120e-6392-48b4-838e-fe01e4c22725/userFiles-8f45f175-0ae8-4afd-b554-81461bb1bb82/org.checkerframework_checker-qual-3.5.0.jar
[2025-02-21T07:56:35.688+0000] {spark_submit.py:641} INFO - 25/02/21 07:56:35 INFO Executor: Fetching spark://***-airflow-scheduler:42945/jars/postgresql-42.2.18.jar with timestamp 1740124594587
[2025-02-21T07:56:35.720+0000] {spark_submit.py:641} INFO - 25/02/21 07:56:35 INFO TransportClientFactory: Successfully created connection to ***-airflow-scheduler/172.19.0.4:42945 after 22 ms (0 ms spent in bootstraps)
[2025-02-21T07:56:35.727+0000] {spark_submit.py:641} INFO - 25/02/21 07:56:35 INFO Utils: Fetching spark://***-airflow-scheduler:42945/jars/postgresql-42.2.18.jar to /tmp/spark-6d07120e-6392-48b4-838e-fe01e4c22725/userFiles-8f45f175-0ae8-4afd-b554-81461bb1bb82/fetchFileTemp68748737996657846.tmp
[2025-02-21T07:56:35.795+0000] {spark_submit.py:641} INFO - 25/02/21 07:56:35 INFO Executor: Adding file:/tmp/spark-6d07120e-6392-48b4-838e-fe01e4c22725/userFiles-8f45f175-0ae8-4afd-b554-81461bb1bb82/postgresql-42.2.18.jar to class loader
[2025-02-21T07:56:35.802+0000] {spark_submit.py:641} INFO - 25/02/21 07:56:35 INFO Utils: Successfully started service 'org.apache.spark.network.netty.NettyBlockTransferService' on port 34473.
[2025-02-21T07:56:35.803+0000] {spark_submit.py:641} INFO - 25/02/21 07:56:35 INFO NettyBlockTransferService: Server created on ***-airflow-scheduler:34473
[2025-02-21T07:56:35.805+0000] {spark_submit.py:641} INFO - 25/02/21 07:56:35 INFO BlockManager: Using org.apache.spark.storage.RandomBlockReplicationPolicy for block replication policy
[2025-02-21T07:56:35.811+0000] {spark_submit.py:641} INFO - 25/02/21 07:56:35 INFO BlockManagerMaster: Registering BlockManager BlockManagerId(driver, ***-airflow-scheduler, 34473, None)
[2025-02-21T07:56:35.815+0000] {spark_submit.py:641} INFO - 25/02/21 07:56:35 INFO BlockManagerMasterEndpoint: Registering block manager ***-airflow-scheduler:34473 with 434.4 MiB RAM, BlockManagerId(driver, ***-airflow-scheduler, 34473, None)
[2025-02-21T07:56:35.818+0000] {spark_submit.py:641} INFO - 25/02/21 07:56:35 INFO BlockManagerMaster: Registered BlockManager BlockManagerId(driver, ***-airflow-scheduler, 34473, None)
[2025-02-21T07:56:35.819+0000] {spark_submit.py:641} INFO - 25/02/21 07:56:35 INFO BlockManager: Initialized BlockManager: BlockManagerId(driver, ***-airflow-scheduler, 34473, None)
[2025-02-21T07:56:42.313+0000] {spark_submit.py:641} INFO - ---------------- MENAMPILKAN DATA HASIL TRANSFORMASI YANG SUDAH DILOAD KE POSTGRES ----------------
[2025-02-21T07:56:42.581+0000] {spark_submit.py:641} INFO - +-----------+-----------------+---------+---------------+------+-------------------+---------------+---+--------------------+-----------------+---------------------+----------+------------------+
[2025-02-21T07:56:42.582+0000] {spark_submit.py:641} INFO - |employee_id|       department|   region|      education|gender|recruitment_channel|no_of_trainings|age|previous_year_rating|length_of_service|KPIs_met_more_than_80|awards_won|avg_training_score|
[2025-02-21T07:56:42.584+0000] {spark_submit.py:641} INFO - +-----------+-----------------+---------+---------------+------+-------------------+---------------+---+--------------------+-----------------+---------------------+----------+------------------+
[2025-02-21T07:56:42.586+0000] {spark_submit.py:641} INFO - |          3|      Procurement|region_22|Masters & above|     f|              other|              1| 38|                   5|                4|                    1|         0|                67|
[2025-02-21T07:56:42.588+0000] {spark_submit.py:641} INFO - |          6|Sales & Marketing|region_15|      Bachelors|     f|              other|              1| 38|                   3|               10|                    0|         0|                50|
[2025-02-21T07:56:42.589+0000] {spark_submit.py:641} INFO - |         11|       Technology| region_4|Masters & above|     f|           sourcing|              1| 39|                   4|               12|                    1|         0|                72|
[2025-02-21T07:56:42.590+0000] {spark_submit.py:641} INFO - |         13|Sales & Marketing|region_17|      Bachelors|     m|              other|              1| 38|                   1|                5|                    1|         0|                47|
[2025-02-21T07:56:42.592+0000] {spark_submit.py:641} INFO - |         16|Sales & Marketing| region_4|Masters & above|     m|           sourcing|              1| 40|                   5|                5|                    0|         0|                53|
[2025-02-21T07:56:42.593+0000] {spark_submit.py:641} INFO - |         17|Sales & Marketing| region_7|      Bachelors|     m|           sourcing|              1| 50|                   5|               13|                    0|         0|                47|
[2025-02-21T07:56:42.595+0000] {spark_submit.py:641} INFO - |         19|               HR| region_2|Masters & above|     f|              other|              1| 50|                   4|                7|                    1|         0|                45|
[2025-02-21T07:56:42.596+0000] {spark_submit.py:641} INFO - |         20|        Analytics|region_21|      Bachelors|     m|           sourcing|              1| 27|                   0|                1|                    1|         0|                89|
[2025-02-21T07:56:42.597+0000] {spark_submit.py:641} INFO - |         21|        Analytics| region_8|      Bachelors|     m|           sourcing|              2| 28|                   2|                3|                    1|         0|                85|
[2025-02-21T07:56:42.598+0000] {spark_submit.py:641} INFO - |         22|       Technology| region_2|Masters & above|     f|              other|              1| 57|                   4|               18|                    1|         0|                77|
[2025-02-21T07:56:42.600+0000] {spark_submit.py:641} INFO - |         23|Sales & Marketing|region_16|      Bachelors|     f|           sourcing|              1| 42|                   1|                3|                    0|         0|                46|
[2025-02-21T07:56:42.601+0000] {spark_submit.py:641} INFO - |         24|               HR|region_28|Masters & above|     f|              other|              1| 32|                   1|                5|                    1|         0|                51|
[2025-02-21T07:56:42.602+0000] {spark_submit.py:641} INFO - |         27|Sales & Marketing|region_16|      Bachelors|     m|           sourcing|              1| 29|                   2|                6|                    0|         0|                51|
[2025-02-21T07:56:42.603+0000] {spark_submit.py:641} INFO - |         29|        Analytics| region_7|      Bachelors|     m|              other|              1| 28|                   0|                1|                    1|         0|                85|
[2025-02-21T07:56:42.604+0000] {spark_submit.py:641} INFO - |         31|Sales & Marketing|region_15|      Bachelors|     f|              other|              1| 29|                   3|                5|                    1|         0|                49|
[2025-02-21T07:56:42.605+0000] {spark_submit.py:641} INFO - |         40|       Operations| region_7|Masters & above|     f|              other|              1| 34|                   1|                4|                    0|         0|                65|
[2025-02-21T07:56:42.607+0000] {spark_submit.py:641} INFO - |         50|Sales & Marketing|region_19|      Bachelors|     m|              other|              1| 32|                   1|                3|                    0|         0|                48|
[2025-02-21T07:56:42.608+0000] {spark_submit.py:641} INFO - |         55|       Operations|region_19|Masters & above|     f|           sourcing|              1| 33|                   5|                3|                    0|         0|                61|
[2025-02-21T07:56:42.609+0000] {spark_submit.py:641} INFO - |         63|Sales & Marketing| region_8|Masters & above|     m|           sourcing|              1| 35|                   5|                8|                    0|         0|                52|
[2025-02-21T07:56:42.610+0000] {spark_submit.py:641} INFO - |         64|        Analytics| region_4|      Bachelors|     m|              other|              1| 42|                   5|               11|                    1|         0|                80|
[2025-02-21T07:56:42.611+0000] {spark_submit.py:641} INFO - +-----------+-----------------+---------+---------------+------+-------------------+---------------+---+--------------------+-----------------+---------------------+----------+------------------+
[2025-02-21T07:56:42.613+0000] {spark_submit.py:641} INFO - only showing top 20 rows
[2025-02-21T07:56:42.615+0000] {spark_submit.py:641} INFO - 
[2025-02-21T07:56:43.092+0000] {spark_submit.py:641} INFO - Jumlah baris dalam DataFrame: 17415
[2025-02-21T07:56:43.094+0000] {spark_submit.py:641} INFO - Load data berhasil.
[2025-02-21T07:56:43.773+0000] {taskinstance.py:341} INFO - ::group::Post task execution logs
[2025-02-21T07:56:43.779+0000] {taskinstance.py:353} INFO - Marking task as SUCCESS. dag_id=***_v2_etl_dag, task_id=load_task, run_id=manual__2025-02-21T07:55:49.922589+00:00, execution_date=20250221T075549, start_date=20250221T075630, end_date=20250221T075643
[2025-02-21T07:56:43.876+0000] {local_task_job_runner.py:266} INFO - Task exited with return code 0
[2025-02-21T07:56:43.918+0000] {taskinstance.py:3901} INFO - 0 downstream tasks scheduled from follow-on schedule check
[2025-02-21T07:56:43.925+0000] {local_task_job_runner.py:245} INFO - ::endgroup::
