[2025-02-21T08:04:49.252+0000] {local_task_job_runner.py:123} INFO - ::group::Pre task execution logs
[2025-02-21T08:04:49.295+0000] {taskinstance.py:2614} INFO - Dependencies all met for dep_context=non-requeueable deps ti=<TaskInstance: finprode8_v2_etl_dag.transform_task manual__2025-02-21T07:55:49.922589+00:00 [queued]>
[2025-02-21T08:04:49.319+0000] {taskinstance.py:2614} INFO - Dependencies all met for dep_context=requeueable deps ti=<TaskInstance: finprode8_v2_etl_dag.transform_task manual__2025-02-21T07:55:49.922589+00:00 [queued]>
[2025-02-21T08:04:49.321+0000] {taskinstance.py:2867} INFO - Starting attempt 2 of 2
[2025-02-21T08:04:49.343+0000] {taskinstance.py:2890} INFO - Executing <Task(SparkSubmitOperator): transform_task> on 2025-02-21 07:55:49.922589+00:00
[2025-02-21T08:04:49.350+0000] {standard_task_runner.py:72} INFO - Started process 4622 to run task
[2025-02-21T08:04:49.355+0000] {standard_task_runner.py:104} INFO - Running: ['airflow', 'tasks', 'run', '***_v2_etl_dag', 'transform_task', 'manual__2025-02-21T07:55:49.922589+00:00', '--job-id', '118', '--raw', '--subdir', 'DAGS_FOLDER/***_v2_etl_dag.py', '--cfg-path', '/tmp/tmpd_yeqwz5']
[2025-02-21T08:04:49.365+0000] {standard_task_runner.py:105} INFO - Job 118: Subtask transform_task
[2025-02-21T08:04:49.390+0000] {logging_mixin.py:190} WARNING - /home/airflow/.local/lib/python3.9/site-packages/airflow/settings.py:209 DeprecationWarning: The sql_alchemy_conn option in [core] has been moved to the sql_alchemy_conn option in [database] - the old setting has been used, but please update your config.
[2025-02-21T08:04:49.468+0000] {task_command.py:467} INFO - Running <TaskInstance: finprode8_v2_etl_dag.transform_task manual__2025-02-21T07:55:49.922589+00:00 [running]> on host ***-airflow-scheduler
[2025-02-21T08:04:49.636+0000] {taskinstance.py:3134} INFO - Exporting env vars: AIRFLOW_CTX_DAG_OWNER='ratih malini' AIRFLOW_CTX_DAG_ID='***_v2_etl_dag' AIRFLOW_CTX_TASK_ID='transform_task' AIRFLOW_CTX_EXECUTION_DATE='2025-02-21T07:55:49.922589+00:00' AIRFLOW_CTX_TRY_NUMBER='2' AIRFLOW_CTX_DAG_RUN_ID='manual__2025-02-21T07:55:49.922589+00:00'
[2025-02-21T08:04:49.640+0000] {taskinstance.py:732} INFO - ::endgroup::
[2025-02-21T08:04:49.708+0000] {base.py:84} INFO - Retrieving connection 'spark_main'
[2025-02-21T08:04:49.713+0000] {spark_submit.py:474} INFO - Spark-Submit cmd: spark-submit --master spark://***-spark-master:7077 --packages org.postgresql:postgresql:42.2.18 --name arrow-spark /spark-scripts/***_v2_transform.py
[2025-02-21T08:04:51.899+0000] {spark_submit.py:641} INFO - :: loading settings :: url = jar:file:/home/airflow/.local/lib/python3.9/site-packages/pyspark/jars/ivy-2.5.1.jar!/org/apache/ivy/core/settings/ivysettings.xml
[2025-02-21T08:04:52.014+0000] {spark_submit.py:641} INFO - Ivy Default Cache set to: /home/airflow/.ivy2/cache
[2025-02-21T08:04:52.017+0000] {spark_submit.py:641} INFO - The jars for the packages stored in: /home/airflow/.ivy2/jars
[2025-02-21T08:04:52.024+0000] {spark_submit.py:641} INFO - org.postgresql#postgresql added as a dependency
[2025-02-21T08:04:52.026+0000] {spark_submit.py:641} INFO - :: resolving dependencies :: org.apache.spark#spark-submit-parent-71475e81-4b39-491d-8398-774372302016;1.0
[2025-02-21T08:04:52.029+0000] {spark_submit.py:641} INFO - confs: [default]
[2025-02-21T08:04:52.204+0000] {spark_submit.py:641} INFO - found org.postgresql#postgresql;42.2.18 in central
[2025-02-21T08:04:52.243+0000] {spark_submit.py:641} INFO - found org.checkerframework#checker-qual;3.5.0 in central
[2025-02-21T08:04:52.265+0000] {spark_submit.py:641} INFO - :: resolution report :: resolve 231ms :: artifacts dl 8ms
[2025-02-21T08:04:52.268+0000] {spark_submit.py:641} INFO - :: modules in use:
[2025-02-21T08:04:52.270+0000] {spark_submit.py:641} INFO - org.checkerframework#checker-qual;3.5.0 from central in [default]
[2025-02-21T08:04:52.271+0000] {spark_submit.py:641} INFO - org.postgresql#postgresql;42.2.18 from central in [default]
[2025-02-21T08:04:52.272+0000] {spark_submit.py:641} INFO - ---------------------------------------------------------------------
[2025-02-21T08:04:52.274+0000] {spark_submit.py:641} INFO - |                  |            modules            ||   artifacts   |
[2025-02-21T08:04:52.276+0000] {spark_submit.py:641} INFO - |       conf       | number| search|dwnlded|evicted|| number|dwnlded|
[2025-02-21T08:04:52.278+0000] {spark_submit.py:641} INFO - ---------------------------------------------------------------------
[2025-02-21T08:04:52.280+0000] {spark_submit.py:641} INFO - |      default     |   2   |   0   |   0   |   0   ||   2   |   0   |
[2025-02-21T08:04:52.281+0000] {spark_submit.py:641} INFO - ---------------------------------------------------------------------
[2025-02-21T08:04:52.283+0000] {spark_submit.py:641} INFO - :: retrieving :: org.apache.spark#spark-submit-parent-71475e81-4b39-491d-8398-774372302016
[2025-02-21T08:04:52.284+0000] {spark_submit.py:641} INFO - confs: [default]
[2025-02-21T08:04:52.285+0000] {spark_submit.py:641} INFO - 0 artifacts copied, 2 already retrieved (0kB/6ms)
[2025-02-21T08:04:52.540+0000] {spark_submit.py:641} INFO - 25/02/21 08:04:52 WARN NativeCodeLoader: Unable to load native-hadoop library for your platform... using builtin-java classes where applicable
[2025-02-21T08:04:54.037+0000] {spark_submit.py:641} INFO - 25/02/21 08:04:54 INFO SparkContext: Running Spark version 3.3.2
[2025-02-21T08:04:54.058+0000] {spark_submit.py:641} INFO - 25/02/21 08:04:54 INFO ResourceUtils: ==============================================================
[2025-02-21T08:04:54.060+0000] {spark_submit.py:641} INFO - 25/02/21 08:04:54 INFO ResourceUtils: No custom resources configured for spark.driver.
[2025-02-21T08:04:54.062+0000] {spark_submit.py:641} INFO - 25/02/21 08:04:54 INFO ResourceUtils: ==============================================================
[2025-02-21T08:04:54.063+0000] {spark_submit.py:641} INFO - 25/02/21 08:04:54 INFO SparkContext: Submitted application: ***_transform
[2025-02-21T08:04:54.086+0000] {spark_submit.py:641} INFO - 25/02/21 08:04:54 INFO ResourceProfile: Default ResourceProfile created, executor resources: Map(cores -> name: cores, amount: 1, script: , vendor: , memory -> name: memory, amount: 1024, script: , vendor: , offHeap -> name: offHeap, amount: 0, script: , vendor: ), task resources: Map(cpus -> name: cpus, amount: 1.0)
[2025-02-21T08:04:54.094+0000] {spark_submit.py:641} INFO - 25/02/21 08:04:54 INFO ResourceProfile: Limiting resource is cpu
[2025-02-21T08:04:54.096+0000] {spark_submit.py:641} INFO - 25/02/21 08:04:54 INFO ResourceProfileManager: Added ResourceProfile id: 0
[2025-02-21T08:04:54.579+0000] {spark_submit.py:641} INFO - 25/02/21 08:04:54 INFO SecurityManager: Changing view acls to: airflow
[2025-02-21T08:04:54.581+0000] {spark_submit.py:641} INFO - 25/02/21 08:04:54 INFO SecurityManager: Changing modify acls to: airflow
[2025-02-21T08:04:54.582+0000] {spark_submit.py:641} INFO - 25/02/21 08:04:54 INFO SecurityManager: Changing view acls groups to:
[2025-02-21T08:04:54.584+0000] {spark_submit.py:641} INFO - 25/02/21 08:04:54 INFO SecurityManager: Changing modify acls groups to:
[2025-02-21T08:04:54.585+0000] {spark_submit.py:641} INFO - 25/02/21 08:04:54 INFO SecurityManager: SecurityManager: authentication disabled; ui acls disabled; users  with view permissions: Set(airflow); groups with view permissions: Set(); users  with modify permissions: Set(airflow); groups with modify permissions: Set()
[2025-02-21T08:04:55.535+0000] {spark_submit.py:641} INFO - 25/02/21 08:04:55 INFO Utils: Successfully started service 'sparkDriver' on port 34185.
[2025-02-21T08:04:55.567+0000] {spark_submit.py:641} INFO - 25/02/21 08:04:55 INFO SparkEnv: Registering MapOutputTracker
[2025-02-21T08:04:55.609+0000] {spark_submit.py:641} INFO - 25/02/21 08:04:55 INFO SparkEnv: Registering BlockManagerMaster
[2025-02-21T08:04:55.639+0000] {spark_submit.py:641} INFO - 25/02/21 08:04:55 INFO BlockManagerMasterEndpoint: Using org.apache.spark.storage.DefaultTopologyMapper for getting topology information
[2025-02-21T08:04:55.641+0000] {spark_submit.py:641} INFO - 25/02/21 08:04:55 INFO BlockManagerMasterEndpoint: BlockManagerMasterEndpoint up
[2025-02-21T08:04:55.648+0000] {spark_submit.py:641} INFO - 25/02/21 08:04:55 INFO SparkEnv: Registering BlockManagerMasterHeartbeat
[2025-02-21T08:04:55.672+0000] {spark_submit.py:641} INFO - 25/02/21 08:04:55 INFO DiskBlockManager: Created local directory at /tmp/blockmgr-83956fab-3dd4-4ee6-8fcf-3d94a170b55e
[2025-02-21T08:04:55.689+0000] {spark_submit.py:641} INFO - 25/02/21 08:04:55 INFO MemoryStore: MemoryStore started with capacity 434.4 MiB
[2025-02-21T08:04:55.706+0000] {spark_submit.py:641} INFO - 25/02/21 08:04:55 INFO SparkEnv: Registering OutputCommitCoordinator
[2025-02-21T08:04:55.926+0000] {spark_submit.py:641} INFO - 25/02/21 08:04:55 INFO Utils: Successfully started service 'SparkUI' on port 4040.
[2025-02-21T08:04:56.010+0000] {spark_submit.py:641} INFO - 25/02/21 08:04:56 INFO SparkContext: Added JAR /spark-scripts/jars/postgresql-42.2.18.jar at spark://***-airflow-scheduler:34185/jars/postgresql-42.2.18.jar with timestamp 1740125094029
[2025-02-21T08:04:56.013+0000] {spark_submit.py:641} INFO - 25/02/21 08:04:56 INFO SparkContext: Added file file:///home/airflow/.ivy2/jars/org.postgresql_postgresql-42.2.18.jar at file:///home/airflow/.ivy2/jars/org.postgresql_postgresql-42.2.18.jar with timestamp 1740125094029
[2025-02-21T08:04:56.014+0000] {spark_submit.py:641} INFO - 25/02/21 08:04:56 INFO Utils: Copying /home/airflow/.ivy2/jars/org.postgresql_postgresql-42.2.18.jar to /tmp/spark-0d539101-e1fb-4225-b82b-dc33b6be4237/userFiles-9923e433-3a81-408c-b627-a0c335b9ad2a/org.postgresql_postgresql-42.2.18.jar
[2025-02-21T08:04:56.034+0000] {spark_submit.py:641} INFO - 25/02/21 08:04:56 INFO SparkContext: Added file file:///home/airflow/.ivy2/jars/org.checkerframework_checker-qual-3.5.0.jar at file:///home/airflow/.ivy2/jars/org.checkerframework_checker-qual-3.5.0.jar with timestamp 1740125094029
[2025-02-21T08:04:56.037+0000] {spark_submit.py:641} INFO - 25/02/21 08:04:56 INFO Utils: Copying /home/airflow/.ivy2/jars/org.checkerframework_checker-qual-3.5.0.jar to /tmp/spark-0d539101-e1fb-4225-b82b-dc33b6be4237/userFiles-9923e433-3a81-408c-b627-a0c335b9ad2a/org.checkerframework_checker-qual-3.5.0.jar
[2025-02-21T08:04:56.117+0000] {spark_submit.py:641} INFO - 25/02/21 08:04:56 INFO Executor: Starting executor ID driver on host ***-airflow-scheduler
[2025-02-21T08:04:56.125+0000] {spark_submit.py:641} INFO - 25/02/21 08:04:56 INFO Executor: Starting executor with user classpath (userClassPathFirst = false): ''
[2025-02-21T08:04:56.140+0000] {spark_submit.py:641} INFO - 25/02/21 08:04:56 INFO Executor: Fetching file:///home/airflow/.ivy2/jars/org.postgresql_postgresql-42.2.18.jar with timestamp 1740125094029
[2025-02-21T08:04:56.172+0000] {spark_submit.py:641} INFO - 25/02/21 08:04:56 INFO Utils: /home/airflow/.ivy2/jars/org.postgresql_postgresql-42.2.18.jar has been previously copied to /tmp/spark-0d539101-e1fb-4225-b82b-dc33b6be4237/userFiles-9923e433-3a81-408c-b627-a0c335b9ad2a/org.postgresql_postgresql-42.2.18.jar
[2025-02-21T08:04:56.183+0000] {spark_submit.py:641} INFO - 25/02/21 08:04:56 INFO Executor: Fetching file:///home/airflow/.ivy2/jars/org.checkerframework_checker-qual-3.5.0.jar with timestamp 1740125094029
[2025-02-21T08:04:56.185+0000] {spark_submit.py:641} INFO - 25/02/21 08:04:56 INFO Utils: /home/airflow/.ivy2/jars/org.checkerframework_checker-qual-3.5.0.jar has been previously copied to /tmp/spark-0d539101-e1fb-4225-b82b-dc33b6be4237/userFiles-9923e433-3a81-408c-b627-a0c335b9ad2a/org.checkerframework_checker-qual-3.5.0.jar
[2025-02-21T08:04:56.202+0000] {spark_submit.py:641} INFO - 25/02/21 08:04:56 INFO Executor: Fetching spark://***-airflow-scheduler:34185/jars/postgresql-42.2.18.jar with timestamp 1740125094029
[2025-02-21T08:04:56.247+0000] {spark_submit.py:641} INFO - 25/02/21 08:04:56 INFO TransportClientFactory: Successfully created connection to ***-airflow-scheduler/172.19.0.4:34185 after 32 ms (0 ms spent in bootstraps)
[2025-02-21T08:04:56.255+0000] {spark_submit.py:641} INFO - 25/02/21 08:04:56 INFO Utils: Fetching spark://***-airflow-scheduler:34185/jars/postgresql-42.2.18.jar to /tmp/spark-0d539101-e1fb-4225-b82b-dc33b6be4237/userFiles-9923e433-3a81-408c-b627-a0c335b9ad2a/fetchFileTemp9411255680967053967.tmp
[2025-02-21T08:04:56.352+0000] {spark_submit.py:641} INFO - 25/02/21 08:04:56 INFO Executor: Adding file:/tmp/spark-0d539101-e1fb-4225-b82b-dc33b6be4237/userFiles-9923e433-3a81-408c-b627-a0c335b9ad2a/postgresql-42.2.18.jar to class loader
[2025-02-21T08:04:56.364+0000] {spark_submit.py:641} INFO - 25/02/21 08:04:56 INFO Utils: Successfully started service 'org.apache.spark.network.netty.NettyBlockTransferService' on port 34651.
[2025-02-21T08:04:56.380+0000] {spark_submit.py:641} INFO - 25/02/21 08:04:56 INFO NettyBlockTransferService: Server created on ***-airflow-scheduler:34651
[2025-02-21T08:04:56.383+0000] {spark_submit.py:641} INFO - 25/02/21 08:04:56 INFO BlockManager: Using org.apache.spark.storage.RandomBlockReplicationPolicy for block replication policy
[2025-02-21T08:04:56.386+0000] {spark_submit.py:641} INFO - 25/02/21 08:04:56 INFO BlockManagerMaster: Registering BlockManager BlockManagerId(driver, ***-airflow-scheduler, 34651, None)
[2025-02-21T08:04:56.393+0000] {spark_submit.py:641} INFO - 25/02/21 08:04:56 INFO BlockManagerMasterEndpoint: Registering block manager ***-airflow-scheduler:34651 with 434.4 MiB RAM, BlockManagerId(driver, ***-airflow-scheduler, 34651, None)
[2025-02-21T08:04:56.397+0000] {spark_submit.py:641} INFO - 25/02/21 08:04:56 INFO BlockManagerMaster: Registered BlockManager BlockManagerId(driver, ***-airflow-scheduler, 34651, None)
[2025-02-21T08:04:56.400+0000] {spark_submit.py:641} INFO - 25/02/21 08:04:56 INFO BlockManager: Initialized BlockManager: BlockManagerId(driver, ***-airflow-scheduler, 34651, None)
[2025-02-21T08:05:01.278+0000] {spark_submit.py:641} INFO - ---------------- MENAMPILKAN BANYAK DATA NULL DI SETIAP KOLOM ----------------
[2025-02-21T08:05:03.880+0000] {spark_submit.py:641} INFO - +----------------+---------------+-----------+--------------+-----------+------------------------+--------------------+--------+-------------------------+----------------------+--------------------------+---------------+-----------------------+
[2025-02-21T08:05:03.882+0000] {spark_submit.py:641} INFO - |employee_id_null|department_null|region_null|education_null|gender_null|recruitment_channel_null|no_of_trainings_null|age_null|previous_year_rating_null|length_of_service_null|KPIs_met_more_than_80_null|awards_won_null|avg_training_score_nuli|
[2025-02-21T08:05:03.885+0000] {spark_submit.py:641} INFO - +----------------+---------------+-----------+--------------+-----------+------------------------+--------------------+--------+-------------------------+----------------------+--------------------------+---------------+-----------------------+
[2025-02-21T08:05:03.887+0000] {spark_submit.py:641} INFO - |               0|              0|          0|           771|          0|                       0|                   0|       0|                     1363|                     0|                         0|              0|                      0|
[2025-02-21T08:05:03.889+0000] {spark_submit.py:641} INFO - +----------------+---------------+-----------+--------------+-----------+------------------------+--------------------+--------+-------------------------+----------------------+--------------------------+---------------+-----------------------+
[2025-02-21T08:05:03.890+0000] {spark_submit.py:641} INFO - 
[2025-02-21T08:05:03.891+0000] {spark_submit.py:641} INFO - ---------------- NULL HANDLING PADA KOLOM EDUCATION & PREVIOUS_YEAR_RATING ----------------
[2025-02-21T08:05:04.250+0000] {spark_submit.py:641} INFO - +--------------+-------------------------+
[2025-02-21T08:05:04.252+0000] {spark_submit.py:641} INFO - |education_null|previous_year_rating_null|
[2025-02-21T08:05:04.254+0000] {spark_submit.py:641} INFO - +--------------+-------------------------+
[2025-02-21T08:05:04.256+0000] {spark_submit.py:641} INFO - |             0|                        0|
[2025-02-21T08:05:04.258+0000] {spark_submit.py:641} INFO - +--------------+-------------------------+
[2025-02-21T08:05:04.260+0000] {spark_submit.py:641} INFO - 
[2025-02-21T08:05:04.261+0000] {spark_submit.py:641} INFO - ---------------- MENAMPILKAN BANYAK DATA DUPLIKAT BERDASARKAN EMPLOYEE_ID ----------------
[2025-02-21T08:05:05.183+0000] {spark_submit.py:641} INFO - +-----------+------+
[2025-02-21T08:05:05.185+0000] {spark_submit.py:641} INFO - |employee_id|jumlah|
[2025-02-21T08:05:05.187+0000] {spark_submit.py:641} INFO - +-----------+------+
[2025-02-21T08:05:05.188+0000] {spark_submit.py:641} INFO - |      64573|     2|
[2025-02-21T08:05:05.189+0000] {spark_submit.py:641} INFO - |      49584|     3|
[2025-02-21T08:05:05.191+0000] {spark_submit.py:641} INFO - +-----------+------+
[2025-02-21T08:05:05.192+0000] {spark_submit.py:641} INFO - 
[2025-02-21T08:05:05.194+0000] {spark_submit.py:641} INFO - ---------------- MENAMPILKAN SEMUA BARIS DAN KOLOM DARI EMPLOYEE ID YANG DUPLIKAT ----------------
[2025-02-21T08:05:05.533+0000] {spark_submit.py:641} INFO - +-----------+----------+--------+---------+------+-------------------+---------------+---+--------------------+-----------------+---------------------+----------+------------------+
[2025-02-21T08:05:05.535+0000] {spark_submit.py:641} INFO - |employee_id|department|  region|education|gender|recruitment_channel|no_of_trainings|age|previous_year_rating|length_of_service|KPIs_met_more_than_80|awards_won|avg_training_score|
[2025-02-21T08:05:05.537+0000] {spark_submit.py:641} INFO - +-----------+----------+--------+---------+------+-------------------+---------------+---+--------------------+-----------------+---------------------+----------+------------------+
[2025-02-21T08:05:05.539+0000] {spark_submit.py:641} INFO - |      49584|        HR|region_7|Bachelors|     m|              other|              1| 33|                   1|                9|                    0|         0|                51|
[2025-02-21T08:05:05.541+0000] {spark_submit.py:641} INFO - |      49584|        HR|region_7|Bachelors|     m|              other|              1| 33|                   1|                9|                    0|         0|                51|
[2025-02-21T08:05:05.543+0000] {spark_submit.py:641} INFO - |      49584|        HR|region_7|Bachelors|     m|              other|              1| 33|                   1|                9|                    0|         0|                51|
[2025-02-21T08:05:05.545+0000] {spark_submit.py:641} INFO - |      64573|Technology|region_7|Bachelors|     f|           referred|              2| 30|                   5|                6|                    1|         0|                81|
[2025-02-21T08:05:05.547+0000] {spark_submit.py:641} INFO - |      64573|        HR|region_7|Bachelors|     f|           referred|              1| 35|                   5|                4|                    1|         0|                81|
[2025-02-21T08:05:05.550+0000] {spark_submit.py:641} INFO - +-----------+----------+--------+---------+------+-------------------+---------------+---+--------------------+-----------------+---------------------+----------+------------------+
[2025-02-21T08:05:05.552+0000] {spark_submit.py:641} INFO - 
[2025-02-21T08:05:05.554+0000] {spark_submit.py:641} INFO - ---------------- MENAMPILKAN HASIL DARI DATA DUPLIKASI YANG TELAH DIHANDLE BERDASARKAN KOLOM EMPLOYEE_ID DAN DEPARTMENT ----------------
[2025-02-21T08:05:06.437+0000] {spark_submit.py:641} INFO - +-----------+----------+--------+---------+------+-------------------+---------------+---+--------------------+-----------------+---------------------+----------+------------------+
[2025-02-21T08:05:06.439+0000] {spark_submit.py:641} INFO - |employee_id|department|  region|education|gender|recruitment_channel|no_of_trainings|age|previous_year_rating|length_of_service|KPIs_met_more_than_80|awards_won|avg_training_score|
[2025-02-21T08:05:06.440+0000] {spark_submit.py:641} INFO - +-----------+----------+--------+---------+------+-------------------+---------------+---+--------------------+-----------------+---------------------+----------+------------------+
[2025-02-21T08:05:06.442+0000] {spark_submit.py:641} INFO - |      49584|        HR|region_7|Bachelors|     m|              other|              1| 33|                   1|                9|                    0|         0|                51|
[2025-02-21T08:05:06.444+0000] {spark_submit.py:641} INFO - |      64573|        HR|region_7|Bachelors|     f|           referred|              1| 35|                   5|                4|                    1|         0|                81|
[2025-02-21T08:05:06.445+0000] {spark_submit.py:641} INFO - |      64573|Technology|region_7|Bachelors|     f|           referred|              2| 30|                   5|                6|                    1|         0|                81|
[2025-02-21T08:05:06.450+0000] {spark_submit.py:641} INFO - +-----------+----------+--------+---------+------+-------------------+---------------+---+--------------------+-----------------+---------------------+----------+------------------+
[2025-02-21T08:05:06.452+0000] {spark_submit.py:641} INFO - 
[2025-02-21T08:05:10.613+0000] {spark_submit.py:641} INFO - ---------------- MENAMPILKAN DATA HASIL TRASNFORMASI ----------------
[2025-02-21T08:05:11.231+0000] {spark_submit.py:641} INFO - +-----------+-----------------+---------+---------------+------+-------------------+---------------+---+--------------------+-----------------+---------------------+----------+------------------+
[2025-02-21T08:05:11.233+0000] {spark_submit.py:641} INFO - |employee_id|       department|   region|      education|gender|recruitment_channel|no_of_trainings|age|previous_year_rating|length_of_service|KPIs_met_more_than_80|awards_won|avg_training_score|
[2025-02-21T08:05:11.235+0000] {spark_submit.py:641} INFO - +-----------+-----------------+---------+---------------+------+-------------------+---------------+---+--------------------+-----------------+---------------------+----------+------------------+
[2025-02-21T08:05:11.237+0000] {spark_submit.py:641} INFO - |          3|      Procurement|region_22|Masters & above|     f|              other|              1| 38|                   5|                4|                    1|         0|                67|
[2025-02-21T08:05:11.239+0000] {spark_submit.py:641} INFO - |          6|Sales & Marketing|region_15|      Bachelors|     f|              other|              1| 38|                   3|               10|                    0|         0|                50|
[2025-02-21T08:05:11.240+0000] {spark_submit.py:641} INFO - |         11|       Technology| region_4|Masters & above|     f|           sourcing|              1| 39|                   4|               12|                    1|         0|                72|
[2025-02-21T08:05:11.242+0000] {spark_submit.py:641} INFO - |         13|Sales & Marketing|region_17|      Bachelors|     m|              other|              1| 38|                   1|                5|                    1|         0|                47|
[2025-02-21T08:05:11.243+0000] {spark_submit.py:641} INFO - |         16|Sales & Marketing| region_4|Masters & above|     m|           sourcing|              1| 40|                   5|                5|                    0|         0|                53|
[2025-02-21T08:05:11.244+0000] {spark_submit.py:641} INFO - +-----------+-----------------+---------+---------------+------+-------------------+---------------+---+--------------------+-----------------+---------------------+----------+------------------+
[2025-02-21T08:05:11.246+0000] {spark_submit.py:641} INFO - only showing top 5 rows
[2025-02-21T08:05:11.247+0000] {spark_submit.py:641} INFO - 
[2025-02-21T08:05:11.732+0000] {spark_submit.py:641} INFO - Jumlah baris dalam DataFrame : 17415
[2025-02-21T08:05:11.735+0000] {spark_submit.py:641} INFO - Isi folder data/transformed.parquet :
[2025-02-21T08:05:11.738+0000] {spark_submit.py:641} INFO - ['part-00000-756eaa0c-0303-46b3-b694-eac3873c6df5-c000.snappy.parquet', '_SUCCESS', '._SUCCESS.crc', '.part-00000-756eaa0c-0303-46b3-b694-eac3873c6df5-c000.snappy.parquet.crc']
[2025-02-21T08:05:11.741+0000] {spark_submit.py:641} INFO - Transform data berhasil.
[2025-02-21T08:05:12.325+0000] {taskinstance.py:341} INFO - ::group::Post task execution logs
[2025-02-21T08:05:12.327+0000] {taskinstance.py:353} INFO - Marking task as SUCCESS. dag_id=***_v2_etl_dag, task_id=transform_task, run_id=manual__2025-02-21T07:55:49.922589+00:00, execution_date=20250221T075549, start_date=20250221T080449, end_date=20250221T080512
[2025-02-21T08:05:12.396+0000] {local_task_job_runner.py:266} INFO - Task exited with return code 0
[2025-02-21T08:05:12.449+0000] {taskinstance.py:3901} INFO - 1 downstream tasks scheduled from follow-on schedule check
[2025-02-21T08:05:12.454+0000] {local_task_job_runner.py:245} INFO - ::endgroup::
