[2025-02-15T17:26:03.723+0000] {local_task_job_runner.py:123} INFO - ::group::Pre task execution logs
[2025-02-15T17:26:03.755+0000] {taskinstance.py:2613} INFO - Dependencies all met for dep_context=non-requeueable deps ti=<TaskInstance: finprode8_elt_dag.etl_task manual__2025-02-15T17:26:01.560267+00:00 [queued]>
[2025-02-15T17:26:03.773+0000] {taskinstance.py:2613} INFO - Dependencies all met for dep_context=requeueable deps ti=<TaskInstance: finprode8_elt_dag.etl_task manual__2025-02-15T17:26:01.560267+00:00 [queued]>
[2025-02-15T17:26:03.775+0000] {taskinstance.py:2866} INFO - Starting attempt 1 of 1
[2025-02-15T17:26:03.799+0000] {taskinstance.py:2889} INFO - Executing <Task(SparkSubmitOperator): etl_task> on 2025-02-15 17:26:01.560267+00:00
[2025-02-15T17:26:03.807+0000] {standard_task_runner.py:72} INFO - Started process 9106 to run task
[2025-02-15T17:26:03.813+0000] {standard_task_runner.py:104} INFO - Running: ['airflow', 'tasks', 'run', '***_elt_dag', 'etl_task', 'manual__2025-02-15T17:26:01.560267+00:00', '--job-id', '34', '--raw', '--subdir', 'DAGS_FOLDER/***_etl_dag.py', '--cfg-path', '/tmp/tmpfrd8xyew']
[2025-02-15T17:26:03.817+0000] {standard_task_runner.py:105} INFO - Job 34: Subtask etl_task
[2025-02-15T17:26:03.845+0000] {logging_mixin.py:190} WARNING - /home/airflow/.local/lib/python3.9/site-packages/airflow/settings.py:209 DeprecationWarning: The sql_alchemy_conn option in [core] has been moved to the sql_alchemy_conn option in [database] - the old setting has been used, but please update your config.
[2025-02-15T17:26:03.908+0000] {task_command.py:467} INFO - Running <TaskInstance: finprode8_elt_dag.etl_task manual__2025-02-15T17:26:01.560267+00:00 [running]> on host ***-airflow-scheduler
[2025-02-15T17:26:04.167+0000] {taskinstance.py:3132} INFO - Exporting env vars: AIRFLOW_CTX_DAG_OWNER='ratih malini' AIRFLOW_CTX_DAG_ID='***_elt_dag' AIRFLOW_CTX_TASK_ID='etl_task' AIRFLOW_CTX_EXECUTION_DATE='2025-02-15T17:26:01.560267+00:00' AIRFLOW_CTX_TRY_NUMBER='1' AIRFLOW_CTX_DAG_RUN_ID='manual__2025-02-15T17:26:01.560267+00:00'
[2025-02-15T17:26:04.176+0000] {taskinstance.py:731} INFO - ::endgroup::
[2025-02-15T17:26:04.368+0000] {base.py:84} INFO - Retrieving connection 'spark_main'
[2025-02-15T17:26:04.372+0000] {spark_submit.py:474} INFO - Spark-Submit cmd: spark-submit --master spark://***-spark-master:7077 --packages org.postgresql:postgresql:42.2.18 --name arrow-spark /spark-scripts/***_etl.py
[2025-02-15T17:26:40.249+0000] {job.py:239} ERROR - Job heartbeat failed with error
Traceback (most recent call last):
  File "/home/airflow/.local/lib/python3.9/site-packages/sqlalchemy/engine/base.py", line 3371, in _wrap_pool_connect
    return fn()
  File "/home/airflow/.local/lib/python3.9/site-packages/sqlalchemy/pool/base.py", line 327, in connect
    return _ConnectionFairy._checkout(self)
  File "/home/airflow/.local/lib/python3.9/site-packages/sqlalchemy/pool/base.py", line 894, in _checkout
    fairy = _ConnectionRecord.checkout(pool)
  File "/home/airflow/.local/lib/python3.9/site-packages/sqlalchemy/pool/base.py", line 493, in checkout
    rec = pool._do_get()
  File "/home/airflow/.local/lib/python3.9/site-packages/sqlalchemy/pool/impl.py", line 256, in _do_get
    return self._create_connection()
  File "/home/airflow/.local/lib/python3.9/site-packages/sqlalchemy/pool/base.py", line 273, in _create_connection
    return _ConnectionRecord(self)
  File "/home/airflow/.local/lib/python3.9/site-packages/sqlalchemy/pool/base.py", line 388, in __init__
    self.__connect()
  File "/home/airflow/.local/lib/python3.9/site-packages/sqlalchemy/pool/base.py", line 691, in __connect
    pool.logger.debug("Error on connect(): %s", e)
  File "/home/airflow/.local/lib/python3.9/site-packages/sqlalchemy/util/langhelpers.py", line 70, in __exit__
    compat.raise_(
  File "/home/airflow/.local/lib/python3.9/site-packages/sqlalchemy/util/compat.py", line 211, in raise_
    raise exception
  File "/home/airflow/.local/lib/python3.9/site-packages/sqlalchemy/pool/base.py", line 686, in __connect
    self.dbapi_connection = connection = pool._invoke_creator(self)
  File "/home/airflow/.local/lib/python3.9/site-packages/sqlalchemy/engine/create.py", line 574, in connect
    return dialect.connect(*cargs, **cparams)
  File "/home/airflow/.local/lib/python3.9/site-packages/sqlalchemy/engine/default.py", line 598, in connect
    return self.dbapi.connect(*cargs, **cparams)
  File "/home/airflow/.local/lib/python3.9/site-packages/psycopg2/__init__.py", line 122, in connect
    conn = _connect(dsn, connection_factory=connection_factory, **kwasync)
psycopg2.OperationalError: could not translate host name "***-postgres" to address: Temporary failure in name resolution


The above exception was the direct cause of the following exception:

Traceback (most recent call last):
  File "/home/airflow/.local/lib/python3.9/site-packages/airflow/jobs/job.py", line 207, in heartbeat
    self._merge_from(Job._fetch_from_db(self, session))
  File "/home/airflow/.local/lib/python3.9/site-packages/airflow/api_internal/internal_api_call.py", line 166, in wrapper
    return func(*args, **kwargs)
  File "/home/airflow/.local/lib/python3.9/site-packages/airflow/utils/session.py", line 94, in wrapper
    return func(*args, **kwargs)
  File "/home/airflow/.local/lib/python3.9/site-packages/airflow/utils/retries.py", line 93, in wrapped_function
    for attempt in run_with_db_retries(max_retries=retries, logger=logger, **retry_kwargs):
  File "/home/airflow/.local/lib/python3.9/site-packages/tenacity/__init__.py", line 347, in __iter__
    do = self.iter(retry_state=retry_state)
  File "/home/airflow/.local/lib/python3.9/site-packages/tenacity/__init__.py", line 325, in iter
    raise retry_exc.reraise()
  File "/home/airflow/.local/lib/python3.9/site-packages/tenacity/__init__.py", line 158, in reraise
    raise self.last_attempt.result()
  File "/usr/local/lib/python3.9/concurrent/futures/_base.py", line 439, in result
    return self.__get_result()
  File "/usr/local/lib/python3.9/concurrent/futures/_base.py", line 391, in __get_result
    raise self._exception
  File "/home/airflow/.local/lib/python3.9/site-packages/airflow/utils/retries.py", line 102, in wrapped_function
    return func(*args, **kwargs)
  File "/home/airflow/.local/lib/python3.9/site-packages/airflow/jobs/job.py", line 335, in _fetch_from_db
    session.merge(job)
  File "/home/airflow/.local/lib/python3.9/site-packages/sqlalchemy/orm/session.py", line 3056, in merge
    return self._merge(
  File "/home/airflow/.local/lib/python3.9/site-packages/sqlalchemy/orm/session.py", line 3136, in _merge
    merged = self.get(
  File "/home/airflow/.local/lib/python3.9/site-packages/sqlalchemy/orm/session.py", line 2853, in get
    return self._get_impl(
  File "/home/airflow/.local/lib/python3.9/site-packages/sqlalchemy/orm/session.py", line 2975, in _get_impl
    return db_load_fn(
  File "/home/airflow/.local/lib/python3.9/site-packages/sqlalchemy/orm/loading.py", line 530, in load_on_pk_identity
    session.execute(
  File "/home/airflow/.local/lib/python3.9/site-packages/sqlalchemy/orm/session.py", line 1716, in execute
    conn = self._connection_for_bind(bind)
  File "/home/airflow/.local/lib/python3.9/site-packages/sqlalchemy/orm/session.py", line 1555, in _connection_for_bind
    return self._transaction._connection_for_bind(
  File "/home/airflow/.local/lib/python3.9/site-packages/sqlalchemy/orm/session.py", line 750, in _connection_for_bind
    conn = bind.connect()
  File "/home/airflow/.local/lib/python3.9/site-packages/sqlalchemy/future/engine.py", line 412, in connect
    return super(Engine, self).connect()
  File "/home/airflow/.local/lib/python3.9/site-packages/sqlalchemy/engine/base.py", line 3325, in connect
    return self._connection_cls(self, close_with_result=close_with_result)
  File "/home/airflow/.local/lib/python3.9/site-packages/sqlalchemy/engine/base.py", line 96, in __init__
    else engine.raw_connection()
  File "/home/airflow/.local/lib/python3.9/site-packages/sqlalchemy/engine/base.py", line 3404, in raw_connection
    return self._wrap_pool_connect(self.pool.connect, _connection)
  File "/home/airflow/.local/lib/python3.9/site-packages/sqlalchemy/engine/base.py", line 3374, in _wrap_pool_connect
    Connection._handle_dbapi_exception_noconnection(
  File "/home/airflow/.local/lib/python3.9/site-packages/sqlalchemy/engine/base.py", line 2208, in _handle_dbapi_exception_noconnection
    util.raise_(
  File "/home/airflow/.local/lib/python3.9/site-packages/sqlalchemy/util/compat.py", line 211, in raise_
    raise exception
  File "/home/airflow/.local/lib/python3.9/site-packages/sqlalchemy/engine/base.py", line 3371, in _wrap_pool_connect
    return fn()
  File "/home/airflow/.local/lib/python3.9/site-packages/sqlalchemy/pool/base.py", line 327, in connect
    return _ConnectionFairy._checkout(self)
  File "/home/airflow/.local/lib/python3.9/site-packages/sqlalchemy/pool/base.py", line 894, in _checkout
    fairy = _ConnectionRecord.checkout(pool)
  File "/home/airflow/.local/lib/python3.9/site-packages/sqlalchemy/pool/base.py", line 493, in checkout
    rec = pool._do_get()
  File "/home/airflow/.local/lib/python3.9/site-packages/sqlalchemy/pool/impl.py", line 256, in _do_get
    return self._create_connection()
  File "/home/airflow/.local/lib/python3.9/site-packages/sqlalchemy/pool/base.py", line 273, in _create_connection
    return _ConnectionRecord(self)
  File "/home/airflow/.local/lib/python3.9/site-packages/sqlalchemy/pool/base.py", line 388, in __init__
    self.__connect()
  File "/home/airflow/.local/lib/python3.9/site-packages/sqlalchemy/pool/base.py", line 691, in __connect
    pool.logger.debug("Error on connect(): %s", e)
  File "/home/airflow/.local/lib/python3.9/site-packages/sqlalchemy/util/langhelpers.py", line 70, in __exit__
    compat.raise_(
  File "/home/airflow/.local/lib/python3.9/site-packages/sqlalchemy/util/compat.py", line 211, in raise_
    raise exception
  File "/home/airflow/.local/lib/python3.9/site-packages/sqlalchemy/pool/base.py", line 686, in __connect
    self.dbapi_connection = connection = pool._invoke_creator(self)
  File "/home/airflow/.local/lib/python3.9/site-packages/sqlalchemy/engine/create.py", line 574, in connect
    return dialect.connect(*cargs, **cparams)
  File "/home/airflow/.local/lib/python3.9/site-packages/sqlalchemy/engine/default.py", line 598, in connect
    return self.dbapi.connect(*cargs, **cparams)
  File "/home/airflow/.local/lib/python3.9/site-packages/psycopg2/__init__.py", line 122, in connect
    conn = _connect(dsn, connection_factory=connection_factory, **kwasync)
sqlalchemy.exc.OperationalError: (psycopg2.OperationalError) could not translate host name "***-postgres" to address: Temporary failure in name resolution

(Background on this error at: https://sqlalche.me/e/14/e3q8)
[2025-02-15T17:26:40.407+0000] {job.py:254} ERROR - Job heartbeat failed with error. Scheduler is in unhealthy state
[2025-02-15T17:26:42.167+0000] {spark_submit.py:641} INFO - :: loading settings :: url = jar:file:/home/airflow/.local/lib/python3.9/site-packages/pyspark/jars/ivy-2.5.1.jar!/org/apache/ivy/core/settings/ivysettings.xml
[2025-02-15T17:27:01.893+0000] {spark_submit.py:641} INFO - Ivy Default Cache set to: /home/airflow/.ivy2/cache
[2025-02-15T17:27:02.143+0000] {spark_submit.py:641} INFO - The jars for the packages stored in: /home/airflow/.ivy2/jars
[2025-02-15T17:27:02.698+0000] {spark_submit.py:641} INFO - org.postgresql#postgresql added as a dependency
[2025-02-15T17:27:03.183+0000] {spark_submit.py:641} INFO - :: resolving dependencies :: org.apache.spark#spark-submit-parent-c765ef85-638f-4101-96cd-ca970a5ee7a0;1.0
[2025-02-15T17:27:03.201+0000] {spark_submit.py:641} INFO - confs: [default]
[2025-02-15T17:27:08.650+0000] {spark_submit.py:641} INFO - found org.postgresql#postgresql;42.2.18 in central
[2025-02-15T17:27:08.730+0000] {spark_submit.py:641} INFO - found org.checkerframework#checker-qual;3.5.0 in central
[2025-02-15T17:27:08.986+0000] {spark_submit.py:641} INFO - :: resolution report :: resolve 5798ms :: artifacts dl 13ms
[2025-02-15T17:27:09.001+0000] {spark_submit.py:641} INFO - :: modules in use:
[2025-02-15T17:27:09.003+0000] {spark_submit.py:641} INFO - org.checkerframework#checker-qual;3.5.0 from central in [default]
[2025-02-15T17:27:09.004+0000] {spark_submit.py:641} INFO - org.postgresql#postgresql;42.2.18 from central in [default]
[2025-02-15T17:27:09.006+0000] {spark_submit.py:641} INFO - ---------------------------------------------------------------------
[2025-02-15T17:27:09.007+0000] {spark_submit.py:641} INFO - |                  |            modules            ||   artifacts   |
[2025-02-15T17:27:09.008+0000] {spark_submit.py:641} INFO - |       conf       | number| search|dwnlded|evicted|| number|dwnlded|
[2025-02-15T17:27:09.009+0000] {spark_submit.py:641} INFO - ---------------------------------------------------------------------
[2025-02-15T17:27:09.010+0000] {spark_submit.py:641} INFO - |      default     |   2   |   0   |   0   |   0   ||   2   |   0   |
[2025-02-15T17:27:09.012+0000] {spark_submit.py:641} INFO - ---------------------------------------------------------------------
[2025-02-15T17:27:09.018+0000] {spark_submit.py:641} INFO - :: retrieving :: org.apache.spark#spark-submit-parent-c765ef85-638f-4101-96cd-ca970a5ee7a0
[2025-02-15T17:27:09.024+0000] {spark_submit.py:641} INFO - confs: [default]
[2025-02-15T17:27:09.041+0000] {spark_submit.py:641} INFO - 0 artifacts copied, 2 already retrieved (0kB/22ms)
[2025-02-15T17:27:16.611+0000] {job.py:254} ERROR - Job heartbeat failed with error. Scheduler is in unhealthy state
[2025-02-15T17:27:26.198+0000] {spark_submit.py:641} INFO - 25/02/15 17:27:26 WARN NativeCodeLoader: Unable to load native-hadoop library for your platform... using builtin-java classes where applicable
[2025-02-15T17:27:56.959+0000] {job.py:254} ERROR - Job heartbeat failed with error. Scheduler is in unhealthy state
[2025-02-15T17:28:00.245+0000] {spark_submit.py:641} INFO - 25/02/15 17:28:00 INFO SparkContext: Running Spark version 3.3.2
[2025-02-15T17:28:00.319+0000] {spark_submit.py:641} INFO - 25/02/15 17:28:00 INFO ResourceUtils: ==============================================================
[2025-02-15T17:28:00.322+0000] {spark_submit.py:641} INFO - 25/02/15 17:28:00 INFO ResourceUtils: No custom resources configured for spark.driver.
[2025-02-15T17:28:00.325+0000] {spark_submit.py:641} INFO - 25/02/15 17:28:00 INFO ResourceUtils: ==============================================================
[2025-02-15T17:28:00.327+0000] {spark_submit.py:641} INFO - 25/02/15 17:28:00 INFO SparkContext: Submitted application: ***
[2025-02-15T17:28:00.401+0000] {spark_submit.py:641} INFO - 25/02/15 17:28:00 INFO ResourceProfile: Default ResourceProfile created, executor resources: Map(cores -> name: cores, amount: 1, script: , vendor: , memory -> name: memory, amount: 1024, script: , vendor: , offHeap -> name: offHeap, amount: 0, script: , vendor: ), task resources: Map(cpus -> name: cpus, amount: 1.0)
[2025-02-15T17:28:00.424+0000] {spark_submit.py:641} INFO - 25/02/15 17:28:00 INFO ResourceProfile: Limiting resource is cpu
[2025-02-15T17:28:00.427+0000] {spark_submit.py:641} INFO - 25/02/15 17:28:00 INFO ResourceProfileManager: Added ResourceProfile id: 0
[2025-02-15T17:28:00.645+0000] {spark_submit.py:641} INFO - 25/02/15 17:28:00 INFO SecurityManager: Changing view acls to: airflow
[2025-02-15T17:28:00.647+0000] {spark_submit.py:641} INFO - 25/02/15 17:28:00 INFO SecurityManager: Changing modify acls to: airflow
[2025-02-15T17:28:00.648+0000] {spark_submit.py:641} INFO - 25/02/15 17:28:00 INFO SecurityManager: Changing view acls groups to:
[2025-02-15T17:28:00.650+0000] {spark_submit.py:641} INFO - 25/02/15 17:28:00 INFO SecurityManager: Changing modify acls groups to:
[2025-02-15T17:28:00.652+0000] {spark_submit.py:641} INFO - 25/02/15 17:28:00 INFO SecurityManager: SecurityManager: authentication disabled; ui acls disabled; users  with view permissions: Set(airflow); groups with view permissions: Set(); users  with modify permissions: Set(airflow); groups with modify permissions: Set()
[2025-02-15T17:28:01.199+0000] {spark_submit.py:641} INFO - 25/02/15 17:28:01 INFO Utils: Successfully started service 'sparkDriver' on port 43213.
[2025-02-15T17:28:01.361+0000] {spark_submit.py:641} INFO - 25/02/15 17:28:01 INFO SparkEnv: Registering MapOutputTracker
[2025-02-15T17:28:01.440+0000] {spark_submit.py:641} INFO - 25/02/15 17:28:01 INFO SparkEnv: Registering BlockManagerMaster
[2025-02-15T17:28:01.488+0000] {spark_submit.py:641} INFO - 25/02/15 17:28:01 INFO BlockManagerMasterEndpoint: Using org.apache.spark.storage.DefaultTopologyMapper for getting topology information
[2025-02-15T17:28:01.491+0000] {spark_submit.py:641} INFO - 25/02/15 17:28:01 INFO BlockManagerMasterEndpoint: BlockManagerMasterEndpoint up
[2025-02-15T17:28:01.497+0000] {spark_submit.py:641} INFO - 25/02/15 17:28:01 INFO SparkEnv: Registering BlockManagerMasterHeartbeat
[2025-02-15T17:28:01.543+0000] {spark_submit.py:641} INFO - 25/02/15 17:28:01 INFO DiskBlockManager: Created local directory at /tmp/blockmgr-01bf7efa-d3b7-4789-a2cc-585e1317345c
[2025-02-15T17:28:01.572+0000] {spark_submit.py:641} INFO - 25/02/15 17:28:01 INFO MemoryStore: MemoryStore started with capacity 434.4 MiB
[2025-02-15T17:28:01.622+0000] {spark_submit.py:641} INFO - 25/02/15 17:28:01 INFO SparkEnv: Registering OutputCommitCoordinator
[2025-02-15T17:28:01.974+0000] {spark_submit.py:641} INFO - 25/02/15 17:28:01 WARN Utils: Service 'SparkUI' could not bind on port 4040. Attempting port 4041.
[2025-02-15T17:28:01.988+0000] {spark_submit.py:641} INFO - 25/02/15 17:28:01 INFO Utils: Successfully started service 'SparkUI' on port 4041.
[2025-02-15T17:28:02.058+0000] {spark_submit.py:641} INFO - 25/02/15 17:28:02 INFO SparkContext: Added JAR /spark-scripts/jars/postgresql-42.2.18.jar at spark://***-airflow-scheduler:43213/jars/postgresql-42.2.18.jar with timestamp 1739640480212
[2025-02-15T17:28:02.062+0000] {spark_submit.py:641} INFO - 25/02/15 17:28:02 INFO SparkContext: Added file file:///home/airflow/.ivy2/jars/org.postgresql_postgresql-42.2.18.jar at file:///home/airflow/.ivy2/jars/org.postgresql_postgresql-42.2.18.jar with timestamp 1739640480212
[2025-02-15T17:28:02.064+0000] {spark_submit.py:641} INFO - 25/02/15 17:28:02 INFO Utils: Copying /home/airflow/.ivy2/jars/org.postgresql_postgresql-42.2.18.jar to /tmp/spark-f9f29779-8d93-4167-aca2-d88055fd887e/userFiles-9b30a4f1-d455-46b0-ae2f-dfbb69023206/org.postgresql_postgresql-42.2.18.jar
[2025-02-15T17:28:02.124+0000] {spark_submit.py:641} INFO - 25/02/15 17:28:02 INFO SparkContext: Added file file:///home/airflow/.ivy2/jars/org.checkerframework_checker-qual-3.5.0.jar at file:///home/airflow/.ivy2/jars/org.checkerframework_checker-qual-3.5.0.jar with timestamp 1739640480212
[2025-02-15T17:28:02.126+0000] {spark_submit.py:641} INFO - 25/02/15 17:28:02 INFO Utils: Copying /home/airflow/.ivy2/jars/org.checkerframework_checker-qual-3.5.0.jar to /tmp/spark-f9f29779-8d93-4167-aca2-d88055fd887e/userFiles-9b30a4f1-d455-46b0-ae2f-dfbb69023206/org.checkerframework_checker-qual-3.5.0.jar
[2025-02-15T17:28:02.261+0000] {spark_submit.py:641} INFO - 25/02/15 17:28:02 INFO Executor: Starting executor ID driver on host ***-airflow-scheduler
[2025-02-15T17:28:02.272+0000] {spark_submit.py:641} INFO - 25/02/15 17:28:02 INFO Executor: Starting executor with user classpath (userClassPathFirst = false): ''
[2025-02-15T17:28:02.288+0000] {spark_submit.py:641} INFO - 25/02/15 17:28:02 INFO Executor: Fetching file:///home/airflow/.ivy2/jars/org.postgresql_postgresql-42.2.18.jar with timestamp 1739640480212
[2025-02-15T17:28:02.330+0000] {spark_submit.py:641} INFO - 25/02/15 17:28:02 INFO Utils: /home/airflow/.ivy2/jars/org.postgresql_postgresql-42.2.18.jar has been previously copied to /tmp/spark-f9f29779-8d93-4167-aca2-d88055fd887e/userFiles-9b30a4f1-d455-46b0-ae2f-dfbb69023206/org.postgresql_postgresql-42.2.18.jar
[2025-02-15T17:28:02.338+0000] {spark_submit.py:641} INFO - 25/02/15 17:28:02 INFO Executor: Fetching file:///home/airflow/.ivy2/jars/org.checkerframework_checker-qual-3.5.0.jar with timestamp 1739640480212
[2025-02-15T17:28:02.340+0000] {spark_submit.py:641} INFO - 25/02/15 17:28:02 INFO Utils: /home/airflow/.ivy2/jars/org.checkerframework_checker-qual-3.5.0.jar has been previously copied to /tmp/spark-f9f29779-8d93-4167-aca2-d88055fd887e/userFiles-9b30a4f1-d455-46b0-ae2f-dfbb69023206/org.checkerframework_checker-qual-3.5.0.jar
[2025-02-15T17:28:02.356+0000] {spark_submit.py:641} INFO - 25/02/15 17:28:02 INFO Executor: Fetching spark://***-airflow-scheduler:43213/jars/postgresql-42.2.18.jar with timestamp 1739640480212
[2025-02-15T17:28:02.449+0000] {spark_submit.py:641} INFO - 25/02/15 17:28:02 INFO TransportClientFactory: Successfully created connection to ***-airflow-scheduler/172.19.0.6:43213 after 63 ms (0 ms spent in bootstraps)
[2025-02-15T17:28:02.466+0000] {spark_submit.py:641} INFO - 25/02/15 17:28:02 INFO Utils: Fetching spark://***-airflow-scheduler:43213/jars/postgresql-42.2.18.jar to /tmp/spark-f9f29779-8d93-4167-aca2-d88055fd887e/userFiles-9b30a4f1-d455-46b0-ae2f-dfbb69023206/fetchFileTemp7873273611023669686.tmp
[2025-02-15T17:28:02.584+0000] {job.py:229} INFO - Heartbeat recovered after 119.09 seconds
[2025-02-15T17:28:02.709+0000] {spark_submit.py:641} INFO - 25/02/15 17:28:02 INFO Executor: Adding file:/tmp/spark-f9f29779-8d93-4167-aca2-d88055fd887e/userFiles-9b30a4f1-d455-46b0-ae2f-dfbb69023206/postgresql-42.2.18.jar to class loader
[2025-02-15T17:28:02.725+0000] {spark_submit.py:641} INFO - 25/02/15 17:28:02 INFO Utils: Successfully started service 'org.apache.spark.network.netty.NettyBlockTransferService' on port 33727.
[2025-02-15T17:28:02.729+0000] {spark_submit.py:641} INFO - 25/02/15 17:28:02 INFO NettyBlockTransferService: Server created on ***-airflow-scheduler:33727
[2025-02-15T17:28:02.733+0000] {spark_submit.py:641} INFO - 25/02/15 17:28:02 INFO BlockManager: Using org.apache.spark.storage.RandomBlockReplicationPolicy for block replication policy
[2025-02-15T17:28:02.750+0000] {spark_submit.py:641} INFO - 25/02/15 17:28:02 INFO BlockManagerMaster: Registering BlockManager BlockManagerId(driver, ***-airflow-scheduler, 33727, None)
[2025-02-15T17:28:02.766+0000] {spark_submit.py:641} INFO - 25/02/15 17:28:02 INFO BlockManagerMasterEndpoint: Registering block manager ***-airflow-scheduler:33727 with 434.4 MiB RAM, BlockManagerId(driver, ***-airflow-scheduler, 33727, None)
[2025-02-15T17:28:02.825+0000] {spark_submit.py:641} INFO - 25/02/15 17:28:02 INFO BlockManagerMaster: Registered BlockManager BlockManagerId(driver, ***-airflow-scheduler, 33727, None)
[2025-02-15T17:28:02.827+0000] {spark_submit.py:641} INFO - 25/02/15 17:28:02 INFO BlockManager: Initialized BlockManager: BlockManagerId(driver, ***-airflow-scheduler, 33727, None)
[2025-02-15T17:28:09.830+0000] {spark_submit.py:641} INFO - ---------------- MENAMPILKAN DATASET ----------------
[2025-02-15T17:28:10.197+0000] {spark_submit.py:641} INFO - +-----------+-----------------+---------+---------------+------+-------------------+---------------+---+--------------------+-----------------+---------------------+----------+------------------+
[2025-02-15T17:28:10.198+0000] {spark_submit.py:641} INFO - |employee_id|       department|   region|      education|gender|recruitment_channel|no_of_trainings|age|previous_year_rating|length_of_service|KPIs_met_more_than_80|awards_won|avg_training_score|
[2025-02-15T17:28:10.200+0000] {spark_submit.py:641} INFO - +-----------+-----------------+---------+---------------+------+-------------------+---------------+---+--------------------+-----------------+---------------------+----------+------------------+
[2025-02-15T17:28:10.201+0000] {spark_submit.py:641} INFO - |       8724|       Technology|region_26|      Bachelors|     m|           sourcing|              1| 24|                null|                1|                    1|         0|                77|
[2025-02-15T17:28:10.202+0000] {spark_submit.py:641} INFO - |      74430|               HR| region_4|      Bachelors|     f|              other|              1| 31|                   3|                5|                    0|         0|                51|
[2025-02-15T17:28:10.203+0000] {spark_submit.py:641} INFO - |      72255|Sales & Marketing|region_13|      Bachelors|     m|              other|              1| 31|                   1|                4|                    0|         0|                47|
[2025-02-15T17:28:10.204+0000] {spark_submit.py:641} INFO - |      38562|      Procurement| region_2|      Bachelors|     f|              other|              3| 31|                   2|                9|                    0|         0|                65|
[2025-02-15T17:28:10.205+0000] {spark_submit.py:641} INFO - |      64486|          Finance|region_29|      Bachelors|     m|           sourcing|              1| 30|                   4|                7|                    0|         0|                61|
[2025-02-15T17:28:10.206+0000] {spark_submit.py:641} INFO - |      46232|      Procurement| region_7|      Bachelors|     m|           sourcing|              1| 36|                   3|                2|                    0|         0|                68|
[2025-02-15T17:28:10.206+0000] {spark_submit.py:641} INFO - |      54542|          Finance| region_2|      Bachelors|     m|              other|              1| 33|                   5|                3|                    1|         0|                57|
[2025-02-15T17:28:10.207+0000] {spark_submit.py:641} INFO - |      67269|        Analytics|region_22|      Bachelors|     m|           sourcing|              2| 36|                   3|                3|                    0|         0|                85|
[2025-02-15T17:28:10.208+0000] {spark_submit.py:641} INFO - |      66174|       Technology| region_7|Masters & above|     m|              other|              1| 51|                   4|               11|                    0|         0|                75|
[2025-02-15T17:28:10.209+0000] {spark_submit.py:641} INFO - |      76303|       Technology|region_22|      Bachelors|     m|           sourcing|              1| 29|                   5|                2|                    1|         0|                76|
[2025-02-15T17:28:10.209+0000] {spark_submit.py:641} INFO - +-----------+-----------------+---------+---------------+------+-------------------+---------------+---+--------------------+-----------------+---------------------+----------+------------------+
[2025-02-15T17:28:10.210+0000] {spark_submit.py:641} INFO - only showing top 10 rows
[2025-02-15T17:28:10.211+0000] {spark_submit.py:641} INFO - 
[2025-02-15T17:28:10.211+0000] {spark_submit.py:641} INFO - ---------------- MENAMPILKAN TIPE DATA AWAL ----------------
[2025-02-15T17:28:10.213+0000] {spark_submit.py:641} INFO - root
[2025-02-15T17:28:10.213+0000] {spark_submit.py:641} INFO - |-- employee_id: string (nullable = true)
[2025-02-15T17:28:10.214+0000] {spark_submit.py:641} INFO - |-- department: string (nullable = true)
[2025-02-15T17:28:10.215+0000] {spark_submit.py:641} INFO - |-- region: string (nullable = true)
[2025-02-15T17:28:10.216+0000] {spark_submit.py:641} INFO - |-- education: string (nullable = true)
[2025-02-15T17:28:10.217+0000] {spark_submit.py:641} INFO - |-- gender: string (nullable = true)
[2025-02-15T17:28:10.217+0000] {spark_submit.py:641} INFO - |-- recruitment_channel: string (nullable = true)
[2025-02-15T17:28:10.220+0000] {spark_submit.py:641} INFO - |-- no_of_trainings: string (nullable = true)
[2025-02-15T17:28:10.221+0000] {spark_submit.py:641} INFO - |-- age: string (nullable = true)
[2025-02-15T17:28:10.222+0000] {spark_submit.py:641} INFO - |-- previous_year_rating: string (nullable = true)
[2025-02-15T17:28:10.222+0000] {spark_submit.py:641} INFO - |-- length_of_service: string (nullable = true)
[2025-02-15T17:28:10.224+0000] {spark_submit.py:641} INFO - |-- KPIs_met_more_than_80: string (nullable = true)
[2025-02-15T17:28:10.225+0000] {spark_submit.py:641} INFO - |-- awards_won: string (nullable = true)
[2025-02-15T17:28:10.227+0000] {spark_submit.py:641} INFO - |-- avg_training_score: string (nullable = true)
[2025-02-15T17:28:10.228+0000] {spark_submit.py:641} INFO - 
[2025-02-15T17:28:10.356+0000] {spark_submit.py:641} INFO - ---------------- MENAMPILKAN TIPE DATA HASIL TRANSFORMASI ----------------
[2025-02-15T17:28:10.358+0000] {spark_submit.py:641} INFO - root
[2025-02-15T17:28:10.359+0000] {spark_submit.py:641} INFO - |-- employee_id: string (nullable = true)
[2025-02-15T17:28:10.360+0000] {spark_submit.py:641} INFO - |-- department: string (nullable = true)
[2025-02-15T17:28:10.361+0000] {spark_submit.py:641} INFO - |-- region: string (nullable = true)
[2025-02-15T17:28:10.362+0000] {spark_submit.py:641} INFO - |-- education: string (nullable = true)
[2025-02-15T17:28:10.364+0000] {spark_submit.py:641} INFO - |-- gender: string (nullable = true)
[2025-02-15T17:28:10.367+0000] {spark_submit.py:641} INFO - |-- recruitment_channel: string (nullable = true)
[2025-02-15T17:28:10.368+0000] {spark_submit.py:641} INFO - |-- no_of_trainings: integer (nullable = true)
[2025-02-15T17:28:10.370+0000] {spark_submit.py:641} INFO - |-- age: integer (nullable = true)
[2025-02-15T17:28:10.371+0000] {spark_submit.py:641} INFO - |-- previous_year_rating: integer (nullable = true)
[2025-02-15T17:28:10.372+0000] {spark_submit.py:641} INFO - |-- length_of_service: integer (nullable = true)
[2025-02-15T17:28:10.373+0000] {spark_submit.py:641} INFO - |-- KPIs_met_more_than_80: integer (nullable = true)
[2025-02-15T17:28:10.374+0000] {spark_submit.py:641} INFO - |-- awards_won: integer (nullable = true)
[2025-02-15T17:28:10.375+0000] {spark_submit.py:641} INFO - |-- avg_training_score: integer (nullable = true)
[2025-02-15T17:28:10.377+0000] {spark_submit.py:641} INFO - 
[2025-02-15T17:28:10.378+0000] {spark_submit.py:641} INFO - ---------------- MENAMPILKAN BANYAK DATA NULL DI SETIAP KOLOM ----------------
[2025-02-15T17:28:11.669+0000] {spark_submit.py:641} INFO - +----------------+---------------+-----------+--------------+-----------+------------------------+--------------------+--------+-------------------------+----------------------+--------------------------+---------------+-----------------------+
[2025-02-15T17:28:11.671+0000] {spark_submit.py:641} INFO - |employee_id_null|department_null|region_null|education_null|gender_null|recruitment_channel_null|no_of_trainings_null|age_null|previous_year_rating_null|length_of_service_null|KPIs_met_more_than_80_null|awards_won_null|avg_training_score_nuli|
[2025-02-15T17:28:11.672+0000] {spark_submit.py:641} INFO - +----------------+---------------+-----------+--------------+-----------+------------------------+--------------------+--------+-------------------------+----------------------+--------------------------+---------------+-----------------------+
[2025-02-15T17:28:11.674+0000] {spark_submit.py:641} INFO - |               0|              0|          0|           771|          0|                       0|                   0|       0|                     1363|                     0|                         0|              0|                      0|
[2025-02-15T17:28:11.675+0000] {spark_submit.py:641} INFO - +----------------+---------------+-----------+--------------+-----------+------------------------+--------------------+--------+-------------------------+----------------------+--------------------------+---------------+-----------------------+
[2025-02-15T17:28:11.676+0000] {spark_submit.py:641} INFO - 
[2025-02-15T17:28:11.677+0000] {spark_submit.py:641} INFO - ---------------- NULL HANDLING PADA KOLOM EDUCATION & PREVIOUS_YEAR_RATING ----------------
[2025-02-15T17:28:12.019+0000] {spark_submit.py:641} INFO - +--------------+-------------------------+
[2025-02-15T17:28:12.021+0000] {spark_submit.py:641} INFO - |education_null|previous_year_rating_null|
[2025-02-15T17:28:12.023+0000] {spark_submit.py:641} INFO - +--------------+-------------------------+
[2025-02-15T17:28:12.025+0000] {spark_submit.py:641} INFO - |             0|                        0|
[2025-02-15T17:28:12.027+0000] {spark_submit.py:641} INFO - +--------------+-------------------------+
[2025-02-15T17:28:12.028+0000] {spark_submit.py:641} INFO - 
[2025-02-15T17:28:12.030+0000] {spark_submit.py:641} INFO - ---------------- MENAMPILKAN BANYAK DATA DUPLIKAT BERDASARKAN EMPLOYEE_ID ----------------
[2025-02-15T17:28:13.136+0000] {spark_submit.py:641} INFO - +-----------+------+
[2025-02-15T17:28:13.138+0000] {spark_submit.py:641} INFO - |employee_id|jumlah|
[2025-02-15T17:28:13.140+0000] {spark_submit.py:641} INFO - +-----------+------+
[2025-02-15T17:28:13.144+0000] {spark_submit.py:641} INFO - |      64573|     2|
[2025-02-15T17:28:13.146+0000] {spark_submit.py:641} INFO - |      49584|     3|
[2025-02-15T17:28:13.148+0000] {spark_submit.py:641} INFO - +-----------+------+
[2025-02-15T17:28:13.149+0000] {spark_submit.py:641} INFO - 
[2025-02-15T17:28:13.151+0000] {spark_submit.py:641} INFO - ---------------- MENAMPILKAN SEMUA BARIS DAN KOLOM DARI EMPLOYEE ID YANG DUPLIKAT ----------------
[2025-02-15T17:28:13.803+0000] {spark_submit.py:641} INFO - +-----------+----------+--------+---------+------+-------------------+---------------+---+--------------------+-----------------+---------------------+----------+------------------+
[2025-02-15T17:28:13.820+0000] {spark_submit.py:641} INFO - |employee_id|department|  region|education|gender|recruitment_channel|no_of_trainings|age|previous_year_rating|length_of_service|KPIs_met_more_than_80|awards_won|avg_training_score|
[2025-02-15T17:28:13.839+0000] {spark_submit.py:641} INFO - +-----------+----------+--------+---------+------+-------------------+---------------+---+--------------------+-----------------+---------------------+----------+------------------+
[2025-02-15T17:28:13.842+0000] {spark_submit.py:641} INFO - |      49584|        HR|region_7|Bachelors|     m|              other|              1| 33|                   1|                9|                    0|         0|                51|
[2025-02-15T17:28:13.847+0000] {spark_submit.py:641} INFO - |      49584|        HR|region_7|Bachelors|     m|              other|              1| 33|                   1|                9|                    0|         0|                51|
[2025-02-15T17:28:13.863+0000] {spark_submit.py:641} INFO - |      49584|        HR|region_7|Bachelors|     m|              other|              1| 33|                   1|                9|                    0|         0|                51|
[2025-02-15T17:28:13.870+0000] {spark_submit.py:641} INFO - |      64573|Technology|region_7|Bachelors|     f|           referred|              2| 30|                   5|                6|                    1|         0|                81|
[2025-02-15T17:28:13.882+0000] {spark_submit.py:641} INFO - |      64573|        HR|region_7|Bachelors|     f|           referred|              1| 35|                   5|                4|                    1|         0|                81|
[2025-02-15T17:28:13.886+0000] {spark_submit.py:641} INFO - +-----------+----------+--------+---------+------+-------------------+---------------+---+--------------------+-----------------+---------------------+----------+------------------+
[2025-02-15T17:28:13.913+0000] {spark_submit.py:641} INFO - 
[2025-02-15T17:28:13.921+0000] {spark_submit.py:641} INFO - ---------------- MENAMPILKAN HASIL DARI DATA DUPLIKASI YANG TELAH DIHANDLE BERDASARKAN KOLOM EMPLOYEE_ID DAN DEPARTMENT ----------------
[2025-02-15T17:28:15.015+0000] {spark_submit.py:641} INFO - +-----------+----------+--------+---------+------+-------------------+---------------+---+--------------------+-----------------+---------------------+----------+------------------+
[2025-02-15T17:28:15.019+0000] {spark_submit.py:641} INFO - |employee_id|department|  region|education|gender|recruitment_channel|no_of_trainings|age|previous_year_rating|length_of_service|KPIs_met_more_than_80|awards_won|avg_training_score|
[2025-02-15T17:28:15.022+0000] {spark_submit.py:641} INFO - +-----------+----------+--------+---------+------+-------------------+---------------+---+--------------------+-----------------+---------------------+----------+------------------+
[2025-02-15T17:28:15.024+0000] {spark_submit.py:641} INFO - |      49584|        HR|region_7|Bachelors|     m|              other|              1| 33|                   1|                9|                    0|         0|                51|
[2025-02-15T17:28:15.026+0000] {spark_submit.py:641} INFO - |      64573|        HR|region_7|Bachelors|     f|           referred|              1| 35|                   5|                4|                    1|         0|                81|
[2025-02-15T17:28:15.027+0000] {spark_submit.py:641} INFO - |      64573|Technology|region_7|Bachelors|     f|           referred|              2| 30|                   5|                6|                    1|         0|                81|
[2025-02-15T17:28:15.028+0000] {spark_submit.py:641} INFO - +-----------+----------+--------+---------+------+-------------------+---------------+---+--------------------+-----------------+---------------------+----------+------------------+
[2025-02-15T17:28:15.030+0000] {spark_submit.py:641} INFO - 
[2025-02-15T17:28:21.747+0000] {spark_submit.py:641} INFO - ---------------- MENAMPILKAN DATA HASIL TRANSFORMASI YANG SUDAH DILOAD KE POSTGRES ----------------
[2025-02-15T17:28:21.951+0000] {spark_submit.py:641} INFO - +-----------+-----------------+---------+---------------+------+-------------------+---------------+---+--------------------+-----------------+---------------------+----------+------------------+
[2025-02-15T17:28:21.954+0000] {spark_submit.py:641} INFO - |employee_id|       department|   region|      education|gender|recruitment_channel|no_of_trainings|age|previous_year_rating|length_of_service|KPIs_met_more_than_80|awards_won|avg_training_score|
[2025-02-15T17:28:21.956+0000] {spark_submit.py:641} INFO - +-----------+-----------------+---------+---------------+------+-------------------+---------------+---+--------------------+-----------------+---------------------+----------+------------------+
[2025-02-15T17:28:21.958+0000] {spark_submit.py:641} INFO - |      10009|Sales & Marketing| region_2|        unknown|     m|           sourcing|              2| 21|                   0|                1|                    0|         0|                52|
[2025-02-15T17:28:21.960+0000] {spark_submit.py:641} INFO - |       1001|            Legal| region_2|      Bachelors|     m|              other|              1| 31|                   0|                1|                    0|         0|                58|
[2025-02-15T17:28:21.963+0000] {spark_submit.py:641} INFO - |      10012|            Legal|region_22|      Bachelors|     m|           sourcing|              1| 28|                   5|                4|                    1|         0|                60|
[2025-02-15T17:28:21.964+0000] {spark_submit.py:641} INFO - |      10019|Sales & Marketing|region_18|      Bachelors|     m|           sourcing|              1| 28|                   0|                1|                    0|         0|                44|
[2025-02-15T17:28:21.966+0000] {spark_submit.py:641} INFO - |      10021|Sales & Marketing|region_15|      Bachelors|     f|           sourcing|              1| 41|                   1|                7|                    1|         0|                47|
[2025-02-15T17:28:21.968+0000] {spark_submit.py:641} INFO - |      10024|       Technology| region_2|Below Secondary|     f|              other|              1| 22|                   0|                1|                    1|         0|                82|
[2025-02-15T17:28:21.969+0000] {spark_submit.py:641} INFO - |       1003|               HR| region_2|Masters & above|     m|              other|              1| 39|                   4|                8|                    0|         0|                49|
[2025-02-15T17:28:21.971+0000] {spark_submit.py:641} INFO - |      10034|               HR| region_2|      Bachelors|     f|           referred|              1| 25|                   0|                1|                    1|         0|                55|
[2025-02-15T17:28:21.972+0000] {spark_submit.py:641} INFO - |      10035|       Operations| region_2|Masters & above|     m|           sourcing|              2| 44|                   5|                7|                    1|         0|                61|
[2025-02-15T17:28:21.973+0000] {spark_submit.py:641} INFO - |      10036|       Technology|region_26|Masters & above|     m|              other|              1| 40|                   5|                4|                    1|         0|                78|
[2025-02-15T17:28:21.975+0000] {spark_submit.py:641} INFO - |      10038|      Procurement|region_29|      Bachelors|     f|              other|              1| 31|                   4|                3|                    0|         0|                71|
[2025-02-15T17:28:21.977+0000] {spark_submit.py:641} INFO - |      10043|       Operations|region_13|Masters & above|     m|              other|              1| 52|                   5|               17|                    0|         0|                70|
[2025-02-15T17:28:21.978+0000] {spark_submit.py:641} INFO - |      10048|       Operations| region_2|Masters & above|     f|           sourcing|              1| 38|                   5|                4|                    1|         0|                58|
[2025-02-15T17:28:21.980+0000] {spark_submit.py:641} INFO - |      10050|            Legal| region_2|      Bachelors|     m|           sourcing|              1| 46|                   5|                6|                    0|         0|                61|
[2025-02-15T17:28:21.981+0000] {spark_submit.py:641} INFO - |      10055|Sales & Marketing| region_2|        unknown|     m|              other|              1| 27|                   1|                4|                    0|         0|                49|
[2025-02-15T17:28:21.982+0000] {spark_submit.py:641} INFO - |      10059|        Analytics|region_34|      Bachelors|     m|           sourcing|              3| 27|                   3|                2|                    0|         0|                83|
[2025-02-15T17:28:21.983+0000] {spark_submit.py:641} INFO - |      10076|Sales & Marketing| region_2|      Bachelors|     f|           sourcing|              1| 27|                   1|                3|                    0|         0|                44|
[2025-02-15T17:28:21.985+0000] {spark_submit.py:641} INFO - |      10077|Sales & Marketing|region_22|      Bachelors|     m|           sourcing|              2| 31|                   2|                3|                    0|         0|                46|
[2025-02-15T17:28:21.986+0000] {spark_submit.py:641} INFO - |      10088|               HR| region_2|      Bachelors|     m|           sourcing|              1| 35|                   1|                3|                    1|         0|                48|
[2025-02-15T17:28:21.987+0000] {spark_submit.py:641} INFO - |       1009|       Operations| region_4|Masters & above|     m|           sourcing|              1| 48|                   3|               16|                    0|         0|                61|
[2025-02-15T17:28:21.989+0000] {spark_submit.py:641} INFO - +-----------+-----------------+---------+---------------+------+-------------------+---------------+---+--------------------+-----------------+---------------------+----------+------------------+
[2025-02-15T17:28:21.990+0000] {spark_submit.py:641} INFO - only showing top 20 rows
[2025-02-15T17:28:21.991+0000] {spark_submit.py:641} INFO - 
[2025-02-15T17:28:22.379+0000] {taskinstance.py:340} INFO - ::group::Post task execution logs
[2025-02-15T17:28:22.381+0000] {taskinstance.py:352} INFO - Marking task as SUCCESS. dag_id=***_elt_dag, task_id=etl_task, run_id=manual__2025-02-15T17:26:01.560267+00:00, execution_date=20250215T172601, start_date=20250215T172603, end_date=20250215T172822
[2025-02-15T17:28:22.454+0000] {local_task_job_runner.py:266} INFO - Task exited with return code 0
[2025-02-15T17:28:22.483+0000] {taskinstance.py:3895} INFO - 0 downstream tasks scheduled from follow-on schedule check
[2025-02-15T17:28:22.485+0000] {local_task_job_runner.py:245} INFO - ::endgroup::
