[2025-02-21T09:52:42.315+0000] {local_task_job_runner.py:123} INFO - ::group::Pre task execution logs
[2025-02-21T09:52:42.342+0000] {taskinstance.py:2614} INFO - Dependencies all met for dep_context=non-requeueable deps ti=<TaskInstance: finprode8_v2_etl_dag.transform_task manual__2025-02-21T09:21:09.662952+00:00 [queued]>
[2025-02-21T09:52:42.358+0000] {taskinstance.py:2614} INFO - Dependencies all met for dep_context=requeueable deps ti=<TaskInstance: finprode8_v2_etl_dag.transform_task manual__2025-02-21T09:21:09.662952+00:00 [queued]>
[2025-02-21T09:52:42.359+0000] {taskinstance.py:2867} INFO - Starting attempt 14 of 14
[2025-02-21T09:52:42.375+0000] {taskinstance.py:2890} INFO - Executing <Task(SparkSubmitOperator): transform_task> on 2025-02-21 09:21:09.662952+00:00
[2025-02-21T09:52:42.381+0000] {standard_task_runner.py:72} INFO - Started process 9155 to run task
[2025-02-21T09:52:42.384+0000] {standard_task_runner.py:104} INFO - Running: ['airflow', 'tasks', 'run', '***_v2_etl_dag', 'transform_task', 'manual__2025-02-21T09:21:09.662952+00:00', '--job-id', '161', '--raw', '--subdir', 'DAGS_FOLDER/***_v2_etl_dag.py', '--cfg-path', '/tmp/tmpg013xfq_']
[2025-02-21T09:52:42.391+0000] {standard_task_runner.py:105} INFO - Job 161: Subtask transform_task
[2025-02-21T09:52:42.411+0000] {logging_mixin.py:190} WARNING - /home/airflow/.local/lib/python3.9/site-packages/airflow/settings.py:209 DeprecationWarning: The sql_alchemy_conn option in [core] has been moved to the sql_alchemy_conn option in [database] - the old setting has been used, but please update your config.
[2025-02-21T09:52:42.458+0000] {task_command.py:467} INFO - Running <TaskInstance: finprode8_v2_etl_dag.transform_task manual__2025-02-21T09:21:09.662952+00:00 [running]> on host ***-airflow-scheduler
[2025-02-21T09:52:42.584+0000] {taskinstance.py:3134} INFO - Exporting env vars: AIRFLOW_CTX_DAG_OWNER='ratih malini' AIRFLOW_CTX_DAG_ID='***_v2_etl_dag' AIRFLOW_CTX_TASK_ID='transform_task' AIRFLOW_CTX_EXECUTION_DATE='2025-02-21T09:21:09.662952+00:00' AIRFLOW_CTX_TRY_NUMBER='14' AIRFLOW_CTX_DAG_RUN_ID='manual__2025-02-21T09:21:09.662952+00:00'
[2025-02-21T09:52:42.586+0000] {taskinstance.py:732} INFO - ::endgroup::
[2025-02-21T09:52:42.618+0000] {base.py:84} INFO - Retrieving connection 'spark_main'
[2025-02-21T09:52:42.620+0000] {spark_submit.py:474} INFO - Spark-Submit cmd: spark-submit --master spark://***-spark-master:7077 --packages org.postgresql:postgresql:42.2.18 --name arrow-spark /spark-scripts/***_v2_transform.py
[2025-02-21T09:52:44.789+0000] {spark_submit.py:641} INFO - :: loading settings :: url = jar:file:/home/airflow/.local/lib/python3.9/site-packages/pyspark/jars/ivy-2.5.1.jar!/org/apache/ivy/core/settings/ivysettings.xml
[2025-02-21T09:52:44.923+0000] {spark_submit.py:641} INFO - Ivy Default Cache set to: /home/airflow/.ivy2/cache
[2025-02-21T09:52:44.925+0000] {spark_submit.py:641} INFO - The jars for the packages stored in: /home/airflow/.ivy2/jars
[2025-02-21T09:52:44.929+0000] {spark_submit.py:641} INFO - org.postgresql#postgresql added as a dependency
[2025-02-21T09:52:44.931+0000] {spark_submit.py:641} INFO - :: resolving dependencies :: org.apache.spark#spark-submit-parent-708d21fd-1c0a-46f4-9bfe-4609a84fd1d6;1.0
[2025-02-21T09:52:44.934+0000] {spark_submit.py:641} INFO - confs: [default]
[2025-02-21T09:52:45.096+0000] {spark_submit.py:641} INFO - found org.postgresql#postgresql;42.2.18 in central
[2025-02-21T09:52:45.119+0000] {spark_submit.py:641} INFO - found org.checkerframework#checker-qual;3.5.0 in central
[2025-02-21T09:52:45.136+0000] {spark_submit.py:641} INFO - :: resolution report :: resolve 199ms :: artifacts dl 8ms
[2025-02-21T09:52:45.138+0000] {spark_submit.py:641} INFO - :: modules in use:
[2025-02-21T09:52:45.140+0000] {spark_submit.py:641} INFO - org.checkerframework#checker-qual;3.5.0 from central in [default]
[2025-02-21T09:52:45.141+0000] {spark_submit.py:641} INFO - org.postgresql#postgresql;42.2.18 from central in [default]
[2025-02-21T09:52:45.143+0000] {spark_submit.py:641} INFO - ---------------------------------------------------------------------
[2025-02-21T09:52:45.144+0000] {spark_submit.py:641} INFO - |                  |            modules            ||   artifacts   |
[2025-02-21T09:52:45.145+0000] {spark_submit.py:641} INFO - |       conf       | number| search|dwnlded|evicted|| number|dwnlded|
[2025-02-21T09:52:45.146+0000] {spark_submit.py:641} INFO - ---------------------------------------------------------------------
[2025-02-21T09:52:45.148+0000] {spark_submit.py:641} INFO - |      default     |   2   |   0   |   0   |   0   ||   2   |   0   |
[2025-02-21T09:52:45.150+0000] {spark_submit.py:641} INFO - ---------------------------------------------------------------------
[2025-02-21T09:52:45.151+0000] {spark_submit.py:641} INFO - :: retrieving :: org.apache.spark#spark-submit-parent-708d21fd-1c0a-46f4-9bfe-4609a84fd1d6
[2025-02-21T09:52:45.153+0000] {spark_submit.py:641} INFO - confs: [default]
[2025-02-21T09:52:45.155+0000] {spark_submit.py:641} INFO - 0 artifacts copied, 2 already retrieved (0kB/5ms)
[2025-02-21T09:52:45.415+0000] {spark_submit.py:641} INFO - 25/02/21 09:52:45 WARN NativeCodeLoader: Unable to load native-hadoop library for your platform... using builtin-java classes where applicable
[2025-02-21T09:52:47.963+0000] {spark_submit.py:641} INFO - 25/02/21 09:52:47 INFO SparkContext: Running Spark version 3.3.2
[2025-02-21T09:52:48.000+0000] {spark_submit.py:641} INFO - 25/02/21 09:52:47 INFO ResourceUtils: ==============================================================
[2025-02-21T09:52:48.008+0000] {spark_submit.py:641} INFO - 25/02/21 09:52:48 INFO ResourceUtils: No custom resources configured for spark.driver.
[2025-02-21T09:52:48.012+0000] {spark_submit.py:641} INFO - 25/02/21 09:52:48 INFO ResourceUtils: ==============================================================
[2025-02-21T09:52:48.013+0000] {spark_submit.py:641} INFO - 25/02/21 09:52:48 INFO SparkContext: Submitted application: ***_transform
[2025-02-21T09:52:48.050+0000] {spark_submit.py:641} INFO - 25/02/21 09:52:48 INFO ResourceProfile: Default ResourceProfile created, executor resources: Map(cores -> name: cores, amount: 1, script: , vendor: , memory -> name: memory, amount: 1024, script: , vendor: , offHeap -> name: offHeap, amount: 0, script: , vendor: ), task resources: Map(cpus -> name: cpus, amount: 1.0)
[2025-02-21T09:52:48.060+0000] {spark_submit.py:641} INFO - 25/02/21 09:52:48 INFO ResourceProfile: Limiting resource is cpu
[2025-02-21T09:52:48.062+0000] {spark_submit.py:641} INFO - 25/02/21 09:52:48 INFO ResourceProfileManager: Added ResourceProfile id: 0
[2025-02-21T09:52:48.117+0000] {spark_submit.py:641} INFO - 25/02/21 09:52:48 INFO SecurityManager: Changing view acls to: airflow
[2025-02-21T09:52:48.119+0000] {spark_submit.py:641} INFO - 25/02/21 09:52:48 INFO SecurityManager: Changing modify acls to: airflow
[2025-02-21T09:52:48.120+0000] {spark_submit.py:641} INFO - 25/02/21 09:52:48 INFO SecurityManager: Changing view acls groups to:
[2025-02-21T09:52:48.122+0000] {spark_submit.py:641} INFO - 25/02/21 09:52:48 INFO SecurityManager: Changing modify acls groups to:
[2025-02-21T09:52:48.123+0000] {spark_submit.py:641} INFO - 25/02/21 09:52:48 INFO SecurityManager: SecurityManager: authentication disabled; ui acls disabled; users  with view permissions: Set(airflow); groups with view permissions: Set(); users  with modify permissions: Set(airflow); groups with modify permissions: Set()
[2025-02-21T09:52:48.402+0000] {spark_submit.py:641} INFO - 25/02/21 09:52:48 INFO Utils: Successfully started service 'sparkDriver' on port 38925.
[2025-02-21T09:52:48.440+0000] {spark_submit.py:641} INFO - 25/02/21 09:52:48 INFO SparkEnv: Registering MapOutputTracker
[2025-02-21T09:52:48.486+0000] {spark_submit.py:641} INFO - 25/02/21 09:52:48 INFO SparkEnv: Registering BlockManagerMaster
[2025-02-21T09:52:48.516+0000] {spark_submit.py:641} INFO - 25/02/21 09:52:48 INFO BlockManagerMasterEndpoint: Using org.apache.spark.storage.DefaultTopologyMapper for getting topology information
[2025-02-21T09:52:48.518+0000] {spark_submit.py:641} INFO - 25/02/21 09:52:48 INFO BlockManagerMasterEndpoint: BlockManagerMasterEndpoint up
[2025-02-21T09:52:48.527+0000] {spark_submit.py:641} INFO - 25/02/21 09:52:48 INFO SparkEnv: Registering BlockManagerMasterHeartbeat
[2025-02-21T09:52:48.564+0000] {spark_submit.py:641} INFO - 25/02/21 09:52:48 INFO DiskBlockManager: Created local directory at /tmp/blockmgr-bf4695b0-eeec-483d-9149-c2637dffd63c
[2025-02-21T09:52:48.585+0000] {spark_submit.py:641} INFO - 25/02/21 09:52:48 INFO MemoryStore: MemoryStore started with capacity 434.4 MiB
[2025-02-21T09:52:48.605+0000] {spark_submit.py:641} INFO - 25/02/21 09:52:48 INFO SparkEnv: Registering OutputCommitCoordinator
[2025-02-21T09:52:48.861+0000] {spark_submit.py:641} INFO - 25/02/21 09:52:48 INFO Utils: Successfully started service 'SparkUI' on port 4040.
[2025-02-21T09:52:48.924+0000] {spark_submit.py:641} INFO - 25/02/21 09:52:48 INFO SparkContext: Added JAR /spark-scripts/jars/postgresql-42.2.18.jar at spark://***-airflow-scheduler:38925/jars/postgresql-42.2.18.jar with timestamp 1740131567954
[2025-02-21T09:52:48.928+0000] {spark_submit.py:641} INFO - 25/02/21 09:52:48 INFO SparkContext: Added file file:///home/airflow/.ivy2/jars/org.postgresql_postgresql-42.2.18.jar at file:///home/airflow/.ivy2/jars/org.postgresql_postgresql-42.2.18.jar with timestamp 1740131567954
[2025-02-21T09:52:48.930+0000] {spark_submit.py:641} INFO - 25/02/21 09:52:48 INFO Utils: Copying /home/airflow/.ivy2/jars/org.postgresql_postgresql-42.2.18.jar to /tmp/spark-72f14c20-62c4-42d7-8567-be6cd4156ab7/userFiles-7d120d31-2d25-4957-9dc6-54c76e4c9d1f/org.postgresql_postgresql-42.2.18.jar
[2025-02-21T09:52:48.947+0000] {spark_submit.py:641} INFO - 25/02/21 09:52:48 INFO SparkContext: Added file file:///home/airflow/.ivy2/jars/org.checkerframework_checker-qual-3.5.0.jar at file:///home/airflow/.ivy2/jars/org.checkerframework_checker-qual-3.5.0.jar with timestamp 1740131567954
[2025-02-21T09:52:48.949+0000] {spark_submit.py:641} INFO - 25/02/21 09:52:48 INFO Utils: Copying /home/airflow/.ivy2/jars/org.checkerframework_checker-qual-3.5.0.jar to /tmp/spark-72f14c20-62c4-42d7-8567-be6cd4156ab7/userFiles-7d120d31-2d25-4957-9dc6-54c76e4c9d1f/org.checkerframework_checker-qual-3.5.0.jar
[2025-02-21T09:52:49.027+0000] {spark_submit.py:641} INFO - 25/02/21 09:52:49 INFO Executor: Starting executor ID driver on host ***-airflow-scheduler
[2025-02-21T09:52:49.034+0000] {spark_submit.py:641} INFO - 25/02/21 09:52:49 INFO Executor: Starting executor with user classpath (userClassPathFirst = false): ''
[2025-02-21T09:52:49.047+0000] {spark_submit.py:641} INFO - 25/02/21 09:52:49 INFO Executor: Fetching file:///home/airflow/.ivy2/jars/org.postgresql_postgresql-42.2.18.jar with timestamp 1740131567954
[2025-02-21T09:52:49.068+0000] {spark_submit.py:641} INFO - 25/02/21 09:52:49 INFO Utils: /home/airflow/.ivy2/jars/org.postgresql_postgresql-42.2.18.jar has been previously copied to /tmp/spark-72f14c20-62c4-42d7-8567-be6cd4156ab7/userFiles-7d120d31-2d25-4957-9dc6-54c76e4c9d1f/org.postgresql_postgresql-42.2.18.jar
[2025-02-21T09:52:49.074+0000] {spark_submit.py:641} INFO - 25/02/21 09:52:49 INFO Executor: Fetching file:///home/airflow/.ivy2/jars/org.checkerframework_checker-qual-3.5.0.jar with timestamp 1740131567954
[2025-02-21T09:52:49.076+0000] {spark_submit.py:641} INFO - 25/02/21 09:52:49 INFO Utils: /home/airflow/.ivy2/jars/org.checkerframework_checker-qual-3.5.0.jar has been previously copied to /tmp/spark-72f14c20-62c4-42d7-8567-be6cd4156ab7/userFiles-7d120d31-2d25-4957-9dc6-54c76e4c9d1f/org.checkerframework_checker-qual-3.5.0.jar
[2025-02-21T09:52:49.082+0000] {spark_submit.py:641} INFO - 25/02/21 09:52:49 INFO Executor: Fetching spark://***-airflow-scheduler:38925/jars/postgresql-42.2.18.jar with timestamp 1740131567954
[2025-02-21T09:52:49.122+0000] {spark_submit.py:641} INFO - 25/02/21 09:52:49 INFO TransportClientFactory: Successfully created connection to ***-airflow-scheduler/172.19.0.6:38925 after 27 ms (0 ms spent in bootstraps)
[2025-02-21T09:52:49.127+0000] {spark_submit.py:641} INFO - 25/02/21 09:52:49 INFO Utils: Fetching spark://***-airflow-scheduler:38925/jars/postgresql-42.2.18.jar to /tmp/spark-72f14c20-62c4-42d7-8567-be6cd4156ab7/userFiles-7d120d31-2d25-4957-9dc6-54c76e4c9d1f/fetchFileTemp15863027630919544297.tmp
[2025-02-21T09:52:49.199+0000] {spark_submit.py:641} INFO - 25/02/21 09:52:49 INFO Executor: Adding file:/tmp/spark-72f14c20-62c4-42d7-8567-be6cd4156ab7/userFiles-7d120d31-2d25-4957-9dc6-54c76e4c9d1f/postgresql-42.2.18.jar to class loader
[2025-02-21T09:52:49.207+0000] {spark_submit.py:641} INFO - 25/02/21 09:52:49 INFO Utils: Successfully started service 'org.apache.spark.network.netty.NettyBlockTransferService' on port 33007.
[2025-02-21T09:52:49.208+0000] {spark_submit.py:641} INFO - 25/02/21 09:52:49 INFO NettyBlockTransferService: Server created on ***-airflow-scheduler:33007
[2025-02-21T09:52:49.209+0000] {spark_submit.py:641} INFO - 25/02/21 09:52:49 INFO BlockManager: Using org.apache.spark.storage.RandomBlockReplicationPolicy for block replication policy
[2025-02-21T09:52:49.218+0000] {spark_submit.py:641} INFO - 25/02/21 09:52:49 INFO BlockManagerMaster: Registering BlockManager BlockManagerId(driver, ***-airflow-scheduler, 33007, None)
[2025-02-21T09:52:49.223+0000] {spark_submit.py:641} INFO - 25/02/21 09:52:49 INFO BlockManagerMasterEndpoint: Registering block manager ***-airflow-scheduler:33007 with 434.4 MiB RAM, BlockManagerId(driver, ***-airflow-scheduler, 33007, None)
[2025-02-21T09:52:49.225+0000] {spark_submit.py:641} INFO - 25/02/21 09:52:49 INFO BlockManagerMaster: Registered BlockManager BlockManagerId(driver, ***-airflow-scheduler, 33007, None)
[2025-02-21T09:52:49.227+0000] {spark_submit.py:641} INFO - 25/02/21 09:52:49 INFO BlockManager: Initialized BlockManager: BlockManagerId(driver, ***-airflow-scheduler, 33007, None)
[2025-02-21T09:52:53.473+0000] {spark_submit.py:641} INFO - ---------------- MENAMPILKAN BANYAK DATA NULL DI SETIAP KOLOM ----------------
[2025-02-21T09:52:55.454+0000] {spark_submit.py:641} INFO - +----------------+---------------+-----------+--------------+-----------+------------------------+--------------------+--------+-------------------------+----------------------+--------------------------+---------------+-----------------------+
[2025-02-21T09:52:55.456+0000] {spark_submit.py:641} INFO - |employee_id_null|department_null|region_null|education_null|gender_null|recruitment_channel_null|no_of_trainings_null|age_null|previous_year_rating_null|length_of_service_null|KPIs_met_more_than_80_null|awards_won_null|avg_training_score_nuli|
[2025-02-21T09:52:55.458+0000] {spark_submit.py:641} INFO - +----------------+---------------+-----------+--------------+-----------+------------------------+--------------------+--------+-------------------------+----------------------+--------------------------+---------------+-----------------------+
[2025-02-21T09:52:55.459+0000] {spark_submit.py:641} INFO - |               0|              0|          0|           771|          0|                       0|                   0|       0|                     1363|                     0|                         0|              0|                      0|
[2025-02-21T09:52:55.461+0000] {spark_submit.py:641} INFO - +----------------+---------------+-----------+--------------+-----------+------------------------+--------------------+--------+-------------------------+----------------------+--------------------------+---------------+-----------------------+
[2025-02-21T09:52:55.463+0000] {spark_submit.py:641} INFO - 
[2025-02-21T09:52:55.464+0000] {spark_submit.py:641} INFO - ---------------- NULL HANDLING PADA KOLOM EDUCATION & PREVIOUS_YEAR_RATING ----------------
[2025-02-21T09:52:55.714+0000] {spark_submit.py:641} INFO - +--------------+-------------------------+
[2025-02-21T09:52:55.718+0000] {spark_submit.py:641} INFO - |education_null|previous_year_rating_null|
[2025-02-21T09:52:55.719+0000] {spark_submit.py:641} INFO - +--------------+-------------------------+
[2025-02-21T09:52:55.721+0000] {spark_submit.py:641} INFO - |             0|                        0|
[2025-02-21T09:52:55.722+0000] {spark_submit.py:641} INFO - +--------------+-------------------------+
[2025-02-21T09:52:55.723+0000] {spark_submit.py:641} INFO - 
[2025-02-21T09:52:55.724+0000] {spark_submit.py:641} INFO - ---------------- MENAMPILKAN BANYAK DATA DUPLIKAT BERDASARKAN EMPLOYEE_ID ----------------
[2025-02-21T09:52:56.455+0000] {spark_submit.py:641} INFO - +-----------+------+
[2025-02-21T09:52:56.458+0000] {spark_submit.py:641} INFO - |employee_id|jumlah|
[2025-02-21T09:52:56.459+0000] {spark_submit.py:641} INFO - +-----------+------+
[2025-02-21T09:52:56.461+0000] {spark_submit.py:641} INFO - |      64573|     2|
[2025-02-21T09:52:56.462+0000] {spark_submit.py:641} INFO - |      49584|     3|
[2025-02-21T09:52:56.464+0000] {spark_submit.py:641} INFO - +-----------+------+
[2025-02-21T09:52:56.465+0000] {spark_submit.py:641} INFO - 
[2025-02-21T09:52:56.467+0000] {spark_submit.py:641} INFO - ---------------- MENAMPILKAN SEMUA BARIS DAN KOLOM DARI EMPLOYEE ID YANG DUPLIKAT ----------------
[2025-02-21T09:52:56.838+0000] {spark_submit.py:641} INFO - +-----------+----------+--------+---------+------+-------------------+---------------+---+--------------------+-----------------+---------------------+----------+------------------+
[2025-02-21T09:52:56.840+0000] {spark_submit.py:641} INFO - |employee_id|department|  region|education|gender|recruitment_channel|no_of_trainings|age|previous_year_rating|length_of_service|KPIs_met_more_than_80|awards_won|avg_training_score|
[2025-02-21T09:52:56.843+0000] {spark_submit.py:641} INFO - +-----------+----------+--------+---------+------+-------------------+---------------+---+--------------------+-----------------+---------------------+----------+------------------+
[2025-02-21T09:52:56.844+0000] {spark_submit.py:641} INFO - |      49584|        HR|region_7|Bachelors|     m|              other|              1| 33|                   1|                9|                    0|         0|                51|
[2025-02-21T09:52:56.845+0000] {spark_submit.py:641} INFO - |      49584|        HR|region_7|Bachelors|     m|              other|              1| 33|                   1|                9|                    0|         0|                51|
[2025-02-21T09:52:56.846+0000] {spark_submit.py:641} INFO - |      49584|        HR|region_7|Bachelors|     m|              other|              1| 33|                   1|                9|                    0|         0|                51|
[2025-02-21T09:52:56.847+0000] {spark_submit.py:641} INFO - |      64573|Technology|region_7|Bachelors|     f|           referred|              2| 30|                   5|                6|                    1|         0|                81|
[2025-02-21T09:52:56.848+0000] {spark_submit.py:641} INFO - |      64573|        HR|region_7|Bachelors|     f|           referred|              1| 35|                   5|                4|                    1|         0|                81|
[2025-02-21T09:52:56.849+0000] {spark_submit.py:641} INFO - +-----------+----------+--------+---------+------+-------------------+---------------+---+--------------------+-----------------+---------------------+----------+------------------+
[2025-02-21T09:52:56.850+0000] {spark_submit.py:641} INFO - 
[2025-02-21T09:52:56.851+0000] {spark_submit.py:641} INFO - ---------------- MENAMPILKAN HASIL DARI DATA DUPLIKASI YANG TELAH DIHANDLE BERDASARKAN KOLOM EMPLOYEE_ID DAN DEPARTMENT ----------------
[2025-02-21T09:52:57.370+0000] {spark_submit.py:641} INFO - +-----------+----------+--------+---------+------+-------------------+---------------+---+--------------------+-----------------+---------------------+----------+------------------+
[2025-02-21T09:52:57.372+0000] {spark_submit.py:641} INFO - |employee_id|department|  region|education|gender|recruitment_channel|no_of_trainings|age|previous_year_rating|length_of_service|KPIs_met_more_than_80|awards_won|avg_training_score|
[2025-02-21T09:52:57.374+0000] {spark_submit.py:641} INFO - +-----------+----------+--------+---------+------+-------------------+---------------+---+--------------------+-----------------+---------------------+----------+------------------+
[2025-02-21T09:52:57.376+0000] {spark_submit.py:641} INFO - |      49584|        HR|region_7|Bachelors|     m|              other|              1| 33|                   1|                9|                    0|         0|                51|
[2025-02-21T09:52:57.377+0000] {spark_submit.py:641} INFO - |      64573|        HR|region_7|Bachelors|     f|           referred|              1| 35|                   5|                4|                    1|         0|                81|
[2025-02-21T09:52:57.379+0000] {spark_submit.py:641} INFO - |      64573|Technology|region_7|Bachelors|     f|           referred|              2| 30|                   5|                6|                    1|         0|                81|
[2025-02-21T09:52:57.380+0000] {spark_submit.py:641} INFO - +-----------+----------+--------+---------+------+-------------------+---------------+---+--------------------+-----------------+---------------------+----------+------------------+
[2025-02-21T09:52:57.381+0000] {spark_submit.py:641} INFO - 
[2025-02-21T09:52:58.536+0000] {spark_submit.py:641} INFO - ---------------- MENAMPILKAN DATA HASIL TRASNFORMASI ----------------
[2025-02-21T09:52:58.983+0000] {spark_submit.py:641} INFO - +-----------+-----------------+---------+---------------+------+-------------------+---------------+---+--------------------+-----------------+---------------------+----------+------------------+
[2025-02-21T09:52:58.985+0000] {spark_submit.py:641} INFO - |employee_id|       department|   region|      education|gender|recruitment_channel|no_of_trainings|age|previous_year_rating|length_of_service|KPIs_met_more_than_80|awards_won|avg_training_score|
[2025-02-21T09:52:58.986+0000] {spark_submit.py:641} INFO - +-----------+-----------------+---------+---------------+------+-------------------+---------------+---+--------------------+-----------------+---------------------+----------+------------------+
[2025-02-21T09:52:58.987+0000] {spark_submit.py:641} INFO - |          3|      Procurement|region_22|Masters & above|     f|              other|              1| 38|                   5|                4|                    1|         0|                67|
[2025-02-21T09:52:58.988+0000] {spark_submit.py:641} INFO - |          6|Sales & Marketing|region_15|      Bachelors|     f|              other|              1| 38|                   3|               10|                    0|         0|                50|
[2025-02-21T09:52:58.989+0000] {spark_submit.py:641} INFO - |         11|       Technology| region_4|Masters & above|     f|           sourcing|              1| 39|                   4|               12|                    1|         0|                72|
[2025-02-21T09:52:58.990+0000] {spark_submit.py:641} INFO - |         13|Sales & Marketing|region_17|      Bachelors|     m|              other|              1| 38|                   1|                5|                    1|         0|                47|
[2025-02-21T09:52:58.990+0000] {spark_submit.py:641} INFO - |         16|Sales & Marketing| region_4|Masters & above|     m|           sourcing|              1| 40|                   5|                5|                    0|         0|                53|
[2025-02-21T09:52:58.991+0000] {spark_submit.py:641} INFO - +-----------+-----------------+---------+---------------+------+-------------------+---------------+---+--------------------+-----------------+---------------------+----------+------------------+
[2025-02-21T09:52:58.992+0000] {spark_submit.py:641} INFO - only showing top 5 rows
[2025-02-21T09:52:58.995+0000] {spark_submit.py:641} INFO - 
[2025-02-21T09:52:59.244+0000] {spark_submit.py:641} INFO - Jumlah baris dalam DataFrame : 17415
[2025-02-21T09:52:59.245+0000] {spark_submit.py:641} INFO - Isi folder data/transformed.parquet :
[2025-02-21T09:52:59.247+0000] {spark_submit.py:641} INFO - ['part-00000-7feaa847-2e4b-4199-addf-e8ead6956016-c000.snappy.parquet', '_SUCCESS', '.part-00000-7feaa847-2e4b-4199-addf-e8ead6956016-c000.snappy.parquet.crc', '._SUCCESS.crc']
[2025-02-21T09:52:59.248+0000] {spark_submit.py:641} INFO - Transform data berhasil.
[2025-02-21T09:52:59.662+0000] {taskinstance.py:341} INFO - ::group::Post task execution logs
[2025-02-21T09:52:59.665+0000] {taskinstance.py:353} INFO - Marking task as SUCCESS. dag_id=***_v2_etl_dag, task_id=transform_task, run_id=manual__2025-02-21T09:21:09.662952+00:00, execution_date=20250221T092109, start_date=20250221T095242, end_date=20250221T095259
[2025-02-21T09:52:59.731+0000] {local_task_job_runner.py:266} INFO - Task exited with return code 0
[2025-02-21T09:52:59.768+0000] {taskinstance.py:3901} INFO - 1 downstream tasks scheduled from follow-on schedule check
[2025-02-21T09:52:59.772+0000] {local_task_job_runner.py:245} INFO - ::endgroup::
