[2025-02-21T09:41:06.529+0000] {local_task_job_runner.py:123} INFO - ::group::Pre task execution logs
[2025-02-21T09:41:06.557+0000] {taskinstance.py:2614} INFO - Dependencies all met for dep_context=non-requeueable deps ti=<TaskInstance: finprode8_v2_etl_dag.transform_task manual__2025-02-21T09:21:09.662952+00:00 [queued]>
[2025-02-21T09:41:06.572+0000] {taskinstance.py:2614} INFO - Dependencies all met for dep_context=requeueable deps ti=<TaskInstance: finprode8_v2_etl_dag.transform_task manual__2025-02-21T09:21:09.662952+00:00 [queued]>
[2025-02-21T09:41:06.574+0000] {taskinstance.py:2867} INFO - Starting attempt 9 of 9
[2025-02-21T09:41:06.593+0000] {taskinstance.py:2890} INFO - Executing <Task(SparkSubmitOperator): transform_task> on 2025-02-21 09:21:09.662952+00:00
[2025-02-21T09:41:06.599+0000] {standard_task_runner.py:72} INFO - Started process 5722 to run task
[2025-02-21T09:41:06.603+0000] {standard_task_runner.py:104} INFO - Running: ['airflow', 'tasks', 'run', '***_v2_etl_dag', 'transform_task', 'manual__2025-02-21T09:21:09.662952+00:00', '--job-id', '146', '--raw', '--subdir', 'DAGS_FOLDER/***_v2_etl_dag.py', '--cfg-path', '/tmp/tmpjmzkwjdi']
[2025-02-21T09:41:06.611+0000] {standard_task_runner.py:105} INFO - Job 146: Subtask transform_task
[2025-02-21T09:41:06.633+0000] {logging_mixin.py:190} WARNING - /home/airflow/.local/lib/python3.9/site-packages/airflow/settings.py:209 DeprecationWarning: The sql_alchemy_conn option in [core] has been moved to the sql_alchemy_conn option in [database] - the old setting has been used, but please update your config.
[2025-02-21T09:41:06.679+0000] {task_command.py:467} INFO - Running <TaskInstance: finprode8_v2_etl_dag.transform_task manual__2025-02-21T09:21:09.662952+00:00 [running]> on host ***-airflow-scheduler
[2025-02-21T09:41:06.785+0000] {taskinstance.py:3134} INFO - Exporting env vars: AIRFLOW_CTX_DAG_OWNER='ratih malini' AIRFLOW_CTX_DAG_ID='***_v2_etl_dag' AIRFLOW_CTX_TASK_ID='transform_task' AIRFLOW_CTX_EXECUTION_DATE='2025-02-21T09:21:09.662952+00:00' AIRFLOW_CTX_TRY_NUMBER='9' AIRFLOW_CTX_DAG_RUN_ID='manual__2025-02-21T09:21:09.662952+00:00'
[2025-02-21T09:41:06.788+0000] {taskinstance.py:732} INFO - ::endgroup::
[2025-02-21T09:41:06.817+0000] {base.py:84} INFO - Retrieving connection 'spark_main'
[2025-02-21T09:41:06.819+0000] {spark_submit.py:474} INFO - Spark-Submit cmd: spark-submit --master spark://***-spark-master:7077 --name arrow-spark /spark-scripts/***_v2_transform.py
[2025-02-21T09:41:09.366+0000] {spark_submit.py:641} INFO - 25/02/21 09:41:09 INFO SparkContext: Running Spark version 3.3.2
[2025-02-21T09:41:09.426+0000] {spark_submit.py:641} INFO - 25/02/21 09:41:09 WARN NativeCodeLoader: Unable to load native-hadoop library for your platform... using builtin-java classes where applicable
[2025-02-21T09:41:09.522+0000] {spark_submit.py:641} INFO - 25/02/21 09:41:09 INFO ResourceUtils: ==============================================================
[2025-02-21T09:41:09.525+0000] {spark_submit.py:641} INFO - 25/02/21 09:41:09 INFO ResourceUtils: No custom resources configured for spark.driver.
[2025-02-21T09:41:09.527+0000] {spark_submit.py:641} INFO - 25/02/21 09:41:09 INFO ResourceUtils: ==============================================================
[2025-02-21T09:41:09.528+0000] {spark_submit.py:641} INFO - 25/02/21 09:41:09 INFO SparkContext: Submitted application: ***_transform
[2025-02-21T09:41:09.549+0000] {spark_submit.py:641} INFO - 25/02/21 09:41:09 INFO ResourceProfile: Default ResourceProfile created, executor resources: Map(cores -> name: cores, amount: 1, script: , vendor: , memory -> name: memory, amount: 1024, script: , vendor: , offHeap -> name: offHeap, amount: 0, script: , vendor: ), task resources: Map(cpus -> name: cpus, amount: 1.0)
[2025-02-21T09:41:09.561+0000] {spark_submit.py:641} INFO - 25/02/21 09:41:09 INFO ResourceProfile: Limiting resource is cpu
[2025-02-21T09:41:09.563+0000] {spark_submit.py:641} INFO - 25/02/21 09:41:09 INFO ResourceProfileManager: Added ResourceProfile id: 0
[2025-02-21T09:41:09.631+0000] {spark_submit.py:641} INFO - 25/02/21 09:41:09 INFO SecurityManager: Changing view acls to: airflow
[2025-02-21T09:41:09.633+0000] {spark_submit.py:641} INFO - 25/02/21 09:41:09 INFO SecurityManager: Changing modify acls to: airflow
[2025-02-21T09:41:09.635+0000] {spark_submit.py:641} INFO - 25/02/21 09:41:09 INFO SecurityManager: Changing view acls groups to:
[2025-02-21T09:41:09.638+0000] {spark_submit.py:641} INFO - 25/02/21 09:41:09 INFO SecurityManager: Changing modify acls groups to:
[2025-02-21T09:41:09.639+0000] {spark_submit.py:641} INFO - 25/02/21 09:41:09 INFO SecurityManager: SecurityManager: authentication disabled; ui acls disabled; users  with view permissions: Set(airflow); groups with view permissions: Set(); users  with modify permissions: Set(airflow); groups with modify permissions: Set()
[2025-02-21T09:41:09.873+0000] {spark_submit.py:641} INFO - 25/02/21 09:41:09 INFO Utils: Successfully started service 'sparkDriver' on port 37539.
[2025-02-21T09:41:09.900+0000] {spark_submit.py:641} INFO - 25/02/21 09:41:09 INFO SparkEnv: Registering MapOutputTracker
[2025-02-21T09:41:09.932+0000] {spark_submit.py:641} INFO - 25/02/21 09:41:09 INFO SparkEnv: Registering BlockManagerMaster
[2025-02-21T09:41:09.949+0000] {spark_submit.py:641} INFO - 25/02/21 09:41:09 INFO BlockManagerMasterEndpoint: Using org.apache.spark.storage.DefaultTopologyMapper for getting topology information
[2025-02-21T09:41:09.951+0000] {spark_submit.py:641} INFO - 25/02/21 09:41:09 INFO BlockManagerMasterEndpoint: BlockManagerMasterEndpoint up
[2025-02-21T09:41:09.954+0000] {spark_submit.py:641} INFO - 25/02/21 09:41:09 INFO SparkEnv: Registering BlockManagerMasterHeartbeat
[2025-02-21T09:41:09.977+0000] {spark_submit.py:641} INFO - 25/02/21 09:41:09 INFO DiskBlockManager: Created local directory at /tmp/blockmgr-bf43eafa-c7d2-4f53-9deb-7b5ab44fc108
[2025-02-21T09:41:09.998+0000] {spark_submit.py:641} INFO - 25/02/21 09:41:09 INFO MemoryStore: MemoryStore started with capacity 434.4 MiB
[2025-02-21T09:41:10.014+0000] {spark_submit.py:641} INFO - 25/02/21 09:41:10 INFO SparkEnv: Registering OutputCommitCoordinator
[2025-02-21T09:41:10.203+0000] {spark_submit.py:641} INFO - 25/02/21 09:41:10 INFO Utils: Successfully started service 'SparkUI' on port 4040.
[2025-02-21T09:41:10.248+0000] {spark_submit.py:641} INFO - 25/02/21 09:41:10 INFO SparkContext: Added JAR /spark-scripts/jars/postgresql-42.2.18.jar at spark://***-airflow-scheduler:37539/jars/postgresql-42.2.18.jar with timestamp 1740130869356
[2025-02-21T09:41:10.320+0000] {spark_submit.py:641} INFO - 25/02/21 09:41:10 INFO Executor: Starting executor ID driver on host ***-airflow-scheduler
[2025-02-21T09:41:10.332+0000] {spark_submit.py:641} INFO - 25/02/21 09:41:10 INFO Executor: Starting executor with user classpath (userClassPathFirst = false): ''
[2025-02-21T09:41:10.345+0000] {spark_submit.py:641} INFO - 25/02/21 09:41:10 INFO Executor: Fetching spark://***-airflow-scheduler:37539/jars/postgresql-42.2.18.jar with timestamp 1740130869356
[2025-02-21T09:41:10.390+0000] {spark_submit.py:641} INFO - 25/02/21 09:41:10 INFO TransportClientFactory: Successfully created connection to ***-airflow-scheduler/172.19.0.6:37539 after 23 ms (0 ms spent in bootstraps)
[2025-02-21T09:41:10.396+0000] {spark_submit.py:641} INFO - 25/02/21 09:41:10 INFO Utils: Fetching spark://***-airflow-scheduler:37539/jars/postgresql-42.2.18.jar to /tmp/spark-038176c8-83f4-41b7-bfb7-63175e9b4896/userFiles-038e12af-b385-4544-89ac-507a95db48f1/fetchFileTemp17500175012777167603.tmp
[2025-02-21T09:41:10.467+0000] {spark_submit.py:641} INFO - 25/02/21 09:41:10 INFO Executor: Adding file:/tmp/spark-038176c8-83f4-41b7-bfb7-63175e9b4896/userFiles-038e12af-b385-4544-89ac-507a95db48f1/postgresql-42.2.18.jar to class loader
[2025-02-21T09:41:10.479+0000] {spark_submit.py:641} INFO - 25/02/21 09:41:10 INFO Utils: Successfully started service 'org.apache.spark.network.netty.NettyBlockTransferService' on port 44691.
[2025-02-21T09:41:10.481+0000] {spark_submit.py:641} INFO - 25/02/21 09:41:10 INFO NettyBlockTransferService: Server created on ***-airflow-scheduler:44691
[2025-02-21T09:41:10.484+0000] {spark_submit.py:641} INFO - 25/02/21 09:41:10 INFO BlockManager: Using org.apache.spark.storage.RandomBlockReplicationPolicy for block replication policy
[2025-02-21T09:41:10.497+0000] {spark_submit.py:641} INFO - 25/02/21 09:41:10 INFO BlockManagerMaster: Registering BlockManager BlockManagerId(driver, ***-airflow-scheduler, 44691, None)
[2025-02-21T09:41:10.501+0000] {spark_submit.py:641} INFO - 25/02/21 09:41:10 INFO BlockManagerMasterEndpoint: Registering block manager ***-airflow-scheduler:44691 with 434.4 MiB RAM, BlockManagerId(driver, ***-airflow-scheduler, 44691, None)
[2025-02-21T09:41:10.507+0000] {spark_submit.py:641} INFO - 25/02/21 09:41:10 INFO BlockManagerMaster: Registered BlockManager BlockManagerId(driver, ***-airflow-scheduler, 44691, None)
[2025-02-21T09:41:10.510+0000] {spark_submit.py:641} INFO - 25/02/21 09:41:10 INFO BlockManager: Initialized BlockManager: BlockManagerId(driver, ***-airflow-scheduler, 44691, None)
[2025-02-21T09:41:13.870+0000] {spark_submit.py:641} INFO - ---------------- MENAMPILKAN BANYAK DATA NULL DI SETIAP KOLOM ----------------
[2025-02-21T09:41:15.681+0000] {spark_submit.py:641} INFO - +----------------+---------------+-----------+--------------+-----------+------------------------+--------------------+--------+-------------------------+----------------------+--------------------------+---------------+-----------------------+
[2025-02-21T09:41:15.682+0000] {spark_submit.py:641} INFO - |employee_id_null|department_null|region_null|education_null|gender_null|recruitment_channel_null|no_of_trainings_null|age_null|previous_year_rating_null|length_of_service_null|KPIs_met_more_than_80_null|awards_won_null|avg_training_score_nuli|
[2025-02-21T09:41:15.684+0000] {spark_submit.py:641} INFO - +----------------+---------------+-----------+--------------+-----------+------------------------+--------------------+--------+-------------------------+----------------------+--------------------------+---------------+-----------------------+
[2025-02-21T09:41:15.686+0000] {spark_submit.py:641} INFO - |               0|              0|          0|           771|          0|                       0|                   0|       0|                     1363|                     0|                         0|              0|                      0|
[2025-02-21T09:41:15.689+0000] {spark_submit.py:641} INFO - +----------------+---------------+-----------+--------------+-----------+------------------------+--------------------+--------+-------------------------+----------------------+--------------------------+---------------+-----------------------+
[2025-02-21T09:41:15.690+0000] {spark_submit.py:641} INFO - 
[2025-02-21T09:41:15.691+0000] {spark_submit.py:641} INFO - ---------------- NULL HANDLING PADA KOLOM EDUCATION & PREVIOUS_YEAR_RATING ----------------
[2025-02-21T09:41:15.922+0000] {spark_submit.py:641} INFO - +--------------+-------------------------+
[2025-02-21T09:41:15.924+0000] {spark_submit.py:641} INFO - |education_null|previous_year_rating_null|
[2025-02-21T09:41:15.925+0000] {spark_submit.py:641} INFO - +--------------+-------------------------+
[2025-02-21T09:41:15.926+0000] {spark_submit.py:641} INFO - |             0|                        0|
[2025-02-21T09:41:15.927+0000] {spark_submit.py:641} INFO - +--------------+-------------------------+
[2025-02-21T09:41:15.928+0000] {spark_submit.py:641} INFO - 
[2025-02-21T09:41:15.930+0000] {spark_submit.py:641} INFO - ---------------- MENAMPILKAN BANYAK DATA DUPLIKAT BERDASARKAN EMPLOYEE_ID ----------------
[2025-02-21T09:41:16.657+0000] {spark_submit.py:641} INFO - +-----------+------+
[2025-02-21T09:41:16.658+0000] {spark_submit.py:641} INFO - |employee_id|jumlah|
[2025-02-21T09:41:16.659+0000] {spark_submit.py:641} INFO - +-----------+------+
[2025-02-21T09:41:16.661+0000] {spark_submit.py:641} INFO - |      64573|     2|
[2025-02-21T09:41:16.662+0000] {spark_submit.py:641} INFO - |      49584|     3|
[2025-02-21T09:41:16.663+0000] {spark_submit.py:641} INFO - +-----------+------+
[2025-02-21T09:41:16.664+0000] {spark_submit.py:641} INFO - 
[2025-02-21T09:41:16.665+0000] {spark_submit.py:641} INFO - ---------------- MENAMPILKAN SEMUA BARIS DAN KOLOM DARI EMPLOYEE ID YANG DUPLIKAT ----------------
[2025-02-21T09:41:16.966+0000] {spark_submit.py:641} INFO - +-----------+----------+--------+---------+------+-------------------+---------------+---+--------------------+-----------------+---------------------+----------+------------------+
[2025-02-21T09:41:16.968+0000] {spark_submit.py:641} INFO - |employee_id|department|  region|education|gender|recruitment_channel|no_of_trainings|age|previous_year_rating|length_of_service|KPIs_met_more_than_80|awards_won|avg_training_score|
[2025-02-21T09:41:16.969+0000] {spark_submit.py:641} INFO - +-----------+----------+--------+---------+------+-------------------+---------------+---+--------------------+-----------------+---------------------+----------+------------------+
[2025-02-21T09:41:16.972+0000] {spark_submit.py:641} INFO - |      49584|        HR|region_7|Bachelors|     m|              other|              1| 33|                   1|                9|                    0|         0|                51|
[2025-02-21T09:41:16.974+0000] {spark_submit.py:641} INFO - |      49584|        HR|region_7|Bachelors|     m|              other|              1| 33|                   1|                9|                    0|         0|                51|
[2025-02-21T09:41:16.975+0000] {spark_submit.py:641} INFO - |      49584|        HR|region_7|Bachelors|     m|              other|              1| 33|                   1|                9|                    0|         0|                51|
[2025-02-21T09:41:16.977+0000] {spark_submit.py:641} INFO - |      64573|Technology|region_7|Bachelors|     f|           referred|              2| 30|                   5|                6|                    1|         0|                81|
[2025-02-21T09:41:16.978+0000] {spark_submit.py:641} INFO - |      64573|        HR|region_7|Bachelors|     f|           referred|              1| 35|                   5|                4|                    1|         0|                81|
[2025-02-21T09:41:16.979+0000] {spark_submit.py:641} INFO - +-----------+----------+--------+---------+------+-------------------+---------------+---+--------------------+-----------------+---------------------+----------+------------------+
[2025-02-21T09:41:16.981+0000] {spark_submit.py:641} INFO - 
[2025-02-21T09:41:16.982+0000] {spark_submit.py:641} INFO - ---------------- MENAMPILKAN HASIL DARI DATA DUPLIKASI YANG TELAH DIHANDLE BERDASARKAN KOLOM EMPLOYEE_ID DAN DEPARTMENT ----------------
[2025-02-21T09:41:17.478+0000] {spark_submit.py:641} INFO - +-----------+----------+--------+---------+------+-------------------+---------------+---+--------------------+-----------------+---------------------+----------+------------------+
[2025-02-21T09:41:17.480+0000] {spark_submit.py:641} INFO - |employee_id|department|  region|education|gender|recruitment_channel|no_of_trainings|age|previous_year_rating|length_of_service|KPIs_met_more_than_80|awards_won|avg_training_score|
[2025-02-21T09:41:17.481+0000] {spark_submit.py:641} INFO - +-----------+----------+--------+---------+------+-------------------+---------------+---+--------------------+-----------------+---------------------+----------+------------------+
[2025-02-21T09:41:17.482+0000] {spark_submit.py:641} INFO - |      49584|        HR|region_7|Bachelors|     m|              other|              1| 33|                   1|                9|                    0|         0|                51|
[2025-02-21T09:41:17.484+0000] {spark_submit.py:641} INFO - |      64573|        HR|region_7|Bachelors|     f|           referred|              1| 35|                   5|                4|                    1|         0|                81|
[2025-02-21T09:41:17.485+0000] {spark_submit.py:641} INFO - |      64573|Technology|region_7|Bachelors|     f|           referred|              2| 30|                   5|                6|                    1|         0|                81|
[2025-02-21T09:41:17.487+0000] {spark_submit.py:641} INFO - +-----------+----------+--------+---------+------+-------------------+---------------+---+--------------------+-----------------+---------------------+----------+------------------+
[2025-02-21T09:41:17.489+0000] {spark_submit.py:641} INFO - 
[2025-02-21T09:41:18.512+0000] {spark_submit.py:641} INFO - ---------------- MENAMPILKAN DATA HASIL TRASNFORMASI ----------------
[2025-02-21T09:41:18.908+0000] {spark_submit.py:641} INFO - +-----------+-----------------+---------+---------------+------+-------------------+---------------+---+--------------------+-----------------+---------------------+----------+------------------+
[2025-02-21T09:41:18.910+0000] {spark_submit.py:641} INFO - |employee_id|       department|   region|      education|gender|recruitment_channel|no_of_trainings|age|previous_year_rating|length_of_service|KPIs_met_more_than_80|awards_won|avg_training_score|
[2025-02-21T09:41:18.911+0000] {spark_submit.py:641} INFO - +-----------+-----------------+---------+---------------+------+-------------------+---------------+---+--------------------+-----------------+---------------------+----------+------------------+
[2025-02-21T09:41:18.913+0000] {spark_submit.py:641} INFO - |          3|      Procurement|region_22|Masters & above|     f|              other|              1| 38|                   5|                4|                    1|         0|                67|
[2025-02-21T09:41:18.915+0000] {spark_submit.py:641} INFO - |          6|Sales & Marketing|region_15|      Bachelors|     f|              other|              1| 38|                   3|               10|                    0|         0|                50|
[2025-02-21T09:41:18.917+0000] {spark_submit.py:641} INFO - |         11|       Technology| region_4|Masters & above|     f|           sourcing|              1| 39|                   4|               12|                    1|         0|                72|
[2025-02-21T09:41:18.919+0000] {spark_submit.py:641} INFO - |         13|Sales & Marketing|region_17|      Bachelors|     m|              other|              1| 38|                   1|                5|                    1|         0|                47|
[2025-02-21T09:41:18.920+0000] {spark_submit.py:641} INFO - |         16|Sales & Marketing| region_4|Masters & above|     m|           sourcing|              1| 40|                   5|                5|                    0|         0|                53|
[2025-02-21T09:41:18.922+0000] {spark_submit.py:641} INFO - +-----------+-----------------+---------+---------------+------+-------------------+---------------+---+--------------------+-----------------+---------------------+----------+------------------+
[2025-02-21T09:41:18.924+0000] {spark_submit.py:641} INFO - only showing top 5 rows
[2025-02-21T09:41:18.925+0000] {spark_submit.py:641} INFO - 
[2025-02-21T09:41:19.206+0000] {spark_submit.py:641} INFO - Jumlah baris dalam DataFrame : 17415
[2025-02-21T09:41:19.208+0000] {spark_submit.py:641} INFO - Isi folder data/transformed.parquet :
[2025-02-21T09:41:19.210+0000] {spark_submit.py:641} INFO - ['part-00000-77d98c04-5d66-4761-a1de-ae673e18a8de-c000.snappy.parquet', '_SUCCESS', '.part-00000-77d98c04-5d66-4761-a1de-ae673e18a8de-c000.snappy.parquet.crc', '._SUCCESS.crc']
[2025-02-21T09:41:19.211+0000] {spark_submit.py:641} INFO - Transform data berhasil.
[2025-02-21T09:41:19.407+0000] {taskinstance.py:341} INFO - ::group::Post task execution logs
[2025-02-21T09:41:19.409+0000] {taskinstance.py:353} INFO - Marking task as SUCCESS. dag_id=***_v2_etl_dag, task_id=transform_task, run_id=manual__2025-02-21T09:21:09.662952+00:00, execution_date=20250221T092109, start_date=20250221T094106, end_date=20250221T094119
[2025-02-21T09:41:19.449+0000] {local_task_job_runner.py:266} INFO - Task exited with return code 0
[2025-02-21T09:41:19.480+0000] {taskinstance.py:3901} INFO - 1 downstream tasks scheduled from follow-on schedule check
[2025-02-21T09:41:19.484+0000] {local_task_job_runner.py:245} INFO - ::endgroup::
