[2025-02-21T09:30:23.968+0000] {local_task_job_runner.py:123} INFO - ::group::Pre task execution logs
[2025-02-21T09:30:23.994+0000] {taskinstance.py:2614} INFO - Dependencies all met for dep_context=non-requeueable deps ti=<TaskInstance: finprode8_v2_etl_dag.transform_task manual__2025-02-21T09:21:09.662952+00:00 [queued]>
[2025-02-21T09:30:24.008+0000] {taskinstance.py:2614} INFO - Dependencies all met for dep_context=requeueable deps ti=<TaskInstance: finprode8_v2_etl_dag.transform_task manual__2025-02-21T09:21:09.662952+00:00 [queued]>
[2025-02-21T09:30:24.011+0000] {taskinstance.py:2867} INFO - Starting attempt 3 of 3
[2025-02-21T09:30:24.030+0000] {taskinstance.py:2890} INFO - Executing <Task(SparkSubmitOperator): transform_task> on 2025-02-21 09:21:09.662952+00:00
[2025-02-21T09:30:24.035+0000] {standard_task_runner.py:72} INFO - Started process 1942 to run task
[2025-02-21T09:30:24.039+0000] {standard_task_runner.py:104} INFO - Running: ['airflow', 'tasks', 'run', '***_v2_etl_dag', 'transform_task', 'manual__2025-02-21T09:21:09.662952+00:00', '--job-id', '128', '--raw', '--subdir', 'DAGS_FOLDER/***_v2_etl_dag.py', '--cfg-path', '/tmp/tmpyg_qkwld']
[2025-02-21T09:30:24.046+0000] {standard_task_runner.py:105} INFO - Job 128: Subtask transform_task
[2025-02-21T09:30:24.065+0000] {logging_mixin.py:190} WARNING - /home/airflow/.local/lib/python3.9/site-packages/airflow/settings.py:209 DeprecationWarning: The sql_alchemy_conn option in [core] has been moved to the sql_alchemy_conn option in [database] - the old setting has been used, but please update your config.
[2025-02-21T09:30:24.107+0000] {task_command.py:467} INFO - Running <TaskInstance: finprode8_v2_etl_dag.transform_task manual__2025-02-21T09:21:09.662952+00:00 [running]> on host ***-airflow-scheduler
[2025-02-21T09:30:24.208+0000] {taskinstance.py:3134} INFO - Exporting env vars: AIRFLOW_CTX_DAG_OWNER='ratih malini' AIRFLOW_CTX_DAG_ID='***_v2_etl_dag' AIRFLOW_CTX_TASK_ID='transform_task' AIRFLOW_CTX_EXECUTION_DATE='2025-02-21T09:21:09.662952+00:00' AIRFLOW_CTX_TRY_NUMBER='3' AIRFLOW_CTX_DAG_RUN_ID='manual__2025-02-21T09:21:09.662952+00:00'
[2025-02-21T09:30:24.210+0000] {taskinstance.py:732} INFO - ::endgroup::
[2025-02-21T09:30:24.244+0000] {base.py:84} INFO - Retrieving connection 'spark_main'
[2025-02-21T09:30:24.246+0000] {spark_submit.py:474} INFO - Spark-Submit cmd: spark-submit --master spark://***-spark-master:7077 --packages org.postgresql:postgresql:42.2.18 --name arrow-spark /spark-scripts/***_v2_transform.py
[2025-02-21T09:30:26.347+0000] {spark_submit.py:641} INFO - :: loading settings :: url = jar:file:/home/airflow/.local/lib/python3.9/site-packages/pyspark/jars/ivy-2.5.1.jar!/org/apache/ivy/core/settings/ivysettings.xml
[2025-02-21T09:30:26.968+0000] {spark_submit.py:641} INFO - Ivy Default Cache set to: /home/airflow/.ivy2/cache
[2025-02-21T09:30:26.969+0000] {spark_submit.py:641} INFO - The jars for the packages stored in: /home/airflow/.ivy2/jars
[2025-02-21T09:30:26.973+0000] {spark_submit.py:641} INFO - org.postgresql#postgresql added as a dependency
[2025-02-21T09:30:26.975+0000] {spark_submit.py:641} INFO - :: resolving dependencies :: org.apache.spark#spark-submit-parent-0cd072e4-0178-4b58-b2e8-ff9d6eea09d2;1.0
[2025-02-21T09:30:26.976+0000] {spark_submit.py:641} INFO - confs: [default]
[2025-02-21T09:30:27.124+0000] {spark_submit.py:641} INFO - found org.postgresql#postgresql;42.2.18 in central
[2025-02-21T09:30:27.148+0000] {spark_submit.py:641} INFO - found org.checkerframework#checker-qual;3.5.0 in central
[2025-02-21T09:30:27.167+0000] {spark_submit.py:641} INFO - :: resolution report :: resolve 186ms :: artifacts dl 7ms
[2025-02-21T09:30:27.169+0000] {spark_submit.py:641} INFO - :: modules in use:
[2025-02-21T09:30:27.170+0000] {spark_submit.py:641} INFO - org.checkerframework#checker-qual;3.5.0 from central in [default]
[2025-02-21T09:30:27.171+0000] {spark_submit.py:641} INFO - org.postgresql#postgresql;42.2.18 from central in [default]
[2025-02-21T09:30:27.172+0000] {spark_submit.py:641} INFO - ---------------------------------------------------------------------
[2025-02-21T09:30:27.174+0000] {spark_submit.py:641} INFO - |                  |            modules            ||   artifacts   |
[2025-02-21T09:30:27.175+0000] {spark_submit.py:641} INFO - |       conf       | number| search|dwnlded|evicted|| number|dwnlded|
[2025-02-21T09:30:27.176+0000] {spark_submit.py:641} INFO - ---------------------------------------------------------------------
[2025-02-21T09:30:27.178+0000] {spark_submit.py:641} INFO - |      default     |   2   |   0   |   0   |   0   ||   2   |   0   |
[2025-02-21T09:30:27.179+0000] {spark_submit.py:641} INFO - ---------------------------------------------------------------------
[2025-02-21T09:30:27.797+0000] {spark_submit.py:641} INFO - :: retrieving :: org.apache.spark#spark-submit-parent-0cd072e4-0178-4b58-b2e8-ff9d6eea09d2
[2025-02-21T09:30:27.799+0000] {spark_submit.py:641} INFO - confs: [default]
[2025-02-21T09:30:27.800+0000] {spark_submit.py:641} INFO - 0 artifacts copied, 2 already retrieved (0kB/6ms)
[2025-02-21T09:30:28.077+0000] {spark_submit.py:641} INFO - 25/02/21 09:30:28 WARN NativeCodeLoader: Unable to load native-hadoop library for your platform... using builtin-java classes where applicable
[2025-02-21T09:30:29.421+0000] {spark_submit.py:641} INFO - 25/02/21 09:30:29 INFO SparkContext: Running Spark version 3.3.2
[2025-02-21T09:30:29.448+0000] {spark_submit.py:641} INFO - 25/02/21 09:30:29 INFO ResourceUtils: ==============================================================
[2025-02-21T09:30:29.450+0000] {spark_submit.py:641} INFO - 25/02/21 09:30:29 INFO ResourceUtils: No custom resources configured for spark.driver.
[2025-02-21T09:30:29.453+0000] {spark_submit.py:641} INFO - 25/02/21 09:30:29 INFO ResourceUtils: ==============================================================
[2025-02-21T09:30:29.454+0000] {spark_submit.py:641} INFO - 25/02/21 09:30:29 INFO SparkContext: Submitted application: ***_transform
[2025-02-21T09:30:29.472+0000] {spark_submit.py:641} INFO - 25/02/21 09:30:29 INFO ResourceProfile: Default ResourceProfile created, executor resources: Map(cores -> name: cores, amount: 1, script: , vendor: , memory -> name: memory, amount: 1024, script: , vendor: , offHeap -> name: offHeap, amount: 0, script: , vendor: ), task resources: Map(cpus -> name: cpus, amount: 1.0)
[2025-02-21T09:30:29.480+0000] {spark_submit.py:641} INFO - 25/02/21 09:30:29 INFO ResourceProfile: Limiting resource is cpu
[2025-02-21T09:30:29.482+0000] {spark_submit.py:641} INFO - 25/02/21 09:30:29 INFO ResourceProfileManager: Added ResourceProfile id: 0
[2025-02-21T09:30:29.530+0000] {spark_submit.py:641} INFO - 25/02/21 09:30:29 INFO SecurityManager: Changing view acls to: airflow
[2025-02-21T09:30:29.533+0000] {spark_submit.py:641} INFO - 25/02/21 09:30:29 INFO SecurityManager: Changing modify acls to: airflow
[2025-02-21T09:30:29.535+0000] {spark_submit.py:641} INFO - 25/02/21 09:30:29 INFO SecurityManager: Changing view acls groups to:
[2025-02-21T09:30:29.537+0000] {spark_submit.py:641} INFO - 25/02/21 09:30:29 INFO SecurityManager: Changing modify acls groups to:
[2025-02-21T09:30:29.538+0000] {spark_submit.py:641} INFO - 25/02/21 09:30:29 INFO SecurityManager: SecurityManager: authentication disabled; ui acls disabled; users  with view permissions: Set(airflow); groups with view permissions: Set(); users  with modify permissions: Set(airflow); groups with modify permissions: Set()
[2025-02-21T09:30:29.748+0000] {spark_submit.py:641} INFO - 25/02/21 09:30:29 INFO Utils: Successfully started service 'sparkDriver' on port 42843.
[2025-02-21T09:30:29.772+0000] {spark_submit.py:641} INFO - 25/02/21 09:30:29 INFO SparkEnv: Registering MapOutputTracker
[2025-02-21T09:30:29.807+0000] {spark_submit.py:641} INFO - 25/02/21 09:30:29 INFO SparkEnv: Registering BlockManagerMaster
[2025-02-21T09:30:29.831+0000] {spark_submit.py:641} INFO - 25/02/21 09:30:29 INFO BlockManagerMasterEndpoint: Using org.apache.spark.storage.DefaultTopologyMapper for getting topology information
[2025-02-21T09:30:29.833+0000] {spark_submit.py:641} INFO - 25/02/21 09:30:29 INFO BlockManagerMasterEndpoint: BlockManagerMasterEndpoint up
[2025-02-21T09:30:29.840+0000] {spark_submit.py:641} INFO - 25/02/21 09:30:29 INFO SparkEnv: Registering BlockManagerMasterHeartbeat
[2025-02-21T09:30:29.861+0000] {spark_submit.py:641} INFO - 25/02/21 09:30:29 INFO DiskBlockManager: Created local directory at /tmp/blockmgr-ccfdfbb7-af09-4e67-8a64-d1c860ffdaa9
[2025-02-21T09:30:29.879+0000] {spark_submit.py:641} INFO - 25/02/21 09:30:29 INFO MemoryStore: MemoryStore started with capacity 434.4 MiB
[2025-02-21T09:30:29.897+0000] {spark_submit.py:641} INFO - 25/02/21 09:30:29 INFO SparkEnv: Registering OutputCommitCoordinator
[2025-02-21T09:30:30.080+0000] {spark_submit.py:641} INFO - 25/02/21 09:30:30 INFO Utils: Successfully started service 'SparkUI' on port 4040.
[2025-02-21T09:30:30.134+0000] {spark_submit.py:641} INFO - 25/02/21 09:30:30 INFO SparkContext: Added JAR /spark-scripts/jars/postgresql-42.2.18.jar at spark://***-airflow-scheduler:42843/jars/postgresql-42.2.18.jar with timestamp 1740130229413
[2025-02-21T09:30:30.136+0000] {spark_submit.py:641} INFO - 25/02/21 09:30:30 INFO SparkContext: Added file file:///home/airflow/.ivy2/jars/org.postgresql_postgresql-42.2.18.jar at file:///home/airflow/.ivy2/jars/org.postgresql_postgresql-42.2.18.jar with timestamp 1740130229413
[2025-02-21T09:30:30.138+0000] {spark_submit.py:641} INFO - 25/02/21 09:30:30 INFO Utils: Copying /home/airflow/.ivy2/jars/org.postgresql_postgresql-42.2.18.jar to /tmp/spark-48f0de91-b35b-4dbc-b604-1488b229daa3/userFiles-1ebadd72-72d6-4fed-8920-f37d2e3afe5f/org.postgresql_postgresql-42.2.18.jar
[2025-02-21T09:30:30.151+0000] {spark_submit.py:641} INFO - 25/02/21 09:30:30 INFO SparkContext: Added file file:///home/airflow/.ivy2/jars/org.checkerframework_checker-qual-3.5.0.jar at file:///home/airflow/.ivy2/jars/org.checkerframework_checker-qual-3.5.0.jar with timestamp 1740130229413
[2025-02-21T09:30:30.153+0000] {spark_submit.py:641} INFO - 25/02/21 09:30:30 INFO Utils: Copying /home/airflow/.ivy2/jars/org.checkerframework_checker-qual-3.5.0.jar to /tmp/spark-48f0de91-b35b-4dbc-b604-1488b229daa3/userFiles-1ebadd72-72d6-4fed-8920-f37d2e3afe5f/org.checkerframework_checker-qual-3.5.0.jar
[2025-02-21T09:30:30.218+0000] {spark_submit.py:641} INFO - 25/02/21 09:30:30 INFO Executor: Starting executor ID driver on host ***-airflow-scheduler
[2025-02-21T09:30:30.226+0000] {spark_submit.py:641} INFO - 25/02/21 09:30:30 INFO Executor: Starting executor with user classpath (userClassPathFirst = false): ''
[2025-02-21T09:30:30.235+0000] {spark_submit.py:641} INFO - 25/02/21 09:30:30 INFO Executor: Fetching file:///home/airflow/.ivy2/jars/org.postgresql_postgresql-42.2.18.jar with timestamp 1740130229413
[2025-02-21T09:30:30.257+0000] {spark_submit.py:641} INFO - 25/02/21 09:30:30 INFO Utils: /home/airflow/.ivy2/jars/org.postgresql_postgresql-42.2.18.jar has been previously copied to /tmp/spark-48f0de91-b35b-4dbc-b604-1488b229daa3/userFiles-1ebadd72-72d6-4fed-8920-f37d2e3afe5f/org.postgresql_postgresql-42.2.18.jar
[2025-02-21T09:30:30.262+0000] {spark_submit.py:641} INFO - 25/02/21 09:30:30 INFO Executor: Fetching file:///home/airflow/.ivy2/jars/org.checkerframework_checker-qual-3.5.0.jar with timestamp 1740130229413
[2025-02-21T09:30:30.264+0000] {spark_submit.py:641} INFO - 25/02/21 09:30:30 INFO Utils: /home/airflow/.ivy2/jars/org.checkerframework_checker-qual-3.5.0.jar has been previously copied to /tmp/spark-48f0de91-b35b-4dbc-b604-1488b229daa3/userFiles-1ebadd72-72d6-4fed-8920-f37d2e3afe5f/org.checkerframework_checker-qual-3.5.0.jar
[2025-02-21T09:30:30.269+0000] {spark_submit.py:641} INFO - 25/02/21 09:30:30 INFO Executor: Fetching spark://***-airflow-scheduler:42843/jars/postgresql-42.2.18.jar with timestamp 1740130229413
[2025-02-21T09:30:30.315+0000] {spark_submit.py:641} INFO - 25/02/21 09:30:30 INFO TransportClientFactory: Successfully created connection to ***-airflow-scheduler/172.19.0.6:42843 after 33 ms (0 ms spent in bootstraps)
[2025-02-21T09:30:30.322+0000] {spark_submit.py:641} INFO - 25/02/21 09:30:30 INFO Utils: Fetching spark://***-airflow-scheduler:42843/jars/postgresql-42.2.18.jar to /tmp/spark-48f0de91-b35b-4dbc-b604-1488b229daa3/userFiles-1ebadd72-72d6-4fed-8920-f37d2e3afe5f/fetchFileTemp10025171675112823648.tmp
[2025-02-21T09:30:30.404+0000] {spark_submit.py:641} INFO - 25/02/21 09:30:30 INFO Executor: Adding file:/tmp/spark-48f0de91-b35b-4dbc-b604-1488b229daa3/userFiles-1ebadd72-72d6-4fed-8920-f37d2e3afe5f/postgresql-42.2.18.jar to class loader
[2025-02-21T09:30:30.412+0000] {spark_submit.py:641} INFO - 25/02/21 09:30:30 INFO Utils: Successfully started service 'org.apache.spark.network.netty.NettyBlockTransferService' on port 38135.
[2025-02-21T09:30:30.415+0000] {spark_submit.py:641} INFO - 25/02/21 09:30:30 INFO NettyBlockTransferService: Server created on ***-airflow-scheduler:38135
[2025-02-21T09:30:30.417+0000] {spark_submit.py:641} INFO - 25/02/21 09:30:30 INFO BlockManager: Using org.apache.spark.storage.RandomBlockReplicationPolicy for block replication policy
[2025-02-21T09:30:30.423+0000] {spark_submit.py:641} INFO - 25/02/21 09:30:30 INFO BlockManagerMaster: Registering BlockManager BlockManagerId(driver, ***-airflow-scheduler, 38135, None)
[2025-02-21T09:30:30.429+0000] {spark_submit.py:641} INFO - 25/02/21 09:30:30 INFO BlockManagerMasterEndpoint: Registering block manager ***-airflow-scheduler:38135 with 434.4 MiB RAM, BlockManagerId(driver, ***-airflow-scheduler, 38135, None)
[2025-02-21T09:30:30.436+0000] {spark_submit.py:641} INFO - 25/02/21 09:30:30 INFO BlockManagerMaster: Registered BlockManager BlockManagerId(driver, ***-airflow-scheduler, 38135, None)
[2025-02-21T09:30:30.438+0000] {spark_submit.py:641} INFO - 25/02/21 09:30:30 INFO BlockManager: Initialized BlockManager: BlockManagerId(driver, ***-airflow-scheduler, 38135, None)
[2025-02-21T09:30:34.390+0000] {spark_submit.py:641} INFO - ---------------- MENAMPILKAN BANYAK DATA NULL DI SETIAP KOLOM ----------------
[2025-02-21T09:30:36.525+0000] {spark_submit.py:641} INFO - +----------------+---------------+-----------+--------------+-----------+------------------------+--------------------+--------+-------------------------+----------------------+--------------------------+---------------+-----------------------+
[2025-02-21T09:30:36.526+0000] {spark_submit.py:641} INFO - |employee_id_null|department_null|region_null|education_null|gender_null|recruitment_channel_null|no_of_trainings_null|age_null|previous_year_rating_null|length_of_service_null|KPIs_met_more_than_80_null|awards_won_null|avg_training_score_nuli|
[2025-02-21T09:30:36.528+0000] {spark_submit.py:641} INFO - +----------------+---------------+-----------+--------------+-----------+------------------------+--------------------+--------+-------------------------+----------------------+--------------------------+---------------+-----------------------+
[2025-02-21T09:30:36.529+0000] {spark_submit.py:641} INFO - |               0|              0|          0|           771|          0|                       0|                   0|       0|                     1363|                     0|                         0|              0|                      0|
[2025-02-21T09:30:36.530+0000] {spark_submit.py:641} INFO - +----------------+---------------+-----------+--------------+-----------+------------------------+--------------------+--------+-------------------------+----------------------+--------------------------+---------------+-----------------------+
[2025-02-21T09:30:36.531+0000] {spark_submit.py:641} INFO - 
[2025-02-21T09:30:36.532+0000] {spark_submit.py:641} INFO - ---------------- NULL HANDLING PADA KOLOM EDUCATION & PREVIOUS_YEAR_RATING ----------------
[2025-02-21T09:30:36.822+0000] {spark_submit.py:641} INFO - +--------------+-------------------------+
[2025-02-21T09:30:36.823+0000] {spark_submit.py:641} INFO - |education_null|previous_year_rating_null|
[2025-02-21T09:30:36.826+0000] {spark_submit.py:641} INFO - +--------------+-------------------------+
[2025-02-21T09:30:36.827+0000] {spark_submit.py:641} INFO - |             0|                        0|
[2025-02-21T09:30:36.829+0000] {spark_submit.py:641} INFO - +--------------+-------------------------+
[2025-02-21T09:30:36.830+0000] {spark_submit.py:641} INFO - 
[2025-02-21T09:30:36.831+0000] {spark_submit.py:641} INFO - ---------------- MENAMPILKAN BANYAK DATA DUPLIKAT BERDASARKAN EMPLOYEE_ID ----------------
[2025-02-21T09:30:37.841+0000] {spark_submit.py:641} INFO - +-----------+------+
[2025-02-21T09:30:37.843+0000] {spark_submit.py:641} INFO - |employee_id|jumlah|
[2025-02-21T09:30:37.844+0000] {spark_submit.py:641} INFO - +-----------+------+
[2025-02-21T09:30:37.846+0000] {spark_submit.py:641} INFO - |      64573|     2|
[2025-02-21T09:30:37.847+0000] {spark_submit.py:641} INFO - |      49584|     3|
[2025-02-21T09:30:37.849+0000] {spark_submit.py:641} INFO - +-----------+------+
[2025-02-21T09:30:37.851+0000] {spark_submit.py:641} INFO - 
[2025-02-21T09:30:37.852+0000] {spark_submit.py:641} INFO - ---------------- MENAMPILKAN SEMUA BARIS DAN KOLOM DARI EMPLOYEE ID YANG DUPLIKAT ----------------
[2025-02-21T09:30:38.209+0000] {spark_submit.py:641} INFO - +-----------+----------+--------+---------+------+-------------------+---------------+---+--------------------+-----------------+---------------------+----------+------------------+
[2025-02-21T09:30:38.210+0000] {spark_submit.py:641} INFO - |employee_id|department|  region|education|gender|recruitment_channel|no_of_trainings|age|previous_year_rating|length_of_service|KPIs_met_more_than_80|awards_won|avg_training_score|
[2025-02-21T09:30:38.211+0000] {spark_submit.py:641} INFO - +-----------+----------+--------+---------+------+-------------------+---------------+---+--------------------+-----------------+---------------------+----------+------------------+
[2025-02-21T09:30:38.212+0000] {spark_submit.py:641} INFO - |      49584|        HR|region_7|Bachelors|     m|              other|              1| 33|                   1|                9|                    0|         0|                51|
[2025-02-21T09:30:38.213+0000] {spark_submit.py:641} INFO - |      49584|        HR|region_7|Bachelors|     m|              other|              1| 33|                   1|                9|                    0|         0|                51|
[2025-02-21T09:30:38.214+0000] {spark_submit.py:641} INFO - |      49584|        HR|region_7|Bachelors|     m|              other|              1| 33|                   1|                9|                    0|         0|                51|
[2025-02-21T09:30:38.215+0000] {spark_submit.py:641} INFO - |      64573|Technology|region_7|Bachelors|     f|           referred|              2| 30|                   5|                6|                    1|         0|                81|
[2025-02-21T09:30:38.215+0000] {spark_submit.py:641} INFO - |      64573|        HR|region_7|Bachelors|     f|           referred|              1| 35|                   5|                4|                    1|         0|                81|
[2025-02-21T09:30:38.216+0000] {spark_submit.py:641} INFO - +-----------+----------+--------+---------+------+-------------------+---------------+---+--------------------+-----------------+---------------------+----------+------------------+
[2025-02-21T09:30:38.217+0000] {spark_submit.py:641} INFO - 
[2025-02-21T09:30:38.218+0000] {spark_submit.py:641} INFO - ---------------- MENAMPILKAN HASIL DARI DATA DUPLIKASI YANG TELAH DIHANDLE BERDASARKAN KOLOM EMPLOYEE_ID DAN DEPARTMENT ----------------
[2025-02-21T09:30:38.822+0000] {spark_submit.py:641} INFO - +-----------+----------+--------+---------+------+-------------------+---------------+---+--------------------+-----------------+---------------------+----------+------------------+
[2025-02-21T09:30:38.823+0000] {spark_submit.py:641} INFO - |employee_id|department|  region|education|gender|recruitment_channel|no_of_trainings|age|previous_year_rating|length_of_service|KPIs_met_more_than_80|awards_won|avg_training_score|
[2025-02-21T09:30:38.825+0000] {spark_submit.py:641} INFO - +-----------+----------+--------+---------+------+-------------------+---------------+---+--------------------+-----------------+---------------------+----------+------------------+
[2025-02-21T09:30:38.826+0000] {spark_submit.py:641} INFO - |      49584|        HR|region_7|Bachelors|     m|              other|              1| 33|                   1|                9|                    0|         0|                51|
[2025-02-21T09:30:38.827+0000] {spark_submit.py:641} INFO - |      64573|        HR|region_7|Bachelors|     f|           referred|              1| 35|                   5|                4|                    1|         0|                81|
[2025-02-21T09:30:38.828+0000] {spark_submit.py:641} INFO - |      64573|Technology|region_7|Bachelors|     f|           referred|              2| 30|                   5|                6|                    1|         0|                81|
[2025-02-21T09:30:38.831+0000] {spark_submit.py:641} INFO - +-----------+----------+--------+---------+------+-------------------+---------------+---+--------------------+-----------------+---------------------+----------+------------------+
[2025-02-21T09:30:38.833+0000] {spark_submit.py:641} INFO - 
[2025-02-21T09:30:40.121+0000] {spark_submit.py:641} INFO - ---------------- MENAMPILKAN DATA HASIL TRASNFORMASI ----------------
[2025-02-21T09:30:40.774+0000] {spark_submit.py:641} INFO - +-----------+-----------------+---------+---------------+------+-------------------+---------------+---+--------------------+-----------------+---------------------+----------+------------------+
[2025-02-21T09:30:40.776+0000] {spark_submit.py:641} INFO - |employee_id|       department|   region|      education|gender|recruitment_channel|no_of_trainings|age|previous_year_rating|length_of_service|KPIs_met_more_than_80|awards_won|avg_training_score|
[2025-02-21T09:30:40.777+0000] {spark_submit.py:641} INFO - +-----------+-----------------+---------+---------------+------+-------------------+---------------+---+--------------------+-----------------+---------------------+----------+------------------+
[2025-02-21T09:30:40.778+0000] {spark_submit.py:641} INFO - |          3|      Procurement|region_22|Masters & above|     f|              other|              1| 38|                   5|                4|                    1|         0|                67|
[2025-02-21T09:30:40.779+0000] {spark_submit.py:641} INFO - |          6|Sales & Marketing|region_15|      Bachelors|     f|              other|              1| 38|                   3|               10|                    0|         0|                50|
[2025-02-21T09:30:40.780+0000] {spark_submit.py:641} INFO - |         11|       Technology| region_4|Masters & above|     f|           sourcing|              1| 39|                   4|               12|                    1|         0|                72|
[2025-02-21T09:30:40.781+0000] {spark_submit.py:641} INFO - |         13|Sales & Marketing|region_17|      Bachelors|     m|              other|              1| 38|                   1|                5|                    1|         0|                47|
[2025-02-21T09:30:40.782+0000] {spark_submit.py:641} INFO - |         16|Sales & Marketing| region_4|Masters & above|     m|           sourcing|              1| 40|                   5|                5|                    0|         0|                53|
[2025-02-21T09:30:40.783+0000] {spark_submit.py:641} INFO - +-----------+-----------------+---------+---------------+------+-------------------+---------------+---+--------------------+-----------------+---------------------+----------+------------------+
[2025-02-21T09:30:40.784+0000] {spark_submit.py:641} INFO - only showing top 5 rows
[2025-02-21T09:30:40.784+0000] {spark_submit.py:641} INFO - 
[2025-02-21T09:30:41.340+0000] {spark_submit.py:641} INFO - Jumlah baris dalam DataFrame : 17415
[2025-02-21T09:30:41.345+0000] {spark_submit.py:641} INFO - Isi folder data/transformed.parquet :
[2025-02-21T09:30:41.346+0000] {spark_submit.py:641} INFO - ['.part-00000-ade6d430-58ba-46fc-ac84-bfb00038531e-c000.snappy.parquet.crc', 'part-00000-ade6d430-58ba-46fc-ac84-bfb00038531e-c000.snappy.parquet', '_SUCCESS', '._SUCCESS.crc']
[2025-02-21T09:30:41.347+0000] {spark_submit.py:641} INFO - Transform data berhasil.
[2025-02-21T09:30:41.849+0000] {taskinstance.py:341} INFO - ::group::Post task execution logs
[2025-02-21T09:30:41.852+0000] {taskinstance.py:353} INFO - Marking task as SUCCESS. dag_id=***_v2_etl_dag, task_id=transform_task, run_id=manual__2025-02-21T09:21:09.662952+00:00, execution_date=20250221T092109, start_date=20250221T093023, end_date=20250221T093041
[2025-02-21T09:30:41.928+0000] {local_task_job_runner.py:266} INFO - Task exited with return code 0
[2025-02-21T09:30:41.978+0000] {taskinstance.py:3901} INFO - 1 downstream tasks scheduled from follow-on schedule check
[2025-02-21T09:30:41.983+0000] {local_task_job_runner.py:245} INFO - ::endgroup::
