[2025-02-21T09:43:26.684+0000] {local_task_job_runner.py:123} INFO - ::group::Pre task execution logs
[2025-02-21T09:43:26.707+0000] {taskinstance.py:2614} INFO - Dependencies all met for dep_context=non-requeueable deps ti=<TaskInstance: finprode8_v2_etl_dag.transform_task manual__2025-02-21T09:21:09.662952+00:00 [queued]>
[2025-02-21T09:43:26.720+0000] {taskinstance.py:2614} INFO - Dependencies all met for dep_context=requeueable deps ti=<TaskInstance: finprode8_v2_etl_dag.transform_task manual__2025-02-21T09:21:09.662952+00:00 [queued]>
[2025-02-21T09:43:26.722+0000] {taskinstance.py:2867} INFO - Starting attempt 11 of 11
[2025-02-21T09:43:26.738+0000] {taskinstance.py:2890} INFO - Executing <Task(SparkSubmitOperator): transform_task> on 2025-02-21 09:21:09.662952+00:00
[2025-02-21T09:43:26.745+0000] {standard_task_runner.py:72} INFO - Started process 7077 to run task
[2025-02-21T09:43:26.748+0000] {standard_task_runner.py:104} INFO - Running: ['airflow', 'tasks', 'run', '***_v2_etl_dag', 'transform_task', 'manual__2025-02-21T09:21:09.662952+00:00', '--job-id', '152', '--raw', '--subdir', 'DAGS_FOLDER/***_v2_etl_dag.py', '--cfg-path', '/tmp/tmp2_ws5jk1']
[2025-02-21T09:43:26.755+0000] {standard_task_runner.py:105} INFO - Job 152: Subtask transform_task
[2025-02-21T09:43:26.775+0000] {logging_mixin.py:190} WARNING - /home/airflow/.local/lib/python3.9/site-packages/airflow/settings.py:209 DeprecationWarning: The sql_alchemy_conn option in [core] has been moved to the sql_alchemy_conn option in [database] - the old setting has been used, but please update your config.
[2025-02-21T09:43:26.816+0000] {task_command.py:467} INFO - Running <TaskInstance: finprode8_v2_etl_dag.transform_task manual__2025-02-21T09:21:09.662952+00:00 [running]> on host ***-airflow-scheduler
[2025-02-21T09:43:26.911+0000] {taskinstance.py:3134} INFO - Exporting env vars: AIRFLOW_CTX_DAG_OWNER='ratih malini' AIRFLOW_CTX_DAG_ID='***_v2_etl_dag' AIRFLOW_CTX_TASK_ID='transform_task' AIRFLOW_CTX_EXECUTION_DATE='2025-02-21T09:21:09.662952+00:00' AIRFLOW_CTX_TRY_NUMBER='11' AIRFLOW_CTX_DAG_RUN_ID='manual__2025-02-21T09:21:09.662952+00:00'
[2025-02-21T09:43:26.914+0000] {taskinstance.py:732} INFO - ::endgroup::
[2025-02-21T09:43:26.942+0000] {base.py:84} INFO - Retrieving connection 'spark_main'
[2025-02-21T09:43:26.945+0000] {spark_submit.py:474} INFO - Spark-Submit cmd: spark-submit --master spark://***-spark-master:7077 --packages org.postgresql:postgresql:42.2.18 --name arrow-spark /spark-scripts/***_v2_transform.py
[2025-02-21T09:43:28.789+0000] {spark_submit.py:641} INFO - :: loading settings :: url = jar:file:/home/airflow/.local/lib/python3.9/site-packages/pyspark/jars/ivy-2.5.1.jar!/org/apache/ivy/core/settings/ivysettings.xml
[2025-02-21T09:43:28.905+0000] {spark_submit.py:641} INFO - Ivy Default Cache set to: /home/airflow/.ivy2/cache
[2025-02-21T09:43:28.907+0000] {spark_submit.py:641} INFO - The jars for the packages stored in: /home/airflow/.ivy2/jars
[2025-02-21T09:43:28.910+0000] {spark_submit.py:641} INFO - org.postgresql#postgresql added as a dependency
[2025-02-21T09:43:28.912+0000] {spark_submit.py:641} INFO - :: resolving dependencies :: org.apache.spark#spark-submit-parent-4c9c08d0-9c9c-4d8a-94c2-b6e13562e159;1.0
[2025-02-21T09:43:28.915+0000] {spark_submit.py:641} INFO - confs: [default]
[2025-02-21T09:43:29.020+0000] {spark_submit.py:641} INFO - found org.postgresql#postgresql;42.2.18 in central
[2025-02-21T09:43:29.042+0000] {spark_submit.py:641} INFO - found org.checkerframework#checker-qual;3.5.0 in central
[2025-02-21T09:43:29.056+0000] {spark_submit.py:641} INFO - :: resolution report :: resolve 139ms :: artifacts dl 5ms
[2025-02-21T09:43:29.058+0000] {spark_submit.py:641} INFO - :: modules in use:
[2025-02-21T09:43:29.059+0000] {spark_submit.py:641} INFO - org.checkerframework#checker-qual;3.5.0 from central in [default]
[2025-02-21T09:43:29.060+0000] {spark_submit.py:641} INFO - org.postgresql#postgresql;42.2.18 from central in [default]
[2025-02-21T09:43:29.061+0000] {spark_submit.py:641} INFO - ---------------------------------------------------------------------
[2025-02-21T09:43:29.063+0000] {spark_submit.py:641} INFO - |                  |            modules            ||   artifacts   |
[2025-02-21T09:43:29.064+0000] {spark_submit.py:641} INFO - |       conf       | number| search|dwnlded|evicted|| number|dwnlded|
[2025-02-21T09:43:29.066+0000] {spark_submit.py:641} INFO - ---------------------------------------------------------------------
[2025-02-21T09:43:29.067+0000] {spark_submit.py:641} INFO - |      default     |   2   |   0   |   0   |   0   ||   2   |   0   |
[2025-02-21T09:43:29.069+0000] {spark_submit.py:641} INFO - ---------------------------------------------------------------------
[2025-02-21T09:43:29.070+0000] {spark_submit.py:641} INFO - :: retrieving :: org.apache.spark#spark-submit-parent-4c9c08d0-9c9c-4d8a-94c2-b6e13562e159
[2025-02-21T09:43:29.073+0000] {spark_submit.py:641} INFO - confs: [default]
[2025-02-21T09:43:29.076+0000] {spark_submit.py:641} INFO - 0 artifacts copied, 2 already retrieved (0kB/5ms)
[2025-02-21T09:43:29.348+0000] {spark_submit.py:641} INFO - 25/02/21 09:43:29 WARN NativeCodeLoader: Unable to load native-hadoop library for your platform... using builtin-java classes where applicable
[2025-02-21T09:43:30.413+0000] {spark_submit.py:641} INFO - 25/02/21 09:43:30 INFO SparkContext: Running Spark version 3.3.2
[2025-02-21T09:43:30.436+0000] {spark_submit.py:641} INFO - 25/02/21 09:43:30 INFO ResourceUtils: ==============================================================
[2025-02-21T09:43:30.439+0000] {spark_submit.py:641} INFO - 25/02/21 09:43:30 INFO ResourceUtils: No custom resources configured for spark.driver.
[2025-02-21T09:43:30.440+0000] {spark_submit.py:641} INFO - 25/02/21 09:43:30 INFO ResourceUtils: ==============================================================
[2025-02-21T09:43:30.441+0000] {spark_submit.py:641} INFO - 25/02/21 09:43:30 INFO SparkContext: Submitted application: ***_transform
[2025-02-21T09:43:30.460+0000] {spark_submit.py:641} INFO - 25/02/21 09:43:30 INFO ResourceProfile: Default ResourceProfile created, executor resources: Map(cores -> name: cores, amount: 1, script: , vendor: , memory -> name: memory, amount: 1024, script: , vendor: , offHeap -> name: offHeap, amount: 0, script: , vendor: ), task resources: Map(cpus -> name: cpus, amount: 1.0)
[2025-02-21T09:43:30.467+0000] {spark_submit.py:641} INFO - 25/02/21 09:43:30 INFO ResourceProfile: Limiting resource is cpu
[2025-02-21T09:43:30.468+0000] {spark_submit.py:641} INFO - 25/02/21 09:43:30 INFO ResourceProfileManager: Added ResourceProfile id: 0
[2025-02-21T09:43:30.507+0000] {spark_submit.py:641} INFO - 25/02/21 09:43:30 INFO SecurityManager: Changing view acls to: airflow
[2025-02-21T09:43:30.509+0000] {spark_submit.py:641} INFO - 25/02/21 09:43:30 INFO SecurityManager: Changing modify acls to: airflow
[2025-02-21T09:43:30.510+0000] {spark_submit.py:641} INFO - 25/02/21 09:43:30 INFO SecurityManager: Changing view acls groups to:
[2025-02-21T09:43:30.512+0000] {spark_submit.py:641} INFO - 25/02/21 09:43:30 INFO SecurityManager: Changing modify acls groups to:
[2025-02-21T09:43:30.513+0000] {spark_submit.py:641} INFO - 25/02/21 09:43:30 INFO SecurityManager: SecurityManager: authentication disabled; ui acls disabled; users  with view permissions: Set(airflow); groups with view permissions: Set(); users  with modify permissions: Set(airflow); groups with modify permissions: Set()
[2025-02-21T09:43:30.737+0000] {spark_submit.py:641} INFO - 25/02/21 09:43:30 INFO Utils: Successfully started service 'sparkDriver' on port 45123.
[2025-02-21T09:43:30.767+0000] {spark_submit.py:641} INFO - 25/02/21 09:43:30 INFO SparkEnv: Registering MapOutputTracker
[2025-02-21T09:43:30.803+0000] {spark_submit.py:641} INFO - 25/02/21 09:43:30 INFO SparkEnv: Registering BlockManagerMaster
[2025-02-21T09:43:30.831+0000] {spark_submit.py:641} INFO - 25/02/21 09:43:30 INFO BlockManagerMasterEndpoint: Using org.apache.spark.storage.DefaultTopologyMapper for getting topology information
[2025-02-21T09:43:30.835+0000] {spark_submit.py:641} INFO - 25/02/21 09:43:30 INFO BlockManagerMasterEndpoint: BlockManagerMasterEndpoint up
[2025-02-21T09:43:30.842+0000] {spark_submit.py:641} INFO - 25/02/21 09:43:30 INFO SparkEnv: Registering BlockManagerMasterHeartbeat
[2025-02-21T09:43:30.866+0000] {spark_submit.py:641} INFO - 25/02/21 09:43:30 INFO DiskBlockManager: Created local directory at /tmp/blockmgr-ac89bcb5-cfea-4ff8-9b1a-478a4f9a7f2e
[2025-02-21T09:43:30.885+0000] {spark_submit.py:641} INFO - 25/02/21 09:43:30 INFO MemoryStore: MemoryStore started with capacity 434.4 MiB
[2025-02-21T09:43:30.902+0000] {spark_submit.py:641} INFO - 25/02/21 09:43:30 INFO SparkEnv: Registering OutputCommitCoordinator
[2025-02-21T09:43:31.108+0000] {spark_submit.py:641} INFO - 25/02/21 09:43:31 INFO Utils: Successfully started service 'SparkUI' on port 4040.
[2025-02-21T09:43:31.181+0000] {spark_submit.py:641} INFO - 25/02/21 09:43:31 INFO SparkContext: Added JAR /spark-scripts/jars/postgresql-42.2.18.jar at spark://***-airflow-scheduler:45123/jars/postgresql-42.2.18.jar with timestamp 1740131010407
[2025-02-21T09:43:31.185+0000] {spark_submit.py:641} INFO - 25/02/21 09:43:31 INFO SparkContext: Added file file:///home/airflow/.ivy2/jars/org.postgresql_postgresql-42.2.18.jar at file:///home/airflow/.ivy2/jars/org.postgresql_postgresql-42.2.18.jar with timestamp 1740131010407
[2025-02-21T09:43:31.188+0000] {spark_submit.py:641} INFO - 25/02/21 09:43:31 INFO Utils: Copying /home/airflow/.ivy2/jars/org.postgresql_postgresql-42.2.18.jar to /tmp/spark-271dbdda-aba4-482e-878c-f1a4b0b58640/userFiles-b9ffa0e5-c76e-46a0-9aa2-fb83f97d459b/org.postgresql_postgresql-42.2.18.jar
[2025-02-21T09:43:31.215+0000] {spark_submit.py:641} INFO - 25/02/21 09:43:31 INFO SparkContext: Added file file:///home/airflow/.ivy2/jars/org.checkerframework_checker-qual-3.5.0.jar at file:///home/airflow/.ivy2/jars/org.checkerframework_checker-qual-3.5.0.jar with timestamp 1740131010407
[2025-02-21T09:43:31.221+0000] {spark_submit.py:641} INFO - 25/02/21 09:43:31 INFO Utils: Copying /home/airflow/.ivy2/jars/org.checkerframework_checker-qual-3.5.0.jar to /tmp/spark-271dbdda-aba4-482e-878c-f1a4b0b58640/userFiles-b9ffa0e5-c76e-46a0-9aa2-fb83f97d459b/org.checkerframework_checker-qual-3.5.0.jar
[2025-02-21T09:43:31.307+0000] {spark_submit.py:641} INFO - 25/02/21 09:43:31 INFO Executor: Starting executor ID driver on host ***-airflow-scheduler
[2025-02-21T09:43:31.317+0000] {spark_submit.py:641} INFO - 25/02/21 09:43:31 INFO Executor: Starting executor with user classpath (userClassPathFirst = false): ''
[2025-02-21T09:43:31.331+0000] {spark_submit.py:641} INFO - 25/02/21 09:43:31 INFO Executor: Fetching file:///home/airflow/.ivy2/jars/org.postgresql_postgresql-42.2.18.jar with timestamp 1740131010407
[2025-02-21T09:43:31.363+0000] {spark_submit.py:641} INFO - 25/02/21 09:43:31 INFO Utils: /home/airflow/.ivy2/jars/org.postgresql_postgresql-42.2.18.jar has been previously copied to /tmp/spark-271dbdda-aba4-482e-878c-f1a4b0b58640/userFiles-b9ffa0e5-c76e-46a0-9aa2-fb83f97d459b/org.postgresql_postgresql-42.2.18.jar
[2025-02-21T09:43:31.369+0000] {spark_submit.py:641} INFO - 25/02/21 09:43:31 INFO Executor: Fetching file:///home/airflow/.ivy2/jars/org.checkerframework_checker-qual-3.5.0.jar with timestamp 1740131010407
[2025-02-21T09:43:31.373+0000] {spark_submit.py:641} INFO - 25/02/21 09:43:31 INFO Utils: /home/airflow/.ivy2/jars/org.checkerframework_checker-qual-3.5.0.jar has been previously copied to /tmp/spark-271dbdda-aba4-482e-878c-f1a4b0b58640/userFiles-b9ffa0e5-c76e-46a0-9aa2-fb83f97d459b/org.checkerframework_checker-qual-3.5.0.jar
[2025-02-21T09:43:31.378+0000] {spark_submit.py:641} INFO - 25/02/21 09:43:31 INFO Executor: Fetching spark://***-airflow-scheduler:45123/jars/postgresql-42.2.18.jar with timestamp 1740131010407
[2025-02-21T09:43:31.421+0000] {spark_submit.py:641} INFO - 25/02/21 09:43:31 INFO TransportClientFactory: Successfully created connection to ***-airflow-scheduler/172.19.0.6:45123 after 24 ms (0 ms spent in bootstraps)
[2025-02-21T09:43:31.429+0000] {spark_submit.py:641} INFO - 25/02/21 09:43:31 INFO Utils: Fetching spark://***-airflow-scheduler:45123/jars/postgresql-42.2.18.jar to /tmp/spark-271dbdda-aba4-482e-878c-f1a4b0b58640/userFiles-b9ffa0e5-c76e-46a0-9aa2-fb83f97d459b/fetchFileTemp11751592651403224579.tmp
[2025-02-21T09:43:31.493+0000] {spark_submit.py:641} INFO - 25/02/21 09:43:31 INFO Executor: Adding file:/tmp/spark-271dbdda-aba4-482e-878c-f1a4b0b58640/userFiles-b9ffa0e5-c76e-46a0-9aa2-fb83f97d459b/postgresql-42.2.18.jar to class loader
[2025-02-21T09:43:31.499+0000] {spark_submit.py:641} INFO - 25/02/21 09:43:31 INFO Utils: Successfully started service 'org.apache.spark.network.netty.NettyBlockTransferService' on port 41111.
[2025-02-21T09:43:31.502+0000] {spark_submit.py:641} INFO - 25/02/21 09:43:31 INFO NettyBlockTransferService: Server created on ***-airflow-scheduler:41111
[2025-02-21T09:43:31.503+0000] {spark_submit.py:641} INFO - 25/02/21 09:43:31 INFO BlockManager: Using org.apache.spark.storage.RandomBlockReplicationPolicy for block replication policy
[2025-02-21T09:43:31.510+0000] {spark_submit.py:641} INFO - 25/02/21 09:43:31 INFO BlockManagerMaster: Registering BlockManager BlockManagerId(driver, ***-airflow-scheduler, 41111, None)
[2025-02-21T09:43:31.516+0000] {spark_submit.py:641} INFO - 25/02/21 09:43:31 INFO BlockManagerMasterEndpoint: Registering block manager ***-airflow-scheduler:41111 with 434.4 MiB RAM, BlockManagerId(driver, ***-airflow-scheduler, 41111, None)
[2025-02-21T09:43:31.520+0000] {spark_submit.py:641} INFO - 25/02/21 09:43:31 INFO BlockManagerMaster: Registered BlockManager BlockManagerId(driver, ***-airflow-scheduler, 41111, None)
[2025-02-21T09:43:31.522+0000] {spark_submit.py:641} INFO - 25/02/21 09:43:31 INFO BlockManager: Initialized BlockManager: BlockManagerId(driver, ***-airflow-scheduler, 41111, None)
[2025-02-21T09:43:34.980+0000] {spark_submit.py:641} INFO - ---------------- MENAMPILKAN BANYAK DATA NULL DI SETIAP KOLOM ----------------
[2025-02-21T09:43:36.681+0000] {spark_submit.py:641} INFO - +----------------+---------------+-----------+--------------+-----------+------------------------+--------------------+--------+-------------------------+----------------------+--------------------------+---------------+-----------------------+
[2025-02-21T09:43:36.682+0000] {spark_submit.py:641} INFO - |employee_id_null|department_null|region_null|education_null|gender_null|recruitment_channel_null|no_of_trainings_null|age_null|previous_year_rating_null|length_of_service_null|KPIs_met_more_than_80_null|awards_won_null|avg_training_score_nuli|
[2025-02-21T09:43:36.684+0000] {spark_submit.py:641} INFO - +----------------+---------------+-----------+--------------+-----------+------------------------+--------------------+--------+-------------------------+----------------------+--------------------------+---------------+-----------------------+
[2025-02-21T09:43:36.685+0000] {spark_submit.py:641} INFO - |               0|              0|          0|           771|          0|                       0|                   0|       0|                     1363|                     0|                         0|              0|                      0|
[2025-02-21T09:43:36.686+0000] {spark_submit.py:641} INFO - +----------------+---------------+-----------+--------------+-----------+------------------------+--------------------+--------+-------------------------+----------------------+--------------------------+---------------+-----------------------+
[2025-02-21T09:43:36.687+0000] {spark_submit.py:641} INFO - 
[2025-02-21T09:43:36.688+0000] {spark_submit.py:641} INFO - ---------------- NULL HANDLING PADA KOLOM EDUCATION & PREVIOUS_YEAR_RATING ----------------
[2025-02-21T09:43:36.928+0000] {spark_submit.py:641} INFO - +--------------+-------------------------+
[2025-02-21T09:43:36.930+0000] {spark_submit.py:641} INFO - |education_null|previous_year_rating_null|
[2025-02-21T09:43:36.932+0000] {spark_submit.py:641} INFO - +--------------+-------------------------+
[2025-02-21T09:43:36.934+0000] {spark_submit.py:641} INFO - |             0|                        0|
[2025-02-21T09:43:36.935+0000] {spark_submit.py:641} INFO - +--------------+-------------------------+
[2025-02-21T09:43:36.936+0000] {spark_submit.py:641} INFO - 
[2025-02-21T09:43:36.937+0000] {spark_submit.py:641} INFO - ---------------- MENAMPILKAN BANYAK DATA DUPLIKAT BERDASARKAN EMPLOYEE_ID ----------------
[2025-02-21T09:43:37.698+0000] {spark_submit.py:641} INFO - +-----------+------+
[2025-02-21T09:43:37.699+0000] {spark_submit.py:641} INFO - |employee_id|jumlah|
[2025-02-21T09:43:37.701+0000] {spark_submit.py:641} INFO - +-----------+------+
[2025-02-21T09:43:37.703+0000] {spark_submit.py:641} INFO - |      64573|     2|
[2025-02-21T09:43:37.704+0000] {spark_submit.py:641} INFO - |      49584|     3|
[2025-02-21T09:43:37.705+0000] {spark_submit.py:641} INFO - +-----------+------+
[2025-02-21T09:43:37.706+0000] {spark_submit.py:641} INFO - 
[2025-02-21T09:43:37.707+0000] {spark_submit.py:641} INFO - ---------------- MENAMPILKAN SEMUA BARIS DAN KOLOM DARI EMPLOYEE ID YANG DUPLIKAT ----------------
[2025-02-21T09:43:38.026+0000] {spark_submit.py:641} INFO - +-----------+----------+--------+---------+------+-------------------+---------------+---+--------------------+-----------------+---------------------+----------+------------------+
[2025-02-21T09:43:38.028+0000] {spark_submit.py:641} INFO - |employee_id|department|  region|education|gender|recruitment_channel|no_of_trainings|age|previous_year_rating|length_of_service|KPIs_met_more_than_80|awards_won|avg_training_score|
[2025-02-21T09:43:38.029+0000] {spark_submit.py:641} INFO - +-----------+----------+--------+---------+------+-------------------+---------------+---+--------------------+-----------------+---------------------+----------+------------------+
[2025-02-21T09:43:38.030+0000] {spark_submit.py:641} INFO - |      49584|        HR|region_7|Bachelors|     m|              other|              1| 33|                   1|                9|                    0|         0|                51|
[2025-02-21T09:43:38.031+0000] {spark_submit.py:641} INFO - |      49584|        HR|region_7|Bachelors|     m|              other|              1| 33|                   1|                9|                    0|         0|                51|
[2025-02-21T09:43:38.033+0000] {spark_submit.py:641} INFO - |      49584|        HR|region_7|Bachelors|     m|              other|              1| 33|                   1|                9|                    0|         0|                51|
[2025-02-21T09:43:38.034+0000] {spark_submit.py:641} INFO - |      64573|Technology|region_7|Bachelors|     f|           referred|              2| 30|                   5|                6|                    1|         0|                81|
[2025-02-21T09:43:38.036+0000] {spark_submit.py:641} INFO - |      64573|        HR|region_7|Bachelors|     f|           referred|              1| 35|                   5|                4|                    1|         0|                81|
[2025-02-21T09:43:38.040+0000] {spark_submit.py:641} INFO - +-----------+----------+--------+---------+------+-------------------+---------------+---+--------------------+-----------------+---------------------+----------+------------------+
[2025-02-21T09:43:38.044+0000] {spark_submit.py:641} INFO - 
[2025-02-21T09:43:38.045+0000] {spark_submit.py:641} INFO - ---------------- MENAMPILKAN HASIL DARI DATA DUPLIKASI YANG TELAH DIHANDLE BERDASARKAN KOLOM EMPLOYEE_ID DAN DEPARTMENT ----------------
[2025-02-21T09:43:38.680+0000] {spark_submit.py:641} INFO - +-----------+----------+--------+---------+------+-------------------+---------------+---+--------------------+-----------------+---------------------+----------+------------------+
[2025-02-21T09:43:38.682+0000] {spark_submit.py:641} INFO - |employee_id|department|  region|education|gender|recruitment_channel|no_of_trainings|age|previous_year_rating|length_of_service|KPIs_met_more_than_80|awards_won|avg_training_score|
[2025-02-21T09:43:38.684+0000] {spark_submit.py:641} INFO - +-----------+----------+--------+---------+------+-------------------+---------------+---+--------------------+-----------------+---------------------+----------+------------------+
[2025-02-21T09:43:38.686+0000] {spark_submit.py:641} INFO - |      49584|        HR|region_7|Bachelors|     m|              other|              1| 33|                   1|                9|                    0|         0|                51|
[2025-02-21T09:43:38.687+0000] {spark_submit.py:641} INFO - |      64573|        HR|region_7|Bachelors|     f|           referred|              1| 35|                   5|                4|                    1|         0|                81|
[2025-02-21T09:43:38.688+0000] {spark_submit.py:641} INFO - |      64573|Technology|region_7|Bachelors|     f|           referred|              2| 30|                   5|                6|                    1|         0|                81|
[2025-02-21T09:43:38.690+0000] {spark_submit.py:641} INFO - +-----------+----------+--------+---------+------+-------------------+---------------+---+--------------------+-----------------+---------------------+----------+------------------+
[2025-02-21T09:43:38.691+0000] {spark_submit.py:641} INFO - 
[2025-02-21T09:43:39.744+0000] {spark_submit.py:641} INFO - ---------------- MENAMPILKAN DATA HASIL TRASNFORMASI ----------------
[2025-02-21T09:43:40.115+0000] {spark_submit.py:641} INFO - +-----------+-----------------+---------+---------------+------+-------------------+---------------+---+--------------------+-----------------+---------------------+----------+------------------+
[2025-02-21T09:43:40.117+0000] {spark_submit.py:641} INFO - |employee_id|       department|   region|      education|gender|recruitment_channel|no_of_trainings|age|previous_year_rating|length_of_service|KPIs_met_more_than_80|awards_won|avg_training_score|
[2025-02-21T09:43:40.119+0000] {spark_submit.py:641} INFO - +-----------+-----------------+---------+---------------+------+-------------------+---------------+---+--------------------+-----------------+---------------------+----------+------------------+
[2025-02-21T09:43:40.121+0000] {spark_submit.py:641} INFO - |          3|      Procurement|region_22|Masters & above|     f|              other|              1| 38|                   5|                4|                    1|         0|                67|
[2025-02-21T09:43:40.123+0000] {spark_submit.py:641} INFO - |          6|Sales & Marketing|region_15|      Bachelors|     f|              other|              1| 38|                   3|               10|                    0|         0|                50|
[2025-02-21T09:43:40.125+0000] {spark_submit.py:641} INFO - |         11|       Technology| region_4|Masters & above|     f|           sourcing|              1| 39|                   4|               12|                    1|         0|                72|
[2025-02-21T09:43:40.127+0000] {spark_submit.py:641} INFO - |         13|Sales & Marketing|region_17|      Bachelors|     m|              other|              1| 38|                   1|                5|                    1|         0|                47|
[2025-02-21T09:43:40.128+0000] {spark_submit.py:641} INFO - |         16|Sales & Marketing| region_4|Masters & above|     m|           sourcing|              1| 40|                   5|                5|                    0|         0|                53|
[2025-02-21T09:43:40.130+0000] {spark_submit.py:641} INFO - +-----------+-----------------+---------+---------------+------+-------------------+---------------+---+--------------------+-----------------+---------------------+----------+------------------+
[2025-02-21T09:43:40.132+0000] {spark_submit.py:641} INFO - only showing top 5 rows
[2025-02-21T09:43:40.133+0000] {spark_submit.py:641} INFO - 
[2025-02-21T09:43:40.407+0000] {spark_submit.py:641} INFO - Jumlah baris dalam DataFrame : 17415
[2025-02-21T09:43:40.409+0000] {spark_submit.py:641} INFO - Isi folder data/transformed.parquet :
[2025-02-21T09:43:40.411+0000] {spark_submit.py:641} INFO - ['.part-00000-702349a2-014b-45ca-8751-72175ccf80fb-c000.snappy.parquet.crc', 'part-00000-702349a2-014b-45ca-8751-72175ccf80fb-c000.snappy.parquet', '_SUCCESS', '._SUCCESS.crc']
[2025-02-21T09:43:40.413+0000] {spark_submit.py:641} INFO - Transform data berhasil.
[2025-02-21T09:43:40.910+0000] {taskinstance.py:341} INFO - ::group::Post task execution logs
[2025-02-21T09:43:40.912+0000] {taskinstance.py:353} INFO - Marking task as SUCCESS. dag_id=***_v2_etl_dag, task_id=transform_task, run_id=manual__2025-02-21T09:21:09.662952+00:00, execution_date=20250221T092109, start_date=20250221T094326, end_date=20250221T094340
[2025-02-21T09:43:40.973+0000] {local_task_job_runner.py:266} INFO - Task exited with return code 0
[2025-02-21T09:43:41.023+0000] {taskinstance.py:3901} INFO - 1 downstream tasks scheduled from follow-on schedule check
[2025-02-21T09:43:41.026+0000] {local_task_job_runner.py:245} INFO - ::endgroup::
