[2025-02-21T09:42:19.450+0000] {local_task_job_runner.py:123} INFO - ::group::Pre task execution logs
[2025-02-21T09:42:19.476+0000] {taskinstance.py:2614} INFO - Dependencies all met for dep_context=non-requeueable deps ti=<TaskInstance: finprode8_v2_etl_dag.transform_task manual__2025-02-21T09:21:09.662952+00:00 [queued]>
[2025-02-21T09:42:19.493+0000] {taskinstance.py:2614} INFO - Dependencies all met for dep_context=requeueable deps ti=<TaskInstance: finprode8_v2_etl_dag.transform_task manual__2025-02-21T09:21:09.662952+00:00 [queued]>
[2025-02-21T09:42:19.495+0000] {taskinstance.py:2867} INFO - Starting attempt 10 of 10
[2025-02-21T09:42:19.513+0000] {taskinstance.py:2890} INFO - Executing <Task(SparkSubmitOperator): transform_task> on 2025-02-21 09:21:09.662952+00:00
[2025-02-21T09:42:19.518+0000] {standard_task_runner.py:72} INFO - Started process 6379 to run task
[2025-02-21T09:42:19.523+0000] {standard_task_runner.py:104} INFO - Running: ['airflow', 'tasks', 'run', '***_v2_etl_dag', 'transform_task', 'manual__2025-02-21T09:21:09.662952+00:00', '--job-id', '149', '--raw', '--subdir', 'DAGS_FOLDER/***_v2_etl_dag.py', '--cfg-path', '/tmp/tmpq7skru5a']
[2025-02-21T09:42:19.529+0000] {standard_task_runner.py:105} INFO - Job 149: Subtask transform_task
[2025-02-21T09:42:19.548+0000] {logging_mixin.py:190} WARNING - /home/airflow/.local/lib/python3.9/site-packages/airflow/settings.py:209 DeprecationWarning: The sql_alchemy_conn option in [core] has been moved to the sql_alchemy_conn option in [database] - the old setting has been used, but please update your config.
[2025-02-21T09:42:19.595+0000] {task_command.py:467} INFO - Running <TaskInstance: finprode8_v2_etl_dag.transform_task manual__2025-02-21T09:21:09.662952+00:00 [running]> on host ***-airflow-scheduler
[2025-02-21T09:42:19.681+0000] {taskinstance.py:3134} INFO - Exporting env vars: AIRFLOW_CTX_DAG_OWNER='ratih malini' AIRFLOW_CTX_DAG_ID='***_v2_etl_dag' AIRFLOW_CTX_TASK_ID='transform_task' AIRFLOW_CTX_EXECUTION_DATE='2025-02-21T09:21:09.662952+00:00' AIRFLOW_CTX_TRY_NUMBER='10' AIRFLOW_CTX_DAG_RUN_ID='manual__2025-02-21T09:21:09.662952+00:00'
[2025-02-21T09:42:19.684+0000] {taskinstance.py:732} INFO - ::endgroup::
[2025-02-21T09:42:19.710+0000] {base.py:84} INFO - Retrieving connection 'spark_main'
[2025-02-21T09:42:19.714+0000] {spark_submit.py:474} INFO - Spark-Submit cmd: spark-submit --master spark://***-spark-master:7077 --name arrow-spark /spark-scripts/***_v2_transform.py
[2025-02-21T09:42:22.748+0000] {spark_submit.py:641} INFO - 25/02/21 09:42:22 INFO SparkContext: Running Spark version 3.3.2
[2025-02-21T09:42:22.802+0000] {spark_submit.py:641} INFO - 25/02/21 09:42:22 WARN NativeCodeLoader: Unable to load native-hadoop library for your platform... using builtin-java classes where applicable
[2025-02-21T09:42:22.887+0000] {spark_submit.py:641} INFO - 25/02/21 09:42:22 INFO ResourceUtils: ==============================================================
[2025-02-21T09:42:22.889+0000] {spark_submit.py:641} INFO - 25/02/21 09:42:22 INFO ResourceUtils: No custom resources configured for spark.driver.
[2025-02-21T09:42:22.891+0000] {spark_submit.py:641} INFO - 25/02/21 09:42:22 INFO ResourceUtils: ==============================================================
[2025-02-21T09:42:22.893+0000] {spark_submit.py:641} INFO - 25/02/21 09:42:22 INFO SparkContext: Submitted application: ***_transform
[2025-02-21T09:42:22.912+0000] {spark_submit.py:641} INFO - 25/02/21 09:42:22 INFO ResourceProfile: Default ResourceProfile created, executor resources: Map(cores -> name: cores, amount: 1, script: , vendor: , memory -> name: memory, amount: 1024, script: , vendor: , offHeap -> name: offHeap, amount: 0, script: , vendor: ), task resources: Map(cpus -> name: cpus, amount: 1.0)
[2025-02-21T09:42:22.920+0000] {spark_submit.py:641} INFO - 25/02/21 09:42:22 INFO ResourceProfile: Limiting resource is cpu
[2025-02-21T09:42:22.922+0000] {spark_submit.py:641} INFO - 25/02/21 09:42:22 INFO ResourceProfileManager: Added ResourceProfile id: 0
[2025-02-21T09:42:23.475+0000] {spark_submit.py:641} INFO - 25/02/21 09:42:23 INFO SecurityManager: Changing view acls to: airflow
[2025-02-21T09:42:23.477+0000] {spark_submit.py:641} INFO - 25/02/21 09:42:23 INFO SecurityManager: Changing modify acls to: airflow
[2025-02-21T09:42:23.479+0000] {spark_submit.py:641} INFO - 25/02/21 09:42:23 INFO SecurityManager: Changing view acls groups to:
[2025-02-21T09:42:23.480+0000] {spark_submit.py:641} INFO - 25/02/21 09:42:23 INFO SecurityManager: Changing modify acls groups to:
[2025-02-21T09:42:23.481+0000] {spark_submit.py:641} INFO - 25/02/21 09:42:23 INFO SecurityManager: SecurityManager: authentication disabled; ui acls disabled; users  with view permissions: Set(airflow); groups with view permissions: Set(); users  with modify permissions: Set(airflow); groups with modify permissions: Set()
[2025-02-21T09:42:24.367+0000] {spark_submit.py:641} INFO - 25/02/21 09:42:24 INFO Utils: Successfully started service 'sparkDriver' on port 34749.
[2025-02-21T09:42:24.408+0000] {spark_submit.py:641} INFO - 25/02/21 09:42:24 INFO SparkEnv: Registering MapOutputTracker
[2025-02-21T09:42:24.491+0000] {spark_submit.py:641} INFO - 25/02/21 09:42:24 INFO SparkEnv: Registering BlockManagerMaster
[2025-02-21T09:42:24.530+0000] {spark_submit.py:641} INFO - 25/02/21 09:42:24 INFO BlockManagerMasterEndpoint: Using org.apache.spark.storage.DefaultTopologyMapper for getting topology information
[2025-02-21T09:42:24.533+0000] {spark_submit.py:641} INFO - 25/02/21 09:42:24 INFO BlockManagerMasterEndpoint: BlockManagerMasterEndpoint up
[2025-02-21T09:42:24.543+0000] {spark_submit.py:641} INFO - 25/02/21 09:42:24 INFO SparkEnv: Registering BlockManagerMasterHeartbeat
[2025-02-21T09:42:24.581+0000] {spark_submit.py:641} INFO - 25/02/21 09:42:24 INFO DiskBlockManager: Created local directory at /tmp/blockmgr-d46d9cd8-124b-4c9d-a370-cc54e89efa5b
[2025-02-21T09:42:24.611+0000] {spark_submit.py:641} INFO - 25/02/21 09:42:24 INFO MemoryStore: MemoryStore started with capacity 434.4 MiB
[2025-02-21T09:42:24.646+0000] {spark_submit.py:641} INFO - 25/02/21 09:42:24 INFO SparkEnv: Registering OutputCommitCoordinator
[2025-02-21T09:42:24.860+0000] {spark_submit.py:641} INFO - 25/02/21 09:42:24 INFO Utils: Successfully started service 'SparkUI' on port 4040.
[2025-02-21T09:42:24.906+0000] {spark_submit.py:641} INFO - 25/02/21 09:42:24 INFO SparkContext: Added JAR /spark-scripts/jars/postgresql-42.2.18.jar at spark://***-airflow-scheduler:34749/jars/postgresql-42.2.18.jar with timestamp 1740130942740
[2025-02-21T09:42:24.970+0000] {spark_submit.py:641} INFO - 25/02/21 09:42:24 INFO Executor: Starting executor ID driver on host ***-airflow-scheduler
[2025-02-21T09:42:24.983+0000] {spark_submit.py:641} INFO - 25/02/21 09:42:24 INFO Executor: Starting executor with user classpath (userClassPathFirst = false): ''
[2025-02-21T09:42:24.997+0000] {spark_submit.py:641} INFO - 25/02/21 09:42:24 INFO Executor: Fetching spark://***-airflow-scheduler:34749/jars/postgresql-42.2.18.jar with timestamp 1740130942740
[2025-02-21T09:42:25.042+0000] {spark_submit.py:641} INFO - 25/02/21 09:42:25 INFO TransportClientFactory: Successfully created connection to ***-airflow-scheduler/172.19.0.6:34749 after 24 ms (0 ms spent in bootstraps)
[2025-02-21T09:42:25.048+0000] {spark_submit.py:641} INFO - 25/02/21 09:42:25 INFO Utils: Fetching spark://***-airflow-scheduler:34749/jars/postgresql-42.2.18.jar to /tmp/spark-50a8be04-e493-4903-853a-e4e9c666a5a7/userFiles-7739f6a5-781b-4cdd-a9f3-5dd8472d6f5b/fetchFileTemp14452255422400543374.tmp
[2025-02-21T09:42:25.112+0000] {spark_submit.py:641} INFO - 25/02/21 09:42:25 INFO Executor: Adding file:/tmp/spark-50a8be04-e493-4903-853a-e4e9c666a5a7/userFiles-7739f6a5-781b-4cdd-a9f3-5dd8472d6f5b/postgresql-42.2.18.jar to class loader
[2025-02-21T09:42:25.120+0000] {spark_submit.py:641} INFO - 25/02/21 09:42:25 INFO Utils: Successfully started service 'org.apache.spark.network.netty.NettyBlockTransferService' on port 45741.
[2025-02-21T09:42:25.121+0000] {spark_submit.py:641} INFO - 25/02/21 09:42:25 INFO NettyBlockTransferService: Server created on ***-airflow-scheduler:45741
[2025-02-21T09:42:25.123+0000] {spark_submit.py:641} INFO - 25/02/21 09:42:25 INFO BlockManager: Using org.apache.spark.storage.RandomBlockReplicationPolicy for block replication policy
[2025-02-21T09:42:25.129+0000] {spark_submit.py:641} INFO - 25/02/21 09:42:25 INFO BlockManagerMaster: Registering BlockManager BlockManagerId(driver, ***-airflow-scheduler, 45741, None)
[2025-02-21T09:42:25.134+0000] {spark_submit.py:641} INFO - 25/02/21 09:42:25 INFO BlockManagerMasterEndpoint: Registering block manager ***-airflow-scheduler:45741 with 434.4 MiB RAM, BlockManagerId(driver, ***-airflow-scheduler, 45741, None)
[2025-02-21T09:42:25.138+0000] {spark_submit.py:641} INFO - 25/02/21 09:42:25 INFO BlockManagerMaster: Registered BlockManager BlockManagerId(driver, ***-airflow-scheduler, 45741, None)
[2025-02-21T09:42:25.139+0000] {spark_submit.py:641} INFO - 25/02/21 09:42:25 INFO BlockManager: Initialized BlockManager: BlockManagerId(driver, ***-airflow-scheduler, 45741, None)
[2025-02-21T09:42:28.575+0000] {spark_submit.py:641} INFO - ---------------- MENAMPILKAN BANYAK DATA NULL DI SETIAP KOLOM ----------------
[2025-02-21T09:42:30.195+0000] {spark_submit.py:641} INFO - +----------------+---------------+-----------+--------------+-----------+------------------------+--------------------+--------+-------------------------+----------------------+--------------------------+---------------+-----------------------+
[2025-02-21T09:42:30.197+0000] {spark_submit.py:641} INFO - |employee_id_null|department_null|region_null|education_null|gender_null|recruitment_channel_null|no_of_trainings_null|age_null|previous_year_rating_null|length_of_service_null|KPIs_met_more_than_80_null|awards_won_null|avg_training_score_nuli|
[2025-02-21T09:42:30.199+0000] {spark_submit.py:641} INFO - +----------------+---------------+-----------+--------------+-----------+------------------------+--------------------+--------+-------------------------+----------------------+--------------------------+---------------+-----------------------+
[2025-02-21T09:42:30.201+0000] {spark_submit.py:641} INFO - |               0|              0|          0|           771|          0|                       0|                   0|       0|                     1363|                     0|                         0|              0|                      0|
[2025-02-21T09:42:30.202+0000] {spark_submit.py:641} INFO - +----------------+---------------+-----------+--------------+-----------+------------------------+--------------------+--------+-------------------------+----------------------+--------------------------+---------------+-----------------------+
[2025-02-21T09:42:30.203+0000] {spark_submit.py:641} INFO - 
[2025-02-21T09:42:30.205+0000] {spark_submit.py:641} INFO - ---------------- NULL HANDLING PADA KOLOM EDUCATION & PREVIOUS_YEAR_RATING ----------------
[2025-02-21T09:42:30.432+0000] {spark_submit.py:641} INFO - +--------------+-------------------------+
[2025-02-21T09:42:30.436+0000] {spark_submit.py:641} INFO - |education_null|previous_year_rating_null|
[2025-02-21T09:42:30.438+0000] {spark_submit.py:641} INFO - +--------------+-------------------------+
[2025-02-21T09:42:30.439+0000] {spark_submit.py:641} INFO - |             0|                        0|
[2025-02-21T09:42:30.440+0000] {spark_submit.py:641} INFO - +--------------+-------------------------+
[2025-02-21T09:42:30.442+0000] {spark_submit.py:641} INFO - 
[2025-02-21T09:42:30.443+0000] {spark_submit.py:641} INFO - ---------------- MENAMPILKAN BANYAK DATA DUPLIKAT BERDASARKAN EMPLOYEE_ID ----------------
[2025-02-21T09:42:31.249+0000] {spark_submit.py:641} INFO - +-----------+------+
[2025-02-21T09:42:31.251+0000] {spark_submit.py:641} INFO - |employee_id|jumlah|
[2025-02-21T09:42:31.254+0000] {spark_submit.py:641} INFO - +-----------+------+
[2025-02-21T09:42:31.256+0000] {spark_submit.py:641} INFO - |      64573|     2|
[2025-02-21T09:42:31.257+0000] {spark_submit.py:641} INFO - |      49584|     3|
[2025-02-21T09:42:31.259+0000] {spark_submit.py:641} INFO - +-----------+------+
[2025-02-21T09:42:31.260+0000] {spark_submit.py:641} INFO - 
[2025-02-21T09:42:31.261+0000] {spark_submit.py:641} INFO - ---------------- MENAMPILKAN SEMUA BARIS DAN KOLOM DARI EMPLOYEE ID YANG DUPLIKAT ----------------
[2025-02-21T09:42:31.618+0000] {spark_submit.py:641} INFO - +-----------+----------+--------+---------+------+-------------------+---------------+---+--------------------+-----------------+---------------------+----------+------------------+
[2025-02-21T09:42:31.620+0000] {spark_submit.py:641} INFO - |employee_id|department|  region|education|gender|recruitment_channel|no_of_trainings|age|previous_year_rating|length_of_service|KPIs_met_more_than_80|awards_won|avg_training_score|
[2025-02-21T09:42:31.623+0000] {spark_submit.py:641} INFO - +-----------+----------+--------+---------+------+-------------------+---------------+---+--------------------+-----------------+---------------------+----------+------------------+
[2025-02-21T09:42:31.625+0000] {spark_submit.py:641} INFO - |      49584|        HR|region_7|Bachelors|     m|              other|              1| 33|                   1|                9|                    0|         0|                51|
[2025-02-21T09:42:31.626+0000] {spark_submit.py:641} INFO - |      49584|        HR|region_7|Bachelors|     m|              other|              1| 33|                   1|                9|                    0|         0|                51|
[2025-02-21T09:42:31.627+0000] {spark_submit.py:641} INFO - |      49584|        HR|region_7|Bachelors|     m|              other|              1| 33|                   1|                9|                    0|         0|                51|
[2025-02-21T09:42:31.628+0000] {spark_submit.py:641} INFO - |      64573|Technology|region_7|Bachelors|     f|           referred|              2| 30|                   5|                6|                    1|         0|                81|
[2025-02-21T09:42:31.629+0000] {spark_submit.py:641} INFO - |      64573|        HR|region_7|Bachelors|     f|           referred|              1| 35|                   5|                4|                    1|         0|                81|
[2025-02-21T09:42:31.630+0000] {spark_submit.py:641} INFO - +-----------+----------+--------+---------+------+-------------------+---------------+---+--------------------+-----------------+---------------------+----------+------------------+
[2025-02-21T09:42:31.631+0000] {spark_submit.py:641} INFO - 
[2025-02-21T09:42:31.632+0000] {spark_submit.py:641} INFO - ---------------- MENAMPILKAN HASIL DARI DATA DUPLIKASI YANG TELAH DIHANDLE BERDASARKAN KOLOM EMPLOYEE_ID DAN DEPARTMENT ----------------
[2025-02-21T09:42:32.194+0000] {spark_submit.py:641} INFO - +-----------+----------+--------+---------+------+-------------------+---------------+---+--------------------+-----------------+---------------------+----------+------------------+
[2025-02-21T09:42:32.195+0000] {spark_submit.py:641} INFO - |employee_id|department|  region|education|gender|recruitment_channel|no_of_trainings|age|previous_year_rating|length_of_service|KPIs_met_more_than_80|awards_won|avg_training_score|
[2025-02-21T09:42:32.197+0000] {spark_submit.py:641} INFO - +-----------+----------+--------+---------+------+-------------------+---------------+---+--------------------+-----------------+---------------------+----------+------------------+
[2025-02-21T09:42:32.198+0000] {spark_submit.py:641} INFO - |      49584|        HR|region_7|Bachelors|     m|              other|              1| 33|                   1|                9|                    0|         0|                51|
[2025-02-21T09:42:32.200+0000] {spark_submit.py:641} INFO - |      64573|        HR|region_7|Bachelors|     f|           referred|              1| 35|                   5|                4|                    1|         0|                81|
[2025-02-21T09:42:32.202+0000] {spark_submit.py:641} INFO - |      64573|Technology|region_7|Bachelors|     f|           referred|              2| 30|                   5|                6|                    1|         0|                81|
[2025-02-21T09:42:32.203+0000] {spark_submit.py:641} INFO - +-----------+----------+--------+---------+------+-------------------+---------------+---+--------------------+-----------------+---------------------+----------+------------------+
[2025-02-21T09:42:32.204+0000] {spark_submit.py:641} INFO - 
[2025-02-21T09:42:33.507+0000] {spark_submit.py:641} INFO - ---------------- MENAMPILKAN DATA HASIL TRASNFORMASI ----------------
[2025-02-21T09:42:33.936+0000] {spark_submit.py:641} INFO - +-----------+-----------------+---------+---------------+------+-------------------+---------------+---+--------------------+-----------------+---------------------+----------+------------------+
[2025-02-21T09:42:33.938+0000] {spark_submit.py:641} INFO - |employee_id|       department|   region|      education|gender|recruitment_channel|no_of_trainings|age|previous_year_rating|length_of_service|KPIs_met_more_than_80|awards_won|avg_training_score|
[2025-02-21T09:42:33.945+0000] {spark_submit.py:641} INFO - +-----------+-----------------+---------+---------------+------+-------------------+---------------+---+--------------------+-----------------+---------------------+----------+------------------+
[2025-02-21T09:42:33.948+0000] {spark_submit.py:641} INFO - |          3|      Procurement|region_22|Masters & above|     f|              other|              1| 38|                   5|                4|                    1|         0|                67|
[2025-02-21T09:42:33.953+0000] {spark_submit.py:641} INFO - |          6|Sales & Marketing|region_15|      Bachelors|     f|              other|              1| 38|                   3|               10|                    0|         0|                50|
[2025-02-21T09:42:33.956+0000] {spark_submit.py:641} INFO - |         11|       Technology| region_4|Masters & above|     f|           sourcing|              1| 39|                   4|               12|                    1|         0|                72|
[2025-02-21T09:42:33.957+0000] {spark_submit.py:641} INFO - |         13|Sales & Marketing|region_17|      Bachelors|     m|              other|              1| 38|                   1|                5|                    1|         0|                47|
[2025-02-21T09:42:33.958+0000] {spark_submit.py:641} INFO - |         16|Sales & Marketing| region_4|Masters & above|     m|           sourcing|              1| 40|                   5|                5|                    0|         0|                53|
[2025-02-21T09:42:33.959+0000] {spark_submit.py:641} INFO - +-----------+-----------------+---------+---------------+------+-------------------+---------------+---+--------------------+-----------------+---------------------+----------+------------------+
[2025-02-21T09:42:33.961+0000] {spark_submit.py:641} INFO - only showing top 5 rows
[2025-02-21T09:42:33.963+0000] {spark_submit.py:641} INFO - 
[2025-02-21T09:42:34.355+0000] {spark_submit.py:641} INFO - Jumlah baris dalam DataFrame : 17415
[2025-02-21T09:42:34.357+0000] {spark_submit.py:641} INFO - Isi folder data/transformed.parquet :
[2025-02-21T09:42:34.358+0000] {spark_submit.py:641} INFO - ['part-00000-e5488d2a-f09a-42ad-b402-f9424906b808-c000.snappy.parquet', '_SUCCESS', '.part-00000-e5488d2a-f09a-42ad-b402-f9424906b808-c000.snappy.parquet.crc', '._SUCCESS.crc']
[2025-02-21T09:42:34.360+0000] {spark_submit.py:641} INFO - Transform data berhasil.
[2025-02-21T09:42:34.959+0000] {taskinstance.py:341} INFO - ::group::Post task execution logs
[2025-02-21T09:42:34.961+0000] {taskinstance.py:353} INFO - Marking task as SUCCESS. dag_id=***_v2_etl_dag, task_id=transform_task, run_id=manual__2025-02-21T09:21:09.662952+00:00, execution_date=20250221T092109, start_date=20250221T094219, end_date=20250221T094234
[2025-02-21T09:42:35.004+0000] {local_task_job_runner.py:266} INFO - Task exited with return code 0
[2025-02-21T09:42:35.035+0000] {taskinstance.py:3901} INFO - 1 downstream tasks scheduled from follow-on schedule check
[2025-02-21T09:42:35.039+0000] {local_task_job_runner.py:245} INFO - ::endgroup::
