[2025-02-21T09:21:49.417+0000] {local_task_job_runner.py:123} INFO - ::group::Pre task execution logs
[2025-02-21T09:21:49.446+0000] {taskinstance.py:2614} INFO - Dependencies all met for dep_context=non-requeueable deps ti=<TaskInstance: finprode8_v2_etl_dag.transform_task manual__2025-02-21T09:21:09.662952+00:00 [queued]>
[2025-02-21T09:21:49.463+0000] {taskinstance.py:2614} INFO - Dependencies all met for dep_context=requeueable deps ti=<TaskInstance: finprode8_v2_etl_dag.transform_task manual__2025-02-21T09:21:09.662952+00:00 [queued]>
[2025-02-21T09:21:49.464+0000] {taskinstance.py:2867} INFO - Starting attempt 1 of 1
[2025-02-21T09:21:49.485+0000] {taskinstance.py:2890} INFO - Executing <Task(SparkSubmitOperator): transform_task> on 2025-02-21 09:21:09.662952+00:00
[2025-02-21T09:21:49.495+0000] {standard_task_runner.py:72} INFO - Started process 463 to run task
[2025-02-21T09:21:49.499+0000] {standard_task_runner.py:104} INFO - Running: ['airflow', 'tasks', 'run', '***_v2_etl_dag', 'transform_task', 'manual__2025-02-21T09:21:09.662952+00:00', '--job-id', '122', '--raw', '--subdir', 'DAGS_FOLDER/***_v2_etl_dag.py', '--cfg-path', '/tmp/tmpii5h7fhg']
[2025-02-21T09:21:49.502+0000] {standard_task_runner.py:105} INFO - Job 122: Subtask transform_task
[2025-02-21T09:21:49.530+0000] {logging_mixin.py:190} WARNING - /home/airflow/.local/lib/python3.9/site-packages/airflow/settings.py:209 DeprecationWarning: The sql_alchemy_conn option in [core] has been moved to the sql_alchemy_conn option in [database] - the old setting has been used, but please update your config.
[2025-02-21T09:21:49.583+0000] {task_command.py:467} INFO - Running <TaskInstance: finprode8_v2_etl_dag.transform_task manual__2025-02-21T09:21:09.662952+00:00 [running]> on host ***-airflow-scheduler
[2025-02-21T09:21:49.698+0000] {taskinstance.py:3134} INFO - Exporting env vars: AIRFLOW_CTX_DAG_OWNER='ratih malini' AIRFLOW_CTX_DAG_ID='***_v2_etl_dag' AIRFLOW_CTX_TASK_ID='transform_task' AIRFLOW_CTX_EXECUTION_DATE='2025-02-21T09:21:09.662952+00:00' AIRFLOW_CTX_TRY_NUMBER='1' AIRFLOW_CTX_DAG_RUN_ID='manual__2025-02-21T09:21:09.662952+00:00'
[2025-02-21T09:21:49.701+0000] {taskinstance.py:732} INFO - ::endgroup::
[2025-02-21T09:21:49.738+0000] {base.py:84} INFO - Retrieving connection 'spark_main'
[2025-02-21T09:21:49.740+0000] {spark_submit.py:474} INFO - Spark-Submit cmd: spark-submit --master spark://***-spark-master:7077 --packages org.postgresql:postgresql:42.2.18 --name arrow-spark /spark-scripts/***_v2_transform.py
[2025-02-21T09:21:51.557+0000] {spark_submit.py:641} INFO - :: loading settings :: url = jar:file:/home/airflow/.local/lib/python3.9/site-packages/pyspark/jars/ivy-2.5.1.jar!/org/apache/ivy/core/settings/ivysettings.xml
[2025-02-21T09:21:51.657+0000] {spark_submit.py:641} INFO - Ivy Default Cache set to: /home/airflow/.ivy2/cache
[2025-02-21T09:21:51.659+0000] {spark_submit.py:641} INFO - The jars for the packages stored in: /home/airflow/.ivy2/jars
[2025-02-21T09:21:51.663+0000] {spark_submit.py:641} INFO - org.postgresql#postgresql added as a dependency
[2025-02-21T09:21:51.666+0000] {spark_submit.py:641} INFO - :: resolving dependencies :: org.apache.spark#spark-submit-parent-8e950d23-e5ea-4763-8b2b-afbd58b6b189;1.0
[2025-02-21T09:21:51.668+0000] {spark_submit.py:641} INFO - confs: [default]
[2025-02-21T09:21:51.817+0000] {spark_submit.py:641} INFO - found org.postgresql#postgresql;42.2.18 in central
[2025-02-21T09:21:51.841+0000] {spark_submit.py:641} INFO - found org.checkerframework#checker-qual;3.5.0 in central
[2025-02-21T09:21:51.861+0000] {spark_submit.py:641} INFO - :: resolution report :: resolve 187ms :: artifacts dl 9ms
[2025-02-21T09:21:51.863+0000] {spark_submit.py:641} INFO - :: modules in use:
[2025-02-21T09:21:51.864+0000] {spark_submit.py:641} INFO - org.checkerframework#checker-qual;3.5.0 from central in [default]
[2025-02-21T09:21:51.865+0000] {spark_submit.py:641} INFO - org.postgresql#postgresql;42.2.18 from central in [default]
[2025-02-21T09:21:51.867+0000] {spark_submit.py:641} INFO - ---------------------------------------------------------------------
[2025-02-21T09:21:51.871+0000] {spark_submit.py:641} INFO - |                  |            modules            ||   artifacts   |
[2025-02-21T09:21:51.873+0000] {spark_submit.py:641} INFO - |       conf       | number| search|dwnlded|evicted|| number|dwnlded|
[2025-02-21T09:21:51.874+0000] {spark_submit.py:641} INFO - ---------------------------------------------------------------------
[2025-02-21T09:21:51.876+0000] {spark_submit.py:641} INFO - |      default     |   2   |   0   |   0   |   0   ||   2   |   0   |
[2025-02-21T09:21:51.877+0000] {spark_submit.py:641} INFO - ---------------------------------------------------------------------
[2025-02-21T09:21:51.879+0000] {spark_submit.py:641} INFO - :: retrieving :: org.apache.spark#spark-submit-parent-8e950d23-e5ea-4763-8b2b-afbd58b6b189
[2025-02-21T09:21:51.880+0000] {spark_submit.py:641} INFO - confs: [default]
[2025-02-21T09:21:51.882+0000] {spark_submit.py:641} INFO - 0 artifacts copied, 2 already retrieved (0kB/8ms)
[2025-02-21T09:21:52.200+0000] {spark_submit.py:641} INFO - 25/02/21 09:21:52 WARN NativeCodeLoader: Unable to load native-hadoop library for your platform... using builtin-java classes where applicable
[2025-02-21T09:21:53.455+0000] {spark_submit.py:641} INFO - 25/02/21 09:21:53 INFO SparkContext: Running Spark version 3.3.2
[2025-02-21T09:21:53.485+0000] {spark_submit.py:641} INFO - 25/02/21 09:21:53 INFO ResourceUtils: ==============================================================
[2025-02-21T09:21:53.487+0000] {spark_submit.py:641} INFO - 25/02/21 09:21:53 INFO ResourceUtils: No custom resources configured for spark.driver.
[2025-02-21T09:21:53.489+0000] {spark_submit.py:641} INFO - 25/02/21 09:21:53 INFO ResourceUtils: ==============================================================
[2025-02-21T09:21:53.491+0000] {spark_submit.py:641} INFO - 25/02/21 09:21:53 INFO SparkContext: Submitted application: ***_transform
[2025-02-21T09:21:53.508+0000] {spark_submit.py:641} INFO - 25/02/21 09:21:53 INFO ResourceProfile: Default ResourceProfile created, executor resources: Map(cores -> name: cores, amount: 1, script: , vendor: , memory -> name: memory, amount: 1024, script: , vendor: , offHeap -> name: offHeap, amount: 0, script: , vendor: ), task resources: Map(cpus -> name: cpus, amount: 1.0)
[2025-02-21T09:21:53.515+0000] {spark_submit.py:641} INFO - 25/02/21 09:21:53 INFO ResourceProfile: Limiting resource is cpu
[2025-02-21T09:21:53.517+0000] {spark_submit.py:641} INFO - 25/02/21 09:21:53 INFO ResourceProfileManager: Added ResourceProfile id: 0
[2025-02-21T09:21:53.578+0000] {spark_submit.py:641} INFO - 25/02/21 09:21:53 INFO SecurityManager: Changing view acls to: airflow
[2025-02-21T09:21:53.580+0000] {spark_submit.py:641} INFO - 25/02/21 09:21:53 INFO SecurityManager: Changing modify acls to: airflow
[2025-02-21T09:21:53.582+0000] {spark_submit.py:641} INFO - 25/02/21 09:21:53 INFO SecurityManager: Changing view acls groups to:
[2025-02-21T09:21:53.584+0000] {spark_submit.py:641} INFO - 25/02/21 09:21:53 INFO SecurityManager: Changing modify acls groups to:
[2025-02-21T09:21:53.586+0000] {spark_submit.py:641} INFO - 25/02/21 09:21:53 INFO SecurityManager: SecurityManager: authentication disabled; ui acls disabled; users  with view permissions: Set(airflow); groups with view permissions: Set(); users  with modify permissions: Set(airflow); groups with modify permissions: Set()
[2025-02-21T09:21:53.835+0000] {spark_submit.py:641} INFO - 25/02/21 09:21:53 INFO Utils: Successfully started service 'sparkDriver' on port 39491.
[2025-02-21T09:21:53.867+0000] {spark_submit.py:641} INFO - 25/02/21 09:21:53 INFO SparkEnv: Registering MapOutputTracker
[2025-02-21T09:21:53.906+0000] {spark_submit.py:641} INFO - 25/02/21 09:21:53 INFO SparkEnv: Registering BlockManagerMaster
[2025-02-21T09:21:53.931+0000] {spark_submit.py:641} INFO - 25/02/21 09:21:53 INFO BlockManagerMasterEndpoint: Using org.apache.spark.storage.DefaultTopologyMapper for getting topology information
[2025-02-21T09:21:53.933+0000] {spark_submit.py:641} INFO - 25/02/21 09:21:53 INFO BlockManagerMasterEndpoint: BlockManagerMasterEndpoint up
[2025-02-21T09:21:53.943+0000] {spark_submit.py:641} INFO - 25/02/21 09:21:53 INFO SparkEnv: Registering BlockManagerMasterHeartbeat
[2025-02-21T09:21:53.966+0000] {spark_submit.py:641} INFO - 25/02/21 09:21:53 INFO DiskBlockManager: Created local directory at /tmp/blockmgr-5e6ca873-2925-4b7a-b18d-a2af6377021b
[2025-02-21T09:21:53.982+0000] {spark_submit.py:641} INFO - 25/02/21 09:21:53 INFO MemoryStore: MemoryStore started with capacity 434.4 MiB
[2025-02-21T09:21:53.998+0000] {spark_submit.py:641} INFO - 25/02/21 09:21:53 INFO SparkEnv: Registering OutputCommitCoordinator
[2025-02-21T09:21:54.200+0000] {spark_submit.py:641} INFO - 25/02/21 09:21:54 INFO Utils: Successfully started service 'SparkUI' on port 4040.
[2025-02-21T09:21:54.249+0000] {spark_submit.py:641} INFO - 25/02/21 09:21:54 INFO SparkContext: Added JAR /spark-scripts/jars/postgresql-42.2.18.jar at spark://***-airflow-scheduler:39491/jars/postgresql-42.2.18.jar with timestamp 1740129713447
[2025-02-21T09:21:54.251+0000] {spark_submit.py:641} INFO - 25/02/21 09:21:54 INFO SparkContext: Added file file:///home/airflow/.ivy2/jars/org.postgresql_postgresql-42.2.18.jar at file:///home/airflow/.ivy2/jars/org.postgresql_postgresql-42.2.18.jar with timestamp 1740129713447
[2025-02-21T09:21:54.252+0000] {spark_submit.py:641} INFO - 25/02/21 09:21:54 INFO Utils: Copying /home/airflow/.ivy2/jars/org.postgresql_postgresql-42.2.18.jar to /tmp/spark-06355527-4411-4b0c-9a51-86c4f75ee22d/userFiles-a84c4f99-ca16-40f1-ba95-8bde3499642a/org.postgresql_postgresql-42.2.18.jar
[2025-02-21T09:21:54.264+0000] {spark_submit.py:641} INFO - 25/02/21 09:21:54 INFO SparkContext: Added file file:///home/airflow/.ivy2/jars/org.checkerframework_checker-qual-3.5.0.jar at file:///home/airflow/.ivy2/jars/org.checkerframework_checker-qual-3.5.0.jar with timestamp 1740129713447
[2025-02-21T09:21:54.265+0000] {spark_submit.py:641} INFO - 25/02/21 09:21:54 INFO Utils: Copying /home/airflow/.ivy2/jars/org.checkerframework_checker-qual-3.5.0.jar to /tmp/spark-06355527-4411-4b0c-9a51-86c4f75ee22d/userFiles-a84c4f99-ca16-40f1-ba95-8bde3499642a/org.checkerframework_checker-qual-3.5.0.jar
[2025-02-21T09:21:54.329+0000] {spark_submit.py:641} INFO - 25/02/21 09:21:54 INFO Executor: Starting executor ID driver on host ***-airflow-scheduler
[2025-02-21T09:21:54.334+0000] {spark_submit.py:641} INFO - 25/02/21 09:21:54 INFO Executor: Starting executor with user classpath (userClassPathFirst = false): ''
[2025-02-21T09:21:54.345+0000] {spark_submit.py:641} INFO - 25/02/21 09:21:54 INFO Executor: Fetching file:///home/airflow/.ivy2/jars/org.postgresql_postgresql-42.2.18.jar with timestamp 1740129713447
[2025-02-21T09:21:54.368+0000] {spark_submit.py:641} INFO - 25/02/21 09:21:54 INFO Utils: /home/airflow/.ivy2/jars/org.postgresql_postgresql-42.2.18.jar has been previously copied to /tmp/spark-06355527-4411-4b0c-9a51-86c4f75ee22d/userFiles-a84c4f99-ca16-40f1-ba95-8bde3499642a/org.postgresql_postgresql-42.2.18.jar
[2025-02-21T09:21:54.374+0000] {spark_submit.py:641} INFO - 25/02/21 09:21:54 INFO Executor: Fetching file:///home/airflow/.ivy2/jars/org.checkerframework_checker-qual-3.5.0.jar with timestamp 1740129713447
[2025-02-21T09:21:54.376+0000] {spark_submit.py:641} INFO - 25/02/21 09:21:54 INFO Utils: /home/airflow/.ivy2/jars/org.checkerframework_checker-qual-3.5.0.jar has been previously copied to /tmp/spark-06355527-4411-4b0c-9a51-86c4f75ee22d/userFiles-a84c4f99-ca16-40f1-ba95-8bde3499642a/org.checkerframework_checker-qual-3.5.0.jar
[2025-02-21T09:21:54.388+0000] {spark_submit.py:641} INFO - 25/02/21 09:21:54 INFO Executor: Fetching spark://***-airflow-scheduler:39491/jars/postgresql-42.2.18.jar with timestamp 1740129713447
[2025-02-21T09:21:54.424+0000] {spark_submit.py:641} INFO - 25/02/21 09:21:54 INFO TransportClientFactory: Successfully created connection to ***-airflow-scheduler/172.19.0.6:39491 after 26 ms (0 ms spent in bootstraps)
[2025-02-21T09:21:54.428+0000] {spark_submit.py:641} INFO - 25/02/21 09:21:54 INFO Utils: Fetching spark://***-airflow-scheduler:39491/jars/postgresql-42.2.18.jar to /tmp/spark-06355527-4411-4b0c-9a51-86c4f75ee22d/userFiles-a84c4f99-ca16-40f1-ba95-8bde3499642a/fetchFileTemp14143272938376387853.tmp
[2025-02-21T09:21:54.487+0000] {spark_submit.py:641} INFO - 25/02/21 09:21:54 INFO Executor: Adding file:/tmp/spark-06355527-4411-4b0c-9a51-86c4f75ee22d/userFiles-a84c4f99-ca16-40f1-ba95-8bde3499642a/postgresql-42.2.18.jar to class loader
[2025-02-21T09:21:54.493+0000] {spark_submit.py:641} INFO - 25/02/21 09:21:54 INFO Utils: Successfully started service 'org.apache.spark.network.netty.NettyBlockTransferService' on port 38231.
[2025-02-21T09:21:54.494+0000] {spark_submit.py:641} INFO - 25/02/21 09:21:54 INFO NettyBlockTransferService: Server created on ***-airflow-scheduler:38231
[2025-02-21T09:21:54.496+0000] {spark_submit.py:641} INFO - 25/02/21 09:21:54 INFO BlockManager: Using org.apache.spark.storage.RandomBlockReplicationPolicy for block replication policy
[2025-02-21T09:21:54.505+0000] {spark_submit.py:641} INFO - 25/02/21 09:21:54 INFO BlockManagerMaster: Registering BlockManager BlockManagerId(driver, ***-airflow-scheduler, 38231, None)
[2025-02-21T09:21:54.509+0000] {spark_submit.py:641} INFO - 25/02/21 09:21:54 INFO BlockManagerMasterEndpoint: Registering block manager ***-airflow-scheduler:38231 with 434.4 MiB RAM, BlockManagerId(driver, ***-airflow-scheduler, 38231, None)
[2025-02-21T09:21:54.512+0000] {spark_submit.py:641} INFO - 25/02/21 09:21:54 INFO BlockManagerMaster: Registered BlockManager BlockManagerId(driver, ***-airflow-scheduler, 38231, None)
[2025-02-21T09:21:54.515+0000] {spark_submit.py:641} INFO - 25/02/21 09:21:54 INFO BlockManager: Initialized BlockManager: BlockManagerId(driver, ***-airflow-scheduler, 38231, None)
[2025-02-21T09:21:58.037+0000] {spark_submit.py:641} INFO - ---------------- MENAMPILKAN BANYAK DATA NULL DI SETIAP KOLOM ----------------
[2025-02-21T09:22:00.200+0000] {spark_submit.py:641} INFO - +----------------+---------------+-----------+--------------+-----------+------------------------+--------------------+--------+-------------------------+----------------------+--------------------------+---------------+-----------------------+
[2025-02-21T09:22:00.201+0000] {spark_submit.py:641} INFO - |employee_id_null|department_null|region_null|education_null|gender_null|recruitment_channel_null|no_of_trainings_null|age_null|previous_year_rating_null|length_of_service_null|KPIs_met_more_than_80_null|awards_won_null|avg_training_score_nuli|
[2025-02-21T09:22:00.203+0000] {spark_submit.py:641} INFO - +----------------+---------------+-----------+--------------+-----------+------------------------+--------------------+--------+-------------------------+----------------------+--------------------------+---------------+-----------------------+
[2025-02-21T09:22:00.205+0000] {spark_submit.py:641} INFO - |               0|              0|          0|           771|          0|                       0|                   0|       0|                     1363|                     0|                         0|              0|                      0|
[2025-02-21T09:22:00.209+0000] {spark_submit.py:641} INFO - +----------------+---------------+-----------+--------------+-----------+------------------------+--------------------+--------+-------------------------+----------------------+--------------------------+---------------+-----------------------+
[2025-02-21T09:22:00.211+0000] {spark_submit.py:641} INFO - 
[2025-02-21T09:22:00.213+0000] {spark_submit.py:641} INFO - ---------------- NULL HANDLING PADA KOLOM EDUCATION & PREVIOUS_YEAR_RATING ----------------
[2025-02-21T09:22:00.561+0000] {spark_submit.py:641} INFO - +--------------+-------------------------+
[2025-02-21T09:22:00.563+0000] {spark_submit.py:641} INFO - |education_null|previous_year_rating_null|
[2025-02-21T09:22:00.564+0000] {spark_submit.py:641} INFO - +--------------+-------------------------+
[2025-02-21T09:22:00.565+0000] {spark_submit.py:641} INFO - |             0|                        0|
[2025-02-21T09:22:00.566+0000] {spark_submit.py:641} INFO - +--------------+-------------------------+
[2025-02-21T09:22:00.568+0000] {spark_submit.py:641} INFO - 
[2025-02-21T09:22:00.569+0000] {spark_submit.py:641} INFO - ---------------- MENAMPILKAN BANYAK DATA DUPLIKAT BERDASARKAN EMPLOYEE_ID ----------------
[2025-02-21T09:22:01.472+0000] {spark_submit.py:641} INFO - +-----------+------+
[2025-02-21T09:22:01.475+0000] {spark_submit.py:641} INFO - |employee_id|jumlah|
[2025-02-21T09:22:01.476+0000] {spark_submit.py:641} INFO - +-----------+------+
[2025-02-21T09:22:01.478+0000] {spark_submit.py:641} INFO - |      64573|     2|
[2025-02-21T09:22:01.479+0000] {spark_submit.py:641} INFO - |      49584|     3|
[2025-02-21T09:22:01.480+0000] {spark_submit.py:641} INFO - +-----------+------+
[2025-02-21T09:22:01.481+0000] {spark_submit.py:641} INFO - 
[2025-02-21T09:22:01.482+0000] {spark_submit.py:641} INFO - ---------------- MENAMPILKAN SEMUA BARIS DAN KOLOM DARI EMPLOYEE ID YANG DUPLIKAT ----------------
[2025-02-21T09:22:01.919+0000] {spark_submit.py:641} INFO - +-----------+----------+--------+---------+------+-------------------+---------------+---+--------------------+-----------------+---------------------+----------+------------------+
[2025-02-21T09:22:01.921+0000] {spark_submit.py:641} INFO - |employee_id|department|  region|education|gender|recruitment_channel|no_of_trainings|age|previous_year_rating|length_of_service|KPIs_met_more_than_80|awards_won|avg_training_score|
[2025-02-21T09:22:01.923+0000] {spark_submit.py:641} INFO - +-----------+----------+--------+---------+------+-------------------+---------------+---+--------------------+-----------------+---------------------+----------+------------------+
[2025-02-21T09:22:01.924+0000] {spark_submit.py:641} INFO - |      49584|        HR|region_7|Bachelors|     m|              other|              1| 33|                   1|                9|                    0|         0|                51|
[2025-02-21T09:22:01.925+0000] {spark_submit.py:641} INFO - |      49584|        HR|region_7|Bachelors|     m|              other|              1| 33|                   1|                9|                    0|         0|                51|
[2025-02-21T09:22:01.926+0000] {spark_submit.py:641} INFO - |      49584|        HR|region_7|Bachelors|     m|              other|              1| 33|                   1|                9|                    0|         0|                51|
[2025-02-21T09:22:01.927+0000] {spark_submit.py:641} INFO - |      64573|Technology|region_7|Bachelors|     f|           referred|              2| 30|                   5|                6|                    1|         0|                81|
[2025-02-21T09:22:01.928+0000] {spark_submit.py:641} INFO - |      64573|        HR|region_7|Bachelors|     f|           referred|              1| 35|                   5|                4|                    1|         0|                81|
[2025-02-21T09:22:01.929+0000] {spark_submit.py:641} INFO - +-----------+----------+--------+---------+------+-------------------+---------------+---+--------------------+-----------------+---------------------+----------+------------------+
[2025-02-21T09:22:01.930+0000] {spark_submit.py:641} INFO - 
[2025-02-21T09:22:01.931+0000] {spark_submit.py:641} INFO - ---------------- MENAMPILKAN HASIL DARI DATA DUPLIKASI YANG TELAH DIHANDLE BERDASARKAN KOLOM EMPLOYEE_ID DAN DEPARTMENT ----------------
[2025-02-21T09:22:02.790+0000] {spark_submit.py:641} INFO - +-----------+----------+--------+---------+------+-------------------+---------------+---+--------------------+-----------------+---------------------+----------+------------------+
[2025-02-21T09:22:02.792+0000] {spark_submit.py:641} INFO - |employee_id|department|  region|education|gender|recruitment_channel|no_of_trainings|age|previous_year_rating|length_of_service|KPIs_met_more_than_80|awards_won|avg_training_score|
[2025-02-21T09:22:02.793+0000] {spark_submit.py:641} INFO - +-----------+----------+--------+---------+------+-------------------+---------------+---+--------------------+-----------------+---------------------+----------+------------------+
[2025-02-21T09:22:02.794+0000] {spark_submit.py:641} INFO - |      49584|        HR|region_7|Bachelors|     m|              other|              1| 33|                   1|                9|                    0|         0|                51|
[2025-02-21T09:22:02.795+0000] {spark_submit.py:641} INFO - |      64573|        HR|region_7|Bachelors|     f|           referred|              1| 35|                   5|                4|                    1|         0|                81|
[2025-02-21T09:22:02.800+0000] {spark_submit.py:641} INFO - |      64573|Technology|region_7|Bachelors|     f|           referred|              2| 30|                   5|                6|                    1|         0|                81|
[2025-02-21T09:22:02.804+0000] {spark_submit.py:641} INFO - +-----------+----------+--------+---------+------+-------------------+---------------+---+--------------------+-----------------+---------------------+----------+------------------+
[2025-02-21T09:22:02.805+0000] {spark_submit.py:641} INFO - 
[2025-02-21T09:22:04.150+0000] {spark_submit.py:641} INFO - ---------------- MENAMPILKAN DATA HASIL TRASNFORMASI ----------------
[2025-02-21T09:22:04.578+0000] {spark_submit.py:641} INFO - +-----------+-----------------+---------+---------------+------+-------------------+---------------+---+--------------------+-----------------+---------------------+----------+------------------+
[2025-02-21T09:22:04.580+0000] {spark_submit.py:641} INFO - |employee_id|       department|   region|      education|gender|recruitment_channel|no_of_trainings|age|previous_year_rating|length_of_service|KPIs_met_more_than_80|awards_won|avg_training_score|
[2025-02-21T09:22:04.583+0000] {spark_submit.py:641} INFO - +-----------+-----------------+---------+---------------+------+-------------------+---------------+---+--------------------+-----------------+---------------------+----------+------------------+
[2025-02-21T09:22:04.585+0000] {spark_submit.py:641} INFO - |          3|      Procurement|region_22|Masters & above|     f|              other|              1| 38|                   5|                4|                    1|         0|                67|
[2025-02-21T09:22:04.588+0000] {spark_submit.py:641} INFO - |          6|Sales & Marketing|region_15|      Bachelors|     f|              other|              1| 38|                   3|               10|                    0|         0|                50|
[2025-02-21T09:22:04.590+0000] {spark_submit.py:641} INFO - |         11|       Technology| region_4|Masters & above|     f|           sourcing|              1| 39|                   4|               12|                    1|         0|                72|
[2025-02-21T09:22:04.591+0000] {spark_submit.py:641} INFO - |         13|Sales & Marketing|region_17|      Bachelors|     m|              other|              1| 38|                   1|                5|                    1|         0|                47|
[2025-02-21T09:22:04.593+0000] {spark_submit.py:641} INFO - |         16|Sales & Marketing| region_4|Masters & above|     m|           sourcing|              1| 40|                   5|                5|                    0|         0|                53|
[2025-02-21T09:22:04.594+0000] {spark_submit.py:641} INFO - +-----------+-----------------+---------+---------------+------+-------------------+---------------+---+--------------------+-----------------+---------------------+----------+------------------+
[2025-02-21T09:22:04.595+0000] {spark_submit.py:641} INFO - only showing top 5 rows
[2025-02-21T09:22:04.598+0000] {spark_submit.py:641} INFO - 
[2025-02-21T09:22:05.339+0000] {spark_submit.py:641} INFO - Jumlah baris dalam DataFrame : 17415
[2025-02-21T09:22:05.341+0000] {spark_submit.py:641} INFO - Isi folder data/transformed.parquet :
[2025-02-21T09:22:05.342+0000] {spark_submit.py:641} INFO - ['part-00000-a3cf2503-82e2-45b8-8581-458c32ac48a5-c000.snappy.parquet', '.part-00000-a3cf2503-82e2-45b8-8581-458c32ac48a5-c000.snappy.parquet.crc', '_SUCCESS', '._SUCCESS.crc']
[2025-02-21T09:22:05.343+0000] {spark_submit.py:641} INFO - Transform data berhasil.
[2025-02-21T09:22:05.908+0000] {taskinstance.py:341} INFO - ::group::Post task execution logs
[2025-02-21T09:22:05.912+0000] {taskinstance.py:353} INFO - Marking task as SUCCESS. dag_id=***_v2_etl_dag, task_id=transform_task, run_id=manual__2025-02-21T09:21:09.662952+00:00, execution_date=20250221T092109, start_date=20250221T092149, end_date=20250221T092205
[2025-02-21T09:22:05.970+0000] {local_task_job_runner.py:266} INFO - Task exited with return code 0
[2025-02-21T09:22:06.002+0000] {taskinstance.py:3901} INFO - 1 downstream tasks scheduled from follow-on schedule check
[2025-02-21T09:22:06.005+0000] {local_task_job_runner.py:245} INFO - ::endgroup::
