[2025-02-20T08:13:15.226+0000] {local_task_job_runner.py:123} INFO - ::group::Pre task execution logs
[2025-02-20T08:13:15.285+0000] {taskinstance.py:2614} INFO - Dependencies all met for dep_context=non-requeueable deps ti=<TaskInstance: finprode8_v2_etl_dag.extract_task manual__2025-02-20T08:13:11.398766+00:00 [queued]>
[2025-02-20T08:13:15.319+0000] {taskinstance.py:2614} INFO - Dependencies all met for dep_context=requeueable deps ti=<TaskInstance: finprode8_v2_etl_dag.extract_task manual__2025-02-20T08:13:11.398766+00:00 [queued]>
[2025-02-20T08:13:15.321+0000] {taskinstance.py:2867} INFO - Starting attempt 1 of 1
[2025-02-20T08:13:15.373+0000] {taskinstance.py:2890} INFO - Executing <Task(SparkSubmitOperator): extract_task> on 2025-02-20 08:13:11.398766+00:00
[2025-02-20T08:13:15.384+0000] {standard_task_runner.py:72} INFO - Started process 978 to run task
[2025-02-20T08:13:15.394+0000] {standard_task_runner.py:104} INFO - Running: ['airflow', 'tasks', 'run', '***_v2_etl_dag', 'extract_task', 'manual__2025-02-20T08:13:11.398766+00:00', '--job-id', '80', '--raw', '--subdir', 'DAGS_FOLDER/***_v2_etl_dag.py', '--cfg-path', '/tmp/tmp3bm1_kmg']
[2025-02-20T08:13:15.399+0000] {standard_task_runner.py:105} INFO - Job 80: Subtask extract_task
[2025-02-20T08:13:15.431+0000] {logging_mixin.py:190} WARNING - /home/airflow/.local/lib/python3.9/site-packages/airflow/settings.py:209 DeprecationWarning: The sql_alchemy_conn option in [core] has been moved to the sql_alchemy_conn option in [database] - the old setting has been used, but please update your config.
[2025-02-20T08:13:15.502+0000] {task_command.py:467} INFO - Running <TaskInstance: finprode8_v2_etl_dag.extract_task manual__2025-02-20T08:13:11.398766+00:00 [running]> on host ***-airflow-scheduler
[2025-02-20T08:13:15.689+0000] {taskinstance.py:3134} INFO - Exporting env vars: AIRFLOW_CTX_DAG_OWNER='ratih malini' AIRFLOW_CTX_DAG_ID='***_v2_etl_dag' AIRFLOW_CTX_TASK_ID='extract_task' AIRFLOW_CTX_EXECUTION_DATE='2025-02-20T08:13:11.398766+00:00' AIRFLOW_CTX_TRY_NUMBER='1' AIRFLOW_CTX_DAG_RUN_ID='manual__2025-02-20T08:13:11.398766+00:00'
[2025-02-20T08:13:15.694+0000] {taskinstance.py:732} INFO - ::endgroup::
[2025-02-20T08:13:15.786+0000] {base.py:84} INFO - Retrieving connection 'spark_main'
[2025-02-20T08:13:15.789+0000] {spark_submit.py:474} INFO - Spark-Submit cmd: spark-submit --master spark://***-spark-master:7077 --packages org.postgresql:postgresql:42.2.18 --name arrow-spark /spark-scripts/***_v2_extract.py
[2025-02-20T08:13:20.049+0000] {spark_submit.py:641} INFO - :: loading settings :: url = jar:file:/home/airflow/.local/lib/python3.9/site-packages/pyspark/jars/ivy-2.5.1.jar!/org/apache/ivy/core/settings/ivysettings.xml
[2025-02-20T08:13:20.171+0000] {spark_submit.py:641} INFO - Ivy Default Cache set to: /home/airflow/.ivy2/cache
[2025-02-20T08:13:20.173+0000] {spark_submit.py:641} INFO - The jars for the packages stored in: /home/airflow/.ivy2/jars
[2025-02-20T08:13:20.176+0000] {spark_submit.py:641} INFO - org.postgresql#postgresql added as a dependency
[2025-02-20T08:13:20.178+0000] {spark_submit.py:641} INFO - :: resolving dependencies :: org.apache.spark#spark-submit-parent-1a0f5fa0-6b83-4ab2-b535-d874514a62c9;1.0
[2025-02-20T08:13:20.180+0000] {spark_submit.py:641} INFO - confs: [default]
[2025-02-20T08:13:20.382+0000] {spark_submit.py:641} INFO - found org.postgresql#postgresql;42.2.18 in central
[2025-02-20T08:13:20.407+0000] {spark_submit.py:641} INFO - found org.checkerframework#checker-qual;3.5.0 in central
[2025-02-20T08:13:20.428+0000] {spark_submit.py:641} INFO - :: resolution report :: resolve 243ms :: artifacts dl 7ms
[2025-02-20T08:13:20.430+0000] {spark_submit.py:641} INFO - :: modules in use:
[2025-02-20T08:13:20.431+0000] {spark_submit.py:641} INFO - org.checkerframework#checker-qual;3.5.0 from central in [default]
[2025-02-20T08:13:20.433+0000] {spark_submit.py:641} INFO - org.postgresql#postgresql;42.2.18 from central in [default]
[2025-02-20T08:13:20.434+0000] {spark_submit.py:641} INFO - ---------------------------------------------------------------------
[2025-02-20T08:13:20.436+0000] {spark_submit.py:641} INFO - |                  |            modules            ||   artifacts   |
[2025-02-20T08:13:20.437+0000] {spark_submit.py:641} INFO - |       conf       | number| search|dwnlded|evicted|| number|dwnlded|
[2025-02-20T08:13:20.439+0000] {spark_submit.py:641} INFO - ---------------------------------------------------------------------
[2025-02-20T08:13:20.440+0000] {spark_submit.py:641} INFO - |      default     |   2   |   0   |   0   |   0   ||   2   |   0   |
[2025-02-20T08:13:20.441+0000] {spark_submit.py:641} INFO - ---------------------------------------------------------------------
[2025-02-20T08:13:20.443+0000] {spark_submit.py:641} INFO - :: retrieving :: org.apache.spark#spark-submit-parent-1a0f5fa0-6b83-4ab2-b535-d874514a62c9
[2025-02-20T08:13:20.444+0000] {spark_submit.py:641} INFO - confs: [default]
[2025-02-20T08:13:20.446+0000] {spark_submit.py:641} INFO - 0 artifacts copied, 2 already retrieved (0kB/6ms)
[2025-02-20T08:13:20.816+0000] {spark_submit.py:641} INFO - 25/02/20 08:13:20 WARN NativeCodeLoader: Unable to load native-hadoop library for your platform... using builtin-java classes where applicable
[2025-02-20T08:13:23.089+0000] {spark_submit.py:641} INFO - 25/02/20 08:13:23 INFO SparkContext: Running Spark version 3.3.2
[2025-02-20T08:13:23.118+0000] {spark_submit.py:641} INFO - 25/02/20 08:13:23 INFO ResourceUtils: ==============================================================
[2025-02-20T08:13:23.120+0000] {spark_submit.py:641} INFO - 25/02/20 08:13:23 INFO ResourceUtils: No custom resources configured for spark.driver.
[2025-02-20T08:13:23.121+0000] {spark_submit.py:641} INFO - 25/02/20 08:13:23 INFO ResourceUtils: ==============================================================
[2025-02-20T08:13:23.123+0000] {spark_submit.py:641} INFO - 25/02/20 08:13:23 INFO SparkContext: Submitted application: ***_extract
[2025-02-20T08:13:23.149+0000] {spark_submit.py:641} INFO - 25/02/20 08:13:23 INFO ResourceProfile: Default ResourceProfile created, executor resources: Map(cores -> name: cores, amount: 1, script: , vendor: , memory -> name: memory, amount: 1024, script: , vendor: , offHeap -> name: offHeap, amount: 0, script: , vendor: ), task resources: Map(cpus -> name: cpus, amount: 1.0)
[2025-02-20T08:13:23.159+0000] {spark_submit.py:641} INFO - 25/02/20 08:13:23 INFO ResourceProfile: Limiting resource is cpu
[2025-02-20T08:13:23.161+0000] {spark_submit.py:641} INFO - 25/02/20 08:13:23 INFO ResourceProfileManager: Added ResourceProfile id: 0
[2025-02-20T08:13:23.245+0000] {spark_submit.py:641} INFO - 25/02/20 08:13:23 INFO SecurityManager: Changing view acls to: airflow
[2025-02-20T08:13:23.247+0000] {spark_submit.py:641} INFO - 25/02/20 08:13:23 INFO SecurityManager: Changing modify acls to: airflow
[2025-02-20T08:13:23.249+0000] {spark_submit.py:641} INFO - 25/02/20 08:13:23 INFO SecurityManager: Changing view acls groups to:
[2025-02-20T08:13:23.250+0000] {spark_submit.py:641} INFO - 25/02/20 08:13:23 INFO SecurityManager: Changing modify acls groups to:
[2025-02-20T08:13:23.251+0000] {spark_submit.py:641} INFO - 25/02/20 08:13:23 INFO SecurityManager: SecurityManager: authentication disabled; ui acls disabled; users  with view permissions: Set(airflow); groups with view permissions: Set(); users  with modify permissions: Set(airflow); groups with modify permissions: Set()
[2025-02-20T08:13:23.598+0000] {spark_submit.py:641} INFO - 25/02/20 08:13:23 INFO Utils: Successfully started service 'sparkDriver' on port 37643.
[2025-02-20T08:13:23.649+0000] {spark_submit.py:641} INFO - 25/02/20 08:13:23 INFO SparkEnv: Registering MapOutputTracker
[2025-02-20T08:13:23.702+0000] {spark_submit.py:641} INFO - 25/02/20 08:13:23 INFO SparkEnv: Registering BlockManagerMaster
[2025-02-20T08:13:23.738+0000] {spark_submit.py:641} INFO - 25/02/20 08:13:23 INFO BlockManagerMasterEndpoint: Using org.apache.spark.storage.DefaultTopologyMapper for getting topology information
[2025-02-20T08:13:23.740+0000] {spark_submit.py:641} INFO - 25/02/20 08:13:23 INFO BlockManagerMasterEndpoint: BlockManagerMasterEndpoint up
[2025-02-20T08:13:23.750+0000] {spark_submit.py:641} INFO - 25/02/20 08:13:23 INFO SparkEnv: Registering BlockManagerMasterHeartbeat
[2025-02-20T08:13:23.796+0000] {spark_submit.py:641} INFO - 25/02/20 08:13:23 INFO DiskBlockManager: Created local directory at /tmp/blockmgr-34c8f3c6-87d8-4a72-a455-7b89eb69ea96
[2025-02-20T08:13:23.820+0000] {spark_submit.py:641} INFO - 25/02/20 08:13:23 INFO MemoryStore: MemoryStore started with capacity 434.4 MiB
[2025-02-20T08:13:23.843+0000] {spark_submit.py:641} INFO - 25/02/20 08:13:23 INFO SparkEnv: Registering OutputCommitCoordinator
[2025-02-20T08:13:24.198+0000] {spark_submit.py:641} INFO - 25/02/20 08:13:24 INFO Utils: Successfully started service 'SparkUI' on port 4040.
[2025-02-20T08:13:24.268+0000] {spark_submit.py:641} INFO - 25/02/20 08:13:24 INFO SparkContext: Added JAR /spark-scripts/jars/postgresql-42.2.18.jar at spark://***-airflow-scheduler:37643/jars/postgresql-42.2.18.jar with timestamp 1740039203078
[2025-02-20T08:13:24.271+0000] {spark_submit.py:641} INFO - 25/02/20 08:13:24 INFO SparkContext: Added file file:///home/airflow/.ivy2/jars/org.postgresql_postgresql-42.2.18.jar at file:///home/airflow/.ivy2/jars/org.postgresql_postgresql-42.2.18.jar with timestamp 1740039203078
[2025-02-20T08:13:24.272+0000] {spark_submit.py:641} INFO - 25/02/20 08:13:24 INFO Utils: Copying /home/airflow/.ivy2/jars/org.postgresql_postgresql-42.2.18.jar to /tmp/spark-2842b420-73c7-48cd-ad27-8efe4cf1f7d8/userFiles-51e92cc6-4aab-4f9a-adcc-45104a10fdaf/org.postgresql_postgresql-42.2.18.jar
[2025-02-20T08:13:24.370+0000] {spark_submit.py:641} INFO - 25/02/20 08:13:24 INFO SparkContext: Added file file:///home/airflow/.ivy2/jars/org.checkerframework_checker-qual-3.5.0.jar at file:///home/airflow/.ivy2/jars/org.checkerframework_checker-qual-3.5.0.jar with timestamp 1740039203078
[2025-02-20T08:13:24.372+0000] {spark_submit.py:641} INFO - 25/02/20 08:13:24 INFO Utils: Copying /home/airflow/.ivy2/jars/org.checkerframework_checker-qual-3.5.0.jar to /tmp/spark-2842b420-73c7-48cd-ad27-8efe4cf1f7d8/userFiles-51e92cc6-4aab-4f9a-adcc-45104a10fdaf/org.checkerframework_checker-qual-3.5.0.jar
[2025-02-20T08:13:24.506+0000] {spark_submit.py:641} INFO - 25/02/20 08:13:24 INFO Executor: Starting executor ID driver on host ***-airflow-scheduler
[2025-02-20T08:13:24.513+0000] {spark_submit.py:641} INFO - 25/02/20 08:13:24 INFO Executor: Starting executor with user classpath (userClassPathFirst = false): ''
[2025-02-20T08:13:24.528+0000] {spark_submit.py:641} INFO - 25/02/20 08:13:24 INFO Executor: Fetching file:///home/airflow/.ivy2/jars/org.postgresql_postgresql-42.2.18.jar with timestamp 1740039203078
[2025-02-20T08:13:24.554+0000] {spark_submit.py:641} INFO - 25/02/20 08:13:24 INFO Utils: /home/airflow/.ivy2/jars/org.postgresql_postgresql-42.2.18.jar has been previously copied to /tmp/spark-2842b420-73c7-48cd-ad27-8efe4cf1f7d8/userFiles-51e92cc6-4aab-4f9a-adcc-45104a10fdaf/org.postgresql_postgresql-42.2.18.jar
[2025-02-20T08:13:24.576+0000] {spark_submit.py:641} INFO - 25/02/20 08:13:24 INFO Executor: Fetching file:///home/airflow/.ivy2/jars/org.checkerframework_checker-qual-3.5.0.jar with timestamp 1740039203078
[2025-02-20T08:13:24.578+0000] {spark_submit.py:641} INFO - 25/02/20 08:13:24 INFO Utils: /home/airflow/.ivy2/jars/org.checkerframework_checker-qual-3.5.0.jar has been previously copied to /tmp/spark-2842b420-73c7-48cd-ad27-8efe4cf1f7d8/userFiles-51e92cc6-4aab-4f9a-adcc-45104a10fdaf/org.checkerframework_checker-qual-3.5.0.jar
[2025-02-20T08:13:24.596+0000] {spark_submit.py:641} INFO - 25/02/20 08:13:24 INFO Executor: Fetching spark://***-airflow-scheduler:37643/jars/postgresql-42.2.18.jar with timestamp 1740039203078
[2025-02-20T08:13:24.657+0000] {spark_submit.py:641} INFO - 25/02/20 08:13:24 INFO TransportClientFactory: Successfully created connection to ***-airflow-scheduler/172.19.0.6:37643 after 35 ms (0 ms spent in bootstraps)
[2025-02-20T08:13:24.665+0000] {spark_submit.py:641} INFO - 25/02/20 08:13:24 INFO Utils: Fetching spark://***-airflow-scheduler:37643/jars/postgresql-42.2.18.jar to /tmp/spark-2842b420-73c7-48cd-ad27-8efe4cf1f7d8/userFiles-51e92cc6-4aab-4f9a-adcc-45104a10fdaf/fetchFileTemp12345154887193078777.tmp
[2025-02-20T08:13:24.780+0000] {spark_submit.py:641} INFO - 25/02/20 08:13:24 INFO Executor: Adding file:/tmp/spark-2842b420-73c7-48cd-ad27-8efe4cf1f7d8/userFiles-51e92cc6-4aab-4f9a-adcc-45104a10fdaf/postgresql-42.2.18.jar to class loader
[2025-02-20T08:13:24.791+0000] {spark_submit.py:641} INFO - 25/02/20 08:13:24 INFO Utils: Successfully started service 'org.apache.spark.network.netty.NettyBlockTransferService' on port 34979.
[2025-02-20T08:13:24.793+0000] {spark_submit.py:641} INFO - 25/02/20 08:13:24 INFO NettyBlockTransferService: Server created on ***-airflow-scheduler:34979
[2025-02-20T08:13:24.796+0000] {spark_submit.py:641} INFO - 25/02/20 08:13:24 INFO BlockManager: Using org.apache.spark.storage.RandomBlockReplicationPolicy for block replication policy
[2025-02-20T08:13:24.812+0000] {spark_submit.py:641} INFO - 25/02/20 08:13:24 INFO BlockManagerMaster: Registering BlockManager BlockManagerId(driver, ***-airflow-scheduler, 34979, None)
[2025-02-20T08:13:24.820+0000] {spark_submit.py:641} INFO - 25/02/20 08:13:24 INFO BlockManagerMasterEndpoint: Registering block manager ***-airflow-scheduler:34979 with 434.4 MiB RAM, BlockManagerId(driver, ***-airflow-scheduler, 34979, None)
[2025-02-20T08:13:24.824+0000] {spark_submit.py:641} INFO - 25/02/20 08:13:24 INFO BlockManagerMaster: Registered BlockManager BlockManagerId(driver, ***-airflow-scheduler, 34979, None)
[2025-02-20T08:13:24.826+0000] {spark_submit.py:641} INFO - 25/02/20 08:13:24 INFO BlockManager: Initialized BlockManager: BlockManagerId(driver, ***-airflow-scheduler, 34979, None)
[2025-02-20T08:13:39.134+0000] {spark_submit.py:641} INFO - +-----------+-----------------+---------+---------------+------+-------------------+---------------+---+--------------------+-----------------+---------------------+----------+------------------+
[2025-02-20T08:13:39.139+0000] {spark_submit.py:641} INFO - |employee_id|       department|   region|      education|gender|recruitment_channel|no_of_trainings|age|previous_year_rating|length_of_service|KPIs_met_more_than_80|awards_won|avg_training_score|
[2025-02-20T08:13:39.140+0000] {spark_submit.py:641} INFO - +-----------+-----------------+---------+---------------+------+-------------------+---------------+---+--------------------+-----------------+---------------------+----------+------------------+
[2025-02-20T08:13:39.142+0000] {spark_submit.py:641} INFO - |       8724|       Technology|region_26|      Bachelors|     m|           sourcing|              1| 24|                null|                1|                    1|         0|                77|
[2025-02-20T08:13:39.147+0000] {spark_submit.py:641} INFO - |      74430|               HR| region_4|      Bachelors|     f|              other|              1| 31|                   3|                5|                    0|         0|                51|
[2025-02-20T08:13:39.148+0000] {spark_submit.py:641} INFO - |      72255|Sales & Marketing|region_13|      Bachelors|     m|              other|              1| 31|                   1|                4|                    0|         0|                47|
[2025-02-20T08:13:39.149+0000] {spark_submit.py:641} INFO - |      38562|      Procurement| region_2|      Bachelors|     f|              other|              3| 31|                   2|                9|                    0|         0|                65|
[2025-02-20T08:13:39.151+0000] {spark_submit.py:641} INFO - |      64486|          Finance|region_29|      Bachelors|     m|           sourcing|              1| 30|                   4|                7|                    0|         0|                61|
[2025-02-20T08:13:39.152+0000] {spark_submit.py:641} INFO - |      46232|      Procurement| region_7|      Bachelors|     m|           sourcing|              1| 36|                   3|                2|                    0|         0|                68|
[2025-02-20T08:13:39.153+0000] {spark_submit.py:641} INFO - |      54542|          Finance| region_2|      Bachelors|     m|              other|              1| 33|                   5|                3|                    1|         0|                57|
[2025-02-20T08:13:39.154+0000] {spark_submit.py:641} INFO - |      67269|        Analytics|region_22|      Bachelors|     m|           sourcing|              2| 36|                   3|                3|                    0|         0|                85|
[2025-02-20T08:13:39.156+0000] {spark_submit.py:641} INFO - |      66174|       Technology| region_7|Masters & above|     m|              other|              1| 51|                   4|               11|                    0|         0|                75|
[2025-02-20T08:13:39.157+0000] {spark_submit.py:641} INFO - |      76303|       Technology|region_22|      Bachelors|     m|           sourcing|              1| 29|                   5|                2|                    1|         0|                76|
[2025-02-20T08:13:39.158+0000] {spark_submit.py:641} INFO - |      60245|Sales & Marketing|region_16|      Bachelors|     m|           sourcing|              2| 40|                   5|               12|                    1|         0|                50|
[2025-02-20T08:13:39.159+0000] {spark_submit.py:641} INFO - |      42639|Sales & Marketing|region_17|Masters & above|     m|           sourcing|              1| 40|                   3|               10|                    0|         0|                46|
[2025-02-20T08:13:39.161+0000] {spark_submit.py:641} INFO - |      30963|Sales & Marketing| region_4|Masters & above|     f|              other|              1| 34|                   3|                4|                    0|         0|                52|
[2025-02-20T08:13:39.163+0000] {spark_submit.py:641} INFO - |      54055|        Analytics|region_24|      Bachelors|     m|              other|              1| 37|                   3|               10|                    0|         0|                82|
[2025-02-20T08:13:39.164+0000] {spark_submit.py:641} INFO - |      42996|       Operations|region_11|      Bachelors|     m|           sourcing|              1| 30|                   5|                6|                    1|         0|                58|
[2025-02-20T08:13:39.166+0000] {spark_submit.py:641} INFO - |      12737|Sales & Marketing| region_7|      Bachelors|     m|           sourcing|              1| 31|                   4|                4|                    1|         0|                47|
[2025-02-20T08:13:39.167+0000] {spark_submit.py:641} INFO - |      27561|       Operations|region_27|      Bachelors|     f|           sourcing|              1| 26|                   5|                3|                    0|         0|                56|
[2025-02-20T08:13:39.169+0000] {spark_submit.py:641} INFO - |      26622|Sales & Marketing|region_17|      Bachelors|     m|           sourcing|              1| 40|                   5|                6|                    1|         0|                50|
[2025-02-20T08:13:39.171+0000] {spark_submit.py:641} INFO - |      31582|      Procurement| region_7|      Bachelors|     f|              other|              1| 49|                   3|                7|                    1|         0|                64|
[2025-02-20T08:13:39.178+0000] {spark_submit.py:641} INFO - |      29793|      Procurement|region_27|      Bachelors|     m|              other|              1| 27|                   2|                5|                    0|         0|                65|
[2025-02-20T08:13:39.197+0000] {spark_submit.py:641} INFO - +-----------+-----------------+---------+---------------+------+-------------------+---------------+---+--------------------+-----------------+---------------------+----------+------------------+
[2025-02-20T08:13:39.206+0000] {spark_submit.py:641} INFO - only showing top 20 rows
[2025-02-20T08:13:39.210+0000] {spark_submit.py:641} INFO - 
[2025-02-20T08:13:40.300+0000] {spark_submit.py:641} INFO - Jumlah baris dalam DataFrame: 17417
[2025-02-20T08:13:40.302+0000] {spark_submit.py:641} INFO - Isi folder data:
[2025-02-20T08:13:40.304+0000] {spark_submit.py:641} INFO - ['extracted.parquet']
[2025-02-20T08:13:40.306+0000] {spark_submit.py:641} INFO - Extract daata berhasil.
[2025-02-20T08:13:41.109+0000] {taskinstance.py:341} INFO - ::group::Post task execution logs
[2025-02-20T08:13:41.113+0000] {taskinstance.py:353} INFO - Marking task as SUCCESS. dag_id=***_v2_etl_dag, task_id=extract_task, run_id=manual__2025-02-20T08:13:11.398766+00:00, execution_date=20250220T081311, start_date=20250220T081315, end_date=20250220T081341
[2025-02-20T08:13:43.856+0000] {local_task_job_runner.py:266} INFO - Task exited with return code 0
[2025-02-20T08:13:43.914+0000] {taskinstance.py:3901} INFO - 0 downstream tasks scheduled from follow-on schedule check
[2025-02-20T08:13:43.919+0000] {local_task_job_runner.py:245} INFO - ::endgroup::
