[2025-02-15T05:31:13.271+0000] {local_task_job_runner.py:123} INFO - ::group::Pre task execution logs
[2025-02-15T05:31:13.317+0000] {taskinstance.py:2613} INFO - Dependencies all met for dep_context=non-requeueable deps ti=<TaskInstance: finprode8_elt_dag.etl_task manual__2025-02-15T05:31:11.566858+00:00 [queued]>
[2025-02-15T05:31:13.355+0000] {taskinstance.py:2613} INFO - Dependencies all met for dep_context=requeueable deps ti=<TaskInstance: finprode8_elt_dag.etl_task manual__2025-02-15T05:31:11.566858+00:00 [queued]>
[2025-02-15T05:31:13.358+0000] {taskinstance.py:2866} INFO - Starting attempt 1 of 1
[2025-02-15T05:31:13.394+0000] {taskinstance.py:2889} INFO - Executing <Task(SparkSubmitOperator): etl_task> on 2025-02-15 05:31:11.566858+00:00
[2025-02-15T05:31:13.404+0000] {standard_task_runner.py:72} INFO - Started process 198 to run task
[2025-02-15T05:31:13.419+0000] {standard_task_runner.py:104} INFO - Running: ['airflow', 'tasks', 'run', '***_elt_dag', 'etl_task', 'manual__2025-02-15T05:31:11.566858+00:00', '--job-id', '2', '--raw', '--subdir', 'DAGS_FOLDER/***_etl_dag.py', '--cfg-path', '/tmp/tmp25klibz2']
[2025-02-15T05:31:13.431+0000] {standard_task_runner.py:105} INFO - Job 2: Subtask etl_task
[2025-02-15T05:31:13.492+0000] {logging_mixin.py:190} WARNING - /home/airflow/.local/lib/python3.9/site-packages/airflow/settings.py:209 DeprecationWarning: The sql_alchemy_conn option in [core] has been moved to the sql_alchemy_conn option in [database] - the old setting has been used, but please update your config.
[2025-02-15T05:31:13.645+0000] {task_command.py:467} INFO - Running <TaskInstance: finprode8_elt_dag.etl_task manual__2025-02-15T05:31:11.566858+00:00 [running]> on host ***-airflow-scheduler
[2025-02-15T05:31:13.892+0000] {taskinstance.py:3132} INFO - Exporting env vars: AIRFLOW_CTX_DAG_OWNER='ratih malini' AIRFLOW_CTX_DAG_ID='***_elt_dag' AIRFLOW_CTX_TASK_ID='etl_task' AIRFLOW_CTX_EXECUTION_DATE='2025-02-15T05:31:11.566858+00:00' AIRFLOW_CTX_TRY_NUMBER='1' AIRFLOW_CTX_DAG_RUN_ID='manual__2025-02-15T05:31:11.566858+00:00'
[2025-02-15T05:31:13.895+0000] {taskinstance.py:731} INFO - ::endgroup::
[2025-02-15T05:31:13.987+0000] {base.py:84} INFO - Retrieving connection 'spark_main'
[2025-02-15T05:31:13.991+0000] {spark_submit.py:474} INFO - Spark-Submit cmd: spark-submit --master spark://***-spark-master:7077 --packages org.postgresql:postgresql:42.2.18 --name arrow-spark /spark-scripts/***_etl.py
[2025-02-15T05:31:17.929+0000] {spark_submit.py:641} INFO - :: loading settings :: url = jar:file:/home/airflow/.local/lib/python3.9/site-packages/pyspark/jars/ivy-2.5.1.jar!/org/apache/ivy/core/settings/ivysettings.xml
[2025-02-15T05:31:18.092+0000] {spark_submit.py:641} INFO - Ivy Default Cache set to: /home/airflow/.ivy2/cache
[2025-02-15T05:31:18.095+0000] {spark_submit.py:641} INFO - The jars for the packages stored in: /home/airflow/.ivy2/jars
[2025-02-15T05:31:18.100+0000] {spark_submit.py:641} INFO - org.postgresql#postgresql added as a dependency
[2025-02-15T05:31:18.103+0000] {spark_submit.py:641} INFO - :: resolving dependencies :: org.apache.spark#spark-submit-parent-df4ed2b6-cb62-46ca-b9a9-0ffbbccb8708;1.0
[2025-02-15T05:31:18.106+0000] {spark_submit.py:641} INFO - confs: [default]
[2025-02-15T05:31:20.250+0000] {spark_submit.py:641} INFO - found org.postgresql#postgresql;42.2.18 in central
[2025-02-15T05:31:20.697+0000] {spark_submit.py:641} INFO - found org.checkerframework#checker-qual;3.5.0 in central
[2025-02-15T05:31:20.915+0000] {spark_submit.py:641} INFO - downloading https://repo1.maven.org/maven2/org/postgresql/postgresql/42.2.18/postgresql-42.2.18.jar ...
[2025-02-15T05:31:22.676+0000] {spark_submit.py:641} INFO - [SUCCESSFUL ] org.postgresql#postgresql;42.2.18!postgresql.jar (1969ms)
[2025-02-15T05:31:22.890+0000] {spark_submit.py:641} INFO - downloading https://repo1.maven.org/maven2/org/checkerframework/checker-qual/3.5.0/checker-qual-3.5.0.jar ...
[2025-02-15T05:31:23.443+0000] {spark_submit.py:641} INFO - [SUCCESSFUL ] org.checkerframework#checker-qual;3.5.0!checker-qual.jar (760ms)
[2025-02-15T05:31:23.445+0000] {spark_submit.py:641} INFO - :: resolution report :: resolve 2603ms :: artifacts dl 2739ms
[2025-02-15T05:31:23.448+0000] {spark_submit.py:641} INFO - :: modules in use:
[2025-02-15T05:31:23.450+0000] {spark_submit.py:641} INFO - org.checkerframework#checker-qual;3.5.0 from central in [default]
[2025-02-15T05:31:23.451+0000] {spark_submit.py:641} INFO - org.postgresql#postgresql;42.2.18 from central in [default]
[2025-02-15T05:31:23.453+0000] {spark_submit.py:641} INFO - ---------------------------------------------------------------------
[2025-02-15T05:31:23.455+0000] {spark_submit.py:641} INFO - |                  |            modules            ||   artifacts   |
[2025-02-15T05:31:23.457+0000] {spark_submit.py:641} INFO - |       conf       | number| search|dwnlded|evicted|| number|dwnlded|
[2025-02-15T05:31:23.458+0000] {spark_submit.py:641} INFO - ---------------------------------------------------------------------
[2025-02-15T05:31:23.460+0000] {spark_submit.py:641} INFO - |      default     |   2   |   2   |   2   |   0   ||   2   |   2   |
[2025-02-15T05:31:23.461+0000] {spark_submit.py:641} INFO - ---------------------------------------------------------------------
[2025-02-15T05:31:23.463+0000] {spark_submit.py:641} INFO - :: retrieving :: org.apache.spark#spark-submit-parent-df4ed2b6-cb62-46ca-b9a9-0ffbbccb8708
[2025-02-15T05:31:23.465+0000] {spark_submit.py:641} INFO - confs: [default]
[2025-02-15T05:31:23.487+0000] {spark_submit.py:641} INFO - 2 artifacts copied, 0 already retrieved (1190kB/32ms)
[2025-02-15T05:31:24.253+0000] {spark_submit.py:641} INFO - 25/02/15 05:31:24 WARN NativeCodeLoader: Unable to load native-hadoop library for your platform... using builtin-java classes where applicable
[2025-02-15T05:31:26.758+0000] {spark_submit.py:641} INFO - 25/02/15 05:31:26 INFO SparkContext: Running Spark version 3.3.2
[2025-02-15T05:31:26.797+0000] {spark_submit.py:641} INFO - 25/02/15 05:31:26 INFO ResourceUtils: ==============================================================
[2025-02-15T05:31:26.800+0000] {spark_submit.py:641} INFO - 25/02/15 05:31:26 INFO ResourceUtils: No custom resources configured for spark.driver.
[2025-02-15T05:31:26.802+0000] {spark_submit.py:641} INFO - 25/02/15 05:31:26 INFO ResourceUtils: ==============================================================
[2025-02-15T05:31:26.804+0000] {spark_submit.py:641} INFO - 25/02/15 05:31:26 INFO SparkContext: Submitted application: ***
[2025-02-15T05:31:26.873+0000] {spark_submit.py:641} INFO - 25/02/15 05:31:26 INFO ResourceProfile: Default ResourceProfile created, executor resources: Map(cores -> name: cores, amount: 1, script: , vendor: , memory -> name: memory, amount: 1024, script: , vendor: , offHeap -> name: offHeap, amount: 0, script: , vendor: ), task resources: Map(cpus -> name: cpus, amount: 1.0)
[2025-02-15T05:31:26.908+0000] {spark_submit.py:641} INFO - 25/02/15 05:31:26 INFO ResourceProfile: Limiting resource is cpu
[2025-02-15T05:31:26.911+0000] {spark_submit.py:641} INFO - 25/02/15 05:31:26 INFO ResourceProfileManager: Added ResourceProfile id: 0
[2025-02-15T05:31:27.049+0000] {spark_submit.py:641} INFO - 25/02/15 05:31:27 INFO SecurityManager: Changing view acls to: airflow
[2025-02-15T05:31:27.050+0000] {spark_submit.py:641} INFO - 25/02/15 05:31:27 INFO SecurityManager: Changing modify acls to: airflow
[2025-02-15T05:31:27.088+0000] {spark_submit.py:641} INFO - 25/02/15 05:31:27 INFO SecurityManager: Changing view acls groups to:
[2025-02-15T05:31:27.090+0000] {spark_submit.py:641} INFO - 25/02/15 05:31:27 INFO SecurityManager: Changing modify acls groups to:
[2025-02-15T05:31:27.092+0000] {spark_submit.py:641} INFO - 25/02/15 05:31:27 INFO SecurityManager: SecurityManager: authentication disabled; ui acls disabled; users  with view permissions: Set(airflow); groups with view permissions: Set(); users  with modify permissions: Set(airflow); groups with modify permissions: Set()
[2025-02-15T05:31:27.672+0000] {spark_submit.py:641} INFO - 25/02/15 05:31:27 INFO Utils: Successfully started service 'sparkDriver' on port 43683.
[2025-02-15T05:31:27.734+0000] {spark_submit.py:641} INFO - 25/02/15 05:31:27 INFO SparkEnv: Registering MapOutputTracker
[2025-02-15T05:31:27.795+0000] {spark_submit.py:641} INFO - 25/02/15 05:31:27 INFO SparkEnv: Registering BlockManagerMaster
[2025-02-15T05:31:27.832+0000] {spark_submit.py:641} INFO - 25/02/15 05:31:27 INFO BlockManagerMasterEndpoint: Using org.apache.spark.storage.DefaultTopologyMapper for getting topology information
[2025-02-15T05:31:27.833+0000] {spark_submit.py:641} INFO - 25/02/15 05:31:27 INFO BlockManagerMasterEndpoint: BlockManagerMasterEndpoint up
[2025-02-15T05:31:27.843+0000] {spark_submit.py:641} INFO - 25/02/15 05:31:27 INFO SparkEnv: Registering BlockManagerMasterHeartbeat
[2025-02-15T05:31:27.890+0000] {spark_submit.py:641} INFO - 25/02/15 05:31:27 INFO DiskBlockManager: Created local directory at /tmp/blockmgr-779a5558-a6d2-4e8e-882f-a3bd8e5ad364
[2025-02-15T05:31:27.917+0000] {spark_submit.py:641} INFO - 25/02/15 05:31:27 INFO MemoryStore: MemoryStore started with capacity 434.4 MiB
[2025-02-15T05:31:27.951+0000] {spark_submit.py:641} INFO - 25/02/15 05:31:27 INFO SparkEnv: Registering OutputCommitCoordinator
[2025-02-15T05:31:28.407+0000] {spark_submit.py:641} INFO - 25/02/15 05:31:28 INFO Utils: Successfully started service 'SparkUI' on port 4040.
[2025-02-15T05:31:28.490+0000] {spark_submit.py:641} INFO - 25/02/15 05:31:28 INFO SparkContext: Added JAR /spark-scripts/jars/postgresql-42.2.18.jar at spark://***-airflow-scheduler:43683/jars/postgresql-42.2.18.jar with timestamp 1739597486721
[2025-02-15T05:31:28.493+0000] {spark_submit.py:641} INFO - 25/02/15 05:31:28 INFO SparkContext: Added file file:///home/airflow/.ivy2/jars/org.postgresql_postgresql-42.2.18.jar at file:///home/airflow/.ivy2/jars/org.postgresql_postgresql-42.2.18.jar with timestamp 1739597486721
[2025-02-15T05:31:28.497+0000] {spark_submit.py:641} INFO - 25/02/15 05:31:28 INFO Utils: Copying /home/airflow/.ivy2/jars/org.postgresql_postgresql-42.2.18.jar to /tmp/spark-4a8936ba-9ce6-4107-9e08-4ab735052f44/userFiles-30a6a9ee-6207-4643-a046-0b4c8a5fded8/org.postgresql_postgresql-42.2.18.jar
[2025-02-15T05:31:28.517+0000] {spark_submit.py:641} INFO - 25/02/15 05:31:28 INFO SparkContext: Added file file:///home/airflow/.ivy2/jars/org.checkerframework_checker-qual-3.5.0.jar at file:///home/airflow/.ivy2/jars/org.checkerframework_checker-qual-3.5.0.jar with timestamp 1739597486721
[2025-02-15T05:31:28.521+0000] {spark_submit.py:641} INFO - 25/02/15 05:31:28 INFO Utils: Copying /home/airflow/.ivy2/jars/org.checkerframework_checker-qual-3.5.0.jar to /tmp/spark-4a8936ba-9ce6-4107-9e08-4ab735052f44/userFiles-30a6a9ee-6207-4643-a046-0b4c8a5fded8/org.checkerframework_checker-qual-3.5.0.jar
[2025-02-15T05:31:28.645+0000] {spark_submit.py:641} INFO - 25/02/15 05:31:28 INFO Executor: Starting executor ID driver on host ***-airflow-scheduler
[2025-02-15T05:31:28.658+0000] {spark_submit.py:641} INFO - 25/02/15 05:31:28 INFO Executor: Starting executor with user classpath (userClassPathFirst = false): ''
[2025-02-15T05:31:28.675+0000] {spark_submit.py:641} INFO - 25/02/15 05:31:28 INFO Executor: Fetching file:///home/airflow/.ivy2/jars/org.postgresql_postgresql-42.2.18.jar with timestamp 1739597486721
[2025-02-15T05:31:28.704+0000] {spark_submit.py:641} INFO - 25/02/15 05:31:28 INFO Utils: /home/airflow/.ivy2/jars/org.postgresql_postgresql-42.2.18.jar has been previously copied to /tmp/spark-4a8936ba-9ce6-4107-9e08-4ab735052f44/userFiles-30a6a9ee-6207-4643-a046-0b4c8a5fded8/org.postgresql_postgresql-42.2.18.jar
[2025-02-15T05:31:28.711+0000] {spark_submit.py:641} INFO - 25/02/15 05:31:28 INFO Executor: Fetching file:///home/airflow/.ivy2/jars/org.checkerframework_checker-qual-3.5.0.jar with timestamp 1739597486721
[2025-02-15T05:31:28.713+0000] {spark_submit.py:641} INFO - 25/02/15 05:31:28 INFO Utils: /home/airflow/.ivy2/jars/org.checkerframework_checker-qual-3.5.0.jar has been previously copied to /tmp/spark-4a8936ba-9ce6-4107-9e08-4ab735052f44/userFiles-30a6a9ee-6207-4643-a046-0b4c8a5fded8/org.checkerframework_checker-qual-3.5.0.jar
[2025-02-15T05:31:28.720+0000] {spark_submit.py:641} INFO - 25/02/15 05:31:28 INFO Executor: Fetching spark://***-airflow-scheduler:43683/jars/postgresql-42.2.18.jar with timestamp 1739597486721
[2025-02-15T05:31:28.784+0000] {spark_submit.py:641} INFO - 25/02/15 05:31:28 INFO TransportClientFactory: Successfully created connection to ***-airflow-scheduler/172.19.0.5:43683 after 46 ms (0 ms spent in bootstraps)
[2025-02-15T05:31:28.793+0000] {spark_submit.py:641} INFO - 25/02/15 05:31:28 INFO Utils: Fetching spark://***-airflow-scheduler:43683/jars/postgresql-42.2.18.jar to /tmp/spark-4a8936ba-9ce6-4107-9e08-4ab735052f44/userFiles-30a6a9ee-6207-4643-a046-0b4c8a5fded8/fetchFileTemp5637678278437787090.tmp
[2025-02-15T05:31:29.058+0000] {spark_submit.py:641} INFO - 25/02/15 05:31:29 INFO Executor: Adding file:/tmp/spark-4a8936ba-9ce6-4107-9e08-4ab735052f44/userFiles-30a6a9ee-6207-4643-a046-0b4c8a5fded8/postgresql-42.2.18.jar to class loader
[2025-02-15T05:31:29.073+0000] {spark_submit.py:641} INFO - 25/02/15 05:31:29 INFO Utils: Successfully started service 'org.apache.spark.network.netty.NettyBlockTransferService' on port 44907.
[2025-02-15T05:31:29.075+0000] {spark_submit.py:641} INFO - 25/02/15 05:31:29 INFO NettyBlockTransferService: Server created on ***-airflow-scheduler:44907
[2025-02-15T05:31:29.077+0000] {spark_submit.py:641} INFO - 25/02/15 05:31:29 INFO BlockManager: Using org.apache.spark.storage.RandomBlockReplicationPolicy for block replication policy
[2025-02-15T05:31:29.090+0000] {spark_submit.py:641} INFO - 25/02/15 05:31:29 INFO BlockManagerMaster: Registering BlockManager BlockManagerId(driver, ***-airflow-scheduler, 44907, None)
[2025-02-15T05:31:29.095+0000] {spark_submit.py:641} INFO - 25/02/15 05:31:29 INFO BlockManagerMasterEndpoint: Registering block manager ***-airflow-scheduler:44907 with 434.4 MiB RAM, BlockManagerId(driver, ***-airflow-scheduler, 44907, None)
[2025-02-15T05:31:29.100+0000] {spark_submit.py:641} INFO - 25/02/15 05:31:29 INFO BlockManagerMaster: Registered BlockManager BlockManagerId(driver, ***-airflow-scheduler, 44907, None)
[2025-02-15T05:31:29.102+0000] {spark_submit.py:641} INFO - 25/02/15 05:31:29 INFO BlockManager: Initialized BlockManager: BlockManagerId(driver, ***-airflow-scheduler, 44907, None)
[2025-02-15T05:31:37.927+0000] {spark_submit.py:641} INFO - ---------------- MENAMPILKAN DATASET ----------------
[2025-02-15T05:31:38.262+0000] {spark_submit.py:641} INFO - +-----------+-----------------+---------+---------------+------+-------------------+---------------+---+--------------------+-----------------+---------------------+----------+------------------+
[2025-02-15T05:31:38.264+0000] {spark_submit.py:641} INFO - |employee_id|       department|   region|      education|gender|recruitment_channel|no_of_trainings|age|previous_year_rating|length_of_service|KPIs_met_more_than_80|awards_won|avg_training_score|
[2025-02-15T05:31:38.265+0000] {spark_submit.py:641} INFO - +-----------+-----------------+---------+---------------+------+-------------------+---------------+---+--------------------+-----------------+---------------------+----------+------------------+
[2025-02-15T05:31:38.266+0000] {spark_submit.py:641} INFO - |       8724|       Technology|region_26|      Bachelors|     m|           sourcing|              1| 24|                null|                1|                    1|         0|                77|
[2025-02-15T05:31:38.267+0000] {spark_submit.py:641} INFO - |      74430|               HR| region_4|      Bachelors|     f|              other|              1| 31|                   3|                5|                    0|         0|                51|
[2025-02-15T05:31:38.269+0000] {spark_submit.py:641} INFO - |      72255|Sales & Marketing|region_13|      Bachelors|     m|              other|              1| 31|                   1|                4|                    0|         0|                47|
[2025-02-15T05:31:38.270+0000] {spark_submit.py:641} INFO - |      38562|      Procurement| region_2|      Bachelors|     f|              other|              3| 31|                   2|                9|                    0|         0|                65|
[2025-02-15T05:31:38.271+0000] {spark_submit.py:641} INFO - |      64486|          Finance|region_29|      Bachelors|     m|           sourcing|              1| 30|                   4|                7|                    0|         0|                61|
[2025-02-15T05:31:38.272+0000] {spark_submit.py:641} INFO - |      46232|      Procurement| region_7|      Bachelors|     m|           sourcing|              1| 36|                   3|                2|                    0|         0|                68|
[2025-02-15T05:31:38.273+0000] {spark_submit.py:641} INFO - |      54542|          Finance| region_2|      Bachelors|     m|              other|              1| 33|                   5|                3|                    1|         0|                57|
[2025-02-15T05:31:38.274+0000] {spark_submit.py:641} INFO - |      67269|        Analytics|region_22|      Bachelors|     m|           sourcing|              2| 36|                   3|                3|                    0|         0|                85|
[2025-02-15T05:31:38.275+0000] {spark_submit.py:641} INFO - |      66174|       Technology| region_7|Masters & above|     m|              other|              1| 51|                   4|               11|                    0|         0|                75|
[2025-02-15T05:31:38.277+0000] {spark_submit.py:641} INFO - |      76303|       Technology|region_22|      Bachelors|     m|           sourcing|              1| 29|                   5|                2|                    1|         0|                76|
[2025-02-15T05:31:38.278+0000] {spark_submit.py:641} INFO - +-----------+-----------------+---------+---------------+------+-------------------+---------------+---+--------------------+-----------------+---------------------+----------+------------------+
[2025-02-15T05:31:38.279+0000] {spark_submit.py:641} INFO - only showing top 10 rows
[2025-02-15T05:31:38.281+0000] {spark_submit.py:641} INFO - 
[2025-02-15T05:31:38.282+0000] {spark_submit.py:641} INFO - ---------------- MENAMPILKAN TIPE DATA AWAL ----------------
[2025-02-15T05:31:38.283+0000] {spark_submit.py:641} INFO - root
[2025-02-15T05:31:38.283+0000] {spark_submit.py:641} INFO - |-- employee_id: string (nullable = true)
[2025-02-15T05:31:38.284+0000] {spark_submit.py:641} INFO - |-- department: string (nullable = true)
[2025-02-15T05:31:38.286+0000] {spark_submit.py:641} INFO - |-- region: string (nullable = true)
[2025-02-15T05:31:38.287+0000] {spark_submit.py:641} INFO - |-- education: string (nullable = true)
[2025-02-15T05:31:38.288+0000] {spark_submit.py:641} INFO - |-- gender: string (nullable = true)
[2025-02-15T05:31:38.289+0000] {spark_submit.py:641} INFO - |-- recruitment_channel: string (nullable = true)
[2025-02-15T05:31:38.291+0000] {spark_submit.py:641} INFO - |-- no_of_trainings: string (nullable = true)
[2025-02-15T05:31:38.292+0000] {spark_submit.py:641} INFO - |-- age: string (nullable = true)
[2025-02-15T05:31:38.293+0000] {spark_submit.py:641} INFO - |-- previous_year_rating: string (nullable = true)
[2025-02-15T05:31:38.294+0000] {spark_submit.py:641} INFO - |-- length_of_service: string (nullable = true)
[2025-02-15T05:31:38.296+0000] {spark_submit.py:641} INFO - |-- KPIs_met_more_than_80: string (nullable = true)
[2025-02-15T05:31:38.297+0000] {spark_submit.py:641} INFO - |-- awards_won: string (nullable = true)
[2025-02-15T05:31:38.298+0000] {spark_submit.py:641} INFO - |-- avg_training_score: string (nullable = true)
[2025-02-15T05:31:38.299+0000] {spark_submit.py:641} INFO - 
[2025-02-15T05:31:38.406+0000] {spark_submit.py:641} INFO - ---------------- MENAMPILKAN TIPE DATA HASIL TRANSFORMASI ----------------
[2025-02-15T05:31:38.407+0000] {spark_submit.py:641} INFO - root
[2025-02-15T05:31:38.409+0000] {spark_submit.py:641} INFO - |-- employee_id: string (nullable = true)
[2025-02-15T05:31:38.410+0000] {spark_submit.py:641} INFO - |-- department: string (nullable = true)
[2025-02-15T05:31:38.412+0000] {spark_submit.py:641} INFO - |-- region: string (nullable = true)
[2025-02-15T05:31:38.414+0000] {spark_submit.py:641} INFO - |-- education: string (nullable = true)
[2025-02-15T05:31:38.416+0000] {spark_submit.py:641} INFO - |-- gender: string (nullable = true)
[2025-02-15T05:31:38.420+0000] {spark_submit.py:641} INFO - |-- recruitment_channel: string (nullable = true)
[2025-02-15T05:31:38.421+0000] {spark_submit.py:641} INFO - |-- no_of_trainings: integer (nullable = true)
[2025-02-15T05:31:38.422+0000] {spark_submit.py:641} INFO - |-- age: integer (nullable = true)
[2025-02-15T05:31:38.424+0000] {spark_submit.py:641} INFO - |-- previous_year_rating: integer (nullable = true)
[2025-02-15T05:31:38.425+0000] {spark_submit.py:641} INFO - |-- length_of_service: integer (nullable = true)
[2025-02-15T05:31:38.427+0000] {spark_submit.py:641} INFO - |-- KPIs_met_more_than_80: integer (nullable = true)
[2025-02-15T05:31:38.428+0000] {spark_submit.py:641} INFO - |-- awards_won: integer (nullable = true)
[2025-02-15T05:31:38.429+0000] {spark_submit.py:641} INFO - |-- avg_training_score: integer (nullable = true)
[2025-02-15T05:31:38.430+0000] {spark_submit.py:641} INFO - 
[2025-02-15T05:31:38.432+0000] {spark_submit.py:641} INFO - ---------------- MENAMPILKAN BANYAK DATA NULL DI SETIAP KOLOM ----------------
[2025-02-15T05:31:39.995+0000] {spark_submit.py:641} INFO - +----------------+---------------+-----------+--------------+-----------+------------------------+--------------------+--------+-------------------------+----------------------+--------------------------+---------------+-----------------------+
[2025-02-15T05:31:39.997+0000] {spark_submit.py:641} INFO - |employee_id_null|department_null|region_null|education_null|gender_null|recruitment_channel_null|no_of_trainings_null|age_null|previous_year_rating_null|length_of_service_null|KPIs_met_more_than_80_null|awards_won_null|avg_training_score_nuli|
[2025-02-15T05:31:39.998+0000] {spark_submit.py:641} INFO - +----------------+---------------+-----------+--------------+-----------+------------------------+--------------------+--------+-------------------------+----------------------+--------------------------+---------------+-----------------------+
[2025-02-15T05:31:40.000+0000] {spark_submit.py:641} INFO - |               0|              0|          0|           771|          0|                       0|                   0|       0|                     1363|                     0|                         0|              0|                      0|
[2025-02-15T05:31:40.001+0000] {spark_submit.py:641} INFO - +----------------+---------------+-----------+--------------+-----------+------------------------+--------------------+--------+-------------------------+----------------------+--------------------------+---------------+-----------------------+
[2025-02-15T05:31:40.004+0000] {spark_submit.py:641} INFO - 
[2025-02-15T05:31:40.005+0000] {spark_submit.py:641} INFO - ---------------- NULL HANDLING PADA KOLOM EDUCATION & PREVIOUS_YEAR_RATING ----------------
[2025-02-15T05:31:40.429+0000] {spark_submit.py:641} INFO - +--------------+-------------------------+
[2025-02-15T05:31:40.430+0000] {spark_submit.py:641} INFO - |education_null|previous_year_rating_null|
[2025-02-15T05:31:40.431+0000] {spark_submit.py:641} INFO - +--------------+-------------------------+
[2025-02-15T05:31:40.433+0000] {spark_submit.py:641} INFO - |             0|                        0|
[2025-02-15T05:31:40.434+0000] {spark_submit.py:641} INFO - +--------------+-------------------------+
[2025-02-15T05:31:40.435+0000] {spark_submit.py:641} INFO - 
[2025-02-15T05:31:41.733+0000] {spark_submit.py:641} INFO - ---------------- MENAMPILKAN DATA HASIL LOAD KE POSTGRES ----------------
[2025-02-15T05:31:41.907+0000] {spark_submit.py:641} INFO - +-----------+-----------------+---------+---------------+------+-------------------+---------------+---+--------------------+-----------------+---------------------+----------+------------------+
[2025-02-15T05:31:41.909+0000] {spark_submit.py:641} INFO - |employee_id|       department|   region|      education|gender|recruitment_channel|no_of_trainings|age|previous_year_rating|length_of_service|KPIs_met_more_than_80|awards_won|avg_training_score|
[2025-02-15T05:31:41.910+0000] {spark_submit.py:641} INFO - +-----------+-----------------+---------+---------------+------+-------------------+---------------+---+--------------------+-----------------+---------------------+----------+------------------+
[2025-02-15T05:31:41.912+0000] {spark_submit.py:641} INFO - |       8724|       Technology|region_26|      Bachelors|     m|           sourcing|              1| 24|                   0|                1|                    1|         0|                77|
[2025-02-15T05:31:41.913+0000] {spark_submit.py:641} INFO - |      74430|               HR| region_4|      Bachelors|     f|              other|              1| 31|                   3|                5|                    0|         0|                51|
[2025-02-15T05:31:41.914+0000] {spark_submit.py:641} INFO - |      72255|Sales & Marketing|region_13|      Bachelors|     m|              other|              1| 31|                   1|                4|                    0|         0|                47|
[2025-02-15T05:31:41.917+0000] {spark_submit.py:641} INFO - |      38562|      Procurement| region_2|      Bachelors|     f|              other|              3| 31|                   2|                9|                    0|         0|                65|
[2025-02-15T05:31:41.919+0000] {spark_submit.py:641} INFO - |      64486|          Finance|region_29|      Bachelors|     m|           sourcing|              1| 30|                   4|                7|                    0|         0|                61|
[2025-02-15T05:31:41.920+0000] {spark_submit.py:641} INFO - |      46232|      Procurement| region_7|      Bachelors|     m|           sourcing|              1| 36|                   3|                2|                    0|         0|                68|
[2025-02-15T05:31:41.921+0000] {spark_submit.py:641} INFO - |      54542|          Finance| region_2|      Bachelors|     m|              other|              1| 33|                   5|                3|                    1|         0|                57|
[2025-02-15T05:31:41.922+0000] {spark_submit.py:641} INFO - |      67269|        Analytics|region_22|      Bachelors|     m|           sourcing|              2| 36|                   3|                3|                    0|         0|                85|
[2025-02-15T05:31:41.923+0000] {spark_submit.py:641} INFO - |      66174|       Technology| region_7|Masters & above|     m|              other|              1| 51|                   4|               11|                    0|         0|                75|
[2025-02-15T05:31:41.924+0000] {spark_submit.py:641} INFO - |      76303|       Technology|region_22|      Bachelors|     m|           sourcing|              1| 29|                   5|                2|                    1|         0|                76|
[2025-02-15T05:31:41.925+0000] {spark_submit.py:641} INFO - |      60245|Sales & Marketing|region_16|      Bachelors|     m|           sourcing|              2| 40|                   5|               12|                    1|         0|                50|
[2025-02-15T05:31:41.927+0000] {spark_submit.py:641} INFO - |      42639|Sales & Marketing|region_17|Masters & above|     m|           sourcing|              1| 40|                   3|               10|                    0|         0|                46|
[2025-02-15T05:31:41.928+0000] {spark_submit.py:641} INFO - |      30963|Sales & Marketing| region_4|Masters & above|     f|              other|              1| 34|                   3|                4|                    0|         0|                52|
[2025-02-15T05:31:41.929+0000] {spark_submit.py:641} INFO - |      54055|        Analytics|region_24|      Bachelors|     m|              other|              1| 37|                   3|               10|                    0|         0|                82|
[2025-02-15T05:31:41.930+0000] {spark_submit.py:641} INFO - |      42996|       Operations|region_11|      Bachelors|     m|           sourcing|              1| 30|                   5|                6|                    1|         0|                58|
[2025-02-15T05:31:41.931+0000] {spark_submit.py:641} INFO - |      12737|Sales & Marketing| region_7|      Bachelors|     m|           sourcing|              1| 31|                   4|                4|                    1|         0|                47|
[2025-02-15T05:31:41.932+0000] {spark_submit.py:641} INFO - |      27561|       Operations|region_27|      Bachelors|     f|           sourcing|              1| 26|                   5|                3|                    0|         0|                56|
[2025-02-15T05:31:41.933+0000] {spark_submit.py:641} INFO - |      26622|Sales & Marketing|region_17|      Bachelors|     m|           sourcing|              1| 40|                   5|                6|                    1|         0|                50|
[2025-02-15T05:31:41.934+0000] {spark_submit.py:641} INFO - |      31582|      Procurement| region_7|      Bachelors|     f|              other|              1| 49|                   3|                7|                    1|         0|                64|
[2025-02-15T05:31:41.935+0000] {spark_submit.py:641} INFO - |      29793|      Procurement|region_27|      Bachelors|     m|              other|              1| 27|                   2|                5|                    0|         0|                65|
[2025-02-15T05:31:41.936+0000] {spark_submit.py:641} INFO - +-----------+-----------------+---------+---------------+------+-------------------+---------------+---+--------------------+-----------------+---------------------+----------+------------------+
[2025-02-15T05:31:41.937+0000] {spark_submit.py:641} INFO - only showing top 20 rows
[2025-02-15T05:31:41.938+0000] {spark_submit.py:641} INFO - 
[2025-02-15T05:31:42.213+0000] {taskinstance.py:340} INFO - ::group::Post task execution logs
[2025-02-15T05:31:42.216+0000] {taskinstance.py:352} INFO - Marking task as SUCCESS. dag_id=***_elt_dag, task_id=etl_task, run_id=manual__2025-02-15T05:31:11.566858+00:00, execution_date=20250215T053111, start_date=20250215T053113, end_date=20250215T053142
[2025-02-15T05:31:42.285+0000] {local_task_job_runner.py:266} INFO - Task exited with return code 0
[2025-02-15T05:31:42.320+0000] {taskinstance.py:3895} INFO - 0 downstream tasks scheduled from follow-on schedule check
[2025-02-15T05:31:42.323+0000] {local_task_job_runner.py:245} INFO - ::endgroup::
