[2025-02-21T07:52:54.481+0000] {local_task_job_runner.py:123} INFO - ::group::Pre task execution logs
[2025-02-21T07:52:54.537+0000] {taskinstance.py:2614} INFO - Dependencies all met for dep_context=non-requeueable deps ti=<TaskInstance: finprode8_v2_etl_dag.extract_task manual__2025-02-21T07:31:04.105699+00:00 [queued]>
[2025-02-21T07:52:54.561+0000] {taskinstance.py:2614} INFO - Dependencies all met for dep_context=requeueable deps ti=<TaskInstance: finprode8_v2_etl_dag.extract_task manual__2025-02-21T07:31:04.105699+00:00 [queued]>
[2025-02-21T07:52:54.564+0000] {taskinstance.py:2867} INFO - Starting attempt 3 of 3
[2025-02-21T07:52:54.597+0000] {taskinstance.py:2890} INFO - Executing <Task(SparkSubmitOperator): extract_task> on 2025-02-21 07:31:04.105699+00:00
[2025-02-21T07:52:54.603+0000] {standard_task_runner.py:72} INFO - Started process 2618 to run task
[2025-02-21T07:52:54.611+0000] {standard_task_runner.py:104} INFO - Running: ['airflow', 'tasks', 'run', '***_v2_etl_dag', 'extract_task', 'manual__2025-02-21T07:31:04.105699+00:00', '--job-id', '109', '--raw', '--subdir', 'DAGS_FOLDER/***_v2_etl_dag.py', '--cfg-path', '/tmp/tmp_00ufzms']
[2025-02-21T07:52:54.615+0000] {standard_task_runner.py:105} INFO - Job 109: Subtask extract_task
[2025-02-21T07:52:54.639+0000] {logging_mixin.py:190} WARNING - /home/airflow/.local/lib/python3.9/site-packages/airflow/settings.py:209 DeprecationWarning: The sql_alchemy_conn option in [core] has been moved to the sql_alchemy_conn option in [database] - the old setting has been used, but please update your config.
[2025-02-21T07:52:54.711+0000] {task_command.py:467} INFO - Running <TaskInstance: finprode8_v2_etl_dag.extract_task manual__2025-02-21T07:31:04.105699+00:00 [running]> on host ***-airflow-scheduler
[2025-02-21T07:52:54.913+0000] {taskinstance.py:3134} INFO - Exporting env vars: AIRFLOW_CTX_DAG_OWNER='ratih malini' AIRFLOW_CTX_DAG_ID='***_v2_etl_dag' AIRFLOW_CTX_TASK_ID='extract_task' AIRFLOW_CTX_EXECUTION_DATE='2025-02-21T07:31:04.105699+00:00' AIRFLOW_CTX_TRY_NUMBER='3' AIRFLOW_CTX_DAG_RUN_ID='manual__2025-02-21T07:31:04.105699+00:00'
[2025-02-21T07:52:54.920+0000] {taskinstance.py:732} INFO - ::endgroup::
[2025-02-21T07:52:55.032+0000] {base.py:84} INFO - Retrieving connection 'spark_main'
[2025-02-21T07:52:55.035+0000] {spark_submit.py:474} INFO - Spark-Submit cmd: spark-submit --master spark://***-spark-master:7077 --packages org.postgresql:postgresql:42.2.18 --name arrow-spark /spark-scripts/***_v2_extract.py
[2025-02-21T07:52:59.182+0000] {spark_submit.py:641} INFO - :: loading settings :: url = jar:file:/home/airflow/.local/lib/python3.9/site-packages/pyspark/jars/ivy-2.5.1.jar!/org/apache/ivy/core/settings/ivysettings.xml
[2025-02-21T07:52:59.396+0000] {spark_submit.py:641} INFO - Ivy Default Cache set to: /home/airflow/.ivy2/cache
[2025-02-21T07:52:59.399+0000] {spark_submit.py:641} INFO - The jars for the packages stored in: /home/airflow/.ivy2/jars
[2025-02-21T07:52:59.403+0000] {spark_submit.py:641} INFO - org.postgresql#postgresql added as a dependency
[2025-02-21T07:52:59.406+0000] {spark_submit.py:641} INFO - :: resolving dependencies :: org.apache.spark#spark-submit-parent-87f9e64b-ad6f-4641-a14c-c6b5295c57a4;1.0
[2025-02-21T07:52:59.408+0000] {spark_submit.py:641} INFO - confs: [default]
[2025-02-21T07:52:59.724+0000] {spark_submit.py:641} INFO - found org.postgresql#postgresql;42.2.18 in central
[2025-02-21T07:52:59.764+0000] {spark_submit.py:641} INFO - found org.checkerframework#checker-qual;3.5.0 in central
[2025-02-21T07:52:59.799+0000] {spark_submit.py:641} INFO - :: resolution report :: resolve 382ms :: artifacts dl 12ms
[2025-02-21T07:52:59.803+0000] {spark_submit.py:641} INFO - :: modules in use:
[2025-02-21T07:52:59.806+0000] {spark_submit.py:641} INFO - org.checkerframework#checker-qual;3.5.0 from central in [default]
[2025-02-21T07:52:59.809+0000] {spark_submit.py:641} INFO - org.postgresql#postgresql;42.2.18 from central in [default]
[2025-02-21T07:52:59.811+0000] {spark_submit.py:641} INFO - ---------------------------------------------------------------------
[2025-02-21T07:52:59.814+0000] {spark_submit.py:641} INFO - |                  |            modules            ||   artifacts   |
[2025-02-21T07:52:59.818+0000] {spark_submit.py:641} INFO - |       conf       | number| search|dwnlded|evicted|| number|dwnlded|
[2025-02-21T07:52:59.820+0000] {spark_submit.py:641} INFO - ---------------------------------------------------------------------
[2025-02-21T07:52:59.823+0000] {spark_submit.py:641} INFO - |      default     |   2   |   0   |   0   |   0   ||   2   |   0   |
[2025-02-21T07:52:59.825+0000] {spark_submit.py:641} INFO - ---------------------------------------------------------------------
[2025-02-21T07:52:59.828+0000] {spark_submit.py:641} INFO - :: retrieving :: org.apache.spark#spark-submit-parent-87f9e64b-ad6f-4641-a14c-c6b5295c57a4
[2025-02-21T07:52:59.831+0000] {spark_submit.py:641} INFO - confs: [default]
[2025-02-21T07:52:59.833+0000] {spark_submit.py:641} INFO - 0 artifacts copied, 2 already retrieved (0kB/10ms)
[2025-02-21T07:53:00.225+0000] {spark_submit.py:641} INFO - 25/02/21 07:53:00 WARN NativeCodeLoader: Unable to load native-hadoop library for your platform... using builtin-java classes where applicable
[2025-02-21T07:53:03.914+0000] {spark_submit.py:641} INFO - 25/02/21 07:53:03 INFO SparkContext: Running Spark version 3.3.2
[2025-02-21T07:53:03.964+0000] {spark_submit.py:641} INFO - 25/02/21 07:53:03 INFO ResourceUtils: ==============================================================
[2025-02-21T07:53:03.967+0000] {spark_submit.py:641} INFO - 25/02/21 07:53:03 INFO ResourceUtils: No custom resources configured for spark.driver.
[2025-02-21T07:53:03.969+0000] {spark_submit.py:641} INFO - 25/02/21 07:53:03 INFO ResourceUtils: ==============================================================
[2025-02-21T07:53:03.971+0000] {spark_submit.py:641} INFO - 25/02/21 07:53:03 INFO SparkContext: Submitted application: ***_extract
[2025-02-21T07:53:04.009+0000] {spark_submit.py:641} INFO - 25/02/21 07:53:04 INFO ResourceProfile: Default ResourceProfile created, executor resources: Map(cores -> name: cores, amount: 1, script: , vendor: , memory -> name: memory, amount: 1024, script: , vendor: , offHeap -> name: offHeap, amount: 0, script: , vendor: ), task resources: Map(cpus -> name: cpus, amount: 1.0)
[2025-02-21T07:53:04.027+0000] {spark_submit.py:641} INFO - 25/02/21 07:53:04 INFO ResourceProfile: Limiting resource is cpu
[2025-02-21T07:53:04.030+0000] {spark_submit.py:641} INFO - 25/02/21 07:53:04 INFO ResourceProfileManager: Added ResourceProfile id: 0
[2025-02-21T07:53:04.166+0000] {spark_submit.py:641} INFO - 25/02/21 07:53:04 INFO SecurityManager: Changing view acls to: airflow
[2025-02-21T07:53:04.170+0000] {spark_submit.py:641} INFO - 25/02/21 07:53:04 INFO SecurityManager: Changing modify acls to: airflow
[2025-02-21T07:53:04.174+0000] {spark_submit.py:641} INFO - 25/02/21 07:53:04 INFO SecurityManager: Changing view acls groups to:
[2025-02-21T07:53:04.177+0000] {spark_submit.py:641} INFO - 25/02/21 07:53:04 INFO SecurityManager: Changing modify acls groups to:
[2025-02-21T07:53:04.180+0000] {spark_submit.py:641} INFO - 25/02/21 07:53:04 INFO SecurityManager: SecurityManager: authentication disabled; ui acls disabled; users  with view permissions: Set(airflow); groups with view permissions: Set(); users  with modify permissions: Set(airflow); groups with modify permissions: Set()
[2025-02-21T07:53:04.733+0000] {spark_submit.py:641} INFO - 25/02/21 07:53:04 INFO Utils: Successfully started service 'sparkDriver' on port 44287.
[2025-02-21T07:53:04.771+0000] {spark_submit.py:641} INFO - 25/02/21 07:53:04 INFO SparkEnv: Registering MapOutputTracker
[2025-02-21T07:53:04.816+0000] {spark_submit.py:641} INFO - 25/02/21 07:53:04 INFO SparkEnv: Registering BlockManagerMaster
[2025-02-21T07:53:04.850+0000] {spark_submit.py:641} INFO - 25/02/21 07:53:04 INFO BlockManagerMasterEndpoint: Using org.apache.spark.storage.DefaultTopologyMapper for getting topology information
[2025-02-21T07:53:04.852+0000] {spark_submit.py:641} INFO - 25/02/21 07:53:04 INFO BlockManagerMasterEndpoint: BlockManagerMasterEndpoint up
[2025-02-21T07:53:04.859+0000] {spark_submit.py:641} INFO - 25/02/21 07:53:04 INFO SparkEnv: Registering BlockManagerMasterHeartbeat
[2025-02-21T07:53:04.913+0000] {spark_submit.py:641} INFO - 25/02/21 07:53:04 INFO DiskBlockManager: Created local directory at /tmp/blockmgr-a0cfab2d-c31f-41d9-b7da-cb41de67bfc2
[2025-02-21T07:53:04.941+0000] {spark_submit.py:641} INFO - 25/02/21 07:53:04 INFO MemoryStore: MemoryStore started with capacity 434.4 MiB
[2025-02-21T07:53:04.971+0000] {spark_submit.py:641} INFO - 25/02/21 07:53:04 INFO SparkEnv: Registering OutputCommitCoordinator
[2025-02-21T07:53:05.370+0000] {spark_submit.py:641} INFO - 25/02/21 07:53:05 INFO Utils: Successfully started service 'SparkUI' on port 4040.
[2025-02-21T07:53:05.441+0000] {spark_submit.py:641} INFO - 25/02/21 07:53:05 INFO SparkContext: Added JAR /spark-scripts/jars/postgresql-42.2.18.jar at spark://***-airflow-scheduler:44287/jars/postgresql-42.2.18.jar with timestamp 1740124383897
[2025-02-21T07:53:05.445+0000] {spark_submit.py:641} INFO - 25/02/21 07:53:05 INFO SparkContext: Added file file:///home/airflow/.ivy2/jars/org.postgresql_postgresql-42.2.18.jar at file:///home/airflow/.ivy2/jars/org.postgresql_postgresql-42.2.18.jar with timestamp 1740124383897
[2025-02-21T07:53:05.447+0000] {spark_submit.py:641} INFO - 25/02/21 07:53:05 INFO Utils: Copying /home/airflow/.ivy2/jars/org.postgresql_postgresql-42.2.18.jar to /tmp/spark-a7ae5e5d-6a01-4525-bdee-1e3c3cc4e04f/userFiles-5e91d239-05f2-43d0-9286-0bd3bfb87a7a/org.postgresql_postgresql-42.2.18.jar
[2025-02-21T07:53:05.506+0000] {spark_submit.py:641} INFO - 25/02/21 07:53:05 INFO SparkContext: Added file file:///home/airflow/.ivy2/jars/org.checkerframework_checker-qual-3.5.0.jar at file:///home/airflow/.ivy2/jars/org.checkerframework_checker-qual-3.5.0.jar with timestamp 1740124383897
[2025-02-21T07:53:05.510+0000] {spark_submit.py:641} INFO - 25/02/21 07:53:05 INFO Utils: Copying /home/airflow/.ivy2/jars/org.checkerframework_checker-qual-3.5.0.jar to /tmp/spark-a7ae5e5d-6a01-4525-bdee-1e3c3cc4e04f/userFiles-5e91d239-05f2-43d0-9286-0bd3bfb87a7a/org.checkerframework_checker-qual-3.5.0.jar
[2025-02-21T07:53:05.692+0000] {spark_submit.py:641} INFO - 25/02/21 07:53:05 INFO Executor: Starting executor ID driver on host ***-airflow-scheduler
[2025-02-21T07:53:05.707+0000] {spark_submit.py:641} INFO - 25/02/21 07:53:05 INFO Executor: Starting executor with user classpath (userClassPathFirst = false): ''
[2025-02-21T07:53:05.725+0000] {spark_submit.py:641} INFO - 25/02/21 07:53:05 INFO Executor: Fetching file:///home/airflow/.ivy2/jars/org.postgresql_postgresql-42.2.18.jar with timestamp 1740124383897
[2025-02-21T07:53:05.758+0000] {spark_submit.py:641} INFO - 25/02/21 07:53:05 INFO Utils: /home/airflow/.ivy2/jars/org.postgresql_postgresql-42.2.18.jar has been previously copied to /tmp/spark-a7ae5e5d-6a01-4525-bdee-1e3c3cc4e04f/userFiles-5e91d239-05f2-43d0-9286-0bd3bfb87a7a/org.postgresql_postgresql-42.2.18.jar
[2025-02-21T07:53:05.779+0000] {spark_submit.py:641} INFO - 25/02/21 07:53:05 INFO Executor: Fetching file:///home/airflow/.ivy2/jars/org.checkerframework_checker-qual-3.5.0.jar with timestamp 1740124383897
[2025-02-21T07:53:05.782+0000] {spark_submit.py:641} INFO - 25/02/21 07:53:05 INFO Utils: /home/airflow/.ivy2/jars/org.checkerframework_checker-qual-3.5.0.jar has been previously copied to /tmp/spark-a7ae5e5d-6a01-4525-bdee-1e3c3cc4e04f/userFiles-5e91d239-05f2-43d0-9286-0bd3bfb87a7a/org.checkerframework_checker-qual-3.5.0.jar
[2025-02-21T07:53:05.801+0000] {spark_submit.py:641} INFO - 25/02/21 07:53:05 INFO Executor: Fetching spark://***-airflow-scheduler:44287/jars/postgresql-42.2.18.jar with timestamp 1740124383897
[2025-02-21T07:53:05.894+0000] {spark_submit.py:641} INFO - 25/02/21 07:53:05 INFO TransportClientFactory: Successfully created connection to ***-airflow-scheduler/172.19.0.4:44287 after 67 ms (0 ms spent in bootstraps)
[2025-02-21T07:53:05.909+0000] {spark_submit.py:641} INFO - 25/02/21 07:53:05 INFO Utils: Fetching spark://***-airflow-scheduler:44287/jars/postgresql-42.2.18.jar to /tmp/spark-a7ae5e5d-6a01-4525-bdee-1e3c3cc4e04f/userFiles-5e91d239-05f2-43d0-9286-0bd3bfb87a7a/fetchFileTemp1966783722787557320.tmp
[2025-02-21T07:53:06.018+0000] {spark_submit.py:641} INFO - 25/02/21 07:53:06 INFO Executor: Adding file:/tmp/spark-a7ae5e5d-6a01-4525-bdee-1e3c3cc4e04f/userFiles-5e91d239-05f2-43d0-9286-0bd3bfb87a7a/postgresql-42.2.18.jar to class loader
[2025-02-21T07:53:06.041+0000] {spark_submit.py:641} INFO - 25/02/21 07:53:06 INFO Utils: Successfully started service 'org.apache.spark.network.netty.NettyBlockTransferService' on port 40351.
[2025-02-21T07:53:06.044+0000] {spark_submit.py:641} INFO - 25/02/21 07:53:06 INFO NettyBlockTransferService: Server created on ***-airflow-scheduler:40351
[2025-02-21T07:53:06.045+0000] {spark_submit.py:641} INFO - 25/02/21 07:53:06 INFO BlockManager: Using org.apache.spark.storage.RandomBlockReplicationPolicy for block replication policy
[2025-02-21T07:53:06.049+0000] {spark_submit.py:641} INFO - 25/02/21 07:53:06 INFO BlockManagerMaster: Registering BlockManager BlockManagerId(driver, ***-airflow-scheduler, 40351, None)
[2025-02-21T07:53:06.054+0000] {spark_submit.py:641} INFO - 25/02/21 07:53:06 INFO BlockManagerMasterEndpoint: Registering block manager ***-airflow-scheduler:40351 with 434.4 MiB RAM, BlockManagerId(driver, ***-airflow-scheduler, 40351, None)
[2025-02-21T07:53:06.056+0000] {spark_submit.py:641} INFO - 25/02/21 07:53:06 INFO BlockManagerMaster: Registered BlockManager BlockManagerId(driver, ***-airflow-scheduler, 40351, None)
[2025-02-21T07:53:06.060+0000] {spark_submit.py:641} INFO - 25/02/21 07:53:06 INFO BlockManager: Initialized BlockManager: BlockManagerId(driver, ***-airflow-scheduler, 40351, None)
[2025-02-21T07:53:19.338+0000] {spark_submit.py:641} INFO - +-----------+-----------------+---------+---------------+------+-------------------+---------------+---+--------------------+-----------------+---------------------+----------+------------------+
[2025-02-21T07:53:19.342+0000] {spark_submit.py:641} INFO - |employee_id|       department|   region|      education|gender|recruitment_channel|no_of_trainings|age|previous_year_rating|length_of_service|KPIs_met_more_than_80|awards_won|avg_training_score|
[2025-02-21T07:53:19.345+0000] {spark_submit.py:641} INFO - +-----------+-----------------+---------+---------------+------+-------------------+---------------+---+--------------------+-----------------+---------------------+----------+------------------+
[2025-02-21T07:53:19.348+0000] {spark_submit.py:641} INFO - |       8724|       Technology|region_26|      Bachelors|     m|           sourcing|              1| 24|                null|                1|                    1|         0|                77|
[2025-02-21T07:53:19.351+0000] {spark_submit.py:641} INFO - |      74430|               HR| region_4|      Bachelors|     f|              other|              1| 31|                   3|                5|                    0|         0|                51|
[2025-02-21T07:53:19.353+0000] {spark_submit.py:641} INFO - |      72255|Sales & Marketing|region_13|      Bachelors|     m|              other|              1| 31|                   1|                4|                    0|         0|                47|
[2025-02-21T07:53:19.355+0000] {spark_submit.py:641} INFO - |      38562|      Procurement| region_2|      Bachelors|     f|              other|              3| 31|                   2|                9|                    0|         0|                65|
[2025-02-21T07:53:19.357+0000] {spark_submit.py:641} INFO - |      64486|          Finance|region_29|      Bachelors|     m|           sourcing|              1| 30|                   4|                7|                    0|         0|                61|
[2025-02-21T07:53:19.359+0000] {spark_submit.py:641} INFO - |      46232|      Procurement| region_7|      Bachelors|     m|           sourcing|              1| 36|                   3|                2|                    0|         0|                68|
[2025-02-21T07:53:19.361+0000] {spark_submit.py:641} INFO - |      54542|          Finance| region_2|      Bachelors|     m|              other|              1| 33|                   5|                3|                    1|         0|                57|
[2025-02-21T07:53:19.364+0000] {spark_submit.py:641} INFO - |      67269|        Analytics|region_22|      Bachelors|     m|           sourcing|              2| 36|                   3|                3|                    0|         0|                85|
[2025-02-21T07:53:19.366+0000] {spark_submit.py:641} INFO - |      66174|       Technology| region_7|Masters & above|     m|              other|              1| 51|                   4|               11|                    0|         0|                75|
[2025-02-21T07:53:19.368+0000] {spark_submit.py:641} INFO - |      76303|       Technology|region_22|      Bachelors|     m|           sourcing|              1| 29|                   5|                2|                    1|         0|                76|
[2025-02-21T07:53:19.370+0000] {spark_submit.py:641} INFO - |      60245|Sales & Marketing|region_16|      Bachelors|     m|           sourcing|              2| 40|                   5|               12|                    1|         0|                50|
[2025-02-21T07:53:19.372+0000] {spark_submit.py:641} INFO - |      42639|Sales & Marketing|region_17|Masters & above|     m|           sourcing|              1| 40|                   3|               10|                    0|         0|                46|
[2025-02-21T07:53:19.374+0000] {spark_submit.py:641} INFO - |      30963|Sales & Marketing| region_4|Masters & above|     f|              other|              1| 34|                   3|                4|                    0|         0|                52|
[2025-02-21T07:53:19.376+0000] {spark_submit.py:641} INFO - |      54055|        Analytics|region_24|      Bachelors|     m|              other|              1| 37|                   3|               10|                    0|         0|                82|
[2025-02-21T07:53:19.378+0000] {spark_submit.py:641} INFO - |      42996|       Operations|region_11|      Bachelors|     m|           sourcing|              1| 30|                   5|                6|                    1|         0|                58|
[2025-02-21T07:53:19.380+0000] {spark_submit.py:641} INFO - |      12737|Sales & Marketing| region_7|      Bachelors|     m|           sourcing|              1| 31|                   4|                4|                    1|         0|                47|
[2025-02-21T07:53:19.383+0000] {spark_submit.py:641} INFO - |      27561|       Operations|region_27|      Bachelors|     f|           sourcing|              1| 26|                   5|                3|                    0|         0|                56|
[2025-02-21T07:53:19.385+0000] {spark_submit.py:641} INFO - |      26622|Sales & Marketing|region_17|      Bachelors|     m|           sourcing|              1| 40|                   5|                6|                    1|         0|                50|
[2025-02-21T07:53:19.387+0000] {spark_submit.py:641} INFO - |      31582|      Procurement| region_7|      Bachelors|     f|              other|              1| 49|                   3|                7|                    1|         0|                64|
[2025-02-21T07:53:19.389+0000] {spark_submit.py:641} INFO - |      29793|      Procurement|region_27|      Bachelors|     m|              other|              1| 27|                   2|                5|                    0|         0|                65|
[2025-02-21T07:53:19.394+0000] {spark_submit.py:641} INFO - +-----------+-----------------+---------+---------------+------+-------------------+---------------+---+--------------------+-----------------+---------------------+----------+------------------+
[2025-02-21T07:53:19.396+0000] {spark_submit.py:641} INFO - only showing top 20 rows
[2025-02-21T07:53:19.398+0000] {spark_submit.py:641} INFO - 
[2025-02-21T07:53:19.400+0000] {spark_submit.py:641} INFO - root
[2025-02-21T07:53:19.402+0000] {spark_submit.py:641} INFO - |-- employee_id: integer (nullable = true)
[2025-02-21T07:53:19.404+0000] {spark_submit.py:641} INFO - |-- department: string (nullable = true)
[2025-02-21T07:53:19.405+0000] {spark_submit.py:641} INFO - |-- region: string (nullable = true)
[2025-02-21T07:53:19.407+0000] {spark_submit.py:641} INFO - |-- education: string (nullable = true)
[2025-02-21T07:53:19.409+0000] {spark_submit.py:641} INFO - |-- gender: string (nullable = true)
[2025-02-21T07:53:19.411+0000] {spark_submit.py:641} INFO - |-- recruitment_channel: string (nullable = true)
[2025-02-21T07:53:19.413+0000] {spark_submit.py:641} INFO - |-- no_of_trainings: integer (nullable = true)
[2025-02-21T07:53:19.415+0000] {spark_submit.py:641} INFO - |-- age: integer (nullable = true)
[2025-02-21T07:53:19.417+0000] {spark_submit.py:641} INFO - |-- previous_year_rating: integer (nullable = true)
[2025-02-21T07:53:19.419+0000] {spark_submit.py:641} INFO - |-- length_of_service: integer (nullable = true)
[2025-02-21T07:53:19.421+0000] {spark_submit.py:641} INFO - |-- KPIs_met_more_than_80: integer (nullable = true)
[2025-02-21T07:53:19.422+0000] {spark_submit.py:641} INFO - |-- awards_won: integer (nullable = true)
[2025-02-21T07:53:19.424+0000] {spark_submit.py:641} INFO - |-- avg_training_score: integer (nullable = true)
[2025-02-21T07:53:19.426+0000] {spark_submit.py:641} INFO - 
[2025-02-21T07:53:20.251+0000] {spark_submit.py:641} INFO - Jumlah baris dalam DataFrame : 17417
[2025-02-21T07:53:20.255+0000] {spark_submit.py:641} INFO - Isi folder data/extracted.parquet :
[2025-02-21T07:53:20.258+0000] {spark_submit.py:641} INFO - ['.part-00000-bf52b69d-e572-42b3-a04c-f01d7eabad8f-c000.snappy.parquet.crc', 'part-00000-bf52b69d-e572-42b3-a04c-f01d7eabad8f-c000.snappy.parquet', '_SUCCESS', '._SUCCESS.crc']
[2025-02-21T07:53:20.261+0000] {spark_submit.py:641} INFO - Extract data berhasil.
[2025-02-21T07:53:20.789+0000] {taskinstance.py:341} INFO - ::group::Post task execution logs
[2025-02-21T07:53:20.793+0000] {taskinstance.py:353} INFO - Marking task as SUCCESS. dag_id=***_v2_etl_dag, task_id=extract_task, run_id=manual__2025-02-21T07:31:04.105699+00:00, execution_date=20250221T073104, start_date=20250221T075254, end_date=20250221T075320
[2025-02-21T07:53:20.885+0000] {local_task_job_runner.py:266} INFO - Task exited with return code 0
[2025-02-21T07:53:20.964+0000] {taskinstance.py:3901} INFO - 1 downstream tasks scheduled from follow-on schedule check
[2025-02-21T07:53:20.970+0000] {local_task_job_runner.py:245} INFO - ::endgroup::
