[2025-02-21T07:38:11.225+0000] {local_task_job_runner.py:123} INFO - ::group::Pre task execution logs
[2025-02-21T07:38:11.255+0000] {taskinstance.py:2614} INFO - Dependencies all met for dep_context=non-requeueable deps ti=<TaskInstance: finprode8_v2_etl_dag.extract_task manual__2025-02-21T07:31:04.105699+00:00 [queued]>
[2025-02-21T07:38:11.281+0000] {taskinstance.py:2614} INFO - Dependencies all met for dep_context=requeueable deps ti=<TaskInstance: finprode8_v2_etl_dag.extract_task manual__2025-02-21T07:31:04.105699+00:00 [queued]>
[2025-02-21T07:38:11.284+0000] {taskinstance.py:2867} INFO - Starting attempt 2 of 2
[2025-02-21T07:38:11.319+0000] {taskinstance.py:2890} INFO - Executing <Task(SparkSubmitOperator): extract_task> on 2025-02-21 07:31:04.105699+00:00
[2025-02-21T07:38:11.330+0000] {standard_task_runner.py:72} INFO - Started process 1701 to run task
[2025-02-21T07:38:11.342+0000] {standard_task_runner.py:104} INFO - Running: ['airflow', 'tasks', 'run', '***_v2_etl_dag', 'extract_task', 'manual__2025-02-21T07:31:04.105699+00:00', '--job-id', '106', '--raw', '--subdir', 'DAGS_FOLDER/***_v2_etl_dag.py', '--cfg-path', '/tmp/tmpv0qge4y9']
[2025-02-21T07:38:11.350+0000] {standard_task_runner.py:105} INFO - Job 106: Subtask extract_task
[2025-02-21T07:38:11.389+0000] {logging_mixin.py:190} WARNING - /home/airflow/.local/lib/python3.9/site-packages/airflow/settings.py:209 DeprecationWarning: The sql_alchemy_conn option in [core] has been moved to the sql_alchemy_conn option in [database] - the old setting has been used, but please update your config.
[2025-02-21T07:38:11.480+0000] {task_command.py:467} INFO - Running <TaskInstance: finprode8_v2_etl_dag.extract_task manual__2025-02-21T07:31:04.105699+00:00 [running]> on host ***-airflow-scheduler
[2025-02-21T07:38:11.691+0000] {taskinstance.py:3134} INFO - Exporting env vars: AIRFLOW_CTX_DAG_OWNER='ratih malini' AIRFLOW_CTX_DAG_ID='***_v2_etl_dag' AIRFLOW_CTX_TASK_ID='extract_task' AIRFLOW_CTX_EXECUTION_DATE='2025-02-21T07:31:04.105699+00:00' AIRFLOW_CTX_TRY_NUMBER='2' AIRFLOW_CTX_DAG_RUN_ID='manual__2025-02-21T07:31:04.105699+00:00'
[2025-02-21T07:38:11.695+0000] {taskinstance.py:732} INFO - ::endgroup::
[2025-02-21T07:38:11.749+0000] {base.py:84} INFO - Retrieving connection 'spark_main'
[2025-02-21T07:38:11.754+0000] {spark_submit.py:474} INFO - Spark-Submit cmd: spark-submit --master spark://***-spark-master:7077 --packages org.postgresql:postgresql:42.2.18 --name arrow-spark /spark-scripts/***_v2_extract.py
[2025-02-21T07:38:13.969+0000] {spark_submit.py:641} INFO - :: loading settings :: url = jar:file:/home/airflow/.local/lib/python3.9/site-packages/pyspark/jars/ivy-2.5.1.jar!/org/apache/ivy/core/settings/ivysettings.xml
[2025-02-21T07:38:14.104+0000] {spark_submit.py:641} INFO - Ivy Default Cache set to: /home/airflow/.ivy2/cache
[2025-02-21T07:38:14.107+0000] {spark_submit.py:641} INFO - The jars for the packages stored in: /home/airflow/.ivy2/jars
[2025-02-21T07:38:14.116+0000] {spark_submit.py:641} INFO - org.postgresql#postgresql added as a dependency
[2025-02-21T07:38:14.118+0000] {spark_submit.py:641} INFO - :: resolving dependencies :: org.apache.spark#spark-submit-parent-a8eb116c-486e-44ca-8a09-51608af1a129;1.0
[2025-02-21T07:38:14.121+0000] {spark_submit.py:641} INFO - confs: [default]
[2025-02-21T07:38:14.379+0000] {spark_submit.py:641} INFO - found org.postgresql#postgresql;42.2.18 in central
[2025-02-21T07:38:14.408+0000] {spark_submit.py:641} INFO - found org.checkerframework#checker-qual;3.5.0 in central
[2025-02-21T07:38:14.427+0000] {spark_submit.py:641} INFO - :: resolution report :: resolve 303ms :: artifacts dl 6ms
[2025-02-21T07:38:14.429+0000] {spark_submit.py:641} INFO - :: modules in use:
[2025-02-21T07:38:14.431+0000] {spark_submit.py:641} INFO - org.checkerframework#checker-qual;3.5.0 from central in [default]
[2025-02-21T07:38:14.432+0000] {spark_submit.py:641} INFO - org.postgresql#postgresql;42.2.18 from central in [default]
[2025-02-21T07:38:14.434+0000] {spark_submit.py:641} INFO - ---------------------------------------------------------------------
[2025-02-21T07:38:14.435+0000] {spark_submit.py:641} INFO - |                  |            modules            ||   artifacts   |
[2025-02-21T07:38:14.437+0000] {spark_submit.py:641} INFO - |       conf       | number| search|dwnlded|evicted|| number|dwnlded|
[2025-02-21T07:38:14.438+0000] {spark_submit.py:641} INFO - ---------------------------------------------------------------------
[2025-02-21T07:38:14.439+0000] {spark_submit.py:641} INFO - |      default     |   2   |   0   |   0   |   0   ||   2   |   0   |
[2025-02-21T07:38:14.440+0000] {spark_submit.py:641} INFO - ---------------------------------------------------------------------
[2025-02-21T07:38:14.441+0000] {spark_submit.py:641} INFO - :: retrieving :: org.apache.spark#spark-submit-parent-a8eb116c-486e-44ca-8a09-51608af1a129
[2025-02-21T07:38:14.443+0000] {spark_submit.py:641} INFO - confs: [default]
[2025-02-21T07:38:14.445+0000] {spark_submit.py:641} INFO - 0 artifacts copied, 2 already retrieved (0kB/5ms)
[2025-02-21T07:38:14.742+0000] {spark_submit.py:641} INFO - 25/02/21 07:38:14 WARN NativeCodeLoader: Unable to load native-hadoop library for your platform... using builtin-java classes where applicable
[2025-02-21T07:38:16.490+0000] {spark_submit.py:641} INFO - 25/02/21 07:38:16 INFO SparkContext: Running Spark version 3.3.2
[2025-02-21T07:38:16.529+0000] {spark_submit.py:641} INFO - 25/02/21 07:38:16 INFO ResourceUtils: ==============================================================
[2025-02-21T07:38:16.533+0000] {spark_submit.py:641} INFO - 25/02/21 07:38:16 INFO ResourceUtils: No custom resources configured for spark.driver.
[2025-02-21T07:38:16.536+0000] {spark_submit.py:641} INFO - 25/02/21 07:38:16 INFO ResourceUtils: ==============================================================
[2025-02-21T07:38:16.539+0000] {spark_submit.py:641} INFO - 25/02/21 07:38:16 INFO SparkContext: Submitted application: ***_extract
[2025-02-21T07:38:16.584+0000] {spark_submit.py:641} INFO - 25/02/21 07:38:16 INFO ResourceProfile: Default ResourceProfile created, executor resources: Map(cores -> name: cores, amount: 1, script: , vendor: , memory -> name: memory, amount: 1024, script: , vendor: , offHeap -> name: offHeap, amount: 0, script: , vendor: ), task resources: Map(cpus -> name: cpus, amount: 1.0)
[2025-02-21T07:38:16.608+0000] {spark_submit.py:641} INFO - 25/02/21 07:38:16 INFO ResourceProfile: Limiting resource is cpu
[2025-02-21T07:38:16.612+0000] {spark_submit.py:641} INFO - 25/02/21 07:38:16 INFO ResourceProfileManager: Added ResourceProfile id: 0
[2025-02-21T07:38:16.678+0000] {spark_submit.py:641} INFO - 25/02/21 07:38:16 INFO SecurityManager: Changing view acls to: airflow
[2025-02-21T07:38:16.680+0000] {spark_submit.py:641} INFO - 25/02/21 07:38:16 INFO SecurityManager: Changing modify acls to: airflow
[2025-02-21T07:38:16.683+0000] {spark_submit.py:641} INFO - 25/02/21 07:38:16 INFO SecurityManager: Changing view acls groups to:
[2025-02-21T07:38:16.684+0000] {spark_submit.py:641} INFO - 25/02/21 07:38:16 INFO SecurityManager: Changing modify acls groups to:
[2025-02-21T07:38:16.686+0000] {spark_submit.py:641} INFO - 25/02/21 07:38:16 INFO SecurityManager: SecurityManager: authentication disabled; ui acls disabled; users  with view permissions: Set(airflow); groups with view permissions: Set(); users  with modify permissions: Set(airflow); groups with modify permissions: Set()
[2025-02-21T07:38:16.993+0000] {spark_submit.py:641} INFO - 25/02/21 07:38:16 INFO Utils: Successfully started service 'sparkDriver' on port 43799.
[2025-02-21T07:38:17.027+0000] {spark_submit.py:641} INFO - 25/02/21 07:38:17 INFO SparkEnv: Registering MapOutputTracker
[2025-02-21T07:38:17.064+0000] {spark_submit.py:641} INFO - 25/02/21 07:38:17 INFO SparkEnv: Registering BlockManagerMaster
[2025-02-21T07:38:17.090+0000] {spark_submit.py:641} INFO - 25/02/21 07:38:17 INFO BlockManagerMasterEndpoint: Using org.apache.spark.storage.DefaultTopologyMapper for getting topology information
[2025-02-21T07:38:17.093+0000] {spark_submit.py:641} INFO - 25/02/21 07:38:17 INFO BlockManagerMasterEndpoint: BlockManagerMasterEndpoint up
[2025-02-21T07:38:17.103+0000] {spark_submit.py:641} INFO - 25/02/21 07:38:17 INFO SparkEnv: Registering BlockManagerMasterHeartbeat
[2025-02-21T07:38:17.128+0000] {spark_submit.py:641} INFO - 25/02/21 07:38:17 INFO DiskBlockManager: Created local directory at /tmp/blockmgr-f797a0b8-6bec-496a-af93-88993348f716
[2025-02-21T07:38:17.146+0000] {spark_submit.py:641} INFO - 25/02/21 07:38:17 INFO MemoryStore: MemoryStore started with capacity 434.4 MiB
[2025-02-21T07:38:17.163+0000] {spark_submit.py:641} INFO - 25/02/21 07:38:17 INFO SparkEnv: Registering OutputCommitCoordinator
[2025-02-21T07:38:17.421+0000] {spark_submit.py:641} INFO - 25/02/21 07:38:17 INFO Utils: Successfully started service 'SparkUI' on port 4040.
[2025-02-21T07:38:17.464+0000] {spark_submit.py:641} INFO - 25/02/21 07:38:17 INFO SparkContext: Added JAR /spark-scripts/jars/postgresql-42.2.18.jar at spark://***-airflow-scheduler:43799/jars/postgresql-42.2.18.jar with timestamp 1740123496474
[2025-02-21T07:38:17.468+0000] {spark_submit.py:641} INFO - 25/02/21 07:38:17 INFO SparkContext: Added file file:///home/airflow/.ivy2/jars/org.postgresql_postgresql-42.2.18.jar at file:///home/airflow/.ivy2/jars/org.postgresql_postgresql-42.2.18.jar with timestamp 1740123496474
[2025-02-21T07:38:17.469+0000] {spark_submit.py:641} INFO - 25/02/21 07:38:17 INFO Utils: Copying /home/airflow/.ivy2/jars/org.postgresql_postgresql-42.2.18.jar to /tmp/spark-b0f36525-7d07-4ffa-82f9-2c4d8ff62679/userFiles-fa5daacc-9fe8-4d3c-ad67-b1ef50fd418b/org.postgresql_postgresql-42.2.18.jar
[2025-02-21T07:38:17.482+0000] {spark_submit.py:641} INFO - 25/02/21 07:38:17 INFO SparkContext: Added file file:///home/airflow/.ivy2/jars/org.checkerframework_checker-qual-3.5.0.jar at file:///home/airflow/.ivy2/jars/org.checkerframework_checker-qual-3.5.0.jar with timestamp 1740123496474
[2025-02-21T07:38:17.484+0000] {spark_submit.py:641} INFO - 25/02/21 07:38:17 INFO Utils: Copying /home/airflow/.ivy2/jars/org.checkerframework_checker-qual-3.5.0.jar to /tmp/spark-b0f36525-7d07-4ffa-82f9-2c4d8ff62679/userFiles-fa5daacc-9fe8-4d3c-ad67-b1ef50fd418b/org.checkerframework_checker-qual-3.5.0.jar
[2025-02-21T07:38:17.556+0000] {spark_submit.py:641} INFO - 25/02/21 07:38:17 INFO Executor: Starting executor ID driver on host ***-airflow-scheduler
[2025-02-21T07:38:17.564+0000] {spark_submit.py:641} INFO - 25/02/21 07:38:17 INFO Executor: Starting executor with user classpath (userClassPathFirst = false): ''
[2025-02-21T07:38:17.576+0000] {spark_submit.py:641} INFO - 25/02/21 07:38:17 INFO Executor: Fetching file:///home/airflow/.ivy2/jars/org.postgresql_postgresql-42.2.18.jar with timestamp 1740123496474
[2025-02-21T07:38:17.608+0000] {spark_submit.py:641} INFO - 25/02/21 07:38:17 INFO Utils: /home/airflow/.ivy2/jars/org.postgresql_postgresql-42.2.18.jar has been previously copied to /tmp/spark-b0f36525-7d07-4ffa-82f9-2c4d8ff62679/userFiles-fa5daacc-9fe8-4d3c-ad67-b1ef50fd418b/org.postgresql_postgresql-42.2.18.jar
[2025-02-21T07:38:17.614+0000] {spark_submit.py:641} INFO - 25/02/21 07:38:17 INFO Executor: Fetching file:///home/airflow/.ivy2/jars/org.checkerframework_checker-qual-3.5.0.jar with timestamp 1740123496474
[2025-02-21T07:38:17.616+0000] {spark_submit.py:641} INFO - 25/02/21 07:38:17 INFO Utils: /home/airflow/.ivy2/jars/org.checkerframework_checker-qual-3.5.0.jar has been previously copied to /tmp/spark-b0f36525-7d07-4ffa-82f9-2c4d8ff62679/userFiles-fa5daacc-9fe8-4d3c-ad67-b1ef50fd418b/org.checkerframework_checker-qual-3.5.0.jar
[2025-02-21T07:38:17.621+0000] {spark_submit.py:641} INFO - 25/02/21 07:38:17 INFO Executor: Fetching spark://***-airflow-scheduler:43799/jars/postgresql-42.2.18.jar with timestamp 1740123496474
[2025-02-21T07:38:17.696+0000] {spark_submit.py:641} INFO - 25/02/21 07:38:17 INFO TransportClientFactory: Successfully created connection to ***-airflow-scheduler/172.19.0.4:43799 after 59 ms (0 ms spent in bootstraps)
[2025-02-21T07:38:17.708+0000] {spark_submit.py:641} INFO - 25/02/21 07:38:17 INFO Utils: Fetching spark://***-airflow-scheduler:43799/jars/postgresql-42.2.18.jar to /tmp/spark-b0f36525-7d07-4ffa-82f9-2c4d8ff62679/userFiles-fa5daacc-9fe8-4d3c-ad67-b1ef50fd418b/fetchFileTemp2349866299279105787.tmp
[2025-02-21T07:38:17.829+0000] {spark_submit.py:641} INFO - 25/02/21 07:38:17 INFO Executor: Adding file:/tmp/spark-b0f36525-7d07-4ffa-82f9-2c4d8ff62679/userFiles-fa5daacc-9fe8-4d3c-ad67-b1ef50fd418b/postgresql-42.2.18.jar to class loader
[2025-02-21T07:38:17.843+0000] {spark_submit.py:641} INFO - 25/02/21 07:38:17 INFO Utils: Successfully started service 'org.apache.spark.network.netty.NettyBlockTransferService' on port 40721.
[2025-02-21T07:38:17.847+0000] {spark_submit.py:641} INFO - 25/02/21 07:38:17 INFO NettyBlockTransferService: Server created on ***-airflow-scheduler:40721
[2025-02-21T07:38:17.850+0000] {spark_submit.py:641} INFO - 25/02/21 07:38:17 INFO BlockManager: Using org.apache.spark.storage.RandomBlockReplicationPolicy for block replication policy
[2025-02-21T07:38:17.863+0000] {spark_submit.py:641} INFO - 25/02/21 07:38:17 INFO BlockManagerMaster: Registering BlockManager BlockManagerId(driver, ***-airflow-scheduler, 40721, None)
[2025-02-21T07:38:17.871+0000] {spark_submit.py:641} INFO - 25/02/21 07:38:17 INFO BlockManagerMasterEndpoint: Registering block manager ***-airflow-scheduler:40721 with 434.4 MiB RAM, BlockManagerId(driver, ***-airflow-scheduler, 40721, None)
[2025-02-21T07:38:17.877+0000] {spark_submit.py:641} INFO - 25/02/21 07:38:17 INFO BlockManagerMaster: Registered BlockManager BlockManagerId(driver, ***-airflow-scheduler, 40721, None)
[2025-02-21T07:38:17.880+0000] {spark_submit.py:641} INFO - 25/02/21 07:38:17 INFO BlockManager: Initialized BlockManager: BlockManagerId(driver, ***-airflow-scheduler, 40721, None)
[2025-02-21T07:38:27.848+0000] {spark_submit.py:641} INFO - +-----------+-----------------+---------+---------------+------+-------------------+---------------+---+--------------------+-----------------+---------------------+----------+------------------+
[2025-02-21T07:38:27.850+0000] {spark_submit.py:641} INFO - |employee_id|       department|   region|      education|gender|recruitment_channel|no_of_trainings|age|previous_year_rating|length_of_service|KPIs_met_more_than_80|awards_won|avg_training_score|
[2025-02-21T07:38:27.852+0000] {spark_submit.py:641} INFO - +-----------+-----------------+---------+---------------+------+-------------------+---------------+---+--------------------+-----------------+---------------------+----------+------------------+
[2025-02-21T07:38:27.854+0000] {spark_submit.py:641} INFO - |       8724|       Technology|region_26|      Bachelors|     m|           sourcing|              1| 24|                null|                1|                    1|         0|                77|
[2025-02-21T07:38:27.855+0000] {spark_submit.py:641} INFO - |      74430|               HR| region_4|      Bachelors|     f|              other|              1| 31|                   3|                5|                    0|         0|                51|
[2025-02-21T07:38:27.857+0000] {spark_submit.py:641} INFO - |      72255|Sales & Marketing|region_13|      Bachelors|     m|              other|              1| 31|                   1|                4|                    0|         0|                47|
[2025-02-21T07:38:27.859+0000] {spark_submit.py:641} INFO - |      38562|      Procurement| region_2|      Bachelors|     f|              other|              3| 31|                   2|                9|                    0|         0|                65|
[2025-02-21T07:38:27.860+0000] {spark_submit.py:641} INFO - |      64486|          Finance|region_29|      Bachelors|     m|           sourcing|              1| 30|                   4|                7|                    0|         0|                61|
[2025-02-21T07:38:27.861+0000] {spark_submit.py:641} INFO - |      46232|      Procurement| region_7|      Bachelors|     m|           sourcing|              1| 36|                   3|                2|                    0|         0|                68|
[2025-02-21T07:38:27.863+0000] {spark_submit.py:641} INFO - |      54542|          Finance| region_2|      Bachelors|     m|              other|              1| 33|                   5|                3|                    1|         0|                57|
[2025-02-21T07:38:27.864+0000] {spark_submit.py:641} INFO - |      67269|        Analytics|region_22|      Bachelors|     m|           sourcing|              2| 36|                   3|                3|                    0|         0|                85|
[2025-02-21T07:38:27.865+0000] {spark_submit.py:641} INFO - |      66174|       Technology| region_7|Masters & above|     m|              other|              1| 51|                   4|               11|                    0|         0|                75|
[2025-02-21T07:38:27.866+0000] {spark_submit.py:641} INFO - |      76303|       Technology|region_22|      Bachelors|     m|           sourcing|              1| 29|                   5|                2|                    1|         0|                76|
[2025-02-21T07:38:27.868+0000] {spark_submit.py:641} INFO - |      60245|Sales & Marketing|region_16|      Bachelors|     m|           sourcing|              2| 40|                   5|               12|                    1|         0|                50|
[2025-02-21T07:38:27.870+0000] {spark_submit.py:641} INFO - |      42639|Sales & Marketing|region_17|Masters & above|     m|           sourcing|              1| 40|                   3|               10|                    0|         0|                46|
[2025-02-21T07:38:27.874+0000] {spark_submit.py:641} INFO - |      30963|Sales & Marketing| region_4|Masters & above|     f|              other|              1| 34|                   3|                4|                    0|         0|                52|
[2025-02-21T07:38:27.876+0000] {spark_submit.py:641} INFO - |      54055|        Analytics|region_24|      Bachelors|     m|              other|              1| 37|                   3|               10|                    0|         0|                82|
[2025-02-21T07:38:27.877+0000] {spark_submit.py:641} INFO - |      42996|       Operations|region_11|      Bachelors|     m|           sourcing|              1| 30|                   5|                6|                    1|         0|                58|
[2025-02-21T07:38:27.879+0000] {spark_submit.py:641} INFO - |      12737|Sales & Marketing| region_7|      Bachelors|     m|           sourcing|              1| 31|                   4|                4|                    1|         0|                47|
[2025-02-21T07:38:27.881+0000] {spark_submit.py:641} INFO - |      27561|       Operations|region_27|      Bachelors|     f|           sourcing|              1| 26|                   5|                3|                    0|         0|                56|
[2025-02-21T07:38:27.883+0000] {spark_submit.py:641} INFO - |      26622|Sales & Marketing|region_17|      Bachelors|     m|           sourcing|              1| 40|                   5|                6|                    1|         0|                50|
[2025-02-21T07:38:27.884+0000] {spark_submit.py:641} INFO - |      31582|      Procurement| region_7|      Bachelors|     f|              other|              1| 49|                   3|                7|                    1|         0|                64|
[2025-02-21T07:38:27.886+0000] {spark_submit.py:641} INFO - |      29793|      Procurement|region_27|      Bachelors|     m|              other|              1| 27|                   2|                5|                    0|         0|                65|
[2025-02-21T07:38:27.888+0000] {spark_submit.py:641} INFO - +-----------+-----------------+---------+---------------+------+-------------------+---------------+---+--------------------+-----------------+---------------------+----------+------------------+
[2025-02-21T07:38:27.889+0000] {spark_submit.py:641} INFO - only showing top 20 rows
[2025-02-21T07:38:27.891+0000] {spark_submit.py:641} INFO - 
[2025-02-21T07:38:27.892+0000] {spark_submit.py:641} INFO - root
[2025-02-21T07:38:27.894+0000] {spark_submit.py:641} INFO - |-- employee_id: integer (nullable = true)
[2025-02-21T07:38:27.895+0000] {spark_submit.py:641} INFO - |-- department: string (nullable = true)
[2025-02-21T07:38:27.897+0000] {spark_submit.py:641} INFO - |-- region: string (nullable = true)
[2025-02-21T07:38:27.899+0000] {spark_submit.py:641} INFO - |-- education: string (nullable = true)
[2025-02-21T07:38:27.901+0000] {spark_submit.py:641} INFO - |-- gender: string (nullable = true)
[2025-02-21T07:38:27.903+0000] {spark_submit.py:641} INFO - |-- recruitment_channel: string (nullable = true)
[2025-02-21T07:38:27.904+0000] {spark_submit.py:641} INFO - |-- no_of_trainings: integer (nullable = true)
[2025-02-21T07:38:27.905+0000] {spark_submit.py:641} INFO - |-- age: integer (nullable = true)
[2025-02-21T07:38:27.907+0000] {spark_submit.py:641} INFO - |-- previous_year_rating: integer (nullable = true)
[2025-02-21T07:38:27.908+0000] {spark_submit.py:641} INFO - |-- length_of_service: integer (nullable = true)
[2025-02-21T07:38:27.910+0000] {spark_submit.py:641} INFO - |-- KPIs_met_more_than_80: integer (nullable = true)
[2025-02-21T07:38:27.911+0000] {spark_submit.py:641} INFO - |-- awards_won: integer (nullable = true)
[2025-02-21T07:38:27.912+0000] {spark_submit.py:641} INFO - |-- avg_training_score: integer (nullable = true)
[2025-02-21T07:38:27.914+0000] {spark_submit.py:641} INFO - 
[2025-02-21T07:38:28.459+0000] {spark_submit.py:641} INFO - Jumlah baris dalam DataFrame : 17417
[2025-02-21T07:38:28.462+0000] {spark_submit.py:641} INFO - Isi folder data/extracted.parquet :
[2025-02-21T07:38:28.463+0000] {spark_submit.py:641} INFO - ['part-00000-38875f9e-d6fe-462f-8a57-39effeebf482-c000.snappy.parquet', '_SUCCESS', '.part-00000-38875f9e-d6fe-462f-8a57-39effeebf482-c000.snappy.parquet.crc', '._SUCCESS.crc']
[2025-02-21T07:38:28.466+0000] {spark_submit.py:641} INFO - Extract data berhasil.
[2025-02-21T07:38:28.896+0000] {taskinstance.py:341} INFO - ::group::Post task execution logs
[2025-02-21T07:38:28.899+0000] {taskinstance.py:353} INFO - Marking task as SUCCESS. dag_id=***_v2_etl_dag, task_id=extract_task, run_id=manual__2025-02-21T07:31:04.105699+00:00, execution_date=20250221T073104, start_date=20250221T073811, end_date=20250221T073828
[2025-02-21T07:38:28.974+0000] {local_task_job_runner.py:266} INFO - Task exited with return code 0
[2025-02-21T07:38:29.023+0000] {taskinstance.py:3901} INFO - 1 downstream tasks scheduled from follow-on schedule check
[2025-02-21T07:38:29.026+0000] {local_task_job_runner.py:245} INFO - ::endgroup::
