[2025-02-21T07:54:11.758+0000] {local_task_job_runner.py:123} INFO - ::group::Pre task execution logs
[2025-02-21T07:54:11.801+0000] {taskinstance.py:2614} INFO - Dependencies all met for dep_context=non-requeueable deps ti=<TaskInstance: finprode8_v2_etl_dag.extract_task manual__2025-02-21T07:31:04.105699+00:00 [queued]>
[2025-02-21T07:54:11.823+0000] {taskinstance.py:2614} INFO - Dependencies all met for dep_context=requeueable deps ti=<TaskInstance: finprode8_v2_etl_dag.extract_task manual__2025-02-21T07:31:04.105699+00:00 [queued]>
[2025-02-21T07:54:11.825+0000] {taskinstance.py:2867} INFO - Starting attempt 4 of 4
[2025-02-21T07:54:11.856+0000] {taskinstance.py:2890} INFO - Executing <Task(SparkSubmitOperator): extract_task> on 2025-02-21 07:31:04.105699+00:00
[2025-02-21T07:54:11.868+0000] {standard_task_runner.py:72} INFO - Started process 2911 to run task
[2025-02-21T07:54:11.880+0000] {standard_task_runner.py:104} INFO - Running: ['airflow', 'tasks', 'run', '***_v2_etl_dag', 'extract_task', 'manual__2025-02-21T07:31:04.105699+00:00', '--job-id', '111', '--raw', '--subdir', 'DAGS_FOLDER/***_v2_etl_dag.py', '--cfg-path', '/tmp/tmpn8hhbw5h']
[2025-02-21T07:54:11.891+0000] {standard_task_runner.py:105} INFO - Job 111: Subtask extract_task
[2025-02-21T07:54:11.940+0000] {logging_mixin.py:190} WARNING - /home/airflow/.local/lib/python3.9/site-packages/airflow/settings.py:209 DeprecationWarning: The sql_alchemy_conn option in [core] has been moved to the sql_alchemy_conn option in [database] - the old setting has been used, but please update your config.
[2025-02-21T07:54:12.038+0000] {task_command.py:467} INFO - Running <TaskInstance: finprode8_v2_etl_dag.extract_task manual__2025-02-21T07:31:04.105699+00:00 [running]> on host ***-airflow-scheduler
[2025-02-21T07:54:12.213+0000] {taskinstance.py:3134} INFO - Exporting env vars: AIRFLOW_CTX_DAG_OWNER='ratih malini' AIRFLOW_CTX_DAG_ID='***_v2_etl_dag' AIRFLOW_CTX_TASK_ID='extract_task' AIRFLOW_CTX_EXECUTION_DATE='2025-02-21T07:31:04.105699+00:00' AIRFLOW_CTX_TRY_NUMBER='4' AIRFLOW_CTX_DAG_RUN_ID='manual__2025-02-21T07:31:04.105699+00:00'
[2025-02-21T07:54:12.217+0000] {taskinstance.py:732} INFO - ::endgroup::
[2025-02-21T07:54:12.300+0000] {base.py:84} INFO - Retrieving connection 'spark_main'
[2025-02-21T07:54:12.305+0000] {spark_submit.py:474} INFO - Spark-Submit cmd: spark-submit --master spark://***-spark-master:7077 --packages org.postgresql:postgresql:42.2.18 --name arrow-spark /spark-scripts/***_v2_extract.py
[2025-02-21T07:54:14.522+0000] {spark_submit.py:641} INFO - :: loading settings :: url = jar:file:/home/airflow/.local/lib/python3.9/site-packages/pyspark/jars/ivy-2.5.1.jar!/org/apache/ivy/core/settings/ivysettings.xml
[2025-02-21T07:54:14.602+0000] {spark_submit.py:641} INFO - Ivy Default Cache set to: /home/airflow/.ivy2/cache
[2025-02-21T07:54:14.605+0000] {spark_submit.py:641} INFO - The jars for the packages stored in: /home/airflow/.ivy2/jars
[2025-02-21T07:54:14.609+0000] {spark_submit.py:641} INFO - org.postgresql#postgresql added as a dependency
[2025-02-21T07:54:14.612+0000] {spark_submit.py:641} INFO - :: resolving dependencies :: org.apache.spark#spark-submit-parent-9a506cdf-7fa4-463a-bda5-28e6cda002d1;1.0
[2025-02-21T07:54:14.613+0000] {spark_submit.py:641} INFO - confs: [default]
[2025-02-21T07:54:14.733+0000] {spark_submit.py:641} INFO - found org.postgresql#postgresql;42.2.18 in central
[2025-02-21T07:54:14.764+0000] {spark_submit.py:641} INFO - found org.checkerframework#checker-qual;3.5.0 in central
[2025-02-21T07:54:14.789+0000] {spark_submit.py:641} INFO - :: resolution report :: resolve 168ms :: artifacts dl 10ms
[2025-02-21T07:54:14.792+0000] {spark_submit.py:641} INFO - :: modules in use:
[2025-02-21T07:54:14.794+0000] {spark_submit.py:641} INFO - org.checkerframework#checker-qual;3.5.0 from central in [default]
[2025-02-21T07:54:14.797+0000] {spark_submit.py:641} INFO - org.postgresql#postgresql;42.2.18 from central in [default]
[2025-02-21T07:54:14.799+0000] {spark_submit.py:641} INFO - ---------------------------------------------------------------------
[2025-02-21T07:54:14.801+0000] {spark_submit.py:641} INFO - |                  |            modules            ||   artifacts   |
[2025-02-21T07:54:14.804+0000] {spark_submit.py:641} INFO - |       conf       | number| search|dwnlded|evicted|| number|dwnlded|
[2025-02-21T07:54:14.807+0000] {spark_submit.py:641} INFO - ---------------------------------------------------------------------
[2025-02-21T07:54:14.809+0000] {spark_submit.py:641} INFO - |      default     |   2   |   0   |   0   |   0   ||   2   |   0   |
[2025-02-21T07:54:14.811+0000] {spark_submit.py:641} INFO - ---------------------------------------------------------------------
[2025-02-21T07:54:14.813+0000] {spark_submit.py:641} INFO - :: retrieving :: org.apache.spark#spark-submit-parent-9a506cdf-7fa4-463a-bda5-28e6cda002d1
[2025-02-21T07:54:14.816+0000] {spark_submit.py:641} INFO - confs: [default]
[2025-02-21T07:54:14.818+0000] {spark_submit.py:641} INFO - 0 artifacts copied, 2 already retrieved (0kB/11ms)
[2025-02-21T07:54:15.218+0000] {spark_submit.py:641} INFO - 25/02/21 07:54:15 WARN NativeCodeLoader: Unable to load native-hadoop library for your platform... using builtin-java classes where applicable
[2025-02-21T07:54:16.946+0000] {spark_submit.py:641} INFO - 25/02/21 07:54:16 INFO SparkContext: Running Spark version 3.3.2
[2025-02-21T07:54:16.969+0000] {spark_submit.py:641} INFO - 25/02/21 07:54:16 INFO ResourceUtils: ==============================================================
[2025-02-21T07:54:16.971+0000] {spark_submit.py:641} INFO - 25/02/21 07:54:16 INFO ResourceUtils: No custom resources configured for spark.driver.
[2025-02-21T07:54:16.974+0000] {spark_submit.py:641} INFO - 25/02/21 07:54:16 INFO ResourceUtils: ==============================================================
[2025-02-21T07:54:16.976+0000] {spark_submit.py:641} INFO - 25/02/21 07:54:16 INFO SparkContext: Submitted application: ***_extract
[2025-02-21T07:54:16.990+0000] {spark_submit.py:641} INFO - 25/02/21 07:54:16 INFO ResourceProfile: Default ResourceProfile created, executor resources: Map(cores -> name: cores, amount: 1, script: , vendor: , memory -> name: memory, amount: 1024, script: , vendor: , offHeap -> name: offHeap, amount: 0, script: , vendor: ), task resources: Map(cpus -> name: cpus, amount: 1.0)
[2025-02-21T07:54:17.004+0000] {spark_submit.py:641} INFO - 25/02/21 07:54:17 INFO ResourceProfile: Limiting resource is cpu
[2025-02-21T07:54:17.006+0000] {spark_submit.py:641} INFO - 25/02/21 07:54:17 INFO ResourceProfileManager: Added ResourceProfile id: 0
[2025-02-21T07:54:17.067+0000] {spark_submit.py:641} INFO - 25/02/21 07:54:17 INFO SecurityManager: Changing view acls to: airflow
[2025-02-21T07:54:17.070+0000] {spark_submit.py:641} INFO - 25/02/21 07:54:17 INFO SecurityManager: Changing modify acls to: airflow
[2025-02-21T07:54:17.072+0000] {spark_submit.py:641} INFO - 25/02/21 07:54:17 INFO SecurityManager: Changing view acls groups to:
[2025-02-21T07:54:17.073+0000] {spark_submit.py:641} INFO - 25/02/21 07:54:17 INFO SecurityManager: Changing modify acls groups to:
[2025-02-21T07:54:17.076+0000] {spark_submit.py:641} INFO - 25/02/21 07:54:17 INFO SecurityManager: SecurityManager: authentication disabled; ui acls disabled; users  with view permissions: Set(airflow); groups with view permissions: Set(); users  with modify permissions: Set(airflow); groups with modify permissions: Set()
[2025-02-21T07:54:17.356+0000] {spark_submit.py:641} INFO - 25/02/21 07:54:17 INFO Utils: Successfully started service 'sparkDriver' on port 35139.
[2025-02-21T07:54:17.385+0000] {spark_submit.py:641} INFO - 25/02/21 07:54:17 INFO SparkEnv: Registering MapOutputTracker
[2025-02-21T07:54:17.453+0000] {spark_submit.py:641} INFO - 25/02/21 07:54:17 INFO SparkEnv: Registering BlockManagerMaster
[2025-02-21T07:54:17.489+0000] {spark_submit.py:641} INFO - 25/02/21 07:54:17 INFO BlockManagerMasterEndpoint: Using org.apache.spark.storage.DefaultTopologyMapper for getting topology information
[2025-02-21T07:54:17.492+0000] {spark_submit.py:641} INFO - 25/02/21 07:54:17 INFO BlockManagerMasterEndpoint: BlockManagerMasterEndpoint up
[2025-02-21T07:54:17.497+0000] {spark_submit.py:641} INFO - 25/02/21 07:54:17 INFO SparkEnv: Registering BlockManagerMasterHeartbeat
[2025-02-21T07:54:17.572+0000] {spark_submit.py:641} INFO - 25/02/21 07:54:17 INFO DiskBlockManager: Created local directory at /tmp/blockmgr-b31c7df8-4d8e-4dba-a3cd-0028b5776c10
[2025-02-21T07:54:17.613+0000] {spark_submit.py:641} INFO - 25/02/21 07:54:17 INFO MemoryStore: MemoryStore started with capacity 434.4 MiB
[2025-02-21T07:54:17.650+0000] {spark_submit.py:641} INFO - 25/02/21 07:54:17 INFO SparkEnv: Registering OutputCommitCoordinator
[2025-02-21T07:54:17.959+0000] {spark_submit.py:641} INFO - 25/02/21 07:54:17 INFO Utils: Successfully started service 'SparkUI' on port 4040.
[2025-02-21T07:54:18.069+0000] {spark_submit.py:641} INFO - 25/02/21 07:54:18 INFO SparkContext: Added JAR /spark-scripts/jars/postgresql-42.2.18.jar at spark://***-airflow-scheduler:35139/jars/postgresql-42.2.18.jar with timestamp 1740124456936
[2025-02-21T07:54:18.074+0000] {spark_submit.py:641} INFO - 25/02/21 07:54:18 INFO SparkContext: Added file file:///home/airflow/.ivy2/jars/org.postgresql_postgresql-42.2.18.jar at file:///home/airflow/.ivy2/jars/org.postgresql_postgresql-42.2.18.jar with timestamp 1740124456936
[2025-02-21T07:54:18.076+0000] {spark_submit.py:641} INFO - 25/02/21 07:54:18 INFO Utils: Copying /home/airflow/.ivy2/jars/org.postgresql_postgresql-42.2.18.jar to /tmp/spark-6ea38dd7-e687-482e-8300-0748ba47946d/userFiles-b9ab27d9-43bf-4555-aff5-9d29e9d816bc/org.postgresql_postgresql-42.2.18.jar
[2025-02-21T07:54:18.093+0000] {spark_submit.py:641} INFO - 25/02/21 07:54:18 INFO SparkContext: Added file file:///home/airflow/.ivy2/jars/org.checkerframework_checker-qual-3.5.0.jar at file:///home/airflow/.ivy2/jars/org.checkerframework_checker-qual-3.5.0.jar with timestamp 1740124456936
[2025-02-21T07:54:18.095+0000] {spark_submit.py:641} INFO - 25/02/21 07:54:18 INFO Utils: Copying /home/airflow/.ivy2/jars/org.checkerframework_checker-qual-3.5.0.jar to /tmp/spark-6ea38dd7-e687-482e-8300-0748ba47946d/userFiles-b9ab27d9-43bf-4555-aff5-9d29e9d816bc/org.checkerframework_checker-qual-3.5.0.jar
[2025-02-21T07:54:18.192+0000] {spark_submit.py:641} INFO - 25/02/21 07:54:18 INFO Executor: Starting executor ID driver on host ***-airflow-scheduler
[2025-02-21T07:54:18.199+0000] {spark_submit.py:641} INFO - 25/02/21 07:54:18 INFO Executor: Starting executor with user classpath (userClassPathFirst = false): ''
[2025-02-21T07:54:18.214+0000] {spark_submit.py:641} INFO - 25/02/21 07:54:18 INFO Executor: Fetching file:///home/airflow/.ivy2/jars/org.postgresql_postgresql-42.2.18.jar with timestamp 1740124456936
[2025-02-21T07:54:18.243+0000] {spark_submit.py:641} INFO - 25/02/21 07:54:18 INFO Utils: /home/airflow/.ivy2/jars/org.postgresql_postgresql-42.2.18.jar has been previously copied to /tmp/spark-6ea38dd7-e687-482e-8300-0748ba47946d/userFiles-b9ab27d9-43bf-4555-aff5-9d29e9d816bc/org.postgresql_postgresql-42.2.18.jar
[2025-02-21T07:54:18.251+0000] {spark_submit.py:641} INFO - 25/02/21 07:54:18 INFO Executor: Fetching file:///home/airflow/.ivy2/jars/org.checkerframework_checker-qual-3.5.0.jar with timestamp 1740124456936
[2025-02-21T07:54:18.253+0000] {spark_submit.py:641} INFO - 25/02/21 07:54:18 INFO Utils: /home/airflow/.ivy2/jars/org.checkerframework_checker-qual-3.5.0.jar has been previously copied to /tmp/spark-6ea38dd7-e687-482e-8300-0748ba47946d/userFiles-b9ab27d9-43bf-4555-aff5-9d29e9d816bc/org.checkerframework_checker-qual-3.5.0.jar
[2025-02-21T07:54:18.260+0000] {spark_submit.py:641} INFO - 25/02/21 07:54:18 INFO Executor: Fetching spark://***-airflow-scheduler:35139/jars/postgresql-42.2.18.jar with timestamp 1740124456936
[2025-02-21T07:54:18.301+0000] {spark_submit.py:641} INFO - 25/02/21 07:54:18 INFO TransportClientFactory: Successfully created connection to ***-airflow-scheduler/172.19.0.4:35139 after 28 ms (0 ms spent in bootstraps)
[2025-02-21T07:54:18.305+0000] {spark_submit.py:641} INFO - 25/02/21 07:54:18 INFO Utils: Fetching spark://***-airflow-scheduler:35139/jars/postgresql-42.2.18.jar to /tmp/spark-6ea38dd7-e687-482e-8300-0748ba47946d/userFiles-b9ab27d9-43bf-4555-aff5-9d29e9d816bc/fetchFileTemp15112050928062785120.tmp
[2025-02-21T07:54:18.412+0000] {spark_submit.py:641} INFO - 25/02/21 07:54:18 INFO Executor: Adding file:/tmp/spark-6ea38dd7-e687-482e-8300-0748ba47946d/userFiles-b9ab27d9-43bf-4555-aff5-9d29e9d816bc/postgresql-42.2.18.jar to class loader
[2025-02-21T07:54:18.422+0000] {spark_submit.py:641} INFO - 25/02/21 07:54:18 INFO Utils: Successfully started service 'org.apache.spark.network.netty.NettyBlockTransferService' on port 45663.
[2025-02-21T07:54:18.425+0000] {spark_submit.py:641} INFO - 25/02/21 07:54:18 INFO NettyBlockTransferService: Server created on ***-airflow-scheduler:45663
[2025-02-21T07:54:18.427+0000] {spark_submit.py:641} INFO - 25/02/21 07:54:18 INFO BlockManager: Using org.apache.spark.storage.RandomBlockReplicationPolicy for block replication policy
[2025-02-21T07:54:18.438+0000] {spark_submit.py:641} INFO - 25/02/21 07:54:18 INFO BlockManagerMaster: Registering BlockManager BlockManagerId(driver, ***-airflow-scheduler, 45663, None)
[2025-02-21T07:54:18.447+0000] {spark_submit.py:641} INFO - 25/02/21 07:54:18 INFO BlockManagerMasterEndpoint: Registering block manager ***-airflow-scheduler:45663 with 434.4 MiB RAM, BlockManagerId(driver, ***-airflow-scheduler, 45663, None)
[2025-02-21T07:54:18.451+0000] {spark_submit.py:641} INFO - 25/02/21 07:54:18 INFO BlockManagerMaster: Registered BlockManager BlockManagerId(driver, ***-airflow-scheduler, 45663, None)
[2025-02-21T07:54:18.455+0000] {spark_submit.py:641} INFO - 25/02/21 07:54:18 INFO BlockManager: Initialized BlockManager: BlockManagerId(driver, ***-airflow-scheduler, 45663, None)
[2025-02-21T07:54:28.722+0000] {spark_submit.py:641} INFO - +-----------+-----------------+---------+---------------+------+-------------------+---------------+---+--------------------+-----------------+---------------------+----------+------------------+
[2025-02-21T07:54:28.724+0000] {spark_submit.py:641} INFO - |employee_id|       department|   region|      education|gender|recruitment_channel|no_of_trainings|age|previous_year_rating|length_of_service|KPIs_met_more_than_80|awards_won|avg_training_score|
[2025-02-21T07:54:28.726+0000] {spark_submit.py:641} INFO - +-----------+-----------------+---------+---------------+------+-------------------+---------------+---+--------------------+-----------------+---------------------+----------+------------------+
[2025-02-21T07:54:28.727+0000] {spark_submit.py:641} INFO - |       8724|       Technology|region_26|      Bachelors|     m|           sourcing|              1| 24|                null|                1|                    1|         0|                77|
[2025-02-21T07:54:28.729+0000] {spark_submit.py:641} INFO - |      74430|               HR| region_4|      Bachelors|     f|              other|              1| 31|                   3|                5|                    0|         0|                51|
[2025-02-21T07:54:28.731+0000] {spark_submit.py:641} INFO - |      72255|Sales & Marketing|region_13|      Bachelors|     m|              other|              1| 31|                   1|                4|                    0|         0|                47|
[2025-02-21T07:54:28.733+0000] {spark_submit.py:641} INFO - |      38562|      Procurement| region_2|      Bachelors|     f|              other|              3| 31|                   2|                9|                    0|         0|                65|
[2025-02-21T07:54:28.735+0000] {spark_submit.py:641} INFO - |      64486|          Finance|region_29|      Bachelors|     m|           sourcing|              1| 30|                   4|                7|                    0|         0|                61|
[2025-02-21T07:54:28.737+0000] {spark_submit.py:641} INFO - |      46232|      Procurement| region_7|      Bachelors|     m|           sourcing|              1| 36|                   3|                2|                    0|         0|                68|
[2025-02-21T07:54:28.738+0000] {spark_submit.py:641} INFO - |      54542|          Finance| region_2|      Bachelors|     m|              other|              1| 33|                   5|                3|                    1|         0|                57|
[2025-02-21T07:54:28.739+0000] {spark_submit.py:641} INFO - |      67269|        Analytics|region_22|      Bachelors|     m|           sourcing|              2| 36|                   3|                3|                    0|         0|                85|
[2025-02-21T07:54:28.741+0000] {spark_submit.py:641} INFO - |      66174|       Technology| region_7|Masters & above|     m|              other|              1| 51|                   4|               11|                    0|         0|                75|
[2025-02-21T07:54:28.742+0000] {spark_submit.py:641} INFO - |      76303|       Technology|region_22|      Bachelors|     m|           sourcing|              1| 29|                   5|                2|                    1|         0|                76|
[2025-02-21T07:54:28.743+0000] {spark_submit.py:641} INFO - |      60245|Sales & Marketing|region_16|      Bachelors|     m|           sourcing|              2| 40|                   5|               12|                    1|         0|                50|
[2025-02-21T07:54:28.744+0000] {spark_submit.py:641} INFO - |      42639|Sales & Marketing|region_17|Masters & above|     m|           sourcing|              1| 40|                   3|               10|                    0|         0|                46|
[2025-02-21T07:54:28.745+0000] {spark_submit.py:641} INFO - |      30963|Sales & Marketing| region_4|Masters & above|     f|              other|              1| 34|                   3|                4|                    0|         0|                52|
[2025-02-21T07:54:28.746+0000] {spark_submit.py:641} INFO - |      54055|        Analytics|region_24|      Bachelors|     m|              other|              1| 37|                   3|               10|                    0|         0|                82|
[2025-02-21T07:54:28.748+0000] {spark_submit.py:641} INFO - |      42996|       Operations|region_11|      Bachelors|     m|           sourcing|              1| 30|                   5|                6|                    1|         0|                58|
[2025-02-21T07:54:28.750+0000] {spark_submit.py:641} INFO - |      12737|Sales & Marketing| region_7|      Bachelors|     m|           sourcing|              1| 31|                   4|                4|                    1|         0|                47|
[2025-02-21T07:54:28.752+0000] {spark_submit.py:641} INFO - |      27561|       Operations|region_27|      Bachelors|     f|           sourcing|              1| 26|                   5|                3|                    0|         0|                56|
[2025-02-21T07:54:28.753+0000] {spark_submit.py:641} INFO - |      26622|Sales & Marketing|region_17|      Bachelors|     m|           sourcing|              1| 40|                   5|                6|                    1|         0|                50|
[2025-02-21T07:54:28.755+0000] {spark_submit.py:641} INFO - |      31582|      Procurement| region_7|      Bachelors|     f|              other|              1| 49|                   3|                7|                    1|         0|                64|
[2025-02-21T07:54:28.757+0000] {spark_submit.py:641} INFO - |      29793|      Procurement|region_27|      Bachelors|     m|              other|              1| 27|                   2|                5|                    0|         0|                65|
[2025-02-21T07:54:28.758+0000] {spark_submit.py:641} INFO - +-----------+-----------------+---------+---------------+------+-------------------+---------------+---+--------------------+-----------------+---------------------+----------+------------------+
[2025-02-21T07:54:28.760+0000] {spark_submit.py:641} INFO - only showing top 20 rows
[2025-02-21T07:54:28.761+0000] {spark_submit.py:641} INFO - 
[2025-02-21T07:54:28.762+0000] {spark_submit.py:641} INFO - root
[2025-02-21T07:54:28.763+0000] {spark_submit.py:641} INFO - |-- employee_id: integer (nullable = true)
[2025-02-21T07:54:28.764+0000] {spark_submit.py:641} INFO - |-- department: string (nullable = true)
[2025-02-21T07:54:28.767+0000] {spark_submit.py:641} INFO - |-- region: string (nullable = true)
[2025-02-21T07:54:28.769+0000] {spark_submit.py:641} INFO - |-- education: string (nullable = true)
[2025-02-21T07:54:28.770+0000] {spark_submit.py:641} INFO - |-- gender: string (nullable = true)
[2025-02-21T07:54:28.772+0000] {spark_submit.py:641} INFO - |-- recruitment_channel: string (nullable = true)
[2025-02-21T07:54:28.773+0000] {spark_submit.py:641} INFO - |-- no_of_trainings: integer (nullable = true)
[2025-02-21T07:54:28.775+0000] {spark_submit.py:641} INFO - |-- age: integer (nullable = true)
[2025-02-21T07:54:28.777+0000] {spark_submit.py:641} INFO - |-- previous_year_rating: integer (nullable = true)
[2025-02-21T07:54:28.778+0000] {spark_submit.py:641} INFO - |-- length_of_service: integer (nullable = true)
[2025-02-21T07:54:28.780+0000] {spark_submit.py:641} INFO - |-- KPIs_met_more_than_80: integer (nullable = true)
[2025-02-21T07:54:28.781+0000] {spark_submit.py:641} INFO - |-- awards_won: integer (nullable = true)
[2025-02-21T07:54:28.783+0000] {spark_submit.py:641} INFO - |-- avg_training_score: integer (nullable = true)
[2025-02-21T07:54:28.784+0000] {spark_submit.py:641} INFO - 
[2025-02-21T07:54:29.313+0000] {spark_submit.py:641} INFO - Jumlah baris dalam DataFrame : 17417
[2025-02-21T07:54:29.315+0000] {spark_submit.py:641} INFO - Isi folder data/extracted.parquet :
[2025-02-21T07:54:29.318+0000] {spark_submit.py:641} INFO - ['_SUCCESS', 'part-00000-9e2e0ee1-e9e1-4f5e-8cc0-7b0f6e576172-c000.snappy.parquet', '._SUCCESS.crc', '.part-00000-9e2e0ee1-e9e1-4f5e-8cc0-7b0f6e576172-c000.snappy.parquet.crc']
[2025-02-21T07:54:29.319+0000] {spark_submit.py:641} INFO - Extract data berhasil.
[2025-02-21T07:54:30.025+0000] {taskinstance.py:341} INFO - ::group::Post task execution logs
[2025-02-21T07:54:30.029+0000] {taskinstance.py:353} INFO - Marking task as SUCCESS. dag_id=***_v2_etl_dag, task_id=extract_task, run_id=manual__2025-02-21T07:31:04.105699+00:00, execution_date=20250221T073104, start_date=20250221T075411, end_date=20250221T075430
[2025-02-21T07:54:30.115+0000] {local_task_job_runner.py:266} INFO - Task exited with return code 0
[2025-02-21T07:54:30.162+0000] {taskinstance.py:3901} INFO - 1 downstream tasks scheduled from follow-on schedule check
[2025-02-21T07:54:30.167+0000] {local_task_job_runner.py:245} INFO - ::endgroup::
