[2025-02-22T01:01:48.773+0000] {local_task_job_runner.py:123} INFO - ::group::Pre task execution logs
[2025-02-22T01:01:48.797+0000] {taskinstance.py:2614} INFO - Dependencies all met for dep_context=non-requeueable deps ti=<TaskInstance: finprode8_v2_etl_dag.transform_task manual__2025-02-22T01:01:24.978128+00:00 [queued]>
[2025-02-22T01:01:48.810+0000] {taskinstance.py:2614} INFO - Dependencies all met for dep_context=requeueable deps ti=<TaskInstance: finprode8_v2_etl_dag.transform_task manual__2025-02-22T01:01:24.978128+00:00 [queued]>
[2025-02-22T01:01:48.813+0000] {taskinstance.py:2867} INFO - Starting attempt 1 of 1
[2025-02-22T01:01:48.830+0000] {taskinstance.py:2890} INFO - Executing <Task(SparkSubmitOperator): transform_task> on 2025-02-22 01:01:24.978128+00:00
[2025-02-22T01:01:48.837+0000] {standard_task_runner.py:72} INFO - Started process 14483 to run task
[2025-02-22T01:01:48.840+0000] {standard_task_runner.py:104} INFO - Running: ['airflow', 'tasks', 'run', '***_v2_etl_dag', 'transform_task', 'manual__2025-02-22T01:01:24.978128+00:00', '--job-id', '91', '--raw', '--subdir', 'DAGS_FOLDER/***_v2_etl_dag.py', '--cfg-path', '/tmp/tmpq8nwletr']
[2025-02-22T01:01:48.846+0000] {standard_task_runner.py:105} INFO - Job 91: Subtask transform_task
[2025-02-22T01:01:48.881+0000] {logging_mixin.py:190} WARNING - /home/airflow/.local/lib/python3.9/site-packages/airflow/settings.py:209 DeprecationWarning: The sql_alchemy_conn option in [core] has been moved to the sql_alchemy_conn option in [database] - the old setting has been used, but please update your config.
[2025-02-22T01:01:48.944+0000] {task_command.py:467} INFO - Running <TaskInstance: finprode8_v2_etl_dag.transform_task manual__2025-02-22T01:01:24.978128+00:00 [running]> on host ***-airflow-scheduler
[2025-02-22T01:01:49.061+0000] {taskinstance.py:3134} INFO - Exporting env vars: AIRFLOW_CTX_DAG_OWNER='ratih malini' AIRFLOW_CTX_DAG_ID='***_v2_etl_dag' AIRFLOW_CTX_TASK_ID='transform_task' AIRFLOW_CTX_EXECUTION_DATE='2025-02-22T01:01:24.978128+00:00' AIRFLOW_CTX_TRY_NUMBER='1' AIRFLOW_CTX_DAG_RUN_ID='manual__2025-02-22T01:01:24.978128+00:00'
[2025-02-22T01:01:49.063+0000] {taskinstance.py:732} INFO - ::endgroup::
[2025-02-22T01:01:49.107+0000] {base.py:84} INFO - Retrieving connection 'spark_main'
[2025-02-22T01:01:49.109+0000] {spark_submit.py:474} INFO - Spark-Submit cmd: spark-submit --master spark://***-spark-master:7077 --name arrow-spark /spark-scripts/***_v2_transform.py
[2025-02-22T01:01:55.576+0000] {spark_submit.py:641} INFO - 25/02/22 01:01:55 INFO SparkContext: Running Spark version 3.3.2
[2025-02-22T01:01:55.749+0000] {spark_submit.py:641} INFO - 25/02/22 01:01:55 WARN NativeCodeLoader: Unable to load native-hadoop library for your platform... using builtin-java classes where applicable
[2025-02-22T01:01:55.968+0000] {spark_submit.py:641} INFO - 25/02/22 01:01:55 INFO ResourceUtils: ==============================================================
[2025-02-22T01:01:55.971+0000] {spark_submit.py:641} INFO - 25/02/22 01:01:55 INFO ResourceUtils: No custom resources configured for spark.driver.
[2025-02-22T01:01:55.974+0000] {spark_submit.py:641} INFO - 25/02/22 01:01:55 INFO ResourceUtils: ==============================================================
[2025-02-22T01:01:55.976+0000] {spark_submit.py:641} INFO - 25/02/22 01:01:55 INFO SparkContext: Submitted application: ***_transform
[2025-02-22T01:01:56.025+0000] {spark_submit.py:641} INFO - 25/02/22 01:01:56 INFO ResourceProfile: Default ResourceProfile created, executor resources: Map(cores -> name: cores, amount: 1, script: , vendor: , memory -> name: memory, amount: 1024, script: , vendor: , offHeap -> name: offHeap, amount: 0, script: , vendor: ), task resources: Map(cpus -> name: cpus, amount: 1.0)
[2025-02-22T01:01:56.039+0000] {spark_submit.py:641} INFO - 25/02/22 01:01:56 INFO ResourceProfile: Limiting resource is cpu
[2025-02-22T01:01:56.042+0000] {spark_submit.py:641} INFO - 25/02/22 01:01:56 INFO ResourceProfileManager: Added ResourceProfile id: 0
[2025-02-22T01:01:56.132+0000] {spark_submit.py:641} INFO - 25/02/22 01:01:56 INFO SecurityManager: Changing view acls to: airflow
[2025-02-22T01:01:56.134+0000] {spark_submit.py:641} INFO - 25/02/22 01:01:56 INFO SecurityManager: Changing modify acls to: airflow
[2025-02-22T01:01:56.138+0000] {spark_submit.py:641} INFO - 25/02/22 01:01:56 INFO SecurityManager: Changing view acls groups to:
[2025-02-22T01:01:56.141+0000] {spark_submit.py:641} INFO - 25/02/22 01:01:56 INFO SecurityManager: Changing modify acls groups to:
[2025-02-22T01:01:56.145+0000] {spark_submit.py:641} INFO - 25/02/22 01:01:56 INFO SecurityManager: SecurityManager: authentication disabled; ui acls disabled; users  with view permissions: Set(airflow); groups with view permissions: Set(); users  with modify permissions: Set(airflow); groups with modify permissions: Set()
[2025-02-22T01:01:56.612+0000] {spark_submit.py:641} INFO - 25/02/22 01:01:56 INFO Utils: Successfully started service 'sparkDriver' on port 37259.
[2025-02-22T01:01:56.692+0000] {spark_submit.py:641} INFO - 25/02/22 01:01:56 INFO SparkEnv: Registering MapOutputTracker
[2025-02-22T01:01:56.793+0000] {spark_submit.py:641} INFO - 25/02/22 01:01:56 INFO SparkEnv: Registering BlockManagerMaster
[2025-02-22T01:01:56.830+0000] {spark_submit.py:641} INFO - 25/02/22 01:01:56 INFO BlockManagerMasterEndpoint: Using org.apache.spark.storage.DefaultTopologyMapper for getting topology information
[2025-02-22T01:01:56.832+0000] {spark_submit.py:641} INFO - 25/02/22 01:01:56 INFO BlockManagerMasterEndpoint: BlockManagerMasterEndpoint up
[2025-02-22T01:01:56.839+0000] {spark_submit.py:641} INFO - 25/02/22 01:01:56 INFO SparkEnv: Registering BlockManagerMasterHeartbeat
[2025-02-22T01:01:56.899+0000] {spark_submit.py:641} INFO - 25/02/22 01:01:56 INFO DiskBlockManager: Created local directory at /tmp/blockmgr-2ec2ae80-a9c1-4521-9a67-2ce86705db65
[2025-02-22T01:01:56.925+0000] {spark_submit.py:641} INFO - 25/02/22 01:01:56 INFO MemoryStore: MemoryStore started with capacity 434.4 MiB
[2025-02-22T01:01:56.946+0000] {spark_submit.py:641} INFO - 25/02/22 01:01:56 INFO SparkEnv: Registering OutputCommitCoordinator
[2025-02-22T01:01:57.384+0000] {spark_submit.py:641} INFO - 25/02/22 01:01:57 INFO Utils: Successfully started service 'SparkUI' on port 4040.
[2025-02-22T01:01:57.561+0000] {spark_submit.py:641} INFO - 25/02/22 01:01:57 INFO Executor: Starting executor ID driver on host ***-airflow-scheduler
[2025-02-22T01:01:57.578+0000] {spark_submit.py:641} INFO - 25/02/22 01:01:57 INFO Executor: Starting executor with user classpath (userClassPathFirst = false): ''
[2025-02-22T01:01:57.604+0000] {spark_submit.py:641} INFO - 25/02/22 01:01:57 INFO Utils: Successfully started service 'org.apache.spark.network.netty.NettyBlockTransferService' on port 35971.
[2025-02-22T01:01:57.608+0000] {spark_submit.py:641} INFO - 25/02/22 01:01:57 INFO NettyBlockTransferService: Server created on ***-airflow-scheduler:35971
[2025-02-22T01:01:57.610+0000] {spark_submit.py:641} INFO - 25/02/22 01:01:57 INFO BlockManager: Using org.apache.spark.storage.RandomBlockReplicationPolicy for block replication policy
[2025-02-22T01:01:57.620+0000] {spark_submit.py:641} INFO - 25/02/22 01:01:57 INFO BlockManagerMaster: Registering BlockManager BlockManagerId(driver, ***-airflow-scheduler, 35971, None)
[2025-02-22T01:01:57.626+0000] {spark_submit.py:641} INFO - 25/02/22 01:01:57 INFO BlockManagerMasterEndpoint: Registering block manager ***-airflow-scheduler:35971 with 434.4 MiB RAM, BlockManagerId(driver, ***-airflow-scheduler, 35971, None)
[2025-02-22T01:01:57.631+0000] {spark_submit.py:641} INFO - 25/02/22 01:01:57 INFO BlockManagerMaster: Registered BlockManager BlockManagerId(driver, ***-airflow-scheduler, 35971, None)
[2025-02-22T01:01:57.634+0000] {spark_submit.py:641} INFO - 25/02/22 01:01:57 INFO BlockManager: Initialized BlockManager: BlockManagerId(driver, ***-airflow-scheduler, 35971, None)
[2025-02-22T01:02:03.603+0000] {spark_submit.py:641} INFO - ---------------- MENAMPILKAN BANYAK DATA NULL DI SETIAP KOLOM ----------------
[2025-02-22T01:02:06.470+0000] {spark_submit.py:641} INFO - +----------------+---------------+-----------+--------------+-----------+------------------------+--------------------+--------+-------------------------+----------------------+--------------------------+---------------+-----------------------+
[2025-02-22T01:02:06.473+0000] {spark_submit.py:641} INFO - |employee_id_null|department_null|region_null|education_null|gender_null|recruitment_channel_null|no_of_trainings_null|age_null|previous_year_rating_null|length_of_service_null|KPIs_met_more_than_80_null|awards_won_null|avg_training_score_null|
[2025-02-22T01:02:06.474+0000] {spark_submit.py:641} INFO - +----------------+---------------+-----------+--------------+-----------+------------------------+--------------------+--------+-------------------------+----------------------+--------------------------+---------------+-----------------------+
[2025-02-22T01:02:06.476+0000] {spark_submit.py:641} INFO - |               0|              0|          0|           771|          0|                       0|                   0|       0|                     1363|                     0|                         0|              0|                      0|
[2025-02-22T01:02:06.478+0000] {spark_submit.py:641} INFO - +----------------+---------------+-----------+--------------+-----------+------------------------+--------------------+--------+-------------------------+----------------------+--------------------------+---------------+-----------------------+
[2025-02-22T01:02:06.480+0000] {spark_submit.py:641} INFO - 
[2025-02-22T01:02:06.481+0000] {spark_submit.py:641} INFO - ---------------- NULL HANDLING PADA KOLOM EDUCATION & PREVIOUS_YEAR_RATING ----------------
[2025-02-22T01:02:06.786+0000] {spark_submit.py:641} INFO - +--------------+-------------------------+
[2025-02-22T01:02:06.788+0000] {spark_submit.py:641} INFO - |education_null|previous_year_rating_null|
[2025-02-22T01:02:06.790+0000] {spark_submit.py:641} INFO - +--------------+-------------------------+
[2025-02-22T01:02:06.791+0000] {spark_submit.py:641} INFO - |             0|                        0|
[2025-02-22T01:02:06.793+0000] {spark_submit.py:641} INFO - +--------------+-------------------------+
[2025-02-22T01:02:06.795+0000] {spark_submit.py:641} INFO - 
[2025-02-22T01:02:06.798+0000] {spark_submit.py:641} INFO - ---------------- MENAMPILKAN BANYAK DATA DUPLIKAT BERDASARKAN EMPLOYEE_ID ----------------
[2025-02-22T01:02:07.541+0000] {spark_submit.py:641} INFO - +-----------+------+
[2025-02-22T01:02:07.542+0000] {spark_submit.py:641} INFO - |employee_id|jumlah|
[2025-02-22T01:02:07.544+0000] {spark_submit.py:641} INFO - +-----------+------+
[2025-02-22T01:02:07.547+0000] {spark_submit.py:641} INFO - |      64573|     2|
[2025-02-22T01:02:07.549+0000] {spark_submit.py:641} INFO - |      49584|     3|
[2025-02-22T01:02:07.551+0000] {spark_submit.py:641} INFO - +-----------+------+
[2025-02-22T01:02:07.553+0000] {spark_submit.py:641} INFO - 
[2025-02-22T01:02:07.554+0000] {spark_submit.py:641} INFO - ---------------- MENAMPILKAN SEMUA BARIS DAN KOLOM DARI EMPLOYEE ID YANG DUPLIKAT ----------------
[2025-02-22T01:02:07.989+0000] {spark_submit.py:641} INFO - +-----------+----------+--------+---------+------+-------------------+---------------+---+--------------------+-----------------+---------------------+----------+------------------+
[2025-02-22T01:02:07.991+0000] {spark_submit.py:641} INFO - |employee_id|department|  region|education|gender|recruitment_channel|no_of_trainings|age|previous_year_rating|length_of_service|KPIs_met_more_than_80|awards_won|avg_training_score|
[2025-02-22T01:02:07.994+0000] {spark_submit.py:641} INFO - +-----------+----------+--------+---------+------+-------------------+---------------+---+--------------------+-----------------+---------------------+----------+------------------+
[2025-02-22T01:02:07.995+0000] {spark_submit.py:641} INFO - |      49584|        HR|region_7|Bachelors|     m|              other|              1| 33|                   1|                9|                    0|         0|                51|
[2025-02-22T01:02:07.997+0000] {spark_submit.py:641} INFO - |      49584|        HR|region_7|Bachelors|     m|              other|              1| 33|                   1|                9|                    0|         0|                51|
[2025-02-22T01:02:07.998+0000] {spark_submit.py:641} INFO - |      49584|        HR|region_7|Bachelors|     m|              other|              1| 33|                   1|                9|                    0|         0|                51|
[2025-02-22T01:02:08.000+0000] {spark_submit.py:641} INFO - |      64573|Technology|region_7|Bachelors|     f|           referred|              2| 30|                   5|                6|                    1|         0|                81|
[2025-02-22T01:02:08.001+0000] {spark_submit.py:641} INFO - |      64573|        HR|region_7|Bachelors|     f|           referred|              1| 35|                   5|                4|                    1|         0|                81|
[2025-02-22T01:02:08.003+0000] {spark_submit.py:641} INFO - +-----------+----------+--------+---------+------+-------------------+---------------+---+--------------------+-----------------+---------------------+----------+------------------+
[2025-02-22T01:02:08.004+0000] {spark_submit.py:641} INFO - 
[2025-02-22T01:02:08.006+0000] {spark_submit.py:641} INFO - ---------------- MENAMPILKAN HASIL DARI DATA DUPLIKASI YANG TELAH DIHANDLE BERDASARKAN KOLOM EMPLOYEE_ID DAN DEPARTMENT ----------------
[2025-02-22T01:02:08.746+0000] {spark_submit.py:641} INFO - +-----------+----------+--------+---------+------+-------------------+---------------+---+--------------------+-----------------+---------------------+----------+------------------+
[2025-02-22T01:02:08.748+0000] {spark_submit.py:641} INFO - |employee_id|department|  region|education|gender|recruitment_channel|no_of_trainings|age|previous_year_rating|length_of_service|KPIs_met_more_than_80|awards_won|avg_training_score|
[2025-02-22T01:02:08.750+0000] {spark_submit.py:641} INFO - +-----------+----------+--------+---------+------+-------------------+---------------+---+--------------------+-----------------+---------------------+----------+------------------+
[2025-02-22T01:02:08.751+0000] {spark_submit.py:641} INFO - |      49584|        HR|region_7|Bachelors|     m|              other|              1| 33|                   1|                9|                    0|         0|                51|
[2025-02-22T01:02:08.753+0000] {spark_submit.py:641} INFO - |      64573|        HR|region_7|Bachelors|     f|           referred|              1| 35|                   5|                4|                    1|         0|                81|
[2025-02-22T01:02:08.755+0000] {spark_submit.py:641} INFO - |      64573|Technology|region_7|Bachelors|     f|           referred|              2| 30|                   5|                6|                    1|         0|                81|
[2025-02-22T01:02:08.757+0000] {spark_submit.py:641} INFO - +-----------+----------+--------+---------+------+-------------------+---------------+---+--------------------+-----------------+---------------------+----------+------------------+
[2025-02-22T01:02:08.758+0000] {spark_submit.py:641} INFO - 
[2025-02-22T01:02:46.632+0000] {spark_submit.py:641} INFO - ---------------- MENAMPILKAN DATA HASIL TRASNFORMASI ----------------
[2025-02-22T01:02:47.142+0000] {job.py:229} INFO - Heartbeat recovered after 40.95 seconds
[2025-02-22T01:02:47.565+0000] {spark_submit.py:641} INFO - +-----------+-----------------+---------+---------------+------+-------------------+---------------+---+--------------------+-----------------+---------------------+----------+------------------+
[2025-02-22T01:02:47.567+0000] {spark_submit.py:641} INFO - |employee_id|       department|   region|      education|gender|recruitment_channel|no_of_trainings|age|previous_year_rating|length_of_service|KPIs_met_more_than_80|awards_won|avg_training_score|
[2025-02-22T01:02:47.569+0000] {spark_submit.py:641} INFO - +-----------+-----------------+---------+---------------+------+-------------------+---------------+---+--------------------+-----------------+---------------------+----------+------------------+
[2025-02-22T01:02:47.572+0000] {spark_submit.py:641} INFO - |          3|      Procurement|region_22|Masters & above|     f|              other|              1| 38|                   5|                4|                    1|         0|                67|
[2025-02-22T01:02:47.574+0000] {spark_submit.py:641} INFO - |          6|Sales & Marketing|region_15|      Bachelors|     f|              other|              1| 38|                   3|               10|                    0|         0|                50|
[2025-02-22T01:02:47.576+0000] {spark_submit.py:641} INFO - |         11|       Technology| region_4|Masters & above|     f|           sourcing|              1| 39|                   4|               12|                    1|         0|                72|
[2025-02-22T01:02:47.577+0000] {spark_submit.py:641} INFO - |         13|Sales & Marketing|region_17|      Bachelors|     m|              other|              1| 38|                   1|                5|                    1|         0|                47|
[2025-02-22T01:02:47.579+0000] {spark_submit.py:641} INFO - |         16|Sales & Marketing| region_4|Masters & above|     m|           sourcing|              1| 40|                   5|                5|                    0|         0|                53|
[2025-02-22T01:02:47.581+0000] {spark_submit.py:641} INFO - +-----------+-----------------+---------+---------------+------+-------------------+---------------+---+--------------------+-----------------+---------------------+----------+------------------+
[2025-02-22T01:02:47.583+0000] {spark_submit.py:641} INFO - only showing top 5 rows
[2025-02-22T01:02:47.587+0000] {spark_submit.py:641} INFO - 
[2025-02-22T01:02:48.695+0000] {spark_submit.py:641} INFO - Jumlah baris dalam DataFrame : 17415
[2025-02-22T01:02:48.697+0000] {spark_submit.py:641} INFO - Isi folder data/transformed.parquet :
[2025-02-22T01:02:48.699+0000] {spark_submit.py:641} INFO - ['part-00000-03dda9d9-8f92-45e2-95bd-534e4db14141-c000.snappy.parquet', '_SUCCESS', '.part-00000-03dda9d9-8f92-45e2-95bd-534e4db14141-c000.snappy.parquet.crc', '._SUCCESS.crc']
[2025-02-22T01:02:48.702+0000] {spark_submit.py:641} INFO - Transform data berhasil.
[2025-02-22T01:02:49.430+0000] {taskinstance.py:341} INFO - ::group::Post task execution logs
[2025-02-22T01:02:49.433+0000] {taskinstance.py:353} INFO - Marking task as SUCCESS. dag_id=***_v2_etl_dag, task_id=transform_task, run_id=manual__2025-02-22T01:01:24.978128+00:00, execution_date=20250222T010124, start_date=20250222T010148, end_date=20250222T010249
[2025-02-22T01:02:49.526+0000] {local_task_job_runner.py:266} INFO - Task exited with return code 0
[2025-02-22T01:02:49.550+0000] {local_task_job_runner.py:245} INFO - ::endgroup::
