[2025-02-21T14:07:05.723+0000] {local_task_job_runner.py:123} INFO - ::group::Pre task execution logs
[2025-02-21T14:07:05.766+0000] {taskinstance.py:2614} INFO - Dependencies all met for dep_context=non-requeueable deps ti=<TaskInstance: finprode8_v2_etl_dag.extract_task manual__2025-02-21T14:07:04.324394+00:00 [queued]>
[2025-02-21T14:07:05.795+0000] {taskinstance.py:2614} INFO - Dependencies all met for dep_context=requeueable deps ti=<TaskInstance: finprode8_v2_etl_dag.extract_task manual__2025-02-21T14:07:04.324394+00:00 [queued]>
[2025-02-21T14:07:05.799+0000] {taskinstance.py:2867} INFO - Starting attempt 1 of 1
[2025-02-21T14:07:05.848+0000] {taskinstance.py:2890} INFO - Executing <Task(SparkSubmitOperator): extract_task> on 2025-02-21 14:07:04.324394+00:00
[2025-02-21T14:07:05.860+0000] {standard_task_runner.py:72} INFO - Started process 1554 to run task
[2025-02-21T14:07:05.870+0000] {standard_task_runner.py:104} INFO - Running: ['airflow', 'tasks', 'run', '***_v2_etl_dag', 'extract_task', 'manual__2025-02-21T14:07:04.324394+00:00', '--job-id', '34', '--raw', '--subdir', 'DAGS_FOLDER/***_v2_etl_dag.py', '--cfg-path', '/tmp/tmpogp99mtc']
[2025-02-21T14:07:05.879+0000] {standard_task_runner.py:105} INFO - Job 34: Subtask extract_task
[2025-02-21T14:07:05.921+0000] {logging_mixin.py:190} WARNING - /home/airflow/.local/lib/python3.9/site-packages/airflow/settings.py:209 DeprecationWarning: The sql_alchemy_conn option in [core] has been moved to the sql_alchemy_conn option in [database] - the old setting has been used, but please update your config.
[2025-02-21T14:07:06.019+0000] {task_command.py:467} INFO - Running <TaskInstance: finprode8_v2_etl_dag.extract_task manual__2025-02-21T14:07:04.324394+00:00 [running]> on host ***-airflow-scheduler
[2025-02-21T14:07:06.270+0000] {taskinstance.py:3134} INFO - Exporting env vars: AIRFLOW_CTX_DAG_OWNER='ratih malini' AIRFLOW_CTX_DAG_ID='***_v2_etl_dag' AIRFLOW_CTX_TASK_ID='extract_task' AIRFLOW_CTX_EXECUTION_DATE='2025-02-21T14:07:04.324394+00:00' AIRFLOW_CTX_TRY_NUMBER='1' AIRFLOW_CTX_DAG_RUN_ID='manual__2025-02-21T14:07:04.324394+00:00'
[2025-02-21T14:07:06.275+0000] {taskinstance.py:732} INFO - ::endgroup::
[2025-02-21T14:07:06.348+0000] {base.py:84} INFO - Retrieving connection 'spark_main'
[2025-02-21T14:07:06.353+0000] {spark_submit.py:474} INFO - Spark-Submit cmd: spark-submit --master spark://***-spark-master:7077 --name arrow-spark /spark-scripts/***_v2_extract.py
[2025-02-21T14:07:11.375+0000] {spark_submit.py:641} INFO - 25/02/21 14:07:11 INFO SparkContext: Running Spark version 3.3.2
[2025-02-21T14:07:12.447+0000] {spark_submit.py:641} INFO - 25/02/21 14:07:12 WARN NativeCodeLoader: Unable to load native-hadoop library for your platform... using builtin-java classes where applicable
[2025-02-21T14:07:12.562+0000] {spark_submit.py:641} INFO - 25/02/21 14:07:12 INFO ResourceUtils: ==============================================================
[2025-02-21T14:07:12.564+0000] {spark_submit.py:641} INFO - 25/02/21 14:07:12 INFO ResourceUtils: No custom resources configured for spark.driver.
[2025-02-21T14:07:12.566+0000] {spark_submit.py:641} INFO - 25/02/21 14:07:12 INFO ResourceUtils: ==============================================================
[2025-02-21T14:07:12.568+0000] {spark_submit.py:641} INFO - 25/02/21 14:07:12 INFO SparkContext: Submitted application: ***_extract
[2025-02-21T14:07:12.603+0000] {spark_submit.py:641} INFO - 25/02/21 14:07:12 INFO ResourceProfile: Default ResourceProfile created, executor resources: Map(cores -> name: cores, amount: 1, script: , vendor: , memory -> name: memory, amount: 1024, script: , vendor: , offHeap -> name: offHeap, amount: 0, script: , vendor: ), task resources: Map(cpus -> name: cpus, amount: 1.0)
[2025-02-21T14:07:12.624+0000] {spark_submit.py:641} INFO - 25/02/21 14:07:12 INFO ResourceProfile: Limiting resource is cpu
[2025-02-21T14:07:12.627+0000] {spark_submit.py:641} INFO - 25/02/21 14:07:12 INFO ResourceProfileManager: Added ResourceProfile id: 0
[2025-02-21T14:07:12.687+0000] {spark_submit.py:641} INFO - 25/02/21 14:07:12 INFO SecurityManager: Changing view acls to: airflow
[2025-02-21T14:07:12.689+0000] {spark_submit.py:641} INFO - 25/02/21 14:07:12 INFO SecurityManager: Changing modify acls to: airflow
[2025-02-21T14:07:12.692+0000] {spark_submit.py:641} INFO - 25/02/21 14:07:12 INFO SecurityManager: Changing view acls groups to:
[2025-02-21T14:07:12.694+0000] {spark_submit.py:641} INFO - 25/02/21 14:07:12 INFO SecurityManager: Changing modify acls groups to:
[2025-02-21T14:07:12.696+0000] {spark_submit.py:641} INFO - 25/02/21 14:07:12 INFO SecurityManager: SecurityManager: authentication disabled; ui acls disabled; users  with view permissions: Set(airflow); groups with view permissions: Set(); users  with modify permissions: Set(airflow); groups with modify permissions: Set()
[2025-02-21T14:07:13.017+0000] {spark_submit.py:641} INFO - 25/02/21 14:07:13 INFO Utils: Successfully started service 'sparkDriver' on port 37511.
[2025-02-21T14:07:13.050+0000] {spark_submit.py:641} INFO - 25/02/21 14:07:13 INFO SparkEnv: Registering MapOutputTracker
[2025-02-21T14:07:13.084+0000] {spark_submit.py:641} INFO - 25/02/21 14:07:13 INFO SparkEnv: Registering BlockManagerMaster
[2025-02-21T14:07:13.103+0000] {spark_submit.py:641} INFO - 25/02/21 14:07:13 INFO BlockManagerMasterEndpoint: Using org.apache.spark.storage.DefaultTopologyMapper for getting topology information
[2025-02-21T14:07:13.107+0000] {spark_submit.py:641} INFO - 25/02/21 14:07:13 INFO BlockManagerMasterEndpoint: BlockManagerMasterEndpoint up
[2025-02-21T14:07:13.113+0000] {spark_submit.py:641} INFO - 25/02/21 14:07:13 INFO SparkEnv: Registering BlockManagerMasterHeartbeat
[2025-02-21T14:07:13.138+0000] {spark_submit.py:641} INFO - 25/02/21 14:07:13 INFO DiskBlockManager: Created local directory at /tmp/blockmgr-ec1e18e2-5603-4e0e-b48e-3434a26ccec7
[2025-02-21T14:07:13.174+0000] {spark_submit.py:641} INFO - 25/02/21 14:07:13 INFO MemoryStore: MemoryStore started with capacity 434.4 MiB
[2025-02-21T14:07:13.206+0000] {spark_submit.py:641} INFO - 25/02/21 14:07:13 INFO SparkEnv: Registering OutputCommitCoordinator
[2025-02-21T14:07:13.463+0000] {spark_submit.py:641} INFO - 25/02/21 14:07:13 INFO Utils: Successfully started service 'SparkUI' on port 4040.
[2025-02-21T14:07:13.619+0000] {spark_submit.py:641} INFO - 25/02/21 14:07:13 INFO Executor: Starting executor ID driver on host ***-airflow-scheduler
[2025-02-21T14:07:13.630+0000] {spark_submit.py:641} INFO - 25/02/21 14:07:13 INFO Executor: Starting executor with user classpath (userClassPathFirst = false): ''
[2025-02-21T14:07:13.651+0000] {spark_submit.py:641} INFO - 25/02/21 14:07:13 INFO Utils: Successfully started service 'org.apache.spark.network.netty.NettyBlockTransferService' on port 32925.
[2025-02-21T14:07:13.653+0000] {spark_submit.py:641} INFO - 25/02/21 14:07:13 INFO NettyBlockTransferService: Server created on ***-airflow-scheduler:32925
[2025-02-21T14:07:13.654+0000] {spark_submit.py:641} INFO - 25/02/21 14:07:13 INFO BlockManager: Using org.apache.spark.storage.RandomBlockReplicationPolicy for block replication policy
[2025-02-21T14:07:13.660+0000] {spark_submit.py:641} INFO - 25/02/21 14:07:13 INFO BlockManagerMaster: Registering BlockManager BlockManagerId(driver, ***-airflow-scheduler, 32925, None)
[2025-02-21T14:07:13.665+0000] {spark_submit.py:641} INFO - 25/02/21 14:07:13 INFO BlockManagerMasterEndpoint: Registering block manager ***-airflow-scheduler:32925 with 434.4 MiB RAM, BlockManagerId(driver, ***-airflow-scheduler, 32925, None)
[2025-02-21T14:07:13.668+0000] {spark_submit.py:641} INFO - 25/02/21 14:07:13 INFO BlockManagerMaster: Registered BlockManager BlockManagerId(driver, ***-airflow-scheduler, 32925, None)
[2025-02-21T14:07:13.670+0000] {spark_submit.py:641} INFO - 25/02/21 14:07:13 INFO BlockManager: Initialized BlockManager: BlockManagerId(driver, ***-airflow-scheduler, 32925, None)
[2025-02-21T14:07:23.415+0000] {spark_submit.py:641} INFO - ---------------- MENAMPILKAN DATA HASIL EXTRACT ----------------
[2025-02-21T14:07:23.728+0000] {spark_submit.py:641} INFO - +-----------+-----------------+---------+---------+------+-------------------+---------------+---+--------------------+-----------------+---------------------+----------+------------------+
[2025-02-21T14:07:23.730+0000] {spark_submit.py:641} INFO - |employee_id|       department|   region|education|gender|recruitment_channel|no_of_trainings|age|previous_year_rating|length_of_service|KPIs_met_more_than_80|awards_won|avg_training_score|
[2025-02-21T14:07:23.732+0000] {spark_submit.py:641} INFO - +-----------+-----------------+---------+---------+------+-------------------+---------------+---+--------------------+-----------------+---------------------+----------+------------------+
[2025-02-21T14:07:23.734+0000] {spark_submit.py:641} INFO - |       8724|       Technology|region_26|Bachelors|     m|           sourcing|              1| 24|                null|                1|                    1|         0|                77|
[2025-02-21T14:07:23.736+0000] {spark_submit.py:641} INFO - |      74430|               HR| region_4|Bachelors|     f|              other|              1| 31|                   3|                5|                    0|         0|                51|
[2025-02-21T14:07:23.738+0000] {spark_submit.py:641} INFO - |      72255|Sales & Marketing|region_13|Bachelors|     m|              other|              1| 31|                   1|                4|                    0|         0|                47|
[2025-02-21T14:07:23.740+0000] {spark_submit.py:641} INFO - |      38562|      Procurement| region_2|Bachelors|     f|              other|              3| 31|                   2|                9|                    0|         0|                65|
[2025-02-21T14:07:23.742+0000] {spark_submit.py:641} INFO - |      64486|          Finance|region_29|Bachelors|     m|           sourcing|              1| 30|                   4|                7|                    0|         0|                61|
[2025-02-21T14:07:23.744+0000] {spark_submit.py:641} INFO - +-----------+-----------------+---------+---------+------+-------------------+---------------+---+--------------------+-----------------+---------------------+----------+------------------+
[2025-02-21T14:07:23.746+0000] {spark_submit.py:641} INFO - only showing top 5 rows
[2025-02-21T14:07:23.748+0000] {spark_submit.py:641} INFO - 
[2025-02-21T14:07:23.750+0000] {spark_submit.py:641} INFO - root
[2025-02-21T14:07:23.752+0000] {spark_submit.py:641} INFO - |-- employee_id: integer (nullable = true)
[2025-02-21T14:07:23.754+0000] {spark_submit.py:641} INFO - |-- department: string (nullable = true)
[2025-02-21T14:07:23.757+0000] {spark_submit.py:641} INFO - |-- region: string (nullable = true)
[2025-02-21T14:07:23.758+0000] {spark_submit.py:641} INFO - |-- education: string (nullable = true)
[2025-02-21T14:07:23.760+0000] {spark_submit.py:641} INFO - |-- gender: string (nullable = true)
[2025-02-21T14:07:23.762+0000] {spark_submit.py:641} INFO - |-- recruitment_channel: string (nullable = true)
[2025-02-21T14:07:23.764+0000] {spark_submit.py:641} INFO - |-- no_of_trainings: integer (nullable = true)
[2025-02-21T14:07:23.766+0000] {spark_submit.py:641} INFO - |-- age: integer (nullable = true)
[2025-02-21T14:07:23.768+0000] {spark_submit.py:641} INFO - |-- previous_year_rating: integer (nullable = true)
[2025-02-21T14:07:23.769+0000] {spark_submit.py:641} INFO - |-- length_of_service: integer (nullable = true)
[2025-02-21T14:07:23.771+0000] {spark_submit.py:641} INFO - |-- KPIs_met_more_than_80: integer (nullable = true)
[2025-02-21T14:07:23.773+0000] {spark_submit.py:641} INFO - |-- awards_won: integer (nullable = true)
[2025-02-21T14:07:23.775+0000] {spark_submit.py:641} INFO - |-- avg_training_score: integer (nullable = true)
[2025-02-21T14:07:23.777+0000] {spark_submit.py:641} INFO - 
[2025-02-21T14:07:24.291+0000] {spark_submit.py:641} INFO - Jumlah baris dalam DataFrame : 17417
[2025-02-21T14:07:24.293+0000] {spark_submit.py:641} INFO - Isi folder data/extracted.parquet :
[2025-02-21T14:07:24.295+0000] {spark_submit.py:641} INFO - ['.part-00000-9dd701c9-07e7-4c5e-940d-259673f8a287-c000.snappy.parquet.crc', 'part-00000-9dd701c9-07e7-4c5e-940d-259673f8a287-c000.snappy.parquet', '_SUCCESS', '._SUCCESS.crc']
[2025-02-21T14:07:24.297+0000] {spark_submit.py:641} INFO - Extract data berhasil.
[2025-02-21T14:07:25.081+0000] {taskinstance.py:341} INFO - ::group::Post task execution logs
[2025-02-21T14:07:25.083+0000] {taskinstance.py:353} INFO - Marking task as SUCCESS. dag_id=***_v2_etl_dag, task_id=extract_task, run_id=manual__2025-02-21T14:07:04.324394+00:00, execution_date=20250221T140704, start_date=20250221T140705, end_date=20250221T140725
[2025-02-21T14:07:25.145+0000] {local_task_job_runner.py:266} INFO - Task exited with return code 0
[2025-02-21T14:07:25.185+0000] {taskinstance.py:3901} INFO - 1 downstream tasks scheduled from follow-on schedule check
[2025-02-21T14:07:25.189+0000] {local_task_job_runner.py:245} INFO - ::endgroup::
