[2025-02-20T03:01:28.807+0000] {local_task_job_runner.py:123} INFO - ::group::Pre task execution logs
[2025-02-20T03:01:28.843+0000] {taskinstance.py:2613} INFO - Dependencies all met for dep_context=non-requeueable deps ti=<TaskInstance: finprode8_v2_etl_dag.extract_task manual__2025-02-20T02:55:38.071265+00:00 [queued]>
[2025-02-20T03:01:28.863+0000] {taskinstance.py:2613} INFO - Dependencies all met for dep_context=requeueable deps ti=<TaskInstance: finprode8_v2_etl_dag.extract_task manual__2025-02-20T02:55:38.071265+00:00 [queued]>
[2025-02-20T03:01:28.865+0000] {taskinstance.py:2866} INFO - Starting attempt 1 of 1
[2025-02-20T03:01:28.893+0000] {taskinstance.py:2889} INFO - Executing <Task(SparkSubmitOperator): extract_task> on 2025-02-20 02:55:38.071265+00:00
[2025-02-20T03:01:28.900+0000] {standard_task_runner.py:72} INFO - Started process 828 to run task
[2025-02-20T03:01:28.912+0000] {standard_task_runner.py:104} INFO - Running: ['airflow', 'tasks', 'run', '***_v2_etl_dag', 'extract_task', 'manual__2025-02-20T02:55:38.071265+00:00', '--job-id', '49', '--raw', '--subdir', 'DAGS_FOLDER/***_v2_etl_dag.py', '--cfg-path', '/tmp/tmpmlw8ajrf']
[2025-02-20T03:01:28.922+0000] {standard_task_runner.py:105} INFO - Job 49: Subtask extract_task
[2025-02-20T03:01:28.960+0000] {logging_mixin.py:190} WARNING - /home/airflow/.local/lib/python3.9/site-packages/airflow/settings.py:209 DeprecationWarning: The sql_alchemy_conn option in [core] has been moved to the sql_alchemy_conn option in [database] - the old setting has been used, but please update your config.
[2025-02-20T03:01:29.023+0000] {task_command.py:467} INFO - Running <TaskInstance: finprode8_v2_etl_dag.extract_task manual__2025-02-20T02:55:38.071265+00:00 [running]> on host ***-airflow-scheduler
[2025-02-20T03:01:29.151+0000] {taskinstance.py:3132} INFO - Exporting env vars: AIRFLOW_CTX_DAG_OWNER='ratih malini' AIRFLOW_CTX_DAG_ID='***_v2_etl_dag' AIRFLOW_CTX_TASK_ID='extract_task' AIRFLOW_CTX_EXECUTION_DATE='2025-02-20T02:55:38.071265+00:00' AIRFLOW_CTX_TRY_NUMBER='1' AIRFLOW_CTX_DAG_RUN_ID='manual__2025-02-20T02:55:38.071265+00:00'
[2025-02-20T03:01:29.153+0000] {taskinstance.py:731} INFO - ::endgroup::
[2025-02-20T03:01:29.199+0000] {base.py:84} INFO - Retrieving connection 'spark_main'
[2025-02-20T03:01:29.202+0000] {spark_submit.py:474} INFO - Spark-Submit cmd: spark-submit --master spark://***-spark-master:7077 --packages org.postgresql:postgresql:42.2.18 --name arrow-spark /spark-scripts/***_v2_extract.py
[2025-02-20T03:01:32.184+0000] {spark_submit.py:641} INFO - :: loading settings :: url = jar:file:/home/airflow/.local/lib/python3.9/site-packages/pyspark/jars/ivy-2.5.1.jar!/org/apache/ivy/core/settings/ivysettings.xml
[2025-02-20T03:01:32.345+0000] {spark_submit.py:641} INFO - Ivy Default Cache set to: /home/airflow/.ivy2/cache
[2025-02-20T03:01:32.349+0000] {spark_submit.py:641} INFO - The jars for the packages stored in: /home/airflow/.ivy2/jars
[2025-02-20T03:01:32.363+0000] {spark_submit.py:641} INFO - org.postgresql#postgresql added as a dependency
[2025-02-20T03:01:32.364+0000] {spark_submit.py:641} INFO - :: resolving dependencies :: org.apache.spark#spark-submit-parent-d072e338-881a-4002-b428-34d9e097d2eb;1.0
[2025-02-20T03:01:32.366+0000] {spark_submit.py:641} INFO - confs: [default]
[2025-02-20T03:01:32.540+0000] {spark_submit.py:641} INFO - found org.postgresql#postgresql;42.2.18 in central
[2025-02-20T03:01:32.572+0000] {spark_submit.py:641} INFO - found org.checkerframework#checker-qual;3.5.0 in central
[2025-02-20T03:01:32.601+0000] {spark_submit.py:641} INFO - :: resolution report :: resolve 229ms :: artifacts dl 8ms
[2025-02-20T03:01:32.603+0000] {spark_submit.py:641} INFO - :: modules in use:
[2025-02-20T03:01:32.605+0000] {spark_submit.py:641} INFO - org.checkerframework#checker-qual;3.5.0 from central in [default]
[2025-02-20T03:01:32.610+0000] {spark_submit.py:641} INFO - org.postgresql#postgresql;42.2.18 from central in [default]
[2025-02-20T03:01:32.614+0000] {spark_submit.py:641} INFO - ---------------------------------------------------------------------
[2025-02-20T03:01:32.616+0000] {spark_submit.py:641} INFO - |                  |            modules            ||   artifacts   |
[2025-02-20T03:01:32.617+0000] {spark_submit.py:641} INFO - |       conf       | number| search|dwnlded|evicted|| number|dwnlded|
[2025-02-20T03:01:32.619+0000] {spark_submit.py:641} INFO - ---------------------------------------------------------------------
[2025-02-20T03:01:32.620+0000] {spark_submit.py:641} INFO - |      default     |   2   |   0   |   0   |   0   ||   2   |   0   |
[2025-02-20T03:01:32.623+0000] {spark_submit.py:641} INFO - ---------------------------------------------------------------------
[2025-02-20T03:01:32.625+0000] {spark_submit.py:641} INFO - :: retrieving :: org.apache.spark#spark-submit-parent-d072e338-881a-4002-b428-34d9e097d2eb
[2025-02-20T03:01:32.628+0000] {spark_submit.py:641} INFO - confs: [default]
[2025-02-20T03:01:32.629+0000] {spark_submit.py:641} INFO - 0 artifacts copied, 2 already retrieved (0kB/8ms)
[2025-02-20T03:01:32.965+0000] {spark_submit.py:641} INFO - 25/02/20 03:01:32 WARN NativeCodeLoader: Unable to load native-hadoop library for your platform... using builtin-java classes where applicable
[2025-02-20T03:01:34.728+0000] {spark_submit.py:641} INFO - 25/02/20 03:01:34 INFO SparkContext: Running Spark version 3.3.2
[2025-02-20T03:01:34.786+0000] {spark_submit.py:641} INFO - 25/02/20 03:01:34 INFO ResourceUtils: ==============================================================
[2025-02-20T03:01:34.788+0000] {spark_submit.py:641} INFO - 25/02/20 03:01:34 INFO ResourceUtils: No custom resources configured for spark.driver.
[2025-02-20T03:01:34.789+0000] {spark_submit.py:641} INFO - 25/02/20 03:01:34 INFO ResourceUtils: ==============================================================
[2025-02-20T03:01:34.797+0000] {spark_submit.py:641} INFO - 25/02/20 03:01:34 INFO SparkContext: Submitted application: ***
[2025-02-20T03:01:34.884+0000] {spark_submit.py:641} INFO - 25/02/20 03:01:34 INFO ResourceProfile: Default ResourceProfile created, executor resources: Map(cores -> name: cores, amount: 1, script: , vendor: , memory -> name: memory, amount: 1024, script: , vendor: , offHeap -> name: offHeap, amount: 0, script: , vendor: ), task resources: Map(cpus -> name: cpus, amount: 1.0)
[2025-02-20T03:01:34.906+0000] {spark_submit.py:641} INFO - 25/02/20 03:01:34 INFO ResourceProfile: Limiting resource is cpu
[2025-02-20T03:01:34.930+0000] {spark_submit.py:641} INFO - 25/02/20 03:01:34 INFO ResourceProfileManager: Added ResourceProfile id: 0
[2025-02-20T03:01:35.064+0000] {spark_submit.py:641} INFO - 25/02/20 03:01:35 INFO SecurityManager: Changing view acls to: airflow
[2025-02-20T03:01:35.078+0000] {spark_submit.py:641} INFO - 25/02/20 03:01:35 INFO SecurityManager: Changing modify acls to: airflow
[2025-02-20T03:01:35.109+0000] {spark_submit.py:641} INFO - 25/02/20 03:01:35 INFO SecurityManager: Changing view acls groups to:
[2025-02-20T03:01:35.111+0000] {spark_submit.py:641} INFO - 25/02/20 03:01:35 INFO SecurityManager: Changing modify acls groups to:
[2025-02-20T03:01:35.118+0000] {spark_submit.py:641} INFO - 25/02/20 03:01:35 INFO SecurityManager: SecurityManager: authentication disabled; ui acls disabled; users  with view permissions: Set(airflow); groups with view permissions: Set(); users  with modify permissions: Set(airflow); groups with modify permissions: Set()
[2025-02-20T03:01:35.373+0000] {spark_submit.py:641} INFO - 25/02/20 03:01:35 INFO Utils: Successfully started service 'sparkDriver' on port 40671.
[2025-02-20T03:01:35.420+0000] {spark_submit.py:641} INFO - 25/02/20 03:01:35 INFO SparkEnv: Registering MapOutputTracker
[2025-02-20T03:01:35.468+0000] {spark_submit.py:641} INFO - 25/02/20 03:01:35 INFO SparkEnv: Registering BlockManagerMaster
[2025-02-20T03:01:35.493+0000] {spark_submit.py:641} INFO - 25/02/20 03:01:35 INFO BlockManagerMasterEndpoint: Using org.apache.spark.storage.DefaultTopologyMapper for getting topology information
[2025-02-20T03:01:35.494+0000] {spark_submit.py:641} INFO - 25/02/20 03:01:35 INFO BlockManagerMasterEndpoint: BlockManagerMasterEndpoint up
[2025-02-20T03:01:35.502+0000] {spark_submit.py:641} INFO - 25/02/20 03:01:35 INFO SparkEnv: Registering BlockManagerMasterHeartbeat
[2025-02-20T03:01:35.530+0000] {spark_submit.py:641} INFO - 25/02/20 03:01:35 INFO DiskBlockManager: Created local directory at /tmp/blockmgr-8707136c-54b8-493c-aaf5-f47191a69e2a
[2025-02-20T03:01:35.551+0000] {spark_submit.py:641} INFO - 25/02/20 03:01:35 INFO MemoryStore: MemoryStore started with capacity 434.4 MiB
[2025-02-20T03:01:35.571+0000] {spark_submit.py:641} INFO - 25/02/20 03:01:35 INFO SparkEnv: Registering OutputCommitCoordinator
[2025-02-20T03:01:35.796+0000] {spark_submit.py:641} INFO - 25/02/20 03:01:35 INFO Utils: Successfully started service 'SparkUI' on port 4040.
[2025-02-20T03:01:35.858+0000] {spark_submit.py:641} INFO - 25/02/20 03:01:35 INFO SparkContext: Added JAR /spark-scripts/jars/postgresql-42.2.18.jar at spark://***-airflow-scheduler:40671/jars/postgresql-42.2.18.jar with timestamp 1740020494712
[2025-02-20T03:01:35.862+0000] {spark_submit.py:641} INFO - 25/02/20 03:01:35 INFO SparkContext: Added file file:///home/airflow/.ivy2/jars/org.postgresql_postgresql-42.2.18.jar at file:///home/airflow/.ivy2/jars/org.postgresql_postgresql-42.2.18.jar with timestamp 1740020494712
[2025-02-20T03:01:35.865+0000] {spark_submit.py:641} INFO - 25/02/20 03:01:35 INFO Utils: Copying /home/airflow/.ivy2/jars/org.postgresql_postgresql-42.2.18.jar to /tmp/spark-c9304236-dbf3-4d10-8f01-9e52f30b0684/userFiles-3d9670ba-9ad6-4df9-ba9e-1630b9be428a/org.postgresql_postgresql-42.2.18.jar
[2025-02-20T03:01:35.905+0000] {spark_submit.py:641} INFO - 25/02/20 03:01:35 INFO SparkContext: Added file file:///home/airflow/.ivy2/jars/org.checkerframework_checker-qual-3.5.0.jar at file:///home/airflow/.ivy2/jars/org.checkerframework_checker-qual-3.5.0.jar with timestamp 1740020494712
[2025-02-20T03:01:35.907+0000] {spark_submit.py:641} INFO - 25/02/20 03:01:35 INFO Utils: Copying /home/airflow/.ivy2/jars/org.checkerframework_checker-qual-3.5.0.jar to /tmp/spark-c9304236-dbf3-4d10-8f01-9e52f30b0684/userFiles-3d9670ba-9ad6-4df9-ba9e-1630b9be428a/org.checkerframework_checker-qual-3.5.0.jar
[2025-02-20T03:01:36.012+0000] {spark_submit.py:641} INFO - 25/02/20 03:01:36 INFO Executor: Starting executor ID driver on host ***-airflow-scheduler
[2025-02-20T03:01:36.020+0000] {spark_submit.py:641} INFO - 25/02/20 03:01:36 INFO Executor: Starting executor with user classpath (userClassPathFirst = false): ''
[2025-02-20T03:01:36.033+0000] {spark_submit.py:641} INFO - 25/02/20 03:01:36 INFO Executor: Fetching file:///home/airflow/.ivy2/jars/org.postgresql_postgresql-42.2.18.jar with timestamp 1740020494712
[2025-02-20T03:01:36.066+0000] {spark_submit.py:641} INFO - 25/02/20 03:01:36 INFO Utils: /home/airflow/.ivy2/jars/org.postgresql_postgresql-42.2.18.jar has been previously copied to /tmp/spark-c9304236-dbf3-4d10-8f01-9e52f30b0684/userFiles-3d9670ba-9ad6-4df9-ba9e-1630b9be428a/org.postgresql_postgresql-42.2.18.jar
[2025-02-20T03:01:36.079+0000] {spark_submit.py:641} INFO - 25/02/20 03:01:36 INFO Executor: Fetching file:///home/airflow/.ivy2/jars/org.checkerframework_checker-qual-3.5.0.jar with timestamp 1740020494712
[2025-02-20T03:01:36.081+0000] {spark_submit.py:641} INFO - 25/02/20 03:01:36 INFO Utils: /home/airflow/.ivy2/jars/org.checkerframework_checker-qual-3.5.0.jar has been previously copied to /tmp/spark-c9304236-dbf3-4d10-8f01-9e52f30b0684/userFiles-3d9670ba-9ad6-4df9-ba9e-1630b9be428a/org.checkerframework_checker-qual-3.5.0.jar
[2025-02-20T03:01:36.094+0000] {spark_submit.py:641} INFO - 25/02/20 03:01:36 INFO Executor: Fetching spark://***-airflow-scheduler:40671/jars/postgresql-42.2.18.jar with timestamp 1740020494712
[2025-02-20T03:01:36.165+0000] {spark_submit.py:641} INFO - 25/02/20 03:01:36 INFO TransportClientFactory: Successfully created connection to ***-airflow-scheduler/172.19.0.6:40671 after 55 ms (0 ms spent in bootstraps)
[2025-02-20T03:01:36.175+0000] {spark_submit.py:641} INFO - 25/02/20 03:01:36 INFO Utils: Fetching spark://***-airflow-scheduler:40671/jars/postgresql-42.2.18.jar to /tmp/spark-c9304236-dbf3-4d10-8f01-9e52f30b0684/userFiles-3d9670ba-9ad6-4df9-ba9e-1630b9be428a/fetchFileTemp1634692023388839926.tmp
[2025-02-20T03:01:36.285+0000] {spark_submit.py:641} INFO - 25/02/20 03:01:36 INFO Executor: Adding file:/tmp/spark-c9304236-dbf3-4d10-8f01-9e52f30b0684/userFiles-3d9670ba-9ad6-4df9-ba9e-1630b9be428a/postgresql-42.2.18.jar to class loader
[2025-02-20T03:01:36.296+0000] {spark_submit.py:641} INFO - 25/02/20 03:01:36 INFO Utils: Successfully started service 'org.apache.spark.network.netty.NettyBlockTransferService' on port 39369.
[2025-02-20T03:01:36.299+0000] {spark_submit.py:641} INFO - 25/02/20 03:01:36 INFO NettyBlockTransferService: Server created on ***-airflow-scheduler:39369
[2025-02-20T03:01:36.302+0000] {spark_submit.py:641} INFO - 25/02/20 03:01:36 INFO BlockManager: Using org.apache.spark.storage.RandomBlockReplicationPolicy for block replication policy
[2025-02-20T03:01:36.309+0000] {spark_submit.py:641} INFO - 25/02/20 03:01:36 INFO BlockManagerMaster: Registering BlockManager BlockManagerId(driver, ***-airflow-scheduler, 39369, None)
[2025-02-20T03:01:36.315+0000] {spark_submit.py:641} INFO - 25/02/20 03:01:36 INFO BlockManagerMasterEndpoint: Registering block manager ***-airflow-scheduler:39369 with 434.4 MiB RAM, BlockManagerId(driver, ***-airflow-scheduler, 39369, None)
[2025-02-20T03:01:36.319+0000] {spark_submit.py:641} INFO - 25/02/20 03:01:36 INFO BlockManagerMaster: Registered BlockManager BlockManagerId(driver, ***-airflow-scheduler, 39369, None)
[2025-02-20T03:01:36.321+0000] {spark_submit.py:641} INFO - 25/02/20 03:01:36 INFO BlockManager: Initialized BlockManager: BlockManagerId(driver, ***-airflow-scheduler, 39369, None)
[2025-02-20T03:01:42.577+0000] {spark_submit.py:641} INFO - ---------------- MENAMPILKAN DATASET ----------------
[2025-02-20T03:01:42.881+0000] {spark_submit.py:641} INFO - +-----------+-----------------+---------+---------------+------+-------------------+---------------+---+--------------------+-----------------+---------------------+----------+------------------+
[2025-02-20T03:01:42.883+0000] {spark_submit.py:641} INFO - |employee_id|       department|   region|      education|gender|recruitment_channel|no_of_trainings|age|previous_year_rating|length_of_service|KPIs_met_more_than_80|awards_won|avg_training_score|
[2025-02-20T03:01:42.884+0000] {spark_submit.py:641} INFO - +-----------+-----------------+---------+---------------+------+-------------------+---------------+---+--------------------+-----------------+---------------------+----------+------------------+
[2025-02-20T03:01:42.885+0000] {spark_submit.py:641} INFO - |       8724|       Technology|region_26|      Bachelors|     m|           sourcing|              1| 24|                null|                1|                    1|         0|                77|
[2025-02-20T03:01:42.887+0000] {spark_submit.py:641} INFO - |      74430|               HR| region_4|      Bachelors|     f|              other|              1| 31|                   3|                5|                    0|         0|                51|
[2025-02-20T03:01:42.888+0000] {spark_submit.py:641} INFO - |      72255|Sales & Marketing|region_13|      Bachelors|     m|              other|              1| 31|                   1|                4|                    0|         0|                47|
[2025-02-20T03:01:42.889+0000] {spark_submit.py:641} INFO - |      38562|      Procurement| region_2|      Bachelors|     f|              other|              3| 31|                   2|                9|                    0|         0|                65|
[2025-02-20T03:01:42.889+0000] {spark_submit.py:641} INFO - |      64486|          Finance|region_29|      Bachelors|     m|           sourcing|              1| 30|                   4|                7|                    0|         0|                61|
[2025-02-20T03:01:42.890+0000] {spark_submit.py:641} INFO - |      46232|      Procurement| region_7|      Bachelors|     m|           sourcing|              1| 36|                   3|                2|                    0|         0|                68|
[2025-02-20T03:01:42.892+0000] {spark_submit.py:641} INFO - |      54542|          Finance| region_2|      Bachelors|     m|              other|              1| 33|                   5|                3|                    1|         0|                57|
[2025-02-20T03:01:42.893+0000] {spark_submit.py:641} INFO - |      67269|        Analytics|region_22|      Bachelors|     m|           sourcing|              2| 36|                   3|                3|                    0|         0|                85|
[2025-02-20T03:01:42.893+0000] {spark_submit.py:641} INFO - |      66174|       Technology| region_7|Masters & above|     m|              other|              1| 51|                   4|               11|                    0|         0|                75|
[2025-02-20T03:01:42.894+0000] {spark_submit.py:641} INFO - |      76303|       Technology|region_22|      Bachelors|     m|           sourcing|              1| 29|                   5|                2|                    1|         0|                76|
[2025-02-20T03:01:42.895+0000] {spark_submit.py:641} INFO - +-----------+-----------------+---------+---------------+------+-------------------+---------------+---+--------------------+-----------------+---------------------+----------+------------------+
[2025-02-20T03:01:42.897+0000] {spark_submit.py:641} INFO - only showing top 10 rows
[2025-02-20T03:01:42.898+0000] {spark_submit.py:641} INFO - 
[2025-02-20T03:01:42.899+0000] {spark_submit.py:641} INFO - ---------------- MENAMPILKAN TIPE DATA AWAL ----------------
[2025-02-20T03:01:42.901+0000] {spark_submit.py:641} INFO - root
[2025-02-20T03:01:42.902+0000] {spark_submit.py:641} INFO - |-- employee_id: string (nullable = true)
[2025-02-20T03:01:42.903+0000] {spark_submit.py:641} INFO - |-- department: string (nullable = true)
[2025-02-20T03:01:42.905+0000] {spark_submit.py:641} INFO - |-- region: string (nullable = true)
[2025-02-20T03:01:42.906+0000] {spark_submit.py:641} INFO - |-- education: string (nullable = true)
[2025-02-20T03:01:42.907+0000] {spark_submit.py:641} INFO - |-- gender: string (nullable = true)
[2025-02-20T03:01:42.908+0000] {spark_submit.py:641} INFO - |-- recruitment_channel: string (nullable = true)
[2025-02-20T03:01:42.909+0000] {spark_submit.py:641} INFO - |-- no_of_trainings: string (nullable = true)
[2025-02-20T03:01:42.910+0000] {spark_submit.py:641} INFO - |-- age: string (nullable = true)
[2025-02-20T03:01:42.912+0000] {spark_submit.py:641} INFO - |-- previous_year_rating: string (nullable = true)
[2025-02-20T03:01:42.913+0000] {spark_submit.py:641} INFO - |-- length_of_service: string (nullable = true)
[2025-02-20T03:01:42.914+0000] {spark_submit.py:641} INFO - |-- KPIs_met_more_than_80: string (nullable = true)
[2025-02-20T03:01:42.915+0000] {spark_submit.py:641} INFO - |-- awards_won: string (nullable = true)
[2025-02-20T03:01:42.916+0000] {spark_submit.py:641} INFO - |-- avg_training_score: string (nullable = true)
[2025-02-20T03:01:42.917+0000] {spark_submit.py:641} INFO - 
[2025-02-20T03:01:43.015+0000] {spark_submit.py:641} INFO - ---------------- MENAMPILKAN TIPE DATA HASIL TRANSFORMASI ----------------
[2025-02-20T03:01:43.018+0000] {spark_submit.py:641} INFO - root
[2025-02-20T03:01:43.021+0000] {spark_submit.py:641} INFO - |-- employee_id: string (nullable = true)
[2025-02-20T03:01:43.023+0000] {spark_submit.py:641} INFO - |-- department: string (nullable = true)
[2025-02-20T03:01:43.024+0000] {spark_submit.py:641} INFO - |-- region: string (nullable = true)
[2025-02-20T03:01:43.026+0000] {spark_submit.py:641} INFO - |-- education: string (nullable = true)
[2025-02-20T03:01:43.027+0000] {spark_submit.py:641} INFO - |-- gender: string (nullable = true)
[2025-02-20T03:01:43.029+0000] {spark_submit.py:641} INFO - |-- recruitment_channel: string (nullable = true)
[2025-02-20T03:01:43.030+0000] {spark_submit.py:641} INFO - |-- no_of_trainings: integer (nullable = true)
[2025-02-20T03:01:43.033+0000] {spark_submit.py:641} INFO - |-- age: integer (nullable = true)
[2025-02-20T03:01:43.037+0000] {spark_submit.py:641} INFO - |-- previous_year_rating: integer (nullable = true)
[2025-02-20T03:01:43.039+0000] {spark_submit.py:641} INFO - |-- length_of_service: integer (nullable = true)
[2025-02-20T03:01:43.040+0000] {spark_submit.py:641} INFO - |-- KPIs_met_more_than_80: integer (nullable = true)
[2025-02-20T03:01:43.042+0000] {spark_submit.py:641} INFO - |-- awards_won: integer (nullable = true)
[2025-02-20T03:01:43.043+0000] {spark_submit.py:641} INFO - |-- avg_training_score: integer (nullable = true)
[2025-02-20T03:01:43.045+0000] {spark_submit.py:641} INFO - 
[2025-02-20T03:01:43.048+0000] {spark_submit.py:641} INFO - ---------------- MENAMPILKAN BANYAK DATA NULL DI SETIAP KOLOM ----------------
[2025-02-20T03:01:45.148+0000] {spark_submit.py:641} INFO - +----------------+---------------+-----------+--------------+-----------+------------------------+--------------------+--------+-------------------------+----------------------+--------------------------+---------------+-----------------------+
[2025-02-20T03:01:45.149+0000] {spark_submit.py:641} INFO - |employee_id_null|department_null|region_null|education_null|gender_null|recruitment_channel_null|no_of_trainings_null|age_null|previous_year_rating_null|length_of_service_null|KPIs_met_more_than_80_null|awards_won_null|avg_training_score_nuli|
[2025-02-20T03:01:45.151+0000] {spark_submit.py:641} INFO - +----------------+---------------+-----------+--------------+-----------+------------------------+--------------------+--------+-------------------------+----------------------+--------------------------+---------------+-----------------------+
[2025-02-20T03:01:45.152+0000] {spark_submit.py:641} INFO - |               0|              0|          0|           771|          0|                       0|                   0|       0|                     1363|                     0|                         0|              0|                      0|
[2025-02-20T03:01:45.154+0000] {spark_submit.py:641} INFO - +----------------+---------------+-----------+--------------+-----------+------------------------+--------------------+--------+-------------------------+----------------------+--------------------------+---------------+-----------------------+
[2025-02-20T03:01:45.155+0000] {spark_submit.py:641} INFO - 
[2025-02-20T03:01:45.156+0000] {spark_submit.py:641} INFO - ---------------- NULL HANDLING PADA KOLOM EDUCATION & PREVIOUS_YEAR_RATING ----------------
[2025-02-20T03:01:45.721+0000] {spark_submit.py:641} INFO - +--------------+-------------------------+
[2025-02-20T03:01:45.723+0000] {spark_submit.py:641} INFO - |education_null|previous_year_rating_null|
[2025-02-20T03:01:45.724+0000] {spark_submit.py:641} INFO - +--------------+-------------------------+
[2025-02-20T03:01:45.726+0000] {spark_submit.py:641} INFO - |             0|                        0|
[2025-02-20T03:01:45.727+0000] {spark_submit.py:641} INFO - +--------------+-------------------------+
[2025-02-20T03:01:45.729+0000] {spark_submit.py:641} INFO - 
[2025-02-20T03:01:45.730+0000] {spark_submit.py:641} INFO - ---------------- MENAMPILKAN BANYAK DATA DUPLIKAT BERDASARKAN EMPLOYEE_ID ----------------
[2025-02-20T03:01:46.681+0000] {spark_submit.py:641} INFO - +-----------+------+
[2025-02-20T03:01:46.683+0000] {spark_submit.py:641} INFO - |employee_id|jumlah|
[2025-02-20T03:01:46.687+0000] {spark_submit.py:641} INFO - +-----------+------+
[2025-02-20T03:01:46.689+0000] {spark_submit.py:641} INFO - |      64573|     2|
[2025-02-20T03:01:46.690+0000] {spark_submit.py:641} INFO - |      49584|     3|
[2025-02-20T03:01:46.691+0000] {spark_submit.py:641} INFO - +-----------+------+
[2025-02-20T03:01:46.692+0000] {spark_submit.py:641} INFO - 
[2025-02-20T03:01:46.695+0000] {spark_submit.py:641} INFO - ---------------- MENAMPILKAN SEMUA BARIS DAN KOLOM DARI EMPLOYEE ID YANG DUPLIKAT ----------------
[2025-02-20T03:01:47.250+0000] {spark_submit.py:641} INFO - +-----------+----------+--------+---------+------+-------------------+---------------+---+--------------------+-----------------+---------------------+----------+------------------+
[2025-02-20T03:01:47.252+0000] {spark_submit.py:641} INFO - |employee_id|department|  region|education|gender|recruitment_channel|no_of_trainings|age|previous_year_rating|length_of_service|KPIs_met_more_than_80|awards_won|avg_training_score|
[2025-02-20T03:01:47.254+0000] {spark_submit.py:641} INFO - +-----------+----------+--------+---------+------+-------------------+---------------+---+--------------------+-----------------+---------------------+----------+------------------+
[2025-02-20T03:01:47.255+0000] {spark_submit.py:641} INFO - |      49584|        HR|region_7|Bachelors|     m|              other|              1| 33|                   1|                9|                    0|         0|                51|
[2025-02-20T03:01:47.256+0000] {spark_submit.py:641} INFO - |      49584|        HR|region_7|Bachelors|     m|              other|              1| 33|                   1|                9|                    0|         0|                51|
[2025-02-20T03:01:47.258+0000] {spark_submit.py:641} INFO - |      49584|        HR|region_7|Bachelors|     m|              other|              1| 33|                   1|                9|                    0|         0|                51|
[2025-02-20T03:01:47.261+0000] {spark_submit.py:641} INFO - |      64573|Technology|region_7|Bachelors|     f|           referred|              2| 30|                   5|                6|                    1|         0|                81|
[2025-02-20T03:01:47.263+0000] {spark_submit.py:641} INFO - |      64573|        HR|region_7|Bachelors|     f|           referred|              1| 35|                   5|                4|                    1|         0|                81|
[2025-02-20T03:01:47.265+0000] {spark_submit.py:641} INFO - +-----------+----------+--------+---------+------+-------------------+---------------+---+--------------------+-----------------+---------------------+----------+------------------+
[2025-02-20T03:01:47.267+0000] {spark_submit.py:641} INFO - 
[2025-02-20T03:01:47.268+0000] {spark_submit.py:641} INFO - ---------------- MENAMPILKAN HASIL DARI DATA DUPLIKASI YANG TELAH DIHANDLE BERDASARKAN KOLOM EMPLOYEE_ID DAN DEPARTMENT ----------------
[2025-02-20T03:01:48.565+0000] {spark_submit.py:641} INFO - +-----------+----------+--------+---------+------+-------------------+---------------+---+--------------------+-----------------+---------------------+----------+------------------+
[2025-02-20T03:01:48.567+0000] {spark_submit.py:641} INFO - |employee_id|department|  region|education|gender|recruitment_channel|no_of_trainings|age|previous_year_rating|length_of_service|KPIs_met_more_than_80|awards_won|avg_training_score|
[2025-02-20T03:01:48.569+0000] {spark_submit.py:641} INFO - +-----------+----------+--------+---------+------+-------------------+---------------+---+--------------------+-----------------+---------------------+----------+------------------+
[2025-02-20T03:01:48.571+0000] {spark_submit.py:641} INFO - |      49584|        HR|region_7|Bachelors|     m|              other|              1| 33|                   1|                9|                    0|         0|                51|
[2025-02-20T03:01:48.572+0000] {spark_submit.py:641} INFO - |      64573|        HR|region_7|Bachelors|     f|           referred|              1| 35|                   5|                4|                    1|         0|                81|
[2025-02-20T03:01:48.574+0000] {spark_submit.py:641} INFO - |      64573|Technology|region_7|Bachelors|     f|           referred|              2| 30|                   5|                6|                    1|         0|                81|
[2025-02-20T03:01:48.575+0000] {spark_submit.py:641} INFO - +-----------+----------+--------+---------+------+-------------------+---------------+---+--------------------+-----------------+---------------------+----------+------------------+
[2025-02-20T03:01:48.576+0000] {spark_submit.py:641} INFO - 
[2025-02-20T03:01:50.910+0000] {spark_submit.py:641} INFO - ---------------- MENAMPILKAN DATA HASIL TRANSFORMASI YANG SUDAH DILOAD KE POSTGRES ----------------
[2025-02-20T03:01:51.054+0000] {spark_submit.py:641} INFO - +-----------+-----------------+---------+---------------+------+-------------------+---------------+---+--------------------+-----------------+---------------------+----------+------------------+
[2025-02-20T03:01:51.057+0000] {spark_submit.py:641} INFO - |employee_id|       department|   region|      education|gender|recruitment_channel|no_of_trainings|age|previous_year_rating|length_of_service|KPIs_met_more_than_80|awards_won|avg_training_score|
[2025-02-20T03:01:51.059+0000] {spark_submit.py:641} INFO - +-----------+-----------------+---------+---------------+------+-------------------+---------------+---+--------------------+-----------------+---------------------+----------+------------------+
[2025-02-20T03:01:51.060+0000] {spark_submit.py:641} INFO - |      10009|Sales & Marketing| region_2|        unknown|     m|           sourcing|              2| 21|                   0|                1|                    0|         0|                52|
[2025-02-20T03:01:51.061+0000] {spark_submit.py:641} INFO - |       1001|            Legal| region_2|      Bachelors|     m|              other|              1| 31|                   0|                1|                    0|         0|                58|
[2025-02-20T03:01:51.062+0000] {spark_submit.py:641} INFO - |      10012|            Legal|region_22|      Bachelors|     m|           sourcing|              1| 28|                   5|                4|                    1|         0|                60|
[2025-02-20T03:01:51.063+0000] {spark_submit.py:641} INFO - |      10019|Sales & Marketing|region_18|      Bachelors|     m|           sourcing|              1| 28|                   0|                1|                    0|         0|                44|
[2025-02-20T03:01:51.064+0000] {spark_submit.py:641} INFO - |      10021|Sales & Marketing|region_15|      Bachelors|     f|           sourcing|              1| 41|                   1|                7|                    1|         0|                47|
[2025-02-20T03:01:51.064+0000] {spark_submit.py:641} INFO - |      10024|       Technology| region_2|Below Secondary|     f|              other|              1| 22|                   0|                1|                    1|         0|                82|
[2025-02-20T03:01:51.065+0000] {spark_submit.py:641} INFO - |       1003|               HR| region_2|Masters & above|     m|              other|              1| 39|                   4|                8|                    0|         0|                49|
[2025-02-20T03:01:51.066+0000] {spark_submit.py:641} INFO - |      10034|               HR| region_2|      Bachelors|     f|           referred|              1| 25|                   0|                1|                    1|         0|                55|
[2025-02-20T03:01:51.067+0000] {spark_submit.py:641} INFO - |      10035|       Operations| region_2|Masters & above|     m|           sourcing|              2| 44|                   5|                7|                    1|         0|                61|
[2025-02-20T03:01:51.068+0000] {spark_submit.py:641} INFO - |      10036|       Technology|region_26|Masters & above|     m|              other|              1| 40|                   5|                4|                    1|         0|                78|
[2025-02-20T03:01:51.068+0000] {spark_submit.py:641} INFO - |      10038|      Procurement|region_29|      Bachelors|     f|              other|              1| 31|                   4|                3|                    0|         0|                71|
[2025-02-20T03:01:51.069+0000] {spark_submit.py:641} INFO - |      10043|       Operations|region_13|Masters & above|     m|              other|              1| 52|                   5|               17|                    0|         0|                70|
[2025-02-20T03:01:51.071+0000] {spark_submit.py:641} INFO - |      10048|       Operations| region_2|Masters & above|     f|           sourcing|              1| 38|                   5|                4|                    1|         0|                58|
[2025-02-20T03:01:51.073+0000] {spark_submit.py:641} INFO - |      10050|            Legal| region_2|      Bachelors|     m|           sourcing|              1| 46|                   5|                6|                    0|         0|                61|
[2025-02-20T03:01:51.074+0000] {spark_submit.py:641} INFO - |      10055|Sales & Marketing| region_2|        unknown|     m|              other|              1| 27|                   1|                4|                    0|         0|                49|
[2025-02-20T03:01:51.075+0000] {spark_submit.py:641} INFO - |      10059|        Analytics|region_34|      Bachelors|     m|           sourcing|              3| 27|                   3|                2|                    0|         0|                83|
[2025-02-20T03:01:51.076+0000] {spark_submit.py:641} INFO - |      10076|Sales & Marketing| region_2|      Bachelors|     f|           sourcing|              1| 27|                   1|                3|                    0|         0|                44|
[2025-02-20T03:01:51.077+0000] {spark_submit.py:641} INFO - |      10077|Sales & Marketing|region_22|      Bachelors|     m|           sourcing|              2| 31|                   2|                3|                    0|         0|                46|
[2025-02-20T03:01:51.078+0000] {spark_submit.py:641} INFO - |      10088|               HR| region_2|      Bachelors|     m|           sourcing|              1| 35|                   1|                3|                    1|         0|                48|
[2025-02-20T03:01:51.079+0000] {spark_submit.py:641} INFO - |       1009|       Operations| region_4|Masters & above|     m|           sourcing|              1| 48|                   3|               16|                    0|         0|                61|
[2025-02-20T03:01:51.080+0000] {spark_submit.py:641} INFO - +-----------+-----------------+---------+---------------+------+-------------------+---------------+---+--------------------+-----------------+---------------------+----------+------------------+
[2025-02-20T03:01:51.082+0000] {spark_submit.py:641} INFO - only showing top 20 rows
[2025-02-20T03:01:51.083+0000] {spark_submit.py:641} INFO - 
[2025-02-20T03:01:51.280+0000] {taskinstance.py:340} INFO - ::group::Post task execution logs
[2025-02-20T03:01:51.282+0000] {taskinstance.py:352} INFO - Marking task as SUCCESS. dag_id=***_v2_etl_dag, task_id=extract_task, run_id=manual__2025-02-20T02:55:38.071265+00:00, execution_date=20250220T025538, start_date=20250220T030128, end_date=20250220T030151
[2025-02-20T03:01:51.335+0000] {local_task_job_runner.py:266} INFO - Task exited with return code 0
[2025-02-20T03:01:51.366+0000] {taskinstance.py:3895} INFO - 0 downstream tasks scheduled from follow-on schedule check
[2025-02-20T03:01:51.370+0000] {local_task_job_runner.py:245} INFO - ::endgroup::
