[2025-02-21T19:31:15.864+0000] {local_task_job_runner.py:123} INFO - ::group::Pre task execution logs
[2025-02-21T19:31:15.892+0000] {taskinstance.py:2614} INFO - Dependencies all met for dep_context=non-requeueable deps ti=<TaskInstance: finprode8_v2_etl_dag.transform_task manual__2025-02-21T19:30:52.141877+00:00 [queued]>
[2025-02-21T19:31:15.904+0000] {taskinstance.py:2614} INFO - Dependencies all met for dep_context=requeueable deps ti=<TaskInstance: finprode8_v2_etl_dag.transform_task manual__2025-02-21T19:30:52.141877+00:00 [queued]>
[2025-02-21T19:31:15.906+0000] {taskinstance.py:2867} INFO - Starting attempt 1 of 1
[2025-02-21T19:31:15.929+0000] {taskinstance.py:2890} INFO - Executing <Task(SparkSubmitOperator): transform_task> on 2025-02-21 19:30:52.141877+00:00
[2025-02-21T19:31:15.936+0000] {standard_task_runner.py:72} INFO - Started process 2296 to run task
[2025-02-21T19:31:15.940+0000] {standard_task_runner.py:104} INFO - Running: ['airflow', 'tasks', 'run', '***_v2_etl_dag', 'transform_task', 'manual__2025-02-21T19:30:52.141877+00:00', '--job-id', '53', '--raw', '--subdir', 'DAGS_FOLDER/***_v2_etl_dag.py', '--cfg-path', '/tmp/tmpf6is2_cl']
[2025-02-21T19:31:15.944+0000] {standard_task_runner.py:105} INFO - Job 53: Subtask transform_task
[2025-02-21T19:31:15.970+0000] {logging_mixin.py:190} WARNING - /home/airflow/.local/lib/python3.9/site-packages/airflow/settings.py:209 DeprecationWarning: The sql_alchemy_conn option in [core] has been moved to the sql_alchemy_conn option in [database] - the old setting has been used, but please update your config.
[2025-02-21T19:31:16.014+0000] {task_command.py:467} INFO - Running <TaskInstance: finprode8_v2_etl_dag.transform_task manual__2025-02-21T19:30:52.141877+00:00 [running]> on host ***-airflow-scheduler
[2025-02-21T19:31:16.134+0000] {taskinstance.py:3134} INFO - Exporting env vars: AIRFLOW_CTX_DAG_OWNER='ratih malini' AIRFLOW_CTX_DAG_ID='***_v2_etl_dag' AIRFLOW_CTX_TASK_ID='transform_task' AIRFLOW_CTX_EXECUTION_DATE='2025-02-21T19:30:52.141877+00:00' AIRFLOW_CTX_TRY_NUMBER='1' AIRFLOW_CTX_DAG_RUN_ID='manual__2025-02-21T19:30:52.141877+00:00'
[2025-02-21T19:31:16.137+0000] {taskinstance.py:732} INFO - ::endgroup::
[2025-02-21T19:31:16.189+0000] {base.py:84} INFO - Retrieving connection 'spark_main'
[2025-02-21T19:31:16.192+0000] {spark_submit.py:474} INFO - Spark-Submit cmd: spark-submit --master spark://***-spark-master:7077 --name arrow-spark /spark-scripts/***_v2_transform.py
[2025-02-21T19:31:20.021+0000] {spark_submit.py:641} INFO - 25/02/21 19:31:20 INFO SparkContext: Running Spark version 3.3.2
[2025-02-21T19:31:20.123+0000] {spark_submit.py:641} INFO - 25/02/21 19:31:20 WARN NativeCodeLoader: Unable to load native-hadoop library for your platform... using builtin-java classes where applicable
[2025-02-21T19:31:20.237+0000] {spark_submit.py:641} INFO - 25/02/21 19:31:20 INFO ResourceUtils: ==============================================================
[2025-02-21T19:31:20.240+0000] {spark_submit.py:641} INFO - 25/02/21 19:31:20 INFO ResourceUtils: No custom resources configured for spark.driver.
[2025-02-21T19:31:20.242+0000] {spark_submit.py:641} INFO - 25/02/21 19:31:20 INFO ResourceUtils: ==============================================================
[2025-02-21T19:31:20.243+0000] {spark_submit.py:641} INFO - 25/02/21 19:31:20 INFO SparkContext: Submitted application: ***_transform
[2025-02-21T19:31:20.265+0000] {spark_submit.py:641} INFO - 25/02/21 19:31:20 INFO ResourceProfile: Default ResourceProfile created, executor resources: Map(cores -> name: cores, amount: 1, script: , vendor: , memory -> name: memory, amount: 1024, script: , vendor: , offHeap -> name: offHeap, amount: 0, script: , vendor: ), task resources: Map(cpus -> name: cpus, amount: 1.0)
[2025-02-21T19:31:20.276+0000] {spark_submit.py:641} INFO - 25/02/21 19:31:20 INFO ResourceProfile: Limiting resource is cpu
[2025-02-21T19:31:20.278+0000] {spark_submit.py:641} INFO - 25/02/21 19:31:20 INFO ResourceProfileManager: Added ResourceProfile id: 0
[2025-02-21T19:31:20.344+0000] {spark_submit.py:641} INFO - 25/02/21 19:31:20 INFO SecurityManager: Changing view acls to: airflow
[2025-02-21T19:31:20.347+0000] {spark_submit.py:641} INFO - 25/02/21 19:31:20 INFO SecurityManager: Changing modify acls to: airflow
[2025-02-21T19:31:20.349+0000] {spark_submit.py:641} INFO - 25/02/21 19:31:20 INFO SecurityManager: Changing view acls groups to:
[2025-02-21T19:31:20.351+0000] {spark_submit.py:641} INFO - 25/02/21 19:31:20 INFO SecurityManager: Changing modify acls groups to:
[2025-02-21T19:31:20.353+0000] {spark_submit.py:641} INFO - 25/02/21 19:31:20 INFO SecurityManager: SecurityManager: authentication disabled; ui acls disabled; users  with view permissions: Set(airflow); groups with view permissions: Set(); users  with modify permissions: Set(airflow); groups with modify permissions: Set()
[2025-02-21T19:31:20.626+0000] {spark_submit.py:641} INFO - 25/02/21 19:31:20 INFO Utils: Successfully started service 'sparkDriver' on port 40397.
[2025-02-21T19:31:20.678+0000] {spark_submit.py:641} INFO - 25/02/21 19:31:20 INFO SparkEnv: Registering MapOutputTracker
[2025-02-21T19:31:20.719+0000] {spark_submit.py:641} INFO - 25/02/21 19:31:20 INFO SparkEnv: Registering BlockManagerMaster
[2025-02-21T19:31:20.745+0000] {spark_submit.py:641} INFO - 25/02/21 19:31:20 INFO BlockManagerMasterEndpoint: Using org.apache.spark.storage.DefaultTopologyMapper for getting topology information
[2025-02-21T19:31:20.747+0000] {spark_submit.py:641} INFO - 25/02/21 19:31:20 INFO BlockManagerMasterEndpoint: BlockManagerMasterEndpoint up
[2025-02-21T19:31:20.752+0000] {spark_submit.py:641} INFO - 25/02/21 19:31:20 INFO SparkEnv: Registering BlockManagerMasterHeartbeat
[2025-02-21T19:31:20.779+0000] {spark_submit.py:641} INFO - 25/02/21 19:31:20 INFO DiskBlockManager: Created local directory at /tmp/blockmgr-e31c1220-5b22-4ee7-acb6-1377330c66ac
[2025-02-21T19:31:20.798+0000] {spark_submit.py:641} INFO - 25/02/21 19:31:20 INFO MemoryStore: MemoryStore started with capacity 434.4 MiB
[2025-02-21T19:31:20.819+0000] {spark_submit.py:641} INFO - 25/02/21 19:31:20 INFO SparkEnv: Registering OutputCommitCoordinator
[2025-02-21T19:31:21.097+0000] {spark_submit.py:641} INFO - 25/02/21 19:31:21 INFO Utils: Successfully started service 'SparkUI' on port 4040.
[2025-02-21T19:31:21.207+0000] {spark_submit.py:641} INFO - 25/02/21 19:31:21 INFO Executor: Starting executor ID driver on host ***-airflow-scheduler
[2025-02-21T19:31:21.220+0000] {spark_submit.py:641} INFO - 25/02/21 19:31:21 INFO Executor: Starting executor with user classpath (userClassPathFirst = false): ''
[2025-02-21T19:31:21.245+0000] {spark_submit.py:641} INFO - 25/02/21 19:31:21 INFO Utils: Successfully started service 'org.apache.spark.network.netty.NettyBlockTransferService' on port 46053.
[2025-02-21T19:31:21.247+0000] {spark_submit.py:641} INFO - 25/02/21 19:31:21 INFO NettyBlockTransferService: Server created on ***-airflow-scheduler:46053
[2025-02-21T19:31:21.249+0000] {spark_submit.py:641} INFO - 25/02/21 19:31:21 INFO BlockManager: Using org.apache.spark.storage.RandomBlockReplicationPolicy for block replication policy
[2025-02-21T19:31:21.257+0000] {spark_submit.py:641} INFO - 25/02/21 19:31:21 INFO BlockManagerMaster: Registering BlockManager BlockManagerId(driver, ***-airflow-scheduler, 46053, None)
[2025-02-21T19:31:21.261+0000] {spark_submit.py:641} INFO - 25/02/21 19:31:21 INFO BlockManagerMasterEndpoint: Registering block manager ***-airflow-scheduler:46053 with 434.4 MiB RAM, BlockManagerId(driver, ***-airflow-scheduler, 46053, None)
[2025-02-21T19:31:21.264+0000] {spark_submit.py:641} INFO - 25/02/21 19:31:21 INFO BlockManagerMaster: Registered BlockManager BlockManagerId(driver, ***-airflow-scheduler, 46053, None)
[2025-02-21T19:31:21.267+0000] {spark_submit.py:641} INFO - 25/02/21 19:31:21 INFO BlockManager: Initialized BlockManager: BlockManagerId(driver, ***-airflow-scheduler, 46053, None)
[2025-02-21T19:31:25.625+0000] {spark_submit.py:641} INFO - ---------------- MENAMPILKAN BANYAK DATA NULL DI SETIAP KOLOM ----------------
[2025-02-21T19:31:27.829+0000] {spark_submit.py:641} INFO - +----------------+---------------+-----------+--------------+-----------+------------------------+--------------------+--------+-------------------------+----------------------+--------------------------+---------------+-----------------------+
[2025-02-21T19:31:27.831+0000] {spark_submit.py:641} INFO - |employee_id_null|department_null|region_null|education_null|gender_null|recruitment_channel_null|no_of_trainings_null|age_null|previous_year_rating_null|length_of_service_null|KPIs_met_more_than_80_null|awards_won_null|avg_training_score_null|
[2025-02-21T19:31:27.833+0000] {spark_submit.py:641} INFO - +----------------+---------------+-----------+--------------+-----------+------------------------+--------------------+--------+-------------------------+----------------------+--------------------------+---------------+-----------------------+
[2025-02-21T19:31:27.834+0000] {spark_submit.py:641} INFO - |               0|              0|          0|           771|          0|                       0|                   0|       0|                     1363|                     0|                         0|              0|                      0|
[2025-02-21T19:31:27.836+0000] {spark_submit.py:641} INFO - +----------------+---------------+-----------+--------------+-----------+------------------------+--------------------+--------+-------------------------+----------------------+--------------------------+---------------+-----------------------+
[2025-02-21T19:31:27.837+0000] {spark_submit.py:641} INFO - 
[2025-02-21T19:31:27.839+0000] {spark_submit.py:641} INFO - ---------------- NULL HANDLING PADA KOLOM EDUCATION & PREVIOUS_YEAR_RATING ----------------
[2025-02-21T19:31:28.118+0000] {spark_submit.py:641} INFO - +--------------+-------------------------+
[2025-02-21T19:31:28.121+0000] {spark_submit.py:641} INFO - |education_null|previous_year_rating_null|
[2025-02-21T19:31:28.124+0000] {spark_submit.py:641} INFO - +--------------+-------------------------+
[2025-02-21T19:31:28.126+0000] {spark_submit.py:641} INFO - |             0|                        0|
[2025-02-21T19:31:28.127+0000] {spark_submit.py:641} INFO - +--------------+-------------------------+
[2025-02-21T19:31:28.129+0000] {spark_submit.py:641} INFO - 
[2025-02-21T19:31:28.130+0000] {spark_submit.py:641} INFO - ---------------- MENAMPILKAN BANYAK DATA DUPLIKAT BERDASARKAN EMPLOYEE_ID ----------------
[2025-02-21T19:31:29.066+0000] {spark_submit.py:641} INFO - +-----------+------+
[2025-02-21T19:31:29.068+0000] {spark_submit.py:641} INFO - |employee_id|jumlah|
[2025-02-21T19:31:29.069+0000] {spark_submit.py:641} INFO - +-----------+------+
[2025-02-21T19:31:29.071+0000] {spark_submit.py:641} INFO - |      64573|     2|
[2025-02-21T19:31:29.072+0000] {spark_submit.py:641} INFO - |      49584|     3|
[2025-02-21T19:31:29.073+0000] {spark_submit.py:641} INFO - +-----------+------+
[2025-02-21T19:31:29.074+0000] {spark_submit.py:641} INFO - 
[2025-02-21T19:31:29.075+0000] {spark_submit.py:641} INFO - ---------------- MENAMPILKAN SEMUA BARIS DAN KOLOM DARI EMPLOYEE ID YANG DUPLIKAT ----------------
[2025-02-21T19:31:29.446+0000] {spark_submit.py:641} INFO - +-----------+----------+--------+---------+------+-------------------+---------------+---+--------------------+-----------------+---------------------+----------+------------------+
[2025-02-21T19:31:29.447+0000] {spark_submit.py:641} INFO - |employee_id|department|  region|education|gender|recruitment_channel|no_of_trainings|age|previous_year_rating|length_of_service|KPIs_met_more_than_80|awards_won|avg_training_score|
[2025-02-21T19:31:29.449+0000] {spark_submit.py:641} INFO - +-----------+----------+--------+---------+------+-------------------+---------------+---+--------------------+-----------------+---------------------+----------+------------------+
[2025-02-21T19:31:29.450+0000] {spark_submit.py:641} INFO - |      49584|        HR|region_7|Bachelors|     m|              other|              1| 33|                   1|                9|                    0|         0|                51|
[2025-02-21T19:31:29.451+0000] {spark_submit.py:641} INFO - |      49584|        HR|region_7|Bachelors|     m|              other|              1| 33|                   1|                9|                    0|         0|                51|
[2025-02-21T19:31:29.453+0000] {spark_submit.py:641} INFO - |      49584|        HR|region_7|Bachelors|     m|              other|              1| 33|                   1|                9|                    0|         0|                51|
[2025-02-21T19:31:29.455+0000] {spark_submit.py:641} INFO - |      64573|Technology|region_7|Bachelors|     f|           referred|              2| 30|                   5|                6|                    1|         0|                81|
[2025-02-21T19:31:29.456+0000] {spark_submit.py:641} INFO - |      64573|        HR|region_7|Bachelors|     f|           referred|              1| 35|                   5|                4|                    1|         0|                81|
[2025-02-21T19:31:29.457+0000] {spark_submit.py:641} INFO - +-----------+----------+--------+---------+------+-------------------+---------------+---+--------------------+-----------------+---------------------+----------+------------------+
[2025-02-21T19:31:29.459+0000] {spark_submit.py:641} INFO - 
[2025-02-21T19:31:29.460+0000] {spark_submit.py:641} INFO - ---------------- MENAMPILKAN HASIL DARI DATA DUPLIKASI YANG TELAH DIHANDLE BERDASARKAN KOLOM EMPLOYEE_ID DAN DEPARTMENT ----------------
[2025-02-21T19:31:29.990+0000] {spark_submit.py:641} INFO - +-----------+----------+--------+---------+------+-------------------+---------------+---+--------------------+-----------------+---------------------+----------+------------------+
[2025-02-21T19:31:29.992+0000] {spark_submit.py:641} INFO - |employee_id|department|  region|education|gender|recruitment_channel|no_of_trainings|age|previous_year_rating|length_of_service|KPIs_met_more_than_80|awards_won|avg_training_score|
[2025-02-21T19:31:29.993+0000] {spark_submit.py:641} INFO - +-----------+----------+--------+---------+------+-------------------+---------------+---+--------------------+-----------------+---------------------+----------+------------------+
[2025-02-21T19:31:29.994+0000] {spark_submit.py:641} INFO - |      49584|        HR|region_7|Bachelors|     m|              other|              1| 33|                   1|                9|                    0|         0|                51|
[2025-02-21T19:31:29.995+0000] {spark_submit.py:641} INFO - |      64573|        HR|region_7|Bachelors|     f|           referred|              1| 35|                   5|                4|                    1|         0|                81|
[2025-02-21T19:31:29.996+0000] {spark_submit.py:641} INFO - |      64573|Technology|region_7|Bachelors|     f|           referred|              2| 30|                   5|                6|                    1|         0|                81|
[2025-02-21T19:31:29.998+0000] {spark_submit.py:641} INFO - +-----------+----------+--------+---------+------+-------------------+---------------+---+--------------------+-----------------+---------------------+----------+------------------+
[2025-02-21T19:31:29.999+0000] {spark_submit.py:641} INFO - 
[2025-02-21T19:31:31.547+0000] {spark_submit.py:641} INFO - ---------------- MENAMPILKAN DATA HASIL TRASNFORMASI ----------------
[2025-02-21T19:31:32.000+0000] {spark_submit.py:641} INFO - +-----------+-----------------+---------+---------------+------+-------------------+---------------+---+--------------------+-----------------+---------------------+----------+------------------+
[2025-02-21T19:31:32.002+0000] {spark_submit.py:641} INFO - |employee_id|       department|   region|      education|gender|recruitment_channel|no_of_trainings|age|previous_year_rating|length_of_service|KPIs_met_more_than_80|awards_won|avg_training_score|
[2025-02-21T19:31:32.004+0000] {spark_submit.py:641} INFO - +-----------+-----------------+---------+---------------+------+-------------------+---------------+---+--------------------+-----------------+---------------------+----------+------------------+
[2025-02-21T19:31:32.005+0000] {spark_submit.py:641} INFO - |          3|      Procurement|region_22|Masters & above|     f|              other|              1| 38|                   5|                4|                    1|         0|                67|
[2025-02-21T19:31:32.007+0000] {spark_submit.py:641} INFO - |          6|Sales & Marketing|region_15|      Bachelors|     f|              other|              1| 38|                   3|               10|                    0|         0|                50|
[2025-02-21T19:31:32.009+0000] {spark_submit.py:641} INFO - |         11|       Technology| region_4|Masters & above|     f|           sourcing|              1| 39|                   4|               12|                    1|         0|                72|
[2025-02-21T19:31:32.011+0000] {spark_submit.py:641} INFO - |         13|Sales & Marketing|region_17|      Bachelors|     m|              other|              1| 38|                   1|                5|                    1|         0|                47|
[2025-02-21T19:31:32.012+0000] {spark_submit.py:641} INFO - |         16|Sales & Marketing| region_4|Masters & above|     m|           sourcing|              1| 40|                   5|                5|                    0|         0|                53|
[2025-02-21T19:31:32.014+0000] {spark_submit.py:641} INFO - +-----------+-----------------+---------+---------------+------+-------------------+---------------+---+--------------------+-----------------+---------------------+----------+------------------+
[2025-02-21T19:31:32.015+0000] {spark_submit.py:641} INFO - only showing top 5 rows
[2025-02-21T19:31:32.017+0000] {spark_submit.py:641} INFO - 
[2025-02-21T19:31:32.340+0000] {spark_submit.py:641} INFO - Jumlah baris dalam DataFrame : 17415
[2025-02-21T19:31:32.341+0000] {spark_submit.py:641} INFO - Isi folder data/transformed.parquet :
[2025-02-21T19:31:32.343+0000] {spark_submit.py:641} INFO - ['_SUCCESS', 'part-00000-b61cf01c-e03c-4aae-b7c7-1febd695bed2-c000.snappy.parquet', '.part-00000-b61cf01c-e03c-4aae-b7c7-1febd695bed2-c000.snappy.parquet.crc', '._SUCCESS.crc']
[2025-02-21T19:31:32.344+0000] {spark_submit.py:641} INFO - Transform data berhasil.
[2025-02-21T19:31:32.846+0000] {spark_submit.py:641} INFO - +-----------+-----------------+---------+---------------+------+-------------------+---------------+---+--------------------+-----------------+---------------------+----------+------------------+-------------+
[2025-02-21T19:31:32.848+0000] {spark_submit.py:641} INFO - |employee_id|       department|   region|      education|gender|recruitment_channel|no_of_trainings|age|previous_year_rating|length_of_service|KPIs_met_more_than_80|awards_won|avg_training_score|department_id|
[2025-02-21T19:31:32.849+0000] {spark_submit.py:641} INFO - +-----------+-----------------+---------+---------------+------+-------------------+---------------+---+--------------------+-----------------+---------------------+----------+------------------+-------------+
[2025-02-21T19:31:32.850+0000] {spark_submit.py:641} INFO - |          3|      Procurement|region_22|Masters & above|     f|              other|              1| 38|                   5|                4|                    1|         0|                67|            6|
[2025-02-21T19:31:32.851+0000] {spark_submit.py:641} INFO - |          6|Sales & Marketing|region_15|      Bachelors|     f|              other|              1| 38|                   3|               10|                    0|         0|                50|            8|
[2025-02-21T19:31:32.852+0000] {spark_submit.py:641} INFO - |         11|       Technology| region_4|Masters & above|     f|           sourcing|              1| 39|                   4|               12|                    1|         0|                72|            9|
[2025-02-21T19:31:32.853+0000] {spark_submit.py:641} INFO - |         13|Sales & Marketing|region_17|      Bachelors|     m|              other|              1| 38|                   1|                5|                    1|         0|                47|            8|
[2025-02-21T19:31:32.853+0000] {spark_submit.py:641} INFO - |         16|Sales & Marketing| region_4|Masters & above|     m|           sourcing|              1| 40|                   5|                5|                    0|         0|                53|            8|
[2025-02-21T19:31:32.855+0000] {spark_submit.py:641} INFO - |         17|Sales & Marketing| region_7|      Bachelors|     m|           sourcing|              1| 50|                   5|               13|                    0|         0|                47|            8|
[2025-02-21T19:31:32.857+0000] {spark_submit.py:641} INFO - |         19|               HR| region_2|Masters & above|     f|              other|              1| 50|                   4|                7|                    1|         0|                45|            3|
[2025-02-21T19:31:32.859+0000] {spark_submit.py:641} INFO - |         20|        Analytics|region_21|      Bachelors|     m|           sourcing|              1| 27|                   0|                1|                    1|         0|                89|            1|
[2025-02-21T19:31:32.860+0000] {spark_submit.py:641} INFO - |         21|        Analytics| region_8|      Bachelors|     m|           sourcing|              2| 28|                   2|                3|                    1|         0|                85|            1|
[2025-02-21T19:31:32.861+0000] {spark_submit.py:641} INFO - |         22|       Technology| region_2|Masters & above|     f|              other|              1| 57|                   4|               18|                    1|         0|                77|            9|
[2025-02-21T19:31:32.861+0000] {spark_submit.py:641} INFO - |         23|Sales & Marketing|region_16|      Bachelors|     f|           sourcing|              1| 42|                   1|                3|                    0|         0|                46|            8|
[2025-02-21T19:31:32.862+0000] {spark_submit.py:641} INFO - |         24|               HR|region_28|Masters & above|     f|              other|              1| 32|                   1|                5|                    1|         0|                51|            3|
[2025-02-21T19:31:32.863+0000] {spark_submit.py:641} INFO - |         27|Sales & Marketing|region_16|      Bachelors|     m|           sourcing|              1| 29|                   2|                6|                    0|         0|                51|            8|
[2025-02-21T19:31:32.864+0000] {spark_submit.py:641} INFO - |         29|        Analytics| region_7|      Bachelors|     m|              other|              1| 28|                   0|                1|                    1|         0|                85|            1|
[2025-02-21T19:31:32.865+0000] {spark_submit.py:641} INFO - |         31|Sales & Marketing|region_15|      Bachelors|     f|              other|              1| 29|                   3|                5|                    1|         0|                49|            8|
[2025-02-21T19:31:32.865+0000] {spark_submit.py:641} INFO - |         40|       Operations| region_7|Masters & above|     f|              other|              1| 34|                   1|                4|                    0|         0|                65|            5|
[2025-02-21T19:31:32.866+0000] {spark_submit.py:641} INFO - |         50|Sales & Marketing|region_19|      Bachelors|     m|              other|              1| 32|                   1|                3|                    0|         0|                48|            8|
[2025-02-21T19:31:32.866+0000] {spark_submit.py:641} INFO - |         55|       Operations|region_19|Masters & above|     f|           sourcing|              1| 33|                   5|                3|                    0|         0|                61|            5|
[2025-02-21T19:31:32.867+0000] {spark_submit.py:641} INFO - |         63|Sales & Marketing| region_8|Masters & above|     m|           sourcing|              1| 35|                   5|                8|                    0|         0|                52|            8|
[2025-02-21T19:31:32.868+0000] {spark_submit.py:641} INFO - |         64|        Analytics| region_4|      Bachelors|     m|              other|              1| 42|                   5|               11|                    1|         0|                80|            1|
[2025-02-21T19:31:32.869+0000] {spark_submit.py:641} INFO - +-----------+-----------------+---------+---------------+------+-------------------+---------------+---+--------------------+-----------------+---------------------+----------+------------------+-------------+
[2025-02-21T19:31:32.870+0000] {spark_submit.py:641} INFO - only showing top 20 rows
[2025-02-21T19:31:32.871+0000] {spark_submit.py:641} INFO - 
[2025-02-21T19:31:34.322+0000] {taskinstance.py:341} INFO - ::group::Post task execution logs
[2025-02-21T19:31:34.323+0000] {taskinstance.py:353} INFO - Marking task as SUCCESS. dag_id=***_v2_etl_dag, task_id=transform_task, run_id=manual__2025-02-21T19:30:52.141877+00:00, execution_date=20250221T193052, start_date=20250221T193115, end_date=20250221T193134
[2025-02-21T19:31:34.381+0000] {local_task_job_runner.py:266} INFO - Task exited with return code 0
[2025-02-21T19:31:34.419+0000] {taskinstance.py:3901} INFO - 1 downstream tasks scheduled from follow-on schedule check
[2025-02-21T19:31:34.422+0000] {local_task_job_runner.py:245} INFO - ::endgroup::
