[2025-02-21T11:35:47.148+0000] {local_task_job_runner.py:123} INFO - ::group::Pre task execution logs
[2025-02-21T11:35:47.171+0000] {taskinstance.py:2614} INFO - Dependencies all met for dep_context=non-requeueable deps ti=<TaskInstance: finprode8_v2_etl_dag.load_task manual__2025-02-21T11:35:16.841697+00:00 [queued]>
[2025-02-21T11:35:47.183+0000] {taskinstance.py:2614} INFO - Dependencies all met for dep_context=requeueable deps ti=<TaskInstance: finprode8_v2_etl_dag.load_task manual__2025-02-21T11:35:16.841697+00:00 [queued]>
[2025-02-21T11:35:47.184+0000] {taskinstance.py:2867} INFO - Starting attempt 1 of 1
[2025-02-21T11:35:47.199+0000] {taskinstance.py:2890} INFO - Executing <Task(SparkSubmitOperator): load_task> on 2025-02-21 11:35:16.841697+00:00
[2025-02-21T11:35:47.205+0000] {standard_task_runner.py:72} INFO - Started process 4558 to run task
[2025-02-21T11:35:47.209+0000] {standard_task_runner.py:104} INFO - Running: ['airflow', 'tasks', 'run', '***_v2_etl_dag', 'load_task', 'manual__2025-02-21T11:35:16.841697+00:00', '--job-id', '22', '--raw', '--subdir', 'DAGS_FOLDER/***_v2_etl_dag.py', '--cfg-path', '/tmp/tmpygkop561']
[2025-02-21T11:35:47.212+0000] {standard_task_runner.py:105} INFO - Job 22: Subtask load_task
[2025-02-21T11:35:47.236+0000] {logging_mixin.py:190} WARNING - /home/airflow/.local/lib/python3.9/site-packages/airflow/settings.py:209 DeprecationWarning: The sql_alchemy_conn option in [core] has been moved to the sql_alchemy_conn option in [database] - the old setting has been used, but please update your config.
[2025-02-21T11:35:47.326+0000] {task_command.py:467} INFO - Running <TaskInstance: finprode8_v2_etl_dag.load_task manual__2025-02-21T11:35:16.841697+00:00 [running]> on host ***-airflow-scheduler
[2025-02-21T11:35:47.442+0000] {taskinstance.py:3134} INFO - Exporting env vars: AIRFLOW_CTX_DAG_OWNER='ratih malini' AIRFLOW_CTX_DAG_ID='***_v2_etl_dag' AIRFLOW_CTX_TASK_ID='load_task' AIRFLOW_CTX_EXECUTION_DATE='2025-02-21T11:35:16.841697+00:00' AIRFLOW_CTX_TRY_NUMBER='1' AIRFLOW_CTX_DAG_RUN_ID='manual__2025-02-21T11:35:16.841697+00:00'
[2025-02-21T11:35:47.445+0000] {taskinstance.py:732} INFO - ::endgroup::
[2025-02-21T11:35:47.477+0000] {base.py:84} INFO - Retrieving connection 'spark_main'
[2025-02-21T11:35:47.481+0000] {spark_submit.py:474} INFO - Spark-Submit cmd: spark-submit --master spark://***-spark-master:7077 --packages org.postgresql:postgresql:42.2.18 --name arrow-spark /spark-scripts/***_v2_load.py
[2025-02-21T11:35:49.127+0000] {spark_submit.py:641} INFO - :: loading settings :: url = jar:file:/home/airflow/.local/lib/python3.9/site-packages/pyspark/jars/ivy-2.5.1.jar!/org/apache/ivy/core/settings/ivysettings.xml
[2025-02-21T11:35:49.255+0000] {spark_submit.py:641} INFO - Ivy Default Cache set to: /home/airflow/.ivy2/cache
[2025-02-21T11:35:49.257+0000] {spark_submit.py:641} INFO - The jars for the packages stored in: /home/airflow/.ivy2/jars
[2025-02-21T11:35:49.260+0000] {spark_submit.py:641} INFO - org.postgresql#postgresql added as a dependency
[2025-02-21T11:35:49.262+0000] {spark_submit.py:641} INFO - :: resolving dependencies :: org.apache.spark#spark-submit-parent-5157041d-4e8d-4d07-8bba-2dce66ed28c2;1.0
[2025-02-21T11:35:49.264+0000] {spark_submit.py:641} INFO - confs: [default]
[2025-02-21T11:35:49.370+0000] {spark_submit.py:641} INFO - found org.postgresql#postgresql;42.2.18 in central
[2025-02-21T11:35:49.395+0000] {spark_submit.py:641} INFO - found org.checkerframework#checker-qual;3.5.0 in central
[2025-02-21T11:35:49.411+0000] {spark_submit.py:641} INFO - :: resolution report :: resolve 145ms :: artifacts dl 5ms
[2025-02-21T11:35:49.413+0000] {spark_submit.py:641} INFO - :: modules in use:
[2025-02-21T11:35:49.414+0000] {spark_submit.py:641} INFO - org.checkerframework#checker-qual;3.5.0 from central in [default]
[2025-02-21T11:35:49.415+0000] {spark_submit.py:641} INFO - org.postgresql#postgresql;42.2.18 from central in [default]
[2025-02-21T11:35:49.417+0000] {spark_submit.py:641} INFO - ---------------------------------------------------------------------
[2025-02-21T11:35:49.418+0000] {spark_submit.py:641} INFO - |                  |            modules            ||   artifacts   |
[2025-02-21T11:35:49.419+0000] {spark_submit.py:641} INFO - |       conf       | number| search|dwnlded|evicted|| number|dwnlded|
[2025-02-21T11:35:49.421+0000] {spark_submit.py:641} INFO - ---------------------------------------------------------------------
[2025-02-21T11:35:49.423+0000] {spark_submit.py:641} INFO - |      default     |   2   |   0   |   0   |   0   ||   2   |   0   |
[2025-02-21T11:35:49.424+0000] {spark_submit.py:641} INFO - ---------------------------------------------------------------------
[2025-02-21T11:35:49.426+0000] {spark_submit.py:641} INFO - :: retrieving :: org.apache.spark#spark-submit-parent-5157041d-4e8d-4d07-8bba-2dce66ed28c2
[2025-02-21T11:35:49.428+0000] {spark_submit.py:641} INFO - confs: [default]
[2025-02-21T11:35:49.429+0000] {spark_submit.py:641} INFO - 0 artifacts copied, 2 already retrieved (0kB/5ms)
[2025-02-21T11:35:49.661+0000] {spark_submit.py:641} INFO - 25/02/21 11:35:49 WARN NativeCodeLoader: Unable to load native-hadoop library for your platform... using builtin-java classes where applicable
[2025-02-21T11:35:50.619+0000] {spark_submit.py:641} INFO - 25/02/21 11:35:50 INFO SparkContext: Running Spark version 3.3.2
[2025-02-21T11:35:50.641+0000] {spark_submit.py:641} INFO - 25/02/21 11:35:50 INFO ResourceUtils: ==============================================================
[2025-02-21T11:35:50.643+0000] {spark_submit.py:641} INFO - 25/02/21 11:35:50 INFO ResourceUtils: No custom resources configured for spark.driver.
[2025-02-21T11:35:50.644+0000] {spark_submit.py:641} INFO - 25/02/21 11:35:50 INFO ResourceUtils: ==============================================================
[2025-02-21T11:35:50.646+0000] {spark_submit.py:641} INFO - 25/02/21 11:35:50 INFO SparkContext: Submitted application: ***_load
[2025-02-21T11:35:50.663+0000] {spark_submit.py:641} INFO - 25/02/21 11:35:50 INFO ResourceProfile: Default ResourceProfile created, executor resources: Map(cores -> name: cores, amount: 1, script: , vendor: , memory -> name: memory, amount: 1024, script: , vendor: , offHeap -> name: offHeap, amount: 0, script: , vendor: ), task resources: Map(cpus -> name: cpus, amount: 1.0)
[2025-02-21T11:35:50.672+0000] {spark_submit.py:641} INFO - 25/02/21 11:35:50 INFO ResourceProfile: Limiting resource is cpu
[2025-02-21T11:35:50.674+0000] {spark_submit.py:641} INFO - 25/02/21 11:35:50 INFO ResourceProfileManager: Added ResourceProfile id: 0
[2025-02-21T11:35:50.714+0000] {spark_submit.py:641} INFO - 25/02/21 11:35:50 INFO SecurityManager: Changing view acls to: airflow
[2025-02-21T11:35:50.715+0000] {spark_submit.py:641} INFO - 25/02/21 11:35:50 INFO SecurityManager: Changing modify acls to: airflow
[2025-02-21T11:35:50.717+0000] {spark_submit.py:641} INFO - 25/02/21 11:35:50 INFO SecurityManager: Changing view acls groups to:
[2025-02-21T11:35:50.718+0000] {spark_submit.py:641} INFO - 25/02/21 11:35:50 INFO SecurityManager: Changing modify acls groups to:
[2025-02-21T11:35:50.720+0000] {spark_submit.py:641} INFO - 25/02/21 11:35:50 INFO SecurityManager: SecurityManager: authentication disabled; ui acls disabled; users  with view permissions: Set(airflow); groups with view permissions: Set(); users  with modify permissions: Set(airflow); groups with modify permissions: Set()
[2025-02-21T11:35:50.938+0000] {spark_submit.py:641} INFO - 25/02/21 11:35:50 INFO Utils: Successfully started service 'sparkDriver' on port 41465.
[2025-02-21T11:35:50.964+0000] {spark_submit.py:641} INFO - 25/02/21 11:35:50 INFO SparkEnv: Registering MapOutputTracker
[2025-02-21T11:35:51.007+0000] {spark_submit.py:641} INFO - 25/02/21 11:35:51 INFO SparkEnv: Registering BlockManagerMaster
[2025-02-21T11:35:51.034+0000] {spark_submit.py:641} INFO - 25/02/21 11:35:51 INFO BlockManagerMasterEndpoint: Using org.apache.spark.storage.DefaultTopologyMapper for getting topology information
[2025-02-21T11:35:51.035+0000] {spark_submit.py:641} INFO - 25/02/21 11:35:51 INFO BlockManagerMasterEndpoint: BlockManagerMasterEndpoint up
[2025-02-21T11:35:51.042+0000] {spark_submit.py:641} INFO - 25/02/21 11:35:51 INFO SparkEnv: Registering BlockManagerMasterHeartbeat
[2025-02-21T11:35:51.068+0000] {spark_submit.py:641} INFO - 25/02/21 11:35:51 INFO DiskBlockManager: Created local directory at /tmp/blockmgr-530d220b-b5cf-4a16-b319-ca6dcecd3fe9
[2025-02-21T11:35:51.091+0000] {spark_submit.py:641} INFO - 25/02/21 11:35:51 INFO MemoryStore: MemoryStore started with capacity 434.4 MiB
[2025-02-21T11:35:51.114+0000] {spark_submit.py:641} INFO - 25/02/21 11:35:51 INFO SparkEnv: Registering OutputCommitCoordinator
[2025-02-21T11:35:51.309+0000] {spark_submit.py:641} INFO - 25/02/21 11:35:51 INFO Utils: Successfully started service 'SparkUI' on port 4040.
[2025-02-21T11:35:51.343+0000] {spark_submit.py:641} INFO - 25/02/21 11:35:51 INFO SparkContext: Added JAR file:///home/airflow/.ivy2/jars/org.postgresql_postgresql-42.2.18.jar at spark://***-airflow-scheduler:41465/jars/org.postgresql_postgresql-42.2.18.jar with timestamp 1740137750611
[2025-02-21T11:35:51.346+0000] {spark_submit.py:641} INFO - 25/02/21 11:35:51 INFO SparkContext: Added JAR file:///home/airflow/.ivy2/jars/org.checkerframework_checker-qual-3.5.0.jar at spark://***-airflow-scheduler:41465/jars/org.checkerframework_checker-qual-3.5.0.jar with timestamp 1740137750611
[2025-02-21T11:35:51.347+0000] {spark_submit.py:641} INFO - 25/02/21 11:35:51 INFO SparkContext: Added file file:///home/airflow/.ivy2/jars/org.postgresql_postgresql-42.2.18.jar at file:///home/airflow/.ivy2/jars/org.postgresql_postgresql-42.2.18.jar with timestamp 1740137750611
[2025-02-21T11:35:51.350+0000] {spark_submit.py:641} INFO - 25/02/21 11:35:51 INFO Utils: Copying /home/airflow/.ivy2/jars/org.postgresql_postgresql-42.2.18.jar to /tmp/spark-c8e3170a-586e-4d9e-9d85-fefed0e5d411/userFiles-9a8a9cc1-75c1-4887-8855-29dd32c20a2c/org.postgresql_postgresql-42.2.18.jar
[2025-02-21T11:35:51.359+0000] {spark_submit.py:641} INFO - 25/02/21 11:35:51 INFO SparkContext: Added file file:///home/airflow/.ivy2/jars/org.checkerframework_checker-qual-3.5.0.jar at file:///home/airflow/.ivy2/jars/org.checkerframework_checker-qual-3.5.0.jar with timestamp 1740137750611
[2025-02-21T11:35:51.361+0000] {spark_submit.py:641} INFO - 25/02/21 11:35:51 INFO Utils: Copying /home/airflow/.ivy2/jars/org.checkerframework_checker-qual-3.5.0.jar to /tmp/spark-c8e3170a-586e-4d9e-9d85-fefed0e5d411/userFiles-9a8a9cc1-75c1-4887-8855-29dd32c20a2c/org.checkerframework_checker-qual-3.5.0.jar
[2025-02-21T11:35:51.430+0000] {spark_submit.py:641} INFO - 25/02/21 11:35:51 INFO Executor: Starting executor ID driver on host ***-airflow-scheduler
[2025-02-21T11:35:51.436+0000] {spark_submit.py:641} INFO - 25/02/21 11:35:51 INFO Executor: Starting executor with user classpath (userClassPathFirst = false): ''
[2025-02-21T11:35:51.448+0000] {spark_submit.py:641} INFO - 25/02/21 11:35:51 INFO Executor: Fetching file:///home/airflow/.ivy2/jars/org.postgresql_postgresql-42.2.18.jar with timestamp 1740137750611
[2025-02-21T11:35:51.473+0000] {spark_submit.py:641} INFO - 25/02/21 11:35:51 INFO Utils: /home/airflow/.ivy2/jars/org.postgresql_postgresql-42.2.18.jar has been previously copied to /tmp/spark-c8e3170a-586e-4d9e-9d85-fefed0e5d411/userFiles-9a8a9cc1-75c1-4887-8855-29dd32c20a2c/org.postgresql_postgresql-42.2.18.jar
[2025-02-21T11:35:51.479+0000] {spark_submit.py:641} INFO - 25/02/21 11:35:51 INFO Executor: Fetching file:///home/airflow/.ivy2/jars/org.checkerframework_checker-qual-3.5.0.jar with timestamp 1740137750611
[2025-02-21T11:35:51.481+0000] {spark_submit.py:641} INFO - 25/02/21 11:35:51 INFO Utils: /home/airflow/.ivy2/jars/org.checkerframework_checker-qual-3.5.0.jar has been previously copied to /tmp/spark-c8e3170a-586e-4d9e-9d85-fefed0e5d411/userFiles-9a8a9cc1-75c1-4887-8855-29dd32c20a2c/org.checkerframework_checker-qual-3.5.0.jar
[2025-02-21T11:35:51.486+0000] {spark_submit.py:641} INFO - 25/02/21 11:35:51 INFO Executor: Fetching spark://***-airflow-scheduler:41465/jars/org.postgresql_postgresql-42.2.18.jar with timestamp 1740137750611
[2025-02-21T11:35:51.532+0000] {spark_submit.py:641} INFO - 25/02/21 11:35:51 INFO TransportClientFactory: Successfully created connection to ***-airflow-scheduler/172.19.0.5:41465 after 33 ms (0 ms spent in bootstraps)
[2025-02-21T11:35:51.536+0000] {spark_submit.py:641} INFO - 25/02/21 11:35:51 INFO Utils: Fetching spark://***-airflow-scheduler:41465/jars/org.postgresql_postgresql-42.2.18.jar to /tmp/spark-c8e3170a-586e-4d9e-9d85-fefed0e5d411/userFiles-9a8a9cc1-75c1-4887-8855-29dd32c20a2c/fetchFileTemp10016562333834600258.tmp
[2025-02-21T11:35:51.585+0000] {spark_submit.py:641} INFO - 25/02/21 11:35:51 INFO Utils: /tmp/spark-c8e3170a-586e-4d9e-9d85-fefed0e5d411/userFiles-9a8a9cc1-75c1-4887-8855-29dd32c20a2c/fetchFileTemp10016562333834600258.tmp has been previously copied to /tmp/spark-c8e3170a-586e-4d9e-9d85-fefed0e5d411/userFiles-9a8a9cc1-75c1-4887-8855-29dd32c20a2c/org.postgresql_postgresql-42.2.18.jar
[2025-02-21T11:35:51.592+0000] {spark_submit.py:641} INFO - 25/02/21 11:35:51 INFO Executor: Adding file:/tmp/spark-c8e3170a-586e-4d9e-9d85-fefed0e5d411/userFiles-9a8a9cc1-75c1-4887-8855-29dd32c20a2c/org.postgresql_postgresql-42.2.18.jar to class loader
[2025-02-21T11:35:51.593+0000] {spark_submit.py:641} INFO - 25/02/21 11:35:51 INFO Executor: Fetching spark://***-airflow-scheduler:41465/jars/org.checkerframework_checker-qual-3.5.0.jar with timestamp 1740137750611
[2025-02-21T11:35:51.594+0000] {spark_submit.py:641} INFO - 25/02/21 11:35:51 INFO Utils: Fetching spark://***-airflow-scheduler:41465/jars/org.checkerframework_checker-qual-3.5.0.jar to /tmp/spark-c8e3170a-586e-4d9e-9d85-fefed0e5d411/userFiles-9a8a9cc1-75c1-4887-8855-29dd32c20a2c/fetchFileTemp17664609603656057855.tmp
[2025-02-21T11:35:51.599+0000] {spark_submit.py:641} INFO - 25/02/21 11:35:51 INFO Utils: /tmp/spark-c8e3170a-586e-4d9e-9d85-fefed0e5d411/userFiles-9a8a9cc1-75c1-4887-8855-29dd32c20a2c/fetchFileTemp17664609603656057855.tmp has been previously copied to /tmp/spark-c8e3170a-586e-4d9e-9d85-fefed0e5d411/userFiles-9a8a9cc1-75c1-4887-8855-29dd32c20a2c/org.checkerframework_checker-qual-3.5.0.jar
[2025-02-21T11:35:51.611+0000] {spark_submit.py:641} INFO - 25/02/21 11:35:51 INFO Executor: Adding file:/tmp/spark-c8e3170a-586e-4d9e-9d85-fefed0e5d411/userFiles-9a8a9cc1-75c1-4887-8855-29dd32c20a2c/org.checkerframework_checker-qual-3.5.0.jar to class loader
[2025-02-21T11:35:51.617+0000] {spark_submit.py:641} INFO - 25/02/21 11:35:51 INFO Utils: Successfully started service 'org.apache.spark.network.netty.NettyBlockTransferService' on port 39533.
[2025-02-21T11:35:51.618+0000] {spark_submit.py:641} INFO - 25/02/21 11:35:51 INFO NettyBlockTransferService: Server created on ***-airflow-scheduler:39533
[2025-02-21T11:35:51.621+0000] {spark_submit.py:641} INFO - 25/02/21 11:35:51 INFO BlockManager: Using org.apache.spark.storage.RandomBlockReplicationPolicy for block replication policy
[2025-02-21T11:35:51.626+0000] {spark_submit.py:641} INFO - 25/02/21 11:35:51 INFO BlockManagerMaster: Registering BlockManager BlockManagerId(driver, ***-airflow-scheduler, 39533, None)
[2025-02-21T11:35:51.630+0000] {spark_submit.py:641} INFO - 25/02/21 11:35:51 INFO BlockManagerMasterEndpoint: Registering block manager ***-airflow-scheduler:39533 with 434.4 MiB RAM, BlockManagerId(driver, ***-airflow-scheduler, 39533, None)
[2025-02-21T11:35:51.632+0000] {spark_submit.py:641} INFO - 25/02/21 11:35:51 INFO BlockManagerMaster: Registered BlockManager BlockManagerId(driver, ***-airflow-scheduler, 39533, None)
[2025-02-21T11:35:51.634+0000] {spark_submit.py:641} INFO - 25/02/21 11:35:51 INFO BlockManager: Initialized BlockManager: BlockManagerId(driver, ***-airflow-scheduler, 39533, None)
[2025-02-21T11:35:58.049+0000] {spark_submit.py:641} INFO - ---------------- MENAMPILKAN DATA HASIL LOAD KE POSTGRES ----------------
[2025-02-21T11:35:58.374+0000] {spark_submit.py:641} INFO - +-----------+-----------------+---------+---------------+------+-------------------+---------------+---+--------------------+-----------------+---------------------+----------+------------------+
[2025-02-21T11:35:58.376+0000] {spark_submit.py:641} INFO - |employee_id|       department|   region|      education|gender|recruitment_channel|no_of_trainings|age|previous_year_rating|length_of_service|KPIs_met_more_than_80|awards_won|avg_training_score|
[2025-02-21T11:35:58.378+0000] {spark_submit.py:641} INFO - +-----------+-----------------+---------+---------------+------+-------------------+---------------+---+--------------------+-----------------+---------------------+----------+------------------+
[2025-02-21T11:35:58.379+0000] {spark_submit.py:641} INFO - |          3|      Procurement|region_22|Masters & above|     f|              other|              1| 38|                   5|                4|                    1|         0|                67|
[2025-02-21T11:35:58.380+0000] {spark_submit.py:641} INFO - |          6|Sales & Marketing|region_15|      Bachelors|     f|              other|              1| 38|                   3|               10|                    0|         0|                50|
[2025-02-21T11:35:58.381+0000] {spark_submit.py:641} INFO - |         11|       Technology| region_4|Masters & above|     f|           sourcing|              1| 39|                   4|               12|                    1|         0|                72|
[2025-02-21T11:35:58.383+0000] {spark_submit.py:641} INFO - |         13|Sales & Marketing|region_17|      Bachelors|     m|              other|              1| 38|                   1|                5|                    1|         0|                47|
[2025-02-21T11:35:58.384+0000] {spark_submit.py:641} INFO - |         16|Sales & Marketing| region_4|Masters & above|     m|           sourcing|              1| 40|                   5|                5|                    0|         0|                53|
[2025-02-21T11:35:58.385+0000] {spark_submit.py:641} INFO - |         17|Sales & Marketing| region_7|      Bachelors|     m|           sourcing|              1| 50|                   5|               13|                    0|         0|                47|
[2025-02-21T11:35:58.387+0000] {spark_submit.py:641} INFO - |         19|               HR| region_2|Masters & above|     f|              other|              1| 50|                   4|                7|                    1|         0|                45|
[2025-02-21T11:35:58.389+0000] {spark_submit.py:641} INFO - |         20|        Analytics|region_21|      Bachelors|     m|           sourcing|              1| 27|                   0|                1|                    1|         0|                89|
[2025-02-21T11:35:58.391+0000] {spark_submit.py:641} INFO - |         21|        Analytics| region_8|      Bachelors|     m|           sourcing|              2| 28|                   2|                3|                    1|         0|                85|
[2025-02-21T11:35:58.392+0000] {spark_submit.py:641} INFO - |         22|       Technology| region_2|Masters & above|     f|              other|              1| 57|                   4|               18|                    1|         0|                77|
[2025-02-21T11:35:58.394+0000] {spark_submit.py:641} INFO - |         23|Sales & Marketing|region_16|      Bachelors|     f|           sourcing|              1| 42|                   1|                3|                    0|         0|                46|
[2025-02-21T11:35:58.395+0000] {spark_submit.py:641} INFO - |         24|               HR|region_28|Masters & above|     f|              other|              1| 32|                   1|                5|                    1|         0|                51|
[2025-02-21T11:35:58.396+0000] {spark_submit.py:641} INFO - |         27|Sales & Marketing|region_16|      Bachelors|     m|           sourcing|              1| 29|                   2|                6|                    0|         0|                51|
[2025-02-21T11:35:58.398+0000] {spark_submit.py:641} INFO - |         29|        Analytics| region_7|      Bachelors|     m|              other|              1| 28|                   0|                1|                    1|         0|                85|
[2025-02-21T11:35:58.399+0000] {spark_submit.py:641} INFO - |         31|Sales & Marketing|region_15|      Bachelors|     f|              other|              1| 29|                   3|                5|                    1|         0|                49|
[2025-02-21T11:35:58.400+0000] {spark_submit.py:641} INFO - |         40|       Operations| region_7|Masters & above|     f|              other|              1| 34|                   1|                4|                    0|         0|                65|
[2025-02-21T11:35:58.401+0000] {spark_submit.py:641} INFO - |         50|Sales & Marketing|region_19|      Bachelors|     m|              other|              1| 32|                   1|                3|                    0|         0|                48|
[2025-02-21T11:35:58.403+0000] {spark_submit.py:641} INFO - |         55|       Operations|region_19|Masters & above|     f|           sourcing|              1| 33|                   5|                3|                    0|         0|                61|
[2025-02-21T11:35:58.405+0000] {spark_submit.py:641} INFO - |         63|Sales & Marketing| region_8|Masters & above|     m|           sourcing|              1| 35|                   5|                8|                    0|         0|                52|
[2025-02-21T11:35:58.406+0000] {spark_submit.py:641} INFO - |         64|        Analytics| region_4|      Bachelors|     m|              other|              1| 42|                   5|               11|                    1|         0|                80|
[2025-02-21T11:35:58.407+0000] {spark_submit.py:641} INFO - +-----------+-----------------+---------+---------------+------+-------------------+---------------+---+--------------------+-----------------+---------------------+----------+------------------+
[2025-02-21T11:35:58.409+0000] {spark_submit.py:641} INFO - only showing top 20 rows
[2025-02-21T11:35:58.410+0000] {spark_submit.py:641} INFO - 
[2025-02-21T11:35:58.855+0000] {spark_submit.py:641} INFO - Jumlah baris dalam DataFrame: 17415
[2025-02-21T11:35:58.856+0000] {spark_submit.py:641} INFO - Load data berhasil.
[2025-02-21T11:35:59.363+0000] {taskinstance.py:341} INFO - ::group::Post task execution logs
[2025-02-21T11:35:59.365+0000] {taskinstance.py:353} INFO - Marking task as SUCCESS. dag_id=***_v2_etl_dag, task_id=load_task, run_id=manual__2025-02-21T11:35:16.841697+00:00, execution_date=20250221T113516, start_date=20250221T113547, end_date=20250221T113559
[2025-02-21T11:35:59.405+0000] {local_task_job_runner.py:266} INFO - Task exited with return code 0
[2025-02-21T11:35:59.428+0000] {taskinstance.py:3901} INFO - 0 downstream tasks scheduled from follow-on schedule check
[2025-02-21T11:35:59.432+0000] {local_task_job_runner.py:245} INFO - ::endgroup::
