[2025-02-21T11:26:16.559+0000] {local_task_job_runner.py:123} INFO - ::group::Pre task execution logs
[2025-02-21T11:26:16.588+0000] {taskinstance.py:2614} INFO - Dependencies all met for dep_context=non-requeueable deps ti=<TaskInstance: finprode8_v2_etl_dag.transform_task manual__2025-02-21T11:26:01.836392+00:00 [queued]>
[2025-02-21T11:26:16.601+0000] {taskinstance.py:2614} INFO - Dependencies all met for dep_context=requeueable deps ti=<TaskInstance: finprode8_v2_etl_dag.transform_task manual__2025-02-21T11:26:01.836392+00:00 [queued]>
[2025-02-21T11:26:16.603+0000] {taskinstance.py:2867} INFO - Starting attempt 1 of 1
[2025-02-21T11:26:16.618+0000] {taskinstance.py:2890} INFO - Executing <Task(SparkSubmitOperator): transform_task> on 2025-02-21 11:26:01.836392+00:00
[2025-02-21T11:26:16.626+0000] {standard_task_runner.py:72} INFO - Started process 1051 to run task
[2025-02-21T11:26:16.630+0000] {standard_task_runner.py:104} INFO - Running: ['airflow', 'tasks', 'run', '***_v2_etl_dag', 'transform_task', 'manual__2025-02-21T11:26:01.836392+00:00', '--job-id', '6', '--raw', '--subdir', 'DAGS_FOLDER/***_v2_etl_dag.py', '--cfg-path', '/tmp/tmpevu_2o_k']
[2025-02-21T11:26:16.633+0000] {standard_task_runner.py:105} INFO - Job 6: Subtask transform_task
[2025-02-21T11:26:16.652+0000] {logging_mixin.py:190} WARNING - /home/airflow/.local/lib/python3.9/site-packages/airflow/settings.py:209 DeprecationWarning: The sql_alchemy_conn option in [core] has been moved to the sql_alchemy_conn option in [database] - the old setting has been used, but please update your config.
[2025-02-21T11:26:16.698+0000] {task_command.py:467} INFO - Running <TaskInstance: finprode8_v2_etl_dag.transform_task manual__2025-02-21T11:26:01.836392+00:00 [running]> on host ***-airflow-scheduler
[2025-02-21T11:26:16.833+0000] {taskinstance.py:3134} INFO - Exporting env vars: AIRFLOW_CTX_DAG_OWNER='ratih malini' AIRFLOW_CTX_DAG_ID='***_v2_etl_dag' AIRFLOW_CTX_TASK_ID='transform_task' AIRFLOW_CTX_EXECUTION_DATE='2025-02-21T11:26:01.836392+00:00' AIRFLOW_CTX_TRY_NUMBER='1' AIRFLOW_CTX_DAG_RUN_ID='manual__2025-02-21T11:26:01.836392+00:00'
[2025-02-21T11:26:16.836+0000] {taskinstance.py:732} INFO - ::endgroup::
[2025-02-21T11:26:16.906+0000] {base.py:84} INFO - Retrieving connection 'spark_main'
[2025-02-21T11:26:16.915+0000] {spark_submit.py:474} INFO - Spark-Submit cmd: spark-submit --master spark://***-spark-master:7077 --packages org.postgresql:postgresql:42.2.18 --name arrow-spark /spark-scripts/***_v2_transform.py
[2025-02-21T11:26:18.562+0000] {spark_submit.py:641} INFO - :: loading settings :: url = jar:file:/home/airflow/.local/lib/python3.9/site-packages/pyspark/jars/ivy-2.5.1.jar!/org/apache/ivy/core/settings/ivysettings.xml
[2025-02-21T11:26:18.674+0000] {spark_submit.py:641} INFO - Ivy Default Cache set to: /home/airflow/.ivy2/cache
[2025-02-21T11:26:18.676+0000] {spark_submit.py:641} INFO - The jars for the packages stored in: /home/airflow/.ivy2/jars
[2025-02-21T11:26:18.680+0000] {spark_submit.py:641} INFO - org.postgresql#postgresql added as a dependency
[2025-02-21T11:26:18.681+0000] {spark_submit.py:641} INFO - :: resolving dependencies :: org.apache.spark#spark-submit-parent-2224b06d-7a61-4e36-a40b-b3789b57e647;1.0
[2025-02-21T11:26:18.684+0000] {spark_submit.py:641} INFO - confs: [default]
[2025-02-21T11:26:18.788+0000] {spark_submit.py:641} INFO - found org.postgresql#postgresql;42.2.18 in central
[2025-02-21T11:26:18.812+0000] {spark_submit.py:641} INFO - found org.checkerframework#checker-qual;3.5.0 in central
[2025-02-21T11:26:18.830+0000] {spark_submit.py:641} INFO - :: resolution report :: resolve 143ms :: artifacts dl 7ms
[2025-02-21T11:26:18.832+0000] {spark_submit.py:641} INFO - :: modules in use:
[2025-02-21T11:26:18.833+0000] {spark_submit.py:641} INFO - org.checkerframework#checker-qual;3.5.0 from central in [default]
[2025-02-21T11:26:18.835+0000] {spark_submit.py:641} INFO - org.postgresql#postgresql;42.2.18 from central in [default]
[2025-02-21T11:26:18.836+0000] {spark_submit.py:641} INFO - ---------------------------------------------------------------------
[2025-02-21T11:26:18.838+0000] {spark_submit.py:641} INFO - |                  |            modules            ||   artifacts   |
[2025-02-21T11:26:18.840+0000] {spark_submit.py:641} INFO - |       conf       | number| search|dwnlded|evicted|| number|dwnlded|
[2025-02-21T11:26:18.842+0000] {spark_submit.py:641} INFO - ---------------------------------------------------------------------
[2025-02-21T11:26:18.844+0000] {spark_submit.py:641} INFO - |      default     |   2   |   0   |   0   |   0   ||   2   |   0   |
[2025-02-21T11:26:18.845+0000] {spark_submit.py:641} INFO - ---------------------------------------------------------------------
[2025-02-21T11:26:18.847+0000] {spark_submit.py:641} INFO - :: retrieving :: org.apache.spark#spark-submit-parent-2224b06d-7a61-4e36-a40b-b3789b57e647
[2025-02-21T11:26:18.849+0000] {spark_submit.py:641} INFO - confs: [default]
[2025-02-21T11:26:18.851+0000] {spark_submit.py:641} INFO - 0 artifacts copied, 2 already retrieved (0kB/8ms)
[2025-02-21T11:26:19.087+0000] {spark_submit.py:641} INFO - 25/02/21 11:26:19 WARN NativeCodeLoader: Unable to load native-hadoop library for your platform... using builtin-java classes where applicable
[2025-02-21T11:26:20.280+0000] {spark_submit.py:641} INFO - 25/02/21 11:26:20 INFO SparkContext: Running Spark version 3.3.2
[2025-02-21T11:26:20.301+0000] {spark_submit.py:641} INFO - 25/02/21 11:26:20 INFO ResourceUtils: ==============================================================
[2025-02-21T11:26:20.303+0000] {spark_submit.py:641} INFO - 25/02/21 11:26:20 INFO ResourceUtils: No custom resources configured for spark.driver.
[2025-02-21T11:26:20.305+0000] {spark_submit.py:641} INFO - 25/02/21 11:26:20 INFO ResourceUtils: ==============================================================
[2025-02-21T11:26:20.306+0000] {spark_submit.py:641} INFO - 25/02/21 11:26:20 INFO SparkContext: Submitted application: ***_transform
[2025-02-21T11:26:20.321+0000] {spark_submit.py:641} INFO - 25/02/21 11:26:20 INFO ResourceProfile: Default ResourceProfile created, executor resources: Map(cores -> name: cores, amount: 1, script: , vendor: , memory -> name: memory, amount: 1024, script: , vendor: , offHeap -> name: offHeap, amount: 0, script: , vendor: ), task resources: Map(cpus -> name: cpus, amount: 1.0)
[2025-02-21T11:26:20.330+0000] {spark_submit.py:641} INFO - 25/02/21 11:26:20 INFO ResourceProfile: Limiting resource is cpu
[2025-02-21T11:26:20.332+0000] {spark_submit.py:641} INFO - 25/02/21 11:26:20 INFO ResourceProfileManager: Added ResourceProfile id: 0
[2025-02-21T11:26:20.371+0000] {spark_submit.py:641} INFO - 25/02/21 11:26:20 INFO SecurityManager: Changing view acls to: airflow
[2025-02-21T11:26:20.373+0000] {spark_submit.py:641} INFO - 25/02/21 11:26:20 INFO SecurityManager: Changing modify acls to: airflow
[2025-02-21T11:26:20.375+0000] {spark_submit.py:641} INFO - 25/02/21 11:26:20 INFO SecurityManager: Changing view acls groups to:
[2025-02-21T11:26:20.376+0000] {spark_submit.py:641} INFO - 25/02/21 11:26:20 INFO SecurityManager: Changing modify acls groups to:
[2025-02-21T11:26:20.378+0000] {spark_submit.py:641} INFO - 25/02/21 11:26:20 INFO SecurityManager: SecurityManager: authentication disabled; ui acls disabled; users  with view permissions: Set(airflow); groups with view permissions: Set(); users  with modify permissions: Set(airflow); groups with modify permissions: Set()
[2025-02-21T11:26:20.594+0000] {spark_submit.py:641} INFO - 25/02/21 11:26:20 INFO Utils: Successfully started service 'sparkDriver' on port 39495.
[2025-02-21T11:26:20.623+0000] {spark_submit.py:641} INFO - 25/02/21 11:26:20 INFO SparkEnv: Registering MapOutputTracker
[2025-02-21T11:26:20.652+0000] {spark_submit.py:641} INFO - 25/02/21 11:26:20 INFO SparkEnv: Registering BlockManagerMaster
[2025-02-21T11:26:20.673+0000] {spark_submit.py:641} INFO - 25/02/21 11:26:20 INFO BlockManagerMasterEndpoint: Using org.apache.spark.storage.DefaultTopologyMapper for getting topology information
[2025-02-21T11:26:20.674+0000] {spark_submit.py:641} INFO - 25/02/21 11:26:20 INFO BlockManagerMasterEndpoint: BlockManagerMasterEndpoint up
[2025-02-21T11:26:20.683+0000] {spark_submit.py:641} INFO - 25/02/21 11:26:20 INFO SparkEnv: Registering BlockManagerMasterHeartbeat
[2025-02-21T11:26:20.699+0000] {spark_submit.py:641} INFO - 25/02/21 11:26:20 INFO DiskBlockManager: Created local directory at /tmp/blockmgr-fa1c403e-ebe2-4739-8ef7-14cb76f8f6e6
[2025-02-21T11:26:20.713+0000] {spark_submit.py:641} INFO - 25/02/21 11:26:20 INFO MemoryStore: MemoryStore started with capacity 434.4 MiB
[2025-02-21T11:26:20.728+0000] {spark_submit.py:641} INFO - 25/02/21 11:26:20 INFO SparkEnv: Registering OutputCommitCoordinator
[2025-02-21T11:26:20.902+0000] {spark_submit.py:641} INFO - 25/02/21 11:26:20 INFO Utils: Successfully started service 'SparkUI' on port 4040.
[2025-02-21T11:26:20.957+0000] {spark_submit.py:641} INFO - 25/02/21 11:26:20 INFO SparkContext: Added JAR /spark-scripts/jars/postgresql-42.2.18.jar at spark://***-airflow-scheduler:39495/jars/postgresql-42.2.18.jar with timestamp 1740137180272
[2025-02-21T11:26:20.959+0000] {spark_submit.py:641} INFO - 25/02/21 11:26:20 INFO SparkContext: Added file file:///home/airflow/.ivy2/jars/org.postgresql_postgresql-42.2.18.jar at file:///home/airflow/.ivy2/jars/org.postgresql_postgresql-42.2.18.jar with timestamp 1740137180272
[2025-02-21T11:26:20.961+0000] {spark_submit.py:641} INFO - 25/02/21 11:26:20 INFO Utils: Copying /home/airflow/.ivy2/jars/org.postgresql_postgresql-42.2.18.jar to /tmp/spark-2c2347dc-dcde-45f4-b660-ae508dd2beec/userFiles-73ef24aa-9048-4cfc-a604-6aa21d5b2799/org.postgresql_postgresql-42.2.18.jar
[2025-02-21T11:26:20.973+0000] {spark_submit.py:641} INFO - 25/02/21 11:26:20 INFO SparkContext: Added file file:///home/airflow/.ivy2/jars/org.checkerframework_checker-qual-3.5.0.jar at file:///home/airflow/.ivy2/jars/org.checkerframework_checker-qual-3.5.0.jar with timestamp 1740137180272
[2025-02-21T11:26:20.975+0000] {spark_submit.py:641} INFO - 25/02/21 11:26:20 INFO Utils: Copying /home/airflow/.ivy2/jars/org.checkerframework_checker-qual-3.5.0.jar to /tmp/spark-2c2347dc-dcde-45f4-b660-ae508dd2beec/userFiles-73ef24aa-9048-4cfc-a604-6aa21d5b2799/org.checkerframework_checker-qual-3.5.0.jar
[2025-02-21T11:26:21.054+0000] {spark_submit.py:641} INFO - 25/02/21 11:26:21 INFO Executor: Starting executor ID driver on host ***-airflow-scheduler
[2025-02-21T11:26:21.062+0000] {spark_submit.py:641} INFO - 25/02/21 11:26:21 INFO Executor: Starting executor with user classpath (userClassPathFirst = false): ''
[2025-02-21T11:26:21.080+0000] {spark_submit.py:641} INFO - 25/02/21 11:26:21 INFO Executor: Fetching file:///home/airflow/.ivy2/jars/org.postgresql_postgresql-42.2.18.jar with timestamp 1740137180272
[2025-02-21T11:26:21.104+0000] {spark_submit.py:641} INFO - 25/02/21 11:26:21 INFO Utils: /home/airflow/.ivy2/jars/org.postgresql_postgresql-42.2.18.jar has been previously copied to /tmp/spark-2c2347dc-dcde-45f4-b660-ae508dd2beec/userFiles-73ef24aa-9048-4cfc-a604-6aa21d5b2799/org.postgresql_postgresql-42.2.18.jar
[2025-02-21T11:26:21.111+0000] {spark_submit.py:641} INFO - 25/02/21 11:26:21 INFO Executor: Fetching file:///home/airflow/.ivy2/jars/org.checkerframework_checker-qual-3.5.0.jar with timestamp 1740137180272
[2025-02-21T11:26:21.112+0000] {spark_submit.py:641} INFO - 25/02/21 11:26:21 INFO Utils: /home/airflow/.ivy2/jars/org.checkerframework_checker-qual-3.5.0.jar has been previously copied to /tmp/spark-2c2347dc-dcde-45f4-b660-ae508dd2beec/userFiles-73ef24aa-9048-4cfc-a604-6aa21d5b2799/org.checkerframework_checker-qual-3.5.0.jar
[2025-02-21T11:26:21.117+0000] {spark_submit.py:641} INFO - 25/02/21 11:26:21 INFO Executor: Fetching spark://***-airflow-scheduler:39495/jars/postgresql-42.2.18.jar with timestamp 1740137180272
[2025-02-21T11:26:21.152+0000] {spark_submit.py:641} INFO - 25/02/21 11:26:21 INFO TransportClientFactory: Successfully created connection to ***-airflow-scheduler/172.19.0.5:39495 after 22 ms (0 ms spent in bootstraps)
[2025-02-21T11:26:21.158+0000] {spark_submit.py:641} INFO - 25/02/21 11:26:21 INFO Utils: Fetching spark://***-airflow-scheduler:39495/jars/postgresql-42.2.18.jar to /tmp/spark-2c2347dc-dcde-45f4-b660-ae508dd2beec/userFiles-73ef24aa-9048-4cfc-a604-6aa21d5b2799/fetchFileTemp1044072818315282919.tmp
[2025-02-21T11:26:21.220+0000] {spark_submit.py:641} INFO - 25/02/21 11:26:21 INFO Executor: Adding file:/tmp/spark-2c2347dc-dcde-45f4-b660-ae508dd2beec/userFiles-73ef24aa-9048-4cfc-a604-6aa21d5b2799/postgresql-42.2.18.jar to class loader
[2025-02-21T11:26:21.227+0000] {spark_submit.py:641} INFO - 25/02/21 11:26:21 INFO Utils: Successfully started service 'org.apache.spark.network.netty.NettyBlockTransferService' on port 36221.
[2025-02-21T11:26:21.229+0000] {spark_submit.py:641} INFO - 25/02/21 11:26:21 INFO NettyBlockTransferService: Server created on ***-airflow-scheduler:36221
[2025-02-21T11:26:21.232+0000] {spark_submit.py:641} INFO - 25/02/21 11:26:21 INFO BlockManager: Using org.apache.spark.storage.RandomBlockReplicationPolicy for block replication policy
[2025-02-21T11:26:21.236+0000] {spark_submit.py:641} INFO - 25/02/21 11:26:21 INFO BlockManagerMaster: Registering BlockManager BlockManagerId(driver, ***-airflow-scheduler, 36221, None)
[2025-02-21T11:26:21.240+0000] {spark_submit.py:641} INFO - 25/02/21 11:26:21 INFO BlockManagerMasterEndpoint: Registering block manager ***-airflow-scheduler:36221 with 434.4 MiB RAM, BlockManagerId(driver, ***-airflow-scheduler, 36221, None)
[2025-02-21T11:26:21.242+0000] {spark_submit.py:641} INFO - 25/02/21 11:26:21 INFO BlockManagerMaster: Registered BlockManager BlockManagerId(driver, ***-airflow-scheduler, 36221, None)
[2025-02-21T11:26:21.244+0000] {spark_submit.py:641} INFO - 25/02/21 11:26:21 INFO BlockManager: Initialized BlockManager: BlockManagerId(driver, ***-airflow-scheduler, 36221, None)
[2025-02-21T11:26:24.334+0000] {spark_submit.py:641} INFO - ---------------- MENAMPILKAN BANYAK DATA NULL DI SETIAP KOLOM ----------------
[2025-02-21T11:26:26.131+0000] {spark_submit.py:641} INFO - +----------------+---------------+-----------+--------------+-----------+------------------------+--------------------+--------+-------------------------+----------------------+--------------------------+---------------+-----------------------+
[2025-02-21T11:26:26.133+0000] {spark_submit.py:641} INFO - |employee_id_null|department_null|region_null|education_null|gender_null|recruitment_channel_null|no_of_trainings_null|age_null|previous_year_rating_null|length_of_service_null|KPIs_met_more_than_80_null|awards_won_null|avg_training_score_nuli|
[2025-02-21T11:26:26.134+0000] {spark_submit.py:641} INFO - +----------------+---------------+-----------+--------------+-----------+------------------------+--------------------+--------+-------------------------+----------------------+--------------------------+---------------+-----------------------+
[2025-02-21T11:26:26.135+0000] {spark_submit.py:641} INFO - |               0|              0|          0|           771|          0|                       0|                   0|       0|                     1363|                     0|                         0|              0|                      0|
[2025-02-21T11:26:26.136+0000] {spark_submit.py:641} INFO - +----------------+---------------+-----------+--------------+-----------+------------------------+--------------------+--------+-------------------------+----------------------+--------------------------+---------------+-----------------------+
[2025-02-21T11:26:26.138+0000] {spark_submit.py:641} INFO - 
[2025-02-21T11:26:26.139+0000] {spark_submit.py:641} INFO - ---------------- NULL HANDLING PADA KOLOM EDUCATION & PREVIOUS_YEAR_RATING ----------------
[2025-02-21T11:26:26.384+0000] {spark_submit.py:641} INFO - +--------------+-------------------------+
[2025-02-21T11:26:26.385+0000] {spark_submit.py:641} INFO - |education_null|previous_year_rating_null|
[2025-02-21T11:26:26.387+0000] {spark_submit.py:641} INFO - +--------------+-------------------------+
[2025-02-21T11:26:26.388+0000] {spark_submit.py:641} INFO - |             0|                        0|
[2025-02-21T11:26:26.389+0000] {spark_submit.py:641} INFO - +--------------+-------------------------+
[2025-02-21T11:26:26.391+0000] {spark_submit.py:641} INFO - 
[2025-02-21T11:26:26.393+0000] {spark_submit.py:641} INFO - ---------------- MENAMPILKAN BANYAK DATA DUPLIKAT BERDASARKAN EMPLOYEE_ID ----------------
[2025-02-21T11:26:27.195+0000] {spark_submit.py:641} INFO - +-----------+------+
[2025-02-21T11:26:27.197+0000] {spark_submit.py:641} INFO - |employee_id|jumlah|
[2025-02-21T11:26:27.198+0000] {spark_submit.py:641} INFO - +-----------+------+
[2025-02-21T11:26:27.200+0000] {spark_submit.py:641} INFO - |      64573|     2|
[2025-02-21T11:26:27.201+0000] {spark_submit.py:641} INFO - |      49584|     3|
[2025-02-21T11:26:27.202+0000] {spark_submit.py:641} INFO - +-----------+------+
[2025-02-21T11:26:27.203+0000] {spark_submit.py:641} INFO - 
[2025-02-21T11:26:27.204+0000] {spark_submit.py:641} INFO - ---------------- MENAMPILKAN SEMUA BARIS DAN KOLOM DARI EMPLOYEE ID YANG DUPLIKAT ----------------
[2025-02-21T11:26:27.959+0000] {spark_submit.py:641} INFO - +-----------+----------+--------+---------+------+-------------------+---------------+---+--------------------+-----------------+---------------------+----------+------------------+
[2025-02-21T11:26:27.961+0000] {spark_submit.py:641} INFO - |employee_id|department|  region|education|gender|recruitment_channel|no_of_trainings|age|previous_year_rating|length_of_service|KPIs_met_more_than_80|awards_won|avg_training_score|
[2025-02-21T11:26:27.963+0000] {spark_submit.py:641} INFO - +-----------+----------+--------+---------+------+-------------------+---------------+---+--------------------+-----------------+---------------------+----------+------------------+
[2025-02-21T11:26:27.964+0000] {spark_submit.py:641} INFO - |      49584|        HR|region_7|Bachelors|     m|              other|              1| 33|                   1|                9|                    0|         0|                51|
[2025-02-21T11:26:27.965+0000] {spark_submit.py:641} INFO - |      49584|        HR|region_7|Bachelors|     m|              other|              1| 33|                   1|                9|                    0|         0|                51|
[2025-02-21T11:26:27.967+0000] {spark_submit.py:641} INFO - |      49584|        HR|region_7|Bachelors|     m|              other|              1| 33|                   1|                9|                    0|         0|                51|
[2025-02-21T11:26:27.969+0000] {spark_submit.py:641} INFO - |      64573|Technology|region_7|Bachelors|     f|           referred|              2| 30|                   5|                6|                    1|         0|                81|
[2025-02-21T11:26:27.970+0000] {spark_submit.py:641} INFO - |      64573|        HR|region_7|Bachelors|     f|           referred|              1| 35|                   5|                4|                    1|         0|                81|
[2025-02-21T11:26:27.971+0000] {spark_submit.py:641} INFO - +-----------+----------+--------+---------+------+-------------------+---------------+---+--------------------+-----------------+---------------------+----------+------------------+
[2025-02-21T11:26:27.972+0000] {spark_submit.py:641} INFO - 
[2025-02-21T11:26:27.974+0000] {spark_submit.py:641} INFO - ---------------- MENAMPILKAN HASIL DARI DATA DUPLIKASI YANG TELAH DIHANDLE BERDASARKAN KOLOM EMPLOYEE_ID DAN DEPARTMENT ----------------
[2025-02-21T11:26:30.193+0000] {spark_submit.py:641} INFO - +-----------+----------+--------+---------+------+-------------------+---------------+---+--------------------+-----------------+---------------------+----------+------------------+
[2025-02-21T11:26:30.195+0000] {spark_submit.py:641} INFO - |employee_id|department|  region|education|gender|recruitment_channel|no_of_trainings|age|previous_year_rating|length_of_service|KPIs_met_more_than_80|awards_won|avg_training_score|
[2025-02-21T11:26:30.197+0000] {spark_submit.py:641} INFO - +-----------+----------+--------+---------+------+-------------------+---------------+---+--------------------+-----------------+---------------------+----------+------------------+
[2025-02-21T11:26:30.198+0000] {spark_submit.py:641} INFO - |      49584|        HR|region_7|Bachelors|     m|              other|              1| 33|                   1|                9|                    0|         0|                51|
[2025-02-21T11:26:30.199+0000] {spark_submit.py:641} INFO - |      64573|        HR|region_7|Bachelors|     f|           referred|              1| 35|                   5|                4|                    1|         0|                81|
[2025-02-21T11:26:30.202+0000] {spark_submit.py:641} INFO - |      64573|Technology|region_7|Bachelors|     f|           referred|              2| 30|                   5|                6|                    1|         0|                81|
[2025-02-21T11:26:30.204+0000] {spark_submit.py:641} INFO - +-----------+----------+--------+---------+------+-------------------+---------------+---+--------------------+-----------------+---------------------+----------+------------------+
[2025-02-21T11:26:30.205+0000] {spark_submit.py:641} INFO - 
[2025-02-21T11:26:31.863+0000] {spark_submit.py:641} INFO - ---------------- MENAMPILKAN DATA HASIL TRASNFORMASI ----------------
[2025-02-21T11:26:32.318+0000] {spark_submit.py:641} INFO - +-----------+-----------------+---------+---------------+------+-------------------+---------------+---+--------------------+-----------------+---------------------+----------+------------------+
[2025-02-21T11:26:32.319+0000] {spark_submit.py:641} INFO - |employee_id|       department|   region|      education|gender|recruitment_channel|no_of_trainings|age|previous_year_rating|length_of_service|KPIs_met_more_than_80|awards_won|avg_training_score|
[2025-02-21T11:26:32.321+0000] {spark_submit.py:641} INFO - +-----------+-----------------+---------+---------------+------+-------------------+---------------+---+--------------------+-----------------+---------------------+----------+------------------+
[2025-02-21T11:26:32.322+0000] {spark_submit.py:641} INFO - |          3|      Procurement|region_22|Masters & above|     f|              other|              1| 38|                   5|                4|                    1|         0|                67|
[2025-02-21T11:26:32.323+0000] {spark_submit.py:641} INFO - |          6|Sales & Marketing|region_15|      Bachelors|     f|              other|              1| 38|                   3|               10|                    0|         0|                50|
[2025-02-21T11:26:32.324+0000] {spark_submit.py:641} INFO - |         11|       Technology| region_4|Masters & above|     f|           sourcing|              1| 39|                   4|               12|                    1|         0|                72|
[2025-02-21T11:26:32.325+0000] {spark_submit.py:641} INFO - |         13|Sales & Marketing|region_17|      Bachelors|     m|              other|              1| 38|                   1|                5|                    1|         0|                47|
[2025-02-21T11:26:32.327+0000] {spark_submit.py:641} INFO - |         16|Sales & Marketing| region_4|Masters & above|     m|           sourcing|              1| 40|                   5|                5|                    0|         0|                53|
[2025-02-21T11:26:32.328+0000] {spark_submit.py:641} INFO - +-----------+-----------------+---------+---------------+------+-------------------+---------------+---+--------------------+-----------------+---------------------+----------+------------------+
[2025-02-21T11:26:32.330+0000] {spark_submit.py:641} INFO - only showing top 5 rows
[2025-02-21T11:26:32.332+0000] {spark_submit.py:641} INFO - 
[2025-02-21T11:26:32.654+0000] {spark_submit.py:641} INFO - Jumlah baris dalam DataFrame : 17415
[2025-02-21T11:26:32.656+0000] {spark_submit.py:641} INFO - Isi folder data/transformed.parquet :
[2025-02-21T11:26:32.657+0000] {spark_submit.py:641} INFO - ['.part-00000-a1a29d48-0e7d-4027-922c-ad2f0a903d90-c000.snappy.parquet.crc', '_SUCCESS', 'part-00000-a1a29d48-0e7d-4027-922c-ad2f0a903d90-c000.snappy.parquet', '._SUCCESS.crc']
[2025-02-21T11:26:32.658+0000] {spark_submit.py:641} INFO - Transform data berhasil.
[2025-02-21T11:26:33.235+0000] {taskinstance.py:341} INFO - ::group::Post task execution logs
[2025-02-21T11:26:33.237+0000] {taskinstance.py:353} INFO - Marking task as SUCCESS. dag_id=***_v2_etl_dag, task_id=transform_task, run_id=manual__2025-02-21T11:26:01.836392+00:00, execution_date=20250221T112601, start_date=20250221T112616, end_date=20250221T112633
[2025-02-21T11:26:33.289+0000] {local_task_job_runner.py:266} INFO - Task exited with return code 0
[2025-02-21T11:26:33.324+0000] {taskinstance.py:3901} INFO - 1 downstream tasks scheduled from follow-on schedule check
[2025-02-21T11:26:33.328+0000] {local_task_job_runner.py:245} INFO - ::endgroup::
