[2025-02-21T07:55:50.973+0000] {local_task_job_runner.py:123} INFO - ::group::Pre task execution logs
[2025-02-21T07:55:51.013+0000] {taskinstance.py:2614} INFO - Dependencies all met for dep_context=non-requeueable deps ti=<TaskInstance: finprode8_v2_etl_dag.extract_task manual__2025-02-21T07:55:49.922589+00:00 [queued]>
[2025-02-21T07:55:51.037+0000] {taskinstance.py:2614} INFO - Dependencies all met for dep_context=requeueable deps ti=<TaskInstance: finprode8_v2_etl_dag.extract_task manual__2025-02-21T07:55:49.922589+00:00 [queued]>
[2025-02-21T07:55:51.039+0000] {taskinstance.py:2867} INFO - Starting attempt 1 of 1
[2025-02-21T07:55:51.070+0000] {taskinstance.py:2890} INFO - Executing <Task(SparkSubmitOperator): extract_task> on 2025-02-21 07:55:49.922589+00:00
[2025-02-21T07:55:51.080+0000] {standard_task_runner.py:72} INFO - Started process 3595 to run task
[2025-02-21T07:55:51.089+0000] {standard_task_runner.py:104} INFO - Running: ['airflow', 'tasks', 'run', '***_v2_etl_dag', 'extract_task', 'manual__2025-02-21T07:55:49.922589+00:00', '--job-id', '114', '--raw', '--subdir', 'DAGS_FOLDER/***_v2_etl_dag.py', '--cfg-path', '/tmp/tmp6rzbooza']
[2025-02-21T07:55:51.102+0000] {standard_task_runner.py:105} INFO - Job 114: Subtask extract_task
[2025-02-21T07:55:51.130+0000] {logging_mixin.py:190} WARNING - /home/airflow/.local/lib/python3.9/site-packages/airflow/settings.py:209 DeprecationWarning: The sql_alchemy_conn option in [core] has been moved to the sql_alchemy_conn option in [database] - the old setting has been used, but please update your config.
[2025-02-21T07:55:51.190+0000] {task_command.py:467} INFO - Running <TaskInstance: finprode8_v2_etl_dag.extract_task manual__2025-02-21T07:55:49.922589+00:00 [running]> on host ***-airflow-scheduler
[2025-02-21T07:55:51.409+0000] {taskinstance.py:3134} INFO - Exporting env vars: AIRFLOW_CTX_DAG_OWNER='ratih malini' AIRFLOW_CTX_DAG_ID='***_v2_etl_dag' AIRFLOW_CTX_TASK_ID='extract_task' AIRFLOW_CTX_EXECUTION_DATE='2025-02-21T07:55:49.922589+00:00' AIRFLOW_CTX_TRY_NUMBER='1' AIRFLOW_CTX_DAG_RUN_ID='manual__2025-02-21T07:55:49.922589+00:00'
[2025-02-21T07:55:51.413+0000] {taskinstance.py:732} INFO - ::endgroup::
[2025-02-21T07:55:51.475+0000] {base.py:84} INFO - Retrieving connection 'spark_main'
[2025-02-21T07:55:51.481+0000] {spark_submit.py:474} INFO - Spark-Submit cmd: spark-submit --master spark://***-spark-master:7077 --packages org.postgresql:postgresql:42.2.18 --name arrow-spark /spark-scripts/***_v2_extract.py
[2025-02-21T07:55:53.233+0000] {spark_submit.py:641} INFO - :: loading settings :: url = jar:file:/home/airflow/.local/lib/python3.9/site-packages/pyspark/jars/ivy-2.5.1.jar!/org/apache/ivy/core/settings/ivysettings.xml
[2025-02-21T07:55:53.359+0000] {spark_submit.py:641} INFO - Ivy Default Cache set to: /home/airflow/.ivy2/cache
[2025-02-21T07:55:53.362+0000] {spark_submit.py:641} INFO - The jars for the packages stored in: /home/airflow/.ivy2/jars
[2025-02-21T07:55:53.364+0000] {spark_submit.py:641} INFO - org.postgresql#postgresql added as a dependency
[2025-02-21T07:55:53.367+0000] {spark_submit.py:641} INFO - :: resolving dependencies :: org.apache.spark#spark-submit-parent-60041295-4140-45cf-bbf1-68e5f942506e;1.0
[2025-02-21T07:55:53.368+0000] {spark_submit.py:641} INFO - confs: [default]
[2025-02-21T07:55:53.490+0000] {spark_submit.py:641} INFO - found org.postgresql#postgresql;42.2.18 in central
[2025-02-21T07:55:53.514+0000] {spark_submit.py:641} INFO - found org.checkerframework#checker-qual;3.5.0 in central
[2025-02-21T07:55:53.534+0000] {spark_submit.py:641} INFO - :: resolution report :: resolve 161ms :: artifacts dl 7ms
[2025-02-21T07:55:53.536+0000] {spark_submit.py:641} INFO - :: modules in use:
[2025-02-21T07:55:53.537+0000] {spark_submit.py:641} INFO - org.checkerframework#checker-qual;3.5.0 from central in [default]
[2025-02-21T07:55:53.539+0000] {spark_submit.py:641} INFO - org.postgresql#postgresql;42.2.18 from central in [default]
[2025-02-21T07:55:53.541+0000] {spark_submit.py:641} INFO - ---------------------------------------------------------------------
[2025-02-21T07:55:53.543+0000] {spark_submit.py:641} INFO - |                  |            modules            ||   artifacts   |
[2025-02-21T07:55:53.544+0000] {spark_submit.py:641} INFO - |       conf       | number| search|dwnlded|evicted|| number|dwnlded|
[2025-02-21T07:55:53.546+0000] {spark_submit.py:641} INFO - ---------------------------------------------------------------------
[2025-02-21T07:55:53.549+0000] {spark_submit.py:641} INFO - |      default     |   2   |   0   |   0   |   0   ||   2   |   0   |
[2025-02-21T07:55:53.551+0000] {spark_submit.py:641} INFO - ---------------------------------------------------------------------
[2025-02-21T07:55:53.553+0000] {spark_submit.py:641} INFO - :: retrieving :: org.apache.spark#spark-submit-parent-60041295-4140-45cf-bbf1-68e5f942506e
[2025-02-21T07:55:53.554+0000] {spark_submit.py:641} INFO - confs: [default]
[2025-02-21T07:55:53.556+0000] {spark_submit.py:641} INFO - 0 artifacts copied, 2 already retrieved (0kB/11ms)
[2025-02-21T07:55:53.840+0000] {spark_submit.py:641} INFO - 25/02/21 07:55:53 WARN NativeCodeLoader: Unable to load native-hadoop library for your platform... using builtin-java classes where applicable
[2025-02-21T07:55:55.510+0000] {spark_submit.py:641} INFO - 25/02/21 07:55:55 INFO SparkContext: Running Spark version 3.3.2
[2025-02-21T07:55:55.533+0000] {spark_submit.py:641} INFO - 25/02/21 07:55:55 INFO ResourceUtils: ==============================================================
[2025-02-21T07:55:55.535+0000] {spark_submit.py:641} INFO - 25/02/21 07:55:55 INFO ResourceUtils: No custom resources configured for spark.driver.
[2025-02-21T07:55:55.536+0000] {spark_submit.py:641} INFO - 25/02/21 07:55:55 INFO ResourceUtils: ==============================================================
[2025-02-21T07:55:55.537+0000] {spark_submit.py:641} INFO - 25/02/21 07:55:55 INFO SparkContext: Submitted application: ***_extract
[2025-02-21T07:55:55.554+0000] {spark_submit.py:641} INFO - 25/02/21 07:55:55 INFO ResourceProfile: Default ResourceProfile created, executor resources: Map(cores -> name: cores, amount: 1, script: , vendor: , memory -> name: memory, amount: 1024, script: , vendor: , offHeap -> name: offHeap, amount: 0, script: , vendor: ), task resources: Map(cpus -> name: cpus, amount: 1.0)
[2025-02-21T07:55:55.564+0000] {spark_submit.py:641} INFO - 25/02/21 07:55:55 INFO ResourceProfile: Limiting resource is cpu
[2025-02-21T07:55:55.566+0000] {spark_submit.py:641} INFO - 25/02/21 07:55:55 INFO ResourceProfileManager: Added ResourceProfile id: 0
[2025-02-21T07:55:55.629+0000] {spark_submit.py:641} INFO - 25/02/21 07:55:55 INFO SecurityManager: Changing view acls to: airflow
[2025-02-21T07:55:55.630+0000] {spark_submit.py:641} INFO - 25/02/21 07:55:55 INFO SecurityManager: Changing modify acls to: airflow
[2025-02-21T07:55:55.632+0000] {spark_submit.py:641} INFO - 25/02/21 07:55:55 INFO SecurityManager: Changing view acls groups to:
[2025-02-21T07:55:55.633+0000] {spark_submit.py:641} INFO - 25/02/21 07:55:55 INFO SecurityManager: Changing modify acls groups to:
[2025-02-21T07:55:55.634+0000] {spark_submit.py:641} INFO - 25/02/21 07:55:55 INFO SecurityManager: SecurityManager: authentication disabled; ui acls disabled; users  with view permissions: Set(airflow); groups with view permissions: Set(); users  with modify permissions: Set(airflow); groups with modify permissions: Set()
[2025-02-21T07:55:55.938+0000] {spark_submit.py:641} INFO - 25/02/21 07:55:55 INFO Utils: Successfully started service 'sparkDriver' on port 42613.
[2025-02-21T07:55:55.967+0000] {spark_submit.py:641} INFO - 25/02/21 07:55:55 INFO SparkEnv: Registering MapOutputTracker
[2025-02-21T07:55:56.006+0000] {spark_submit.py:641} INFO - 25/02/21 07:55:56 INFO SparkEnv: Registering BlockManagerMaster
[2025-02-21T07:55:56.033+0000] {spark_submit.py:641} INFO - 25/02/21 07:55:56 INFO BlockManagerMasterEndpoint: Using org.apache.spark.storage.DefaultTopologyMapper for getting topology information
[2025-02-21T07:55:56.035+0000] {spark_submit.py:641} INFO - 25/02/21 07:55:56 INFO BlockManagerMasterEndpoint: BlockManagerMasterEndpoint up
[2025-02-21T07:55:56.042+0000] {spark_submit.py:641} INFO - 25/02/21 07:55:56 INFO SparkEnv: Registering BlockManagerMasterHeartbeat
[2025-02-21T07:55:56.063+0000] {spark_submit.py:641} INFO - 25/02/21 07:55:56 INFO DiskBlockManager: Created local directory at /tmp/blockmgr-b7f889c8-00e0-4244-a1e5-20a9bc695d1d
[2025-02-21T07:55:56.080+0000] {spark_submit.py:641} INFO - 25/02/21 07:55:56 INFO MemoryStore: MemoryStore started with capacity 434.4 MiB
[2025-02-21T07:55:56.097+0000] {spark_submit.py:641} INFO - 25/02/21 07:55:56 INFO SparkEnv: Registering OutputCommitCoordinator
[2025-02-21T07:55:56.279+0000] {spark_submit.py:641} INFO - 25/02/21 07:55:56 INFO Utils: Successfully started service 'SparkUI' on port 4040.
[2025-02-21T07:55:56.329+0000] {spark_submit.py:641} INFO - 25/02/21 07:55:56 INFO SparkContext: Added JAR /spark-scripts/jars/postgresql-42.2.18.jar at spark://***-airflow-scheduler:42613/jars/postgresql-42.2.18.jar with timestamp 1740124555504
[2025-02-21T07:55:56.331+0000] {spark_submit.py:641} INFO - 25/02/21 07:55:56 INFO SparkContext: Added file file:///home/airflow/.ivy2/jars/org.postgresql_postgresql-42.2.18.jar at file:///home/airflow/.ivy2/jars/org.postgresql_postgresql-42.2.18.jar with timestamp 1740124555504
[2025-02-21T07:55:56.333+0000] {spark_submit.py:641} INFO - 25/02/21 07:55:56 INFO Utils: Copying /home/airflow/.ivy2/jars/org.postgresql_postgresql-42.2.18.jar to /tmp/spark-af176294-c850-4c2a-891e-95196d1400ad/userFiles-652ed3f3-8d35-4548-a989-b833b202882c/org.postgresql_postgresql-42.2.18.jar
[2025-02-21T07:55:56.346+0000] {spark_submit.py:641} INFO - 25/02/21 07:55:56 INFO SparkContext: Added file file:///home/airflow/.ivy2/jars/org.checkerframework_checker-qual-3.5.0.jar at file:///home/airflow/.ivy2/jars/org.checkerframework_checker-qual-3.5.0.jar with timestamp 1740124555504
[2025-02-21T07:55:56.348+0000] {spark_submit.py:641} INFO - 25/02/21 07:55:56 INFO Utils: Copying /home/airflow/.ivy2/jars/org.checkerframework_checker-qual-3.5.0.jar to /tmp/spark-af176294-c850-4c2a-891e-95196d1400ad/userFiles-652ed3f3-8d35-4548-a989-b833b202882c/org.checkerframework_checker-qual-3.5.0.jar
[2025-02-21T07:55:56.436+0000] {spark_submit.py:641} INFO - 25/02/21 07:55:56 INFO Executor: Starting executor ID driver on host ***-airflow-scheduler
[2025-02-21T07:55:56.446+0000] {spark_submit.py:641} INFO - 25/02/21 07:55:56 INFO Executor: Starting executor with user classpath (userClassPathFirst = false): ''
[2025-02-21T07:55:56.459+0000] {spark_submit.py:641} INFO - 25/02/21 07:55:56 INFO Executor: Fetching file:///home/airflow/.ivy2/jars/org.postgresql_postgresql-42.2.18.jar with timestamp 1740124555504
[2025-02-21T07:55:56.493+0000] {spark_submit.py:641} INFO - 25/02/21 07:55:56 INFO Utils: /home/airflow/.ivy2/jars/org.postgresql_postgresql-42.2.18.jar has been previously copied to /tmp/spark-af176294-c850-4c2a-891e-95196d1400ad/userFiles-652ed3f3-8d35-4548-a989-b833b202882c/org.postgresql_postgresql-42.2.18.jar
[2025-02-21T07:55:56.500+0000] {spark_submit.py:641} INFO - 25/02/21 07:55:56 INFO Executor: Fetching file:///home/airflow/.ivy2/jars/org.checkerframework_checker-qual-3.5.0.jar with timestamp 1740124555504
[2025-02-21T07:55:56.502+0000] {spark_submit.py:641} INFO - 25/02/21 07:55:56 INFO Utils: /home/airflow/.ivy2/jars/org.checkerframework_checker-qual-3.5.0.jar has been previously copied to /tmp/spark-af176294-c850-4c2a-891e-95196d1400ad/userFiles-652ed3f3-8d35-4548-a989-b833b202882c/org.checkerframework_checker-qual-3.5.0.jar
[2025-02-21T07:55:56.514+0000] {spark_submit.py:641} INFO - 25/02/21 07:55:56 INFO Executor: Fetching spark://***-airflow-scheduler:42613/jars/postgresql-42.2.18.jar with timestamp 1740124555504
[2025-02-21T07:55:56.574+0000] {spark_submit.py:641} INFO - 25/02/21 07:55:56 INFO TransportClientFactory: Successfully created connection to ***-airflow-scheduler/172.19.0.4:42613 after 44 ms (0 ms spent in bootstraps)
[2025-02-21T07:55:56.586+0000] {spark_submit.py:641} INFO - 25/02/21 07:55:56 INFO Utils: Fetching spark://***-airflow-scheduler:42613/jars/postgresql-42.2.18.jar to /tmp/spark-af176294-c850-4c2a-891e-95196d1400ad/userFiles-652ed3f3-8d35-4548-a989-b833b202882c/fetchFileTemp7708411023603407827.tmp
[2025-02-21T07:55:56.720+0000] {spark_submit.py:641} INFO - 25/02/21 07:55:56 INFO Executor: Adding file:/tmp/spark-af176294-c850-4c2a-891e-95196d1400ad/userFiles-652ed3f3-8d35-4548-a989-b833b202882c/postgresql-42.2.18.jar to class loader
[2025-02-21T07:55:56.732+0000] {spark_submit.py:641} INFO - 25/02/21 07:55:56 INFO Utils: Successfully started service 'org.apache.spark.network.netty.NettyBlockTransferService' on port 32799.
[2025-02-21T07:55:56.735+0000] {spark_submit.py:641} INFO - 25/02/21 07:55:56 INFO NettyBlockTransferService: Server created on ***-airflow-scheduler:32799
[2025-02-21T07:55:56.738+0000] {spark_submit.py:641} INFO - 25/02/21 07:55:56 INFO BlockManager: Using org.apache.spark.storage.RandomBlockReplicationPolicy for block replication policy
[2025-02-21T07:55:56.747+0000] {spark_submit.py:641} INFO - 25/02/21 07:55:56 INFO BlockManagerMaster: Registering BlockManager BlockManagerId(driver, ***-airflow-scheduler, 32799, None)
[2025-02-21T07:55:56.752+0000] {spark_submit.py:641} INFO - 25/02/21 07:55:56 INFO BlockManagerMasterEndpoint: Registering block manager ***-airflow-scheduler:32799 with 434.4 MiB RAM, BlockManagerId(driver, ***-airflow-scheduler, 32799, None)
[2025-02-21T07:55:56.756+0000] {spark_submit.py:641} INFO - 25/02/21 07:55:56 INFO BlockManagerMaster: Registered BlockManager BlockManagerId(driver, ***-airflow-scheduler, 32799, None)
[2025-02-21T07:55:56.758+0000] {spark_submit.py:641} INFO - 25/02/21 07:55:56 INFO BlockManager: Initialized BlockManager: BlockManagerId(driver, ***-airflow-scheduler, 32799, None)
[2025-02-21T07:56:06.214+0000] {spark_submit.py:641} INFO - +-----------+-----------------+---------+---------------+------+-------------------+---------------+---+--------------------+-----------------+---------------------+----------+------------------+
[2025-02-21T07:56:06.217+0000] {spark_submit.py:641} INFO - |employee_id|       department|   region|      education|gender|recruitment_channel|no_of_trainings|age|previous_year_rating|length_of_service|KPIs_met_more_than_80|awards_won|avg_training_score|
[2025-02-21T07:56:06.220+0000] {spark_submit.py:641} INFO - +-----------+-----------------+---------+---------------+------+-------------------+---------------+---+--------------------+-----------------+---------------------+----------+------------------+
[2025-02-21T07:56:06.222+0000] {spark_submit.py:641} INFO - |       8724|       Technology|region_26|      Bachelors|     m|           sourcing|              1| 24|                null|                1|                    1|         0|                77|
[2025-02-21T07:56:06.224+0000] {spark_submit.py:641} INFO - |      74430|               HR| region_4|      Bachelors|     f|              other|              1| 31|                   3|                5|                    0|         0|                51|
[2025-02-21T07:56:06.227+0000] {spark_submit.py:641} INFO - |      72255|Sales & Marketing|region_13|      Bachelors|     m|              other|              1| 31|                   1|                4|                    0|         0|                47|
[2025-02-21T07:56:06.228+0000] {spark_submit.py:641} INFO - |      38562|      Procurement| region_2|      Bachelors|     f|              other|              3| 31|                   2|                9|                    0|         0|                65|
[2025-02-21T07:56:06.230+0000] {spark_submit.py:641} INFO - |      64486|          Finance|region_29|      Bachelors|     m|           sourcing|              1| 30|                   4|                7|                    0|         0|                61|
[2025-02-21T07:56:06.232+0000] {spark_submit.py:641} INFO - |      46232|      Procurement| region_7|      Bachelors|     m|           sourcing|              1| 36|                   3|                2|                    0|         0|                68|
[2025-02-21T07:56:06.233+0000] {spark_submit.py:641} INFO - |      54542|          Finance| region_2|      Bachelors|     m|              other|              1| 33|                   5|                3|                    1|         0|                57|
[2025-02-21T07:56:06.235+0000] {spark_submit.py:641} INFO - |      67269|        Analytics|region_22|      Bachelors|     m|           sourcing|              2| 36|                   3|                3|                    0|         0|                85|
[2025-02-21T07:56:06.238+0000] {spark_submit.py:641} INFO - |      66174|       Technology| region_7|Masters & above|     m|              other|              1| 51|                   4|               11|                    0|         0|                75|
[2025-02-21T07:56:06.240+0000] {spark_submit.py:641} INFO - |      76303|       Technology|region_22|      Bachelors|     m|           sourcing|              1| 29|                   5|                2|                    1|         0|                76|
[2025-02-21T07:56:06.242+0000] {spark_submit.py:641} INFO - |      60245|Sales & Marketing|region_16|      Bachelors|     m|           sourcing|              2| 40|                   5|               12|                    1|         0|                50|
[2025-02-21T07:56:06.244+0000] {spark_submit.py:641} INFO - |      42639|Sales & Marketing|region_17|Masters & above|     m|           sourcing|              1| 40|                   3|               10|                    0|         0|                46|
[2025-02-21T07:56:06.246+0000] {spark_submit.py:641} INFO - |      30963|Sales & Marketing| region_4|Masters & above|     f|              other|              1| 34|                   3|                4|                    0|         0|                52|
[2025-02-21T07:56:06.249+0000] {spark_submit.py:641} INFO - |      54055|        Analytics|region_24|      Bachelors|     m|              other|              1| 37|                   3|               10|                    0|         0|                82|
[2025-02-21T07:56:06.251+0000] {spark_submit.py:641} INFO - |      42996|       Operations|region_11|      Bachelors|     m|           sourcing|              1| 30|                   5|                6|                    1|         0|                58|
[2025-02-21T07:56:06.253+0000] {spark_submit.py:641} INFO - |      12737|Sales & Marketing| region_7|      Bachelors|     m|           sourcing|              1| 31|                   4|                4|                    1|         0|                47|
[2025-02-21T07:56:06.255+0000] {spark_submit.py:641} INFO - |      27561|       Operations|region_27|      Bachelors|     f|           sourcing|              1| 26|                   5|                3|                    0|         0|                56|
[2025-02-21T07:56:06.257+0000] {spark_submit.py:641} INFO - |      26622|Sales & Marketing|region_17|      Bachelors|     m|           sourcing|              1| 40|                   5|                6|                    1|         0|                50|
[2025-02-21T07:56:06.259+0000] {spark_submit.py:641} INFO - |      31582|      Procurement| region_7|      Bachelors|     f|              other|              1| 49|                   3|                7|                    1|         0|                64|
[2025-02-21T07:56:06.261+0000] {spark_submit.py:641} INFO - |      29793|      Procurement|region_27|      Bachelors|     m|              other|              1| 27|                   2|                5|                    0|         0|                65|
[2025-02-21T07:56:06.262+0000] {spark_submit.py:641} INFO - +-----------+-----------------+---------+---------------+------+-------------------+---------------+---+--------------------+-----------------+---------------------+----------+------------------+
[2025-02-21T07:56:06.264+0000] {spark_submit.py:641} INFO - only showing top 20 rows
[2025-02-21T07:56:06.266+0000] {spark_submit.py:641} INFO - 
[2025-02-21T07:56:06.268+0000] {spark_submit.py:641} INFO - root
[2025-02-21T07:56:06.270+0000] {spark_submit.py:641} INFO - |-- employee_id: integer (nullable = true)
[2025-02-21T07:56:06.271+0000] {spark_submit.py:641} INFO - |-- department: string (nullable = true)
[2025-02-21T07:56:06.273+0000] {spark_submit.py:641} INFO - |-- region: string (nullable = true)
[2025-02-21T07:56:06.274+0000] {spark_submit.py:641} INFO - |-- education: string (nullable = true)
[2025-02-21T07:56:06.276+0000] {spark_submit.py:641} INFO - |-- gender: string (nullable = true)
[2025-02-21T07:56:06.278+0000] {spark_submit.py:641} INFO - |-- recruitment_channel: string (nullable = true)
[2025-02-21T07:56:06.280+0000] {spark_submit.py:641} INFO - |-- no_of_trainings: integer (nullable = true)
[2025-02-21T07:56:06.282+0000] {spark_submit.py:641} INFO - |-- age: integer (nullable = true)
[2025-02-21T07:56:06.283+0000] {spark_submit.py:641} INFO - |-- previous_year_rating: integer (nullable = true)
[2025-02-21T07:56:06.286+0000] {spark_submit.py:641} INFO - |-- length_of_service: integer (nullable = true)
[2025-02-21T07:56:06.287+0000] {spark_submit.py:641} INFO - |-- KPIs_met_more_than_80: integer (nullable = true)
[2025-02-21T07:56:06.288+0000] {spark_submit.py:641} INFO - |-- awards_won: integer (nullable = true)
[2025-02-21T07:56:06.290+0000] {spark_submit.py:641} INFO - |-- avg_training_score: integer (nullable = true)
[2025-02-21T07:56:06.291+0000] {spark_submit.py:641} INFO - 
[2025-02-21T07:56:07.814+0000] {spark_submit.py:641} INFO - Jumlah baris dalam DataFrame : 17417
[2025-02-21T07:56:07.818+0000] {spark_submit.py:641} INFO - Isi folder data/extracted.parquet :
[2025-02-21T07:56:07.820+0000] {spark_submit.py:641} INFO - ['part-00000-3bfe217e-83d0-4a14-aa3c-dcdfadcc896e-c000.snappy.parquet', '_SUCCESS', '.part-00000-3bfe217e-83d0-4a14-aa3c-dcdfadcc896e-c000.snappy.parquet.crc', '._SUCCESS.crc']
[2025-02-21T07:56:07.822+0000] {spark_submit.py:641} INFO - Extract data berhasil.
[2025-02-21T07:56:08.453+0000] {taskinstance.py:341} INFO - ::group::Post task execution logs
[2025-02-21T07:56:08.456+0000] {taskinstance.py:353} INFO - Marking task as SUCCESS. dag_id=***_v2_etl_dag, task_id=extract_task, run_id=manual__2025-02-21T07:55:49.922589+00:00, execution_date=20250221T075549, start_date=20250221T075551, end_date=20250221T075608
[2025-02-21T07:56:08.502+0000] {local_task_job_runner.py:266} INFO - Task exited with return code 0
[2025-02-21T07:56:08.583+0000] {taskinstance.py:3901} INFO - 1 downstream tasks scheduled from follow-on schedule check
[2025-02-21T07:56:08.589+0000] {local_task_job_runner.py:245} INFO - ::endgroup::
