[2025-02-15T17:15:04.108+0000] {local_task_job_runner.py:123} INFO - ::group::Pre task execution logs
[2025-02-15T17:15:04.128+0000] {taskinstance.py:2613} INFO - Dependencies all met for dep_context=non-requeueable deps ti=<TaskInstance: finprode8_elt_dag.etl_task manual__2025-02-15T17:07:17.215441+00:00 [queued]>
[2025-02-15T17:15:04.140+0000] {taskinstance.py:2613} INFO - Dependencies all met for dep_context=requeueable deps ti=<TaskInstance: finprode8_elt_dag.etl_task manual__2025-02-15T17:07:17.215441+00:00 [queued]>
[2025-02-15T17:15:04.141+0000] {taskinstance.py:2866} INFO - Starting attempt 4 of 4
[2025-02-15T17:15:04.160+0000] {taskinstance.py:2889} INFO - Executing <Task(SparkSubmitOperator): etl_task> on 2025-02-15 17:07:17.215441+00:00
[2025-02-15T17:15:04.164+0000] {standard_task_runner.py:72} INFO - Started process 8213 to run task
[2025-02-15T17:15:04.170+0000] {standard_task_runner.py:104} INFO - Running: ['airflow', 'tasks', 'run', '***_elt_dag', 'etl_task', 'manual__2025-02-15T17:07:17.215441+00:00', '--job-id', '31', '--raw', '--subdir', 'DAGS_FOLDER/***_etl_dag.py', '--cfg-path', '/tmp/tmpd4ycpjfl']
[2025-02-15T17:15:04.174+0000] {standard_task_runner.py:105} INFO - Job 31: Subtask etl_task
[2025-02-15T17:15:04.196+0000] {logging_mixin.py:190} WARNING - /home/airflow/.local/lib/python3.9/site-packages/airflow/settings.py:209 DeprecationWarning: The sql_alchemy_conn option in [core] has been moved to the sql_alchemy_conn option in [database] - the old setting has been used, but please update your config.
[2025-02-15T17:15:04.241+0000] {task_command.py:467} INFO - Running <TaskInstance: finprode8_elt_dag.etl_task manual__2025-02-15T17:07:17.215441+00:00 [running]> on host ***-airflow-scheduler
[2025-02-15T17:15:04.352+0000] {taskinstance.py:3132} INFO - Exporting env vars: AIRFLOW_CTX_DAG_OWNER='ratih malini' AIRFLOW_CTX_DAG_ID='***_elt_dag' AIRFLOW_CTX_TASK_ID='etl_task' AIRFLOW_CTX_EXECUTION_DATE='2025-02-15T17:07:17.215441+00:00' AIRFLOW_CTX_TRY_NUMBER='4' AIRFLOW_CTX_DAG_RUN_ID='manual__2025-02-15T17:07:17.215441+00:00'
[2025-02-15T17:15:04.354+0000] {taskinstance.py:731} INFO - ::endgroup::
[2025-02-15T17:15:04.385+0000] {base.py:84} INFO - Retrieving connection 'spark_main'
[2025-02-15T17:15:04.388+0000] {spark_submit.py:474} INFO - Spark-Submit cmd: spark-submit --master spark://***-spark-master:7077 --packages org.postgresql:postgresql:42.2.18 --name arrow-spark /spark-scripts/***_etl.py
[2025-02-15T17:15:06.289+0000] {spark_submit.py:641} INFO - :: loading settings :: url = jar:file:/home/airflow/.local/lib/python3.9/site-packages/pyspark/jars/ivy-2.5.1.jar!/org/apache/ivy/core/settings/ivysettings.xml
[2025-02-15T17:15:06.407+0000] {spark_submit.py:641} INFO - Ivy Default Cache set to: /home/airflow/.ivy2/cache
[2025-02-15T17:15:06.409+0000] {spark_submit.py:641} INFO - The jars for the packages stored in: /home/airflow/.ivy2/jars
[2025-02-15T17:15:06.412+0000] {spark_submit.py:641} INFO - org.postgresql#postgresql added as a dependency
[2025-02-15T17:15:06.413+0000] {spark_submit.py:641} INFO - :: resolving dependencies :: org.apache.spark#spark-submit-parent-637b92d7-2fef-41d0-a53f-893ee9a0e504;1.0
[2025-02-15T17:15:06.414+0000] {spark_submit.py:641} INFO - confs: [default]
[2025-02-15T17:15:06.543+0000] {spark_submit.py:641} INFO - found org.postgresql#postgresql;42.2.18 in central
[2025-02-15T17:15:06.575+0000] {spark_submit.py:641} INFO - found org.checkerframework#checker-qual;3.5.0 in central
[2025-02-15T17:15:06.594+0000] {spark_submit.py:641} INFO - :: resolution report :: resolve 174ms :: artifacts dl 7ms
[2025-02-15T17:15:06.595+0000] {spark_submit.py:641} INFO - :: modules in use:
[2025-02-15T17:15:06.597+0000] {spark_submit.py:641} INFO - org.checkerframework#checker-qual;3.5.0 from central in [default]
[2025-02-15T17:15:06.599+0000] {spark_submit.py:641} INFO - org.postgresql#postgresql;42.2.18 from central in [default]
[2025-02-15T17:15:06.601+0000] {spark_submit.py:641} INFO - ---------------------------------------------------------------------
[2025-02-15T17:15:06.602+0000] {spark_submit.py:641} INFO - |                  |            modules            ||   artifacts   |
[2025-02-15T17:15:06.604+0000] {spark_submit.py:641} INFO - |       conf       | number| search|dwnlded|evicted|| number|dwnlded|
[2025-02-15T17:15:06.605+0000] {spark_submit.py:641} INFO - ---------------------------------------------------------------------
[2025-02-15T17:15:06.608+0000] {spark_submit.py:641} INFO - |      default     |   2   |   0   |   0   |   0   ||   2   |   0   |
[2025-02-15T17:15:06.610+0000] {spark_submit.py:641} INFO - ---------------------------------------------------------------------
[2025-02-15T17:15:06.613+0000] {spark_submit.py:641} INFO - :: retrieving :: org.apache.spark#spark-submit-parent-637b92d7-2fef-41d0-a53f-893ee9a0e504
[2025-02-15T17:15:06.615+0000] {spark_submit.py:641} INFO - confs: [default]
[2025-02-15T17:15:06.617+0000] {spark_submit.py:641} INFO - 0 artifacts copied, 2 already retrieved (0kB/6ms)
[2025-02-15T17:15:06.872+0000] {spark_submit.py:641} INFO - 25/02/15 17:15:06 WARN NativeCodeLoader: Unable to load native-hadoop library for your platform... using builtin-java classes where applicable
[2025-02-15T17:15:07.961+0000] {spark_submit.py:641} INFO - 25/02/15 17:15:07 INFO SparkContext: Running Spark version 3.3.2
[2025-02-15T17:15:07.981+0000] {spark_submit.py:641} INFO - 25/02/15 17:15:07 INFO ResourceUtils: ==============================================================
[2025-02-15T17:15:07.984+0000] {spark_submit.py:641} INFO - 25/02/15 17:15:07 INFO ResourceUtils: No custom resources configured for spark.driver.
[2025-02-15T17:15:07.986+0000] {spark_submit.py:641} INFO - 25/02/15 17:15:07 INFO ResourceUtils: ==============================================================
[2025-02-15T17:15:07.988+0000] {spark_submit.py:641} INFO - 25/02/15 17:15:07 INFO SparkContext: Submitted application: ***
[2025-02-15T17:15:08.011+0000] {spark_submit.py:641} INFO - 25/02/15 17:15:08 INFO ResourceProfile: Default ResourceProfile created, executor resources: Map(cores -> name: cores, amount: 1, script: , vendor: , memory -> name: memory, amount: 1024, script: , vendor: , offHeap -> name: offHeap, amount: 0, script: , vendor: ), task resources: Map(cpus -> name: cpus, amount: 1.0)
[2025-02-15T17:15:08.019+0000] {spark_submit.py:641} INFO - 25/02/15 17:15:08 INFO ResourceProfile: Limiting resource is cpu
[2025-02-15T17:15:08.021+0000] {spark_submit.py:641} INFO - 25/02/15 17:15:08 INFO ResourceProfileManager: Added ResourceProfile id: 0
[2025-02-15T17:15:08.065+0000] {spark_submit.py:641} INFO - 25/02/15 17:15:08 INFO SecurityManager: Changing view acls to: airflow
[2025-02-15T17:15:08.066+0000] {spark_submit.py:641} INFO - 25/02/15 17:15:08 INFO SecurityManager: Changing modify acls to: airflow
[2025-02-15T17:15:08.068+0000] {spark_submit.py:641} INFO - 25/02/15 17:15:08 INFO SecurityManager: Changing view acls groups to:
[2025-02-15T17:15:08.069+0000] {spark_submit.py:641} INFO - 25/02/15 17:15:08 INFO SecurityManager: Changing modify acls groups to:
[2025-02-15T17:15:08.071+0000] {spark_submit.py:641} INFO - 25/02/15 17:15:08 INFO SecurityManager: SecurityManager: authentication disabled; ui acls disabled; users  with view permissions: Set(airflow); groups with view permissions: Set(); users  with modify permissions: Set(airflow); groups with modify permissions: Set()
[2025-02-15T17:15:08.303+0000] {spark_submit.py:641} INFO - 25/02/15 17:15:08 INFO Utils: Successfully started service 'sparkDriver' on port 37309.
[2025-02-15T17:15:08.349+0000] {spark_submit.py:641} INFO - 25/02/15 17:15:08 INFO SparkEnv: Registering MapOutputTracker
[2025-02-15T17:15:08.385+0000] {spark_submit.py:641} INFO - 25/02/15 17:15:08 INFO SparkEnv: Registering BlockManagerMaster
[2025-02-15T17:15:08.409+0000] {spark_submit.py:641} INFO - 25/02/15 17:15:08 INFO BlockManagerMasterEndpoint: Using org.apache.spark.storage.DefaultTopologyMapper for getting topology information
[2025-02-15T17:15:08.411+0000] {spark_submit.py:641} INFO - 25/02/15 17:15:08 INFO BlockManagerMasterEndpoint: BlockManagerMasterEndpoint up
[2025-02-15T17:15:08.418+0000] {spark_submit.py:641} INFO - 25/02/15 17:15:08 INFO SparkEnv: Registering BlockManagerMasterHeartbeat
[2025-02-15T17:15:08.439+0000] {spark_submit.py:641} INFO - 25/02/15 17:15:08 INFO DiskBlockManager: Created local directory at /tmp/blockmgr-0b69a780-42c5-4032-8820-f9440f637874
[2025-02-15T17:15:08.457+0000] {spark_submit.py:641} INFO - 25/02/15 17:15:08 INFO MemoryStore: MemoryStore started with capacity 434.4 MiB
[2025-02-15T17:15:08.476+0000] {spark_submit.py:641} INFO - 25/02/15 17:15:08 INFO SparkEnv: Registering OutputCommitCoordinator
[2025-02-15T17:15:08.666+0000] {spark_submit.py:641} INFO - 25/02/15 17:15:08 INFO Utils: Successfully started service 'SparkUI' on port 4040.
[2025-02-15T17:15:08.729+0000] {spark_submit.py:641} INFO - 25/02/15 17:15:08 INFO SparkContext: Added JAR /spark-scripts/jars/postgresql-42.2.18.jar at spark://***-airflow-scheduler:37309/jars/postgresql-42.2.18.jar with timestamp 1739639707953
[2025-02-15T17:15:08.731+0000] {spark_submit.py:641} INFO - 25/02/15 17:15:08 INFO SparkContext: Added file file:///home/airflow/.ivy2/jars/org.postgresql_postgresql-42.2.18.jar at file:///home/airflow/.ivy2/jars/org.postgresql_postgresql-42.2.18.jar with timestamp 1739639707953
[2025-02-15T17:15:08.733+0000] {spark_submit.py:641} INFO - 25/02/15 17:15:08 INFO Utils: Copying /home/airflow/.ivy2/jars/org.postgresql_postgresql-42.2.18.jar to /tmp/spark-560de1be-764f-4376-9e8c-712c24f73f9a/userFiles-81b760da-a907-45f5-a834-0e5ccfe189e9/org.postgresql_postgresql-42.2.18.jar
[2025-02-15T17:15:08.750+0000] {spark_submit.py:641} INFO - 25/02/15 17:15:08 INFO SparkContext: Added file file:///home/airflow/.ivy2/jars/org.checkerframework_checker-qual-3.5.0.jar at file:///home/airflow/.ivy2/jars/org.checkerframework_checker-qual-3.5.0.jar with timestamp 1739639707953
[2025-02-15T17:15:08.752+0000] {spark_submit.py:641} INFO - 25/02/15 17:15:08 INFO Utils: Copying /home/airflow/.ivy2/jars/org.checkerframework_checker-qual-3.5.0.jar to /tmp/spark-560de1be-764f-4376-9e8c-712c24f73f9a/userFiles-81b760da-a907-45f5-a834-0e5ccfe189e9/org.checkerframework_checker-qual-3.5.0.jar
[2025-02-15T17:15:08.822+0000] {spark_submit.py:641} INFO - 25/02/15 17:15:08 INFO Executor: Starting executor ID driver on host ***-airflow-scheduler
[2025-02-15T17:15:08.830+0000] {spark_submit.py:641} INFO - 25/02/15 17:15:08 INFO Executor: Starting executor with user classpath (userClassPathFirst = false): ''
[2025-02-15T17:15:08.840+0000] {spark_submit.py:641} INFO - 25/02/15 17:15:08 INFO Executor: Fetching file:///home/airflow/.ivy2/jars/org.postgresql_postgresql-42.2.18.jar with timestamp 1739639707953
[2025-02-15T17:15:08.863+0000] {spark_submit.py:641} INFO - 25/02/15 17:15:08 INFO Utils: /home/airflow/.ivy2/jars/org.postgresql_postgresql-42.2.18.jar has been previously copied to /tmp/spark-560de1be-764f-4376-9e8c-712c24f73f9a/userFiles-81b760da-a907-45f5-a834-0e5ccfe189e9/org.postgresql_postgresql-42.2.18.jar
[2025-02-15T17:15:08.875+0000] {spark_submit.py:641} INFO - 25/02/15 17:15:08 INFO Executor: Fetching file:///home/airflow/.ivy2/jars/org.checkerframework_checker-qual-3.5.0.jar with timestamp 1739639707953
[2025-02-15T17:15:08.877+0000] {spark_submit.py:641} INFO - 25/02/15 17:15:08 INFO Utils: /home/airflow/.ivy2/jars/org.checkerframework_checker-qual-3.5.0.jar has been previously copied to /tmp/spark-560de1be-764f-4376-9e8c-712c24f73f9a/userFiles-81b760da-a907-45f5-a834-0e5ccfe189e9/org.checkerframework_checker-qual-3.5.0.jar
[2025-02-15T17:15:08.894+0000] {spark_submit.py:641} INFO - 25/02/15 17:15:08 INFO Executor: Fetching spark://***-airflow-scheduler:37309/jars/postgresql-42.2.18.jar with timestamp 1739639707953
[2025-02-15T17:15:08.929+0000] {spark_submit.py:641} INFO - 25/02/15 17:15:08 INFO TransportClientFactory: Successfully created connection to ***-airflow-scheduler/172.19.0.6:37309 after 25 ms (0 ms spent in bootstraps)
[2025-02-15T17:15:08.935+0000] {spark_submit.py:641} INFO - 25/02/15 17:15:08 INFO Utils: Fetching spark://***-airflow-scheduler:37309/jars/postgresql-42.2.18.jar to /tmp/spark-560de1be-764f-4376-9e8c-712c24f73f9a/userFiles-81b760da-a907-45f5-a834-0e5ccfe189e9/fetchFileTemp10339946023577239967.tmp
[2025-02-15T17:15:09.023+0000] {spark_submit.py:641} INFO - 25/02/15 17:15:09 INFO Executor: Adding file:/tmp/spark-560de1be-764f-4376-9e8c-712c24f73f9a/userFiles-81b760da-a907-45f5-a834-0e5ccfe189e9/postgresql-42.2.18.jar to class loader
[2025-02-15T17:15:09.033+0000] {spark_submit.py:641} INFO - 25/02/15 17:15:09 INFO Utils: Successfully started service 'org.apache.spark.network.netty.NettyBlockTransferService' on port 33489.
[2025-02-15T17:15:09.035+0000] {spark_submit.py:641} INFO - 25/02/15 17:15:09 INFO NettyBlockTransferService: Server created on ***-airflow-scheduler:33489
[2025-02-15T17:15:09.037+0000] {spark_submit.py:641} INFO - 25/02/15 17:15:09 INFO BlockManager: Using org.apache.spark.storage.RandomBlockReplicationPolicy for block replication policy
[2025-02-15T17:15:09.041+0000] {spark_submit.py:641} INFO - 25/02/15 17:15:09 INFO BlockManagerMaster: Registering BlockManager BlockManagerId(driver, ***-airflow-scheduler, 33489, None)
[2025-02-15T17:15:09.045+0000] {spark_submit.py:641} INFO - 25/02/15 17:15:09 INFO BlockManagerMasterEndpoint: Registering block manager ***-airflow-scheduler:33489 with 434.4 MiB RAM, BlockManagerId(driver, ***-airflow-scheduler, 33489, None)
[2025-02-15T17:15:09.049+0000] {spark_submit.py:641} INFO - 25/02/15 17:15:09 INFO BlockManagerMaster: Registered BlockManager BlockManagerId(driver, ***-airflow-scheduler, 33489, None)
[2025-02-15T17:15:09.051+0000] {spark_submit.py:641} INFO - 25/02/15 17:15:09 INFO BlockManager: Initialized BlockManager: BlockManagerId(driver, ***-airflow-scheduler, 33489, None)
[2025-02-15T17:15:13.653+0000] {spark_submit.py:641} INFO - ---------------- MENAMPILKAN DATASET ----------------
[2025-02-15T17:15:13.954+0000] {spark_submit.py:641} INFO - +-----------+-----------------+---------+---------------+------+-------------------+---------------+---+--------------------+-----------------+---------------------+----------+------------------+
[2025-02-15T17:15:13.956+0000] {spark_submit.py:641} INFO - |employee_id|       department|   region|      education|gender|recruitment_channel|no_of_trainings|age|previous_year_rating|length_of_service|KPIs_met_more_than_80|awards_won|avg_training_score|
[2025-02-15T17:15:13.957+0000] {spark_submit.py:641} INFO - +-----------+-----------------+---------+---------------+------+-------------------+---------------+---+--------------------+-----------------+---------------------+----------+------------------+
[2025-02-15T17:15:13.958+0000] {spark_submit.py:641} INFO - |       8724|       Technology|region_26|      Bachelors|     m|           sourcing|              1| 24|                null|                1|                    1|         0|                77|
[2025-02-15T17:15:13.959+0000] {spark_submit.py:641} INFO - |      74430|               HR| region_4|      Bachelors|     f|              other|              1| 31|                   3|                5|                    0|         0|                51|
[2025-02-15T17:15:13.960+0000] {spark_submit.py:641} INFO - |      72255|Sales & Marketing|region_13|      Bachelors|     m|              other|              1| 31|                   1|                4|                    0|         0|                47|
[2025-02-15T17:15:13.961+0000] {spark_submit.py:641} INFO - |      38562|      Procurement| region_2|      Bachelors|     f|              other|              3| 31|                   2|                9|                    0|         0|                65|
[2025-02-15T17:15:13.963+0000] {spark_submit.py:641} INFO - |      64486|          Finance|region_29|      Bachelors|     m|           sourcing|              1| 30|                   4|                7|                    0|         0|                61|
[2025-02-15T17:15:13.965+0000] {spark_submit.py:641} INFO - |      46232|      Procurement| region_7|      Bachelors|     m|           sourcing|              1| 36|                   3|                2|                    0|         0|                68|
[2025-02-15T17:15:13.966+0000] {spark_submit.py:641} INFO - |      54542|          Finance| region_2|      Bachelors|     m|              other|              1| 33|                   5|                3|                    1|         0|                57|
[2025-02-15T17:15:13.968+0000] {spark_submit.py:641} INFO - |      67269|        Analytics|region_22|      Bachelors|     m|           sourcing|              2| 36|                   3|                3|                    0|         0|                85|
[2025-02-15T17:15:13.969+0000] {spark_submit.py:641} INFO - |      66174|       Technology| region_7|Masters & above|     m|              other|              1| 51|                   4|               11|                    0|         0|                75|
[2025-02-15T17:15:13.970+0000] {spark_submit.py:641} INFO - |      76303|       Technology|region_22|      Bachelors|     m|           sourcing|              1| 29|                   5|                2|                    1|         0|                76|
[2025-02-15T17:15:13.971+0000] {spark_submit.py:641} INFO - +-----------+-----------------+---------+---------------+------+-------------------+---------------+---+--------------------+-----------------+---------------------+----------+------------------+
[2025-02-15T17:15:13.973+0000] {spark_submit.py:641} INFO - only showing top 10 rows
[2025-02-15T17:15:13.974+0000] {spark_submit.py:641} INFO - 
[2025-02-15T17:15:13.975+0000] {spark_submit.py:641} INFO - ---------------- MENAMPILKAN TIPE DATA AWAL ----------------
[2025-02-15T17:15:13.976+0000] {spark_submit.py:641} INFO - root
[2025-02-15T17:15:13.977+0000] {spark_submit.py:641} INFO - |-- employee_id: string (nullable = true)
[2025-02-15T17:15:13.979+0000] {spark_submit.py:641} INFO - |-- department: string (nullable = true)
[2025-02-15T17:15:13.981+0000] {spark_submit.py:641} INFO - |-- region: string (nullable = true)
[2025-02-15T17:15:13.982+0000] {spark_submit.py:641} INFO - |-- education: string (nullable = true)
[2025-02-15T17:15:13.983+0000] {spark_submit.py:641} INFO - |-- gender: string (nullable = true)
[2025-02-15T17:15:13.985+0000] {spark_submit.py:641} INFO - |-- recruitment_channel: string (nullable = true)
[2025-02-15T17:15:13.986+0000] {spark_submit.py:641} INFO - |-- no_of_trainings: string (nullable = true)
[2025-02-15T17:15:13.987+0000] {spark_submit.py:641} INFO - |-- age: string (nullable = true)
[2025-02-15T17:15:13.989+0000] {spark_submit.py:641} INFO - |-- previous_year_rating: string (nullable = true)
[2025-02-15T17:15:13.990+0000] {spark_submit.py:641} INFO - |-- length_of_service: string (nullable = true)
[2025-02-15T17:15:13.990+0000] {spark_submit.py:641} INFO - |-- KPIs_met_more_than_80: string (nullable = true)
[2025-02-15T17:15:13.991+0000] {spark_submit.py:641} INFO - |-- awards_won: string (nullable = true)
[2025-02-15T17:15:13.992+0000] {spark_submit.py:641} INFO - |-- avg_training_score: string (nullable = true)
[2025-02-15T17:15:13.994+0000] {spark_submit.py:641} INFO - 
[2025-02-15T17:15:14.076+0000] {spark_submit.py:641} INFO - ---------------- MENAMPILKAN TIPE DATA HASIL TRANSFORMASI ----------------
[2025-02-15T17:15:14.080+0000] {spark_submit.py:641} INFO - root
[2025-02-15T17:15:14.081+0000] {spark_submit.py:641} INFO - |-- employee_id: string (nullable = true)
[2025-02-15T17:15:14.083+0000] {spark_submit.py:641} INFO - |-- department: string (nullable = true)
[2025-02-15T17:15:14.084+0000] {spark_submit.py:641} INFO - |-- region: string (nullable = true)
[2025-02-15T17:15:14.085+0000] {spark_submit.py:641} INFO - |-- education: string (nullable = true)
[2025-02-15T17:15:14.086+0000] {spark_submit.py:641} INFO - |-- gender: string (nullable = true)
[2025-02-15T17:15:14.088+0000] {spark_submit.py:641} INFO - |-- recruitment_channel: string (nullable = true)
[2025-02-15T17:15:14.089+0000] {spark_submit.py:641} INFO - |-- no_of_trainings: integer (nullable = true)
[2025-02-15T17:15:14.090+0000] {spark_submit.py:641} INFO - |-- age: integer (nullable = true)
[2025-02-15T17:15:14.091+0000] {spark_submit.py:641} INFO - |-- previous_year_rating: integer (nullable = true)
[2025-02-15T17:15:14.092+0000] {spark_submit.py:641} INFO - |-- length_of_service: integer (nullable = true)
[2025-02-15T17:15:14.093+0000] {spark_submit.py:641} INFO - |-- KPIs_met_more_than_80: integer (nullable = true)
[2025-02-15T17:15:14.094+0000] {spark_submit.py:641} INFO - |-- awards_won: integer (nullable = true)
[2025-02-15T17:15:14.097+0000] {spark_submit.py:641} INFO - |-- avg_training_score: integer (nullable = true)
[2025-02-15T17:15:14.098+0000] {spark_submit.py:641} INFO - 
[2025-02-15T17:15:14.100+0000] {spark_submit.py:641} INFO - ---------------- MENAMPILKAN BANYAK DATA NULL DI SETIAP KOLOM ----------------
[2025-02-15T17:15:15.087+0000] {spark_submit.py:641} INFO - +----------------+---------------+-----------+--------------+-----------+------------------------+--------------------+--------+-------------------------+----------------------+--------------------------+---------------+-----------------------+
[2025-02-15T17:15:15.089+0000] {spark_submit.py:641} INFO - |employee_id_null|department_null|region_null|education_null|gender_null|recruitment_channel_null|no_of_trainings_null|age_null|previous_year_rating_null|length_of_service_null|KPIs_met_more_than_80_null|awards_won_null|avg_training_score_nuli|
[2025-02-15T17:15:15.091+0000] {spark_submit.py:641} INFO - +----------------+---------------+-----------+--------------+-----------+------------------------+--------------------+--------+-------------------------+----------------------+--------------------------+---------------+-----------------------+
[2025-02-15T17:15:15.095+0000] {spark_submit.py:641} INFO - |               0|              0|          0|           771|          0|                       0|                   0|       0|                     1363|                     0|                         0|              0|                      0|
[2025-02-15T17:15:15.096+0000] {spark_submit.py:641} INFO - +----------------+---------------+-----------+--------------+-----------+------------------------+--------------------+--------+-------------------------+----------------------+--------------------------+---------------+-----------------------+
[2025-02-15T17:15:15.098+0000] {spark_submit.py:641} INFO - 
[2025-02-15T17:15:15.099+0000] {spark_submit.py:641} INFO - ---------------- NULL HANDLING PADA KOLOM EDUCATION & PREVIOUS_YEAR_RATING ----------------
[2025-02-15T17:15:15.622+0000] {spark_submit.py:641} INFO - +--------------+-------------------------+
[2025-02-15T17:15:15.625+0000] {spark_submit.py:641} INFO - |education_null|previous_year_rating_null|
[2025-02-15T17:15:15.629+0000] {spark_submit.py:641} INFO - +--------------+-------------------------+
[2025-02-15T17:15:15.632+0000] {spark_submit.py:641} INFO - |             0|                        0|
[2025-02-15T17:15:15.641+0000] {spark_submit.py:641} INFO - +--------------+-------------------------+
[2025-02-15T17:15:15.646+0000] {spark_submit.py:641} INFO - 
[2025-02-15T17:15:15.647+0000] {spark_submit.py:641} INFO - ---------------- MENAMPILKAN BANYAK DATA DUPLIKAT BERDASARKAN EMPLOYEE_ID ----------------
[2025-02-15T17:15:16.946+0000] {spark_submit.py:641} INFO - +-----------+------+
[2025-02-15T17:15:16.948+0000] {spark_submit.py:641} INFO - |employee_id|jumlah|
[2025-02-15T17:15:16.951+0000] {spark_submit.py:641} INFO - +-----------+------+
[2025-02-15T17:15:16.971+0000] {spark_submit.py:641} INFO - |      64573|     2|
[2025-02-15T17:15:16.979+0000] {spark_submit.py:641} INFO - |      49584|     3|
[2025-02-15T17:15:16.985+0000] {spark_submit.py:641} INFO - +-----------+------+
[2025-02-15T17:15:16.995+0000] {spark_submit.py:641} INFO - 
[2025-02-15T17:15:17.001+0000] {spark_submit.py:641} INFO - ---------------- MENAMPILKAN SEMUA BARIS DAN KOLOM DARI EMPLOYEE ID YANG DUPLIKAT ----------------
[2025-02-15T17:15:17.458+0000] {spark_submit.py:641} INFO - +-----------+----------+--------+---------+------+-------------------+---------------+---+--------------------+-----------------+---------------------+----------+------------------+
[2025-02-15T17:15:17.460+0000] {spark_submit.py:641} INFO - |employee_id|department|  region|education|gender|recruitment_channel|no_of_trainings|age|previous_year_rating|length_of_service|KPIs_met_more_than_80|awards_won|avg_training_score|
[2025-02-15T17:15:17.462+0000] {spark_submit.py:641} INFO - +-----------+----------+--------+---------+------+-------------------+---------------+---+--------------------+-----------------+---------------------+----------+------------------+
[2025-02-15T17:15:17.463+0000] {spark_submit.py:641} INFO - |      49584|        HR|region_7|Bachelors|     m|              other|              1| 33|                   1|                9|                    0|         0|                51|
[2025-02-15T17:15:17.466+0000] {spark_submit.py:641} INFO - |      49584|        HR|region_7|Bachelors|     m|              other|              1| 33|                   1|                9|                    0|         0|                51|
[2025-02-15T17:15:17.467+0000] {spark_submit.py:641} INFO - |      49584|        HR|region_7|Bachelors|     m|              other|              1| 33|                   1|                9|                    0|         0|                51|
[2025-02-15T17:15:17.468+0000] {spark_submit.py:641} INFO - |      64573|Technology|region_7|Bachelors|     f|           referred|              2| 30|                   5|                6|                    1|         0|                81|
[2025-02-15T17:15:17.472+0000] {spark_submit.py:641} INFO - |      64573|        HR|region_7|Bachelors|     f|           referred|              1| 35|                   5|                4|                    1|         0|                81|
[2025-02-15T17:15:17.474+0000] {spark_submit.py:641} INFO - +-----------+----------+--------+---------+------+-------------------+---------------+---+--------------------+-----------------+---------------------+----------+------------------+
[2025-02-15T17:15:17.475+0000] {spark_submit.py:641} INFO - 
[2025-02-15T17:15:17.476+0000] {spark_submit.py:641} INFO - ---------------- MENAMPILKAN HASIL DARI DATA DUPLIKASI YANG TELAH DIHANDLE BERDASARKAN KOLOM EMPLOYEE_ID DAN DEPARTMENT ----------------
[2025-02-15T17:15:18.146+0000] {spark_submit.py:641} INFO - +-----------+----------+--------+---------+------+-------------------+---------------+---+--------------------+-----------------+---------------------+----------+------------------+
[2025-02-15T17:15:18.148+0000] {spark_submit.py:641} INFO - |employee_id|department|  region|education|gender|recruitment_channel|no_of_trainings|age|previous_year_rating|length_of_service|KPIs_met_more_than_80|awards_won|avg_training_score|
[2025-02-15T17:15:18.149+0000] {spark_submit.py:641} INFO - +-----------+----------+--------+---------+------+-------------------+---------------+---+--------------------+-----------------+---------------------+----------+------------------+
[2025-02-15T17:15:18.151+0000] {spark_submit.py:641} INFO - |      49584|        HR|region_7|Bachelors|     m|              other|              1| 33|                   1|                9|                    0|         0|                51|
[2025-02-15T17:15:18.153+0000] {spark_submit.py:641} INFO - |      64573|        HR|region_7|Bachelors|     f|           referred|              1| 35|                   5|                4|                    1|         0|                81|
[2025-02-15T17:15:18.154+0000] {spark_submit.py:641} INFO - |      64573|Technology|region_7|Bachelors|     f|           referred|              2| 30|                   5|                6|                    1|         0|                81|
[2025-02-15T17:15:18.155+0000] {spark_submit.py:641} INFO - +-----------+----------+--------+---------+------+-------------------+---------------+---+--------------------+-----------------+---------------------+----------+------------------+
[2025-02-15T17:15:18.157+0000] {spark_submit.py:641} INFO - 
[2025-02-15T17:15:20.687+0000] {spark_submit.py:641} INFO - ---------------- MENAMPILKAN DATA HASIL TRANSFORMASI YANG DILOAD KE POSTGRES ----------------
[2025-02-15T17:15:20.814+0000] {spark_submit.py:641} INFO - +-----------+-----------------+---------+---------------+------+-------------------+---------------+---+--------------------+-----------------+---------------------+----------+------------------+
[2025-02-15T17:15:20.816+0000] {spark_submit.py:641} INFO - |employee_id|       department|   region|      education|gender|recruitment_channel|no_of_trainings|age|previous_year_rating|length_of_service|KPIs_met_more_than_80|awards_won|avg_training_score|
[2025-02-15T17:15:20.817+0000] {spark_submit.py:641} INFO - +-----------+-----------------+---------+---------------+------+-------------------+---------------+---+--------------------+-----------------+---------------------+----------+------------------+
[2025-02-15T17:15:20.818+0000] {spark_submit.py:641} INFO - |      10009|Sales & Marketing| region_2|        unknown|     m|           sourcing|              2| 21|                   0|                1|                    0|         0|                52|
[2025-02-15T17:15:20.819+0000] {spark_submit.py:641} INFO - |       1001|            Legal| region_2|      Bachelors|     m|              other|              1| 31|                   0|                1|                    0|         0|                58|
[2025-02-15T17:15:20.821+0000] {spark_submit.py:641} INFO - |      10012|            Legal|region_22|      Bachelors|     m|           sourcing|              1| 28|                   5|                4|                    1|         0|                60|
[2025-02-15T17:15:20.822+0000] {spark_submit.py:641} INFO - |      10019|Sales & Marketing|region_18|      Bachelors|     m|           sourcing|              1| 28|                   0|                1|                    0|         0|                44|
[2025-02-15T17:15:20.823+0000] {spark_submit.py:641} INFO - |      10021|Sales & Marketing|region_15|      Bachelors|     f|           sourcing|              1| 41|                   1|                7|                    1|         0|                47|
[2025-02-15T17:15:20.824+0000] {spark_submit.py:641} INFO - |      10024|       Technology| region_2|Below Secondary|     f|              other|              1| 22|                   0|                1|                    1|         0|                82|
[2025-02-15T17:15:20.825+0000] {spark_submit.py:641} INFO - |       1003|               HR| region_2|Masters & above|     m|              other|              1| 39|                   4|                8|                    0|         0|                49|
[2025-02-15T17:15:20.826+0000] {spark_submit.py:641} INFO - |      10034|               HR| region_2|      Bachelors|     f|           referred|              1| 25|                   0|                1|                    1|         0|                55|
[2025-02-15T17:15:20.827+0000] {spark_submit.py:641} INFO - |      10035|       Operations| region_2|Masters & above|     m|           sourcing|              2| 44|                   5|                7|                    1|         0|                61|
[2025-02-15T17:15:20.829+0000] {spark_submit.py:641} INFO - |      10036|       Technology|region_26|Masters & above|     m|              other|              1| 40|                   5|                4|                    1|         0|                78|
[2025-02-15T17:15:20.830+0000] {spark_submit.py:641} INFO - |      10038|      Procurement|region_29|      Bachelors|     f|              other|              1| 31|                   4|                3|                    0|         0|                71|
[2025-02-15T17:15:20.831+0000] {spark_submit.py:641} INFO - |      10043|       Operations|region_13|Masters & above|     m|              other|              1| 52|                   5|               17|                    0|         0|                70|
[2025-02-15T17:15:20.832+0000] {spark_submit.py:641} INFO - |      10048|       Operations| region_2|Masters & above|     f|           sourcing|              1| 38|                   5|                4|                    1|         0|                58|
[2025-02-15T17:15:20.833+0000] {spark_submit.py:641} INFO - |      10050|            Legal| region_2|      Bachelors|     m|           sourcing|              1| 46|                   5|                6|                    0|         0|                61|
[2025-02-15T17:15:20.834+0000] {spark_submit.py:641} INFO - |      10055|Sales & Marketing| region_2|        unknown|     m|              other|              1| 27|                   1|                4|                    0|         0|                49|
[2025-02-15T17:15:20.835+0000] {spark_submit.py:641} INFO - |      10059|        Analytics|region_34|      Bachelors|     m|           sourcing|              3| 27|                   3|                2|                    0|         0|                83|
[2025-02-15T17:15:20.836+0000] {spark_submit.py:641} INFO - |      10076|Sales & Marketing| region_2|      Bachelors|     f|           sourcing|              1| 27|                   1|                3|                    0|         0|                44|
[2025-02-15T17:15:20.838+0000] {spark_submit.py:641} INFO - |      10077|Sales & Marketing|region_22|      Bachelors|     m|           sourcing|              2| 31|                   2|                3|                    0|         0|                46|
[2025-02-15T17:15:20.839+0000] {spark_submit.py:641} INFO - |      10088|               HR| region_2|      Bachelors|     m|           sourcing|              1| 35|                   1|                3|                    1|         0|                48|
[2025-02-15T17:15:20.840+0000] {spark_submit.py:641} INFO - |       1009|       Operations| region_4|Masters & above|     m|           sourcing|              1| 48|                   3|               16|                    0|         0|                61|
[2025-02-15T17:15:20.841+0000] {spark_submit.py:641} INFO - +-----------+-----------------+---------+---------------+------+-------------------+---------------+---+--------------------+-----------------+---------------------+----------+------------------+
[2025-02-15T17:15:20.842+0000] {spark_submit.py:641} INFO - only showing top 20 rows
[2025-02-15T17:15:20.843+0000] {spark_submit.py:641} INFO - 
[2025-02-15T17:15:21.019+0000] {taskinstance.py:340} INFO - ::group::Post task execution logs
[2025-02-15T17:15:21.021+0000] {taskinstance.py:352} INFO - Marking task as SUCCESS. dag_id=***_elt_dag, task_id=etl_task, run_id=manual__2025-02-15T17:07:17.215441+00:00, execution_date=20250215T170717, start_date=20250215T171504, end_date=20250215T171521
[2025-02-15T17:15:21.051+0000] {local_task_job_runner.py:266} INFO - Task exited with return code 0
[2025-02-15T17:15:21.072+0000] {taskinstance.py:3895} INFO - 0 downstream tasks scheduled from follow-on schedule check
[2025-02-15T17:15:21.076+0000] {local_task_job_runner.py:245} INFO - ::endgroup::
