[2025-02-15T17:15:37.719+0000] {local_task_job_runner.py:123} INFO - ::group::Pre task execution logs
[2025-02-15T17:15:37.746+0000] {taskinstance.py:2613} INFO - Dependencies all met for dep_context=non-requeueable deps ti=<TaskInstance: finprode8_elt_dag.etl_task manual__2025-02-15T17:07:17.215441+00:00 [queued]>
[2025-02-15T17:15:37.761+0000] {taskinstance.py:2613} INFO - Dependencies all met for dep_context=requeueable deps ti=<TaskInstance: finprode8_elt_dag.etl_task manual__2025-02-15T17:07:17.215441+00:00 [queued]>
[2025-02-15T17:15:37.763+0000] {taskinstance.py:2866} INFO - Starting attempt 5 of 5
[2025-02-15T17:15:37.781+0000] {taskinstance.py:2889} INFO - Executing <Task(SparkSubmitOperator): etl_task> on 2025-02-15 17:07:17.215441+00:00
[2025-02-15T17:15:37.787+0000] {standard_task_runner.py:72} INFO - Started process 8490 to run task
[2025-02-15T17:15:37.791+0000] {standard_task_runner.py:104} INFO - Running: ['airflow', 'tasks', 'run', '***_elt_dag', 'etl_task', 'manual__2025-02-15T17:07:17.215441+00:00', '--job-id', '32', '--raw', '--subdir', 'DAGS_FOLDER/***_etl_dag.py', '--cfg-path', '/tmp/tmpgxhl2nw4']
[2025-02-15T17:15:37.796+0000] {standard_task_runner.py:105} INFO - Job 32: Subtask etl_task
[2025-02-15T17:15:37.822+0000] {logging_mixin.py:190} WARNING - /home/airflow/.local/lib/python3.9/site-packages/airflow/settings.py:209 DeprecationWarning: The sql_alchemy_conn option in [core] has been moved to the sql_alchemy_conn option in [database] - the old setting has been used, but please update your config.
[2025-02-15T17:15:37.871+0000] {task_command.py:467} INFO - Running <TaskInstance: finprode8_elt_dag.etl_task manual__2025-02-15T17:07:17.215441+00:00 [running]> on host ***-airflow-scheduler
[2025-02-15T17:15:37.982+0000] {taskinstance.py:3132} INFO - Exporting env vars: AIRFLOW_CTX_DAG_OWNER='ratih malini' AIRFLOW_CTX_DAG_ID='***_elt_dag' AIRFLOW_CTX_TASK_ID='etl_task' AIRFLOW_CTX_EXECUTION_DATE='2025-02-15T17:07:17.215441+00:00' AIRFLOW_CTX_TRY_NUMBER='5' AIRFLOW_CTX_DAG_RUN_ID='manual__2025-02-15T17:07:17.215441+00:00'
[2025-02-15T17:15:37.984+0000] {taskinstance.py:731} INFO - ::endgroup::
[2025-02-15T17:15:38.023+0000] {base.py:84} INFO - Retrieving connection 'spark_main'
[2025-02-15T17:15:38.026+0000] {spark_submit.py:474} INFO - Spark-Submit cmd: spark-submit --master spark://***-spark-master:7077 --packages org.postgresql:postgresql:42.2.18 --name arrow-spark /spark-scripts/***_etl.py
[2025-02-15T17:15:40.128+0000] {spark_submit.py:641} INFO - :: loading settings :: url = jar:file:/home/airflow/.local/lib/python3.9/site-packages/pyspark/jars/ivy-2.5.1.jar!/org/apache/ivy/core/settings/ivysettings.xml
[2025-02-15T17:15:40.228+0000] {spark_submit.py:641} INFO - Ivy Default Cache set to: /home/airflow/.ivy2/cache
[2025-02-15T17:15:40.230+0000] {spark_submit.py:641} INFO - The jars for the packages stored in: /home/airflow/.ivy2/jars
[2025-02-15T17:15:40.232+0000] {spark_submit.py:641} INFO - org.postgresql#postgresql added as a dependency
[2025-02-15T17:15:40.234+0000] {spark_submit.py:641} INFO - :: resolving dependencies :: org.apache.spark#spark-submit-parent-5d3250a3-9970-40ab-8381-e57cfd0f5710;1.0
[2025-02-15T17:15:40.236+0000] {spark_submit.py:641} INFO - confs: [default]
[2025-02-15T17:15:40.359+0000] {spark_submit.py:641} INFO - found org.postgresql#postgresql;42.2.18 in central
[2025-02-15T17:15:40.386+0000] {spark_submit.py:641} INFO - found org.checkerframework#checker-qual;3.5.0 in central
[2025-02-15T17:15:40.403+0000] {spark_submit.py:641} INFO - :: resolution report :: resolve 164ms :: artifacts dl 6ms
[2025-02-15T17:15:40.405+0000] {spark_submit.py:641} INFO - :: modules in use:
[2025-02-15T17:15:40.407+0000] {spark_submit.py:641} INFO - org.checkerframework#checker-qual;3.5.0 from central in [default]
[2025-02-15T17:15:40.408+0000] {spark_submit.py:641} INFO - org.postgresql#postgresql;42.2.18 from central in [default]
[2025-02-15T17:15:40.410+0000] {spark_submit.py:641} INFO - ---------------------------------------------------------------------
[2025-02-15T17:15:40.411+0000] {spark_submit.py:641} INFO - |                  |            modules            ||   artifacts   |
[2025-02-15T17:15:40.413+0000] {spark_submit.py:641} INFO - |       conf       | number| search|dwnlded|evicted|| number|dwnlded|
[2025-02-15T17:15:40.414+0000] {spark_submit.py:641} INFO - ---------------------------------------------------------------------
[2025-02-15T17:15:40.416+0000] {spark_submit.py:641} INFO - |      default     |   2   |   0   |   0   |   0   ||   2   |   0   |
[2025-02-15T17:15:40.417+0000] {spark_submit.py:641} INFO - ---------------------------------------------------------------------
[2025-02-15T17:15:40.419+0000] {spark_submit.py:641} INFO - :: retrieving :: org.apache.spark#spark-submit-parent-5d3250a3-9970-40ab-8381-e57cfd0f5710
[2025-02-15T17:15:40.421+0000] {spark_submit.py:641} INFO - confs: [default]
[2025-02-15T17:15:40.422+0000] {spark_submit.py:641} INFO - 0 artifacts copied, 2 already retrieved (0kB/7ms)
[2025-02-15T17:15:40.703+0000] {spark_submit.py:641} INFO - 25/02/15 17:15:40 WARN NativeCodeLoader: Unable to load native-hadoop library for your platform... using builtin-java classes where applicable
[2025-02-15T17:15:41.955+0000] {spark_submit.py:641} INFO - 25/02/15 17:15:41 INFO SparkContext: Running Spark version 3.3.2
[2025-02-15T17:15:41.981+0000] {spark_submit.py:641} INFO - 25/02/15 17:15:41 INFO ResourceUtils: ==============================================================
[2025-02-15T17:15:41.983+0000] {spark_submit.py:641} INFO - 25/02/15 17:15:41 INFO ResourceUtils: No custom resources configured for spark.driver.
[2025-02-15T17:15:41.984+0000] {spark_submit.py:641} INFO - 25/02/15 17:15:41 INFO ResourceUtils: ==============================================================
[2025-02-15T17:15:41.985+0000] {spark_submit.py:641} INFO - 25/02/15 17:15:41 INFO SparkContext: Submitted application: ***
[2025-02-15T17:15:42.008+0000] {spark_submit.py:641} INFO - 25/02/15 17:15:42 INFO ResourceProfile: Default ResourceProfile created, executor resources: Map(cores -> name: cores, amount: 1, script: , vendor: , memory -> name: memory, amount: 1024, script: , vendor: , offHeap -> name: offHeap, amount: 0, script: , vendor: ), task resources: Map(cpus -> name: cpus, amount: 1.0)
[2025-02-15T17:15:42.015+0000] {spark_submit.py:641} INFO - 25/02/15 17:15:42 INFO ResourceProfile: Limiting resource is cpu
[2025-02-15T17:15:42.017+0000] {spark_submit.py:641} INFO - 25/02/15 17:15:42 INFO ResourceProfileManager: Added ResourceProfile id: 0
[2025-02-15T17:15:42.085+0000] {spark_submit.py:641} INFO - 25/02/15 17:15:42 INFO SecurityManager: Changing view acls to: airflow
[2025-02-15T17:15:42.087+0000] {spark_submit.py:641} INFO - 25/02/15 17:15:42 INFO SecurityManager: Changing modify acls to: airflow
[2025-02-15T17:15:42.089+0000] {spark_submit.py:641} INFO - 25/02/15 17:15:42 INFO SecurityManager: Changing view acls groups to:
[2025-02-15T17:15:42.091+0000] {spark_submit.py:641} INFO - 25/02/15 17:15:42 INFO SecurityManager: Changing modify acls groups to:
[2025-02-15T17:15:42.092+0000] {spark_submit.py:641} INFO - 25/02/15 17:15:42 INFO SecurityManager: SecurityManager: authentication disabled; ui acls disabled; users  with view permissions: Set(airflow); groups with view permissions: Set(); users  with modify permissions: Set(airflow); groups with modify permissions: Set()
[2025-02-15T17:15:42.401+0000] {spark_submit.py:641} INFO - 25/02/15 17:15:42 INFO Utils: Successfully started service 'sparkDriver' on port 40469.
[2025-02-15T17:15:42.453+0000] {spark_submit.py:641} INFO - 25/02/15 17:15:42 INFO SparkEnv: Registering MapOutputTracker
[2025-02-15T17:15:42.499+0000] {spark_submit.py:641} INFO - 25/02/15 17:15:42 INFO SparkEnv: Registering BlockManagerMaster
[2025-02-15T17:15:42.528+0000] {spark_submit.py:641} INFO - 25/02/15 17:15:42 INFO BlockManagerMasterEndpoint: Using org.apache.spark.storage.DefaultTopologyMapper for getting topology information
[2025-02-15T17:15:42.530+0000] {spark_submit.py:641} INFO - 25/02/15 17:15:42 INFO BlockManagerMasterEndpoint: BlockManagerMasterEndpoint up
[2025-02-15T17:15:42.537+0000] {spark_submit.py:641} INFO - 25/02/15 17:15:42 INFO SparkEnv: Registering BlockManagerMasterHeartbeat
[2025-02-15T17:15:42.569+0000] {spark_submit.py:641} INFO - 25/02/15 17:15:42 INFO DiskBlockManager: Created local directory at /tmp/blockmgr-2395845a-ceaf-4057-a3d9-e1d195e7e9c2
[2025-02-15T17:15:42.588+0000] {spark_submit.py:641} INFO - 25/02/15 17:15:42 INFO MemoryStore: MemoryStore started with capacity 434.4 MiB
[2025-02-15T17:15:42.606+0000] {spark_submit.py:641} INFO - 25/02/15 17:15:42 INFO SparkEnv: Registering OutputCommitCoordinator
[2025-02-15T17:15:42.892+0000] {spark_submit.py:641} INFO - 25/02/15 17:15:42 INFO Utils: Successfully started service 'SparkUI' on port 4040.
[2025-02-15T17:15:42.940+0000] {spark_submit.py:641} INFO - 25/02/15 17:15:42 INFO SparkContext: Added JAR /spark-scripts/jars/postgresql-42.2.18.jar at spark://***-airflow-scheduler:40469/jars/postgresql-42.2.18.jar with timestamp 1739639741945
[2025-02-15T17:15:42.943+0000] {spark_submit.py:641} INFO - 25/02/15 17:15:42 INFO SparkContext: Added file file:///home/airflow/.ivy2/jars/org.postgresql_postgresql-42.2.18.jar at file:///home/airflow/.ivy2/jars/org.postgresql_postgresql-42.2.18.jar with timestamp 1739639741945
[2025-02-15T17:15:42.945+0000] {spark_submit.py:641} INFO - 25/02/15 17:15:42 INFO Utils: Copying /home/airflow/.ivy2/jars/org.postgresql_postgresql-42.2.18.jar to /tmp/spark-f46ff8eb-3466-4a38-bda8-639a07032351/userFiles-a1d805c2-e78e-44d7-b4bb-3ab13f96d470/org.postgresql_postgresql-42.2.18.jar
[2025-02-15T17:15:42.965+0000] {spark_submit.py:641} INFO - 25/02/15 17:15:42 INFO SparkContext: Added file file:///home/airflow/.ivy2/jars/org.checkerframework_checker-qual-3.5.0.jar at file:///home/airflow/.ivy2/jars/org.checkerframework_checker-qual-3.5.0.jar with timestamp 1739639741945
[2025-02-15T17:15:42.967+0000] {spark_submit.py:641} INFO - 25/02/15 17:15:42 INFO Utils: Copying /home/airflow/.ivy2/jars/org.checkerframework_checker-qual-3.5.0.jar to /tmp/spark-f46ff8eb-3466-4a38-bda8-639a07032351/userFiles-a1d805c2-e78e-44d7-b4bb-3ab13f96d470/org.checkerframework_checker-qual-3.5.0.jar
[2025-02-15T17:15:43.044+0000] {spark_submit.py:641} INFO - 25/02/15 17:15:43 INFO Executor: Starting executor ID driver on host ***-airflow-scheduler
[2025-02-15T17:15:43.050+0000] {spark_submit.py:641} INFO - 25/02/15 17:15:43 INFO Executor: Starting executor with user classpath (userClassPathFirst = false): ''
[2025-02-15T17:15:43.061+0000] {spark_submit.py:641} INFO - 25/02/15 17:15:43 INFO Executor: Fetching file:///home/airflow/.ivy2/jars/org.postgresql_postgresql-42.2.18.jar with timestamp 1739639741945
[2025-02-15T17:15:43.087+0000] {spark_submit.py:641} INFO - 25/02/15 17:15:43 INFO Utils: /home/airflow/.ivy2/jars/org.postgresql_postgresql-42.2.18.jar has been previously copied to /tmp/spark-f46ff8eb-3466-4a38-bda8-639a07032351/userFiles-a1d805c2-e78e-44d7-b4bb-3ab13f96d470/org.postgresql_postgresql-42.2.18.jar
[2025-02-15T17:15:43.093+0000] {spark_submit.py:641} INFO - 25/02/15 17:15:43 INFO Executor: Fetching file:///home/airflow/.ivy2/jars/org.checkerframework_checker-qual-3.5.0.jar with timestamp 1739639741945
[2025-02-15T17:15:43.095+0000] {spark_submit.py:641} INFO - 25/02/15 17:15:43 INFO Utils: /home/airflow/.ivy2/jars/org.checkerframework_checker-qual-3.5.0.jar has been previously copied to /tmp/spark-f46ff8eb-3466-4a38-bda8-639a07032351/userFiles-a1d805c2-e78e-44d7-b4bb-3ab13f96d470/org.checkerframework_checker-qual-3.5.0.jar
[2025-02-15T17:15:43.102+0000] {spark_submit.py:641} INFO - 25/02/15 17:15:43 INFO Executor: Fetching spark://***-airflow-scheduler:40469/jars/postgresql-42.2.18.jar with timestamp 1739639741945
[2025-02-15T17:15:43.157+0000] {spark_submit.py:641} INFO - 25/02/15 17:15:43 INFO TransportClientFactory: Successfully created connection to ***-airflow-scheduler/172.19.0.6:40469 after 35 ms (0 ms spent in bootstraps)
[2025-02-15T17:15:43.162+0000] {spark_submit.py:641} INFO - 25/02/15 17:15:43 INFO Utils: Fetching spark://***-airflow-scheduler:40469/jars/postgresql-42.2.18.jar to /tmp/spark-f46ff8eb-3466-4a38-bda8-639a07032351/userFiles-a1d805c2-e78e-44d7-b4bb-3ab13f96d470/fetchFileTemp3636932370627326246.tmp
[2025-02-15T17:15:43.226+0000] {spark_submit.py:641} INFO - 25/02/15 17:15:43 INFO Executor: Adding file:/tmp/spark-f46ff8eb-3466-4a38-bda8-639a07032351/userFiles-a1d805c2-e78e-44d7-b4bb-3ab13f96d470/postgresql-42.2.18.jar to class loader
[2025-02-15T17:15:43.233+0000] {spark_submit.py:641} INFO - 25/02/15 17:15:43 INFO Utils: Successfully started service 'org.apache.spark.network.netty.NettyBlockTransferService' on port 35345.
[2025-02-15T17:15:43.234+0000] {spark_submit.py:641} INFO - 25/02/15 17:15:43 INFO NettyBlockTransferService: Server created on ***-airflow-scheduler:35345
[2025-02-15T17:15:43.236+0000] {spark_submit.py:641} INFO - 25/02/15 17:15:43 INFO BlockManager: Using org.apache.spark.storage.RandomBlockReplicationPolicy for block replication policy
[2025-02-15T17:15:43.244+0000] {spark_submit.py:641} INFO - 25/02/15 17:15:43 INFO BlockManagerMaster: Registering BlockManager BlockManagerId(driver, ***-airflow-scheduler, 35345, None)
[2025-02-15T17:15:43.247+0000] {spark_submit.py:641} INFO - 25/02/15 17:15:43 INFO BlockManagerMasterEndpoint: Registering block manager ***-airflow-scheduler:35345 with 434.4 MiB RAM, BlockManagerId(driver, ***-airflow-scheduler, 35345, None)
[2025-02-15T17:15:43.250+0000] {spark_submit.py:641} INFO - 25/02/15 17:15:43 INFO BlockManagerMaster: Registered BlockManager BlockManagerId(driver, ***-airflow-scheduler, 35345, None)
[2025-02-15T17:15:43.252+0000] {spark_submit.py:641} INFO - 25/02/15 17:15:43 INFO BlockManager: Initialized BlockManager: BlockManagerId(driver, ***-airflow-scheduler, 35345, None)
[2025-02-15T17:15:47.524+0000] {spark_submit.py:641} INFO - ---------------- MENAMPILKAN DATASET ----------------
[2025-02-15T17:15:47.782+0000] {spark_submit.py:641} INFO - +-----------+-----------------+---------+---------------+------+-------------------+---------------+---+--------------------+-----------------+---------------------+----------+------------------+
[2025-02-15T17:15:47.784+0000] {spark_submit.py:641} INFO - |employee_id|       department|   region|      education|gender|recruitment_channel|no_of_trainings|age|previous_year_rating|length_of_service|KPIs_met_more_than_80|awards_won|avg_training_score|
[2025-02-15T17:15:47.786+0000] {spark_submit.py:641} INFO - +-----------+-----------------+---------+---------------+------+-------------------+---------------+---+--------------------+-----------------+---------------------+----------+------------------+
[2025-02-15T17:15:47.788+0000] {spark_submit.py:641} INFO - |       8724|       Technology|region_26|      Bachelors|     m|           sourcing|              1| 24|                null|                1|                    1|         0|                77|
[2025-02-15T17:15:47.791+0000] {spark_submit.py:641} INFO - |      74430|               HR| region_4|      Bachelors|     f|              other|              1| 31|                   3|                5|                    0|         0|                51|
[2025-02-15T17:15:47.793+0000] {spark_submit.py:641} INFO - |      72255|Sales & Marketing|region_13|      Bachelors|     m|              other|              1| 31|                   1|                4|                    0|         0|                47|
[2025-02-15T17:15:47.794+0000] {spark_submit.py:641} INFO - |      38562|      Procurement| region_2|      Bachelors|     f|              other|              3| 31|                   2|                9|                    0|         0|                65|
[2025-02-15T17:15:47.796+0000] {spark_submit.py:641} INFO - |      64486|          Finance|region_29|      Bachelors|     m|           sourcing|              1| 30|                   4|                7|                    0|         0|                61|
[2025-02-15T17:15:47.797+0000] {spark_submit.py:641} INFO - |      46232|      Procurement| region_7|      Bachelors|     m|           sourcing|              1| 36|                   3|                2|                    0|         0|                68|
[2025-02-15T17:15:47.798+0000] {spark_submit.py:641} INFO - |      54542|          Finance| region_2|      Bachelors|     m|              other|              1| 33|                   5|                3|                    1|         0|                57|
[2025-02-15T17:15:47.800+0000] {spark_submit.py:641} INFO - |      67269|        Analytics|region_22|      Bachelors|     m|           sourcing|              2| 36|                   3|                3|                    0|         0|                85|
[2025-02-15T17:15:47.801+0000] {spark_submit.py:641} INFO - |      66174|       Technology| region_7|Masters & above|     m|              other|              1| 51|                   4|               11|                    0|         0|                75|
[2025-02-15T17:15:47.802+0000] {spark_submit.py:641} INFO - |      76303|       Technology|region_22|      Bachelors|     m|           sourcing|              1| 29|                   5|                2|                    1|         0|                76|
[2025-02-15T17:15:47.804+0000] {spark_submit.py:641} INFO - +-----------+-----------------+---------+---------------+------+-------------------+---------------+---+--------------------+-----------------+---------------------+----------+------------------+
[2025-02-15T17:15:47.805+0000] {spark_submit.py:641} INFO - only showing top 10 rows
[2025-02-15T17:15:47.807+0000] {spark_submit.py:641} INFO - 
[2025-02-15T17:15:47.808+0000] {spark_submit.py:641} INFO - ---------------- MENAMPILKAN TIPE DATA AWAL ----------------
[2025-02-15T17:15:47.810+0000] {spark_submit.py:641} INFO - root
[2025-02-15T17:15:47.811+0000] {spark_submit.py:641} INFO - |-- employee_id: string (nullable = true)
[2025-02-15T17:15:47.812+0000] {spark_submit.py:641} INFO - |-- department: string (nullable = true)
[2025-02-15T17:15:47.813+0000] {spark_submit.py:641} INFO - |-- region: string (nullable = true)
[2025-02-15T17:15:47.814+0000] {spark_submit.py:641} INFO - |-- education: string (nullable = true)
[2025-02-15T17:15:47.815+0000] {spark_submit.py:641} INFO - |-- gender: string (nullable = true)
[2025-02-15T17:15:47.816+0000] {spark_submit.py:641} INFO - |-- recruitment_channel: string (nullable = true)
[2025-02-15T17:15:47.819+0000] {spark_submit.py:641} INFO - |-- no_of_trainings: string (nullable = true)
[2025-02-15T17:15:47.820+0000] {spark_submit.py:641} INFO - |-- age: string (nullable = true)
[2025-02-15T17:15:47.822+0000] {spark_submit.py:641} INFO - |-- previous_year_rating: string (nullable = true)
[2025-02-15T17:15:47.824+0000] {spark_submit.py:641} INFO - |-- length_of_service: string (nullable = true)
[2025-02-15T17:15:47.826+0000] {spark_submit.py:641} INFO - |-- KPIs_met_more_than_80: string (nullable = true)
[2025-02-15T17:15:47.827+0000] {spark_submit.py:641} INFO - |-- awards_won: string (nullable = true)
[2025-02-15T17:15:47.828+0000] {spark_submit.py:641} INFO - |-- avg_training_score: string (nullable = true)
[2025-02-15T17:15:47.829+0000] {spark_submit.py:641} INFO - 
[2025-02-15T17:15:47.894+0000] {spark_submit.py:641} INFO - ---------------- MENAMPILKAN TIPE DATA HASIL TRANSFORMASI ----------------
[2025-02-15T17:15:47.896+0000] {spark_submit.py:641} INFO - root
[2025-02-15T17:15:47.897+0000] {spark_submit.py:641} INFO - |-- employee_id: string (nullable = true)
[2025-02-15T17:15:47.898+0000] {spark_submit.py:641} INFO - |-- department: string (nullable = true)
[2025-02-15T17:15:47.899+0000] {spark_submit.py:641} INFO - |-- region: string (nullable = true)
[2025-02-15T17:15:47.901+0000] {spark_submit.py:641} INFO - |-- education: string (nullable = true)
[2025-02-15T17:15:47.902+0000] {spark_submit.py:641} INFO - |-- gender: string (nullable = true)
[2025-02-15T17:15:47.903+0000] {spark_submit.py:641} INFO - |-- recruitment_channel: string (nullable = true)
[2025-02-15T17:15:47.905+0000] {spark_submit.py:641} INFO - |-- no_of_trainings: integer (nullable = true)
[2025-02-15T17:15:47.906+0000] {spark_submit.py:641} INFO - |-- age: integer (nullable = true)
[2025-02-15T17:15:47.908+0000] {spark_submit.py:641} INFO - |-- previous_year_rating: integer (nullable = true)
[2025-02-15T17:15:47.909+0000] {spark_submit.py:641} INFO - |-- length_of_service: integer (nullable = true)
[2025-02-15T17:15:47.910+0000] {spark_submit.py:641} INFO - |-- KPIs_met_more_than_80: integer (nullable = true)
[2025-02-15T17:15:47.912+0000] {spark_submit.py:641} INFO - |-- awards_won: integer (nullable = true)
[2025-02-15T17:15:47.914+0000] {spark_submit.py:641} INFO - |-- avg_training_score: integer (nullable = true)
[2025-02-15T17:15:47.915+0000] {spark_submit.py:641} INFO - 
[2025-02-15T17:15:47.916+0000] {spark_submit.py:641} INFO - ---------------- MENAMPILKAN BANYAK DATA NULL DI SETIAP KOLOM ----------------
[2025-02-15T17:15:48.870+0000] {spark_submit.py:641} INFO - +----------------+---------------+-----------+--------------+-----------+------------------------+--------------------+--------+-------------------------+----------------------+--------------------------+---------------+-----------------------+
[2025-02-15T17:15:48.872+0000] {spark_submit.py:641} INFO - |employee_id_null|department_null|region_null|education_null|gender_null|recruitment_channel_null|no_of_trainings_null|age_null|previous_year_rating_null|length_of_service_null|KPIs_met_more_than_80_null|awards_won_null|avg_training_score_nuli|
[2025-02-15T17:15:48.874+0000] {spark_submit.py:641} INFO - +----------------+---------------+-----------+--------------+-----------+------------------------+--------------------+--------+-------------------------+----------------------+--------------------------+---------------+-----------------------+
[2025-02-15T17:15:48.875+0000] {spark_submit.py:641} INFO - |               0|              0|          0|           771|          0|                       0|                   0|       0|                     1363|                     0|                         0|              0|                      0|
[2025-02-15T17:15:48.877+0000] {spark_submit.py:641} INFO - +----------------+---------------+-----------+--------------+-----------+------------------------+--------------------+--------+-------------------------+----------------------+--------------------------+---------------+-----------------------+
[2025-02-15T17:15:48.878+0000] {spark_submit.py:641} INFO - 
[2025-02-15T17:15:48.879+0000] {spark_submit.py:641} INFO - ---------------- NULL HANDLING PADA KOLOM EDUCATION & PREVIOUS_YEAR_RATING ----------------
[2025-02-15T17:15:49.165+0000] {spark_submit.py:641} INFO - +--------------+-------------------------+
[2025-02-15T17:15:49.168+0000] {spark_submit.py:641} INFO - |education_null|previous_year_rating_null|
[2025-02-15T17:15:49.169+0000] {spark_submit.py:641} INFO - +--------------+-------------------------+
[2025-02-15T17:15:49.171+0000] {spark_submit.py:641} INFO - |             0|                        0|
[2025-02-15T17:15:49.172+0000] {spark_submit.py:641} INFO - +--------------+-------------------------+
[2025-02-15T17:15:49.174+0000] {spark_submit.py:641} INFO - 
[2025-02-15T17:15:49.176+0000] {spark_submit.py:641} INFO - ---------------- MENAMPILKAN BANYAK DATA DUPLIKAT BERDASARKAN EMPLOYEE_ID ----------------
[2025-02-15T17:15:50.075+0000] {spark_submit.py:641} INFO - +-----------+------+
[2025-02-15T17:15:50.077+0000] {spark_submit.py:641} INFO - |employee_id|jumlah|
[2025-02-15T17:15:50.078+0000] {spark_submit.py:641} INFO - +-----------+------+
[2025-02-15T17:15:50.079+0000] {spark_submit.py:641} INFO - |      64573|     2|
[2025-02-15T17:15:50.081+0000] {spark_submit.py:641} INFO - |      49584|     3|
[2025-02-15T17:15:50.082+0000] {spark_submit.py:641} INFO - +-----------+------+
[2025-02-15T17:15:50.083+0000] {spark_submit.py:641} INFO - 
[2025-02-15T17:15:50.084+0000] {spark_submit.py:641} INFO - ---------------- MENAMPILKAN SEMUA BARIS DAN KOLOM DARI EMPLOYEE ID YANG DUPLIKAT ----------------
[2025-02-15T17:15:50.505+0000] {spark_submit.py:641} INFO - +-----------+----------+--------+---------+------+-------------------+---------------+---+--------------------+-----------------+---------------------+----------+------------------+
[2025-02-15T17:15:50.506+0000] {spark_submit.py:641} INFO - |employee_id|department|  region|education|gender|recruitment_channel|no_of_trainings|age|previous_year_rating|length_of_service|KPIs_met_more_than_80|awards_won|avg_training_score|
[2025-02-15T17:15:50.508+0000] {spark_submit.py:641} INFO - +-----------+----------+--------+---------+------+-------------------+---------------+---+--------------------+-----------------+---------------------+----------+------------------+
[2025-02-15T17:15:50.509+0000] {spark_submit.py:641} INFO - |      49584|        HR|region_7|Bachelors|     m|              other|              1| 33|                   1|                9|                    0|         0|                51|
[2025-02-15T17:15:50.510+0000] {spark_submit.py:641} INFO - |      49584|        HR|region_7|Bachelors|     m|              other|              1| 33|                   1|                9|                    0|         0|                51|
[2025-02-15T17:15:50.512+0000] {spark_submit.py:641} INFO - |      49584|        HR|region_7|Bachelors|     m|              other|              1| 33|                   1|                9|                    0|         0|                51|
[2025-02-15T17:15:50.513+0000] {spark_submit.py:641} INFO - |      64573|Technology|region_7|Bachelors|     f|           referred|              2| 30|                   5|                6|                    1|         0|                81|
[2025-02-15T17:15:50.514+0000] {spark_submit.py:641} INFO - |      64573|        HR|region_7|Bachelors|     f|           referred|              1| 35|                   5|                4|                    1|         0|                81|
[2025-02-15T17:15:50.516+0000] {spark_submit.py:641} INFO - +-----------+----------+--------+---------+------+-------------------+---------------+---+--------------------+-----------------+---------------------+----------+------------------+
[2025-02-15T17:15:50.517+0000] {spark_submit.py:641} INFO - 
[2025-02-15T17:15:50.518+0000] {spark_submit.py:641} INFO - ---------------- MENAMPILKAN HASIL DARI DATA DUPLIKASI YANG TELAH DIHANDLE BERDASARKAN KOLOM EMPLOYEE_ID DAN DEPARTMENT ----------------
[2025-02-15T17:15:51.134+0000] {spark_submit.py:641} INFO - +-----------+----------+--------+---------+------+-------------------+---------------+---+--------------------+-----------------+---------------------+----------+------------------+
[2025-02-15T17:15:51.136+0000] {spark_submit.py:641} INFO - |employee_id|department|  region|education|gender|recruitment_channel|no_of_trainings|age|previous_year_rating|length_of_service|KPIs_met_more_than_80|awards_won|avg_training_score|
[2025-02-15T17:15:51.137+0000] {spark_submit.py:641} INFO - +-----------+----------+--------+---------+------+-------------------+---------------+---+--------------------+-----------------+---------------------+----------+------------------+
[2025-02-15T17:15:51.138+0000] {spark_submit.py:641} INFO - |      49584|        HR|region_7|Bachelors|     m|              other|              1| 33|                   1|                9|                    0|         0|                51|
[2025-02-15T17:15:51.140+0000] {spark_submit.py:641} INFO - |      64573|        HR|region_7|Bachelors|     f|           referred|              1| 35|                   5|                4|                    1|         0|                81|
[2025-02-15T17:15:51.141+0000] {spark_submit.py:641} INFO - |      64573|Technology|region_7|Bachelors|     f|           referred|              2| 30|                   5|                6|                    1|         0|                81|
[2025-02-15T17:15:51.143+0000] {spark_submit.py:641} INFO - +-----------+----------+--------+---------+------+-------------------+---------------+---+--------------------+-----------------+---------------------+----------+------------------+
[2025-02-15T17:15:51.145+0000] {spark_submit.py:641} INFO - 
[2025-02-15T17:15:52.929+0000] {spark_submit.py:641} INFO - ---------------- MENAMPILKAN DATA HASIL TRANSFORMASI YANG SUDAH DILOAD KE POSTGRES ----------------
[2025-02-15T17:15:53.058+0000] {spark_submit.py:641} INFO - +-----------+-----------------+---------+---------------+------+-------------------+---------------+---+--------------------+-----------------+---------------------+----------+------------------+
[2025-02-15T17:15:53.061+0000] {spark_submit.py:641} INFO - |employee_id|       department|   region|      education|gender|recruitment_channel|no_of_trainings|age|previous_year_rating|length_of_service|KPIs_met_more_than_80|awards_won|avg_training_score|
[2025-02-15T17:15:53.062+0000] {spark_submit.py:641} INFO - +-----------+-----------------+---------+---------------+------+-------------------+---------------+---+--------------------+-----------------+---------------------+----------+------------------+
[2025-02-15T17:15:53.063+0000] {spark_submit.py:641} INFO - |      10009|Sales & Marketing| region_2|        unknown|     m|           sourcing|              2| 21|                   0|                1|                    0|         0|                52|
[2025-02-15T17:15:53.064+0000] {spark_submit.py:641} INFO - |       1001|            Legal| region_2|      Bachelors|     m|              other|              1| 31|                   0|                1|                    0|         0|                58|
[2025-02-15T17:15:53.065+0000] {spark_submit.py:641} INFO - |      10012|            Legal|region_22|      Bachelors|     m|           sourcing|              1| 28|                   5|                4|                    1|         0|                60|
[2025-02-15T17:15:53.066+0000] {spark_submit.py:641} INFO - |      10019|Sales & Marketing|region_18|      Bachelors|     m|           sourcing|              1| 28|                   0|                1|                    0|         0|                44|
[2025-02-15T17:15:53.067+0000] {spark_submit.py:641} INFO - |      10021|Sales & Marketing|region_15|      Bachelors|     f|           sourcing|              1| 41|                   1|                7|                    1|         0|                47|
[2025-02-15T17:15:53.070+0000] {spark_submit.py:641} INFO - |      10024|       Technology| region_2|Below Secondary|     f|              other|              1| 22|                   0|                1|                    1|         0|                82|
[2025-02-15T17:15:53.071+0000] {spark_submit.py:641} INFO - |       1003|               HR| region_2|Masters & above|     m|              other|              1| 39|                   4|                8|                    0|         0|                49|
[2025-02-15T17:15:53.073+0000] {spark_submit.py:641} INFO - |      10034|               HR| region_2|      Bachelors|     f|           referred|              1| 25|                   0|                1|                    1|         0|                55|
[2025-02-15T17:15:53.075+0000] {spark_submit.py:641} INFO - |      10035|       Operations| region_2|Masters & above|     m|           sourcing|              2| 44|                   5|                7|                    1|         0|                61|
[2025-02-15T17:15:53.076+0000] {spark_submit.py:641} INFO - |      10036|       Technology|region_26|Masters & above|     m|              other|              1| 40|                   5|                4|                    1|         0|                78|
[2025-02-15T17:15:53.078+0000] {spark_submit.py:641} INFO - |      10038|      Procurement|region_29|      Bachelors|     f|              other|              1| 31|                   4|                3|                    0|         0|                71|
[2025-02-15T17:15:53.079+0000] {spark_submit.py:641} INFO - |      10043|       Operations|region_13|Masters & above|     m|              other|              1| 52|                   5|               17|                    0|         0|                70|
[2025-02-15T17:15:53.081+0000] {spark_submit.py:641} INFO - |      10048|       Operations| region_2|Masters & above|     f|           sourcing|              1| 38|                   5|                4|                    1|         0|                58|
[2025-02-15T17:15:53.082+0000] {spark_submit.py:641} INFO - |      10050|            Legal| region_2|      Bachelors|     m|           sourcing|              1| 46|                   5|                6|                    0|         0|                61|
[2025-02-15T17:15:53.084+0000] {spark_submit.py:641} INFO - |      10055|Sales & Marketing| region_2|        unknown|     m|              other|              1| 27|                   1|                4|                    0|         0|                49|
[2025-02-15T17:15:53.086+0000] {spark_submit.py:641} INFO - |      10059|        Analytics|region_34|      Bachelors|     m|           sourcing|              3| 27|                   3|                2|                    0|         0|                83|
[2025-02-15T17:15:53.088+0000] {spark_submit.py:641} INFO - |      10076|Sales & Marketing| region_2|      Bachelors|     f|           sourcing|              1| 27|                   1|                3|                    0|         0|                44|
[2025-02-15T17:15:53.089+0000] {spark_submit.py:641} INFO - |      10077|Sales & Marketing|region_22|      Bachelors|     m|           sourcing|              2| 31|                   2|                3|                    0|         0|                46|
[2025-02-15T17:15:53.090+0000] {spark_submit.py:641} INFO - |      10088|               HR| region_2|      Bachelors|     m|           sourcing|              1| 35|                   1|                3|                    1|         0|                48|
[2025-02-15T17:15:53.092+0000] {spark_submit.py:641} INFO - |       1009|       Operations| region_4|Masters & above|     m|           sourcing|              1| 48|                   3|               16|                    0|         0|                61|
[2025-02-15T17:15:53.093+0000] {spark_submit.py:641} INFO - +-----------+-----------------+---------+---------------+------+-------------------+---------------+---+--------------------+-----------------+---------------------+----------+------------------+
[2025-02-15T17:15:53.095+0000] {spark_submit.py:641} INFO - only showing top 20 rows
[2025-02-15T17:15:53.096+0000] {spark_submit.py:641} INFO - 
[2025-02-15T17:15:53.335+0000] {taskinstance.py:340} INFO - ::group::Post task execution logs
[2025-02-15T17:15:53.337+0000] {taskinstance.py:352} INFO - Marking task as SUCCESS. dag_id=***_elt_dag, task_id=etl_task, run_id=manual__2025-02-15T17:07:17.215441+00:00, execution_date=20250215T170717, start_date=20250215T171537, end_date=20250215T171553
[2025-02-15T17:15:53.367+0000] {local_task_job_runner.py:266} INFO - Task exited with return code 0
[2025-02-15T17:15:53.387+0000] {taskinstance.py:3895} INFO - 0 downstream tasks scheduled from follow-on schedule check
[2025-02-15T17:15:53.391+0000] {local_task_job_runner.py:245} INFO - ::endgroup::
