[2025-02-15T17:12:48.411+0000] {local_task_job_runner.py:123} INFO - ::group::Pre task execution logs
[2025-02-15T17:12:48.433+0000] {taskinstance.py:2613} INFO - Dependencies all met for dep_context=non-requeueable deps ti=<TaskInstance: finprode8_elt_dag.etl_task manual__2025-02-15T17:07:17.215441+00:00 [queued]>
[2025-02-15T17:12:48.445+0000] {taskinstance.py:2613} INFO - Dependencies all met for dep_context=requeueable deps ti=<TaskInstance: finprode8_elt_dag.etl_task manual__2025-02-15T17:07:17.215441+00:00 [queued]>
[2025-02-15T17:12:48.448+0000] {taskinstance.py:2866} INFO - Starting attempt 3 of 3
[2025-02-15T17:12:48.466+0000] {taskinstance.py:2889} INFO - Executing <Task(SparkSubmitOperator): etl_task> on 2025-02-15 17:07:17.215441+00:00
[2025-02-15T17:12:48.475+0000] {standard_task_runner.py:72} INFO - Started process 7921 to run task
[2025-02-15T17:12:48.480+0000] {standard_task_runner.py:104} INFO - Running: ['airflow', 'tasks', 'run', '***_elt_dag', 'etl_task', 'manual__2025-02-15T17:07:17.215441+00:00', '--job-id', '30', '--raw', '--subdir', 'DAGS_FOLDER/***_etl_dag.py', '--cfg-path', '/tmp/tmpkm3enzjp']
[2025-02-15T17:12:48.484+0000] {standard_task_runner.py:105} INFO - Job 30: Subtask etl_task
[2025-02-15T17:12:48.512+0000] {logging_mixin.py:190} WARNING - /home/airflow/.local/lib/python3.9/site-packages/airflow/settings.py:209 DeprecationWarning: The sql_alchemy_conn option in [core] has been moved to the sql_alchemy_conn option in [database] - the old setting has been used, but please update your config.
[2025-02-15T17:12:48.565+0000] {task_command.py:467} INFO - Running <TaskInstance: finprode8_elt_dag.etl_task manual__2025-02-15T17:07:17.215441+00:00 [running]> on host ***-airflow-scheduler
[2025-02-15T17:12:48.672+0000] {taskinstance.py:3132} INFO - Exporting env vars: AIRFLOW_CTX_DAG_OWNER='ratih malini' AIRFLOW_CTX_DAG_ID='***_elt_dag' AIRFLOW_CTX_TASK_ID='etl_task' AIRFLOW_CTX_EXECUTION_DATE='2025-02-15T17:07:17.215441+00:00' AIRFLOW_CTX_TRY_NUMBER='3' AIRFLOW_CTX_DAG_RUN_ID='manual__2025-02-15T17:07:17.215441+00:00'
[2025-02-15T17:12:48.675+0000] {taskinstance.py:731} INFO - ::endgroup::
[2025-02-15T17:12:48.711+0000] {base.py:84} INFO - Retrieving connection 'spark_main'
[2025-02-15T17:12:48.714+0000] {spark_submit.py:474} INFO - Spark-Submit cmd: spark-submit --master spark://***-spark-master:7077 --packages org.postgresql:postgresql:42.2.18 --name arrow-spark /spark-scripts/***_etl.py
[2025-02-15T17:12:50.216+0000] {spark_submit.py:641} INFO - :: loading settings :: url = jar:file:/home/airflow/.local/lib/python3.9/site-packages/pyspark/jars/ivy-2.5.1.jar!/org/apache/ivy/core/settings/ivysettings.xml
[2025-02-15T17:12:50.360+0000] {spark_submit.py:641} INFO - Ivy Default Cache set to: /home/airflow/.ivy2/cache
[2025-02-15T17:12:50.362+0000] {spark_submit.py:641} INFO - The jars for the packages stored in: /home/airflow/.ivy2/jars
[2025-02-15T17:12:50.365+0000] {spark_submit.py:641} INFO - org.postgresql#postgresql added as a dependency
[2025-02-15T17:12:50.366+0000] {spark_submit.py:641} INFO - :: resolving dependencies :: org.apache.spark#spark-submit-parent-d8c318e2-c12a-43dd-a58f-d3cc821f29f7;1.0
[2025-02-15T17:12:50.368+0000] {spark_submit.py:641} INFO - confs: [default]
[2025-02-15T17:12:50.493+0000] {spark_submit.py:641} INFO - found org.postgresql#postgresql;42.2.18 in central
[2025-02-15T17:12:50.519+0000] {spark_submit.py:641} INFO - found org.checkerframework#checker-qual;3.5.0 in central
[2025-02-15T17:12:50.538+0000] {spark_submit.py:641} INFO - :: resolution report :: resolve 165ms :: artifacts dl 7ms
[2025-02-15T17:12:50.540+0000] {spark_submit.py:641} INFO - :: modules in use:
[2025-02-15T17:12:50.541+0000] {spark_submit.py:641} INFO - org.checkerframework#checker-qual;3.5.0 from central in [default]
[2025-02-15T17:12:50.542+0000] {spark_submit.py:641} INFO - org.postgresql#postgresql;42.2.18 from central in [default]
[2025-02-15T17:12:50.543+0000] {spark_submit.py:641} INFO - ---------------------------------------------------------------------
[2025-02-15T17:12:50.545+0000] {spark_submit.py:641} INFO - |                  |            modules            ||   artifacts   |
[2025-02-15T17:12:50.546+0000] {spark_submit.py:641} INFO - |       conf       | number| search|dwnlded|evicted|| number|dwnlded|
[2025-02-15T17:12:50.547+0000] {spark_submit.py:641} INFO - ---------------------------------------------------------------------
[2025-02-15T17:12:50.548+0000] {spark_submit.py:641} INFO - |      default     |   2   |   0   |   0   |   0   ||   2   |   0   |
[2025-02-15T17:12:50.549+0000] {spark_submit.py:641} INFO - ---------------------------------------------------------------------
[2025-02-15T17:12:50.550+0000] {spark_submit.py:641} INFO - :: retrieving :: org.apache.spark#spark-submit-parent-d8c318e2-c12a-43dd-a58f-d3cc821f29f7
[2025-02-15T17:12:50.551+0000] {spark_submit.py:641} INFO - confs: [default]
[2025-02-15T17:12:50.554+0000] {spark_submit.py:641} INFO - 0 artifacts copied, 2 already retrieved (0kB/5ms)
[2025-02-15T17:12:50.797+0000] {spark_submit.py:641} INFO - 25/02/15 17:12:50 WARN NativeCodeLoader: Unable to load native-hadoop library for your platform... using builtin-java classes where applicable
[2025-02-15T17:12:51.926+0000] {spark_submit.py:641} INFO - 25/02/15 17:12:51 INFO SparkContext: Running Spark version 3.3.2
[2025-02-15T17:12:51.945+0000] {spark_submit.py:641} INFO - 25/02/15 17:12:51 INFO ResourceUtils: ==============================================================
[2025-02-15T17:12:51.947+0000] {spark_submit.py:641} INFO - 25/02/15 17:12:51 INFO ResourceUtils: No custom resources configured for spark.driver.
[2025-02-15T17:12:51.949+0000] {spark_submit.py:641} INFO - 25/02/15 17:12:51 INFO ResourceUtils: ==============================================================
[2025-02-15T17:12:51.951+0000] {spark_submit.py:641} INFO - 25/02/15 17:12:51 INFO SparkContext: Submitted application: ***
[2025-02-15T17:12:51.965+0000] {spark_submit.py:641} INFO - 25/02/15 17:12:51 INFO ResourceProfile: Default ResourceProfile created, executor resources: Map(cores -> name: cores, amount: 1, script: , vendor: , memory -> name: memory, amount: 1024, script: , vendor: , offHeap -> name: offHeap, amount: 0, script: , vendor: ), task resources: Map(cpus -> name: cpus, amount: 1.0)
[2025-02-15T17:12:51.973+0000] {spark_submit.py:641} INFO - 25/02/15 17:12:51 INFO ResourceProfile: Limiting resource is cpu
[2025-02-15T17:12:51.975+0000] {spark_submit.py:641} INFO - 25/02/15 17:12:51 INFO ResourceProfileManager: Added ResourceProfile id: 0
[2025-02-15T17:12:52.018+0000] {spark_submit.py:641} INFO - 25/02/15 17:12:52 INFO SecurityManager: Changing view acls to: airflow
[2025-02-15T17:12:52.020+0000] {spark_submit.py:641} INFO - 25/02/15 17:12:52 INFO SecurityManager: Changing modify acls to: airflow
[2025-02-15T17:12:52.021+0000] {spark_submit.py:641} INFO - 25/02/15 17:12:52 INFO SecurityManager: Changing view acls groups to:
[2025-02-15T17:12:52.023+0000] {spark_submit.py:641} INFO - 25/02/15 17:12:52 INFO SecurityManager: Changing modify acls groups to:
[2025-02-15T17:12:52.024+0000] {spark_submit.py:641} INFO - 25/02/15 17:12:52 INFO SecurityManager: SecurityManager: authentication disabled; ui acls disabled; users  with view permissions: Set(airflow); groups with view permissions: Set(); users  with modify permissions: Set(airflow); groups with modify permissions: Set()
[2025-02-15T17:12:52.262+0000] {spark_submit.py:641} INFO - 25/02/15 17:12:52 INFO Utils: Successfully started service 'sparkDriver' on port 44013.
[2025-02-15T17:12:52.290+0000] {spark_submit.py:641} INFO - 25/02/15 17:12:52 INFO SparkEnv: Registering MapOutputTracker
[2025-02-15T17:12:52.328+0000] {spark_submit.py:641} INFO - 25/02/15 17:12:52 INFO SparkEnv: Registering BlockManagerMaster
[2025-02-15T17:12:52.354+0000] {spark_submit.py:641} INFO - 25/02/15 17:12:52 INFO BlockManagerMasterEndpoint: Using org.apache.spark.storage.DefaultTopologyMapper for getting topology information
[2025-02-15T17:12:52.355+0000] {spark_submit.py:641} INFO - 25/02/15 17:12:52 INFO BlockManagerMasterEndpoint: BlockManagerMasterEndpoint up
[2025-02-15T17:12:52.362+0000] {spark_submit.py:641} INFO - 25/02/15 17:12:52 INFO SparkEnv: Registering BlockManagerMasterHeartbeat
[2025-02-15T17:12:52.380+0000] {spark_submit.py:641} INFO - 25/02/15 17:12:52 INFO DiskBlockManager: Created local directory at /tmp/blockmgr-95a73e78-bfc0-4dcf-aa21-63167798ecdb
[2025-02-15T17:12:52.396+0000] {spark_submit.py:641} INFO - 25/02/15 17:12:52 INFO MemoryStore: MemoryStore started with capacity 434.4 MiB
[2025-02-15T17:12:52.410+0000] {spark_submit.py:641} INFO - 25/02/15 17:12:52 INFO SparkEnv: Registering OutputCommitCoordinator
[2025-02-15T17:12:52.586+0000] {spark_submit.py:641} INFO - 25/02/15 17:12:52 INFO Utils: Successfully started service 'SparkUI' on port 4040.
[2025-02-15T17:12:52.632+0000] {spark_submit.py:641} INFO - 25/02/15 17:12:52 INFO SparkContext: Added JAR /spark-scripts/jars/postgresql-42.2.18.jar at spark://***-airflow-scheduler:44013/jars/postgresql-42.2.18.jar with timestamp 1739639571920
[2025-02-15T17:12:52.634+0000] {spark_submit.py:641} INFO - 25/02/15 17:12:52 INFO SparkContext: Added file file:///home/airflow/.ivy2/jars/org.postgresql_postgresql-42.2.18.jar at file:///home/airflow/.ivy2/jars/org.postgresql_postgresql-42.2.18.jar with timestamp 1739639571920
[2025-02-15T17:12:52.636+0000] {spark_submit.py:641} INFO - 25/02/15 17:12:52 INFO Utils: Copying /home/airflow/.ivy2/jars/org.postgresql_postgresql-42.2.18.jar to /tmp/spark-deac934e-a8ac-4248-bb33-f28fe621c9a0/userFiles-4ce6e4d9-b0d6-4edc-929c-a65f5e95e249/org.postgresql_postgresql-42.2.18.jar
[2025-02-15T17:12:52.659+0000] {spark_submit.py:641} INFO - 25/02/15 17:12:52 INFO SparkContext: Added file file:///home/airflow/.ivy2/jars/org.checkerframework_checker-qual-3.5.0.jar at file:///home/airflow/.ivy2/jars/org.checkerframework_checker-qual-3.5.0.jar with timestamp 1739639571920
[2025-02-15T17:12:52.661+0000] {spark_submit.py:641} INFO - 25/02/15 17:12:52 INFO Utils: Copying /home/airflow/.ivy2/jars/org.checkerframework_checker-qual-3.5.0.jar to /tmp/spark-deac934e-a8ac-4248-bb33-f28fe621c9a0/userFiles-4ce6e4d9-b0d6-4edc-929c-a65f5e95e249/org.checkerframework_checker-qual-3.5.0.jar
[2025-02-15T17:12:52.732+0000] {spark_submit.py:641} INFO - 25/02/15 17:12:52 INFO Executor: Starting executor ID driver on host ***-airflow-scheduler
[2025-02-15T17:12:52.741+0000] {spark_submit.py:641} INFO - 25/02/15 17:12:52 INFO Executor: Starting executor with user classpath (userClassPathFirst = false): ''
[2025-02-15T17:12:52.756+0000] {spark_submit.py:641} INFO - 25/02/15 17:12:52 INFO Executor: Fetching file:///home/airflow/.ivy2/jars/org.postgresql_postgresql-42.2.18.jar with timestamp 1739639571920
[2025-02-15T17:12:52.781+0000] {spark_submit.py:641} INFO - 25/02/15 17:12:52 INFO Utils: /home/airflow/.ivy2/jars/org.postgresql_postgresql-42.2.18.jar has been previously copied to /tmp/spark-deac934e-a8ac-4248-bb33-f28fe621c9a0/userFiles-4ce6e4d9-b0d6-4edc-929c-a65f5e95e249/org.postgresql_postgresql-42.2.18.jar
[2025-02-15T17:12:52.790+0000] {spark_submit.py:641} INFO - 25/02/15 17:12:52 INFO Executor: Fetching file:///home/airflow/.ivy2/jars/org.checkerframework_checker-qual-3.5.0.jar with timestamp 1739639571920
[2025-02-15T17:12:52.791+0000] {spark_submit.py:641} INFO - 25/02/15 17:12:52 INFO Utils: /home/airflow/.ivy2/jars/org.checkerframework_checker-qual-3.5.0.jar has been previously copied to /tmp/spark-deac934e-a8ac-4248-bb33-f28fe621c9a0/userFiles-4ce6e4d9-b0d6-4edc-929c-a65f5e95e249/org.checkerframework_checker-qual-3.5.0.jar
[2025-02-15T17:12:52.799+0000] {spark_submit.py:641} INFO - 25/02/15 17:12:52 INFO Executor: Fetching spark://***-airflow-scheduler:44013/jars/postgresql-42.2.18.jar with timestamp 1739639571920
[2025-02-15T17:12:52.839+0000] {spark_submit.py:641} INFO - 25/02/15 17:12:52 INFO TransportClientFactory: Successfully created connection to ***-airflow-scheduler/172.19.0.6:44013 after 24 ms (0 ms spent in bootstraps)
[2025-02-15T17:12:52.845+0000] {spark_submit.py:641} INFO - 25/02/15 17:12:52 INFO Utils: Fetching spark://***-airflow-scheduler:44013/jars/postgresql-42.2.18.jar to /tmp/spark-deac934e-a8ac-4248-bb33-f28fe621c9a0/userFiles-4ce6e4d9-b0d6-4edc-929c-a65f5e95e249/fetchFileTemp14586952582982956079.tmp
[2025-02-15T17:12:52.928+0000] {spark_submit.py:641} INFO - 25/02/15 17:12:52 INFO Executor: Adding file:/tmp/spark-deac934e-a8ac-4248-bb33-f28fe621c9a0/userFiles-4ce6e4d9-b0d6-4edc-929c-a65f5e95e249/postgresql-42.2.18.jar to class loader
[2025-02-15T17:12:52.936+0000] {spark_submit.py:641} INFO - 25/02/15 17:12:52 INFO Utils: Successfully started service 'org.apache.spark.network.netty.NettyBlockTransferService' on port 41473.
[2025-02-15T17:12:52.938+0000] {spark_submit.py:641} INFO - 25/02/15 17:12:52 INFO NettyBlockTransferService: Server created on ***-airflow-scheduler:41473
[2025-02-15T17:12:52.940+0000] {spark_submit.py:641} INFO - 25/02/15 17:12:52 INFO BlockManager: Using org.apache.spark.storage.RandomBlockReplicationPolicy for block replication policy
[2025-02-15T17:12:52.943+0000] {spark_submit.py:641} INFO - 25/02/15 17:12:52 INFO BlockManagerMaster: Registering BlockManager BlockManagerId(driver, ***-airflow-scheduler, 41473, None)
[2025-02-15T17:12:52.946+0000] {spark_submit.py:641} INFO - 25/02/15 17:12:52 INFO BlockManagerMasterEndpoint: Registering block manager ***-airflow-scheduler:41473 with 434.4 MiB RAM, BlockManagerId(driver, ***-airflow-scheduler, 41473, None)
[2025-02-15T17:12:52.949+0000] {spark_submit.py:641} INFO - 25/02/15 17:12:52 INFO BlockManagerMaster: Registered BlockManager BlockManagerId(driver, ***-airflow-scheduler, 41473, None)
[2025-02-15T17:12:52.952+0000] {spark_submit.py:641} INFO - 25/02/15 17:12:52 INFO BlockManager: Initialized BlockManager: BlockManagerId(driver, ***-airflow-scheduler, 41473, None)
[2025-02-15T17:12:57.288+0000] {spark_submit.py:641} INFO - ---------------- MENAMPILKAN DATASET ----------------
[2025-02-15T17:12:57.548+0000] {spark_submit.py:641} INFO - +-----------+-----------------+---------+---------------+------+-------------------+---------------+---+--------------------+-----------------+---------------------+----------+------------------+
[2025-02-15T17:12:57.550+0000] {spark_submit.py:641} INFO - |employee_id|       department|   region|      education|gender|recruitment_channel|no_of_trainings|age|previous_year_rating|length_of_service|KPIs_met_more_than_80|awards_won|avg_training_score|
[2025-02-15T17:12:57.551+0000] {spark_submit.py:641} INFO - +-----------+-----------------+---------+---------------+------+-------------------+---------------+---+--------------------+-----------------+---------------------+----------+------------------+
[2025-02-15T17:12:57.552+0000] {spark_submit.py:641} INFO - |       8724|       Technology|region_26|      Bachelors|     m|           sourcing|              1| 24|                null|                1|                    1|         0|                77|
[2025-02-15T17:12:57.553+0000] {spark_submit.py:641} INFO - |      74430|               HR| region_4|      Bachelors|     f|              other|              1| 31|                   3|                5|                    0|         0|                51|
[2025-02-15T17:12:57.554+0000] {spark_submit.py:641} INFO - |      72255|Sales & Marketing|region_13|      Bachelors|     m|              other|              1| 31|                   1|                4|                    0|         0|                47|
[2025-02-15T17:12:57.555+0000] {spark_submit.py:641} INFO - |      38562|      Procurement| region_2|      Bachelors|     f|              other|              3| 31|                   2|                9|                    0|         0|                65|
[2025-02-15T17:12:57.556+0000] {spark_submit.py:641} INFO - |      64486|          Finance|region_29|      Bachelors|     m|           sourcing|              1| 30|                   4|                7|                    0|         0|                61|
[2025-02-15T17:12:57.557+0000] {spark_submit.py:641} INFO - |      46232|      Procurement| region_7|      Bachelors|     m|           sourcing|              1| 36|                   3|                2|                    0|         0|                68|
[2025-02-15T17:12:57.558+0000] {spark_submit.py:641} INFO - |      54542|          Finance| region_2|      Bachelors|     m|              other|              1| 33|                   5|                3|                    1|         0|                57|
[2025-02-15T17:12:57.560+0000] {spark_submit.py:641} INFO - |      67269|        Analytics|region_22|      Bachelors|     m|           sourcing|              2| 36|                   3|                3|                    0|         0|                85|
[2025-02-15T17:12:57.561+0000] {spark_submit.py:641} INFO - |      66174|       Technology| region_7|Masters & above|     m|              other|              1| 51|                   4|               11|                    0|         0|                75|
[2025-02-15T17:12:57.562+0000] {spark_submit.py:641} INFO - |      76303|       Technology|region_22|      Bachelors|     m|           sourcing|              1| 29|                   5|                2|                    1|         0|                76|
[2025-02-15T17:12:57.563+0000] {spark_submit.py:641} INFO - +-----------+-----------------+---------+---------------+------+-------------------+---------------+---+--------------------+-----------------+---------------------+----------+------------------+
[2025-02-15T17:12:57.564+0000] {spark_submit.py:641} INFO - only showing top 10 rows
[2025-02-15T17:12:57.566+0000] {spark_submit.py:641} INFO - 
[2025-02-15T17:12:57.568+0000] {spark_submit.py:641} INFO - ---------------- MENAMPILKAN TIPE DATA AWAL ----------------
[2025-02-15T17:12:57.569+0000] {spark_submit.py:641} INFO - root
[2025-02-15T17:12:57.570+0000] {spark_submit.py:641} INFO - |-- employee_id: string (nullable = true)
[2025-02-15T17:12:57.571+0000] {spark_submit.py:641} INFO - |-- department: string (nullable = true)
[2025-02-15T17:12:57.572+0000] {spark_submit.py:641} INFO - |-- region: string (nullable = true)
[2025-02-15T17:12:57.573+0000] {spark_submit.py:641} INFO - |-- education: string (nullable = true)
[2025-02-15T17:12:57.573+0000] {spark_submit.py:641} INFO - |-- gender: string (nullable = true)
[2025-02-15T17:12:57.574+0000] {spark_submit.py:641} INFO - |-- recruitment_channel: string (nullable = true)
[2025-02-15T17:12:57.575+0000] {spark_submit.py:641} INFO - |-- no_of_trainings: string (nullable = true)
[2025-02-15T17:12:57.576+0000] {spark_submit.py:641} INFO - |-- age: string (nullable = true)
[2025-02-15T17:12:57.577+0000] {spark_submit.py:641} INFO - |-- previous_year_rating: string (nullable = true)
[2025-02-15T17:12:57.578+0000] {spark_submit.py:641} INFO - |-- length_of_service: string (nullable = true)
[2025-02-15T17:12:57.579+0000] {spark_submit.py:641} INFO - |-- KPIs_met_more_than_80: string (nullable = true)
[2025-02-15T17:12:57.580+0000] {spark_submit.py:641} INFO - |-- awards_won: string (nullable = true)
[2025-02-15T17:12:57.582+0000] {spark_submit.py:641} INFO - |-- avg_training_score: string (nullable = true)
[2025-02-15T17:12:57.584+0000] {spark_submit.py:641} INFO - 
[2025-02-15T17:12:57.655+0000] {spark_submit.py:641} INFO - ---------------- MENAMPILKAN TIPE DATA HASIL TRANSFORMASI ----------------
[2025-02-15T17:12:57.657+0000] {spark_submit.py:641} INFO - root
[2025-02-15T17:12:57.658+0000] {spark_submit.py:641} INFO - |-- employee_id: string (nullable = true)
[2025-02-15T17:12:57.659+0000] {spark_submit.py:641} INFO - |-- department: string (nullable = true)
[2025-02-15T17:12:57.660+0000] {spark_submit.py:641} INFO - |-- region: string (nullable = true)
[2025-02-15T17:12:57.662+0000] {spark_submit.py:641} INFO - |-- education: string (nullable = true)
[2025-02-15T17:12:57.664+0000] {spark_submit.py:641} INFO - |-- gender: string (nullable = true)
[2025-02-15T17:12:57.666+0000] {spark_submit.py:641} INFO - |-- recruitment_channel: string (nullable = true)
[2025-02-15T17:12:57.667+0000] {spark_submit.py:641} INFO - |-- no_of_trainings: integer (nullable = true)
[2025-02-15T17:12:57.668+0000] {spark_submit.py:641} INFO - |-- age: integer (nullable = true)
[2025-02-15T17:12:57.670+0000] {spark_submit.py:641} INFO - |-- previous_year_rating: integer (nullable = true)
[2025-02-15T17:12:57.671+0000] {spark_submit.py:641} INFO - |-- length_of_service: integer (nullable = true)
[2025-02-15T17:12:57.672+0000] {spark_submit.py:641} INFO - |-- KPIs_met_more_than_80: integer (nullable = true)
[2025-02-15T17:12:57.674+0000] {spark_submit.py:641} INFO - |-- awards_won: integer (nullable = true)
[2025-02-15T17:12:57.675+0000] {spark_submit.py:641} INFO - |-- avg_training_score: integer (nullable = true)
[2025-02-15T17:12:57.676+0000] {spark_submit.py:641} INFO - 
[2025-02-15T17:12:57.677+0000] {spark_submit.py:641} INFO - ---------------- MENAMPILKAN BANYAK DATA NULL DI SETIAP KOLOM ----------------
[2025-02-15T17:12:58.682+0000] {spark_submit.py:641} INFO - +----------------+---------------+-----------+--------------+-----------+------------------------+--------------------+--------+-------------------------+----------------------+--------------------------+---------------+-----------------------+
[2025-02-15T17:12:58.683+0000] {spark_submit.py:641} INFO - |employee_id_null|department_null|region_null|education_null|gender_null|recruitment_channel_null|no_of_trainings_null|age_null|previous_year_rating_null|length_of_service_null|KPIs_met_more_than_80_null|awards_won_null|avg_training_score_nuli|
[2025-02-15T17:12:58.685+0000] {spark_submit.py:641} INFO - +----------------+---------------+-----------+--------------+-----------+------------------------+--------------------+--------+-------------------------+----------------------+--------------------------+---------------+-----------------------+
[2025-02-15T17:12:58.686+0000] {spark_submit.py:641} INFO - |               0|              0|          0|           771|          0|                       0|                   0|       0|                     1363|                     0|                         0|              0|                      0|
[2025-02-15T17:12:58.687+0000] {spark_submit.py:641} INFO - +----------------+---------------+-----------+--------------+-----------+------------------------+--------------------+--------+-------------------------+----------------------+--------------------------+---------------+-----------------------+
[2025-02-15T17:12:58.689+0000] {spark_submit.py:641} INFO - 
[2025-02-15T17:12:58.690+0000] {spark_submit.py:641} INFO - ---------------- NULL HANDLING PADA KOLOM EDUCATION & PREVIOUS_YEAR_RATING ----------------
[2025-02-15T17:12:58.985+0000] {spark_submit.py:641} INFO - +--------------+-------------------------+
[2025-02-15T17:12:58.987+0000] {spark_submit.py:641} INFO - |education_null|previous_year_rating_null|
[2025-02-15T17:12:58.989+0000] {spark_submit.py:641} INFO - +--------------+-------------------------+
[2025-02-15T17:12:58.991+0000] {spark_submit.py:641} INFO - |             0|                        0|
[2025-02-15T17:12:58.993+0000] {spark_submit.py:641} INFO - +--------------+-------------------------+
[2025-02-15T17:12:58.994+0000] {spark_submit.py:641} INFO - 
[2025-02-15T17:12:58.996+0000] {spark_submit.py:641} INFO - ---------------- MENAMPILKAN BANYAK DATA DUPLIKAT BERDASARKAN EMPLOYEE_ID ----------------
[2025-02-15T17:12:59.813+0000] {spark_submit.py:641} INFO - +-----------+------+
[2025-02-15T17:12:59.815+0000] {spark_submit.py:641} INFO - |employee_id|jumlah|
[2025-02-15T17:12:59.816+0000] {spark_submit.py:641} INFO - +-----------+------+
[2025-02-15T17:12:59.817+0000] {spark_submit.py:641} INFO - |      64573|     2|
[2025-02-15T17:12:59.818+0000] {spark_submit.py:641} INFO - |      49584|     3|
[2025-02-15T17:12:59.819+0000] {spark_submit.py:641} INFO - +-----------+------+
[2025-02-15T17:12:59.820+0000] {spark_submit.py:641} INFO - 
[2025-02-15T17:12:59.820+0000] {spark_submit.py:641} INFO - ---------------- MENAMPILKAN SEMUA BARIS DAN KOLOM DARI EMPLOYEE ID YANG DUPLIKAT ----------------
[2025-02-15T17:13:00.178+0000] {spark_submit.py:641} INFO - +-----------+----------+--------+---------+------+-------------------+---------------+---+--------------------+-----------------+---------------------+----------+------------------+
[2025-02-15T17:13:00.179+0000] {spark_submit.py:641} INFO - |employee_id|department|  region|education|gender|recruitment_channel|no_of_trainings|age|previous_year_rating|length_of_service|KPIs_met_more_than_80|awards_won|avg_training_score|
[2025-02-15T17:13:00.181+0000] {spark_submit.py:641} INFO - +-----------+----------+--------+---------+------+-------------------+---------------+---+--------------------+-----------------+---------------------+----------+------------------+
[2025-02-15T17:13:00.182+0000] {spark_submit.py:641} INFO - |      49584|        HR|region_7|Bachelors|     m|              other|              1| 33|                   1|                9|                    0|         0|                51|
[2025-02-15T17:13:00.183+0000] {spark_submit.py:641} INFO - |      49584|        HR|region_7|Bachelors|     m|              other|              1| 33|                   1|                9|                    0|         0|                51|
[2025-02-15T17:13:00.185+0000] {spark_submit.py:641} INFO - |      49584|        HR|region_7|Bachelors|     m|              other|              1| 33|                   1|                9|                    0|         0|                51|
[2025-02-15T17:13:00.187+0000] {spark_submit.py:641} INFO - |      64573|Technology|region_7|Bachelors|     f|           referred|              2| 30|                   5|                6|                    1|         0|                81|
[2025-02-15T17:13:00.188+0000] {spark_submit.py:641} INFO - |      64573|        HR|region_7|Bachelors|     f|           referred|              1| 35|                   5|                4|                    1|         0|                81|
[2025-02-15T17:13:00.190+0000] {spark_submit.py:641} INFO - +-----------+----------+--------+---------+------+-------------------+---------------+---+--------------------+-----------------+---------------------+----------+------------------+
[2025-02-15T17:13:00.191+0000] {spark_submit.py:641} INFO - 
[2025-02-15T17:13:00.192+0000] {spark_submit.py:641} INFO - ---------------- MENAMPILKAN HASIL DARI DATA DUPLIKASI YANG TELAH DIHANDLE BERDASARKAN KOLOM EMPLOYEE_ID DAN DEPARTMENT ----------------
[2025-02-15T17:13:00.715+0000] {spark_submit.py:641} INFO - +-----------+----------+--------+---------+------+-------------------+---------------+---+--------------------+-----------------+---------------------+----------+------------------+
[2025-02-15T17:13:00.717+0000] {spark_submit.py:641} INFO - |employee_id|department|  region|education|gender|recruitment_channel|no_of_trainings|age|previous_year_rating|length_of_service|KPIs_met_more_than_80|awards_won|avg_training_score|
[2025-02-15T17:13:00.719+0000] {spark_submit.py:641} INFO - +-----------+----------+--------+---------+------+-------------------+---------------+---+--------------------+-----------------+---------------------+----------+------------------+
[2025-02-15T17:13:00.720+0000] {spark_submit.py:641} INFO - |      49584|        HR|region_7|Bachelors|     m|              other|              1| 33|                   1|                9|                    0|         0|                51|
[2025-02-15T17:13:00.721+0000] {spark_submit.py:641} INFO - |      64573|        HR|region_7|Bachelors|     f|           referred|              1| 35|                   5|                4|                    1|         0|                81|
[2025-02-15T17:13:00.723+0000] {spark_submit.py:641} INFO - |      64573|Technology|region_7|Bachelors|     f|           referred|              2| 30|                   5|                6|                    1|         0|                81|
[2025-02-15T17:13:00.724+0000] {spark_submit.py:641} INFO - +-----------+----------+--------+---------+------+-------------------+---------------+---+--------------------+-----------------+---------------------+----------+------------------+
[2025-02-15T17:13:00.728+0000] {spark_submit.py:641} INFO - 
[2025-02-15T17:13:02.123+0000] {spark_submit.py:641} INFO - ---------------- MENAMPILKAN DATA HASIL LOAD KE POSTGRES ----------------
[2025-02-15T17:13:02.271+0000] {spark_submit.py:641} INFO - +-----------+-----------------+---------+---------------+------+-------------------+---------------+---+--------------------+-----------------+---------------------+----------+------------------+
[2025-02-15T17:13:02.273+0000] {spark_submit.py:641} INFO - |employee_id|       department|   region|      education|gender|recruitment_channel|no_of_trainings|age|previous_year_rating|length_of_service|KPIs_met_more_than_80|awards_won|avg_training_score|
[2025-02-15T17:13:02.274+0000] {spark_submit.py:641} INFO - +-----------+-----------------+---------+---------------+------+-------------------+---------------+---+--------------------+-----------------+---------------------+----------+------------------+
[2025-02-15T17:13:02.276+0000] {spark_submit.py:641} INFO - |      10009|Sales & Marketing| region_2|        unknown|     m|           sourcing|              2| 21|                   0|                1|                    0|         0|                52|
[2025-02-15T17:13:02.277+0000] {spark_submit.py:641} INFO - |       1001|            Legal| region_2|      Bachelors|     m|              other|              1| 31|                   0|                1|                    0|         0|                58|
[2025-02-15T17:13:02.278+0000] {spark_submit.py:641} INFO - |      10012|            Legal|region_22|      Bachelors|     m|           sourcing|              1| 28|                   5|                4|                    1|         0|                60|
[2025-02-15T17:13:02.280+0000] {spark_submit.py:641} INFO - |      10019|Sales & Marketing|region_18|      Bachelors|     m|           sourcing|              1| 28|                   0|                1|                    0|         0|                44|
[2025-02-15T17:13:02.284+0000] {spark_submit.py:641} INFO - |      10021|Sales & Marketing|region_15|      Bachelors|     f|           sourcing|              1| 41|                   1|                7|                    1|         0|                47|
[2025-02-15T17:13:02.286+0000] {spark_submit.py:641} INFO - |      10024|       Technology| region_2|Below Secondary|     f|              other|              1| 22|                   0|                1|                    1|         0|                82|
[2025-02-15T17:13:02.289+0000] {spark_submit.py:641} INFO - |       1003|               HR| region_2|Masters & above|     m|              other|              1| 39|                   4|                8|                    0|         0|                49|
[2025-02-15T17:13:02.290+0000] {spark_submit.py:641} INFO - |      10034|               HR| region_2|      Bachelors|     f|           referred|              1| 25|                   0|                1|                    1|         0|                55|
[2025-02-15T17:13:02.291+0000] {spark_submit.py:641} INFO - |      10035|       Operations| region_2|Masters & above|     m|           sourcing|              2| 44|                   5|                7|                    1|         0|                61|
[2025-02-15T17:13:02.292+0000] {spark_submit.py:641} INFO - |      10036|       Technology|region_26|Masters & above|     m|              other|              1| 40|                   5|                4|                    1|         0|                78|
[2025-02-15T17:13:02.294+0000] {spark_submit.py:641} INFO - |      10038|      Procurement|region_29|      Bachelors|     f|              other|              1| 31|                   4|                3|                    0|         0|                71|
[2025-02-15T17:13:02.295+0000] {spark_submit.py:641} INFO - |      10043|       Operations|region_13|Masters & above|     m|              other|              1| 52|                   5|               17|                    0|         0|                70|
[2025-02-15T17:13:02.297+0000] {spark_submit.py:641} INFO - |      10048|       Operations| region_2|Masters & above|     f|           sourcing|              1| 38|                   5|                4|                    1|         0|                58|
[2025-02-15T17:13:02.299+0000] {spark_submit.py:641} INFO - |      10050|            Legal| region_2|      Bachelors|     m|           sourcing|              1| 46|                   5|                6|                    0|         0|                61|
[2025-02-15T17:13:02.301+0000] {spark_submit.py:641} INFO - |      10055|Sales & Marketing| region_2|        unknown|     m|              other|              1| 27|                   1|                4|                    0|         0|                49|
[2025-02-15T17:13:02.302+0000] {spark_submit.py:641} INFO - |      10059|        Analytics|region_34|      Bachelors|     m|           sourcing|              3| 27|                   3|                2|                    0|         0|                83|
[2025-02-15T17:13:02.303+0000] {spark_submit.py:641} INFO - |      10076|Sales & Marketing| region_2|      Bachelors|     f|           sourcing|              1| 27|                   1|                3|                    0|         0|                44|
[2025-02-15T17:13:02.304+0000] {spark_submit.py:641} INFO - |      10077|Sales & Marketing|region_22|      Bachelors|     m|           sourcing|              2| 31|                   2|                3|                    0|         0|                46|
[2025-02-15T17:13:02.305+0000] {spark_submit.py:641} INFO - |      10088|               HR| region_2|      Bachelors|     m|           sourcing|              1| 35|                   1|                3|                    1|         0|                48|
[2025-02-15T17:13:02.306+0000] {spark_submit.py:641} INFO - |       1009|       Operations| region_4|Masters & above|     m|           sourcing|              1| 48|                   3|               16|                    0|         0|                61|
[2025-02-15T17:13:02.307+0000] {spark_submit.py:641} INFO - +-----------+-----------------+---------+---------------+------+-------------------+---------------+---+--------------------+-----------------+---------------------+----------+------------------+
[2025-02-15T17:13:02.308+0000] {spark_submit.py:641} INFO - only showing top 20 rows
[2025-02-15T17:13:02.309+0000] {spark_submit.py:641} INFO - 
[2025-02-15T17:13:02.455+0000] {taskinstance.py:340} INFO - ::group::Post task execution logs
[2025-02-15T17:13:02.457+0000] {taskinstance.py:352} INFO - Marking task as SUCCESS. dag_id=***_elt_dag, task_id=etl_task, run_id=manual__2025-02-15T17:07:17.215441+00:00, execution_date=20250215T170717, start_date=20250215T171248, end_date=20250215T171302
[2025-02-15T17:13:02.509+0000] {local_task_job_runner.py:266} INFO - Task exited with return code 0
[2025-02-15T17:13:02.528+0000] {taskinstance.py:3895} INFO - 0 downstream tasks scheduled from follow-on schedule check
[2025-02-15T17:13:02.532+0000] {local_task_job_runner.py:245} INFO - ::endgroup::
