[2025-02-15T17:24:04.910+0000] {local_task_job_runner.py:123} INFO - ::group::Pre task execution logs
[2025-02-15T17:24:04.956+0000] {taskinstance.py:2613} INFO - Dependencies all met for dep_context=non-requeueable deps ti=<TaskInstance: finprode8_elt_dag.etl_task manual__2025-02-15T17:07:17.215441+00:00 [queued]>
[2025-02-15T17:24:04.991+0000] {taskinstance.py:2613} INFO - Dependencies all met for dep_context=requeueable deps ti=<TaskInstance: finprode8_elt_dag.etl_task manual__2025-02-15T17:07:17.215441+00:00 [queued]>
[2025-02-15T17:24:04.994+0000] {taskinstance.py:2866} INFO - Starting attempt 6 of 6
[2025-02-15T17:24:05.029+0000] {taskinstance.py:2889} INFO - Executing <Task(SparkSubmitOperator): etl_task> on 2025-02-15 17:07:17.215441+00:00
[2025-02-15T17:24:05.039+0000] {standard_task_runner.py:72} INFO - Started process 8840 to run task
[2025-02-15T17:24:05.044+0000] {standard_task_runner.py:104} INFO - Running: ['airflow', 'tasks', 'run', '***_elt_dag', 'etl_task', 'manual__2025-02-15T17:07:17.215441+00:00', '--job-id', '33', '--raw', '--subdir', 'DAGS_FOLDER/***_etl_dag.py', '--cfg-path', '/tmp/tmpbk79yjje']
[2025-02-15T17:24:05.048+0000] {standard_task_runner.py:105} INFO - Job 33: Subtask etl_task
[2025-02-15T17:24:05.079+0000] {logging_mixin.py:190} WARNING - /home/airflow/.local/lib/python3.9/site-packages/airflow/settings.py:209 DeprecationWarning: The sql_alchemy_conn option in [core] has been moved to the sql_alchemy_conn option in [database] - the old setting has been used, but please update your config.
[2025-02-15T17:24:05.159+0000] {task_command.py:467} INFO - Running <TaskInstance: finprode8_elt_dag.etl_task manual__2025-02-15T17:07:17.215441+00:00 [running]> on host ***-airflow-scheduler
[2025-02-15T17:24:05.404+0000] {taskinstance.py:3132} INFO - Exporting env vars: AIRFLOW_CTX_DAG_OWNER='ratih malini' AIRFLOW_CTX_DAG_ID='***_elt_dag' AIRFLOW_CTX_TASK_ID='etl_task' AIRFLOW_CTX_EXECUTION_DATE='2025-02-15T17:07:17.215441+00:00' AIRFLOW_CTX_TRY_NUMBER='6' AIRFLOW_CTX_DAG_RUN_ID='manual__2025-02-15T17:07:17.215441+00:00'
[2025-02-15T17:24:05.412+0000] {taskinstance.py:731} INFO - ::endgroup::
[2025-02-15T17:24:05.519+0000] {base.py:84} INFO - Retrieving connection 'spark_main'
[2025-02-15T17:24:05.522+0000] {spark_submit.py:474} INFO - Spark-Submit cmd: spark-submit --master spark://***-spark-master:7077 --packages org.postgresql:postgresql:42.2.18 --name arrow-spark /spark-scripts/***_etl.py
[2025-02-15T17:24:08.302+0000] {spark_submit.py:641} INFO - :: loading settings :: url = jar:file:/home/airflow/.local/lib/python3.9/site-packages/pyspark/jars/ivy-2.5.1.jar!/org/apache/ivy/core/settings/ivysettings.xml
[2025-02-15T17:24:08.670+0000] {spark_submit.py:641} INFO - Ivy Default Cache set to: /home/airflow/.ivy2/cache
[2025-02-15T17:24:08.673+0000] {spark_submit.py:641} INFO - The jars for the packages stored in: /home/airflow/.ivy2/jars
[2025-02-15T17:24:08.689+0000] {spark_submit.py:641} INFO - org.postgresql#postgresql added as a dependency
[2025-02-15T17:24:08.696+0000] {spark_submit.py:641} INFO - :: resolving dependencies :: org.apache.spark#spark-submit-parent-4f1630a5-714a-499e-ac5d-b6516c47cd07;1.0
[2025-02-15T17:24:08.699+0000] {spark_submit.py:641} INFO - confs: [default]
[2025-02-15T17:24:08.910+0000] {spark_submit.py:641} INFO - found org.postgresql#postgresql;42.2.18 in central
[2025-02-15T17:24:08.939+0000] {spark_submit.py:641} INFO - found org.checkerframework#checker-qual;3.5.0 in central
[2025-02-15T17:24:08.964+0000] {spark_submit.py:641} INFO - :: resolution report :: resolve 262ms :: artifacts dl 6ms
[2025-02-15T17:24:08.967+0000] {spark_submit.py:641} INFO - :: modules in use:
[2025-02-15T17:24:08.969+0000] {spark_submit.py:641} INFO - org.checkerframework#checker-qual;3.5.0 from central in [default]
[2025-02-15T17:24:08.973+0000] {spark_submit.py:641} INFO - org.postgresql#postgresql;42.2.18 from central in [default]
[2025-02-15T17:24:08.976+0000] {spark_submit.py:641} INFO - ---------------------------------------------------------------------
[2025-02-15T17:24:08.978+0000] {spark_submit.py:641} INFO - |                  |            modules            ||   artifacts   |
[2025-02-15T17:24:08.981+0000] {spark_submit.py:641} INFO - |       conf       | number| search|dwnlded|evicted|| number|dwnlded|
[2025-02-15T17:24:08.983+0000] {spark_submit.py:641} INFO - ---------------------------------------------------------------------
[2025-02-15T17:24:08.985+0000] {spark_submit.py:641} INFO - |      default     |   2   |   0   |   0   |   0   ||   2   |   0   |
[2025-02-15T17:24:08.989+0000] {spark_submit.py:641} INFO - ---------------------------------------------------------------------
[2025-02-15T17:24:08.991+0000] {spark_submit.py:641} INFO - :: retrieving :: org.apache.spark#spark-submit-parent-4f1630a5-714a-499e-ac5d-b6516c47cd07
[2025-02-15T17:24:08.992+0000] {spark_submit.py:641} INFO - confs: [default]
[2025-02-15T17:24:08.995+0000] {spark_submit.py:641} INFO - 0 artifacts copied, 2 already retrieved (0kB/19ms)
[2025-02-15T17:24:09.421+0000] {spark_submit.py:641} INFO - 25/02/15 17:24:09 WARN NativeCodeLoader: Unable to load native-hadoop library for your platform... using builtin-java classes where applicable
[2025-02-15T17:24:11.417+0000] {spark_submit.py:641} INFO - 25/02/15 17:24:11 INFO SparkContext: Running Spark version 3.3.2
[2025-02-15T17:24:11.447+0000] {spark_submit.py:641} INFO - 25/02/15 17:24:11 INFO ResourceUtils: ==============================================================
[2025-02-15T17:24:11.449+0000] {spark_submit.py:641} INFO - 25/02/15 17:24:11 INFO ResourceUtils: No custom resources configured for spark.driver.
[2025-02-15T17:24:11.451+0000] {spark_submit.py:641} INFO - 25/02/15 17:24:11 INFO ResourceUtils: ==============================================================
[2025-02-15T17:24:11.452+0000] {spark_submit.py:641} INFO - 25/02/15 17:24:11 INFO SparkContext: Submitted application: ***
[2025-02-15T17:24:11.474+0000] {spark_submit.py:641} INFO - 25/02/15 17:24:11 INFO ResourceProfile: Default ResourceProfile created, executor resources: Map(cores -> name: cores, amount: 1, script: , vendor: , memory -> name: memory, amount: 1024, script: , vendor: , offHeap -> name: offHeap, amount: 0, script: , vendor: ), task resources: Map(cpus -> name: cpus, amount: 1.0)
[2025-02-15T17:24:11.483+0000] {spark_submit.py:641} INFO - 25/02/15 17:24:11 INFO ResourceProfile: Limiting resource is cpu
[2025-02-15T17:24:11.484+0000] {spark_submit.py:641} INFO - 25/02/15 17:24:11 INFO ResourceProfileManager: Added ResourceProfile id: 0
[2025-02-15T17:24:11.542+0000] {spark_submit.py:641} INFO - 25/02/15 17:24:11 INFO SecurityManager: Changing view acls to: airflow
[2025-02-15T17:24:11.544+0000] {spark_submit.py:641} INFO - 25/02/15 17:24:11 INFO SecurityManager: Changing modify acls to: airflow
[2025-02-15T17:24:11.545+0000] {spark_submit.py:641} INFO - 25/02/15 17:24:11 INFO SecurityManager: Changing view acls groups to:
[2025-02-15T17:24:11.546+0000] {spark_submit.py:641} INFO - 25/02/15 17:24:11 INFO SecurityManager: Changing modify acls groups to:
[2025-02-15T17:24:11.548+0000] {spark_submit.py:641} INFO - 25/02/15 17:24:11 INFO SecurityManager: SecurityManager: authentication disabled; ui acls disabled; users  with view permissions: Set(airflow); groups with view permissions: Set(); users  with modify permissions: Set(airflow); groups with modify permissions: Set()
[2025-02-15T17:24:11.822+0000] {spark_submit.py:641} INFO - 25/02/15 17:24:11 INFO Utils: Successfully started service 'sparkDriver' on port 35355.
[2025-02-15T17:24:11.859+0000] {spark_submit.py:641} INFO - 25/02/15 17:24:11 INFO SparkEnv: Registering MapOutputTracker
[2025-02-15T17:24:11.906+0000] {spark_submit.py:641} INFO - 25/02/15 17:24:11 INFO SparkEnv: Registering BlockManagerMaster
[2025-02-15T17:24:11.945+0000] {spark_submit.py:641} INFO - 25/02/15 17:24:11 INFO BlockManagerMasterEndpoint: Using org.apache.spark.storage.DefaultTopologyMapper for getting topology information
[2025-02-15T17:24:11.950+0000] {spark_submit.py:641} INFO - 25/02/15 17:24:11 INFO BlockManagerMasterEndpoint: BlockManagerMasterEndpoint up
[2025-02-15T17:24:11.962+0000] {spark_submit.py:641} INFO - 25/02/15 17:24:11 INFO SparkEnv: Registering BlockManagerMasterHeartbeat
[2025-02-15T17:24:12.004+0000] {spark_submit.py:641} INFO - 25/02/15 17:24:12 INFO DiskBlockManager: Created local directory at /tmp/blockmgr-04295e0a-3934-4495-822b-5434d0834433
[2025-02-15T17:24:12.031+0000] {spark_submit.py:641} INFO - 25/02/15 17:24:12 INFO MemoryStore: MemoryStore started with capacity 434.4 MiB
[2025-02-15T17:24:12.056+0000] {spark_submit.py:641} INFO - 25/02/15 17:24:12 INFO SparkEnv: Registering OutputCommitCoordinator
[2025-02-15T17:24:12.337+0000] {spark_submit.py:641} INFO - 25/02/15 17:24:12 INFO Utils: Successfully started service 'SparkUI' on port 4040.
[2025-02-15T17:24:12.398+0000] {spark_submit.py:641} INFO - 25/02/15 17:24:12 INFO SparkContext: Added JAR /spark-scripts/jars/postgresql-42.2.18.jar at spark://***-airflow-scheduler:35355/jars/postgresql-42.2.18.jar with timestamp 1739640251401
[2025-02-15T17:24:12.402+0000] {spark_submit.py:641} INFO - 25/02/15 17:24:12 INFO SparkContext: Added file file:///home/airflow/.ivy2/jars/org.postgresql_postgresql-42.2.18.jar at file:///home/airflow/.ivy2/jars/org.postgresql_postgresql-42.2.18.jar with timestamp 1739640251401
[2025-02-15T17:24:12.404+0000] {spark_submit.py:641} INFO - 25/02/15 17:24:12 INFO Utils: Copying /home/airflow/.ivy2/jars/org.postgresql_postgresql-42.2.18.jar to /tmp/spark-bd0c46fc-993f-4b38-be25-77c18ea404cb/userFiles-24e17735-7961-4add-a05f-7c0ed18a8059/org.postgresql_postgresql-42.2.18.jar
[2025-02-15T17:24:12.467+0000] {spark_submit.py:641} INFO - 25/02/15 17:24:12 INFO SparkContext: Added file file:///home/airflow/.ivy2/jars/org.checkerframework_checker-qual-3.5.0.jar at file:///home/airflow/.ivy2/jars/org.checkerframework_checker-qual-3.5.0.jar with timestamp 1739640251401
[2025-02-15T17:24:12.472+0000] {spark_submit.py:641} INFO - 25/02/15 17:24:12 INFO Utils: Copying /home/airflow/.ivy2/jars/org.checkerframework_checker-qual-3.5.0.jar to /tmp/spark-bd0c46fc-993f-4b38-be25-77c18ea404cb/userFiles-24e17735-7961-4add-a05f-7c0ed18a8059/org.checkerframework_checker-qual-3.5.0.jar
[2025-02-15T17:24:12.603+0000] {spark_submit.py:641} INFO - 25/02/15 17:24:12 INFO Executor: Starting executor ID driver on host ***-airflow-scheduler
[2025-02-15T17:24:12.621+0000] {spark_submit.py:641} INFO - 25/02/15 17:24:12 INFO Executor: Starting executor with user classpath (userClassPathFirst = false): ''
[2025-02-15T17:24:12.642+0000] {spark_submit.py:641} INFO - 25/02/15 17:24:12 INFO Executor: Fetching file:///home/airflow/.ivy2/jars/org.postgresql_postgresql-42.2.18.jar with timestamp 1739640251401
[2025-02-15T17:24:12.681+0000] {spark_submit.py:641} INFO - 25/02/15 17:24:12 INFO Utils: /home/airflow/.ivy2/jars/org.postgresql_postgresql-42.2.18.jar has been previously copied to /tmp/spark-bd0c46fc-993f-4b38-be25-77c18ea404cb/userFiles-24e17735-7961-4add-a05f-7c0ed18a8059/org.postgresql_postgresql-42.2.18.jar
[2025-02-15T17:24:12.698+0000] {spark_submit.py:641} INFO - 25/02/15 17:24:12 INFO Executor: Fetching file:///home/airflow/.ivy2/jars/org.checkerframework_checker-qual-3.5.0.jar with timestamp 1739640251401
[2025-02-15T17:24:12.703+0000] {spark_submit.py:641} INFO - 25/02/15 17:24:12 INFO Utils: /home/airflow/.ivy2/jars/org.checkerframework_checker-qual-3.5.0.jar has been previously copied to /tmp/spark-bd0c46fc-993f-4b38-be25-77c18ea404cb/userFiles-24e17735-7961-4add-a05f-7c0ed18a8059/org.checkerframework_checker-qual-3.5.0.jar
[2025-02-15T17:24:12.717+0000] {spark_submit.py:641} INFO - 25/02/15 17:24:12 INFO Executor: Fetching spark://***-airflow-scheduler:35355/jars/postgresql-42.2.18.jar with timestamp 1739640251401
[2025-02-15T17:24:12.771+0000] {spark_submit.py:641} INFO - 25/02/15 17:24:12 INFO TransportClientFactory: Successfully created connection to ***-airflow-scheduler/172.19.0.6:35355 after 34 ms (0 ms spent in bootstraps)
[2025-02-15T17:24:12.776+0000] {spark_submit.py:641} INFO - 25/02/15 17:24:12 INFO Utils: Fetching spark://***-airflow-scheduler:35355/jars/postgresql-42.2.18.jar to /tmp/spark-bd0c46fc-993f-4b38-be25-77c18ea404cb/userFiles-24e17735-7961-4add-a05f-7c0ed18a8059/fetchFileTemp7645225039362676762.tmp
[2025-02-15T17:24:12.885+0000] {spark_submit.py:641} INFO - 25/02/15 17:24:12 INFO Executor: Adding file:/tmp/spark-bd0c46fc-993f-4b38-be25-77c18ea404cb/userFiles-24e17735-7961-4add-a05f-7c0ed18a8059/postgresql-42.2.18.jar to class loader
[2025-02-15T17:24:12.892+0000] {spark_submit.py:641} INFO - 25/02/15 17:24:12 INFO Utils: Successfully started service 'org.apache.spark.network.netty.NettyBlockTransferService' on port 39121.
[2025-02-15T17:24:12.894+0000] {spark_submit.py:641} INFO - 25/02/15 17:24:12 INFO NettyBlockTransferService: Server created on ***-airflow-scheduler:39121
[2025-02-15T17:24:12.896+0000] {spark_submit.py:641} INFO - 25/02/15 17:24:12 INFO BlockManager: Using org.apache.spark.storage.RandomBlockReplicationPolicy for block replication policy
[2025-02-15T17:24:12.904+0000] {spark_submit.py:641} INFO - 25/02/15 17:24:12 INFO BlockManagerMaster: Registering BlockManager BlockManagerId(driver, ***-airflow-scheduler, 39121, None)
[2025-02-15T17:24:12.908+0000] {spark_submit.py:641} INFO - 25/02/15 17:24:12 INFO BlockManagerMasterEndpoint: Registering block manager ***-airflow-scheduler:39121 with 434.4 MiB RAM, BlockManagerId(driver, ***-airflow-scheduler, 39121, None)
[2025-02-15T17:24:12.911+0000] {spark_submit.py:641} INFO - 25/02/15 17:24:12 INFO BlockManagerMaster: Registered BlockManager BlockManagerId(driver, ***-airflow-scheduler, 39121, None)
[2025-02-15T17:24:12.915+0000] {spark_submit.py:641} INFO - 25/02/15 17:24:12 INFO BlockManager: Initialized BlockManager: BlockManagerId(driver, ***-airflow-scheduler, 39121, None)
[2025-02-15T17:24:19.693+0000] {spark_submit.py:641} INFO - ---------------- MENAMPILKAN DATASET ----------------
[2025-02-15T17:24:20.130+0000] {spark_submit.py:641} INFO - +-----------+-----------------+---------+---------------+------+-------------------+---------------+---+--------------------+-----------------+---------------------+----------+------------------+
[2025-02-15T17:24:20.132+0000] {spark_submit.py:641} INFO - |employee_id|       department|   region|      education|gender|recruitment_channel|no_of_trainings|age|previous_year_rating|length_of_service|KPIs_met_more_than_80|awards_won|avg_training_score|
[2025-02-15T17:24:20.133+0000] {spark_submit.py:641} INFO - +-----------+-----------------+---------+---------------+------+-------------------+---------------+---+--------------------+-----------------+---------------------+----------+------------------+
[2025-02-15T17:24:20.134+0000] {spark_submit.py:641} INFO - |       8724|       Technology|region_26|      Bachelors|     m|           sourcing|              1| 24|                null|                1|                    1|         0|                77|
[2025-02-15T17:24:20.135+0000] {spark_submit.py:641} INFO - |      74430|               HR| region_4|      Bachelors|     f|              other|              1| 31|                   3|                5|                    0|         0|                51|
[2025-02-15T17:24:20.136+0000] {spark_submit.py:641} INFO - |      72255|Sales & Marketing|region_13|      Bachelors|     m|              other|              1| 31|                   1|                4|                    0|         0|                47|
[2025-02-15T17:24:20.137+0000] {spark_submit.py:641} INFO - |      38562|      Procurement| region_2|      Bachelors|     f|              other|              3| 31|                   2|                9|                    0|         0|                65|
[2025-02-15T17:24:20.139+0000] {spark_submit.py:641} INFO - |      64486|          Finance|region_29|      Bachelors|     m|           sourcing|              1| 30|                   4|                7|                    0|         0|                61|
[2025-02-15T17:24:20.140+0000] {spark_submit.py:641} INFO - |      46232|      Procurement| region_7|      Bachelors|     m|           sourcing|              1| 36|                   3|                2|                    0|         0|                68|
[2025-02-15T17:24:20.141+0000] {spark_submit.py:641} INFO - |      54542|          Finance| region_2|      Bachelors|     m|              other|              1| 33|                   5|                3|                    1|         0|                57|
[2025-02-15T17:24:20.142+0000] {spark_submit.py:641} INFO - |      67269|        Analytics|region_22|      Bachelors|     m|           sourcing|              2| 36|                   3|                3|                    0|         0|                85|
[2025-02-15T17:24:20.143+0000] {spark_submit.py:641} INFO - |      66174|       Technology| region_7|Masters & above|     m|              other|              1| 51|                   4|               11|                    0|         0|                75|
[2025-02-15T17:24:20.144+0000] {spark_submit.py:641} INFO - |      76303|       Technology|region_22|      Bachelors|     m|           sourcing|              1| 29|                   5|                2|                    1|         0|                76|
[2025-02-15T17:24:20.146+0000] {spark_submit.py:641} INFO - +-----------+-----------------+---------+---------------+------+-------------------+---------------+---+--------------------+-----------------+---------------------+----------+------------------+
[2025-02-15T17:24:20.148+0000] {spark_submit.py:641} INFO - only showing top 10 rows
[2025-02-15T17:24:20.149+0000] {spark_submit.py:641} INFO - 
[2025-02-15T17:24:20.151+0000] {spark_submit.py:641} INFO - ---------------- MENAMPILKAN TIPE DATA AWAL ----------------
[2025-02-15T17:24:20.152+0000] {spark_submit.py:641} INFO - root
[2025-02-15T17:24:20.153+0000] {spark_submit.py:641} INFO - |-- employee_id: string (nullable = true)
[2025-02-15T17:24:20.154+0000] {spark_submit.py:641} INFO - |-- department: string (nullable = true)
[2025-02-15T17:24:20.155+0000] {spark_submit.py:641} INFO - |-- region: string (nullable = true)
[2025-02-15T17:24:20.156+0000] {spark_submit.py:641} INFO - |-- education: string (nullable = true)
[2025-02-15T17:24:20.157+0000] {spark_submit.py:641} INFO - |-- gender: string (nullable = true)
[2025-02-15T17:24:20.158+0000] {spark_submit.py:641} INFO - |-- recruitment_channel: string (nullable = true)
[2025-02-15T17:24:20.160+0000] {spark_submit.py:641} INFO - |-- no_of_trainings: string (nullable = true)
[2025-02-15T17:24:20.162+0000] {spark_submit.py:641} INFO - |-- age: string (nullable = true)
[2025-02-15T17:24:20.164+0000] {spark_submit.py:641} INFO - |-- previous_year_rating: string (nullable = true)
[2025-02-15T17:24:20.165+0000] {spark_submit.py:641} INFO - |-- length_of_service: string (nullable = true)
[2025-02-15T17:24:20.166+0000] {spark_submit.py:641} INFO - |-- KPIs_met_more_than_80: string (nullable = true)
[2025-02-15T17:24:20.167+0000] {spark_submit.py:641} INFO - |-- awards_won: string (nullable = true)
[2025-02-15T17:24:20.168+0000] {spark_submit.py:641} INFO - |-- avg_training_score: string (nullable = true)
[2025-02-15T17:24:20.169+0000] {spark_submit.py:641} INFO - 
[2025-02-15T17:24:20.288+0000] {spark_submit.py:641} INFO - ---------------- MENAMPILKAN TIPE DATA HASIL TRANSFORMASI ----------------
[2025-02-15T17:24:20.293+0000] {spark_submit.py:641} INFO - root
[2025-02-15T17:24:20.295+0000] {spark_submit.py:641} INFO - |-- employee_id: string (nullable = true)
[2025-02-15T17:24:20.296+0000] {spark_submit.py:641} INFO - |-- department: string (nullable = true)
[2025-02-15T17:24:20.297+0000] {spark_submit.py:641} INFO - |-- region: string (nullable = true)
[2025-02-15T17:24:20.298+0000] {spark_submit.py:641} INFO - |-- education: string (nullable = true)
[2025-02-15T17:24:20.299+0000] {spark_submit.py:641} INFO - |-- gender: string (nullable = true)
[2025-02-15T17:24:20.300+0000] {spark_submit.py:641} INFO - |-- recruitment_channel: string (nullable = true)
[2025-02-15T17:24:20.301+0000] {spark_submit.py:641} INFO - |-- no_of_trainings: integer (nullable = true)
[2025-02-15T17:24:20.302+0000] {spark_submit.py:641} INFO - |-- age: integer (nullable = true)
[2025-02-15T17:24:20.303+0000] {spark_submit.py:641} INFO - |-- previous_year_rating: integer (nullable = true)
[2025-02-15T17:24:20.304+0000] {spark_submit.py:641} INFO - |-- length_of_service: integer (nullable = true)
[2025-02-15T17:24:20.305+0000] {spark_submit.py:641} INFO - |-- KPIs_met_more_than_80: integer (nullable = true)
[2025-02-15T17:24:20.306+0000] {spark_submit.py:641} INFO - |-- awards_won: integer (nullable = true)
[2025-02-15T17:24:20.307+0000] {spark_submit.py:641} INFO - |-- avg_training_score: integer (nullable = true)
[2025-02-15T17:24:20.308+0000] {spark_submit.py:641} INFO - 
[2025-02-15T17:24:20.311+0000] {spark_submit.py:641} INFO - ---------------- MENAMPILKAN BANYAK DATA NULL DI SETIAP KOLOM ----------------
[2025-02-15T17:24:21.738+0000] {spark_submit.py:641} INFO - +----------------+---------------+-----------+--------------+-----------+------------------------+--------------------+--------+-------------------------+----------------------+--------------------------+---------------+-----------------------+
[2025-02-15T17:24:21.740+0000] {spark_submit.py:641} INFO - |employee_id_null|department_null|region_null|education_null|gender_null|recruitment_channel_null|no_of_trainings_null|age_null|previous_year_rating_null|length_of_service_null|KPIs_met_more_than_80_null|awards_won_null|avg_training_score_nuli|
[2025-02-15T17:24:21.741+0000] {spark_submit.py:641} INFO - +----------------+---------------+-----------+--------------+-----------+------------------------+--------------------+--------+-------------------------+----------------------+--------------------------+---------------+-----------------------+
[2025-02-15T17:24:21.742+0000] {spark_submit.py:641} INFO - |               0|              0|          0|           771|          0|                       0|                   0|       0|                     1363|                     0|                         0|              0|                      0|
[2025-02-15T17:24:21.743+0000] {spark_submit.py:641} INFO - +----------------+---------------+-----------+--------------+-----------+------------------------+--------------------+--------+-------------------------+----------------------+--------------------------+---------------+-----------------------+
[2025-02-15T17:24:21.744+0000] {spark_submit.py:641} INFO - 
[2025-02-15T17:24:21.745+0000] {spark_submit.py:641} INFO - ---------------- NULL HANDLING PADA KOLOM EDUCATION & PREVIOUS_YEAR_RATING ----------------
[2025-02-15T17:24:22.363+0000] {spark_submit.py:641} INFO - +--------------+-------------------------+
[2025-02-15T17:24:22.365+0000] {spark_submit.py:641} INFO - |education_null|previous_year_rating_null|
[2025-02-15T17:24:22.366+0000] {spark_submit.py:641} INFO - +--------------+-------------------------+
[2025-02-15T17:24:22.368+0000] {spark_submit.py:641} INFO - |             0|                        0|
[2025-02-15T17:24:22.370+0000] {spark_submit.py:641} INFO - +--------------+-------------------------+
[2025-02-15T17:24:22.372+0000] {spark_submit.py:641} INFO - 
[2025-02-15T17:24:22.374+0000] {spark_submit.py:641} INFO - ---------------- MENAMPILKAN BANYAK DATA DUPLIKAT BERDASARKAN EMPLOYEE_ID ----------------
[2025-02-15T17:24:23.638+0000] {spark_submit.py:641} INFO - +-----------+------+
[2025-02-15T17:24:23.640+0000] {spark_submit.py:641} INFO - |employee_id|jumlah|
[2025-02-15T17:24:23.642+0000] {spark_submit.py:641} INFO - +-----------+------+
[2025-02-15T17:24:23.643+0000] {spark_submit.py:641} INFO - |      64573|     2|
[2025-02-15T17:24:23.644+0000] {spark_submit.py:641} INFO - |      49584|     3|
[2025-02-15T17:24:23.648+0000] {spark_submit.py:641} INFO - +-----------+------+
[2025-02-15T17:24:23.650+0000] {spark_submit.py:641} INFO - 
[2025-02-15T17:24:23.651+0000] {spark_submit.py:641} INFO - ---------------- MENAMPILKAN SEMUA BARIS DAN KOLOM DARI EMPLOYEE ID YANG DUPLIKAT ----------------
[2025-02-15T17:24:24.799+0000] {spark_submit.py:641} INFO - +-----------+----------+--------+---------+------+-------------------+---------------+---+--------------------+-----------------+---------------------+----------+------------------+
[2025-02-15T17:24:24.801+0000] {spark_submit.py:641} INFO - |employee_id|department|  region|education|gender|recruitment_channel|no_of_trainings|age|previous_year_rating|length_of_service|KPIs_met_more_than_80|awards_won|avg_training_score|
[2025-02-15T17:24:24.803+0000] {spark_submit.py:641} INFO - +-----------+----------+--------+---------+------+-------------------+---------------+---+--------------------+-----------------+---------------------+----------+------------------+
[2025-02-15T17:24:24.804+0000] {spark_submit.py:641} INFO - |      49584|        HR|region_7|Bachelors|     m|              other|              1| 33|                   1|                9|                    0|         0|                51|
[2025-02-15T17:24:24.807+0000] {spark_submit.py:641} INFO - |      49584|        HR|region_7|Bachelors|     m|              other|              1| 33|                   1|                9|                    0|         0|                51|
[2025-02-15T17:24:24.809+0000] {spark_submit.py:641} INFO - |      49584|        HR|region_7|Bachelors|     m|              other|              1| 33|                   1|                9|                    0|         0|                51|
[2025-02-15T17:24:24.810+0000] {spark_submit.py:641} INFO - |      64573|Technology|region_7|Bachelors|     f|           referred|              2| 30|                   5|                6|                    1|         0|                81|
[2025-02-15T17:24:24.811+0000] {spark_submit.py:641} INFO - |      64573|        HR|region_7|Bachelors|     f|           referred|              1| 35|                   5|                4|                    1|         0|                81|
[2025-02-15T17:24:24.812+0000] {spark_submit.py:641} INFO - +-----------+----------+--------+---------+------+-------------------+---------------+---+--------------------+-----------------+---------------------+----------+------------------+
[2025-02-15T17:24:24.814+0000] {spark_submit.py:641} INFO - 
[2025-02-15T17:24:24.816+0000] {spark_submit.py:641} INFO - ---------------- MENAMPILKAN HASIL DARI DATA DUPLIKASI YANG TELAH DIHANDLE BERDASARKAN KOLOM EMPLOYEE_ID DAN DEPARTMENT ----------------
[2025-02-15T17:24:26.586+0000] {spark_submit.py:641} INFO - +-----------+----------+--------+---------+------+-------------------+---------------+---+--------------------+-----------------+---------------------+----------+------------------+
[2025-02-15T17:24:26.592+0000] {spark_submit.py:641} INFO - |employee_id|department|  region|education|gender|recruitment_channel|no_of_trainings|age|previous_year_rating|length_of_service|KPIs_met_more_than_80|awards_won|avg_training_score|
[2025-02-15T17:24:26.594+0000] {spark_submit.py:641} INFO - +-----------+----------+--------+---------+------+-------------------+---------------+---+--------------------+-----------------+---------------------+----------+------------------+
[2025-02-15T17:24:26.596+0000] {spark_submit.py:641} INFO - |      49584|        HR|region_7|Bachelors|     m|              other|              1| 33|                   1|                9|                    0|         0|                51|
[2025-02-15T17:24:26.597+0000] {spark_submit.py:641} INFO - |      64573|        HR|region_7|Bachelors|     f|           referred|              1| 35|                   5|                4|                    1|         0|                81|
[2025-02-15T17:24:26.598+0000] {spark_submit.py:641} INFO - |      64573|Technology|region_7|Bachelors|     f|           referred|              2| 30|                   5|                6|                    1|         0|                81|
[2025-02-15T17:24:26.599+0000] {spark_submit.py:641} INFO - +-----------+----------+--------+---------+------+-------------------+---------------+---+--------------------+-----------------+---------------------+----------+------------------+
[2025-02-15T17:24:26.600+0000] {spark_submit.py:641} INFO - 
[2025-02-15T17:24:28.699+0000] {spark_submit.py:641} INFO - ---------------- MENAMPILKAN DATA HASIL TRANSFORMASI YANG SUDAH DILOAD KE POSTGRES ----------------
[2025-02-15T17:24:28.832+0000] {spark_submit.py:641} INFO - +-----------+-----------------+---------+---------------+------+-------------------+---------------+---+--------------------+-----------------+---------------------+----------+------------------+
[2025-02-15T17:24:28.834+0000] {spark_submit.py:641} INFO - |employee_id|       department|   region|      education|gender|recruitment_channel|no_of_trainings|age|previous_year_rating|length_of_service|KPIs_met_more_than_80|awards_won|avg_training_score|
[2025-02-15T17:24:28.836+0000] {spark_submit.py:641} INFO - +-----------+-----------------+---------+---------------+------+-------------------+---------------+---+--------------------+-----------------+---------------------+----------+------------------+
[2025-02-15T17:24:28.839+0000] {spark_submit.py:641} INFO - |      10009|Sales & Marketing| region_2|        unknown|     m|           sourcing|              2| 21|                   0|                1|                    0|         0|                52|
[2025-02-15T17:24:28.841+0000] {spark_submit.py:641} INFO - |       1001|            Legal| region_2|      Bachelors|     m|              other|              1| 31|                   0|                1|                    0|         0|                58|
[2025-02-15T17:24:28.842+0000] {spark_submit.py:641} INFO - |      10012|            Legal|region_22|      Bachelors|     m|           sourcing|              1| 28|                   5|                4|                    1|         0|                60|
[2025-02-15T17:24:28.843+0000] {spark_submit.py:641} INFO - |      10019|Sales & Marketing|region_18|      Bachelors|     m|           sourcing|              1| 28|                   0|                1|                    0|         0|                44|
[2025-02-15T17:24:28.845+0000] {spark_submit.py:641} INFO - |      10021|Sales & Marketing|region_15|      Bachelors|     f|           sourcing|              1| 41|                   1|                7|                    1|         0|                47|
[2025-02-15T17:24:28.846+0000] {spark_submit.py:641} INFO - |      10024|       Technology| region_2|Below Secondary|     f|              other|              1| 22|                   0|                1|                    1|         0|                82|
[2025-02-15T17:24:28.847+0000] {spark_submit.py:641} INFO - |       1003|               HR| region_2|Masters & above|     m|              other|              1| 39|                   4|                8|                    0|         0|                49|
[2025-02-15T17:24:28.848+0000] {spark_submit.py:641} INFO - |      10034|               HR| region_2|      Bachelors|     f|           referred|              1| 25|                   0|                1|                    1|         0|                55|
[2025-02-15T17:24:28.849+0000] {spark_submit.py:641} INFO - |      10035|       Operations| region_2|Masters & above|     m|           sourcing|              2| 44|                   5|                7|                    1|         0|                61|
[2025-02-15T17:24:28.850+0000] {spark_submit.py:641} INFO - |      10036|       Technology|region_26|Masters & above|     m|              other|              1| 40|                   5|                4|                    1|         0|                78|
[2025-02-15T17:24:28.851+0000] {spark_submit.py:641} INFO - |      10038|      Procurement|region_29|      Bachelors|     f|              other|              1| 31|                   4|                3|                    0|         0|                71|
[2025-02-15T17:24:28.852+0000] {spark_submit.py:641} INFO - |      10043|       Operations|region_13|Masters & above|     m|              other|              1| 52|                   5|               17|                    0|         0|                70|
[2025-02-15T17:24:28.854+0000] {spark_submit.py:641} INFO - |      10048|       Operations| region_2|Masters & above|     f|           sourcing|              1| 38|                   5|                4|                    1|         0|                58|
[2025-02-15T17:24:28.857+0000] {spark_submit.py:641} INFO - |      10050|            Legal| region_2|      Bachelors|     m|           sourcing|              1| 46|                   5|                6|                    0|         0|                61|
[2025-02-15T17:24:28.858+0000] {spark_submit.py:641} INFO - |      10055|Sales & Marketing| region_2|        unknown|     m|              other|              1| 27|                   1|                4|                    0|         0|                49|
[2025-02-15T17:24:28.859+0000] {spark_submit.py:641} INFO - |      10059|        Analytics|region_34|      Bachelors|     m|           sourcing|              3| 27|                   3|                2|                    0|         0|                83|
[2025-02-15T17:24:28.860+0000] {spark_submit.py:641} INFO - |      10076|Sales & Marketing| region_2|      Bachelors|     f|           sourcing|              1| 27|                   1|                3|                    0|         0|                44|
[2025-02-15T17:24:28.862+0000] {spark_submit.py:641} INFO - |      10077|Sales & Marketing|region_22|      Bachelors|     m|           sourcing|              2| 31|                   2|                3|                    0|         0|                46|
[2025-02-15T17:24:28.863+0000] {spark_submit.py:641} INFO - |      10088|               HR| region_2|      Bachelors|     m|           sourcing|              1| 35|                   1|                3|                    1|         0|                48|
[2025-02-15T17:24:28.864+0000] {spark_submit.py:641} INFO - |       1009|       Operations| region_4|Masters & above|     m|           sourcing|              1| 48|                   3|               16|                    0|         0|                61|
[2025-02-15T17:24:28.865+0000] {spark_submit.py:641} INFO - +-----------+-----------------+---------+---------------+------+-------------------+---------------+---+--------------------+-----------------+---------------------+----------+------------------+
[2025-02-15T17:24:28.866+0000] {spark_submit.py:641} INFO - only showing top 20 rows
[2025-02-15T17:24:28.867+0000] {spark_submit.py:641} INFO - 
[2025-02-15T17:26:40.013+0000] {job.py:239} ERROR - Job heartbeat failed with error
Traceback (most recent call last):
  File "/home/airflow/.local/lib/python3.9/site-packages/sqlalchemy/engine/base.py", line 3371, in _wrap_pool_connect
    return fn()
  File "/home/airflow/.local/lib/python3.9/site-packages/sqlalchemy/pool/base.py", line 327, in connect
    return _ConnectionFairy._checkout(self)
  File "/home/airflow/.local/lib/python3.9/site-packages/sqlalchemy/pool/base.py", line 894, in _checkout
    fairy = _ConnectionRecord.checkout(pool)
  File "/home/airflow/.local/lib/python3.9/site-packages/sqlalchemy/pool/base.py", line 493, in checkout
    rec = pool._do_get()
  File "/home/airflow/.local/lib/python3.9/site-packages/sqlalchemy/pool/impl.py", line 256, in _do_get
    return self._create_connection()
  File "/home/airflow/.local/lib/python3.9/site-packages/sqlalchemy/pool/base.py", line 273, in _create_connection
    return _ConnectionRecord(self)
  File "/home/airflow/.local/lib/python3.9/site-packages/sqlalchemy/pool/base.py", line 388, in __init__
    self.__connect()
  File "/home/airflow/.local/lib/python3.9/site-packages/sqlalchemy/pool/base.py", line 691, in __connect
    pool.logger.debug("Error on connect(): %s", e)
  File "/home/airflow/.local/lib/python3.9/site-packages/sqlalchemy/util/langhelpers.py", line 70, in __exit__
    compat.raise_(
  File "/home/airflow/.local/lib/python3.9/site-packages/sqlalchemy/util/compat.py", line 211, in raise_
    raise exception
  File "/home/airflow/.local/lib/python3.9/site-packages/sqlalchemy/pool/base.py", line 686, in __connect
    self.dbapi_connection = connection = pool._invoke_creator(self)
  File "/home/airflow/.local/lib/python3.9/site-packages/sqlalchemy/engine/create.py", line 574, in connect
    return dialect.connect(*cargs, **cparams)
  File "/home/airflow/.local/lib/python3.9/site-packages/sqlalchemy/engine/default.py", line 598, in connect
    return self.dbapi.connect(*cargs, **cparams)
  File "/home/airflow/.local/lib/python3.9/site-packages/psycopg2/__init__.py", line 122, in connect
    conn = _connect(dsn, connection_factory=connection_factory, **kwasync)
psycopg2.OperationalError: could not translate host name "***-postgres" to address: Temporary failure in name resolution


The above exception was the direct cause of the following exception:

Traceback (most recent call last):
  File "/home/airflow/.local/lib/python3.9/site-packages/airflow/jobs/job.py", line 207, in heartbeat
    self._merge_from(Job._fetch_from_db(self, session))
  File "/home/airflow/.local/lib/python3.9/site-packages/airflow/api_internal/internal_api_call.py", line 166, in wrapper
    return func(*args, **kwargs)
  File "/home/airflow/.local/lib/python3.9/site-packages/airflow/utils/session.py", line 94, in wrapper
    return func(*args, **kwargs)
  File "/home/airflow/.local/lib/python3.9/site-packages/airflow/utils/retries.py", line 93, in wrapped_function
    for attempt in run_with_db_retries(max_retries=retries, logger=logger, **retry_kwargs):
  File "/home/airflow/.local/lib/python3.9/site-packages/tenacity/__init__.py", line 347, in __iter__
    do = self.iter(retry_state=retry_state)
  File "/home/airflow/.local/lib/python3.9/site-packages/tenacity/__init__.py", line 325, in iter
    raise retry_exc.reraise()
  File "/home/airflow/.local/lib/python3.9/site-packages/tenacity/__init__.py", line 158, in reraise
    raise self.last_attempt.result()
  File "/usr/local/lib/python3.9/concurrent/futures/_base.py", line 439, in result
    return self.__get_result()
  File "/usr/local/lib/python3.9/concurrent/futures/_base.py", line 391, in __get_result
    raise self._exception
  File "/home/airflow/.local/lib/python3.9/site-packages/airflow/utils/retries.py", line 102, in wrapped_function
    return func(*args, **kwargs)
  File "/home/airflow/.local/lib/python3.9/site-packages/airflow/jobs/job.py", line 335, in _fetch_from_db
    session.merge(job)
  File "/home/airflow/.local/lib/python3.9/site-packages/sqlalchemy/orm/session.py", line 3056, in merge
    return self._merge(
  File "/home/airflow/.local/lib/python3.9/site-packages/sqlalchemy/orm/session.py", line 3136, in _merge
    merged = self.get(
  File "/home/airflow/.local/lib/python3.9/site-packages/sqlalchemy/orm/session.py", line 2853, in get
    return self._get_impl(
  File "/home/airflow/.local/lib/python3.9/site-packages/sqlalchemy/orm/session.py", line 2975, in _get_impl
    return db_load_fn(
  File "/home/airflow/.local/lib/python3.9/site-packages/sqlalchemy/orm/loading.py", line 530, in load_on_pk_identity
    session.execute(
  File "/home/airflow/.local/lib/python3.9/site-packages/sqlalchemy/orm/session.py", line 1716, in execute
    conn = self._connection_for_bind(bind)
  File "/home/airflow/.local/lib/python3.9/site-packages/sqlalchemy/orm/session.py", line 1555, in _connection_for_bind
    return self._transaction._connection_for_bind(
  File "/home/airflow/.local/lib/python3.9/site-packages/sqlalchemy/orm/session.py", line 750, in _connection_for_bind
    conn = bind.connect()
  File "/home/airflow/.local/lib/python3.9/site-packages/sqlalchemy/future/engine.py", line 412, in connect
    return super(Engine, self).connect()
  File "/home/airflow/.local/lib/python3.9/site-packages/sqlalchemy/engine/base.py", line 3325, in connect
    return self._connection_cls(self, close_with_result=close_with_result)
  File "/home/airflow/.local/lib/python3.9/site-packages/sqlalchemy/engine/base.py", line 96, in __init__
    else engine.raw_connection()
  File "/home/airflow/.local/lib/python3.9/site-packages/sqlalchemy/engine/base.py", line 3404, in raw_connection
    return self._wrap_pool_connect(self.pool.connect, _connection)
  File "/home/airflow/.local/lib/python3.9/site-packages/sqlalchemy/engine/base.py", line 3374, in _wrap_pool_connect
    Connection._handle_dbapi_exception_noconnection(
  File "/home/airflow/.local/lib/python3.9/site-packages/sqlalchemy/engine/base.py", line 2208, in _handle_dbapi_exception_noconnection
    util.raise_(
  File "/home/airflow/.local/lib/python3.9/site-packages/sqlalchemy/util/compat.py", line 211, in raise_
    raise exception
  File "/home/airflow/.local/lib/python3.9/site-packages/sqlalchemy/engine/base.py", line 3371, in _wrap_pool_connect
    return fn()
  File "/home/airflow/.local/lib/python3.9/site-packages/sqlalchemy/pool/base.py", line 327, in connect
    return _ConnectionFairy._checkout(self)
  File "/home/airflow/.local/lib/python3.9/site-packages/sqlalchemy/pool/base.py", line 894, in _checkout
    fairy = _ConnectionRecord.checkout(pool)
  File "/home/airflow/.local/lib/python3.9/site-packages/sqlalchemy/pool/base.py", line 493, in checkout
    rec = pool._do_get()
  File "/home/airflow/.local/lib/python3.9/site-packages/sqlalchemy/pool/impl.py", line 256, in _do_get
    return self._create_connection()
  File "/home/airflow/.local/lib/python3.9/site-packages/sqlalchemy/pool/base.py", line 273, in _create_connection
    return _ConnectionRecord(self)
  File "/home/airflow/.local/lib/python3.9/site-packages/sqlalchemy/pool/base.py", line 388, in __init__
    self.__connect()
  File "/home/airflow/.local/lib/python3.9/site-packages/sqlalchemy/pool/base.py", line 691, in __connect
    pool.logger.debug("Error on connect(): %s", e)
  File "/home/airflow/.local/lib/python3.9/site-packages/sqlalchemy/util/langhelpers.py", line 70, in __exit__
    compat.raise_(
  File "/home/airflow/.local/lib/python3.9/site-packages/sqlalchemy/util/compat.py", line 211, in raise_
    raise exception
  File "/home/airflow/.local/lib/python3.9/site-packages/sqlalchemy/pool/base.py", line 686, in __connect
    self.dbapi_connection = connection = pool._invoke_creator(self)
  File "/home/airflow/.local/lib/python3.9/site-packages/sqlalchemy/engine/create.py", line 574, in connect
    return dialect.connect(*cargs, **cparams)
  File "/home/airflow/.local/lib/python3.9/site-packages/sqlalchemy/engine/default.py", line 598, in connect
    return self.dbapi.connect(*cargs, **cparams)
  File "/home/airflow/.local/lib/python3.9/site-packages/psycopg2/__init__.py", line 122, in connect
    conn = _connect(dsn, connection_factory=connection_factory, **kwasync)
sqlalchemy.exc.OperationalError: (psycopg2.OperationalError) could not translate host name "***-postgres" to address: Temporary failure in name resolution

(Background on this error at: https://sqlalche.me/e/14/e3q8)
[2025-02-15T17:26:40.407+0000] {job.py:254} ERROR - Job heartbeat failed with error. Scheduler is in unhealthy state
[2025-02-15T17:27:16.491+0000] {job.py:254} ERROR - Job heartbeat failed with error. Scheduler is in unhealthy state
[2025-02-15T17:27:56.935+0000] {job.py:254} ERROR - Job heartbeat failed with error. Scheduler is in unhealthy state
[2025-02-15T17:28:02.702+0000] {job.py:229} INFO - Heartbeat recovered after 119.10 seconds
