[2025-02-20T16:06:14.358+0000] {local_task_job_runner.py:123} INFO - ::group::Pre task execution logs
[2025-02-20T16:06:14.381+0000] {taskinstance.py:2614} INFO - Dependencies all met for dep_context=non-requeueable deps ti=<TaskInstance: finprode8_v2_etl_dag.load_task manual__2025-02-20T16:04:01.825171+00:00 [queued]>
[2025-02-20T16:06:14.396+0000] {taskinstance.py:2614} INFO - Dependencies all met for dep_context=requeueable deps ti=<TaskInstance: finprode8_v2_etl_dag.load_task manual__2025-02-20T16:04:01.825171+00:00 [queued]>
[2025-02-20T16:06:14.398+0000] {taskinstance.py:2867} INFO - Starting attempt 2 of 2
[2025-02-20T16:06:14.417+0000] {taskinstance.py:2890} INFO - Executing <Task(SparkSubmitOperator): load_task> on 2025-02-20 16:04:01.825171+00:00
[2025-02-20T16:06:14.424+0000] {standard_task_runner.py:72} INFO - Started process 3418 to run task
[2025-02-20T16:06:14.428+0000] {standard_task_runner.py:104} INFO - Running: ['airflow', 'tasks', 'run', '***_v2_etl_dag', 'load_task', 'manual__2025-02-20T16:04:01.825171+00:00', '--job-id', '98', '--raw', '--subdir', 'DAGS_FOLDER/***_v2_etl_dag.py', '--cfg-path', '/tmp/tmpzm7eo86_']
[2025-02-20T16:06:14.432+0000] {standard_task_runner.py:105} INFO - Job 98: Subtask load_task
[2025-02-20T16:06:14.454+0000] {logging_mixin.py:190} WARNING - /home/airflow/.local/lib/python3.9/site-packages/airflow/settings.py:209 DeprecationWarning: The sql_alchemy_conn option in [core] has been moved to the sql_alchemy_conn option in [database] - the old setting has been used, but please update your config.
[2025-02-20T16:06:14.505+0000] {task_command.py:467} INFO - Running <TaskInstance: finprode8_v2_etl_dag.load_task manual__2025-02-20T16:04:01.825171+00:00 [running]> on host ***-airflow-scheduler
[2025-02-20T16:06:14.605+0000] {taskinstance.py:3134} INFO - Exporting env vars: AIRFLOW_CTX_DAG_OWNER='ratih malini' AIRFLOW_CTX_DAG_ID='***_v2_etl_dag' AIRFLOW_CTX_TASK_ID='load_task' AIRFLOW_CTX_EXECUTION_DATE='2025-02-20T16:04:01.825171+00:00' AIRFLOW_CTX_TRY_NUMBER='2' AIRFLOW_CTX_DAG_RUN_ID='manual__2025-02-20T16:04:01.825171+00:00'
[2025-02-20T16:06:14.608+0000] {taskinstance.py:732} INFO - ::endgroup::
[2025-02-20T16:06:14.638+0000] {base.py:84} INFO - Retrieving connection 'spark_main'
[2025-02-20T16:06:14.641+0000] {spark_submit.py:474} INFO - Spark-Submit cmd: spark-submit --master spark://***-spark-master:7077 --packages org.postgresql:postgresql:42.2.18 --name arrow-spark /spark-scripts/***_v2_load.py
[2025-02-20T16:06:16.174+0000] {spark_submit.py:641} INFO - :: loading settings :: url = jar:file:/home/airflow/.local/lib/python3.9/site-packages/pyspark/jars/ivy-2.5.1.jar!/org/apache/ivy/core/settings/ivysettings.xml
[2025-02-20T16:06:16.299+0000] {spark_submit.py:641} INFO - Ivy Default Cache set to: /home/airflow/.ivy2/cache
[2025-02-20T16:06:16.302+0000] {spark_submit.py:641} INFO - The jars for the packages stored in: /home/airflow/.ivy2/jars
[2025-02-20T16:06:16.304+0000] {spark_submit.py:641} INFO - org.postgresql#postgresql added as a dependency
[2025-02-20T16:06:16.307+0000] {spark_submit.py:641} INFO - :: resolving dependencies :: org.apache.spark#spark-submit-parent-ae4561f1-7948-48f1-b775-0b50a73c8624;1.0
[2025-02-20T16:06:16.310+0000] {spark_submit.py:641} INFO - confs: [default]
[2025-02-20T16:06:16.422+0000] {spark_submit.py:641} INFO - found org.postgresql#postgresql;42.2.18 in central
[2025-02-20T16:06:16.445+0000] {spark_submit.py:641} INFO - found org.checkerframework#checker-qual;3.5.0 in central
[2025-02-20T16:06:16.471+0000] {spark_submit.py:641} INFO - :: resolution report :: resolve 155ms :: artifacts dl 9ms
[2025-02-20T16:06:16.473+0000] {spark_submit.py:641} INFO - :: modules in use:
[2025-02-20T16:06:16.474+0000] {spark_submit.py:641} INFO - org.checkerframework#checker-qual;3.5.0 from central in [default]
[2025-02-20T16:06:16.476+0000] {spark_submit.py:641} INFO - org.postgresql#postgresql;42.2.18 from central in [default]
[2025-02-20T16:06:16.477+0000] {spark_submit.py:641} INFO - ---------------------------------------------------------------------
[2025-02-20T16:06:16.478+0000] {spark_submit.py:641} INFO - |                  |            modules            ||   artifacts   |
[2025-02-20T16:06:16.479+0000] {spark_submit.py:641} INFO - |       conf       | number| search|dwnlded|evicted|| number|dwnlded|
[2025-02-20T16:06:16.481+0000] {spark_submit.py:641} INFO - ---------------------------------------------------------------------
[2025-02-20T16:06:16.483+0000] {spark_submit.py:641} INFO - |      default     |   2   |   0   |   0   |   0   ||   2   |   0   |
[2025-02-20T16:06:16.485+0000] {spark_submit.py:641} INFO - ---------------------------------------------------------------------
[2025-02-20T16:06:16.486+0000] {spark_submit.py:641} INFO - :: retrieving :: org.apache.spark#spark-submit-parent-ae4561f1-7948-48f1-b775-0b50a73c8624
[2025-02-20T16:06:16.488+0000] {spark_submit.py:641} INFO - confs: [default]
[2025-02-20T16:06:16.489+0000] {spark_submit.py:641} INFO - 0 artifacts copied, 2 already retrieved (0kB/8ms)
[2025-02-20T16:06:16.725+0000] {spark_submit.py:641} INFO - 25/02/20 16:06:16 WARN NativeCodeLoader: Unable to load native-hadoop library for your platform... using builtin-java classes where applicable
[2025-02-20T16:06:17.842+0000] {spark_submit.py:641} INFO - 25/02/20 16:06:17 INFO SparkContext: Running Spark version 3.3.2
[2025-02-20T16:06:17.863+0000] {spark_submit.py:641} INFO - 25/02/20 16:06:17 INFO ResourceUtils: ==============================================================
[2025-02-20T16:06:17.866+0000] {spark_submit.py:641} INFO - 25/02/20 16:06:17 INFO ResourceUtils: No custom resources configured for spark.driver.
[2025-02-20T16:06:17.868+0000] {spark_submit.py:641} INFO - 25/02/20 16:06:17 INFO ResourceUtils: ==============================================================
[2025-02-20T16:06:17.870+0000] {spark_submit.py:641} INFO - 25/02/20 16:06:17 INFO SparkContext: Submitted application: ***_transform
[2025-02-20T16:06:17.888+0000] {spark_submit.py:641} INFO - 25/02/20 16:06:17 INFO ResourceProfile: Default ResourceProfile created, executor resources: Map(cores -> name: cores, amount: 1, script: , vendor: , memory -> name: memory, amount: 1024, script: , vendor: , offHeap -> name: offHeap, amount: 0, script: , vendor: ), task resources: Map(cpus -> name: cpus, amount: 1.0)
[2025-02-20T16:06:17.896+0000] {spark_submit.py:641} INFO - 25/02/20 16:06:17 INFO ResourceProfile: Limiting resource is cpu
[2025-02-20T16:06:17.899+0000] {spark_submit.py:641} INFO - 25/02/20 16:06:17 INFO ResourceProfileManager: Added ResourceProfile id: 0
[2025-02-20T16:06:17.943+0000] {spark_submit.py:641} INFO - 25/02/20 16:06:17 INFO SecurityManager: Changing view acls to: airflow
[2025-02-20T16:06:17.945+0000] {spark_submit.py:641} INFO - 25/02/20 16:06:17 INFO SecurityManager: Changing modify acls to: airflow
[2025-02-20T16:06:17.947+0000] {spark_submit.py:641} INFO - 25/02/20 16:06:17 INFO SecurityManager: Changing view acls groups to:
[2025-02-20T16:06:17.949+0000] {spark_submit.py:641} INFO - 25/02/20 16:06:17 INFO SecurityManager: Changing modify acls groups to:
[2025-02-20T16:06:17.950+0000] {spark_submit.py:641} INFO - 25/02/20 16:06:17 INFO SecurityManager: SecurityManager: authentication disabled; ui acls disabled; users  with view permissions: Set(airflow); groups with view permissions: Set(); users  with modify permissions: Set(airflow); groups with modify permissions: Set()
[2025-02-20T16:06:18.243+0000] {spark_submit.py:641} INFO - 25/02/20 16:06:18 INFO Utils: Successfully started service 'sparkDriver' on port 32999.
[2025-02-20T16:06:18.301+0000] {spark_submit.py:641} INFO - 25/02/20 16:06:18 INFO SparkEnv: Registering MapOutputTracker
[2025-02-20T16:06:18.354+0000] {spark_submit.py:641} INFO - 25/02/20 16:06:18 INFO SparkEnv: Registering BlockManagerMaster
[2025-02-20T16:06:18.382+0000] {spark_submit.py:641} INFO - 25/02/20 16:06:18 INFO BlockManagerMasterEndpoint: Using org.apache.spark.storage.DefaultTopologyMapper for getting topology information
[2025-02-20T16:06:18.384+0000] {spark_submit.py:641} INFO - 25/02/20 16:06:18 INFO BlockManagerMasterEndpoint: BlockManagerMasterEndpoint up
[2025-02-20T16:06:18.392+0000] {spark_submit.py:641} INFO - 25/02/20 16:06:18 INFO SparkEnv: Registering BlockManagerMasterHeartbeat
[2025-02-20T16:06:18.421+0000] {spark_submit.py:641} INFO - 25/02/20 16:06:18 INFO DiskBlockManager: Created local directory at /tmp/blockmgr-de2928a8-c397-42a4-b3d4-66244615867e
[2025-02-20T16:06:18.446+0000] {spark_submit.py:641} INFO - 25/02/20 16:06:18 INFO MemoryStore: MemoryStore started with capacity 434.4 MiB
[2025-02-20T16:06:18.473+0000] {spark_submit.py:641} INFO - 25/02/20 16:06:18 INFO SparkEnv: Registering OutputCommitCoordinator
[2025-02-20T16:06:18.732+0000] {spark_submit.py:641} INFO - 25/02/20 16:06:18 INFO Utils: Successfully started service 'SparkUI' on port 4040.
[2025-02-20T16:06:18.785+0000] {spark_submit.py:641} INFO - 25/02/20 16:06:18 INFO SparkContext: Added JAR /spark-scripts/jars/postgresql-42.2.18.jar at spark://***-airflow-scheduler:32999/jars/postgresql-42.2.18.jar with timestamp 1740067577835
[2025-02-20T16:06:18.788+0000] {spark_submit.py:641} INFO - 25/02/20 16:06:18 INFO SparkContext: Added file file:///home/airflow/.ivy2/jars/org.postgresql_postgresql-42.2.18.jar at file:///home/airflow/.ivy2/jars/org.postgresql_postgresql-42.2.18.jar with timestamp 1740067577835
[2025-02-20T16:06:18.790+0000] {spark_submit.py:641} INFO - 25/02/20 16:06:18 INFO Utils: Copying /home/airflow/.ivy2/jars/org.postgresql_postgresql-42.2.18.jar to /tmp/spark-bcdcb71f-e876-4b4c-8e2d-e8cd52b92f7b/userFiles-ac4f5400-5aa1-4787-9442-dac6c4908086/org.postgresql_postgresql-42.2.18.jar
[2025-02-20T16:06:18.803+0000] {spark_submit.py:641} INFO - 25/02/20 16:06:18 INFO SparkContext: Added file file:///home/airflow/.ivy2/jars/org.checkerframework_checker-qual-3.5.0.jar at file:///home/airflow/.ivy2/jars/org.checkerframework_checker-qual-3.5.0.jar with timestamp 1740067577835
[2025-02-20T16:06:18.805+0000] {spark_submit.py:641} INFO - 25/02/20 16:06:18 INFO Utils: Copying /home/airflow/.ivy2/jars/org.checkerframework_checker-qual-3.5.0.jar to /tmp/spark-bcdcb71f-e876-4b4c-8e2d-e8cd52b92f7b/userFiles-ac4f5400-5aa1-4787-9442-dac6c4908086/org.checkerframework_checker-qual-3.5.0.jar
[2025-02-20T16:06:18.872+0000] {spark_submit.py:641} INFO - 25/02/20 16:06:18 INFO Executor: Starting executor ID driver on host ***-airflow-scheduler
[2025-02-20T16:06:18.880+0000] {spark_submit.py:641} INFO - 25/02/20 16:06:18 INFO Executor: Starting executor with user classpath (userClassPathFirst = false): ''
[2025-02-20T16:06:18.889+0000] {spark_submit.py:641} INFO - 25/02/20 16:06:18 INFO Executor: Fetching file:///home/airflow/.ivy2/jars/org.postgresql_postgresql-42.2.18.jar with timestamp 1740067577835
[2025-02-20T16:06:18.920+0000] {spark_submit.py:641} INFO - 25/02/20 16:06:18 INFO Utils: /home/airflow/.ivy2/jars/org.postgresql_postgresql-42.2.18.jar has been previously copied to /tmp/spark-bcdcb71f-e876-4b4c-8e2d-e8cd52b92f7b/userFiles-ac4f5400-5aa1-4787-9442-dac6c4908086/org.postgresql_postgresql-42.2.18.jar
[2025-02-20T16:06:18.927+0000] {spark_submit.py:641} INFO - 25/02/20 16:06:18 INFO Executor: Fetching file:///home/airflow/.ivy2/jars/org.checkerframework_checker-qual-3.5.0.jar with timestamp 1740067577835
[2025-02-20T16:06:18.929+0000] {spark_submit.py:641} INFO - 25/02/20 16:06:18 INFO Utils: /home/airflow/.ivy2/jars/org.checkerframework_checker-qual-3.5.0.jar has been previously copied to /tmp/spark-bcdcb71f-e876-4b4c-8e2d-e8cd52b92f7b/userFiles-ac4f5400-5aa1-4787-9442-dac6c4908086/org.checkerframework_checker-qual-3.5.0.jar
[2025-02-20T16:06:18.943+0000] {spark_submit.py:641} INFO - 25/02/20 16:06:18 INFO Executor: Fetching spark://***-airflow-scheduler:32999/jars/postgresql-42.2.18.jar with timestamp 1740067577835
[2025-02-20T16:06:18.982+0000] {spark_submit.py:641} INFO - 25/02/20 16:06:18 INFO TransportClientFactory: Successfully created connection to ***-airflow-scheduler/172.19.0.4:32999 after 25 ms (0 ms spent in bootstraps)
[2025-02-20T16:06:18.987+0000] {spark_submit.py:641} INFO - 25/02/20 16:06:18 INFO Utils: Fetching spark://***-airflow-scheduler:32999/jars/postgresql-42.2.18.jar to /tmp/spark-bcdcb71f-e876-4b4c-8e2d-e8cd52b92f7b/userFiles-ac4f5400-5aa1-4787-9442-dac6c4908086/fetchFileTemp12496770389377403977.tmp
[2025-02-20T16:06:19.044+0000] {spark_submit.py:641} INFO - 25/02/20 16:06:19 INFO Executor: Adding file:/tmp/spark-bcdcb71f-e876-4b4c-8e2d-e8cd52b92f7b/userFiles-ac4f5400-5aa1-4787-9442-dac6c4908086/postgresql-42.2.18.jar to class loader
[2025-02-20T16:06:19.052+0000] {spark_submit.py:641} INFO - 25/02/20 16:06:19 INFO Utils: Successfully started service 'org.apache.spark.network.netty.NettyBlockTransferService' on port 34581.
[2025-02-20T16:06:19.054+0000] {spark_submit.py:641} INFO - 25/02/20 16:06:19 INFO NettyBlockTransferService: Server created on ***-airflow-scheduler:34581
[2025-02-20T16:06:19.056+0000] {spark_submit.py:641} INFO - 25/02/20 16:06:19 INFO BlockManager: Using org.apache.spark.storage.RandomBlockReplicationPolicy for block replication policy
[2025-02-20T16:06:19.060+0000] {spark_submit.py:641} INFO - 25/02/20 16:06:19 INFO BlockManagerMaster: Registering BlockManager BlockManagerId(driver, ***-airflow-scheduler, 34581, None)
[2025-02-20T16:06:19.065+0000] {spark_submit.py:641} INFO - 25/02/20 16:06:19 INFO BlockManagerMasterEndpoint: Registering block manager ***-airflow-scheduler:34581 with 434.4 MiB RAM, BlockManagerId(driver, ***-airflow-scheduler, 34581, None)
[2025-02-20T16:06:19.068+0000] {spark_submit.py:641} INFO - 25/02/20 16:06:19 INFO BlockManagerMaster: Registered BlockManager BlockManagerId(driver, ***-airflow-scheduler, 34581, None)
[2025-02-20T16:06:19.069+0000] {spark_submit.py:641} INFO - 25/02/20 16:06:19 INFO BlockManager: Initialized BlockManager: BlockManagerId(driver, ***-airflow-scheduler, 34581, None)
[2025-02-20T16:06:24.628+0000] {spark_submit.py:641} INFO - ---------------- MENAMPILKAN DATA HASIL TRANSFORMASI YANG SUDAH DILOAD KE POSTGRES ----------------
[2025-02-20T16:06:24.944+0000] {spark_submit.py:641} INFO - +-----------+-----------------+---------+---------------+------+-------------------+---------------+---+--------------------+-----------------+---------------------+----------+------------------+
[2025-02-20T16:06:24.946+0000] {spark_submit.py:641} INFO - |employee_id|       department|   region|      education|gender|recruitment_channel|no_of_trainings|age|previous_year_rating|length_of_service|KPIs_met_more_than_80|awards_won|avg_training_score|
[2025-02-20T16:06:24.947+0000] {spark_submit.py:641} INFO - +-----------+-----------------+---------+---------------+------+-------------------+---------------+---+--------------------+-----------------+---------------------+----------+------------------+
[2025-02-20T16:06:24.948+0000] {spark_submit.py:641} INFO - |          3|      Procurement|region_22|Masters & above|     f|              other|              1| 38|                   5|                4|                    1|         0|                67|
[2025-02-20T16:06:24.950+0000] {spark_submit.py:641} INFO - |          6|Sales & Marketing|region_15|      Bachelors|     f|              other|              1| 38|                   3|               10|                    0|         0|                50|
[2025-02-20T16:06:24.952+0000] {spark_submit.py:641} INFO - |         11|       Technology| region_4|Masters & above|     f|           sourcing|              1| 39|                   4|               12|                    1|         0|                72|
[2025-02-20T16:06:24.954+0000] {spark_submit.py:641} INFO - |         13|Sales & Marketing|region_17|      Bachelors|     m|              other|              1| 38|                   1|                5|                    1|         0|                47|
[2025-02-20T16:06:24.955+0000] {spark_submit.py:641} INFO - |         16|Sales & Marketing| region_4|Masters & above|     m|           sourcing|              1| 40|                   5|                5|                    0|         0|                53|
[2025-02-20T16:06:24.956+0000] {spark_submit.py:641} INFO - |         17|Sales & Marketing| region_7|      Bachelors|     m|           sourcing|              1| 50|                   5|               13|                    0|         0|                47|
[2025-02-20T16:06:24.957+0000] {spark_submit.py:641} INFO - |         19|               HR| region_2|Masters & above|     f|              other|              1| 50|                   4|                7|                    1|         0|                45|
[2025-02-20T16:06:24.958+0000] {spark_submit.py:641} INFO - |         20|        Analytics|region_21|      Bachelors|     m|           sourcing|              1| 27|                   0|                1|                    1|         0|                89|
[2025-02-20T16:06:24.960+0000] {spark_submit.py:641} INFO - |         21|        Analytics| region_8|      Bachelors|     m|           sourcing|              2| 28|                   2|                3|                    1|         0|                85|
[2025-02-20T16:06:24.961+0000] {spark_submit.py:641} INFO - |         22|       Technology| region_2|Masters & above|     f|              other|              1| 57|                   4|               18|                    1|         0|                77|
[2025-02-20T16:06:24.962+0000] {spark_submit.py:641} INFO - |         23|Sales & Marketing|region_16|      Bachelors|     f|           sourcing|              1| 42|                   1|                3|                    0|         0|                46|
[2025-02-20T16:06:24.963+0000] {spark_submit.py:641} INFO - |         24|               HR|region_28|Masters & above|     f|              other|              1| 32|                   1|                5|                    1|         0|                51|
[2025-02-20T16:06:24.965+0000] {spark_submit.py:641} INFO - |         27|Sales & Marketing|region_16|      Bachelors|     m|           sourcing|              1| 29|                   2|                6|                    0|         0|                51|
[2025-02-20T16:06:24.966+0000] {spark_submit.py:641} INFO - |         29|        Analytics| region_7|      Bachelors|     m|              other|              1| 28|                   0|                1|                    1|         0|                85|
[2025-02-20T16:06:24.969+0000] {spark_submit.py:641} INFO - |         31|Sales & Marketing|region_15|      Bachelors|     f|              other|              1| 29|                   3|                5|                    1|         0|                49|
[2025-02-20T16:06:24.971+0000] {spark_submit.py:641} INFO - |         40|       Operations| region_7|Masters & above|     f|              other|              1| 34|                   1|                4|                    0|         0|                65|
[2025-02-20T16:06:24.972+0000] {spark_submit.py:641} INFO - |         50|Sales & Marketing|region_19|      Bachelors|     m|              other|              1| 32|                   1|                3|                    0|         0|                48|
[2025-02-20T16:06:24.974+0000] {spark_submit.py:641} INFO - |         55|       Operations|region_19|Masters & above|     f|           sourcing|              1| 33|                   5|                3|                    0|         0|                61|
[2025-02-20T16:06:24.976+0000] {spark_submit.py:641} INFO - |         63|Sales & Marketing| region_8|Masters & above|     m|           sourcing|              1| 35|                   5|                8|                    0|         0|                52|
[2025-02-20T16:06:24.977+0000] {spark_submit.py:641} INFO - |         64|        Analytics| region_4|      Bachelors|     m|              other|              1| 42|                   5|               11|                    1|         0|                80|
[2025-02-20T16:06:24.978+0000] {spark_submit.py:641} INFO - +-----------+-----------------+---------+---------------+------+-------------------+---------------+---+--------------------+-----------------+---------------------+----------+------------------+
[2025-02-20T16:06:24.980+0000] {spark_submit.py:641} INFO - only showing top 20 rows
[2025-02-20T16:06:24.981+0000] {spark_submit.py:641} INFO - 
[2025-02-20T16:06:25.447+0000] {spark_submit.py:641} INFO - Jumlah baris dalam DataFrame: 17415
[2025-02-20T16:06:25.450+0000] {spark_submit.py:641} INFO - Load data berhasil.
[2025-02-20T16:06:25.893+0000] {taskinstance.py:341} INFO - ::group::Post task execution logs
[2025-02-20T16:06:25.895+0000] {taskinstance.py:353} INFO - Marking task as SUCCESS. dag_id=***_v2_etl_dag, task_id=load_task, run_id=manual__2025-02-20T16:04:01.825171+00:00, execution_date=20250220T160401, start_date=20250220T160614, end_date=20250220T160625
[2025-02-20T16:06:25.954+0000] {local_task_job_runner.py:266} INFO - Task exited with return code 0
[2025-02-20T16:06:25.979+0000] {taskinstance.py:3901} INFO - 0 downstream tasks scheduled from follow-on schedule check
[2025-02-20T16:06:25.983+0000] {local_task_job_runner.py:245} INFO - ::endgroup::
