[2025-02-21T18:02:10.371+0000] {local_task_job_runner.py:123} INFO - ::group::Pre task execution logs
[2025-02-21T18:02:10.444+0000] {taskinstance.py:2614} INFO - Dependencies all met for dep_context=non-requeueable deps ti=<TaskInstance: finprode8_v2_etl_dag.extract_task manual__2025-02-21T18:02:05.335642+00:00 [queued]>
[2025-02-21T18:02:10.474+0000] {taskinstance.py:2614} INFO - Dependencies all met for dep_context=requeueable deps ti=<TaskInstance: finprode8_v2_etl_dag.extract_task manual__2025-02-21T18:02:05.335642+00:00 [queued]>
[2025-02-21T18:02:10.477+0000] {taskinstance.py:2867} INFO - Starting attempt 1 of 1
[2025-02-21T18:02:10.521+0000] {taskinstance.py:2890} INFO - Executing <Task(SparkSubmitOperator): extract_task> on 2025-02-21 18:02:05.335642+00:00
[2025-02-21T18:02:10.531+0000] {standard_task_runner.py:72} INFO - Started process 2798 to run task
[2025-02-21T18:02:10.537+0000] {standard_task_runner.py:104} INFO - Running: ['airflow', 'tasks', 'run', '***_v2_etl_dag', 'extract_task', 'manual__2025-02-21T18:02:05.335642+00:00', '--job-id', '42', '--raw', '--subdir', 'DAGS_FOLDER/***_v2_etl_dag.py', '--cfg-path', '/tmp/tmpde8kwnk9']
[2025-02-21T18:02:10.541+0000] {standard_task_runner.py:105} INFO - Job 42: Subtask extract_task
[2025-02-21T18:02:10.579+0000] {logging_mixin.py:190} WARNING - /home/airflow/.local/lib/python3.9/site-packages/airflow/settings.py:209 DeprecationWarning: The sql_alchemy_conn option in [core] has been moved to the sql_alchemy_conn option in [database] - the old setting has been used, but please update your config.
[2025-02-21T18:02:10.633+0000] {task_command.py:467} INFO - Running <TaskInstance: finprode8_v2_etl_dag.extract_task manual__2025-02-21T18:02:05.335642+00:00 [running]> on host ***-airflow-scheduler
[2025-02-21T18:02:11.024+0000] {taskinstance.py:3134} INFO - Exporting env vars: AIRFLOW_CTX_DAG_OWNER='ratih malini' AIRFLOW_CTX_DAG_ID='***_v2_etl_dag' AIRFLOW_CTX_TASK_ID='extract_task' AIRFLOW_CTX_EXECUTION_DATE='2025-02-21T18:02:05.335642+00:00' AIRFLOW_CTX_TRY_NUMBER='1' AIRFLOW_CTX_DAG_RUN_ID='manual__2025-02-21T18:02:05.335642+00:00'
[2025-02-21T18:02:11.029+0000] {taskinstance.py:732} INFO - ::endgroup::
[2025-02-21T18:02:11.197+0000] {base.py:84} INFO - Retrieving connection 'spark_main'
[2025-02-21T18:02:11.203+0000] {spark_submit.py:474} INFO - Spark-Submit cmd: spark-submit --master spark://***-spark-master:7077 --name arrow-spark /spark-scripts/***_v2_extract.py
[2025-02-21T18:02:22.109+0000] {spark_submit.py:641} INFO - 25/02/21 18:02:22 INFO SparkContext: Running Spark version 3.3.2
[2025-02-21T18:02:22.229+0000] {spark_submit.py:641} INFO - 25/02/21 18:02:22 WARN NativeCodeLoader: Unable to load native-hadoop library for your platform... using builtin-java classes where applicable
[2025-02-21T18:02:22.627+0000] {spark_submit.py:641} INFO - 25/02/21 18:02:22 INFO ResourceUtils: ==============================================================
[2025-02-21T18:02:22.629+0000] {spark_submit.py:641} INFO - 25/02/21 18:02:22 INFO ResourceUtils: No custom resources configured for spark.driver.
[2025-02-21T18:02:22.631+0000] {spark_submit.py:641} INFO - 25/02/21 18:02:22 INFO ResourceUtils: ==============================================================
[2025-02-21T18:02:22.632+0000] {spark_submit.py:641} INFO - 25/02/21 18:02:22 INFO SparkContext: Submitted application: ***_extract
[2025-02-21T18:02:22.707+0000] {spark_submit.py:641} INFO - 25/02/21 18:02:22 INFO ResourceProfile: Default ResourceProfile created, executor resources: Map(cores -> name: cores, amount: 1, script: , vendor: , memory -> name: memory, amount: 1024, script: , vendor: , offHeap -> name: offHeap, amount: 0, script: , vendor: ), task resources: Map(cpus -> name: cpus, amount: 1.0)
[2025-02-21T18:02:22.737+0000] {spark_submit.py:641} INFO - 25/02/21 18:02:22 INFO ResourceProfile: Limiting resource is cpu
[2025-02-21T18:02:22.742+0000] {spark_submit.py:641} INFO - 25/02/21 18:02:22 INFO ResourceProfileManager: Added ResourceProfile id: 0
[2025-02-21T18:02:22.925+0000] {spark_submit.py:641} INFO - 25/02/21 18:02:22 INFO SecurityManager: Changing view acls to: airflow
[2025-02-21T18:02:22.926+0000] {spark_submit.py:641} INFO - 25/02/21 18:02:22 INFO SecurityManager: Changing modify acls to: airflow
[2025-02-21T18:02:22.927+0000] {spark_submit.py:641} INFO - 25/02/21 18:02:22 INFO SecurityManager: Changing view acls groups to:
[2025-02-21T18:02:22.929+0000] {spark_submit.py:641} INFO - 25/02/21 18:02:22 INFO SecurityManager: Changing modify acls groups to:
[2025-02-21T18:02:22.930+0000] {spark_submit.py:641} INFO - 25/02/21 18:02:22 INFO SecurityManager: SecurityManager: authentication disabled; ui acls disabled; users  with view permissions: Set(airflow); groups with view permissions: Set(); users  with modify permissions: Set(airflow); groups with modify permissions: Set()
[2025-02-21T18:02:24.331+0000] {spark_submit.py:641} INFO - 25/02/21 18:02:24 INFO Utils: Successfully started service 'sparkDriver' on port 45335.
[2025-02-21T18:02:24.482+0000] {spark_submit.py:641} INFO - 25/02/21 18:02:24 INFO SparkEnv: Registering MapOutputTracker
[2025-02-21T18:02:24.655+0000] {spark_submit.py:641} INFO - 25/02/21 18:02:24 INFO SparkEnv: Registering BlockManagerMaster
[2025-02-21T18:02:24.756+0000] {spark_submit.py:641} INFO - 25/02/21 18:02:24 INFO BlockManagerMasterEndpoint: Using org.apache.spark.storage.DefaultTopologyMapper for getting topology information
[2025-02-21T18:02:24.758+0000] {spark_submit.py:641} INFO - 25/02/21 18:02:24 INFO BlockManagerMasterEndpoint: BlockManagerMasterEndpoint up
[2025-02-21T18:02:24.774+0000] {spark_submit.py:641} INFO - 25/02/21 18:02:24 INFO SparkEnv: Registering BlockManagerMasterHeartbeat
[2025-02-21T18:02:24.887+0000] {spark_submit.py:641} INFO - 25/02/21 18:02:24 INFO DiskBlockManager: Created local directory at /tmp/blockmgr-92056caa-508a-45b2-a0f9-d9502dda1888
[2025-02-21T18:02:24.955+0000] {spark_submit.py:641} INFO - 25/02/21 18:02:24 INFO MemoryStore: MemoryStore started with capacity 434.4 MiB
[2025-02-21T18:02:25.022+0000] {spark_submit.py:641} INFO - 25/02/21 18:02:25 INFO SparkEnv: Registering OutputCommitCoordinator
[2025-02-21T18:02:25.668+0000] {spark_submit.py:641} INFO - 25/02/21 18:02:25 INFO Utils: Successfully started service 'SparkUI' on port 4040.
[2025-02-21T18:02:26.021+0000] {spark_submit.py:641} INFO - 25/02/21 18:02:26 INFO Executor: Starting executor ID driver on host ***-airflow-scheduler
[2025-02-21T18:02:26.061+0000] {spark_submit.py:641} INFO - 25/02/21 18:02:26 INFO Executor: Starting executor with user classpath (userClassPathFirst = false): ''
[2025-02-21T18:02:26.125+0000] {spark_submit.py:641} INFO - 25/02/21 18:02:26 INFO Utils: Successfully started service 'org.apache.spark.network.netty.NettyBlockTransferService' on port 43669.
[2025-02-21T18:02:26.126+0000] {spark_submit.py:641} INFO - 25/02/21 18:02:26 INFO NettyBlockTransferService: Server created on ***-airflow-scheduler:43669
[2025-02-21T18:02:26.129+0000] {spark_submit.py:641} INFO - 25/02/21 18:02:26 INFO BlockManager: Using org.apache.spark.storage.RandomBlockReplicationPolicy for block replication policy
[2025-02-21T18:02:26.156+0000] {spark_submit.py:641} INFO - 25/02/21 18:02:26 INFO BlockManagerMaster: Registering BlockManager BlockManagerId(driver, ***-airflow-scheduler, 43669, None)
[2025-02-21T18:02:26.165+0000] {spark_submit.py:641} INFO - 25/02/21 18:02:26 INFO BlockManagerMasterEndpoint: Registering block manager ***-airflow-scheduler:43669 with 434.4 MiB RAM, BlockManagerId(driver, ***-airflow-scheduler, 43669, None)
[2025-02-21T18:02:26.171+0000] {spark_submit.py:641} INFO - 25/02/21 18:02:26 INFO BlockManagerMaster: Registered BlockManager BlockManagerId(driver, ***-airflow-scheduler, 43669, None)
[2025-02-21T18:02:26.173+0000] {spark_submit.py:641} INFO - 25/02/21 18:02:26 INFO BlockManager: Initialized BlockManager: BlockManagerId(driver, ***-airflow-scheduler, 43669, None)
[2025-02-21T18:02:36.875+0000] {spark_submit.py:641} INFO - ---------------- MENAMPILKAN DATA HASIL EXTRACT ----------------
[2025-02-21T18:02:37.157+0000] {spark_submit.py:641} INFO - +-----------+-----------------+---------+---------+------+-------------------+---------------+---+--------------------+-----------------+---------------------+----------+------------------+
[2025-02-21T18:02:37.159+0000] {spark_submit.py:641} INFO - |employee_id|       department|   region|education|gender|recruitment_channel|no_of_trainings|age|previous_year_rating|length_of_service|KPIs_met_more_than_80|awards_won|avg_training_score|
[2025-02-21T18:02:37.160+0000] {spark_submit.py:641} INFO - +-----------+-----------------+---------+---------+------+-------------------+---------------+---+--------------------+-----------------+---------------------+----------+------------------+
[2025-02-21T18:02:37.161+0000] {spark_submit.py:641} INFO - |       8724|       Technology|region_26|Bachelors|     m|           sourcing|              1| 24|                null|                1|                    1|         0|                77|
[2025-02-21T18:02:37.162+0000] {spark_submit.py:641} INFO - |      74430|               HR| region_4|Bachelors|     f|              other|              1| 31|                   3|                5|                    0|         0|                51|
[2025-02-21T18:02:37.163+0000] {spark_submit.py:641} INFO - |      72255|Sales & Marketing|region_13|Bachelors|     m|              other|              1| 31|                   1|                4|                    0|         0|                47|
[2025-02-21T18:02:37.164+0000] {spark_submit.py:641} INFO - |      38562|      Procurement| region_2|Bachelors|     f|              other|              3| 31|                   2|                9|                    0|         0|                65|
[2025-02-21T18:02:37.164+0000] {spark_submit.py:641} INFO - |      64486|          Finance|region_29|Bachelors|     m|           sourcing|              1| 30|                   4|                7|                    0|         0|                61|
[2025-02-21T18:02:37.165+0000] {spark_submit.py:641} INFO - +-----------+-----------------+---------+---------+------+-------------------+---------------+---+--------------------+-----------------+---------------------+----------+------------------+
[2025-02-21T18:02:37.166+0000] {spark_submit.py:641} INFO - only showing top 5 rows
[2025-02-21T18:02:37.168+0000] {spark_submit.py:641} INFO - 
[2025-02-21T18:02:37.170+0000] {spark_submit.py:641} INFO - root
[2025-02-21T18:02:37.171+0000] {spark_submit.py:641} INFO - |-- employee_id: integer (nullable = true)
[2025-02-21T18:02:37.172+0000] {spark_submit.py:641} INFO - |-- department: string (nullable = true)
[2025-02-21T18:02:37.173+0000] {spark_submit.py:641} INFO - |-- region: string (nullable = true)
[2025-02-21T18:02:37.174+0000] {spark_submit.py:641} INFO - |-- education: string (nullable = true)
[2025-02-21T18:02:37.174+0000] {spark_submit.py:641} INFO - |-- gender: string (nullable = true)
[2025-02-21T18:02:37.175+0000] {spark_submit.py:641} INFO - |-- recruitment_channel: string (nullable = true)
[2025-02-21T18:02:37.175+0000] {spark_submit.py:641} INFO - |-- no_of_trainings: integer (nullable = true)
[2025-02-21T18:02:37.176+0000] {spark_submit.py:641} INFO - |-- age: integer (nullable = true)
[2025-02-21T18:02:37.177+0000] {spark_submit.py:641} INFO - |-- previous_year_rating: integer (nullable = true)
[2025-02-21T18:02:37.177+0000] {spark_submit.py:641} INFO - |-- length_of_service: integer (nullable = true)
[2025-02-21T18:02:37.178+0000] {spark_submit.py:641} INFO - |-- KPIs_met_more_than_80: integer (nullable = true)
[2025-02-21T18:02:37.179+0000] {spark_submit.py:641} INFO - |-- awards_won: integer (nullable = true)
[2025-02-21T18:02:37.180+0000] {spark_submit.py:641} INFO - |-- avg_training_score: integer (nullable = true)
[2025-02-21T18:02:37.181+0000] {spark_submit.py:641} INFO - 
[2025-02-21T18:02:37.991+0000] {spark_submit.py:641} INFO - Jumlah baris dalam DataFrame : 17417
[2025-02-21T18:02:37.992+0000] {spark_submit.py:641} INFO - Isi folder data/extracted.parquet :
[2025-02-21T18:02:37.994+0000] {spark_submit.py:641} INFO - ['_SUCCESS', '.part-00000-ce8d3278-da8e-4047-95f8-9dddd689b365-c000.snappy.parquet.crc', 'part-00000-ce8d3278-da8e-4047-95f8-9dddd689b365-c000.snappy.parquet', '._SUCCESS.crc']
[2025-02-21T18:02:37.995+0000] {spark_submit.py:641} INFO - Extract data berhasil.
[2025-02-21T18:02:38.269+0000] {taskinstance.py:341} INFO - ::group::Post task execution logs
[2025-02-21T18:02:38.272+0000] {taskinstance.py:353} INFO - Marking task as SUCCESS. dag_id=***_v2_etl_dag, task_id=extract_task, run_id=manual__2025-02-21T18:02:05.335642+00:00, execution_date=20250221T180205, start_date=20250221T180210, end_date=20250221T180238
[2025-02-21T18:02:39.213+0000] {local_task_job_runner.py:266} INFO - Task exited with return code 0
[2025-02-21T18:02:39.264+0000] {taskinstance.py:3901} INFO - 1 downstream tasks scheduled from follow-on schedule check
[2025-02-21T18:02:39.268+0000] {local_task_job_runner.py:245} INFO - ::endgroup::
