[2025-02-15T02:04:13.464+0000] {manager.py:483} INFO - Processing files using up to 2 processes at a time 
[2025-02-15T02:04:13.467+0000] {manager.py:484} INFO - Process each file at most once every 30 seconds
[2025-02-15T02:04:13.469+0000] {manager.py:485} INFO - Checking for new files in /opt/airflow/dags every 300 seconds
[2025-02-15T02:04:13.471+0000] {manager.py:821} INFO - Searching for files in /opt/airflow/dags
[2025-02-15T02:04:13.489+0000] {manager.py:824} INFO - There are 1 files in /opt/airflow/dags
[2025-02-15T02:04:13.805+0000] {manager.py:997} INFO - 
================================================================================
DAG File Processing Stats

File Path                                 PID  Runtime      # DAGs    # Errors  Last Runtime    Last Run      Last # of DB Queries
--------------------------------------  -----  ---------  --------  ----------  --------------  ----------  ----------------------
/opt/airflow/dags/finprode8_etl_dag.py    167  0.14s             0           0                                                   0
================================================================================
[2025-02-15T02:04:44.126+0000] {manager.py:997} INFO - 
================================================================================
DAG File Processing Stats

File Path                               PID    Runtime      # DAGs    # Errors  Last Runtime    Last Run               Last # of DB Queries
--------------------------------------  -----  ---------  --------  ----------  --------------  -------------------  ----------------------
/opt/airflow/dags/finprode8_etl_dag.py                           1           0  1.27s           2025-02-15T02:04:14                      40
================================================================================
[2025-02-15T02:05:14.517+0000] {manager.py:997} INFO - 
================================================================================
DAG File Processing Stats

File Path                               PID    Runtime      # DAGs    # Errors  Last Runtime    Last Run               Last # of DB Queries
--------------------------------------  -----  ---------  --------  ----------  --------------  -------------------  ----------------------
/opt/airflow/dags/finprode8_etl_dag.py                           1           0  0.17s           2025-02-15T02:04:45                      10
================================================================================
[2025-02-15T02:05:45.094+0000] {manager.py:997} INFO - 
================================================================================
DAG File Processing Stats

File Path                               PID    Runtime      # DAGs    # Errors  Last Runtime    Last Run               Last # of DB Queries
--------------------------------------  -----  ---------  --------  ----------  --------------  -------------------  ----------------------
/opt/airflow/dags/finprode8_etl_dag.py                           1           0  0.36s           2025-02-15T02:05:15                      10
================================================================================
[2025-02-15T02:06:15.666+0000] {manager.py:997} INFO - 
================================================================================
DAG File Processing Stats

File Path                               PID    Runtime      # DAGs    # Errors  Last Runtime    Last Run               Last # of DB Queries
--------------------------------------  -----  ---------  --------  ----------  --------------  -------------------  ----------------------
/opt/airflow/dags/finprode8_etl_dag.py                           1           0  0.38s           2025-02-15T02:05:46                      10
================================================================================
[2025-02-15T02:06:46.263+0000] {manager.py:997} INFO - 
================================================================================
DAG File Processing Stats

File Path                               PID    Runtime      # DAGs    # Errors  Last Runtime    Last Run               Last # of DB Queries
--------------------------------------  -----  ---------  --------  ----------  --------------  -------------------  ----------------------
/opt/airflow/dags/finprode8_etl_dag.py                           1           0  0.36s           2025-02-15T02:06:17                      10
================================================================================
[2025-02-15T02:07:16.843+0000] {manager.py:997} INFO - 
================================================================================
DAG File Processing Stats

File Path                               PID    Runtime      # DAGs    # Errors  Last Runtime    Last Run               Last # of DB Queries
--------------------------------------  -----  ---------  --------  ----------  --------------  -------------------  ----------------------
/opt/airflow/dags/finprode8_etl_dag.py                           1           0  0.50s           2025-02-15T02:06:47                      10
================================================================================
[2025-02-15T02:07:47.552+0000] {manager.py:997} INFO - 
================================================================================
DAG File Processing Stats

File Path                               PID    Runtime      # DAGs    # Errors  Last Runtime    Last Run               Last # of DB Queries
--------------------------------------  -----  ---------  --------  ----------  --------------  -------------------  ----------------------
/opt/airflow/dags/finprode8_etl_dag.py                           1           0  0.40s           2025-02-15T02:07:18                      10
================================================================================
[2025-02-15T02:08:18.018+0000] {manager.py:997} INFO - 
================================================================================
DAG File Processing Stats

File Path                               PID    Runtime      # DAGs    # Errors  Last Runtime    Last Run               Last # of DB Queries
--------------------------------------  -----  ---------  --------  ----------  --------------  -------------------  ----------------------
/opt/airflow/dags/finprode8_etl_dag.py                           1           0  0.28s           2025-02-15T02:07:48                      10
================================================================================
[2025-02-15T02:08:48.612+0000] {manager.py:997} INFO - 
================================================================================
DAG File Processing Stats

File Path                               PID    Runtime      # DAGs    # Errors  Last Runtime    Last Run               Last # of DB Queries
--------------------------------------  -----  ---------  --------  ----------  --------------  -------------------  ----------------------
/opt/airflow/dags/finprode8_etl_dag.py                           1           0  0.36s           2025-02-15T02:08:19                      10
================================================================================
[2025-02-15T02:09:14.063+0000] {manager.py:821} INFO - Searching for files in /opt/airflow/dags
[2025-02-15T02:09:14.097+0000] {manager.py:824} INFO - There are 1 files in /opt/airflow/dags
[2025-02-15T02:09:19.197+0000] {manager.py:997} INFO - 
================================================================================
DAG File Processing Stats

File Path                               PID    Runtime      # DAGs    # Errors  Last Runtime    Last Run               Last # of DB Queries
--------------------------------------  -----  ---------  --------  ----------  --------------  -------------------  ----------------------
/opt/airflow/dags/finprode8_etl_dag.py                           1           0  0.36s           2025-02-15T02:08:49                      10
================================================================================
[2025-02-15T02:09:49.708+0000] {manager.py:997} INFO - 
================================================================================
DAG File Processing Stats

File Path                               PID    Runtime      # DAGs    # Errors  Last Runtime    Last Run               Last # of DB Queries
--------------------------------------  -----  ---------  --------  ----------  --------------  -------------------  ----------------------
/opt/airflow/dags/finprode8_etl_dag.py                           1           0  0.32s           2025-02-15T02:09:20                      10
================================================================================
[2025-02-15T02:10:20.300+0000] {manager.py:997} INFO - 
================================================================================
DAG File Processing Stats

File Path                               PID    Runtime      # DAGs    # Errors  Last Runtime    Last Run               Last # of DB Queries
--------------------------------------  -----  ---------  --------  ----------  --------------  -------------------  ----------------------
/opt/airflow/dags/finprode8_etl_dag.py                           1           0  0.32s           2025-02-15T02:09:51                      10
================================================================================
[2025-02-15T02:10:50.783+0000] {manager.py:997} INFO - 
================================================================================
DAG File Processing Stats

File Path                               PID    Runtime      # DAGs    # Errors  Last Runtime    Last Run               Last # of DB Queries
--------------------------------------  -----  ---------  --------  ----------  --------------  -------------------  ----------------------
/opt/airflow/dags/finprode8_etl_dag.py                           1           0  0.34s           2025-02-15T02:10:21                      10
================================================================================
[2025-02-15T02:11:21.434+0000] {manager.py:997} INFO - 
================================================================================
DAG File Processing Stats

File Path                               PID    Runtime      # DAGs    # Errors  Last Runtime    Last Run               Last # of DB Queries
--------------------------------------  -----  ---------  --------  ----------  --------------  -------------------  ----------------------
/opt/airflow/dags/finprode8_etl_dag.py                           1           0  0.25s           2025-02-15T02:10:52                      10
================================================================================
[2025-02-15T02:11:43.745+0000] {manager.py:465} INFO - Exiting gracefully upon receiving signal 15
[2025-02-15T02:12:22.180+0000] {manager.py:483} INFO - Processing files using up to 2 processes at a time 
[2025-02-15T02:12:22.184+0000] {manager.py:484} INFO - Process each file at most once every 30 seconds
[2025-02-15T02:12:22.186+0000] {manager.py:485} INFO - Checking for new files in /opt/airflow/dags every 300 seconds
[2025-02-15T02:12:22.188+0000] {manager.py:821} INFO - Searching for files in /opt/airflow/dags
[2025-02-15T02:12:22.230+0000] {manager.py:824} INFO - There are 1 files in /opt/airflow/dags
[2025-02-15T02:12:22.566+0000] {manager.py:997} INFO - 
================================================================================
DAG File Processing Stats

File Path                                 PID  Runtime      # DAGs    # Errors  Last Runtime    Last Run      Last # of DB Queries
--------------------------------------  -----  ---------  --------  ----------  --------------  ----------  ----------------------
/opt/airflow/dags/finprode8_etl_dag.py    167  0.14s             0           0                                                   0
================================================================================
[2025-02-15T02:12:52.898+0000] {manager.py:997} INFO - 
================================================================================
DAG File Processing Stats

File Path                                 PID  Runtime      # DAGs    # Errors  Last Runtime    Last Run               Last # of DB Queries
--------------------------------------  -----  ---------  --------  ----------  --------------  -------------------  ----------------------
/opt/airflow/dags/finprode8_etl_dag.py    172  0.01s             1           0  0.46s           2025-02-15T02:12:22                      10
================================================================================
[2025-02-15T02:13:23.317+0000] {manager.py:997} INFO - 
================================================================================
DAG File Processing Stats

File Path                                 PID  Runtime      # DAGs    # Errors  Last Runtime    Last Run               Last # of DB Queries
--------------------------------------  -----  ---------  --------  ----------  --------------  -------------------  ----------------------
/opt/airflow/dags/finprode8_etl_dag.py    177  0.02s             1           0  0.16s           2025-02-15T02:12:53                      10
================================================================================
[2025-02-15T02:13:53.821+0000] {manager.py:997} INFO - 
================================================================================
DAG File Processing Stats

File Path                                 PID  Runtime      # DAGs    # Errors  Last Runtime    Last Run               Last # of DB Queries
--------------------------------------  -----  ---------  --------  ----------  --------------  -------------------  ----------------------
/opt/airflow/dags/finprode8_etl_dag.py    182  0.01s             1           0  0.43s           2025-02-15T02:13:23                      10
================================================================================
[2025-02-15T02:14:24.192+0000] {manager.py:997} INFO - 
================================================================================
DAG File Processing Stats

File Path                                 PID  Runtime      # DAGs    # Errors  Last Runtime    Last Run               Last # of DB Queries
--------------------------------------  -----  ---------  --------  ----------  --------------  -------------------  ----------------------
/opt/airflow/dags/finprode8_etl_dag.py    187  0.01s             1           0  0.29s           2025-02-15T02:13:54                      10
================================================================================
[2025-02-15T02:14:54.629+0000] {manager.py:997} INFO - 
================================================================================
DAG File Processing Stats

File Path                                 PID  Runtime      # DAGs    # Errors  Last Runtime    Last Run               Last # of DB Queries
--------------------------------------  -----  ---------  --------  ----------  --------------  -------------------  ----------------------
/opt/airflow/dags/finprode8_etl_dag.py    192  0.01s             1           0  0.22s           2025-02-15T02:14:24                      10
================================================================================
[2025-02-15T02:15:09.304+0000] {manager.py:465} INFO - Exiting gracefully upon receiving signal 15
[2025-02-15T02:15:37.146+0000] {manager.py:483} INFO - Processing files using up to 2 processes at a time 
[2025-02-15T02:15:37.148+0000] {manager.py:484} INFO - Process each file at most once every 30 seconds
[2025-02-15T02:15:37.150+0000] {manager.py:485} INFO - Checking for new files in /opt/airflow/dags every 300 seconds
[2025-02-15T02:15:37.152+0000] {manager.py:821} INFO - Searching for files in /opt/airflow/dags
[2025-02-15T02:15:37.187+0000] {manager.py:824} INFO - There are 1 files in /opt/airflow/dags
[2025-02-15T02:15:37.385+0000] {manager.py:997} INFO - 
================================================================================
DAG File Processing Stats

File Path                                 PID  Runtime      # DAGs    # Errors  Last Runtime    Last Run      Last # of DB Queries
--------------------------------------  -----  ---------  --------  ----------  --------------  ----------  ----------------------
/opt/airflow/dags/finprode8_etl_dag.py    167  0.10s             0           0                                                   0
================================================================================
[2025-02-15T02:16:07.696+0000] {manager.py:997} INFO - 
================================================================================
DAG File Processing Stats

File Path                                 PID  Runtime      # DAGs    # Errors  Last Runtime    Last Run               Last # of DB Queries
--------------------------------------  -----  ---------  --------  ----------  --------------  -------------------  ----------------------
/opt/airflow/dags/finprode8_etl_dag.py    172  0.01s             1           0  0.29s           2025-02-15T02:15:37                      10
================================================================================
[2025-02-15T02:16:38.336+0000] {manager.py:997} INFO - 
================================================================================
DAG File Processing Stats

File Path                                 PID  Runtime      # DAGs    # Errors  Last Runtime    Last Run               Last # of DB Queries
--------------------------------------  -----  ---------  --------  ----------  --------------  -------------------  ----------------------
/opt/airflow/dags/finprode8_etl_dag.py    177  0.03s             1           0  0.33s           2025-02-15T02:16:08                      10
================================================================================
[2025-02-15T02:17:08.913+0000] {manager.py:997} INFO - 
================================================================================
DAG File Processing Stats

File Path                                 PID  Runtime      # DAGs    # Errors  Last Runtime    Last Run               Last # of DB Queries
--------------------------------------  -----  ---------  --------  ----------  --------------  -------------------  ----------------------
/opt/airflow/dags/finprode8_etl_dag.py    182  0.02s             1           0  0.48s           2025-02-15T02:16:38                      10
================================================================================
[2025-02-15T02:17:39.584+0000] {manager.py:997} INFO - 
================================================================================
DAG File Processing Stats

File Path                                 PID  Runtime      # DAGs    # Errors  Last Runtime    Last Run               Last # of DB Queries
--------------------------------------  -----  ---------  --------  ----------  --------------  -------------------  ----------------------
/opt/airflow/dags/finprode8_etl_dag.py    187  0.02s             1           0  0.54s           2025-02-15T02:17:09                      10
================================================================================
[2025-02-15T02:18:09.615+0000] {manager.py:997} INFO - 
================================================================================
DAG File Processing Stats

File Path                               PID    Runtime      # DAGs    # Errors  Last Runtime    Last Run               Last # of DB Queries
--------------------------------------  -----  ---------  --------  ----------  --------------  -------------------  ----------------------
/opt/airflow/dags/finprode8_etl_dag.py                           1           0  0.64s           2025-02-15T02:17:40                      10
================================================================================
[2025-02-15T02:18:40.028+0000] {manager.py:997} INFO - 
================================================================================
DAG File Processing Stats

File Path                               PID    Runtime      # DAGs    # Errors  Last Runtime    Last Run               Last # of DB Queries
--------------------------------------  -----  ---------  --------  ----------  --------------  -------------------  ----------------------
/opt/airflow/dags/finprode8_etl_dag.py                           1           0  0.37s           2025-02-15T02:18:10                      10
================================================================================
[2025-02-15T02:19:10.479+0000] {manager.py:997} INFO - 
================================================================================
DAG File Processing Stats

File Path                               PID    Runtime      # DAGs    # Errors  Last Runtime    Last Run               Last # of DB Queries
--------------------------------------  -----  ---------  --------  ----------  --------------  -------------------  ----------------------
/opt/airflow/dags/finprode8_etl_dag.py                           1           0  0.17s           2025-02-15T02:18:41                      10
================================================================================
[2025-02-15T02:19:40.991+0000] {manager.py:997} INFO - 
================================================================================
DAG File Processing Stats

File Path                               PID    Runtime      # DAGs    # Errors  Last Runtime    Last Run               Last # of DB Queries
--------------------------------------  -----  ---------  --------  ----------  --------------  -------------------  ----------------------
/opt/airflow/dags/finprode8_etl_dag.py                           1           0  0.25s           2025-02-15T02:19:11                      10
================================================================================
[2025-02-15T02:20:11.525+0000] {manager.py:997} INFO - 
================================================================================
DAG File Processing Stats

File Path                               PID    Runtime      # DAGs    # Errors  Last Runtime    Last Run               Last # of DB Queries
--------------------------------------  -----  ---------  --------  ----------  --------------  -------------------  ----------------------
/opt/airflow/dags/finprode8_etl_dag.py                           1           0  0.19s           2025-02-15T02:19:42                      10
================================================================================
[2025-02-15T02:20:37.186+0000] {manager.py:821} INFO - Searching for files in /opt/airflow/dags
[2025-02-15T02:20:37.244+0000] {manager.py:824} INFO - There are 1 files in /opt/airflow/dags
[2025-02-15T02:20:42.023+0000] {manager.py:997} INFO - 
================================================================================
DAG File Processing Stats

File Path                               PID    Runtime      # DAGs    # Errors  Last Runtime    Last Run               Last # of DB Queries
--------------------------------------  -----  ---------  --------  ----------  --------------  -------------------  ----------------------
/opt/airflow/dags/finprode8_etl_dag.py                           1           0  0.31s           2025-02-15T02:20:12                      10
================================================================================
[2025-02-15T02:21:12.070+0000] {manager.py:997} INFO - 
================================================================================
DAG File Processing Stats

File Path                               PID    Runtime      # DAGs    # Errors  Last Runtime    Last Run               Last # of DB Queries
--------------------------------------  -----  ---------  --------  ----------  --------------  -------------------  ----------------------
/opt/airflow/dags/finprode8_etl_dag.py                           1           0  0.58s           2025-02-15T02:20:43                      10
================================================================================
[2025-02-15T02:21:42.521+0000] {manager.py:997} INFO - 
================================================================================
DAG File Processing Stats

File Path                               PID    Runtime      # DAGs    # Errors  Last Runtime    Last Run               Last # of DB Queries
--------------------------------------  -----  ---------  --------  ----------  --------------  -------------------  ----------------------
/opt/airflow/dags/finprode8_etl_dag.py                           1           0  0.34s           2025-02-15T02:21:14                      10
================================================================================
[2025-02-15T02:22:13.015+0000] {manager.py:997} INFO - 
================================================================================
DAG File Processing Stats

File Path                               PID    Runtime      # DAGs    # Errors  Last Runtime    Last Run               Last # of DB Queries
--------------------------------------  -----  ---------  --------  ----------  --------------  -------------------  ----------------------
/opt/airflow/dags/finprode8_etl_dag.py                           1           0  0.21s           2025-02-15T02:21:44                      10
================================================================================
[2025-02-15T02:22:43.435+0000] {manager.py:997} INFO - 
================================================================================
DAG File Processing Stats

File Path                               PID    Runtime      # DAGs    # Errors  Last Runtime    Last Run               Last # of DB Queries
--------------------------------------  -----  ---------  --------  ----------  --------------  -------------------  ----------------------
/opt/airflow/dags/finprode8_etl_dag.py                           1           0  0.35s           2025-02-15T02:22:15                      10
================================================================================
[2025-02-15T02:23:14.006+0000] {manager.py:997} INFO - 
================================================================================
DAG File Processing Stats

File Path                               PID    Runtime      # DAGs    # Errors  Last Runtime    Last Run               Last # of DB Queries
--------------------------------------  -----  ---------  --------  ----------  --------------  -------------------  ----------------------
/opt/airflow/dags/finprode8_etl_dag.py                           1           0  0.29s           2025-02-15T02:22:45                      10
================================================================================
[2025-02-15T02:23:44.466+0000] {manager.py:997} INFO - 
================================================================================
DAG File Processing Stats

File Path                               PID    Runtime      # DAGs    # Errors  Last Runtime    Last Run               Last # of DB Queries
--------------------------------------  -----  ---------  --------  ----------  --------------  -------------------  ----------------------
/opt/airflow/dags/finprode8_etl_dag.py                           1           0  0.32s           2025-02-15T02:23:16                      10
================================================================================
[2025-02-15T02:24:14.903+0000] {manager.py:997} INFO - 
================================================================================
DAG File Processing Stats

File Path                               PID    Runtime      # DAGs    # Errors  Last Runtime    Last Run               Last # of DB Queries
--------------------------------------  -----  ---------  --------  ----------  --------------  -------------------  ----------------------
/opt/airflow/dags/finprode8_etl_dag.py                           1           0  0.22s           2025-02-15T02:23:46                      10
================================================================================
[2025-02-15T02:24:45.501+0000] {manager.py:997} INFO - 
================================================================================
DAG File Processing Stats

File Path                               PID    Runtime      # DAGs    # Errors  Last Runtime    Last Run               Last # of DB Queries
--------------------------------------  -----  ---------  --------  ----------  --------------  -------------------  ----------------------
/opt/airflow/dags/finprode8_etl_dag.py                           1           0  0.24s           2025-02-15T02:24:17                      10
================================================================================
[2025-02-15T02:25:15.955+0000] {manager.py:997} INFO - 
================================================================================
DAG File Processing Stats

File Path                               PID    Runtime      # DAGs    # Errors  Last Runtime    Last Run               Last # of DB Queries
--------------------------------------  -----  ---------  --------  ----------  --------------  -------------------  ----------------------
/opt/airflow/dags/finprode8_etl_dag.py                           1           0  0.26s           2025-02-15T02:24:47                      10
================================================================================
[2025-02-15T02:25:37.442+0000] {manager.py:821} INFO - Searching for files in /opt/airflow/dags
[2025-02-15T02:25:37.523+0000] {manager.py:824} INFO - There are 1 files in /opt/airflow/dags
[2025-02-15T02:25:46.693+0000] {manager.py:997} INFO - 
================================================================================
DAG File Processing Stats

File Path                               PID    Runtime      # DAGs    # Errors  Last Runtime    Last Run               Last # of DB Queries
--------------------------------------  -----  ---------  --------  ----------  --------------  -------------------  ----------------------
/opt/airflow/dags/finprode8_etl_dag.py                           1           0  0.31s           2025-02-15T02:25:18                      10
================================================================================
[2025-02-15T02:26:17.121+0000] {manager.py:997} INFO - 
================================================================================
DAG File Processing Stats

File Path                               PID    Runtime      # DAGs    # Errors  Last Runtime    Last Run               Last # of DB Queries
--------------------------------------  -----  ---------  --------  ----------  --------------  -------------------  ----------------------
/opt/airflow/dags/finprode8_etl_dag.py                           1           0  0.16s           2025-02-15T02:25:48                      10
================================================================================
[2025-02-15T02:26:47.662+0000] {manager.py:997} INFO - 
================================================================================
DAG File Processing Stats

File Path                               PID    Runtime      # DAGs    # Errors  Last Runtime    Last Run               Last # of DB Queries
--------------------------------------  -----  ---------  --------  ----------  --------------  -------------------  ----------------------
/opt/airflow/dags/finprode8_etl_dag.py                           1           0  0.35s           2025-02-15T02:26:19                      10
================================================================================
[2025-02-15T02:27:18.305+0000] {manager.py:997} INFO - 
================================================================================
DAG File Processing Stats

File Path                               PID    Runtime      # DAGs    # Errors  Last Runtime    Last Run               Last # of DB Queries
--------------------------------------  -----  ---------  --------  ----------  --------------  -------------------  ----------------------
/opt/airflow/dags/finprode8_etl_dag.py                           1           0  0.40s           2025-02-15T02:26:50                      10
================================================================================
[2025-02-15T02:27:48.910+0000] {manager.py:997} INFO - 
================================================================================
DAG File Processing Stats

File Path                               PID    Runtime      # DAGs    # Errors  Last Runtime    Last Run               Last # of DB Queries
--------------------------------------  -----  ---------  --------  ----------  --------------  -------------------  ----------------------
/opt/airflow/dags/finprode8_etl_dag.py                           1           0  0.21s           2025-02-15T02:27:20                      10
================================================================================
[2025-02-15T02:28:19.372+0000] {manager.py:997} INFO - 
================================================================================
DAG File Processing Stats

File Path                               PID    Runtime      # DAGs    # Errors  Last Runtime    Last Run               Last # of DB Queries
--------------------------------------  -----  ---------  --------  ----------  --------------  -------------------  ----------------------
/opt/airflow/dags/finprode8_etl_dag.py                           1           0  0.27s           2025-02-15T02:27:51                      10
================================================================================
[2025-02-15T02:28:49.794+0000] {manager.py:997} INFO - 
================================================================================
DAG File Processing Stats

File Path                               PID    Runtime      # DAGs    # Errors  Last Runtime    Last Run               Last # of DB Queries
--------------------------------------  -----  ---------  --------  ----------  --------------  -------------------  ----------------------
/opt/airflow/dags/finprode8_etl_dag.py                           1           0  0.16s           2025-02-15T02:28:21                      10
================================================================================
[2025-02-15T02:29:20.241+0000] {manager.py:997} INFO - 
================================================================================
DAG File Processing Stats

File Path                               PID    Runtime      # DAGs    # Errors  Last Runtime    Last Run               Last # of DB Queries
--------------------------------------  -----  ---------  --------  ----------  --------------  -------------------  ----------------------
/opt/airflow/dags/finprode8_etl_dag.py                           1           0  0.26s           2025-02-15T02:28:52                      10
================================================================================
[2025-02-15T02:29:50.335+0000] {manager.py:997} INFO - 
================================================================================
DAG File Processing Stats

File Path                               PID    Runtime      # DAGs    # Errors  Last Runtime    Last Run               Last # of DB Queries
--------------------------------------  -----  ---------  --------  ----------  --------------  -------------------  ----------------------
/opt/airflow/dags/finprode8_etl_dag.py                           1           0  0.71s           2025-02-15T02:29:22                      10
================================================================================
[2025-02-15T02:30:20.804+0000] {manager.py:997} INFO - 
================================================================================
DAG File Processing Stats

File Path                               PID    Runtime      # DAGs    # Errors  Last Runtime    Last Run               Last # of DB Queries
--------------------------------------  -----  ---------  --------  ----------  --------------  -------------------  ----------------------
/opt/airflow/dags/finprode8_etl_dag.py                           1           0  0.27s           2025-02-15T02:29:53                      10
================================================================================
[2025-02-15T02:30:38.292+0000] {manager.py:821} INFO - Searching for files in /opt/airflow/dags
[2025-02-15T02:30:38.320+0000] {manager.py:824} INFO - There are 1 files in /opt/airflow/dags
[2025-02-15T02:30:51.518+0000] {manager.py:997} INFO - 
================================================================================
DAG File Processing Stats

File Path                               PID    Runtime      # DAGs    # Errors  Last Runtime    Last Run               Last # of DB Queries
--------------------------------------  -----  ---------  --------  ----------  --------------  -------------------  ----------------------
/opt/airflow/dags/finprode8_etl_dag.py                           1           0  0.28s           2025-02-15T02:30:24                      10
================================================================================
[2025-02-15T02:31:21.985+0000] {manager.py:997} INFO - 
================================================================================
DAG File Processing Stats

File Path                               PID    Runtime      # DAGs    # Errors  Last Runtime    Last Run               Last # of DB Queries
--------------------------------------  -----  ---------  --------  ----------  --------------  -------------------  ----------------------
/opt/airflow/dags/finprode8_etl_dag.py                           1           0  0.22s           2025-02-15T02:30:54                      10
================================================================================
[2025-02-15T02:31:52.574+0000] {manager.py:997} INFO - 
================================================================================
DAG File Processing Stats

File Path                               PID    Runtime      # DAGs    # Errors  Last Runtime    Last Run               Last # of DB Queries
--------------------------------------  -----  ---------  --------  ----------  --------------  -------------------  ----------------------
/opt/airflow/dags/finprode8_etl_dag.py                           1           0  0.55s           2025-02-15T02:31:25                      10
================================================================================
[2025-02-15T02:32:22.590+0000] {manager.py:997} INFO - 
================================================================================
DAG File Processing Stats

File Path                               PID    Runtime      # DAGs    # Errors  Last Runtime    Last Run               Last # of DB Queries
--------------------------------------  -----  ---------  --------  ----------  --------------  -------------------  ----------------------
/opt/airflow/dags/finprode8_etl_dag.py                           1           0  0.63s           2025-02-15T02:31:56                      10
================================================================================
[2025-02-15T02:32:52.782+0000] {manager.py:997} INFO - 
================================================================================
DAG File Processing Stats

File Path                               PID    Runtime      # DAGs    # Errors  Last Runtime    Last Run               Last # of DB Queries
--------------------------------------  -----  ---------  --------  ----------  --------------  -------------------  ----------------------
/opt/airflow/dags/finprode8_etl_dag.py                           1           0  0.19s           2025-02-15T02:32:26                      10
================================================================================
[2025-02-15T02:33:23.346+0000] {manager.py:997} INFO - 
================================================================================
DAG File Processing Stats

File Path                               PID    Runtime      # DAGs    # Errors  Last Runtime    Last Run               Last # of DB Queries
--------------------------------------  -----  ---------  --------  ----------  --------------  -------------------  ----------------------
/opt/airflow/dags/finprode8_etl_dag.py                           1           0  0.22s           2025-02-15T02:32:57                      10
================================================================================
[2025-02-15T02:33:53.809+0000] {manager.py:997} INFO - 
================================================================================
DAG File Processing Stats

File Path                               PID    Runtime      # DAGs    # Errors  Last Runtime    Last Run               Last # of DB Queries
--------------------------------------  -----  ---------  --------  ----------  --------------  -------------------  ----------------------
/opt/airflow/dags/finprode8_etl_dag.py                           1           0  0.33s           2025-02-15T02:33:27                      10
================================================================================
[2025-02-15T02:34:24.263+0000] {manager.py:997} INFO - 
================================================================================
DAG File Processing Stats

File Path                               PID    Runtime      # DAGs    # Errors  Last Runtime    Last Run               Last # of DB Queries
--------------------------------------  -----  ---------  --------  ----------  --------------  -------------------  ----------------------
/opt/airflow/dags/finprode8_etl_dag.py                           1           0  0.23s           2025-02-15T02:33:58                      10
================================================================================
[2025-02-15T02:34:54.820+0000] {manager.py:997} INFO - 
================================================================================
DAG File Processing Stats

File Path                               PID    Runtime      # DAGs    # Errors  Last Runtime    Last Run               Last # of DB Queries
--------------------------------------  -----  ---------  --------  ----------  --------------  -------------------  ----------------------
/opt/airflow/dags/finprode8_etl_dag.py                           1           0  0.24s           2025-02-15T02:34:28                      10
================================================================================
[2025-02-15T02:35:25.251+0000] {manager.py:997} INFO - 
================================================================================
DAG File Processing Stats

File Path                               PID    Runtime      # DAGs    # Errors  Last Runtime    Last Run               Last # of DB Queries
--------------------------------------  -----  ---------  --------  ----------  --------------  -------------------  ----------------------
/opt/airflow/dags/finprode8_etl_dag.py                           1           0  0.54s           2025-02-15T02:34:59                      10
================================================================================
[2025-02-15T02:35:38.434+0000] {manager.py:821} INFO - Searching for files in /opt/airflow/dags
[2025-02-15T02:35:38.458+0000] {manager.py:824} INFO - There are 1 files in /opt/airflow/dags
[2025-02-15T02:35:55.664+0000] {manager.py:997} INFO - 
================================================================================
DAG File Processing Stats

File Path                               PID    Runtime      # DAGs    # Errors  Last Runtime    Last Run               Last # of DB Queries
--------------------------------------  -----  ---------  --------  ----------  --------------  -------------------  ----------------------
/opt/airflow/dags/finprode8_etl_dag.py                           1           0  0.80s           2025-02-15T02:35:30                      10
================================================================================
[2025-02-15T02:36:25.932+0000] {manager.py:997} INFO - 
================================================================================
DAG File Processing Stats

File Path                               PID    Runtime      # DAGs    # Errors  Last Runtime    Last Run               Last # of DB Queries
--------------------------------------  -----  ---------  --------  ----------  --------------  -------------------  ----------------------
/opt/airflow/dags/finprode8_etl_dag.py                           1           0  0.86s           2025-02-15T02:36:01                      10
================================================================================
[2025-02-15T02:36:55.954+0000] {manager.py:997} INFO - 
================================================================================
DAG File Processing Stats

File Path                               PID    Runtime      # DAGs    # Errors  Last Runtime    Last Run               Last # of DB Queries
--------------------------------------  -----  ---------  --------  ----------  --------------  -------------------  ----------------------
/opt/airflow/dags/finprode8_etl_dag.py                           1           0  0.59s           2025-02-15T02:36:32                      10
================================================================================
