[2025-02-21T11:33:14.656+0000] {local_task_job_runner.py:123} INFO - ::group::Pre task execution logs
[2025-02-21T11:33:14.678+0000] {taskinstance.py:2614} INFO - Dependencies all met for dep_context=non-requeueable deps ti=<TaskInstance: finprode8_v2_etl_dag.extract_task manual__2025-02-21T11:33:12.503991+00:00 [queued]>
[2025-02-21T11:33:14.693+0000] {taskinstance.py:2614} INFO - Dependencies all met for dep_context=requeueable deps ti=<TaskInstance: finprode8_v2_etl_dag.extract_task manual__2025-02-21T11:33:12.503991+00:00 [queued]>
[2025-02-21T11:33:14.695+0000] {taskinstance.py:2867} INFO - Starting attempt 1 of 1
[2025-02-21T11:33:14.711+0000] {taskinstance.py:2890} INFO - Executing <Task(SparkSubmitOperator): extract_task> on 2025-02-21 11:33:12.503991+00:00
[2025-02-21T11:33:14.716+0000] {standard_task_runner.py:72} INFO - Started process 3459 to run task
[2025-02-21T11:33:14.722+0000] {standard_task_runner.py:104} INFO - Running: ['airflow', 'tasks', 'run', '***_v2_etl_dag', 'extract_task', 'manual__2025-02-21T11:33:12.503991+00:00', '--job-id', '17', '--raw', '--subdir', 'DAGS_FOLDER/***_v2_etl_dag.py', '--cfg-path', '/tmp/tmpkuk4gzma']
[2025-02-21T11:33:14.730+0000] {standard_task_runner.py:105} INFO - Job 17: Subtask extract_task
[2025-02-21T11:33:14.754+0000] {logging_mixin.py:190} WARNING - /home/airflow/.local/lib/python3.9/site-packages/airflow/settings.py:209 DeprecationWarning: The sql_alchemy_conn option in [core] has been moved to the sql_alchemy_conn option in [database] - the old setting has been used, but please update your config.
[2025-02-21T11:33:14.798+0000] {task_command.py:467} INFO - Running <TaskInstance: finprode8_v2_etl_dag.extract_task manual__2025-02-21T11:33:12.503991+00:00 [running]> on host ***-airflow-scheduler
[2025-02-21T11:33:14.891+0000] {taskinstance.py:3134} INFO - Exporting env vars: AIRFLOW_CTX_DAG_OWNER='ratih malini' AIRFLOW_CTX_DAG_ID='***_v2_etl_dag' AIRFLOW_CTX_TASK_ID='extract_task' AIRFLOW_CTX_EXECUTION_DATE='2025-02-21T11:33:12.503991+00:00' AIRFLOW_CTX_TRY_NUMBER='1' AIRFLOW_CTX_DAG_RUN_ID='manual__2025-02-21T11:33:12.503991+00:00'
[2025-02-21T11:33:14.894+0000] {taskinstance.py:732} INFO - ::endgroup::
[2025-02-21T11:33:14.922+0000] {base.py:84} INFO - Retrieving connection 'spark_main'
[2025-02-21T11:33:14.925+0000] {spark_submit.py:474} INFO - Spark-Submit cmd: spark-submit --master spark://***-spark-master:7077 --name arrow-spark /spark-scripts/***_v2_extract.py
[2025-02-21T11:33:19.294+0000] {spark_submit.py:641} INFO - 25/02/21 11:33:19 INFO SparkContext: Running Spark version 3.3.2
[2025-02-21T11:33:19.347+0000] {spark_submit.py:641} INFO - 25/02/21 11:33:19 WARN NativeCodeLoader: Unable to load native-hadoop library for your platform... using builtin-java classes where applicable
[2025-02-21T11:33:19.443+0000] {spark_submit.py:641} INFO - 25/02/21 11:33:19 INFO ResourceUtils: ==============================================================
[2025-02-21T11:33:19.445+0000] {spark_submit.py:641} INFO - 25/02/21 11:33:19 INFO ResourceUtils: No custom resources configured for spark.driver.
[2025-02-21T11:33:19.447+0000] {spark_submit.py:641} INFO - 25/02/21 11:33:19 INFO ResourceUtils: ==============================================================
[2025-02-21T11:33:19.448+0000] {spark_submit.py:641} INFO - 25/02/21 11:33:19 INFO SparkContext: Submitted application: ***_extract
[2025-02-21T11:33:19.466+0000] {spark_submit.py:641} INFO - 25/02/21 11:33:19 INFO ResourceProfile: Default ResourceProfile created, executor resources: Map(cores -> name: cores, amount: 1, script: , vendor: , memory -> name: memory, amount: 1024, script: , vendor: , offHeap -> name: offHeap, amount: 0, script: , vendor: ), task resources: Map(cpus -> name: cpus, amount: 1.0)
[2025-02-21T11:33:19.475+0000] {spark_submit.py:641} INFO - 25/02/21 11:33:19 INFO ResourceProfile: Limiting resource is cpu
[2025-02-21T11:33:19.477+0000] {spark_submit.py:641} INFO - 25/02/21 11:33:19 INFO ResourceProfileManager: Added ResourceProfile id: 0
[2025-02-21T11:33:19.524+0000] {spark_submit.py:641} INFO - 25/02/21 11:33:19 INFO SecurityManager: Changing view acls to: airflow
[2025-02-21T11:33:19.526+0000] {spark_submit.py:641} INFO - 25/02/21 11:33:19 INFO SecurityManager: Changing modify acls to: airflow
[2025-02-21T11:33:19.528+0000] {spark_submit.py:641} INFO - 25/02/21 11:33:19 INFO SecurityManager: Changing view acls groups to:
[2025-02-21T11:33:19.530+0000] {spark_submit.py:641} INFO - 25/02/21 11:33:19 INFO SecurityManager: Changing modify acls groups to:
[2025-02-21T11:33:19.532+0000] {spark_submit.py:641} INFO - 25/02/21 11:33:19 INFO SecurityManager: SecurityManager: authentication disabled; ui acls disabled; users  with view permissions: Set(airflow); groups with view permissions: Set(); users  with modify permissions: Set(airflow); groups with modify permissions: Set()
[2025-02-21T11:33:19.748+0000] {spark_submit.py:641} INFO - 25/02/21 11:33:19 INFO Utils: Successfully started service 'sparkDriver' on port 41093.
[2025-02-21T11:33:19.782+0000] {spark_submit.py:641} INFO - 25/02/21 11:33:19 INFO SparkEnv: Registering MapOutputTracker
[2025-02-21T11:33:19.818+0000] {spark_submit.py:641} INFO - 25/02/21 11:33:19 INFO SparkEnv: Registering BlockManagerMaster
[2025-02-21T11:33:19.837+0000] {spark_submit.py:641} INFO - 25/02/21 11:33:19 INFO BlockManagerMasterEndpoint: Using org.apache.spark.storage.DefaultTopologyMapper for getting topology information
[2025-02-21T11:33:19.839+0000] {spark_submit.py:641} INFO - 25/02/21 11:33:19 INFO BlockManagerMasterEndpoint: BlockManagerMasterEndpoint up
[2025-02-21T11:33:19.842+0000] {spark_submit.py:641} INFO - 25/02/21 11:33:19 INFO SparkEnv: Registering BlockManagerMasterHeartbeat
[2025-02-21T11:33:19.863+0000] {spark_submit.py:641} INFO - 25/02/21 11:33:19 INFO DiskBlockManager: Created local directory at /tmp/blockmgr-b87b3724-a206-4a91-ab0c-e9f72b0cda2b
[2025-02-21T11:33:19.880+0000] {spark_submit.py:641} INFO - 25/02/21 11:33:19 INFO MemoryStore: MemoryStore started with capacity 434.4 MiB
[2025-02-21T11:33:19.896+0000] {spark_submit.py:641} INFO - 25/02/21 11:33:19 INFO SparkEnv: Registering OutputCommitCoordinator
[2025-02-21T11:33:20.085+0000] {spark_submit.py:641} INFO - 25/02/21 11:33:20 INFO Utils: Successfully started service 'SparkUI' on port 4040.
[2025-02-21T11:33:20.190+0000] {spark_submit.py:641} INFO - 25/02/21 11:33:20 INFO Executor: Starting executor ID driver on host ***-airflow-scheduler
[2025-02-21T11:33:20.207+0000] {spark_submit.py:641} INFO - 25/02/21 11:33:20 INFO Executor: Starting executor with user classpath (userClassPathFirst = false): ''
[2025-02-21T11:33:20.230+0000] {spark_submit.py:641} INFO - 25/02/21 11:33:20 INFO Utils: Successfully started service 'org.apache.spark.network.netty.NettyBlockTransferService' on port 41931.
[2025-02-21T11:33:20.232+0000] {spark_submit.py:641} INFO - 25/02/21 11:33:20 INFO NettyBlockTransferService: Server created on ***-airflow-scheduler:41931
[2025-02-21T11:33:20.233+0000] {spark_submit.py:641} INFO - 25/02/21 11:33:20 INFO BlockManager: Using org.apache.spark.storage.RandomBlockReplicationPolicy for block replication policy
[2025-02-21T11:33:20.241+0000] {spark_submit.py:641} INFO - 25/02/21 11:33:20 INFO BlockManagerMaster: Registering BlockManager BlockManagerId(driver, ***-airflow-scheduler, 41931, None)
[2025-02-21T11:33:20.245+0000] {spark_submit.py:641} INFO - 25/02/21 11:33:20 INFO BlockManagerMasterEndpoint: Registering block manager ***-airflow-scheduler:41931 with 434.4 MiB RAM, BlockManagerId(driver, ***-airflow-scheduler, 41931, None)
[2025-02-21T11:33:20.248+0000] {spark_submit.py:641} INFO - 25/02/21 11:33:20 INFO BlockManagerMaster: Registered BlockManager BlockManagerId(driver, ***-airflow-scheduler, 41931, None)
[2025-02-21T11:33:20.250+0000] {spark_submit.py:641} INFO - 25/02/21 11:33:20 INFO BlockManager: Initialized BlockManager: BlockManagerId(driver, ***-airflow-scheduler, 41931, None)
[2025-02-21T11:33:26.119+0000] {spark_submit.py:641} INFO - ---------------- MENAMPILKAN DATA HASIL EXTRACT ----------------
[2025-02-21T11:33:26.314+0000] {spark_submit.py:641} INFO - +-----------+-----------------+---------+---------+------+-------------------+---------------+---+--------------------+-----------------+---------------------+----------+------------------+
[2025-02-21T11:33:26.316+0000] {spark_submit.py:641} INFO - |employee_id|       department|   region|education|gender|recruitment_channel|no_of_trainings|age|previous_year_rating|length_of_service|KPIs_met_more_than_80|awards_won|avg_training_score|
[2025-02-21T11:33:26.318+0000] {spark_submit.py:641} INFO - +-----------+-----------------+---------+---------+------+-------------------+---------------+---+--------------------+-----------------+---------------------+----------+------------------+
[2025-02-21T11:33:26.320+0000] {spark_submit.py:641} INFO - |       8724|       Technology|region_26|Bachelors|     m|           sourcing|              1| 24|                null|                1|                    1|         0|                77|
[2025-02-21T11:33:26.321+0000] {spark_submit.py:641} INFO - |      74430|               HR| region_4|Bachelors|     f|              other|              1| 31|                   3|                5|                    0|         0|                51|
[2025-02-21T11:33:26.323+0000] {spark_submit.py:641} INFO - |      72255|Sales & Marketing|region_13|Bachelors|     m|              other|              1| 31|                   1|                4|                    0|         0|                47|
[2025-02-21T11:33:26.324+0000] {spark_submit.py:641} INFO - |      38562|      Procurement| region_2|Bachelors|     f|              other|              3| 31|                   2|                9|                    0|         0|                65|
[2025-02-21T11:33:26.326+0000] {spark_submit.py:641} INFO - |      64486|          Finance|region_29|Bachelors|     m|           sourcing|              1| 30|                   4|                7|                    0|         0|                61|
[2025-02-21T11:33:26.328+0000] {spark_submit.py:641} INFO - +-----------+-----------------+---------+---------+------+-------------------+---------------+---+--------------------+-----------------+---------------------+----------+------------------+
[2025-02-21T11:33:26.330+0000] {spark_submit.py:641} INFO - only showing top 5 rows
[2025-02-21T11:33:26.331+0000] {spark_submit.py:641} INFO - 
[2025-02-21T11:33:26.332+0000] {spark_submit.py:641} INFO - root
[2025-02-21T11:33:26.333+0000] {spark_submit.py:641} INFO - |-- employee_id: integer (nullable = true)
[2025-02-21T11:33:26.334+0000] {spark_submit.py:641} INFO - |-- department: string (nullable = true)
[2025-02-21T11:33:26.335+0000] {spark_submit.py:641} INFO - |-- region: string (nullable = true)
[2025-02-21T11:33:26.336+0000] {spark_submit.py:641} INFO - |-- education: string (nullable = true)
[2025-02-21T11:33:26.338+0000] {spark_submit.py:641} INFO - |-- gender: string (nullable = true)
[2025-02-21T11:33:26.339+0000] {spark_submit.py:641} INFO - |-- recruitment_channel: string (nullable = true)
[2025-02-21T11:33:26.343+0000] {spark_submit.py:641} INFO - |-- no_of_trainings: integer (nullable = true)
[2025-02-21T11:33:26.344+0000] {spark_submit.py:641} INFO - |-- age: integer (nullable = true)
[2025-02-21T11:33:26.345+0000] {spark_submit.py:641} INFO - |-- previous_year_rating: integer (nullable = true)
[2025-02-21T11:33:26.346+0000] {spark_submit.py:641} INFO - |-- length_of_service: integer (nullable = true)
[2025-02-21T11:33:26.348+0000] {spark_submit.py:641} INFO - |-- KPIs_met_more_than_80: integer (nullable = true)
[2025-02-21T11:33:26.350+0000] {spark_submit.py:641} INFO - |-- awards_won: integer (nullable = true)
[2025-02-21T11:33:26.352+0000] {spark_submit.py:641} INFO - |-- avg_training_score: integer (nullable = true)
[2025-02-21T11:33:26.354+0000] {spark_submit.py:641} INFO - 
[2025-02-21T11:33:26.737+0000] {spark_submit.py:641} INFO - Jumlah baris dalam DataFrame : 17417
[2025-02-21T11:33:26.739+0000] {spark_submit.py:641} INFO - Isi folder data/extracted.parquet :
[2025-02-21T11:33:26.741+0000] {spark_submit.py:641} INFO - ['_SUCCESS', 'part-00000-4d45dc85-c6d8-47fc-bed3-c3ffed7a87f4-c000.snappy.parquet', '.part-00000-4d45dc85-c6d8-47fc-bed3-c3ffed7a87f4-c000.snappy.parquet.crc', '._SUCCESS.crc']
[2025-02-21T11:33:26.743+0000] {spark_submit.py:641} INFO - Extract data berhasil.
[2025-02-21T11:33:27.065+0000] {taskinstance.py:341} INFO - ::group::Post task execution logs
[2025-02-21T11:33:27.067+0000] {taskinstance.py:353} INFO - Marking task as SUCCESS. dag_id=***_v2_etl_dag, task_id=extract_task, run_id=manual__2025-02-21T11:33:12.503991+00:00, execution_date=20250221T113312, start_date=20250221T113314, end_date=20250221T113327
[2025-02-21T11:33:27.131+0000] {local_task_job_runner.py:266} INFO - Task exited with return code 0
[2025-02-21T11:33:27.160+0000] {taskinstance.py:3901} INFO - 1 downstream tasks scheduled from follow-on schedule check
[2025-02-21T11:33:27.165+0000] {local_task_job_runner.py:245} INFO - ::endgroup::
