[2025-02-23T14:38:52.206+0000] {local_task_job_runner.py:123} INFO - ::group::Pre task execution logs
[2025-02-23T14:38:52.239+0000] {taskinstance.py:2614} INFO - Dependencies all met for dep_context=non-requeueable deps ti=<TaskInstance: finprode8_v2_etl_dag.transform_task manual__2025-02-23T14:38:36.616501+00:00 [queued]>
[2025-02-23T14:38:52.253+0000] {taskinstance.py:2614} INFO - Dependencies all met for dep_context=requeueable deps ti=<TaskInstance: finprode8_v2_etl_dag.transform_task manual__2025-02-23T14:38:36.616501+00:00 [queued]>
[2025-02-23T14:38:52.255+0000] {taskinstance.py:2867} INFO - Starting attempt 1 of 1
[2025-02-23T14:38:52.276+0000] {taskinstance.py:2890} INFO - Executing <Task(SparkSubmitOperator): transform_task> on 2025-02-23 14:38:36.616501+00:00
[2025-02-23T14:38:52.284+0000] {standard_task_runner.py:72} INFO - Started process 2472 to run task
[2025-02-23T14:38:52.305+0000] {standard_task_runner.py:104} INFO - Running: ['airflow', 'tasks', 'run', '***_v2_etl_dag', 'transform_task', 'manual__2025-02-23T14:38:36.616501+00:00', '--job-id', '14', '--raw', '--subdir', 'DAGS_FOLDER/***_v2_etl_dag.py', '--cfg-path', '/tmp/tmpklgl3c2d']
[2025-02-23T14:38:52.309+0000] {standard_task_runner.py:105} INFO - Job 14: Subtask transform_task
[2025-02-23T14:38:52.336+0000] {logging_mixin.py:190} WARNING - /home/airflow/.local/lib/python3.9/site-packages/airflow/settings.py:209 DeprecationWarning: The sql_alchemy_conn option in [core] has been moved to the sql_alchemy_conn option in [database] - the old setting has been used, but please update your config.
[2025-02-23T14:38:52.392+0000] {task_command.py:467} INFO - Running <TaskInstance: finprode8_v2_etl_dag.transform_task manual__2025-02-23T14:38:36.616501+00:00 [running]> on host ***-airflow-scheduler
[2025-02-23T14:38:52.527+0000] {taskinstance.py:3134} INFO - Exporting env vars: AIRFLOW_CTX_DAG_OWNER='ratih malini' AIRFLOW_CTX_DAG_ID='***_v2_etl_dag' AIRFLOW_CTX_TASK_ID='transform_task' AIRFLOW_CTX_EXECUTION_DATE='2025-02-23T14:38:36.616501+00:00' AIRFLOW_CTX_TRY_NUMBER='1' AIRFLOW_CTX_DAG_RUN_ID='manual__2025-02-23T14:38:36.616501+00:00'
[2025-02-23T14:38:52.530+0000] {taskinstance.py:732} INFO - ::endgroup::
[2025-02-23T14:38:52.580+0000] {base.py:84} INFO - Retrieving connection 'spark_main'
[2025-02-23T14:38:52.583+0000] {spark_submit.py:474} INFO - Spark-Submit cmd: spark-submit --master spark://***-spark-master:7077 --name arrow-spark /spark-scripts/***_v2_transform.py
[2025-02-23T14:38:55.741+0000] {spark_submit.py:641} INFO - 25/02/23 14:38:55 INFO SparkContext: Running Spark version 3.3.2
[2025-02-23T14:38:55.826+0000] {spark_submit.py:641} INFO - 25/02/23 14:38:55 WARN NativeCodeLoader: Unable to load native-hadoop library for your platform... using builtin-java classes where applicable
[2025-02-23T14:38:55.984+0000] {spark_submit.py:641} INFO - 25/02/23 14:38:55 INFO ResourceUtils: ==============================================================
[2025-02-23T14:38:55.987+0000] {spark_submit.py:641} INFO - 25/02/23 14:38:55 INFO ResourceUtils: No custom resources configured for spark.driver.
[2025-02-23T14:38:55.989+0000] {spark_submit.py:641} INFO - 25/02/23 14:38:55 INFO ResourceUtils: ==============================================================
[2025-02-23T14:38:55.992+0000] {spark_submit.py:641} INFO - 25/02/23 14:38:55 INFO SparkContext: Submitted application: ***_transform
[2025-02-23T14:38:56.014+0000] {spark_submit.py:641} INFO - 25/02/23 14:38:56 INFO ResourceProfile: Default ResourceProfile created, executor resources: Map(cores -> name: cores, amount: 1, script: , vendor: , memory -> name: memory, amount: 1024, script: , vendor: , offHeap -> name: offHeap, amount: 0, script: , vendor: ), task resources: Map(cpus -> name: cpus, amount: 1.0)
[2025-02-23T14:38:56.027+0000] {spark_submit.py:641} INFO - 25/02/23 14:38:56 INFO ResourceProfile: Limiting resource is cpu
[2025-02-23T14:38:56.029+0000] {spark_submit.py:641} INFO - 25/02/23 14:38:56 INFO ResourceProfileManager: Added ResourceProfile id: 0
[2025-02-23T14:38:56.105+0000] {spark_submit.py:641} INFO - 25/02/23 14:38:56 INFO SecurityManager: Changing view acls to: airflow
[2025-02-23T14:38:56.107+0000] {spark_submit.py:641} INFO - 25/02/23 14:38:56 INFO SecurityManager: Changing modify acls to: airflow
[2025-02-23T14:38:56.108+0000] {spark_submit.py:641} INFO - 25/02/23 14:38:56 INFO SecurityManager: Changing view acls groups to:
[2025-02-23T14:38:56.110+0000] {spark_submit.py:641} INFO - 25/02/23 14:38:56 INFO SecurityManager: Changing modify acls groups to:
[2025-02-23T14:38:56.112+0000] {spark_submit.py:641} INFO - 25/02/23 14:38:56 INFO SecurityManager: SecurityManager: authentication disabled; ui acls disabled; users  with view permissions: Set(airflow); groups with view permissions: Set(); users  with modify permissions: Set(airflow); groups with modify permissions: Set()
[2025-02-23T14:38:56.519+0000] {spark_submit.py:641} INFO - 25/02/23 14:38:56 INFO Utils: Successfully started service 'sparkDriver' on port 42517.
[2025-02-23T14:38:56.555+0000] {spark_submit.py:641} INFO - 25/02/23 14:38:56 INFO SparkEnv: Registering MapOutputTracker
[2025-02-23T14:38:56.636+0000] {spark_submit.py:641} INFO - 25/02/23 14:38:56 INFO SparkEnv: Registering BlockManagerMaster
[2025-02-23T14:38:56.686+0000] {spark_submit.py:641} INFO - 25/02/23 14:38:56 INFO BlockManagerMasterEndpoint: Using org.apache.spark.storage.DefaultTopologyMapper for getting topology information
[2025-02-23T14:38:56.694+0000] {spark_submit.py:641} INFO - 25/02/23 14:38:56 INFO BlockManagerMasterEndpoint: BlockManagerMasterEndpoint up
[2025-02-23T14:38:56.696+0000] {spark_submit.py:641} INFO - 25/02/23 14:38:56 INFO SparkEnv: Registering BlockManagerMasterHeartbeat
[2025-02-23T14:38:56.767+0000] {spark_submit.py:641} INFO - 25/02/23 14:38:56 INFO DiskBlockManager: Created local directory at /tmp/blockmgr-9f84cf0d-380e-440a-9446-7f37f79cd89d
[2025-02-23T14:38:56.859+0000] {spark_submit.py:641} INFO - 25/02/23 14:38:56 INFO MemoryStore: MemoryStore started with capacity 434.4 MiB
[2025-02-23T14:38:56.924+0000] {spark_submit.py:641} INFO - 25/02/23 14:38:56 INFO SparkEnv: Registering OutputCommitCoordinator
[2025-02-23T14:38:57.389+0000] {spark_submit.py:641} INFO - 25/02/23 14:38:57 INFO Utils: Successfully started service 'SparkUI' on port 4040.
[2025-02-23T14:38:57.541+0000] {spark_submit.py:641} INFO - 25/02/23 14:38:57 INFO Executor: Starting executor ID driver on host ***-airflow-scheduler
[2025-02-23T14:38:57.552+0000] {spark_submit.py:641} INFO - 25/02/23 14:38:57 INFO Executor: Starting executor with user classpath (userClassPathFirst = false): ''
[2025-02-23T14:38:57.575+0000] {spark_submit.py:641} INFO - 25/02/23 14:38:57 INFO Utils: Successfully started service 'org.apache.spark.network.netty.NettyBlockTransferService' on port 41985.
[2025-02-23T14:38:57.579+0000] {spark_submit.py:641} INFO - 25/02/23 14:38:57 INFO NettyBlockTransferService: Server created on ***-airflow-scheduler:41985
[2025-02-23T14:38:57.580+0000] {spark_submit.py:641} INFO - 25/02/23 14:38:57 INFO BlockManager: Using org.apache.spark.storage.RandomBlockReplicationPolicy for block replication policy
[2025-02-23T14:38:57.587+0000] {spark_submit.py:641} INFO - 25/02/23 14:38:57 INFO BlockManagerMaster: Registering BlockManager BlockManagerId(driver, ***-airflow-scheduler, 41985, None)
[2025-02-23T14:38:57.593+0000] {spark_submit.py:641} INFO - 25/02/23 14:38:57 INFO BlockManagerMasterEndpoint: Registering block manager ***-airflow-scheduler:41985 with 434.4 MiB RAM, BlockManagerId(driver, ***-airflow-scheduler, 41985, None)
[2025-02-23T14:38:57.596+0000] {spark_submit.py:641} INFO - 25/02/23 14:38:57 INFO BlockManagerMaster: Registered BlockManager BlockManagerId(driver, ***-airflow-scheduler, 41985, None)
[2025-02-23T14:38:57.598+0000] {spark_submit.py:641} INFO - 25/02/23 14:38:57 INFO BlockManager: Initialized BlockManager: BlockManagerId(driver, ***-airflow-scheduler, 41985, None)
[2025-02-23T14:39:02.097+0000] {spark_submit.py:641} INFO - ---------------- MENAMPILKAN BANYAK DATA NULL DI SETIAP KOLOM ----------------
[2025-02-23T14:39:04.251+0000] {spark_submit.py:641} INFO - +----------------+---------------+-----------+--------------+-----------+------------------------+--------------------+--------+-------------------------+----------------------+--------------------------+---------------+-----------------------+
[2025-02-23T14:39:04.255+0000] {spark_submit.py:641} INFO - |employee_id_null|department_null|region_null|education_null|gender_null|recruitment_channel_null|no_of_trainings_null|age_null|previous_year_rating_null|length_of_service_null|KPIs_met_more_than_80_null|awards_won_null|avg_training_score_null|
[2025-02-23T14:39:04.258+0000] {spark_submit.py:641} INFO - +----------------+---------------+-----------+--------------+-----------+------------------------+--------------------+--------+-------------------------+----------------------+--------------------------+---------------+-----------------------+
[2025-02-23T14:39:04.261+0000] {spark_submit.py:641} INFO - |               0|              0|          0|           771|          0|                       0|                   0|       0|                     1363|                     0|                         0|              0|                      0|
[2025-02-23T14:39:04.262+0000] {spark_submit.py:641} INFO - +----------------+---------------+-----------+--------------+-----------+------------------------+--------------------+--------+-------------------------+----------------------+--------------------------+---------------+-----------------------+
[2025-02-23T14:39:04.264+0000] {spark_submit.py:641} INFO - 
[2025-02-23T14:39:04.265+0000] {spark_submit.py:641} INFO - ---------------- NULL HANDLING PADA KOLOM EDUCATION & PREVIOUS_YEAR_RATING ----------------
[2025-02-23T14:39:04.567+0000] {spark_submit.py:641} INFO - +--------------+-------------------------+
[2025-02-23T14:39:04.569+0000] {spark_submit.py:641} INFO - |education_null|previous_year_rating_null|
[2025-02-23T14:39:04.570+0000] {spark_submit.py:641} INFO - +--------------+-------------------------+
[2025-02-23T14:39:04.571+0000] {spark_submit.py:641} INFO - |             0|                        0|
[2025-02-23T14:39:04.574+0000] {spark_submit.py:641} INFO - +--------------+-------------------------+
[2025-02-23T14:39:04.577+0000] {spark_submit.py:641} INFO - 
[2025-02-23T14:39:04.578+0000] {spark_submit.py:641} INFO - ---------------- MENAMPILKAN BANYAK DATA DUPLIKAT BERDASARKAN EMPLOYEE_ID ----------------
[2025-02-23T14:39:05.670+0000] {spark_submit.py:641} INFO - +-----------+------+
[2025-02-23T14:39:05.672+0000] {spark_submit.py:641} INFO - |employee_id|jumlah|
[2025-02-23T14:39:05.673+0000] {spark_submit.py:641} INFO - +-----------+------+
[2025-02-23T14:39:05.675+0000] {spark_submit.py:641} INFO - |      64573|     2|
[2025-02-23T14:39:05.676+0000] {spark_submit.py:641} INFO - |      49584|     3|
[2025-02-23T14:39:05.677+0000] {spark_submit.py:641} INFO - +-----------+------+
[2025-02-23T14:39:05.678+0000] {spark_submit.py:641} INFO - 
[2025-02-23T14:39:05.679+0000] {spark_submit.py:641} INFO - ---------------- MENAMPILKAN SEMUA BARIS DAN KOLOM DARI EMPLOYEE ID YANG DUPLIKAT ----------------
[2025-02-23T14:39:06.420+0000] {spark_submit.py:641} INFO - +-----------+----------+--------+---------+------+-------------------+---------------+---+--------------------+-----------------+---------------------+----------+------------------+
[2025-02-23T14:39:06.422+0000] {spark_submit.py:641} INFO - |employee_id|department|  region|education|gender|recruitment_channel|no_of_trainings|age|previous_year_rating|length_of_service|KPIs_met_more_than_80|awards_won|avg_training_score|
[2025-02-23T14:39:06.424+0000] {spark_submit.py:641} INFO - +-----------+----------+--------+---------+------+-------------------+---------------+---+--------------------+-----------------+---------------------+----------+------------------+
[2025-02-23T14:39:06.426+0000] {spark_submit.py:641} INFO - |      49584|        HR|region_7|Bachelors|     m|              other|              1| 33|                   1|                9|                    0|         0|                51|
[2025-02-23T14:39:06.428+0000] {spark_submit.py:641} INFO - |      49584|        HR|region_7|Bachelors|     m|              other|              1| 33|                   1|                9|                    0|         0|                51|
[2025-02-23T14:39:06.429+0000] {spark_submit.py:641} INFO - |      49584|        HR|region_7|Bachelors|     m|              other|              1| 33|                   1|                9|                    0|         0|                51|
[2025-02-23T14:39:06.430+0000] {spark_submit.py:641} INFO - |      64573|Technology|region_7|Bachelors|     f|           referred|              2| 30|                   5|                6|                    1|         0|                81|
[2025-02-23T14:39:06.431+0000] {spark_submit.py:641} INFO - |      64573|        HR|region_7|Bachelors|     f|           referred|              1| 35|                   5|                4|                    1|         0|                81|
[2025-02-23T14:39:06.432+0000] {spark_submit.py:641} INFO - +-----------+----------+--------+---------+------+-------------------+---------------+---+--------------------+-----------------+---------------------+----------+------------------+
[2025-02-23T14:39:06.434+0000] {spark_submit.py:641} INFO - 
[2025-02-23T14:39:06.435+0000] {spark_submit.py:641} INFO - ---------------- MENAMPILKAN HASIL DARI DATA DUPLIKASI YANG TELAH DIHANDLE BERDASARKAN KOLOM EMPLOYEE_ID DAN DEPARTMENT ----------------
[2025-02-23T14:39:07.887+0000] {spark_submit.py:641} INFO - +-----------+----------+--------+---------+------+-------------------+---------------+---+--------------------+-----------------+---------------------+----------+------------------+
[2025-02-23T14:39:07.890+0000] {spark_submit.py:641} INFO - |employee_id|department|  region|education|gender|recruitment_channel|no_of_trainings|age|previous_year_rating|length_of_service|KPIs_met_more_than_80|awards_won|avg_training_score|
[2025-02-23T14:39:07.893+0000] {spark_submit.py:641} INFO - +-----------+----------+--------+---------+------+-------------------+---------------+---+--------------------+-----------------+---------------------+----------+------------------+
[2025-02-23T14:39:07.894+0000] {spark_submit.py:641} INFO - |      49584|        HR|region_7|Bachelors|     m|              other|              1| 33|                   1|                9|                    0|         0|                51|
[2025-02-23T14:39:07.896+0000] {spark_submit.py:641} INFO - |      64573|        HR|region_7|Bachelors|     f|           referred|              1| 35|                   5|                4|                    1|         0|                81|
[2025-02-23T14:39:07.897+0000] {spark_submit.py:641} INFO - |      64573|Technology|region_7|Bachelors|     f|           referred|              2| 30|                   5|                6|                    1|         0|                81|
[2025-02-23T14:39:07.899+0000] {spark_submit.py:641} INFO - +-----------+----------+--------+---------+------+-------------------+---------------+---+--------------------+-----------------+---------------------+----------+------------------+
[2025-02-23T14:39:07.900+0000] {spark_submit.py:641} INFO - 
[2025-02-23T14:39:09.229+0000] {spark_submit.py:641} INFO - ---------------- MENAMPILKAN DATA HASIL TRASNFORMASI ----------------
[2025-02-23T14:39:09.675+0000] {spark_submit.py:641} INFO - +-----------+-----------------+---------+---------------+------+-------------------+---------------+---+--------------------+-----------------+---------------------+----------+------------------+
[2025-02-23T14:39:09.678+0000] {spark_submit.py:641} INFO - |employee_id|       department|   region|      education|gender|recruitment_channel|no_of_trainings|age|previous_year_rating|length_of_service|KPIs_met_more_than_80|awards_won|avg_training_score|
[2025-02-23T14:39:09.680+0000] {spark_submit.py:641} INFO - +-----------+-----------------+---------+---------------+------+-------------------+---------------+---+--------------------+-----------------+---------------------+----------+------------------+
[2025-02-23T14:39:09.682+0000] {spark_submit.py:641} INFO - |          3|      Procurement|region_22|Masters & above|     f|              other|              1| 38|                   5|                4|                    1|         0|                67|
[2025-02-23T14:39:09.684+0000] {spark_submit.py:641} INFO - |          6|Sales & Marketing|region_15|      Bachelors|     f|              other|              1| 38|                   3|               10|                    0|         0|                50|
[2025-02-23T14:39:09.685+0000] {spark_submit.py:641} INFO - |         11|       Technology| region_4|Masters & above|     f|           sourcing|              1| 39|                   4|               12|                    1|         0|                72|
[2025-02-23T14:39:09.686+0000] {spark_submit.py:641} INFO - |         13|Sales & Marketing|region_17|      Bachelors|     m|              other|              1| 38|                   1|                5|                    1|         0|                47|
[2025-02-23T14:39:09.688+0000] {spark_submit.py:641} INFO - |         16|Sales & Marketing| region_4|Masters & above|     m|           sourcing|              1| 40|                   5|                5|                    0|         0|                53|
[2025-02-23T14:39:09.689+0000] {spark_submit.py:641} INFO - +-----------+-----------------+---------+---------------+------+-------------------+---------------+---+--------------------+-----------------+---------------------+----------+------------------+
[2025-02-23T14:39:09.691+0000] {spark_submit.py:641} INFO - only showing top 5 rows
[2025-02-23T14:39:09.692+0000] {spark_submit.py:641} INFO - 
[2025-02-23T14:39:10.009+0000] {spark_submit.py:641} INFO - Jumlah baris dalam DataFrame : 17415
[2025-02-23T14:39:10.011+0000] {spark_submit.py:641} INFO - Isi folder data/transformed.parquet :
[2025-02-23T14:39:10.012+0000] {spark_submit.py:641} INFO - ['_SUCCESS', '.part-00000-3cf22e47-7e2a-45ac-97ca-ccef0acfc80a-c000.snappy.parquet.crc', 'part-00000-3cf22e47-7e2a-45ac-97ca-ccef0acfc80a-c000.snappy.parquet', '._SUCCESS.crc']
[2025-02-23T14:39:10.015+0000] {spark_submit.py:641} INFO - Transform data berhasil.
[2025-02-23T14:39:10.526+0000] {taskinstance.py:341} INFO - ::group::Post task execution logs
[2025-02-23T14:39:10.529+0000] {taskinstance.py:353} INFO - Marking task as SUCCESS. dag_id=***_v2_etl_dag, task_id=transform_task, run_id=manual__2025-02-23T14:38:36.616501+00:00, execution_date=20250223T143836, start_date=20250223T143852, end_date=20250223T143910
[2025-02-23T14:39:10.573+0000] {local_task_job_runner.py:266} INFO - Task exited with return code 0
[2025-02-23T14:39:10.616+0000] {taskinstance.py:3901} INFO - 1 downstream tasks scheduled from follow-on schedule check
[2025-02-23T14:39:10.620+0000] {local_task_job_runner.py:245} INFO - ::endgroup::
