[2025-02-15T16:21:25.828+0000] {local_task_job_runner.py:123} INFO - ::group::Pre task execution logs
[2025-02-15T16:21:25.850+0000] {taskinstance.py:2613} INFO - Dependencies all met for dep_context=non-requeueable deps ti=<TaskInstance: finprode8_elt_dag.etl_task manual__2025-02-15T16:11:46.573734+00:00 [queued]>
[2025-02-15T16:21:25.865+0000] {taskinstance.py:2613} INFO - Dependencies all met for dep_context=requeueable deps ti=<TaskInstance: finprode8_elt_dag.etl_task manual__2025-02-15T16:11:46.573734+00:00 [queued]>
[2025-02-15T16:21:25.869+0000] {taskinstance.py:2866} INFO - Starting attempt 4 of 4
[2025-02-15T16:21:25.888+0000] {taskinstance.py:2889} INFO - Executing <Task(SparkSubmitOperator): etl_task> on 2025-02-15 16:11:46.573734+00:00
[2025-02-15T16:21:25.895+0000] {standard_task_runner.py:72} INFO - Started process 2067 to run task
[2025-02-15T16:21:25.899+0000] {standard_task_runner.py:104} INFO - Running: ['airflow', 'tasks', 'run', '***_elt_dag', 'etl_task', 'manual__2025-02-15T16:11:46.573734+00:00', '--job-id', '7', '--raw', '--subdir', 'DAGS_FOLDER/***_etl_dag.py', '--cfg-path', '/tmp/tmpf1f5wp5u']
[2025-02-15T16:21:25.906+0000] {standard_task_runner.py:105} INFO - Job 7: Subtask etl_task
[2025-02-15T16:21:25.937+0000] {logging_mixin.py:190} WARNING - /home/airflow/.local/lib/python3.9/site-packages/airflow/settings.py:209 DeprecationWarning: The sql_alchemy_conn option in [core] has been moved to the sql_alchemy_conn option in [database] - the old setting has been used, but please update your config.
[2025-02-15T16:21:25.994+0000] {task_command.py:467} INFO - Running <TaskInstance: finprode8_elt_dag.etl_task manual__2025-02-15T16:11:46.573734+00:00 [running]> on host ***-airflow-scheduler
[2025-02-15T16:21:26.126+0000] {taskinstance.py:3132} INFO - Exporting env vars: AIRFLOW_CTX_DAG_OWNER='ratih malini' AIRFLOW_CTX_DAG_ID='***_elt_dag' AIRFLOW_CTX_TASK_ID='etl_task' AIRFLOW_CTX_EXECUTION_DATE='2025-02-15T16:11:46.573734+00:00' AIRFLOW_CTX_TRY_NUMBER='4' AIRFLOW_CTX_DAG_RUN_ID='manual__2025-02-15T16:11:46.573734+00:00'
[2025-02-15T16:21:26.128+0000] {taskinstance.py:731} INFO - ::endgroup::
[2025-02-15T16:21:26.163+0000] {base.py:84} INFO - Retrieving connection 'spark_main'
[2025-02-15T16:21:26.167+0000] {spark_submit.py:474} INFO - Spark-Submit cmd: spark-submit --master spark://***-spark-master:7077 --packages org.postgresql:postgresql:42.2.18 --name arrow-spark /spark-scripts/***_etl.py
[2025-02-15T16:21:27.934+0000] {spark_submit.py:641} INFO - :: loading settings :: url = jar:file:/home/airflow/.local/lib/python3.9/site-packages/pyspark/jars/ivy-2.5.1.jar!/org/apache/ivy/core/settings/ivysettings.xml
[2025-02-15T16:21:28.029+0000] {spark_submit.py:641} INFO - Ivy Default Cache set to: /home/airflow/.ivy2/cache
[2025-02-15T16:21:28.031+0000] {spark_submit.py:641} INFO - The jars for the packages stored in: /home/airflow/.ivy2/jars
[2025-02-15T16:21:28.034+0000] {spark_submit.py:641} INFO - org.postgresql#postgresql added as a dependency
[2025-02-15T16:21:28.038+0000] {spark_submit.py:641} INFO - :: resolving dependencies :: org.apache.spark#spark-submit-parent-a5631011-5922-48e9-b064-3077a6c0f3d7;1.0
[2025-02-15T16:21:28.040+0000] {spark_submit.py:641} INFO - confs: [default]
[2025-02-15T16:21:28.177+0000] {spark_submit.py:641} INFO - found org.postgresql#postgresql;42.2.18 in central
[2025-02-15T16:21:28.207+0000] {spark_submit.py:641} INFO - found org.checkerframework#checker-qual;3.5.0 in central
[2025-02-15T16:21:28.236+0000] {spark_submit.py:641} INFO - :: resolution report :: resolve 186ms :: artifacts dl 11ms
[2025-02-15T16:21:28.238+0000] {spark_submit.py:641} INFO - :: modules in use:
[2025-02-15T16:21:28.241+0000] {spark_submit.py:641} INFO - org.checkerframework#checker-qual;3.5.0 from central in [default]
[2025-02-15T16:21:28.243+0000] {spark_submit.py:641} INFO - org.postgresql#postgresql;42.2.18 from central in [default]
[2025-02-15T16:21:28.246+0000] {spark_submit.py:641} INFO - ---------------------------------------------------------------------
[2025-02-15T16:21:28.247+0000] {spark_submit.py:641} INFO - |                  |            modules            ||   artifacts   |
[2025-02-15T16:21:28.248+0000] {spark_submit.py:641} INFO - |       conf       | number| search|dwnlded|evicted|| number|dwnlded|
[2025-02-15T16:21:28.250+0000] {spark_submit.py:641} INFO - ---------------------------------------------------------------------
[2025-02-15T16:21:28.252+0000] {spark_submit.py:641} INFO - |      default     |   2   |   0   |   0   |   0   ||   2   |   0   |
[2025-02-15T16:21:28.253+0000] {spark_submit.py:641} INFO - ---------------------------------------------------------------------
[2025-02-15T16:21:28.254+0000] {spark_submit.py:641} INFO - :: retrieving :: org.apache.spark#spark-submit-parent-a5631011-5922-48e9-b064-3077a6c0f3d7
[2025-02-15T16:21:28.255+0000] {spark_submit.py:641} INFO - confs: [default]
[2025-02-15T16:21:28.256+0000] {spark_submit.py:641} INFO - 0 artifacts copied, 2 already retrieved (0kB/6ms)
[2025-02-15T16:21:28.541+0000] {spark_submit.py:641} INFO - 25/02/15 16:21:28 WARN NativeCodeLoader: Unable to load native-hadoop library for your platform... using builtin-java classes where applicable
[2025-02-15T16:21:29.764+0000] {spark_submit.py:641} INFO - 25/02/15 16:21:29 INFO SparkContext: Running Spark version 3.3.2
[2025-02-15T16:21:29.793+0000] {spark_submit.py:641} INFO - 25/02/15 16:21:29 INFO ResourceUtils: ==============================================================
[2025-02-15T16:21:29.795+0000] {spark_submit.py:641} INFO - 25/02/15 16:21:29 INFO ResourceUtils: No custom resources configured for spark.driver.
[2025-02-15T16:21:29.797+0000] {spark_submit.py:641} INFO - 25/02/15 16:21:29 INFO ResourceUtils: ==============================================================
[2025-02-15T16:21:29.799+0000] {spark_submit.py:641} INFO - 25/02/15 16:21:29 INFO SparkContext: Submitted application: ***
[2025-02-15T16:21:29.827+0000] {spark_submit.py:641} INFO - 25/02/15 16:21:29 INFO ResourceProfile: Default ResourceProfile created, executor resources: Map(cores -> name: cores, amount: 1, script: , vendor: , memory -> name: memory, amount: 1024, script: , vendor: , offHeap -> name: offHeap, amount: 0, script: , vendor: ), task resources: Map(cpus -> name: cpus, amount: 1.0)
[2025-02-15T16:21:29.836+0000] {spark_submit.py:641} INFO - 25/02/15 16:21:29 INFO ResourceProfile: Limiting resource is cpu
[2025-02-15T16:21:29.838+0000] {spark_submit.py:641} INFO - 25/02/15 16:21:29 INFO ResourceProfileManager: Added ResourceProfile id: 0
[2025-02-15T16:21:29.888+0000] {spark_submit.py:641} INFO - 25/02/15 16:21:29 INFO SecurityManager: Changing view acls to: airflow
[2025-02-15T16:21:29.889+0000] {spark_submit.py:641} INFO - 25/02/15 16:21:29 INFO SecurityManager: Changing modify acls to: airflow
[2025-02-15T16:21:29.891+0000] {spark_submit.py:641} INFO - 25/02/15 16:21:29 INFO SecurityManager: Changing view acls groups to:
[2025-02-15T16:21:29.892+0000] {spark_submit.py:641} INFO - 25/02/15 16:21:29 INFO SecurityManager: Changing modify acls groups to:
[2025-02-15T16:21:29.893+0000] {spark_submit.py:641} INFO - 25/02/15 16:21:29 INFO SecurityManager: SecurityManager: authentication disabled; ui acls disabled; users  with view permissions: Set(airflow); groups with view permissions: Set(); users  with modify permissions: Set(airflow); groups with modify permissions: Set()
[2025-02-15T16:21:30.191+0000] {spark_submit.py:641} INFO - 25/02/15 16:21:30 INFO Utils: Successfully started service 'sparkDriver' on port 33695.
[2025-02-15T16:21:30.223+0000] {spark_submit.py:641} INFO - 25/02/15 16:21:30 INFO SparkEnv: Registering MapOutputTracker
[2025-02-15T16:21:30.264+0000] {spark_submit.py:641} INFO - 25/02/15 16:21:30 INFO SparkEnv: Registering BlockManagerMaster
[2025-02-15T16:21:30.295+0000] {spark_submit.py:641} INFO - 25/02/15 16:21:30 INFO BlockManagerMasterEndpoint: Using org.apache.spark.storage.DefaultTopologyMapper for getting topology information
[2025-02-15T16:21:30.298+0000] {spark_submit.py:641} INFO - 25/02/15 16:21:30 INFO BlockManagerMasterEndpoint: BlockManagerMasterEndpoint up
[2025-02-15T16:21:30.307+0000] {spark_submit.py:641} INFO - 25/02/15 16:21:30 INFO SparkEnv: Registering BlockManagerMasterHeartbeat
[2025-02-15T16:21:30.332+0000] {spark_submit.py:641} INFO - 25/02/15 16:21:30 INFO DiskBlockManager: Created local directory at /tmp/blockmgr-60405f44-3580-4803-b8de-3f769e5a2d94
[2025-02-15T16:21:30.350+0000] {spark_submit.py:641} INFO - 25/02/15 16:21:30 INFO MemoryStore: MemoryStore started with capacity 434.4 MiB
[2025-02-15T16:21:30.368+0000] {spark_submit.py:641} INFO - 25/02/15 16:21:30 INFO SparkEnv: Registering OutputCommitCoordinator
[2025-02-15T16:21:30.669+0000] {spark_submit.py:641} INFO - 25/02/15 16:21:30 INFO Utils: Successfully started service 'SparkUI' on port 4040.
[2025-02-15T16:21:30.724+0000] {spark_submit.py:641} INFO - 25/02/15 16:21:30 INFO SparkContext: Added JAR /spark-scripts/jars/postgresql-42.2.18.jar at spark://***-airflow-scheduler:33695/jars/postgresql-42.2.18.jar with timestamp 1739636489757
[2025-02-15T16:21:30.729+0000] {spark_submit.py:641} INFO - 25/02/15 16:21:30 INFO SparkContext: Added file file:///home/airflow/.ivy2/jars/org.postgresql_postgresql-42.2.18.jar at file:///home/airflow/.ivy2/jars/org.postgresql_postgresql-42.2.18.jar with timestamp 1739636489757
[2025-02-15T16:21:30.731+0000] {spark_submit.py:641} INFO - 25/02/15 16:21:30 INFO Utils: Copying /home/airflow/.ivy2/jars/org.postgresql_postgresql-42.2.18.jar to /tmp/spark-6cd564f4-483b-487a-b562-bec6de16c142/userFiles-bc6a9988-63ff-4c41-893b-b6862c5e6027/org.postgresql_postgresql-42.2.18.jar
[2025-02-15T16:21:30.762+0000] {spark_submit.py:641} INFO - 25/02/15 16:21:30 INFO SparkContext: Added file file:///home/airflow/.ivy2/jars/org.checkerframework_checker-qual-3.5.0.jar at file:///home/airflow/.ivy2/jars/org.checkerframework_checker-qual-3.5.0.jar with timestamp 1739636489757
[2025-02-15T16:21:30.764+0000] {spark_submit.py:641} INFO - 25/02/15 16:21:30 INFO Utils: Copying /home/airflow/.ivy2/jars/org.checkerframework_checker-qual-3.5.0.jar to /tmp/spark-6cd564f4-483b-487a-b562-bec6de16c142/userFiles-bc6a9988-63ff-4c41-893b-b6862c5e6027/org.checkerframework_checker-qual-3.5.0.jar
[2025-02-15T16:21:30.842+0000] {spark_submit.py:641} INFO - 25/02/15 16:21:30 INFO Executor: Starting executor ID driver on host ***-airflow-scheduler
[2025-02-15T16:21:30.849+0000] {spark_submit.py:641} INFO - 25/02/15 16:21:30 INFO Executor: Starting executor with user classpath (userClassPathFirst = false): ''
[2025-02-15T16:21:30.862+0000] {spark_submit.py:641} INFO - 25/02/15 16:21:30 INFO Executor: Fetching file:///home/airflow/.ivy2/jars/org.postgresql_postgresql-42.2.18.jar with timestamp 1739636489757
[2025-02-15T16:21:30.887+0000] {spark_submit.py:641} INFO - 25/02/15 16:21:30 INFO Utils: /home/airflow/.ivy2/jars/org.postgresql_postgresql-42.2.18.jar has been previously copied to /tmp/spark-6cd564f4-483b-487a-b562-bec6de16c142/userFiles-bc6a9988-63ff-4c41-893b-b6862c5e6027/org.postgresql_postgresql-42.2.18.jar
[2025-02-15T16:21:30.903+0000] {spark_submit.py:641} INFO - 25/02/15 16:21:30 INFO Executor: Fetching file:///home/airflow/.ivy2/jars/org.checkerframework_checker-qual-3.5.0.jar with timestamp 1739636489757
[2025-02-15T16:21:30.905+0000] {spark_submit.py:641} INFO - 25/02/15 16:21:30 INFO Utils: /home/airflow/.ivy2/jars/org.checkerframework_checker-qual-3.5.0.jar has been previously copied to /tmp/spark-6cd564f4-483b-487a-b562-bec6de16c142/userFiles-bc6a9988-63ff-4c41-893b-b6862c5e6027/org.checkerframework_checker-qual-3.5.0.jar
[2025-02-15T16:21:30.926+0000] {spark_submit.py:641} INFO - 25/02/15 16:21:30 INFO Executor: Fetching spark://***-airflow-scheduler:33695/jars/postgresql-42.2.18.jar with timestamp 1739636489757
[2025-02-15T16:21:30.965+0000] {spark_submit.py:641} INFO - 25/02/15 16:21:30 INFO TransportClientFactory: Successfully created connection to ***-airflow-scheduler/172.19.0.6:33695 after 27 ms (0 ms spent in bootstraps)
[2025-02-15T16:21:30.970+0000] {spark_submit.py:641} INFO - 25/02/15 16:21:30 INFO Utils: Fetching spark://***-airflow-scheduler:33695/jars/postgresql-42.2.18.jar to /tmp/spark-6cd564f4-483b-487a-b562-bec6de16c142/userFiles-bc6a9988-63ff-4c41-893b-b6862c5e6027/fetchFileTemp15345904938337249482.tmp
[2025-02-15T16:21:31.043+0000] {spark_submit.py:641} INFO - 25/02/15 16:21:31 INFO Executor: Adding file:/tmp/spark-6cd564f4-483b-487a-b562-bec6de16c142/userFiles-bc6a9988-63ff-4c41-893b-b6862c5e6027/postgresql-42.2.18.jar to class loader
[2025-02-15T16:21:31.051+0000] {spark_submit.py:641} INFO - 25/02/15 16:21:31 INFO Utils: Successfully started service 'org.apache.spark.network.netty.NettyBlockTransferService' on port 45053.
[2025-02-15T16:21:31.053+0000] {spark_submit.py:641} INFO - 25/02/15 16:21:31 INFO NettyBlockTransferService: Server created on ***-airflow-scheduler:45053
[2025-02-15T16:21:31.057+0000] {spark_submit.py:641} INFO - 25/02/15 16:21:31 INFO BlockManager: Using org.apache.spark.storage.RandomBlockReplicationPolicy for block replication policy
[2025-02-15T16:21:31.064+0000] {spark_submit.py:641} INFO - 25/02/15 16:21:31 INFO BlockManagerMaster: Registering BlockManager BlockManagerId(driver, ***-airflow-scheduler, 45053, None)
[2025-02-15T16:21:31.068+0000] {spark_submit.py:641} INFO - 25/02/15 16:21:31 INFO BlockManagerMasterEndpoint: Registering block manager ***-airflow-scheduler:45053 with 434.4 MiB RAM, BlockManagerId(driver, ***-airflow-scheduler, 45053, None)
[2025-02-15T16:21:31.072+0000] {spark_submit.py:641} INFO - 25/02/15 16:21:31 INFO BlockManagerMaster: Registered BlockManager BlockManagerId(driver, ***-airflow-scheduler, 45053, None)
[2025-02-15T16:21:31.074+0000] {spark_submit.py:641} INFO - 25/02/15 16:21:31 INFO BlockManager: Initialized BlockManager: BlockManagerId(driver, ***-airflow-scheduler, 45053, None)
[2025-02-15T16:21:35.547+0000] {spark_submit.py:641} INFO - ---------------- MENAMPILKAN DATASET ----------------
[2025-02-15T16:21:35.804+0000] {spark_submit.py:641} INFO - +-----------+-----------------+---------+---------------+------+-------------------+---------------+---+--------------------+-----------------+---------------------+----------+------------------+
[2025-02-15T16:21:35.806+0000] {spark_submit.py:641} INFO - |employee_id|       department|   region|      education|gender|recruitment_channel|no_of_trainings|age|previous_year_rating|length_of_service|KPIs_met_more_than_80|awards_won|avg_training_score|
[2025-02-15T16:21:35.809+0000] {spark_submit.py:641} INFO - +-----------+-----------------+---------+---------------+------+-------------------+---------------+---+--------------------+-----------------+---------------------+----------+------------------+
[2025-02-15T16:21:35.811+0000] {spark_submit.py:641} INFO - |       8724|       Technology|region_26|      Bachelors|     m|           sourcing|              1| 24|                null|                1|                    1|         0|                77|
[2025-02-15T16:21:35.812+0000] {spark_submit.py:641} INFO - |      74430|               HR| region_4|      Bachelors|     f|              other|              1| 31|                   3|                5|                    0|         0|                51|
[2025-02-15T16:21:35.814+0000] {spark_submit.py:641} INFO - |      72255|Sales & Marketing|region_13|      Bachelors|     m|              other|              1| 31|                   1|                4|                    0|         0|                47|
[2025-02-15T16:21:35.815+0000] {spark_submit.py:641} INFO - |      38562|      Procurement| region_2|      Bachelors|     f|              other|              3| 31|                   2|                9|                    0|         0|                65|
[2025-02-15T16:21:35.816+0000] {spark_submit.py:641} INFO - |      64486|          Finance|region_29|      Bachelors|     m|           sourcing|              1| 30|                   4|                7|                    0|         0|                61|
[2025-02-15T16:21:35.817+0000] {spark_submit.py:641} INFO - |      46232|      Procurement| region_7|      Bachelors|     m|           sourcing|              1| 36|                   3|                2|                    0|         0|                68|
[2025-02-15T16:21:35.819+0000] {spark_submit.py:641} INFO - |      54542|          Finance| region_2|      Bachelors|     m|              other|              1| 33|                   5|                3|                    1|         0|                57|
[2025-02-15T16:21:35.820+0000] {spark_submit.py:641} INFO - |      67269|        Analytics|region_22|      Bachelors|     m|           sourcing|              2| 36|                   3|                3|                    0|         0|                85|
[2025-02-15T16:21:35.821+0000] {spark_submit.py:641} INFO - |      66174|       Technology| region_7|Masters & above|     m|              other|              1| 51|                   4|               11|                    0|         0|                75|
[2025-02-15T16:21:35.823+0000] {spark_submit.py:641} INFO - |      76303|       Technology|region_22|      Bachelors|     m|           sourcing|              1| 29|                   5|                2|                    1|         0|                76|
[2025-02-15T16:21:35.825+0000] {spark_submit.py:641} INFO - +-----------+-----------------+---------+---------------+------+-------------------+---------------+---+--------------------+-----------------+---------------------+----------+------------------+
[2025-02-15T16:21:35.827+0000] {spark_submit.py:641} INFO - only showing top 10 rows
[2025-02-15T16:21:35.833+0000] {spark_submit.py:641} INFO - 
[2025-02-15T16:21:35.835+0000] {spark_submit.py:641} INFO - ---------------- MENAMPILKAN TIPE DATA AWAL ----------------
[2025-02-15T16:21:35.836+0000] {spark_submit.py:641} INFO - root
[2025-02-15T16:21:35.837+0000] {spark_submit.py:641} INFO - |-- employee_id: string (nullable = true)
[2025-02-15T16:21:35.838+0000] {spark_submit.py:641} INFO - |-- department: string (nullable = true)
[2025-02-15T16:21:35.841+0000] {spark_submit.py:641} INFO - |-- region: string (nullable = true)
[2025-02-15T16:21:35.842+0000] {spark_submit.py:641} INFO - |-- education: string (nullable = true)
[2025-02-15T16:21:35.848+0000] {spark_submit.py:641} INFO - |-- gender: string (nullable = true)
[2025-02-15T16:21:35.849+0000] {spark_submit.py:641} INFO - |-- recruitment_channel: string (nullable = true)
[2025-02-15T16:21:35.850+0000] {spark_submit.py:641} INFO - |-- no_of_trainings: string (nullable = true)
[2025-02-15T16:21:35.851+0000] {spark_submit.py:641} INFO - |-- age: string (nullable = true)
[2025-02-15T16:21:35.853+0000] {spark_submit.py:641} INFO - |-- previous_year_rating: string (nullable = true)
[2025-02-15T16:21:35.854+0000] {spark_submit.py:641} INFO - |-- length_of_service: string (nullable = true)
[2025-02-15T16:21:35.855+0000] {spark_submit.py:641} INFO - |-- KPIs_met_more_than_80: string (nullable = true)
[2025-02-15T16:21:35.858+0000] {spark_submit.py:641} INFO - |-- awards_won: string (nullable = true)
[2025-02-15T16:21:35.860+0000] {spark_submit.py:641} INFO - |-- avg_training_score: string (nullable = true)
[2025-02-15T16:21:35.861+0000] {spark_submit.py:641} INFO - 
[2025-02-15T16:21:35.966+0000] {spark_submit.py:641} INFO - ---------------- MENAMPILKAN TIPE DATA HASIL TRANSFORMASI ----------------
[2025-02-15T16:21:35.967+0000] {spark_submit.py:641} INFO - root
[2025-02-15T16:21:35.969+0000] {spark_submit.py:641} INFO - |-- employee_id: string (nullable = true)
[2025-02-15T16:21:35.970+0000] {spark_submit.py:641} INFO - |-- department: string (nullable = true)
[2025-02-15T16:21:35.972+0000] {spark_submit.py:641} INFO - |-- region: string (nullable = true)
[2025-02-15T16:21:35.974+0000] {spark_submit.py:641} INFO - |-- education: string (nullable = true)
[2025-02-15T16:21:35.975+0000] {spark_submit.py:641} INFO - |-- gender: string (nullable = true)
[2025-02-15T16:21:35.977+0000] {spark_submit.py:641} INFO - |-- recruitment_channel: string (nullable = true)
[2025-02-15T16:21:35.978+0000] {spark_submit.py:641} INFO - |-- no_of_trainings: integer (nullable = true)
[2025-02-15T16:21:35.979+0000] {spark_submit.py:641} INFO - |-- age: integer (nullable = true)
[2025-02-15T16:21:35.980+0000] {spark_submit.py:641} INFO - |-- previous_year_rating: integer (nullable = true)
[2025-02-15T16:21:35.981+0000] {spark_submit.py:641} INFO - |-- length_of_service: integer (nullable = true)
[2025-02-15T16:21:35.982+0000] {spark_submit.py:641} INFO - |-- KPIs_met_more_than_80: integer (nullable = true)
[2025-02-15T16:21:35.984+0000] {spark_submit.py:641} INFO - |-- awards_won: integer (nullable = true)
[2025-02-15T16:21:35.985+0000] {spark_submit.py:641} INFO - |-- avg_training_score: integer (nullable = true)
[2025-02-15T16:21:35.986+0000] {spark_submit.py:641} INFO - 
[2025-02-15T16:21:35.987+0000] {spark_submit.py:641} INFO - ---------------- MENAMPILKAN BANYAK DATA NULL DI SETIAP KOLOM ----------------
[2025-02-15T16:21:37.007+0000] {spark_submit.py:641} INFO - +----------------+---------------+-----------+--------------+-----------+------------------------+--------------------+--------+-------------------------+----------------------+--------------------------+---------------+-----------------------+
[2025-02-15T16:21:37.009+0000] {spark_submit.py:641} INFO - |employee_id_null|department_null|region_null|education_null|gender_null|recruitment_channel_null|no_of_trainings_null|age_null|previous_year_rating_null|length_of_service_null|KPIs_met_more_than_80_null|awards_won_null|avg_training_score_nuli|
[2025-02-15T16:21:37.011+0000] {spark_submit.py:641} INFO - +----------------+---------------+-----------+--------------+-----------+------------------------+--------------------+--------+-------------------------+----------------------+--------------------------+---------------+-----------------------+
[2025-02-15T16:21:37.013+0000] {spark_submit.py:641} INFO - |               0|              0|          0|           771|          0|                       0|                   0|       0|                     1363|                     0|                         0|              0|                      0|
[2025-02-15T16:21:37.014+0000] {spark_submit.py:641} INFO - +----------------+---------------+-----------+--------------+-----------+------------------------+--------------------+--------+-------------------------+----------------------+--------------------------+---------------+-----------------------+
[2025-02-15T16:21:37.015+0000] {spark_submit.py:641} INFO - 
[2025-02-15T16:21:37.016+0000] {spark_submit.py:641} INFO - ---------------- NULL HANDLING PADA KOLOM EDUCATION & PREVIOUS_YEAR_RATING ----------------
[2025-02-15T16:21:37.293+0000] {spark_submit.py:641} INFO - +--------------+-------------------------+
[2025-02-15T16:21:37.295+0000] {spark_submit.py:641} INFO - |education_null|previous_year_rating_null|
[2025-02-15T16:21:37.296+0000] {spark_submit.py:641} INFO - +--------------+-------------------------+
[2025-02-15T16:21:37.297+0000] {spark_submit.py:641} INFO - |             0|                        0|
[2025-02-15T16:21:37.299+0000] {spark_submit.py:641} INFO - +--------------+-------------------------+
[2025-02-15T16:21:37.300+0000] {spark_submit.py:641} INFO - 
[2025-02-15T16:21:37.301+0000] {spark_submit.py:641} INFO - ---------------- MENAMPILKAN BANYAK DATA DUPLIKAT BERDASARKAN EMPLOYEE_ID ----------------
[2025-02-15T16:21:38.105+0000] {spark_submit.py:641} INFO - +-----------+------+
[2025-02-15T16:21:38.108+0000] {spark_submit.py:641} INFO - |employee_id|jumlah|
[2025-02-15T16:21:38.109+0000] {spark_submit.py:641} INFO - +-----------+------+
[2025-02-15T16:21:38.110+0000] {spark_submit.py:641} INFO - |      64573|     2|
[2025-02-15T16:21:38.111+0000] {spark_submit.py:641} INFO - |      49584|     3|
[2025-02-15T16:21:38.112+0000] {spark_submit.py:641} INFO - +-----------+------+
[2025-02-15T16:21:38.113+0000] {spark_submit.py:641} INFO - 
[2025-02-15T16:21:38.115+0000] {spark_submit.py:641} INFO - ---------------- MENAMPILKAN SEMUA BARI DAN KOLOM DARI EMPLOYEE ID YANG DUPLIKAT ----------------
[2025-02-15T16:21:38.115+0000] {spark_submit.py:641} INFO - Traceback (most recent call last):
[2025-02-15T16:21:38.116+0000] {spark_submit.py:641} INFO - File "/spark-scripts/***_etl.py", line 96, in <module>
[2025-02-15T16:21:38.117+0000] {spark_submit.py:641} INFO - df_dup_rows = df.join(df_duplicates, on="employee_id", how="inner").show()
[2025-02-15T16:21:38.118+0000] {spark_submit.py:641} INFO - File "/home/airflow/.local/lib/python3.9/site-packages/pyspark/python/lib/pyspark.zip/pyspark/sql/dataframe.py", line 1539, in join
[2025-02-15T16:21:38.119+0000] {spark_submit.py:641} INFO - AttributeError: 'NoneType' object has no attribute '_jdf'
[2025-02-15T16:21:38.317+0000] {taskinstance.py:3311} ERROR - Task failed with exception
Traceback (most recent call last):
  File "/home/airflow/.local/lib/python3.9/site-packages/airflow/models/taskinstance.py", line 767, in _execute_task
    result = _execute_callable(context=context, **execute_callable_kwargs)
  File "/home/airflow/.local/lib/python3.9/site-packages/airflow/models/taskinstance.py", line 733, in _execute_callable
    return ExecutionCallableRunner(
  File "/home/airflow/.local/lib/python3.9/site-packages/airflow/utils/operator_helpers.py", line 252, in run
    return self.func(*args, **kwargs)
  File "/home/airflow/.local/lib/python3.9/site-packages/airflow/models/baseoperator.py", line 422, in wrapper
    return func(self, *args, **kwargs)
  File "/home/airflow/.local/lib/python3.9/site-packages/airflow/providers/apache/spark/operators/spark_submit.py", line 177, in execute
    self._hook.submit(self.application)
  File "/home/airflow/.local/lib/python3.9/site-packages/airflow/providers/apache/spark/hooks/spark_submit.py", line 567, in submit
    raise AirflowException(
airflow.exceptions.AirflowException: Cannot execute: spark-submit --master spark://***-spark-master:7077 --packages org.postgresql:postgresql:42.2.18 --name arrow-spark /spark-scripts/***_etl.py. Error code is: 1.
[2025-02-15T16:21:38.340+0000] {taskinstance.py:1225} INFO - Marking task as FAILED. dag_id=***_elt_dag, task_id=etl_task, run_id=manual__2025-02-15T16:11:46.573734+00:00, execution_date=20250215T161146, start_date=20250215T162125, end_date=20250215T162138
[2025-02-15T16:21:38.369+0000] {taskinstance.py:340} INFO - ::group::Post task execution logs
[2025-02-15T16:21:38.372+0000] {standard_task_runner.py:124} ERROR - Failed to execute job 7 for task etl_task (Cannot execute: spark-submit --master spark://***-spark-master:7077 --packages org.postgresql:postgresql:42.2.18 --name arrow-spark /spark-scripts/***_etl.py. Error code is: 1.; 2067)
Traceback (most recent call last):
  File "/home/airflow/.local/lib/python3.9/site-packages/airflow/task/task_runner/standard_task_runner.py", line 117, in _start_by_fork
    ret = args.func(args, dag=self.dag)
  File "/home/airflow/.local/lib/python3.9/site-packages/airflow/cli/cli_config.py", line 49, in command
    return func(*args, **kwargs)
  File "/home/airflow/.local/lib/python3.9/site-packages/airflow/utils/cli.py", line 116, in wrapper
    return f(*args, **kwargs)
  File "/home/airflow/.local/lib/python3.9/site-packages/airflow/cli/commands/task_command.py", line 483, in task_run
    task_return_code = _run_task_by_selected_method(args, _dag, ti)
  File "/home/airflow/.local/lib/python3.9/site-packages/airflow/cli/commands/task_command.py", line 256, in _run_task_by_selected_method
    return _run_raw_task(args, ti)
  File "/home/airflow/.local/lib/python3.9/site-packages/airflow/cli/commands/task_command.py", line 341, in _run_raw_task
    return ti._run_raw_task(
  File "/home/airflow/.local/lib/python3.9/site-packages/airflow/utils/session.py", line 97, in wrapper
    return func(*args, session=session, **kwargs)
  File "/home/airflow/.local/lib/python3.9/site-packages/airflow/models/taskinstance.py", line 3005, in _run_raw_task
    return _run_raw_task(
  File "/home/airflow/.local/lib/python3.9/site-packages/airflow/models/taskinstance.py", line 273, in _run_raw_task
    TaskInstance._execute_task_with_callbacks(
  File "/home/airflow/.local/lib/python3.9/site-packages/airflow/models/taskinstance.py", line 3159, in _execute_task_with_callbacks
    result = self._execute_task(context, task_orig)
  File "/home/airflow/.local/lib/python3.9/site-packages/airflow/models/taskinstance.py", line 3183, in _execute_task
    return _execute_task(self, context, task_orig)
  File "/home/airflow/.local/lib/python3.9/site-packages/airflow/models/taskinstance.py", line 767, in _execute_task
    result = _execute_callable(context=context, **execute_callable_kwargs)
  File "/home/airflow/.local/lib/python3.9/site-packages/airflow/models/taskinstance.py", line 733, in _execute_callable
    return ExecutionCallableRunner(
  File "/home/airflow/.local/lib/python3.9/site-packages/airflow/utils/operator_helpers.py", line 252, in run
    return self.func(*args, **kwargs)
  File "/home/airflow/.local/lib/python3.9/site-packages/airflow/models/baseoperator.py", line 422, in wrapper
    return func(self, *args, **kwargs)
  File "/home/airflow/.local/lib/python3.9/site-packages/airflow/providers/apache/spark/operators/spark_submit.py", line 177, in execute
    self._hook.submit(self.application)
  File "/home/airflow/.local/lib/python3.9/site-packages/airflow/providers/apache/spark/hooks/spark_submit.py", line 567, in submit
    raise AirflowException(
airflow.exceptions.AirflowException: Cannot execute: spark-submit --master spark://***-spark-master:7077 --packages org.postgresql:postgresql:42.2.18 --name arrow-spark /spark-scripts/***_etl.py. Error code is: 1.
[2025-02-15T16:21:38.394+0000] {local_task_job_runner.py:266} INFO - Task exited with return code 1
[2025-02-15T16:21:38.413+0000] {taskinstance.py:3895} INFO - 0 downstream tasks scheduled from follow-on schedule check
[2025-02-15T16:21:38.418+0000] {local_task_job_runner.py:245} INFO - ::endgroup::
