[2025-02-15T16:23:00.405+0000] {local_task_job_runner.py:123} INFO - ::group::Pre task execution logs
[2025-02-15T16:23:00.431+0000] {taskinstance.py:2613} INFO - Dependencies all met for dep_context=non-requeueable deps ti=<TaskInstance: finprode8_elt_dag.etl_task manual__2025-02-15T16:11:46.573734+00:00 [queued]>
[2025-02-15T16:23:00.447+0000] {taskinstance.py:2613} INFO - Dependencies all met for dep_context=requeueable deps ti=<TaskInstance: finprode8_elt_dag.etl_task manual__2025-02-15T16:11:46.573734+00:00 [queued]>
[2025-02-15T16:23:00.449+0000] {taskinstance.py:2866} INFO - Starting attempt 6 of 6
[2025-02-15T16:23:00.469+0000] {taskinstance.py:2889} INFO - Executing <Task(SparkSubmitOperator): etl_task> on 2025-02-15 16:11:46.573734+00:00
[2025-02-15T16:23:00.475+0000] {standard_task_runner.py:72} INFO - Started process 2489 to run task
[2025-02-15T16:23:00.479+0000] {standard_task_runner.py:104} INFO - Running: ['airflow', 'tasks', 'run', '***_elt_dag', 'etl_task', 'manual__2025-02-15T16:11:46.573734+00:00', '--job-id', '9', '--raw', '--subdir', 'DAGS_FOLDER/***_etl_dag.py', '--cfg-path', '/tmp/tmplqakkudv']
[2025-02-15T16:23:00.483+0000] {standard_task_runner.py:105} INFO - Job 9: Subtask etl_task
[2025-02-15T16:23:00.505+0000] {logging_mixin.py:190} WARNING - /home/airflow/.local/lib/python3.9/site-packages/airflow/settings.py:209 DeprecationWarning: The sql_alchemy_conn option in [core] has been moved to the sql_alchemy_conn option in [database] - the old setting has been used, but please update your config.
[2025-02-15T16:23:00.558+0000] {task_command.py:467} INFO - Running <TaskInstance: finprode8_elt_dag.etl_task manual__2025-02-15T16:11:46.573734+00:00 [running]> on host ***-airflow-scheduler
[2025-02-15T16:23:00.672+0000] {taskinstance.py:3132} INFO - Exporting env vars: AIRFLOW_CTX_DAG_OWNER='ratih malini' AIRFLOW_CTX_DAG_ID='***_elt_dag' AIRFLOW_CTX_TASK_ID='etl_task' AIRFLOW_CTX_EXECUTION_DATE='2025-02-15T16:11:46.573734+00:00' AIRFLOW_CTX_TRY_NUMBER='6' AIRFLOW_CTX_DAG_RUN_ID='manual__2025-02-15T16:11:46.573734+00:00'
[2025-02-15T16:23:00.674+0000] {taskinstance.py:731} INFO - ::endgroup::
[2025-02-15T16:23:00.707+0000] {base.py:84} INFO - Retrieving connection 'spark_main'
[2025-02-15T16:23:00.710+0000] {spark_submit.py:474} INFO - Spark-Submit cmd: spark-submit --master spark://***-spark-master:7077 --packages org.postgresql:postgresql:42.2.18 --name arrow-spark /spark-scripts/***_etl.py
[2025-02-15T16:23:02.106+0000] {spark_submit.py:641} INFO - :: loading settings :: url = jar:file:/home/airflow/.local/lib/python3.9/site-packages/pyspark/jars/ivy-2.5.1.jar!/org/apache/ivy/core/settings/ivysettings.xml
[2025-02-15T16:23:02.257+0000] {spark_submit.py:641} INFO - Ivy Default Cache set to: /home/airflow/.ivy2/cache
[2025-02-15T16:23:02.260+0000] {spark_submit.py:641} INFO - The jars for the packages stored in: /home/airflow/.ivy2/jars
[2025-02-15T16:23:02.263+0000] {spark_submit.py:641} INFO - org.postgresql#postgresql added as a dependency
[2025-02-15T16:23:02.264+0000] {spark_submit.py:641} INFO - :: resolving dependencies :: org.apache.spark#spark-submit-parent-0f1fd6dc-0d4f-473c-9340-f73c8a0cbb03;1.0
[2025-02-15T16:23:02.266+0000] {spark_submit.py:641} INFO - confs: [default]
[2025-02-15T16:23:02.371+0000] {spark_submit.py:641} INFO - found org.postgresql#postgresql;42.2.18 in central
[2025-02-15T16:23:02.404+0000] {spark_submit.py:641} INFO - found org.checkerframework#checker-qual;3.5.0 in central
[2025-02-15T16:23:02.437+0000] {spark_submit.py:641} INFO - :: resolution report :: resolve 164ms :: artifacts dl 9ms
[2025-02-15T16:23:02.439+0000] {spark_submit.py:641} INFO - :: modules in use:
[2025-02-15T16:23:02.447+0000] {spark_submit.py:641} INFO - org.checkerframework#checker-qual;3.5.0 from central in [default]
[2025-02-15T16:23:02.451+0000] {spark_submit.py:641} INFO - org.postgresql#postgresql;42.2.18 from central in [default]
[2025-02-15T16:23:02.453+0000] {spark_submit.py:641} INFO - ---------------------------------------------------------------------
[2025-02-15T16:23:02.455+0000] {spark_submit.py:641} INFO - |                  |            modules            ||   artifacts   |
[2025-02-15T16:23:02.456+0000] {spark_submit.py:641} INFO - |       conf       | number| search|dwnlded|evicted|| number|dwnlded|
[2025-02-15T16:23:02.459+0000] {spark_submit.py:641} INFO - ---------------------------------------------------------------------
[2025-02-15T16:23:02.461+0000] {spark_submit.py:641} INFO - |      default     |   2   |   0   |   0   |   0   ||   2   |   0   |
[2025-02-15T16:23:02.463+0000] {spark_submit.py:641} INFO - ---------------------------------------------------------------------
[2025-02-15T16:23:02.466+0000] {spark_submit.py:641} INFO - :: retrieving :: org.apache.spark#spark-submit-parent-0f1fd6dc-0d4f-473c-9340-f73c8a0cbb03
[2025-02-15T16:23:02.469+0000] {spark_submit.py:641} INFO - confs: [default]
[2025-02-15T16:23:02.471+0000] {spark_submit.py:641} INFO - 0 artifacts copied, 2 already retrieved (0kB/8ms)
[2025-02-15T16:23:02.729+0000] {spark_submit.py:641} INFO - 25/02/15 16:23:02 WARN NativeCodeLoader: Unable to load native-hadoop library for your platform... using builtin-java classes where applicable
[2025-02-15T16:23:03.812+0000] {spark_submit.py:641} INFO - 25/02/15 16:23:03 INFO SparkContext: Running Spark version 3.3.2
[2025-02-15T16:23:03.844+0000] {spark_submit.py:641} INFO - 25/02/15 16:23:03 INFO ResourceUtils: ==============================================================
[2025-02-15T16:23:03.846+0000] {spark_submit.py:641} INFO - 25/02/15 16:23:03 INFO ResourceUtils: No custom resources configured for spark.driver.
[2025-02-15T16:23:03.847+0000] {spark_submit.py:641} INFO - 25/02/15 16:23:03 INFO ResourceUtils: ==============================================================
[2025-02-15T16:23:03.849+0000] {spark_submit.py:641} INFO - 25/02/15 16:23:03 INFO SparkContext: Submitted application: ***
[2025-02-15T16:23:03.877+0000] {spark_submit.py:641} INFO - 25/02/15 16:23:03 INFO ResourceProfile: Default ResourceProfile created, executor resources: Map(cores -> name: cores, amount: 1, script: , vendor: , memory -> name: memory, amount: 1024, script: , vendor: , offHeap -> name: offHeap, amount: 0, script: , vendor: ), task resources: Map(cpus -> name: cpus, amount: 1.0)
[2025-02-15T16:23:03.885+0000] {spark_submit.py:641} INFO - 25/02/15 16:23:03 INFO ResourceProfile: Limiting resource is cpu
[2025-02-15T16:23:03.888+0000] {spark_submit.py:641} INFO - 25/02/15 16:23:03 INFO ResourceProfileManager: Added ResourceProfile id: 0
[2025-02-15T16:23:03.940+0000] {spark_submit.py:641} INFO - 25/02/15 16:23:03 INFO SecurityManager: Changing view acls to: airflow
[2025-02-15T16:23:03.942+0000] {spark_submit.py:641} INFO - 25/02/15 16:23:03 INFO SecurityManager: Changing modify acls to: airflow
[2025-02-15T16:23:03.943+0000] {spark_submit.py:641} INFO - 25/02/15 16:23:03 INFO SecurityManager: Changing view acls groups to:
[2025-02-15T16:23:03.945+0000] {spark_submit.py:641} INFO - 25/02/15 16:23:03 INFO SecurityManager: Changing modify acls groups to:
[2025-02-15T16:23:03.946+0000] {spark_submit.py:641} INFO - 25/02/15 16:23:03 INFO SecurityManager: SecurityManager: authentication disabled; ui acls disabled; users  with view permissions: Set(airflow); groups with view permissions: Set(); users  with modify permissions: Set(airflow); groups with modify permissions: Set()
[2025-02-15T16:23:04.180+0000] {spark_submit.py:641} INFO - 25/02/15 16:23:04 INFO Utils: Successfully started service 'sparkDriver' on port 38533.
[2025-02-15T16:23:04.208+0000] {spark_submit.py:641} INFO - 25/02/15 16:23:04 INFO SparkEnv: Registering MapOutputTracker
[2025-02-15T16:23:04.239+0000] {spark_submit.py:641} INFO - 25/02/15 16:23:04 INFO SparkEnv: Registering BlockManagerMaster
[2025-02-15T16:23:04.260+0000] {spark_submit.py:641} INFO - 25/02/15 16:23:04 INFO BlockManagerMasterEndpoint: Using org.apache.spark.storage.DefaultTopologyMapper for getting topology information
[2025-02-15T16:23:04.262+0000] {spark_submit.py:641} INFO - 25/02/15 16:23:04 INFO BlockManagerMasterEndpoint: BlockManagerMasterEndpoint up
[2025-02-15T16:23:04.269+0000] {spark_submit.py:641} INFO - 25/02/15 16:23:04 INFO SparkEnv: Registering BlockManagerMasterHeartbeat
[2025-02-15T16:23:04.288+0000] {spark_submit.py:641} INFO - 25/02/15 16:23:04 INFO DiskBlockManager: Created local directory at /tmp/blockmgr-d54499c2-5662-4451-b1a2-52edc8945ccc
[2025-02-15T16:23:04.305+0000] {spark_submit.py:641} INFO - 25/02/15 16:23:04 INFO MemoryStore: MemoryStore started with capacity 434.4 MiB
[2025-02-15T16:23:04.320+0000] {spark_submit.py:641} INFO - 25/02/15 16:23:04 INFO SparkEnv: Registering OutputCommitCoordinator
[2025-02-15T16:23:04.505+0000] {spark_submit.py:641} INFO - 25/02/15 16:23:04 INFO Utils: Successfully started service 'SparkUI' on port 4040.
[2025-02-15T16:23:04.557+0000] {spark_submit.py:641} INFO - 25/02/15 16:23:04 INFO SparkContext: Added JAR /spark-scripts/jars/postgresql-42.2.18.jar at spark://***-airflow-scheduler:38533/jars/postgresql-42.2.18.jar with timestamp 1739636583803
[2025-02-15T16:23:04.560+0000] {spark_submit.py:641} INFO - 25/02/15 16:23:04 INFO SparkContext: Added file file:///home/airflow/.ivy2/jars/org.postgresql_postgresql-42.2.18.jar at file:///home/airflow/.ivy2/jars/org.postgresql_postgresql-42.2.18.jar with timestamp 1739636583803
[2025-02-15T16:23:04.564+0000] {spark_submit.py:641} INFO - 25/02/15 16:23:04 INFO Utils: Copying /home/airflow/.ivy2/jars/org.postgresql_postgresql-42.2.18.jar to /tmp/spark-c3a48a8e-7233-4144-8fe8-37c1386a5bd8/userFiles-f249bb92-9e87-463e-9f22-d2967b9cf3c4/org.postgresql_postgresql-42.2.18.jar
[2025-02-15T16:23:04.580+0000] {spark_submit.py:641} INFO - 25/02/15 16:23:04 INFO SparkContext: Added file file:///home/airflow/.ivy2/jars/org.checkerframework_checker-qual-3.5.0.jar at file:///home/airflow/.ivy2/jars/org.checkerframework_checker-qual-3.5.0.jar with timestamp 1739636583803
[2025-02-15T16:23:04.582+0000] {spark_submit.py:641} INFO - 25/02/15 16:23:04 INFO Utils: Copying /home/airflow/.ivy2/jars/org.checkerframework_checker-qual-3.5.0.jar to /tmp/spark-c3a48a8e-7233-4144-8fe8-37c1386a5bd8/userFiles-f249bb92-9e87-463e-9f22-d2967b9cf3c4/org.checkerframework_checker-qual-3.5.0.jar
[2025-02-15T16:23:04.659+0000] {spark_submit.py:641} INFO - 25/02/15 16:23:04 INFO Executor: Starting executor ID driver on host ***-airflow-scheduler
[2025-02-15T16:23:04.668+0000] {spark_submit.py:641} INFO - 25/02/15 16:23:04 INFO Executor: Starting executor with user classpath (userClassPathFirst = false): ''
[2025-02-15T16:23:04.679+0000] {spark_submit.py:641} INFO - 25/02/15 16:23:04 INFO Executor: Fetching file:///home/airflow/.ivy2/jars/org.postgresql_postgresql-42.2.18.jar with timestamp 1739636583803
[2025-02-15T16:23:04.704+0000] {spark_submit.py:641} INFO - 25/02/15 16:23:04 INFO Utils: /home/airflow/.ivy2/jars/org.postgresql_postgresql-42.2.18.jar has been previously copied to /tmp/spark-c3a48a8e-7233-4144-8fe8-37c1386a5bd8/userFiles-f249bb92-9e87-463e-9f22-d2967b9cf3c4/org.postgresql_postgresql-42.2.18.jar
[2025-02-15T16:23:04.717+0000] {spark_submit.py:641} INFO - 25/02/15 16:23:04 INFO Executor: Fetching file:///home/airflow/.ivy2/jars/org.checkerframework_checker-qual-3.5.0.jar with timestamp 1739636583803
[2025-02-15T16:23:04.719+0000] {spark_submit.py:641} INFO - 25/02/15 16:23:04 INFO Utils: /home/airflow/.ivy2/jars/org.checkerframework_checker-qual-3.5.0.jar has been previously copied to /tmp/spark-c3a48a8e-7233-4144-8fe8-37c1386a5bd8/userFiles-f249bb92-9e87-463e-9f22-d2967b9cf3c4/org.checkerframework_checker-qual-3.5.0.jar
[2025-02-15T16:23:04.730+0000] {spark_submit.py:641} INFO - 25/02/15 16:23:04 INFO Executor: Fetching spark://***-airflow-scheduler:38533/jars/postgresql-42.2.18.jar with timestamp 1739636583803
[2025-02-15T16:23:04.767+0000] {spark_submit.py:641} INFO - 25/02/15 16:23:04 INFO TransportClientFactory: Successfully created connection to ***-airflow-scheduler/172.19.0.6:38533 after 26 ms (0 ms spent in bootstraps)
[2025-02-15T16:23:04.771+0000] {spark_submit.py:641} INFO - 25/02/15 16:23:04 INFO Utils: Fetching spark://***-airflow-scheduler:38533/jars/postgresql-42.2.18.jar to /tmp/spark-c3a48a8e-7233-4144-8fe8-37c1386a5bd8/userFiles-f249bb92-9e87-463e-9f22-d2967b9cf3c4/fetchFileTemp17307781315877720492.tmp
[2025-02-15T16:23:04.835+0000] {spark_submit.py:641} INFO - 25/02/15 16:23:04 INFO Executor: Adding file:/tmp/spark-c3a48a8e-7233-4144-8fe8-37c1386a5bd8/userFiles-f249bb92-9e87-463e-9f22-d2967b9cf3c4/postgresql-42.2.18.jar to class loader
[2025-02-15T16:23:04.843+0000] {spark_submit.py:641} INFO - 25/02/15 16:23:04 INFO Utils: Successfully started service 'org.apache.spark.network.netty.NettyBlockTransferService' on port 42385.
[2025-02-15T16:23:04.845+0000] {spark_submit.py:641} INFO - 25/02/15 16:23:04 INFO NettyBlockTransferService: Server created on ***-airflow-scheduler:42385
[2025-02-15T16:23:04.846+0000] {spark_submit.py:641} INFO - 25/02/15 16:23:04 INFO BlockManager: Using org.apache.spark.storage.RandomBlockReplicationPolicy for block replication policy
[2025-02-15T16:23:04.851+0000] {spark_submit.py:641} INFO - 25/02/15 16:23:04 INFO BlockManagerMaster: Registering BlockManager BlockManagerId(driver, ***-airflow-scheduler, 42385, None)
[2025-02-15T16:23:04.855+0000] {spark_submit.py:641} INFO - 25/02/15 16:23:04 INFO BlockManagerMasterEndpoint: Registering block manager ***-airflow-scheduler:42385 with 434.4 MiB RAM, BlockManagerId(driver, ***-airflow-scheduler, 42385, None)
[2025-02-15T16:23:04.858+0000] {spark_submit.py:641} INFO - 25/02/15 16:23:04 INFO BlockManagerMaster: Registered BlockManager BlockManagerId(driver, ***-airflow-scheduler, 42385, None)
[2025-02-15T16:23:04.860+0000] {spark_submit.py:641} INFO - 25/02/15 16:23:04 INFO BlockManager: Initialized BlockManager: BlockManagerId(driver, ***-airflow-scheduler, 42385, None)
[2025-02-15T16:23:09.457+0000] {spark_submit.py:641} INFO - ---------------- MENAMPILKAN DATASET ----------------
[2025-02-15T16:23:09.718+0000] {spark_submit.py:641} INFO - +-----------+-----------------+---------+---------------+------+-------------------+---------------+---+--------------------+-----------------+---------------------+----------+------------------+
[2025-02-15T16:23:09.720+0000] {spark_submit.py:641} INFO - |employee_id|       department|   region|      education|gender|recruitment_channel|no_of_trainings|age|previous_year_rating|length_of_service|KPIs_met_more_than_80|awards_won|avg_training_score|
[2025-02-15T16:23:09.721+0000] {spark_submit.py:641} INFO - +-----------+-----------------+---------+---------------+------+-------------------+---------------+---+--------------------+-----------------+---------------------+----------+------------------+
[2025-02-15T16:23:09.722+0000] {spark_submit.py:641} INFO - |       8724|       Technology|region_26|      Bachelors|     m|           sourcing|              1| 24|                null|                1|                    1|         0|                77|
[2025-02-15T16:23:09.722+0000] {spark_submit.py:641} INFO - |      74430|               HR| region_4|      Bachelors|     f|              other|              1| 31|                   3|                5|                    0|         0|                51|
[2025-02-15T16:23:09.723+0000] {spark_submit.py:641} INFO - |      72255|Sales & Marketing|region_13|      Bachelors|     m|              other|              1| 31|                   1|                4|                    0|         0|                47|
[2025-02-15T16:23:09.724+0000] {spark_submit.py:641} INFO - |      38562|      Procurement| region_2|      Bachelors|     f|              other|              3| 31|                   2|                9|                    0|         0|                65|
[2025-02-15T16:23:09.726+0000] {spark_submit.py:641} INFO - |      64486|          Finance|region_29|      Bachelors|     m|           sourcing|              1| 30|                   4|                7|                    0|         0|                61|
[2025-02-15T16:23:09.729+0000] {spark_submit.py:641} INFO - |      46232|      Procurement| region_7|      Bachelors|     m|           sourcing|              1| 36|                   3|                2|                    0|         0|                68|
[2025-02-15T16:23:09.730+0000] {spark_submit.py:641} INFO - |      54542|          Finance| region_2|      Bachelors|     m|              other|              1| 33|                   5|                3|                    1|         0|                57|
[2025-02-15T16:23:09.731+0000] {spark_submit.py:641} INFO - |      67269|        Analytics|region_22|      Bachelors|     m|           sourcing|              2| 36|                   3|                3|                    0|         0|                85|
[2025-02-15T16:23:09.733+0000] {spark_submit.py:641} INFO - |      66174|       Technology| region_7|Masters & above|     m|              other|              1| 51|                   4|               11|                    0|         0|                75|
[2025-02-15T16:23:09.734+0000] {spark_submit.py:641} INFO - |      76303|       Technology|region_22|      Bachelors|     m|           sourcing|              1| 29|                   5|                2|                    1|         0|                76|
[2025-02-15T16:23:09.735+0000] {spark_submit.py:641} INFO - +-----------+-----------------+---------+---------------+------+-------------------+---------------+---+--------------------+-----------------+---------------------+----------+------------------+
[2025-02-15T16:23:09.736+0000] {spark_submit.py:641} INFO - only showing top 10 rows
[2025-02-15T16:23:09.737+0000] {spark_submit.py:641} INFO - 
[2025-02-15T16:23:09.738+0000] {spark_submit.py:641} INFO - ---------------- MENAMPILKAN TIPE DATA AWAL ----------------
[2025-02-15T16:23:09.739+0000] {spark_submit.py:641} INFO - root
[2025-02-15T16:23:09.740+0000] {spark_submit.py:641} INFO - |-- employee_id: string (nullable = true)
[2025-02-15T16:23:09.741+0000] {spark_submit.py:641} INFO - |-- department: string (nullable = true)
[2025-02-15T16:23:09.742+0000] {spark_submit.py:641} INFO - |-- region: string (nullable = true)
[2025-02-15T16:23:09.744+0000] {spark_submit.py:641} INFO - |-- education: string (nullable = true)
[2025-02-15T16:23:09.745+0000] {spark_submit.py:641} INFO - |-- gender: string (nullable = true)
[2025-02-15T16:23:09.746+0000] {spark_submit.py:641} INFO - |-- recruitment_channel: string (nullable = true)
[2025-02-15T16:23:09.747+0000] {spark_submit.py:641} INFO - |-- no_of_trainings: string (nullable = true)
[2025-02-15T16:23:09.748+0000] {spark_submit.py:641} INFO - |-- age: string (nullable = true)
[2025-02-15T16:23:09.749+0000] {spark_submit.py:641} INFO - |-- previous_year_rating: string (nullable = true)
[2025-02-15T16:23:09.750+0000] {spark_submit.py:641} INFO - |-- length_of_service: string (nullable = true)
[2025-02-15T16:23:09.751+0000] {spark_submit.py:641} INFO - |-- KPIs_met_more_than_80: string (nullable = true)
[2025-02-15T16:23:09.752+0000] {spark_submit.py:641} INFO - |-- awards_won: string (nullable = true)
[2025-02-15T16:23:09.752+0000] {spark_submit.py:641} INFO - |-- avg_training_score: string (nullable = true)
[2025-02-15T16:23:09.753+0000] {spark_submit.py:641} INFO - 
[2025-02-15T16:23:09.887+0000] {spark_submit.py:641} INFO - ---------------- MENAMPILKAN TIPE DATA HASIL TRANSFORMASI ----------------
[2025-02-15T16:23:09.888+0000] {spark_submit.py:641} INFO - root
[2025-02-15T16:23:09.890+0000] {spark_submit.py:641} INFO - |-- employee_id: string (nullable = true)
[2025-02-15T16:23:09.891+0000] {spark_submit.py:641} INFO - |-- department: string (nullable = true)
[2025-02-15T16:23:09.893+0000] {spark_submit.py:641} INFO - |-- region: string (nullable = true)
[2025-02-15T16:23:09.894+0000] {spark_submit.py:641} INFO - |-- education: string (nullable = true)
[2025-02-15T16:23:09.895+0000] {spark_submit.py:641} INFO - |-- gender: string (nullable = true)
[2025-02-15T16:23:09.896+0000] {spark_submit.py:641} INFO - |-- recruitment_channel: string (nullable = true)
[2025-02-15T16:23:09.897+0000] {spark_submit.py:641} INFO - |-- no_of_trainings: integer (nullable = true)
[2025-02-15T16:23:09.898+0000] {spark_submit.py:641} INFO - |-- age: integer (nullable = true)
[2025-02-15T16:23:09.898+0000] {spark_submit.py:641} INFO - |-- previous_year_rating: integer (nullable = true)
[2025-02-15T16:23:09.899+0000] {spark_submit.py:641} INFO - |-- length_of_service: integer (nullable = true)
[2025-02-15T16:23:09.900+0000] {spark_submit.py:641} INFO - |-- KPIs_met_more_than_80: integer (nullable = true)
[2025-02-15T16:23:09.901+0000] {spark_submit.py:641} INFO - |-- awards_won: integer (nullable = true)
[2025-02-15T16:23:09.902+0000] {spark_submit.py:641} INFO - |-- avg_training_score: integer (nullable = true)
[2025-02-15T16:23:09.903+0000] {spark_submit.py:641} INFO - 
[2025-02-15T16:23:09.903+0000] {spark_submit.py:641} INFO - ---------------- MENAMPILKAN BANYAK DATA NULL DI SETIAP KOLOM ----------------
[2025-02-15T16:23:10.814+0000] {spark_submit.py:641} INFO - +----------------+---------------+-----------+--------------+-----------+------------------------+--------------------+--------+-------------------------+----------------------+--------------------------+---------------+-----------------------+
[2025-02-15T16:23:10.816+0000] {spark_submit.py:641} INFO - |employee_id_null|department_null|region_null|education_null|gender_null|recruitment_channel_null|no_of_trainings_null|age_null|previous_year_rating_null|length_of_service_null|KPIs_met_more_than_80_null|awards_won_null|avg_training_score_nuli|
[2025-02-15T16:23:10.817+0000] {spark_submit.py:641} INFO - +----------------+---------------+-----------+--------------+-----------+------------------------+--------------------+--------+-------------------------+----------------------+--------------------------+---------------+-----------------------+
[2025-02-15T16:23:10.819+0000] {spark_submit.py:641} INFO - |               0|              0|          0|           771|          0|                       0|                   0|       0|                     1363|                     0|                         0|              0|                      0|
[2025-02-15T16:23:10.821+0000] {spark_submit.py:641} INFO - +----------------+---------------+-----------+--------------+-----------+------------------------+--------------------+--------+-------------------------+----------------------+--------------------------+---------------+-----------------------+
[2025-02-15T16:23:10.822+0000] {spark_submit.py:641} INFO - 
[2025-02-15T16:23:10.823+0000] {spark_submit.py:641} INFO - ---------------- NULL HANDLING PADA KOLOM EDUCATION & PREVIOUS_YEAR_RATING ----------------
[2025-02-15T16:23:11.130+0000] {spark_submit.py:641} INFO - +--------------+-------------------------+
[2025-02-15T16:23:11.132+0000] {spark_submit.py:641} INFO - |education_null|previous_year_rating_null|
[2025-02-15T16:23:11.134+0000] {spark_submit.py:641} INFO - +--------------+-------------------------+
[2025-02-15T16:23:11.137+0000] {spark_submit.py:641} INFO - |             0|                        0|
[2025-02-15T16:23:11.139+0000] {spark_submit.py:641} INFO - +--------------+-------------------------+
[2025-02-15T16:23:11.140+0000] {spark_submit.py:641} INFO - 
[2025-02-15T16:23:11.142+0000] {spark_submit.py:641} INFO - ---------------- MENAMPILKAN BANYAK DATA DUPLIKAT BERDASARKAN EMPLOYEE_ID ----------------
[2025-02-15T16:23:11.948+0000] {spark_submit.py:641} INFO - +-----------+------+
[2025-02-15T16:23:11.950+0000] {spark_submit.py:641} INFO - |employee_id|jumlah|
[2025-02-15T16:23:11.951+0000] {spark_submit.py:641} INFO - +-----------+------+
[2025-02-15T16:23:11.952+0000] {spark_submit.py:641} INFO - |      64573|     2|
[2025-02-15T16:23:11.954+0000] {spark_submit.py:641} INFO - |      49584|     3|
[2025-02-15T16:23:11.956+0000] {spark_submit.py:641} INFO - +-----------+------+
[2025-02-15T16:23:11.958+0000] {spark_submit.py:641} INFO - 
[2025-02-15T16:23:11.959+0000] {spark_submit.py:641} INFO - ---------------- MENAMPILKAN SEMUA BARI DAN KOLOM DARI EMPLOYEE ID YANG DUPLIKAT ----------------
[2025-02-15T16:23:11.960+0000] {spark_submit.py:641} INFO - Traceback (most recent call last):
[2025-02-15T16:23:11.962+0000] {spark_submit.py:641} INFO - File "/spark-scripts/***_etl.py", line 96, in <module>
[2025-02-15T16:23:11.964+0000] {spark_submit.py:641} INFO - df_dup_rows = df.join(df_duplicates, on="employee_id", how="inner")
[2025-02-15T16:23:11.966+0000] {spark_submit.py:641} INFO - File "/home/airflow/.local/lib/python3.9/site-packages/pyspark/python/lib/pyspark.zip/pyspark/sql/dataframe.py", line 1539, in join
[2025-02-15T16:23:11.967+0000] {spark_submit.py:641} INFO - AttributeError: 'NoneType' object has no attribute '_jdf'
[2025-02-15T16:23:12.161+0000] {taskinstance.py:3311} ERROR - Task failed with exception
Traceback (most recent call last):
  File "/home/airflow/.local/lib/python3.9/site-packages/airflow/models/taskinstance.py", line 767, in _execute_task
    result = _execute_callable(context=context, **execute_callable_kwargs)
  File "/home/airflow/.local/lib/python3.9/site-packages/airflow/models/taskinstance.py", line 733, in _execute_callable
    return ExecutionCallableRunner(
  File "/home/airflow/.local/lib/python3.9/site-packages/airflow/utils/operator_helpers.py", line 252, in run
    return self.func(*args, **kwargs)
  File "/home/airflow/.local/lib/python3.9/site-packages/airflow/models/baseoperator.py", line 422, in wrapper
    return func(self, *args, **kwargs)
  File "/home/airflow/.local/lib/python3.9/site-packages/airflow/providers/apache/spark/operators/spark_submit.py", line 177, in execute
    self._hook.submit(self.application)
  File "/home/airflow/.local/lib/python3.9/site-packages/airflow/providers/apache/spark/hooks/spark_submit.py", line 567, in submit
    raise AirflowException(
airflow.exceptions.AirflowException: Cannot execute: spark-submit --master spark://***-spark-master:7077 --packages org.postgresql:postgresql:42.2.18 --name arrow-spark /spark-scripts/***_etl.py. Error code is: 1.
[2025-02-15T16:23:12.169+0000] {taskinstance.py:1225} INFO - Marking task as FAILED. dag_id=***_elt_dag, task_id=etl_task, run_id=manual__2025-02-15T16:11:46.573734+00:00, execution_date=20250215T161146, start_date=20250215T162300, end_date=20250215T162312
[2025-02-15T16:23:12.193+0000] {taskinstance.py:340} INFO - ::group::Post task execution logs
[2025-02-15T16:23:12.195+0000] {standard_task_runner.py:124} ERROR - Failed to execute job 9 for task etl_task (Cannot execute: spark-submit --master spark://***-spark-master:7077 --packages org.postgresql:postgresql:42.2.18 --name arrow-spark /spark-scripts/***_etl.py. Error code is: 1.; 2489)
Traceback (most recent call last):
  File "/home/airflow/.local/lib/python3.9/site-packages/airflow/task/task_runner/standard_task_runner.py", line 117, in _start_by_fork
    ret = args.func(args, dag=self.dag)
  File "/home/airflow/.local/lib/python3.9/site-packages/airflow/cli/cli_config.py", line 49, in command
    return func(*args, **kwargs)
  File "/home/airflow/.local/lib/python3.9/site-packages/airflow/utils/cli.py", line 116, in wrapper
    return f(*args, **kwargs)
  File "/home/airflow/.local/lib/python3.9/site-packages/airflow/cli/commands/task_command.py", line 483, in task_run
    task_return_code = _run_task_by_selected_method(args, _dag, ti)
  File "/home/airflow/.local/lib/python3.9/site-packages/airflow/cli/commands/task_command.py", line 256, in _run_task_by_selected_method
    return _run_raw_task(args, ti)
  File "/home/airflow/.local/lib/python3.9/site-packages/airflow/cli/commands/task_command.py", line 341, in _run_raw_task
    return ti._run_raw_task(
  File "/home/airflow/.local/lib/python3.9/site-packages/airflow/utils/session.py", line 97, in wrapper
    return func(*args, session=session, **kwargs)
  File "/home/airflow/.local/lib/python3.9/site-packages/airflow/models/taskinstance.py", line 3005, in _run_raw_task
    return _run_raw_task(
  File "/home/airflow/.local/lib/python3.9/site-packages/airflow/models/taskinstance.py", line 273, in _run_raw_task
    TaskInstance._execute_task_with_callbacks(
  File "/home/airflow/.local/lib/python3.9/site-packages/airflow/models/taskinstance.py", line 3159, in _execute_task_with_callbacks
    result = self._execute_task(context, task_orig)
  File "/home/airflow/.local/lib/python3.9/site-packages/airflow/models/taskinstance.py", line 3183, in _execute_task
    return _execute_task(self, context, task_orig)
  File "/home/airflow/.local/lib/python3.9/site-packages/airflow/models/taskinstance.py", line 767, in _execute_task
    result = _execute_callable(context=context, **execute_callable_kwargs)
  File "/home/airflow/.local/lib/python3.9/site-packages/airflow/models/taskinstance.py", line 733, in _execute_callable
    return ExecutionCallableRunner(
  File "/home/airflow/.local/lib/python3.9/site-packages/airflow/utils/operator_helpers.py", line 252, in run
    return self.func(*args, **kwargs)
  File "/home/airflow/.local/lib/python3.9/site-packages/airflow/models/baseoperator.py", line 422, in wrapper
    return func(self, *args, **kwargs)
  File "/home/airflow/.local/lib/python3.9/site-packages/airflow/providers/apache/spark/operators/spark_submit.py", line 177, in execute
    self._hook.submit(self.application)
  File "/home/airflow/.local/lib/python3.9/site-packages/airflow/providers/apache/spark/hooks/spark_submit.py", line 567, in submit
    raise AirflowException(
airflow.exceptions.AirflowException: Cannot execute: spark-submit --master spark://***-spark-master:7077 --packages org.postgresql:postgresql:42.2.18 --name arrow-spark /spark-scripts/***_etl.py. Error code is: 1.
[2025-02-15T16:23:12.225+0000] {local_task_job_runner.py:266} INFO - Task exited with return code 1
[2025-02-15T16:23:12.243+0000] {taskinstance.py:3895} INFO - 0 downstream tasks scheduled from follow-on schedule check
[2025-02-15T16:23:12.248+0000] {local_task_job_runner.py:245} INFO - ::endgroup::
