[2025-02-15T16:40:46.558+0000] {local_task_job_runner.py:123} INFO - ::group::Pre task execution logs
[2025-02-15T16:40:46.589+0000] {taskinstance.py:2613} INFO - Dependencies all met for dep_context=non-requeueable deps ti=<TaskInstance: finprode8_elt_dag.etl_task manual__2025-02-15T16:11:46.573734+00:00 [queued]>
[2025-02-15T16:40:46.612+0000] {taskinstance.py:2613} INFO - Dependencies all met for dep_context=requeueable deps ti=<TaskInstance: finprode8_elt_dag.etl_task manual__2025-02-15T16:11:46.573734+00:00 [queued]>
[2025-02-15T16:40:46.614+0000] {taskinstance.py:2866} INFO - Starting attempt 10 of 10
[2025-02-15T16:40:46.650+0000] {taskinstance.py:2889} INFO - Executing <Task(SparkSubmitOperator): etl_task> on 2025-02-15 16:11:46.573734+00:00
[2025-02-15T16:40:46.661+0000] {standard_task_runner.py:72} INFO - Started process 3483 to run task
[2025-02-15T16:40:46.666+0000] {standard_task_runner.py:104} INFO - Running: ['airflow', 'tasks', 'run', '***_elt_dag', 'etl_task', 'manual__2025-02-15T16:11:46.573734+00:00', '--job-id', '13', '--raw', '--subdir', 'DAGS_FOLDER/***_etl_dag.py', '--cfg-path', '/tmp/tmpaqq34z_0']
[2025-02-15T16:40:46.672+0000] {standard_task_runner.py:105} INFO - Job 13: Subtask etl_task
[2025-02-15T16:40:46.705+0000] {logging_mixin.py:190} WARNING - /home/airflow/.local/lib/python3.9/site-packages/airflow/settings.py:209 DeprecationWarning: The sql_alchemy_conn option in [core] has been moved to the sql_alchemy_conn option in [database] - the old setting has been used, but please update your config.
[2025-02-15T16:40:46.761+0000] {task_command.py:467} INFO - Running <TaskInstance: finprode8_elt_dag.etl_task manual__2025-02-15T16:11:46.573734+00:00 [running]> on host ***-airflow-scheduler
[2025-02-15T16:40:46.968+0000] {taskinstance.py:3132} INFO - Exporting env vars: AIRFLOW_CTX_DAG_OWNER='ratih malini' AIRFLOW_CTX_DAG_ID='***_elt_dag' AIRFLOW_CTX_TASK_ID='etl_task' AIRFLOW_CTX_EXECUTION_DATE='2025-02-15T16:11:46.573734+00:00' AIRFLOW_CTX_TRY_NUMBER='10' AIRFLOW_CTX_DAG_RUN_ID='manual__2025-02-15T16:11:46.573734+00:00'
[2025-02-15T16:40:46.975+0000] {taskinstance.py:731} INFO - ::endgroup::
[2025-02-15T16:40:47.086+0000] {base.py:84} INFO - Retrieving connection 'spark_main'
[2025-02-15T16:40:47.089+0000] {spark_submit.py:474} INFO - Spark-Submit cmd: spark-submit --master spark://***-spark-master:7077 --packages org.postgresql:postgresql:42.2.18 --name arrow-spark /spark-scripts/***_etl.py
[2025-02-15T16:40:50.502+0000] {spark_submit.py:641} INFO - :: loading settings :: url = jar:file:/home/airflow/.local/lib/python3.9/site-packages/pyspark/jars/ivy-2.5.1.jar!/org/apache/ivy/core/settings/ivysettings.xml
[2025-02-15T16:40:50.669+0000] {spark_submit.py:641} INFO - Ivy Default Cache set to: /home/airflow/.ivy2/cache
[2025-02-15T16:40:50.671+0000] {spark_submit.py:641} INFO - The jars for the packages stored in: /home/airflow/.ivy2/jars
[2025-02-15T16:40:50.679+0000] {spark_submit.py:641} INFO - org.postgresql#postgresql added as a dependency
[2025-02-15T16:40:50.681+0000] {spark_submit.py:641} INFO - :: resolving dependencies :: org.apache.spark#spark-submit-parent-055d9ea5-e34b-49c4-9d62-02af2e6c2ca9;1.0
[2025-02-15T16:40:50.683+0000] {spark_submit.py:641} INFO - confs: [default]
[2025-02-15T16:40:50.845+0000] {spark_submit.py:641} INFO - found org.postgresql#postgresql;42.2.18 in central
[2025-02-15T16:40:50.868+0000] {spark_submit.py:641} INFO - found org.checkerframework#checker-qual;3.5.0 in central
[2025-02-15T16:40:50.894+0000] {spark_submit.py:641} INFO - :: resolution report :: resolve 204ms :: artifacts dl 9ms
[2025-02-15T16:40:50.896+0000] {spark_submit.py:641} INFO - :: modules in use:
[2025-02-15T16:40:50.898+0000] {spark_submit.py:641} INFO - org.checkerframework#checker-qual;3.5.0 from central in [default]
[2025-02-15T16:40:50.899+0000] {spark_submit.py:641} INFO - org.postgresql#postgresql;42.2.18 from central in [default]
[2025-02-15T16:40:50.900+0000] {spark_submit.py:641} INFO - ---------------------------------------------------------------------
[2025-02-15T16:40:50.901+0000] {spark_submit.py:641} INFO - |                  |            modules            ||   artifacts   |
[2025-02-15T16:40:50.903+0000] {spark_submit.py:641} INFO - |       conf       | number| search|dwnlded|evicted|| number|dwnlded|
[2025-02-15T16:40:50.906+0000] {spark_submit.py:641} INFO - ---------------------------------------------------------------------
[2025-02-15T16:40:50.908+0000] {spark_submit.py:641} INFO - |      default     |   2   |   0   |   0   |   0   ||   2   |   0   |
[2025-02-15T16:40:50.910+0000] {spark_submit.py:641} INFO - ---------------------------------------------------------------------
[2025-02-15T16:40:50.911+0000] {spark_submit.py:641} INFO - :: retrieving :: org.apache.spark#spark-submit-parent-055d9ea5-e34b-49c4-9d62-02af2e6c2ca9
[2025-02-15T16:40:50.912+0000] {spark_submit.py:641} INFO - confs: [default]
[2025-02-15T16:40:50.914+0000] {spark_submit.py:641} INFO - 0 artifacts copied, 2 already retrieved (0kB/9ms)
[2025-02-15T16:40:51.236+0000] {spark_submit.py:641} INFO - 25/02/15 16:40:51 WARN NativeCodeLoader: Unable to load native-hadoop library for your platform... using builtin-java classes where applicable
[2025-02-15T16:40:53.170+0000] {spark_submit.py:641} INFO - 25/02/15 16:40:53 INFO SparkContext: Running Spark version 3.3.2
[2025-02-15T16:40:53.199+0000] {spark_submit.py:641} INFO - 25/02/15 16:40:53 INFO ResourceUtils: ==============================================================
[2025-02-15T16:40:53.202+0000] {spark_submit.py:641} INFO - 25/02/15 16:40:53 INFO ResourceUtils: No custom resources configured for spark.driver.
[2025-02-15T16:40:53.206+0000] {spark_submit.py:641} INFO - 25/02/15 16:40:53 INFO ResourceUtils: ==============================================================
[2025-02-15T16:40:53.209+0000] {spark_submit.py:641} INFO - 25/02/15 16:40:53 INFO SparkContext: Submitted application: ***
[2025-02-15T16:40:53.236+0000] {spark_submit.py:641} INFO - 25/02/15 16:40:53 INFO ResourceProfile: Default ResourceProfile created, executor resources: Map(cores -> name: cores, amount: 1, script: , vendor: , memory -> name: memory, amount: 1024, script: , vendor: , offHeap -> name: offHeap, amount: 0, script: , vendor: ), task resources: Map(cpus -> name: cpus, amount: 1.0)
[2025-02-15T16:40:53.247+0000] {spark_submit.py:641} INFO - 25/02/15 16:40:53 INFO ResourceProfile: Limiting resource is cpu
[2025-02-15T16:40:53.250+0000] {spark_submit.py:641} INFO - 25/02/15 16:40:53 INFO ResourceProfileManager: Added ResourceProfile id: 0
[2025-02-15T16:40:53.335+0000] {spark_submit.py:641} INFO - 25/02/15 16:40:53 INFO SecurityManager: Changing view acls to: airflow
[2025-02-15T16:40:53.337+0000] {spark_submit.py:641} INFO - 25/02/15 16:40:53 INFO SecurityManager: Changing modify acls to: airflow
[2025-02-15T16:40:53.339+0000] {spark_submit.py:641} INFO - 25/02/15 16:40:53 INFO SecurityManager: Changing view acls groups to:
[2025-02-15T16:40:53.341+0000] {spark_submit.py:641} INFO - 25/02/15 16:40:53 INFO SecurityManager: Changing modify acls groups to:
[2025-02-15T16:40:53.343+0000] {spark_submit.py:641} INFO - 25/02/15 16:40:53 INFO SecurityManager: SecurityManager: authentication disabled; ui acls disabled; users  with view permissions: Set(airflow); groups with view permissions: Set(); users  with modify permissions: Set(airflow); groups with modify permissions: Set()
[2025-02-15T16:40:53.800+0000] {spark_submit.py:641} INFO - 25/02/15 16:40:53 INFO Utils: Successfully started service 'sparkDriver' on port 39205.
[2025-02-15T16:40:53.905+0000] {spark_submit.py:641} INFO - 25/02/15 16:40:53 INFO SparkEnv: Registering MapOutputTracker
[2025-02-15T16:40:53.993+0000] {spark_submit.py:641} INFO - 25/02/15 16:40:53 INFO SparkEnv: Registering BlockManagerMaster
[2025-02-15T16:40:54.062+0000] {spark_submit.py:641} INFO - 25/02/15 16:40:54 INFO BlockManagerMasterEndpoint: Using org.apache.spark.storage.DefaultTopologyMapper for getting topology information
[2025-02-15T16:40:54.068+0000] {spark_submit.py:641} INFO - 25/02/15 16:40:54 INFO BlockManagerMasterEndpoint: BlockManagerMasterEndpoint up
[2025-02-15T16:40:54.077+0000] {spark_submit.py:641} INFO - 25/02/15 16:40:54 INFO SparkEnv: Registering BlockManagerMasterHeartbeat
[2025-02-15T16:40:54.123+0000] {spark_submit.py:641} INFO - 25/02/15 16:40:54 INFO DiskBlockManager: Created local directory at /tmp/blockmgr-f674b6b7-bac9-4677-9983-40c872dfe5b5
[2025-02-15T16:40:54.152+0000] {spark_submit.py:641} INFO - 25/02/15 16:40:54 INFO MemoryStore: MemoryStore started with capacity 434.4 MiB
[2025-02-15T16:40:54.179+0000] {spark_submit.py:641} INFO - 25/02/15 16:40:54 INFO SparkEnv: Registering OutputCommitCoordinator
[2025-02-15T16:40:54.486+0000] {spark_submit.py:641} INFO - 25/02/15 16:40:54 INFO Utils: Successfully started service 'SparkUI' on port 4040.
[2025-02-15T16:40:54.547+0000] {spark_submit.py:641} INFO - 25/02/15 16:40:54 INFO SparkContext: Added JAR /spark-scripts/jars/postgresql-42.2.18.jar at spark://***-airflow-scheduler:39205/jars/postgresql-42.2.18.jar with timestamp 1739637653156
[2025-02-15T16:40:54.552+0000] {spark_submit.py:641} INFO - 25/02/15 16:40:54 INFO SparkContext: Added file file:///home/airflow/.ivy2/jars/org.postgresql_postgresql-42.2.18.jar at file:///home/airflow/.ivy2/jars/org.postgresql_postgresql-42.2.18.jar with timestamp 1739637653156
[2025-02-15T16:40:54.555+0000] {spark_submit.py:641} INFO - 25/02/15 16:40:54 INFO Utils: Copying /home/airflow/.ivy2/jars/org.postgresql_postgresql-42.2.18.jar to /tmp/spark-4d27c6df-3382-42e4-b948-079a72758959/userFiles-b6a00ab1-7c6b-4d85-b1cf-f3f03c4db235/org.postgresql_postgresql-42.2.18.jar
[2025-02-15T16:40:54.639+0000] {spark_submit.py:641} INFO - 25/02/15 16:40:54 INFO SparkContext: Added file file:///home/airflow/.ivy2/jars/org.checkerframework_checker-qual-3.5.0.jar at file:///home/airflow/.ivy2/jars/org.checkerframework_checker-qual-3.5.0.jar with timestamp 1739637653156
[2025-02-15T16:40:54.641+0000] {spark_submit.py:641} INFO - 25/02/15 16:40:54 INFO Utils: Copying /home/airflow/.ivy2/jars/org.checkerframework_checker-qual-3.5.0.jar to /tmp/spark-4d27c6df-3382-42e4-b948-079a72758959/userFiles-b6a00ab1-7c6b-4d85-b1cf-f3f03c4db235/org.checkerframework_checker-qual-3.5.0.jar
[2025-02-15T16:40:54.782+0000] {spark_submit.py:641} INFO - 25/02/15 16:40:54 INFO Executor: Starting executor ID driver on host ***-airflow-scheduler
[2025-02-15T16:40:54.794+0000] {spark_submit.py:641} INFO - 25/02/15 16:40:54 INFO Executor: Starting executor with user classpath (userClassPathFirst = false): ''
[2025-02-15T16:40:54.809+0000] {spark_submit.py:641} INFO - 25/02/15 16:40:54 INFO Executor: Fetching file:///home/airflow/.ivy2/jars/org.postgresql_postgresql-42.2.18.jar with timestamp 1739637653156
[2025-02-15T16:40:54.845+0000] {spark_submit.py:641} INFO - 25/02/15 16:40:54 INFO Utils: /home/airflow/.ivy2/jars/org.postgresql_postgresql-42.2.18.jar has been previously copied to /tmp/spark-4d27c6df-3382-42e4-b948-079a72758959/userFiles-b6a00ab1-7c6b-4d85-b1cf-f3f03c4db235/org.postgresql_postgresql-42.2.18.jar
[2025-02-15T16:40:54.869+0000] {spark_submit.py:641} INFO - 25/02/15 16:40:54 INFO Executor: Fetching file:///home/airflow/.ivy2/jars/org.checkerframework_checker-qual-3.5.0.jar with timestamp 1739637653156
[2025-02-15T16:40:54.871+0000] {spark_submit.py:641} INFO - 25/02/15 16:40:54 INFO Utils: /home/airflow/.ivy2/jars/org.checkerframework_checker-qual-3.5.0.jar has been previously copied to /tmp/spark-4d27c6df-3382-42e4-b948-079a72758959/userFiles-b6a00ab1-7c6b-4d85-b1cf-f3f03c4db235/org.checkerframework_checker-qual-3.5.0.jar
[2025-02-15T16:40:54.900+0000] {spark_submit.py:641} INFO - 25/02/15 16:40:54 INFO Executor: Fetching spark://***-airflow-scheduler:39205/jars/postgresql-42.2.18.jar with timestamp 1739637653156
[2025-02-15T16:40:54.959+0000] {spark_submit.py:641} INFO - 25/02/15 16:40:54 INFO TransportClientFactory: Successfully created connection to ***-airflow-scheduler/172.19.0.6:39205 after 40 ms (0 ms spent in bootstraps)
[2025-02-15T16:40:54.967+0000] {spark_submit.py:641} INFO - 25/02/15 16:40:54 INFO Utils: Fetching spark://***-airflow-scheduler:39205/jars/postgresql-42.2.18.jar to /tmp/spark-4d27c6df-3382-42e4-b948-079a72758959/userFiles-b6a00ab1-7c6b-4d85-b1cf-f3f03c4db235/fetchFileTemp14041952596158759077.tmp
[2025-02-15T16:40:55.080+0000] {spark_submit.py:641} INFO - 25/02/15 16:40:55 INFO Executor: Adding file:/tmp/spark-4d27c6df-3382-42e4-b948-079a72758959/userFiles-b6a00ab1-7c6b-4d85-b1cf-f3f03c4db235/postgresql-42.2.18.jar to class loader
[2025-02-15T16:40:55.088+0000] {spark_submit.py:641} INFO - 25/02/15 16:40:55 INFO Utils: Successfully started service 'org.apache.spark.network.netty.NettyBlockTransferService' on port 44157.
[2025-02-15T16:40:55.089+0000] {spark_submit.py:641} INFO - 25/02/15 16:40:55 INFO NettyBlockTransferService: Server created on ***-airflow-scheduler:44157
[2025-02-15T16:40:55.090+0000] {spark_submit.py:641} INFO - 25/02/15 16:40:55 INFO BlockManager: Using org.apache.spark.storage.RandomBlockReplicationPolicy for block replication policy
[2025-02-15T16:40:55.101+0000] {spark_submit.py:641} INFO - 25/02/15 16:40:55 INFO BlockManagerMaster: Registering BlockManager BlockManagerId(driver, ***-airflow-scheduler, 44157, None)
[2025-02-15T16:40:55.105+0000] {spark_submit.py:641} INFO - 25/02/15 16:40:55 INFO BlockManagerMasterEndpoint: Registering block manager ***-airflow-scheduler:44157 with 434.4 MiB RAM, BlockManagerId(driver, ***-airflow-scheduler, 44157, None)
[2025-02-15T16:40:55.108+0000] {spark_submit.py:641} INFO - 25/02/15 16:40:55 INFO BlockManagerMaster: Registered BlockManager BlockManagerId(driver, ***-airflow-scheduler, 44157, None)
[2025-02-15T16:40:55.111+0000] {spark_submit.py:641} INFO - 25/02/15 16:40:55 INFO BlockManager: Initialized BlockManager: BlockManagerId(driver, ***-airflow-scheduler, 44157, None)
[2025-02-15T16:41:00.763+0000] {spark_submit.py:641} INFO - ---------------- MENAMPILKAN DATASET ----------------
[2025-02-15T16:41:01.066+0000] {spark_submit.py:641} INFO - +-----------+-----------------+---------+---------------+------+-------------------+---------------+---+--------------------+-----------------+---------------------+----------+------------------+
[2025-02-15T16:41:01.068+0000] {spark_submit.py:641} INFO - |employee_id|       department|   region|      education|gender|recruitment_channel|no_of_trainings|age|previous_year_rating|length_of_service|KPIs_met_more_than_80|awards_won|avg_training_score|
[2025-02-15T16:41:01.069+0000] {spark_submit.py:641} INFO - +-----------+-----------------+---------+---------------+------+-------------------+---------------+---+--------------------+-----------------+---------------------+----------+------------------+
[2025-02-15T16:41:01.070+0000] {spark_submit.py:641} INFO - |       8724|       Technology|region_26|      Bachelors|     m|           sourcing|              1| 24|                null|                1|                    1|         0|                77|
[2025-02-15T16:41:01.073+0000] {spark_submit.py:641} INFO - |      74430|               HR| region_4|      Bachelors|     f|              other|              1| 31|                   3|                5|                    0|         0|                51|
[2025-02-15T16:41:01.074+0000] {spark_submit.py:641} INFO - |      72255|Sales & Marketing|region_13|      Bachelors|     m|              other|              1| 31|                   1|                4|                    0|         0|                47|
[2025-02-15T16:41:01.075+0000] {spark_submit.py:641} INFO - |      38562|      Procurement| region_2|      Bachelors|     f|              other|              3| 31|                   2|                9|                    0|         0|                65|
[2025-02-15T16:41:01.077+0000] {spark_submit.py:641} INFO - |      64486|          Finance|region_29|      Bachelors|     m|           sourcing|              1| 30|                   4|                7|                    0|         0|                61|
[2025-02-15T16:41:01.078+0000] {spark_submit.py:641} INFO - |      46232|      Procurement| region_7|      Bachelors|     m|           sourcing|              1| 36|                   3|                2|                    0|         0|                68|
[2025-02-15T16:41:01.080+0000] {spark_submit.py:641} INFO - |      54542|          Finance| region_2|      Bachelors|     m|              other|              1| 33|                   5|                3|                    1|         0|                57|
[2025-02-15T16:41:01.081+0000] {spark_submit.py:641} INFO - |      67269|        Analytics|region_22|      Bachelors|     m|           sourcing|              2| 36|                   3|                3|                    0|         0|                85|
[2025-02-15T16:41:01.082+0000] {spark_submit.py:641} INFO - |      66174|       Technology| region_7|Masters & above|     m|              other|              1| 51|                   4|               11|                    0|         0|                75|
[2025-02-15T16:41:01.084+0000] {spark_submit.py:641} INFO - |      76303|       Technology|region_22|      Bachelors|     m|           sourcing|              1| 29|                   5|                2|                    1|         0|                76|
[2025-02-15T16:41:01.085+0000] {spark_submit.py:641} INFO - +-----------+-----------------+---------+---------------+------+-------------------+---------------+---+--------------------+-----------------+---------------------+----------+------------------+
[2025-02-15T16:41:01.087+0000] {spark_submit.py:641} INFO - only showing top 10 rows
[2025-02-15T16:41:01.089+0000] {spark_submit.py:641} INFO - 
[2025-02-15T16:41:01.091+0000] {spark_submit.py:641} INFO - ---------------- MENAMPILKAN TIPE DATA AWAL ----------------
[2025-02-15T16:41:01.092+0000] {spark_submit.py:641} INFO - root
[2025-02-15T16:41:01.093+0000] {spark_submit.py:641} INFO - |-- employee_id: string (nullable = true)
[2025-02-15T16:41:01.094+0000] {spark_submit.py:641} INFO - |-- department: string (nullable = true)
[2025-02-15T16:41:01.096+0000] {spark_submit.py:641} INFO - |-- region: string (nullable = true)
[2025-02-15T16:41:01.097+0000] {spark_submit.py:641} INFO - |-- education: string (nullable = true)
[2025-02-15T16:41:01.099+0000] {spark_submit.py:641} INFO - |-- gender: string (nullable = true)
[2025-02-15T16:41:01.100+0000] {spark_submit.py:641} INFO - |-- recruitment_channel: string (nullable = true)
[2025-02-15T16:41:01.101+0000] {spark_submit.py:641} INFO - |-- no_of_trainings: string (nullable = true)
[2025-02-15T16:41:01.103+0000] {spark_submit.py:641} INFO - |-- age: string (nullable = true)
[2025-02-15T16:41:01.105+0000] {spark_submit.py:641} INFO - |-- previous_year_rating: string (nullable = true)
[2025-02-15T16:41:01.107+0000] {spark_submit.py:641} INFO - |-- length_of_service: string (nullable = true)
[2025-02-15T16:41:01.108+0000] {spark_submit.py:641} INFO - |-- KPIs_met_more_than_80: string (nullable = true)
[2025-02-15T16:41:01.109+0000] {spark_submit.py:641} INFO - |-- awards_won: string (nullable = true)
[2025-02-15T16:41:01.111+0000] {spark_submit.py:641} INFO - |-- avg_training_score: string (nullable = true)
[2025-02-15T16:41:01.112+0000] {spark_submit.py:641} INFO - 
[2025-02-15T16:41:01.197+0000] {spark_submit.py:641} INFO - ---------------- MENAMPILKAN TIPE DATA HASIL TRANSFORMASI ----------------
[2025-02-15T16:41:01.198+0000] {spark_submit.py:641} INFO - root
[2025-02-15T16:41:01.199+0000] {spark_submit.py:641} INFO - |-- employee_id: string (nullable = true)
[2025-02-15T16:41:01.200+0000] {spark_submit.py:641} INFO - |-- department: string (nullable = true)
[2025-02-15T16:41:01.201+0000] {spark_submit.py:641} INFO - |-- region: string (nullable = true)
[2025-02-15T16:41:01.202+0000] {spark_submit.py:641} INFO - |-- education: string (nullable = true)
[2025-02-15T16:41:01.204+0000] {spark_submit.py:641} INFO - |-- gender: string (nullable = true)
[2025-02-15T16:41:01.206+0000] {spark_submit.py:641} INFO - |-- recruitment_channel: string (nullable = true)
[2025-02-15T16:41:01.207+0000] {spark_submit.py:641} INFO - |-- no_of_trainings: integer (nullable = true)
[2025-02-15T16:41:01.208+0000] {spark_submit.py:641} INFO - |-- age: integer (nullable = true)
[2025-02-15T16:41:01.209+0000] {spark_submit.py:641} INFO - |-- previous_year_rating: integer (nullable = true)
[2025-02-15T16:41:01.210+0000] {spark_submit.py:641} INFO - |-- length_of_service: integer (nullable = true)
[2025-02-15T16:41:01.211+0000] {spark_submit.py:641} INFO - |-- KPIs_met_more_than_80: integer (nullable = true)
[2025-02-15T16:41:01.212+0000] {spark_submit.py:641} INFO - |-- awards_won: integer (nullable = true)
[2025-02-15T16:41:01.213+0000] {spark_submit.py:641} INFO - |-- avg_training_score: integer (nullable = true)
[2025-02-15T16:41:01.214+0000] {spark_submit.py:641} INFO - 
[2025-02-15T16:41:01.215+0000] {spark_submit.py:641} INFO - ---------------- MENAMPILKAN BANYAK DATA NULL DI SETIAP KOLOM ----------------
[2025-02-15T16:41:02.127+0000] {spark_submit.py:641} INFO - +----------------+---------------+-----------+--------------+-----------+------------------------+--------------------+--------+-------------------------+----------------------+--------------------------+---------------+-----------------------+
[2025-02-15T16:41:02.129+0000] {spark_submit.py:641} INFO - |employee_id_null|department_null|region_null|education_null|gender_null|recruitment_channel_null|no_of_trainings_null|age_null|previous_year_rating_null|length_of_service_null|KPIs_met_more_than_80_null|awards_won_null|avg_training_score_nuli|
[2025-02-15T16:41:02.130+0000] {spark_submit.py:641} INFO - +----------------+---------------+-----------+--------------+-----------+------------------------+--------------------+--------+-------------------------+----------------------+--------------------------+---------------+-----------------------+
[2025-02-15T16:41:02.131+0000] {spark_submit.py:641} INFO - |               0|              0|          0|           771|          0|                       0|                   0|       0|                     1363|                     0|                         0|              0|                      0|
[2025-02-15T16:41:02.132+0000] {spark_submit.py:641} INFO - +----------------+---------------+-----------+--------------+-----------+------------------------+--------------------+--------+-------------------------+----------------------+--------------------------+---------------+-----------------------+
[2025-02-15T16:41:02.136+0000] {spark_submit.py:641} INFO - 
[2025-02-15T16:41:02.137+0000] {spark_submit.py:641} INFO - ---------------- NULL HANDLING PADA KOLOM EDUCATION & PREVIOUS_YEAR_RATING ----------------
[2025-02-15T16:41:02.447+0000] {spark_submit.py:641} INFO - +--------------+-------------------------+
[2025-02-15T16:41:02.451+0000] {spark_submit.py:641} INFO - |education_null|previous_year_rating_null|
[2025-02-15T16:41:02.453+0000] {spark_submit.py:641} INFO - +--------------+-------------------------+
[2025-02-15T16:41:02.454+0000] {spark_submit.py:641} INFO - |             0|                        0|
[2025-02-15T16:41:02.457+0000] {spark_submit.py:641} INFO - +--------------+-------------------------+
[2025-02-15T16:41:02.458+0000] {spark_submit.py:641} INFO - 
[2025-02-15T16:41:02.459+0000] {spark_submit.py:641} INFO - ---------------- MENAMPILKAN BANYAK DATA DUPLIKAT BERDASARKAN EMPLOYEE_ID ----------------
[2025-02-15T16:41:03.516+0000] {spark_submit.py:641} INFO - +-----------+------+
[2025-02-15T16:41:03.517+0000] {spark_submit.py:641} INFO - |employee_id|jumlah|
[2025-02-15T16:41:03.519+0000] {spark_submit.py:641} INFO - +-----------+------+
[2025-02-15T16:41:03.523+0000] {spark_submit.py:641} INFO - |      64573|     2|
[2025-02-15T16:41:03.527+0000] {spark_submit.py:641} INFO - |      49584|     3|
[2025-02-15T16:41:03.529+0000] {spark_submit.py:641} INFO - +-----------+------+
[2025-02-15T16:41:03.530+0000] {spark_submit.py:641} INFO - 
[2025-02-15T16:41:03.531+0000] {spark_submit.py:641} INFO - Traceback (most recent call last):
[2025-02-15T16:41:03.532+0000] {spark_submit.py:641} INFO - File "/spark-scripts/***_etl.py", line 93, in <module>
[2025-02-15T16:41:03.533+0000] {spark_submit.py:641} INFO - df_duplicates.show()
[2025-02-15T16:41:03.534+0000] {spark_submit.py:641} INFO - AttributeError: 'NoneType' object has no attribute 'show'
[2025-02-15T16:41:03.799+0000] {taskinstance.py:3311} ERROR - Task failed with exception
Traceback (most recent call last):
  File "/home/airflow/.local/lib/python3.9/site-packages/airflow/models/taskinstance.py", line 767, in _execute_task
    result = _execute_callable(context=context, **execute_callable_kwargs)
  File "/home/airflow/.local/lib/python3.9/site-packages/airflow/models/taskinstance.py", line 733, in _execute_callable
    return ExecutionCallableRunner(
  File "/home/airflow/.local/lib/python3.9/site-packages/airflow/utils/operator_helpers.py", line 252, in run
    return self.func(*args, **kwargs)
  File "/home/airflow/.local/lib/python3.9/site-packages/airflow/models/baseoperator.py", line 422, in wrapper
    return func(self, *args, **kwargs)
  File "/home/airflow/.local/lib/python3.9/site-packages/airflow/providers/apache/spark/operators/spark_submit.py", line 177, in execute
    self._hook.submit(self.application)
  File "/home/airflow/.local/lib/python3.9/site-packages/airflow/providers/apache/spark/hooks/spark_submit.py", line 567, in submit
    raise AirflowException(
airflow.exceptions.AirflowException: Cannot execute: spark-submit --master spark://***-spark-master:7077 --packages org.postgresql:postgresql:42.2.18 --name arrow-spark /spark-scripts/***_etl.py. Error code is: 1.
[2025-02-15T16:41:03.816+0000] {taskinstance.py:1225} INFO - Marking task as FAILED. dag_id=***_elt_dag, task_id=etl_task, run_id=manual__2025-02-15T16:11:46.573734+00:00, execution_date=20250215T161146, start_date=20250215T164046, end_date=20250215T164103
[2025-02-15T16:41:03.852+0000] {taskinstance.py:340} INFO - ::group::Post task execution logs
[2025-02-15T16:41:03.854+0000] {standard_task_runner.py:124} ERROR - Failed to execute job 13 for task etl_task (Cannot execute: spark-submit --master spark://***-spark-master:7077 --packages org.postgresql:postgresql:42.2.18 --name arrow-spark /spark-scripts/***_etl.py. Error code is: 1.; 3483)
Traceback (most recent call last):
  File "/home/airflow/.local/lib/python3.9/site-packages/airflow/task/task_runner/standard_task_runner.py", line 117, in _start_by_fork
    ret = args.func(args, dag=self.dag)
  File "/home/airflow/.local/lib/python3.9/site-packages/airflow/cli/cli_config.py", line 49, in command
    return func(*args, **kwargs)
  File "/home/airflow/.local/lib/python3.9/site-packages/airflow/utils/cli.py", line 116, in wrapper
    return f(*args, **kwargs)
  File "/home/airflow/.local/lib/python3.9/site-packages/airflow/cli/commands/task_command.py", line 483, in task_run
    task_return_code = _run_task_by_selected_method(args, _dag, ti)
  File "/home/airflow/.local/lib/python3.9/site-packages/airflow/cli/commands/task_command.py", line 256, in _run_task_by_selected_method
    return _run_raw_task(args, ti)
  File "/home/airflow/.local/lib/python3.9/site-packages/airflow/cli/commands/task_command.py", line 341, in _run_raw_task
    return ti._run_raw_task(
  File "/home/airflow/.local/lib/python3.9/site-packages/airflow/utils/session.py", line 97, in wrapper
    return func(*args, session=session, **kwargs)
  File "/home/airflow/.local/lib/python3.9/site-packages/airflow/models/taskinstance.py", line 3005, in _run_raw_task
    return _run_raw_task(
  File "/home/airflow/.local/lib/python3.9/site-packages/airflow/models/taskinstance.py", line 273, in _run_raw_task
    TaskInstance._execute_task_with_callbacks(
  File "/home/airflow/.local/lib/python3.9/site-packages/airflow/models/taskinstance.py", line 3159, in _execute_task_with_callbacks
    result = self._execute_task(context, task_orig)
  File "/home/airflow/.local/lib/python3.9/site-packages/airflow/models/taskinstance.py", line 3183, in _execute_task
    return _execute_task(self, context, task_orig)
  File "/home/airflow/.local/lib/python3.9/site-packages/airflow/models/taskinstance.py", line 767, in _execute_task
    result = _execute_callable(context=context, **execute_callable_kwargs)
  File "/home/airflow/.local/lib/python3.9/site-packages/airflow/models/taskinstance.py", line 733, in _execute_callable
    return ExecutionCallableRunner(
  File "/home/airflow/.local/lib/python3.9/site-packages/airflow/utils/operator_helpers.py", line 252, in run
    return self.func(*args, **kwargs)
  File "/home/airflow/.local/lib/python3.9/site-packages/airflow/models/baseoperator.py", line 422, in wrapper
    return func(self, *args, **kwargs)
  File "/home/airflow/.local/lib/python3.9/site-packages/airflow/providers/apache/spark/operators/spark_submit.py", line 177, in execute
    self._hook.submit(self.application)
  File "/home/airflow/.local/lib/python3.9/site-packages/airflow/providers/apache/spark/hooks/spark_submit.py", line 567, in submit
    raise AirflowException(
airflow.exceptions.AirflowException: Cannot execute: spark-submit --master spark://***-spark-master:7077 --packages org.postgresql:postgresql:42.2.18 --name arrow-spark /spark-scripts/***_etl.py. Error code is: 1.
[2025-02-15T16:41:03.884+0000] {local_task_job_runner.py:266} INFO - Task exited with return code 1
[2025-02-15T16:41:03.911+0000] {taskinstance.py:3895} INFO - 0 downstream tasks scheduled from follow-on schedule check
[2025-02-15T16:41:03.914+0000] {local_task_job_runner.py:245} INFO - ::endgroup::
