[2025-02-15T16:29:14.405+0000] {local_task_job_runner.py:123} INFO - ::group::Pre task execution logs
[2025-02-15T16:29:14.425+0000] {taskinstance.py:2613} INFO - Dependencies all met for dep_context=non-requeueable deps ti=<TaskInstance: finprode8_elt_dag.etl_task manual__2025-02-15T16:11:46.573734+00:00 [queued]>
[2025-02-15T16:29:14.440+0000] {taskinstance.py:2613} INFO - Dependencies all met for dep_context=requeueable deps ti=<TaskInstance: finprode8_elt_dag.etl_task manual__2025-02-15T16:11:46.573734+00:00 [queued]>
[2025-02-15T16:29:14.442+0000] {taskinstance.py:2866} INFO - Starting attempt 9 of 9
[2025-02-15T16:29:14.459+0000] {taskinstance.py:2889} INFO - Executing <Task(SparkSubmitOperator): etl_task> on 2025-02-15 16:11:46.573734+00:00
[2025-02-15T16:29:14.465+0000] {standard_task_runner.py:72} INFO - Started process 3150 to run task
[2025-02-15T16:29:14.471+0000] {standard_task_runner.py:104} INFO - Running: ['airflow', 'tasks', 'run', '***_elt_dag', 'etl_task', 'manual__2025-02-15T16:11:46.573734+00:00', '--job-id', '12', '--raw', '--subdir', 'DAGS_FOLDER/***_etl_dag.py', '--cfg-path', '/tmp/tmp3ryuryrz']
[2025-02-15T16:29:14.476+0000] {standard_task_runner.py:105} INFO - Job 12: Subtask etl_task
[2025-02-15T16:29:14.498+0000] {logging_mixin.py:190} WARNING - /home/airflow/.local/lib/python3.9/site-packages/airflow/settings.py:209 DeprecationWarning: The sql_alchemy_conn option in [core] has been moved to the sql_alchemy_conn option in [database] - the old setting has been used, but please update your config.
[2025-02-15T16:29:14.544+0000] {task_command.py:467} INFO - Running <TaskInstance: finprode8_elt_dag.etl_task manual__2025-02-15T16:11:46.573734+00:00 [running]> on host ***-airflow-scheduler
[2025-02-15T16:29:14.643+0000] {taskinstance.py:3132} INFO - Exporting env vars: AIRFLOW_CTX_DAG_OWNER='ratih malini' AIRFLOW_CTX_DAG_ID='***_elt_dag' AIRFLOW_CTX_TASK_ID='etl_task' AIRFLOW_CTX_EXECUTION_DATE='2025-02-15T16:11:46.573734+00:00' AIRFLOW_CTX_TRY_NUMBER='9' AIRFLOW_CTX_DAG_RUN_ID='manual__2025-02-15T16:11:46.573734+00:00'
[2025-02-15T16:29:14.646+0000] {taskinstance.py:731} INFO - ::endgroup::
[2025-02-15T16:29:14.674+0000] {base.py:84} INFO - Retrieving connection 'spark_main'
[2025-02-15T16:29:14.676+0000] {spark_submit.py:474} INFO - Spark-Submit cmd: spark-submit --master spark://***-spark-master:7077 --packages org.postgresql:postgresql:42.2.18 --name arrow-spark /spark-scripts/***_etl.py
[2025-02-15T16:29:16.105+0000] {spark_submit.py:641} INFO - :: loading settings :: url = jar:file:/home/airflow/.local/lib/python3.9/site-packages/pyspark/jars/ivy-2.5.1.jar!/org/apache/ivy/core/settings/ivysettings.xml
[2025-02-15T16:29:16.238+0000] {spark_submit.py:641} INFO - Ivy Default Cache set to: /home/airflow/.ivy2/cache
[2025-02-15T16:29:16.240+0000] {spark_submit.py:641} INFO - The jars for the packages stored in: /home/airflow/.ivy2/jars
[2025-02-15T16:29:16.245+0000] {spark_submit.py:641} INFO - org.postgresql#postgresql added as a dependency
[2025-02-15T16:29:16.247+0000] {spark_submit.py:641} INFO - :: resolving dependencies :: org.apache.spark#spark-submit-parent-08ff21b2-10cb-4773-8e7d-2f02c0af6264;1.0
[2025-02-15T16:29:16.248+0000] {spark_submit.py:641} INFO - confs: [default]
[2025-02-15T16:29:16.360+0000] {spark_submit.py:641} INFO - found org.postgresql#postgresql;42.2.18 in central
[2025-02-15T16:29:16.382+0000] {spark_submit.py:641} INFO - found org.checkerframework#checker-qual;3.5.0 in central
[2025-02-15T16:29:16.398+0000] {spark_submit.py:641} INFO - :: resolution report :: resolve 146ms :: artifacts dl 5ms
[2025-02-15T16:29:16.400+0000] {spark_submit.py:641} INFO - :: modules in use:
[2025-02-15T16:29:16.402+0000] {spark_submit.py:641} INFO - org.checkerframework#checker-qual;3.5.0 from central in [default]
[2025-02-15T16:29:16.403+0000] {spark_submit.py:641} INFO - org.postgresql#postgresql;42.2.18 from central in [default]
[2025-02-15T16:29:16.405+0000] {spark_submit.py:641} INFO - ---------------------------------------------------------------------
[2025-02-15T16:29:16.408+0000] {spark_submit.py:641} INFO - |                  |            modules            ||   artifacts   |
[2025-02-15T16:29:16.409+0000] {spark_submit.py:641} INFO - |       conf       | number| search|dwnlded|evicted|| number|dwnlded|
[2025-02-15T16:29:16.410+0000] {spark_submit.py:641} INFO - ---------------------------------------------------------------------
[2025-02-15T16:29:16.412+0000] {spark_submit.py:641} INFO - |      default     |   2   |   0   |   0   |   0   ||   2   |   0   |
[2025-02-15T16:29:16.413+0000] {spark_submit.py:641} INFO - ---------------------------------------------------------------------
[2025-02-15T16:29:16.415+0000] {spark_submit.py:641} INFO - :: retrieving :: org.apache.spark#spark-submit-parent-08ff21b2-10cb-4773-8e7d-2f02c0af6264
[2025-02-15T16:29:16.417+0000] {spark_submit.py:641} INFO - confs: [default]
[2025-02-15T16:29:16.418+0000] {spark_submit.py:641} INFO - 0 artifacts copied, 2 already retrieved (0kB/8ms)
[2025-02-15T16:29:16.639+0000] {spark_submit.py:641} INFO - 25/02/15 16:29:16 WARN NativeCodeLoader: Unable to load native-hadoop library for your platform... using builtin-java classes where applicable
[2025-02-15T16:29:17.909+0000] {spark_submit.py:641} INFO - 25/02/15 16:29:17 INFO SparkContext: Running Spark version 3.3.2
[2025-02-15T16:29:17.932+0000] {spark_submit.py:641} INFO - 25/02/15 16:29:17 INFO ResourceUtils: ==============================================================
[2025-02-15T16:29:17.934+0000] {spark_submit.py:641} INFO - 25/02/15 16:29:17 INFO ResourceUtils: No custom resources configured for spark.driver.
[2025-02-15T16:29:17.936+0000] {spark_submit.py:641} INFO - 25/02/15 16:29:17 INFO ResourceUtils: ==============================================================
[2025-02-15T16:29:17.938+0000] {spark_submit.py:641} INFO - 25/02/15 16:29:17 INFO SparkContext: Submitted application: ***
[2025-02-15T16:29:17.954+0000] {spark_submit.py:641} INFO - 25/02/15 16:29:17 INFO ResourceProfile: Default ResourceProfile created, executor resources: Map(cores -> name: cores, amount: 1, script: , vendor: , memory -> name: memory, amount: 1024, script: , vendor: , offHeap -> name: offHeap, amount: 0, script: , vendor: ), task resources: Map(cpus -> name: cpus, amount: 1.0)
[2025-02-15T16:29:17.960+0000] {spark_submit.py:641} INFO - 25/02/15 16:29:17 INFO ResourceProfile: Limiting resource is cpu
[2025-02-15T16:29:17.964+0000] {spark_submit.py:641} INFO - 25/02/15 16:29:17 INFO ResourceProfileManager: Added ResourceProfile id: 0
[2025-02-15T16:29:18.005+0000] {spark_submit.py:641} INFO - 25/02/15 16:29:18 INFO SecurityManager: Changing view acls to: airflow
[2025-02-15T16:29:18.007+0000] {spark_submit.py:641} INFO - 25/02/15 16:29:18 INFO SecurityManager: Changing modify acls to: airflow
[2025-02-15T16:29:18.008+0000] {spark_submit.py:641} INFO - 25/02/15 16:29:18 INFO SecurityManager: Changing view acls groups to:
[2025-02-15T16:29:18.010+0000] {spark_submit.py:641} INFO - 25/02/15 16:29:18 INFO SecurityManager: Changing modify acls groups to:
[2025-02-15T16:29:18.012+0000] {spark_submit.py:641} INFO - 25/02/15 16:29:18 INFO SecurityManager: SecurityManager: authentication disabled; ui acls disabled; users  with view permissions: Set(airflow); groups with view permissions: Set(); users  with modify permissions: Set(airflow); groups with modify permissions: Set()
[2025-02-15T16:29:18.253+0000] {spark_submit.py:641} INFO - 25/02/15 16:29:18 INFO Utils: Successfully started service 'sparkDriver' on port 35875.
[2025-02-15T16:29:18.282+0000] {spark_submit.py:641} INFO - 25/02/15 16:29:18 INFO SparkEnv: Registering MapOutputTracker
[2025-02-15T16:29:18.318+0000] {spark_submit.py:641} INFO - 25/02/15 16:29:18 INFO SparkEnv: Registering BlockManagerMaster
[2025-02-15T16:29:18.346+0000] {spark_submit.py:641} INFO - 25/02/15 16:29:18 INFO BlockManagerMasterEndpoint: Using org.apache.spark.storage.DefaultTopologyMapper for getting topology information
[2025-02-15T16:29:18.348+0000] {spark_submit.py:641} INFO - 25/02/15 16:29:18 INFO BlockManagerMasterEndpoint: BlockManagerMasterEndpoint up
[2025-02-15T16:29:18.355+0000] {spark_submit.py:641} INFO - 25/02/15 16:29:18 INFO SparkEnv: Registering BlockManagerMasterHeartbeat
[2025-02-15T16:29:18.376+0000] {spark_submit.py:641} INFO - 25/02/15 16:29:18 INFO DiskBlockManager: Created local directory at /tmp/blockmgr-30fe5423-5e88-496c-8247-71d83667f901
[2025-02-15T16:29:18.397+0000] {spark_submit.py:641} INFO - 25/02/15 16:29:18 INFO MemoryStore: MemoryStore started with capacity 434.4 MiB
[2025-02-15T16:29:18.417+0000] {spark_submit.py:641} INFO - 25/02/15 16:29:18 INFO SparkEnv: Registering OutputCommitCoordinator
[2025-02-15T16:29:18.627+0000] {spark_submit.py:641} INFO - 25/02/15 16:29:18 INFO Utils: Successfully started service 'SparkUI' on port 4040.
[2025-02-15T16:29:18.687+0000] {spark_submit.py:641} INFO - 25/02/15 16:29:18 INFO SparkContext: Added JAR /spark-scripts/jars/postgresql-42.2.18.jar at spark://***-airflow-scheduler:35875/jars/postgresql-42.2.18.jar with timestamp 1739636957903
[2025-02-15T16:29:18.690+0000] {spark_submit.py:641} INFO - 25/02/15 16:29:18 INFO SparkContext: Added file file:///home/airflow/.ivy2/jars/org.postgresql_postgresql-42.2.18.jar at file:///home/airflow/.ivy2/jars/org.postgresql_postgresql-42.2.18.jar with timestamp 1739636957903
[2025-02-15T16:29:18.691+0000] {spark_submit.py:641} INFO - 25/02/15 16:29:18 INFO Utils: Copying /home/airflow/.ivy2/jars/org.postgresql_postgresql-42.2.18.jar to /tmp/spark-1d0b89e2-4e28-4985-98d0-8f0cac6623f5/userFiles-67b8124b-3398-496d-aaac-4e676d0320fd/org.postgresql_postgresql-42.2.18.jar
[2025-02-15T16:29:18.718+0000] {spark_submit.py:641} INFO - 25/02/15 16:29:18 INFO SparkContext: Added file file:///home/airflow/.ivy2/jars/org.checkerframework_checker-qual-3.5.0.jar at file:///home/airflow/.ivy2/jars/org.checkerframework_checker-qual-3.5.0.jar with timestamp 1739636957903
[2025-02-15T16:29:18.721+0000] {spark_submit.py:641} INFO - 25/02/15 16:29:18 INFO Utils: Copying /home/airflow/.ivy2/jars/org.checkerframework_checker-qual-3.5.0.jar to /tmp/spark-1d0b89e2-4e28-4985-98d0-8f0cac6623f5/userFiles-67b8124b-3398-496d-aaac-4e676d0320fd/org.checkerframework_checker-qual-3.5.0.jar
[2025-02-15T16:29:18.799+0000] {spark_submit.py:641} INFO - 25/02/15 16:29:18 INFO Executor: Starting executor ID driver on host ***-airflow-scheduler
[2025-02-15T16:29:18.808+0000] {spark_submit.py:641} INFO - 25/02/15 16:29:18 INFO Executor: Starting executor with user classpath (userClassPathFirst = false): ''
[2025-02-15T16:29:18.824+0000] {spark_submit.py:641} INFO - 25/02/15 16:29:18 INFO Executor: Fetching file:///home/airflow/.ivy2/jars/org.postgresql_postgresql-42.2.18.jar with timestamp 1739636957903
[2025-02-15T16:29:18.850+0000] {spark_submit.py:641} INFO - 25/02/15 16:29:18 INFO Utils: /home/airflow/.ivy2/jars/org.postgresql_postgresql-42.2.18.jar has been previously copied to /tmp/spark-1d0b89e2-4e28-4985-98d0-8f0cac6623f5/userFiles-67b8124b-3398-496d-aaac-4e676d0320fd/org.postgresql_postgresql-42.2.18.jar
[2025-02-15T16:29:18.864+0000] {spark_submit.py:641} INFO - 25/02/15 16:29:18 INFO Executor: Fetching file:///home/airflow/.ivy2/jars/org.checkerframework_checker-qual-3.5.0.jar with timestamp 1739636957903
[2025-02-15T16:29:18.866+0000] {spark_submit.py:641} INFO - 25/02/15 16:29:18 INFO Utils: /home/airflow/.ivy2/jars/org.checkerframework_checker-qual-3.5.0.jar has been previously copied to /tmp/spark-1d0b89e2-4e28-4985-98d0-8f0cac6623f5/userFiles-67b8124b-3398-496d-aaac-4e676d0320fd/org.checkerframework_checker-qual-3.5.0.jar
[2025-02-15T16:29:18.878+0000] {spark_submit.py:641} INFO - 25/02/15 16:29:18 INFO Executor: Fetching spark://***-airflow-scheduler:35875/jars/postgresql-42.2.18.jar with timestamp 1739636957903
[2025-02-15T16:29:18.914+0000] {spark_submit.py:641} INFO - 25/02/15 16:29:18 INFO TransportClientFactory: Successfully created connection to ***-airflow-scheduler/172.19.0.6:35875 after 25 ms (0 ms spent in bootstraps)
[2025-02-15T16:29:18.919+0000] {spark_submit.py:641} INFO - 25/02/15 16:29:18 INFO Utils: Fetching spark://***-airflow-scheduler:35875/jars/postgresql-42.2.18.jar to /tmp/spark-1d0b89e2-4e28-4985-98d0-8f0cac6623f5/userFiles-67b8124b-3398-496d-aaac-4e676d0320fd/fetchFileTemp11843003054283884037.tmp
[2025-02-15T16:29:19.001+0000] {spark_submit.py:641} INFO - 25/02/15 16:29:19 INFO Executor: Adding file:/tmp/spark-1d0b89e2-4e28-4985-98d0-8f0cac6623f5/userFiles-67b8124b-3398-496d-aaac-4e676d0320fd/postgresql-42.2.18.jar to class loader
[2025-02-15T16:29:19.009+0000] {spark_submit.py:641} INFO - 25/02/15 16:29:19 INFO Utils: Successfully started service 'org.apache.spark.network.netty.NettyBlockTransferService' on port 33337.
[2025-02-15T16:29:19.011+0000] {spark_submit.py:641} INFO - 25/02/15 16:29:19 INFO NettyBlockTransferService: Server created on ***-airflow-scheduler:33337
[2025-02-15T16:29:19.013+0000] {spark_submit.py:641} INFO - 25/02/15 16:29:19 INFO BlockManager: Using org.apache.spark.storage.RandomBlockReplicationPolicy for block replication policy
[2025-02-15T16:29:19.018+0000] {spark_submit.py:641} INFO - 25/02/15 16:29:19 INFO BlockManagerMaster: Registering BlockManager BlockManagerId(driver, ***-airflow-scheduler, 33337, None)
[2025-02-15T16:29:19.022+0000] {spark_submit.py:641} INFO - 25/02/15 16:29:19 INFO BlockManagerMasterEndpoint: Registering block manager ***-airflow-scheduler:33337 with 434.4 MiB RAM, BlockManagerId(driver, ***-airflow-scheduler, 33337, None)
[2025-02-15T16:29:19.025+0000] {spark_submit.py:641} INFO - 25/02/15 16:29:19 INFO BlockManagerMaster: Registered BlockManager BlockManagerId(driver, ***-airflow-scheduler, 33337, None)
[2025-02-15T16:29:19.027+0000] {spark_submit.py:641} INFO - 25/02/15 16:29:19 INFO BlockManager: Initialized BlockManager: BlockManagerId(driver, ***-airflow-scheduler, 33337, None)
[2025-02-15T16:29:23.842+0000] {spark_submit.py:641} INFO - ---------------- MENAMPILKAN DATASET ----------------
[2025-02-15T16:29:24.138+0000] {spark_submit.py:641} INFO - +-----------+-----------------+---------+---------------+------+-------------------+---------------+---+--------------------+-----------------+---------------------+----------+------------------+
[2025-02-15T16:29:24.140+0000] {spark_submit.py:641} INFO - |employee_id|       department|   region|      education|gender|recruitment_channel|no_of_trainings|age|previous_year_rating|length_of_service|KPIs_met_more_than_80|awards_won|avg_training_score|
[2025-02-15T16:29:24.142+0000] {spark_submit.py:641} INFO - +-----------+-----------------+---------+---------------+------+-------------------+---------------+---+--------------------+-----------------+---------------------+----------+------------------+
[2025-02-15T16:29:24.143+0000] {spark_submit.py:641} INFO - |       8724|       Technology|region_26|      Bachelors|     m|           sourcing|              1| 24|                null|                1|                    1|         0|                77|
[2025-02-15T16:29:24.144+0000] {spark_submit.py:641} INFO - |      74430|               HR| region_4|      Bachelors|     f|              other|              1| 31|                   3|                5|                    0|         0|                51|
[2025-02-15T16:29:24.145+0000] {spark_submit.py:641} INFO - |      72255|Sales & Marketing|region_13|      Bachelors|     m|              other|              1| 31|                   1|                4|                    0|         0|                47|
[2025-02-15T16:29:24.146+0000] {spark_submit.py:641} INFO - |      38562|      Procurement| region_2|      Bachelors|     f|              other|              3| 31|                   2|                9|                    0|         0|                65|
[2025-02-15T16:29:24.147+0000] {spark_submit.py:641} INFO - |      64486|          Finance|region_29|      Bachelors|     m|           sourcing|              1| 30|                   4|                7|                    0|         0|                61|
[2025-02-15T16:29:24.148+0000] {spark_submit.py:641} INFO - |      46232|      Procurement| region_7|      Bachelors|     m|           sourcing|              1| 36|                   3|                2|                    0|         0|                68|
[2025-02-15T16:29:24.152+0000] {spark_submit.py:641} INFO - |      54542|          Finance| region_2|      Bachelors|     m|              other|              1| 33|                   5|                3|                    1|         0|                57|
[2025-02-15T16:29:24.153+0000] {spark_submit.py:641} INFO - |      67269|        Analytics|region_22|      Bachelors|     m|           sourcing|              2| 36|                   3|                3|                    0|         0|                85|
[2025-02-15T16:29:24.155+0000] {spark_submit.py:641} INFO - |      66174|       Technology| region_7|Masters & above|     m|              other|              1| 51|                   4|               11|                    0|         0|                75|
[2025-02-15T16:29:24.156+0000] {spark_submit.py:641} INFO - |      76303|       Technology|region_22|      Bachelors|     m|           sourcing|              1| 29|                   5|                2|                    1|         0|                76|
[2025-02-15T16:29:24.158+0000] {spark_submit.py:641} INFO - +-----------+-----------------+---------+---------------+------+-------------------+---------------+---+--------------------+-----------------+---------------------+----------+------------------+
[2025-02-15T16:29:24.159+0000] {spark_submit.py:641} INFO - only showing top 10 rows
[2025-02-15T16:29:24.160+0000] {spark_submit.py:641} INFO - 
[2025-02-15T16:29:24.162+0000] {spark_submit.py:641} INFO - ---------------- MENAMPILKAN TIPE DATA AWAL ----------------
[2025-02-15T16:29:24.163+0000] {spark_submit.py:641} INFO - root
[2025-02-15T16:29:24.164+0000] {spark_submit.py:641} INFO - |-- employee_id: string (nullable = true)
[2025-02-15T16:29:24.167+0000] {spark_submit.py:641} INFO - |-- department: string (nullable = true)
[2025-02-15T16:29:24.170+0000] {spark_submit.py:641} INFO - |-- region: string (nullable = true)
[2025-02-15T16:29:24.172+0000] {spark_submit.py:641} INFO - |-- education: string (nullable = true)
[2025-02-15T16:29:24.173+0000] {spark_submit.py:641} INFO - |-- gender: string (nullable = true)
[2025-02-15T16:29:24.175+0000] {spark_submit.py:641} INFO - |-- recruitment_channel: string (nullable = true)
[2025-02-15T16:29:24.176+0000] {spark_submit.py:641} INFO - |-- no_of_trainings: string (nullable = true)
[2025-02-15T16:29:24.177+0000] {spark_submit.py:641} INFO - |-- age: string (nullable = true)
[2025-02-15T16:29:24.179+0000] {spark_submit.py:641} INFO - |-- previous_year_rating: string (nullable = true)
[2025-02-15T16:29:24.180+0000] {spark_submit.py:641} INFO - |-- length_of_service: string (nullable = true)
[2025-02-15T16:29:24.181+0000] {spark_submit.py:641} INFO - |-- KPIs_met_more_than_80: string (nullable = true)
[2025-02-15T16:29:24.182+0000] {spark_submit.py:641} INFO - |-- awards_won: string (nullable = true)
[2025-02-15T16:29:24.185+0000] {spark_submit.py:641} INFO - |-- avg_training_score: string (nullable = true)
[2025-02-15T16:29:24.187+0000] {spark_submit.py:641} INFO - 
[2025-02-15T16:29:24.288+0000] {spark_submit.py:641} INFO - ---------------- MENAMPILKAN TIPE DATA HASIL TRANSFORMASI ----------------
[2025-02-15T16:29:24.289+0000] {spark_submit.py:641} INFO - root
[2025-02-15T16:29:24.291+0000] {spark_submit.py:641} INFO - |-- employee_id: string (nullable = true)
[2025-02-15T16:29:24.292+0000] {spark_submit.py:641} INFO - |-- department: string (nullable = true)
[2025-02-15T16:29:24.295+0000] {spark_submit.py:641} INFO - |-- region: string (nullable = true)
[2025-02-15T16:29:24.297+0000] {spark_submit.py:641} INFO - |-- education: string (nullable = true)
[2025-02-15T16:29:24.298+0000] {spark_submit.py:641} INFO - |-- gender: string (nullable = true)
[2025-02-15T16:29:24.300+0000] {spark_submit.py:641} INFO - |-- recruitment_channel: string (nullable = true)
[2025-02-15T16:29:24.302+0000] {spark_submit.py:641} INFO - |-- no_of_trainings: integer (nullable = true)
[2025-02-15T16:29:24.304+0000] {spark_submit.py:641} INFO - |-- age: integer (nullable = true)
[2025-02-15T16:29:24.306+0000] {spark_submit.py:641} INFO - |-- previous_year_rating: integer (nullable = true)
[2025-02-15T16:29:24.307+0000] {spark_submit.py:641} INFO - |-- length_of_service: integer (nullable = true)
[2025-02-15T16:29:24.308+0000] {spark_submit.py:641} INFO - |-- KPIs_met_more_than_80: integer (nullable = true)
[2025-02-15T16:29:24.310+0000] {spark_submit.py:641} INFO - |-- awards_won: integer (nullable = true)
[2025-02-15T16:29:24.311+0000] {spark_submit.py:641} INFO - |-- avg_training_score: integer (nullable = true)
[2025-02-15T16:29:24.313+0000] {spark_submit.py:641} INFO - 
[2025-02-15T16:29:24.314+0000] {spark_submit.py:641} INFO - ---------------- MENAMPILKAN BANYAK DATA NULL DI SETIAP KOLOM ----------------
[2025-02-15T16:29:25.319+0000] {spark_submit.py:641} INFO - +----------------+---------------+-----------+--------------+-----------+------------------------+--------------------+--------+-------------------------+----------------------+--------------------------+---------------+-----------------------+
[2025-02-15T16:29:25.321+0000] {spark_submit.py:641} INFO - |employee_id_null|department_null|region_null|education_null|gender_null|recruitment_channel_null|no_of_trainings_null|age_null|previous_year_rating_null|length_of_service_null|KPIs_met_more_than_80_null|awards_won_null|avg_training_score_nuli|
[2025-02-15T16:29:25.323+0000] {spark_submit.py:641} INFO - +----------------+---------------+-----------+--------------+-----------+------------------------+--------------------+--------+-------------------------+----------------------+--------------------------+---------------+-----------------------+
[2025-02-15T16:29:25.324+0000] {spark_submit.py:641} INFO - |               0|              0|          0|           771|          0|                       0|                   0|       0|                     1363|                     0|                         0|              0|                      0|
[2025-02-15T16:29:25.326+0000] {spark_submit.py:641} INFO - +----------------+---------------+-----------+--------------+-----------+------------------------+--------------------+--------+-------------------------+----------------------+--------------------------+---------------+-----------------------+
[2025-02-15T16:29:25.327+0000] {spark_submit.py:641} INFO - 
[2025-02-15T16:29:25.328+0000] {spark_submit.py:641} INFO - ---------------- NULL HANDLING PADA KOLOM EDUCATION & PREVIOUS_YEAR_RATING ----------------
[2025-02-15T16:29:25.700+0000] {spark_submit.py:641} INFO - +--------------+-------------------------+
[2025-02-15T16:29:25.702+0000] {spark_submit.py:641} INFO - |education_null|previous_year_rating_null|
[2025-02-15T16:29:25.703+0000] {spark_submit.py:641} INFO - +--------------+-------------------------+
[2025-02-15T16:29:25.708+0000] {spark_submit.py:641} INFO - |             0|                        0|
[2025-02-15T16:29:25.710+0000] {spark_submit.py:641} INFO - +--------------+-------------------------+
[2025-02-15T16:29:25.711+0000] {spark_submit.py:641} INFO - 
[2025-02-15T16:29:25.712+0000] {spark_submit.py:641} INFO - ---------------- MENAMPILKAN BANYAK DATA DUPLIKAT BERDASARKAN EMPLOYEE_ID ----------------
[2025-02-15T16:29:26.762+0000] {spark_submit.py:641} INFO - +-----------+------+
[2025-02-15T16:29:26.764+0000] {spark_submit.py:641} INFO - |employee_id|jumlah|
[2025-02-15T16:29:26.765+0000] {spark_submit.py:641} INFO - +-----------+------+
[2025-02-15T16:29:26.766+0000] {spark_submit.py:641} INFO - |      64573|     2|
[2025-02-15T16:29:26.768+0000] {spark_submit.py:641} INFO - |      49584|     3|
[2025-02-15T16:29:26.769+0000] {spark_submit.py:641} INFO - +-----------+------+
[2025-02-15T16:29:26.770+0000] {spark_submit.py:641} INFO - 
[2025-02-15T16:29:26.772+0000] {spark_submit.py:641} INFO - Traceback (most recent call last):
[2025-02-15T16:29:26.773+0000] {spark_submit.py:641} INFO - File "/spark-scripts/***_etl.py", line 93, in <module>
[2025-02-15T16:29:26.775+0000] {spark_submit.py:641} INFO - df_duplicates.show()
[2025-02-15T16:29:26.776+0000] {spark_submit.py:641} INFO - AttributeError: 'NoneType' object has no attribute 'show'
[2025-02-15T16:29:26.955+0000] {taskinstance.py:3311} ERROR - Task failed with exception
Traceback (most recent call last):
  File "/home/airflow/.local/lib/python3.9/site-packages/airflow/models/taskinstance.py", line 767, in _execute_task
    result = _execute_callable(context=context, **execute_callable_kwargs)
  File "/home/airflow/.local/lib/python3.9/site-packages/airflow/models/taskinstance.py", line 733, in _execute_callable
    return ExecutionCallableRunner(
  File "/home/airflow/.local/lib/python3.9/site-packages/airflow/utils/operator_helpers.py", line 252, in run
    return self.func(*args, **kwargs)
  File "/home/airflow/.local/lib/python3.9/site-packages/airflow/models/baseoperator.py", line 422, in wrapper
    return func(self, *args, **kwargs)
  File "/home/airflow/.local/lib/python3.9/site-packages/airflow/providers/apache/spark/operators/spark_submit.py", line 177, in execute
    self._hook.submit(self.application)
  File "/home/airflow/.local/lib/python3.9/site-packages/airflow/providers/apache/spark/hooks/spark_submit.py", line 567, in submit
    raise AirflowException(
airflow.exceptions.AirflowException: Cannot execute: spark-submit --master spark://***-spark-master:7077 --packages org.postgresql:postgresql:42.2.18 --name arrow-spark /spark-scripts/***_etl.py. Error code is: 1.
[2025-02-15T16:29:26.965+0000] {taskinstance.py:1225} INFO - Marking task as FAILED. dag_id=***_elt_dag, task_id=etl_task, run_id=manual__2025-02-15T16:11:46.573734+00:00, execution_date=20250215T161146, start_date=20250215T162914, end_date=20250215T162926
[2025-02-15T16:29:26.987+0000] {taskinstance.py:340} INFO - ::group::Post task execution logs
[2025-02-15T16:29:26.990+0000] {standard_task_runner.py:124} ERROR - Failed to execute job 12 for task etl_task (Cannot execute: spark-submit --master spark://***-spark-master:7077 --packages org.postgresql:postgresql:42.2.18 --name arrow-spark /spark-scripts/***_etl.py. Error code is: 1.; 3150)
Traceback (most recent call last):
  File "/home/airflow/.local/lib/python3.9/site-packages/airflow/task/task_runner/standard_task_runner.py", line 117, in _start_by_fork
    ret = args.func(args, dag=self.dag)
  File "/home/airflow/.local/lib/python3.9/site-packages/airflow/cli/cli_config.py", line 49, in command
    return func(*args, **kwargs)
  File "/home/airflow/.local/lib/python3.9/site-packages/airflow/utils/cli.py", line 116, in wrapper
    return f(*args, **kwargs)
  File "/home/airflow/.local/lib/python3.9/site-packages/airflow/cli/commands/task_command.py", line 483, in task_run
    task_return_code = _run_task_by_selected_method(args, _dag, ti)
  File "/home/airflow/.local/lib/python3.9/site-packages/airflow/cli/commands/task_command.py", line 256, in _run_task_by_selected_method
    return _run_raw_task(args, ti)
  File "/home/airflow/.local/lib/python3.9/site-packages/airflow/cli/commands/task_command.py", line 341, in _run_raw_task
    return ti._run_raw_task(
  File "/home/airflow/.local/lib/python3.9/site-packages/airflow/utils/session.py", line 97, in wrapper
    return func(*args, session=session, **kwargs)
  File "/home/airflow/.local/lib/python3.9/site-packages/airflow/models/taskinstance.py", line 3005, in _run_raw_task
    return _run_raw_task(
  File "/home/airflow/.local/lib/python3.9/site-packages/airflow/models/taskinstance.py", line 273, in _run_raw_task
    TaskInstance._execute_task_with_callbacks(
  File "/home/airflow/.local/lib/python3.9/site-packages/airflow/models/taskinstance.py", line 3159, in _execute_task_with_callbacks
    result = self._execute_task(context, task_orig)
  File "/home/airflow/.local/lib/python3.9/site-packages/airflow/models/taskinstance.py", line 3183, in _execute_task
    return _execute_task(self, context, task_orig)
  File "/home/airflow/.local/lib/python3.9/site-packages/airflow/models/taskinstance.py", line 767, in _execute_task
    result = _execute_callable(context=context, **execute_callable_kwargs)
  File "/home/airflow/.local/lib/python3.9/site-packages/airflow/models/taskinstance.py", line 733, in _execute_callable
    return ExecutionCallableRunner(
  File "/home/airflow/.local/lib/python3.9/site-packages/airflow/utils/operator_helpers.py", line 252, in run
    return self.func(*args, **kwargs)
  File "/home/airflow/.local/lib/python3.9/site-packages/airflow/models/baseoperator.py", line 422, in wrapper
    return func(self, *args, **kwargs)
  File "/home/airflow/.local/lib/python3.9/site-packages/airflow/providers/apache/spark/operators/spark_submit.py", line 177, in execute
    self._hook.submit(self.application)
  File "/home/airflow/.local/lib/python3.9/site-packages/airflow/providers/apache/spark/hooks/spark_submit.py", line 567, in submit
    raise AirflowException(
airflow.exceptions.AirflowException: Cannot execute: spark-submit --master spark://***-spark-master:7077 --packages org.postgresql:postgresql:42.2.18 --name arrow-spark /spark-scripts/***_etl.py. Error code is: 1.
[2025-02-15T16:29:27.018+0000] {local_task_job_runner.py:266} INFO - Task exited with return code 1
[2025-02-15T16:29:27.038+0000] {taskinstance.py:3895} INFO - 0 downstream tasks scheduled from follow-on schedule check
[2025-02-15T16:29:27.044+0000] {local_task_job_runner.py:245} INFO - ::endgroup::
