[2025-02-15T16:41:22.833+0000] {local_task_job_runner.py:123} INFO - ::group::Pre task execution logs
[2025-02-15T16:41:22.854+0000] {taskinstance.py:2613} INFO - Dependencies all met for dep_context=non-requeueable deps ti=<TaskInstance: finprode8_elt_dag.etl_task manual__2025-02-15T16:11:46.573734+00:00 [queued]>
[2025-02-15T16:41:22.870+0000] {taskinstance.py:2613} INFO - Dependencies all met for dep_context=requeueable deps ti=<TaskInstance: finprode8_elt_dag.etl_task manual__2025-02-15T16:11:46.573734+00:00 [queued]>
[2025-02-15T16:41:22.873+0000] {taskinstance.py:2866} INFO - Starting attempt 11 of 11
[2025-02-15T16:41:22.891+0000] {taskinstance.py:2889} INFO - Executing <Task(SparkSubmitOperator): etl_task> on 2025-02-15 16:11:46.573734+00:00
[2025-02-15T16:41:22.903+0000] {standard_task_runner.py:72} INFO - Started process 3706 to run task
[2025-02-15T16:41:22.908+0000] {standard_task_runner.py:104} INFO - Running: ['airflow', 'tasks', 'run', '***_elt_dag', 'etl_task', 'manual__2025-02-15T16:11:46.573734+00:00', '--job-id', '14', '--raw', '--subdir', 'DAGS_FOLDER/***_etl_dag.py', '--cfg-path', '/tmp/tmpphp4zode']
[2025-02-15T16:41:22.912+0000] {standard_task_runner.py:105} INFO - Job 14: Subtask etl_task
[2025-02-15T16:41:22.936+0000] {logging_mixin.py:190} WARNING - /home/airflow/.local/lib/python3.9/site-packages/airflow/settings.py:209 DeprecationWarning: The sql_alchemy_conn option in [core] has been moved to the sql_alchemy_conn option in [database] - the old setting has been used, but please update your config.
[2025-02-15T16:41:22.987+0000] {task_command.py:467} INFO - Running <TaskInstance: finprode8_elt_dag.etl_task manual__2025-02-15T16:11:46.573734+00:00 [running]> on host ***-airflow-scheduler
[2025-02-15T16:41:23.102+0000] {taskinstance.py:3132} INFO - Exporting env vars: AIRFLOW_CTX_DAG_OWNER='ratih malini' AIRFLOW_CTX_DAG_ID='***_elt_dag' AIRFLOW_CTX_TASK_ID='etl_task' AIRFLOW_CTX_EXECUTION_DATE='2025-02-15T16:11:46.573734+00:00' AIRFLOW_CTX_TRY_NUMBER='11' AIRFLOW_CTX_DAG_RUN_ID='manual__2025-02-15T16:11:46.573734+00:00'
[2025-02-15T16:41:23.106+0000] {taskinstance.py:731} INFO - ::endgroup::
[2025-02-15T16:41:23.144+0000] {base.py:84} INFO - Retrieving connection 'spark_main'
[2025-02-15T16:41:23.147+0000] {spark_submit.py:474} INFO - Spark-Submit cmd: spark-submit --master spark://***-spark-master:7077 --packages org.postgresql:postgresql:42.2.18 --name arrow-spark /spark-scripts/***_etl.py
[2025-02-15T16:41:25.089+0000] {spark_submit.py:641} INFO - :: loading settings :: url = jar:file:/home/airflow/.local/lib/python3.9/site-packages/pyspark/jars/ivy-2.5.1.jar!/org/apache/ivy/core/settings/ivysettings.xml
[2025-02-15T16:41:25.209+0000] {spark_submit.py:641} INFO - Ivy Default Cache set to: /home/airflow/.ivy2/cache
[2025-02-15T16:41:25.211+0000] {spark_submit.py:641} INFO - The jars for the packages stored in: /home/airflow/.ivy2/jars
[2025-02-15T16:41:25.215+0000] {spark_submit.py:641} INFO - org.postgresql#postgresql added as a dependency
[2025-02-15T16:41:25.217+0000] {spark_submit.py:641} INFO - :: resolving dependencies :: org.apache.spark#spark-submit-parent-856523f8-8b35-4c74-9482-308bfc8417e0;1.0
[2025-02-15T16:41:25.219+0000] {spark_submit.py:641} INFO - confs: [default]
[2025-02-15T16:41:25.345+0000] {spark_submit.py:641} INFO - found org.postgresql#postgresql;42.2.18 in central
[2025-02-15T16:41:25.373+0000] {spark_submit.py:641} INFO - found org.checkerframework#checker-qual;3.5.0 in central
[2025-02-15T16:41:25.392+0000] {spark_submit.py:641} INFO - :: resolution report :: resolve 167ms :: artifacts dl 8ms
[2025-02-15T16:41:25.394+0000] {spark_submit.py:641} INFO - :: modules in use:
[2025-02-15T16:41:25.396+0000] {spark_submit.py:641} INFO - org.checkerframework#checker-qual;3.5.0 from central in [default]
[2025-02-15T16:41:25.398+0000] {spark_submit.py:641} INFO - org.postgresql#postgresql;42.2.18 from central in [default]
[2025-02-15T16:41:25.400+0000] {spark_submit.py:641} INFO - ---------------------------------------------------------------------
[2025-02-15T16:41:25.401+0000] {spark_submit.py:641} INFO - |                  |            modules            ||   artifacts   |
[2025-02-15T16:41:25.404+0000] {spark_submit.py:641} INFO - |       conf       | number| search|dwnlded|evicted|| number|dwnlded|
[2025-02-15T16:41:25.406+0000] {spark_submit.py:641} INFO - ---------------------------------------------------------------------
[2025-02-15T16:41:25.407+0000] {spark_submit.py:641} INFO - |      default     |   2   |   0   |   0   |   0   ||   2   |   0   |
[2025-02-15T16:41:25.409+0000] {spark_submit.py:641} INFO - ---------------------------------------------------------------------
[2025-02-15T16:41:25.411+0000] {spark_submit.py:641} INFO - :: retrieving :: org.apache.spark#spark-submit-parent-856523f8-8b35-4c74-9482-308bfc8417e0
[2025-02-15T16:41:25.412+0000] {spark_submit.py:641} INFO - confs: [default]
[2025-02-15T16:41:25.414+0000] {spark_submit.py:641} INFO - 0 artifacts copied, 2 already retrieved (0kB/8ms)
[2025-02-15T16:41:25.674+0000] {spark_submit.py:641} INFO - 25/02/15 16:41:25 WARN NativeCodeLoader: Unable to load native-hadoop library for your platform... using builtin-java classes where applicable
[2025-02-15T16:41:26.776+0000] {spark_submit.py:641} INFO - 25/02/15 16:41:26 INFO SparkContext: Running Spark version 3.3.2
[2025-02-15T16:41:26.812+0000] {spark_submit.py:641} INFO - 25/02/15 16:41:26 INFO ResourceUtils: ==============================================================
[2025-02-15T16:41:26.815+0000] {spark_submit.py:641} INFO - 25/02/15 16:41:26 INFO ResourceUtils: No custom resources configured for spark.driver.
[2025-02-15T16:41:26.818+0000] {spark_submit.py:641} INFO - 25/02/15 16:41:26 INFO ResourceUtils: ==============================================================
[2025-02-15T16:41:26.819+0000] {spark_submit.py:641} INFO - 25/02/15 16:41:26 INFO SparkContext: Submitted application: ***
[2025-02-15T16:41:26.846+0000] {spark_submit.py:641} INFO - 25/02/15 16:41:26 INFO ResourceProfile: Default ResourceProfile created, executor resources: Map(cores -> name: cores, amount: 1, script: , vendor: , memory -> name: memory, amount: 1024, script: , vendor: , offHeap -> name: offHeap, amount: 0, script: , vendor: ), task resources: Map(cpus -> name: cpus, amount: 1.0)
[2025-02-15T16:41:26.854+0000] {spark_submit.py:641} INFO - 25/02/15 16:41:26 INFO ResourceProfile: Limiting resource is cpu
[2025-02-15T16:41:26.857+0000] {spark_submit.py:641} INFO - 25/02/15 16:41:26 INFO ResourceProfileManager: Added ResourceProfile id: 0
[2025-02-15T16:41:26.903+0000] {spark_submit.py:641} INFO - 25/02/15 16:41:26 INFO SecurityManager: Changing view acls to: airflow
[2025-02-15T16:41:26.905+0000] {spark_submit.py:641} INFO - 25/02/15 16:41:26 INFO SecurityManager: Changing modify acls to: airflow
[2025-02-15T16:41:26.908+0000] {spark_submit.py:641} INFO - 25/02/15 16:41:26 INFO SecurityManager: Changing view acls groups to:
[2025-02-15T16:41:26.910+0000] {spark_submit.py:641} INFO - 25/02/15 16:41:26 INFO SecurityManager: Changing modify acls groups to:
[2025-02-15T16:41:26.912+0000] {spark_submit.py:641} INFO - 25/02/15 16:41:26 INFO SecurityManager: SecurityManager: authentication disabled; ui acls disabled; users  with view permissions: Set(airflow); groups with view permissions: Set(); users  with modify permissions: Set(airflow); groups with modify permissions: Set()
[2025-02-15T16:41:27.183+0000] {spark_submit.py:641} INFO - 25/02/15 16:41:27 INFO Utils: Successfully started service 'sparkDriver' on port 37501.
[2025-02-15T16:41:27.223+0000] {spark_submit.py:641} INFO - 25/02/15 16:41:27 INFO SparkEnv: Registering MapOutputTracker
[2025-02-15T16:41:27.265+0000] {spark_submit.py:641} INFO - 25/02/15 16:41:27 INFO SparkEnv: Registering BlockManagerMaster
[2025-02-15T16:41:27.290+0000] {spark_submit.py:641} INFO - 25/02/15 16:41:27 INFO BlockManagerMasterEndpoint: Using org.apache.spark.storage.DefaultTopologyMapper for getting topology information
[2025-02-15T16:41:27.292+0000] {spark_submit.py:641} INFO - 25/02/15 16:41:27 INFO BlockManagerMasterEndpoint: BlockManagerMasterEndpoint up
[2025-02-15T16:41:27.301+0000] {spark_submit.py:641} INFO - 25/02/15 16:41:27 INFO SparkEnv: Registering BlockManagerMasterHeartbeat
[2025-02-15T16:41:27.326+0000] {spark_submit.py:641} INFO - 25/02/15 16:41:27 INFO DiskBlockManager: Created local directory at /tmp/blockmgr-b6e5951f-90ba-470c-9048-2b6016c74247
[2025-02-15T16:41:27.345+0000] {spark_submit.py:641} INFO - 25/02/15 16:41:27 INFO MemoryStore: MemoryStore started with capacity 434.4 MiB
[2025-02-15T16:41:27.363+0000] {spark_submit.py:641} INFO - 25/02/15 16:41:27 INFO SparkEnv: Registering OutputCommitCoordinator
[2025-02-15T16:41:27.571+0000] {spark_submit.py:641} INFO - 25/02/15 16:41:27 INFO Utils: Successfully started service 'SparkUI' on port 4040.
[2025-02-15T16:41:27.622+0000] {spark_submit.py:641} INFO - 25/02/15 16:41:27 INFO SparkContext: Added JAR /spark-scripts/jars/postgresql-42.2.18.jar at spark://***-airflow-scheduler:37501/jars/postgresql-42.2.18.jar with timestamp 1739637686760
[2025-02-15T16:41:27.624+0000] {spark_submit.py:641} INFO - 25/02/15 16:41:27 INFO SparkContext: Added file file:///home/airflow/.ivy2/jars/org.postgresql_postgresql-42.2.18.jar at file:///home/airflow/.ivy2/jars/org.postgresql_postgresql-42.2.18.jar with timestamp 1739637686760
[2025-02-15T16:41:27.626+0000] {spark_submit.py:641} INFO - 25/02/15 16:41:27 INFO Utils: Copying /home/airflow/.ivy2/jars/org.postgresql_postgresql-42.2.18.jar to /tmp/spark-6effda38-f25f-48fa-86b3-8c5dbe4ea44d/userFiles-ab4880bb-dc10-4dcb-be3b-21422e15852b/org.postgresql_postgresql-42.2.18.jar
[2025-02-15T16:41:27.650+0000] {spark_submit.py:641} INFO - 25/02/15 16:41:27 INFO SparkContext: Added file file:///home/airflow/.ivy2/jars/org.checkerframework_checker-qual-3.5.0.jar at file:///home/airflow/.ivy2/jars/org.checkerframework_checker-qual-3.5.0.jar with timestamp 1739637686760
[2025-02-15T16:41:27.652+0000] {spark_submit.py:641} INFO - 25/02/15 16:41:27 INFO Utils: Copying /home/airflow/.ivy2/jars/org.checkerframework_checker-qual-3.5.0.jar to /tmp/spark-6effda38-f25f-48fa-86b3-8c5dbe4ea44d/userFiles-ab4880bb-dc10-4dcb-be3b-21422e15852b/org.checkerframework_checker-qual-3.5.0.jar
[2025-02-15T16:41:27.736+0000] {spark_submit.py:641} INFO - 25/02/15 16:41:27 INFO Executor: Starting executor ID driver on host ***-airflow-scheduler
[2025-02-15T16:41:27.742+0000] {spark_submit.py:641} INFO - 25/02/15 16:41:27 INFO Executor: Starting executor with user classpath (userClassPathFirst = false): ''
[2025-02-15T16:41:27.759+0000] {spark_submit.py:641} INFO - 25/02/15 16:41:27 INFO Executor: Fetching file:///home/airflow/.ivy2/jars/org.postgresql_postgresql-42.2.18.jar with timestamp 1739637686760
[2025-02-15T16:41:27.781+0000] {spark_submit.py:641} INFO - 25/02/15 16:41:27 INFO Utils: /home/airflow/.ivy2/jars/org.postgresql_postgresql-42.2.18.jar has been previously copied to /tmp/spark-6effda38-f25f-48fa-86b3-8c5dbe4ea44d/userFiles-ab4880bb-dc10-4dcb-be3b-21422e15852b/org.postgresql_postgresql-42.2.18.jar
[2025-02-15T16:41:27.798+0000] {spark_submit.py:641} INFO - 25/02/15 16:41:27 INFO Executor: Fetching file:///home/airflow/.ivy2/jars/org.checkerframework_checker-qual-3.5.0.jar with timestamp 1739637686760
[2025-02-15T16:41:27.801+0000] {spark_submit.py:641} INFO - 25/02/15 16:41:27 INFO Utils: /home/airflow/.ivy2/jars/org.checkerframework_checker-qual-3.5.0.jar has been previously copied to /tmp/spark-6effda38-f25f-48fa-86b3-8c5dbe4ea44d/userFiles-ab4880bb-dc10-4dcb-be3b-21422e15852b/org.checkerframework_checker-qual-3.5.0.jar
[2025-02-15T16:41:27.820+0000] {spark_submit.py:641} INFO - 25/02/15 16:41:27 INFO Executor: Fetching spark://***-airflow-scheduler:37501/jars/postgresql-42.2.18.jar with timestamp 1739637686760
[2025-02-15T16:41:27.860+0000] {spark_submit.py:641} INFO - 25/02/15 16:41:27 INFO TransportClientFactory: Successfully created connection to ***-airflow-scheduler/172.19.0.6:37501 after 27 ms (0 ms spent in bootstraps)
[2025-02-15T16:41:27.867+0000] {spark_submit.py:641} INFO - 25/02/15 16:41:27 INFO Utils: Fetching spark://***-airflow-scheduler:37501/jars/postgresql-42.2.18.jar to /tmp/spark-6effda38-f25f-48fa-86b3-8c5dbe4ea44d/userFiles-ab4880bb-dc10-4dcb-be3b-21422e15852b/fetchFileTemp10310976758329402935.tmp
[2025-02-15T16:41:27.946+0000] {spark_submit.py:641} INFO - 25/02/15 16:41:27 INFO Executor: Adding file:/tmp/spark-6effda38-f25f-48fa-86b3-8c5dbe4ea44d/userFiles-ab4880bb-dc10-4dcb-be3b-21422e15852b/postgresql-42.2.18.jar to class loader
[2025-02-15T16:41:27.956+0000] {spark_submit.py:641} INFO - 25/02/15 16:41:27 INFO Utils: Successfully started service 'org.apache.spark.network.netty.NettyBlockTransferService' on port 33599.
[2025-02-15T16:41:27.958+0000] {spark_submit.py:641} INFO - 25/02/15 16:41:27 INFO NettyBlockTransferService: Server created on ***-airflow-scheduler:33599
[2025-02-15T16:41:27.959+0000] {spark_submit.py:641} INFO - 25/02/15 16:41:27 INFO BlockManager: Using org.apache.spark.storage.RandomBlockReplicationPolicy for block replication policy
[2025-02-15T16:41:27.965+0000] {spark_submit.py:641} INFO - 25/02/15 16:41:27 INFO BlockManagerMaster: Registering BlockManager BlockManagerId(driver, ***-airflow-scheduler, 33599, None)
[2025-02-15T16:41:27.972+0000] {spark_submit.py:641} INFO - 25/02/15 16:41:27 INFO BlockManagerMasterEndpoint: Registering block manager ***-airflow-scheduler:33599 with 434.4 MiB RAM, BlockManagerId(driver, ***-airflow-scheduler, 33599, None)
[2025-02-15T16:41:27.975+0000] {spark_submit.py:641} INFO - 25/02/15 16:41:27 INFO BlockManagerMaster: Registered BlockManager BlockManagerId(driver, ***-airflow-scheduler, 33599, None)
[2025-02-15T16:41:27.977+0000] {spark_submit.py:641} INFO - 25/02/15 16:41:27 INFO BlockManager: Initialized BlockManager: BlockManagerId(driver, ***-airflow-scheduler, 33599, None)
[2025-02-15T16:41:32.326+0000] {spark_submit.py:641} INFO - ---------------- MENAMPILKAN DATASET ----------------
[2025-02-15T16:41:32.563+0000] {spark_submit.py:641} INFO - +-----------+-----------------+---------+---------------+------+-------------------+---------------+---+--------------------+-----------------+---------------------+----------+------------------+
[2025-02-15T16:41:32.564+0000] {spark_submit.py:641} INFO - |employee_id|       department|   region|      education|gender|recruitment_channel|no_of_trainings|age|previous_year_rating|length_of_service|KPIs_met_more_than_80|awards_won|avg_training_score|
[2025-02-15T16:41:32.566+0000] {spark_submit.py:641} INFO - +-----------+-----------------+---------+---------------+------+-------------------+---------------+---+--------------------+-----------------+---------------------+----------+------------------+
[2025-02-15T16:41:32.568+0000] {spark_submit.py:641} INFO - |       8724|       Technology|region_26|      Bachelors|     m|           sourcing|              1| 24|                null|                1|                    1|         0|                77|
[2025-02-15T16:41:32.570+0000] {spark_submit.py:641} INFO - |      74430|               HR| region_4|      Bachelors|     f|              other|              1| 31|                   3|                5|                    0|         0|                51|
[2025-02-15T16:41:32.571+0000] {spark_submit.py:641} INFO - |      72255|Sales & Marketing|region_13|      Bachelors|     m|              other|              1| 31|                   1|                4|                    0|         0|                47|
[2025-02-15T16:41:32.573+0000] {spark_submit.py:641} INFO - |      38562|      Procurement| region_2|      Bachelors|     f|              other|              3| 31|                   2|                9|                    0|         0|                65|
[2025-02-15T16:41:32.574+0000] {spark_submit.py:641} INFO - |      64486|          Finance|region_29|      Bachelors|     m|           sourcing|              1| 30|                   4|                7|                    0|         0|                61|
[2025-02-15T16:41:32.575+0000] {spark_submit.py:641} INFO - |      46232|      Procurement| region_7|      Bachelors|     m|           sourcing|              1| 36|                   3|                2|                    0|         0|                68|
[2025-02-15T16:41:32.577+0000] {spark_submit.py:641} INFO - |      54542|          Finance| region_2|      Bachelors|     m|              other|              1| 33|                   5|                3|                    1|         0|                57|
[2025-02-15T16:41:32.578+0000] {spark_submit.py:641} INFO - |      67269|        Analytics|region_22|      Bachelors|     m|           sourcing|              2| 36|                   3|                3|                    0|         0|                85|
[2025-02-15T16:41:32.580+0000] {spark_submit.py:641} INFO - |      66174|       Technology| region_7|Masters & above|     m|              other|              1| 51|                   4|               11|                    0|         0|                75|
[2025-02-15T16:41:32.581+0000] {spark_submit.py:641} INFO - |      76303|       Technology|region_22|      Bachelors|     m|           sourcing|              1| 29|                   5|                2|                    1|         0|                76|
[2025-02-15T16:41:32.582+0000] {spark_submit.py:641} INFO - +-----------+-----------------+---------+---------------+------+-------------------+---------------+---+--------------------+-----------------+---------------------+----------+------------------+
[2025-02-15T16:41:32.584+0000] {spark_submit.py:641} INFO - only showing top 10 rows
[2025-02-15T16:41:32.586+0000] {spark_submit.py:641} INFO - 
[2025-02-15T16:41:32.588+0000] {spark_submit.py:641} INFO - ---------------- MENAMPILKAN TIPE DATA AWAL ----------------
[2025-02-15T16:41:32.589+0000] {spark_submit.py:641} INFO - root
[2025-02-15T16:41:32.591+0000] {spark_submit.py:641} INFO - |-- employee_id: string (nullable = true)
[2025-02-15T16:41:32.592+0000] {spark_submit.py:641} INFO - |-- department: string (nullable = true)
[2025-02-15T16:41:32.593+0000] {spark_submit.py:641} INFO - |-- region: string (nullable = true)
[2025-02-15T16:41:32.595+0000] {spark_submit.py:641} INFO - |-- education: string (nullable = true)
[2025-02-15T16:41:32.596+0000] {spark_submit.py:641} INFO - |-- gender: string (nullable = true)
[2025-02-15T16:41:32.597+0000] {spark_submit.py:641} INFO - |-- recruitment_channel: string (nullable = true)
[2025-02-15T16:41:32.598+0000] {spark_submit.py:641} INFO - |-- no_of_trainings: string (nullable = true)
[2025-02-15T16:41:32.600+0000] {spark_submit.py:641} INFO - |-- age: string (nullable = true)
[2025-02-15T16:41:32.602+0000] {spark_submit.py:641} INFO - |-- previous_year_rating: string (nullable = true)
[2025-02-15T16:41:32.604+0000] {spark_submit.py:641} INFO - |-- length_of_service: string (nullable = true)
[2025-02-15T16:41:32.605+0000] {spark_submit.py:641} INFO - |-- KPIs_met_more_than_80: string (nullable = true)
[2025-02-15T16:41:32.606+0000] {spark_submit.py:641} INFO - |-- awards_won: string (nullable = true)
[2025-02-15T16:41:32.608+0000] {spark_submit.py:641} INFO - |-- avg_training_score: string (nullable = true)
[2025-02-15T16:41:32.609+0000] {spark_submit.py:641} INFO - 
[2025-02-15T16:41:32.675+0000] {spark_submit.py:641} INFO - ---------------- MENAMPILKAN TIPE DATA HASIL TRANSFORMASI ----------------
[2025-02-15T16:41:32.677+0000] {spark_submit.py:641} INFO - root
[2025-02-15T16:41:32.679+0000] {spark_submit.py:641} INFO - |-- employee_id: string (nullable = true)
[2025-02-15T16:41:32.681+0000] {spark_submit.py:641} INFO - |-- department: string (nullable = true)
[2025-02-15T16:41:32.682+0000] {spark_submit.py:641} INFO - |-- region: string (nullable = true)
[2025-02-15T16:41:32.686+0000] {spark_submit.py:641} INFO - |-- education: string (nullable = true)
[2025-02-15T16:41:32.688+0000] {spark_submit.py:641} INFO - |-- gender: string (nullable = true)
[2025-02-15T16:41:32.689+0000] {spark_submit.py:641} INFO - |-- recruitment_channel: string (nullable = true)
[2025-02-15T16:41:32.691+0000] {spark_submit.py:641} INFO - |-- no_of_trainings: integer (nullable = true)
[2025-02-15T16:41:32.692+0000] {spark_submit.py:641} INFO - |-- age: integer (nullable = true)
[2025-02-15T16:41:32.694+0000] {spark_submit.py:641} INFO - |-- previous_year_rating: integer (nullable = true)
[2025-02-15T16:41:32.695+0000] {spark_submit.py:641} INFO - |-- length_of_service: integer (nullable = true)
[2025-02-15T16:41:32.696+0000] {spark_submit.py:641} INFO - |-- KPIs_met_more_than_80: integer (nullable = true)
[2025-02-15T16:41:32.697+0000] {spark_submit.py:641} INFO - |-- awards_won: integer (nullable = true)
[2025-02-15T16:41:32.699+0000] {spark_submit.py:641} INFO - |-- avg_training_score: integer (nullable = true)
[2025-02-15T16:41:32.700+0000] {spark_submit.py:641} INFO - 
[2025-02-15T16:41:32.703+0000] {spark_submit.py:641} INFO - ---------------- MENAMPILKAN BANYAK DATA NULL DI SETIAP KOLOM ----------------
[2025-02-15T16:41:33.721+0000] {spark_submit.py:641} INFO - +----------------+---------------+-----------+--------------+-----------+------------------------+--------------------+--------+-------------------------+----------------------+--------------------------+---------------+-----------------------+
[2025-02-15T16:41:33.723+0000] {spark_submit.py:641} INFO - |employee_id_null|department_null|region_null|education_null|gender_null|recruitment_channel_null|no_of_trainings_null|age_null|previous_year_rating_null|length_of_service_null|KPIs_met_more_than_80_null|awards_won_null|avg_training_score_nuli|
[2025-02-15T16:41:33.725+0000] {spark_submit.py:641} INFO - +----------------+---------------+-----------+--------------+-----------+------------------------+--------------------+--------+-------------------------+----------------------+--------------------------+---------------+-----------------------+
[2025-02-15T16:41:33.726+0000] {spark_submit.py:641} INFO - |               0|              0|          0|           771|          0|                       0|                   0|       0|                     1363|                     0|                         0|              0|                      0|
[2025-02-15T16:41:33.727+0000] {spark_submit.py:641} INFO - +----------------+---------------+-----------+--------------+-----------+------------------------+--------------------+--------+-------------------------+----------------------+--------------------------+---------------+-----------------------+
[2025-02-15T16:41:33.729+0000] {spark_submit.py:641} INFO - 
[2025-02-15T16:41:33.731+0000] {spark_submit.py:641} INFO - ---------------- NULL HANDLING PADA KOLOM EDUCATION & PREVIOUS_YEAR_RATING ----------------
[2025-02-15T16:41:34.083+0000] {spark_submit.py:641} INFO - +--------------+-------------------------+
[2025-02-15T16:41:34.085+0000] {spark_submit.py:641} INFO - |education_null|previous_year_rating_null|
[2025-02-15T16:41:34.086+0000] {spark_submit.py:641} INFO - +--------------+-------------------------+
[2025-02-15T16:41:34.087+0000] {spark_submit.py:641} INFO - |             0|                        0|
[2025-02-15T16:41:34.090+0000] {spark_submit.py:641} INFO - +--------------+-------------------------+
[2025-02-15T16:41:34.091+0000] {spark_submit.py:641} INFO - 
[2025-02-15T16:41:34.093+0000] {spark_submit.py:641} INFO - ---------------- MENAMPILKAN BANYAK DATA DUPLIKAT BERDASARKAN EMPLOYEE_ID ----------------
[2025-02-15T16:41:34.945+0000] {spark_submit.py:641} INFO - +-----------+------+
[2025-02-15T16:41:34.946+0000] {spark_submit.py:641} INFO - |employee_id|jumlah|
[2025-02-15T16:41:34.947+0000] {spark_submit.py:641} INFO - +-----------+------+
[2025-02-15T16:41:34.949+0000] {spark_submit.py:641} INFO - |      64573|     2|
[2025-02-15T16:41:34.952+0000] {spark_submit.py:641} INFO - |      49584|     3|
[2025-02-15T16:41:34.954+0000] {spark_submit.py:641} INFO - +-----------+------+
[2025-02-15T16:41:34.955+0000] {spark_submit.py:641} INFO - 
[2025-02-15T16:41:34.956+0000] {spark_submit.py:641} INFO - Traceback (most recent call last):
[2025-02-15T16:41:34.957+0000] {spark_submit.py:641} INFO - File "/spark-scripts/***_etl.py", line 93, in <module>
[2025-02-15T16:41:34.958+0000] {spark_submit.py:641} INFO - df_duplicates.show()
[2025-02-15T16:41:34.959+0000] {spark_submit.py:641} INFO - AttributeError: 'NoneType' object has no attribute 'show'
[2025-02-15T16:41:35.158+0000] {taskinstance.py:3311} ERROR - Task failed with exception
Traceback (most recent call last):
  File "/home/airflow/.local/lib/python3.9/site-packages/airflow/models/taskinstance.py", line 767, in _execute_task
    result = _execute_callable(context=context, **execute_callable_kwargs)
  File "/home/airflow/.local/lib/python3.9/site-packages/airflow/models/taskinstance.py", line 733, in _execute_callable
    return ExecutionCallableRunner(
  File "/home/airflow/.local/lib/python3.9/site-packages/airflow/utils/operator_helpers.py", line 252, in run
    return self.func(*args, **kwargs)
  File "/home/airflow/.local/lib/python3.9/site-packages/airflow/models/baseoperator.py", line 422, in wrapper
    return func(self, *args, **kwargs)
  File "/home/airflow/.local/lib/python3.9/site-packages/airflow/providers/apache/spark/operators/spark_submit.py", line 177, in execute
    self._hook.submit(self.application)
  File "/home/airflow/.local/lib/python3.9/site-packages/airflow/providers/apache/spark/hooks/spark_submit.py", line 567, in submit
    raise AirflowException(
airflow.exceptions.AirflowException: Cannot execute: spark-submit --master spark://***-spark-master:7077 --packages org.postgresql:postgresql:42.2.18 --name arrow-spark /spark-scripts/***_etl.py. Error code is: 1.
[2025-02-15T16:41:35.165+0000] {taskinstance.py:1225} INFO - Marking task as FAILED. dag_id=***_elt_dag, task_id=etl_task, run_id=manual__2025-02-15T16:11:46.573734+00:00, execution_date=20250215T161146, start_date=20250215T164122, end_date=20250215T164135
[2025-02-15T16:41:35.186+0000] {taskinstance.py:340} INFO - ::group::Post task execution logs
[2025-02-15T16:41:35.189+0000] {standard_task_runner.py:124} ERROR - Failed to execute job 14 for task etl_task (Cannot execute: spark-submit --master spark://***-spark-master:7077 --packages org.postgresql:postgresql:42.2.18 --name arrow-spark /spark-scripts/***_etl.py. Error code is: 1.; 3706)
Traceback (most recent call last):
  File "/home/airflow/.local/lib/python3.9/site-packages/airflow/task/task_runner/standard_task_runner.py", line 117, in _start_by_fork
    ret = args.func(args, dag=self.dag)
  File "/home/airflow/.local/lib/python3.9/site-packages/airflow/cli/cli_config.py", line 49, in command
    return func(*args, **kwargs)
  File "/home/airflow/.local/lib/python3.9/site-packages/airflow/utils/cli.py", line 116, in wrapper
    return f(*args, **kwargs)
  File "/home/airflow/.local/lib/python3.9/site-packages/airflow/cli/commands/task_command.py", line 483, in task_run
    task_return_code = _run_task_by_selected_method(args, _dag, ti)
  File "/home/airflow/.local/lib/python3.9/site-packages/airflow/cli/commands/task_command.py", line 256, in _run_task_by_selected_method
    return _run_raw_task(args, ti)
  File "/home/airflow/.local/lib/python3.9/site-packages/airflow/cli/commands/task_command.py", line 341, in _run_raw_task
    return ti._run_raw_task(
  File "/home/airflow/.local/lib/python3.9/site-packages/airflow/utils/session.py", line 97, in wrapper
    return func(*args, session=session, **kwargs)
  File "/home/airflow/.local/lib/python3.9/site-packages/airflow/models/taskinstance.py", line 3005, in _run_raw_task
    return _run_raw_task(
  File "/home/airflow/.local/lib/python3.9/site-packages/airflow/models/taskinstance.py", line 273, in _run_raw_task
    TaskInstance._execute_task_with_callbacks(
  File "/home/airflow/.local/lib/python3.9/site-packages/airflow/models/taskinstance.py", line 3159, in _execute_task_with_callbacks
    result = self._execute_task(context, task_orig)
  File "/home/airflow/.local/lib/python3.9/site-packages/airflow/models/taskinstance.py", line 3183, in _execute_task
    return _execute_task(self, context, task_orig)
  File "/home/airflow/.local/lib/python3.9/site-packages/airflow/models/taskinstance.py", line 767, in _execute_task
    result = _execute_callable(context=context, **execute_callable_kwargs)
  File "/home/airflow/.local/lib/python3.9/site-packages/airflow/models/taskinstance.py", line 733, in _execute_callable
    return ExecutionCallableRunner(
  File "/home/airflow/.local/lib/python3.9/site-packages/airflow/utils/operator_helpers.py", line 252, in run
    return self.func(*args, **kwargs)
  File "/home/airflow/.local/lib/python3.9/site-packages/airflow/models/baseoperator.py", line 422, in wrapper
    return func(self, *args, **kwargs)
  File "/home/airflow/.local/lib/python3.9/site-packages/airflow/providers/apache/spark/operators/spark_submit.py", line 177, in execute
    self._hook.submit(self.application)
  File "/home/airflow/.local/lib/python3.9/site-packages/airflow/providers/apache/spark/hooks/spark_submit.py", line 567, in submit
    raise AirflowException(
airflow.exceptions.AirflowException: Cannot execute: spark-submit --master spark://***-spark-master:7077 --packages org.postgresql:postgresql:42.2.18 --name arrow-spark /spark-scripts/***_etl.py. Error code is: 1.
[2025-02-15T16:41:35.208+0000] {local_task_job_runner.py:266} INFO - Task exited with return code 1
[2025-02-15T16:41:35.226+0000] {taskinstance.py:3895} INFO - 0 downstream tasks scheduled from follow-on schedule check
[2025-02-15T16:41:35.231+0000] {local_task_job_runner.py:245} INFO - ::endgroup::
