[2025-02-15T16:14:28.198+0000] {local_task_job_runner.py:123} INFO - ::group::Pre task execution logs
[2025-02-15T16:14:28.228+0000] {taskinstance.py:2613} INFO - Dependencies all met for dep_context=non-requeueable deps ti=<TaskInstance: finprode8_elt_dag.etl_task manual__2025-02-15T16:11:46.573734+00:00 [queued]>
[2025-02-15T16:14:28.249+0000] {taskinstance.py:2613} INFO - Dependencies all met for dep_context=requeueable deps ti=<TaskInstance: finprode8_elt_dag.etl_task manual__2025-02-15T16:11:46.573734+00:00 [queued]>
[2025-02-15T16:14:28.251+0000] {taskinstance.py:2866} INFO - Starting attempt 2 of 2
[2025-02-15T16:14:28.278+0000] {taskinstance.py:2889} INFO - Executing <Task(SparkSubmitOperator): etl_task> on 2025-02-15 16:11:46.573734+00:00
[2025-02-15T16:14:28.283+0000] {standard_task_runner.py:72} INFO - Started process 1554 to run task
[2025-02-15T16:14:28.288+0000] {standard_task_runner.py:104} INFO - Running: ['airflow', 'tasks', 'run', '***_elt_dag', 'etl_task', 'manual__2025-02-15T16:11:46.573734+00:00', '--job-id', '5', '--raw', '--subdir', 'DAGS_FOLDER/***_etl_dag.py', '--cfg-path', '/tmp/tmpyebjc9qb']
[2025-02-15T16:14:28.293+0000] {standard_task_runner.py:105} INFO - Job 5: Subtask etl_task
[2025-02-15T16:14:28.319+0000] {logging_mixin.py:190} WARNING - /home/airflow/.local/lib/python3.9/site-packages/airflow/settings.py:209 DeprecationWarning: The sql_alchemy_conn option in [core] has been moved to the sql_alchemy_conn option in [database] - the old setting has been used, but please update your config.
[2025-02-15T16:14:28.371+0000] {task_command.py:467} INFO - Running <TaskInstance: finprode8_elt_dag.etl_task manual__2025-02-15T16:11:46.573734+00:00 [running]> on host ***-airflow-scheduler
[2025-02-15T16:14:28.511+0000] {taskinstance.py:3132} INFO - Exporting env vars: AIRFLOW_CTX_DAG_OWNER='ratih malini' AIRFLOW_CTX_DAG_ID='***_elt_dag' AIRFLOW_CTX_TASK_ID='etl_task' AIRFLOW_CTX_EXECUTION_DATE='2025-02-15T16:11:46.573734+00:00' AIRFLOW_CTX_TRY_NUMBER='2' AIRFLOW_CTX_DAG_RUN_ID='manual__2025-02-15T16:11:46.573734+00:00'
[2025-02-15T16:14:28.515+0000] {taskinstance.py:731} INFO - ::endgroup::
[2025-02-15T16:14:28.579+0000] {base.py:84} INFO - Retrieving connection 'spark_main'
[2025-02-15T16:14:28.584+0000] {spark_submit.py:474} INFO - Spark-Submit cmd: spark-submit --master spark://***-spark-master:7077 --packages org.postgresql:postgresql:42.2.18 --name arrow-spark /spark-scripts/***_etl.py
[2025-02-15T16:14:30.614+0000] {spark_submit.py:641} INFO - :: loading settings :: url = jar:file:/home/airflow/.local/lib/python3.9/site-packages/pyspark/jars/ivy-2.5.1.jar!/org/apache/ivy/core/settings/ivysettings.xml
[2025-02-15T16:14:30.739+0000] {spark_submit.py:641} INFO - Ivy Default Cache set to: /home/airflow/.ivy2/cache
[2025-02-15T16:14:30.741+0000] {spark_submit.py:641} INFO - The jars for the packages stored in: /home/airflow/.ivy2/jars
[2025-02-15T16:14:30.744+0000] {spark_submit.py:641} INFO - org.postgresql#postgresql added as a dependency
[2025-02-15T16:14:30.745+0000] {spark_submit.py:641} INFO - :: resolving dependencies :: org.apache.spark#spark-submit-parent-6f9b7be5-3b2d-468c-820a-9de1ae669ad8;1.0
[2025-02-15T16:14:30.746+0000] {spark_submit.py:641} INFO - confs: [default]
[2025-02-15T16:14:30.879+0000] {spark_submit.py:641} INFO - found org.postgresql#postgresql;42.2.18 in central
[2025-02-15T16:14:30.905+0000] {spark_submit.py:641} INFO - found org.checkerframework#checker-qual;3.5.0 in central
[2025-02-15T16:14:30.920+0000] {spark_submit.py:641} INFO - :: resolution report :: resolve 169ms :: artifacts dl 6ms
[2025-02-15T16:14:30.922+0000] {spark_submit.py:641} INFO - :: modules in use:
[2025-02-15T16:14:30.923+0000] {spark_submit.py:641} INFO - org.checkerframework#checker-qual;3.5.0 from central in [default]
[2025-02-15T16:14:30.924+0000] {spark_submit.py:641} INFO - org.postgresql#postgresql;42.2.18 from central in [default]
[2025-02-15T16:14:30.926+0000] {spark_submit.py:641} INFO - ---------------------------------------------------------------------
[2025-02-15T16:14:30.927+0000] {spark_submit.py:641} INFO - |                  |            modules            ||   artifacts   |
[2025-02-15T16:14:30.929+0000] {spark_submit.py:641} INFO - |       conf       | number| search|dwnlded|evicted|| number|dwnlded|
[2025-02-15T16:14:30.930+0000] {spark_submit.py:641} INFO - ---------------------------------------------------------------------
[2025-02-15T16:14:30.932+0000] {spark_submit.py:641} INFO - |      default     |   2   |   0   |   0   |   0   ||   2   |   0   |
[2025-02-15T16:14:30.933+0000] {spark_submit.py:641} INFO - ---------------------------------------------------------------------
[2025-02-15T16:14:30.935+0000] {spark_submit.py:641} INFO - :: retrieving :: org.apache.spark#spark-submit-parent-6f9b7be5-3b2d-468c-820a-9de1ae669ad8
[2025-02-15T16:14:30.936+0000] {spark_submit.py:641} INFO - confs: [default]
[2025-02-15T16:14:30.938+0000] {spark_submit.py:641} INFO - 0 artifacts copied, 2 already retrieved (0kB/6ms)
[2025-02-15T16:14:31.235+0000] {spark_submit.py:641} INFO - 25/02/15 16:14:31 WARN NativeCodeLoader: Unable to load native-hadoop library for your platform... using builtin-java classes where applicable
[2025-02-15T16:14:32.372+0000] {spark_submit.py:641} INFO - 25/02/15 16:14:32 INFO SparkContext: Running Spark version 3.3.2
[2025-02-15T16:14:32.396+0000] {spark_submit.py:641} INFO - 25/02/15 16:14:32 INFO ResourceUtils: ==============================================================
[2025-02-15T16:14:32.398+0000] {spark_submit.py:641} INFO - 25/02/15 16:14:32 INFO ResourceUtils: No custom resources configured for spark.driver.
[2025-02-15T16:14:32.399+0000] {spark_submit.py:641} INFO - 25/02/15 16:14:32 INFO ResourceUtils: ==============================================================
[2025-02-15T16:14:32.401+0000] {spark_submit.py:641} INFO - 25/02/15 16:14:32 INFO SparkContext: Submitted application: ***
[2025-02-15T16:14:32.421+0000] {spark_submit.py:641} INFO - 25/02/15 16:14:32 INFO ResourceProfile: Default ResourceProfile created, executor resources: Map(cores -> name: cores, amount: 1, script: , vendor: , memory -> name: memory, amount: 1024, script: , vendor: , offHeap -> name: offHeap, amount: 0, script: , vendor: ), task resources: Map(cpus -> name: cpus, amount: 1.0)
[2025-02-15T16:14:32.431+0000] {spark_submit.py:641} INFO - 25/02/15 16:14:32 INFO ResourceProfile: Limiting resource is cpu
[2025-02-15T16:14:32.433+0000] {spark_submit.py:641} INFO - 25/02/15 16:14:32 INFO ResourceProfileManager: Added ResourceProfile id: 0
[2025-02-15T16:14:32.499+0000] {spark_submit.py:641} INFO - 25/02/15 16:14:32 INFO SecurityManager: Changing view acls to: airflow
[2025-02-15T16:14:32.503+0000] {spark_submit.py:641} INFO - 25/02/15 16:14:32 INFO SecurityManager: Changing modify acls to: airflow
[2025-02-15T16:14:32.505+0000] {spark_submit.py:641} INFO - 25/02/15 16:14:32 INFO SecurityManager: Changing view acls groups to:
[2025-02-15T16:14:32.516+0000] {spark_submit.py:641} INFO - 25/02/15 16:14:32 INFO SecurityManager: Changing modify acls groups to:
[2025-02-15T16:14:32.519+0000] {spark_submit.py:641} INFO - 25/02/15 16:14:32 INFO SecurityManager: SecurityManager: authentication disabled; ui acls disabled; users  with view permissions: Set(airflow); groups with view permissions: Set(); users  with modify permissions: Set(airflow); groups with modify permissions: Set()
[2025-02-15T16:14:32.828+0000] {spark_submit.py:641} INFO - 25/02/15 16:14:32 INFO Utils: Successfully started service 'sparkDriver' on port 43245.
[2025-02-15T16:14:32.863+0000] {spark_submit.py:641} INFO - 25/02/15 16:14:32 INFO SparkEnv: Registering MapOutputTracker
[2025-02-15T16:14:32.896+0000] {spark_submit.py:641} INFO - 25/02/15 16:14:32 INFO SparkEnv: Registering BlockManagerMaster
[2025-02-15T16:14:32.920+0000] {spark_submit.py:641} INFO - 25/02/15 16:14:32 INFO BlockManagerMasterEndpoint: Using org.apache.spark.storage.DefaultTopologyMapper for getting topology information
[2025-02-15T16:14:32.922+0000] {spark_submit.py:641} INFO - 25/02/15 16:14:32 INFO BlockManagerMasterEndpoint: BlockManagerMasterEndpoint up
[2025-02-15T16:14:32.928+0000] {spark_submit.py:641} INFO - 25/02/15 16:14:32 INFO SparkEnv: Registering BlockManagerMasterHeartbeat
[2025-02-15T16:14:32.947+0000] {spark_submit.py:641} INFO - 25/02/15 16:14:32 INFO DiskBlockManager: Created local directory at /tmp/blockmgr-4bac6a1e-f912-435a-8787-f20afc7d95d1
[2025-02-15T16:14:32.965+0000] {spark_submit.py:641} INFO - 25/02/15 16:14:32 INFO MemoryStore: MemoryStore started with capacity 434.4 MiB
[2025-02-15T16:14:32.982+0000] {spark_submit.py:641} INFO - 25/02/15 16:14:32 INFO SparkEnv: Registering OutputCommitCoordinator
[2025-02-15T16:14:33.178+0000] {spark_submit.py:641} INFO - 25/02/15 16:14:33 INFO Utils: Successfully started service 'SparkUI' on port 4040.
[2025-02-15T16:14:33.237+0000] {spark_submit.py:641} INFO - 25/02/15 16:14:33 INFO SparkContext: Added JAR /spark-scripts/jars/postgresql-42.2.18.jar at spark://***-airflow-scheduler:43245/jars/postgresql-42.2.18.jar with timestamp 1739636072365
[2025-02-15T16:14:33.240+0000] {spark_submit.py:641} INFO - 25/02/15 16:14:33 INFO SparkContext: Added file file:///home/airflow/.ivy2/jars/org.postgresql_postgresql-42.2.18.jar at file:///home/airflow/.ivy2/jars/org.postgresql_postgresql-42.2.18.jar with timestamp 1739636072365
[2025-02-15T16:14:33.241+0000] {spark_submit.py:641} INFO - 25/02/15 16:14:33 INFO Utils: Copying /home/airflow/.ivy2/jars/org.postgresql_postgresql-42.2.18.jar to /tmp/spark-1773f53d-c3fb-4e1a-988d-8c11a07ee304/userFiles-8b56e9b4-0e52-4f0e-a042-6c57bcda63b7/org.postgresql_postgresql-42.2.18.jar
[2025-02-15T16:14:33.259+0000] {spark_submit.py:641} INFO - 25/02/15 16:14:33 INFO SparkContext: Added file file:///home/airflow/.ivy2/jars/org.checkerframework_checker-qual-3.5.0.jar at file:///home/airflow/.ivy2/jars/org.checkerframework_checker-qual-3.5.0.jar with timestamp 1739636072365
[2025-02-15T16:14:33.261+0000] {spark_submit.py:641} INFO - 25/02/15 16:14:33 INFO Utils: Copying /home/airflow/.ivy2/jars/org.checkerframework_checker-qual-3.5.0.jar to /tmp/spark-1773f53d-c3fb-4e1a-988d-8c11a07ee304/userFiles-8b56e9b4-0e52-4f0e-a042-6c57bcda63b7/org.checkerframework_checker-qual-3.5.0.jar
[2025-02-15T16:14:33.343+0000] {spark_submit.py:641} INFO - 25/02/15 16:14:33 INFO Executor: Starting executor ID driver on host ***-airflow-scheduler
[2025-02-15T16:14:33.356+0000] {spark_submit.py:641} INFO - 25/02/15 16:14:33 INFO Executor: Starting executor with user classpath (userClassPathFirst = false): ''
[2025-02-15T16:14:33.370+0000] {spark_submit.py:641} INFO - 25/02/15 16:14:33 INFO Executor: Fetching file:///home/airflow/.ivy2/jars/org.postgresql_postgresql-42.2.18.jar with timestamp 1739636072365
[2025-02-15T16:14:33.410+0000] {spark_submit.py:641} INFO - 25/02/15 16:14:33 INFO Utils: /home/airflow/.ivy2/jars/org.postgresql_postgresql-42.2.18.jar has been previously copied to /tmp/spark-1773f53d-c3fb-4e1a-988d-8c11a07ee304/userFiles-8b56e9b4-0e52-4f0e-a042-6c57bcda63b7/org.postgresql_postgresql-42.2.18.jar
[2025-02-15T16:14:33.418+0000] {spark_submit.py:641} INFO - 25/02/15 16:14:33 INFO Executor: Fetching file:///home/airflow/.ivy2/jars/org.checkerframework_checker-qual-3.5.0.jar with timestamp 1739636072365
[2025-02-15T16:14:33.420+0000] {spark_submit.py:641} INFO - 25/02/15 16:14:33 INFO Utils: /home/airflow/.ivy2/jars/org.checkerframework_checker-qual-3.5.0.jar has been previously copied to /tmp/spark-1773f53d-c3fb-4e1a-988d-8c11a07ee304/userFiles-8b56e9b4-0e52-4f0e-a042-6c57bcda63b7/org.checkerframework_checker-qual-3.5.0.jar
[2025-02-15T16:14:33.431+0000] {spark_submit.py:641} INFO - 25/02/15 16:14:33 INFO Executor: Fetching spark://***-airflow-scheduler:43245/jars/postgresql-42.2.18.jar with timestamp 1739636072365
[2025-02-15T16:14:33.485+0000] {spark_submit.py:641} INFO - 25/02/15 16:14:33 INFO TransportClientFactory: Successfully created connection to ***-airflow-scheduler/172.19.0.6:43245 after 37 ms (0 ms spent in bootstraps)
[2025-02-15T16:14:33.498+0000] {spark_submit.py:641} INFO - 25/02/15 16:14:33 INFO Utils: Fetching spark://***-airflow-scheduler:43245/jars/postgresql-42.2.18.jar to /tmp/spark-1773f53d-c3fb-4e1a-988d-8c11a07ee304/userFiles-8b56e9b4-0e52-4f0e-a042-6c57bcda63b7/fetchFileTemp15575593450232811042.tmp
[2025-02-15T16:14:33.599+0000] {spark_submit.py:641} INFO - 25/02/15 16:14:33 INFO Executor: Adding file:/tmp/spark-1773f53d-c3fb-4e1a-988d-8c11a07ee304/userFiles-8b56e9b4-0e52-4f0e-a042-6c57bcda63b7/postgresql-42.2.18.jar to class loader
[2025-02-15T16:14:33.610+0000] {spark_submit.py:641} INFO - 25/02/15 16:14:33 INFO Utils: Successfully started service 'org.apache.spark.network.netty.NettyBlockTransferService' on port 38451.
[2025-02-15T16:14:33.612+0000] {spark_submit.py:641} INFO - 25/02/15 16:14:33 INFO NettyBlockTransferService: Server created on ***-airflow-scheduler:38451
[2025-02-15T16:14:33.613+0000] {spark_submit.py:641} INFO - 25/02/15 16:14:33 INFO BlockManager: Using org.apache.spark.storage.RandomBlockReplicationPolicy for block replication policy
[2025-02-15T16:14:33.620+0000] {spark_submit.py:641} INFO - 25/02/15 16:14:33 INFO BlockManagerMaster: Registering BlockManager BlockManagerId(driver, ***-airflow-scheduler, 38451, None)
[2025-02-15T16:14:33.624+0000] {spark_submit.py:641} INFO - 25/02/15 16:14:33 INFO BlockManagerMasterEndpoint: Registering block manager ***-airflow-scheduler:38451 with 434.4 MiB RAM, BlockManagerId(driver, ***-airflow-scheduler, 38451, None)
[2025-02-15T16:14:33.628+0000] {spark_submit.py:641} INFO - 25/02/15 16:14:33 INFO BlockManagerMaster: Registered BlockManager BlockManagerId(driver, ***-airflow-scheduler, 38451, None)
[2025-02-15T16:14:33.629+0000] {spark_submit.py:641} INFO - 25/02/15 16:14:33 INFO BlockManager: Initialized BlockManager: BlockManagerId(driver, ***-airflow-scheduler, 38451, None)
[2025-02-15T16:14:38.163+0000] {spark_submit.py:641} INFO - ---------------- MENAMPILKAN DATASET ----------------
[2025-02-15T16:14:38.403+0000] {spark_submit.py:641} INFO - +-----------+-----------------+---------+---------------+------+-------------------+---------------+---+--------------------+-----------------+---------------------+----------+------------------+
[2025-02-15T16:14:38.405+0000] {spark_submit.py:641} INFO - |employee_id|       department|   region|      education|gender|recruitment_channel|no_of_trainings|age|previous_year_rating|length_of_service|KPIs_met_more_than_80|awards_won|avg_training_score|
[2025-02-15T16:14:38.406+0000] {spark_submit.py:641} INFO - +-----------+-----------------+---------+---------------+------+-------------------+---------------+---+--------------------+-----------------+---------------------+----------+------------------+
[2025-02-15T16:14:38.407+0000] {spark_submit.py:641} INFO - |       8724|       Technology|region_26|      Bachelors|     m|           sourcing|              1| 24|                null|                1|                    1|         0|                77|
[2025-02-15T16:14:38.408+0000] {spark_submit.py:641} INFO - |      74430|               HR| region_4|      Bachelors|     f|              other|              1| 31|                   3|                5|                    0|         0|                51|
[2025-02-15T16:14:38.410+0000] {spark_submit.py:641} INFO - |      72255|Sales & Marketing|region_13|      Bachelors|     m|              other|              1| 31|                   1|                4|                    0|         0|                47|
[2025-02-15T16:14:38.411+0000] {spark_submit.py:641} INFO - |      38562|      Procurement| region_2|      Bachelors|     f|              other|              3| 31|                   2|                9|                    0|         0|                65|
[2025-02-15T16:14:38.412+0000] {spark_submit.py:641} INFO - |      64486|          Finance|region_29|      Bachelors|     m|           sourcing|              1| 30|                   4|                7|                    0|         0|                61|
[2025-02-15T16:14:38.413+0000] {spark_submit.py:641} INFO - |      46232|      Procurement| region_7|      Bachelors|     m|           sourcing|              1| 36|                   3|                2|                    0|         0|                68|
[2025-02-15T16:14:38.414+0000] {spark_submit.py:641} INFO - |      54542|          Finance| region_2|      Bachelors|     m|              other|              1| 33|                   5|                3|                    1|         0|                57|
[2025-02-15T16:14:38.416+0000] {spark_submit.py:641} INFO - |      67269|        Analytics|region_22|      Bachelors|     m|           sourcing|              2| 36|                   3|                3|                    0|         0|                85|
[2025-02-15T16:14:38.417+0000] {spark_submit.py:641} INFO - |      66174|       Technology| region_7|Masters & above|     m|              other|              1| 51|                   4|               11|                    0|         0|                75|
[2025-02-15T16:14:38.419+0000] {spark_submit.py:641} INFO - |      76303|       Technology|region_22|      Bachelors|     m|           sourcing|              1| 29|                   5|                2|                    1|         0|                76|
[2025-02-15T16:14:38.420+0000] {spark_submit.py:641} INFO - +-----------+-----------------+---------+---------------+------+-------------------+---------------+---+--------------------+-----------------+---------------------+----------+------------------+
[2025-02-15T16:14:38.421+0000] {spark_submit.py:641} INFO - only showing top 10 rows
[2025-02-15T16:14:38.422+0000] {spark_submit.py:641} INFO - 
[2025-02-15T16:14:38.423+0000] {spark_submit.py:641} INFO - ---------------- MENAMPILKAN TIPE DATA AWAL ----------------
[2025-02-15T16:14:38.425+0000] {spark_submit.py:641} INFO - root
[2025-02-15T16:14:38.426+0000] {spark_submit.py:641} INFO - |-- employee_id: string (nullable = true)
[2025-02-15T16:14:38.427+0000] {spark_submit.py:641} INFO - |-- department: string (nullable = true)
[2025-02-15T16:14:38.428+0000] {spark_submit.py:641} INFO - |-- region: string (nullable = true)
[2025-02-15T16:14:38.430+0000] {spark_submit.py:641} INFO - |-- education: string (nullable = true)
[2025-02-15T16:14:38.431+0000] {spark_submit.py:641} INFO - |-- gender: string (nullable = true)
[2025-02-15T16:14:38.433+0000] {spark_submit.py:641} INFO - |-- recruitment_channel: string (nullable = true)
[2025-02-15T16:14:38.434+0000] {spark_submit.py:641} INFO - |-- no_of_trainings: string (nullable = true)
[2025-02-15T16:14:38.435+0000] {spark_submit.py:641} INFO - |-- age: string (nullable = true)
[2025-02-15T16:14:38.436+0000] {spark_submit.py:641} INFO - |-- previous_year_rating: string (nullable = true)
[2025-02-15T16:14:38.437+0000] {spark_submit.py:641} INFO - |-- length_of_service: string (nullable = true)
[2025-02-15T16:14:38.439+0000] {spark_submit.py:641} INFO - |-- KPIs_met_more_than_80: string (nullable = true)
[2025-02-15T16:14:38.440+0000] {spark_submit.py:641} INFO - |-- awards_won: string (nullable = true)
[2025-02-15T16:14:38.441+0000] {spark_submit.py:641} INFO - |-- avg_training_score: string (nullable = true)
[2025-02-15T16:14:38.442+0000] {spark_submit.py:641} INFO - 
[2025-02-15T16:14:38.536+0000] {spark_submit.py:641} INFO - ---------------- MENAMPILKAN TIPE DATA HASIL TRANSFORMASI ----------------
[2025-02-15T16:14:38.538+0000] {spark_submit.py:641} INFO - root
[2025-02-15T16:14:38.539+0000] {spark_submit.py:641} INFO - |-- employee_id: string (nullable = true)
[2025-02-15T16:14:38.540+0000] {spark_submit.py:641} INFO - |-- department: string (nullable = true)
[2025-02-15T16:14:38.541+0000] {spark_submit.py:641} INFO - |-- region: string (nullable = true)
[2025-02-15T16:14:38.542+0000] {spark_submit.py:641} INFO - |-- education: string (nullable = true)
[2025-02-15T16:14:38.543+0000] {spark_submit.py:641} INFO - |-- gender: string (nullable = true)
[2025-02-15T16:14:38.544+0000] {spark_submit.py:641} INFO - |-- recruitment_channel: string (nullable = true)
[2025-02-15T16:14:38.545+0000] {spark_submit.py:641} INFO - |-- no_of_trainings: integer (nullable = true)
[2025-02-15T16:14:38.545+0000] {spark_submit.py:641} INFO - |-- age: integer (nullable = true)
[2025-02-15T16:14:38.547+0000] {spark_submit.py:641} INFO - |-- previous_year_rating: integer (nullable = true)
[2025-02-15T16:14:38.548+0000] {spark_submit.py:641} INFO - |-- length_of_service: integer (nullable = true)
[2025-02-15T16:14:38.549+0000] {spark_submit.py:641} INFO - |-- KPIs_met_more_than_80: integer (nullable = true)
[2025-02-15T16:14:38.550+0000] {spark_submit.py:641} INFO - |-- awards_won: integer (nullable = true)
[2025-02-15T16:14:38.551+0000] {spark_submit.py:641} INFO - |-- avg_training_score: integer (nullable = true)
[2025-02-15T16:14:38.551+0000] {spark_submit.py:641} INFO - 
[2025-02-15T16:14:38.552+0000] {spark_submit.py:641} INFO - ---------------- MENAMPILKAN BANYAK DATA NULL DI SETIAP KOLOM ----------------
[2025-02-15T16:14:39.714+0000] {spark_submit.py:641} INFO - +----------------+---------------+-----------+--------------+-----------+------------------------+--------------------+--------+-------------------------+----------------------+--------------------------+---------------+-----------------------+
[2025-02-15T16:14:39.716+0000] {spark_submit.py:641} INFO - |employee_id_null|department_null|region_null|education_null|gender_null|recruitment_channel_null|no_of_trainings_null|age_null|previous_year_rating_null|length_of_service_null|KPIs_met_more_than_80_null|awards_won_null|avg_training_score_nuli|
[2025-02-15T16:14:39.717+0000] {spark_submit.py:641} INFO - +----------------+---------------+-----------+--------------+-----------+------------------------+--------------------+--------+-------------------------+----------------------+--------------------------+---------------+-----------------------+
[2025-02-15T16:14:39.719+0000] {spark_submit.py:641} INFO - |               0|              0|          0|           771|          0|                       0|                   0|       0|                     1363|                     0|                         0|              0|                      0|
[2025-02-15T16:14:39.720+0000] {spark_submit.py:641} INFO - +----------------+---------------+-----------+--------------+-----------+------------------------+--------------------+--------+-------------------------+----------------------+--------------------------+---------------+-----------------------+
[2025-02-15T16:14:39.722+0000] {spark_submit.py:641} INFO - 
[2025-02-15T16:14:39.723+0000] {spark_submit.py:641} INFO - ---------------- NULL HANDLING PADA KOLOM EDUCATION & PREVIOUS_YEAR_RATING ----------------
[2025-02-15T16:14:40.148+0000] {spark_submit.py:641} INFO - +--------------+-------------------------+
[2025-02-15T16:14:40.150+0000] {spark_submit.py:641} INFO - |education_null|previous_year_rating_null|
[2025-02-15T16:14:40.151+0000] {spark_submit.py:641} INFO - +--------------+-------------------------+
[2025-02-15T16:14:40.152+0000] {spark_submit.py:641} INFO - |             0|                        0|
[2025-02-15T16:14:40.154+0000] {spark_submit.py:641} INFO - +--------------+-------------------------+
[2025-02-15T16:14:40.156+0000] {spark_submit.py:641} INFO - 
[2025-02-15T16:14:40.158+0000] {spark_submit.py:641} INFO - ---------------- MENAMPILKAN BANYAK DATA DUPLIKAT BERDASARKAN EMPLOYEE_ID ----------------
[2025-02-15T16:14:41.768+0000] {spark_submit.py:641} INFO - ---------------- MENAMPILKAN DATA HASIL LOAD KE POSTGRES ----------------
[2025-02-15T16:14:41.936+0000] {spark_submit.py:641} INFO - +-----------+-----------------+---------+---------------+------+-------------------+---------------+---+--------------------+-----------------+---------------------+----------+------------------+
[2025-02-15T16:14:41.938+0000] {spark_submit.py:641} INFO - |employee_id|       department|   region|      education|gender|recruitment_channel|no_of_trainings|age|previous_year_rating|length_of_service|KPIs_met_more_than_80|awards_won|avg_training_score|
[2025-02-15T16:14:41.939+0000] {spark_submit.py:641} INFO - +-----------+-----------------+---------+---------------+------+-------------------+---------------+---+--------------------+-----------------+---------------------+----------+------------------+
[2025-02-15T16:14:41.941+0000] {spark_submit.py:641} INFO - |       8724|       Technology|region_26|      Bachelors|     m|           sourcing|              1| 24|                   0|                1|                    1|         0|                77|
[2025-02-15T16:14:41.942+0000] {spark_submit.py:641} INFO - |      74430|               HR| region_4|      Bachelors|     f|              other|              1| 31|                   3|                5|                    0|         0|                51|
[2025-02-15T16:14:41.943+0000] {spark_submit.py:641} INFO - |      72255|Sales & Marketing|region_13|      Bachelors|     m|              other|              1| 31|                   1|                4|                    0|         0|                47|
[2025-02-15T16:14:41.944+0000] {spark_submit.py:641} INFO - |      38562|      Procurement| region_2|      Bachelors|     f|              other|              3| 31|                   2|                9|                    0|         0|                65|
[2025-02-15T16:14:41.945+0000] {spark_submit.py:641} INFO - |      64486|          Finance|region_29|      Bachelors|     m|           sourcing|              1| 30|                   4|                7|                    0|         0|                61|
[2025-02-15T16:14:41.947+0000] {spark_submit.py:641} INFO - |      46232|      Procurement| region_7|      Bachelors|     m|           sourcing|              1| 36|                   3|                2|                    0|         0|                68|
[2025-02-15T16:14:41.948+0000] {spark_submit.py:641} INFO - |      54542|          Finance| region_2|      Bachelors|     m|              other|              1| 33|                   5|                3|                    1|         0|                57|
[2025-02-15T16:14:41.949+0000] {spark_submit.py:641} INFO - |      67269|        Analytics|region_22|      Bachelors|     m|           sourcing|              2| 36|                   3|                3|                    0|         0|                85|
[2025-02-15T16:14:41.950+0000] {spark_submit.py:641} INFO - |      66174|       Technology| region_7|Masters & above|     m|              other|              1| 51|                   4|               11|                    0|         0|                75|
[2025-02-15T16:14:41.951+0000] {spark_submit.py:641} INFO - |      76303|       Technology|region_22|      Bachelors|     m|           sourcing|              1| 29|                   5|                2|                    1|         0|                76|
[2025-02-15T16:14:41.953+0000] {spark_submit.py:641} INFO - |      60245|Sales & Marketing|region_16|      Bachelors|     m|           sourcing|              2| 40|                   5|               12|                    1|         0|                50|
[2025-02-15T16:14:41.954+0000] {spark_submit.py:641} INFO - |      42639|Sales & Marketing|region_17|Masters & above|     m|           sourcing|              1| 40|                   3|               10|                    0|         0|                46|
[2025-02-15T16:14:41.955+0000] {spark_submit.py:641} INFO - |      30963|Sales & Marketing| region_4|Masters & above|     f|              other|              1| 34|                   3|                4|                    0|         0|                52|
[2025-02-15T16:14:41.957+0000] {spark_submit.py:641} INFO - |      54055|        Analytics|region_24|      Bachelors|     m|              other|              1| 37|                   3|               10|                    0|         0|                82|
[2025-02-15T16:14:41.958+0000] {spark_submit.py:641} INFO - |      42996|       Operations|region_11|      Bachelors|     m|           sourcing|              1| 30|                   5|                6|                    1|         0|                58|
[2025-02-15T16:14:41.960+0000] {spark_submit.py:641} INFO - |      12737|Sales & Marketing| region_7|      Bachelors|     m|           sourcing|              1| 31|                   4|                4|                    1|         0|                47|
[2025-02-15T16:14:41.961+0000] {spark_submit.py:641} INFO - |      27561|       Operations|region_27|      Bachelors|     f|           sourcing|              1| 26|                   5|                3|                    0|         0|                56|
[2025-02-15T16:14:41.962+0000] {spark_submit.py:641} INFO - |      26622|Sales & Marketing|region_17|      Bachelors|     m|           sourcing|              1| 40|                   5|                6|                    1|         0|                50|
[2025-02-15T16:14:41.963+0000] {spark_submit.py:641} INFO - |      31582|      Procurement| region_7|      Bachelors|     f|              other|              1| 49|                   3|                7|                    1|         0|                64|
[2025-02-15T16:14:41.965+0000] {spark_submit.py:641} INFO - |      29793|      Procurement|region_27|      Bachelors|     m|              other|              1| 27|                   2|                5|                    0|         0|                65|
[2025-02-15T16:14:41.966+0000] {spark_submit.py:641} INFO - +-----------+-----------------+---------+---------------+------+-------------------+---------------+---+--------------------+-----------------+---------------------+----------+------------------+
[2025-02-15T16:14:41.967+0000] {spark_submit.py:641} INFO - only showing top 20 rows
[2025-02-15T16:14:41.968+0000] {spark_submit.py:641} INFO - 
[2025-02-15T16:14:42.119+0000] {taskinstance.py:340} INFO - ::group::Post task execution logs
[2025-02-15T16:14:42.123+0000] {taskinstance.py:352} INFO - Marking task as SUCCESS. dag_id=***_elt_dag, task_id=etl_task, run_id=manual__2025-02-15T16:11:46.573734+00:00, execution_date=20250215T161146, start_date=20250215T161428, end_date=20250215T161442
[2025-02-15T16:14:42.183+0000] {local_task_job_runner.py:266} INFO - Task exited with return code 0
[2025-02-15T16:14:42.204+0000] {taskinstance.py:3895} INFO - 0 downstream tasks scheduled from follow-on schedule check
[2025-02-15T16:14:42.209+0000] {local_task_job_runner.py:245} INFO - ::endgroup::
