[2025-02-15T16:22:16.316+0000] {local_task_job_runner.py:123} INFO - ::group::Pre task execution logs
[2025-02-15T16:22:16.339+0000] {taskinstance.py:2613} INFO - Dependencies all met for dep_context=non-requeueable deps ti=<TaskInstance: finprode8_elt_dag.etl_task manual__2025-02-15T16:11:46.573734+00:00 [queued]>
[2025-02-15T16:22:16.353+0000] {taskinstance.py:2613} INFO - Dependencies all met for dep_context=requeueable deps ti=<TaskInstance: finprode8_elt_dag.etl_task manual__2025-02-15T16:11:46.573734+00:00 [queued]>
[2025-02-15T16:22:16.356+0000] {taskinstance.py:2866} INFO - Starting attempt 5 of 5
[2025-02-15T16:22:16.377+0000] {taskinstance.py:2889} INFO - Executing <Task(SparkSubmitOperator): etl_task> on 2025-02-15 16:11:46.573734+00:00
[2025-02-15T16:22:16.384+0000] {standard_task_runner.py:72} INFO - Started process 2279 to run task
[2025-02-15T16:22:16.389+0000] {standard_task_runner.py:104} INFO - Running: ['airflow', 'tasks', 'run', '***_elt_dag', 'etl_task', 'manual__2025-02-15T16:11:46.573734+00:00', '--job-id', '8', '--raw', '--subdir', 'DAGS_FOLDER/***_etl_dag.py', '--cfg-path', '/tmp/tmpkksel4ci']
[2025-02-15T16:22:16.394+0000] {standard_task_runner.py:105} INFO - Job 8: Subtask etl_task
[2025-02-15T16:22:16.422+0000] {logging_mixin.py:190} WARNING - /home/airflow/.local/lib/python3.9/site-packages/airflow/settings.py:209 DeprecationWarning: The sql_alchemy_conn option in [core] has been moved to the sql_alchemy_conn option in [database] - the old setting has been used, but please update your config.
[2025-02-15T16:22:16.478+0000] {task_command.py:467} INFO - Running <TaskInstance: finprode8_elt_dag.etl_task manual__2025-02-15T16:11:46.573734+00:00 [running]> on host ***-airflow-scheduler
[2025-02-15T16:22:16.583+0000] {taskinstance.py:3132} INFO - Exporting env vars: AIRFLOW_CTX_DAG_OWNER='ratih malini' AIRFLOW_CTX_DAG_ID='***_elt_dag' AIRFLOW_CTX_TASK_ID='etl_task' AIRFLOW_CTX_EXECUTION_DATE='2025-02-15T16:11:46.573734+00:00' AIRFLOW_CTX_TRY_NUMBER='5' AIRFLOW_CTX_DAG_RUN_ID='manual__2025-02-15T16:11:46.573734+00:00'
[2025-02-15T16:22:16.586+0000] {taskinstance.py:731} INFO - ::endgroup::
[2025-02-15T16:22:16.620+0000] {base.py:84} INFO - Retrieving connection 'spark_main'
[2025-02-15T16:22:16.623+0000] {spark_submit.py:474} INFO - Spark-Submit cmd: spark-submit --master spark://***-spark-master:7077 --packages org.postgresql:postgresql:42.2.18 --name arrow-spark /spark-scripts/***_etl.py
[2025-02-15T16:22:18.281+0000] {spark_submit.py:641} INFO - :: loading settings :: url = jar:file:/home/airflow/.local/lib/python3.9/site-packages/pyspark/jars/ivy-2.5.1.jar!/org/apache/ivy/core/settings/ivysettings.xml
[2025-02-15T16:22:18.400+0000] {spark_submit.py:641} INFO - Ivy Default Cache set to: /home/airflow/.ivy2/cache
[2025-02-15T16:22:18.403+0000] {spark_submit.py:641} INFO - The jars for the packages stored in: /home/airflow/.ivy2/jars
[2025-02-15T16:22:18.408+0000] {spark_submit.py:641} INFO - org.postgresql#postgresql added as a dependency
[2025-02-15T16:22:18.410+0000] {spark_submit.py:641} INFO - :: resolving dependencies :: org.apache.spark#spark-submit-parent-862c48f5-5cfb-40a2-a2b0-d5a0f99463df;1.0
[2025-02-15T16:22:18.411+0000] {spark_submit.py:641} INFO - confs: [default]
[2025-02-15T16:22:18.535+0000] {spark_submit.py:641} INFO - found org.postgresql#postgresql;42.2.18 in central
[2025-02-15T16:22:18.576+0000] {spark_submit.py:641} INFO - found org.checkerframework#checker-qual;3.5.0 in central
[2025-02-15T16:22:18.607+0000] {spark_submit.py:641} INFO - :: resolution report :: resolve 186ms :: artifacts dl 11ms
[2025-02-15T16:22:18.610+0000] {spark_submit.py:641} INFO - :: modules in use:
[2025-02-15T16:22:18.613+0000] {spark_submit.py:641} INFO - org.checkerframework#checker-qual;3.5.0 from central in [default]
[2025-02-15T16:22:18.615+0000] {spark_submit.py:641} INFO - org.postgresql#postgresql;42.2.18 from central in [default]
[2025-02-15T16:22:18.616+0000] {spark_submit.py:641} INFO - ---------------------------------------------------------------------
[2025-02-15T16:22:18.617+0000] {spark_submit.py:641} INFO - |                  |            modules            ||   artifacts   |
[2025-02-15T16:22:18.619+0000] {spark_submit.py:641} INFO - |       conf       | number| search|dwnlded|evicted|| number|dwnlded|
[2025-02-15T16:22:18.624+0000] {spark_submit.py:641} INFO - ---------------------------------------------------------------------
[2025-02-15T16:22:18.628+0000] {spark_submit.py:641} INFO - |      default     |   2   |   0   |   0   |   0   ||   2   |   0   |
[2025-02-15T16:22:18.630+0000] {spark_submit.py:641} INFO - ---------------------------------------------------------------------
[2025-02-15T16:22:18.634+0000] {spark_submit.py:641} INFO - :: retrieving :: org.apache.spark#spark-submit-parent-862c48f5-5cfb-40a2-a2b0-d5a0f99463df
[2025-02-15T16:22:18.636+0000] {spark_submit.py:641} INFO - confs: [default]
[2025-02-15T16:22:18.639+0000] {spark_submit.py:641} INFO - 0 artifacts copied, 2 already retrieved (0kB/14ms)
[2025-02-15T16:22:18.950+0000] {spark_submit.py:641} INFO - 25/02/15 16:22:18 WARN NativeCodeLoader: Unable to load native-hadoop library for your platform... using builtin-java classes where applicable
[2025-02-15T16:22:20.065+0000] {spark_submit.py:641} INFO - 25/02/15 16:22:20 INFO SparkContext: Running Spark version 3.3.2
[2025-02-15T16:22:20.085+0000] {spark_submit.py:641} INFO - 25/02/15 16:22:20 INFO ResourceUtils: ==============================================================
[2025-02-15T16:22:20.087+0000] {spark_submit.py:641} INFO - 25/02/15 16:22:20 INFO ResourceUtils: No custom resources configured for spark.driver.
[2025-02-15T16:22:20.089+0000] {spark_submit.py:641} INFO - 25/02/15 16:22:20 INFO ResourceUtils: ==============================================================
[2025-02-15T16:22:20.091+0000] {spark_submit.py:641} INFO - 25/02/15 16:22:20 INFO SparkContext: Submitted application: ***
[2025-02-15T16:22:20.108+0000] {spark_submit.py:641} INFO - 25/02/15 16:22:20 INFO ResourceProfile: Default ResourceProfile created, executor resources: Map(cores -> name: cores, amount: 1, script: , vendor: , memory -> name: memory, amount: 1024, script: , vendor: , offHeap -> name: offHeap, amount: 0, script: , vendor: ), task resources: Map(cpus -> name: cpus, amount: 1.0)
[2025-02-15T16:22:20.115+0000] {spark_submit.py:641} INFO - 25/02/15 16:22:20 INFO ResourceProfile: Limiting resource is cpu
[2025-02-15T16:22:20.118+0000] {spark_submit.py:641} INFO - 25/02/15 16:22:20 INFO ResourceProfileManager: Added ResourceProfile id: 0
[2025-02-15T16:22:20.164+0000] {spark_submit.py:641} INFO - 25/02/15 16:22:20 INFO SecurityManager: Changing view acls to: airflow
[2025-02-15T16:22:20.167+0000] {spark_submit.py:641} INFO - 25/02/15 16:22:20 INFO SecurityManager: Changing modify acls to: airflow
[2025-02-15T16:22:20.169+0000] {spark_submit.py:641} INFO - 25/02/15 16:22:20 INFO SecurityManager: Changing view acls groups to:
[2025-02-15T16:22:20.170+0000] {spark_submit.py:641} INFO - 25/02/15 16:22:20 INFO SecurityManager: Changing modify acls groups to:
[2025-02-15T16:22:20.173+0000] {spark_submit.py:641} INFO - 25/02/15 16:22:20 INFO SecurityManager: SecurityManager: authentication disabled; ui acls disabled; users  with view permissions: Set(airflow); groups with view permissions: Set(); users  with modify permissions: Set(airflow); groups with modify permissions: Set()
[2025-02-15T16:22:20.419+0000] {spark_submit.py:641} INFO - 25/02/15 16:22:20 INFO Utils: Successfully started service 'sparkDriver' on port 40991.
[2025-02-15T16:22:20.455+0000] {spark_submit.py:641} INFO - 25/02/15 16:22:20 INFO SparkEnv: Registering MapOutputTracker
[2025-02-15T16:22:20.504+0000] {spark_submit.py:641} INFO - 25/02/15 16:22:20 INFO SparkEnv: Registering BlockManagerMaster
[2025-02-15T16:22:20.532+0000] {spark_submit.py:641} INFO - 25/02/15 16:22:20 INFO BlockManagerMasterEndpoint: Using org.apache.spark.storage.DefaultTopologyMapper for getting topology information
[2025-02-15T16:22:20.533+0000] {spark_submit.py:641} INFO - 25/02/15 16:22:20 INFO BlockManagerMasterEndpoint: BlockManagerMasterEndpoint up
[2025-02-15T16:22:20.538+0000] {spark_submit.py:641} INFO - 25/02/15 16:22:20 INFO SparkEnv: Registering BlockManagerMasterHeartbeat
[2025-02-15T16:22:20.560+0000] {spark_submit.py:641} INFO - 25/02/15 16:22:20 INFO DiskBlockManager: Created local directory at /tmp/blockmgr-b317741b-673c-49fc-9f7a-6b6434c49fc4
[2025-02-15T16:22:20.578+0000] {spark_submit.py:641} INFO - 25/02/15 16:22:20 INFO MemoryStore: MemoryStore started with capacity 434.4 MiB
[2025-02-15T16:22:20.593+0000] {spark_submit.py:641} INFO - 25/02/15 16:22:20 INFO SparkEnv: Registering OutputCommitCoordinator
[2025-02-15T16:22:20.817+0000] {spark_submit.py:641} INFO - 25/02/15 16:22:20 INFO Utils: Successfully started service 'SparkUI' on port 4040.
[2025-02-15T16:22:20.878+0000] {spark_submit.py:641} INFO - 25/02/15 16:22:20 INFO SparkContext: Added JAR /spark-scripts/jars/postgresql-42.2.18.jar at spark://***-airflow-scheduler:40991/jars/postgresql-42.2.18.jar with timestamp 1739636540058
[2025-02-15T16:22:20.882+0000] {spark_submit.py:641} INFO - 25/02/15 16:22:20 INFO SparkContext: Added file file:///home/airflow/.ivy2/jars/org.postgresql_postgresql-42.2.18.jar at file:///home/airflow/.ivy2/jars/org.postgresql_postgresql-42.2.18.jar with timestamp 1739636540058
[2025-02-15T16:22:20.884+0000] {spark_submit.py:641} INFO - 25/02/15 16:22:20 INFO Utils: Copying /home/airflow/.ivy2/jars/org.postgresql_postgresql-42.2.18.jar to /tmp/spark-325b660e-a94f-41f7-b244-10ee6ac3745d/userFiles-5fbc526b-b463-478f-bf6b-268ae57ee1d7/org.postgresql_postgresql-42.2.18.jar
[2025-02-15T16:22:20.907+0000] {spark_submit.py:641} INFO - 25/02/15 16:22:20 INFO SparkContext: Added file file:///home/airflow/.ivy2/jars/org.checkerframework_checker-qual-3.5.0.jar at file:///home/airflow/.ivy2/jars/org.checkerframework_checker-qual-3.5.0.jar with timestamp 1739636540058
[2025-02-15T16:22:20.909+0000] {spark_submit.py:641} INFO - 25/02/15 16:22:20 INFO Utils: Copying /home/airflow/.ivy2/jars/org.checkerframework_checker-qual-3.5.0.jar to /tmp/spark-325b660e-a94f-41f7-b244-10ee6ac3745d/userFiles-5fbc526b-b463-478f-bf6b-268ae57ee1d7/org.checkerframework_checker-qual-3.5.0.jar
[2025-02-15T16:22:21.006+0000] {spark_submit.py:641} INFO - 25/02/15 16:22:21 INFO Executor: Starting executor ID driver on host ***-airflow-scheduler
[2025-02-15T16:22:21.016+0000] {spark_submit.py:641} INFO - 25/02/15 16:22:21 INFO Executor: Starting executor with user classpath (userClassPathFirst = false): ''
[2025-02-15T16:22:21.030+0000] {spark_submit.py:641} INFO - 25/02/15 16:22:21 INFO Executor: Fetching file:///home/airflow/.ivy2/jars/org.postgresql_postgresql-42.2.18.jar with timestamp 1739636540058
[2025-02-15T16:22:21.065+0000] {spark_submit.py:641} INFO - 25/02/15 16:22:21 INFO Utils: /home/airflow/.ivy2/jars/org.postgresql_postgresql-42.2.18.jar has been previously copied to /tmp/spark-325b660e-a94f-41f7-b244-10ee6ac3745d/userFiles-5fbc526b-b463-478f-bf6b-268ae57ee1d7/org.postgresql_postgresql-42.2.18.jar
[2025-02-15T16:22:21.076+0000] {spark_submit.py:641} INFO - 25/02/15 16:22:21 INFO Executor: Fetching file:///home/airflow/.ivy2/jars/org.checkerframework_checker-qual-3.5.0.jar with timestamp 1739636540058
[2025-02-15T16:22:21.079+0000] {spark_submit.py:641} INFO - 25/02/15 16:22:21 INFO Utils: /home/airflow/.ivy2/jars/org.checkerframework_checker-qual-3.5.0.jar has been previously copied to /tmp/spark-325b660e-a94f-41f7-b244-10ee6ac3745d/userFiles-5fbc526b-b463-478f-bf6b-268ae57ee1d7/org.checkerframework_checker-qual-3.5.0.jar
[2025-02-15T16:22:21.099+0000] {spark_submit.py:641} INFO - 25/02/15 16:22:21 INFO Executor: Fetching spark://***-airflow-scheduler:40991/jars/postgresql-42.2.18.jar with timestamp 1739636540058
[2025-02-15T16:22:21.146+0000] {spark_submit.py:641} INFO - 25/02/15 16:22:21 INFO TransportClientFactory: Successfully created connection to ***-airflow-scheduler/172.19.0.6:40991 after 25 ms (0 ms spent in bootstraps)
[2025-02-15T16:22:21.153+0000] {spark_submit.py:641} INFO - 25/02/15 16:22:21 INFO Utils: Fetching spark://***-airflow-scheduler:40991/jars/postgresql-42.2.18.jar to /tmp/spark-325b660e-a94f-41f7-b244-10ee6ac3745d/userFiles-5fbc526b-b463-478f-bf6b-268ae57ee1d7/fetchFileTemp7070238470136726611.tmp
[2025-02-15T16:22:21.225+0000] {spark_submit.py:641} INFO - 25/02/15 16:22:21 INFO Executor: Adding file:/tmp/spark-325b660e-a94f-41f7-b244-10ee6ac3745d/userFiles-5fbc526b-b463-478f-bf6b-268ae57ee1d7/postgresql-42.2.18.jar to class loader
[2025-02-15T16:22:21.234+0000] {spark_submit.py:641} INFO - 25/02/15 16:22:21 INFO Utils: Successfully started service 'org.apache.spark.network.netty.NettyBlockTransferService' on port 33693.
[2025-02-15T16:22:21.236+0000] {spark_submit.py:641} INFO - 25/02/15 16:22:21 INFO NettyBlockTransferService: Server created on ***-airflow-scheduler:33693
[2025-02-15T16:22:21.237+0000] {spark_submit.py:641} INFO - 25/02/15 16:22:21 INFO BlockManager: Using org.apache.spark.storage.RandomBlockReplicationPolicy for block replication policy
[2025-02-15T16:22:21.242+0000] {spark_submit.py:641} INFO - 25/02/15 16:22:21 INFO BlockManagerMaster: Registering BlockManager BlockManagerId(driver, ***-airflow-scheduler, 33693, None)
[2025-02-15T16:22:21.247+0000] {spark_submit.py:641} INFO - 25/02/15 16:22:21 INFO BlockManagerMasterEndpoint: Registering block manager ***-airflow-scheduler:33693 with 434.4 MiB RAM, BlockManagerId(driver, ***-airflow-scheduler, 33693, None)
[2025-02-15T16:22:21.251+0000] {spark_submit.py:641} INFO - 25/02/15 16:22:21 INFO BlockManagerMaster: Registered BlockManager BlockManagerId(driver, ***-airflow-scheduler, 33693, None)
[2025-02-15T16:22:21.253+0000] {spark_submit.py:641} INFO - 25/02/15 16:22:21 INFO BlockManager: Initialized BlockManager: BlockManagerId(driver, ***-airflow-scheduler, 33693, None)
[2025-02-15T16:22:26.076+0000] {spark_submit.py:641} INFO - ---------------- MENAMPILKAN DATASET ----------------
[2025-02-15T16:22:26.380+0000] {spark_submit.py:641} INFO - +-----------+-----------------+---------+---------------+------+-------------------+---------------+---+--------------------+-----------------+---------------------+----------+------------------+
[2025-02-15T16:22:26.381+0000] {spark_submit.py:641} INFO - |employee_id|       department|   region|      education|gender|recruitment_channel|no_of_trainings|age|previous_year_rating|length_of_service|KPIs_met_more_than_80|awards_won|avg_training_score|
[2025-02-15T16:22:26.382+0000] {spark_submit.py:641} INFO - +-----------+-----------------+---------+---------------+------+-------------------+---------------+---+--------------------+-----------------+---------------------+----------+------------------+
[2025-02-15T16:22:26.383+0000] {spark_submit.py:641} INFO - |       8724|       Technology|region_26|      Bachelors|     m|           sourcing|              1| 24|                null|                1|                    1|         0|                77|
[2025-02-15T16:22:26.384+0000] {spark_submit.py:641} INFO - |      74430|               HR| region_4|      Bachelors|     f|              other|              1| 31|                   3|                5|                    0|         0|                51|
[2025-02-15T16:22:26.385+0000] {spark_submit.py:641} INFO - |      72255|Sales & Marketing|region_13|      Bachelors|     m|              other|              1| 31|                   1|                4|                    0|         0|                47|
[2025-02-15T16:22:26.385+0000] {spark_submit.py:641} INFO - |      38562|      Procurement| region_2|      Bachelors|     f|              other|              3| 31|                   2|                9|                    0|         0|                65|
[2025-02-15T16:22:26.387+0000] {spark_submit.py:641} INFO - |      64486|          Finance|region_29|      Bachelors|     m|           sourcing|              1| 30|                   4|                7|                    0|         0|                61|
[2025-02-15T16:22:26.389+0000] {spark_submit.py:641} INFO - |      46232|      Procurement| region_7|      Bachelors|     m|           sourcing|              1| 36|                   3|                2|                    0|         0|                68|
[2025-02-15T16:22:26.390+0000] {spark_submit.py:641} INFO - |      54542|          Finance| region_2|      Bachelors|     m|              other|              1| 33|                   5|                3|                    1|         0|                57|
[2025-02-15T16:22:26.391+0000] {spark_submit.py:641} INFO - |      67269|        Analytics|region_22|      Bachelors|     m|           sourcing|              2| 36|                   3|                3|                    0|         0|                85|
[2025-02-15T16:22:26.392+0000] {spark_submit.py:641} INFO - |      66174|       Technology| region_7|Masters & above|     m|              other|              1| 51|                   4|               11|                    0|         0|                75|
[2025-02-15T16:22:26.393+0000] {spark_submit.py:641} INFO - |      76303|       Technology|region_22|      Bachelors|     m|           sourcing|              1| 29|                   5|                2|                    1|         0|                76|
[2025-02-15T16:22:26.394+0000] {spark_submit.py:641} INFO - +-----------+-----------------+---------+---------------+------+-------------------+---------------+---+--------------------+-----------------+---------------------+----------+------------------+
[2025-02-15T16:22:26.395+0000] {spark_submit.py:641} INFO - only showing top 10 rows
[2025-02-15T16:22:26.396+0000] {spark_submit.py:641} INFO - 
[2025-02-15T16:22:26.397+0000] {spark_submit.py:641} INFO - ---------------- MENAMPILKAN TIPE DATA AWAL ----------------
[2025-02-15T16:22:26.398+0000] {spark_submit.py:641} INFO - root
[2025-02-15T16:22:26.399+0000] {spark_submit.py:641} INFO - |-- employee_id: string (nullable = true)
[2025-02-15T16:22:26.400+0000] {spark_submit.py:641} INFO - |-- department: string (nullable = true)
[2025-02-15T16:22:26.401+0000] {spark_submit.py:641} INFO - |-- region: string (nullable = true)
[2025-02-15T16:22:26.402+0000] {spark_submit.py:641} INFO - |-- education: string (nullable = true)
[2025-02-15T16:22:26.404+0000] {spark_submit.py:641} INFO - |-- gender: string (nullable = true)
[2025-02-15T16:22:26.406+0000] {spark_submit.py:641} INFO - |-- recruitment_channel: string (nullable = true)
[2025-02-15T16:22:26.408+0000] {spark_submit.py:641} INFO - |-- no_of_trainings: string (nullable = true)
[2025-02-15T16:22:26.409+0000] {spark_submit.py:641} INFO - |-- age: string (nullable = true)
[2025-02-15T16:22:26.410+0000] {spark_submit.py:641} INFO - |-- previous_year_rating: string (nullable = true)
[2025-02-15T16:22:26.412+0000] {spark_submit.py:641} INFO - |-- length_of_service: string (nullable = true)
[2025-02-15T16:22:26.413+0000] {spark_submit.py:641} INFO - |-- KPIs_met_more_than_80: string (nullable = true)
[2025-02-15T16:22:26.414+0000] {spark_submit.py:641} INFO - |-- awards_won: string (nullable = true)
[2025-02-15T16:22:26.415+0000] {spark_submit.py:641} INFO - |-- avg_training_score: string (nullable = true)
[2025-02-15T16:22:26.416+0000] {spark_submit.py:641} INFO - 
[2025-02-15T16:22:26.497+0000] {spark_submit.py:641} INFO - ---------------- MENAMPILKAN TIPE DATA HASIL TRANSFORMASI ----------------
[2025-02-15T16:22:26.499+0000] {spark_submit.py:641} INFO - root
[2025-02-15T16:22:26.500+0000] {spark_submit.py:641} INFO - |-- employee_id: string (nullable = true)
[2025-02-15T16:22:26.501+0000] {spark_submit.py:641} INFO - |-- department: string (nullable = true)
[2025-02-15T16:22:26.503+0000] {spark_submit.py:641} INFO - |-- region: string (nullable = true)
[2025-02-15T16:22:26.504+0000] {spark_submit.py:641} INFO - |-- education: string (nullable = true)
[2025-02-15T16:22:26.506+0000] {spark_submit.py:641} INFO - |-- gender: string (nullable = true)
[2025-02-15T16:22:26.508+0000] {spark_submit.py:641} INFO - |-- recruitment_channel: string (nullable = true)
[2025-02-15T16:22:26.509+0000] {spark_submit.py:641} INFO - |-- no_of_trainings: integer (nullable = true)
[2025-02-15T16:22:26.511+0000] {spark_submit.py:641} INFO - |-- age: integer (nullable = true)
[2025-02-15T16:22:26.512+0000] {spark_submit.py:641} INFO - |-- previous_year_rating: integer (nullable = true)
[2025-02-15T16:22:26.513+0000] {spark_submit.py:641} INFO - |-- length_of_service: integer (nullable = true)
[2025-02-15T16:22:26.514+0000] {spark_submit.py:641} INFO - |-- KPIs_met_more_than_80: integer (nullable = true)
[2025-02-15T16:22:26.515+0000] {spark_submit.py:641} INFO - |-- awards_won: integer (nullable = true)
[2025-02-15T16:22:26.516+0000] {spark_submit.py:641} INFO - |-- avg_training_score: integer (nullable = true)
[2025-02-15T16:22:26.517+0000] {spark_submit.py:641} INFO - 
[2025-02-15T16:22:26.518+0000] {spark_submit.py:641} INFO - ---------------- MENAMPILKAN BANYAK DATA NULL DI SETIAP KOLOM ----------------
[2025-02-15T16:22:27.466+0000] {spark_submit.py:641} INFO - +----------------+---------------+-----------+--------------+-----------+------------------------+--------------------+--------+-------------------------+----------------------+--------------------------+---------------+-----------------------+
[2025-02-15T16:22:27.468+0000] {spark_submit.py:641} INFO - |employee_id_null|department_null|region_null|education_null|gender_null|recruitment_channel_null|no_of_trainings_null|age_null|previous_year_rating_null|length_of_service_null|KPIs_met_more_than_80_null|awards_won_null|avg_training_score_nuli|
[2025-02-15T16:22:27.470+0000] {spark_submit.py:641} INFO - +----------------+---------------+-----------+--------------+-----------+------------------------+--------------------+--------+-------------------------+----------------------+--------------------------+---------------+-----------------------+
[2025-02-15T16:22:27.472+0000] {spark_submit.py:641} INFO - |               0|              0|          0|           771|          0|                       0|                   0|       0|                     1363|                     0|                         0|              0|                      0|
[2025-02-15T16:22:27.474+0000] {spark_submit.py:641} INFO - +----------------+---------------+-----------+--------------+-----------+------------------------+--------------------+--------+-------------------------+----------------------+--------------------------+---------------+-----------------------+
[2025-02-15T16:22:27.476+0000] {spark_submit.py:641} INFO - 
[2025-02-15T16:22:27.478+0000] {spark_submit.py:641} INFO - ---------------- NULL HANDLING PADA KOLOM EDUCATION & PREVIOUS_YEAR_RATING ----------------
[2025-02-15T16:22:27.772+0000] {spark_submit.py:641} INFO - +--------------+-------------------------+
[2025-02-15T16:22:27.774+0000] {spark_submit.py:641} INFO - |education_null|previous_year_rating_null|
[2025-02-15T16:22:27.776+0000] {spark_submit.py:641} INFO - +--------------+-------------------------+
[2025-02-15T16:22:27.779+0000] {spark_submit.py:641} INFO - |             0|                        0|
[2025-02-15T16:22:27.781+0000] {spark_submit.py:641} INFO - +--------------+-------------------------+
[2025-02-15T16:22:27.782+0000] {spark_submit.py:641} INFO - 
[2025-02-15T16:22:27.784+0000] {spark_submit.py:641} INFO - ---------------- MENAMPILKAN BANYAK DATA DUPLIKAT BERDASARKAN EMPLOYEE_ID ----------------
[2025-02-15T16:22:28.677+0000] {spark_submit.py:641} INFO - +-----------+------+
[2025-02-15T16:22:28.679+0000] {spark_submit.py:641} INFO - |employee_id|jumlah|
[2025-02-15T16:22:28.682+0000] {spark_submit.py:641} INFO - +-----------+------+
[2025-02-15T16:22:28.684+0000] {spark_submit.py:641} INFO - |      64573|     2|
[2025-02-15T16:22:28.686+0000] {spark_submit.py:641} INFO - |      49584|     3|
[2025-02-15T16:22:28.689+0000] {spark_submit.py:641} INFO - +-----------+------+
[2025-02-15T16:22:28.691+0000] {spark_submit.py:641} INFO - 
[2025-02-15T16:22:28.692+0000] {spark_submit.py:641} INFO - ---------------- MENAMPILKAN SEMUA BARI DAN KOLOM DARI EMPLOYEE ID YANG DUPLIKAT ----------------
[2025-02-15T16:22:28.693+0000] {spark_submit.py:641} INFO - Traceback (most recent call last):
[2025-02-15T16:22:28.695+0000] {spark_submit.py:641} INFO - File "/spark-scripts/***_etl.py", line 96, in <module>
[2025-02-15T16:22:28.696+0000] {spark_submit.py:641} INFO - df_dup_rows = df.join(df_duplicates, on="employee_id", how="inner")
[2025-02-15T16:22:28.698+0000] {spark_submit.py:641} INFO - File "/home/airflow/.local/lib/python3.9/site-packages/pyspark/python/lib/pyspark.zip/pyspark/sql/dataframe.py", line 1539, in join
[2025-02-15T16:22:28.699+0000] {spark_submit.py:641} INFO - AttributeError: 'NoneType' object has no attribute '_jdf'
[2025-02-15T16:22:28.880+0000] {taskinstance.py:3311} ERROR - Task failed with exception
Traceback (most recent call last):
  File "/home/airflow/.local/lib/python3.9/site-packages/airflow/models/taskinstance.py", line 767, in _execute_task
    result = _execute_callable(context=context, **execute_callable_kwargs)
  File "/home/airflow/.local/lib/python3.9/site-packages/airflow/models/taskinstance.py", line 733, in _execute_callable
    return ExecutionCallableRunner(
  File "/home/airflow/.local/lib/python3.9/site-packages/airflow/utils/operator_helpers.py", line 252, in run
    return self.func(*args, **kwargs)
  File "/home/airflow/.local/lib/python3.9/site-packages/airflow/models/baseoperator.py", line 422, in wrapper
    return func(self, *args, **kwargs)
  File "/home/airflow/.local/lib/python3.9/site-packages/airflow/providers/apache/spark/operators/spark_submit.py", line 177, in execute
    self._hook.submit(self.application)
  File "/home/airflow/.local/lib/python3.9/site-packages/airflow/providers/apache/spark/hooks/spark_submit.py", line 567, in submit
    raise AirflowException(
airflow.exceptions.AirflowException: Cannot execute: spark-submit --master spark://***-spark-master:7077 --packages org.postgresql:postgresql:42.2.18 --name arrow-spark /spark-scripts/***_etl.py. Error code is: 1.
[2025-02-15T16:22:28.889+0000] {taskinstance.py:1225} INFO - Marking task as FAILED. dag_id=***_elt_dag, task_id=etl_task, run_id=manual__2025-02-15T16:11:46.573734+00:00, execution_date=20250215T161146, start_date=20250215T162216, end_date=20250215T162228
[2025-02-15T16:22:28.908+0000] {taskinstance.py:340} INFO - ::group::Post task execution logs
[2025-02-15T16:22:28.911+0000] {standard_task_runner.py:124} ERROR - Failed to execute job 8 for task etl_task (Cannot execute: spark-submit --master spark://***-spark-master:7077 --packages org.postgresql:postgresql:42.2.18 --name arrow-spark /spark-scripts/***_etl.py. Error code is: 1.; 2279)
Traceback (most recent call last):
  File "/home/airflow/.local/lib/python3.9/site-packages/airflow/task/task_runner/standard_task_runner.py", line 117, in _start_by_fork
    ret = args.func(args, dag=self.dag)
  File "/home/airflow/.local/lib/python3.9/site-packages/airflow/cli/cli_config.py", line 49, in command
    return func(*args, **kwargs)
  File "/home/airflow/.local/lib/python3.9/site-packages/airflow/utils/cli.py", line 116, in wrapper
    return f(*args, **kwargs)
  File "/home/airflow/.local/lib/python3.9/site-packages/airflow/cli/commands/task_command.py", line 483, in task_run
    task_return_code = _run_task_by_selected_method(args, _dag, ti)
  File "/home/airflow/.local/lib/python3.9/site-packages/airflow/cli/commands/task_command.py", line 256, in _run_task_by_selected_method
    return _run_raw_task(args, ti)
  File "/home/airflow/.local/lib/python3.9/site-packages/airflow/cli/commands/task_command.py", line 341, in _run_raw_task
    return ti._run_raw_task(
  File "/home/airflow/.local/lib/python3.9/site-packages/airflow/utils/session.py", line 97, in wrapper
    return func(*args, session=session, **kwargs)
  File "/home/airflow/.local/lib/python3.9/site-packages/airflow/models/taskinstance.py", line 3005, in _run_raw_task
    return _run_raw_task(
  File "/home/airflow/.local/lib/python3.9/site-packages/airflow/models/taskinstance.py", line 273, in _run_raw_task
    TaskInstance._execute_task_with_callbacks(
  File "/home/airflow/.local/lib/python3.9/site-packages/airflow/models/taskinstance.py", line 3159, in _execute_task_with_callbacks
    result = self._execute_task(context, task_orig)
  File "/home/airflow/.local/lib/python3.9/site-packages/airflow/models/taskinstance.py", line 3183, in _execute_task
    return _execute_task(self, context, task_orig)
  File "/home/airflow/.local/lib/python3.9/site-packages/airflow/models/taskinstance.py", line 767, in _execute_task
    result = _execute_callable(context=context, **execute_callable_kwargs)
  File "/home/airflow/.local/lib/python3.9/site-packages/airflow/models/taskinstance.py", line 733, in _execute_callable
    return ExecutionCallableRunner(
  File "/home/airflow/.local/lib/python3.9/site-packages/airflow/utils/operator_helpers.py", line 252, in run
    return self.func(*args, **kwargs)
  File "/home/airflow/.local/lib/python3.9/site-packages/airflow/models/baseoperator.py", line 422, in wrapper
    return func(self, *args, **kwargs)
  File "/home/airflow/.local/lib/python3.9/site-packages/airflow/providers/apache/spark/operators/spark_submit.py", line 177, in execute
    self._hook.submit(self.application)
  File "/home/airflow/.local/lib/python3.9/site-packages/airflow/providers/apache/spark/hooks/spark_submit.py", line 567, in submit
    raise AirflowException(
airflow.exceptions.AirflowException: Cannot execute: spark-submit --master spark://***-spark-master:7077 --packages org.postgresql:postgresql:42.2.18 --name arrow-spark /spark-scripts/***_etl.py. Error code is: 1.
[2025-02-15T16:22:28.937+0000] {local_task_job_runner.py:266} INFO - Task exited with return code 1
[2025-02-15T16:22:28.956+0000] {taskinstance.py:3895} INFO - 0 downstream tasks scheduled from follow-on schedule check
[2025-02-15T16:22:28.959+0000] {local_task_job_runner.py:245} INFO - ::endgroup::
