[2025-02-20T07:44:18.191+0000] {local_task_job_runner.py:123} INFO - ::group::Pre task execution logs
[2025-02-20T07:44:18.285+0000] {taskinstance.py:2614} INFO - Dependencies all met for dep_context=non-requeueable deps ti=<TaskInstance: finprode8_v2_etl_dag.extract_task manual__2025-02-20T07:44:14.932073+00:00 [queued]>
[2025-02-20T07:44:18.323+0000] {taskinstance.py:2614} INFO - Dependencies all met for dep_context=requeueable deps ti=<TaskInstance: finprode8_v2_etl_dag.extract_task manual__2025-02-20T07:44:14.932073+00:00 [queued]>
[2025-02-20T07:44:18.326+0000] {taskinstance.py:2867} INFO - Starting attempt 1 of 1
[2025-02-20T07:44:18.362+0000] {taskinstance.py:2890} INFO - Executing <Task(SparkSubmitOperator): extract_task> on 2025-02-20 07:44:14.932073+00:00
[2025-02-20T07:44:18.383+0000] {standard_task_runner.py:72} INFO - Started process 198 to run task
[2025-02-20T07:44:18.418+0000] {standard_task_runner.py:104} INFO - Running: ['airflow', 'tasks', 'run', '***_v2_etl_dag', 'extract_task', 'manual__2025-02-20T07:44:14.932073+00:00', '--job-id', '73', '--raw', '--subdir', 'DAGS_FOLDER/***_v2_etl_dag.py', '--cfg-path', '/tmp/tmpmrzrdpr1']
[2025-02-20T07:44:18.434+0000] {standard_task_runner.py:105} INFO - Job 73: Subtask extract_task
[2025-02-20T07:44:18.518+0000] {logging_mixin.py:190} WARNING - /home/airflow/.local/lib/python3.9/site-packages/airflow/settings.py:209 DeprecationWarning: The sql_alchemy_conn option in [core] has been moved to the sql_alchemy_conn option in [database] - the old setting has been used, but please update your config.
[2025-02-20T07:44:18.714+0000] {task_command.py:467} INFO - Running <TaskInstance: finprode8_v2_etl_dag.extract_task manual__2025-02-20T07:44:14.932073+00:00 [running]> on host ***-airflow-scheduler
[2025-02-20T07:44:19.378+0000] {taskinstance.py:3134} INFO - Exporting env vars: AIRFLOW_CTX_DAG_OWNER='ratih malini' AIRFLOW_CTX_DAG_ID='***_v2_etl_dag' AIRFLOW_CTX_TASK_ID='extract_task' AIRFLOW_CTX_EXECUTION_DATE='2025-02-20T07:44:14.932073+00:00' AIRFLOW_CTX_TRY_NUMBER='1' AIRFLOW_CTX_DAG_RUN_ID='manual__2025-02-20T07:44:14.932073+00:00'
[2025-02-20T07:44:19.388+0000] {taskinstance.py:732} INFO - ::endgroup::
[2025-02-20T07:44:19.628+0000] {base.py:84} INFO - Retrieving connection 'spark_main'
[2025-02-20T07:44:19.632+0000] {spark_submit.py:474} INFO - Spark-Submit cmd: spark-submit --master spark://***-spark-master:7077 --packages org.postgresql:postgresql:42.2.18 --name arrow-spark /spark-scripts/***_v2_extract.py
[2025-02-20T07:44:25.900+0000] {spark_submit.py:641} INFO - :: loading settings :: url = jar:file:/home/airflow/.local/lib/python3.9/site-packages/pyspark/jars/ivy-2.5.1.jar!/org/apache/ivy/core/settings/ivysettings.xml
[2025-02-20T07:44:26.090+0000] {spark_submit.py:641} INFO - Ivy Default Cache set to: /home/airflow/.ivy2/cache
[2025-02-20T07:44:26.092+0000] {spark_submit.py:641} INFO - The jars for the packages stored in: /home/airflow/.ivy2/jars
[2025-02-20T07:44:26.105+0000] {spark_submit.py:641} INFO - org.postgresql#postgresql added as a dependency
[2025-02-20T07:44:26.109+0000] {spark_submit.py:641} INFO - :: resolving dependencies :: org.apache.spark#spark-submit-parent-b40730e6-3d80-4503-9b2a-77a06323cff8;1.0
[2025-02-20T07:44:26.114+0000] {spark_submit.py:641} INFO - confs: [default]
[2025-02-20T07:44:28.557+0000] {spark_submit.py:641} INFO - found org.postgresql#postgresql;42.2.18 in central
[2025-02-20T07:44:28.939+0000] {spark_submit.py:641} INFO - found org.checkerframework#checker-qual;3.5.0 in central
[2025-02-20T07:44:29.138+0000] {spark_submit.py:641} INFO - downloading https://repo1.maven.org/maven2/org/postgresql/postgresql/42.2.18/postgresql-42.2.18.jar ...
[2025-02-20T07:44:30.132+0000] {spark_submit.py:641} INFO - [SUCCESSFUL ] org.postgresql#postgresql;42.2.18!postgresql.jar (1165ms)
[2025-02-20T07:44:30.330+0000] {spark_submit.py:641} INFO - downloading https://repo1.maven.org/maven2/org/checkerframework/checker-qual/3.5.0/checker-qual-3.5.0.jar ...
[2025-02-20T07:44:32.512+0000] {spark_submit.py:641} INFO - [SUCCESSFUL ] org.checkerframework#checker-qual;3.5.0!checker-qual.jar (2352ms)
[2025-02-20T07:44:32.514+0000] {spark_submit.py:641} INFO - :: resolution report :: resolve 2854ms :: artifacts dl 3551ms
[2025-02-20T07:44:32.515+0000] {spark_submit.py:641} INFO - :: modules in use:
[2025-02-20T07:44:32.516+0000] {spark_submit.py:641} INFO - org.checkerframework#checker-qual;3.5.0 from central in [default]
[2025-02-20T07:44:32.517+0000] {spark_submit.py:641} INFO - org.postgresql#postgresql;42.2.18 from central in [default]
[2025-02-20T07:44:32.519+0000] {spark_submit.py:641} INFO - ---------------------------------------------------------------------
[2025-02-20T07:44:32.520+0000] {spark_submit.py:641} INFO - |                  |            modules            ||   artifacts   |
[2025-02-20T07:44:32.521+0000] {spark_submit.py:641} INFO - |       conf       | number| search|dwnlded|evicted|| number|dwnlded|
[2025-02-20T07:44:32.522+0000] {spark_submit.py:641} INFO - ---------------------------------------------------------------------
[2025-02-20T07:44:32.524+0000] {spark_submit.py:641} INFO - |      default     |   2   |   2   |   2   |   0   ||   2   |   2   |
[2025-02-20T07:44:32.525+0000] {spark_submit.py:641} INFO - ---------------------------------------------------------------------
[2025-02-20T07:44:32.528+0000] {spark_submit.py:641} INFO - :: retrieving :: org.apache.spark#spark-submit-parent-b40730e6-3d80-4503-9b2a-77a06323cff8
[2025-02-20T07:44:32.530+0000] {spark_submit.py:641} INFO - confs: [default]
[2025-02-20T07:44:32.565+0000] {spark_submit.py:641} INFO - 2 artifacts copied, 0 already retrieved (1190kB/38ms)
[2025-02-20T07:44:33.171+0000] {spark_submit.py:641} INFO - 25/02/20 07:44:33 WARN NativeCodeLoader: Unable to load native-hadoop library for your platform... using builtin-java classes where applicable
[2025-02-20T07:44:38.568+0000] {spark_submit.py:641} INFO - 25/02/20 07:44:38 INFO SparkContext: Running Spark version 3.3.2
[2025-02-20T07:44:38.618+0000] {spark_submit.py:641} INFO - 25/02/20 07:44:38 INFO ResourceUtils: ==============================================================
[2025-02-20T07:44:38.620+0000] {spark_submit.py:641} INFO - 25/02/20 07:44:38 INFO ResourceUtils: No custom resources configured for spark.driver.
[2025-02-20T07:44:38.623+0000] {spark_submit.py:641} INFO - 25/02/20 07:44:38 INFO ResourceUtils: ==============================================================
[2025-02-20T07:44:38.626+0000] {spark_submit.py:641} INFO - 25/02/20 07:44:38 INFO SparkContext: Submitted application: ***_extract
[2025-02-20T07:44:38.675+0000] {spark_submit.py:641} INFO - 25/02/20 07:44:38 INFO ResourceProfile: Default ResourceProfile created, executor resources: Map(cores -> name: cores, amount: 1, script: , vendor: , memory -> name: memory, amount: 1024, script: , vendor: , offHeap -> name: offHeap, amount: 0, script: , vendor: ), task resources: Map(cpus -> name: cpus, amount: 1.0)
[2025-02-20T07:44:38.690+0000] {spark_submit.py:641} INFO - 25/02/20 07:44:38 INFO ResourceProfile: Limiting resource is cpu
[2025-02-20T07:44:38.692+0000] {spark_submit.py:641} INFO - 25/02/20 07:44:38 INFO ResourceProfileManager: Added ResourceProfile id: 0
[2025-02-20T07:44:39.999+0000] {spark_submit.py:641} INFO - 25/02/20 07:44:39 INFO SecurityManager: Changing view acls to: airflow
[2025-02-20T07:44:40.004+0000] {spark_submit.py:641} INFO - 25/02/20 07:44:40 INFO SecurityManager: Changing modify acls to: airflow
[2025-02-20T07:44:40.008+0000] {spark_submit.py:641} INFO - 25/02/20 07:44:40 INFO SecurityManager: Changing view acls groups to:
[2025-02-20T07:44:40.010+0000] {spark_submit.py:641} INFO - 25/02/20 07:44:40 INFO SecurityManager: Changing modify acls groups to:
[2025-02-20T07:44:40.011+0000] {spark_submit.py:641} INFO - 25/02/20 07:44:40 INFO SecurityManager: SecurityManager: authentication disabled; ui acls disabled; users  with view permissions: Set(airflow); groups with view permissions: Set(); users  with modify permissions: Set(airflow); groups with modify permissions: Set()
[2025-02-20T07:44:41.085+0000] {spark_submit.py:641} INFO - 25/02/20 07:44:41 INFO Utils: Successfully started service 'sparkDriver' on port 45453.
[2025-02-20T07:44:41.208+0000] {spark_submit.py:641} INFO - 25/02/20 07:44:41 INFO SparkEnv: Registering MapOutputTracker
[2025-02-20T07:44:41.283+0000] {spark_submit.py:641} INFO - 25/02/20 07:44:41 INFO SparkEnv: Registering BlockManagerMaster
[2025-02-20T07:44:41.330+0000] {spark_submit.py:641} INFO - 25/02/20 07:44:41 INFO BlockManagerMasterEndpoint: Using org.apache.spark.storage.DefaultTopologyMapper for getting topology information
[2025-02-20T07:44:41.332+0000] {spark_submit.py:641} INFO - 25/02/20 07:44:41 INFO BlockManagerMasterEndpoint: BlockManagerMasterEndpoint up
[2025-02-20T07:44:41.345+0000] {spark_submit.py:641} INFO - 25/02/20 07:44:41 INFO SparkEnv: Registering BlockManagerMasterHeartbeat
[2025-02-20T07:44:41.420+0000] {spark_submit.py:641} INFO - 25/02/20 07:44:41 INFO DiskBlockManager: Created local directory at /tmp/blockmgr-ccf26964-207f-4111-b8ff-e1d15baaa53a
[2025-02-20T07:44:41.445+0000] {spark_submit.py:641} INFO - 25/02/20 07:44:41 INFO MemoryStore: MemoryStore started with capacity 434.4 MiB
[2025-02-20T07:44:41.482+0000] {spark_submit.py:641} INFO - 25/02/20 07:44:41 INFO SparkEnv: Registering OutputCommitCoordinator
[2025-02-20T07:44:42.206+0000] {spark_submit.py:641} INFO - 25/02/20 07:44:42 INFO Utils: Successfully started service 'SparkUI' on port 4040.
[2025-02-20T07:44:42.284+0000] {spark_submit.py:641} INFO - 25/02/20 07:44:42 INFO SparkContext: Added JAR /spark-scripts/jars/postgresql-42.2.18.jar at spark://***-airflow-scheduler:45453/jars/postgresql-42.2.18.jar with timestamp 1740037478552
[2025-02-20T07:44:42.290+0000] {spark_submit.py:641} INFO - 25/02/20 07:44:42 INFO SparkContext: Added file file:///home/airflow/.ivy2/jars/org.postgresql_postgresql-42.2.18.jar at file:///home/airflow/.ivy2/jars/org.postgresql_postgresql-42.2.18.jar with timestamp 1740037478552
[2025-02-20T07:44:42.293+0000] {spark_submit.py:641} INFO - 25/02/20 07:44:42 INFO Utils: Copying /home/airflow/.ivy2/jars/org.postgresql_postgresql-42.2.18.jar to /tmp/spark-afcc4574-4eb2-43a2-9389-38a968eb370a/userFiles-3e097955-9b5a-441c-a8dd-bcb5045b7fe4/org.postgresql_postgresql-42.2.18.jar
[2025-02-20T07:44:42.347+0000] {spark_submit.py:641} INFO - 25/02/20 07:44:42 INFO SparkContext: Added file file:///home/airflow/.ivy2/jars/org.checkerframework_checker-qual-3.5.0.jar at file:///home/airflow/.ivy2/jars/org.checkerframework_checker-qual-3.5.0.jar with timestamp 1740037478552
[2025-02-20T07:44:42.352+0000] {spark_submit.py:641} INFO - 25/02/20 07:44:42 INFO Utils: Copying /home/airflow/.ivy2/jars/org.checkerframework_checker-qual-3.5.0.jar to /tmp/spark-afcc4574-4eb2-43a2-9389-38a968eb370a/userFiles-3e097955-9b5a-441c-a8dd-bcb5045b7fe4/org.checkerframework_checker-qual-3.5.0.jar
[2025-02-20T07:44:42.504+0000] {spark_submit.py:641} INFO - 25/02/20 07:44:42 INFO Executor: Starting executor ID driver on host ***-airflow-scheduler
[2025-02-20T07:44:42.516+0000] {spark_submit.py:641} INFO - 25/02/20 07:44:42 INFO Executor: Starting executor with user classpath (userClassPathFirst = false): ''
[2025-02-20T07:44:42.533+0000] {spark_submit.py:641} INFO - 25/02/20 07:44:42 INFO Executor: Fetching file:///home/airflow/.ivy2/jars/org.postgresql_postgresql-42.2.18.jar with timestamp 1740037478552
[2025-02-20T07:44:42.561+0000] {spark_submit.py:641} INFO - 25/02/20 07:44:42 INFO Utils: /home/airflow/.ivy2/jars/org.postgresql_postgresql-42.2.18.jar has been previously copied to /tmp/spark-afcc4574-4eb2-43a2-9389-38a968eb370a/userFiles-3e097955-9b5a-441c-a8dd-bcb5045b7fe4/org.postgresql_postgresql-42.2.18.jar
[2025-02-20T07:44:42.567+0000] {spark_submit.py:641} INFO - 25/02/20 07:44:42 INFO Executor: Fetching file:///home/airflow/.ivy2/jars/org.checkerframework_checker-qual-3.5.0.jar with timestamp 1740037478552
[2025-02-20T07:44:42.568+0000] {spark_submit.py:641} INFO - 25/02/20 07:44:42 INFO Utils: /home/airflow/.ivy2/jars/org.checkerframework_checker-qual-3.5.0.jar has been previously copied to /tmp/spark-afcc4574-4eb2-43a2-9389-38a968eb370a/userFiles-3e097955-9b5a-441c-a8dd-bcb5045b7fe4/org.checkerframework_checker-qual-3.5.0.jar
[2025-02-20T07:44:42.582+0000] {spark_submit.py:641} INFO - 25/02/20 07:44:42 INFO Executor: Fetching spark://***-airflow-scheduler:45453/jars/postgresql-42.2.18.jar with timestamp 1740037478552
[2025-02-20T07:44:42.636+0000] {spark_submit.py:641} INFO - 25/02/20 07:44:42 INFO TransportClientFactory: Successfully created connection to ***-airflow-scheduler/172.19.0.6:45453 after 34 ms (0 ms spent in bootstraps)
[2025-02-20T07:44:42.645+0000] {spark_submit.py:641} INFO - 25/02/20 07:44:42 INFO Utils: Fetching spark://***-airflow-scheduler:45453/jars/postgresql-42.2.18.jar to /tmp/spark-afcc4574-4eb2-43a2-9389-38a968eb370a/userFiles-3e097955-9b5a-441c-a8dd-bcb5045b7fe4/fetchFileTemp12957806663182296968.tmp
[2025-02-20T07:44:44.820+0000] {spark_submit.py:641} INFO - 25/02/20 07:44:44 INFO Executor: Adding file:/tmp/spark-afcc4574-4eb2-43a2-9389-38a968eb370a/userFiles-3e097955-9b5a-441c-a8dd-bcb5045b7fe4/postgresql-42.2.18.jar to class loader
[2025-02-20T07:44:44.845+0000] {spark_submit.py:641} INFO - 25/02/20 07:44:44 INFO Utils: Successfully started service 'org.apache.spark.network.netty.NettyBlockTransferService' on port 43317.
[2025-02-20T07:44:44.848+0000] {spark_submit.py:641} INFO - 25/02/20 07:44:44 INFO NettyBlockTransferService: Server created on ***-airflow-scheduler:43317
[2025-02-20T07:44:44.850+0000] {spark_submit.py:641} INFO - 25/02/20 07:44:44 INFO BlockManager: Using org.apache.spark.storage.RandomBlockReplicationPolicy for block replication policy
[2025-02-20T07:44:44.872+0000] {spark_submit.py:641} INFO - 25/02/20 07:44:44 INFO BlockManagerMaster: Registering BlockManager BlockManagerId(driver, ***-airflow-scheduler, 43317, None)
[2025-02-20T07:44:44.882+0000] {spark_submit.py:641} INFO - 25/02/20 07:44:44 INFO BlockManagerMasterEndpoint: Registering block manager ***-airflow-scheduler:43317 with 434.4 MiB RAM, BlockManagerId(driver, ***-airflow-scheduler, 43317, None)
[2025-02-20T07:44:44.893+0000] {spark_submit.py:641} INFO - 25/02/20 07:44:44 INFO BlockManagerMaster: Registered BlockManager BlockManagerId(driver, ***-airflow-scheduler, 43317, None)
[2025-02-20T07:44:44.897+0000] {spark_submit.py:641} INFO - 25/02/20 07:44:44 INFO BlockManager: Initialized BlockManager: BlockManagerId(driver, ***-airflow-scheduler, 43317, None)
[2025-02-20T07:44:47.427+0000] {spark_submit.py:641} INFO - Downloading from https://www.kaggle.com/api/v1/datasets/download/sanjanchaudhari/employees-performance-for-hr-analytics?dataset_version_number=1...
[2025-02-20T07:44:47.453+0000] {spark_submit.py:641} INFO - 
[2025-02-20T07:44:48.132+0000] {spark_submit.py:641} INFO - 0%|          | 0.00/205k [00:00<?, ?B/s]
[2025-02-20T07:44:48.136+0000] {spark_submit.py:641} INFO - 100%|██████████| 205k/205k [00:00<00:00, 310kB/s]
[2025-02-20T07:44:48.144+0000] {spark_submit.py:641} INFO - 100%|██████████| 205k/205k [00:00<00:00, 310kB/s]
[2025-02-20T07:44:48.147+0000] {spark_submit.py:641} INFO - Extracting files...
[2025-02-20T07:44:55.666+0000] {spark_submit.py:641} INFO - 25/02/20 07:44:55 WARN FileUtil: Failed to delete file or dir [/opt/airflow/data/extracted.parquet]: it still exists.
[2025-02-20T07:44:55.700+0000] {spark_submit.py:641} INFO - Traceback (most recent call last):
[2025-02-20T07:44:55.703+0000] {spark_submit.py:641} INFO - File "/spark-scripts/***_v2_extract.py", line 48, in <module>
[2025-02-20T07:44:55.706+0000] {spark_submit.py:641} INFO - extract()
[2025-02-20T07:44:55.708+0000] {spark_submit.py:641} INFO - File "/spark-scripts/***_v2_extract.py", line 40, in extract
[2025-02-20T07:44:55.710+0000] {spark_submit.py:641} INFO - df.write.mode("overwrite").parquet(os.path.abspath("data/extracted.parquet"))
[2025-02-20T07:44:55.719+0000] {spark_submit.py:641} INFO - File "/home/airflow/.local/lib/python3.9/site-packages/pyspark/python/lib/pyspark.zip/pyspark/sql/readwriter.py", line 1140, in parquet
[2025-02-20T07:44:55.720+0000] {spark_submit.py:641} INFO - File "/home/airflow/.local/lib/python3.9/site-packages/pyspark/python/lib/py4j-0.10.9.5-src.zip/py4j/java_gateway.py", line 1321, in __call__
[2025-02-20T07:44:55.722+0000] {spark_submit.py:641} INFO - File "/home/airflow/.local/lib/python3.9/site-packages/pyspark/python/lib/pyspark.zip/pyspark/sql/utils.py", line 190, in deco
[2025-02-20T07:44:55.724+0000] {spark_submit.py:641} INFO - File "/home/airflow/.local/lib/python3.9/site-packages/pyspark/python/lib/py4j-0.10.9.5-src.zip/py4j/protocol.py", line 326, in get_return_value
[2025-02-20T07:44:55.726+0000] {spark_submit.py:641} INFO - py4j.protocol.Py4JJavaError: An error occurred while calling o36.parquet.
[2025-02-20T07:44:55.727+0000] {spark_submit.py:641} INFO - : java.io.IOException: Unable to clear output directory file:/opt/airflow/data/extracted.parquet prior to writing to it
[2025-02-20T07:44:55.729+0000] {spark_submit.py:641} INFO - at org.apache.spark.sql.errors.QueryExecutionErrors$.cannotClearOutputDirectoryError(QueryExecutionErrors.scala:678)
[2025-02-20T07:44:55.730+0000] {spark_submit.py:641} INFO - at org.apache.spark.sql.execution.datasources.InsertIntoHadoopFsRelationCommand.deleteMatchingPartitions(InsertIntoHadoopFsRelationCommand.scala:235)
[2025-02-20T07:44:55.733+0000] {spark_submit.py:641} INFO - at org.apache.spark.sql.execution.datasources.InsertIntoHadoopFsRelationCommand.run(InsertIntoHadoopFsRelationCommand.scala:128)
[2025-02-20T07:44:55.736+0000] {spark_submit.py:641} INFO - at org.apache.spark.sql.execution.command.DataWritingCommandExec.sideEffectResult$lzycompute(commands.scala:113)
[2025-02-20T07:44:55.739+0000] {spark_submit.py:641} INFO - at org.apache.spark.sql.execution.command.DataWritingCommandExec.sideEffectResult(commands.scala:111)
[2025-02-20T07:44:55.740+0000] {spark_submit.py:641} INFO - at org.apache.spark.sql.execution.command.DataWritingCommandExec.executeCollect(commands.scala:125)
[2025-02-20T07:44:55.742+0000] {spark_submit.py:641} INFO - at org.apache.spark.sql.execution.QueryExecution$$anonfun$eagerlyExecuteCommands$1.$anonfun$applyOrElse$1(QueryExecution.scala:98)
[2025-02-20T07:44:55.743+0000] {spark_submit.py:641} INFO - at org.apache.spark.sql.execution.SQLExecution$.$anonfun$withNewExecutionId$6(SQLExecution.scala:109)
[2025-02-20T07:44:55.745+0000] {spark_submit.py:641} INFO - at org.apache.spark.sql.execution.SQLExecution$.withSQLConfPropagated(SQLExecution.scala:169)
[2025-02-20T07:44:55.747+0000] {spark_submit.py:641} INFO - at org.apache.spark.sql.execution.SQLExecution$.$anonfun$withNewExecutionId$1(SQLExecution.scala:95)
[2025-02-20T07:44:55.751+0000] {spark_submit.py:641} INFO - at org.apache.spark.sql.SparkSession.withActive(SparkSession.scala:779)
[2025-02-20T07:44:55.753+0000] {spark_submit.py:641} INFO - at org.apache.spark.sql.execution.SQLExecution$.withNewExecutionId(SQLExecution.scala:64)
[2025-02-20T07:44:55.755+0000] {spark_submit.py:641} INFO - at org.apache.spark.sql.execution.QueryExecution$$anonfun$eagerlyExecuteCommands$1.applyOrElse(QueryExecution.scala:98)
[2025-02-20T07:44:55.757+0000] {spark_submit.py:641} INFO - at org.apache.spark.sql.execution.QueryExecution$$anonfun$eagerlyExecuteCommands$1.applyOrElse(QueryExecution.scala:94)
[2025-02-20T07:44:55.759+0000] {spark_submit.py:641} INFO - at org.apache.spark.sql.catalyst.trees.TreeNode.$anonfun$transformDownWithPruning$1(TreeNode.scala:584)
[2025-02-20T07:44:55.760+0000] {spark_submit.py:641} INFO - at org.apache.spark.sql.catalyst.trees.CurrentOrigin$.withOrigin(TreeNode.scala:176)
[2025-02-20T07:44:55.762+0000] {spark_submit.py:641} INFO - at org.apache.spark.sql.catalyst.trees.TreeNode.transformDownWithPruning(TreeNode.scala:584)
[2025-02-20T07:44:55.764+0000] {spark_submit.py:641} INFO - at org.apache.spark.sql.catalyst.plans.logical.LogicalPlan.org$apache$spark$sql$catalyst$plans$logical$AnalysisHelper$$super$transformDownWithPruning(LogicalPlan.scala:30)
[2025-02-20T07:44:55.766+0000] {spark_submit.py:641} INFO - at org.apache.spark.sql.catalyst.plans.logical.AnalysisHelper.transformDownWithPruning(AnalysisHelper.scala:267)
[2025-02-20T07:44:55.768+0000] {spark_submit.py:641} INFO - at org.apache.spark.sql.catalyst.plans.logical.AnalysisHelper.transformDownWithPruning$(AnalysisHelper.scala:263)
[2025-02-20T07:44:55.770+0000] {spark_submit.py:641} INFO - at org.apache.spark.sql.catalyst.plans.logical.LogicalPlan.transformDownWithPruning(LogicalPlan.scala:30)
[2025-02-20T07:44:55.771+0000] {spark_submit.py:641} INFO - at org.apache.spark.sql.catalyst.plans.logical.LogicalPlan.transformDownWithPruning(LogicalPlan.scala:30)
[2025-02-20T07:44:55.773+0000] {spark_submit.py:641} INFO - at org.apache.spark.sql.catalyst.trees.TreeNode.transformDown(TreeNode.scala:560)
[2025-02-20T07:44:55.776+0000] {spark_submit.py:641} INFO - at org.apache.spark.sql.execution.QueryExecution.eagerlyExecuteCommands(QueryExecution.scala:94)
[2025-02-20T07:44:55.778+0000] {spark_submit.py:641} INFO - at org.apache.spark.sql.execution.QueryExecution.commandExecuted$lzycompute(QueryExecution.scala:81)
[2025-02-20T07:44:55.780+0000] {spark_submit.py:641} INFO - at org.apache.spark.sql.execution.QueryExecution.commandExecuted(QueryExecution.scala:79)
[2025-02-20T07:44:55.783+0000] {spark_submit.py:641} INFO - at org.apache.spark.sql.execution.QueryExecution.assertCommandExecuted(QueryExecution.scala:116)
[2025-02-20T07:44:55.784+0000] {spark_submit.py:641} INFO - at org.apache.spark.sql.DataFrameWriter.runCommand(DataFrameWriter.scala:860)
[2025-02-20T07:44:55.786+0000] {spark_submit.py:641} INFO - at org.apache.spark.sql.DataFrameWriter.saveToV1Source(DataFrameWriter.scala:390)
[2025-02-20T07:44:55.788+0000] {spark_submit.py:641} INFO - at org.apache.spark.sql.DataFrameWriter.saveInternal(DataFrameWriter.scala:363)
[2025-02-20T07:44:55.791+0000] {spark_submit.py:641} INFO - at org.apache.spark.sql.DataFrameWriter.save(DataFrameWriter.scala:239)
[2025-02-20T07:44:55.793+0000] {spark_submit.py:641} INFO - at org.apache.spark.sql.DataFrameWriter.parquet(DataFrameWriter.scala:793)
[2025-02-20T07:44:55.794+0000] {spark_submit.py:641} INFO - at java.base/jdk.internal.reflect.NativeMethodAccessorImpl.invoke0(Native Method)
[2025-02-20T07:44:55.796+0000] {spark_submit.py:641} INFO - at java.base/jdk.internal.reflect.NativeMethodAccessorImpl.invoke(NativeMethodAccessorImpl.java:77)
[2025-02-20T07:44:55.798+0000] {spark_submit.py:641} INFO - at java.base/jdk.internal.reflect.DelegatingMethodAccessorImpl.invoke(DelegatingMethodAccessorImpl.java:43)
[2025-02-20T07:44:55.800+0000] {spark_submit.py:641} INFO - at java.base/java.lang.reflect.Method.invoke(Method.java:569)
[2025-02-20T07:44:55.802+0000] {spark_submit.py:641} INFO - at py4j.reflection.MethodInvoker.invoke(MethodInvoker.java:244)
[2025-02-20T07:44:55.804+0000] {spark_submit.py:641} INFO - at py4j.reflection.ReflectionEngine.invoke(ReflectionEngine.java:357)
[2025-02-20T07:44:55.805+0000] {spark_submit.py:641} INFO - at py4j.Gateway.invoke(Gateway.java:282)
[2025-02-20T07:44:55.807+0000] {spark_submit.py:641} INFO - at py4j.commands.AbstractCommand.invokeMethod(AbstractCommand.java:132)
[2025-02-20T07:44:55.809+0000] {spark_submit.py:641} INFO - at py4j.commands.CallCommand.execute(CallCommand.java:79)
[2025-02-20T07:44:55.810+0000] {spark_submit.py:641} INFO - at py4j.ClientServerConnection.waitForCommands(ClientServerConnection.java:182)
[2025-02-20T07:44:55.813+0000] {spark_submit.py:641} INFO - at py4j.ClientServerConnection.run(ClientServerConnection.java:106)
[2025-02-20T07:44:55.815+0000] {spark_submit.py:641} INFO - at java.base/java.lang.Thread.run(Thread.java:840)
[2025-02-20T07:44:55.816+0000] {spark_submit.py:641} INFO - 
[2025-02-20T07:44:56.012+0000] {taskinstance.py:3313} ERROR - Task failed with exception
Traceback (most recent call last):
  File "/home/airflow/.local/lib/python3.9/site-packages/airflow/models/taskinstance.py", line 768, in _execute_task
    result = _execute_callable(context=context, **execute_callable_kwargs)
  File "/home/airflow/.local/lib/python3.9/site-packages/airflow/models/taskinstance.py", line 734, in _execute_callable
    return ExecutionCallableRunner(
  File "/home/airflow/.local/lib/python3.9/site-packages/airflow/utils/operator_helpers.py", line 252, in run
    return self.func(*args, **kwargs)
  File "/home/airflow/.local/lib/python3.9/site-packages/airflow/models/baseoperator.py", line 424, in wrapper
    return func(self, *args, **kwargs)
  File "/home/airflow/.local/lib/python3.9/site-packages/airflow/providers/apache/spark/operators/spark_submit.py", line 177, in execute
    self._hook.submit(self.application)
  File "/home/airflow/.local/lib/python3.9/site-packages/airflow/providers/apache/spark/hooks/spark_submit.py", line 567, in submit
    raise AirflowException(
airflow.exceptions.AirflowException: Cannot execute: spark-submit --master spark://***-spark-master:7077 --packages org.postgresql:postgresql:42.2.18 --name arrow-spark /spark-scripts/***_v2_extract.py. Error code is: 1.
[2025-02-20T07:44:56.031+0000] {taskinstance.py:1226} INFO - Marking task as FAILED. dag_id=***_v2_etl_dag, task_id=extract_task, run_id=manual__2025-02-20T07:44:14.932073+00:00, execution_date=20250220T074414, start_date=20250220T074418, end_date=20250220T074456
[2025-02-20T07:44:56.103+0000] {taskinstance.py:341} INFO - ::group::Post task execution logs
[2025-02-20T07:44:56.107+0000] {standard_task_runner.py:124} ERROR - Failed to execute job 73 for task extract_task (Cannot execute: spark-submit --master spark://***-spark-master:7077 --packages org.postgresql:postgresql:42.2.18 --name arrow-spark /spark-scripts/***_v2_extract.py. Error code is: 1.; 198)
Traceback (most recent call last):
  File "/home/airflow/.local/lib/python3.9/site-packages/airflow/task/task_runner/standard_task_runner.py", line 117, in _start_by_fork
    ret = args.func(args, dag=self.dag)
  File "/home/airflow/.local/lib/python3.9/site-packages/airflow/cli/cli_config.py", line 49, in command
    return func(*args, **kwargs)
  File "/home/airflow/.local/lib/python3.9/site-packages/airflow/utils/cli.py", line 116, in wrapper
    return f(*args, **kwargs)
  File "/home/airflow/.local/lib/python3.9/site-packages/airflow/cli/commands/task_command.py", line 483, in task_run
    task_return_code = _run_task_by_selected_method(args, _dag, ti)
  File "/home/airflow/.local/lib/python3.9/site-packages/airflow/cli/commands/task_command.py", line 256, in _run_task_by_selected_method
    return _run_raw_task(args, ti)
  File "/home/airflow/.local/lib/python3.9/site-packages/airflow/cli/commands/task_command.py", line 341, in _run_raw_task
    return ti._run_raw_task(
  File "/home/airflow/.local/lib/python3.9/site-packages/airflow/utils/session.py", line 97, in wrapper
    return func(*args, session=session, **kwargs)
  File "/home/airflow/.local/lib/python3.9/site-packages/airflow/models/taskinstance.py", line 3006, in _run_raw_task
    return _run_raw_task(
  File "/home/airflow/.local/lib/python3.9/site-packages/airflow/models/taskinstance.py", line 274, in _run_raw_task
    TaskInstance._execute_task_with_callbacks(
  File "/home/airflow/.local/lib/python3.9/site-packages/airflow/models/taskinstance.py", line 3161, in _execute_task_with_callbacks
    result = self._execute_task(context, task_orig)
  File "/home/airflow/.local/lib/python3.9/site-packages/airflow/models/taskinstance.py", line 3185, in _execute_task
    return _execute_task(self, context, task_orig)
  File "/home/airflow/.local/lib/python3.9/site-packages/airflow/models/taskinstance.py", line 768, in _execute_task
    result = _execute_callable(context=context, **execute_callable_kwargs)
  File "/home/airflow/.local/lib/python3.9/site-packages/airflow/models/taskinstance.py", line 734, in _execute_callable
    return ExecutionCallableRunner(
  File "/home/airflow/.local/lib/python3.9/site-packages/airflow/utils/operator_helpers.py", line 252, in run
    return self.func(*args, **kwargs)
  File "/home/airflow/.local/lib/python3.9/site-packages/airflow/models/baseoperator.py", line 424, in wrapper
    return func(self, *args, **kwargs)
  File "/home/airflow/.local/lib/python3.9/site-packages/airflow/providers/apache/spark/operators/spark_submit.py", line 177, in execute
    self._hook.submit(self.application)
  File "/home/airflow/.local/lib/python3.9/site-packages/airflow/providers/apache/spark/hooks/spark_submit.py", line 567, in submit
    raise AirflowException(
airflow.exceptions.AirflowException: Cannot execute: spark-submit --master spark://***-spark-master:7077 --packages org.postgresql:postgresql:42.2.18 --name arrow-spark /spark-scripts/***_v2_extract.py. Error code is: 1.
[2025-02-20T07:44:56.140+0000] {local_task_job_runner.py:266} INFO - Task exited with return code 1
[2025-02-20T07:44:56.195+0000] {taskinstance.py:3901} INFO - 0 downstream tasks scheduled from follow-on schedule check
[2025-02-20T07:44:56.202+0000] {local_task_job_runner.py:245} INFO - ::endgroup::
