[2025-02-23T14:34:19.603+0000] {local_task_job_runner.py:123} INFO - ::group::Pre task execution logs
[2025-02-23T14:34:19.633+0000] {taskinstance.py:2614} INFO - Dependencies all met for dep_context=non-requeueable deps ti=<TaskInstance: finprode8_v2_etl_dag.transform_task manual__2025-02-23T14:33:57.876645+00:00 [queued]>
[2025-02-23T14:34:19.647+0000] {taskinstance.py:2614} INFO - Dependencies all met for dep_context=requeueable deps ti=<TaskInstance: finprode8_v2_etl_dag.transform_task manual__2025-02-23T14:33:57.876645+00:00 [queued]>
[2025-02-23T14:34:19.649+0000] {taskinstance.py:2867} INFO - Starting attempt 1 of 1
[2025-02-23T14:34:19.667+0000] {taskinstance.py:2890} INFO - Executing <Task(SparkSubmitOperator): transform_task> on 2025-02-23 14:33:57.876645+00:00
[2025-02-23T14:34:19.675+0000] {standard_task_runner.py:72} INFO - Started process 1162 to run task
[2025-02-23T14:34:19.679+0000] {standard_task_runner.py:104} INFO - Running: ['airflow', 'tasks', 'run', '***_v2_etl_dag', 'transform_task', 'manual__2025-02-23T14:33:57.876645+00:00', '--job-id', '8', '--raw', '--subdir', 'DAGS_FOLDER/***_v2_etl_dag.py', '--cfg-path', '/tmp/tmpudu22cwd']
[2025-02-23T14:34:19.682+0000] {standard_task_runner.py:105} INFO - Job 8: Subtask transform_task
[2025-02-23T14:34:19.704+0000] {logging_mixin.py:190} WARNING - /home/airflow/.local/lib/python3.9/site-packages/airflow/settings.py:209 DeprecationWarning: The sql_alchemy_conn option in [core] has been moved to the sql_alchemy_conn option in [database] - the old setting has been used, but please update your config.
[2025-02-23T14:34:19.755+0000] {task_command.py:467} INFO - Running <TaskInstance: finprode8_v2_etl_dag.transform_task manual__2025-02-23T14:33:57.876645+00:00 [running]> on host ***-airflow-scheduler
[2025-02-23T14:34:19.888+0000] {taskinstance.py:3134} INFO - Exporting env vars: AIRFLOW_CTX_DAG_OWNER='ratih malini' AIRFLOW_CTX_DAG_ID='***_v2_etl_dag' AIRFLOW_CTX_TASK_ID='transform_task' AIRFLOW_CTX_EXECUTION_DATE='2025-02-23T14:33:57.876645+00:00' AIRFLOW_CTX_TRY_NUMBER='1' AIRFLOW_CTX_DAG_RUN_ID='manual__2025-02-23T14:33:57.876645+00:00'
[2025-02-23T14:34:19.889+0000] {taskinstance.py:732} INFO - ::endgroup::
[2025-02-23T14:34:19.936+0000] {base.py:84} INFO - Retrieving connection 'spark_main'
[2025-02-23T14:34:19.938+0000] {spark_submit.py:474} INFO - Spark-Submit cmd: spark-submit --master spark://***-spark-master:7077 --name arrow-spark /spark-scripts/***_v2_transform.py
[2025-02-23T14:34:22.516+0000] {spark_submit.py:641} INFO - 25/02/23 14:34:22 INFO SparkContext: Running Spark version 3.3.2
[2025-02-23T14:34:22.568+0000] {spark_submit.py:641} INFO - 25/02/23 14:34:22 WARN NativeCodeLoader: Unable to load native-hadoop library for your platform... using builtin-java classes where applicable
[2025-02-23T14:34:22.667+0000] {spark_submit.py:641} INFO - 25/02/23 14:34:22 INFO ResourceUtils: ==============================================================
[2025-02-23T14:34:22.669+0000] {spark_submit.py:641} INFO - 25/02/23 14:34:22 INFO ResourceUtils: No custom resources configured for spark.driver.
[2025-02-23T14:34:22.670+0000] {spark_submit.py:641} INFO - 25/02/23 14:34:22 INFO ResourceUtils: ==============================================================
[2025-02-23T14:34:22.674+0000] {spark_submit.py:641} INFO - 25/02/23 14:34:22 INFO SparkContext: Submitted application: ***_transform
[2025-02-23T14:34:22.695+0000] {spark_submit.py:641} INFO - 25/02/23 14:34:22 INFO ResourceProfile: Default ResourceProfile created, executor resources: Map(cores -> name: cores, amount: 1, script: , vendor: , memory -> name: memory, amount: 1024, script: , vendor: , offHeap -> name: offHeap, amount: 0, script: , vendor: ), task resources: Map(cpus -> name: cpus, amount: 1.0)
[2025-02-23T14:34:22.702+0000] {spark_submit.py:641} INFO - 25/02/23 14:34:22 INFO ResourceProfile: Limiting resource is cpu
[2025-02-23T14:34:22.704+0000] {spark_submit.py:641} INFO - 25/02/23 14:34:22 INFO ResourceProfileManager: Added ResourceProfile id: 0
[2025-02-23T14:34:22.749+0000] {spark_submit.py:641} INFO - 25/02/23 14:34:22 INFO SecurityManager: Changing view acls to: airflow
[2025-02-23T14:34:22.751+0000] {spark_submit.py:641} INFO - 25/02/23 14:34:22 INFO SecurityManager: Changing modify acls to: airflow
[2025-02-23T14:34:22.753+0000] {spark_submit.py:641} INFO - 25/02/23 14:34:22 INFO SecurityManager: Changing view acls groups to:
[2025-02-23T14:34:22.755+0000] {spark_submit.py:641} INFO - 25/02/23 14:34:22 INFO SecurityManager: Changing modify acls groups to:
[2025-02-23T14:34:22.756+0000] {spark_submit.py:641} INFO - 25/02/23 14:34:22 INFO SecurityManager: SecurityManager: authentication disabled; ui acls disabled; users  with view permissions: Set(airflow); groups with view permissions: Set(); users  with modify permissions: Set(airflow); groups with modify permissions: Set()
[2025-02-23T14:34:22.990+0000] {spark_submit.py:641} INFO - 25/02/23 14:34:22 INFO Utils: Successfully started service 'sparkDriver' on port 39639.
[2025-02-23T14:34:23.018+0000] {spark_submit.py:641} INFO - 25/02/23 14:34:23 INFO SparkEnv: Registering MapOutputTracker
[2025-02-23T14:34:23.054+0000] {spark_submit.py:641} INFO - 25/02/23 14:34:23 INFO SparkEnv: Registering BlockManagerMaster
[2025-02-23T14:34:23.072+0000] {spark_submit.py:641} INFO - 25/02/23 14:34:23 INFO BlockManagerMasterEndpoint: Using org.apache.spark.storage.DefaultTopologyMapper for getting topology information
[2025-02-23T14:34:23.074+0000] {spark_submit.py:641} INFO - 25/02/23 14:34:23 INFO BlockManagerMasterEndpoint: BlockManagerMasterEndpoint up
[2025-02-23T14:34:23.077+0000] {spark_submit.py:641} INFO - 25/02/23 14:34:23 INFO SparkEnv: Registering BlockManagerMasterHeartbeat
[2025-02-23T14:34:23.107+0000] {spark_submit.py:641} INFO - 25/02/23 14:34:23 INFO DiskBlockManager: Created local directory at /tmp/blockmgr-39416494-cebc-4e4c-bbaa-940f2b74e5fd
[2025-02-23T14:34:23.131+0000] {spark_submit.py:641} INFO - 25/02/23 14:34:23 INFO MemoryStore: MemoryStore started with capacity 434.4 MiB
[2025-02-23T14:34:23.150+0000] {spark_submit.py:641} INFO - 25/02/23 14:34:23 INFO SparkEnv: Registering OutputCommitCoordinator
[2025-02-23T14:34:23.495+0000] {spark_submit.py:641} INFO - 25/02/23 14:34:23 INFO Utils: Successfully started service 'SparkUI' on port 4040.
[2025-02-23T14:34:23.611+0000] {spark_submit.py:641} INFO - 25/02/23 14:34:23 INFO Executor: Starting executor ID driver on host ***-airflow-scheduler
[2025-02-23T14:34:23.628+0000] {spark_submit.py:641} INFO - 25/02/23 14:34:23 INFO Executor: Starting executor with user classpath (userClassPathFirst = false): ''
[2025-02-23T14:34:23.654+0000] {spark_submit.py:641} INFO - 25/02/23 14:34:23 INFO Utils: Successfully started service 'org.apache.spark.network.netty.NettyBlockTransferService' on port 35553.
[2025-02-23T14:34:23.656+0000] {spark_submit.py:641} INFO - 25/02/23 14:34:23 INFO NettyBlockTransferService: Server created on ***-airflow-scheduler:35553
[2025-02-23T14:34:23.660+0000] {spark_submit.py:641} INFO - 25/02/23 14:34:23 INFO BlockManager: Using org.apache.spark.storage.RandomBlockReplicationPolicy for block replication policy
[2025-02-23T14:34:23.665+0000] {spark_submit.py:641} INFO - 25/02/23 14:34:23 INFO BlockManagerMaster: Registering BlockManager BlockManagerId(driver, ***-airflow-scheduler, 35553, None)
[2025-02-23T14:34:23.669+0000] {spark_submit.py:641} INFO - 25/02/23 14:34:23 INFO BlockManagerMasterEndpoint: Registering block manager ***-airflow-scheduler:35553 with 434.4 MiB RAM, BlockManagerId(driver, ***-airflow-scheduler, 35553, None)
[2025-02-23T14:34:23.673+0000] {spark_submit.py:641} INFO - 25/02/23 14:34:23 INFO BlockManagerMaster: Registered BlockManager BlockManagerId(driver, ***-airflow-scheduler, 35553, None)
[2025-02-23T14:34:23.675+0000] {spark_submit.py:641} INFO - 25/02/23 14:34:23 INFO BlockManager: Initialized BlockManager: BlockManagerId(driver, ***-airflow-scheduler, 35553, None)
[2025-02-23T14:34:26.945+0000] {spark_submit.py:641} INFO - ---------------- MENAMPILKAN BANYAK DATA NULL DI SETIAP KOLOM ----------------
[2025-02-23T14:34:28.820+0000] {spark_submit.py:641} INFO - +----------------+---------------+-----------+--------------+-----------+------------------------+--------------------+--------+-------------------------+----------------------+--------------------------+---------------+-----------------------+
[2025-02-23T14:34:28.823+0000] {spark_submit.py:641} INFO - |employee_id_null|department_null|region_null|education_null|gender_null|recruitment_channel_null|no_of_trainings_null|age_null|previous_year_rating_null|length_of_service_null|KPIs_met_more_than_80_null|awards_won_null|avg_training_score_null|
[2025-02-23T14:34:28.824+0000] {spark_submit.py:641} INFO - +----------------+---------------+-----------+--------------+-----------+------------------------+--------------------+--------+-------------------------+----------------------+--------------------------+---------------+-----------------------+
[2025-02-23T14:34:28.825+0000] {spark_submit.py:641} INFO - |               0|              0|          0|           771|          0|                       0|                   0|       0|                     1363|                     0|                         0|              0|                      0|
[2025-02-23T14:34:28.827+0000] {spark_submit.py:641} INFO - +----------------+---------------+-----------+--------------+-----------+------------------------+--------------------+--------+-------------------------+----------------------+--------------------------+---------------+-----------------------+
[2025-02-23T14:34:28.829+0000] {spark_submit.py:641} INFO - 
[2025-02-23T14:34:28.831+0000] {spark_submit.py:641} INFO - ---------------- NULL HANDLING PADA KOLOM EDUCATION & PREVIOUS_YEAR_RATING ----------------
[2025-02-23T14:34:29.119+0000] {spark_submit.py:641} INFO - +--------------+-------------------------+
[2025-02-23T14:34:29.121+0000] {spark_submit.py:641} INFO - |education_null|previous_year_rating_null|
[2025-02-23T14:34:29.122+0000] {spark_submit.py:641} INFO - +--------------+-------------------------+
[2025-02-23T14:34:29.123+0000] {spark_submit.py:641} INFO - |             0|                        0|
[2025-02-23T14:34:29.125+0000] {spark_submit.py:641} INFO - +--------------+-------------------------+
[2025-02-23T14:34:29.127+0000] {spark_submit.py:641} INFO - 
[2025-02-23T14:34:29.128+0000] {spark_submit.py:641} INFO - ---------------- MENAMPILKAN BANYAK DATA DUPLIKAT BERDASARKAN EMPLOYEE_ID ----------------
[2025-02-23T14:34:29.999+0000] {spark_submit.py:641} INFO - +-----------+------+
[2025-02-23T14:34:30.001+0000] {spark_submit.py:641} INFO - |employee_id|jumlah|
[2025-02-23T14:34:30.003+0000] {spark_submit.py:641} INFO - +-----------+------+
[2025-02-23T14:34:30.005+0000] {spark_submit.py:641} INFO - |      64573|     2|
[2025-02-23T14:34:30.006+0000] {spark_submit.py:641} INFO - |      49584|     3|
[2025-02-23T14:34:30.008+0000] {spark_submit.py:641} INFO - +-----------+------+
[2025-02-23T14:34:30.009+0000] {spark_submit.py:641} INFO - 
[2025-02-23T14:34:30.010+0000] {spark_submit.py:641} INFO - ---------------- MENAMPILKAN SEMUA BARIS DAN KOLOM DARI EMPLOYEE ID YANG DUPLIKAT ----------------
[2025-02-23T14:34:30.350+0000] {spark_submit.py:641} INFO - +-----------+----------+--------+---------+------+-------------------+---------------+---+--------------------+-----------------+---------------------+----------+------------------+
[2025-02-23T14:34:30.352+0000] {spark_submit.py:641} INFO - |employee_id|department|  region|education|gender|recruitment_channel|no_of_trainings|age|previous_year_rating|length_of_service|KPIs_met_more_than_80|awards_won|avg_training_score|
[2025-02-23T14:34:30.354+0000] {spark_submit.py:641} INFO - +-----------+----------+--------+---------+------+-------------------+---------------+---+--------------------+-----------------+---------------------+----------+------------------+
[2025-02-23T14:34:30.356+0000] {spark_submit.py:641} INFO - |      49584|        HR|region_7|Bachelors|     m|              other|              1| 33|                   1|                9|                    0|         0|                51|
[2025-02-23T14:34:30.358+0000] {spark_submit.py:641} INFO - |      49584|        HR|region_7|Bachelors|     m|              other|              1| 33|                   1|                9|                    0|         0|                51|
[2025-02-23T14:34:30.360+0000] {spark_submit.py:641} INFO - |      49584|        HR|region_7|Bachelors|     m|              other|              1| 33|                   1|                9|                    0|         0|                51|
[2025-02-23T14:34:30.362+0000] {spark_submit.py:641} INFO - |      64573|Technology|region_7|Bachelors|     f|           referred|              2| 30|                   5|                6|                    1|         0|                81|
[2025-02-23T14:34:30.363+0000] {spark_submit.py:641} INFO - |      64573|        HR|region_7|Bachelors|     f|           referred|              1| 35|                   5|                4|                    1|         0|                81|
[2025-02-23T14:34:30.364+0000] {spark_submit.py:641} INFO - +-----------+----------+--------+---------+------+-------------------+---------------+---+--------------------+-----------------+---------------------+----------+------------------+
[2025-02-23T14:34:30.367+0000] {spark_submit.py:641} INFO - 
[2025-02-23T14:34:30.368+0000] {spark_submit.py:641} INFO - ---------------- MENAMPILKAN HASIL DARI DATA DUPLIKASI YANG TELAH DIHANDLE BERDASARKAN KOLOM EMPLOYEE_ID DAN DEPARTMENT ----------------
[2025-02-23T14:34:30.965+0000] {spark_submit.py:641} INFO - +-----------+----------+--------+---------+------+-------------------+---------------+---+--------------------+-----------------+---------------------+----------+------------------+
[2025-02-23T14:34:30.967+0000] {spark_submit.py:641} INFO - |employee_id|department|  region|education|gender|recruitment_channel|no_of_trainings|age|previous_year_rating|length_of_service|KPIs_met_more_than_80|awards_won|avg_training_score|
[2025-02-23T14:34:30.969+0000] {spark_submit.py:641} INFO - +-----------+----------+--------+---------+------+-------------------+---------------+---+--------------------+-----------------+---------------------+----------+------------------+
[2025-02-23T14:34:30.970+0000] {spark_submit.py:641} INFO - |      49584|        HR|region_7|Bachelors|     m|              other|              1| 33|                   1|                9|                    0|         0|                51|
[2025-02-23T14:34:30.971+0000] {spark_submit.py:641} INFO - |      64573|        HR|region_7|Bachelors|     f|           referred|              1| 35|                   5|                4|                    1|         0|                81|
[2025-02-23T14:34:30.972+0000] {spark_submit.py:641} INFO - |      64573|Technology|region_7|Bachelors|     f|           referred|              2| 30|                   5|                6|                    1|         0|                81|
[2025-02-23T14:34:30.973+0000] {spark_submit.py:641} INFO - +-----------+----------+--------+---------+------+-------------------+---------------+---+--------------------+-----------------+---------------------+----------+------------------+
[2025-02-23T14:34:30.974+0000] {spark_submit.py:641} INFO - 
[2025-02-23T14:34:32.252+0000] {spark_submit.py:641} INFO - ---------------- MENAMPILKAN DATA HASIL TRASNFORMASI ----------------
[2025-02-23T14:34:32.876+0000] {spark_submit.py:641} INFO - +-----------+-----------------+---------+---------------+------+-------------------+---------------+---+--------------------+-----------------+---------------------+----------+------------------+
[2025-02-23T14:34:32.878+0000] {spark_submit.py:641} INFO - |employee_id|       department|   region|      education|gender|recruitment_channel|no_of_trainings|age|previous_year_rating|length_of_service|KPIs_met_more_than_80|awards_won|avg_training_score|
[2025-02-23T14:34:32.879+0000] {spark_submit.py:641} INFO - +-----------+-----------------+---------+---------------+------+-------------------+---------------+---+--------------------+-----------------+---------------------+----------+------------------+
[2025-02-23T14:34:32.881+0000] {spark_submit.py:641} INFO - |          3|      Procurement|region_22|Masters & above|     f|              other|              1| 38|                   5|                4|                    1|         0|                67|
[2025-02-23T14:34:32.883+0000] {spark_submit.py:641} INFO - |          6|Sales & Marketing|region_15|      Bachelors|     f|              other|              1| 38|                   3|               10|                    0|         0|                50|
[2025-02-23T14:34:32.884+0000] {spark_submit.py:641} INFO - |         11|       Technology| region_4|Masters & above|     f|           sourcing|              1| 39|                   4|               12|                    1|         0|                72|
[2025-02-23T14:34:32.886+0000] {spark_submit.py:641} INFO - |         13|Sales & Marketing|region_17|      Bachelors|     m|              other|              1| 38|                   1|                5|                    1|         0|                47|
[2025-02-23T14:34:32.887+0000] {spark_submit.py:641} INFO - |         16|Sales & Marketing| region_4|Masters & above|     m|           sourcing|              1| 40|                   5|                5|                    0|         0|                53|
[2025-02-23T14:34:32.889+0000] {spark_submit.py:641} INFO - +-----------+-----------------+---------+---------------+------+-------------------+---------------+---+--------------------+-----------------+---------------------+----------+------------------+
[2025-02-23T14:34:32.890+0000] {spark_submit.py:641} INFO - only showing top 5 rows
[2025-02-23T14:34:32.893+0000] {spark_submit.py:641} INFO - 
[2025-02-23T14:34:33.362+0000] {spark_submit.py:641} INFO - Jumlah baris dalam DataFrame : 17415
[2025-02-23T14:34:33.364+0000] {spark_submit.py:641} INFO - Isi folder data/transformed.parquet :
[2025-02-23T14:34:33.366+0000] {spark_submit.py:641} INFO - ['_SUCCESS', 'part-00000-f3eb14a2-93f3-4d5e-8fcc-c76e90a603ec-c000.snappy.parquet', '._SUCCESS.crc', '.part-00000-f3eb14a2-93f3-4d5e-8fcc-c76e90a603ec-c000.snappy.parquet.crc']
[2025-02-23T14:34:33.367+0000] {spark_submit.py:641} INFO - Transform data berhasil.
[2025-02-23T14:34:33.819+0000] {taskinstance.py:341} INFO - ::group::Post task execution logs
[2025-02-23T14:34:33.822+0000] {taskinstance.py:353} INFO - Marking task as SUCCESS. dag_id=***_v2_etl_dag, task_id=transform_task, run_id=manual__2025-02-23T14:33:57.876645+00:00, execution_date=20250223T143357, start_date=20250223T143419, end_date=20250223T143433
[2025-02-23T14:34:33.904+0000] {local_task_job_runner.py:266} INFO - Task exited with return code 0
[2025-02-23T14:34:33.942+0000] {taskinstance.py:3901} INFO - 1 downstream tasks scheduled from follow-on schedule check
[2025-02-23T14:34:33.946+0000] {local_task_job_runner.py:245} INFO - ::endgroup::
