[2025-02-22T00:57:12.390+0000] {local_task_job_runner.py:123} INFO - ::group::Pre task execution logs
[2025-02-22T00:57:12.478+0000] {taskinstance.py:2614} INFO - Dependencies all met for dep_context=non-requeueable deps ti=<TaskInstance: finprode8_v2_etl_dag.extract_task manual__2025-02-22T00:57:05.833918+00:00 [queued]>
[2025-02-22T00:57:12.515+0000] {taskinstance.py:2614} INFO - Dependencies all met for dep_context=requeueable deps ti=<TaskInstance: finprode8_v2_etl_dag.extract_task manual__2025-02-22T00:57:05.833918+00:00 [queued]>
[2025-02-22T00:57:12.517+0000] {taskinstance.py:2867} INFO - Starting attempt 1 of 1
[2025-02-22T00:57:12.568+0000] {taskinstance.py:2890} INFO - Executing <Task(SparkSubmitOperator): extract_task> on 2025-02-22 00:57:05.833918+00:00
[2025-02-22T00:57:12.584+0000] {standard_task_runner.py:72} INFO - Started process 12990 to run task
[2025-02-22T00:57:12.592+0000] {standard_task_runner.py:104} INFO - Running: ['airflow', 'tasks', 'run', '***_v2_etl_dag', 'extract_task', 'manual__2025-02-22T00:57:05.833918+00:00', '--job-id', '84', '--raw', '--subdir', 'DAGS_FOLDER/***_v2_etl_dag.py', '--cfg-path', '/tmp/tmpfi9il1nn']
[2025-02-22T00:57:12.596+0000] {standard_task_runner.py:105} INFO - Job 84: Subtask extract_task
[2025-02-22T00:57:12.643+0000] {logging_mixin.py:190} WARNING - /home/airflow/.local/lib/python3.9/site-packages/airflow/settings.py:209 DeprecationWarning: The sql_alchemy_conn option in [core] has been moved to the sql_alchemy_conn option in [database] - the old setting has been used, but please update your config.
[2025-02-22T00:57:12.708+0000] {task_command.py:467} INFO - Running <TaskInstance: finprode8_v2_etl_dag.extract_task manual__2025-02-22T00:57:05.833918+00:00 [running]> on host ***-airflow-scheduler
[2025-02-22T00:57:13.043+0000] {taskinstance.py:3134} INFO - Exporting env vars: AIRFLOW_CTX_DAG_OWNER='ratih malini' AIRFLOW_CTX_DAG_ID='***_v2_etl_dag' AIRFLOW_CTX_TASK_ID='extract_task' AIRFLOW_CTX_EXECUTION_DATE='2025-02-22T00:57:05.833918+00:00' AIRFLOW_CTX_TRY_NUMBER='1' AIRFLOW_CTX_DAG_RUN_ID='manual__2025-02-22T00:57:05.833918+00:00'
[2025-02-22T00:57:13.051+0000] {taskinstance.py:732} INFO - ::endgroup::
[2025-02-22T00:57:13.253+0000] {base.py:84} INFO - Retrieving connection 'spark_main'
[2025-02-22T00:57:13.259+0000] {spark_submit.py:474} INFO - Spark-Submit cmd: spark-submit --master spark://***-spark-master:7077 --name arrow-spark /spark-scripts/***_v2_extract.py
[2025-02-22T00:57:24.314+0000] {spark_submit.py:641} INFO - 25/02/22 00:57:24 INFO SparkContext: Running Spark version 3.3.2
[2025-02-22T00:57:24.639+0000] {spark_submit.py:641} INFO - 25/02/22 00:57:24 WARN NativeCodeLoader: Unable to load native-hadoop library for your platform... using builtin-java classes where applicable
[2025-02-22T00:57:25.272+0000] {spark_submit.py:641} INFO - 25/02/22 00:57:25 INFO ResourceUtils: ==============================================================
[2025-02-22T00:57:25.273+0000] {spark_submit.py:641} INFO - 25/02/22 00:57:25 INFO ResourceUtils: No custom resources configured for spark.driver.
[2025-02-22T00:57:25.275+0000] {spark_submit.py:641} INFO - 25/02/22 00:57:25 INFO ResourceUtils: ==============================================================
[2025-02-22T00:57:25.277+0000] {spark_submit.py:641} INFO - 25/02/22 00:57:25 INFO SparkContext: Submitted application: ***_extract
[2025-02-22T00:57:25.321+0000] {spark_submit.py:641} INFO - 25/02/22 00:57:25 INFO ResourceProfile: Default ResourceProfile created, executor resources: Map(cores -> name: cores, amount: 1, script: , vendor: , memory -> name: memory, amount: 1024, script: , vendor: , offHeap -> name: offHeap, amount: 0, script: , vendor: ), task resources: Map(cpus -> name: cpus, amount: 1.0)
[2025-02-22T00:57:25.359+0000] {spark_submit.py:641} INFO - 25/02/22 00:57:25 INFO ResourceProfile: Limiting resource is cpu
[2025-02-22T00:57:25.365+0000] {spark_submit.py:641} INFO - 25/02/22 00:57:25 INFO ResourceProfileManager: Added ResourceProfile id: 0
[2025-02-22T00:57:25.537+0000] {spark_submit.py:641} INFO - 25/02/22 00:57:25 INFO SecurityManager: Changing view acls to: airflow
[2025-02-22T00:57:25.540+0000] {spark_submit.py:641} INFO - 25/02/22 00:57:25 INFO SecurityManager: Changing modify acls to: airflow
[2025-02-22T00:57:25.543+0000] {spark_submit.py:641} INFO - 25/02/22 00:57:25 INFO SecurityManager: Changing view acls groups to:
[2025-02-22T00:57:25.546+0000] {spark_submit.py:641} INFO - 25/02/22 00:57:25 INFO SecurityManager: Changing modify acls groups to:
[2025-02-22T00:57:25.548+0000] {spark_submit.py:641} INFO - 25/02/22 00:57:25 INFO SecurityManager: SecurityManager: authentication disabled; ui acls disabled; users  with view permissions: Set(airflow); groups with view permissions: Set(); users  with modify permissions: Set(airflow); groups with modify permissions: Set()
[2025-02-22T00:57:26.481+0000] {spark_submit.py:641} INFO - 25/02/22 00:57:26 INFO Utils: Successfully started service 'sparkDriver' on port 37049.
[2025-02-22T00:57:26.655+0000] {spark_submit.py:641} INFO - 25/02/22 00:57:26 INFO SparkEnv: Registering MapOutputTracker
[2025-02-22T00:57:26.705+0000] {spark_submit.py:641} INFO - 25/02/22 00:57:26 INFO SparkEnv: Registering BlockManagerMaster
[2025-02-22T00:57:26.748+0000] {spark_submit.py:641} INFO - 25/02/22 00:57:26 INFO BlockManagerMasterEndpoint: Using org.apache.spark.storage.DefaultTopologyMapper for getting topology information
[2025-02-22T00:57:26.749+0000] {spark_submit.py:641} INFO - 25/02/22 00:57:26 INFO BlockManagerMasterEndpoint: BlockManagerMasterEndpoint up
[2025-02-22T00:57:26.759+0000] {spark_submit.py:641} INFO - 25/02/22 00:57:26 INFO SparkEnv: Registering BlockManagerMasterHeartbeat
[2025-02-22T00:57:26.846+0000] {spark_submit.py:641} INFO - 25/02/22 00:57:26 INFO DiskBlockManager: Created local directory at /tmp/blockmgr-781e304f-271c-48f2-858c-2c7248b86d94
[2025-02-22T00:57:26.909+0000] {spark_submit.py:641} INFO - 25/02/22 00:57:26 INFO MemoryStore: MemoryStore started with capacity 434.4 MiB
[2025-02-22T00:57:26.968+0000] {spark_submit.py:641} INFO - 25/02/22 00:57:26 INFO SparkEnv: Registering OutputCommitCoordinator
[2025-02-22T00:57:27.687+0000] {spark_submit.py:641} INFO - 25/02/22 00:57:27 INFO Utils: Successfully started service 'SparkUI' on port 4040.
[2025-02-22T00:57:28.149+0000] {spark_submit.py:641} INFO - 25/02/22 00:57:28 INFO Executor: Starting executor ID driver on host ***-airflow-scheduler
[2025-02-22T00:57:28.162+0000] {spark_submit.py:641} INFO - 25/02/22 00:57:28 INFO Executor: Starting executor with user classpath (userClassPathFirst = false): ''
[2025-02-22T00:57:28.207+0000] {spark_submit.py:641} INFO - 25/02/22 00:57:28 INFO Utils: Successfully started service 'org.apache.spark.network.netty.NettyBlockTransferService' on port 45873.
[2025-02-22T00:57:28.211+0000] {spark_submit.py:641} INFO - 25/02/22 00:57:28 INFO NettyBlockTransferService: Server created on ***-airflow-scheduler:45873
[2025-02-22T00:57:28.214+0000] {spark_submit.py:641} INFO - 25/02/22 00:57:28 INFO BlockManager: Using org.apache.spark.storage.RandomBlockReplicationPolicy for block replication policy
[2025-02-22T00:57:28.231+0000] {spark_submit.py:641} INFO - 25/02/22 00:57:28 INFO BlockManagerMaster: Registering BlockManager BlockManagerId(driver, ***-airflow-scheduler, 45873, None)
[2025-02-22T00:57:28.238+0000] {spark_submit.py:641} INFO - 25/02/22 00:57:28 INFO BlockManagerMasterEndpoint: Registering block manager ***-airflow-scheduler:45873 with 434.4 MiB RAM, BlockManagerId(driver, ***-airflow-scheduler, 45873, None)
[2025-02-22T00:57:28.244+0000] {spark_submit.py:641} INFO - 25/02/22 00:57:28 INFO BlockManagerMaster: Registered BlockManager BlockManagerId(driver, ***-airflow-scheduler, 45873, None)
[2025-02-22T00:57:28.247+0000] {spark_submit.py:641} INFO - 25/02/22 00:57:28 INFO BlockManager: Initialized BlockManager: BlockManagerId(driver, ***-airflow-scheduler, 45873, None)
[2025-02-22T00:57:46.686+0000] {spark_submit.py:641} INFO - ---------------- MENAMPILKAN DATA HASIL EXTRACT ----------------
[2025-02-22T00:57:46.924+0000] {spark_submit.py:641} INFO - +-----------+-----------------+---------+---------+------+-------------------+---------------+---+--------------------+-----------------+---------------------+----------+------------------+
[2025-02-22T00:57:46.926+0000] {spark_submit.py:641} INFO - |employee_id|       department|   region|education|gender|recruitment_channel|no_of_trainings|age|previous_year_rating|length_of_service|KPIs_met_more_than_80|awards_won|avg_training_score|
[2025-02-22T00:57:46.927+0000] {spark_submit.py:641} INFO - +-----------+-----------------+---------+---------+------+-------------------+---------------+---+--------------------+-----------------+---------------------+----------+------------------+
[2025-02-22T00:57:46.928+0000] {spark_submit.py:641} INFO - |       8724|       Technology|region_26|Bachelors|     m|           sourcing|              1| 24|                null|                1|                    1|         0|                77|
[2025-02-22T00:57:46.929+0000] {spark_submit.py:641} INFO - |      74430|               HR| region_4|Bachelors|     f|              other|              1| 31|                   3|                5|                    0|         0|                51|
[2025-02-22T00:57:46.931+0000] {spark_submit.py:641} INFO - |      72255|Sales & Marketing|region_13|Bachelors|     m|              other|              1| 31|                   1|                4|                    0|         0|                47|
[2025-02-22T00:57:46.932+0000] {spark_submit.py:641} INFO - |      38562|      Procurement| region_2|Bachelors|     f|              other|              3| 31|                   2|                9|                    0|         0|                65|
[2025-02-22T00:57:46.933+0000] {spark_submit.py:641} INFO - |      64486|          Finance|region_29|Bachelors|     m|           sourcing|              1| 30|                   4|                7|                    0|         0|                61|
[2025-02-22T00:57:46.935+0000] {spark_submit.py:641} INFO - +-----------+-----------------+---------+---------+------+-------------------+---------------+---+--------------------+-----------------+---------------------+----------+------------------+
[2025-02-22T00:57:46.936+0000] {spark_submit.py:641} INFO - only showing top 5 rows
[2025-02-22T00:57:46.937+0000] {spark_submit.py:641} INFO - 
[2025-02-22T00:57:46.939+0000] {spark_submit.py:641} INFO - root
[2025-02-22T00:57:46.941+0000] {spark_submit.py:641} INFO - |-- employee_id: integer (nullable = true)
[2025-02-22T00:57:46.942+0000] {spark_submit.py:641} INFO - |-- department: string (nullable = true)
[2025-02-22T00:57:46.944+0000] {spark_submit.py:641} INFO - |-- region: string (nullable = true)
[2025-02-22T00:57:46.945+0000] {spark_submit.py:641} INFO - |-- education: string (nullable = true)
[2025-02-22T00:57:46.947+0000] {spark_submit.py:641} INFO - |-- gender: string (nullable = true)
[2025-02-22T00:57:46.948+0000] {spark_submit.py:641} INFO - |-- recruitment_channel: string (nullable = true)
[2025-02-22T00:57:46.949+0000] {spark_submit.py:641} INFO - |-- no_of_trainings: integer (nullable = true)
[2025-02-22T00:57:46.950+0000] {spark_submit.py:641} INFO - |-- age: integer (nullable = true)
[2025-02-22T00:57:46.952+0000] {spark_submit.py:641} INFO - |-- previous_year_rating: integer (nullable = true)
[2025-02-22T00:57:46.953+0000] {spark_submit.py:641} INFO - |-- length_of_service: integer (nullable = true)
[2025-02-22T00:57:46.955+0000] {spark_submit.py:641} INFO - |-- KPIs_met_more_than_80: integer (nullable = true)
[2025-02-22T00:57:46.956+0000] {spark_submit.py:641} INFO - |-- awards_won: integer (nullable = true)
[2025-02-22T00:57:46.958+0000] {spark_submit.py:641} INFO - |-- avg_training_score: integer (nullable = true)
[2025-02-22T00:57:46.959+0000] {spark_submit.py:641} INFO - 
[2025-02-22T00:57:47.430+0000] {spark_submit.py:641} INFO - Jumlah baris dalam DataFrame : 17417
[2025-02-22T00:57:47.432+0000] {spark_submit.py:641} INFO - Isi folder data/extracted.parquet :
[2025-02-22T00:57:47.434+0000] {spark_submit.py:641} INFO - ['.part-00000-49e1f30b-301e-4da0-8402-4ca2c298d74b-c000.snappy.parquet.crc', '_SUCCESS', 'part-00000-49e1f30b-301e-4da0-8402-4ca2c298d74b-c000.snappy.parquet', '._SUCCESS.crc']
[2025-02-22T00:57:47.436+0000] {spark_submit.py:641} INFO - Extract data berhasil.
[2025-02-22T00:57:48.331+0000] {taskinstance.py:341} INFO - ::group::Post task execution logs
[2025-02-22T00:57:48.336+0000] {taskinstance.py:353} INFO - Marking task as SUCCESS. dag_id=***_v2_etl_dag, task_id=extract_task, run_id=manual__2025-02-22T00:57:05.833918+00:00, execution_date=20250222T005705, start_date=20250222T005712, end_date=20250222T005748
[2025-02-22T00:57:48.456+0000] {local_task_job_runner.py:266} INFO - Task exited with return code 0
[2025-02-22T00:57:48.533+0000] {taskinstance.py:3901} INFO - 1 downstream tasks scheduled from follow-on schedule check
[2025-02-22T00:57:48.540+0000] {local_task_job_runner.py:245} INFO - ::endgroup::
