[2025-02-21T11:27:09.746+0000] {local_task_job_runner.py:123} INFO - ::group::Pre task execution logs
[2025-02-21T11:27:09.769+0000] {taskinstance.py:2614} INFO - Dependencies all met for dep_context=non-requeueable deps ti=<TaskInstance: finprode8_v2_etl_dag.extract_task manual__2025-02-21T11:27:08.468695+00:00 [queued]>
[2025-02-21T11:27:09.782+0000] {taskinstance.py:2614} INFO - Dependencies all met for dep_context=requeueable deps ti=<TaskInstance: finprode8_v2_etl_dag.extract_task manual__2025-02-21T11:27:08.468695+00:00 [queued]>
[2025-02-21T11:27:09.784+0000] {taskinstance.py:2867} INFO - Starting attempt 1 of 1
[2025-02-21T11:27:09.801+0000] {taskinstance.py:2890} INFO - Executing <Task(SparkSubmitOperator): extract_task> on 2025-02-21 11:27:08.468695+00:00
[2025-02-21T11:27:09.808+0000] {standard_task_runner.py:72} INFO - Started process 1501 to run task
[2025-02-21T11:27:09.811+0000] {standard_task_runner.py:104} INFO - Running: ['airflow', 'tasks', 'run', '***_v2_etl_dag', 'extract_task', 'manual__2025-02-21T11:27:08.468695+00:00', '--job-id', '8', '--raw', '--subdir', 'DAGS_FOLDER/***_v2_etl_dag.py', '--cfg-path', '/tmp/tmp7_98wx88']
[2025-02-21T11:27:09.817+0000] {standard_task_runner.py:105} INFO - Job 8: Subtask extract_task
[2025-02-21T11:27:09.834+0000] {logging_mixin.py:190} WARNING - /home/airflow/.local/lib/python3.9/site-packages/airflow/settings.py:209 DeprecationWarning: The sql_alchemy_conn option in [core] has been moved to the sql_alchemy_conn option in [database] - the old setting has been used, but please update your config.
[2025-02-21T11:27:09.882+0000] {task_command.py:467} INFO - Running <TaskInstance: finprode8_v2_etl_dag.extract_task manual__2025-02-21T11:27:08.468695+00:00 [running]> on host ***-airflow-scheduler
[2025-02-21T11:27:09.976+0000] {taskinstance.py:3134} INFO - Exporting env vars: AIRFLOW_CTX_DAG_OWNER='ratih malini' AIRFLOW_CTX_DAG_ID='***_v2_etl_dag' AIRFLOW_CTX_TASK_ID='extract_task' AIRFLOW_CTX_EXECUTION_DATE='2025-02-21T11:27:08.468695+00:00' AIRFLOW_CTX_TRY_NUMBER='1' AIRFLOW_CTX_DAG_RUN_ID='manual__2025-02-21T11:27:08.468695+00:00'
[2025-02-21T11:27:09.978+0000] {taskinstance.py:732} INFO - ::endgroup::
[2025-02-21T11:27:10.006+0000] {base.py:84} INFO - Retrieving connection 'spark_main'
[2025-02-21T11:27:10.008+0000] {spark_submit.py:474} INFO - Spark-Submit cmd: spark-submit --master spark://***-spark-master:7077 --name arrow-spark /spark-scripts/***_v2_extract.py
[2025-02-21T11:27:12.634+0000] {spark_submit.py:641} INFO - 25/02/21 11:27:12 INFO SparkContext: Running Spark version 3.3.2
[2025-02-21T11:27:12.693+0000] {spark_submit.py:641} INFO - 25/02/21 11:27:12 WARN NativeCodeLoader: Unable to load native-hadoop library for your platform... using builtin-java classes where applicable
[2025-02-21T11:27:12.791+0000] {spark_submit.py:641} INFO - 25/02/21 11:27:12 INFO ResourceUtils: ==============================================================
[2025-02-21T11:27:12.793+0000] {spark_submit.py:641} INFO - 25/02/21 11:27:12 INFO ResourceUtils: No custom resources configured for spark.driver.
[2025-02-21T11:27:12.795+0000] {spark_submit.py:641} INFO - 25/02/21 11:27:12 INFO ResourceUtils: ==============================================================
[2025-02-21T11:27:12.796+0000] {spark_submit.py:641} INFO - 25/02/21 11:27:12 INFO SparkContext: Submitted application: ***_extract
[2025-02-21T11:27:12.815+0000] {spark_submit.py:641} INFO - 25/02/21 11:27:12 INFO ResourceProfile: Default ResourceProfile created, executor resources: Map(cores -> name: cores, amount: 1, script: , vendor: , memory -> name: memory, amount: 1024, script: , vendor: , offHeap -> name: offHeap, amount: 0, script: , vendor: ), task resources: Map(cpus -> name: cpus, amount: 1.0)
[2025-02-21T11:27:12.823+0000] {spark_submit.py:641} INFO - 25/02/21 11:27:12 INFO ResourceProfile: Limiting resource is cpu
[2025-02-21T11:27:12.825+0000] {spark_submit.py:641} INFO - 25/02/21 11:27:12 INFO ResourceProfileManager: Added ResourceProfile id: 0
[2025-02-21T11:27:12.872+0000] {spark_submit.py:641} INFO - 25/02/21 11:27:12 INFO SecurityManager: Changing view acls to: airflow
[2025-02-21T11:27:12.874+0000] {spark_submit.py:641} INFO - 25/02/21 11:27:12 INFO SecurityManager: Changing modify acls to: airflow
[2025-02-21T11:27:12.876+0000] {spark_submit.py:641} INFO - 25/02/21 11:27:12 INFO SecurityManager: Changing view acls groups to:
[2025-02-21T11:27:12.878+0000] {spark_submit.py:641} INFO - 25/02/21 11:27:12 INFO SecurityManager: Changing modify acls groups to:
[2025-02-21T11:27:12.880+0000] {spark_submit.py:641} INFO - 25/02/21 11:27:12 INFO SecurityManager: SecurityManager: authentication disabled; ui acls disabled; users  with view permissions: Set(airflow); groups with view permissions: Set(); users  with modify permissions: Set(airflow); groups with modify permissions: Set()
[2025-02-21T11:27:13.077+0000] {spark_submit.py:641} INFO - 25/02/21 11:27:13 INFO Utils: Successfully started service 'sparkDriver' on port 34125.
[2025-02-21T11:27:13.107+0000] {spark_submit.py:641} INFO - 25/02/21 11:27:13 INFO SparkEnv: Registering MapOutputTracker
[2025-02-21T11:27:13.142+0000] {spark_submit.py:641} INFO - 25/02/21 11:27:13 INFO SparkEnv: Registering BlockManagerMaster
[2025-02-21T11:27:13.161+0000] {spark_submit.py:641} INFO - 25/02/21 11:27:13 INFO BlockManagerMasterEndpoint: Using org.apache.spark.storage.DefaultTopologyMapper for getting topology information
[2025-02-21T11:27:13.163+0000] {spark_submit.py:641} INFO - 25/02/21 11:27:13 INFO BlockManagerMasterEndpoint: BlockManagerMasterEndpoint up
[2025-02-21T11:27:13.169+0000] {spark_submit.py:641} INFO - 25/02/21 11:27:13 INFO SparkEnv: Registering BlockManagerMasterHeartbeat
[2025-02-21T11:27:13.189+0000] {spark_submit.py:641} INFO - 25/02/21 11:27:13 INFO DiskBlockManager: Created local directory at /tmp/blockmgr-4d4bfa0c-9d70-46ed-9fbb-10272b93112f
[2025-02-21T11:27:13.209+0000] {spark_submit.py:641} INFO - 25/02/21 11:27:13 INFO MemoryStore: MemoryStore started with capacity 434.4 MiB
[2025-02-21T11:27:13.226+0000] {spark_submit.py:641} INFO - 25/02/21 11:27:13 INFO SparkEnv: Registering OutputCommitCoordinator
[2025-02-21T11:27:13.420+0000] {spark_submit.py:641} INFO - 25/02/21 11:27:13 INFO Utils: Successfully started service 'SparkUI' on port 4040.
[2025-02-21T11:27:13.472+0000] {spark_submit.py:641} INFO - 25/02/21 11:27:13 INFO SparkContext: Added JAR /spark-scripts/jars/postgresql-42.2.18.jar at spark://***-airflow-scheduler:34125/jars/postgresql-42.2.18.jar with timestamp 1740137232619
[2025-02-21T11:27:13.542+0000] {spark_submit.py:641} INFO - 25/02/21 11:27:13 INFO Executor: Starting executor ID driver on host ***-airflow-scheduler
[2025-02-21T11:27:13.554+0000] {spark_submit.py:641} INFO - 25/02/21 11:27:13 INFO Executor: Starting executor with user classpath (userClassPathFirst = false): ''
[2025-02-21T11:27:13.568+0000] {spark_submit.py:641} INFO - 25/02/21 11:27:13 INFO Executor: Fetching spark://***-airflow-scheduler:34125/jars/postgresql-42.2.18.jar with timestamp 1740137232619
[2025-02-21T11:27:13.616+0000] {spark_submit.py:641} INFO - 25/02/21 11:27:13 INFO TransportClientFactory: Successfully created connection to ***-airflow-scheduler/172.19.0.5:34125 after 24 ms (0 ms spent in bootstraps)
[2025-02-21T11:27:13.621+0000] {spark_submit.py:641} INFO - 25/02/21 11:27:13 INFO Utils: Fetching spark://***-airflow-scheduler:34125/jars/postgresql-42.2.18.jar to /tmp/spark-3679c9cf-7c95-4436-870c-e08bac440a5e/userFiles-5ebe9eb6-893d-4e46-afdf-0a1674977f33/fetchFileTemp827256761360199569.tmp
[2025-02-21T11:27:13.708+0000] {spark_submit.py:641} INFO - 25/02/21 11:27:13 INFO Executor: Adding file:/tmp/spark-3679c9cf-7c95-4436-870c-e08bac440a5e/userFiles-5ebe9eb6-893d-4e46-afdf-0a1674977f33/postgresql-42.2.18.jar to class loader
[2025-02-21T11:27:13.714+0000] {spark_submit.py:641} INFO - 25/02/21 11:27:13 INFO Utils: Successfully started service 'org.apache.spark.network.netty.NettyBlockTransferService' on port 39271.
[2025-02-21T11:27:13.716+0000] {spark_submit.py:641} INFO - 25/02/21 11:27:13 INFO NettyBlockTransferService: Server created on ***-airflow-scheduler:39271
[2025-02-21T11:27:13.718+0000] {spark_submit.py:641} INFO - 25/02/21 11:27:13 INFO BlockManager: Using org.apache.spark.storage.RandomBlockReplicationPolicy for block replication policy
[2025-02-21T11:27:13.723+0000] {spark_submit.py:641} INFO - 25/02/21 11:27:13 INFO BlockManagerMaster: Registering BlockManager BlockManagerId(driver, ***-airflow-scheduler, 39271, None)
[2025-02-21T11:27:13.728+0000] {spark_submit.py:641} INFO - 25/02/21 11:27:13 INFO BlockManagerMasterEndpoint: Registering block manager ***-airflow-scheduler:39271 with 434.4 MiB RAM, BlockManagerId(driver, ***-airflow-scheduler, 39271, None)
[2025-02-21T11:27:13.730+0000] {spark_submit.py:641} INFO - 25/02/21 11:27:13 INFO BlockManagerMaster: Registered BlockManager BlockManagerId(driver, ***-airflow-scheduler, 39271, None)
[2025-02-21T11:27:13.731+0000] {spark_submit.py:641} INFO - 25/02/21 11:27:13 INFO BlockManager: Initialized BlockManager: BlockManagerId(driver, ***-airflow-scheduler, 39271, None)
[2025-02-21T11:27:19.706+0000] {spark_submit.py:641} INFO - ---------------- MENAMPILKAN DATA HASIL EXTRACT ----------------
[2025-02-21T11:27:19.945+0000] {spark_submit.py:641} INFO - +-----------+-----------------+---------+---------+------+-------------------+---------------+---+--------------------+-----------------+---------------------+----------+------------------+
[2025-02-21T11:27:19.947+0000] {spark_submit.py:641} INFO - |employee_id|       department|   region|education|gender|recruitment_channel|no_of_trainings|age|previous_year_rating|length_of_service|KPIs_met_more_than_80|awards_won|avg_training_score|
[2025-02-21T11:27:19.948+0000] {spark_submit.py:641} INFO - +-----------+-----------------+---------+---------+------+-------------------+---------------+---+--------------------+-----------------+---------------------+----------+------------------+
[2025-02-21T11:27:19.950+0000] {spark_submit.py:641} INFO - |       8724|       Technology|region_26|Bachelors|     m|           sourcing|              1| 24|                null|                1|                    1|         0|                77|
[2025-02-21T11:27:19.951+0000] {spark_submit.py:641} INFO - |      74430|               HR| region_4|Bachelors|     f|              other|              1| 31|                   3|                5|                    0|         0|                51|
[2025-02-21T11:27:19.952+0000] {spark_submit.py:641} INFO - |      72255|Sales & Marketing|region_13|Bachelors|     m|              other|              1| 31|                   1|                4|                    0|         0|                47|
[2025-02-21T11:27:19.953+0000] {spark_submit.py:641} INFO - |      38562|      Procurement| region_2|Bachelors|     f|              other|              3| 31|                   2|                9|                    0|         0|                65|
[2025-02-21T11:27:19.955+0000] {spark_submit.py:641} INFO - |      64486|          Finance|region_29|Bachelors|     m|           sourcing|              1| 30|                   4|                7|                    0|         0|                61|
[2025-02-21T11:27:19.956+0000] {spark_submit.py:641} INFO - +-----------+-----------------+---------+---------+------+-------------------+---------------+---+--------------------+-----------------+---------------------+----------+------------------+
[2025-02-21T11:27:19.957+0000] {spark_submit.py:641} INFO - only showing top 5 rows
[2025-02-21T11:27:19.959+0000] {spark_submit.py:641} INFO - 
[2025-02-21T11:27:19.961+0000] {spark_submit.py:641} INFO - root
[2025-02-21T11:27:19.962+0000] {spark_submit.py:641} INFO - |-- employee_id: integer (nullable = true)
[2025-02-21T11:27:19.964+0000] {spark_submit.py:641} INFO - |-- department: string (nullable = true)
[2025-02-21T11:27:19.965+0000] {spark_submit.py:641} INFO - |-- region: string (nullable = true)
[2025-02-21T11:27:19.967+0000] {spark_submit.py:641} INFO - |-- education: string (nullable = true)
[2025-02-21T11:27:19.968+0000] {spark_submit.py:641} INFO - |-- gender: string (nullable = true)
[2025-02-21T11:27:19.969+0000] {spark_submit.py:641} INFO - |-- recruitment_channel: string (nullable = true)
[2025-02-21T11:27:19.970+0000] {spark_submit.py:641} INFO - |-- no_of_trainings: integer (nullable = true)
[2025-02-21T11:27:19.972+0000] {spark_submit.py:641} INFO - |-- age: integer (nullable = true)
[2025-02-21T11:27:19.973+0000] {spark_submit.py:641} INFO - |-- previous_year_rating: integer (nullable = true)
[2025-02-21T11:27:19.975+0000] {spark_submit.py:641} INFO - |-- length_of_service: integer (nullable = true)
[2025-02-21T11:27:19.977+0000] {spark_submit.py:641} INFO - |-- KPIs_met_more_than_80: integer (nullable = true)
[2025-02-21T11:27:19.979+0000] {spark_submit.py:641} INFO - |-- awards_won: integer (nullable = true)
[2025-02-21T11:27:19.980+0000] {spark_submit.py:641} INFO - |-- avg_training_score: integer (nullable = true)
[2025-02-21T11:27:19.981+0000] {spark_submit.py:641} INFO - 
[2025-02-21T11:27:20.454+0000] {spark_submit.py:641} INFO - Jumlah baris dalam DataFrame : 17417
[2025-02-21T11:27:20.457+0000] {spark_submit.py:641} INFO - Isi folder data/extracted.parquet :
[2025-02-21T11:27:20.458+0000] {spark_submit.py:641} INFO - ['_SUCCESS', '.part-00000-d12bb24a-2b20-4fb0-adc4-857e54bdb0e9-c000.snappy.parquet.crc', 'part-00000-d12bb24a-2b20-4fb0-adc4-857e54bdb0e9-c000.snappy.parquet', '._SUCCESS.crc']
[2025-02-21T11:27:20.460+0000] {spark_submit.py:641} INFO - Extract data berhasil.
[2025-02-21T11:27:21.042+0000] {taskinstance.py:341} INFO - ::group::Post task execution logs
[2025-02-21T11:27:21.045+0000] {taskinstance.py:353} INFO - Marking task as SUCCESS. dag_id=***_v2_etl_dag, task_id=extract_task, run_id=manual__2025-02-21T11:27:08.468695+00:00, execution_date=20250221T112708, start_date=20250221T112709, end_date=20250221T112721
[2025-02-21T11:27:21.121+0000] {local_task_job_runner.py:266} INFO - Task exited with return code 0
[2025-02-21T11:27:21.151+0000] {taskinstance.py:3901} INFO - 1 downstream tasks scheduled from follow-on schedule check
[2025-02-21T11:27:21.156+0000] {local_task_job_runner.py:245} INFO - ::endgroup::
