[2025-02-21T11:35:19.360+0000] {local_task_job_runner.py:123} INFO - ::group::Pre task execution logs
[2025-02-21T11:35:19.382+0000] {taskinstance.py:2614} INFO - Dependencies all met for dep_context=non-requeueable deps ti=<TaskInstance: finprode8_v2_etl_dag.extract_task manual__2025-02-21T11:35:16.841697+00:00 [queued]>
[2025-02-21T11:35:19.397+0000] {taskinstance.py:2614} INFO - Dependencies all met for dep_context=requeueable deps ti=<TaskInstance: finprode8_v2_etl_dag.extract_task manual__2025-02-21T11:35:16.841697+00:00 [queued]>
[2025-02-21T11:35:19.399+0000] {taskinstance.py:2867} INFO - Starting attempt 1 of 1
[2025-02-21T11:35:19.415+0000] {taskinstance.py:2890} INFO - Executing <Task(SparkSubmitOperator): extract_task> on 2025-02-21 11:35:16.841697+00:00
[2025-02-21T11:35:19.423+0000] {standard_task_runner.py:72} INFO - Started process 4092 to run task
[2025-02-21T11:35:19.426+0000] {standard_task_runner.py:104} INFO - Running: ['airflow', 'tasks', 'run', '***_v2_etl_dag', 'extract_task', 'manual__2025-02-21T11:35:16.841697+00:00', '--job-id', '20', '--raw', '--subdir', 'DAGS_FOLDER/***_v2_etl_dag.py', '--cfg-path', '/tmp/tmp8s7llvwx']
[2025-02-21T11:35:19.432+0000] {standard_task_runner.py:105} INFO - Job 20: Subtask extract_task
[2025-02-21T11:35:19.451+0000] {logging_mixin.py:190} WARNING - /home/airflow/.local/lib/python3.9/site-packages/airflow/settings.py:209 DeprecationWarning: The sql_alchemy_conn option in [core] has been moved to the sql_alchemy_conn option in [database] - the old setting has been used, but please update your config.
[2025-02-21T11:35:19.496+0000] {task_command.py:467} INFO - Running <TaskInstance: finprode8_v2_etl_dag.extract_task manual__2025-02-21T11:35:16.841697+00:00 [running]> on host ***-airflow-scheduler
[2025-02-21T11:35:19.618+0000] {taskinstance.py:3134} INFO - Exporting env vars: AIRFLOW_CTX_DAG_OWNER='ratih malini' AIRFLOW_CTX_DAG_ID='***_v2_etl_dag' AIRFLOW_CTX_TASK_ID='extract_task' AIRFLOW_CTX_EXECUTION_DATE='2025-02-21T11:35:16.841697+00:00' AIRFLOW_CTX_TRY_NUMBER='1' AIRFLOW_CTX_DAG_RUN_ID='manual__2025-02-21T11:35:16.841697+00:00'
[2025-02-21T11:35:19.619+0000] {taskinstance.py:732} INFO - ::endgroup::
[2025-02-21T11:35:19.653+0000] {base.py:84} INFO - Retrieving connection 'spark_main'
[2025-02-21T11:35:19.656+0000] {spark_submit.py:474} INFO - Spark-Submit cmd: spark-submit --master spark://***-spark-master:7077 --name arrow-spark /spark-scripts/***_v2_extract.py
[2025-02-21T11:35:23.764+0000] {spark_submit.py:641} INFO - 25/02/21 11:35:23 INFO SparkContext: Running Spark version 3.3.2
[2025-02-21T11:35:23.824+0000] {spark_submit.py:641} INFO - 25/02/21 11:35:23 WARN NativeCodeLoader: Unable to load native-hadoop library for your platform... using builtin-java classes where applicable
[2025-02-21T11:35:23.910+0000] {spark_submit.py:641} INFO - 25/02/21 11:35:23 INFO ResourceUtils: ==============================================================
[2025-02-21T11:35:23.912+0000] {spark_submit.py:641} INFO - 25/02/21 11:35:23 INFO ResourceUtils: No custom resources configured for spark.driver.
[2025-02-21T11:35:23.914+0000] {spark_submit.py:641} INFO - 25/02/21 11:35:23 INFO ResourceUtils: ==============================================================
[2025-02-21T11:35:23.916+0000] {spark_submit.py:641} INFO - 25/02/21 11:35:23 INFO SparkContext: Submitted application: ***_extract
[2025-02-21T11:35:23.931+0000] {spark_submit.py:641} INFO - 25/02/21 11:35:23 INFO ResourceProfile: Default ResourceProfile created, executor resources: Map(cores -> name: cores, amount: 1, script: , vendor: , memory -> name: memory, amount: 1024, script: , vendor: , offHeap -> name: offHeap, amount: 0, script: , vendor: ), task resources: Map(cpus -> name: cpus, amount: 1.0)
[2025-02-21T11:35:23.940+0000] {spark_submit.py:641} INFO - 25/02/21 11:35:23 INFO ResourceProfile: Limiting resource is cpu
[2025-02-21T11:35:23.942+0000] {spark_submit.py:641} INFO - 25/02/21 11:35:23 INFO ResourceProfileManager: Added ResourceProfile id: 0
[2025-02-21T11:35:23.979+0000] {spark_submit.py:641} INFO - 25/02/21 11:35:23 INFO SecurityManager: Changing view acls to: airflow
[2025-02-21T11:35:23.981+0000] {spark_submit.py:641} INFO - 25/02/21 11:35:23 INFO SecurityManager: Changing modify acls to: airflow
[2025-02-21T11:35:23.983+0000] {spark_submit.py:641} INFO - 25/02/21 11:35:23 INFO SecurityManager: Changing view acls groups to:
[2025-02-21T11:35:23.985+0000] {spark_submit.py:641} INFO - 25/02/21 11:35:23 INFO SecurityManager: Changing modify acls groups to:
[2025-02-21T11:35:23.986+0000] {spark_submit.py:641} INFO - 25/02/21 11:35:23 INFO SecurityManager: SecurityManager: authentication disabled; ui acls disabled; users  with view permissions: Set(airflow); groups with view permissions: Set(); users  with modify permissions: Set(airflow); groups with modify permissions: Set()
[2025-02-21T11:35:24.202+0000] {spark_submit.py:641} INFO - 25/02/21 11:35:24 INFO Utils: Successfully started service 'sparkDriver' on port 42795.
[2025-02-21T11:35:24.233+0000] {spark_submit.py:641} INFO - 25/02/21 11:35:24 INFO SparkEnv: Registering MapOutputTracker
[2025-02-21T11:35:24.275+0000] {spark_submit.py:641} INFO - 25/02/21 11:35:24 INFO SparkEnv: Registering BlockManagerMaster
[2025-02-21T11:35:24.300+0000] {spark_submit.py:641} INFO - 25/02/21 11:35:24 INFO BlockManagerMasterEndpoint: Using org.apache.spark.storage.DefaultTopologyMapper for getting topology information
[2025-02-21T11:35:24.302+0000] {spark_submit.py:641} INFO - 25/02/21 11:35:24 INFO BlockManagerMasterEndpoint: BlockManagerMasterEndpoint up
[2025-02-21T11:35:24.308+0000] {spark_submit.py:641} INFO - 25/02/21 11:35:24 INFO SparkEnv: Registering BlockManagerMasterHeartbeat
[2025-02-21T11:35:24.332+0000] {spark_submit.py:641} INFO - 25/02/21 11:35:24 INFO DiskBlockManager: Created local directory at /tmp/blockmgr-0b960408-252b-46fe-b1ca-d00594f4b2d9
[2025-02-21T11:35:24.352+0000] {spark_submit.py:641} INFO - 25/02/21 11:35:24 INFO MemoryStore: MemoryStore started with capacity 434.4 MiB
[2025-02-21T11:35:24.371+0000] {spark_submit.py:641} INFO - 25/02/21 11:35:24 INFO SparkEnv: Registering OutputCommitCoordinator
[2025-02-21T11:35:24.595+0000] {spark_submit.py:641} INFO - 25/02/21 11:35:24 INFO Utils: Successfully started service 'SparkUI' on port 4040.
[2025-02-21T11:35:24.688+0000] {spark_submit.py:641} INFO - 25/02/21 11:35:24 INFO Executor: Starting executor ID driver on host ***-airflow-scheduler
[2025-02-21T11:35:24.702+0000] {spark_submit.py:641} INFO - 25/02/21 11:35:24 INFO Executor: Starting executor with user classpath (userClassPathFirst = false): ''
[2025-02-21T11:35:24.733+0000] {spark_submit.py:641} INFO - 25/02/21 11:35:24 INFO Utils: Successfully started service 'org.apache.spark.network.netty.NettyBlockTransferService' on port 39921.
[2025-02-21T11:35:24.736+0000] {spark_submit.py:641} INFO - 25/02/21 11:35:24 INFO NettyBlockTransferService: Server created on ***-airflow-scheduler:39921
[2025-02-21T11:35:24.738+0000] {spark_submit.py:641} INFO - 25/02/21 11:35:24 INFO BlockManager: Using org.apache.spark.storage.RandomBlockReplicationPolicy for block replication policy
[2025-02-21T11:35:24.744+0000] {spark_submit.py:641} INFO - 25/02/21 11:35:24 INFO BlockManagerMaster: Registering BlockManager BlockManagerId(driver, ***-airflow-scheduler, 39921, None)
[2025-02-21T11:35:24.748+0000] {spark_submit.py:641} INFO - 25/02/21 11:35:24 INFO BlockManagerMasterEndpoint: Registering block manager ***-airflow-scheduler:39921 with 434.4 MiB RAM, BlockManagerId(driver, ***-airflow-scheduler, 39921, None)
[2025-02-21T11:35:24.752+0000] {spark_submit.py:641} INFO - 25/02/21 11:35:24 INFO BlockManagerMaster: Registered BlockManager BlockManagerId(driver, ***-airflow-scheduler, 39921, None)
[2025-02-21T11:35:24.754+0000] {spark_submit.py:641} INFO - 25/02/21 11:35:24 INFO BlockManager: Initialized BlockManager: BlockManagerId(driver, ***-airflow-scheduler, 39921, None)
[2025-02-21T11:35:30.722+0000] {spark_submit.py:641} INFO - ---------------- MENAMPILKAN DATA HASIL EXTRACT ----------------
[2025-02-21T11:35:30.997+0000] {spark_submit.py:641} INFO - +-----------+-----------------+---------+---------+------+-------------------+---------------+---+--------------------+-----------------+---------------------+----------+------------------+
[2025-02-21T11:35:30.999+0000] {spark_submit.py:641} INFO - |employee_id|       department|   region|education|gender|recruitment_channel|no_of_trainings|age|previous_year_rating|length_of_service|KPIs_met_more_than_80|awards_won|avg_training_score|
[2025-02-21T11:35:31.000+0000] {spark_submit.py:641} INFO - +-----------+-----------------+---------+---------+------+-------------------+---------------+---+--------------------+-----------------+---------------------+----------+------------------+
[2025-02-21T11:35:31.001+0000] {spark_submit.py:641} INFO - |       8724|       Technology|region_26|Bachelors|     m|           sourcing|              1| 24|                null|                1|                    1|         0|                77|
[2025-02-21T11:35:31.002+0000] {spark_submit.py:641} INFO - |      74430|               HR| region_4|Bachelors|     f|              other|              1| 31|                   3|                5|                    0|         0|                51|
[2025-02-21T11:35:31.003+0000] {spark_submit.py:641} INFO - |      72255|Sales & Marketing|region_13|Bachelors|     m|              other|              1| 31|                   1|                4|                    0|         0|                47|
[2025-02-21T11:35:31.004+0000] {spark_submit.py:641} INFO - |      38562|      Procurement| region_2|Bachelors|     f|              other|              3| 31|                   2|                9|                    0|         0|                65|
[2025-02-21T11:35:31.005+0000] {spark_submit.py:641} INFO - |      64486|          Finance|region_29|Bachelors|     m|           sourcing|              1| 30|                   4|                7|                    0|         0|                61|
[2025-02-21T11:35:31.006+0000] {spark_submit.py:641} INFO - +-----------+-----------------+---------+---------+------+-------------------+---------------+---+--------------------+-----------------+---------------------+----------+------------------+
[2025-02-21T11:35:31.007+0000] {spark_submit.py:641} INFO - only showing top 5 rows
[2025-02-21T11:35:31.008+0000] {spark_submit.py:641} INFO - 
[2025-02-21T11:35:31.010+0000] {spark_submit.py:641} INFO - root
[2025-02-21T11:35:31.011+0000] {spark_submit.py:641} INFO - |-- employee_id: integer (nullable = true)
[2025-02-21T11:35:31.012+0000] {spark_submit.py:641} INFO - |-- department: string (nullable = true)
[2025-02-21T11:35:31.013+0000] {spark_submit.py:641} INFO - |-- region: string (nullable = true)
[2025-02-21T11:35:31.014+0000] {spark_submit.py:641} INFO - |-- education: string (nullable = true)
[2025-02-21T11:35:31.015+0000] {spark_submit.py:641} INFO - |-- gender: string (nullable = true)
[2025-02-21T11:35:31.016+0000] {spark_submit.py:641} INFO - |-- recruitment_channel: string (nullable = true)
[2025-02-21T11:35:31.017+0000] {spark_submit.py:641} INFO - |-- no_of_trainings: integer (nullable = true)
[2025-02-21T11:35:31.018+0000] {spark_submit.py:641} INFO - |-- age: integer (nullable = true)
[2025-02-21T11:35:31.019+0000] {spark_submit.py:641} INFO - |-- previous_year_rating: integer (nullable = true)
[2025-02-21T11:35:31.020+0000] {spark_submit.py:641} INFO - |-- length_of_service: integer (nullable = true)
[2025-02-21T11:35:31.020+0000] {spark_submit.py:641} INFO - |-- KPIs_met_more_than_80: integer (nullable = true)
[2025-02-21T11:35:31.021+0000] {spark_submit.py:641} INFO - |-- awards_won: integer (nullable = true)
[2025-02-21T11:35:31.022+0000] {spark_submit.py:641} INFO - |-- avg_training_score: integer (nullable = true)
[2025-02-21T11:35:31.023+0000] {spark_submit.py:641} INFO - 
[2025-02-21T11:35:31.410+0000] {spark_submit.py:641} INFO - Jumlah baris dalam DataFrame : 17417
[2025-02-21T11:35:31.412+0000] {spark_submit.py:641} INFO - Isi folder data/extracted.parquet :
[2025-02-21T11:35:31.413+0000] {spark_submit.py:641} INFO - ['.part-00000-17ff6329-1473-46c8-8a75-78bbecf4be22-c000.snappy.parquet.crc', '_SUCCESS', 'part-00000-17ff6329-1473-46c8-8a75-78bbecf4be22-c000.snappy.parquet', '._SUCCESS.crc']
[2025-02-21T11:35:31.415+0000] {spark_submit.py:641} INFO - Extract data berhasil.
[2025-02-21T11:35:31.577+0000] {taskinstance.py:341} INFO - ::group::Post task execution logs
[2025-02-21T11:35:31.579+0000] {taskinstance.py:353} INFO - Marking task as SUCCESS. dag_id=***_v2_etl_dag, task_id=extract_task, run_id=manual__2025-02-21T11:35:16.841697+00:00, execution_date=20250221T113516, start_date=20250221T113519, end_date=20250221T113531
[2025-02-21T11:35:31.625+0000] {local_task_job_runner.py:266} INFO - Task exited with return code 0
[2025-02-21T11:35:31.655+0000] {taskinstance.py:3901} INFO - 1 downstream tasks scheduled from follow-on schedule check
[2025-02-21T11:35:31.660+0000] {local_task_job_runner.py:245} INFO - ::endgroup::
