[2025-02-21T10:45:18.261+0000] {local_task_job_runner.py:123} INFO - ::group::Pre task execution logs
[2025-02-21T10:45:18.284+0000] {taskinstance.py:2614} INFO - Dependencies all met for dep_context=non-requeueable deps ti=<TaskInstance: finprode8_v2_etl_dag.extract_task manual__2025-02-21T10:45:14.363987+00:00 [queued]>
[2025-02-21T10:45:18.300+0000] {taskinstance.py:2614} INFO - Dependencies all met for dep_context=requeueable deps ti=<TaskInstance: finprode8_v2_etl_dag.extract_task manual__2025-02-21T10:45:14.363987+00:00 [queued]>
[2025-02-21T10:45:18.302+0000] {taskinstance.py:2867} INFO - Starting attempt 1 of 1
[2025-02-21T10:45:18.320+0000] {taskinstance.py:2890} INFO - Executing <Task(SparkSubmitOperator): extract_task> on 2025-02-21 10:45:14.363987+00:00
[2025-02-21T10:45:18.327+0000] {standard_task_runner.py:72} INFO - Started process 17253 to run task
[2025-02-21T10:45:18.331+0000] {standard_task_runner.py:104} INFO - Running: ['airflow', 'tasks', 'run', '***_v2_etl_dag', 'extract_task', 'manual__2025-02-21T10:45:14.363987+00:00', '--job-id', '194', '--raw', '--subdir', 'DAGS_FOLDER/***_v2_etl_dag.py', '--cfg-path', '/tmp/tmp34k34ef0']
[2025-02-21T10:45:18.340+0000] {standard_task_runner.py:105} INFO - Job 194: Subtask extract_task
[2025-02-21T10:45:18.364+0000] {logging_mixin.py:190} WARNING - /home/airflow/.local/lib/python3.9/site-packages/airflow/settings.py:209 DeprecationWarning: The sql_alchemy_conn option in [core] has been moved to the sql_alchemy_conn option in [database] - the old setting has been used, but please update your config.
[2025-02-21T10:45:18.422+0000] {task_command.py:467} INFO - Running <TaskInstance: finprode8_v2_etl_dag.extract_task manual__2025-02-21T10:45:14.363987+00:00 [running]> on host ***-airflow-scheduler
[2025-02-21T10:45:18.548+0000] {taskinstance.py:3134} INFO - Exporting env vars: AIRFLOW_CTX_DAG_OWNER='ratih malini' AIRFLOW_CTX_DAG_ID='***_v2_etl_dag' AIRFLOW_CTX_TASK_ID='extract_task' AIRFLOW_CTX_EXECUTION_DATE='2025-02-21T10:45:14.363987+00:00' AIRFLOW_CTX_TRY_NUMBER='1' AIRFLOW_CTX_DAG_RUN_ID='manual__2025-02-21T10:45:14.363987+00:00'
[2025-02-21T10:45:18.550+0000] {taskinstance.py:732} INFO - ::endgroup::
[2025-02-21T10:45:18.587+0000] {base.py:84} INFO - Retrieving connection 'spark_main'
[2025-02-21T10:45:18.590+0000] {spark_submit.py:474} INFO - Spark-Submit cmd: spark-submit --master spark://***-spark-master:7077 --name arrow-spark /spark-scripts/***_v2_extract.py
[2025-02-21T10:45:21.184+0000] {spark_submit.py:641} INFO - 25/02/21 10:45:21 INFO SparkContext: Running Spark version 3.3.2
[2025-02-21T10:45:21.244+0000] {spark_submit.py:641} INFO - 25/02/21 10:45:21 WARN NativeCodeLoader: Unable to load native-hadoop library for your platform... using builtin-java classes where applicable
[2025-02-21T10:45:21.321+0000] {spark_submit.py:641} INFO - 25/02/21 10:45:21 INFO ResourceUtils: ==============================================================
[2025-02-21T10:45:21.324+0000] {spark_submit.py:641} INFO - 25/02/21 10:45:21 INFO ResourceUtils: No custom resources configured for spark.driver.
[2025-02-21T10:45:21.326+0000] {spark_submit.py:641} INFO - 25/02/21 10:45:21 INFO ResourceUtils: ==============================================================
[2025-02-21T10:45:21.328+0000] {spark_submit.py:641} INFO - 25/02/21 10:45:21 INFO SparkContext: Submitted application: ***_extract
[2025-02-21T10:45:21.343+0000] {spark_submit.py:641} INFO - 25/02/21 10:45:21 INFO ResourceProfile: Default ResourceProfile created, executor resources: Map(cores -> name: cores, amount: 1, script: , vendor: , memory -> name: memory, amount: 1024, script: , vendor: , offHeap -> name: offHeap, amount: 0, script: , vendor: ), task resources: Map(cpus -> name: cpus, amount: 1.0)
[2025-02-21T10:45:21.351+0000] {spark_submit.py:641} INFO - 25/02/21 10:45:21 INFO ResourceProfile: Limiting resource is cpu
[2025-02-21T10:45:21.353+0000] {spark_submit.py:641} INFO - 25/02/21 10:45:21 INFO ResourceProfileManager: Added ResourceProfile id: 0
[2025-02-21T10:45:21.395+0000] {spark_submit.py:641} INFO - 25/02/21 10:45:21 INFO SecurityManager: Changing view acls to: airflow
[2025-02-21T10:45:21.397+0000] {spark_submit.py:641} INFO - 25/02/21 10:45:21 INFO SecurityManager: Changing modify acls to: airflow
[2025-02-21T10:45:21.400+0000] {spark_submit.py:641} INFO - 25/02/21 10:45:21 INFO SecurityManager: Changing view acls groups to:
[2025-02-21T10:45:21.402+0000] {spark_submit.py:641} INFO - 25/02/21 10:45:21 INFO SecurityManager: Changing modify acls groups to:
[2025-02-21T10:45:21.403+0000] {spark_submit.py:641} INFO - 25/02/21 10:45:21 INFO SecurityManager: SecurityManager: authentication disabled; ui acls disabled; users  with view permissions: Set(airflow); groups with view permissions: Set(); users  with modify permissions: Set(airflow); groups with modify permissions: Set()
[2025-02-21T10:45:21.610+0000] {spark_submit.py:641} INFO - 25/02/21 10:45:21 INFO Utils: Successfully started service 'sparkDriver' on port 38907.
[2025-02-21T10:45:21.634+0000] {spark_submit.py:641} INFO - 25/02/21 10:45:21 INFO SparkEnv: Registering MapOutputTracker
[2025-02-21T10:45:21.667+0000] {spark_submit.py:641} INFO - 25/02/21 10:45:21 INFO SparkEnv: Registering BlockManagerMaster
[2025-02-21T10:45:21.690+0000] {spark_submit.py:641} INFO - 25/02/21 10:45:21 INFO BlockManagerMasterEndpoint: Using org.apache.spark.storage.DefaultTopologyMapper for getting topology information
[2025-02-21T10:45:21.692+0000] {spark_submit.py:641} INFO - 25/02/21 10:45:21 INFO BlockManagerMasterEndpoint: BlockManagerMasterEndpoint up
[2025-02-21T10:45:21.700+0000] {spark_submit.py:641} INFO - 25/02/21 10:45:21 INFO SparkEnv: Registering BlockManagerMasterHeartbeat
[2025-02-21T10:45:21.731+0000] {spark_submit.py:641} INFO - 25/02/21 10:45:21 INFO DiskBlockManager: Created local directory at /tmp/blockmgr-b31a6a99-2a6c-400e-acac-24963aafddd4
[2025-02-21T10:45:21.759+0000] {spark_submit.py:641} INFO - 25/02/21 10:45:21 INFO MemoryStore: MemoryStore started with capacity 434.4 MiB
[2025-02-21T10:45:21.780+0000] {spark_submit.py:641} INFO - 25/02/21 10:45:21 INFO SparkEnv: Registering OutputCommitCoordinator
[2025-02-21T10:45:21.974+0000] {spark_submit.py:641} INFO - 25/02/21 10:45:21 INFO Utils: Successfully started service 'SparkUI' on port 4040.
[2025-02-21T10:45:22.032+0000] {spark_submit.py:641} INFO - 25/02/21 10:45:22 INFO SparkContext: Added JAR /spark-scripts/jars/postgresql-42.2.18.jar at spark://***-airflow-scheduler:38907/jars/postgresql-42.2.18.jar with timestamp 1740134721173
[2025-02-21T10:45:22.099+0000] {spark_submit.py:641} INFO - 25/02/21 10:45:22 INFO Executor: Starting executor ID driver on host ***-airflow-scheduler
[2025-02-21T10:45:22.109+0000] {spark_submit.py:641} INFO - 25/02/21 10:45:22 INFO Executor: Starting executor with user classpath (userClassPathFirst = false): ''
[2025-02-21T10:45:22.132+0000] {spark_submit.py:641} INFO - 25/02/21 10:45:22 INFO Executor: Fetching spark://***-airflow-scheduler:38907/jars/postgresql-42.2.18.jar with timestamp 1740134721173
[2025-02-21T10:45:22.188+0000] {spark_submit.py:641} INFO - 25/02/21 10:45:22 INFO TransportClientFactory: Successfully created connection to ***-airflow-scheduler/172.19.0.6:38907 after 31 ms (0 ms spent in bootstraps)
[2025-02-21T10:45:22.192+0000] {spark_submit.py:641} INFO - 25/02/21 10:45:22 INFO Utils: Fetching spark://***-airflow-scheduler:38907/jars/postgresql-42.2.18.jar to /tmp/spark-8862d27a-c710-4a3a-b581-c06f163c729b/userFiles-70a136b7-5aa6-42c5-92b5-b640eb715b65/fetchFileTemp3793271983008615402.tmp
[2025-02-21T10:45:22.268+0000] {spark_submit.py:641} INFO - 25/02/21 10:45:22 INFO Executor: Adding file:/tmp/spark-8862d27a-c710-4a3a-b581-c06f163c729b/userFiles-70a136b7-5aa6-42c5-92b5-b640eb715b65/postgresql-42.2.18.jar to class loader
[2025-02-21T10:45:22.275+0000] {spark_submit.py:641} INFO - 25/02/21 10:45:22 INFO Utils: Successfully started service 'org.apache.spark.network.netty.NettyBlockTransferService' on port 39717.
[2025-02-21T10:45:22.276+0000] {spark_submit.py:641} INFO - 25/02/21 10:45:22 INFO NettyBlockTransferService: Server created on ***-airflow-scheduler:39717
[2025-02-21T10:45:22.278+0000] {spark_submit.py:641} INFO - 25/02/21 10:45:22 INFO BlockManager: Using org.apache.spark.storage.RandomBlockReplicationPolicy for block replication policy
[2025-02-21T10:45:22.284+0000] {spark_submit.py:641} INFO - 25/02/21 10:45:22 INFO BlockManagerMaster: Registering BlockManager BlockManagerId(driver, ***-airflow-scheduler, 39717, None)
[2025-02-21T10:45:22.288+0000] {spark_submit.py:641} INFO - 25/02/21 10:45:22 INFO BlockManagerMasterEndpoint: Registering block manager ***-airflow-scheduler:39717 with 434.4 MiB RAM, BlockManagerId(driver, ***-airflow-scheduler, 39717, None)
[2025-02-21T10:45:22.290+0000] {spark_submit.py:641} INFO - 25/02/21 10:45:22 INFO BlockManagerMaster: Registered BlockManager BlockManagerId(driver, ***-airflow-scheduler, 39717, None)
[2025-02-21T10:45:22.292+0000] {spark_submit.py:641} INFO - 25/02/21 10:45:22 INFO BlockManager: Initialized BlockManager: BlockManagerId(driver, ***-airflow-scheduler, 39717, None)
[2025-02-21T10:45:29.387+0000] {spark_submit.py:641} INFO - ---------------- MENAMPILKAN DATA HASIL EXTRACT ----------------
[2025-02-21T10:45:29.601+0000] {spark_submit.py:641} INFO - +-----------+-----------------+---------+---------+------+-------------------+---------------+---+--------------------+-----------------+---------------------+----------+------------------+
[2025-02-21T10:45:29.603+0000] {spark_submit.py:641} INFO - |employee_id|       department|   region|education|gender|recruitment_channel|no_of_trainings|age|previous_year_rating|length_of_service|KPIs_met_more_than_80|awards_won|avg_training_score|
[2025-02-21T10:45:29.604+0000] {spark_submit.py:641} INFO - +-----------+-----------------+---------+---------+------+-------------------+---------------+---+--------------------+-----------------+---------------------+----------+------------------+
[2025-02-21T10:45:29.605+0000] {spark_submit.py:641} INFO - |       8724|       Technology|region_26|Bachelors|     m|           sourcing|              1| 24|                null|                1|                    1|         0|                77|
[2025-02-21T10:45:29.606+0000] {spark_submit.py:641} INFO - |      74430|               HR| region_4|Bachelors|     f|              other|              1| 31|                   3|                5|                    0|         0|                51|
[2025-02-21T10:45:29.607+0000] {spark_submit.py:641} INFO - |      72255|Sales & Marketing|region_13|Bachelors|     m|              other|              1| 31|                   1|                4|                    0|         0|                47|
[2025-02-21T10:45:29.609+0000] {spark_submit.py:641} INFO - |      38562|      Procurement| region_2|Bachelors|     f|              other|              3| 31|                   2|                9|                    0|         0|                65|
[2025-02-21T10:45:29.611+0000] {spark_submit.py:641} INFO - |      64486|          Finance|region_29|Bachelors|     m|           sourcing|              1| 30|                   4|                7|                    0|         0|                61|
[2025-02-21T10:45:29.613+0000] {spark_submit.py:641} INFO - +-----------+-----------------+---------+---------+------+-------------------+---------------+---+--------------------+-----------------+---------------------+----------+------------------+
[2025-02-21T10:45:29.614+0000] {spark_submit.py:641} INFO - only showing top 5 rows
[2025-02-21T10:45:29.615+0000] {spark_submit.py:641} INFO - 
[2025-02-21T10:45:29.616+0000] {spark_submit.py:641} INFO - root
[2025-02-21T10:45:29.617+0000] {spark_submit.py:641} INFO - |-- employee_id: integer (nullable = true)
[2025-02-21T10:45:29.618+0000] {spark_submit.py:641} INFO - |-- department: string (nullable = true)
[2025-02-21T10:45:29.619+0000] {spark_submit.py:641} INFO - |-- region: string (nullable = true)
[2025-02-21T10:45:29.620+0000] {spark_submit.py:641} INFO - |-- education: string (nullable = true)
[2025-02-21T10:45:29.621+0000] {spark_submit.py:641} INFO - |-- gender: string (nullable = true)
[2025-02-21T10:45:29.622+0000] {spark_submit.py:641} INFO - |-- recruitment_channel: string (nullable = true)
[2025-02-21T10:45:29.623+0000] {spark_submit.py:641} INFO - |-- no_of_trainings: integer (nullable = true)
[2025-02-21T10:45:29.625+0000] {spark_submit.py:641} INFO - |-- age: integer (nullable = true)
[2025-02-21T10:45:29.627+0000] {spark_submit.py:641} INFO - |-- previous_year_rating: integer (nullable = true)
[2025-02-21T10:45:29.629+0000] {spark_submit.py:641} INFO - |-- length_of_service: integer (nullable = true)
[2025-02-21T10:45:29.630+0000] {spark_submit.py:641} INFO - |-- KPIs_met_more_than_80: integer (nullable = true)
[2025-02-21T10:45:29.631+0000] {spark_submit.py:641} INFO - |-- awards_won: integer (nullable = true)
[2025-02-21T10:45:29.632+0000] {spark_submit.py:641} INFO - |-- avg_training_score: integer (nullable = true)
[2025-02-21T10:45:29.633+0000] {spark_submit.py:641} INFO - 
[2025-02-21T10:45:30.108+0000] {spark_submit.py:641} INFO - Jumlah baris dalam DataFrame : 17417
[2025-02-21T10:45:30.109+0000] {spark_submit.py:641} INFO - Isi folder data/extracted.parquet :
[2025-02-21T10:45:30.110+0000] {spark_submit.py:641} INFO - ['_SUCCESS', 'part-00000-b7b3c8f9-2193-4435-bf4c-766807d930ae-c000.snappy.parquet', '.part-00000-b7b3c8f9-2193-4435-bf4c-766807d930ae-c000.snappy.parquet.crc', '._SUCCESS.crc']
[2025-02-21T10:45:30.111+0000] {spark_submit.py:641} INFO - Extract data berhasil.
[2025-02-21T10:45:30.617+0000] {taskinstance.py:341} INFO - ::group::Post task execution logs
[2025-02-21T10:45:30.619+0000] {taskinstance.py:353} INFO - Marking task as SUCCESS. dag_id=***_v2_etl_dag, task_id=extract_task, run_id=manual__2025-02-21T10:45:14.363987+00:00, execution_date=20250221T104514, start_date=20250221T104518, end_date=20250221T104530
[2025-02-21T10:45:30.697+0000] {local_task_job_runner.py:266} INFO - Task exited with return code 0
[2025-02-21T10:45:30.729+0000] {taskinstance.py:3901} INFO - 1 downstream tasks scheduled from follow-on schedule check
[2025-02-21T10:45:30.734+0000] {local_task_job_runner.py:245} INFO - ::endgroup::
