[2025-02-23T18:19:20.836+0000] {local_task_job_runner.py:123} INFO - ::group::Pre task execution logs
[2025-02-23T18:19:20.869+0000] {taskinstance.py:2614} INFO - Dependencies all met for dep_context=non-requeueable deps ti=<TaskInstance: finprode8_v2_etl_dag.transform_task manual__2025-02-23T18:19:00.393308+00:00 [queued]>
[2025-02-23T18:19:20.885+0000] {taskinstance.py:2614} INFO - Dependencies all met for dep_context=requeueable deps ti=<TaskInstance: finprode8_v2_etl_dag.transform_task manual__2025-02-23T18:19:00.393308+00:00 [queued]>
[2025-02-23T18:19:20.887+0000] {taskinstance.py:2867} INFO - Starting attempt 1 of 1
[2025-02-23T18:19:20.908+0000] {taskinstance.py:2890} INFO - Executing <Task(SparkSubmitOperator): transform_task> on 2025-02-23 18:19:00.393308+00:00
[2025-02-23T18:19:20.918+0000] {standard_task_runner.py:72} INFO - Started process 7502 to run task
[2025-02-23T18:19:20.921+0000] {standard_task_runner.py:104} INFO - Running: ['airflow', 'tasks', 'run', '***_v2_etl_dag', 'transform_task', 'manual__2025-02-23T18:19:00.393308+00:00', '--job-id', '28', '--raw', '--subdir', 'DAGS_FOLDER/***_v2_etl_dag.py', '--cfg-path', '/tmp/tmptoo0urxh']
[2025-02-23T18:19:20.925+0000] {standard_task_runner.py:105} INFO - Job 28: Subtask transform_task
[2025-02-23T18:19:20.946+0000] {logging_mixin.py:190} WARNING - /home/airflow/.local/lib/python3.9/site-packages/airflow/settings.py:209 DeprecationWarning: The sql_alchemy_conn option in [core] has been moved to the sql_alchemy_conn option in [database] - the old setting has been used, but please update your config.
[2025-02-23T18:19:21.000+0000] {task_command.py:467} INFO - Running <TaskInstance: finprode8_v2_etl_dag.transform_task manual__2025-02-23T18:19:00.393308+00:00 [running]> on host ***-airflow-scheduler
[2025-02-23T18:19:21.154+0000] {taskinstance.py:3134} INFO - Exporting env vars: AIRFLOW_CTX_DAG_OWNER='ratih malini' AIRFLOW_CTX_DAG_ID='***_v2_etl_dag' AIRFLOW_CTX_TASK_ID='transform_task' AIRFLOW_CTX_EXECUTION_DATE='2025-02-23T18:19:00.393308+00:00' AIRFLOW_CTX_TRY_NUMBER='1' AIRFLOW_CTX_DAG_RUN_ID='manual__2025-02-23T18:19:00.393308+00:00'
[2025-02-23T18:19:21.157+0000] {taskinstance.py:732} INFO - ::endgroup::
[2025-02-23T18:19:21.238+0000] {base.py:84} INFO - Retrieving connection 'spark_main'
[2025-02-23T18:19:21.255+0000] {spark_submit.py:474} INFO - Spark-Submit cmd: spark-submit --master spark://***-spark-master:7077 --name arrow-spark /spark-scripts/***_v2_transform.py
[2025-02-23T18:19:24.355+0000] {spark_submit.py:641} INFO - 25/02/23 18:19:24 INFO SparkContext: Running Spark version 3.3.2
[2025-02-23T18:19:24.455+0000] {spark_submit.py:641} INFO - 25/02/23 18:19:24 WARN NativeCodeLoader: Unable to load native-hadoop library for your platform... using builtin-java classes where applicable
[2025-02-23T18:19:24.594+0000] {spark_submit.py:641} INFO - 25/02/23 18:19:24 INFO ResourceUtils: ==============================================================
[2025-02-23T18:19:24.595+0000] {spark_submit.py:641} INFO - 25/02/23 18:19:24 INFO ResourceUtils: No custom resources configured for spark.driver.
[2025-02-23T18:19:24.600+0000] {spark_submit.py:641} INFO - 25/02/23 18:19:24 INFO ResourceUtils: ==============================================================
[2025-02-23T18:19:24.602+0000] {spark_submit.py:641} INFO - 25/02/23 18:19:24 INFO SparkContext: Submitted application: ***_transform
[2025-02-23T18:19:24.629+0000] {spark_submit.py:641} INFO - 25/02/23 18:19:24 INFO ResourceProfile: Default ResourceProfile created, executor resources: Map(cores -> name: cores, amount: 1, script: , vendor: , memory -> name: memory, amount: 1024, script: , vendor: , offHeap -> name: offHeap, amount: 0, script: , vendor: ), task resources: Map(cpus -> name: cpus, amount: 1.0)
[2025-02-23T18:19:24.638+0000] {spark_submit.py:641} INFO - 25/02/23 18:19:24 INFO ResourceProfile: Limiting resource is cpu
[2025-02-23T18:19:24.640+0000] {spark_submit.py:641} INFO - 25/02/23 18:19:24 INFO ResourceProfileManager: Added ResourceProfile id: 0
[2025-02-23T18:19:24.711+0000] {spark_submit.py:641} INFO - 25/02/23 18:19:24 INFO SecurityManager: Changing view acls to: airflow
[2025-02-23T18:19:24.713+0000] {spark_submit.py:641} INFO - 25/02/23 18:19:24 INFO SecurityManager: Changing modify acls to: airflow
[2025-02-23T18:19:24.715+0000] {spark_submit.py:641} INFO - 25/02/23 18:19:24 INFO SecurityManager: Changing view acls groups to:
[2025-02-23T18:19:24.716+0000] {spark_submit.py:641} INFO - 25/02/23 18:19:24 INFO SecurityManager: Changing modify acls groups to:
[2025-02-23T18:19:24.718+0000] {spark_submit.py:641} INFO - 25/02/23 18:19:24 INFO SecurityManager: SecurityManager: authentication disabled; ui acls disabled; users  with view permissions: Set(airflow); groups with view permissions: Set(); users  with modify permissions: Set(airflow); groups with modify permissions: Set()
[2025-02-23T18:19:25.145+0000] {spark_submit.py:641} INFO - 25/02/23 18:19:25 INFO Utils: Successfully started service 'sparkDriver' on port 44323.
[2025-02-23T18:19:25.197+0000] {spark_submit.py:641} INFO - 25/02/23 18:19:25 INFO SparkEnv: Registering MapOutputTracker
[2025-02-23T18:19:25.247+0000] {spark_submit.py:641} INFO - 25/02/23 18:19:25 INFO SparkEnv: Registering BlockManagerMaster
[2025-02-23T18:19:25.274+0000] {spark_submit.py:641} INFO - 25/02/23 18:19:25 INFO BlockManagerMasterEndpoint: Using org.apache.spark.storage.DefaultTopologyMapper for getting topology information
[2025-02-23T18:19:25.277+0000] {spark_submit.py:641} INFO - 25/02/23 18:19:25 INFO BlockManagerMasterEndpoint: BlockManagerMasterEndpoint up
[2025-02-23T18:19:25.283+0000] {spark_submit.py:641} INFO - 25/02/23 18:19:25 INFO SparkEnv: Registering BlockManagerMasterHeartbeat
[2025-02-23T18:19:25.314+0000] {spark_submit.py:641} INFO - 25/02/23 18:19:25 INFO DiskBlockManager: Created local directory at /tmp/blockmgr-dfcaa27a-8baa-463a-9f22-ab835ff810e7
[2025-02-23T18:19:25.336+0000] {spark_submit.py:641} INFO - 25/02/23 18:19:25 INFO MemoryStore: MemoryStore started with capacity 434.4 MiB
[2025-02-23T18:19:25.356+0000] {spark_submit.py:641} INFO - 25/02/23 18:19:25 INFO SparkEnv: Registering OutputCommitCoordinator
[2025-02-23T18:19:25.673+0000] {spark_submit.py:641} INFO - 25/02/23 18:19:25 INFO Utils: Successfully started service 'SparkUI' on port 4040.
[2025-02-23T18:19:25.786+0000] {spark_submit.py:641} INFO - 25/02/23 18:19:25 INFO Executor: Starting executor ID driver on host ***-airflow-scheduler
[2025-02-23T18:19:25.802+0000] {spark_submit.py:641} INFO - 25/02/23 18:19:25 INFO Executor: Starting executor with user classpath (userClassPathFirst = false): ''
[2025-02-23T18:19:25.833+0000] {spark_submit.py:641} INFO - 25/02/23 18:19:25 INFO Utils: Successfully started service 'org.apache.spark.network.netty.NettyBlockTransferService' on port 46159.
[2025-02-23T18:19:25.835+0000] {spark_submit.py:641} INFO - 25/02/23 18:19:25 INFO NettyBlockTransferService: Server created on ***-airflow-scheduler:46159
[2025-02-23T18:19:25.837+0000] {spark_submit.py:641} INFO - 25/02/23 18:19:25 INFO BlockManager: Using org.apache.spark.storage.RandomBlockReplicationPolicy for block replication policy
[2025-02-23T18:19:25.845+0000] {spark_submit.py:641} INFO - 25/02/23 18:19:25 INFO BlockManagerMaster: Registering BlockManager BlockManagerId(driver, ***-airflow-scheduler, 46159, None)
[2025-02-23T18:19:25.852+0000] {spark_submit.py:641} INFO - 25/02/23 18:19:25 INFO BlockManagerMasterEndpoint: Registering block manager ***-airflow-scheduler:46159 with 434.4 MiB RAM, BlockManagerId(driver, ***-airflow-scheduler, 46159, None)
[2025-02-23T18:19:25.855+0000] {spark_submit.py:641} INFO - 25/02/23 18:19:25 INFO BlockManagerMaster: Registered BlockManager BlockManagerId(driver, ***-airflow-scheduler, 46159, None)
[2025-02-23T18:19:25.857+0000] {spark_submit.py:641} INFO - 25/02/23 18:19:25 INFO BlockManager: Initialized BlockManager: BlockManagerId(driver, ***-airflow-scheduler, 46159, None)
[2025-02-23T18:19:33.518+0000] {spark_submit.py:641} INFO - ---------------- MENAMPILKAN DATA HASIL TRASNFORMASI ----------------
[2025-02-23T18:19:34.194+0000] {spark_submit.py:641} INFO - +-----------+-----------------+---------+---------------+------+-------------------+---------------+---+--------------------+-----------------+---------------------+----------+------------------+
[2025-02-23T18:19:34.197+0000] {spark_submit.py:641} INFO - |employee_id|       department|   region|      education|gender|recruitment_channel|no_of_trainings|age|previous_year_rating|length_of_service|KPIs_met_more_than_80|awards_won|avg_training_score|
[2025-02-23T18:19:34.200+0000] {spark_submit.py:641} INFO - +-----------+-----------------+---------+---------------+------+-------------------+---------------+---+--------------------+-----------------+---------------------+----------+------------------+
[2025-02-23T18:19:34.201+0000] {spark_submit.py:641} INFO - |          3|      Procurement|region_22|Masters & above|     f|              other|              1| 38|                   5|                4|                    1|         0|                67|
[2025-02-23T18:19:34.202+0000] {spark_submit.py:641} INFO - |          6|Sales & Marketing|region_15|      Bachelors|     f|              other|              1| 38|                   3|               10|                    0|         0|                50|
[2025-02-23T18:19:34.204+0000] {spark_submit.py:641} INFO - |         11|       Technology| region_4|Masters & above|     f|           sourcing|              1| 39|                   4|               12|                    1|         0|                72|
[2025-02-23T18:19:34.206+0000] {spark_submit.py:641} INFO - |         13|Sales & Marketing|region_17|      Bachelors|     m|              other|              1| 38|                   1|                5|                    1|         0|                47|
[2025-02-23T18:19:34.208+0000] {spark_submit.py:641} INFO - |         16|Sales & Marketing| region_4|Masters & above|     m|           sourcing|              1| 40|                   5|                5|                    0|         0|                53|
[2025-02-23T18:19:34.209+0000] {spark_submit.py:641} INFO - +-----------+-----------------+---------+---------------+------+-------------------+---------------+---+--------------------+-----------------+---------------------+----------+------------------+
[2025-02-23T18:19:34.210+0000] {spark_submit.py:641} INFO - only showing top 5 rows
[2025-02-23T18:19:34.211+0000] {spark_submit.py:641} INFO - 
[2025-02-23T18:19:34.707+0000] {spark_submit.py:641} INFO - Jumlah baris dalam DataFrame : 17415
[2025-02-23T18:19:34.710+0000] {spark_submit.py:641} INFO - Isi folder data/transformed.parquet :
[2025-02-23T18:19:34.711+0000] {spark_submit.py:641} INFO - ['.part-00000-600d9e1b-ed84-4471-9965-96f8bc7558bb-c000.snappy.parquet.crc', '_SUCCESS', 'part-00000-600d9e1b-ed84-4471-9965-96f8bc7558bb-c000.snappy.parquet', '._SUCCESS.crc']
[2025-02-23T18:19:34.713+0000] {spark_submit.py:641} INFO - Transform data berhasil.
[2025-02-23T18:19:35.143+0000] {taskinstance.py:341} INFO - ::group::Post task execution logs
[2025-02-23T18:19:35.145+0000] {taskinstance.py:353} INFO - Marking task as SUCCESS. dag_id=***_v2_etl_dag, task_id=transform_task, run_id=manual__2025-02-23T18:19:00.393308+00:00, execution_date=20250223T181900, start_date=20250223T181920, end_date=20250223T181935
[2025-02-23T18:19:35.220+0000] {local_task_job_runner.py:266} INFO - Task exited with return code 0
[2025-02-23T18:19:35.254+0000] {taskinstance.py:3901} INFO - 1 downstream tasks scheduled from follow-on schedule check
[2025-02-23T18:19:35.259+0000] {local_task_job_runner.py:245} INFO - ::endgroup::
