[2025-02-22T01:01:28.023+0000] {local_task_job_runner.py:123} INFO - ::group::Pre task execution logs
[2025-02-22T01:01:28.078+0000] {taskinstance.py:2614} INFO - Dependencies all met for dep_context=non-requeueable deps ti=<TaskInstance: finprode8_v2_etl_dag.extract_task manual__2025-02-22T01:01:24.978128+00:00 [queued]>
[2025-02-22T01:01:28.105+0000] {taskinstance.py:2614} INFO - Dependencies all met for dep_context=requeueable deps ti=<TaskInstance: finprode8_v2_etl_dag.extract_task manual__2025-02-22T01:01:24.978128+00:00 [queued]>
[2025-02-22T01:01:28.108+0000] {taskinstance.py:2867} INFO - Starting attempt 1 of 1
[2025-02-22T01:01:28.149+0000] {taskinstance.py:2890} INFO - Executing <Task(SparkSubmitOperator): extract_task> on 2025-02-22 01:01:24.978128+00:00
[2025-02-22T01:01:28.162+0000] {standard_task_runner.py:72} INFO - Started process 14303 to run task
[2025-02-22T01:01:28.184+0000] {standard_task_runner.py:104} INFO - Running: ['airflow', 'tasks', 'run', '***_v2_etl_dag', 'extract_task', 'manual__2025-02-22T01:01:24.978128+00:00', '--job-id', '90', '--raw', '--subdir', 'DAGS_FOLDER/***_v2_etl_dag.py', '--cfg-path', '/tmp/tmpn3nr7jea']
[2025-02-22T01:01:28.194+0000] {standard_task_runner.py:105} INFO - Job 90: Subtask extract_task
[2025-02-22T01:01:28.241+0000] {logging_mixin.py:190} WARNING - /home/airflow/.local/lib/python3.9/site-packages/airflow/settings.py:209 DeprecationWarning: The sql_alchemy_conn option in [core] has been moved to the sql_alchemy_conn option in [database] - the old setting has been used, but please update your config.
[2025-02-22T01:01:28.332+0000] {task_command.py:467} INFO - Running <TaskInstance: finprode8_v2_etl_dag.extract_task manual__2025-02-22T01:01:24.978128+00:00 [running]> on host ***-airflow-scheduler
[2025-02-22T01:01:28.473+0000] {taskinstance.py:3134} INFO - Exporting env vars: AIRFLOW_CTX_DAG_OWNER='ratih malini' AIRFLOW_CTX_DAG_ID='***_v2_etl_dag' AIRFLOW_CTX_TASK_ID='extract_task' AIRFLOW_CTX_EXECUTION_DATE='2025-02-22T01:01:24.978128+00:00' AIRFLOW_CTX_TRY_NUMBER='1' AIRFLOW_CTX_DAG_RUN_ID='manual__2025-02-22T01:01:24.978128+00:00'
[2025-02-22T01:01:28.475+0000] {taskinstance.py:732} INFO - ::endgroup::
[2025-02-22T01:01:28.571+0000] {base.py:84} INFO - Retrieving connection 'spark_main'
[2025-02-22T01:01:28.576+0000] {spark_submit.py:474} INFO - Spark-Submit cmd: spark-submit --master spark://***-spark-master:7077 --name arrow-spark /spark-scripts/***_v2_extract.py
[2025-02-22T01:01:33.306+0000] {spark_submit.py:641} INFO - 25/02/22 01:01:33 INFO SparkContext: Running Spark version 3.3.2
[2025-02-22T01:01:33.404+0000] {spark_submit.py:641} INFO - 25/02/22 01:01:33 WARN NativeCodeLoader: Unable to load native-hadoop library for your platform... using builtin-java classes where applicable
[2025-02-22T01:01:33.600+0000] {spark_submit.py:641} INFO - 25/02/22 01:01:33 INFO ResourceUtils: ==============================================================
[2025-02-22T01:01:33.604+0000] {spark_submit.py:641} INFO - 25/02/22 01:01:33 INFO ResourceUtils: No custom resources configured for spark.driver.
[2025-02-22T01:01:33.607+0000] {spark_submit.py:641} INFO - 25/02/22 01:01:33 INFO ResourceUtils: ==============================================================
[2025-02-22T01:01:33.610+0000] {spark_submit.py:641} INFO - 25/02/22 01:01:33 INFO SparkContext: Submitted application: ***_extract
[2025-02-22T01:01:33.653+0000] {spark_submit.py:641} INFO - 25/02/22 01:01:33 INFO ResourceProfile: Default ResourceProfile created, executor resources: Map(cores -> name: cores, amount: 1, script: , vendor: , memory -> name: memory, amount: 1024, script: , vendor: , offHeap -> name: offHeap, amount: 0, script: , vendor: ), task resources: Map(cpus -> name: cpus, amount: 1.0)
[2025-02-22T01:01:33.665+0000] {spark_submit.py:641} INFO - 25/02/22 01:01:33 INFO ResourceProfile: Limiting resource is cpu
[2025-02-22T01:01:33.667+0000] {spark_submit.py:641} INFO - 25/02/22 01:01:33 INFO ResourceProfileManager: Added ResourceProfile id: 0
[2025-02-22T01:01:33.772+0000] {spark_submit.py:641} INFO - 25/02/22 01:01:33 INFO SecurityManager: Changing view acls to: airflow
[2025-02-22T01:01:33.775+0000] {spark_submit.py:641} INFO - 25/02/22 01:01:33 INFO SecurityManager: Changing modify acls to: airflow
[2025-02-22T01:01:33.778+0000] {spark_submit.py:641} INFO - 25/02/22 01:01:33 INFO SecurityManager: Changing view acls groups to:
[2025-02-22T01:01:33.781+0000] {spark_submit.py:641} INFO - 25/02/22 01:01:33 INFO SecurityManager: Changing modify acls groups to:
[2025-02-22T01:01:33.784+0000] {spark_submit.py:641} INFO - 25/02/22 01:01:33 INFO SecurityManager: SecurityManager: authentication disabled; ui acls disabled; users  with view permissions: Set(airflow); groups with view permissions: Set(); users  with modify permissions: Set(airflow); groups with modify permissions: Set()
[2025-02-22T01:01:34.191+0000] {spark_submit.py:641} INFO - 25/02/22 01:01:34 INFO Utils: Successfully started service 'sparkDriver' on port 42765.
[2025-02-22T01:01:34.225+0000] {spark_submit.py:641} INFO - 25/02/22 01:01:34 INFO SparkEnv: Registering MapOutputTracker
[2025-02-22T01:01:34.265+0000] {spark_submit.py:641} INFO - 25/02/22 01:01:34 INFO SparkEnv: Registering BlockManagerMaster
[2025-02-22T01:01:34.293+0000] {spark_submit.py:641} INFO - 25/02/22 01:01:34 INFO BlockManagerMasterEndpoint: Using org.apache.spark.storage.DefaultTopologyMapper for getting topology information
[2025-02-22T01:01:34.296+0000] {spark_submit.py:641} INFO - 25/02/22 01:01:34 INFO BlockManagerMasterEndpoint: BlockManagerMasterEndpoint up
[2025-02-22T01:01:34.304+0000] {spark_submit.py:641} INFO - 25/02/22 01:01:34 INFO SparkEnv: Registering BlockManagerMasterHeartbeat
[2025-02-22T01:01:34.350+0000] {spark_submit.py:641} INFO - 25/02/22 01:01:34 INFO DiskBlockManager: Created local directory at /tmp/blockmgr-28e763cb-7b64-4bdd-bb30-1cadd9fcd949
[2025-02-22T01:01:34.371+0000] {spark_submit.py:641} INFO - 25/02/22 01:01:34 INFO MemoryStore: MemoryStore started with capacity 434.4 MiB
[2025-02-22T01:01:34.388+0000] {spark_submit.py:641} INFO - 25/02/22 01:01:34 INFO SparkEnv: Registering OutputCommitCoordinator
[2025-02-22T01:01:34.661+0000] {spark_submit.py:641} INFO - 25/02/22 01:01:34 INFO Utils: Successfully started service 'SparkUI' on port 4040.
[2025-02-22T01:01:34.821+0000] {spark_submit.py:641} INFO - 25/02/22 01:01:34 INFO Executor: Starting executor ID driver on host ***-airflow-scheduler
[2025-02-22T01:01:34.840+0000] {spark_submit.py:641} INFO - 25/02/22 01:01:34 INFO Executor: Starting executor with user classpath (userClassPathFirst = false): ''
[2025-02-22T01:01:34.860+0000] {spark_submit.py:641} INFO - 25/02/22 01:01:34 INFO Utils: Successfully started service 'org.apache.spark.network.netty.NettyBlockTransferService' on port 40535.
[2025-02-22T01:01:34.863+0000] {spark_submit.py:641} INFO - 25/02/22 01:01:34 INFO NettyBlockTransferService: Server created on ***-airflow-scheduler:40535
[2025-02-22T01:01:34.864+0000] {spark_submit.py:641} INFO - 25/02/22 01:01:34 INFO BlockManager: Using org.apache.spark.storage.RandomBlockReplicationPolicy for block replication policy
[2025-02-22T01:01:34.870+0000] {spark_submit.py:641} INFO - 25/02/22 01:01:34 INFO BlockManagerMaster: Registering BlockManager BlockManagerId(driver, ***-airflow-scheduler, 40535, None)
[2025-02-22T01:01:34.874+0000] {spark_submit.py:641} INFO - 25/02/22 01:01:34 INFO BlockManagerMasterEndpoint: Registering block manager ***-airflow-scheduler:40535 with 434.4 MiB RAM, BlockManagerId(driver, ***-airflow-scheduler, 40535, None)
[2025-02-22T01:01:34.877+0000] {spark_submit.py:641} INFO - 25/02/22 01:01:34 INFO BlockManagerMaster: Registered BlockManager BlockManagerId(driver, ***-airflow-scheduler, 40535, None)
[2025-02-22T01:01:34.880+0000] {spark_submit.py:641} INFO - 25/02/22 01:01:34 INFO BlockManager: Initialized BlockManager: BlockManagerId(driver, ***-airflow-scheduler, 40535, None)
[2025-02-22T01:01:45.406+0000] {spark_submit.py:641} INFO - ---------------- MENAMPILKAN DATA HASIL EXTRACT ----------------
[2025-02-22T01:01:45.765+0000] {spark_submit.py:641} INFO - +-----------+-----------------+---------+---------+------+-------------------+---------------+---+--------------------+-----------------+---------------------+----------+------------------+
[2025-02-22T01:01:45.768+0000] {spark_submit.py:641} INFO - |employee_id|       department|   region|education|gender|recruitment_channel|no_of_trainings|age|previous_year_rating|length_of_service|KPIs_met_more_than_80|awards_won|avg_training_score|
[2025-02-22T01:01:45.769+0000] {spark_submit.py:641} INFO - +-----------+-----------------+---------+---------+------+-------------------+---------------+---+--------------------+-----------------+---------------------+----------+------------------+
[2025-02-22T01:01:45.771+0000] {spark_submit.py:641} INFO - |       8724|       Technology|region_26|Bachelors|     m|           sourcing|              1| 24|                null|                1|                    1|         0|                77|
[2025-02-22T01:01:45.773+0000] {spark_submit.py:641} INFO - |      74430|               HR| region_4|Bachelors|     f|              other|              1| 31|                   3|                5|                    0|         0|                51|
[2025-02-22T01:01:45.775+0000] {spark_submit.py:641} INFO - |      72255|Sales & Marketing|region_13|Bachelors|     m|              other|              1| 31|                   1|                4|                    0|         0|                47|
[2025-02-22T01:01:45.776+0000] {spark_submit.py:641} INFO - |      38562|      Procurement| region_2|Bachelors|     f|              other|              3| 31|                   2|                9|                    0|         0|                65|
[2025-02-22T01:01:45.778+0000] {spark_submit.py:641} INFO - |      64486|          Finance|region_29|Bachelors|     m|           sourcing|              1| 30|                   4|                7|                    0|         0|                61|
[2025-02-22T01:01:45.779+0000] {spark_submit.py:641} INFO - +-----------+-----------------+---------+---------+------+-------------------+---------------+---+--------------------+-----------------+---------------------+----------+------------------+
[2025-02-22T01:01:45.780+0000] {spark_submit.py:641} INFO - only showing top 5 rows
[2025-02-22T01:01:45.782+0000] {spark_submit.py:641} INFO - 
[2025-02-22T01:01:45.783+0000] {spark_submit.py:641} INFO - root
[2025-02-22T01:01:45.784+0000] {spark_submit.py:641} INFO - |-- employee_id: integer (nullable = true)
[2025-02-22T01:01:45.785+0000] {spark_submit.py:641} INFO - |-- department: string (nullable = true)
[2025-02-22T01:01:45.787+0000] {spark_submit.py:641} INFO - |-- region: string (nullable = true)
[2025-02-22T01:01:45.788+0000] {spark_submit.py:641} INFO - |-- education: string (nullable = true)
[2025-02-22T01:01:45.790+0000] {spark_submit.py:641} INFO - |-- gender: string (nullable = true)
[2025-02-22T01:01:45.791+0000] {spark_submit.py:641} INFO - |-- recruitment_channel: string (nullable = true)
[2025-02-22T01:01:45.793+0000] {spark_submit.py:641} INFO - |-- no_of_trainings: integer (nullable = true)
[2025-02-22T01:01:45.795+0000] {spark_submit.py:641} INFO - |-- age: integer (nullable = true)
[2025-02-22T01:01:45.797+0000] {spark_submit.py:641} INFO - |-- previous_year_rating: integer (nullable = true)
[2025-02-22T01:01:45.799+0000] {spark_submit.py:641} INFO - |-- length_of_service: integer (nullable = true)
[2025-02-22T01:01:45.801+0000] {spark_submit.py:641} INFO - |-- KPIs_met_more_than_80: integer (nullable = true)
[2025-02-22T01:01:45.803+0000] {spark_submit.py:641} INFO - |-- awards_won: integer (nullable = true)
[2025-02-22T01:01:45.804+0000] {spark_submit.py:641} INFO - |-- avg_training_score: integer (nullable = true)
[2025-02-22T01:01:45.806+0000] {spark_submit.py:641} INFO - 
[2025-02-22T01:01:46.373+0000] {spark_submit.py:641} INFO - Jumlah baris dalam DataFrame : 17417
[2025-02-22T01:01:46.374+0000] {spark_submit.py:641} INFO - Isi folder data/extracted.parquet :
[2025-02-22T01:01:46.376+0000] {spark_submit.py:641} INFO - ['.part-00000-d2825990-2139-415c-a502-a413076cb51f-c000.snappy.parquet.crc', '_SUCCESS', 'part-00000-d2825990-2139-415c-a502-a413076cb51f-c000.snappy.parquet', '._SUCCESS.crc']
[2025-02-22T01:01:46.378+0000] {spark_submit.py:641} INFO - Extract data berhasil.
[2025-02-22T01:01:47.033+0000] {taskinstance.py:341} INFO - ::group::Post task execution logs
[2025-02-22T01:01:47.035+0000] {taskinstance.py:353} INFO - Marking task as SUCCESS. dag_id=***_v2_etl_dag, task_id=extract_task, run_id=manual__2025-02-22T01:01:24.978128+00:00, execution_date=20250222T010124, start_date=20250222T010128, end_date=20250222T010147
[2025-02-22T01:01:47.090+0000] {local_task_job_runner.py:266} INFO - Task exited with return code 0
[2025-02-22T01:01:47.123+0000] {taskinstance.py:3901} INFO - 1 downstream tasks scheduled from follow-on schedule check
[2025-02-22T01:01:47.126+0000] {local_task_job_runner.py:245} INFO - ::endgroup::
