[2025-02-21T11:44:41.990+0000] {local_task_job_runner.py:123} INFO - ::group::Pre task execution logs
[2025-02-21T11:44:42.035+0000] {taskinstance.py:2614} INFO - Dependencies all met for dep_context=non-requeueable deps ti=<TaskInstance: finprode8_v2_etl_dag.load_task manual__2025-02-21T11:44:09.462630+00:00 [queued]>
[2025-02-21T11:44:42.054+0000] {taskinstance.py:2614} INFO - Dependencies all met for dep_context=requeueable deps ti=<TaskInstance: finprode8_v2_etl_dag.load_task manual__2025-02-21T11:44:09.462630+00:00 [queued]>
[2025-02-21T11:44:42.056+0000] {taskinstance.py:2867} INFO - Starting attempt 1 of 1
[2025-02-21T11:44:42.076+0000] {taskinstance.py:2890} INFO - Executing <Task(SparkSubmitOperator): load_task> on 2025-02-21 11:44:09.462630+00:00
[2025-02-21T11:44:42.083+0000] {standard_task_runner.py:72} INFO - Started process 623 to run task
[2025-02-21T11:44:42.088+0000] {standard_task_runner.py:104} INFO - Running: ['airflow', 'tasks', 'run', '***_v2_etl_dag', 'load_task', 'manual__2025-02-21T11:44:09.462630+00:00', '--job-id', '26', '--raw', '--subdir', 'DAGS_FOLDER/***_v2_etl_dag.py', '--cfg-path', '/tmp/tmpg_f9cyna']
[2025-02-21T11:44:42.091+0000] {standard_task_runner.py:105} INFO - Job 26: Subtask load_task
[2025-02-21T11:44:42.111+0000] {logging_mixin.py:190} WARNING - /home/airflow/.local/lib/python3.9/site-packages/airflow/settings.py:209 DeprecationWarning: The sql_alchemy_conn option in [core] has been moved to the sql_alchemy_conn option in [database] - the old setting has been used, but please update your config.
[2025-02-21T11:44:42.160+0000] {task_command.py:467} INFO - Running <TaskInstance: finprode8_v2_etl_dag.load_task manual__2025-02-21T11:44:09.462630+00:00 [running]> on host ***-airflow-scheduler
[2025-02-21T11:44:42.273+0000] {taskinstance.py:3134} INFO - Exporting env vars: AIRFLOW_CTX_DAG_OWNER='ratih malini' AIRFLOW_CTX_DAG_ID='***_v2_etl_dag' AIRFLOW_CTX_TASK_ID='load_task' AIRFLOW_CTX_EXECUTION_DATE='2025-02-21T11:44:09.462630+00:00' AIRFLOW_CTX_TRY_NUMBER='1' AIRFLOW_CTX_DAG_RUN_ID='manual__2025-02-21T11:44:09.462630+00:00'
[2025-02-21T11:44:42.275+0000] {taskinstance.py:732} INFO - ::endgroup::
[2025-02-21T11:44:42.309+0000] {base.py:84} INFO - Retrieving connection 'spark_main'
[2025-02-21T11:44:42.312+0000] {spark_submit.py:474} INFO - Spark-Submit cmd: spark-submit --master spark://***-spark-master:7077 --packages org.postgresql:postgresql:42.2.18 --name arrow-spark /spark-scripts/***_v2_load.py
[2025-02-21T11:44:43.686+0000] {spark_submit.py:641} INFO - :: loading settings :: url = jar:file:/home/airflow/.local/lib/python3.9/site-packages/pyspark/jars/ivy-2.5.1.jar!/org/apache/ivy/core/settings/ivysettings.xml
[2025-02-21T11:44:43.803+0000] {spark_submit.py:641} INFO - Ivy Default Cache set to: /home/airflow/.ivy2/cache
[2025-02-21T11:44:43.806+0000] {spark_submit.py:641} INFO - The jars for the packages stored in: /home/airflow/.ivy2/jars
[2025-02-21T11:44:43.810+0000] {spark_submit.py:641} INFO - org.postgresql#postgresql added as a dependency
[2025-02-21T11:44:43.811+0000] {spark_submit.py:641} INFO - :: resolving dependencies :: org.apache.spark#spark-submit-parent-ec5adb83-40f6-44d9-ba1a-70e5cdf60782;1.0
[2025-02-21T11:44:43.812+0000] {spark_submit.py:641} INFO - confs: [default]
[2025-02-21T11:44:43.985+0000] {spark_submit.py:641} INFO - found org.postgresql#postgresql;42.2.18 in central
[2025-02-21T11:44:44.012+0000] {spark_submit.py:641} INFO - found org.checkerframework#checker-qual;3.5.0 in central
[2025-02-21T11:44:44.028+0000] {spark_submit.py:641} INFO - :: resolution report :: resolve 212ms :: artifacts dl 5ms
[2025-02-21T11:44:44.030+0000] {spark_submit.py:641} INFO - :: modules in use:
[2025-02-21T11:44:44.031+0000] {spark_submit.py:641} INFO - org.checkerframework#checker-qual;3.5.0 from central in [default]
[2025-02-21T11:44:44.032+0000] {spark_submit.py:641} INFO - org.postgresql#postgresql;42.2.18 from central in [default]
[2025-02-21T11:44:44.033+0000] {spark_submit.py:641} INFO - ---------------------------------------------------------------------
[2025-02-21T11:44:44.035+0000] {spark_submit.py:641} INFO - |                  |            modules            ||   artifacts   |
[2025-02-21T11:44:44.037+0000] {spark_submit.py:641} INFO - |       conf       | number| search|dwnlded|evicted|| number|dwnlded|
[2025-02-21T11:44:44.039+0000] {spark_submit.py:641} INFO - ---------------------------------------------------------------------
[2025-02-21T11:44:44.041+0000] {spark_submit.py:641} INFO - |      default     |   2   |   0   |   0   |   0   ||   2   |   0   |
[2025-02-21T11:44:44.042+0000] {spark_submit.py:641} INFO - ---------------------------------------------------------------------
[2025-02-21T11:44:44.044+0000] {spark_submit.py:641} INFO - :: retrieving :: org.apache.spark#spark-submit-parent-ec5adb83-40f6-44d9-ba1a-70e5cdf60782
[2025-02-21T11:44:44.045+0000] {spark_submit.py:641} INFO - confs: [default]
[2025-02-21T11:44:44.047+0000] {spark_submit.py:641} INFO - 0 artifacts copied, 2 already retrieved (0kB/9ms)
[2025-02-21T11:44:44.270+0000] {spark_submit.py:641} INFO - 25/02/21 11:44:44 WARN NativeCodeLoader: Unable to load native-hadoop library for your platform... using builtin-java classes where applicable
[2025-02-21T11:44:45.258+0000] {spark_submit.py:641} INFO - 25/02/21 11:44:45 INFO SparkContext: Running Spark version 3.3.2
[2025-02-21T11:44:45.279+0000] {spark_submit.py:641} INFO - 25/02/21 11:44:45 INFO ResourceUtils: ==============================================================
[2025-02-21T11:44:45.281+0000] {spark_submit.py:641} INFO - 25/02/21 11:44:45 INFO ResourceUtils: No custom resources configured for spark.driver.
[2025-02-21T11:44:45.283+0000] {spark_submit.py:641} INFO - 25/02/21 11:44:45 INFO ResourceUtils: ==============================================================
[2025-02-21T11:44:45.284+0000] {spark_submit.py:641} INFO - 25/02/21 11:44:45 INFO SparkContext: Submitted application: ***_load
[2025-02-21T11:44:45.300+0000] {spark_submit.py:641} INFO - 25/02/21 11:44:45 INFO ResourceProfile: Default ResourceProfile created, executor resources: Map(cores -> name: cores, amount: 1, script: , vendor: , memory -> name: memory, amount: 1024, script: , vendor: , offHeap -> name: offHeap, amount: 0, script: , vendor: ), task resources: Map(cpus -> name: cpus, amount: 1.0)
[2025-02-21T11:44:45.306+0000] {spark_submit.py:641} INFO - 25/02/21 11:44:45 INFO ResourceProfile: Limiting resource is cpu
[2025-02-21T11:44:45.308+0000] {spark_submit.py:641} INFO - 25/02/21 11:44:45 INFO ResourceProfileManager: Added ResourceProfile id: 0
[2025-02-21T11:44:45.349+0000] {spark_submit.py:641} INFO - 25/02/21 11:44:45 INFO SecurityManager: Changing view acls to: airflow
[2025-02-21T11:44:45.352+0000] {spark_submit.py:641} INFO - 25/02/21 11:44:45 INFO SecurityManager: Changing modify acls to: airflow
[2025-02-21T11:44:45.353+0000] {spark_submit.py:641} INFO - 25/02/21 11:44:45 INFO SecurityManager: Changing view acls groups to:
[2025-02-21T11:44:45.355+0000] {spark_submit.py:641} INFO - 25/02/21 11:44:45 INFO SecurityManager: Changing modify acls groups to:
[2025-02-21T11:44:45.357+0000] {spark_submit.py:641} INFO - 25/02/21 11:44:45 INFO SecurityManager: SecurityManager: authentication disabled; ui acls disabled; users  with view permissions: Set(airflow); groups with view permissions: Set(); users  with modify permissions: Set(airflow); groups with modify permissions: Set()
[2025-02-21T11:44:45.587+0000] {spark_submit.py:641} INFO - 25/02/21 11:44:45 INFO Utils: Successfully started service 'sparkDriver' on port 36593.
[2025-02-21T11:44:45.617+0000] {spark_submit.py:641} INFO - 25/02/21 11:44:45 INFO SparkEnv: Registering MapOutputTracker
[2025-02-21T11:44:45.650+0000] {spark_submit.py:641} INFO - 25/02/21 11:44:45 INFO SparkEnv: Registering BlockManagerMaster
[2025-02-21T11:44:45.678+0000] {spark_submit.py:641} INFO - 25/02/21 11:44:45 INFO BlockManagerMasterEndpoint: Using org.apache.spark.storage.DefaultTopologyMapper for getting topology information
[2025-02-21T11:44:45.680+0000] {spark_submit.py:641} INFO - 25/02/21 11:44:45 INFO BlockManagerMasterEndpoint: BlockManagerMasterEndpoint up
[2025-02-21T11:44:45.687+0000] {spark_submit.py:641} INFO - 25/02/21 11:44:45 INFO SparkEnv: Registering BlockManagerMasterHeartbeat
[2025-02-21T11:44:45.709+0000] {spark_submit.py:641} INFO - 25/02/21 11:44:45 INFO DiskBlockManager: Created local directory at /tmp/blockmgr-1fc8888b-a458-49d2-bae9-59ad27611cea
[2025-02-21T11:44:45.730+0000] {spark_submit.py:641} INFO - 25/02/21 11:44:45 INFO MemoryStore: MemoryStore started with capacity 434.4 MiB
[2025-02-21T11:44:45.751+0000] {spark_submit.py:641} INFO - 25/02/21 11:44:45 INFO SparkEnv: Registering OutputCommitCoordinator
[2025-02-21T11:44:45.951+0000] {spark_submit.py:641} INFO - 25/02/21 11:44:45 INFO Utils: Successfully started service 'SparkUI' on port 4040.
[2025-02-21T11:44:45.990+0000] {spark_submit.py:641} INFO - 25/02/21 11:44:45 INFO SparkContext: Added JAR file:///home/airflow/.ivy2/jars/org.postgresql_postgresql-42.2.18.jar at spark://***-airflow-scheduler:36593/jars/org.postgresql_postgresql-42.2.18.jar with timestamp 1740138285252
[2025-02-21T11:44:45.995+0000] {spark_submit.py:641} INFO - 25/02/21 11:44:45 INFO SparkContext: Added JAR file:///home/airflow/.ivy2/jars/org.checkerframework_checker-qual-3.5.0.jar at spark://***-airflow-scheduler:36593/jars/org.checkerframework_checker-qual-3.5.0.jar with timestamp 1740138285252
[2025-02-21T11:44:45.998+0000] {spark_submit.py:641} INFO - 25/02/21 11:44:45 INFO SparkContext: Added file file:///home/airflow/.ivy2/jars/org.postgresql_postgresql-42.2.18.jar at file:///home/airflow/.ivy2/jars/org.postgresql_postgresql-42.2.18.jar with timestamp 1740138285252
[2025-02-21T11:44:46.000+0000] {spark_submit.py:641} INFO - 25/02/21 11:44:45 INFO Utils: Copying /home/airflow/.ivy2/jars/org.postgresql_postgresql-42.2.18.jar to /tmp/spark-ade2aae9-2be8-4cee-a85b-bcd01d3a2023/userFiles-463214ac-beae-4e1f-b7ee-f7ec2470b7ad/org.postgresql_postgresql-42.2.18.jar
[2025-02-21T11:44:46.018+0000] {spark_submit.py:641} INFO - 25/02/21 11:44:46 INFO SparkContext: Added file file:///home/airflow/.ivy2/jars/org.checkerframework_checker-qual-3.5.0.jar at file:///home/airflow/.ivy2/jars/org.checkerframework_checker-qual-3.5.0.jar with timestamp 1740138285252
[2025-02-21T11:44:46.019+0000] {spark_submit.py:641} INFO - 25/02/21 11:44:46 INFO Utils: Copying /home/airflow/.ivy2/jars/org.checkerframework_checker-qual-3.5.0.jar to /tmp/spark-ade2aae9-2be8-4cee-a85b-bcd01d3a2023/userFiles-463214ac-beae-4e1f-b7ee-f7ec2470b7ad/org.checkerframework_checker-qual-3.5.0.jar
[2025-02-21T11:44:46.112+0000] {spark_submit.py:641} INFO - 25/02/21 11:44:46 INFO Executor: Starting executor ID driver on host ***-airflow-scheduler
[2025-02-21T11:44:46.130+0000] {spark_submit.py:641} INFO - 25/02/21 11:44:46 INFO Executor: Starting executor with user classpath (userClassPathFirst = false): ''
[2025-02-21T11:44:46.147+0000] {spark_submit.py:641} INFO - 25/02/21 11:44:46 INFO Executor: Fetching file:///home/airflow/.ivy2/jars/org.postgresql_postgresql-42.2.18.jar with timestamp 1740138285252
[2025-02-21T11:44:46.196+0000] {spark_submit.py:641} INFO - 25/02/21 11:44:46 INFO Utils: /home/airflow/.ivy2/jars/org.postgresql_postgresql-42.2.18.jar has been previously copied to /tmp/spark-ade2aae9-2be8-4cee-a85b-bcd01d3a2023/userFiles-463214ac-beae-4e1f-b7ee-f7ec2470b7ad/org.postgresql_postgresql-42.2.18.jar
[2025-02-21T11:44:46.204+0000] {spark_submit.py:641} INFO - 25/02/21 11:44:46 INFO Executor: Fetching file:///home/airflow/.ivy2/jars/org.checkerframework_checker-qual-3.5.0.jar with timestamp 1740138285252
[2025-02-21T11:44:46.206+0000] {spark_submit.py:641} INFO - 25/02/21 11:44:46 INFO Utils: /home/airflow/.ivy2/jars/org.checkerframework_checker-qual-3.5.0.jar has been previously copied to /tmp/spark-ade2aae9-2be8-4cee-a85b-bcd01d3a2023/userFiles-463214ac-beae-4e1f-b7ee-f7ec2470b7ad/org.checkerframework_checker-qual-3.5.0.jar
[2025-02-21T11:44:46.216+0000] {spark_submit.py:641} INFO - 25/02/21 11:44:46 INFO Executor: Fetching spark://***-airflow-scheduler:36593/jars/org.postgresql_postgresql-42.2.18.jar with timestamp 1740138285252
[2025-02-21T11:44:46.267+0000] {spark_submit.py:641} INFO - 25/02/21 11:44:46 INFO TransportClientFactory: Successfully created connection to ***-airflow-scheduler/172.19.0.5:36593 after 30 ms (0 ms spent in bootstraps)
[2025-02-21T11:44:46.272+0000] {spark_submit.py:641} INFO - 25/02/21 11:44:46 INFO Utils: Fetching spark://***-airflow-scheduler:36593/jars/org.postgresql_postgresql-42.2.18.jar to /tmp/spark-ade2aae9-2be8-4cee-a85b-bcd01d3a2023/userFiles-463214ac-beae-4e1f-b7ee-f7ec2470b7ad/fetchFileTemp13578617425440716315.tmp
[2025-02-21T11:44:46.321+0000] {spark_submit.py:641} INFO - 25/02/21 11:44:46 INFO Utils: /tmp/spark-ade2aae9-2be8-4cee-a85b-bcd01d3a2023/userFiles-463214ac-beae-4e1f-b7ee-f7ec2470b7ad/fetchFileTemp13578617425440716315.tmp has been previously copied to /tmp/spark-ade2aae9-2be8-4cee-a85b-bcd01d3a2023/userFiles-463214ac-beae-4e1f-b7ee-f7ec2470b7ad/org.postgresql_postgresql-42.2.18.jar
[2025-02-21T11:44:46.327+0000] {spark_submit.py:641} INFO - 25/02/21 11:44:46 INFO Executor: Adding file:/tmp/spark-ade2aae9-2be8-4cee-a85b-bcd01d3a2023/userFiles-463214ac-beae-4e1f-b7ee-f7ec2470b7ad/org.postgresql_postgresql-42.2.18.jar to class loader
[2025-02-21T11:44:46.329+0000] {spark_submit.py:641} INFO - 25/02/21 11:44:46 INFO Executor: Fetching spark://***-airflow-scheduler:36593/jars/org.checkerframework_checker-qual-3.5.0.jar with timestamp 1740138285252
[2025-02-21T11:44:46.330+0000] {spark_submit.py:641} INFO - 25/02/21 11:44:46 INFO Utils: Fetching spark://***-airflow-scheduler:36593/jars/org.checkerframework_checker-qual-3.5.0.jar to /tmp/spark-ade2aae9-2be8-4cee-a85b-bcd01d3a2023/userFiles-463214ac-beae-4e1f-b7ee-f7ec2470b7ad/fetchFileTemp13977318800294177765.tmp
[2025-02-21T11:44:46.331+0000] {spark_submit.py:641} INFO - 25/02/21 11:44:46 INFO Utils: /tmp/spark-ade2aae9-2be8-4cee-a85b-bcd01d3a2023/userFiles-463214ac-beae-4e1f-b7ee-f7ec2470b7ad/fetchFileTemp13977318800294177765.tmp has been previously copied to /tmp/spark-ade2aae9-2be8-4cee-a85b-bcd01d3a2023/userFiles-463214ac-beae-4e1f-b7ee-f7ec2470b7ad/org.checkerframework_checker-qual-3.5.0.jar
[2025-02-21T11:44:46.335+0000] {spark_submit.py:641} INFO - 25/02/21 11:44:46 INFO Executor: Adding file:/tmp/spark-ade2aae9-2be8-4cee-a85b-bcd01d3a2023/userFiles-463214ac-beae-4e1f-b7ee-f7ec2470b7ad/org.checkerframework_checker-qual-3.5.0.jar to class loader
[2025-02-21T11:44:46.342+0000] {spark_submit.py:641} INFO - 25/02/21 11:44:46 INFO Utils: Successfully started service 'org.apache.spark.network.netty.NettyBlockTransferService' on port 36001.
[2025-02-21T11:44:46.344+0000] {spark_submit.py:641} INFO - 25/02/21 11:44:46 INFO NettyBlockTransferService: Server created on ***-airflow-scheduler:36001
[2025-02-21T11:44:46.346+0000] {spark_submit.py:641} INFO - 25/02/21 11:44:46 INFO BlockManager: Using org.apache.spark.storage.RandomBlockReplicationPolicy for block replication policy
[2025-02-21T11:44:46.351+0000] {spark_submit.py:641} INFO - 25/02/21 11:44:46 INFO BlockManagerMaster: Registering BlockManager BlockManagerId(driver, ***-airflow-scheduler, 36001, None)
[2025-02-21T11:44:46.355+0000] {spark_submit.py:641} INFO - 25/02/21 11:44:46 INFO BlockManagerMasterEndpoint: Registering block manager ***-airflow-scheduler:36001 with 434.4 MiB RAM, BlockManagerId(driver, ***-airflow-scheduler, 36001, None)
[2025-02-21T11:44:46.358+0000] {spark_submit.py:641} INFO - 25/02/21 11:44:46 INFO BlockManagerMaster: Registered BlockManager BlockManagerId(driver, ***-airflow-scheduler, 36001, None)
[2025-02-21T11:44:46.360+0000] {spark_submit.py:641} INFO - 25/02/21 11:44:46 INFO BlockManager: Initialized BlockManager: BlockManagerId(driver, ***-airflow-scheduler, 36001, None)
[2025-02-21T11:44:53.597+0000] {spark_submit.py:641} INFO - ---------------- MENAMPILKAN DATA HASIL LOAD KE POSTGRES ----------------
[2025-02-21T11:44:53.895+0000] {spark_submit.py:641} INFO - +-----------+-----------------+---------+---------------+------+-------------------+---------------+---+--------------------+-----------------+---------------------+----------+------------------+
[2025-02-21T11:44:53.897+0000] {spark_submit.py:641} INFO - |employee_id|       department|   region|      education|gender|recruitment_channel|no_of_trainings|age|previous_year_rating|length_of_service|KPIs_met_more_than_80|awards_won|avg_training_score|
[2025-02-21T11:44:53.898+0000] {spark_submit.py:641} INFO - +-----------+-----------------+---------+---------------+------+-------------------+---------------+---+--------------------+-----------------+---------------------+----------+------------------+
[2025-02-21T11:44:53.899+0000] {spark_submit.py:641} INFO - |          3|      Procurement|region_22|Masters & above|     f|              other|              1| 38|                   5|                4|                    1|         0|                67|
[2025-02-21T11:44:53.900+0000] {spark_submit.py:641} INFO - |          6|Sales & Marketing|region_15|      Bachelors|     f|              other|              1| 38|                   3|               10|                    0|         0|                50|
[2025-02-21T11:44:53.901+0000] {spark_submit.py:641} INFO - |         11|       Technology| region_4|Masters & above|     f|           sourcing|              1| 39|                   4|               12|                    1|         0|                72|
[2025-02-21T11:44:53.909+0000] {spark_submit.py:641} INFO - |         13|Sales & Marketing|region_17|      Bachelors|     m|              other|              1| 38|                   1|                5|                    1|         0|                47|
[2025-02-21T11:44:53.911+0000] {spark_submit.py:641} INFO - |         16|Sales & Marketing| region_4|Masters & above|     m|           sourcing|              1| 40|                   5|                5|                    0|         0|                53|
[2025-02-21T11:44:53.912+0000] {spark_submit.py:641} INFO - |         17|Sales & Marketing| region_7|      Bachelors|     m|           sourcing|              1| 50|                   5|               13|                    0|         0|                47|
[2025-02-21T11:44:53.913+0000] {spark_submit.py:641} INFO - |         19|               HR| region_2|Masters & above|     f|              other|              1| 50|                   4|                7|                    1|         0|                45|
[2025-02-21T11:44:53.914+0000] {spark_submit.py:641} INFO - |         20|        Analytics|region_21|      Bachelors|     m|           sourcing|              1| 27|                   0|                1|                    1|         0|                89|
[2025-02-21T11:44:53.916+0000] {spark_submit.py:641} INFO - |         21|        Analytics| region_8|      Bachelors|     m|           sourcing|              2| 28|                   2|                3|                    1|         0|                85|
[2025-02-21T11:44:53.917+0000] {spark_submit.py:641} INFO - |         22|       Technology| region_2|Masters & above|     f|              other|              1| 57|                   4|               18|                    1|         0|                77|
[2025-02-21T11:44:53.918+0000] {spark_submit.py:641} INFO - |         23|Sales & Marketing|region_16|      Bachelors|     f|           sourcing|              1| 42|                   1|                3|                    0|         0|                46|
[2025-02-21T11:44:53.920+0000] {spark_submit.py:641} INFO - |         24|               HR|region_28|Masters & above|     f|              other|              1| 32|                   1|                5|                    1|         0|                51|
[2025-02-21T11:44:53.922+0000] {spark_submit.py:641} INFO - |         27|Sales & Marketing|region_16|      Bachelors|     m|           sourcing|              1| 29|                   2|                6|                    0|         0|                51|
[2025-02-21T11:44:53.924+0000] {spark_submit.py:641} INFO - |         29|        Analytics| region_7|      Bachelors|     m|              other|              1| 28|                   0|                1|                    1|         0|                85|
[2025-02-21T11:44:53.925+0000] {spark_submit.py:641} INFO - |         31|Sales & Marketing|region_15|      Bachelors|     f|              other|              1| 29|                   3|                5|                    1|         0|                49|
[2025-02-21T11:44:53.926+0000] {spark_submit.py:641} INFO - |         40|       Operations| region_7|Masters & above|     f|              other|              1| 34|                   1|                4|                    0|         0|                65|
[2025-02-21T11:44:53.928+0000] {spark_submit.py:641} INFO - |         50|Sales & Marketing|region_19|      Bachelors|     m|              other|              1| 32|                   1|                3|                    0|         0|                48|
[2025-02-21T11:44:53.929+0000] {spark_submit.py:641} INFO - |         55|       Operations|region_19|Masters & above|     f|           sourcing|              1| 33|                   5|                3|                    0|         0|                61|
[2025-02-21T11:44:53.930+0000] {spark_submit.py:641} INFO - |         63|Sales & Marketing| region_8|Masters & above|     m|           sourcing|              1| 35|                   5|                8|                    0|         0|                52|
[2025-02-21T11:44:53.931+0000] {spark_submit.py:641} INFO - |         64|        Analytics| region_4|      Bachelors|     m|              other|              1| 42|                   5|               11|                    1|         0|                80|
[2025-02-21T11:44:53.932+0000] {spark_submit.py:641} INFO - +-----------+-----------------+---------+---------------+------+-------------------+---------------+---+--------------------+-----------------+---------------------+----------+------------------+
[2025-02-21T11:44:53.933+0000] {spark_submit.py:641} INFO - only showing top 20 rows
[2025-02-21T11:44:53.933+0000] {spark_submit.py:641} INFO - 
[2025-02-21T11:44:54.305+0000] {spark_submit.py:641} INFO - Jumlah baris dalam DataFrame: 17415
[2025-02-21T11:44:54.306+0000] {spark_submit.py:641} INFO - Load data berhasil.
[2025-02-21T11:44:54.739+0000] {taskinstance.py:341} INFO - ::group::Post task execution logs
[2025-02-21T11:44:54.741+0000] {taskinstance.py:353} INFO - Marking task as SUCCESS. dag_id=***_v2_etl_dag, task_id=load_task, run_id=manual__2025-02-21T11:44:09.462630+00:00, execution_date=20250221T114409, start_date=20250221T114442, end_date=20250221T114454
[2025-02-21T11:44:54.809+0000] {local_task_job_runner.py:266} INFO - Task exited with return code 0
[2025-02-21T11:44:54.833+0000] {taskinstance.py:3901} INFO - 0 downstream tasks scheduled from follow-on schedule check
[2025-02-21T11:44:54.838+0000] {local_task_job_runner.py:245} INFO - ::endgroup::
