[2025-02-22T05:02:43.108+0000] {local_task_job_runner.py:123} INFO - ::group::Pre task execution logs
[2025-02-22T05:02:43.142+0000] {taskinstance.py:2614} INFO - Dependencies all met for dep_context=non-requeueable deps ti=<TaskInstance: finprode8_v2_etl_dag.load_task manual__2025-02-22T05:01:55.383550+00:00 [queued]>
[2025-02-22T05:02:43.161+0000] {taskinstance.py:2614} INFO - Dependencies all met for dep_context=requeueable deps ti=<TaskInstance: finprode8_v2_etl_dag.load_task manual__2025-02-22T05:01:55.383550+00:00 [queued]>
[2025-02-22T05:02:43.163+0000] {taskinstance.py:2867} INFO - Starting attempt 1 of 1
[2025-02-22T05:02:43.202+0000] {taskinstance.py:2890} INFO - Executing <Task(SparkSubmitOperator): load_task> on 2025-02-22 05:01:55.383550+00:00
[2025-02-22T05:02:43.208+0000] {standard_task_runner.py:72} INFO - Started process 642 to run task
[2025-02-22T05:02:43.213+0000] {standard_task_runner.py:104} INFO - Running: ['airflow', 'tasks', 'run', '***_v2_etl_dag', 'load_task', 'manual__2025-02-22T05:01:55.383550+00:00', '--job-id', '96', '--raw', '--subdir', 'DAGS_FOLDER/***_v2_etl_dag.py', '--cfg-path', '/tmp/tmpo1taky_l']
[2025-02-22T05:02:43.217+0000] {standard_task_runner.py:105} INFO - Job 96: Subtask load_task
[2025-02-22T05:02:43.245+0000] {logging_mixin.py:190} WARNING - /home/airflow/.local/lib/python3.9/site-packages/airflow/settings.py:209 DeprecationWarning: The sql_alchemy_conn option in [core] has been moved to the sql_alchemy_conn option in [database] - the old setting has been used, but please update your config.
[2025-02-22T05:02:43.299+0000] {task_command.py:467} INFO - Running <TaskInstance: finprode8_v2_etl_dag.load_task manual__2025-02-22T05:01:55.383550+00:00 [running]> on host ***-airflow-scheduler
[2025-02-22T05:02:43.455+0000] {taskinstance.py:3134} INFO - Exporting env vars: AIRFLOW_CTX_DAG_OWNER='ratih malini' AIRFLOW_CTX_DAG_ID='***_v2_etl_dag' AIRFLOW_CTX_TASK_ID='load_task' AIRFLOW_CTX_EXECUTION_DATE='2025-02-22T05:01:55.383550+00:00' AIRFLOW_CTX_TRY_NUMBER='1' AIRFLOW_CTX_DAG_RUN_ID='manual__2025-02-22T05:01:55.383550+00:00'
[2025-02-22T05:02:43.458+0000] {taskinstance.py:732} INFO - ::endgroup::
[2025-02-22T05:02:43.502+0000] {base.py:84} INFO - Retrieving connection 'spark_main'
[2025-02-22T05:02:43.505+0000] {spark_submit.py:474} INFO - Spark-Submit cmd: spark-submit --master spark://***-spark-master:7077 --packages org.postgresql:postgresql:42.2.18 --name arrow-spark /spark-scripts/***_v2_load.py
[2025-02-22T05:02:45.380+0000] {spark_submit.py:641} INFO - :: loading settings :: url = jar:file:/home/airflow/.local/lib/python3.9/site-packages/pyspark/jars/ivy-2.5.1.jar!/org/apache/ivy/core/settings/ivysettings.xml
[2025-02-22T05:02:45.513+0000] {spark_submit.py:641} INFO - Ivy Default Cache set to: /home/airflow/.ivy2/cache
[2025-02-22T05:02:45.514+0000] {spark_submit.py:641} INFO - The jars for the packages stored in: /home/airflow/.ivy2/jars
[2025-02-22T05:02:45.518+0000] {spark_submit.py:641} INFO - org.postgresql#postgresql added as a dependency
[2025-02-22T05:02:45.520+0000] {spark_submit.py:641} INFO - :: resolving dependencies :: org.apache.spark#spark-submit-parent-622c725a-4aab-43af-a0ea-5b46d38c5e76;1.0
[2025-02-22T05:02:45.521+0000] {spark_submit.py:641} INFO - confs: [default]
[2025-02-22T05:02:47.152+0000] {spark_submit.py:641} INFO - found org.postgresql#postgresql;42.2.18 in central
[2025-02-22T05:02:47.556+0000] {spark_submit.py:641} INFO - found org.checkerframework#checker-qual;3.5.0 in central
[2025-02-22T05:02:47.766+0000] {spark_submit.py:641} INFO - downloading https://repo1.maven.org/maven2/org/postgresql/postgresql/42.2.18/postgresql-42.2.18.jar ...
[2025-02-22T05:02:49.021+0000] {spark_submit.py:641} INFO - [SUCCESSFUL ] org.postgresql#postgresql;42.2.18!postgresql.jar (1456ms)
[2025-02-22T05:02:49.211+0000] {spark_submit.py:641} INFO - downloading https://repo1.maven.org/maven2/org/checkerframework/checker-qual/3.5.0/checker-qual-3.5.0.jar ...
[2025-02-22T05:02:49.511+0000] {spark_submit.py:641} INFO - [SUCCESSFUL ] org.checkerframework#checker-qual;3.5.0!checker-qual.jar (487ms)
[2025-02-22T05:02:49.513+0000] {spark_submit.py:641} INFO - :: resolution report :: resolve 2044ms :: artifacts dl 1948ms
[2025-02-22T05:02:49.514+0000] {spark_submit.py:641} INFO - :: modules in use:
[2025-02-22T05:02:49.516+0000] {spark_submit.py:641} INFO - org.checkerframework#checker-qual;3.5.0 from central in [default]
[2025-02-22T05:02:49.518+0000] {spark_submit.py:641} INFO - org.postgresql#postgresql;42.2.18 from central in [default]
[2025-02-22T05:02:49.519+0000] {spark_submit.py:641} INFO - ---------------------------------------------------------------------
[2025-02-22T05:02:49.522+0000] {spark_submit.py:641} INFO - |                  |            modules            ||   artifacts   |
[2025-02-22T05:02:49.524+0000] {spark_submit.py:641} INFO - |       conf       | number| search|dwnlded|evicted|| number|dwnlded|
[2025-02-22T05:02:49.527+0000] {spark_submit.py:641} INFO - ---------------------------------------------------------------------
[2025-02-22T05:02:49.529+0000] {spark_submit.py:641} INFO - |      default     |   2   |   2   |   2   |   0   ||   2   |   2   |
[2025-02-22T05:02:49.530+0000] {spark_submit.py:641} INFO - ---------------------------------------------------------------------
[2025-02-22T05:02:49.532+0000] {spark_submit.py:641} INFO - :: retrieving :: org.apache.spark#spark-submit-parent-622c725a-4aab-43af-a0ea-5b46d38c5e76
[2025-02-22T05:02:49.533+0000] {spark_submit.py:641} INFO - confs: [default]
[2025-02-22T05:02:49.549+0000] {spark_submit.py:641} INFO - 2 artifacts copied, 0 already retrieved (1190kB/28ms)
[2025-02-22T05:02:49.903+0000] {spark_submit.py:641} INFO - 25/02/22 05:02:49 WARN NativeCodeLoader: Unable to load native-hadoop library for your platform... using builtin-java classes where applicable
[2025-02-22T05:02:51.064+0000] {spark_submit.py:641} INFO - 25/02/22 05:02:51 INFO SparkContext: Running Spark version 3.3.2
[2025-02-22T05:02:51.087+0000] {spark_submit.py:641} INFO - 25/02/22 05:02:51 INFO ResourceUtils: ==============================================================
[2025-02-22T05:02:51.089+0000] {spark_submit.py:641} INFO - 25/02/22 05:02:51 INFO ResourceUtils: No custom resources configured for spark.driver.
[2025-02-22T05:02:51.091+0000] {spark_submit.py:641} INFO - 25/02/22 05:02:51 INFO ResourceUtils: ==============================================================
[2025-02-22T05:02:51.093+0000] {spark_submit.py:641} INFO - 25/02/22 05:02:51 INFO SparkContext: Submitted application: ***_load
[2025-02-22T05:02:51.110+0000] {spark_submit.py:641} INFO - 25/02/22 05:02:51 INFO ResourceProfile: Default ResourceProfile created, executor resources: Map(cores -> name: cores, amount: 1, script: , vendor: , memory -> name: memory, amount: 1024, script: , vendor: , offHeap -> name: offHeap, amount: 0, script: , vendor: ), task resources: Map(cpus -> name: cpus, amount: 1.0)
[2025-02-22T05:02:51.118+0000] {spark_submit.py:641} INFO - 25/02/22 05:02:51 INFO ResourceProfile: Limiting resource is cpu
[2025-02-22T05:02:51.120+0000] {spark_submit.py:641} INFO - 25/02/22 05:02:51 INFO ResourceProfileManager: Added ResourceProfile id: 0
[2025-02-22T05:02:51.178+0000] {spark_submit.py:641} INFO - 25/02/22 05:02:51 INFO SecurityManager: Changing view acls to: airflow
[2025-02-22T05:02:51.181+0000] {spark_submit.py:641} INFO - 25/02/22 05:02:51 INFO SecurityManager: Changing modify acls to: airflow
[2025-02-22T05:02:51.183+0000] {spark_submit.py:641} INFO - 25/02/22 05:02:51 INFO SecurityManager: Changing view acls groups to:
[2025-02-22T05:02:51.185+0000] {spark_submit.py:641} INFO - 25/02/22 05:02:51 INFO SecurityManager: Changing modify acls groups to:
[2025-02-22T05:02:51.186+0000] {spark_submit.py:641} INFO - 25/02/22 05:02:51 INFO SecurityManager: SecurityManager: authentication disabled; ui acls disabled; users  with view permissions: Set(airflow); groups with view permissions: Set(); users  with modify permissions: Set(airflow); groups with modify permissions: Set()
[2025-02-22T05:02:51.441+0000] {spark_submit.py:641} INFO - 25/02/22 05:02:51 INFO Utils: Successfully started service 'sparkDriver' on port 44755.
[2025-02-22T05:02:51.474+0000] {spark_submit.py:641} INFO - 25/02/22 05:02:51 INFO SparkEnv: Registering MapOutputTracker
[2025-02-22T05:02:51.506+0000] {spark_submit.py:641} INFO - 25/02/22 05:02:51 INFO SparkEnv: Registering BlockManagerMaster
[2025-02-22T05:02:51.535+0000] {spark_submit.py:641} INFO - 25/02/22 05:02:51 INFO BlockManagerMasterEndpoint: Using org.apache.spark.storage.DefaultTopologyMapper for getting topology information
[2025-02-22T05:02:51.537+0000] {spark_submit.py:641} INFO - 25/02/22 05:02:51 INFO BlockManagerMasterEndpoint: BlockManagerMasterEndpoint up
[2025-02-22T05:02:51.544+0000] {spark_submit.py:641} INFO - 25/02/22 05:02:51 INFO SparkEnv: Registering BlockManagerMasterHeartbeat
[2025-02-22T05:02:51.572+0000] {spark_submit.py:641} INFO - 25/02/22 05:02:51 INFO DiskBlockManager: Created local directory at /tmp/blockmgr-054c03ff-96fd-4834-871d-f9f83aaa7cf5
[2025-02-22T05:02:51.593+0000] {spark_submit.py:641} INFO - 25/02/22 05:02:51 INFO MemoryStore: MemoryStore started with capacity 434.4 MiB
[2025-02-22T05:02:51.613+0000] {spark_submit.py:641} INFO - 25/02/22 05:02:51 INFO SparkEnv: Registering OutputCommitCoordinator
[2025-02-22T05:02:51.829+0000] {spark_submit.py:641} INFO - 25/02/22 05:02:51 INFO Utils: Successfully started service 'SparkUI' on port 4040.
[2025-02-22T05:02:51.873+0000] {spark_submit.py:641} INFO - 25/02/22 05:02:51 INFO SparkContext: Added JAR file:///home/airflow/.ivy2/jars/org.postgresql_postgresql-42.2.18.jar at spark://***-airflow-scheduler:44755/jars/org.postgresql_postgresql-42.2.18.jar with timestamp 1740200571056
[2025-02-22T05:02:51.877+0000] {spark_submit.py:641} INFO - 25/02/22 05:02:51 INFO SparkContext: Added JAR file:///home/airflow/.ivy2/jars/org.checkerframework_checker-qual-3.5.0.jar at spark://***-airflow-scheduler:44755/jars/org.checkerframework_checker-qual-3.5.0.jar with timestamp 1740200571056
[2025-02-22T05:02:51.878+0000] {spark_submit.py:641} INFO - 25/02/22 05:02:51 INFO SparkContext: Added file file:///home/airflow/.ivy2/jars/org.postgresql_postgresql-42.2.18.jar at file:///home/airflow/.ivy2/jars/org.postgresql_postgresql-42.2.18.jar with timestamp 1740200571056
[2025-02-22T05:02:51.880+0000] {spark_submit.py:641} INFO - 25/02/22 05:02:51 INFO Utils: Copying /home/airflow/.ivy2/jars/org.postgresql_postgresql-42.2.18.jar to /tmp/spark-42b31aea-9502-4035-88a3-caafa6031399/userFiles-196a173b-1bf9-4cfd-b94d-81ff45d16cc6/org.postgresql_postgresql-42.2.18.jar
[2025-02-22T05:02:51.899+0000] {spark_submit.py:641} INFO - 25/02/22 05:02:51 INFO SparkContext: Added file file:///home/airflow/.ivy2/jars/org.checkerframework_checker-qual-3.5.0.jar at file:///home/airflow/.ivy2/jars/org.checkerframework_checker-qual-3.5.0.jar with timestamp 1740200571056
[2025-02-22T05:02:51.901+0000] {spark_submit.py:641} INFO - 25/02/22 05:02:51 INFO Utils: Copying /home/airflow/.ivy2/jars/org.checkerframework_checker-qual-3.5.0.jar to /tmp/spark-42b31aea-9502-4035-88a3-caafa6031399/userFiles-196a173b-1bf9-4cfd-b94d-81ff45d16cc6/org.checkerframework_checker-qual-3.5.0.jar
[2025-02-22T05:02:51.982+0000] {spark_submit.py:641} INFO - 25/02/22 05:02:51 INFO Executor: Starting executor ID driver on host ***-airflow-scheduler
[2025-02-22T05:02:51.989+0000] {spark_submit.py:641} INFO - 25/02/22 05:02:51 INFO Executor: Starting executor with user classpath (userClassPathFirst = false): ''
[2025-02-22T05:02:52.002+0000] {spark_submit.py:641} INFO - 25/02/22 05:02:52 INFO Executor: Fetching file:///home/airflow/.ivy2/jars/org.postgresql_postgresql-42.2.18.jar with timestamp 1740200571056
[2025-02-22T05:02:52.022+0000] {spark_submit.py:641} INFO - 25/02/22 05:02:52 INFO Utils: /home/airflow/.ivy2/jars/org.postgresql_postgresql-42.2.18.jar has been previously copied to /tmp/spark-42b31aea-9502-4035-88a3-caafa6031399/userFiles-196a173b-1bf9-4cfd-b94d-81ff45d16cc6/org.postgresql_postgresql-42.2.18.jar
[2025-02-22T05:02:52.035+0000] {spark_submit.py:641} INFO - 25/02/22 05:02:52 INFO Executor: Fetching file:///home/airflow/.ivy2/jars/org.checkerframework_checker-qual-3.5.0.jar with timestamp 1740200571056
[2025-02-22T05:02:52.037+0000] {spark_submit.py:641} INFO - 25/02/22 05:02:52 INFO Utils: /home/airflow/.ivy2/jars/org.checkerframework_checker-qual-3.5.0.jar has been previously copied to /tmp/spark-42b31aea-9502-4035-88a3-caafa6031399/userFiles-196a173b-1bf9-4cfd-b94d-81ff45d16cc6/org.checkerframework_checker-qual-3.5.0.jar
[2025-02-22T05:02:52.048+0000] {spark_submit.py:641} INFO - 25/02/22 05:02:52 INFO Executor: Fetching spark://***-airflow-scheduler:44755/jars/org.postgresql_postgresql-42.2.18.jar with timestamp 1740200571056
[2025-02-22T05:02:52.100+0000] {spark_submit.py:641} INFO - 25/02/22 05:02:52 INFO TransportClientFactory: Successfully created connection to ***-airflow-scheduler/172.19.0.6:44755 after 34 ms (0 ms spent in bootstraps)
[2025-02-22T05:02:52.105+0000] {spark_submit.py:641} INFO - 25/02/22 05:02:52 INFO Utils: Fetching spark://***-airflow-scheduler:44755/jars/org.postgresql_postgresql-42.2.18.jar to /tmp/spark-42b31aea-9502-4035-88a3-caafa6031399/userFiles-196a173b-1bf9-4cfd-b94d-81ff45d16cc6/fetchFileTemp12544904181069277047.tmp
[2025-02-22T05:02:52.151+0000] {spark_submit.py:641} INFO - 25/02/22 05:02:52 INFO Utils: /tmp/spark-42b31aea-9502-4035-88a3-caafa6031399/userFiles-196a173b-1bf9-4cfd-b94d-81ff45d16cc6/fetchFileTemp12544904181069277047.tmp has been previously copied to /tmp/spark-42b31aea-9502-4035-88a3-caafa6031399/userFiles-196a173b-1bf9-4cfd-b94d-81ff45d16cc6/org.postgresql_postgresql-42.2.18.jar
[2025-02-22T05:02:52.159+0000] {spark_submit.py:641} INFO - 25/02/22 05:02:52 INFO Executor: Adding file:/tmp/spark-42b31aea-9502-4035-88a3-caafa6031399/userFiles-196a173b-1bf9-4cfd-b94d-81ff45d16cc6/org.postgresql_postgresql-42.2.18.jar to class loader
[2025-02-22T05:02:52.161+0000] {spark_submit.py:641} INFO - 25/02/22 05:02:52 INFO Executor: Fetching spark://***-airflow-scheduler:44755/jars/org.checkerframework_checker-qual-3.5.0.jar with timestamp 1740200571056
[2025-02-22T05:02:52.162+0000] {spark_submit.py:641} INFO - 25/02/22 05:02:52 INFO Utils: Fetching spark://***-airflow-scheduler:44755/jars/org.checkerframework_checker-qual-3.5.0.jar to /tmp/spark-42b31aea-9502-4035-88a3-caafa6031399/userFiles-196a173b-1bf9-4cfd-b94d-81ff45d16cc6/fetchFileTemp17207736029971301729.tmp
[2025-02-22T05:02:52.164+0000] {spark_submit.py:641} INFO - 25/02/22 05:02:52 INFO Utils: /tmp/spark-42b31aea-9502-4035-88a3-caafa6031399/userFiles-196a173b-1bf9-4cfd-b94d-81ff45d16cc6/fetchFileTemp17207736029971301729.tmp has been previously copied to /tmp/spark-42b31aea-9502-4035-88a3-caafa6031399/userFiles-196a173b-1bf9-4cfd-b94d-81ff45d16cc6/org.checkerframework_checker-qual-3.5.0.jar
[2025-02-22T05:02:52.169+0000] {spark_submit.py:641} INFO - 25/02/22 05:02:52 INFO Executor: Adding file:/tmp/spark-42b31aea-9502-4035-88a3-caafa6031399/userFiles-196a173b-1bf9-4cfd-b94d-81ff45d16cc6/org.checkerframework_checker-qual-3.5.0.jar to class loader
[2025-02-22T05:02:52.175+0000] {spark_submit.py:641} INFO - 25/02/22 05:02:52 INFO Utils: Successfully started service 'org.apache.spark.network.netty.NettyBlockTransferService' on port 37679.
[2025-02-22T05:02:52.178+0000] {spark_submit.py:641} INFO - 25/02/22 05:02:52 INFO NettyBlockTransferService: Server created on ***-airflow-scheduler:37679
[2025-02-22T05:02:52.180+0000] {spark_submit.py:641} INFO - 25/02/22 05:02:52 INFO BlockManager: Using org.apache.spark.storage.RandomBlockReplicationPolicy for block replication policy
[2025-02-22T05:02:52.184+0000] {spark_submit.py:641} INFO - 25/02/22 05:02:52 INFO BlockManagerMaster: Registering BlockManager BlockManagerId(driver, ***-airflow-scheduler, 37679, None)
[2025-02-22T05:02:52.187+0000] {spark_submit.py:641} INFO - 25/02/22 05:02:52 INFO BlockManagerMasterEndpoint: Registering block manager ***-airflow-scheduler:37679 with 434.4 MiB RAM, BlockManagerId(driver, ***-airflow-scheduler, 37679, None)
[2025-02-22T05:02:52.190+0000] {spark_submit.py:641} INFO - 25/02/22 05:02:52 INFO BlockManagerMaster: Registered BlockManager BlockManagerId(driver, ***-airflow-scheduler, 37679, None)
[2025-02-22T05:02:52.192+0000] {spark_submit.py:641} INFO - 25/02/22 05:02:52 INFO BlockManager: Initialized BlockManager: BlockManagerId(driver, ***-airflow-scheduler, 37679, None)
[2025-02-22T05:02:57.779+0000] {spark_submit.py:641} INFO - ---------------- MENAMPILKAN DATA HASIL LOAD KE POSTGRES ----------------
[2025-02-22T05:02:58.074+0000] {spark_submit.py:641} INFO - +-----------+-----------------+---------+---------------+------+-------------------+---------------+---+--------------------+-----------------+---------------------+----------+------------------+
[2025-02-22T05:02:58.076+0000] {spark_submit.py:641} INFO - |employee_id|       department|   region|      education|gender|recruitment_channel|no_of_trainings|age|previous_year_rating|length_of_service|KPIs_met_more_than_80|awards_won|avg_training_score|
[2025-02-22T05:02:58.077+0000] {spark_submit.py:641} INFO - +-----------+-----------------+---------+---------------+------+-------------------+---------------+---+--------------------+-----------------+---------------------+----------+------------------+
[2025-02-22T05:02:58.079+0000] {spark_submit.py:641} INFO - |          3|      Procurement|region_22|Masters & above|     f|              other|              1| 38|                   5|                4|                    1|         0|                67|
[2025-02-22T05:02:58.080+0000] {spark_submit.py:641} INFO - |          6|Sales & Marketing|region_15|      Bachelors|     f|              other|              1| 38|                   3|               10|                    0|         0|                50|
[2025-02-22T05:02:58.081+0000] {spark_submit.py:641} INFO - |         11|       Technology| region_4|Masters & above|     f|           sourcing|              1| 39|                   4|               12|                    1|         0|                72|
[2025-02-22T05:02:58.082+0000] {spark_submit.py:641} INFO - |         13|Sales & Marketing|region_17|      Bachelors|     m|              other|              1| 38|                   1|                5|                    1|         0|                47|
[2025-02-22T05:02:58.083+0000] {spark_submit.py:641} INFO - |         16|Sales & Marketing| region_4|Masters & above|     m|           sourcing|              1| 40|                   5|                5|                    0|         0|                53|
[2025-02-22T05:02:58.084+0000] {spark_submit.py:641} INFO - |         17|Sales & Marketing| region_7|      Bachelors|     m|           sourcing|              1| 50|                   5|               13|                    0|         0|                47|
[2025-02-22T05:02:58.085+0000] {spark_submit.py:641} INFO - |         19|               HR| region_2|Masters & above|     f|              other|              1| 50|                   4|                7|                    1|         0|                45|
[2025-02-22T05:02:58.086+0000] {spark_submit.py:641} INFO - |         20|        Analytics|region_21|      Bachelors|     m|           sourcing|              1| 27|                   0|                1|                    1|         0|                89|
[2025-02-22T05:02:58.087+0000] {spark_submit.py:641} INFO - |         21|        Analytics| region_8|      Bachelors|     m|           sourcing|              2| 28|                   2|                3|                    1|         0|                85|
[2025-02-22T05:02:58.089+0000] {spark_submit.py:641} INFO - |         22|       Technology| region_2|Masters & above|     f|              other|              1| 57|                   4|               18|                    1|         0|                77|
[2025-02-22T05:02:58.090+0000] {spark_submit.py:641} INFO - |         23|Sales & Marketing|region_16|      Bachelors|     f|           sourcing|              1| 42|                   1|                3|                    0|         0|                46|
[2025-02-22T05:02:58.092+0000] {spark_submit.py:641} INFO - |         24|               HR|region_28|Masters & above|     f|              other|              1| 32|                   1|                5|                    1|         0|                51|
[2025-02-22T05:02:58.093+0000] {spark_submit.py:641} INFO - |         27|Sales & Marketing|region_16|      Bachelors|     m|           sourcing|              1| 29|                   2|                6|                    0|         0|                51|
[2025-02-22T05:02:58.095+0000] {spark_submit.py:641} INFO - |         29|        Analytics| region_7|      Bachelors|     m|              other|              1| 28|                   0|                1|                    1|         0|                85|
[2025-02-22T05:02:58.096+0000] {spark_submit.py:641} INFO - |         31|Sales & Marketing|region_15|      Bachelors|     f|              other|              1| 29|                   3|                5|                    1|         0|                49|
[2025-02-22T05:02:58.098+0000] {spark_submit.py:641} INFO - |         40|       Operations| region_7|Masters & above|     f|              other|              1| 34|                   1|                4|                    0|         0|                65|
[2025-02-22T05:02:58.100+0000] {spark_submit.py:641} INFO - |         50|Sales & Marketing|region_19|      Bachelors|     m|              other|              1| 32|                   1|                3|                    0|         0|                48|
[2025-02-22T05:02:58.101+0000] {spark_submit.py:641} INFO - |         55|       Operations|region_19|Masters & above|     f|           sourcing|              1| 33|                   5|                3|                    0|         0|                61|
[2025-02-22T05:02:58.102+0000] {spark_submit.py:641} INFO - |         63|Sales & Marketing| region_8|Masters & above|     m|           sourcing|              1| 35|                   5|                8|                    0|         0|                52|
[2025-02-22T05:02:58.104+0000] {spark_submit.py:641} INFO - |         64|        Analytics| region_4|      Bachelors|     m|              other|              1| 42|                   5|               11|                    1|         0|                80|
[2025-02-22T05:02:58.106+0000] {spark_submit.py:641} INFO - +-----------+-----------------+---------+---------------+------+-------------------+---------------+---+--------------------+-----------------+---------------------+----------+------------------+
[2025-02-22T05:02:58.107+0000] {spark_submit.py:641} INFO - only showing top 20 rows
[2025-02-22T05:02:58.109+0000] {spark_submit.py:641} INFO - 
[2025-02-22T05:02:58.589+0000] {spark_submit.py:641} INFO - Jumlah baris dalam DataFrame: 17415
[2025-02-22T05:02:58.590+0000] {spark_submit.py:641} INFO - Load data berhasil.
[2025-02-22T05:02:59.030+0000] {taskinstance.py:341} INFO - ::group::Post task execution logs
[2025-02-22T05:02:59.033+0000] {taskinstance.py:353} INFO - Marking task as SUCCESS. dag_id=***_v2_etl_dag, task_id=load_task, run_id=manual__2025-02-22T05:01:55.383550+00:00, execution_date=20250222T050155, start_date=20250222T050243, end_date=20250222T050259
[2025-02-22T05:02:59.113+0000] {local_task_job_runner.py:266} INFO - Task exited with return code 0
[2025-02-22T05:02:59.141+0000] {taskinstance.py:3901} INFO - 0 downstream tasks scheduled from follow-on schedule check
[2025-02-22T05:02:59.145+0000] {local_task_job_runner.py:245} INFO - ::endgroup::
