[2025-02-21T10:45:31.298+0000] {local_task_job_runner.py:123} INFO - ::group::Pre task execution logs
[2025-02-21T10:45:31.328+0000] {taskinstance.py:2614} INFO - Dependencies all met for dep_context=non-requeueable deps ti=<TaskInstance: finprode8_v2_etl_dag.transform_task manual__2025-02-21T10:45:14.363987+00:00 [queued]>
[2025-02-21T10:45:31.345+0000] {taskinstance.py:2614} INFO - Dependencies all met for dep_context=requeueable deps ti=<TaskInstance: finprode8_v2_etl_dag.transform_task manual__2025-02-21T10:45:14.363987+00:00 [queued]>
[2025-02-21T10:45:31.347+0000] {taskinstance.py:2867} INFO - Starting attempt 1 of 1
[2025-02-21T10:45:31.366+0000] {taskinstance.py:2890} INFO - Executing <Task(SparkSubmitOperator): transform_task> on 2025-02-21 10:45:14.363987+00:00
[2025-02-21T10:45:31.374+0000] {standard_task_runner.py:72} INFO - Started process 17452 to run task
[2025-02-21T10:45:31.378+0000] {standard_task_runner.py:104} INFO - Running: ['airflow', 'tasks', 'run', '***_v2_etl_dag', 'transform_task', 'manual__2025-02-21T10:45:14.363987+00:00', '--job-id', '195', '--raw', '--subdir', 'DAGS_FOLDER/***_v2_etl_dag.py', '--cfg-path', '/tmp/tmpmnptwn8p']
[2025-02-21T10:45:31.382+0000] {standard_task_runner.py:105} INFO - Job 195: Subtask transform_task
[2025-02-21T10:45:31.405+0000] {logging_mixin.py:190} WARNING - /home/airflow/.local/lib/python3.9/site-packages/airflow/settings.py:209 DeprecationWarning: The sql_alchemy_conn option in [core] has been moved to the sql_alchemy_conn option in [database] - the old setting has been used, but please update your config.
[2025-02-21T10:45:31.448+0000] {task_command.py:467} INFO - Running <TaskInstance: finprode8_v2_etl_dag.transform_task manual__2025-02-21T10:45:14.363987+00:00 [running]> on host ***-airflow-scheduler
[2025-02-21T10:45:31.541+0000] {taskinstance.py:3134} INFO - Exporting env vars: AIRFLOW_CTX_DAG_OWNER='ratih malini' AIRFLOW_CTX_DAG_ID='***_v2_etl_dag' AIRFLOW_CTX_TASK_ID='transform_task' AIRFLOW_CTX_EXECUTION_DATE='2025-02-21T10:45:14.363987+00:00' AIRFLOW_CTX_TRY_NUMBER='1' AIRFLOW_CTX_DAG_RUN_ID='manual__2025-02-21T10:45:14.363987+00:00'
[2025-02-21T10:45:31.543+0000] {taskinstance.py:732} INFO - ::endgroup::
[2025-02-21T10:45:31.576+0000] {base.py:84} INFO - Retrieving connection 'spark_main'
[2025-02-21T10:45:31.580+0000] {spark_submit.py:474} INFO - Spark-Submit cmd: spark-submit --master spark://***-spark-master:7077 --packages org.postgresql:postgresql:42.2.18 --name arrow-spark /spark-scripts/***_v2_transform.py
[2025-02-21T10:45:33.414+0000] {spark_submit.py:641} INFO - :: loading settings :: url = jar:file:/home/airflow/.local/lib/python3.9/site-packages/pyspark/jars/ivy-2.5.1.jar!/org/apache/ivy/core/settings/ivysettings.xml
[2025-02-21T10:45:33.573+0000] {spark_submit.py:641} INFO - Ivy Default Cache set to: /home/airflow/.ivy2/cache
[2025-02-21T10:45:33.574+0000] {spark_submit.py:641} INFO - The jars for the packages stored in: /home/airflow/.ivy2/jars
[2025-02-21T10:45:33.579+0000] {spark_submit.py:641} INFO - org.postgresql#postgresql added as a dependency
[2025-02-21T10:45:33.582+0000] {spark_submit.py:641} INFO - :: resolving dependencies :: org.apache.spark#spark-submit-parent-96823005-e50b-4262-96bb-c81d3ea5a2bb;1.0
[2025-02-21T10:45:33.585+0000] {spark_submit.py:641} INFO - confs: [default]
[2025-02-21T10:45:33.764+0000] {spark_submit.py:641} INFO - found org.postgresql#postgresql;42.2.18 in central
[2025-02-21T10:45:33.804+0000] {spark_submit.py:641} INFO - found org.checkerframework#checker-qual;3.5.0 in central
[2025-02-21T10:45:33.831+0000] {spark_submit.py:641} INFO - :: resolution report :: resolve 244ms :: artifacts dl 6ms
[2025-02-21T10:45:33.839+0000] {spark_submit.py:641} INFO - :: modules in use:
[2025-02-21T10:45:33.841+0000] {spark_submit.py:641} INFO - org.checkerframework#checker-qual;3.5.0 from central in [default]
[2025-02-21T10:45:33.843+0000] {spark_submit.py:641} INFO - org.postgresql#postgresql;42.2.18 from central in [default]
[2025-02-21T10:45:33.845+0000] {spark_submit.py:641} INFO - ---------------------------------------------------------------------
[2025-02-21T10:45:33.846+0000] {spark_submit.py:641} INFO - |                  |            modules            ||   artifacts   |
[2025-02-21T10:45:33.848+0000] {spark_submit.py:641} INFO - |       conf       | number| search|dwnlded|evicted|| number|dwnlded|
[2025-02-21T10:45:33.850+0000] {spark_submit.py:641} INFO - ---------------------------------------------------------------------
[2025-02-21T10:45:33.851+0000] {spark_submit.py:641} INFO - |      default     |   2   |   0   |   0   |   0   ||   2   |   0   |
[2025-02-21T10:45:33.852+0000] {spark_submit.py:641} INFO - ---------------------------------------------------------------------
[2025-02-21T10:45:33.855+0000] {spark_submit.py:641} INFO - :: retrieving :: org.apache.spark#spark-submit-parent-96823005-e50b-4262-96bb-c81d3ea5a2bb
[2025-02-21T10:45:33.857+0000] {spark_submit.py:641} INFO - confs: [default]
[2025-02-21T10:45:33.859+0000] {spark_submit.py:641} INFO - 0 artifacts copied, 2 already retrieved (0kB/12ms)
[2025-02-21T10:45:34.202+0000] {spark_submit.py:641} INFO - 25/02/21 10:45:34 WARN NativeCodeLoader: Unable to load native-hadoop library for your platform... using builtin-java classes where applicable
[2025-02-21T10:45:35.555+0000] {spark_submit.py:641} INFO - 25/02/21 10:45:35 INFO SparkContext: Running Spark version 3.3.2
[2025-02-21T10:45:35.581+0000] {spark_submit.py:641} INFO - 25/02/21 10:45:35 INFO ResourceUtils: ==============================================================
[2025-02-21T10:45:35.584+0000] {spark_submit.py:641} INFO - 25/02/21 10:45:35 INFO ResourceUtils: No custom resources configured for spark.driver.
[2025-02-21T10:45:35.586+0000] {spark_submit.py:641} INFO - 25/02/21 10:45:35 INFO ResourceUtils: ==============================================================
[2025-02-21T10:45:35.588+0000] {spark_submit.py:641} INFO - 25/02/21 10:45:35 INFO SparkContext: Submitted application: ***_transform
[2025-02-21T10:45:35.619+0000] {spark_submit.py:641} INFO - 25/02/21 10:45:35 INFO ResourceProfile: Default ResourceProfile created, executor resources: Map(cores -> name: cores, amount: 1, script: , vendor: , memory -> name: memory, amount: 1024, script: , vendor: , offHeap -> name: offHeap, amount: 0, script: , vendor: ), task resources: Map(cpus -> name: cpus, amount: 1.0)
[2025-02-21T10:45:35.628+0000] {spark_submit.py:641} INFO - 25/02/21 10:45:35 INFO ResourceProfile: Limiting resource is cpu
[2025-02-21T10:45:35.630+0000] {spark_submit.py:641} INFO - 25/02/21 10:45:35 INFO ResourceProfileManager: Added ResourceProfile id: 0
[2025-02-21T10:45:35.708+0000] {spark_submit.py:641} INFO - 25/02/21 10:45:35 INFO SecurityManager: Changing view acls to: airflow
[2025-02-21T10:45:35.710+0000] {spark_submit.py:641} INFO - 25/02/21 10:45:35 INFO SecurityManager: Changing modify acls to: airflow
[2025-02-21T10:45:35.712+0000] {spark_submit.py:641} INFO - 25/02/21 10:45:35 INFO SecurityManager: Changing view acls groups to:
[2025-02-21T10:45:35.714+0000] {spark_submit.py:641} INFO - 25/02/21 10:45:35 INFO SecurityManager: Changing modify acls groups to:
[2025-02-21T10:45:35.715+0000] {spark_submit.py:641} INFO - 25/02/21 10:45:35 INFO SecurityManager: SecurityManager: authentication disabled; ui acls disabled; users  with view permissions: Set(airflow); groups with view permissions: Set(); users  with modify permissions: Set(airflow); groups with modify permissions: Set()
[2025-02-21T10:45:36.043+0000] {spark_submit.py:641} INFO - 25/02/21 10:45:36 INFO Utils: Successfully started service 'sparkDriver' on port 44715.
[2025-02-21T10:45:36.077+0000] {spark_submit.py:641} INFO - 25/02/21 10:45:36 INFO SparkEnv: Registering MapOutputTracker
[2025-02-21T10:45:36.118+0000] {spark_submit.py:641} INFO - 25/02/21 10:45:36 INFO SparkEnv: Registering BlockManagerMaster
[2025-02-21T10:45:36.141+0000] {spark_submit.py:641} INFO - 25/02/21 10:45:36 INFO BlockManagerMasterEndpoint: Using org.apache.spark.storage.DefaultTopologyMapper for getting topology information
[2025-02-21T10:45:36.143+0000] {spark_submit.py:641} INFO - 25/02/21 10:45:36 INFO BlockManagerMasterEndpoint: BlockManagerMasterEndpoint up
[2025-02-21T10:45:36.152+0000] {spark_submit.py:641} INFO - 25/02/21 10:45:36 INFO SparkEnv: Registering BlockManagerMasterHeartbeat
[2025-02-21T10:45:36.186+0000] {spark_submit.py:641} INFO - 25/02/21 10:45:36 INFO DiskBlockManager: Created local directory at /tmp/blockmgr-5a419129-046a-4eb3-b50e-a49ccf56246d
[2025-02-21T10:45:36.204+0000] {spark_submit.py:641} INFO - 25/02/21 10:45:36 INFO MemoryStore: MemoryStore started with capacity 434.4 MiB
[2025-02-21T10:45:36.224+0000] {spark_submit.py:641} INFO - 25/02/21 10:45:36 INFO SparkEnv: Registering OutputCommitCoordinator
[2025-02-21T10:45:36.491+0000] {spark_submit.py:641} INFO - 25/02/21 10:45:36 INFO Utils: Successfully started service 'SparkUI' on port 4040.
[2025-02-21T10:45:36.551+0000] {spark_submit.py:641} INFO - 25/02/21 10:45:36 INFO SparkContext: Added JAR /spark-scripts/jars/postgresql-42.2.18.jar at spark://***-airflow-scheduler:44715/jars/postgresql-42.2.18.jar with timestamp 1740134735548
[2025-02-21T10:45:36.553+0000] {spark_submit.py:641} INFO - 25/02/21 10:45:36 INFO SparkContext: Added file file:///home/airflow/.ivy2/jars/org.postgresql_postgresql-42.2.18.jar at file:///home/airflow/.ivy2/jars/org.postgresql_postgresql-42.2.18.jar with timestamp 1740134735548
[2025-02-21T10:45:36.556+0000] {spark_submit.py:641} INFO - 25/02/21 10:45:36 INFO Utils: Copying /home/airflow/.ivy2/jars/org.postgresql_postgresql-42.2.18.jar to /tmp/spark-9a2ec2c7-7835-4f61-bdae-890f983bb855/userFiles-023dc011-16d6-40bc-9fb5-fa951e96d76e/org.postgresql_postgresql-42.2.18.jar
[2025-02-21T10:45:36.576+0000] {spark_submit.py:641} INFO - 25/02/21 10:45:36 INFO SparkContext: Added file file:///home/airflow/.ivy2/jars/org.checkerframework_checker-qual-3.5.0.jar at file:///home/airflow/.ivy2/jars/org.checkerframework_checker-qual-3.5.0.jar with timestamp 1740134735548
[2025-02-21T10:45:36.579+0000] {spark_submit.py:641} INFO - 25/02/21 10:45:36 INFO Utils: Copying /home/airflow/.ivy2/jars/org.checkerframework_checker-qual-3.5.0.jar to /tmp/spark-9a2ec2c7-7835-4f61-bdae-890f983bb855/userFiles-023dc011-16d6-40bc-9fb5-fa951e96d76e/org.checkerframework_checker-qual-3.5.0.jar
[2025-02-21T10:45:36.678+0000] {spark_submit.py:641} INFO - 25/02/21 10:45:36 INFO Executor: Starting executor ID driver on host ***-airflow-scheduler
[2025-02-21T10:45:36.694+0000] {spark_submit.py:641} INFO - 25/02/21 10:45:36 INFO Executor: Starting executor with user classpath (userClassPathFirst = false): ''
[2025-02-21T10:45:36.725+0000] {spark_submit.py:641} INFO - 25/02/21 10:45:36 INFO Executor: Fetching file:///home/airflow/.ivy2/jars/org.postgresql_postgresql-42.2.18.jar with timestamp 1740134735548
[2025-02-21T10:45:36.788+0000] {spark_submit.py:641} INFO - 25/02/21 10:45:36 INFO Utils: /home/airflow/.ivy2/jars/org.postgresql_postgresql-42.2.18.jar has been previously copied to /tmp/spark-9a2ec2c7-7835-4f61-bdae-890f983bb855/userFiles-023dc011-16d6-40bc-9fb5-fa951e96d76e/org.postgresql_postgresql-42.2.18.jar
[2025-02-21T10:45:36.797+0000] {spark_submit.py:641} INFO - 25/02/21 10:45:36 INFO Executor: Fetching file:///home/airflow/.ivy2/jars/org.checkerframework_checker-qual-3.5.0.jar with timestamp 1740134735548
[2025-02-21T10:45:36.800+0000] {spark_submit.py:641} INFO - 25/02/21 10:45:36 INFO Utils: /home/airflow/.ivy2/jars/org.checkerframework_checker-qual-3.5.0.jar has been previously copied to /tmp/spark-9a2ec2c7-7835-4f61-bdae-890f983bb855/userFiles-023dc011-16d6-40bc-9fb5-fa951e96d76e/org.checkerframework_checker-qual-3.5.0.jar
[2025-02-21T10:45:36.809+0000] {spark_submit.py:641} INFO - 25/02/21 10:45:36 INFO Executor: Fetching spark://***-airflow-scheduler:44715/jars/postgresql-42.2.18.jar with timestamp 1740134735548
[2025-02-21T10:45:36.860+0000] {spark_submit.py:641} INFO - 25/02/21 10:45:36 INFO TransportClientFactory: Successfully created connection to ***-airflow-scheduler/172.19.0.6:44715 after 33 ms (0 ms spent in bootstraps)
[2025-02-21T10:45:36.867+0000] {spark_submit.py:641} INFO - 25/02/21 10:45:36 INFO Utils: Fetching spark://***-airflow-scheduler:44715/jars/postgresql-42.2.18.jar to /tmp/spark-9a2ec2c7-7835-4f61-bdae-890f983bb855/userFiles-023dc011-16d6-40bc-9fb5-fa951e96d76e/fetchFileTemp3590641934081390168.tmp
[2025-02-21T10:45:36.936+0000] {spark_submit.py:641} INFO - 25/02/21 10:45:36 INFO Executor: Adding file:/tmp/spark-9a2ec2c7-7835-4f61-bdae-890f983bb855/userFiles-023dc011-16d6-40bc-9fb5-fa951e96d76e/postgresql-42.2.18.jar to class loader
[2025-02-21T10:45:36.942+0000] {spark_submit.py:641} INFO - 25/02/21 10:45:36 INFO Utils: Successfully started service 'org.apache.spark.network.netty.NettyBlockTransferService' on port 36279.
[2025-02-21T10:45:36.946+0000] {spark_submit.py:641} INFO - 25/02/21 10:45:36 INFO NettyBlockTransferService: Server created on ***-airflow-scheduler:36279
[2025-02-21T10:45:36.948+0000] {spark_submit.py:641} INFO - 25/02/21 10:45:36 INFO BlockManager: Using org.apache.spark.storage.RandomBlockReplicationPolicy for block replication policy
[2025-02-21T10:45:36.954+0000] {spark_submit.py:641} INFO - 25/02/21 10:45:36 INFO BlockManagerMaster: Registering BlockManager BlockManagerId(driver, ***-airflow-scheduler, 36279, None)
[2025-02-21T10:45:36.959+0000] {spark_submit.py:641} INFO - 25/02/21 10:45:36 INFO BlockManagerMasterEndpoint: Registering block manager ***-airflow-scheduler:36279 with 434.4 MiB RAM, BlockManagerId(driver, ***-airflow-scheduler, 36279, None)
[2025-02-21T10:45:36.962+0000] {spark_submit.py:641} INFO - 25/02/21 10:45:36 INFO BlockManagerMaster: Registered BlockManager BlockManagerId(driver, ***-airflow-scheduler, 36279, None)
[2025-02-21T10:45:36.963+0000] {spark_submit.py:641} INFO - 25/02/21 10:45:36 INFO BlockManager: Initialized BlockManager: BlockManagerId(driver, ***-airflow-scheduler, 36279, None)
[2025-02-21T10:45:41.191+0000] {spark_submit.py:641} INFO - ---------------- MENAMPILKAN BANYAK DATA NULL DI SETIAP KOLOM ----------------
[2025-02-21T10:45:43.134+0000] {spark_submit.py:641} INFO - +----------------+---------------+-----------+--------------+-----------+------------------------+--------------------+--------+-------------------------+----------------------+--------------------------+---------------+-----------------------+
[2025-02-21T10:45:43.157+0000] {spark_submit.py:641} INFO - |employee_id_null|department_null|region_null|education_null|gender_null|recruitment_channel_null|no_of_trainings_null|age_null|previous_year_rating_null|length_of_service_null|KPIs_met_more_than_80_null|awards_won_null|avg_training_score_nuli|
[2025-02-21T10:45:43.163+0000] {spark_submit.py:641} INFO - +----------------+---------------+-----------+--------------+-----------+------------------------+--------------------+--------+-------------------------+----------------------+--------------------------+---------------+-----------------------+
[2025-02-21T10:45:43.177+0000] {spark_submit.py:641} INFO - |               0|              0|          0|           771|          0|                       0|                   0|       0|                     1363|                     0|                         0|              0|                      0|
[2025-02-21T10:45:43.180+0000] {spark_submit.py:641} INFO - +----------------+---------------+-----------+--------------+-----------+------------------------+--------------------+--------+-------------------------+----------------------+--------------------------+---------------+-----------------------+
[2025-02-21T10:45:43.182+0000] {spark_submit.py:641} INFO - 
[2025-02-21T10:45:43.195+0000] {spark_submit.py:641} INFO - ---------------- NULL HANDLING PADA KOLOM EDUCATION & PREVIOUS_YEAR_RATING ----------------
[2025-02-21T10:45:43.558+0000] {spark_submit.py:641} INFO - +--------------+-------------------------+
[2025-02-21T10:45:43.560+0000] {spark_submit.py:641} INFO - |education_null|previous_year_rating_null|
[2025-02-21T10:45:43.561+0000] {spark_submit.py:641} INFO - +--------------+-------------------------+
[2025-02-21T10:45:43.562+0000] {spark_submit.py:641} INFO - |             0|                        0|
[2025-02-21T10:45:43.563+0000] {spark_submit.py:641} INFO - +--------------+-------------------------+
[2025-02-21T10:45:43.564+0000] {spark_submit.py:641} INFO - 
[2025-02-21T10:45:43.565+0000] {spark_submit.py:641} INFO - ---------------- MENAMPILKAN BANYAK DATA DUPLIKAT BERDASARKAN EMPLOYEE_ID ----------------
[2025-02-21T10:45:44.469+0000] {spark_submit.py:641} INFO - +-----------+------+
[2025-02-21T10:45:44.471+0000] {spark_submit.py:641} INFO - |employee_id|jumlah|
[2025-02-21T10:45:44.472+0000] {spark_submit.py:641} INFO - +-----------+------+
[2025-02-21T10:45:44.473+0000] {spark_submit.py:641} INFO - |      64573|     2|
[2025-02-21T10:45:44.475+0000] {spark_submit.py:641} INFO - |      49584|     3|
[2025-02-21T10:45:44.476+0000] {spark_submit.py:641} INFO - +-----------+------+
[2025-02-21T10:45:44.477+0000] {spark_submit.py:641} INFO - 
[2025-02-21T10:45:44.478+0000] {spark_submit.py:641} INFO - ---------------- MENAMPILKAN SEMUA BARIS DAN KOLOM DARI EMPLOYEE ID YANG DUPLIKAT ----------------
[2025-02-21T10:45:44.790+0000] {spark_submit.py:641} INFO - +-----------+----------+--------+---------+------+-------------------+---------------+---+--------------------+-----------------+---------------------+----------+------------------+
[2025-02-21T10:45:44.792+0000] {spark_submit.py:641} INFO - |employee_id|department|  region|education|gender|recruitment_channel|no_of_trainings|age|previous_year_rating|length_of_service|KPIs_met_more_than_80|awards_won|avg_training_score|
[2025-02-21T10:45:44.793+0000] {spark_submit.py:641} INFO - +-----------+----------+--------+---------+------+-------------------+---------------+---+--------------------+-----------------+---------------------+----------+------------------+
[2025-02-21T10:45:44.795+0000] {spark_submit.py:641} INFO - |      49584|        HR|region_7|Bachelors|     m|              other|              1| 33|                   1|                9|                    0|         0|                51|
[2025-02-21T10:45:44.796+0000] {spark_submit.py:641} INFO - |      49584|        HR|region_7|Bachelors|     m|              other|              1| 33|                   1|                9|                    0|         0|                51|
[2025-02-21T10:45:44.797+0000] {spark_submit.py:641} INFO - |      49584|        HR|region_7|Bachelors|     m|              other|              1| 33|                   1|                9|                    0|         0|                51|
[2025-02-21T10:45:44.798+0000] {spark_submit.py:641} INFO - |      64573|Technology|region_7|Bachelors|     f|           referred|              2| 30|                   5|                6|                    1|         0|                81|
[2025-02-21T10:45:44.801+0000] {spark_submit.py:641} INFO - |      64573|        HR|region_7|Bachelors|     f|           referred|              1| 35|                   5|                4|                    1|         0|                81|
[2025-02-21T10:45:44.802+0000] {spark_submit.py:641} INFO - +-----------+----------+--------+---------+------+-------------------+---------------+---+--------------------+-----------------+---------------------+----------+------------------+
[2025-02-21T10:45:44.804+0000] {spark_submit.py:641} INFO - 
[2025-02-21T10:45:44.805+0000] {spark_submit.py:641} INFO - ---------------- MENAMPILKAN HASIL DARI DATA DUPLIKASI YANG TELAH DIHANDLE BERDASARKAN KOLOM EMPLOYEE_ID DAN DEPARTMENT ----------------
[2025-02-21T10:45:45.403+0000] {spark_submit.py:641} INFO - +-----------+----------+--------+---------+------+-------------------+---------------+---+--------------------+-----------------+---------------------+----------+------------------+
[2025-02-21T10:45:45.404+0000] {spark_submit.py:641} INFO - |employee_id|department|  region|education|gender|recruitment_channel|no_of_trainings|age|previous_year_rating|length_of_service|KPIs_met_more_than_80|awards_won|avg_training_score|
[2025-02-21T10:45:45.405+0000] {spark_submit.py:641} INFO - +-----------+----------+--------+---------+------+-------------------+---------------+---+--------------------+-----------------+---------------------+----------+------------------+
[2025-02-21T10:45:45.406+0000] {spark_submit.py:641} INFO - |      49584|        HR|region_7|Bachelors|     m|              other|              1| 33|                   1|                9|                    0|         0|                51|
[2025-02-21T10:45:45.408+0000] {spark_submit.py:641} INFO - |      64573|        HR|region_7|Bachelors|     f|           referred|              1| 35|                   5|                4|                    1|         0|                81|
[2025-02-21T10:45:45.411+0000] {spark_submit.py:641} INFO - |      64573|Technology|region_7|Bachelors|     f|           referred|              2| 30|                   5|                6|                    1|         0|                81|
[2025-02-21T10:45:45.413+0000] {spark_submit.py:641} INFO - +-----------+----------+--------+---------+------+-------------------+---------------+---+--------------------+-----------------+---------------------+----------+------------------+
[2025-02-21T10:45:45.414+0000] {spark_submit.py:641} INFO - 
[2025-02-21T10:45:46.902+0000] {spark_submit.py:641} INFO - ---------------- MENAMPILKAN DATA HASIL TRASNFORMASI ----------------
[2025-02-21T10:45:47.361+0000] {spark_submit.py:641} INFO - +-----------+-----------------+---------+---------------+------+-------------------+---------------+---+--------------------+-----------------+---------------------+----------+------------------+
[2025-02-21T10:45:47.364+0000] {spark_submit.py:641} INFO - |employee_id|       department|   region|      education|gender|recruitment_channel|no_of_trainings|age|previous_year_rating|length_of_service|KPIs_met_more_than_80|awards_won|avg_training_score|
[2025-02-21T10:45:47.367+0000] {spark_submit.py:641} INFO - +-----------+-----------------+---------+---------------+------+-------------------+---------------+---+--------------------+-----------------+---------------------+----------+------------------+
[2025-02-21T10:45:47.369+0000] {spark_submit.py:641} INFO - |          3|      Procurement|region_22|Masters & above|     f|              other|              1| 38|                   5|                4|                    1|         0|                67|
[2025-02-21T10:45:47.370+0000] {spark_submit.py:641} INFO - |          6|Sales & Marketing|region_15|      Bachelors|     f|              other|              1| 38|                   3|               10|                    0|         0|                50|
[2025-02-21T10:45:47.371+0000] {spark_submit.py:641} INFO - |         11|       Technology| region_4|Masters & above|     f|           sourcing|              1| 39|                   4|               12|                    1|         0|                72|
[2025-02-21T10:45:47.373+0000] {spark_submit.py:641} INFO - |         13|Sales & Marketing|region_17|      Bachelors|     m|              other|              1| 38|                   1|                5|                    1|         0|                47|
[2025-02-21T10:45:47.374+0000] {spark_submit.py:641} INFO - |         16|Sales & Marketing| region_4|Masters & above|     m|           sourcing|              1| 40|                   5|                5|                    0|         0|                53|
[2025-02-21T10:45:47.375+0000] {spark_submit.py:641} INFO - +-----------+-----------------+---------+---------------+------+-------------------+---------------+---+--------------------+-----------------+---------------------+----------+------------------+
[2025-02-21T10:45:47.376+0000] {spark_submit.py:641} INFO - only showing top 5 rows
[2025-02-21T10:45:47.378+0000] {spark_submit.py:641} INFO - 
[2025-02-21T10:45:47.682+0000] {spark_submit.py:641} INFO - Jumlah baris dalam DataFrame : 17415
[2025-02-21T10:45:47.684+0000] {spark_submit.py:641} INFO - Isi folder data/transformed.parquet :
[2025-02-21T10:45:47.687+0000] {spark_submit.py:641} INFO - ['.part-00000-5cc8e20a-d93a-49e8-aaba-c6046eac813a-c000.snappy.parquet.crc', '_SUCCESS', 'part-00000-5cc8e20a-d93a-49e8-aaba-c6046eac813a-c000.snappy.parquet', '._SUCCESS.crc']
[2025-02-21T10:45:47.689+0000] {spark_submit.py:641} INFO - Transform data berhasil.
[2025-02-21T10:45:49.616+0000] {taskinstance.py:341} INFO - ::group::Post task execution logs
[2025-02-21T10:45:49.619+0000] {taskinstance.py:353} INFO - Marking task as SUCCESS. dag_id=***_v2_etl_dag, task_id=transform_task, run_id=manual__2025-02-21T10:45:14.363987+00:00, execution_date=20250221T104514, start_date=20250221T104531, end_date=20250221T104549
[2025-02-21T10:45:49.682+0000] {local_task_job_runner.py:266} INFO - Task exited with return code 0
[2025-02-21T10:45:49.714+0000] {taskinstance.py:3901} INFO - 1 downstream tasks scheduled from follow-on schedule check
[2025-02-21T10:45:49.718+0000] {local_task_job_runner.py:245} INFO - ::endgroup::
