[2025-02-21T10:47:35.393+0000] {local_task_job_runner.py:123} INFO - ::group::Pre task execution logs
[2025-02-21T10:47:35.417+0000] {taskinstance.py:2614} INFO - Dependencies all met for dep_context=non-requeueable deps ti=<TaskInstance: finprode8_v2_etl_dag.transform_task manual__2025-02-21T10:45:14.363987+00:00 [queued]>
[2025-02-21T10:47:35.435+0000] {taskinstance.py:2614} INFO - Dependencies all met for dep_context=requeueable deps ti=<TaskInstance: finprode8_v2_etl_dag.transform_task manual__2025-02-21T10:45:14.363987+00:00 [queued]>
[2025-02-21T10:47:35.437+0000] {taskinstance.py:2867} INFO - Starting attempt 2 of 2
[2025-02-21T10:47:35.457+0000] {taskinstance.py:2890} INFO - Executing <Task(SparkSubmitOperator): transform_task> on 2025-02-21 10:45:14.363987+00:00
[2025-02-21T10:47:35.465+0000] {standard_task_runner.py:72} INFO - Started process 18130 to run task
[2025-02-21T10:47:35.470+0000] {standard_task_runner.py:104} INFO - Running: ['airflow', 'tasks', 'run', '***_v2_etl_dag', 'transform_task', 'manual__2025-02-21T10:45:14.363987+00:00', '--job-id', '198', '--raw', '--subdir', 'DAGS_FOLDER/***_v2_etl_dag.py', '--cfg-path', '/tmp/tmp4v8f7tik']
[2025-02-21T10:47:35.477+0000] {standard_task_runner.py:105} INFO - Job 198: Subtask transform_task
[2025-02-21T10:47:35.496+0000] {logging_mixin.py:190} WARNING - /home/airflow/.local/lib/python3.9/site-packages/airflow/settings.py:209 DeprecationWarning: The sql_alchemy_conn option in [core] has been moved to the sql_alchemy_conn option in [database] - the old setting has been used, but please update your config.
[2025-02-21T10:47:35.546+0000] {task_command.py:467} INFO - Running <TaskInstance: finprode8_v2_etl_dag.transform_task manual__2025-02-21T10:45:14.363987+00:00 [running]> on host ***-airflow-scheduler
[2025-02-21T10:47:35.655+0000] {taskinstance.py:3134} INFO - Exporting env vars: AIRFLOW_CTX_DAG_OWNER='ratih malini' AIRFLOW_CTX_DAG_ID='***_v2_etl_dag' AIRFLOW_CTX_TASK_ID='transform_task' AIRFLOW_CTX_EXECUTION_DATE='2025-02-21T10:45:14.363987+00:00' AIRFLOW_CTX_TRY_NUMBER='2' AIRFLOW_CTX_DAG_RUN_ID='manual__2025-02-21T10:45:14.363987+00:00'
[2025-02-21T10:47:35.657+0000] {taskinstance.py:732} INFO - ::endgroup::
[2025-02-21T10:47:35.684+0000] {base.py:84} INFO - Retrieving connection 'spark_main'
[2025-02-21T10:47:35.686+0000] {spark_submit.py:474} INFO - Spark-Submit cmd: spark-submit --master spark://***-spark-master:7077 --packages org.postgresql:postgresql:42.2.18 --name arrow-spark /spark-scripts/***_v2_transform.py
[2025-02-21T10:47:37.907+0000] {spark_submit.py:641} INFO - :: loading settings :: url = jar:file:/home/airflow/.local/lib/python3.9/site-packages/pyspark/jars/ivy-2.5.1.jar!/org/apache/ivy/core/settings/ivysettings.xml
[2025-02-21T10:47:38.037+0000] {spark_submit.py:641} INFO - Ivy Default Cache set to: /home/airflow/.ivy2/cache
[2025-02-21T10:47:38.039+0000] {spark_submit.py:641} INFO - The jars for the packages stored in: /home/airflow/.ivy2/jars
[2025-02-21T10:47:38.042+0000] {spark_submit.py:641} INFO - org.postgresql#postgresql added as a dependency
[2025-02-21T10:47:38.044+0000] {spark_submit.py:641} INFO - :: resolving dependencies :: org.apache.spark#spark-submit-parent-dfc352c4-c689-41c0-83ee-743350a64c9c;1.0
[2025-02-21T10:47:38.046+0000] {spark_submit.py:641} INFO - confs: [default]
[2025-02-21T10:47:38.205+0000] {spark_submit.py:641} INFO - found org.postgresql#postgresql;42.2.18 in central
[2025-02-21T10:47:38.229+0000] {spark_submit.py:641} INFO - found org.checkerframework#checker-qual;3.5.0 in central
[2025-02-21T10:47:38.246+0000] {spark_submit.py:641} INFO - :: resolution report :: resolve 198ms :: artifacts dl 5ms
[2025-02-21T10:47:38.248+0000] {spark_submit.py:641} INFO - :: modules in use:
[2025-02-21T10:47:38.249+0000] {spark_submit.py:641} INFO - org.checkerframework#checker-qual;3.5.0 from central in [default]
[2025-02-21T10:47:38.251+0000] {spark_submit.py:641} INFO - org.postgresql#postgresql;42.2.18 from central in [default]
[2025-02-21T10:47:38.253+0000] {spark_submit.py:641} INFO - ---------------------------------------------------------------------
[2025-02-21T10:47:38.255+0000] {spark_submit.py:641} INFO - |                  |            modules            ||   artifacts   |
[2025-02-21T10:47:38.256+0000] {spark_submit.py:641} INFO - |       conf       | number| search|dwnlded|evicted|| number|dwnlded|
[2025-02-21T10:47:38.257+0000] {spark_submit.py:641} INFO - ---------------------------------------------------------------------
[2025-02-21T10:47:38.259+0000] {spark_submit.py:641} INFO - |      default     |   2   |   0   |   0   |   0   ||   2   |   0   |
[2025-02-21T10:47:38.260+0000] {spark_submit.py:641} INFO - ---------------------------------------------------------------------
[2025-02-21T10:47:38.261+0000] {spark_submit.py:641} INFO - :: retrieving :: org.apache.spark#spark-submit-parent-dfc352c4-c689-41c0-83ee-743350a64c9c
[2025-02-21T10:47:38.263+0000] {spark_submit.py:641} INFO - confs: [default]
[2025-02-21T10:47:38.264+0000] {spark_submit.py:641} INFO - 0 artifacts copied, 2 already retrieved (0kB/9ms)
[2025-02-21T10:47:38.560+0000] {spark_submit.py:641} INFO - 25/02/21 10:47:38 WARN NativeCodeLoader: Unable to load native-hadoop library for your platform... using builtin-java classes where applicable
[2025-02-21T10:47:39.852+0000] {spark_submit.py:641} INFO - 25/02/21 10:47:39 INFO SparkContext: Running Spark version 3.3.2
[2025-02-21T10:47:39.873+0000] {spark_submit.py:641} INFO - 25/02/21 10:47:39 INFO ResourceUtils: ==============================================================
[2025-02-21T10:47:39.875+0000] {spark_submit.py:641} INFO - 25/02/21 10:47:39 INFO ResourceUtils: No custom resources configured for spark.driver.
[2025-02-21T10:47:39.877+0000] {spark_submit.py:641} INFO - 25/02/21 10:47:39 INFO ResourceUtils: ==============================================================
[2025-02-21T10:47:39.878+0000] {spark_submit.py:641} INFO - 25/02/21 10:47:39 INFO SparkContext: Submitted application: ***_transform
[2025-02-21T10:47:39.898+0000] {spark_submit.py:641} INFO - 25/02/21 10:47:39 INFO ResourceProfile: Default ResourceProfile created, executor resources: Map(cores -> name: cores, amount: 1, script: , vendor: , memory -> name: memory, amount: 1024, script: , vendor: , offHeap -> name: offHeap, amount: 0, script: , vendor: ), task resources: Map(cpus -> name: cpus, amount: 1.0)
[2025-02-21T10:47:39.908+0000] {spark_submit.py:641} INFO - 25/02/21 10:47:39 INFO ResourceProfile: Limiting resource is cpu
[2025-02-21T10:47:39.910+0000] {spark_submit.py:641} INFO - 25/02/21 10:47:39 INFO ResourceProfileManager: Added ResourceProfile id: 0
[2025-02-21T10:47:39.958+0000] {spark_submit.py:641} INFO - 25/02/21 10:47:39 INFO SecurityManager: Changing view acls to: airflow
[2025-02-21T10:47:39.960+0000] {spark_submit.py:641} INFO - 25/02/21 10:47:39 INFO SecurityManager: Changing modify acls to: airflow
[2025-02-21T10:47:39.962+0000] {spark_submit.py:641} INFO - 25/02/21 10:47:39 INFO SecurityManager: Changing view acls groups to:
[2025-02-21T10:47:39.963+0000] {spark_submit.py:641} INFO - 25/02/21 10:47:39 INFO SecurityManager: Changing modify acls groups to:
[2025-02-21T10:47:39.964+0000] {spark_submit.py:641} INFO - 25/02/21 10:47:39 INFO SecurityManager: SecurityManager: authentication disabled; ui acls disabled; users  with view permissions: Set(airflow); groups with view permissions: Set(); users  with modify permissions: Set(airflow); groups with modify permissions: Set()
[2025-02-21T10:47:40.217+0000] {spark_submit.py:641} INFO - 25/02/21 10:47:40 INFO Utils: Successfully started service 'sparkDriver' on port 34219.
[2025-02-21T10:47:40.249+0000] {spark_submit.py:641} INFO - 25/02/21 10:47:40 INFO SparkEnv: Registering MapOutputTracker
[2025-02-21T10:47:40.283+0000] {spark_submit.py:641} INFO - 25/02/21 10:47:40 INFO SparkEnv: Registering BlockManagerMaster
[2025-02-21T10:47:40.311+0000] {spark_submit.py:641} INFO - 25/02/21 10:47:40 INFO BlockManagerMasterEndpoint: Using org.apache.spark.storage.DefaultTopologyMapper for getting topology information
[2025-02-21T10:47:40.313+0000] {spark_submit.py:641} INFO - 25/02/21 10:47:40 INFO BlockManagerMasterEndpoint: BlockManagerMasterEndpoint up
[2025-02-21T10:47:40.321+0000] {spark_submit.py:641} INFO - 25/02/21 10:47:40 INFO SparkEnv: Registering BlockManagerMasterHeartbeat
[2025-02-21T10:47:40.342+0000] {spark_submit.py:641} INFO - 25/02/21 10:47:40 INFO DiskBlockManager: Created local directory at /tmp/blockmgr-8da7691c-247f-4f12-90bd-7138cfc4f5a0
[2025-02-21T10:47:40.359+0000] {spark_submit.py:641} INFO - 25/02/21 10:47:40 INFO MemoryStore: MemoryStore started with capacity 434.4 MiB
[2025-02-21T10:47:40.374+0000] {spark_submit.py:641} INFO - 25/02/21 10:47:40 INFO SparkEnv: Registering OutputCommitCoordinator
[2025-02-21T10:47:40.579+0000] {spark_submit.py:641} INFO - 25/02/21 10:47:40 INFO Utils: Successfully started service 'SparkUI' on port 4040.
[2025-02-21T10:47:40.625+0000] {spark_submit.py:641} INFO - 25/02/21 10:47:40 INFO SparkContext: Added JAR /spark-scripts/jars/postgresql-42.2.18.jar at spark://***-airflow-scheduler:34219/jars/postgresql-42.2.18.jar with timestamp 1740134859846
[2025-02-21T10:47:40.628+0000] {spark_submit.py:641} INFO - 25/02/21 10:47:40 INFO SparkContext: Added file file:///home/airflow/.ivy2/jars/org.postgresql_postgresql-42.2.18.jar at file:///home/airflow/.ivy2/jars/org.postgresql_postgresql-42.2.18.jar with timestamp 1740134859846
[2025-02-21T10:47:40.629+0000] {spark_submit.py:641} INFO - 25/02/21 10:47:40 INFO Utils: Copying /home/airflow/.ivy2/jars/org.postgresql_postgresql-42.2.18.jar to /tmp/spark-3f3c3eeb-4450-41fd-bf2d-21b286d45ce3/userFiles-8f8bf89a-1c6f-4abd-b012-ac9143a31d66/org.postgresql_postgresql-42.2.18.jar
[2025-02-21T10:47:40.643+0000] {spark_submit.py:641} INFO - 25/02/21 10:47:40 INFO SparkContext: Added file file:///home/airflow/.ivy2/jars/org.checkerframework_checker-qual-3.5.0.jar at file:///home/airflow/.ivy2/jars/org.checkerframework_checker-qual-3.5.0.jar with timestamp 1740134859846
[2025-02-21T10:47:40.645+0000] {spark_submit.py:641} INFO - 25/02/21 10:47:40 INFO Utils: Copying /home/airflow/.ivy2/jars/org.checkerframework_checker-qual-3.5.0.jar to /tmp/spark-3f3c3eeb-4450-41fd-bf2d-21b286d45ce3/userFiles-8f8bf89a-1c6f-4abd-b012-ac9143a31d66/org.checkerframework_checker-qual-3.5.0.jar
[2025-02-21T10:47:40.713+0000] {spark_submit.py:641} INFO - 25/02/21 10:47:40 INFO Executor: Starting executor ID driver on host ***-airflow-scheduler
[2025-02-21T10:47:40.721+0000] {spark_submit.py:641} INFO - 25/02/21 10:47:40 INFO Executor: Starting executor with user classpath (userClassPathFirst = false): ''
[2025-02-21T10:47:40.730+0000] {spark_submit.py:641} INFO - 25/02/21 10:47:40 INFO Executor: Fetching file:///home/airflow/.ivy2/jars/org.postgresql_postgresql-42.2.18.jar with timestamp 1740134859846
[2025-02-21T10:47:40.754+0000] {spark_submit.py:641} INFO - 25/02/21 10:47:40 INFO Utils: /home/airflow/.ivy2/jars/org.postgresql_postgresql-42.2.18.jar has been previously copied to /tmp/spark-3f3c3eeb-4450-41fd-bf2d-21b286d45ce3/userFiles-8f8bf89a-1c6f-4abd-b012-ac9143a31d66/org.postgresql_postgresql-42.2.18.jar
[2025-02-21T10:47:40.760+0000] {spark_submit.py:641} INFO - 25/02/21 10:47:40 INFO Executor: Fetching file:///home/airflow/.ivy2/jars/org.checkerframework_checker-qual-3.5.0.jar with timestamp 1740134859846
[2025-02-21T10:47:40.761+0000] {spark_submit.py:641} INFO - 25/02/21 10:47:40 INFO Utils: /home/airflow/.ivy2/jars/org.checkerframework_checker-qual-3.5.0.jar has been previously copied to /tmp/spark-3f3c3eeb-4450-41fd-bf2d-21b286d45ce3/userFiles-8f8bf89a-1c6f-4abd-b012-ac9143a31d66/org.checkerframework_checker-qual-3.5.0.jar
[2025-02-21T10:47:40.773+0000] {spark_submit.py:641} INFO - 25/02/21 10:47:40 INFO Executor: Fetching spark://***-airflow-scheduler:34219/jars/postgresql-42.2.18.jar with timestamp 1740134859846
[2025-02-21T10:47:40.805+0000] {spark_submit.py:641} INFO - 25/02/21 10:47:40 INFO TransportClientFactory: Successfully created connection to ***-airflow-scheduler/172.19.0.6:34219 after 24 ms (0 ms spent in bootstraps)
[2025-02-21T10:47:40.811+0000] {spark_submit.py:641} INFO - 25/02/21 10:47:40 INFO Utils: Fetching spark://***-airflow-scheduler:34219/jars/postgresql-42.2.18.jar to /tmp/spark-3f3c3eeb-4450-41fd-bf2d-21b286d45ce3/userFiles-8f8bf89a-1c6f-4abd-b012-ac9143a31d66/fetchFileTemp15736676057826494752.tmp
[2025-02-21T10:47:40.870+0000] {spark_submit.py:641} INFO - 25/02/21 10:47:40 INFO Executor: Adding file:/tmp/spark-3f3c3eeb-4450-41fd-bf2d-21b286d45ce3/userFiles-8f8bf89a-1c6f-4abd-b012-ac9143a31d66/postgresql-42.2.18.jar to class loader
[2025-02-21T10:47:40.876+0000] {spark_submit.py:641} INFO - 25/02/21 10:47:40 INFO Utils: Successfully started service 'org.apache.spark.network.netty.NettyBlockTransferService' on port 44439.
[2025-02-21T10:47:40.878+0000] {spark_submit.py:641} INFO - 25/02/21 10:47:40 INFO NettyBlockTransferService: Server created on ***-airflow-scheduler:44439
[2025-02-21T10:47:40.880+0000] {spark_submit.py:641} INFO - 25/02/21 10:47:40 INFO BlockManager: Using org.apache.spark.storage.RandomBlockReplicationPolicy for block replication policy
[2025-02-21T10:47:40.886+0000] {spark_submit.py:641} INFO - 25/02/21 10:47:40 INFO BlockManagerMaster: Registering BlockManager BlockManagerId(driver, ***-airflow-scheduler, 44439, None)
[2025-02-21T10:47:40.889+0000] {spark_submit.py:641} INFO - 25/02/21 10:47:40 INFO BlockManagerMasterEndpoint: Registering block manager ***-airflow-scheduler:44439 with 434.4 MiB RAM, BlockManagerId(driver, ***-airflow-scheduler, 44439, None)
[2025-02-21T10:47:40.892+0000] {spark_submit.py:641} INFO - 25/02/21 10:47:40 INFO BlockManagerMaster: Registered BlockManager BlockManagerId(driver, ***-airflow-scheduler, 44439, None)
[2025-02-21T10:47:40.894+0000] {spark_submit.py:641} INFO - 25/02/21 10:47:40 INFO BlockManager: Initialized BlockManager: BlockManagerId(driver, ***-airflow-scheduler, 44439, None)
[2025-02-21T10:47:44.377+0000] {spark_submit.py:641} INFO - ---------------- MENAMPILKAN BANYAK DATA NULL DI SETIAP KOLOM ----------------
[2025-02-21T10:47:46.126+0000] {spark_submit.py:641} INFO - +----------------+---------------+-----------+--------------+-----------+------------------------+--------------------+--------+-------------------------+----------------------+--------------------------+---------------+-----------------------+
[2025-02-21T10:47:46.128+0000] {spark_submit.py:641} INFO - |employee_id_null|department_null|region_null|education_null|gender_null|recruitment_channel_null|no_of_trainings_null|age_null|previous_year_rating_null|length_of_service_null|KPIs_met_more_than_80_null|awards_won_null|avg_training_score_nuli|
[2025-02-21T10:47:46.130+0000] {spark_submit.py:641} INFO - +----------------+---------------+-----------+--------------+-----------+------------------------+--------------------+--------+-------------------------+----------------------+--------------------------+---------------+-----------------------+
[2025-02-21T10:47:46.131+0000] {spark_submit.py:641} INFO - |               0|              0|          0|           771|          0|                       0|                   0|       0|                     1363|                     0|                         0|              0|                      0|
[2025-02-21T10:47:46.133+0000] {spark_submit.py:641} INFO - +----------------+---------------+-----------+--------------+-----------+------------------------+--------------------+--------+-------------------------+----------------------+--------------------------+---------------+-----------------------+
[2025-02-21T10:47:46.134+0000] {spark_submit.py:641} INFO - 
[2025-02-21T10:47:46.135+0000] {spark_submit.py:641} INFO - ---------------- NULL HANDLING PADA KOLOM EDUCATION & PREVIOUS_YEAR_RATING ----------------
[2025-02-21T10:47:46.389+0000] {spark_submit.py:641} INFO - +--------------+-------------------------+
[2025-02-21T10:47:46.391+0000] {spark_submit.py:641} INFO - |education_null|previous_year_rating_null|
[2025-02-21T10:47:46.392+0000] {spark_submit.py:641} INFO - +--------------+-------------------------+
[2025-02-21T10:47:46.394+0000] {spark_submit.py:641} INFO - |             0|                        0|
[2025-02-21T10:47:46.396+0000] {spark_submit.py:641} INFO - +--------------+-------------------------+
[2025-02-21T10:47:46.398+0000] {spark_submit.py:641} INFO - 
[2025-02-21T10:47:46.400+0000] {spark_submit.py:641} INFO - ---------------- MENAMPILKAN BANYAK DATA DUPLIKAT BERDASARKAN EMPLOYEE_ID ----------------
[2025-02-21T10:47:47.098+0000] {spark_submit.py:641} INFO - +-----------+------+
[2025-02-21T10:47:47.100+0000] {spark_submit.py:641} INFO - |employee_id|jumlah|
[2025-02-21T10:47:47.102+0000] {spark_submit.py:641} INFO - +-----------+------+
[2025-02-21T10:47:47.104+0000] {spark_submit.py:641} INFO - |      64573|     2|
[2025-02-21T10:47:47.106+0000] {spark_submit.py:641} INFO - |      49584|     3|
[2025-02-21T10:47:47.107+0000] {spark_submit.py:641} INFO - +-----------+------+
[2025-02-21T10:47:47.109+0000] {spark_submit.py:641} INFO - 
[2025-02-21T10:47:47.110+0000] {spark_submit.py:641} INFO - ---------------- MENAMPILKAN SEMUA BARIS DAN KOLOM DARI EMPLOYEE ID YANG DUPLIKAT ----------------
[2025-02-21T10:47:47.433+0000] {spark_submit.py:641} INFO - +-----------+----------+--------+---------+------+-------------------+---------------+---+--------------------+-----------------+---------------------+----------+------------------+
[2025-02-21T10:47:47.435+0000] {spark_submit.py:641} INFO - |employee_id|department|  region|education|gender|recruitment_channel|no_of_trainings|age|previous_year_rating|length_of_service|KPIs_met_more_than_80|awards_won|avg_training_score|
[2025-02-21T10:47:47.437+0000] {spark_submit.py:641} INFO - +-----------+----------+--------+---------+------+-------------------+---------------+---+--------------------+-----------------+---------------------+----------+------------------+
[2025-02-21T10:47:47.438+0000] {spark_submit.py:641} INFO - |      49584|        HR|region_7|Bachelors|     m|              other|              1| 33|                   1|                9|                    0|         0|                51|
[2025-02-21T10:47:47.439+0000] {spark_submit.py:641} INFO - |      49584|        HR|region_7|Bachelors|     m|              other|              1| 33|                   1|                9|                    0|         0|                51|
[2025-02-21T10:47:47.441+0000] {spark_submit.py:641} INFO - |      49584|        HR|region_7|Bachelors|     m|              other|              1| 33|                   1|                9|                    0|         0|                51|
[2025-02-21T10:47:47.442+0000] {spark_submit.py:641} INFO - |      64573|Technology|region_7|Bachelors|     f|           referred|              2| 30|                   5|                6|                    1|         0|                81|
[2025-02-21T10:47:47.443+0000] {spark_submit.py:641} INFO - |      64573|        HR|region_7|Bachelors|     f|           referred|              1| 35|                   5|                4|                    1|         0|                81|
[2025-02-21T10:47:47.444+0000] {spark_submit.py:641} INFO - +-----------+----------+--------+---------+------+-------------------+---------------+---+--------------------+-----------------+---------------------+----------+------------------+
[2025-02-21T10:47:47.445+0000] {spark_submit.py:641} INFO - 
[2025-02-21T10:47:47.446+0000] {spark_submit.py:641} INFO - ---------------- MENAMPILKAN HASIL DARI DATA DUPLIKASI YANG TELAH DIHANDLE BERDASARKAN KOLOM EMPLOYEE_ID DAN DEPARTMENT ----------------
[2025-02-21T10:47:48.001+0000] {spark_submit.py:641} INFO - +-----------+----------+--------+---------+------+-------------------+---------------+---+--------------------+-----------------+---------------------+----------+------------------+
[2025-02-21T10:47:48.003+0000] {spark_submit.py:641} INFO - |employee_id|department|  region|education|gender|recruitment_channel|no_of_trainings|age|previous_year_rating|length_of_service|KPIs_met_more_than_80|awards_won|avg_training_score|
[2025-02-21T10:47:48.004+0000] {spark_submit.py:641} INFO - +-----------+----------+--------+---------+------+-------------------+---------------+---+--------------------+-----------------+---------------------+----------+------------------+
[2025-02-21T10:47:48.005+0000] {spark_submit.py:641} INFO - |      49584|        HR|region_7|Bachelors|     m|              other|              1| 33|                   1|                9|                    0|         0|                51|
[2025-02-21T10:47:48.006+0000] {spark_submit.py:641} INFO - |      64573|        HR|region_7|Bachelors|     f|           referred|              1| 35|                   5|                4|                    1|         0|                81|
[2025-02-21T10:47:48.007+0000] {spark_submit.py:641} INFO - |      64573|Technology|region_7|Bachelors|     f|           referred|              2| 30|                   5|                6|                    1|         0|                81|
[2025-02-21T10:47:48.008+0000] {spark_submit.py:641} INFO - +-----------+----------+--------+---------+------+-------------------+---------------+---+--------------------+-----------------+---------------------+----------+------------------+
[2025-02-21T10:47:48.009+0000] {spark_submit.py:641} INFO - 
[2025-02-21T10:47:49.045+0000] {spark_submit.py:641} INFO - ---------------- MENAMPILKAN DATA HASIL TRASNFORMASI ----------------
[2025-02-21T10:47:49.441+0000] {spark_submit.py:641} INFO - +-----------+-----------------+---------+---------------+------+-------------------+---------------+---+--------------------+-----------------+---------------------+----------+------------------+
[2025-02-21T10:47:49.443+0000] {spark_submit.py:641} INFO - |employee_id|       department|   region|      education|gender|recruitment_channel|no_of_trainings|age|previous_year_rating|length_of_service|KPIs_met_more_than_80|awards_won|avg_training_score|
[2025-02-21T10:47:49.444+0000] {spark_submit.py:641} INFO - +-----------+-----------------+---------+---------------+------+-------------------+---------------+---+--------------------+-----------------+---------------------+----------+------------------+
[2025-02-21T10:47:49.445+0000] {spark_submit.py:641} INFO - |          3|      Procurement|region_22|Masters & above|     f|              other|              1| 38|                   5|                4|                    1|         0|                67|
[2025-02-21T10:47:49.446+0000] {spark_submit.py:641} INFO - |          6|Sales & Marketing|region_15|      Bachelors|     f|              other|              1| 38|                   3|               10|                    0|         0|                50|
[2025-02-21T10:47:49.447+0000] {spark_submit.py:641} INFO - |         11|       Technology| region_4|Masters & above|     f|           sourcing|              1| 39|                   4|               12|                    1|         0|                72|
[2025-02-21T10:47:49.448+0000] {spark_submit.py:641} INFO - |         13|Sales & Marketing|region_17|      Bachelors|     m|              other|              1| 38|                   1|                5|                    1|         0|                47|
[2025-02-21T10:47:49.450+0000] {spark_submit.py:641} INFO - |         16|Sales & Marketing| region_4|Masters & above|     m|           sourcing|              1| 40|                   5|                5|                    0|         0|                53|
[2025-02-21T10:47:49.452+0000] {spark_submit.py:641} INFO - +-----------+-----------------+---------+---------------+------+-------------------+---------------+---+--------------------+-----------------+---------------------+----------+------------------+
[2025-02-21T10:47:49.453+0000] {spark_submit.py:641} INFO - only showing top 5 rows
[2025-02-21T10:47:49.454+0000] {spark_submit.py:641} INFO - 
[2025-02-21T10:47:49.756+0000] {spark_submit.py:641} INFO - Jumlah baris dalam DataFrame : 17415
[2025-02-21T10:47:49.758+0000] {spark_submit.py:641} INFO - Isi folder data/transformed.parquet :
[2025-02-21T10:47:49.759+0000] {spark_submit.py:641} INFO - ['_SUCCESS', 'part-00000-ef479126-3375-41b7-8429-2d2aa87ed6fd-c000.snappy.parquet', '.part-00000-ef479126-3375-41b7-8429-2d2aa87ed6fd-c000.snappy.parquet.crc', '._SUCCESS.crc']
[2025-02-21T10:47:49.760+0000] {spark_submit.py:641} INFO - Transform data berhasil.
[2025-02-21T10:47:50.240+0000] {taskinstance.py:341} INFO - ::group::Post task execution logs
[2025-02-21T10:47:50.243+0000] {taskinstance.py:353} INFO - Marking task as SUCCESS. dag_id=***_v2_etl_dag, task_id=transform_task, run_id=manual__2025-02-21T10:45:14.363987+00:00, execution_date=20250221T104514, start_date=20250221T104735, end_date=20250221T104750
[2025-02-21T10:47:50.313+0000] {local_task_job_runner.py:266} INFO - Task exited with return code 0
[2025-02-21T10:47:50.342+0000] {taskinstance.py:3901} INFO - 1 downstream tasks scheduled from follow-on schedule check
[2025-02-21T10:47:50.346+0000] {local_task_job_runner.py:245} INFO - ::endgroup::
