[2025-02-23T18:21:01.890+0000] {local_task_job_runner.py:123} INFO - ::group::Pre task execution logs
[2025-02-23T18:21:01.915+0000] {taskinstance.py:2614} INFO - Dependencies all met for dep_context=non-requeueable deps ti=<TaskInstance: finprode8_v2_etl_dag.transform_task manual__2025-02-23T18:20:44.701707+00:00 [queued]>
[2025-02-23T18:21:01.931+0000] {taskinstance.py:2614} INFO - Dependencies all met for dep_context=requeueable deps ti=<TaskInstance: finprode8_v2_etl_dag.transform_task manual__2025-02-23T18:20:44.701707+00:00 [queued]>
[2025-02-23T18:21:01.932+0000] {taskinstance.py:2867} INFO - Starting attempt 1 of 1
[2025-02-23T18:21:01.955+0000] {taskinstance.py:2890} INFO - Executing <Task(SparkSubmitOperator): transform_task> on 2025-02-23 18:20:44.701707+00:00
[2025-02-23T18:21:01.962+0000] {standard_task_runner.py:72} INFO - Started process 8371 to run task
[2025-02-23T18:21:01.966+0000] {standard_task_runner.py:104} INFO - Running: ['airflow', 'tasks', 'run', '***_v2_etl_dag', 'transform_task', 'manual__2025-02-23T18:20:44.701707+00:00', '--job-id', '33', '--raw', '--subdir', 'DAGS_FOLDER/***_v2_etl_dag.py', '--cfg-path', '/tmp/tmpeve_rwut']
[2025-02-23T18:21:01.972+0000] {standard_task_runner.py:105} INFO - Job 33: Subtask transform_task
[2025-02-23T18:21:01.996+0000] {logging_mixin.py:190} WARNING - /home/airflow/.local/lib/python3.9/site-packages/airflow/settings.py:209 DeprecationWarning: The sql_alchemy_conn option in [core] has been moved to the sql_alchemy_conn option in [database] - the old setting has been used, but please update your config.
[2025-02-23T18:21:02.047+0000] {task_command.py:467} INFO - Running <TaskInstance: finprode8_v2_etl_dag.transform_task manual__2025-02-23T18:20:44.701707+00:00 [running]> on host ***-airflow-scheduler
[2025-02-23T18:21:02.149+0000] {taskinstance.py:3134} INFO - Exporting env vars: AIRFLOW_CTX_DAG_OWNER='ratih malini' AIRFLOW_CTX_DAG_ID='***_v2_etl_dag' AIRFLOW_CTX_TASK_ID='transform_task' AIRFLOW_CTX_EXECUTION_DATE='2025-02-23T18:20:44.701707+00:00' AIRFLOW_CTX_TRY_NUMBER='1' AIRFLOW_CTX_DAG_RUN_ID='manual__2025-02-23T18:20:44.701707+00:00'
[2025-02-23T18:21:02.151+0000] {taskinstance.py:732} INFO - ::endgroup::
[2025-02-23T18:21:02.183+0000] {base.py:84} INFO - Retrieving connection 'spark_main'
[2025-02-23T18:21:02.186+0000] {spark_submit.py:474} INFO - Spark-Submit cmd: spark-submit --master spark://***-spark-master:7077 --name arrow-spark /spark-scripts/***_v2_transform.py
[2025-02-23T18:21:05.070+0000] {spark_submit.py:641} INFO - 25/02/23 18:21:05 INFO SparkContext: Running Spark version 3.3.2
[2025-02-23T18:21:05.130+0000] {spark_submit.py:641} INFO - 25/02/23 18:21:05 WARN NativeCodeLoader: Unable to load native-hadoop library for your platform... using builtin-java classes where applicable
[2025-02-23T18:21:05.234+0000] {spark_submit.py:641} INFO - 25/02/23 18:21:05 INFO ResourceUtils: ==============================================================
[2025-02-23T18:21:05.236+0000] {spark_submit.py:641} INFO - 25/02/23 18:21:05 INFO ResourceUtils: No custom resources configured for spark.driver.
[2025-02-23T18:21:05.238+0000] {spark_submit.py:641} INFO - 25/02/23 18:21:05 INFO ResourceUtils: ==============================================================
[2025-02-23T18:21:05.239+0000] {spark_submit.py:641} INFO - 25/02/23 18:21:05 INFO SparkContext: Submitted application: ***_transform
[2025-02-23T18:21:05.257+0000] {spark_submit.py:641} INFO - 25/02/23 18:21:05 INFO ResourceProfile: Default ResourceProfile created, executor resources: Map(cores -> name: cores, amount: 1, script: , vendor: , memory -> name: memory, amount: 1024, script: , vendor: , offHeap -> name: offHeap, amount: 0, script: , vendor: ), task resources: Map(cpus -> name: cpus, amount: 1.0)
[2025-02-23T18:21:05.267+0000] {spark_submit.py:641} INFO - 25/02/23 18:21:05 INFO ResourceProfile: Limiting resource is cpu
[2025-02-23T18:21:05.268+0000] {spark_submit.py:641} INFO - 25/02/23 18:21:05 INFO ResourceProfileManager: Added ResourceProfile id: 0
[2025-02-23T18:21:05.317+0000] {spark_submit.py:641} INFO - 25/02/23 18:21:05 INFO SecurityManager: Changing view acls to: airflow
[2025-02-23T18:21:05.319+0000] {spark_submit.py:641} INFO - 25/02/23 18:21:05 INFO SecurityManager: Changing modify acls to: airflow
[2025-02-23T18:21:05.321+0000] {spark_submit.py:641} INFO - 25/02/23 18:21:05 INFO SecurityManager: Changing view acls groups to:
[2025-02-23T18:21:05.323+0000] {spark_submit.py:641} INFO - 25/02/23 18:21:05 INFO SecurityManager: Changing modify acls groups to:
[2025-02-23T18:21:05.324+0000] {spark_submit.py:641} INFO - 25/02/23 18:21:05 INFO SecurityManager: SecurityManager: authentication disabled; ui acls disabled; users  with view permissions: Set(airflow); groups with view permissions: Set(); users  with modify permissions: Set(airflow); groups with modify permissions: Set()
[2025-02-23T18:21:05.616+0000] {spark_submit.py:641} INFO - 25/02/23 18:21:05 INFO Utils: Successfully started service 'sparkDriver' on port 40817.
[2025-02-23T18:21:05.645+0000] {spark_submit.py:641} INFO - 25/02/23 18:21:05 INFO SparkEnv: Registering MapOutputTracker
[2025-02-23T18:21:05.711+0000] {spark_submit.py:641} INFO - 25/02/23 18:21:05 INFO SparkEnv: Registering BlockManagerMaster
[2025-02-23T18:21:05.729+0000] {spark_submit.py:641} INFO - 25/02/23 18:21:05 INFO BlockManagerMasterEndpoint: Using org.apache.spark.storage.DefaultTopologyMapper for getting topology information
[2025-02-23T18:21:05.731+0000] {spark_submit.py:641} INFO - 25/02/23 18:21:05 INFO BlockManagerMasterEndpoint: BlockManagerMasterEndpoint up
[2025-02-23T18:21:05.734+0000] {spark_submit.py:641} INFO - 25/02/23 18:21:05 INFO SparkEnv: Registering BlockManagerMasterHeartbeat
[2025-02-23T18:21:05.751+0000] {spark_submit.py:641} INFO - 25/02/23 18:21:05 INFO DiskBlockManager: Created local directory at /tmp/blockmgr-518c11f5-005a-44a1-a0a5-4ab466b3c3ed
[2025-02-23T18:21:05.768+0000] {spark_submit.py:641} INFO - 25/02/23 18:21:05 INFO MemoryStore: MemoryStore started with capacity 434.4 MiB
[2025-02-23T18:21:05.783+0000] {spark_submit.py:641} INFO - 25/02/23 18:21:05 INFO SparkEnv: Registering OutputCommitCoordinator
[2025-02-23T18:21:05.983+0000] {spark_submit.py:641} INFO - 25/02/23 18:21:05 INFO Utils: Successfully started service 'SparkUI' on port 4040.
[2025-02-23T18:21:06.098+0000] {spark_submit.py:641} INFO - 25/02/23 18:21:06 INFO Executor: Starting executor ID driver on host ***-airflow-scheduler
[2025-02-23T18:21:06.110+0000] {spark_submit.py:641} INFO - 25/02/23 18:21:06 INFO Executor: Starting executor with user classpath (userClassPathFirst = false): ''
[2025-02-23T18:21:06.129+0000] {spark_submit.py:641} INFO - 25/02/23 18:21:06 INFO Utils: Successfully started service 'org.apache.spark.network.netty.NettyBlockTransferService' on port 46337.
[2025-02-23T18:21:06.131+0000] {spark_submit.py:641} INFO - 25/02/23 18:21:06 INFO NettyBlockTransferService: Server created on ***-airflow-scheduler:46337
[2025-02-23T18:21:06.132+0000] {spark_submit.py:641} INFO - 25/02/23 18:21:06 INFO BlockManager: Using org.apache.spark.storage.RandomBlockReplicationPolicy for block replication policy
[2025-02-23T18:21:06.137+0000] {spark_submit.py:641} INFO - 25/02/23 18:21:06 INFO BlockManagerMaster: Registering BlockManager BlockManagerId(driver, ***-airflow-scheduler, 46337, None)
[2025-02-23T18:21:06.141+0000] {spark_submit.py:641} INFO - 25/02/23 18:21:06 INFO BlockManagerMasterEndpoint: Registering block manager ***-airflow-scheduler:46337 with 434.4 MiB RAM, BlockManagerId(driver, ***-airflow-scheduler, 46337, None)
[2025-02-23T18:21:06.144+0000] {spark_submit.py:641} INFO - 25/02/23 18:21:06 INFO BlockManagerMaster: Registered BlockManager BlockManagerId(driver, ***-airflow-scheduler, 46337, None)
[2025-02-23T18:21:06.146+0000] {spark_submit.py:641} INFO - 25/02/23 18:21:06 INFO BlockManager: Initialized BlockManager: BlockManagerId(driver, ***-airflow-scheduler, 46337, None)
[2025-02-23T18:21:14.352+0000] {spark_submit.py:641} INFO - Jumlah baris dalam DataFrame : 17415
[2025-02-23T18:21:14.354+0000] {spark_submit.py:641} INFO - Isi folder data/transformed.parquet :
[2025-02-23T18:21:14.356+0000] {spark_submit.py:641} INFO - ['_SUCCESS', 'part-00000-da6e3f2b-655f-41fe-acaf-aba282069064-c000.snappy.parquet', '.part-00000-da6e3f2b-655f-41fe-acaf-aba282069064-c000.snappy.parquet.crc', '._SUCCESS.crc']
[2025-02-23T18:21:14.357+0000] {spark_submit.py:641} INFO - Transform data berhasil.
[2025-02-23T18:21:15.002+0000] {taskinstance.py:341} INFO - ::group::Post task execution logs
[2025-02-23T18:21:15.005+0000] {taskinstance.py:353} INFO - Marking task as SUCCESS. dag_id=***_v2_etl_dag, task_id=transform_task, run_id=manual__2025-02-23T18:20:44.701707+00:00, execution_date=20250223T182044, start_date=20250223T182101, end_date=20250223T182115
[2025-02-23T18:21:15.080+0000] {local_task_job_runner.py:266} INFO - Task exited with return code 0
[2025-02-23T18:21:15.114+0000] {taskinstance.py:3901} INFO - 1 downstream tasks scheduled from follow-on schedule check
[2025-02-23T18:21:15.119+0000] {local_task_job_runner.py:245} INFO - ::endgroup::
