[2025-02-15T06:08:29.409+0000] {local_task_job_runner.py:123} INFO - ::group::Pre task execution logs
[2025-02-15T06:08:29.472+0000] {taskinstance.py:2613} INFO - Dependencies all met for dep_context=non-requeueable deps ti=<TaskInstance: finprode8_elt_dag.etl_task manual__2025-02-15T06:08:26.445958+00:00 [queued]>
[2025-02-15T06:08:29.517+0000] {taskinstance.py:2613} INFO - Dependencies all met for dep_context=requeueable deps ti=<TaskInstance: finprode8_elt_dag.etl_task manual__2025-02-15T06:08:26.445958+00:00 [queued]>
[2025-02-15T06:08:29.520+0000] {taskinstance.py:2866} INFO - Starting attempt 1 of 1
[2025-02-15T06:08:29.570+0000] {taskinstance.py:2889} INFO - Executing <Task(SparkSubmitOperator): etl_task> on 2025-02-15 06:08:26.445958+00:00
[2025-02-15T06:08:29.598+0000] {standard_task_runner.py:72} INFO - Started process 183 to run task
[2025-02-15T06:08:29.633+0000] {standard_task_runner.py:104} INFO - Running: ['airflow', 'tasks', 'run', '***_elt_dag', 'etl_task', 'manual__2025-02-15T06:08:26.445958+00:00', '--job-id', '7', '--raw', '--subdir', 'DAGS_FOLDER/***_etl_dag.py', '--cfg-path', '/tmp/tmpzerqn37l']
[2025-02-15T06:08:29.662+0000] {standard_task_runner.py:105} INFO - Job 7: Subtask etl_task
[2025-02-15T06:08:29.802+0000] {logging_mixin.py:190} WARNING - /home/airflow/.local/lib/python3.9/site-packages/airflow/settings.py:209 DeprecationWarning: The sql_alchemy_conn option in [core] has been moved to the sql_alchemy_conn option in [database] - the old setting has been used, but please update your config.
[2025-02-15T06:08:30.005+0000] {task_command.py:467} INFO - Running <TaskInstance: finprode8_elt_dag.etl_task manual__2025-02-15T06:08:26.445958+00:00 [running]> on host ***-airflow-scheduler
[2025-02-15T06:08:30.258+0000] {taskinstance.py:3132} INFO - Exporting env vars: AIRFLOW_CTX_DAG_OWNER='ratih malini' AIRFLOW_CTX_DAG_ID='***_elt_dag' AIRFLOW_CTX_TASK_ID='etl_task' AIRFLOW_CTX_EXECUTION_DATE='2025-02-15T06:08:26.445958+00:00' AIRFLOW_CTX_TRY_NUMBER='1' AIRFLOW_CTX_DAG_RUN_ID='manual__2025-02-15T06:08:26.445958+00:00'
[2025-02-15T06:08:30.262+0000] {taskinstance.py:731} INFO - ::endgroup::
[2025-02-15T06:08:30.361+0000] {base.py:84} INFO - Retrieving connection 'spark_main'
[2025-02-15T06:08:30.367+0000] {spark_submit.py:474} INFO - Spark-Submit cmd: spark-submit --master spark://***-spark-master:7077 --packages org.postgresql:postgresql:42.2.18 --name arrow-spark /spark-scripts/***_etl.py
[2025-02-15T06:08:35.989+0000] {spark_submit.py:641} INFO - :: loading settings :: url = jar:file:/home/airflow/.local/lib/python3.9/site-packages/pyspark/jars/ivy-2.5.1.jar!/org/apache/ivy/core/settings/ivysettings.xml
[2025-02-15T06:08:36.127+0000] {spark_submit.py:641} INFO - Ivy Default Cache set to: /home/airflow/.ivy2/cache
[2025-02-15T06:08:36.129+0000] {spark_submit.py:641} INFO - The jars for the packages stored in: /home/airflow/.ivy2/jars
[2025-02-15T06:08:36.133+0000] {spark_submit.py:641} INFO - org.postgresql#postgresql added as a dependency
[2025-02-15T06:08:36.135+0000] {spark_submit.py:641} INFO - :: resolving dependencies :: org.apache.spark#spark-submit-parent-c7e82d76-ecf9-4d5a-ad5f-f80d91bfa95d;1.0
[2025-02-15T06:08:36.136+0000] {spark_submit.py:641} INFO - confs: [default]
[2025-02-15T06:08:38.380+0000] {spark_submit.py:641} INFO - found org.postgresql#postgresql;42.2.18 in central
[2025-02-15T06:08:38.833+0000] {spark_submit.py:641} INFO - found org.checkerframework#checker-qual;3.5.0 in central
[2025-02-15T06:08:39.073+0000] {spark_submit.py:641} INFO - downloading https://repo1.maven.org/maven2/org/postgresql/postgresql/42.2.18/postgresql-42.2.18.jar ...
[2025-02-15T06:08:40.368+0000] {spark_submit.py:641} INFO - [SUCCESSFUL ] org.postgresql#postgresql;42.2.18!postgresql.jar (1504ms)
[2025-02-15T06:08:40.579+0000] {spark_submit.py:641} INFO - downloading https://repo1.maven.org/maven2/org/checkerframework/checker-qual/3.5.0/checker-qual-3.5.0.jar ...
[2025-02-15T06:08:40.890+0000] {spark_submit.py:641} INFO - [SUCCESSFUL ] org.checkerframework#checker-qual;3.5.0!checker-qual.jar (516ms)
[2025-02-15T06:08:40.891+0000] {spark_submit.py:641} INFO - :: resolution report :: resolve 2724ms :: artifacts dl 2033ms
[2025-02-15T06:08:40.892+0000] {spark_submit.py:641} INFO - :: modules in use:
[2025-02-15T06:08:40.893+0000] {spark_submit.py:641} INFO - org.checkerframework#checker-qual;3.5.0 from central in [default]
[2025-02-15T06:08:40.894+0000] {spark_submit.py:641} INFO - org.postgresql#postgresql;42.2.18 from central in [default]
[2025-02-15T06:08:40.895+0000] {spark_submit.py:641} INFO - ---------------------------------------------------------------------
[2025-02-15T06:08:40.896+0000] {spark_submit.py:641} INFO - |                  |            modules            ||   artifacts   |
[2025-02-15T06:08:40.897+0000] {spark_submit.py:641} INFO - |       conf       | number| search|dwnlded|evicted|| number|dwnlded|
[2025-02-15T06:08:40.898+0000] {spark_submit.py:641} INFO - ---------------------------------------------------------------------
[2025-02-15T06:08:40.899+0000] {spark_submit.py:641} INFO - |      default     |   2   |   2   |   2   |   0   ||   2   |   2   |
[2025-02-15T06:08:40.900+0000] {spark_submit.py:641} INFO - ---------------------------------------------------------------------
[2025-02-15T06:08:40.902+0000] {spark_submit.py:641} INFO - :: retrieving :: org.apache.spark#spark-submit-parent-c7e82d76-ecf9-4d5a-ad5f-f80d91bfa95d
[2025-02-15T06:08:40.903+0000] {spark_submit.py:641} INFO - confs: [default]
[2025-02-15T06:08:40.938+0000] {spark_submit.py:641} INFO - 2 artifacts copied, 0 already retrieved (1190kB/39ms)
[2025-02-15T06:08:41.528+0000] {spark_submit.py:641} INFO - 25/02/15 06:08:41 WARN NativeCodeLoader: Unable to load native-hadoop library for your platform... using builtin-java classes where applicable
[2025-02-15T06:08:43.588+0000] {spark_submit.py:641} INFO - 25/02/15 06:08:43 INFO SparkContext: Running Spark version 3.3.2
[2025-02-15T06:08:43.619+0000] {spark_submit.py:641} INFO - 25/02/15 06:08:43 INFO ResourceUtils: ==============================================================
[2025-02-15T06:08:43.622+0000] {spark_submit.py:641} INFO - 25/02/15 06:08:43 INFO ResourceUtils: No custom resources configured for spark.driver.
[2025-02-15T06:08:43.624+0000] {spark_submit.py:641} INFO - 25/02/15 06:08:43 INFO ResourceUtils: ==============================================================
[2025-02-15T06:08:43.627+0000] {spark_submit.py:641} INFO - 25/02/15 06:08:43 INFO SparkContext: Submitted application: ***
[2025-02-15T06:08:43.661+0000] {spark_submit.py:641} INFO - 25/02/15 06:08:43 INFO ResourceProfile: Default ResourceProfile created, executor resources: Map(cores -> name: cores, amount: 1, script: , vendor: , memory -> name: memory, amount: 1024, script: , vendor: , offHeap -> name: offHeap, amount: 0, script: , vendor: ), task resources: Map(cpus -> name: cpus, amount: 1.0)
[2025-02-15T06:08:43.669+0000] {spark_submit.py:641} INFO - 25/02/15 06:08:43 INFO ResourceProfile: Limiting resource is cpu
[2025-02-15T06:08:43.672+0000] {spark_submit.py:641} INFO - 25/02/15 06:08:43 INFO ResourceProfileManager: Added ResourceProfile id: 0
[2025-02-15T06:08:43.788+0000] {spark_submit.py:641} INFO - 25/02/15 06:08:43 INFO SecurityManager: Changing view acls to: airflow
[2025-02-15T06:08:43.791+0000] {spark_submit.py:641} INFO - 25/02/15 06:08:43 INFO SecurityManager: Changing modify acls to: airflow
[2025-02-15T06:08:43.794+0000] {spark_submit.py:641} INFO - 25/02/15 06:08:43 INFO SecurityManager: Changing view acls groups to:
[2025-02-15T06:08:43.796+0000] {spark_submit.py:641} INFO - 25/02/15 06:08:43 INFO SecurityManager: Changing modify acls groups to:
[2025-02-15T06:08:43.798+0000] {spark_submit.py:641} INFO - 25/02/15 06:08:43 INFO SecurityManager: SecurityManager: authentication disabled; ui acls disabled; users  with view permissions: Set(airflow); groups with view permissions: Set(); users  with modify permissions: Set(airflow); groups with modify permissions: Set()
[2025-02-15T06:08:44.328+0000] {spark_submit.py:641} INFO - 25/02/15 06:08:44 INFO Utils: Successfully started service 'sparkDriver' on port 45447.
[2025-02-15T06:08:44.470+0000] {spark_submit.py:641} INFO - 25/02/15 06:08:44 INFO SparkEnv: Registering MapOutputTracker
[2025-02-15T06:08:44.536+0000] {spark_submit.py:641} INFO - 25/02/15 06:08:44 INFO SparkEnv: Registering BlockManagerMaster
[2025-02-15T06:08:44.572+0000] {spark_submit.py:641} INFO - 25/02/15 06:08:44 INFO BlockManagerMasterEndpoint: Using org.apache.spark.storage.DefaultTopologyMapper for getting topology information
[2025-02-15T06:08:44.575+0000] {spark_submit.py:641} INFO - 25/02/15 06:08:44 INFO BlockManagerMasterEndpoint: BlockManagerMasterEndpoint up
[2025-02-15T06:08:44.583+0000] {spark_submit.py:641} INFO - 25/02/15 06:08:44 INFO SparkEnv: Registering BlockManagerMasterHeartbeat
[2025-02-15T06:08:44.633+0000] {spark_submit.py:641} INFO - 25/02/15 06:08:44 INFO DiskBlockManager: Created local directory at /tmp/blockmgr-67bbc7a2-ab7d-4211-a34b-5ecbfb80a6e7
[2025-02-15T06:08:44.666+0000] {spark_submit.py:641} INFO - 25/02/15 06:08:44 INFO MemoryStore: MemoryStore started with capacity 434.4 MiB
[2025-02-15T06:08:44.698+0000] {spark_submit.py:641} INFO - 25/02/15 06:08:44 INFO SparkEnv: Registering OutputCommitCoordinator
[2025-02-15T06:08:45.110+0000] {spark_submit.py:641} INFO - 25/02/15 06:08:45 INFO Utils: Successfully started service 'SparkUI' on port 4040.
[2025-02-15T06:08:45.187+0000] {spark_submit.py:641} INFO - 25/02/15 06:08:45 INFO SparkContext: Added JAR /spark-scripts/jars/postgresql-42.2.18.jar at spark://***-airflow-scheduler:45447/jars/postgresql-42.2.18.jar with timestamp 1739599723575
[2025-02-15T06:08:45.192+0000] {spark_submit.py:641} INFO - 25/02/15 06:08:45 INFO SparkContext: Added file file:///home/airflow/.ivy2/jars/org.postgresql_postgresql-42.2.18.jar at file:///home/airflow/.ivy2/jars/org.postgresql_postgresql-42.2.18.jar with timestamp 1739599723575
[2025-02-15T06:08:45.195+0000] {spark_submit.py:641} INFO - 25/02/15 06:08:45 INFO Utils: Copying /home/airflow/.ivy2/jars/org.postgresql_postgresql-42.2.18.jar to /tmp/spark-3ffca575-630d-4f35-b86f-62f9329d2f4d/userFiles-95c2c46f-a250-474a-bb3c-1456637b8947/org.postgresql_postgresql-42.2.18.jar
[2025-02-15T06:08:45.236+0000] {spark_submit.py:641} INFO - 25/02/15 06:08:45 INFO SparkContext: Added file file:///home/airflow/.ivy2/jars/org.checkerframework_checker-qual-3.5.0.jar at file:///home/airflow/.ivy2/jars/org.checkerframework_checker-qual-3.5.0.jar with timestamp 1739599723575
[2025-02-15T06:08:45.238+0000] {spark_submit.py:641} INFO - 25/02/15 06:08:45 INFO Utils: Copying /home/airflow/.ivy2/jars/org.checkerframework_checker-qual-3.5.0.jar to /tmp/spark-3ffca575-630d-4f35-b86f-62f9329d2f4d/userFiles-95c2c46f-a250-474a-bb3c-1456637b8947/org.checkerframework_checker-qual-3.5.0.jar
[2025-02-15T06:08:45.381+0000] {spark_submit.py:641} INFO - 25/02/15 06:08:45 INFO Executor: Starting executor ID driver on host ***-airflow-scheduler
[2025-02-15T06:08:45.395+0000] {spark_submit.py:641} INFO - 25/02/15 06:08:45 INFO Executor: Starting executor with user classpath (userClassPathFirst = false): ''
[2025-02-15T06:08:45.414+0000] {spark_submit.py:641} INFO - 25/02/15 06:08:45 INFO Executor: Fetching file:///home/airflow/.ivy2/jars/org.postgresql_postgresql-42.2.18.jar with timestamp 1739599723575
[2025-02-15T06:08:45.443+0000] {spark_submit.py:641} INFO - 25/02/15 06:08:45 INFO Utils: /home/airflow/.ivy2/jars/org.postgresql_postgresql-42.2.18.jar has been previously copied to /tmp/spark-3ffca575-630d-4f35-b86f-62f9329d2f4d/userFiles-95c2c46f-a250-474a-bb3c-1456637b8947/org.postgresql_postgresql-42.2.18.jar
[2025-02-15T06:08:45.450+0000] {spark_submit.py:641} INFO - 25/02/15 06:08:45 INFO Executor: Fetching file:///home/airflow/.ivy2/jars/org.checkerframework_checker-qual-3.5.0.jar with timestamp 1739599723575
[2025-02-15T06:08:45.451+0000] {spark_submit.py:641} INFO - 25/02/15 06:08:45 INFO Utils: /home/airflow/.ivy2/jars/org.checkerframework_checker-qual-3.5.0.jar has been previously copied to /tmp/spark-3ffca575-630d-4f35-b86f-62f9329d2f4d/userFiles-95c2c46f-a250-474a-bb3c-1456637b8947/org.checkerframework_checker-qual-3.5.0.jar
[2025-02-15T06:08:45.460+0000] {spark_submit.py:641} INFO - 25/02/15 06:08:45 INFO Executor: Fetching spark://***-airflow-scheduler:45447/jars/postgresql-42.2.18.jar with timestamp 1739599723575
[2025-02-15T06:08:45.543+0000] {spark_submit.py:641} INFO - 25/02/15 06:08:45 INFO TransportClientFactory: Successfully created connection to ***-airflow-scheduler/172.19.0.6:45447 after 59 ms (0 ms spent in bootstraps)
[2025-02-15T06:08:45.554+0000] {spark_submit.py:641} INFO - 25/02/15 06:08:45 INFO Utils: Fetching spark://***-airflow-scheduler:45447/jars/postgresql-42.2.18.jar to /tmp/spark-3ffca575-630d-4f35-b86f-62f9329d2f4d/userFiles-95c2c46f-a250-474a-bb3c-1456637b8947/fetchFileTemp10234286735650770224.tmp
[2025-02-15T06:08:45.936+0000] {spark_submit.py:641} INFO - 25/02/15 06:08:45 INFO Executor: Adding file:/tmp/spark-3ffca575-630d-4f35-b86f-62f9329d2f4d/userFiles-95c2c46f-a250-474a-bb3c-1456637b8947/postgresql-42.2.18.jar to class loader
[2025-02-15T06:08:45.946+0000] {spark_submit.py:641} INFO - 25/02/15 06:08:45 INFO Utils: Successfully started service 'org.apache.spark.network.netty.NettyBlockTransferService' on port 44903.
[2025-02-15T06:08:45.948+0000] {spark_submit.py:641} INFO - 25/02/15 06:08:45 INFO NettyBlockTransferService: Server created on ***-airflow-scheduler:44903
[2025-02-15T06:08:45.950+0000] {spark_submit.py:641} INFO - 25/02/15 06:08:45 INFO BlockManager: Using org.apache.spark.storage.RandomBlockReplicationPolicy for block replication policy
[2025-02-15T06:08:45.962+0000] {spark_submit.py:641} INFO - 25/02/15 06:08:45 INFO BlockManagerMaster: Registering BlockManager BlockManagerId(driver, ***-airflow-scheduler, 44903, None)
[2025-02-15T06:08:45.966+0000] {spark_submit.py:641} INFO - 25/02/15 06:08:45 INFO BlockManagerMasterEndpoint: Registering block manager ***-airflow-scheduler:44903 with 434.4 MiB RAM, BlockManagerId(driver, ***-airflow-scheduler, 44903, None)
[2025-02-15T06:08:45.969+0000] {spark_submit.py:641} INFO - 25/02/15 06:08:45 INFO BlockManagerMaster: Registered BlockManager BlockManagerId(driver, ***-airflow-scheduler, 44903, None)
[2025-02-15T06:08:45.972+0000] {spark_submit.py:641} INFO - 25/02/15 06:08:45 INFO BlockManager: Initialized BlockManager: BlockManagerId(driver, ***-airflow-scheduler, 44903, None)
[2025-02-15T06:08:53.481+0000] {spark_submit.py:641} INFO - ---------------- MENAMPILKAN DATASET ----------------
[2025-02-15T06:08:53.828+0000] {spark_submit.py:641} INFO - +-----------+-----------------+---------+---------------+------+-------------------+---------------+---+--------------------+-----------------+---------------------+----------+------------------+
[2025-02-15T06:08:53.830+0000] {spark_submit.py:641} INFO - |employee_id|       department|   region|      education|gender|recruitment_channel|no_of_trainings|age|previous_year_rating|length_of_service|KPIs_met_more_than_80|awards_won|avg_training_score|
[2025-02-15T06:08:53.833+0000] {spark_submit.py:641} INFO - +-----------+-----------------+---------+---------------+------+-------------------+---------------+---+--------------------+-----------------+---------------------+----------+------------------+
[2025-02-15T06:08:53.834+0000] {spark_submit.py:641} INFO - |       8724|       Technology|region_26|      Bachelors|     m|           sourcing|              1| 24|                null|                1|                    1|         0|                77|
[2025-02-15T06:08:53.835+0000] {spark_submit.py:641} INFO - |      74430|               HR| region_4|      Bachelors|     f|              other|              1| 31|                   3|                5|                    0|         0|                51|
[2025-02-15T06:08:53.837+0000] {spark_submit.py:641} INFO - |      72255|Sales & Marketing|region_13|      Bachelors|     m|              other|              1| 31|                   1|                4|                    0|         0|                47|
[2025-02-15T06:08:53.838+0000] {spark_submit.py:641} INFO - |      38562|      Procurement| region_2|      Bachelors|     f|              other|              3| 31|                   2|                9|                    0|         0|                65|
[2025-02-15T06:08:53.839+0000] {spark_submit.py:641} INFO - |      64486|          Finance|region_29|      Bachelors|     m|           sourcing|              1| 30|                   4|                7|                    0|         0|                61|
[2025-02-15T06:08:53.840+0000] {spark_submit.py:641} INFO - |      46232|      Procurement| region_7|      Bachelors|     m|           sourcing|              1| 36|                   3|                2|                    0|         0|                68|
[2025-02-15T06:08:53.841+0000] {spark_submit.py:641} INFO - |      54542|          Finance| region_2|      Bachelors|     m|              other|              1| 33|                   5|                3|                    1|         0|                57|
[2025-02-15T06:08:53.842+0000] {spark_submit.py:641} INFO - |      67269|        Analytics|region_22|      Bachelors|     m|           sourcing|              2| 36|                   3|                3|                    0|         0|                85|
[2025-02-15T06:08:53.843+0000] {spark_submit.py:641} INFO - |      66174|       Technology| region_7|Masters & above|     m|              other|              1| 51|                   4|               11|                    0|         0|                75|
[2025-02-15T06:08:53.844+0000] {spark_submit.py:641} INFO - |      76303|       Technology|region_22|      Bachelors|     m|           sourcing|              1| 29|                   5|                2|                    1|         0|                76|
[2025-02-15T06:08:53.845+0000] {spark_submit.py:641} INFO - +-----------+-----------------+---------+---------------+------+-------------------+---------------+---+--------------------+-----------------+---------------------+----------+------------------+
[2025-02-15T06:08:53.846+0000] {spark_submit.py:641} INFO - only showing top 10 rows
[2025-02-15T06:08:53.847+0000] {spark_submit.py:641} INFO - 
[2025-02-15T06:08:53.849+0000] {spark_submit.py:641} INFO - ---------------- MENAMPILKAN TIPE DATA AWAL ----------------
[2025-02-15T06:08:53.851+0000] {spark_submit.py:641} INFO - root
[2025-02-15T06:08:53.852+0000] {spark_submit.py:641} INFO - |-- employee_id: string (nullable = true)
[2025-02-15T06:08:53.853+0000] {spark_submit.py:641} INFO - |-- department: string (nullable = true)
[2025-02-15T06:08:53.854+0000] {spark_submit.py:641} INFO - |-- region: string (nullable = true)
[2025-02-15T06:08:53.856+0000] {spark_submit.py:641} INFO - |-- education: string (nullable = true)
[2025-02-15T06:08:53.857+0000] {spark_submit.py:641} INFO - |-- gender: string (nullable = true)
[2025-02-15T06:08:53.858+0000] {spark_submit.py:641} INFO - |-- recruitment_channel: string (nullable = true)
[2025-02-15T06:08:53.859+0000] {spark_submit.py:641} INFO - |-- no_of_trainings: string (nullable = true)
[2025-02-15T06:08:53.860+0000] {spark_submit.py:641} INFO - |-- age: string (nullable = true)
[2025-02-15T06:08:53.861+0000] {spark_submit.py:641} INFO - |-- previous_year_rating: string (nullable = true)
[2025-02-15T06:08:53.862+0000] {spark_submit.py:641} INFO - |-- length_of_service: string (nullable = true)
[2025-02-15T06:08:53.863+0000] {spark_submit.py:641} INFO - |-- KPIs_met_more_than_80: string (nullable = true)
[2025-02-15T06:08:53.865+0000] {spark_submit.py:641} INFO - |-- awards_won: string (nullable = true)
[2025-02-15T06:08:53.867+0000] {spark_submit.py:641} INFO - |-- avg_training_score: string (nullable = true)
[2025-02-15T06:08:53.868+0000] {spark_submit.py:641} INFO - 
[2025-02-15T06:08:54.044+0000] {spark_submit.py:641} INFO - ---------------- MENAMPILKAN TIPE DATA HASIL TRANSFORMASI ----------------
[2025-02-15T06:08:54.047+0000] {spark_submit.py:641} INFO - root
[2025-02-15T06:08:54.048+0000] {spark_submit.py:641} INFO - |-- employee_id: string (nullable = true)
[2025-02-15T06:08:54.050+0000] {spark_submit.py:641} INFO - |-- department: string (nullable = true)
[2025-02-15T06:08:54.051+0000] {spark_submit.py:641} INFO - |-- region: string (nullable = true)
[2025-02-15T06:08:54.052+0000] {spark_submit.py:641} INFO - |-- education: string (nullable = true)
[2025-02-15T06:08:54.053+0000] {spark_submit.py:641} INFO - |-- gender: string (nullable = true)
[2025-02-15T06:08:54.054+0000] {spark_submit.py:641} INFO - |-- recruitment_channel: string (nullable = true)
[2025-02-15T06:08:54.055+0000] {spark_submit.py:641} INFO - |-- no_of_trainings: integer (nullable = true)
[2025-02-15T06:08:54.056+0000] {spark_submit.py:641} INFO - |-- age: integer (nullable = true)
[2025-02-15T06:08:54.057+0000] {spark_submit.py:641} INFO - |-- previous_year_rating: integer (nullable = true)
[2025-02-15T06:08:54.057+0000] {spark_submit.py:641} INFO - |-- length_of_service: integer (nullable = true)
[2025-02-15T06:08:54.058+0000] {spark_submit.py:641} INFO - |-- KPIs_met_more_than_80: integer (nullable = true)
[2025-02-15T06:08:54.059+0000] {spark_submit.py:641} INFO - |-- awards_won: integer (nullable = true)
[2025-02-15T06:08:54.060+0000] {spark_submit.py:641} INFO - |-- avg_training_score: integer (nullable = true)
[2025-02-15T06:08:54.061+0000] {spark_submit.py:641} INFO - 
[2025-02-15T06:08:54.062+0000] {spark_submit.py:641} INFO - ---------------- MENAMPILKAN BANYAK DATA NULL DI SETIAP KOLOM ----------------
[2025-02-15T06:08:56.155+0000] {spark_submit.py:641} INFO - +----------------+---------------+-----------+--------------+-----------+------------------------+--------------------+--------+-------------------------+----------------------+--------------------------+---------------+-----------------------+
[2025-02-15T06:08:56.157+0000] {spark_submit.py:641} INFO - |employee_id_null|department_null|region_null|education_null|gender_null|recruitment_channel_null|no_of_trainings_null|age_null|previous_year_rating_null|length_of_service_null|KPIs_met_more_than_80_null|awards_won_null|avg_training_score_nuli|
[2025-02-15T06:08:56.159+0000] {spark_submit.py:641} INFO - +----------------+---------------+-----------+--------------+-----------+------------------------+--------------------+--------+-------------------------+----------------------+--------------------------+---------------+-----------------------+
[2025-02-15T06:08:56.160+0000] {spark_submit.py:641} INFO - |               0|              0|          0|           771|          0|                       0|                   0|       0|                     1363|                     0|                         0|              0|                      0|
[2025-02-15T06:08:56.162+0000] {spark_submit.py:641} INFO - +----------------+---------------+-----------+--------------+-----------+------------------------+--------------------+--------+-------------------------+----------------------+--------------------------+---------------+-----------------------+
[2025-02-15T06:08:56.165+0000] {spark_submit.py:641} INFO - 
[2025-02-15T06:08:56.168+0000] {spark_submit.py:641} INFO - ---------------- NULL HANDLING PADA KOLOM EDUCATION & PREVIOUS_YEAR_RATING ----------------
[2025-02-15T06:08:56.573+0000] {spark_submit.py:641} INFO - +--------------+-------------------------+
[2025-02-15T06:08:56.575+0000] {spark_submit.py:641} INFO - |education_null|previous_year_rating_null|
[2025-02-15T06:08:56.576+0000] {spark_submit.py:641} INFO - +--------------+-------------------------+
[2025-02-15T06:08:56.577+0000] {spark_submit.py:641} INFO - |             0|                        0|
[2025-02-15T06:08:56.581+0000] {spark_submit.py:641} INFO - +--------------+-------------------------+
[2025-02-15T06:08:56.582+0000] {spark_submit.py:641} INFO - 
[2025-02-15T06:08:58.013+0000] {spark_submit.py:641} INFO - ---------------- MENAMPILKAN DATA HASIL LOAD KE POSTGRES ----------------
[2025-02-15T06:08:58.197+0000] {spark_submit.py:641} INFO - +-----------+-----------------+---------+---------------+------+-------------------+---------------+---+--------------------+-----------------+---------------------+----------+------------------+
[2025-02-15T06:08:58.199+0000] {spark_submit.py:641} INFO - |employee_id|       department|   region|      education|gender|recruitment_channel|no_of_trainings|age|previous_year_rating|length_of_service|KPIs_met_more_than_80|awards_won|avg_training_score|
[2025-02-15T06:08:58.201+0000] {spark_submit.py:641} INFO - +-----------+-----------------+---------+---------------+------+-------------------+---------------+---+--------------------+-----------------+---------------------+----------+------------------+
[2025-02-15T06:08:58.202+0000] {spark_submit.py:641} INFO - |       8724|       Technology|region_26|      Bachelors|     m|           sourcing|              1| 24|                   0|                1|                    1|         0|                77|
[2025-02-15T06:08:58.203+0000] {spark_submit.py:641} INFO - |      74430|               HR| region_4|      Bachelors|     f|              other|              1| 31|                   3|                5|                    0|         0|                51|
[2025-02-15T06:08:58.204+0000] {spark_submit.py:641} INFO - |      72255|Sales & Marketing|region_13|      Bachelors|     m|              other|              1| 31|                   1|                4|                    0|         0|                47|
[2025-02-15T06:08:58.205+0000] {spark_submit.py:641} INFO - |      38562|      Procurement| region_2|      Bachelors|     f|              other|              3| 31|                   2|                9|                    0|         0|                65|
[2025-02-15T06:08:58.206+0000] {spark_submit.py:641} INFO - |      64486|          Finance|region_29|      Bachelors|     m|           sourcing|              1| 30|                   4|                7|                    0|         0|                61|
[2025-02-15T06:08:58.206+0000] {spark_submit.py:641} INFO - |      46232|      Procurement| region_7|      Bachelors|     m|           sourcing|              1| 36|                   3|                2|                    0|         0|                68|
[2025-02-15T06:08:58.207+0000] {spark_submit.py:641} INFO - |      54542|          Finance| region_2|      Bachelors|     m|              other|              1| 33|                   5|                3|                    1|         0|                57|
[2025-02-15T06:08:58.208+0000] {spark_submit.py:641} INFO - |      67269|        Analytics|region_22|      Bachelors|     m|           sourcing|              2| 36|                   3|                3|                    0|         0|                85|
[2025-02-15T06:08:58.209+0000] {spark_submit.py:641} INFO - |      66174|       Technology| region_7|Masters & above|     m|              other|              1| 51|                   4|               11|                    0|         0|                75|
[2025-02-15T06:08:58.210+0000] {spark_submit.py:641} INFO - |      76303|       Technology|region_22|      Bachelors|     m|           sourcing|              1| 29|                   5|                2|                    1|         0|                76|
[2025-02-15T06:08:58.210+0000] {spark_submit.py:641} INFO - |      60245|Sales & Marketing|region_16|      Bachelors|     m|           sourcing|              2| 40|                   5|               12|                    1|         0|                50|
[2025-02-15T06:08:58.211+0000] {spark_submit.py:641} INFO - |      42639|Sales & Marketing|region_17|Masters & above|     m|           sourcing|              1| 40|                   3|               10|                    0|         0|                46|
[2025-02-15T06:08:58.212+0000] {spark_submit.py:641} INFO - |      30963|Sales & Marketing| region_4|Masters & above|     f|              other|              1| 34|                   3|                4|                    0|         0|                52|
[2025-02-15T06:08:58.213+0000] {spark_submit.py:641} INFO - |      54055|        Analytics|region_24|      Bachelors|     m|              other|              1| 37|                   3|               10|                    0|         0|                82|
[2025-02-15T06:08:58.214+0000] {spark_submit.py:641} INFO - |      42996|       Operations|region_11|      Bachelors|     m|           sourcing|              1| 30|                   5|                6|                    1|         0|                58|
[2025-02-15T06:08:58.216+0000] {spark_submit.py:641} INFO - |      12737|Sales & Marketing| region_7|      Bachelors|     m|           sourcing|              1| 31|                   4|                4|                    1|         0|                47|
[2025-02-15T06:08:58.218+0000] {spark_submit.py:641} INFO - |      27561|       Operations|region_27|      Bachelors|     f|           sourcing|              1| 26|                   5|                3|                    0|         0|                56|
[2025-02-15T06:08:58.219+0000] {spark_submit.py:641} INFO - |      26622|Sales & Marketing|region_17|      Bachelors|     m|           sourcing|              1| 40|                   5|                6|                    1|         0|                50|
[2025-02-15T06:08:58.220+0000] {spark_submit.py:641} INFO - |      31582|      Procurement| region_7|      Bachelors|     f|              other|              1| 49|                   3|                7|                    1|         0|                64|
[2025-02-15T06:08:58.221+0000] {spark_submit.py:641} INFO - |      29793|      Procurement|region_27|      Bachelors|     m|              other|              1| 27|                   2|                5|                    0|         0|                65|
[2025-02-15T06:08:58.222+0000] {spark_submit.py:641} INFO - +-----------+-----------------+---------+---------------+------+-------------------+---------------+---+--------------------+-----------------+---------------------+----------+------------------+
[2025-02-15T06:08:58.223+0000] {spark_submit.py:641} INFO - only showing top 20 rows
[2025-02-15T06:08:58.224+0000] {spark_submit.py:641} INFO - 
[2025-02-15T06:08:58.412+0000] {taskinstance.py:340} INFO - ::group::Post task execution logs
[2025-02-15T06:08:58.415+0000] {taskinstance.py:352} INFO - Marking task as SUCCESS. dag_id=***_elt_dag, task_id=etl_task, run_id=manual__2025-02-15T06:08:26.445958+00:00, execution_date=20250215T060826, start_date=20250215T060829, end_date=20250215T060858
[2025-02-15T06:08:58.471+0000] {local_task_job_runner.py:266} INFO - Task exited with return code 0
[2025-02-15T06:08:58.504+0000] {taskinstance.py:3895} INFO - 0 downstream tasks scheduled from follow-on schedule check
[2025-02-15T06:08:58.508+0000] {local_task_job_runner.py:245} INFO - ::endgroup::
