[2025-02-22T01:00:01.779+0000] {local_task_job_runner.py:123} INFO - ::group::Pre task execution logs
[2025-02-22T01:00:01.828+0000] {taskinstance.py:2614} INFO - Dependencies all met for dep_context=non-requeueable deps ti=<TaskInstance: finprode8_v2_etl_dag.load_task manual__2025-02-22T00:59:13.297953+00:00 [queued]>
[2025-02-22T01:00:01.851+0000] {taskinstance.py:2614} INFO - Dependencies all met for dep_context=requeueable deps ti=<TaskInstance: finprode8_v2_etl_dag.load_task manual__2025-02-22T00:59:13.297953+00:00 [queued]>
[2025-02-22T01:00:01.854+0000] {taskinstance.py:2867} INFO - Starting attempt 1 of 1
[2025-02-22T01:00:01.889+0000] {taskinstance.py:2890} INFO - Executing <Task(SparkSubmitOperator): load_task> on 2025-02-22 00:59:13.297953+00:00
[2025-02-22T01:00:01.900+0000] {standard_task_runner.py:72} INFO - Started process 14118 to run task
[2025-02-22T01:00:01.908+0000] {standard_task_runner.py:104} INFO - Running: ['airflow', 'tasks', 'run', '***_v2_etl_dag', 'load_task', 'manual__2025-02-22T00:59:13.297953+00:00', '--job-id', '89', '--raw', '--subdir', 'DAGS_FOLDER/***_v2_etl_dag.py', '--cfg-path', '/tmp/tmpbexw4z2g']
[2025-02-22T01:00:01.914+0000] {standard_task_runner.py:105} INFO - Job 89: Subtask load_task
[2025-02-22T01:00:01.946+0000] {logging_mixin.py:190} WARNING - /home/airflow/.local/lib/python3.9/site-packages/airflow/settings.py:209 DeprecationWarning: The sql_alchemy_conn option in [core] has been moved to the sql_alchemy_conn option in [database] - the old setting has been used, but please update your config.
[2025-02-22T01:00:02.001+0000] {task_command.py:467} INFO - Running <TaskInstance: finprode8_v2_etl_dag.load_task manual__2025-02-22T00:59:13.297953+00:00 [running]> on host ***-airflow-scheduler
[2025-02-22T01:00:02.099+0000] {taskinstance.py:3134} INFO - Exporting env vars: AIRFLOW_CTX_DAG_OWNER='ratih malini' AIRFLOW_CTX_DAG_ID='***_v2_etl_dag' AIRFLOW_CTX_TASK_ID='load_task' AIRFLOW_CTX_EXECUTION_DATE='2025-02-22T00:59:13.297953+00:00' AIRFLOW_CTX_TRY_NUMBER='1' AIRFLOW_CTX_DAG_RUN_ID='manual__2025-02-22T00:59:13.297953+00:00'
[2025-02-22T01:00:02.101+0000] {taskinstance.py:732} INFO - ::endgroup::
[2025-02-22T01:00:02.188+0000] {base.py:84} INFO - Retrieving connection 'spark_main'
[2025-02-22T01:00:02.197+0000] {spark_submit.py:474} INFO - Spark-Submit cmd: spark-submit --master spark://***-spark-master:7077 --packages org.postgresql:postgresql:42.2.18 --name arrow-spark /spark-scripts/***_v2_load.py
[2025-02-22T01:00:05.631+0000] {spark_submit.py:641} INFO - :: loading settings :: url = jar:file:/home/airflow/.local/lib/python3.9/site-packages/pyspark/jars/ivy-2.5.1.jar!/org/apache/ivy/core/settings/ivysettings.xml
[2025-02-22T01:00:05.787+0000] {spark_submit.py:641} INFO - Ivy Default Cache set to: /home/airflow/.ivy2/cache
[2025-02-22T01:00:05.790+0000] {spark_submit.py:641} INFO - The jars for the packages stored in: /home/airflow/.ivy2/jars
[2025-02-22T01:00:05.793+0000] {spark_submit.py:641} INFO - org.postgresql#postgresql added as a dependency
[2025-02-22T01:00:05.795+0000] {spark_submit.py:641} INFO - :: resolving dependencies :: org.apache.spark#spark-submit-parent-50e80163-8cb1-4fa3-90e2-981134fda535;1.0
[2025-02-22T01:00:05.797+0000] {spark_submit.py:641} INFO - confs: [default]
[2025-02-22T01:00:05.992+0000] {spark_submit.py:641} INFO - found org.postgresql#postgresql;42.2.18 in central
[2025-02-22T01:00:06.014+0000] {spark_submit.py:641} INFO - found org.checkerframework#checker-qual;3.5.0 in central
[2025-02-22T01:00:06.032+0000] {spark_submit.py:641} INFO - :: resolution report :: resolve 230ms :: artifacts dl 8ms
[2025-02-22T01:00:06.034+0000] {spark_submit.py:641} INFO - :: modules in use:
[2025-02-22T01:00:06.036+0000] {spark_submit.py:641} INFO - org.checkerframework#checker-qual;3.5.0 from central in [default]
[2025-02-22T01:00:06.038+0000] {spark_submit.py:641} INFO - org.postgresql#postgresql;42.2.18 from central in [default]
[2025-02-22T01:00:06.039+0000] {spark_submit.py:641} INFO - ---------------------------------------------------------------------
[2025-02-22T01:00:06.041+0000] {spark_submit.py:641} INFO - |                  |            modules            ||   artifacts   |
[2025-02-22T01:00:06.043+0000] {spark_submit.py:641} INFO - |       conf       | number| search|dwnlded|evicted|| number|dwnlded|
[2025-02-22T01:00:06.045+0000] {spark_submit.py:641} INFO - ---------------------------------------------------------------------
[2025-02-22T01:00:06.047+0000] {spark_submit.py:641} INFO - |      default     |   2   |   0   |   0   |   0   ||   2   |   0   |
[2025-02-22T01:00:06.049+0000] {spark_submit.py:641} INFO - ---------------------------------------------------------------------
[2025-02-22T01:00:06.051+0000] {spark_submit.py:641} INFO - :: retrieving :: org.apache.spark#spark-submit-parent-50e80163-8cb1-4fa3-90e2-981134fda535
[2025-02-22T01:00:06.052+0000] {spark_submit.py:641} INFO - confs: [default]
[2025-02-22T01:00:06.054+0000] {spark_submit.py:641} INFO - 0 artifacts copied, 2 already retrieved (0kB/6ms)
[2025-02-22T01:00:06.417+0000] {spark_submit.py:641} INFO - 25/02/22 01:00:06 WARN NativeCodeLoader: Unable to load native-hadoop library for your platform... using builtin-java classes where applicable
[2025-02-22T01:00:07.930+0000] {spark_submit.py:641} INFO - 25/02/22 01:00:07 INFO SparkContext: Running Spark version 3.3.2
[2025-02-22T01:00:07.963+0000] {spark_submit.py:641} INFO - 25/02/22 01:00:07 INFO ResourceUtils: ==============================================================
[2025-02-22T01:00:07.966+0000] {spark_submit.py:641} INFO - 25/02/22 01:00:07 INFO ResourceUtils: No custom resources configured for spark.driver.
[2025-02-22T01:00:07.967+0000] {spark_submit.py:641} INFO - 25/02/22 01:00:07 INFO ResourceUtils: ==============================================================
[2025-02-22T01:00:07.969+0000] {spark_submit.py:641} INFO - 25/02/22 01:00:07 INFO SparkContext: Submitted application: ***_load
[2025-02-22T01:00:07.995+0000] {spark_submit.py:641} INFO - 25/02/22 01:00:07 INFO ResourceProfile: Default ResourceProfile created, executor resources: Map(cores -> name: cores, amount: 1, script: , vendor: , memory -> name: memory, amount: 1024, script: , vendor: , offHeap -> name: offHeap, amount: 0, script: , vendor: ), task resources: Map(cpus -> name: cpus, amount: 1.0)
[2025-02-22T01:00:08.008+0000] {spark_submit.py:641} INFO - 25/02/22 01:00:08 INFO ResourceProfile: Limiting resource is cpu
[2025-02-22T01:00:08.011+0000] {spark_submit.py:641} INFO - 25/02/22 01:00:08 INFO ResourceProfileManager: Added ResourceProfile id: 0
[2025-02-22T01:00:08.102+0000] {spark_submit.py:641} INFO - 25/02/22 01:00:08 INFO SecurityManager: Changing view acls to: airflow
[2025-02-22T01:00:08.104+0000] {spark_submit.py:641} INFO - 25/02/22 01:00:08 INFO SecurityManager: Changing modify acls to: airflow
[2025-02-22T01:00:08.107+0000] {spark_submit.py:641} INFO - 25/02/22 01:00:08 INFO SecurityManager: Changing view acls groups to:
[2025-02-22T01:00:08.109+0000] {spark_submit.py:641} INFO - 25/02/22 01:00:08 INFO SecurityManager: Changing modify acls groups to:
[2025-02-22T01:00:08.111+0000] {spark_submit.py:641} INFO - 25/02/22 01:00:08 INFO SecurityManager: SecurityManager: authentication disabled; ui acls disabled; users  with view permissions: Set(airflow); groups with view permissions: Set(); users  with modify permissions: Set(airflow); groups with modify permissions: Set()
[2025-02-22T01:00:08.638+0000] {spark_submit.py:641} INFO - 25/02/22 01:00:08 INFO Utils: Successfully started service 'sparkDriver' on port 37203.
[2025-02-22T01:00:08.678+0000] {spark_submit.py:641} INFO - 25/02/22 01:00:08 INFO SparkEnv: Registering MapOutputTracker
[2025-02-22T01:00:08.724+0000] {spark_submit.py:641} INFO - 25/02/22 01:00:08 INFO SparkEnv: Registering BlockManagerMaster
[2025-02-22T01:00:08.770+0000] {spark_submit.py:641} INFO - 25/02/22 01:00:08 INFO BlockManagerMasterEndpoint: Using org.apache.spark.storage.DefaultTopologyMapper for getting topology information
[2025-02-22T01:00:08.773+0000] {spark_submit.py:641} INFO - 25/02/22 01:00:08 INFO BlockManagerMasterEndpoint: BlockManagerMasterEndpoint up
[2025-02-22T01:00:08.788+0000] {spark_submit.py:641} INFO - 25/02/22 01:00:08 INFO SparkEnv: Registering BlockManagerMasterHeartbeat
[2025-02-22T01:00:08.827+0000] {spark_submit.py:641} INFO - 25/02/22 01:00:08 INFO DiskBlockManager: Created local directory at /tmp/blockmgr-ec44a6b0-773f-4cd5-a9de-2d88dafb7bb9
[2025-02-22T01:00:08.849+0000] {spark_submit.py:641} INFO - 25/02/22 01:00:08 INFO MemoryStore: MemoryStore started with capacity 434.4 MiB
[2025-02-22T01:00:08.871+0000] {spark_submit.py:641} INFO - 25/02/22 01:00:08 INFO SparkEnv: Registering OutputCommitCoordinator
[2025-02-22T01:00:09.165+0000] {spark_submit.py:641} INFO - 25/02/22 01:00:09 INFO Utils: Successfully started service 'SparkUI' on port 4040.
[2025-02-22T01:00:09.202+0000] {spark_submit.py:641} INFO - 25/02/22 01:00:09 INFO SparkContext: Added JAR file:///home/airflow/.ivy2/jars/org.postgresql_postgresql-42.2.18.jar at spark://***-airflow-scheduler:37203/jars/org.postgresql_postgresql-42.2.18.jar with timestamp 1740186007915
[2025-02-22T01:00:09.205+0000] {spark_submit.py:641} INFO - 25/02/22 01:00:09 INFO SparkContext: Added JAR file:///home/airflow/.ivy2/jars/org.checkerframework_checker-qual-3.5.0.jar at spark://***-airflow-scheduler:37203/jars/org.checkerframework_checker-qual-3.5.0.jar with timestamp 1740186007915
[2025-02-22T01:00:09.206+0000] {spark_submit.py:641} INFO - 25/02/22 01:00:09 INFO SparkContext: Added file file:///home/airflow/.ivy2/jars/org.postgresql_postgresql-42.2.18.jar at file:///home/airflow/.ivy2/jars/org.postgresql_postgresql-42.2.18.jar with timestamp 1740186007915
[2025-02-22T01:00:09.209+0000] {spark_submit.py:641} INFO - 25/02/22 01:00:09 INFO Utils: Copying /home/airflow/.ivy2/jars/org.postgresql_postgresql-42.2.18.jar to /tmp/spark-ae855e11-fbf6-46db-8c66-96ada14c5053/userFiles-c7d8eecf-d961-47cd-ad45-5825ab593b5b/org.postgresql_postgresql-42.2.18.jar
[2025-02-22T01:00:09.231+0000] {spark_submit.py:641} INFO - 25/02/22 01:00:09 INFO SparkContext: Added file file:///home/airflow/.ivy2/jars/org.checkerframework_checker-qual-3.5.0.jar at file:///home/airflow/.ivy2/jars/org.checkerframework_checker-qual-3.5.0.jar with timestamp 1740186007915
[2025-02-22T01:00:09.234+0000] {spark_submit.py:641} INFO - 25/02/22 01:00:09 INFO Utils: Copying /home/airflow/.ivy2/jars/org.checkerframework_checker-qual-3.5.0.jar to /tmp/spark-ae855e11-fbf6-46db-8c66-96ada14c5053/userFiles-c7d8eecf-d961-47cd-ad45-5825ab593b5b/org.checkerframework_checker-qual-3.5.0.jar
[2025-02-22T01:00:09.341+0000] {spark_submit.py:641} INFO - 25/02/22 01:00:09 INFO Executor: Starting executor ID driver on host ***-airflow-scheduler
[2025-02-22T01:00:09.350+0000] {spark_submit.py:641} INFO - 25/02/22 01:00:09 INFO Executor: Starting executor with user classpath (userClassPathFirst = false): ''
[2025-02-22T01:00:09.363+0000] {spark_submit.py:641} INFO - 25/02/22 01:00:09 INFO Executor: Fetching file:///home/airflow/.ivy2/jars/org.postgresql_postgresql-42.2.18.jar with timestamp 1740186007915
[2025-02-22T01:00:09.391+0000] {spark_submit.py:641} INFO - 25/02/22 01:00:09 INFO Utils: /home/airflow/.ivy2/jars/org.postgresql_postgresql-42.2.18.jar has been previously copied to /tmp/spark-ae855e11-fbf6-46db-8c66-96ada14c5053/userFiles-c7d8eecf-d961-47cd-ad45-5825ab593b5b/org.postgresql_postgresql-42.2.18.jar
[2025-02-22T01:00:09.404+0000] {spark_submit.py:641} INFO - 25/02/22 01:00:09 INFO Executor: Fetching file:///home/airflow/.ivy2/jars/org.checkerframework_checker-qual-3.5.0.jar with timestamp 1740186007915
[2025-02-22T01:00:09.406+0000] {spark_submit.py:641} INFO - 25/02/22 01:00:09 INFO Utils: /home/airflow/.ivy2/jars/org.checkerframework_checker-qual-3.5.0.jar has been previously copied to /tmp/spark-ae855e11-fbf6-46db-8c66-96ada14c5053/userFiles-c7d8eecf-d961-47cd-ad45-5825ab593b5b/org.checkerframework_checker-qual-3.5.0.jar
[2025-02-22T01:00:09.414+0000] {spark_submit.py:641} INFO - 25/02/22 01:00:09 INFO Executor: Fetching spark://***-airflow-scheduler:37203/jars/org.checkerframework_checker-qual-3.5.0.jar with timestamp 1740186007915
[2025-02-22T01:00:09.458+0000] {spark_submit.py:641} INFO - 25/02/22 01:00:09 INFO TransportClientFactory: Successfully created connection to ***-airflow-scheduler/172.19.0.5:37203 after 27 ms (0 ms spent in bootstraps)
[2025-02-22T01:00:09.463+0000] {spark_submit.py:641} INFO - 25/02/22 01:00:09 INFO Utils: Fetching spark://***-airflow-scheduler:37203/jars/org.checkerframework_checker-qual-3.5.0.jar to /tmp/spark-ae855e11-fbf6-46db-8c66-96ada14c5053/userFiles-c7d8eecf-d961-47cd-ad45-5825ab593b5b/fetchFileTemp674473552107349844.tmp
[2025-02-22T01:00:09.497+0000] {spark_submit.py:641} INFO - 25/02/22 01:00:09 INFO Utils: /tmp/spark-ae855e11-fbf6-46db-8c66-96ada14c5053/userFiles-c7d8eecf-d961-47cd-ad45-5825ab593b5b/fetchFileTemp674473552107349844.tmp has been previously copied to /tmp/spark-ae855e11-fbf6-46db-8c66-96ada14c5053/userFiles-c7d8eecf-d961-47cd-ad45-5825ab593b5b/org.checkerframework_checker-qual-3.5.0.jar
[2025-02-22T01:00:09.503+0000] {spark_submit.py:641} INFO - 25/02/22 01:00:09 INFO Executor: Adding file:/tmp/spark-ae855e11-fbf6-46db-8c66-96ada14c5053/userFiles-c7d8eecf-d961-47cd-ad45-5825ab593b5b/org.checkerframework_checker-qual-3.5.0.jar to class loader
[2025-02-22T01:00:09.505+0000] {spark_submit.py:641} INFO - 25/02/22 01:00:09 INFO Executor: Fetching spark://***-airflow-scheduler:37203/jars/org.postgresql_postgresql-42.2.18.jar with timestamp 1740186007915
[2025-02-22T01:00:09.506+0000] {spark_submit.py:641} INFO - 25/02/22 01:00:09 INFO Utils: Fetching spark://***-airflow-scheduler:37203/jars/org.postgresql_postgresql-42.2.18.jar to /tmp/spark-ae855e11-fbf6-46db-8c66-96ada14c5053/userFiles-c7d8eecf-d961-47cd-ad45-5825ab593b5b/fetchFileTemp371225571085731317.tmp
[2025-02-22T01:00:09.515+0000] {spark_submit.py:641} INFO - 25/02/22 01:00:09 INFO Utils: /tmp/spark-ae855e11-fbf6-46db-8c66-96ada14c5053/userFiles-c7d8eecf-d961-47cd-ad45-5825ab593b5b/fetchFileTemp371225571085731317.tmp has been previously copied to /tmp/spark-ae855e11-fbf6-46db-8c66-96ada14c5053/userFiles-c7d8eecf-d961-47cd-ad45-5825ab593b5b/org.postgresql_postgresql-42.2.18.jar
[2025-02-22T01:00:09.522+0000] {spark_submit.py:641} INFO - 25/02/22 01:00:09 INFO Executor: Adding file:/tmp/spark-ae855e11-fbf6-46db-8c66-96ada14c5053/userFiles-c7d8eecf-d961-47cd-ad45-5825ab593b5b/org.postgresql_postgresql-42.2.18.jar to class loader
[2025-02-22T01:00:09.529+0000] {spark_submit.py:641} INFO - 25/02/22 01:00:09 INFO Utils: Successfully started service 'org.apache.spark.network.netty.NettyBlockTransferService' on port 42125.
[2025-02-22T01:00:09.531+0000] {spark_submit.py:641} INFO - 25/02/22 01:00:09 INFO NettyBlockTransferService: Server created on ***-airflow-scheduler:42125
[2025-02-22T01:00:09.533+0000] {spark_submit.py:641} INFO - 25/02/22 01:00:09 INFO BlockManager: Using org.apache.spark.storage.RandomBlockReplicationPolicy for block replication policy
[2025-02-22T01:00:09.541+0000] {spark_submit.py:641} INFO - 25/02/22 01:00:09 INFO BlockManagerMaster: Registering BlockManager BlockManagerId(driver, ***-airflow-scheduler, 42125, None)
[2025-02-22T01:00:09.546+0000] {spark_submit.py:641} INFO - 25/02/22 01:00:09 INFO BlockManagerMasterEndpoint: Registering block manager ***-airflow-scheduler:42125 with 434.4 MiB RAM, BlockManagerId(driver, ***-airflow-scheduler, 42125, None)
[2025-02-22T01:00:09.549+0000] {spark_submit.py:641} INFO - 25/02/22 01:00:09 INFO BlockManagerMaster: Registered BlockManager BlockManagerId(driver, ***-airflow-scheduler, 42125, None)
[2025-02-22T01:00:09.551+0000] {spark_submit.py:641} INFO - 25/02/22 01:00:09 INFO BlockManager: Initialized BlockManager: BlockManagerId(driver, ***-airflow-scheduler, 42125, None)
[2025-02-22T01:00:20.660+0000] {spark_submit.py:641} INFO - ---------------- MENAMPILKAN DATA HASIL LOAD KE POSTGRES ----------------
[2025-02-22T01:00:21.084+0000] {spark_submit.py:641} INFO - +-----------+-----------------+---------+---------------+------+-------------------+---------------+---+--------------------+-----------------+---------------------+----------+------------------+
[2025-02-22T01:00:21.092+0000] {spark_submit.py:641} INFO - |employee_id|       department|   region|      education|gender|recruitment_channel|no_of_trainings|age|previous_year_rating|length_of_service|KPIs_met_more_than_80|awards_won|avg_training_score|
[2025-02-22T01:00:21.093+0000] {spark_submit.py:641} INFO - +-----------+-----------------+---------+---------------+------+-------------------+---------------+---+--------------------+-----------------+---------------------+----------+------------------+
[2025-02-22T01:00:21.095+0000] {spark_submit.py:641} INFO - |          3|      Procurement|region_22|Masters & above|     f|              other|              1| 38|                   5|                4|                    1|         0|                67|
[2025-02-22T01:00:21.096+0000] {spark_submit.py:641} INFO - |          6|Sales & Marketing|region_15|      Bachelors|     f|              other|              1| 38|                   3|               10|                    0|         0|                50|
[2025-02-22T01:00:21.098+0000] {spark_submit.py:641} INFO - |         11|       Technology| region_4|Masters & above|     f|           sourcing|              1| 39|                   4|               12|                    1|         0|                72|
[2025-02-22T01:00:21.112+0000] {spark_submit.py:641} INFO - |         13|Sales & Marketing|region_17|      Bachelors|     m|              other|              1| 38|                   1|                5|                    1|         0|                47|
[2025-02-22T01:00:21.115+0000] {spark_submit.py:641} INFO - |         16|Sales & Marketing| region_4|Masters & above|     m|           sourcing|              1| 40|                   5|                5|                    0|         0|                53|
[2025-02-22T01:00:21.117+0000] {spark_submit.py:641} INFO - |         17|Sales & Marketing| region_7|      Bachelors|     m|           sourcing|              1| 50|                   5|               13|                    0|         0|                47|
[2025-02-22T01:00:21.119+0000] {spark_submit.py:641} INFO - |         19|               HR| region_2|Masters & above|     f|              other|              1| 50|                   4|                7|                    1|         0|                45|
[2025-02-22T01:00:21.121+0000] {spark_submit.py:641} INFO - |         20|        Analytics|region_21|      Bachelors|     m|           sourcing|              1| 27|                   0|                1|                    1|         0|                89|
[2025-02-22T01:00:21.122+0000] {spark_submit.py:641} INFO - |         21|        Analytics| region_8|      Bachelors|     m|           sourcing|              2| 28|                   2|                3|                    1|         0|                85|
[2025-02-22T01:00:21.124+0000] {spark_submit.py:641} INFO - |         22|       Technology| region_2|Masters & above|     f|              other|              1| 57|                   4|               18|                    1|         0|                77|
[2025-02-22T01:00:21.125+0000] {spark_submit.py:641} INFO - |         23|Sales & Marketing|region_16|      Bachelors|     f|           sourcing|              1| 42|                   1|                3|                    0|         0|                46|
[2025-02-22T01:00:21.126+0000] {spark_submit.py:641} INFO - |         24|               HR|region_28|Masters & above|     f|              other|              1| 32|                   1|                5|                    1|         0|                51|
[2025-02-22T01:00:21.129+0000] {spark_submit.py:641} INFO - |         27|Sales & Marketing|region_16|      Bachelors|     m|           sourcing|              1| 29|                   2|                6|                    0|         0|                51|
[2025-02-22T01:00:21.131+0000] {spark_submit.py:641} INFO - |         29|        Analytics| region_7|      Bachelors|     m|              other|              1| 28|                   0|                1|                    1|         0|                85|
[2025-02-22T01:00:21.132+0000] {spark_submit.py:641} INFO - |         31|Sales & Marketing|region_15|      Bachelors|     f|              other|              1| 29|                   3|                5|                    1|         0|                49|
[2025-02-22T01:00:21.134+0000] {spark_submit.py:641} INFO - |         40|       Operations| region_7|Masters & above|     f|              other|              1| 34|                   1|                4|                    0|         0|                65|
[2025-02-22T01:00:21.135+0000] {spark_submit.py:641} INFO - |         50|Sales & Marketing|region_19|      Bachelors|     m|              other|              1| 32|                   1|                3|                    0|         0|                48|
[2025-02-22T01:00:21.137+0000] {spark_submit.py:641} INFO - |         55|       Operations|region_19|Masters & above|     f|           sourcing|              1| 33|                   5|                3|                    0|         0|                61|
[2025-02-22T01:00:21.138+0000] {spark_submit.py:641} INFO - |         63|Sales & Marketing| region_8|Masters & above|     m|           sourcing|              1| 35|                   5|                8|                    0|         0|                52|
[2025-02-22T01:00:21.139+0000] {spark_submit.py:641} INFO - |         64|        Analytics| region_4|      Bachelors|     m|              other|              1| 42|                   5|               11|                    1|         0|                80|
[2025-02-22T01:00:21.142+0000] {spark_submit.py:641} INFO - +-----------+-----------------+---------+---------------+------+-------------------+---------------+---+--------------------+-----------------+---------------------+----------+------------------+
[2025-02-22T01:00:21.143+0000] {spark_submit.py:641} INFO - only showing top 20 rows
[2025-02-22T01:00:21.145+0000] {spark_submit.py:641} INFO - 
[2025-02-22T01:00:21.636+0000] {spark_submit.py:641} INFO - Jumlah baris dalam DataFrame: 17415
[2025-02-22T01:00:21.638+0000] {spark_submit.py:641} INFO - Load data berhasil.
[2025-02-22T01:00:22.296+0000] {taskinstance.py:341} INFO - ::group::Post task execution logs
[2025-02-22T01:00:22.299+0000] {taskinstance.py:353} INFO - Marking task as SUCCESS. dag_id=***_v2_etl_dag, task_id=load_task, run_id=manual__2025-02-22T00:59:13.297953+00:00, execution_date=20250222T005913, start_date=20250222T010001, end_date=20250222T010022
[2025-02-22T01:00:22.412+0000] {local_task_job_runner.py:266} INFO - Task exited with return code 0
[2025-02-22T01:00:22.456+0000] {taskinstance.py:3901} INFO - 0 downstream tasks scheduled from follow-on schedule check
[2025-02-22T01:00:22.462+0000] {local_task_job_runner.py:245} INFO - ::endgroup::
