[2025-02-21T20:13:52.845+0000] {local_task_job_runner.py:123} INFO - ::group::Pre task execution logs
[2025-02-21T20:13:52.868+0000] {taskinstance.py:2614} INFO - Dependencies all met for dep_context=non-requeueable deps ti=<TaskInstance: finprode8_v2_etl_dag.load_task manual__2025-02-21T20:07:47.207700+00:00 [queued]>
[2025-02-21T20:13:52.878+0000] {taskinstance.py:2614} INFO - Dependencies all met for dep_context=requeueable deps ti=<TaskInstance: finprode8_v2_etl_dag.load_task manual__2025-02-21T20:07:47.207700+00:00 [queued]>
[2025-02-21T20:13:52.880+0000] {taskinstance.py:2867} INFO - Starting attempt 3 of 3
[2025-02-21T20:13:52.893+0000] {taskinstance.py:2890} INFO - Executing <Task(SparkSubmitOperator): load_task> on 2025-02-21 20:07:47.207700+00:00
[2025-02-21T20:13:52.900+0000] {standard_task_runner.py:72} INFO - Started process 6670 to run task
[2025-02-21T20:13:52.904+0000] {standard_task_runner.py:104} INFO - Running: ['airflow', 'tasks', 'run', '***_v2_etl_dag', 'load_task', 'manual__2025-02-21T20:07:47.207700+00:00', '--job-id', '69', '--raw', '--subdir', 'DAGS_FOLDER/***_v2_etl_dag.py', '--cfg-path', '/tmp/tmpmnjqe5is']
[2025-02-21T20:13:52.908+0000] {standard_task_runner.py:105} INFO - Job 69: Subtask load_task
[2025-02-21T20:13:52.926+0000] {logging_mixin.py:190} WARNING - /home/airflow/.local/lib/python3.9/site-packages/airflow/settings.py:209 DeprecationWarning: The sql_alchemy_conn option in [core] has been moved to the sql_alchemy_conn option in [database] - the old setting has been used, but please update your config.
[2025-02-21T20:13:52.966+0000] {task_command.py:467} INFO - Running <TaskInstance: finprode8_v2_etl_dag.load_task manual__2025-02-21T20:07:47.207700+00:00 [running]> on host ***-airflow-scheduler
[2025-02-21T20:13:53.057+0000] {taskinstance.py:3134} INFO - Exporting env vars: AIRFLOW_CTX_DAG_OWNER='ratih malini' AIRFLOW_CTX_DAG_ID='***_v2_etl_dag' AIRFLOW_CTX_TASK_ID='load_task' AIRFLOW_CTX_EXECUTION_DATE='2025-02-21T20:07:47.207700+00:00' AIRFLOW_CTX_TRY_NUMBER='3' AIRFLOW_CTX_DAG_RUN_ID='manual__2025-02-21T20:07:47.207700+00:00'
[2025-02-21T20:13:53.059+0000] {taskinstance.py:732} INFO - ::endgroup::
[2025-02-21T20:13:53.111+0000] {base.py:84} INFO - Retrieving connection 'spark_main'
[2025-02-21T20:13:53.114+0000] {spark_submit.py:474} INFO - Spark-Submit cmd: spark-submit --master spark://***-spark-master:7077 --packages org.postgresql:postgresql:42.2.18 --name arrow-spark /spark-scripts/***_v2_load.py
[2025-02-21T20:13:55.319+0000] {spark_submit.py:641} INFO - :: loading settings :: url = jar:file:/home/airflow/.local/lib/python3.9/site-packages/pyspark/jars/ivy-2.5.1.jar!/org/apache/ivy/core/settings/ivysettings.xml
[2025-02-21T20:13:55.429+0000] {spark_submit.py:641} INFO - Ivy Default Cache set to: /home/airflow/.ivy2/cache
[2025-02-21T20:13:55.432+0000] {spark_submit.py:641} INFO - The jars for the packages stored in: /home/airflow/.ivy2/jars
[2025-02-21T20:13:55.435+0000] {spark_submit.py:641} INFO - org.postgresql#postgresql added as a dependency
[2025-02-21T20:13:55.437+0000] {spark_submit.py:641} INFO - :: resolving dependencies :: org.apache.spark#spark-submit-parent-681a6eea-acb7-434b-afaf-f29e67159105;1.0
[2025-02-21T20:13:55.439+0000] {spark_submit.py:641} INFO - confs: [default]
[2025-02-21T20:13:55.569+0000] {spark_submit.py:641} INFO - found org.postgresql#postgresql;42.2.18 in central
[2025-02-21T20:13:55.594+0000] {spark_submit.py:641} INFO - found org.checkerframework#checker-qual;3.5.0 in central
[2025-02-21T20:13:55.610+0000] {spark_submit.py:641} INFO - :: resolution report :: resolve 166ms :: artifacts dl 8ms
[2025-02-21T20:13:55.612+0000] {spark_submit.py:641} INFO - :: modules in use:
[2025-02-21T20:13:55.613+0000] {spark_submit.py:641} INFO - org.checkerframework#checker-qual;3.5.0 from central in [default]
[2025-02-21T20:13:55.615+0000] {spark_submit.py:641} INFO - org.postgresql#postgresql;42.2.18 from central in [default]
[2025-02-21T20:13:55.617+0000] {spark_submit.py:641} INFO - ---------------------------------------------------------------------
[2025-02-21T20:13:55.619+0000] {spark_submit.py:641} INFO - |                  |            modules            ||   artifacts   |
[2025-02-21T20:13:55.620+0000] {spark_submit.py:641} INFO - |       conf       | number| search|dwnlded|evicted|| number|dwnlded|
[2025-02-21T20:13:55.621+0000] {spark_submit.py:641} INFO - ---------------------------------------------------------------------
[2025-02-21T20:13:55.623+0000] {spark_submit.py:641} INFO - |      default     |   2   |   0   |   0   |   0   ||   2   |   0   |
[2025-02-21T20:13:55.624+0000] {spark_submit.py:641} INFO - ---------------------------------------------------------------------
[2025-02-21T20:13:55.626+0000] {spark_submit.py:641} INFO - :: retrieving :: org.apache.spark#spark-submit-parent-681a6eea-acb7-434b-afaf-f29e67159105
[2025-02-21T20:13:55.627+0000] {spark_submit.py:641} INFO - confs: [default]
[2025-02-21T20:13:55.629+0000] {spark_submit.py:641} INFO - 0 artifacts copied, 2 already retrieved (0kB/6ms)
[2025-02-21T20:13:55.978+0000] {spark_submit.py:641} INFO - 25/02/21 20:13:55 WARN NativeCodeLoader: Unable to load native-hadoop library for your platform... using builtin-java classes where applicable
[2025-02-21T20:13:57.165+0000] {spark_submit.py:641} INFO - 25/02/21 20:13:57 INFO SparkContext: Running Spark version 3.3.2
[2025-02-21T20:13:57.186+0000] {spark_submit.py:641} INFO - 25/02/21 20:13:57 INFO ResourceUtils: ==============================================================
[2025-02-21T20:13:57.188+0000] {spark_submit.py:641} INFO - 25/02/21 20:13:57 INFO ResourceUtils: No custom resources configured for spark.driver.
[2025-02-21T20:13:57.190+0000] {spark_submit.py:641} INFO - 25/02/21 20:13:57 INFO ResourceUtils: ==============================================================
[2025-02-21T20:13:57.191+0000] {spark_submit.py:641} INFO - 25/02/21 20:13:57 INFO SparkContext: Submitted application: ***_load
[2025-02-21T20:13:57.218+0000] {spark_submit.py:641} INFO - 25/02/21 20:13:57 INFO ResourceProfile: Default ResourceProfile created, executor resources: Map(cores -> name: cores, amount: 1, script: , vendor: , memory -> name: memory, amount: 1024, script: , vendor: , offHeap -> name: offHeap, amount: 0, script: , vendor: ), task resources: Map(cpus -> name: cpus, amount: 1.0)
[2025-02-21T20:13:57.225+0000] {spark_submit.py:641} INFO - 25/02/21 20:13:57 INFO ResourceProfile: Limiting resource is cpu
[2025-02-21T20:13:57.227+0000] {spark_submit.py:641} INFO - 25/02/21 20:13:57 INFO ResourceProfileManager: Added ResourceProfile id: 0
[2025-02-21T20:13:57.296+0000] {spark_submit.py:641} INFO - 25/02/21 20:13:57 INFO SecurityManager: Changing view acls to: airflow
[2025-02-21T20:13:57.297+0000] {spark_submit.py:641} INFO - 25/02/21 20:13:57 INFO SecurityManager: Changing modify acls to: airflow
[2025-02-21T20:13:57.298+0000] {spark_submit.py:641} INFO - 25/02/21 20:13:57 INFO SecurityManager: Changing view acls groups to:
[2025-02-21T20:13:57.299+0000] {spark_submit.py:641} INFO - 25/02/21 20:13:57 INFO SecurityManager: Changing modify acls groups to:
[2025-02-21T20:13:57.300+0000] {spark_submit.py:641} INFO - 25/02/21 20:13:57 INFO SecurityManager: SecurityManager: authentication disabled; ui acls disabled; users  with view permissions: Set(airflow); groups with view permissions: Set(); users  with modify permissions: Set(airflow); groups with modify permissions: Set()
[2025-02-21T20:13:57.575+0000] {spark_submit.py:641} INFO - 25/02/21 20:13:57 INFO Utils: Successfully started service 'sparkDriver' on port 32829.
[2025-02-21T20:13:57.625+0000] {spark_submit.py:641} INFO - 25/02/21 20:13:57 INFO SparkEnv: Registering MapOutputTracker
[2025-02-21T20:13:57.663+0000] {spark_submit.py:641} INFO - 25/02/21 20:13:57 INFO SparkEnv: Registering BlockManagerMaster
[2025-02-21T20:13:57.690+0000] {spark_submit.py:641} INFO - 25/02/21 20:13:57 INFO BlockManagerMasterEndpoint: Using org.apache.spark.storage.DefaultTopologyMapper for getting topology information
[2025-02-21T20:13:57.692+0000] {spark_submit.py:641} INFO - 25/02/21 20:13:57 INFO BlockManagerMasterEndpoint: BlockManagerMasterEndpoint up
[2025-02-21T20:13:57.700+0000] {spark_submit.py:641} INFO - 25/02/21 20:13:57 INFO SparkEnv: Registering BlockManagerMasterHeartbeat
[2025-02-21T20:13:57.731+0000] {spark_submit.py:641} INFO - 25/02/21 20:13:57 INFO DiskBlockManager: Created local directory at /tmp/blockmgr-6eb18118-7383-4c61-bf7f-39866b4a26df
[2025-02-21T20:13:57.750+0000] {spark_submit.py:641} INFO - 25/02/21 20:13:57 INFO MemoryStore: MemoryStore started with capacity 434.4 MiB
[2025-02-21T20:13:57.768+0000] {spark_submit.py:641} INFO - 25/02/21 20:13:57 INFO SparkEnv: Registering OutputCommitCoordinator
[2025-02-21T20:13:58.050+0000] {spark_submit.py:641} INFO - 25/02/21 20:13:58 INFO Utils: Successfully started service 'SparkUI' on port 4040.
[2025-02-21T20:13:58.088+0000] {spark_submit.py:641} INFO - 25/02/21 20:13:58 INFO SparkContext: Added JAR file:///home/airflow/.ivy2/jars/org.postgresql_postgresql-42.2.18.jar at spark://***-airflow-scheduler:32829/jars/org.postgresql_postgresql-42.2.18.jar with timestamp 1740168837157
[2025-02-21T20:13:58.090+0000] {spark_submit.py:641} INFO - 25/02/21 20:13:58 INFO SparkContext: Added JAR file:///home/airflow/.ivy2/jars/org.checkerframework_checker-qual-3.5.0.jar at spark://***-airflow-scheduler:32829/jars/org.checkerframework_checker-qual-3.5.0.jar with timestamp 1740168837157
[2025-02-21T20:13:58.092+0000] {spark_submit.py:641} INFO - 25/02/21 20:13:58 INFO SparkContext: Added file file:///home/airflow/.ivy2/jars/org.postgresql_postgresql-42.2.18.jar at file:///home/airflow/.ivy2/jars/org.postgresql_postgresql-42.2.18.jar with timestamp 1740168837157
[2025-02-21T20:13:58.094+0000] {spark_submit.py:641} INFO - 25/02/21 20:13:58 INFO Utils: Copying /home/airflow/.ivy2/jars/org.postgresql_postgresql-42.2.18.jar to /tmp/spark-4afc8022-a992-4c22-b10d-09213c28d2bc/userFiles-8262118d-9ce2-43e2-990a-377887ce3b82/org.postgresql_postgresql-42.2.18.jar
[2025-02-21T20:13:58.112+0000] {spark_submit.py:641} INFO - 25/02/21 20:13:58 INFO SparkContext: Added file file:///home/airflow/.ivy2/jars/org.checkerframework_checker-qual-3.5.0.jar at file:///home/airflow/.ivy2/jars/org.checkerframework_checker-qual-3.5.0.jar with timestamp 1740168837157
[2025-02-21T20:13:58.114+0000] {spark_submit.py:641} INFO - 25/02/21 20:13:58 INFO Utils: Copying /home/airflow/.ivy2/jars/org.checkerframework_checker-qual-3.5.0.jar to /tmp/spark-4afc8022-a992-4c22-b10d-09213c28d2bc/userFiles-8262118d-9ce2-43e2-990a-377887ce3b82/org.checkerframework_checker-qual-3.5.0.jar
[2025-02-21T20:13:58.203+0000] {spark_submit.py:641} INFO - 25/02/21 20:13:58 INFO Executor: Starting executor ID driver on host ***-airflow-scheduler
[2025-02-21T20:13:58.215+0000] {spark_submit.py:641} INFO - 25/02/21 20:13:58 INFO Executor: Starting executor with user classpath (userClassPathFirst = false): ''
[2025-02-21T20:13:58.232+0000] {spark_submit.py:641} INFO - 25/02/21 20:13:58 INFO Executor: Fetching file:///home/airflow/.ivy2/jars/org.postgresql_postgresql-42.2.18.jar with timestamp 1740168837157
[2025-02-21T20:13:58.273+0000] {spark_submit.py:641} INFO - 25/02/21 20:13:58 INFO Utils: /home/airflow/.ivy2/jars/org.postgresql_postgresql-42.2.18.jar has been previously copied to /tmp/spark-4afc8022-a992-4c22-b10d-09213c28d2bc/userFiles-8262118d-9ce2-43e2-990a-377887ce3b82/org.postgresql_postgresql-42.2.18.jar
[2025-02-21T20:13:58.279+0000] {spark_submit.py:641} INFO - 25/02/21 20:13:58 INFO Executor: Fetching file:///home/airflow/.ivy2/jars/org.checkerframework_checker-qual-3.5.0.jar with timestamp 1740168837157
[2025-02-21T20:13:58.281+0000] {spark_submit.py:641} INFO - 25/02/21 20:13:58 INFO Utils: /home/airflow/.ivy2/jars/org.checkerframework_checker-qual-3.5.0.jar has been previously copied to /tmp/spark-4afc8022-a992-4c22-b10d-09213c28d2bc/userFiles-8262118d-9ce2-43e2-990a-377887ce3b82/org.checkerframework_checker-qual-3.5.0.jar
[2025-02-21T20:13:58.291+0000] {spark_submit.py:641} INFO - 25/02/21 20:13:58 INFO Executor: Fetching spark://***-airflow-scheduler:32829/jars/org.postgresql_postgresql-42.2.18.jar with timestamp 1740168837157
[2025-02-21T20:13:58.346+0000] {spark_submit.py:641} INFO - 25/02/21 20:13:58 INFO TransportClientFactory: Successfully created connection to ***-airflow-scheduler/172.19.0.5:32829 after 36 ms (0 ms spent in bootstraps)
[2025-02-21T20:13:58.353+0000] {spark_submit.py:641} INFO - 25/02/21 20:13:58 INFO Utils: Fetching spark://***-airflow-scheduler:32829/jars/org.postgresql_postgresql-42.2.18.jar to /tmp/spark-4afc8022-a992-4c22-b10d-09213c28d2bc/userFiles-8262118d-9ce2-43e2-990a-377887ce3b82/fetchFileTemp7998974957025901324.tmp
[2025-02-21T20:13:58.468+0000] {spark_submit.py:641} INFO - 25/02/21 20:13:58 INFO Utils: /tmp/spark-4afc8022-a992-4c22-b10d-09213c28d2bc/userFiles-8262118d-9ce2-43e2-990a-377887ce3b82/fetchFileTemp7998974957025901324.tmp has been previously copied to /tmp/spark-4afc8022-a992-4c22-b10d-09213c28d2bc/userFiles-8262118d-9ce2-43e2-990a-377887ce3b82/org.postgresql_postgresql-42.2.18.jar
[2025-02-21T20:13:58.477+0000] {spark_submit.py:641} INFO - 25/02/21 20:13:58 INFO Executor: Adding file:/tmp/spark-4afc8022-a992-4c22-b10d-09213c28d2bc/userFiles-8262118d-9ce2-43e2-990a-377887ce3b82/org.postgresql_postgresql-42.2.18.jar to class loader
[2025-02-21T20:13:58.479+0000] {spark_submit.py:641} INFO - 25/02/21 20:13:58 INFO Executor: Fetching spark://***-airflow-scheduler:32829/jars/org.checkerframework_checker-qual-3.5.0.jar with timestamp 1740168837157
[2025-02-21T20:13:58.480+0000] {spark_submit.py:641} INFO - 25/02/21 20:13:58 INFO Utils: Fetching spark://***-airflow-scheduler:32829/jars/org.checkerframework_checker-qual-3.5.0.jar to /tmp/spark-4afc8022-a992-4c22-b10d-09213c28d2bc/userFiles-8262118d-9ce2-43e2-990a-377887ce3b82/fetchFileTemp8207540011740546700.tmp
[2025-02-21T20:13:58.482+0000] {spark_submit.py:641} INFO - 25/02/21 20:13:58 INFO Utils: /tmp/spark-4afc8022-a992-4c22-b10d-09213c28d2bc/userFiles-8262118d-9ce2-43e2-990a-377887ce3b82/fetchFileTemp8207540011740546700.tmp has been previously copied to /tmp/spark-4afc8022-a992-4c22-b10d-09213c28d2bc/userFiles-8262118d-9ce2-43e2-990a-377887ce3b82/org.checkerframework_checker-qual-3.5.0.jar
[2025-02-21T20:13:58.487+0000] {spark_submit.py:641} INFO - 25/02/21 20:13:58 INFO Executor: Adding file:/tmp/spark-4afc8022-a992-4c22-b10d-09213c28d2bc/userFiles-8262118d-9ce2-43e2-990a-377887ce3b82/org.checkerframework_checker-qual-3.5.0.jar to class loader
[2025-02-21T20:13:58.501+0000] {spark_submit.py:641} INFO - 25/02/21 20:13:58 INFO Utils: Successfully started service 'org.apache.spark.network.netty.NettyBlockTransferService' on port 33335.
[2025-02-21T20:13:58.503+0000] {spark_submit.py:641} INFO - 25/02/21 20:13:58 INFO NettyBlockTransferService: Server created on ***-airflow-scheduler:33335
[2025-02-21T20:13:58.505+0000] {spark_submit.py:641} INFO - 25/02/21 20:13:58 INFO BlockManager: Using org.apache.spark.storage.RandomBlockReplicationPolicy for block replication policy
[2025-02-21T20:13:58.514+0000] {spark_submit.py:641} INFO - 25/02/21 20:13:58 INFO BlockManagerMaster: Registering BlockManager BlockManagerId(driver, ***-airflow-scheduler, 33335, None)
[2025-02-21T20:13:58.518+0000] {spark_submit.py:641} INFO - 25/02/21 20:13:58 INFO BlockManagerMasterEndpoint: Registering block manager ***-airflow-scheduler:33335 with 434.4 MiB RAM, BlockManagerId(driver, ***-airflow-scheduler, 33335, None)
[2025-02-21T20:13:58.523+0000] {spark_submit.py:641} INFO - 25/02/21 20:13:58 INFO BlockManagerMaster: Registered BlockManager BlockManagerId(driver, ***-airflow-scheduler, 33335, None)
[2025-02-21T20:13:58.525+0000] {spark_submit.py:641} INFO - 25/02/21 20:13:58 INFO BlockManager: Initialized BlockManager: BlockManagerId(driver, ***-airflow-scheduler, 33335, None)
[2025-02-21T20:14:04.413+0000] {spark_submit.py:641} INFO - ---------------- MENAMPILKAN DATA HASIL LOAD KE POSTGRES ----------------
[2025-02-21T20:14:04.683+0000] {spark_submit.py:641} INFO - +-----------+-----------------+---------+---------------+------+-------------------+---------------+---+--------------------+-----------------+---------------------+----------+------------------+
[2025-02-21T20:14:04.684+0000] {spark_submit.py:641} INFO - |employee_id|       department|   region|      education|gender|recruitment_channel|no_of_trainings|age|previous_year_rating|length_of_service|KPIs_met_more_than_80|awards_won|avg_training_score|
[2025-02-21T20:14:04.686+0000] {spark_submit.py:641} INFO - +-----------+-----------------+---------+---------------+------+-------------------+---------------+---+--------------------+-----------------+---------------------+----------+------------------+
[2025-02-21T20:14:04.688+0000] {spark_submit.py:641} INFO - |          3|      Procurement|region_22|Masters & above|     f|              other|              1| 38|                   5|                4|                    1|         0|                67|
[2025-02-21T20:14:04.689+0000] {spark_submit.py:641} INFO - |          6|Sales & Marketing|region_15|      Bachelors|     f|              other|              1| 38|                   3|               10|                    0|         0|                50|
[2025-02-21T20:14:04.691+0000] {spark_submit.py:641} INFO - |         11|       Technology| region_4|Masters & above|     f|           sourcing|              1| 39|                   4|               12|                    1|         0|                72|
[2025-02-21T20:14:04.692+0000] {spark_submit.py:641} INFO - |         13|Sales & Marketing|region_17|      Bachelors|     m|              other|              1| 38|                   1|                5|                    1|         0|                47|
[2025-02-21T20:14:04.693+0000] {spark_submit.py:641} INFO - |         16|Sales & Marketing| region_4|Masters & above|     m|           sourcing|              1| 40|                   5|                5|                    0|         0|                53|
[2025-02-21T20:14:04.694+0000] {spark_submit.py:641} INFO - |         17|Sales & Marketing| region_7|      Bachelors|     m|           sourcing|              1| 50|                   5|               13|                    0|         0|                47|
[2025-02-21T20:14:04.695+0000] {spark_submit.py:641} INFO - |         19|               HR| region_2|Masters & above|     f|              other|              1| 50|                   4|                7|                    1|         0|                45|
[2025-02-21T20:14:04.697+0000] {spark_submit.py:641} INFO - |         20|        Analytics|region_21|      Bachelors|     m|           sourcing|              1| 27|                   0|                1|                    1|         0|                89|
[2025-02-21T20:14:04.698+0000] {spark_submit.py:641} INFO - |         21|        Analytics| region_8|      Bachelors|     m|           sourcing|              2| 28|                   2|                3|                    1|         0|                85|
[2025-02-21T20:14:04.700+0000] {spark_submit.py:641} INFO - |         22|       Technology| region_2|Masters & above|     f|              other|              1| 57|                   4|               18|                    1|         0|                77|
[2025-02-21T20:14:04.702+0000] {spark_submit.py:641} INFO - |         23|Sales & Marketing|region_16|      Bachelors|     f|           sourcing|              1| 42|                   1|                3|                    0|         0|                46|
[2025-02-21T20:14:04.704+0000] {spark_submit.py:641} INFO - |         24|               HR|region_28|Masters & above|     f|              other|              1| 32|                   1|                5|                    1|         0|                51|
[2025-02-21T20:14:04.705+0000] {spark_submit.py:641} INFO - |         27|Sales & Marketing|region_16|      Bachelors|     m|           sourcing|              1| 29|                   2|                6|                    0|         0|                51|
[2025-02-21T20:14:04.707+0000] {spark_submit.py:641} INFO - |         29|        Analytics| region_7|      Bachelors|     m|              other|              1| 28|                   0|                1|                    1|         0|                85|
[2025-02-21T20:14:04.709+0000] {spark_submit.py:641} INFO - |         31|Sales & Marketing|region_15|      Bachelors|     f|              other|              1| 29|                   3|                5|                    1|         0|                49|
[2025-02-21T20:14:04.710+0000] {spark_submit.py:641} INFO - |         40|       Operations| region_7|Masters & above|     f|              other|              1| 34|                   1|                4|                    0|         0|                65|
[2025-02-21T20:14:04.712+0000] {spark_submit.py:641} INFO - |         50|Sales & Marketing|region_19|      Bachelors|     m|              other|              1| 32|                   1|                3|                    0|         0|                48|
[2025-02-21T20:14:04.713+0000] {spark_submit.py:641} INFO - |         55|       Operations|region_19|Masters & above|     f|           sourcing|              1| 33|                   5|                3|                    0|         0|                61|
[2025-02-21T20:14:04.715+0000] {spark_submit.py:641} INFO - |         63|Sales & Marketing| region_8|Masters & above|     m|           sourcing|              1| 35|                   5|                8|                    0|         0|                52|
[2025-02-21T20:14:04.716+0000] {spark_submit.py:641} INFO - |         64|        Analytics| region_4|      Bachelors|     m|              other|              1| 42|                   5|               11|                    1|         0|                80|
[2025-02-21T20:14:04.717+0000] {spark_submit.py:641} INFO - +-----------+-----------------+---------+---------------+------+-------------------+---------------+---+--------------------+-----------------+---------------------+----------+------------------+
[2025-02-21T20:14:04.719+0000] {spark_submit.py:641} INFO - only showing top 20 rows
[2025-02-21T20:14:04.721+0000] {spark_submit.py:641} INFO - 
[2025-02-21T20:14:05.316+0000] {spark_submit.py:641} INFO - +-----------+-----------------+---------+---------------+------+-------------------+---------------+---+--------------------+-----------------+---------------------+----------+------------------+-------------+--------------+
[2025-02-21T20:14:05.317+0000] {spark_submit.py:641} INFO - |employee_id|       department|   region|      education|gender|recruitment_channel|no_of_trainings|age|previous_year_rating|length_of_service|KPIs_met_more_than_80|awards_won|avg_training_score|department_id|rec_channel_id|
[2025-02-21T20:14:05.318+0000] {spark_submit.py:641} INFO - +-----------+-----------------+---------+---------------+------+-------------------+---------------+---+--------------------+-----------------+---------------------+----------+------------------+-------------+--------------+
[2025-02-21T20:14:05.319+0000] {spark_submit.py:641} INFO - |          3|      Procurement|region_22|Masters & above|     f|              other|              1| 38|                   5|                4|                    1|         0|                67|            6|        Active|
[2025-02-21T20:14:05.321+0000] {spark_submit.py:641} INFO - |          6|Sales & Marketing|region_15|      Bachelors|     f|              other|              1| 38|                   3|               10|                    0|         0|                50|            8|        Active|
[2025-02-21T20:14:05.322+0000] {spark_submit.py:641} INFO - |         11|       Technology| region_4|Masters & above|     f|           sourcing|              1| 39|                   4|               12|                    1|         0|                72|            9|        Active|
[2025-02-21T20:14:05.324+0000] {spark_submit.py:641} INFO - |         13|Sales & Marketing|region_17|      Bachelors|     m|              other|              1| 38|                   1|                5|                    1|         0|                47|            8|        Active|
[2025-02-21T20:14:05.325+0000] {spark_submit.py:641} INFO - |         16|Sales & Marketing| region_4|Masters & above|     m|           sourcing|              1| 40|                   5|                5|                    0|         0|                53|            8|        Active|
[2025-02-21T20:14:05.327+0000] {spark_submit.py:641} INFO - |         17|Sales & Marketing| region_7|      Bachelors|     m|           sourcing|              1| 50|                   5|               13|                    0|         0|                47|            8|        Active|
[2025-02-21T20:14:05.328+0000] {spark_submit.py:641} INFO - |         19|               HR| region_2|Masters & above|     f|              other|              1| 50|                   4|                7|                    1|         0|                45|            3|        Active|
[2025-02-21T20:14:05.329+0000] {spark_submit.py:641} INFO - |         20|        Analytics|region_21|      Bachelors|     m|           sourcing|              1| 27|                   0|                1|                    1|         0|                89|            1|        Active|
[2025-02-21T20:14:05.330+0000] {spark_submit.py:641} INFO - |         21|        Analytics| region_8|      Bachelors|     m|           sourcing|              2| 28|                   2|                3|                    1|         0|                85|            1|        Active|
[2025-02-21T20:14:05.332+0000] {spark_submit.py:641} INFO - |         22|       Technology| region_2|Masters & above|     f|              other|              1| 57|                   4|               18|                    1|         0|                77|            9|        Active|
[2025-02-21T20:14:05.333+0000] {spark_submit.py:641} INFO - |         23|Sales & Marketing|region_16|      Bachelors|     f|           sourcing|              1| 42|                   1|                3|                    0|         0|                46|            8|        Active|
[2025-02-21T20:14:05.334+0000] {spark_submit.py:641} INFO - |         24|               HR|region_28|Masters & above|     f|              other|              1| 32|                   1|                5|                    1|         0|                51|            3|        Active|
[2025-02-21T20:14:05.336+0000] {spark_submit.py:641} INFO - |         27|Sales & Marketing|region_16|      Bachelors|     m|           sourcing|              1| 29|                   2|                6|                    0|         0|                51|            8|        Active|
[2025-02-21T20:14:05.337+0000] {spark_submit.py:641} INFO - |         29|        Analytics| region_7|      Bachelors|     m|              other|              1| 28|                   0|                1|                    1|         0|                85|            1|        Active|
[2025-02-21T20:14:05.339+0000] {spark_submit.py:641} INFO - |         31|Sales & Marketing|region_15|      Bachelors|     f|              other|              1| 29|                   3|                5|                    1|         0|                49|            8|        Active|
[2025-02-21T20:14:05.340+0000] {spark_submit.py:641} INFO - |         40|       Operations| region_7|Masters & above|     f|              other|              1| 34|                   1|                4|                    0|         0|                65|            5|        Active|
[2025-02-21T20:14:05.341+0000] {spark_submit.py:641} INFO - |         50|Sales & Marketing|region_19|      Bachelors|     m|              other|              1| 32|                   1|                3|                    0|         0|                48|            8|        Active|
[2025-02-21T20:14:05.342+0000] {spark_submit.py:641} INFO - |         55|       Operations|region_19|Masters & above|     f|           sourcing|              1| 33|                   5|                3|                    0|         0|                61|            5|        Active|
[2025-02-21T20:14:05.344+0000] {spark_submit.py:641} INFO - |         63|Sales & Marketing| region_8|Masters & above|     m|           sourcing|              1| 35|                   5|                8|                    0|         0|                52|            8|        Active|
[2025-02-21T20:14:05.345+0000] {spark_submit.py:641} INFO - |         64|        Analytics| region_4|      Bachelors|     m|              other|              1| 42|                   5|               11|                    1|         0|                80|            1|        Active|
[2025-02-21T20:14:05.346+0000] {spark_submit.py:641} INFO - +-----------+-----------------+---------+---------------+------+-------------------+---------------+---+--------------------+-----------------+---------------------+----------+------------------+-------------+--------------+
[2025-02-21T20:14:05.347+0000] {spark_submit.py:641} INFO - only showing top 20 rows
[2025-02-21T20:14:05.349+0000] {spark_submit.py:641} INFO - 
[2025-02-21T20:14:05.754+0000] {spark_submit.py:641} INFO - Jumlah baris dalam DataFrame: 17415
[2025-02-21T20:14:05.756+0000] {spark_submit.py:641} INFO - Load data berhasil.
[2025-02-21T20:14:06.382+0000] {taskinstance.py:341} INFO - ::group::Post task execution logs
[2025-02-21T20:14:06.384+0000] {taskinstance.py:353} INFO - Marking task as SUCCESS. dag_id=***_v2_etl_dag, task_id=load_task, run_id=manual__2025-02-21T20:07:47.207700+00:00, execution_date=20250221T200747, start_date=20250221T201352, end_date=20250221T201406
[2025-02-21T20:14:06.434+0000] {local_task_job_runner.py:266} INFO - Task exited with return code 0
[2025-02-21T20:14:06.457+0000] {taskinstance.py:3901} INFO - 0 downstream tasks scheduled from follow-on schedule check
[2025-02-21T20:14:06.461+0000] {local_task_job_runner.py:245} INFO - ::endgroup::
