[2025-02-21T20:20:10.362+0000] {local_task_job_runner.py:123} INFO - ::group::Pre task execution logs
[2025-02-21T20:20:10.386+0000] {taskinstance.py:2614} INFO - Dependencies all met for dep_context=non-requeueable deps ti=<TaskInstance: finprode8_v2_etl_dag.load_task manual__2025-02-21T20:07:47.207700+00:00 [queued]>
[2025-02-21T20:20:10.401+0000] {taskinstance.py:2614} INFO - Dependencies all met for dep_context=requeueable deps ti=<TaskInstance: finprode8_v2_etl_dag.load_task manual__2025-02-21T20:07:47.207700+00:00 [queued]>
[2025-02-21T20:20:10.404+0000] {taskinstance.py:2867} INFO - Starting attempt 5 of 5
[2025-02-21T20:20:10.422+0000] {taskinstance.py:2890} INFO - Executing <Task(SparkSubmitOperator): load_task> on 2025-02-21 20:07:47.207700+00:00
[2025-02-21T20:20:10.428+0000] {standard_task_runner.py:72} INFO - Started process 8656 to run task
[2025-02-21T20:20:10.432+0000] {standard_task_runner.py:104} INFO - Running: ['airflow', 'tasks', 'run', '***_v2_etl_dag', 'load_task', 'manual__2025-02-21T20:07:47.207700+00:00', '--job-id', '77', '--raw', '--subdir', 'DAGS_FOLDER/***_v2_etl_dag.py', '--cfg-path', '/tmp/tmpp4ncm1yi']
[2025-02-21T20:20:10.435+0000] {standard_task_runner.py:105} INFO - Job 77: Subtask load_task
[2025-02-21T20:20:10.458+0000] {logging_mixin.py:190} WARNING - /home/airflow/.local/lib/python3.9/site-packages/airflow/settings.py:209 DeprecationWarning: The sql_alchemy_conn option in [core] has been moved to the sql_alchemy_conn option in [database] - the old setting has been used, but please update your config.
[2025-02-21T20:20:10.498+0000] {task_command.py:467} INFO - Running <TaskInstance: finprode8_v2_etl_dag.load_task manual__2025-02-21T20:07:47.207700+00:00 [running]> on host ***-airflow-scheduler
[2025-02-21T20:20:10.588+0000] {taskinstance.py:3134} INFO - Exporting env vars: AIRFLOW_CTX_DAG_OWNER='ratih malini' AIRFLOW_CTX_DAG_ID='***_v2_etl_dag' AIRFLOW_CTX_TASK_ID='load_task' AIRFLOW_CTX_EXECUTION_DATE='2025-02-21T20:07:47.207700+00:00' AIRFLOW_CTX_TRY_NUMBER='5' AIRFLOW_CTX_DAG_RUN_ID='manual__2025-02-21T20:07:47.207700+00:00'
[2025-02-21T20:20:10.592+0000] {taskinstance.py:732} INFO - ::endgroup::
[2025-02-21T20:20:10.640+0000] {base.py:84} INFO - Retrieving connection 'spark_main'
[2025-02-21T20:20:10.643+0000] {spark_submit.py:474} INFO - Spark-Submit cmd: spark-submit --master spark://***-spark-master:7077 --packages org.postgresql:postgresql:42.2.18 --name arrow-spark /spark-scripts/***_v2_load.py
[2025-02-21T20:20:12.777+0000] {spark_submit.py:641} INFO - :: loading settings :: url = jar:file:/home/airflow/.local/lib/python3.9/site-packages/pyspark/jars/ivy-2.5.1.jar!/org/apache/ivy/core/settings/ivysettings.xml
[2025-02-21T20:20:12.869+0000] {spark_submit.py:641} INFO - Ivy Default Cache set to: /home/airflow/.ivy2/cache
[2025-02-21T20:20:12.871+0000] {spark_submit.py:641} INFO - The jars for the packages stored in: /home/airflow/.ivy2/jars
[2025-02-21T20:20:12.873+0000] {spark_submit.py:641} INFO - org.postgresql#postgresql added as a dependency
[2025-02-21T20:20:12.875+0000] {spark_submit.py:641} INFO - :: resolving dependencies :: org.apache.spark#spark-submit-parent-a6731f70-28e8-4827-be76-4aa3203df57e;1.0
[2025-02-21T20:20:12.877+0000] {spark_submit.py:641} INFO - confs: [default]
[2025-02-21T20:20:13.014+0000] {spark_submit.py:641} INFO - found org.postgresql#postgresql;42.2.18 in central
[2025-02-21T20:20:13.033+0000] {spark_submit.py:641} INFO - found org.checkerframework#checker-qual;3.5.0 in central
[2025-02-21T20:20:13.047+0000] {spark_submit.py:641} INFO - :: resolution report :: resolve 167ms :: artifacts dl 5ms
[2025-02-21T20:20:13.048+0000] {spark_submit.py:641} INFO - :: modules in use:
[2025-02-21T20:20:13.049+0000] {spark_submit.py:641} INFO - org.checkerframework#checker-qual;3.5.0 from central in [default]
[2025-02-21T20:20:13.051+0000] {spark_submit.py:641} INFO - org.postgresql#postgresql;42.2.18 from central in [default]
[2025-02-21T20:20:13.052+0000] {spark_submit.py:641} INFO - ---------------------------------------------------------------------
[2025-02-21T20:20:13.053+0000] {spark_submit.py:641} INFO - |                  |            modules            ||   artifacts   |
[2025-02-21T20:20:13.054+0000] {spark_submit.py:641} INFO - |       conf       | number| search|dwnlded|evicted|| number|dwnlded|
[2025-02-21T20:20:13.055+0000] {spark_submit.py:641} INFO - ---------------------------------------------------------------------
[2025-02-21T20:20:13.056+0000] {spark_submit.py:641} INFO - |      default     |   2   |   0   |   0   |   0   ||   2   |   0   |
[2025-02-21T20:20:13.057+0000] {spark_submit.py:641} INFO - ---------------------------------------------------------------------
[2025-02-21T20:20:13.058+0000] {spark_submit.py:641} INFO - :: retrieving :: org.apache.spark#spark-submit-parent-a6731f70-28e8-4827-be76-4aa3203df57e
[2025-02-21T20:20:13.059+0000] {spark_submit.py:641} INFO - confs: [default]
[2025-02-21T20:20:13.061+0000] {spark_submit.py:641} INFO - 0 artifacts copied, 2 already retrieved (0kB/6ms)
[2025-02-21T20:20:13.347+0000] {spark_submit.py:641} INFO - 25/02/21 20:20:13 WARN NativeCodeLoader: Unable to load native-hadoop library for your platform... using builtin-java classes where applicable
[2025-02-21T20:20:14.547+0000] {spark_submit.py:641} INFO - 25/02/21 20:20:14 INFO SparkContext: Running Spark version 3.3.2
[2025-02-21T20:20:14.569+0000] {spark_submit.py:641} INFO - 25/02/21 20:20:14 INFO ResourceUtils: ==============================================================
[2025-02-21T20:20:14.571+0000] {spark_submit.py:641} INFO - 25/02/21 20:20:14 INFO ResourceUtils: No custom resources configured for spark.driver.
[2025-02-21T20:20:14.572+0000] {spark_submit.py:641} INFO - 25/02/21 20:20:14 INFO ResourceUtils: ==============================================================
[2025-02-21T20:20:14.574+0000] {spark_submit.py:641} INFO - 25/02/21 20:20:14 INFO SparkContext: Submitted application: ***_load
[2025-02-21T20:20:14.595+0000] {spark_submit.py:641} INFO - 25/02/21 20:20:14 INFO ResourceProfile: Default ResourceProfile created, executor resources: Map(cores -> name: cores, amount: 1, script: , vendor: , memory -> name: memory, amount: 1024, script: , vendor: , offHeap -> name: offHeap, amount: 0, script: , vendor: ), task resources: Map(cpus -> name: cpus, amount: 1.0)
[2025-02-21T20:20:14.602+0000] {spark_submit.py:641} INFO - 25/02/21 20:20:14 INFO ResourceProfile: Limiting resource is cpu
[2025-02-21T20:20:14.603+0000] {spark_submit.py:641} INFO - 25/02/21 20:20:14 INFO ResourceProfileManager: Added ResourceProfile id: 0
[2025-02-21T20:20:14.667+0000] {spark_submit.py:641} INFO - 25/02/21 20:20:14 INFO SecurityManager: Changing view acls to: airflow
[2025-02-21T20:20:14.669+0000] {spark_submit.py:641} INFO - 25/02/21 20:20:14 INFO SecurityManager: Changing modify acls to: airflow
[2025-02-21T20:20:14.670+0000] {spark_submit.py:641} INFO - 25/02/21 20:20:14 INFO SecurityManager: Changing view acls groups to:
[2025-02-21T20:20:14.672+0000] {spark_submit.py:641} INFO - 25/02/21 20:20:14 INFO SecurityManager: Changing modify acls groups to:
[2025-02-21T20:20:14.673+0000] {spark_submit.py:641} INFO - 25/02/21 20:20:14 INFO SecurityManager: SecurityManager: authentication disabled; ui acls disabled; users  with view permissions: Set(airflow); groups with view permissions: Set(); users  with modify permissions: Set(airflow); groups with modify permissions: Set()
[2025-02-21T20:20:14.906+0000] {spark_submit.py:641} INFO - 25/02/21 20:20:14 INFO Utils: Successfully started service 'sparkDriver' on port 32973.
[2025-02-21T20:20:14.940+0000] {spark_submit.py:641} INFO - 25/02/21 20:20:14 INFO SparkEnv: Registering MapOutputTracker
[2025-02-21T20:20:14.973+0000] {spark_submit.py:641} INFO - 25/02/21 20:20:14 INFO SparkEnv: Registering BlockManagerMaster
[2025-02-21T20:20:14.996+0000] {spark_submit.py:641} INFO - 25/02/21 20:20:14 INFO BlockManagerMasterEndpoint: Using org.apache.spark.storage.DefaultTopologyMapper for getting topology information
[2025-02-21T20:20:14.998+0000] {spark_submit.py:641} INFO - 25/02/21 20:20:14 INFO BlockManagerMasterEndpoint: BlockManagerMasterEndpoint up
[2025-02-21T20:20:15.005+0000] {spark_submit.py:641} INFO - 25/02/21 20:20:15 INFO SparkEnv: Registering BlockManagerMasterHeartbeat
[2025-02-21T20:20:15.035+0000] {spark_submit.py:641} INFO - 25/02/21 20:20:15 INFO DiskBlockManager: Created local directory at /tmp/blockmgr-1733d0b6-b450-4b4d-9be2-9e68cdb3833e
[2025-02-21T20:20:15.051+0000] {spark_submit.py:641} INFO - 25/02/21 20:20:15 INFO MemoryStore: MemoryStore started with capacity 434.4 MiB
[2025-02-21T20:20:15.065+0000] {spark_submit.py:641} INFO - 25/02/21 20:20:15 INFO SparkEnv: Registering OutputCommitCoordinator
[2025-02-21T20:20:15.309+0000] {spark_submit.py:641} INFO - 25/02/21 20:20:15 INFO Utils: Successfully started service 'SparkUI' on port 4040.
[2025-02-21T20:20:15.342+0000] {spark_submit.py:641} INFO - 25/02/21 20:20:15 INFO SparkContext: Added JAR file:///home/airflow/.ivy2/jars/org.postgresql_postgresql-42.2.18.jar at spark://***-airflow-scheduler:32973/jars/org.postgresql_postgresql-42.2.18.jar with timestamp 1740169214539
[2025-02-21T20:20:15.344+0000] {spark_submit.py:641} INFO - 25/02/21 20:20:15 INFO SparkContext: Added JAR file:///home/airflow/.ivy2/jars/org.checkerframework_checker-qual-3.5.0.jar at spark://***-airflow-scheduler:32973/jars/org.checkerframework_checker-qual-3.5.0.jar with timestamp 1740169214539
[2025-02-21T20:20:15.345+0000] {spark_submit.py:641} INFO - 25/02/21 20:20:15 INFO SparkContext: Added file file:///home/airflow/.ivy2/jars/org.postgresql_postgresql-42.2.18.jar at file:///home/airflow/.ivy2/jars/org.postgresql_postgresql-42.2.18.jar with timestamp 1740169214539
[2025-02-21T20:20:15.347+0000] {spark_submit.py:641} INFO - 25/02/21 20:20:15 INFO Utils: Copying /home/airflow/.ivy2/jars/org.postgresql_postgresql-42.2.18.jar to /tmp/spark-a1fb0725-9842-4719-9bd8-b579a06b669b/userFiles-b98993df-ed4b-497b-aa8a-deb0ea65da76/org.postgresql_postgresql-42.2.18.jar
[2025-02-21T20:20:15.364+0000] {spark_submit.py:641} INFO - 25/02/21 20:20:15 INFO SparkContext: Added file file:///home/airflow/.ivy2/jars/org.checkerframework_checker-qual-3.5.0.jar at file:///home/airflow/.ivy2/jars/org.checkerframework_checker-qual-3.5.0.jar with timestamp 1740169214539
[2025-02-21T20:20:15.365+0000] {spark_submit.py:641} INFO - 25/02/21 20:20:15 INFO Utils: Copying /home/airflow/.ivy2/jars/org.checkerframework_checker-qual-3.5.0.jar to /tmp/spark-a1fb0725-9842-4719-9bd8-b579a06b669b/userFiles-b98993df-ed4b-497b-aa8a-deb0ea65da76/org.checkerframework_checker-qual-3.5.0.jar
[2025-02-21T20:20:15.442+0000] {spark_submit.py:641} INFO - 25/02/21 20:20:15 INFO Executor: Starting executor ID driver on host ***-airflow-scheduler
[2025-02-21T20:20:15.452+0000] {spark_submit.py:641} INFO - 25/02/21 20:20:15 INFO Executor: Starting executor with user classpath (userClassPathFirst = false): ''
[2025-02-21T20:20:15.462+0000] {spark_submit.py:641} INFO - 25/02/21 20:20:15 INFO Executor: Fetching file:///home/airflow/.ivy2/jars/org.postgresql_postgresql-42.2.18.jar with timestamp 1740169214539
[2025-02-21T20:20:15.494+0000] {spark_submit.py:641} INFO - 25/02/21 20:20:15 INFO Utils: /home/airflow/.ivy2/jars/org.postgresql_postgresql-42.2.18.jar has been previously copied to /tmp/spark-a1fb0725-9842-4719-9bd8-b579a06b669b/userFiles-b98993df-ed4b-497b-aa8a-deb0ea65da76/org.postgresql_postgresql-42.2.18.jar
[2025-02-21T20:20:15.503+0000] {spark_submit.py:641} INFO - 25/02/21 20:20:15 INFO Executor: Fetching file:///home/airflow/.ivy2/jars/org.checkerframework_checker-qual-3.5.0.jar with timestamp 1740169214539
[2025-02-21T20:20:15.505+0000] {spark_submit.py:641} INFO - 25/02/21 20:20:15 INFO Utils: /home/airflow/.ivy2/jars/org.checkerframework_checker-qual-3.5.0.jar has been previously copied to /tmp/spark-a1fb0725-9842-4719-9bd8-b579a06b669b/userFiles-b98993df-ed4b-497b-aa8a-deb0ea65da76/org.checkerframework_checker-qual-3.5.0.jar
[2025-02-21T20:20:15.510+0000] {spark_submit.py:641} INFO - 25/02/21 20:20:15 INFO Executor: Fetching spark://***-airflow-scheduler:32973/jars/org.postgresql_postgresql-42.2.18.jar with timestamp 1740169214539
[2025-02-21T20:20:15.549+0000] {spark_submit.py:641} INFO - 25/02/21 20:20:15 INFO TransportClientFactory: Successfully created connection to ***-airflow-scheduler/172.19.0.5:32973 after 25 ms (0 ms spent in bootstraps)
[2025-02-21T20:20:15.554+0000] {spark_submit.py:641} INFO - 25/02/21 20:20:15 INFO Utils: Fetching spark://***-airflow-scheduler:32973/jars/org.postgresql_postgresql-42.2.18.jar to /tmp/spark-a1fb0725-9842-4719-9bd8-b579a06b669b/userFiles-b98993df-ed4b-497b-aa8a-deb0ea65da76/fetchFileTemp5702350582875040479.tmp
[2025-02-21T20:20:15.717+0000] {spark_submit.py:641} INFO - 25/02/21 20:20:15 INFO Utils: /tmp/spark-a1fb0725-9842-4719-9bd8-b579a06b669b/userFiles-b98993df-ed4b-497b-aa8a-deb0ea65da76/fetchFileTemp5702350582875040479.tmp has been previously copied to /tmp/spark-a1fb0725-9842-4719-9bd8-b579a06b669b/userFiles-b98993df-ed4b-497b-aa8a-deb0ea65da76/org.postgresql_postgresql-42.2.18.jar
[2025-02-21T20:20:15.727+0000] {spark_submit.py:641} INFO - 25/02/21 20:20:15 INFO Executor: Adding file:/tmp/spark-a1fb0725-9842-4719-9bd8-b579a06b669b/userFiles-b98993df-ed4b-497b-aa8a-deb0ea65da76/org.postgresql_postgresql-42.2.18.jar to class loader
[2025-02-21T20:20:15.728+0000] {spark_submit.py:641} INFO - 25/02/21 20:20:15 INFO Executor: Fetching spark://***-airflow-scheduler:32973/jars/org.checkerframework_checker-qual-3.5.0.jar with timestamp 1740169214539
[2025-02-21T20:20:15.731+0000] {spark_submit.py:641} INFO - 25/02/21 20:20:15 INFO Utils: Fetching spark://***-airflow-scheduler:32973/jars/org.checkerframework_checker-qual-3.5.0.jar to /tmp/spark-a1fb0725-9842-4719-9bd8-b579a06b669b/userFiles-b98993df-ed4b-497b-aa8a-deb0ea65da76/fetchFileTemp11695993350526279700.tmp
[2025-02-21T20:20:15.733+0000] {spark_submit.py:641} INFO - 25/02/21 20:20:15 INFO Utils: /tmp/spark-a1fb0725-9842-4719-9bd8-b579a06b669b/userFiles-b98993df-ed4b-497b-aa8a-deb0ea65da76/fetchFileTemp11695993350526279700.tmp has been previously copied to /tmp/spark-a1fb0725-9842-4719-9bd8-b579a06b669b/userFiles-b98993df-ed4b-497b-aa8a-deb0ea65da76/org.checkerframework_checker-qual-3.5.0.jar
[2025-02-21T20:20:15.735+0000] {spark_submit.py:641} INFO - 25/02/21 20:20:15 INFO Executor: Adding file:/tmp/spark-a1fb0725-9842-4719-9bd8-b579a06b669b/userFiles-b98993df-ed4b-497b-aa8a-deb0ea65da76/org.checkerframework_checker-qual-3.5.0.jar to class loader
[2025-02-21T20:20:15.742+0000] {spark_submit.py:641} INFO - 25/02/21 20:20:15 INFO Utils: Successfully started service 'org.apache.spark.network.netty.NettyBlockTransferService' on port 42333.
[2025-02-21T20:20:15.744+0000] {spark_submit.py:641} INFO - 25/02/21 20:20:15 INFO NettyBlockTransferService: Server created on ***-airflow-scheduler:42333
[2025-02-21T20:20:15.746+0000] {spark_submit.py:641} INFO - 25/02/21 20:20:15 INFO BlockManager: Using org.apache.spark.storage.RandomBlockReplicationPolicy for block replication policy
[2025-02-21T20:20:15.754+0000] {spark_submit.py:641} INFO - 25/02/21 20:20:15 INFO BlockManagerMaster: Registering BlockManager BlockManagerId(driver, ***-airflow-scheduler, 42333, None)
[2025-02-21T20:20:15.757+0000] {spark_submit.py:641} INFO - 25/02/21 20:20:15 INFO BlockManagerMasterEndpoint: Registering block manager ***-airflow-scheduler:42333 with 434.4 MiB RAM, BlockManagerId(driver, ***-airflow-scheduler, 42333, None)
[2025-02-21T20:20:15.760+0000] {spark_submit.py:641} INFO - 25/02/21 20:20:15 INFO BlockManagerMaster: Registered BlockManager BlockManagerId(driver, ***-airflow-scheduler, 42333, None)
[2025-02-21T20:20:15.762+0000] {spark_submit.py:641} INFO - 25/02/21 20:20:15 INFO BlockManager: Initialized BlockManager: BlockManagerId(driver, ***-airflow-scheduler, 42333, None)
[2025-02-21T20:20:22.005+0000] {spark_submit.py:641} INFO - ---------------- MENAMPILKAN DATA HASIL LOAD KE POSTGRES ----------------
[2025-02-21T20:20:22.384+0000] {spark_submit.py:641} INFO - +-----------+-----------------+---------+---------------+------+-------------------+---------------+---+--------------------+-----------------+---------------------+----------+------------------+
[2025-02-21T20:20:22.385+0000] {spark_submit.py:641} INFO - |employee_id|       department|   region|      education|gender|recruitment_channel|no_of_trainings|age|previous_year_rating|length_of_service|KPIs_met_more_than_80|awards_won|avg_training_score|
[2025-02-21T20:20:22.386+0000] {spark_submit.py:641} INFO - +-----------+-----------------+---------+---------------+------+-------------------+---------------+---+--------------------+-----------------+---------------------+----------+------------------+
[2025-02-21T20:20:22.388+0000] {spark_submit.py:641} INFO - |          3|      Procurement|region_22|Masters & above|     f|              other|              1| 38|                   5|                4|                    1|         0|                67|
[2025-02-21T20:20:22.389+0000] {spark_submit.py:641} INFO - |          6|Sales & Marketing|region_15|      Bachelors|     f|              other|              1| 38|                   3|               10|                    0|         0|                50|
[2025-02-21T20:20:22.390+0000] {spark_submit.py:641} INFO - |         11|       Technology| region_4|Masters & above|     f|           sourcing|              1| 39|                   4|               12|                    1|         0|                72|
[2025-02-21T20:20:22.393+0000] {spark_submit.py:641} INFO - |         13|Sales & Marketing|region_17|      Bachelors|     m|              other|              1| 38|                   1|                5|                    1|         0|                47|
[2025-02-21T20:20:22.395+0000] {spark_submit.py:641} INFO - |         16|Sales & Marketing| region_4|Masters & above|     m|           sourcing|              1| 40|                   5|                5|                    0|         0|                53|
[2025-02-21T20:20:22.396+0000] {spark_submit.py:641} INFO - |         17|Sales & Marketing| region_7|      Bachelors|     m|           sourcing|              1| 50|                   5|               13|                    0|         0|                47|
[2025-02-21T20:20:22.398+0000] {spark_submit.py:641} INFO - |         19|               HR| region_2|Masters & above|     f|              other|              1| 50|                   4|                7|                    1|         0|                45|
[2025-02-21T20:20:22.398+0000] {spark_submit.py:641} INFO - |         20|        Analytics|region_21|      Bachelors|     m|           sourcing|              1| 27|                   0|                1|                    1|         0|                89|
[2025-02-21T20:20:22.399+0000] {spark_submit.py:641} INFO - |         21|        Analytics| region_8|      Bachelors|     m|           sourcing|              2| 28|                   2|                3|                    1|         0|                85|
[2025-02-21T20:20:22.400+0000] {spark_submit.py:641} INFO - |         22|       Technology| region_2|Masters & above|     f|              other|              1| 57|                   4|               18|                    1|         0|                77|
[2025-02-21T20:20:22.401+0000] {spark_submit.py:641} INFO - |         23|Sales & Marketing|region_16|      Bachelors|     f|           sourcing|              1| 42|                   1|                3|                    0|         0|                46|
[2025-02-21T20:20:22.402+0000] {spark_submit.py:641} INFO - |         24|               HR|region_28|Masters & above|     f|              other|              1| 32|                   1|                5|                    1|         0|                51|
[2025-02-21T20:20:22.403+0000] {spark_submit.py:641} INFO - |         27|Sales & Marketing|region_16|      Bachelors|     m|           sourcing|              1| 29|                   2|                6|                    0|         0|                51|
[2025-02-21T20:20:22.404+0000] {spark_submit.py:641} INFO - |         29|        Analytics| region_7|      Bachelors|     m|              other|              1| 28|                   0|                1|                    1|         0|                85|
[2025-02-21T20:20:22.404+0000] {spark_submit.py:641} INFO - |         31|Sales & Marketing|region_15|      Bachelors|     f|              other|              1| 29|                   3|                5|                    1|         0|                49|
[2025-02-21T20:20:22.405+0000] {spark_submit.py:641} INFO - |         40|       Operations| region_7|Masters & above|     f|              other|              1| 34|                   1|                4|                    0|         0|                65|
[2025-02-21T20:20:22.407+0000] {spark_submit.py:641} INFO - |         50|Sales & Marketing|region_19|      Bachelors|     m|              other|              1| 32|                   1|                3|                    0|         0|                48|
[2025-02-21T20:20:22.410+0000] {spark_submit.py:641} INFO - |         55|       Operations|region_19|Masters & above|     f|           sourcing|              1| 33|                   5|                3|                    0|         0|                61|
[2025-02-21T20:20:22.412+0000] {spark_submit.py:641} INFO - |         63|Sales & Marketing| region_8|Masters & above|     m|           sourcing|              1| 35|                   5|                8|                    0|         0|                52|
[2025-02-21T20:20:22.413+0000] {spark_submit.py:641} INFO - |         64|        Analytics| region_4|      Bachelors|     m|              other|              1| 42|                   5|               11|                    1|         0|                80|
[2025-02-21T20:20:22.414+0000] {spark_submit.py:641} INFO - +-----------+-----------------+---------+---------------+------+-------------------+---------------+---+--------------------+-----------------+---------------------+----------+------------------+
[2025-02-21T20:20:22.415+0000] {spark_submit.py:641} INFO - only showing top 20 rows
[2025-02-21T20:20:22.416+0000] {spark_submit.py:641} INFO - 
[2025-02-21T20:20:23.094+0000] {spark_submit.py:641} INFO - +-----------+-----------------+---------+---------------+------+-------------------+---------------+---+--------------------+-----------------+---------------------+----------+------------------+-------------+--------------+
[2025-02-21T20:20:23.096+0000] {spark_submit.py:641} INFO - |employee_id|       department|   region|      education|gender|recruitment_channel|no_of_trainings|age|previous_year_rating|length_of_service|KPIs_met_more_than_80|awards_won|avg_training_score|department_id|rec_channel_id|
[2025-02-21T20:20:23.097+0000] {spark_submit.py:641} INFO - +-----------+-----------------+---------+---------------+------+-------------------+---------------+---+--------------------+-----------------+---------------------+----------+------------------+-------------+--------------+
[2025-02-21T20:20:23.098+0000] {spark_submit.py:641} INFO - |          3|      Procurement|region_22|Masters & above|     f|              other|              1| 38|                   5|                4|                    1|         0|                67|       Active|             3|
[2025-02-21T20:20:23.099+0000] {spark_submit.py:641} INFO - |          6|Sales & Marketing|region_15|      Bachelors|     f|              other|              1| 38|                   3|               10|                    0|         0|                50|       Active|             3|
[2025-02-21T20:20:23.100+0000] {spark_submit.py:641} INFO - |         11|       Technology| region_4|Masters & above|     f|           sourcing|              1| 39|                   4|               12|                    1|         0|                72|       Active|             1|
[2025-02-21T20:20:23.100+0000] {spark_submit.py:641} INFO - |         13|Sales & Marketing|region_17|      Bachelors|     m|              other|              1| 38|                   1|                5|                    1|         0|                47|       Active|             3|
[2025-02-21T20:20:23.101+0000] {spark_submit.py:641} INFO - |         16|Sales & Marketing| region_4|Masters & above|     m|           sourcing|              1| 40|                   5|                5|                    0|         0|                53|       Active|             1|
[2025-02-21T20:20:23.102+0000] {spark_submit.py:641} INFO - |         17|Sales & Marketing| region_7|      Bachelors|     m|           sourcing|              1| 50|                   5|               13|                    0|         0|                47|       Active|             1|
[2025-02-21T20:20:23.103+0000] {spark_submit.py:641} INFO - |         19|               HR| region_2|Masters & above|     f|              other|              1| 50|                   4|                7|                    1|         0|                45|       Active|             3|
[2025-02-21T20:20:23.104+0000] {spark_submit.py:641} INFO - |         20|        Analytics|region_21|      Bachelors|     m|           sourcing|              1| 27|                   0|                1|                    1|         0|                89|       Active|             1|
[2025-02-21T20:20:23.105+0000] {spark_submit.py:641} INFO - |         21|        Analytics| region_8|      Bachelors|     m|           sourcing|              2| 28|                   2|                3|                    1|         0|                85|       Active|             1|
[2025-02-21T20:20:23.106+0000] {spark_submit.py:641} INFO - |         22|       Technology| region_2|Masters & above|     f|              other|              1| 57|                   4|               18|                    1|         0|                77|       Active|             3|
[2025-02-21T20:20:23.107+0000] {spark_submit.py:641} INFO - |         23|Sales & Marketing|region_16|      Bachelors|     f|           sourcing|              1| 42|                   1|                3|                    0|         0|                46|       Active|             1|
[2025-02-21T20:20:23.108+0000] {spark_submit.py:641} INFO - |         24|               HR|region_28|Masters & above|     f|              other|              1| 32|                   1|                5|                    1|         0|                51|       Active|             3|
[2025-02-21T20:20:23.108+0000] {spark_submit.py:641} INFO - |         27|Sales & Marketing|region_16|      Bachelors|     m|           sourcing|              1| 29|                   2|                6|                    0|         0|                51|       Active|             1|
[2025-02-21T20:20:23.109+0000] {spark_submit.py:641} INFO - |         29|        Analytics| region_7|      Bachelors|     m|              other|              1| 28|                   0|                1|                    1|         0|                85|       Active|             3|
[2025-02-21T20:20:23.110+0000] {spark_submit.py:641} INFO - |         31|Sales & Marketing|region_15|      Bachelors|     f|              other|              1| 29|                   3|                5|                    1|         0|                49|       Active|             3|
[2025-02-21T20:20:23.111+0000] {spark_submit.py:641} INFO - |         40|       Operations| region_7|Masters & above|     f|              other|              1| 34|                   1|                4|                    0|         0|                65|       Active|             3|
[2025-02-21T20:20:23.112+0000] {spark_submit.py:641} INFO - |         50|Sales & Marketing|region_19|      Bachelors|     m|              other|              1| 32|                   1|                3|                    0|         0|                48|       Active|             3|
[2025-02-21T20:20:23.113+0000] {spark_submit.py:641} INFO - |         55|       Operations|region_19|Masters & above|     f|           sourcing|              1| 33|                   5|                3|                    0|         0|                61|       Active|             1|
[2025-02-21T20:20:23.114+0000] {spark_submit.py:641} INFO - |         63|Sales & Marketing| region_8|Masters & above|     m|           sourcing|              1| 35|                   5|                8|                    0|         0|                52|       Active|             1|
[2025-02-21T20:20:23.115+0000] {spark_submit.py:641} INFO - |         64|        Analytics| region_4|      Bachelors|     m|              other|              1| 42|                   5|               11|                    1|         0|                80|       Active|             3|
[2025-02-21T20:20:23.115+0000] {spark_submit.py:641} INFO - +-----------+-----------------+---------+---------------+------+-------------------+---------------+---+--------------------+-----------------+---------------------+----------+------------------+-------------+--------------+
[2025-02-21T20:20:23.116+0000] {spark_submit.py:641} INFO - only showing top 20 rows
[2025-02-21T20:20:23.117+0000] {spark_submit.py:641} INFO - 
[2025-02-21T20:20:23.740+0000] {spark_submit.py:641} INFO - Jumlah baris dalam DataFrame: 17415
[2025-02-21T20:20:23.741+0000] {spark_submit.py:641} INFO - Load data berhasil.
[2025-02-21T20:20:24.106+0000] {taskinstance.py:341} INFO - ::group::Post task execution logs
[2025-02-21T20:20:24.108+0000] {taskinstance.py:353} INFO - Marking task as SUCCESS. dag_id=***_v2_etl_dag, task_id=load_task, run_id=manual__2025-02-21T20:07:47.207700+00:00, execution_date=20250221T200747, start_date=20250221T202010, end_date=20250221T202024
[2025-02-21T20:20:24.163+0000] {local_task_job_runner.py:266} INFO - Task exited with return code 0
[2025-02-21T20:20:24.193+0000] {taskinstance.py:3901} INFO - 0 downstream tasks scheduled from follow-on schedule check
[2025-02-21T20:20:24.196+0000] {local_task_job_runner.py:245} INFO - ::endgroup::
