[2025-02-21T20:22:07.525+0000] {local_task_job_runner.py:123} INFO - ::group::Pre task execution logs
[2025-02-21T20:22:07.552+0000] {taskinstance.py:2614} INFO - Dependencies all met for dep_context=non-requeueable deps ti=<TaskInstance: finprode8_v2_etl_dag.load_task manual__2025-02-21T20:07:47.207700+00:00 [queued]>
[2025-02-21T20:22:07.565+0000] {taskinstance.py:2614} INFO - Dependencies all met for dep_context=requeueable deps ti=<TaskInstance: finprode8_v2_etl_dag.load_task manual__2025-02-21T20:07:47.207700+00:00 [queued]>
[2025-02-21T20:22:07.567+0000] {taskinstance.py:2867} INFO - Starting attempt 6 of 6
[2025-02-21T20:22:07.584+0000] {taskinstance.py:2890} INFO - Executing <Task(SparkSubmitOperator): load_task> on 2025-02-21 20:07:47.207700+00:00
[2025-02-21T20:22:07.588+0000] {standard_task_runner.py:72} INFO - Started process 9401 to run task
[2025-02-21T20:22:07.592+0000] {standard_task_runner.py:104} INFO - Running: ['airflow', 'tasks', 'run', '***_v2_etl_dag', 'load_task', 'manual__2025-02-21T20:07:47.207700+00:00', '--job-id', '80', '--raw', '--subdir', 'DAGS_FOLDER/***_v2_etl_dag.py', '--cfg-path', '/tmp/tmpgrm42xgp']
[2025-02-21T20:22:07.595+0000] {standard_task_runner.py:105} INFO - Job 80: Subtask load_task
[2025-02-21T20:22:07.613+0000] {logging_mixin.py:190} WARNING - /home/airflow/.local/lib/python3.9/site-packages/airflow/settings.py:209 DeprecationWarning: The sql_alchemy_conn option in [core] has been moved to the sql_alchemy_conn option in [database] - the old setting has been used, but please update your config.
[2025-02-21T20:22:07.647+0000] {task_command.py:467} INFO - Running <TaskInstance: finprode8_v2_etl_dag.load_task manual__2025-02-21T20:07:47.207700+00:00 [running]> on host ***-airflow-scheduler
[2025-02-21T20:22:07.756+0000] {taskinstance.py:3134} INFO - Exporting env vars: AIRFLOW_CTX_DAG_OWNER='ratih malini' AIRFLOW_CTX_DAG_ID='***_v2_etl_dag' AIRFLOW_CTX_TASK_ID='load_task' AIRFLOW_CTX_EXECUTION_DATE='2025-02-21T20:07:47.207700+00:00' AIRFLOW_CTX_TRY_NUMBER='6' AIRFLOW_CTX_DAG_RUN_ID='manual__2025-02-21T20:07:47.207700+00:00'
[2025-02-21T20:22:07.758+0000] {taskinstance.py:732} INFO - ::endgroup::
[2025-02-21T20:22:07.811+0000] {base.py:84} INFO - Retrieving connection 'spark_main'
[2025-02-21T20:22:07.813+0000] {spark_submit.py:474} INFO - Spark-Submit cmd: spark-submit --master spark://***-spark-master:7077 --packages org.postgresql:postgresql:42.2.18 --name arrow-spark /spark-scripts/***_v2_load.py
[2025-02-21T20:22:10.084+0000] {spark_submit.py:641} INFO - :: loading settings :: url = jar:file:/home/airflow/.local/lib/python3.9/site-packages/pyspark/jars/ivy-2.5.1.jar!/org/apache/ivy/core/settings/ivysettings.xml
[2025-02-21T20:22:10.182+0000] {spark_submit.py:641} INFO - Ivy Default Cache set to: /home/airflow/.ivy2/cache
[2025-02-21T20:22:10.186+0000] {spark_submit.py:641} INFO - The jars for the packages stored in: /home/airflow/.ivy2/jars
[2025-02-21T20:22:10.190+0000] {spark_submit.py:641} INFO - org.postgresql#postgresql added as a dependency
[2025-02-21T20:22:10.193+0000] {spark_submit.py:641} INFO - :: resolving dependencies :: org.apache.spark#spark-submit-parent-4166e4a6-5c06-49fb-8ce1-50a35677f38a;1.0
[2025-02-21T20:22:10.194+0000] {spark_submit.py:641} INFO - confs: [default]
[2025-02-21T20:22:10.364+0000] {spark_submit.py:641} INFO - found org.postgresql#postgresql;42.2.18 in central
[2025-02-21T20:22:10.392+0000] {spark_submit.py:641} INFO - found org.checkerframework#checker-qual;3.5.0 in central
[2025-02-21T20:22:10.407+0000] {spark_submit.py:641} INFO - :: resolution report :: resolve 208ms :: artifacts dl 7ms
[2025-02-21T20:22:10.409+0000] {spark_submit.py:641} INFO - :: modules in use:
[2025-02-21T20:22:10.410+0000] {spark_submit.py:641} INFO - org.checkerframework#checker-qual;3.5.0 from central in [default]
[2025-02-21T20:22:10.411+0000] {spark_submit.py:641} INFO - org.postgresql#postgresql;42.2.18 from central in [default]
[2025-02-21T20:22:10.413+0000] {spark_submit.py:641} INFO - ---------------------------------------------------------------------
[2025-02-21T20:22:10.414+0000] {spark_submit.py:641} INFO - |                  |            modules            ||   artifacts   |
[2025-02-21T20:22:10.415+0000] {spark_submit.py:641} INFO - |       conf       | number| search|dwnlded|evicted|| number|dwnlded|
[2025-02-21T20:22:10.417+0000] {spark_submit.py:641} INFO - ---------------------------------------------------------------------
[2025-02-21T20:22:10.420+0000] {spark_submit.py:641} INFO - |      default     |   2   |   0   |   0   |   0   ||   2   |   0   |
[2025-02-21T20:22:10.421+0000] {spark_submit.py:641} INFO - ---------------------------------------------------------------------
[2025-02-21T20:22:10.423+0000] {spark_submit.py:641} INFO - :: retrieving :: org.apache.spark#spark-submit-parent-4166e4a6-5c06-49fb-8ce1-50a35677f38a
[2025-02-21T20:22:10.425+0000] {spark_submit.py:641} INFO - confs: [default]
[2025-02-21T20:22:10.427+0000] {spark_submit.py:641} INFO - 0 artifacts copied, 2 already retrieved (0kB/5ms)
[2025-02-21T20:22:10.742+0000] {spark_submit.py:641} INFO - 25/02/21 20:22:10 WARN NativeCodeLoader: Unable to load native-hadoop library for your platform... using builtin-java classes where applicable
[2025-02-21T20:22:11.901+0000] {spark_submit.py:641} INFO - 25/02/21 20:22:11 INFO SparkContext: Running Spark version 3.3.2
[2025-02-21T20:22:11.925+0000] {spark_submit.py:641} INFO - 25/02/21 20:22:11 INFO ResourceUtils: ==============================================================
[2025-02-21T20:22:11.927+0000] {spark_submit.py:641} INFO - 25/02/21 20:22:11 INFO ResourceUtils: No custom resources configured for spark.driver.
[2025-02-21T20:22:11.928+0000] {spark_submit.py:641} INFO - 25/02/21 20:22:11 INFO ResourceUtils: ==============================================================
[2025-02-21T20:22:11.930+0000] {spark_submit.py:641} INFO - 25/02/21 20:22:11 INFO SparkContext: Submitted application: ***_load
[2025-02-21T20:22:11.958+0000] {spark_submit.py:641} INFO - 25/02/21 20:22:11 INFO ResourceProfile: Default ResourceProfile created, executor resources: Map(cores -> name: cores, amount: 1, script: , vendor: , memory -> name: memory, amount: 1024, script: , vendor: , offHeap -> name: offHeap, amount: 0, script: , vendor: ), task resources: Map(cpus -> name: cpus, amount: 1.0)
[2025-02-21T20:22:11.965+0000] {spark_submit.py:641} INFO - 25/02/21 20:22:11 INFO ResourceProfile: Limiting resource is cpu
[2025-02-21T20:22:11.967+0000] {spark_submit.py:641} INFO - 25/02/21 20:22:11 INFO ResourceProfileManager: Added ResourceProfile id: 0
[2025-02-21T20:22:12.053+0000] {spark_submit.py:641} INFO - 25/02/21 20:22:12 INFO SecurityManager: Changing view acls to: airflow
[2025-02-21T20:22:12.055+0000] {spark_submit.py:641} INFO - 25/02/21 20:22:12 INFO SecurityManager: Changing modify acls to: airflow
[2025-02-21T20:22:12.057+0000] {spark_submit.py:641} INFO - 25/02/21 20:22:12 INFO SecurityManager: Changing view acls groups to:
[2025-02-21T20:22:12.059+0000] {spark_submit.py:641} INFO - 25/02/21 20:22:12 INFO SecurityManager: Changing modify acls groups to:
[2025-02-21T20:22:12.060+0000] {spark_submit.py:641} INFO - 25/02/21 20:22:12 INFO SecurityManager: SecurityManager: authentication disabled; ui acls disabled; users  with view permissions: Set(airflow); groups with view permissions: Set(); users  with modify permissions: Set(airflow); groups with modify permissions: Set()
[2025-02-21T20:22:12.365+0000] {spark_submit.py:641} INFO - 25/02/21 20:22:12 INFO Utils: Successfully started service 'sparkDriver' on port 40257.
[2025-02-21T20:22:12.413+0000] {spark_submit.py:641} INFO - 25/02/21 20:22:12 INFO SparkEnv: Registering MapOutputTracker
[2025-02-21T20:22:12.459+0000] {spark_submit.py:641} INFO - 25/02/21 20:22:12 INFO SparkEnv: Registering BlockManagerMaster
[2025-02-21T20:22:12.492+0000] {spark_submit.py:641} INFO - 25/02/21 20:22:12 INFO BlockManagerMasterEndpoint: Using org.apache.spark.storage.DefaultTopologyMapper for getting topology information
[2025-02-21T20:22:12.494+0000] {spark_submit.py:641} INFO - 25/02/21 20:22:12 INFO BlockManagerMasterEndpoint: BlockManagerMasterEndpoint up
[2025-02-21T20:22:12.501+0000] {spark_submit.py:641} INFO - 25/02/21 20:22:12 INFO SparkEnv: Registering BlockManagerMasterHeartbeat
[2025-02-21T20:22:12.550+0000] {spark_submit.py:641} INFO - 25/02/21 20:22:12 INFO DiskBlockManager: Created local directory at /tmp/blockmgr-70de593f-0485-46b2-9c0e-f17df47fdba4
[2025-02-21T20:22:12.570+0000] {spark_submit.py:641} INFO - 25/02/21 20:22:12 INFO MemoryStore: MemoryStore started with capacity 434.4 MiB
[2025-02-21T20:22:12.596+0000] {spark_submit.py:641} INFO - 25/02/21 20:22:12 INFO SparkEnv: Registering OutputCommitCoordinator
[2025-02-21T20:22:12.867+0000] {spark_submit.py:641} INFO - 25/02/21 20:22:12 INFO Utils: Successfully started service 'SparkUI' on port 4040.
[2025-02-21T20:22:12.909+0000] {spark_submit.py:641} INFO - 25/02/21 20:22:12 INFO SparkContext: Added JAR file:///home/airflow/.ivy2/jars/org.postgresql_postgresql-42.2.18.jar at spark://***-airflow-scheduler:40257/jars/org.postgresql_postgresql-42.2.18.jar with timestamp 1740169331893
[2025-02-21T20:22:12.913+0000] {spark_submit.py:641} INFO - 25/02/21 20:22:12 INFO SparkContext: Added JAR file:///home/airflow/.ivy2/jars/org.checkerframework_checker-qual-3.5.0.jar at spark://***-airflow-scheduler:40257/jars/org.checkerframework_checker-qual-3.5.0.jar with timestamp 1740169331893
[2025-02-21T20:22:12.915+0000] {spark_submit.py:641} INFO - 25/02/21 20:22:12 INFO SparkContext: Added file file:///home/airflow/.ivy2/jars/org.postgresql_postgresql-42.2.18.jar at file:///home/airflow/.ivy2/jars/org.postgresql_postgresql-42.2.18.jar with timestamp 1740169331893
[2025-02-21T20:22:12.916+0000] {spark_submit.py:641} INFO - 25/02/21 20:22:12 INFO Utils: Copying /home/airflow/.ivy2/jars/org.postgresql_postgresql-42.2.18.jar to /tmp/spark-b782ebd3-c75a-41aa-9db2-89e0b79e8845/userFiles-2eb7e79b-d129-4268-8991-a174e78ab1fb/org.postgresql_postgresql-42.2.18.jar
[2025-02-21T20:22:12.947+0000] {spark_submit.py:641} INFO - 25/02/21 20:22:12 INFO SparkContext: Added file file:///home/airflow/.ivy2/jars/org.checkerframework_checker-qual-3.5.0.jar at file:///home/airflow/.ivy2/jars/org.checkerframework_checker-qual-3.5.0.jar with timestamp 1740169331893
[2025-02-21T20:22:12.950+0000] {spark_submit.py:641} INFO - 25/02/21 20:22:12 INFO Utils: Copying /home/airflow/.ivy2/jars/org.checkerframework_checker-qual-3.5.0.jar to /tmp/spark-b782ebd3-c75a-41aa-9db2-89e0b79e8845/userFiles-2eb7e79b-d129-4268-8991-a174e78ab1fb/org.checkerframework_checker-qual-3.5.0.jar
[2025-02-21T20:22:13.042+0000] {spark_submit.py:641} INFO - 25/02/21 20:22:13 INFO Executor: Starting executor ID driver on host ***-airflow-scheduler
[2025-02-21T20:22:13.051+0000] {spark_submit.py:641} INFO - 25/02/21 20:22:13 INFO Executor: Starting executor with user classpath (userClassPathFirst = false): ''
[2025-02-21T20:22:13.064+0000] {spark_submit.py:641} INFO - 25/02/21 20:22:13 INFO Executor: Fetching file:///home/airflow/.ivy2/jars/org.postgresql_postgresql-42.2.18.jar with timestamp 1740169331893
[2025-02-21T20:22:13.096+0000] {spark_submit.py:641} INFO - 25/02/21 20:22:13 INFO Utils: /home/airflow/.ivy2/jars/org.postgresql_postgresql-42.2.18.jar has been previously copied to /tmp/spark-b782ebd3-c75a-41aa-9db2-89e0b79e8845/userFiles-2eb7e79b-d129-4268-8991-a174e78ab1fb/org.postgresql_postgresql-42.2.18.jar
[2025-02-21T20:22:13.100+0000] {spark_submit.py:641} INFO - 25/02/21 20:22:13 INFO Executor: Fetching file:///home/airflow/.ivy2/jars/org.checkerframework_checker-qual-3.5.0.jar with timestamp 1740169331893
[2025-02-21T20:22:13.101+0000] {spark_submit.py:641} INFO - 25/02/21 20:22:13 INFO Utils: /home/airflow/.ivy2/jars/org.checkerframework_checker-qual-3.5.0.jar has been previously copied to /tmp/spark-b782ebd3-c75a-41aa-9db2-89e0b79e8845/userFiles-2eb7e79b-d129-4268-8991-a174e78ab1fb/org.checkerframework_checker-qual-3.5.0.jar
[2025-02-21T20:22:13.121+0000] {spark_submit.py:641} INFO - 25/02/21 20:22:13 INFO Executor: Fetching spark://***-airflow-scheduler:40257/jars/org.postgresql_postgresql-42.2.18.jar with timestamp 1740169331893
[2025-02-21T20:22:13.174+0000] {spark_submit.py:641} INFO - 25/02/21 20:22:13 INFO TransportClientFactory: Successfully created connection to ***-airflow-scheduler/172.19.0.5:40257 after 35 ms (0 ms spent in bootstraps)
[2025-02-21T20:22:13.180+0000] {spark_submit.py:641} INFO - 25/02/21 20:22:13 INFO Utils: Fetching spark://***-airflow-scheduler:40257/jars/org.postgresql_postgresql-42.2.18.jar to /tmp/spark-b782ebd3-c75a-41aa-9db2-89e0b79e8845/userFiles-2eb7e79b-d129-4268-8991-a174e78ab1fb/fetchFileTemp12960918526932575573.tmp
[2025-02-21T20:22:13.236+0000] {spark_submit.py:641} INFO - 25/02/21 20:22:13 INFO Utils: /tmp/spark-b782ebd3-c75a-41aa-9db2-89e0b79e8845/userFiles-2eb7e79b-d129-4268-8991-a174e78ab1fb/fetchFileTemp12960918526932575573.tmp has been previously copied to /tmp/spark-b782ebd3-c75a-41aa-9db2-89e0b79e8845/userFiles-2eb7e79b-d129-4268-8991-a174e78ab1fb/org.postgresql_postgresql-42.2.18.jar
[2025-02-21T20:22:13.241+0000] {spark_submit.py:641} INFO - 25/02/21 20:22:13 INFO Executor: Adding file:/tmp/spark-b782ebd3-c75a-41aa-9db2-89e0b79e8845/userFiles-2eb7e79b-d129-4268-8991-a174e78ab1fb/org.postgresql_postgresql-42.2.18.jar to class loader
[2025-02-21T20:22:13.242+0000] {spark_submit.py:641} INFO - 25/02/21 20:22:13 INFO Executor: Fetching spark://***-airflow-scheduler:40257/jars/org.checkerframework_checker-qual-3.5.0.jar with timestamp 1740169331893
[2025-02-21T20:22:13.243+0000] {spark_submit.py:641} INFO - 25/02/21 20:22:13 INFO Utils: Fetching spark://***-airflow-scheduler:40257/jars/org.checkerframework_checker-qual-3.5.0.jar to /tmp/spark-b782ebd3-c75a-41aa-9db2-89e0b79e8845/userFiles-2eb7e79b-d129-4268-8991-a174e78ab1fb/fetchFileTemp16246972336068544432.tmp
[2025-02-21T20:22:13.244+0000] {spark_submit.py:641} INFO - 25/02/21 20:22:13 INFO Utils: /tmp/spark-b782ebd3-c75a-41aa-9db2-89e0b79e8845/userFiles-2eb7e79b-d129-4268-8991-a174e78ab1fb/fetchFileTemp16246972336068544432.tmp has been previously copied to /tmp/spark-b782ebd3-c75a-41aa-9db2-89e0b79e8845/userFiles-2eb7e79b-d129-4268-8991-a174e78ab1fb/org.checkerframework_checker-qual-3.5.0.jar
[2025-02-21T20:22:13.249+0000] {spark_submit.py:641} INFO - 25/02/21 20:22:13 INFO Executor: Adding file:/tmp/spark-b782ebd3-c75a-41aa-9db2-89e0b79e8845/userFiles-2eb7e79b-d129-4268-8991-a174e78ab1fb/org.checkerframework_checker-qual-3.5.0.jar to class loader
[2025-02-21T20:22:13.255+0000] {spark_submit.py:641} INFO - 25/02/21 20:22:13 INFO Utils: Successfully started service 'org.apache.spark.network.netty.NettyBlockTransferService' on port 40163.
[2025-02-21T20:22:13.257+0000] {spark_submit.py:641} INFO - 25/02/21 20:22:13 INFO NettyBlockTransferService: Server created on ***-airflow-scheduler:40163
[2025-02-21T20:22:13.258+0000] {spark_submit.py:641} INFO - 25/02/21 20:22:13 INFO BlockManager: Using org.apache.spark.storage.RandomBlockReplicationPolicy for block replication policy
[2025-02-21T20:22:13.265+0000] {spark_submit.py:641} INFO - 25/02/21 20:22:13 INFO BlockManagerMaster: Registering BlockManager BlockManagerId(driver, ***-airflow-scheduler, 40163, None)
[2025-02-21T20:22:13.268+0000] {spark_submit.py:641} INFO - 25/02/21 20:22:13 INFO BlockManagerMasterEndpoint: Registering block manager ***-airflow-scheduler:40163 with 434.4 MiB RAM, BlockManagerId(driver, ***-airflow-scheduler, 40163, None)
[2025-02-21T20:22:13.271+0000] {spark_submit.py:641} INFO - 25/02/21 20:22:13 INFO BlockManagerMaster: Registered BlockManager BlockManagerId(driver, ***-airflow-scheduler, 40163, None)
[2025-02-21T20:22:13.273+0000] {spark_submit.py:641} INFO - 25/02/21 20:22:13 INFO BlockManager: Initialized BlockManager: BlockManagerId(driver, ***-airflow-scheduler, 40163, None)
[2025-02-21T20:22:20.867+0000] {spark_submit.py:641} INFO - ---------------- MENAMPILKAN DATA HASIL LOAD KE POSTGRES ----------------
[2025-02-21T20:22:21.153+0000] {spark_submit.py:641} INFO - +-----------+-----------------+---------+---------------+------+-------------------+---------------+---+--------------------+-----------------+---------------------+----------+------------------+
[2025-02-21T20:22:21.155+0000] {spark_submit.py:641} INFO - |employee_id|       department|   region|      education|gender|recruitment_channel|no_of_trainings|age|previous_year_rating|length_of_service|KPIs_met_more_than_80|awards_won|avg_training_score|
[2025-02-21T20:22:21.157+0000] {spark_submit.py:641} INFO - +-----------+-----------------+---------+---------------+------+-------------------+---------------+---+--------------------+-----------------+---------------------+----------+------------------+
[2025-02-21T20:22:21.158+0000] {spark_submit.py:641} INFO - |          3|      Procurement|region_22|Masters & above|     f|              other|              1| 38|                   5|                4|                    1|         0|                67|
[2025-02-21T20:22:21.159+0000] {spark_submit.py:641} INFO - |          6|Sales & Marketing|region_15|      Bachelors|     f|              other|              1| 38|                   3|               10|                    0|         0|                50|
[2025-02-21T20:22:21.160+0000] {spark_submit.py:641} INFO - |         11|       Technology| region_4|Masters & above|     f|           sourcing|              1| 39|                   4|               12|                    1|         0|                72|
[2025-02-21T20:22:21.161+0000] {spark_submit.py:641} INFO - |         13|Sales & Marketing|region_17|      Bachelors|     m|              other|              1| 38|                   1|                5|                    1|         0|                47|
[2025-02-21T20:22:21.162+0000] {spark_submit.py:641} INFO - |         16|Sales & Marketing| region_4|Masters & above|     m|           sourcing|              1| 40|                   5|                5|                    0|         0|                53|
[2025-02-21T20:22:21.164+0000] {spark_submit.py:641} INFO - |         17|Sales & Marketing| region_7|      Bachelors|     m|           sourcing|              1| 50|                   5|               13|                    0|         0|                47|
[2025-02-21T20:22:21.165+0000] {spark_submit.py:641} INFO - |         19|               HR| region_2|Masters & above|     f|              other|              1| 50|                   4|                7|                    1|         0|                45|
[2025-02-21T20:22:21.166+0000] {spark_submit.py:641} INFO - |         20|        Analytics|region_21|      Bachelors|     m|           sourcing|              1| 27|                   0|                1|                    1|         0|                89|
[2025-02-21T20:22:21.167+0000] {spark_submit.py:641} INFO - |         21|        Analytics| region_8|      Bachelors|     m|           sourcing|              2| 28|                   2|                3|                    1|         0|                85|
[2025-02-21T20:22:21.168+0000] {spark_submit.py:641} INFO - |         22|       Technology| region_2|Masters & above|     f|              other|              1| 57|                   4|               18|                    1|         0|                77|
[2025-02-21T20:22:21.170+0000] {spark_submit.py:641} INFO - |         23|Sales & Marketing|region_16|      Bachelors|     f|           sourcing|              1| 42|                   1|                3|                    0|         0|                46|
[2025-02-21T20:22:21.171+0000] {spark_submit.py:641} INFO - |         24|               HR|region_28|Masters & above|     f|              other|              1| 32|                   1|                5|                    1|         0|                51|
[2025-02-21T20:22:21.172+0000] {spark_submit.py:641} INFO - |         27|Sales & Marketing|region_16|      Bachelors|     m|           sourcing|              1| 29|                   2|                6|                    0|         0|                51|
[2025-02-21T20:22:21.174+0000] {spark_submit.py:641} INFO - |         29|        Analytics| region_7|      Bachelors|     m|              other|              1| 28|                   0|                1|                    1|         0|                85|
[2025-02-21T20:22:21.175+0000] {spark_submit.py:641} INFO - |         31|Sales & Marketing|region_15|      Bachelors|     f|              other|              1| 29|                   3|                5|                    1|         0|                49|
[2025-02-21T20:22:21.177+0000] {spark_submit.py:641} INFO - |         40|       Operations| region_7|Masters & above|     f|              other|              1| 34|                   1|                4|                    0|         0|                65|
[2025-02-21T20:22:21.178+0000] {spark_submit.py:641} INFO - |         50|Sales & Marketing|region_19|      Bachelors|     m|              other|              1| 32|                   1|                3|                    0|         0|                48|
[2025-02-21T20:22:21.180+0000] {spark_submit.py:641} INFO - |         55|       Operations|region_19|Masters & above|     f|           sourcing|              1| 33|                   5|                3|                    0|         0|                61|
[2025-02-21T20:22:21.181+0000] {spark_submit.py:641} INFO - |         63|Sales & Marketing| region_8|Masters & above|     m|           sourcing|              1| 35|                   5|                8|                    0|         0|                52|
[2025-02-21T20:22:21.182+0000] {spark_submit.py:641} INFO - |         64|        Analytics| region_4|      Bachelors|     m|              other|              1| 42|                   5|               11|                    1|         0|                80|
[2025-02-21T20:22:21.184+0000] {spark_submit.py:641} INFO - +-----------+-----------------+---------+---------------+------+-------------------+---------------+---+--------------------+-----------------+---------------------+----------+------------------+
[2025-02-21T20:22:21.185+0000] {spark_submit.py:641} INFO - only showing top 20 rows
[2025-02-21T20:22:21.186+0000] {spark_submit.py:641} INFO - 
[2025-02-21T20:22:21.815+0000] {spark_submit.py:641} INFO - +-----------+-----------------+---------+---------------+------+-------------------+---------------+---+--------------------+-----------------+---------------------+----------+------------------+-------------+--------------+
[2025-02-21T20:22:21.816+0000] {spark_submit.py:641} INFO - |employee_id|       department|   region|      education|gender|recruitment_channel|no_of_trainings|age|previous_year_rating|length_of_service|KPIs_met_more_than_80|awards_won|avg_training_score|department_id|rec_channel_id|
[2025-02-21T20:22:21.817+0000] {spark_submit.py:641} INFO - +-----------+-----------------+---------+---------------+------+-------------------+---------------+---+--------------------+-----------------+---------------------+----------+------------------+-------------+--------------+
[2025-02-21T20:22:21.818+0000] {spark_submit.py:641} INFO - |          3|      Procurement|region_22|Masters & above|     f|              other|              1| 38|                   5|                4|                    1|         0|                67|       Active|             3|
[2025-02-21T20:22:21.819+0000] {spark_submit.py:641} INFO - |          6|Sales & Marketing|region_15|      Bachelors|     f|              other|              1| 38|                   3|               10|                    0|         0|                50|       Active|             3|
[2025-02-21T20:22:21.820+0000] {spark_submit.py:641} INFO - |         11|       Technology| region_4|Masters & above|     f|           sourcing|              1| 39|                   4|               12|                    1|         0|                72|       Active|             1|
[2025-02-21T20:22:21.821+0000] {spark_submit.py:641} INFO - |         13|Sales & Marketing|region_17|      Bachelors|     m|              other|              1| 38|                   1|                5|                    1|         0|                47|       Active|             3|
[2025-02-21T20:22:21.823+0000] {spark_submit.py:641} INFO - |         16|Sales & Marketing| region_4|Masters & above|     m|           sourcing|              1| 40|                   5|                5|                    0|         0|                53|       Active|             1|
[2025-02-21T20:22:21.824+0000] {spark_submit.py:641} INFO - |         17|Sales & Marketing| region_7|      Bachelors|     m|           sourcing|              1| 50|                   5|               13|                    0|         0|                47|       Active|             1|
[2025-02-21T20:22:21.825+0000] {spark_submit.py:641} INFO - |         19|               HR| region_2|Masters & above|     f|              other|              1| 50|                   4|                7|                    1|         0|                45|       Active|             3|
[2025-02-21T20:22:21.825+0000] {spark_submit.py:641} INFO - |         20|        Analytics|region_21|      Bachelors|     m|           sourcing|              1| 27|                   0|                1|                    1|         0|                89|       Active|             1|
[2025-02-21T20:22:21.826+0000] {spark_submit.py:641} INFO - |         21|        Analytics| region_8|      Bachelors|     m|           sourcing|              2| 28|                   2|                3|                    1|         0|                85|       Active|             1|
[2025-02-21T20:22:21.828+0000] {spark_submit.py:641} INFO - |         22|       Technology| region_2|Masters & above|     f|              other|              1| 57|                   4|               18|                    1|         0|                77|       Active|             3|
[2025-02-21T20:22:21.829+0000] {spark_submit.py:641} INFO - |         23|Sales & Marketing|region_16|      Bachelors|     f|           sourcing|              1| 42|                   1|                3|                    0|         0|                46|       Active|             1|
[2025-02-21T20:22:21.830+0000] {spark_submit.py:641} INFO - |         24|               HR|region_28|Masters & above|     f|              other|              1| 32|                   1|                5|                    1|         0|                51|       Active|             3|
[2025-02-21T20:22:21.831+0000] {spark_submit.py:641} INFO - |         27|Sales & Marketing|region_16|      Bachelors|     m|           sourcing|              1| 29|                   2|                6|                    0|         0|                51|       Active|             1|
[2025-02-21T20:22:21.833+0000] {spark_submit.py:641} INFO - |         29|        Analytics| region_7|      Bachelors|     m|              other|              1| 28|                   0|                1|                    1|         0|                85|       Active|             3|
[2025-02-21T20:22:21.834+0000] {spark_submit.py:641} INFO - |         31|Sales & Marketing|region_15|      Bachelors|     f|              other|              1| 29|                   3|                5|                    1|         0|                49|       Active|             3|
[2025-02-21T20:22:21.835+0000] {spark_submit.py:641} INFO - |         40|       Operations| region_7|Masters & above|     f|              other|              1| 34|                   1|                4|                    0|         0|                65|       Active|             3|
[2025-02-21T20:22:21.836+0000] {spark_submit.py:641} INFO - |         50|Sales & Marketing|region_19|      Bachelors|     m|              other|              1| 32|                   1|                3|                    0|         0|                48|       Active|             3|
[2025-02-21T20:22:21.838+0000] {spark_submit.py:641} INFO - |         55|       Operations|region_19|Masters & above|     f|           sourcing|              1| 33|                   5|                3|                    0|         0|                61|       Active|             1|
[2025-02-21T20:22:21.839+0000] {spark_submit.py:641} INFO - |         63|Sales & Marketing| region_8|Masters & above|     m|           sourcing|              1| 35|                   5|                8|                    0|         0|                52|       Active|             1|
[2025-02-21T20:22:21.840+0000] {spark_submit.py:641} INFO - |         64|        Analytics| region_4|      Bachelors|     m|              other|              1| 42|                   5|               11|                    1|         0|                80|       Active|             3|
[2025-02-21T20:22:21.841+0000] {spark_submit.py:641} INFO - +-----------+-----------------+---------+---------------+------+-------------------+---------------+---+--------------------+-----------------+---------------------+----------+------------------+-------------+--------------+
[2025-02-21T20:22:21.842+0000] {spark_submit.py:641} INFO - only showing top 20 rows
[2025-02-21T20:22:21.843+0000] {spark_submit.py:641} INFO - 
[2025-02-21T20:22:22.240+0000] {spark_submit.py:641} INFO - Jumlah baris dalam DataFrame: 17415
[2025-02-21T20:22:22.242+0000] {spark_submit.py:641} INFO - Load data berhasil.
[2025-02-21T20:22:22.709+0000] {taskinstance.py:341} INFO - ::group::Post task execution logs
[2025-02-21T20:22:22.712+0000] {taskinstance.py:353} INFO - Marking task as SUCCESS. dag_id=***_v2_etl_dag, task_id=load_task, run_id=manual__2025-02-21T20:07:47.207700+00:00, execution_date=20250221T200747, start_date=20250221T202207, end_date=20250221T202222
[2025-02-21T20:22:22.771+0000] {local_task_job_runner.py:266} INFO - Task exited with return code 0
[2025-02-21T20:22:22.796+0000] {taskinstance.py:3901} INFO - 0 downstream tasks scheduled from follow-on schedule check
[2025-02-21T20:22:22.800+0000] {local_task_job_runner.py:245} INFO - ::endgroup::
