[2025-02-21T20:11:18.058+0000] {local_task_job_runner.py:123} INFO - ::group::Pre task execution logs
[2025-02-21T20:11:18.096+0000] {taskinstance.py:2614} INFO - Dependencies all met for dep_context=non-requeueable deps ti=<TaskInstance: finprode8_v2_etl_dag.load_task manual__2025-02-21T20:07:47.207700+00:00 [queued]>
[2025-02-21T20:11:18.114+0000] {taskinstance.py:2614} INFO - Dependencies all met for dep_context=requeueable deps ti=<TaskInstance: finprode8_v2_etl_dag.load_task manual__2025-02-21T20:07:47.207700+00:00 [queued]>
[2025-02-21T20:11:18.116+0000] {taskinstance.py:2867} INFO - Starting attempt 2 of 2
[2025-02-21T20:11:18.152+0000] {taskinstance.py:2890} INFO - Executing <Task(SparkSubmitOperator): load_task> on 2025-02-21 20:07:47.207700+00:00
[2025-02-21T20:11:18.159+0000] {standard_task_runner.py:72} INFO - Started process 5916 to run task
[2025-02-21T20:11:18.163+0000] {standard_task_runner.py:104} INFO - Running: ['airflow', 'tasks', 'run', '***_v2_etl_dag', 'load_task', 'manual__2025-02-21T20:07:47.207700+00:00', '--job-id', '66', '--raw', '--subdir', 'DAGS_FOLDER/***_v2_etl_dag.py', '--cfg-path', '/tmp/tmp192nzvod']
[2025-02-21T20:11:18.167+0000] {standard_task_runner.py:105} INFO - Job 66: Subtask load_task
[2025-02-21T20:11:18.185+0000] {logging_mixin.py:190} WARNING - /home/airflow/.local/lib/python3.9/site-packages/airflow/settings.py:209 DeprecationWarning: The sql_alchemy_conn option in [core] has been moved to the sql_alchemy_conn option in [database] - the old setting has been used, but please update your config.
[2025-02-21T20:11:18.224+0000] {task_command.py:467} INFO - Running <TaskInstance: finprode8_v2_etl_dag.load_task manual__2025-02-21T20:07:47.207700+00:00 [running]> on host ***-airflow-scheduler
[2025-02-21T20:11:18.334+0000] {taskinstance.py:3134} INFO - Exporting env vars: AIRFLOW_CTX_DAG_OWNER='ratih malini' AIRFLOW_CTX_DAG_ID='***_v2_etl_dag' AIRFLOW_CTX_TASK_ID='load_task' AIRFLOW_CTX_EXECUTION_DATE='2025-02-21T20:07:47.207700+00:00' AIRFLOW_CTX_TRY_NUMBER='2' AIRFLOW_CTX_DAG_RUN_ID='manual__2025-02-21T20:07:47.207700+00:00'
[2025-02-21T20:11:18.336+0000] {taskinstance.py:732} INFO - ::endgroup::
[2025-02-21T20:11:18.379+0000] {base.py:84} INFO - Retrieving connection 'spark_main'
[2025-02-21T20:11:18.382+0000] {spark_submit.py:474} INFO - Spark-Submit cmd: spark-submit --master spark://***-spark-master:7077 --packages org.postgresql:postgresql:42.2.18 --name arrow-spark /spark-scripts/***_v2_load.py
[2025-02-21T20:11:20.730+0000] {spark_submit.py:641} INFO - :: loading settings :: url = jar:file:/home/airflow/.local/lib/python3.9/site-packages/pyspark/jars/ivy-2.5.1.jar!/org/apache/ivy/core/settings/ivysettings.xml
[2025-02-21T20:11:20.866+0000] {spark_submit.py:641} INFO - Ivy Default Cache set to: /home/airflow/.ivy2/cache
[2025-02-21T20:11:20.867+0000] {spark_submit.py:641} INFO - The jars for the packages stored in: /home/airflow/.ivy2/jars
[2025-02-21T20:11:20.871+0000] {spark_submit.py:641} INFO - org.postgresql#postgresql added as a dependency
[2025-02-21T20:11:20.872+0000] {spark_submit.py:641} INFO - :: resolving dependencies :: org.apache.spark#spark-submit-parent-40659af2-23f4-4c76-8c33-676fcc6e59a0;1.0
[2025-02-21T20:11:20.873+0000] {spark_submit.py:641} INFO - confs: [default]
[2025-02-21T20:11:21.003+0000] {spark_submit.py:641} INFO - found org.postgresql#postgresql;42.2.18 in central
[2025-02-21T20:11:21.029+0000] {spark_submit.py:641} INFO - found org.checkerframework#checker-qual;3.5.0 in central
[2025-02-21T20:11:21.043+0000] {spark_submit.py:641} INFO - :: resolution report :: resolve 166ms :: artifacts dl 4ms
[2025-02-21T20:11:21.044+0000] {spark_submit.py:641} INFO - :: modules in use:
[2025-02-21T20:11:21.046+0000] {spark_submit.py:641} INFO - org.checkerframework#checker-qual;3.5.0 from central in [default]
[2025-02-21T20:11:21.047+0000] {spark_submit.py:641} INFO - org.postgresql#postgresql;42.2.18 from central in [default]
[2025-02-21T20:11:21.048+0000] {spark_submit.py:641} INFO - ---------------------------------------------------------------------
[2025-02-21T20:11:21.050+0000] {spark_submit.py:641} INFO - |                  |            modules            ||   artifacts   |
[2025-02-21T20:11:21.051+0000] {spark_submit.py:641} INFO - |       conf       | number| search|dwnlded|evicted|| number|dwnlded|
[2025-02-21T20:11:21.053+0000] {spark_submit.py:641} INFO - ---------------------------------------------------------------------
[2025-02-21T20:11:21.054+0000] {spark_submit.py:641} INFO - |      default     |   2   |   0   |   0   |   0   ||   2   |   0   |
[2025-02-21T20:11:21.056+0000] {spark_submit.py:641} INFO - ---------------------------------------------------------------------
[2025-02-21T20:11:21.057+0000] {spark_submit.py:641} INFO - :: retrieving :: org.apache.spark#spark-submit-parent-40659af2-23f4-4c76-8c33-676fcc6e59a0
[2025-02-21T20:11:21.059+0000] {spark_submit.py:641} INFO - confs: [default]
[2025-02-21T20:11:21.060+0000] {spark_submit.py:641} INFO - 0 artifacts copied, 2 already retrieved (0kB/7ms)
[2025-02-21T20:11:21.359+0000] {spark_submit.py:641} INFO - 25/02/21 20:11:21 WARN NativeCodeLoader: Unable to load native-hadoop library for your platform... using builtin-java classes where applicable
[2025-02-21T20:11:22.540+0000] {spark_submit.py:641} INFO - 25/02/21 20:11:22 INFO SparkContext: Running Spark version 3.3.2
[2025-02-21T20:11:22.566+0000] {spark_submit.py:641} INFO - 25/02/21 20:11:22 INFO ResourceUtils: ==============================================================
[2025-02-21T20:11:22.568+0000] {spark_submit.py:641} INFO - 25/02/21 20:11:22 INFO ResourceUtils: No custom resources configured for spark.driver.
[2025-02-21T20:11:22.570+0000] {spark_submit.py:641} INFO - 25/02/21 20:11:22 INFO ResourceUtils: ==============================================================
[2025-02-21T20:11:22.572+0000] {spark_submit.py:641} INFO - 25/02/21 20:11:22 INFO SparkContext: Submitted application: ***_load
[2025-02-21T20:11:22.607+0000] {spark_submit.py:641} INFO - 25/02/21 20:11:22 INFO ResourceProfile: Default ResourceProfile created, executor resources: Map(cores -> name: cores, amount: 1, script: , vendor: , memory -> name: memory, amount: 1024, script: , vendor: , offHeap -> name: offHeap, amount: 0, script: , vendor: ), task resources: Map(cpus -> name: cpus, amount: 1.0)
[2025-02-21T20:11:22.614+0000] {spark_submit.py:641} INFO - 25/02/21 20:11:22 INFO ResourceProfile: Limiting resource is cpu
[2025-02-21T20:11:22.616+0000] {spark_submit.py:641} INFO - 25/02/21 20:11:22 INFO ResourceProfileManager: Added ResourceProfile id: 0
[2025-02-21T20:11:22.689+0000] {spark_submit.py:641} INFO - 25/02/21 20:11:22 INFO SecurityManager: Changing view acls to: airflow
[2025-02-21T20:11:22.692+0000] {spark_submit.py:641} INFO - 25/02/21 20:11:22 INFO SecurityManager: Changing modify acls to: airflow
[2025-02-21T20:11:22.694+0000] {spark_submit.py:641} INFO - 25/02/21 20:11:22 INFO SecurityManager: Changing view acls groups to:
[2025-02-21T20:11:22.697+0000] {spark_submit.py:641} INFO - 25/02/21 20:11:22 INFO SecurityManager: Changing modify acls groups to:
[2025-02-21T20:11:22.700+0000] {spark_submit.py:641} INFO - 25/02/21 20:11:22 INFO SecurityManager: SecurityManager: authentication disabled; ui acls disabled; users  with view permissions: Set(airflow); groups with view permissions: Set(); users  with modify permissions: Set(airflow); groups with modify permissions: Set()
[2025-02-21T20:11:23.081+0000] {spark_submit.py:641} INFO - 25/02/21 20:11:23 INFO Utils: Successfully started service 'sparkDriver' on port 40035.
[2025-02-21T20:11:23.143+0000] {spark_submit.py:641} INFO - 25/02/21 20:11:23 INFO SparkEnv: Registering MapOutputTracker
[2025-02-21T20:11:23.198+0000] {spark_submit.py:641} INFO - 25/02/21 20:11:23 INFO SparkEnv: Registering BlockManagerMaster
[2025-02-21T20:11:23.237+0000] {spark_submit.py:641} INFO - 25/02/21 20:11:23 INFO BlockManagerMasterEndpoint: Using org.apache.spark.storage.DefaultTopologyMapper for getting topology information
[2025-02-21T20:11:23.238+0000] {spark_submit.py:641} INFO - 25/02/21 20:11:23 INFO BlockManagerMasterEndpoint: BlockManagerMasterEndpoint up
[2025-02-21T20:11:23.250+0000] {spark_submit.py:641} INFO - 25/02/21 20:11:23 INFO SparkEnv: Registering BlockManagerMasterHeartbeat
[2025-02-21T20:11:23.283+0000] {spark_submit.py:641} INFO - 25/02/21 20:11:23 INFO DiskBlockManager: Created local directory at /tmp/blockmgr-2cd10555-8c6b-480e-9c1a-8ba807c89609
[2025-02-21T20:11:23.300+0000] {spark_submit.py:641} INFO - 25/02/21 20:11:23 INFO MemoryStore: MemoryStore started with capacity 434.4 MiB
[2025-02-21T20:11:23.318+0000] {spark_submit.py:641} INFO - 25/02/21 20:11:23 INFO SparkEnv: Registering OutputCommitCoordinator
[2025-02-21T20:11:23.580+0000] {spark_submit.py:641} INFO - 25/02/21 20:11:23 INFO Utils: Successfully started service 'SparkUI' on port 4040.
[2025-02-21T20:11:23.651+0000] {spark_submit.py:641} INFO - 25/02/21 20:11:23 INFO SparkContext: Added JAR file:///home/airflow/.ivy2/jars/org.postgresql_postgresql-42.2.18.jar at spark://***-airflow-scheduler:40035/jars/org.postgresql_postgresql-42.2.18.jar with timestamp 1740168682531
[2025-02-21T20:11:23.652+0000] {spark_submit.py:641} INFO - 25/02/21 20:11:23 INFO SparkContext: Added JAR file:///home/airflow/.ivy2/jars/org.checkerframework_checker-qual-3.5.0.jar at spark://***-airflow-scheduler:40035/jars/org.checkerframework_checker-qual-3.5.0.jar with timestamp 1740168682531
[2025-02-21T20:11:23.653+0000] {spark_submit.py:641} INFO - 25/02/21 20:11:23 INFO SparkContext: Added file file:///home/airflow/.ivy2/jars/org.postgresql_postgresql-42.2.18.jar at file:///home/airflow/.ivy2/jars/org.postgresql_postgresql-42.2.18.jar with timestamp 1740168682531
[2025-02-21T20:11:23.656+0000] {spark_submit.py:641} INFO - 25/02/21 20:11:23 INFO Utils: Copying /home/airflow/.ivy2/jars/org.postgresql_postgresql-42.2.18.jar to /tmp/spark-4af994dc-ffba-4254-89c7-c849a9cc8a6d/userFiles-449150b4-19b2-4d19-a253-2dec750b283e/org.postgresql_postgresql-42.2.18.jar
[2025-02-21T20:11:23.675+0000] {spark_submit.py:641} INFO - 25/02/21 20:11:23 INFO SparkContext: Added file file:///home/airflow/.ivy2/jars/org.checkerframework_checker-qual-3.5.0.jar at file:///home/airflow/.ivy2/jars/org.checkerframework_checker-qual-3.5.0.jar with timestamp 1740168682531
[2025-02-21T20:11:23.676+0000] {spark_submit.py:641} INFO - 25/02/21 20:11:23 INFO Utils: Copying /home/airflow/.ivy2/jars/org.checkerframework_checker-qual-3.5.0.jar to /tmp/spark-4af994dc-ffba-4254-89c7-c849a9cc8a6d/userFiles-449150b4-19b2-4d19-a253-2dec750b283e/org.checkerframework_checker-qual-3.5.0.jar
[2025-02-21T20:11:23.746+0000] {spark_submit.py:641} INFO - 25/02/21 20:11:23 INFO Executor: Starting executor ID driver on host ***-airflow-scheduler
[2025-02-21T20:11:23.754+0000] {spark_submit.py:641} INFO - 25/02/21 20:11:23 INFO Executor: Starting executor with user classpath (userClassPathFirst = false): ''
[2025-02-21T20:11:23.768+0000] {spark_submit.py:641} INFO - 25/02/21 20:11:23 INFO Executor: Fetching file:///home/airflow/.ivy2/jars/org.postgresql_postgresql-42.2.18.jar with timestamp 1740168682531
[2025-02-21T20:11:23.793+0000] {spark_submit.py:641} INFO - 25/02/21 20:11:23 INFO Utils: /home/airflow/.ivy2/jars/org.postgresql_postgresql-42.2.18.jar has been previously copied to /tmp/spark-4af994dc-ffba-4254-89c7-c849a9cc8a6d/userFiles-449150b4-19b2-4d19-a253-2dec750b283e/org.postgresql_postgresql-42.2.18.jar
[2025-02-21T20:11:23.797+0000] {spark_submit.py:641} INFO - 25/02/21 20:11:23 INFO Executor: Fetching file:///home/airflow/.ivy2/jars/org.checkerframework_checker-qual-3.5.0.jar with timestamp 1740168682531
[2025-02-21T20:11:23.799+0000] {spark_submit.py:641} INFO - 25/02/21 20:11:23 INFO Utils: /home/airflow/.ivy2/jars/org.checkerframework_checker-qual-3.5.0.jar has been previously copied to /tmp/spark-4af994dc-ffba-4254-89c7-c849a9cc8a6d/userFiles-449150b4-19b2-4d19-a253-2dec750b283e/org.checkerframework_checker-qual-3.5.0.jar
[2025-02-21T20:11:23.807+0000] {spark_submit.py:641} INFO - 25/02/21 20:11:23 INFO Executor: Fetching spark://***-airflow-scheduler:40035/jars/org.checkerframework_checker-qual-3.5.0.jar with timestamp 1740168682531
[2025-02-21T20:11:23.843+0000] {spark_submit.py:641} INFO - 25/02/21 20:11:23 INFO TransportClientFactory: Successfully created connection to ***-airflow-scheduler/172.19.0.5:40035 after 23 ms (0 ms spent in bootstraps)
[2025-02-21T20:11:23.849+0000] {spark_submit.py:641} INFO - 25/02/21 20:11:23 INFO Utils: Fetching spark://***-airflow-scheduler:40035/jars/org.checkerframework_checker-qual-3.5.0.jar to /tmp/spark-4af994dc-ffba-4254-89c7-c849a9cc8a6d/userFiles-449150b4-19b2-4d19-a253-2dec750b283e/fetchFileTemp1216073439571127648.tmp
[2025-02-21T20:11:23.878+0000] {spark_submit.py:641} INFO - 25/02/21 20:11:23 INFO Utils: /tmp/spark-4af994dc-ffba-4254-89c7-c849a9cc8a6d/userFiles-449150b4-19b2-4d19-a253-2dec750b283e/fetchFileTemp1216073439571127648.tmp has been previously copied to /tmp/spark-4af994dc-ffba-4254-89c7-c849a9cc8a6d/userFiles-449150b4-19b2-4d19-a253-2dec750b283e/org.checkerframework_checker-qual-3.5.0.jar
[2025-02-21T20:11:23.884+0000] {spark_submit.py:641} INFO - 25/02/21 20:11:23 INFO Executor: Adding file:/tmp/spark-4af994dc-ffba-4254-89c7-c849a9cc8a6d/userFiles-449150b4-19b2-4d19-a253-2dec750b283e/org.checkerframework_checker-qual-3.5.0.jar to class loader
[2025-02-21T20:11:23.886+0000] {spark_submit.py:641} INFO - 25/02/21 20:11:23 INFO Executor: Fetching spark://***-airflow-scheduler:40035/jars/org.postgresql_postgresql-42.2.18.jar with timestamp 1740168682531
[2025-02-21T20:11:23.887+0000] {spark_submit.py:641} INFO - 25/02/21 20:11:23 INFO Utils: Fetching spark://***-airflow-scheduler:40035/jars/org.postgresql_postgresql-42.2.18.jar to /tmp/spark-4af994dc-ffba-4254-89c7-c849a9cc8a6d/userFiles-449150b4-19b2-4d19-a253-2dec750b283e/fetchFileTemp5794331088750554348.tmp
[2025-02-21T20:11:23.893+0000] {spark_submit.py:641} INFO - 25/02/21 20:11:23 INFO Utils: /tmp/spark-4af994dc-ffba-4254-89c7-c849a9cc8a6d/userFiles-449150b4-19b2-4d19-a253-2dec750b283e/fetchFileTemp5794331088750554348.tmp has been previously copied to /tmp/spark-4af994dc-ffba-4254-89c7-c849a9cc8a6d/userFiles-449150b4-19b2-4d19-a253-2dec750b283e/org.postgresql_postgresql-42.2.18.jar
[2025-02-21T20:11:23.897+0000] {spark_submit.py:641} INFO - 25/02/21 20:11:23 INFO Executor: Adding file:/tmp/spark-4af994dc-ffba-4254-89c7-c849a9cc8a6d/userFiles-449150b4-19b2-4d19-a253-2dec750b283e/org.postgresql_postgresql-42.2.18.jar to class loader
[2025-02-21T20:11:23.904+0000] {spark_submit.py:641} INFO - 25/02/21 20:11:23 INFO Utils: Successfully started service 'org.apache.spark.network.netty.NettyBlockTransferService' on port 36033.
[2025-02-21T20:11:23.906+0000] {spark_submit.py:641} INFO - 25/02/21 20:11:23 INFO NettyBlockTransferService: Server created on ***-airflow-scheduler:36033
[2025-02-21T20:11:23.908+0000] {spark_submit.py:641} INFO - 25/02/21 20:11:23 INFO BlockManager: Using org.apache.spark.storage.RandomBlockReplicationPolicy for block replication policy
[2025-02-21T20:11:23.915+0000] {spark_submit.py:641} INFO - 25/02/21 20:11:23 INFO BlockManagerMaster: Registering BlockManager BlockManagerId(driver, ***-airflow-scheduler, 36033, None)
[2025-02-21T20:11:23.921+0000] {spark_submit.py:641} INFO - 25/02/21 20:11:23 INFO BlockManagerMasterEndpoint: Registering block manager ***-airflow-scheduler:36033 with 434.4 MiB RAM, BlockManagerId(driver, ***-airflow-scheduler, 36033, None)
[2025-02-21T20:11:23.924+0000] {spark_submit.py:641} INFO - 25/02/21 20:11:23 INFO BlockManagerMaster: Registered BlockManager BlockManagerId(driver, ***-airflow-scheduler, 36033, None)
[2025-02-21T20:11:23.926+0000] {spark_submit.py:641} INFO - 25/02/21 20:11:23 INFO BlockManager: Initialized BlockManager: BlockManagerId(driver, ***-airflow-scheduler, 36033, None)
[2025-02-21T20:11:30.432+0000] {spark_submit.py:641} INFO - ---------------- MENAMPILKAN DATA HASIL LOAD KE POSTGRES ----------------
[2025-02-21T20:11:30.824+0000] {spark_submit.py:641} INFO - +-----------+-----------------+---------+---------------+------+-------------------+---------------+---+--------------------+-----------------+---------------------+----------+------------------+
[2025-02-21T20:11:30.826+0000] {spark_submit.py:641} INFO - |employee_id|       department|   region|      education|gender|recruitment_channel|no_of_trainings|age|previous_year_rating|length_of_service|KPIs_met_more_than_80|awards_won|avg_training_score|
[2025-02-21T20:11:30.828+0000] {spark_submit.py:641} INFO - +-----------+-----------------+---------+---------------+------+-------------------+---------------+---+--------------------+-----------------+---------------------+----------+------------------+
[2025-02-21T20:11:30.829+0000] {spark_submit.py:641} INFO - |          3|      Procurement|region_22|Masters & above|     f|              other|              1| 38|                   5|                4|                    1|         0|                67|
[2025-02-21T20:11:30.830+0000] {spark_submit.py:641} INFO - |          6|Sales & Marketing|region_15|      Bachelors|     f|              other|              1| 38|                   3|               10|                    0|         0|                50|
[2025-02-21T20:11:30.832+0000] {spark_submit.py:641} INFO - |         11|       Technology| region_4|Masters & above|     f|           sourcing|              1| 39|                   4|               12|                    1|         0|                72|
[2025-02-21T20:11:30.834+0000] {spark_submit.py:641} INFO - |         13|Sales & Marketing|region_17|      Bachelors|     m|              other|              1| 38|                   1|                5|                    1|         0|                47|
[2025-02-21T20:11:30.835+0000] {spark_submit.py:641} INFO - |         16|Sales & Marketing| region_4|Masters & above|     m|           sourcing|              1| 40|                   5|                5|                    0|         0|                53|
[2025-02-21T20:11:30.836+0000] {spark_submit.py:641} INFO - |         17|Sales & Marketing| region_7|      Bachelors|     m|           sourcing|              1| 50|                   5|               13|                    0|         0|                47|
[2025-02-21T20:11:30.838+0000] {spark_submit.py:641} INFO - |         19|               HR| region_2|Masters & above|     f|              other|              1| 50|                   4|                7|                    1|         0|                45|
[2025-02-21T20:11:30.839+0000] {spark_submit.py:641} INFO - |         20|        Analytics|region_21|      Bachelors|     m|           sourcing|              1| 27|                   0|                1|                    1|         0|                89|
[2025-02-21T20:11:30.840+0000] {spark_submit.py:641} INFO - |         21|        Analytics| region_8|      Bachelors|     m|           sourcing|              2| 28|                   2|                3|                    1|         0|                85|
[2025-02-21T20:11:30.842+0000] {spark_submit.py:641} INFO - |         22|       Technology| region_2|Masters & above|     f|              other|              1| 57|                   4|               18|                    1|         0|                77|
[2025-02-21T20:11:30.843+0000] {spark_submit.py:641} INFO - |         23|Sales & Marketing|region_16|      Bachelors|     f|           sourcing|              1| 42|                   1|                3|                    0|         0|                46|
[2025-02-21T20:11:30.844+0000] {spark_submit.py:641} INFO - |         24|               HR|region_28|Masters & above|     f|              other|              1| 32|                   1|                5|                    1|         0|                51|
[2025-02-21T20:11:30.846+0000] {spark_submit.py:641} INFO - |         27|Sales & Marketing|region_16|      Bachelors|     m|           sourcing|              1| 29|                   2|                6|                    0|         0|                51|
[2025-02-21T20:11:30.847+0000] {spark_submit.py:641} INFO - |         29|        Analytics| region_7|      Bachelors|     m|              other|              1| 28|                   0|                1|                    1|         0|                85|
[2025-02-21T20:11:30.849+0000] {spark_submit.py:641} INFO - |         31|Sales & Marketing|region_15|      Bachelors|     f|              other|              1| 29|                   3|                5|                    1|         0|                49|
[2025-02-21T20:11:30.850+0000] {spark_submit.py:641} INFO - |         40|       Operations| region_7|Masters & above|     f|              other|              1| 34|                   1|                4|                    0|         0|                65|
[2025-02-21T20:11:30.852+0000] {spark_submit.py:641} INFO - |         50|Sales & Marketing|region_19|      Bachelors|     m|              other|              1| 32|                   1|                3|                    0|         0|                48|
[2025-02-21T20:11:30.853+0000] {spark_submit.py:641} INFO - |         55|       Operations|region_19|Masters & above|     f|           sourcing|              1| 33|                   5|                3|                    0|         0|                61|
[2025-02-21T20:11:30.855+0000] {spark_submit.py:641} INFO - |         63|Sales & Marketing| region_8|Masters & above|     m|           sourcing|              1| 35|                   5|                8|                    0|         0|                52|
[2025-02-21T20:11:30.857+0000] {spark_submit.py:641} INFO - |         64|        Analytics| region_4|      Bachelors|     m|              other|              1| 42|                   5|               11|                    1|         0|                80|
[2025-02-21T20:11:30.859+0000] {spark_submit.py:641} INFO - +-----------+-----------------+---------+---------------+------+-------------------+---------------+---+--------------------+-----------------+---------------------+----------+------------------+
[2025-02-21T20:11:30.860+0000] {spark_submit.py:641} INFO - only showing top 20 rows
[2025-02-21T20:11:30.861+0000] {spark_submit.py:641} INFO - 
[2025-02-21T20:11:31.630+0000] {spark_submit.py:641} INFO - +-----------+-----------------+---------+---------------+------+-------------------+---------------+---+--------------------+-----------------+---------------------+----------+------------------+-------------+
[2025-02-21T20:11:31.633+0000] {spark_submit.py:641} INFO - |employee_id|       department|   region|      education|gender|recruitment_channel|no_of_trainings|age|previous_year_rating|length_of_service|KPIs_met_more_than_80|awards_won|avg_training_score|department_id|
[2025-02-21T20:11:31.635+0000] {spark_submit.py:641} INFO - +-----------+-----------------+---------+---------------+------+-------------------+---------------+---+--------------------+-----------------+---------------------+----------+------------------+-------------+
[2025-02-21T20:11:31.636+0000] {spark_submit.py:641} INFO - |          3|      Procurement|region_22|Masters & above|     f|              other|              1| 38|                   5|                4|                    1|         0|                67|            6|
[2025-02-21T20:11:31.637+0000] {spark_submit.py:641} INFO - |          6|Sales & Marketing|region_15|      Bachelors|     f|              other|              1| 38|                   3|               10|                    0|         0|                50|            8|
[2025-02-21T20:11:31.638+0000] {spark_submit.py:641} INFO - |         11|       Technology| region_4|Masters & above|     f|           sourcing|              1| 39|                   4|               12|                    1|         0|                72|            9|
[2025-02-21T20:11:31.640+0000] {spark_submit.py:641} INFO - |         13|Sales & Marketing|region_17|      Bachelors|     m|              other|              1| 38|                   1|                5|                    1|         0|                47|            8|
[2025-02-21T20:11:31.642+0000] {spark_submit.py:641} INFO - |         16|Sales & Marketing| region_4|Masters & above|     m|           sourcing|              1| 40|                   5|                5|                    0|         0|                53|            8|
[2025-02-21T20:11:31.643+0000] {spark_submit.py:641} INFO - |         17|Sales & Marketing| region_7|      Bachelors|     m|           sourcing|              1| 50|                   5|               13|                    0|         0|                47|            8|
[2025-02-21T20:11:31.644+0000] {spark_submit.py:641} INFO - |         19|               HR| region_2|Masters & above|     f|              other|              1| 50|                   4|                7|                    1|         0|                45|            3|
[2025-02-21T20:11:31.646+0000] {spark_submit.py:641} INFO - |         20|        Analytics|region_21|      Bachelors|     m|           sourcing|              1| 27|                   0|                1|                    1|         0|                89|            1|
[2025-02-21T20:11:31.648+0000] {spark_submit.py:641} INFO - |         21|        Analytics| region_8|      Bachelors|     m|           sourcing|              2| 28|                   2|                3|                    1|         0|                85|            1|
[2025-02-21T20:11:31.649+0000] {spark_submit.py:641} INFO - |         22|       Technology| region_2|Masters & above|     f|              other|              1| 57|                   4|               18|                    1|         0|                77|            9|
[2025-02-21T20:11:31.651+0000] {spark_submit.py:641} INFO - |         23|Sales & Marketing|region_16|      Bachelors|     f|           sourcing|              1| 42|                   1|                3|                    0|         0|                46|            8|
[2025-02-21T20:11:31.652+0000] {spark_submit.py:641} INFO - |         24|               HR|region_28|Masters & above|     f|              other|              1| 32|                   1|                5|                    1|         0|                51|            3|
[2025-02-21T20:11:31.653+0000] {spark_submit.py:641} INFO - |         27|Sales & Marketing|region_16|      Bachelors|     m|           sourcing|              1| 29|                   2|                6|                    0|         0|                51|            8|
[2025-02-21T20:11:31.654+0000] {spark_submit.py:641} INFO - |         29|        Analytics| region_7|      Bachelors|     m|              other|              1| 28|                   0|                1|                    1|         0|                85|            1|
[2025-02-21T20:11:31.656+0000] {spark_submit.py:641} INFO - |         31|Sales & Marketing|region_15|      Bachelors|     f|              other|              1| 29|                   3|                5|                    1|         0|                49|            8|
[2025-02-21T20:11:31.657+0000] {spark_submit.py:641} INFO - |         40|       Operations| region_7|Masters & above|     f|              other|              1| 34|                   1|                4|                    0|         0|                65|            5|
[2025-02-21T20:11:31.658+0000] {spark_submit.py:641} INFO - |         50|Sales & Marketing|region_19|      Bachelors|     m|              other|              1| 32|                   1|                3|                    0|         0|                48|            8|
[2025-02-21T20:11:31.660+0000] {spark_submit.py:641} INFO - |         55|       Operations|region_19|Masters & above|     f|           sourcing|              1| 33|                   5|                3|                    0|         0|                61|            5|
[2025-02-21T20:11:31.661+0000] {spark_submit.py:641} INFO - |         63|Sales & Marketing| region_8|Masters & above|     m|           sourcing|              1| 35|                   5|                8|                    0|         0|                52|            8|
[2025-02-21T20:11:31.663+0000] {spark_submit.py:641} INFO - |         64|        Analytics| region_4|      Bachelors|     m|              other|              1| 42|                   5|               11|                    1|         0|                80|            1|
[2025-02-21T20:11:31.664+0000] {spark_submit.py:641} INFO - +-----------+-----------------+---------+---------------+------+-------------------+---------------+---+--------------------+-----------------+---------------------+----------+------------------+-------------+
[2025-02-21T20:11:31.665+0000] {spark_submit.py:641} INFO - only showing top 20 rows
[2025-02-21T20:11:31.666+0000] {spark_submit.py:641} INFO - 
[2025-02-21T20:11:32.157+0000] {spark_submit.py:641} INFO - Jumlah baris dalam DataFrame: 17415
[2025-02-21T20:11:32.161+0000] {spark_submit.py:641} INFO - Load data berhasil.
[2025-02-21T20:11:32.828+0000] {taskinstance.py:341} INFO - ::group::Post task execution logs
[2025-02-21T20:11:32.830+0000] {taskinstance.py:353} INFO - Marking task as SUCCESS. dag_id=***_v2_etl_dag, task_id=load_task, run_id=manual__2025-02-21T20:07:47.207700+00:00, execution_date=20250221T200747, start_date=20250221T201118, end_date=20250221T201132
[2025-02-21T20:11:32.907+0000] {local_task_job_runner.py:266} INFO - Task exited with return code 0
[2025-02-21T20:11:32.942+0000] {taskinstance.py:3901} INFO - 0 downstream tasks scheduled from follow-on schedule check
[2025-02-21T20:11:32.946+0000] {local_task_job_runner.py:245} INFO - ::endgroup::
