[2025-02-21T20:18:52.512+0000] {local_task_job_runner.py:123} INFO - ::group::Pre task execution logs
[2025-02-21T20:18:52.544+0000] {taskinstance.py:2614} INFO - Dependencies all met for dep_context=non-requeueable deps ti=<TaskInstance: finprode8_v2_etl_dag.load_task manual__2025-02-21T20:07:47.207700+00:00 [queued]>
[2025-02-21T20:18:52.560+0000] {taskinstance.py:2614} INFO - Dependencies all met for dep_context=requeueable deps ti=<TaskInstance: finprode8_v2_etl_dag.load_task manual__2025-02-21T20:07:47.207700+00:00 [queued]>
[2025-02-21T20:18:52.562+0000] {taskinstance.py:2867} INFO - Starting attempt 4 of 4
[2025-02-21T20:18:52.582+0000] {taskinstance.py:2890} INFO - Executing <Task(SparkSubmitOperator): load_task> on 2025-02-21 20:07:47.207700+00:00
[2025-02-21T20:18:52.588+0000] {standard_task_runner.py:72} INFO - Started process 7905 to run task
[2025-02-21T20:18:52.592+0000] {standard_task_runner.py:104} INFO - Running: ['airflow', 'tasks', 'run', '***_v2_etl_dag', 'load_task', 'manual__2025-02-21T20:07:47.207700+00:00', '--job-id', '74', '--raw', '--subdir', 'DAGS_FOLDER/***_v2_etl_dag.py', '--cfg-path', '/tmp/tmp8s8xd6mb']
[2025-02-21T20:18:52.596+0000] {standard_task_runner.py:105} INFO - Job 74: Subtask load_task
[2025-02-21T20:18:52.615+0000] {logging_mixin.py:190} WARNING - /home/airflow/.local/lib/python3.9/site-packages/airflow/settings.py:209 DeprecationWarning: The sql_alchemy_conn option in [core] has been moved to the sql_alchemy_conn option in [database] - the old setting has been used, but please update your config.
[2025-02-21T20:18:52.660+0000] {task_command.py:467} INFO - Running <TaskInstance: finprode8_v2_etl_dag.load_task manual__2025-02-21T20:07:47.207700+00:00 [running]> on host ***-airflow-scheduler
[2025-02-21T20:18:52.765+0000] {taskinstance.py:3134} INFO - Exporting env vars: AIRFLOW_CTX_DAG_OWNER='ratih malini' AIRFLOW_CTX_DAG_ID='***_v2_etl_dag' AIRFLOW_CTX_TASK_ID='load_task' AIRFLOW_CTX_EXECUTION_DATE='2025-02-21T20:07:47.207700+00:00' AIRFLOW_CTX_TRY_NUMBER='4' AIRFLOW_CTX_DAG_RUN_ID='manual__2025-02-21T20:07:47.207700+00:00'
[2025-02-21T20:18:52.768+0000] {taskinstance.py:732} INFO - ::endgroup::
[2025-02-21T20:18:52.820+0000] {base.py:84} INFO - Retrieving connection 'spark_main'
[2025-02-21T20:18:52.824+0000] {spark_submit.py:474} INFO - Spark-Submit cmd: spark-submit --master spark://***-spark-master:7077 --packages org.postgresql:postgresql:42.2.18 --name arrow-spark /spark-scripts/***_v2_load.py
[2025-02-21T20:18:55.160+0000] {spark_submit.py:641} INFO - :: loading settings :: url = jar:file:/home/airflow/.local/lib/python3.9/site-packages/pyspark/jars/ivy-2.5.1.jar!/org/apache/ivy/core/settings/ivysettings.xml
[2025-02-21T20:18:55.307+0000] {spark_submit.py:641} INFO - Ivy Default Cache set to: /home/airflow/.ivy2/cache
[2025-02-21T20:18:55.309+0000] {spark_submit.py:641} INFO - The jars for the packages stored in: /home/airflow/.ivy2/jars
[2025-02-21T20:18:55.313+0000] {spark_submit.py:641} INFO - org.postgresql#postgresql added as a dependency
[2025-02-21T20:18:55.315+0000] {spark_submit.py:641} INFO - :: resolving dependencies :: org.apache.spark#spark-submit-parent-70964d40-e871-4800-96ad-8bd75b775cfd;1.0
[2025-02-21T20:18:55.317+0000] {spark_submit.py:641} INFO - confs: [default]
[2025-02-21T20:18:55.481+0000] {spark_submit.py:641} INFO - found org.postgresql#postgresql;42.2.18 in central
[2025-02-21T20:18:55.511+0000] {spark_submit.py:641} INFO - found org.checkerframework#checker-qual;3.5.0 in central
[2025-02-21T20:18:55.537+0000] {spark_submit.py:641} INFO - :: resolution report :: resolve 212ms :: artifacts dl 10ms
[2025-02-21T20:18:55.539+0000] {spark_submit.py:641} INFO - :: modules in use:
[2025-02-21T20:18:55.540+0000] {spark_submit.py:641} INFO - org.checkerframework#checker-qual;3.5.0 from central in [default]
[2025-02-21T20:18:55.541+0000] {spark_submit.py:641} INFO - org.postgresql#postgresql;42.2.18 from central in [default]
[2025-02-21T20:18:55.542+0000] {spark_submit.py:641} INFO - ---------------------------------------------------------------------
[2025-02-21T20:18:55.544+0000] {spark_submit.py:641} INFO - |                  |            modules            ||   artifacts   |
[2025-02-21T20:18:55.545+0000] {spark_submit.py:641} INFO - |       conf       | number| search|dwnlded|evicted|| number|dwnlded|
[2025-02-21T20:18:55.546+0000] {spark_submit.py:641} INFO - ---------------------------------------------------------------------
[2025-02-21T20:18:55.549+0000] {spark_submit.py:641} INFO - |      default     |   2   |   0   |   0   |   0   ||   2   |   0   |
[2025-02-21T20:18:55.551+0000] {spark_submit.py:641} INFO - ---------------------------------------------------------------------
[2025-02-21T20:18:55.553+0000] {spark_submit.py:641} INFO - :: retrieving :: org.apache.spark#spark-submit-parent-70964d40-e871-4800-96ad-8bd75b775cfd
[2025-02-21T20:18:55.554+0000] {spark_submit.py:641} INFO - confs: [default]
[2025-02-21T20:18:55.556+0000] {spark_submit.py:641} INFO - 0 artifacts copied, 2 already retrieved (0kB/11ms)
[2025-02-21T20:18:55.869+0000] {spark_submit.py:641} INFO - 25/02/21 20:18:55 WARN NativeCodeLoader: Unable to load native-hadoop library for your platform... using builtin-java classes where applicable
[2025-02-21T20:18:57.227+0000] {spark_submit.py:641} INFO - 25/02/21 20:18:57 INFO SparkContext: Running Spark version 3.3.2
[2025-02-21T20:18:57.251+0000] {spark_submit.py:641} INFO - 25/02/21 20:18:57 INFO ResourceUtils: ==============================================================
[2025-02-21T20:18:57.254+0000] {spark_submit.py:641} INFO - 25/02/21 20:18:57 INFO ResourceUtils: No custom resources configured for spark.driver.
[2025-02-21T20:18:57.255+0000] {spark_submit.py:641} INFO - 25/02/21 20:18:57 INFO ResourceUtils: ==============================================================
[2025-02-21T20:18:57.257+0000] {spark_submit.py:641} INFO - 25/02/21 20:18:57 INFO SparkContext: Submitted application: ***_load
[2025-02-21T20:18:57.286+0000] {spark_submit.py:641} INFO - 25/02/21 20:18:57 INFO ResourceProfile: Default ResourceProfile created, executor resources: Map(cores -> name: cores, amount: 1, script: , vendor: , memory -> name: memory, amount: 1024, script: , vendor: , offHeap -> name: offHeap, amount: 0, script: , vendor: ), task resources: Map(cpus -> name: cpus, amount: 1.0)
[2025-02-21T20:18:57.297+0000] {spark_submit.py:641} INFO - 25/02/21 20:18:57 INFO ResourceProfile: Limiting resource is cpu
[2025-02-21T20:18:57.299+0000] {spark_submit.py:641} INFO - 25/02/21 20:18:57 INFO ResourceProfileManager: Added ResourceProfile id: 0
[2025-02-21T20:18:57.381+0000] {spark_submit.py:641} INFO - 25/02/21 20:18:57 INFO SecurityManager: Changing view acls to: airflow
[2025-02-21T20:18:57.383+0000] {spark_submit.py:641} INFO - 25/02/21 20:18:57 INFO SecurityManager: Changing modify acls to: airflow
[2025-02-21T20:18:57.386+0000] {spark_submit.py:641} INFO - 25/02/21 20:18:57 INFO SecurityManager: Changing view acls groups to:
[2025-02-21T20:18:57.389+0000] {spark_submit.py:641} INFO - 25/02/21 20:18:57 INFO SecurityManager: Changing modify acls groups to:
[2025-02-21T20:18:57.391+0000] {spark_submit.py:641} INFO - 25/02/21 20:18:57 INFO SecurityManager: SecurityManager: authentication disabled; ui acls disabled; users  with view permissions: Set(airflow); groups with view permissions: Set(); users  with modify permissions: Set(airflow); groups with modify permissions: Set()
[2025-02-21T20:18:57.759+0000] {spark_submit.py:641} INFO - 25/02/21 20:18:57 INFO Utils: Successfully started service 'sparkDriver' on port 40445.
[2025-02-21T20:18:57.805+0000] {spark_submit.py:641} INFO - 25/02/21 20:18:57 INFO SparkEnv: Registering MapOutputTracker
[2025-02-21T20:18:57.861+0000] {spark_submit.py:641} INFO - 25/02/21 20:18:57 INFO SparkEnv: Registering BlockManagerMaster
[2025-02-21T20:18:57.893+0000] {spark_submit.py:641} INFO - 25/02/21 20:18:57 INFO BlockManagerMasterEndpoint: Using org.apache.spark.storage.DefaultTopologyMapper for getting topology information
[2025-02-21T20:18:57.896+0000] {spark_submit.py:641} INFO - 25/02/21 20:18:57 INFO BlockManagerMasterEndpoint: BlockManagerMasterEndpoint up
[2025-02-21T20:18:57.903+0000] {spark_submit.py:641} INFO - 25/02/21 20:18:57 INFO SparkEnv: Registering BlockManagerMasterHeartbeat
[2025-02-21T20:18:57.930+0000] {spark_submit.py:641} INFO - 25/02/21 20:18:57 INFO DiskBlockManager: Created local directory at /tmp/blockmgr-621a7963-b624-438e-b0e6-333895081e93
[2025-02-21T20:18:57.947+0000] {spark_submit.py:641} INFO - 25/02/21 20:18:57 INFO MemoryStore: MemoryStore started with capacity 434.4 MiB
[2025-02-21T20:18:57.967+0000] {spark_submit.py:641} INFO - 25/02/21 20:18:57 INFO SparkEnv: Registering OutputCommitCoordinator
[2025-02-21T20:18:58.255+0000] {spark_submit.py:641} INFO - 25/02/21 20:18:58 INFO Utils: Successfully started service 'SparkUI' on port 4040.
[2025-02-21T20:18:58.305+0000] {spark_submit.py:641} INFO - 25/02/21 20:18:58 INFO SparkContext: Added JAR file:///home/airflow/.ivy2/jars/org.postgresql_postgresql-42.2.18.jar at spark://***-airflow-scheduler:40445/jars/org.postgresql_postgresql-42.2.18.jar with timestamp 1740169137217
[2025-02-21T20:18:58.307+0000] {spark_submit.py:641} INFO - 25/02/21 20:18:58 INFO SparkContext: Added JAR file:///home/airflow/.ivy2/jars/org.checkerframework_checker-qual-3.5.0.jar at spark://***-airflow-scheduler:40445/jars/org.checkerframework_checker-qual-3.5.0.jar with timestamp 1740169137217
[2025-02-21T20:18:58.311+0000] {spark_submit.py:641} INFO - 25/02/21 20:18:58 INFO SparkContext: Added file file:///home/airflow/.ivy2/jars/org.postgresql_postgresql-42.2.18.jar at file:///home/airflow/.ivy2/jars/org.postgresql_postgresql-42.2.18.jar with timestamp 1740169137217
[2025-02-21T20:18:58.315+0000] {spark_submit.py:641} INFO - 25/02/21 20:18:58 INFO Utils: Copying /home/airflow/.ivy2/jars/org.postgresql_postgresql-42.2.18.jar to /tmp/spark-1834f182-86f4-4b83-894e-630dc5b4f7e0/userFiles-048a2b06-352f-4f83-8d14-dce7be198a85/org.postgresql_postgresql-42.2.18.jar
[2025-02-21T20:18:58.337+0000] {spark_submit.py:641} INFO - 25/02/21 20:18:58 INFO SparkContext: Added file file:///home/airflow/.ivy2/jars/org.checkerframework_checker-qual-3.5.0.jar at file:///home/airflow/.ivy2/jars/org.checkerframework_checker-qual-3.5.0.jar with timestamp 1740169137217
[2025-02-21T20:18:58.339+0000] {spark_submit.py:641} INFO - 25/02/21 20:18:58 INFO Utils: Copying /home/airflow/.ivy2/jars/org.checkerframework_checker-qual-3.5.0.jar to /tmp/spark-1834f182-86f4-4b83-894e-630dc5b4f7e0/userFiles-048a2b06-352f-4f83-8d14-dce7be198a85/org.checkerframework_checker-qual-3.5.0.jar
[2025-02-21T20:18:58.447+0000] {spark_submit.py:641} INFO - 25/02/21 20:18:58 INFO Executor: Starting executor ID driver on host ***-airflow-scheduler
[2025-02-21T20:18:58.460+0000] {spark_submit.py:641} INFO - 25/02/21 20:18:58 INFO Executor: Starting executor with user classpath (userClassPathFirst = false): ''
[2025-02-21T20:18:58.476+0000] {spark_submit.py:641} INFO - 25/02/21 20:18:58 INFO Executor: Fetching file:///home/airflow/.ivy2/jars/org.postgresql_postgresql-42.2.18.jar with timestamp 1740169137217
[2025-02-21T20:18:58.513+0000] {spark_submit.py:641} INFO - 25/02/21 20:18:58 INFO Utils: /home/airflow/.ivy2/jars/org.postgresql_postgresql-42.2.18.jar has been previously copied to /tmp/spark-1834f182-86f4-4b83-894e-630dc5b4f7e0/userFiles-048a2b06-352f-4f83-8d14-dce7be198a85/org.postgresql_postgresql-42.2.18.jar
[2025-02-21T20:18:58.525+0000] {spark_submit.py:641} INFO - 25/02/21 20:18:58 INFO Executor: Fetching file:///home/airflow/.ivy2/jars/org.checkerframework_checker-qual-3.5.0.jar with timestamp 1740169137217
[2025-02-21T20:18:58.527+0000] {spark_submit.py:641} INFO - 25/02/21 20:18:58 INFO Utils: /home/airflow/.ivy2/jars/org.checkerframework_checker-qual-3.5.0.jar has been previously copied to /tmp/spark-1834f182-86f4-4b83-894e-630dc5b4f7e0/userFiles-048a2b06-352f-4f83-8d14-dce7be198a85/org.checkerframework_checker-qual-3.5.0.jar
[2025-02-21T20:18:58.541+0000] {spark_submit.py:641} INFO - 25/02/21 20:18:58 INFO Executor: Fetching spark://***-airflow-scheduler:40445/jars/org.postgresql_postgresql-42.2.18.jar with timestamp 1740169137217
[2025-02-21T20:18:58.597+0000] {spark_submit.py:641} INFO - 25/02/21 20:18:58 INFO TransportClientFactory: Successfully created connection to ***-airflow-scheduler/172.19.0.5:40445 after 32 ms (0 ms spent in bootstraps)
[2025-02-21T20:18:58.602+0000] {spark_submit.py:641} INFO - 25/02/21 20:18:58 INFO Utils: Fetching spark://***-airflow-scheduler:40445/jars/org.postgresql_postgresql-42.2.18.jar to /tmp/spark-1834f182-86f4-4b83-894e-630dc5b4f7e0/userFiles-048a2b06-352f-4f83-8d14-dce7be198a85/fetchFileTemp2903738514776842759.tmp
[2025-02-21T20:18:58.659+0000] {spark_submit.py:641} INFO - 25/02/21 20:18:58 INFO Utils: /tmp/spark-1834f182-86f4-4b83-894e-630dc5b4f7e0/userFiles-048a2b06-352f-4f83-8d14-dce7be198a85/fetchFileTemp2903738514776842759.tmp has been previously copied to /tmp/spark-1834f182-86f4-4b83-894e-630dc5b4f7e0/userFiles-048a2b06-352f-4f83-8d14-dce7be198a85/org.postgresql_postgresql-42.2.18.jar
[2025-02-21T20:18:58.665+0000] {spark_submit.py:641} INFO - 25/02/21 20:18:58 INFO Executor: Adding file:/tmp/spark-1834f182-86f4-4b83-894e-630dc5b4f7e0/userFiles-048a2b06-352f-4f83-8d14-dce7be198a85/org.postgresql_postgresql-42.2.18.jar to class loader
[2025-02-21T20:18:58.666+0000] {spark_submit.py:641} INFO - 25/02/21 20:18:58 INFO Executor: Fetching spark://***-airflow-scheduler:40445/jars/org.checkerframework_checker-qual-3.5.0.jar with timestamp 1740169137217
[2025-02-21T20:18:58.669+0000] {spark_submit.py:641} INFO - 25/02/21 20:18:58 INFO Utils: Fetching spark://***-airflow-scheduler:40445/jars/org.checkerframework_checker-qual-3.5.0.jar to /tmp/spark-1834f182-86f4-4b83-894e-630dc5b4f7e0/userFiles-048a2b06-352f-4f83-8d14-dce7be198a85/fetchFileTemp17680394305151098155.tmp
[2025-02-21T20:18:58.673+0000] {spark_submit.py:641} INFO - 25/02/21 20:18:58 INFO Utils: /tmp/spark-1834f182-86f4-4b83-894e-630dc5b4f7e0/userFiles-048a2b06-352f-4f83-8d14-dce7be198a85/fetchFileTemp17680394305151098155.tmp has been previously copied to /tmp/spark-1834f182-86f4-4b83-894e-630dc5b4f7e0/userFiles-048a2b06-352f-4f83-8d14-dce7be198a85/org.checkerframework_checker-qual-3.5.0.jar
[2025-02-21T20:18:58.679+0000] {spark_submit.py:641} INFO - 25/02/21 20:18:58 INFO Executor: Adding file:/tmp/spark-1834f182-86f4-4b83-894e-630dc5b4f7e0/userFiles-048a2b06-352f-4f83-8d14-dce7be198a85/org.checkerframework_checker-qual-3.5.0.jar to class loader
[2025-02-21T20:18:58.685+0000] {spark_submit.py:641} INFO - 25/02/21 20:18:58 INFO Utils: Successfully started service 'org.apache.spark.network.netty.NettyBlockTransferService' on port 41959.
[2025-02-21T20:18:58.687+0000] {spark_submit.py:641} INFO - 25/02/21 20:18:58 INFO NettyBlockTransferService: Server created on ***-airflow-scheduler:41959
[2025-02-21T20:18:58.689+0000] {spark_submit.py:641} INFO - 25/02/21 20:18:58 INFO BlockManager: Using org.apache.spark.storage.RandomBlockReplicationPolicy for block replication policy
[2025-02-21T20:18:58.696+0000] {spark_submit.py:641} INFO - 25/02/21 20:18:58 INFO BlockManagerMaster: Registering BlockManager BlockManagerId(driver, ***-airflow-scheduler, 41959, None)
[2025-02-21T20:18:58.699+0000] {spark_submit.py:641} INFO - 25/02/21 20:18:58 INFO BlockManagerMasterEndpoint: Registering block manager ***-airflow-scheduler:41959 with 434.4 MiB RAM, BlockManagerId(driver, ***-airflow-scheduler, 41959, None)
[2025-02-21T20:18:58.701+0000] {spark_submit.py:641} INFO - 25/02/21 20:18:58 INFO BlockManagerMaster: Registered BlockManager BlockManagerId(driver, ***-airflow-scheduler, 41959, None)
[2025-02-21T20:18:58.704+0000] {spark_submit.py:641} INFO - 25/02/21 20:18:58 INFO BlockManager: Initialized BlockManager: BlockManagerId(driver, ***-airflow-scheduler, 41959, None)
[2025-02-21T20:19:07.794+0000] {spark_submit.py:641} INFO - ---------------- MENAMPILKAN DATA HASIL LOAD KE POSTGRES ----------------
[2025-02-21T20:19:08.080+0000] {spark_submit.py:641} INFO - +-----------+-----------------+---------+---------------+------+-------------------+---------------+---+--------------------+-----------------+---------------------+----------+------------------+
[2025-02-21T20:19:08.082+0000] {spark_submit.py:641} INFO - |employee_id|       department|   region|      education|gender|recruitment_channel|no_of_trainings|age|previous_year_rating|length_of_service|KPIs_met_more_than_80|awards_won|avg_training_score|
[2025-02-21T20:19:08.084+0000] {spark_submit.py:641} INFO - +-----------+-----------------+---------+---------------+------+-------------------+---------------+---+--------------------+-----------------+---------------------+----------+------------------+
[2025-02-21T20:19:08.085+0000] {spark_submit.py:641} INFO - |          3|      Procurement|region_22|Masters & above|     f|              other|              1| 38|                   5|                4|                    1|         0|                67|
[2025-02-21T20:19:08.086+0000] {spark_submit.py:641} INFO - |          6|Sales & Marketing|region_15|      Bachelors|     f|              other|              1| 38|                   3|               10|                    0|         0|                50|
[2025-02-21T20:19:08.087+0000] {spark_submit.py:641} INFO - |         11|       Technology| region_4|Masters & above|     f|           sourcing|              1| 39|                   4|               12|                    1|         0|                72|
[2025-02-21T20:19:08.088+0000] {spark_submit.py:641} INFO - |         13|Sales & Marketing|region_17|      Bachelors|     m|              other|              1| 38|                   1|                5|                    1|         0|                47|
[2025-02-21T20:19:08.089+0000] {spark_submit.py:641} INFO - |         16|Sales & Marketing| region_4|Masters & above|     m|           sourcing|              1| 40|                   5|                5|                    0|         0|                53|
[2025-02-21T20:19:08.090+0000] {spark_submit.py:641} INFO - |         17|Sales & Marketing| region_7|      Bachelors|     m|           sourcing|              1| 50|                   5|               13|                    0|         0|                47|
[2025-02-21T20:19:08.091+0000] {spark_submit.py:641} INFO - |         19|               HR| region_2|Masters & above|     f|              other|              1| 50|                   4|                7|                    1|         0|                45|
[2025-02-21T20:19:08.092+0000] {spark_submit.py:641} INFO - |         20|        Analytics|region_21|      Bachelors|     m|           sourcing|              1| 27|                   0|                1|                    1|         0|                89|
[2025-02-21T20:19:08.093+0000] {spark_submit.py:641} INFO - |         21|        Analytics| region_8|      Bachelors|     m|           sourcing|              2| 28|                   2|                3|                    1|         0|                85|
[2025-02-21T20:19:08.094+0000] {spark_submit.py:641} INFO - |         22|       Technology| region_2|Masters & above|     f|              other|              1| 57|                   4|               18|                    1|         0|                77|
[2025-02-21T20:19:08.095+0000] {spark_submit.py:641} INFO - |         23|Sales & Marketing|region_16|      Bachelors|     f|           sourcing|              1| 42|                   1|                3|                    0|         0|                46|
[2025-02-21T20:19:08.097+0000] {spark_submit.py:641} INFO - |         24|               HR|region_28|Masters & above|     f|              other|              1| 32|                   1|                5|                    1|         0|                51|
[2025-02-21T20:19:08.098+0000] {spark_submit.py:641} INFO - |         27|Sales & Marketing|region_16|      Bachelors|     m|           sourcing|              1| 29|                   2|                6|                    0|         0|                51|
[2025-02-21T20:19:08.099+0000] {spark_submit.py:641} INFO - |         29|        Analytics| region_7|      Bachelors|     m|              other|              1| 28|                   0|                1|                    1|         0|                85|
[2025-02-21T20:19:08.101+0000] {spark_submit.py:641} INFO - |         31|Sales & Marketing|region_15|      Bachelors|     f|              other|              1| 29|                   3|                5|                    1|         0|                49|
[2025-02-21T20:19:08.102+0000] {spark_submit.py:641} INFO - |         40|       Operations| region_7|Masters & above|     f|              other|              1| 34|                   1|                4|                    0|         0|                65|
[2025-02-21T20:19:08.102+0000] {spark_submit.py:641} INFO - |         50|Sales & Marketing|region_19|      Bachelors|     m|              other|              1| 32|                   1|                3|                    0|         0|                48|
[2025-02-21T20:19:08.103+0000] {spark_submit.py:641} INFO - |         55|       Operations|region_19|Masters & above|     f|           sourcing|              1| 33|                   5|                3|                    0|         0|                61|
[2025-02-21T20:19:08.104+0000] {spark_submit.py:641} INFO - |         63|Sales & Marketing| region_8|Masters & above|     m|           sourcing|              1| 35|                   5|                8|                    0|         0|                52|
[2025-02-21T20:19:08.105+0000] {spark_submit.py:641} INFO - |         64|        Analytics| region_4|      Bachelors|     m|              other|              1| 42|                   5|               11|                    1|         0|                80|
[2025-02-21T20:19:08.106+0000] {spark_submit.py:641} INFO - +-----------+-----------------+---------+---------------+------+-------------------+---------------+---+--------------------+-----------------+---------------------+----------+------------------+
[2025-02-21T20:19:08.108+0000] {spark_submit.py:641} INFO - only showing top 20 rows
[2025-02-21T20:19:08.110+0000] {spark_submit.py:641} INFO - 
[2025-02-21T20:19:08.780+0000] {spark_submit.py:641} INFO - +-----------+-----------------+---------+---------------+------+-------------------+---------------+---+--------------------+-----------------+---------------------+----------+------------------+-------------+
[2025-02-21T20:19:08.782+0000] {spark_submit.py:641} INFO - |employee_id|       department|   region|      education|gender|recruitment_channel|no_of_trainings|age|previous_year_rating|length_of_service|KPIs_met_more_than_80|awards_won|avg_training_score|department_id|
[2025-02-21T20:19:08.783+0000] {spark_submit.py:641} INFO - +-----------+-----------------+---------+---------------+------+-------------------+---------------+---+--------------------+-----------------+---------------------+----------+------------------+-------------+
[2025-02-21T20:19:08.785+0000] {spark_submit.py:641} INFO - |          3|      Procurement|region_22|Masters & above|     f|              other|              1| 38|                   5|                4|                    1|         0|                67|       Active|
[2025-02-21T20:19:08.787+0000] {spark_submit.py:641} INFO - |          6|Sales & Marketing|region_15|      Bachelors|     f|              other|              1| 38|                   3|               10|                    0|         0|                50|       Active|
[2025-02-21T20:19:08.788+0000] {spark_submit.py:641} INFO - |         11|       Technology| region_4|Masters & above|     f|           sourcing|              1| 39|                   4|               12|                    1|         0|                72|       Active|
[2025-02-21T20:19:08.789+0000] {spark_submit.py:641} INFO - |         13|Sales & Marketing|region_17|      Bachelors|     m|              other|              1| 38|                   1|                5|                    1|         0|                47|       Active|
[2025-02-21T20:19:08.791+0000] {spark_submit.py:641} INFO - |         16|Sales & Marketing| region_4|Masters & above|     m|           sourcing|              1| 40|                   5|                5|                    0|         0|                53|       Active|
[2025-02-21T20:19:08.793+0000] {spark_submit.py:641} INFO - |         17|Sales & Marketing| region_7|      Bachelors|     m|           sourcing|              1| 50|                   5|               13|                    0|         0|                47|       Active|
[2025-02-21T20:19:08.794+0000] {spark_submit.py:641} INFO - |         19|               HR| region_2|Masters & above|     f|              other|              1| 50|                   4|                7|                    1|         0|                45|       Active|
[2025-02-21T20:19:08.796+0000] {spark_submit.py:641} INFO - |         20|        Analytics|region_21|      Bachelors|     m|           sourcing|              1| 27|                   0|                1|                    1|         0|                89|       Active|
[2025-02-21T20:19:08.798+0000] {spark_submit.py:641} INFO - |         21|        Analytics| region_8|      Bachelors|     m|           sourcing|              2| 28|                   2|                3|                    1|         0|                85|       Active|
[2025-02-21T20:19:08.799+0000] {spark_submit.py:641} INFO - |         22|       Technology| region_2|Masters & above|     f|              other|              1| 57|                   4|               18|                    1|         0|                77|       Active|
[2025-02-21T20:19:08.801+0000] {spark_submit.py:641} INFO - |         23|Sales & Marketing|region_16|      Bachelors|     f|           sourcing|              1| 42|                   1|                3|                    0|         0|                46|       Active|
[2025-02-21T20:19:08.803+0000] {spark_submit.py:641} INFO - |         24|               HR|region_28|Masters & above|     f|              other|              1| 32|                   1|                5|                    1|         0|                51|       Active|
[2025-02-21T20:19:08.804+0000] {spark_submit.py:641} INFO - |         27|Sales & Marketing|region_16|      Bachelors|     m|           sourcing|              1| 29|                   2|                6|                    0|         0|                51|       Active|
[2025-02-21T20:19:08.806+0000] {spark_submit.py:641} INFO - |         29|        Analytics| region_7|      Bachelors|     m|              other|              1| 28|                   0|                1|                    1|         0|                85|       Active|
[2025-02-21T20:19:08.807+0000] {spark_submit.py:641} INFO - |         31|Sales & Marketing|region_15|      Bachelors|     f|              other|              1| 29|                   3|                5|                    1|         0|                49|       Active|
[2025-02-21T20:19:08.809+0000] {spark_submit.py:641} INFO - |         40|       Operations| region_7|Masters & above|     f|              other|              1| 34|                   1|                4|                    0|         0|                65|       Active|
[2025-02-21T20:19:08.810+0000] {spark_submit.py:641} INFO - |         50|Sales & Marketing|region_19|      Bachelors|     m|              other|              1| 32|                   1|                3|                    0|         0|                48|       Active|
[2025-02-21T20:19:08.811+0000] {spark_submit.py:641} INFO - |         55|       Operations|region_19|Masters & above|     f|           sourcing|              1| 33|                   5|                3|                    0|         0|                61|       Active|
[2025-02-21T20:19:08.813+0000] {spark_submit.py:641} INFO - |         63|Sales & Marketing| region_8|Masters & above|     m|           sourcing|              1| 35|                   5|                8|                    0|         0|                52|       Active|
[2025-02-21T20:19:08.814+0000] {spark_submit.py:641} INFO - |         64|        Analytics| region_4|      Bachelors|     m|              other|              1| 42|                   5|               11|                    1|         0|                80|       Active|
[2025-02-21T20:19:08.815+0000] {spark_submit.py:641} INFO - +-----------+-----------------+---------+---------------+------+-------------------+---------------+---+--------------------+-----------------+---------------------+----------+------------------+-------------+
[2025-02-21T20:19:08.816+0000] {spark_submit.py:641} INFO - only showing top 20 rows
[2025-02-21T20:19:08.817+0000] {spark_submit.py:641} INFO - 
[2025-02-21T20:19:09.250+0000] {spark_submit.py:641} INFO - Jumlah baris dalam DataFrame: 17415
[2025-02-21T20:19:09.251+0000] {spark_submit.py:641} INFO - Load data berhasil.
[2025-02-21T20:19:09.586+0000] {taskinstance.py:341} INFO - ::group::Post task execution logs
[2025-02-21T20:19:09.590+0000] {taskinstance.py:353} INFO - Marking task as SUCCESS. dag_id=***_v2_etl_dag, task_id=load_task, run_id=manual__2025-02-21T20:07:47.207700+00:00, execution_date=20250221T200747, start_date=20250221T201852, end_date=20250221T201909
[2025-02-21T20:19:09.649+0000] {local_task_job_runner.py:266} INFO - Task exited with return code 0
[2025-02-21T20:19:09.671+0000] {taskinstance.py:3901} INFO - 0 downstream tasks scheduled from follow-on schedule check
[2025-02-21T20:19:09.675+0000] {local_task_job_runner.py:245} INFO - ::endgroup::
