[2025-02-21T14:03:26.941+0000] {local_task_job_runner.py:123} INFO - ::group::Pre task execution logs
[2025-02-21T14:03:26.994+0000] {taskinstance.py:2614} INFO - Dependencies all met for dep_context=non-requeueable deps ti=<TaskInstance: finprode8_v2_etl_dag.extract_task manual__2025-02-21T13:59:00.994336+00:00 [queued]>
[2025-02-21T14:03:27.023+0000] {taskinstance.py:2614} INFO - Dependencies all met for dep_context=requeueable deps ti=<TaskInstance: finprode8_v2_etl_dag.extract_task manual__2025-02-21T13:59:00.994336+00:00 [queued]>
[2025-02-21T14:03:27.026+0000] {taskinstance.py:2867} INFO - Starting attempt 2 of 2
[2025-02-21T14:03:27.065+0000] {taskinstance.py:2890} INFO - Executing <Task(SparkSubmitOperator): extract_task> on 2025-02-21 13:59:00.994336+00:00
[2025-02-21T14:03:27.073+0000] {standard_task_runner.py:72} INFO - Started process 915 to run task
[2025-02-21T14:03:27.079+0000] {standard_task_runner.py:104} INFO - Running: ['airflow', 'tasks', 'run', '***_v2_etl_dag', 'extract_task', 'manual__2025-02-21T13:59:00.994336+00:00', '--job-id', '31', '--raw', '--subdir', 'DAGS_FOLDER/***_v2_etl_dag.py', '--cfg-path', '/tmp/tmp25tvtxed']
[2025-02-21T14:03:27.086+0000] {standard_task_runner.py:105} INFO - Job 31: Subtask extract_task
[2025-02-21T14:03:27.120+0000] {logging_mixin.py:190} WARNING - /home/airflow/.local/lib/python3.9/site-packages/airflow/settings.py:209 DeprecationWarning: The sql_alchemy_conn option in [core] has been moved to the sql_alchemy_conn option in [database] - the old setting has been used, but please update your config.
[2025-02-21T14:03:27.184+0000] {task_command.py:467} INFO - Running <TaskInstance: finprode8_v2_etl_dag.extract_task manual__2025-02-21T13:59:00.994336+00:00 [running]> on host ***-airflow-scheduler
[2025-02-21T14:03:27.310+0000] {taskinstance.py:3134} INFO - Exporting env vars: AIRFLOW_CTX_DAG_OWNER='ratih malini' AIRFLOW_CTX_DAG_ID='***_v2_etl_dag' AIRFLOW_CTX_TASK_ID='extract_task' AIRFLOW_CTX_EXECUTION_DATE='2025-02-21T13:59:00.994336+00:00' AIRFLOW_CTX_TRY_NUMBER='2' AIRFLOW_CTX_DAG_RUN_ID='manual__2025-02-21T13:59:00.994336+00:00'
[2025-02-21T14:03:27.312+0000] {taskinstance.py:732} INFO - ::endgroup::
[2025-02-21T14:03:27.347+0000] {base.py:84} INFO - Retrieving connection 'spark_main'
[2025-02-21T14:03:27.352+0000] {spark_submit.py:474} INFO - Spark-Submit cmd: spark-submit --master spark://***-spark-master:7077 --name arrow-spark /spark-scripts/***_v2_extract.py
[2025-02-21T14:03:32.853+0000] {spark_submit.py:641} INFO - 25/02/21 14:03:32 INFO SparkContext: Running Spark version 3.3.2
[2025-02-21T14:03:32.933+0000] {spark_submit.py:641} INFO - 25/02/21 14:03:32 WARN NativeCodeLoader: Unable to load native-hadoop library for your platform... using builtin-java classes where applicable
[2025-02-21T14:03:33.111+0000] {spark_submit.py:641} INFO - 25/02/21 14:03:33 INFO ResourceUtils: ==============================================================
[2025-02-21T14:03:33.115+0000] {spark_submit.py:641} INFO - 25/02/21 14:03:33 INFO ResourceUtils: No custom resources configured for spark.driver.
[2025-02-21T14:03:33.119+0000] {spark_submit.py:641} INFO - 25/02/21 14:03:33 INFO ResourceUtils: ==============================================================
[2025-02-21T14:03:33.121+0000] {spark_submit.py:641} INFO - 25/02/21 14:03:33 INFO SparkContext: Submitted application: ***_extract
[2025-02-21T14:03:33.159+0000] {spark_submit.py:641} INFO - 25/02/21 14:03:33 INFO ResourceProfile: Default ResourceProfile created, executor resources: Map(cores -> name: cores, amount: 1, script: , vendor: , memory -> name: memory, amount: 1024, script: , vendor: , offHeap -> name: offHeap, amount: 0, script: , vendor: ), task resources: Map(cpus -> name: cpus, amount: 1.0)
[2025-02-21T14:03:33.180+0000] {spark_submit.py:641} INFO - 25/02/21 14:03:33 INFO ResourceProfile: Limiting resource is cpu
[2025-02-21T14:03:33.183+0000] {spark_submit.py:641} INFO - 25/02/21 14:03:33 INFO ResourceProfileManager: Added ResourceProfile id: 0
[2025-02-21T14:03:33.279+0000] {spark_submit.py:641} INFO - 25/02/21 14:03:33 INFO SecurityManager: Changing view acls to: airflow
[2025-02-21T14:03:33.283+0000] {spark_submit.py:641} INFO - 25/02/21 14:03:33 INFO SecurityManager: Changing modify acls to: airflow
[2025-02-21T14:03:33.286+0000] {spark_submit.py:641} INFO - 25/02/21 14:03:33 INFO SecurityManager: Changing view acls groups to:
[2025-02-21T14:03:33.289+0000] {spark_submit.py:641} INFO - 25/02/21 14:03:33 INFO SecurityManager: Changing modify acls groups to:
[2025-02-21T14:03:33.291+0000] {spark_submit.py:641} INFO - 25/02/21 14:03:33 INFO SecurityManager: SecurityManager: authentication disabled; ui acls disabled; users  with view permissions: Set(airflow); groups with view permissions: Set(); users  with modify permissions: Set(airflow); groups with modify permissions: Set()
[2025-02-21T14:03:33.641+0000] {spark_submit.py:641} INFO - 25/02/21 14:03:33 INFO Utils: Successfully started service 'sparkDriver' on port 41733.
[2025-02-21T14:03:33.697+0000] {spark_submit.py:641} INFO - 25/02/21 14:03:33 INFO SparkEnv: Registering MapOutputTracker
[2025-02-21T14:03:33.771+0000] {spark_submit.py:641} INFO - 25/02/21 14:03:33 INFO SparkEnv: Registering BlockManagerMaster
[2025-02-21T14:03:33.811+0000] {spark_submit.py:641} INFO - 25/02/21 14:03:33 INFO BlockManagerMasterEndpoint: Using org.apache.spark.storage.DefaultTopologyMapper for getting topology information
[2025-02-21T14:03:33.815+0000] {spark_submit.py:641} INFO - 25/02/21 14:03:33 INFO BlockManagerMasterEndpoint: BlockManagerMasterEndpoint up
[2025-02-21T14:03:33.823+0000] {spark_submit.py:641} INFO - 25/02/21 14:03:33 INFO SparkEnv: Registering BlockManagerMasterHeartbeat
[2025-02-21T14:03:33.887+0000] {spark_submit.py:641} INFO - 25/02/21 14:03:33 INFO DiskBlockManager: Created local directory at /tmp/blockmgr-750f90e7-4547-4946-9d2e-13d94d3cd1b4
[2025-02-21T14:03:33.931+0000] {spark_submit.py:641} INFO - 25/02/21 14:03:33 INFO MemoryStore: MemoryStore started with capacity 434.4 MiB
[2025-02-21T14:03:33.962+0000] {spark_submit.py:641} INFO - 25/02/21 14:03:33 INFO SparkEnv: Registering OutputCommitCoordinator
[2025-02-21T14:03:34.326+0000] {spark_submit.py:641} INFO - 25/02/21 14:03:34 INFO Utils: Successfully started service 'SparkUI' on port 4040.
[2025-02-21T14:03:34.534+0000] {spark_submit.py:641} INFO - 25/02/21 14:03:34 INFO Executor: Starting executor ID driver on host ***-airflow-scheduler
[2025-02-21T14:03:34.549+0000] {spark_submit.py:641} INFO - 25/02/21 14:03:34 INFO Executor: Starting executor with user classpath (userClassPathFirst = false): ''
[2025-02-21T14:03:34.587+0000] {spark_submit.py:641} INFO - 25/02/21 14:03:34 INFO Utils: Successfully started service 'org.apache.spark.network.netty.NettyBlockTransferService' on port 36489.
[2025-02-21T14:03:34.590+0000] {spark_submit.py:641} INFO - 25/02/21 14:03:34 INFO NettyBlockTransferService: Server created on ***-airflow-scheduler:36489
[2025-02-21T14:03:34.593+0000] {spark_submit.py:641} INFO - 25/02/21 14:03:34 INFO BlockManager: Using org.apache.spark.storage.RandomBlockReplicationPolicy for block replication policy
[2025-02-21T14:03:34.599+0000] {spark_submit.py:641} INFO - 25/02/21 14:03:34 INFO BlockManagerMaster: Registering BlockManager BlockManagerId(driver, ***-airflow-scheduler, 36489, None)
[2025-02-21T14:03:34.603+0000] {spark_submit.py:641} INFO - 25/02/21 14:03:34 INFO BlockManagerMasterEndpoint: Registering block manager ***-airflow-scheduler:36489 with 434.4 MiB RAM, BlockManagerId(driver, ***-airflow-scheduler, 36489, None)
[2025-02-21T14:03:34.607+0000] {spark_submit.py:641} INFO - 25/02/21 14:03:34 INFO BlockManagerMaster: Registered BlockManager BlockManagerId(driver, ***-airflow-scheduler, 36489, None)
[2025-02-21T14:03:34.610+0000] {spark_submit.py:641} INFO - 25/02/21 14:03:34 INFO BlockManager: Initialized BlockManager: BlockManagerId(driver, ***-airflow-scheduler, 36489, None)
[2025-02-21T14:03:44.538+0000] {spark_submit.py:641} INFO - ---------------- MENAMPILKAN DATA HASIL EXTRACT ----------------
[2025-02-21T14:03:44.798+0000] {spark_submit.py:641} INFO - +-----------+-----------------+---------+---------+------+-------------------+---------------+---+--------------------+-----------------+---------------------+----------+------------------+
[2025-02-21T14:03:44.800+0000] {spark_submit.py:641} INFO - |employee_id|       department|   region|education|gender|recruitment_channel|no_of_trainings|age|previous_year_rating|length_of_service|KPIs_met_more_than_80|awards_won|avg_training_score|
[2025-02-21T14:03:44.801+0000] {spark_submit.py:641} INFO - +-----------+-----------------+---------+---------+------+-------------------+---------------+---+--------------------+-----------------+---------------------+----------+------------------+
[2025-02-21T14:03:44.804+0000] {spark_submit.py:641} INFO - |       8724|       Technology|region_26|Bachelors|     m|           sourcing|              1| 24|                null|                1|                    1|         0|                77|
[2025-02-21T14:03:44.805+0000] {spark_submit.py:641} INFO - |      74430|               HR| region_4|Bachelors|     f|              other|              1| 31|                   3|                5|                    0|         0|                51|
[2025-02-21T14:03:44.807+0000] {spark_submit.py:641} INFO - |      72255|Sales & Marketing|region_13|Bachelors|     m|              other|              1| 31|                   1|                4|                    0|         0|                47|
[2025-02-21T14:03:44.808+0000] {spark_submit.py:641} INFO - |      38562|      Procurement| region_2|Bachelors|     f|              other|              3| 31|                   2|                9|                    0|         0|                65|
[2025-02-21T14:03:44.810+0000] {spark_submit.py:641} INFO - |      64486|          Finance|region_29|Bachelors|     m|           sourcing|              1| 30|                   4|                7|                    0|         0|                61|
[2025-02-21T14:03:44.812+0000] {spark_submit.py:641} INFO - +-----------+-----------------+---------+---------+------+-------------------+---------------+---+--------------------+-----------------+---------------------+----------+------------------+
[2025-02-21T14:03:44.814+0000] {spark_submit.py:641} INFO - only showing top 5 rows
[2025-02-21T14:03:44.815+0000] {spark_submit.py:641} INFO - 
[2025-02-21T14:03:44.816+0000] {spark_submit.py:641} INFO - root
[2025-02-21T14:03:44.817+0000] {spark_submit.py:641} INFO - |-- employee_id: integer (nullable = true)
[2025-02-21T14:03:44.819+0000] {spark_submit.py:641} INFO - |-- department: string (nullable = true)
[2025-02-21T14:03:44.820+0000] {spark_submit.py:641} INFO - |-- region: string (nullable = true)
[2025-02-21T14:03:44.821+0000] {spark_submit.py:641} INFO - |-- education: string (nullable = true)
[2025-02-21T14:03:44.822+0000] {spark_submit.py:641} INFO - |-- gender: string (nullable = true)
[2025-02-21T14:03:44.823+0000] {spark_submit.py:641} INFO - |-- recruitment_channel: string (nullable = true)
[2025-02-21T14:03:44.825+0000] {spark_submit.py:641} INFO - |-- no_of_trainings: integer (nullable = true)
[2025-02-21T14:03:44.827+0000] {spark_submit.py:641} INFO - |-- age: integer (nullable = true)
[2025-02-21T14:03:44.829+0000] {spark_submit.py:641} INFO - |-- previous_year_rating: integer (nullable = true)
[2025-02-21T14:03:44.830+0000] {spark_submit.py:641} INFO - |-- length_of_service: integer (nullable = true)
[2025-02-21T14:03:44.832+0000] {spark_submit.py:641} INFO - |-- KPIs_met_more_than_80: integer (nullable = true)
[2025-02-21T14:03:44.833+0000] {spark_submit.py:641} INFO - |-- awards_won: integer (nullable = true)
[2025-02-21T14:03:44.834+0000] {spark_submit.py:641} INFO - |-- avg_training_score: integer (nullable = true)
[2025-02-21T14:03:44.836+0000] {spark_submit.py:641} INFO - 
[2025-02-21T14:03:45.383+0000] {spark_submit.py:641} INFO - Jumlah baris dalam DataFrame : 17417
[2025-02-21T14:03:45.389+0000] {spark_submit.py:641} INFO - Isi folder data/extracted.parquet :
[2025-02-21T14:03:45.392+0000] {spark_submit.py:641} INFO - ['_SUCCESS', '.part-00000-ceceb298-a7f4-496e-940f-98e2134b7507-c000.snappy.parquet.crc', 'part-00000-ceceb298-a7f4-496e-940f-98e2134b7507-c000.snappy.parquet', '._SUCCESS.crc']
[2025-02-21T14:03:45.394+0000] {spark_submit.py:641} INFO - Extract data berhasil.
[2025-02-21T14:03:46.082+0000] {taskinstance.py:341} INFO - ::group::Post task execution logs
[2025-02-21T14:03:46.085+0000] {taskinstance.py:353} INFO - Marking task as SUCCESS. dag_id=***_v2_etl_dag, task_id=extract_task, run_id=manual__2025-02-21T13:59:00.994336+00:00, execution_date=20250221T135900, start_date=20250221T140326, end_date=20250221T140346
[2025-02-21T14:03:46.149+0000] {local_task_job_runner.py:266} INFO - Task exited with return code 0
[2025-02-21T14:03:46.186+0000] {taskinstance.py:3901} INFO - 1 downstream tasks scheduled from follow-on schedule check
[2025-02-21T14:03:46.189+0000] {local_task_job_runner.py:245} INFO - ::endgroup::
