[2025-02-22T06:39:14.548+0000] {local_task_job_runner.py:123} INFO - ::group::Pre task execution logs
[2025-02-22T06:39:14.579+0000] {taskinstance.py:2614} INFO - Dependencies all met for dep_context=non-requeueable deps ti=<TaskInstance: finprode8_v2_etl_dag.transform_task manual__2025-02-22T06:38:33.701131+00:00 [queued]>
[2025-02-22T06:39:14.595+0000] {taskinstance.py:2614} INFO - Dependencies all met for dep_context=requeueable deps ti=<TaskInstance: finprode8_v2_etl_dag.transform_task manual__2025-02-22T06:38:33.701131+00:00 [queued]>
[2025-02-22T06:39:14.597+0000] {taskinstance.py:2867} INFO - Starting attempt 1 of 1
[2025-02-22T06:39:14.624+0000] {taskinstance.py:2890} INFO - Executing <Task(SparkSubmitOperator): transform_task> on 2025-02-22 06:38:33.701131+00:00
[2025-02-22T06:39:14.629+0000] {standard_task_runner.py:72} INFO - Started process 446 to run task
[2025-02-22T06:39:14.633+0000] {standard_task_runner.py:104} INFO - Running: ['airflow', 'tasks', 'run', '***_v2_etl_dag', 'transform_task', 'manual__2025-02-22T06:38:33.701131+00:00', '--job-id', '99', '--raw', '--subdir', 'DAGS_FOLDER/***_v2_etl_dag.py', '--cfg-path', '/tmp/tmpe4toh6c4']
[2025-02-22T06:39:14.639+0000] {standard_task_runner.py:105} INFO - Job 99: Subtask transform_task
[2025-02-22T06:39:14.666+0000] {logging_mixin.py:190} WARNING - /home/airflow/.local/lib/python3.9/site-packages/airflow/settings.py:209 DeprecationWarning: The sql_alchemy_conn option in [core] has been moved to the sql_alchemy_conn option in [database] - the old setting has been used, but please update your config.
[2025-02-22T06:39:14.725+0000] {task_command.py:467} INFO - Running <TaskInstance: finprode8_v2_etl_dag.transform_task manual__2025-02-22T06:38:33.701131+00:00 [running]> on host ***-airflow-scheduler
[2025-02-22T06:39:14.861+0000] {taskinstance.py:3134} INFO - Exporting env vars: AIRFLOW_CTX_DAG_OWNER='ratih malini' AIRFLOW_CTX_DAG_ID='***_v2_etl_dag' AIRFLOW_CTX_TASK_ID='transform_task' AIRFLOW_CTX_EXECUTION_DATE='2025-02-22T06:38:33.701131+00:00' AIRFLOW_CTX_TRY_NUMBER='1' AIRFLOW_CTX_DAG_RUN_ID='manual__2025-02-22T06:38:33.701131+00:00'
[2025-02-22T06:39:14.863+0000] {taskinstance.py:732} INFO - ::endgroup::
[2025-02-22T06:39:14.916+0000] {base.py:84} INFO - Retrieving connection 'spark_main'
[2025-02-22T06:39:14.920+0000] {spark_submit.py:474} INFO - Spark-Submit cmd: spark-submit --master spark://***-spark-master:7077 --name arrow-spark /spark-scripts/***_v2_transform.py
[2025-02-22T06:39:17.954+0000] {spark_submit.py:641} INFO - 25/02/22 06:39:17 INFO SparkContext: Running Spark version 3.3.2
[2025-02-22T06:39:18.036+0000] {spark_submit.py:641} INFO - 25/02/22 06:39:18 WARN NativeCodeLoader: Unable to load native-hadoop library for your platform... using builtin-java classes where applicable
[2025-02-22T06:39:18.187+0000] {spark_submit.py:641} INFO - 25/02/22 06:39:18 INFO ResourceUtils: ==============================================================
[2025-02-22T06:39:18.189+0000] {spark_submit.py:641} INFO - 25/02/22 06:39:18 INFO ResourceUtils: No custom resources configured for spark.driver.
[2025-02-22T06:39:18.191+0000] {spark_submit.py:641} INFO - 25/02/22 06:39:18 INFO ResourceUtils: ==============================================================
[2025-02-22T06:39:18.196+0000] {spark_submit.py:641} INFO - 25/02/22 06:39:18 INFO SparkContext: Submitted application: ***_transform
[2025-02-22T06:39:18.231+0000] {spark_submit.py:641} INFO - 25/02/22 06:39:18 INFO ResourceProfile: Default ResourceProfile created, executor resources: Map(cores -> name: cores, amount: 1, script: , vendor: , memory -> name: memory, amount: 1024, script: , vendor: , offHeap -> name: offHeap, amount: 0, script: , vendor: ), task resources: Map(cpus -> name: cpus, amount: 1.0)
[2025-02-22T06:39:18.244+0000] {spark_submit.py:641} INFO - 25/02/22 06:39:18 INFO ResourceProfile: Limiting resource is cpu
[2025-02-22T06:39:18.246+0000] {spark_submit.py:641} INFO - 25/02/22 06:39:18 INFO ResourceProfileManager: Added ResourceProfile id: 0
[2025-02-22T06:39:18.317+0000] {spark_submit.py:641} INFO - 25/02/22 06:39:18 INFO SecurityManager: Changing view acls to: airflow
[2025-02-22T06:39:18.319+0000] {spark_submit.py:641} INFO - 25/02/22 06:39:18 INFO SecurityManager: Changing modify acls to: airflow
[2025-02-22T06:39:18.320+0000] {spark_submit.py:641} INFO - 25/02/22 06:39:18 INFO SecurityManager: Changing view acls groups to:
[2025-02-22T06:39:18.323+0000] {spark_submit.py:641} INFO - 25/02/22 06:39:18 INFO SecurityManager: Changing modify acls groups to:
[2025-02-22T06:39:18.325+0000] {spark_submit.py:641} INFO - 25/02/22 06:39:18 INFO SecurityManager: SecurityManager: authentication disabled; ui acls disabled; users  with view permissions: Set(airflow); groups with view permissions: Set(); users  with modify permissions: Set(airflow); groups with modify permissions: Set()
[2025-02-22T06:39:18.587+0000] {spark_submit.py:641} INFO - 25/02/22 06:39:18 INFO Utils: Successfully started service 'sparkDriver' on port 37339.
[2025-02-22T06:39:18.617+0000] {spark_submit.py:641} INFO - 25/02/22 06:39:18 INFO SparkEnv: Registering MapOutputTracker
[2025-02-22T06:39:18.654+0000] {spark_submit.py:641} INFO - 25/02/22 06:39:18 INFO SparkEnv: Registering BlockManagerMaster
[2025-02-22T06:39:18.673+0000] {spark_submit.py:641} INFO - 25/02/22 06:39:18 INFO BlockManagerMasterEndpoint: Using org.apache.spark.storage.DefaultTopologyMapper for getting topology information
[2025-02-22T06:39:18.674+0000] {spark_submit.py:641} INFO - 25/02/22 06:39:18 INFO BlockManagerMasterEndpoint: BlockManagerMasterEndpoint up
[2025-02-22T06:39:18.678+0000] {spark_submit.py:641} INFO - 25/02/22 06:39:18 INFO SparkEnv: Registering BlockManagerMasterHeartbeat
[2025-02-22T06:39:18.701+0000] {spark_submit.py:641} INFO - 25/02/22 06:39:18 INFO DiskBlockManager: Created local directory at /tmp/blockmgr-bae443f2-d24b-4eda-98c8-80e9fbcd6c9d
[2025-02-22T06:39:18.719+0000] {spark_submit.py:641} INFO - 25/02/22 06:39:18 INFO MemoryStore: MemoryStore started with capacity 434.4 MiB
[2025-02-22T06:39:18.737+0000] {spark_submit.py:641} INFO - 25/02/22 06:39:18 INFO SparkEnv: Registering OutputCommitCoordinator
[2025-02-22T06:39:19.024+0000] {spark_submit.py:641} INFO - 25/02/22 06:39:19 INFO Utils: Successfully started service 'SparkUI' on port 4040.
[2025-02-22T06:39:19.177+0000] {spark_submit.py:641} INFO - 25/02/22 06:39:19 INFO Executor: Starting executor ID driver on host ***-airflow-scheduler
[2025-02-22T06:39:19.194+0000] {spark_submit.py:641} INFO - 25/02/22 06:39:19 INFO Executor: Starting executor with user classpath (userClassPathFirst = false): ''
[2025-02-22T06:39:19.214+0000] {spark_submit.py:641} INFO - 25/02/22 06:39:19 INFO Utils: Successfully started service 'org.apache.spark.network.netty.NettyBlockTransferService' on port 35877.
[2025-02-22T06:39:19.216+0000] {spark_submit.py:641} INFO - 25/02/22 06:39:19 INFO NettyBlockTransferService: Server created on ***-airflow-scheduler:35877
[2025-02-22T06:39:19.217+0000] {spark_submit.py:641} INFO - 25/02/22 06:39:19 INFO BlockManager: Using org.apache.spark.storage.RandomBlockReplicationPolicy for block replication policy
[2025-02-22T06:39:19.228+0000] {spark_submit.py:641} INFO - 25/02/22 06:39:19 INFO BlockManagerMaster: Registering BlockManager BlockManagerId(driver, ***-airflow-scheduler, 35877, None)
[2025-02-22T06:39:19.232+0000] {spark_submit.py:641} INFO - 25/02/22 06:39:19 INFO BlockManagerMasterEndpoint: Registering block manager ***-airflow-scheduler:35877 with 434.4 MiB RAM, BlockManagerId(driver, ***-airflow-scheduler, 35877, None)
[2025-02-22T06:39:19.234+0000] {spark_submit.py:641} INFO - 25/02/22 06:39:19 INFO BlockManagerMaster: Registered BlockManager BlockManagerId(driver, ***-airflow-scheduler, 35877, None)
[2025-02-22T06:39:19.237+0000] {spark_submit.py:641} INFO - 25/02/22 06:39:19 INFO BlockManager: Initialized BlockManager: BlockManagerId(driver, ***-airflow-scheduler, 35877, None)
[2025-02-22T06:39:23.903+0000] {spark_submit.py:641} INFO - ---------------- MENAMPILKAN BANYAK DATA NULL DI SETIAP KOLOM ----------------
[2025-02-22T06:39:26.353+0000] {spark_submit.py:641} INFO - +----------------+---------------+-----------+--------------+-----------+------------------------+--------------------+--------+-------------------------+----------------------+--------------------------+---------------+-----------------------+
[2025-02-22T06:39:26.355+0000] {spark_submit.py:641} INFO - |employee_id_null|department_null|region_null|education_null|gender_null|recruitment_channel_null|no_of_trainings_null|age_null|previous_year_rating_null|length_of_service_null|KPIs_met_more_than_80_null|awards_won_null|avg_training_score_null|
[2025-02-22T06:39:26.356+0000] {spark_submit.py:641} INFO - +----------------+---------------+-----------+--------------+-----------+------------------------+--------------------+--------+-------------------------+----------------------+--------------------------+---------------+-----------------------+
[2025-02-22T06:39:26.357+0000] {spark_submit.py:641} INFO - |               0|              0|          0|           771|          0|                       0|                   0|       0|                     1363|                     0|                         0|              0|                      0|
[2025-02-22T06:39:26.358+0000] {spark_submit.py:641} INFO - +----------------+---------------+-----------+--------------+-----------+------------------------+--------------------+--------+-------------------------+----------------------+--------------------------+---------------+-----------------------+
[2025-02-22T06:39:26.359+0000] {spark_submit.py:641} INFO - 
[2025-02-22T06:39:26.360+0000] {spark_submit.py:641} INFO - ---------------- NULL HANDLING PADA KOLOM EDUCATION & PREVIOUS_YEAR_RATING ----------------
[2025-02-22T06:39:26.702+0000] {spark_submit.py:641} INFO - +--------------+-------------------------+
[2025-02-22T06:39:26.705+0000] {spark_submit.py:641} INFO - |education_null|previous_year_rating_null|
[2025-02-22T06:39:26.706+0000] {spark_submit.py:641} INFO - +--------------+-------------------------+
[2025-02-22T06:39:26.708+0000] {spark_submit.py:641} INFO - |             0|                        0|
[2025-02-22T06:39:26.709+0000] {spark_submit.py:641} INFO - +--------------+-------------------------+
[2025-02-22T06:39:26.710+0000] {spark_submit.py:641} INFO - 
[2025-02-22T06:39:26.712+0000] {spark_submit.py:641} INFO - ---------------- MENAMPILKAN BANYAK DATA DUPLIKAT BERDASARKAN EMPLOYEE_ID ----------------
[2025-02-22T06:39:28.393+0000] {spark_submit.py:641} INFO - +-----------+------+
[2025-02-22T06:39:28.394+0000] {spark_submit.py:641} INFO - |employee_id|jumlah|
[2025-02-22T06:39:28.396+0000] {spark_submit.py:641} INFO - +-----------+------+
[2025-02-22T06:39:28.397+0000] {spark_submit.py:641} INFO - |      64573|     2|
[2025-02-22T06:39:28.398+0000] {spark_submit.py:641} INFO - |      49584|     3|
[2025-02-22T06:39:28.399+0000] {spark_submit.py:641} INFO - +-----------+------+
[2025-02-22T06:39:28.401+0000] {spark_submit.py:641} INFO - 
[2025-02-22T06:39:28.404+0000] {spark_submit.py:641} INFO - ---------------- MENAMPILKAN SEMUA BARIS DAN KOLOM DARI EMPLOYEE ID YANG DUPLIKAT ----------------
[2025-02-22T06:39:29.266+0000] {spark_submit.py:641} INFO - +-----------+----------+--------+---------+------+-------------------+---------------+---+--------------------+-----------------+---------------------+----------+------------------+
[2025-02-22T06:39:29.268+0000] {spark_submit.py:641} INFO - |employee_id|department|  region|education|gender|recruitment_channel|no_of_trainings|age|previous_year_rating|length_of_service|KPIs_met_more_than_80|awards_won|avg_training_score|
[2025-02-22T06:39:29.271+0000] {spark_submit.py:641} INFO - +-----------+----------+--------+---------+------+-------------------+---------------+---+--------------------+-----------------+---------------------+----------+------------------+
[2025-02-22T06:39:29.273+0000] {spark_submit.py:641} INFO - |      49584|        HR|region_7|Bachelors|     m|              other|              1| 33|                   1|                9|                    0|         0|                51|
[2025-02-22T06:39:29.274+0000] {spark_submit.py:641} INFO - |      49584|        HR|region_7|Bachelors|     m|              other|              1| 33|                   1|                9|                    0|         0|                51|
[2025-02-22T06:39:29.277+0000] {spark_submit.py:641} INFO - |      49584|        HR|region_7|Bachelors|     m|              other|              1| 33|                   1|                9|                    0|         0|                51|
[2025-02-22T06:39:29.279+0000] {spark_submit.py:641} INFO - |      64573|Technology|region_7|Bachelors|     f|           referred|              2| 30|                   5|                6|                    1|         0|                81|
[2025-02-22T06:39:29.281+0000] {spark_submit.py:641} INFO - |      64573|        HR|region_7|Bachelors|     f|           referred|              1| 35|                   5|                4|                    1|         0|                81|
[2025-02-22T06:39:29.282+0000] {spark_submit.py:641} INFO - +-----------+----------+--------+---------+------+-------------------+---------------+---+--------------------+-----------------+---------------------+----------+------------------+
[2025-02-22T06:39:29.287+0000] {spark_submit.py:641} INFO - 
[2025-02-22T06:39:29.290+0000] {spark_submit.py:641} INFO - ---------------- MENAMPILKAN HASIL DARI DATA DUPLIKASI YANG TELAH DIHANDLE BERDASARKAN KOLOM EMPLOYEE_ID DAN DEPARTMENT ----------------
[2025-02-22T06:39:30.141+0000] {spark_submit.py:641} INFO - +-----------+----------+--------+---------+------+-------------------+---------------+---+--------------------+-----------------+---------------------+----------+------------------+
[2025-02-22T06:39:30.147+0000] {spark_submit.py:641} INFO - |employee_id|department|  region|education|gender|recruitment_channel|no_of_trainings|age|previous_year_rating|length_of_service|KPIs_met_more_than_80|awards_won|avg_training_score|
[2025-02-22T06:39:30.150+0000] {spark_submit.py:641} INFO - +-----------+----------+--------+---------+------+-------------------+---------------+---+--------------------+-----------------+---------------------+----------+------------------+
[2025-02-22T06:39:30.153+0000] {spark_submit.py:641} INFO - |      49584|        HR|region_7|Bachelors|     m|              other|              1| 33|                   1|                9|                    0|         0|                51|
[2025-02-22T06:39:30.154+0000] {spark_submit.py:641} INFO - |      64573|        HR|region_7|Bachelors|     f|           referred|              1| 35|                   5|                4|                    1|         0|                81|
[2025-02-22T06:39:30.156+0000] {spark_submit.py:641} INFO - |      64573|Technology|region_7|Bachelors|     f|           referred|              2| 30|                   5|                6|                    1|         0|                81|
[2025-02-22T06:39:30.158+0000] {spark_submit.py:641} INFO - +-----------+----------+--------+---------+------+-------------------+---------------+---+--------------------+-----------------+---------------------+----------+------------------+
[2025-02-22T06:39:30.159+0000] {spark_submit.py:641} INFO - 
[2025-02-22T06:39:31.498+0000] {spark_submit.py:641} INFO - ---------------- MENAMPILKAN DATA HASIL TRASNFORMASI ----------------
[2025-02-22T06:39:32.014+0000] {spark_submit.py:641} INFO - +-----------+-----------------+---------+---------------+------+-------------------+---------------+---+--------------------+-----------------+---------------------+----------+------------------+
[2025-02-22T06:39:32.018+0000] {spark_submit.py:641} INFO - |employee_id|       department|   region|      education|gender|recruitment_channel|no_of_trainings|age|previous_year_rating|length_of_service|KPIs_met_more_than_80|awards_won|avg_training_score|
[2025-02-22T06:39:32.023+0000] {spark_submit.py:641} INFO - +-----------+-----------------+---------+---------------+------+-------------------+---------------+---+--------------------+-----------------+---------------------+----------+------------------+
[2025-02-22T06:39:32.025+0000] {spark_submit.py:641} INFO - |          3|      Procurement|region_22|Masters & above|     f|              other|              1| 38|                   5|                4|                    1|         0|                67|
[2025-02-22T06:39:32.028+0000] {spark_submit.py:641} INFO - |          6|Sales & Marketing|region_15|      Bachelors|     f|              other|              1| 38|                   3|               10|                    0|         0|                50|
[2025-02-22T06:39:32.029+0000] {spark_submit.py:641} INFO - |         11|       Technology| region_4|Masters & above|     f|           sourcing|              1| 39|                   4|               12|                    1|         0|                72|
[2025-02-22T06:39:32.031+0000] {spark_submit.py:641} INFO - |         13|Sales & Marketing|region_17|      Bachelors|     m|              other|              1| 38|                   1|                5|                    1|         0|                47|
[2025-02-22T06:39:32.032+0000] {spark_submit.py:641} INFO - |         16|Sales & Marketing| region_4|Masters & above|     m|           sourcing|              1| 40|                   5|                5|                    0|         0|                53|
[2025-02-22T06:39:32.033+0000] {spark_submit.py:641} INFO - +-----------+-----------------+---------+---------------+------+-------------------+---------------+---+--------------------+-----------------+---------------------+----------+------------------+
[2025-02-22T06:39:32.037+0000] {spark_submit.py:641} INFO - only showing top 5 rows
[2025-02-22T06:39:32.039+0000] {spark_submit.py:641} INFO - 
[2025-02-22T06:39:32.777+0000] {spark_submit.py:641} INFO - Jumlah baris dalam DataFrame : 17415
[2025-02-22T06:39:32.779+0000] {spark_submit.py:641} INFO - Isi folder data/transformed.parquet :
[2025-02-22T06:39:32.782+0000] {spark_submit.py:641} INFO - ['part-00000-42891c2c-d875-40f3-897a-a44f1e912d7c-c000.snappy.parquet', '.part-00000-42891c2c-d875-40f3-897a-a44f1e912d7c-c000.snappy.parquet.crc', '_SUCCESS', '._SUCCESS.crc']
[2025-02-22T06:39:32.795+0000] {spark_submit.py:641} INFO - Transform data berhasil.
[2025-02-22T06:39:33.236+0000] {taskinstance.py:341} INFO - ::group::Post task execution logs
[2025-02-22T06:39:33.238+0000] {taskinstance.py:353} INFO - Marking task as SUCCESS. dag_id=***_v2_etl_dag, task_id=transform_task, run_id=manual__2025-02-22T06:38:33.701131+00:00, execution_date=20250222T063833, start_date=20250222T063914, end_date=20250222T063933
[2025-02-22T06:39:33.314+0000] {local_task_job_runner.py:266} INFO - Task exited with return code 0
[2025-02-22T06:39:33.364+0000] {taskinstance.py:3901} INFO - 1 downstream tasks scheduled from follow-on schedule check
[2025-02-22T06:39:33.368+0000] {local_task_job_runner.py:245} INFO - ::endgroup::
