[2025-02-15T23:33:43.821+0000] {local_task_job_runner.py:123} INFO - ::group::Pre task execution logs
[2025-02-15T23:33:43.958+0000] {taskinstance.py:2613} INFO - Dependencies all met for dep_context=non-requeueable deps ti=<TaskInstance: finprode8_etl_dag.etl_task manual__2025-02-15T23:33:40.828259+00:00 [queued]>
[2025-02-15T23:33:44.022+0000] {taskinstance.py:2613} INFO - Dependencies all met for dep_context=requeueable deps ti=<TaskInstance: finprode8_etl_dag.etl_task manual__2025-02-15T23:33:40.828259+00:00 [queued]>
[2025-02-15T23:33:44.025+0000] {taskinstance.py:2866} INFO - Starting attempt 1 of 1
[2025-02-15T23:33:44.080+0000] {taskinstance.py:2889} INFO - Executing <Task(SparkSubmitOperator): etl_task> on 2025-02-15 23:33:40.828259+00:00
[2025-02-15T23:33:44.103+0000] {standard_task_runner.py:72} INFO - Started process 188 to run task
[2025-02-15T23:33:44.147+0000] {standard_task_runner.py:104} INFO - Running: ['airflow', 'tasks', 'run', '***_etl_dag', 'etl_task', 'manual__2025-02-15T23:33:40.828259+00:00', '--job-id', '40', '--raw', '--subdir', 'DAGS_FOLDER/***_etl_dag.py', '--cfg-path', '/tmp/tmplu0b5q4o']
[2025-02-15T23:33:44.178+0000] {standard_task_runner.py:105} INFO - Job 40: Subtask etl_task
[2025-02-15T23:33:44.335+0000] {logging_mixin.py:190} WARNING - /home/airflow/.local/lib/python3.9/site-packages/airflow/settings.py:209 DeprecationWarning: The sql_alchemy_conn option in [core] has been moved to the sql_alchemy_conn option in [database] - the old setting has been used, but please update your config.
[2025-02-15T23:33:44.577+0000] {task_command.py:467} INFO - Running <TaskInstance: finprode8_etl_dag.etl_task manual__2025-02-15T23:33:40.828259+00:00 [running]> on host ***-airflow-scheduler
[2025-02-15T23:33:45.169+0000] {taskinstance.py:3132} INFO - Exporting env vars: AIRFLOW_CTX_DAG_OWNER='ratih malini' AIRFLOW_CTX_DAG_ID='***_etl_dag' AIRFLOW_CTX_TASK_ID='etl_task' AIRFLOW_CTX_EXECUTION_DATE='2025-02-15T23:33:40.828259+00:00' AIRFLOW_CTX_TRY_NUMBER='1' AIRFLOW_CTX_DAG_RUN_ID='manual__2025-02-15T23:33:40.828259+00:00'
[2025-02-15T23:33:45.173+0000] {taskinstance.py:731} INFO - ::endgroup::
[2025-02-15T23:33:45.318+0000] {base.py:84} INFO - Retrieving connection 'spark_main'
[2025-02-15T23:33:45.325+0000] {spark_submit.py:474} INFO - Spark-Submit cmd: spark-submit --master spark://***-spark-master:7077 --packages org.postgresql:postgresql:42.2.18 --name arrow-spark /spark-scripts/***_etl.py
[2025-02-15T23:33:52.036+0000] {spark_submit.py:641} INFO - :: loading settings :: url = jar:file:/home/airflow/.local/lib/python3.9/site-packages/pyspark/jars/ivy-2.5.1.jar!/org/apache/ivy/core/settings/ivysettings.xml
[2025-02-15T23:33:52.283+0000] {spark_submit.py:641} INFO - Ivy Default Cache set to: /home/airflow/.ivy2/cache
[2025-02-15T23:33:52.285+0000] {spark_submit.py:641} INFO - The jars for the packages stored in: /home/airflow/.ivy2/jars
[2025-02-15T23:33:52.295+0000] {spark_submit.py:641} INFO - org.postgresql#postgresql added as a dependency
[2025-02-15T23:33:52.298+0000] {spark_submit.py:641} INFO - :: resolving dependencies :: org.apache.spark#spark-submit-parent-015ca59a-3924-4b24-9a2c-ebf15b18eb10;1.0
[2025-02-15T23:33:52.300+0000] {spark_submit.py:641} INFO - confs: [default]
[2025-02-15T23:33:55.149+0000] {spark_submit.py:641} INFO - found org.postgresql#postgresql;42.2.18 in central
[2025-02-15T23:33:55.683+0000] {spark_submit.py:641} INFO - found org.checkerframework#checker-qual;3.5.0 in central
[2025-02-15T23:33:55.915+0000] {spark_submit.py:641} INFO - downloading https://repo1.maven.org/maven2/org/postgresql/postgresql/42.2.18/postgresql-42.2.18.jar ...
[2025-02-15T23:33:57.625+0000] {spark_submit.py:641} INFO - [SUCCESSFUL ] org.postgresql#postgresql;42.2.18!postgresql.jar (1919ms)
[2025-02-15T23:33:57.847+0000] {spark_submit.py:641} INFO - downloading https://repo1.maven.org/maven2/org/checkerframework/checker-qual/3.5.0/checker-qual-3.5.0.jar ...
[2025-02-15T23:33:58.156+0000] {spark_submit.py:641} INFO - [SUCCESSFUL ] org.checkerframework#checker-qual;3.5.0!checker-qual.jar (510ms)
[2025-02-15T23:33:58.169+0000] {spark_submit.py:641} INFO - :: resolution report :: resolve 3405ms :: artifacts dl 2467ms
[2025-02-15T23:33:58.177+0000] {spark_submit.py:641} INFO - :: modules in use:
[2025-02-15T23:33:58.186+0000] {spark_submit.py:641} INFO - org.checkerframework#checker-qual;3.5.0 from central in [default]
[2025-02-15T23:33:58.195+0000] {spark_submit.py:641} INFO - org.postgresql#postgresql;42.2.18 from central in [default]
[2025-02-15T23:33:58.204+0000] {spark_submit.py:641} INFO - ---------------------------------------------------------------------
[2025-02-15T23:33:58.206+0000] {spark_submit.py:641} INFO - |                  |            modules            ||   artifacts   |
[2025-02-15T23:33:58.213+0000] {spark_submit.py:641} INFO - |       conf       | number| search|dwnlded|evicted|| number|dwnlded|
[2025-02-15T23:33:58.218+0000] {spark_submit.py:641} INFO - ---------------------------------------------------------------------
[2025-02-15T23:33:58.225+0000] {spark_submit.py:641} INFO - |      default     |   2   |   2   |   2   |   0   ||   2   |   2   |
[2025-02-15T23:33:58.228+0000] {spark_submit.py:641} INFO - ---------------------------------------------------------------------
[2025-02-15T23:33:58.231+0000] {spark_submit.py:641} INFO - :: retrieving :: org.apache.spark#spark-submit-parent-015ca59a-3924-4b24-9a2c-ebf15b18eb10
[2025-02-15T23:33:58.235+0000] {spark_submit.py:641} INFO - confs: [default]
[2025-02-15T23:33:58.272+0000] {spark_submit.py:641} INFO - 2 artifacts copied, 0 already retrieved (1190kB/42ms)
[2025-02-15T23:33:59.199+0000] {spark_submit.py:641} INFO - 25/02/15 23:33:59 WARN NativeCodeLoader: Unable to load native-hadoop library for your platform... using builtin-java classes where applicable
[2025-02-15T23:34:02.645+0000] {spark_submit.py:641} INFO - 25/02/15 23:34:02 INFO SparkContext: Running Spark version 3.3.2
[2025-02-15T23:34:02.717+0000] {spark_submit.py:641} INFO - 25/02/15 23:34:02 INFO ResourceUtils: ==============================================================
[2025-02-15T23:34:02.720+0000] {spark_submit.py:641} INFO - 25/02/15 23:34:02 INFO ResourceUtils: No custom resources configured for spark.driver.
[2025-02-15T23:34:02.722+0000] {spark_submit.py:641} INFO - 25/02/15 23:34:02 INFO ResourceUtils: ==============================================================
[2025-02-15T23:34:02.724+0000] {spark_submit.py:641} INFO - 25/02/15 23:34:02 INFO SparkContext: Submitted application: ***
[2025-02-15T23:34:02.772+0000] {spark_submit.py:641} INFO - 25/02/15 23:34:02 INFO ResourceProfile: Default ResourceProfile created, executor resources: Map(cores -> name: cores, amount: 1, script: , vendor: , memory -> name: memory, amount: 1024, script: , vendor: , offHeap -> name: offHeap, amount: 0, script: , vendor: ), task resources: Map(cpus -> name: cpus, amount: 1.0)
[2025-02-15T23:34:02.791+0000] {spark_submit.py:641} INFO - 25/02/15 23:34:02 INFO ResourceProfile: Limiting resource is cpu
[2025-02-15T23:34:02.793+0000] {spark_submit.py:641} INFO - 25/02/15 23:34:02 INFO ResourceProfileManager: Added ResourceProfile id: 0
[2025-02-15T23:34:02.971+0000] {spark_submit.py:641} INFO - 25/02/15 23:34:02 INFO SecurityManager: Changing view acls to: airflow
[2025-02-15T23:34:02.973+0000] {spark_submit.py:641} INFO - 25/02/15 23:34:02 INFO SecurityManager: Changing modify acls to: airflow
[2025-02-15T23:34:02.975+0000] {spark_submit.py:641} INFO - 25/02/15 23:34:02 INFO SecurityManager: Changing view acls groups to:
[2025-02-15T23:34:02.976+0000] {spark_submit.py:641} INFO - 25/02/15 23:34:02 INFO SecurityManager: Changing modify acls groups to:
[2025-02-15T23:34:02.978+0000] {spark_submit.py:641} INFO - 25/02/15 23:34:02 INFO SecurityManager: SecurityManager: authentication disabled; ui acls disabled; users  with view permissions: Set(airflow); groups with view permissions: Set(); users  with modify permissions: Set(airflow); groups with modify permissions: Set()
[2025-02-15T23:34:03.457+0000] {spark_submit.py:641} INFO - 25/02/15 23:34:03 INFO Utils: Successfully started service 'sparkDriver' on port 44429.
[2025-02-15T23:34:03.536+0000] {spark_submit.py:641} INFO - 25/02/15 23:34:03 INFO SparkEnv: Registering MapOutputTracker
[2025-02-15T23:34:03.643+0000] {spark_submit.py:641} INFO - 25/02/15 23:34:03 INFO SparkEnv: Registering BlockManagerMaster
[2025-02-15T23:34:03.703+0000] {spark_submit.py:641} INFO - 25/02/15 23:34:03 INFO BlockManagerMasterEndpoint: Using org.apache.spark.storage.DefaultTopologyMapper for getting topology information
[2025-02-15T23:34:03.706+0000] {spark_submit.py:641} INFO - 25/02/15 23:34:03 INFO BlockManagerMasterEndpoint: BlockManagerMasterEndpoint up
[2025-02-15T23:34:03.717+0000] {spark_submit.py:641} INFO - 25/02/15 23:34:03 INFO SparkEnv: Registering BlockManagerMasterHeartbeat
[2025-02-15T23:34:03.773+0000] {spark_submit.py:641} INFO - 25/02/15 23:34:03 INFO DiskBlockManager: Created local directory at /tmp/blockmgr-d0bca15e-878c-4bc9-8d84-b61b0df11639
[2025-02-15T23:34:03.818+0000] {spark_submit.py:641} INFO - 25/02/15 23:34:03 INFO MemoryStore: MemoryStore started with capacity 434.4 MiB
[2025-02-15T23:34:03.867+0000] {spark_submit.py:641} INFO - 25/02/15 23:34:03 INFO SparkEnv: Registering OutputCommitCoordinator
[2025-02-15T23:34:04.365+0000] {spark_submit.py:641} INFO - 25/02/15 23:34:04 INFO Utils: Successfully started service 'SparkUI' on port 4040.
[2025-02-15T23:34:04.447+0000] {spark_submit.py:641} INFO - 25/02/15 23:34:04 INFO SparkContext: Added JAR /spark-scripts/jars/postgresql-42.2.18.jar at spark://***-airflow-scheduler:44429/jars/postgresql-42.2.18.jar with timestamp 1739662442620
[2025-02-15T23:34:04.451+0000] {spark_submit.py:641} INFO - 25/02/15 23:34:04 INFO SparkContext: Added file file:///home/airflow/.ivy2/jars/org.postgresql_postgresql-42.2.18.jar at file:///home/airflow/.ivy2/jars/org.postgresql_postgresql-42.2.18.jar with timestamp 1739662442620
[2025-02-15T23:34:04.454+0000] {spark_submit.py:641} INFO - 25/02/15 23:34:04 INFO Utils: Copying /home/airflow/.ivy2/jars/org.postgresql_postgresql-42.2.18.jar to /tmp/spark-543a2e17-ecc3-478e-a883-5261d371de05/userFiles-5a7f7b0e-e68b-42f0-b61a-fd00a9a96ca0/org.postgresql_postgresql-42.2.18.jar
[2025-02-15T23:34:04.518+0000] {spark_submit.py:641} INFO - 25/02/15 23:34:04 INFO SparkContext: Added file file:///home/airflow/.ivy2/jars/org.checkerframework_checker-qual-3.5.0.jar at file:///home/airflow/.ivy2/jars/org.checkerframework_checker-qual-3.5.0.jar with timestamp 1739662442620
[2025-02-15T23:34:04.523+0000] {spark_submit.py:641} INFO - 25/02/15 23:34:04 INFO Utils: Copying /home/airflow/.ivy2/jars/org.checkerframework_checker-qual-3.5.0.jar to /tmp/spark-543a2e17-ecc3-478e-a883-5261d371de05/userFiles-5a7f7b0e-e68b-42f0-b61a-fd00a9a96ca0/org.checkerframework_checker-qual-3.5.0.jar
[2025-02-15T23:34:04.773+0000] {spark_submit.py:641} INFO - 25/02/15 23:34:04 INFO Executor: Starting executor ID driver on host ***-airflow-scheduler
[2025-02-15T23:34:04.793+0000] {spark_submit.py:641} INFO - 25/02/15 23:34:04 INFO Executor: Starting executor with user classpath (userClassPathFirst = false): ''
[2025-02-15T23:34:04.819+0000] {spark_submit.py:641} INFO - 25/02/15 23:34:04 INFO Executor: Fetching file:///home/airflow/.ivy2/jars/org.postgresql_postgresql-42.2.18.jar with timestamp 1739662442620
[2025-02-15T23:34:04.849+0000] {spark_submit.py:641} INFO - 25/02/15 23:34:04 INFO Utils: /home/airflow/.ivy2/jars/org.postgresql_postgresql-42.2.18.jar has been previously copied to /tmp/spark-543a2e17-ecc3-478e-a883-5261d371de05/userFiles-5a7f7b0e-e68b-42f0-b61a-fd00a9a96ca0/org.postgresql_postgresql-42.2.18.jar
[2025-02-15T23:34:04.862+0000] {spark_submit.py:641} INFO - 25/02/15 23:34:04 INFO Executor: Fetching file:///home/airflow/.ivy2/jars/org.checkerframework_checker-qual-3.5.0.jar with timestamp 1739662442620
[2025-02-15T23:34:04.864+0000] {spark_submit.py:641} INFO - 25/02/15 23:34:04 INFO Utils: /home/airflow/.ivy2/jars/org.checkerframework_checker-qual-3.5.0.jar has been previously copied to /tmp/spark-543a2e17-ecc3-478e-a883-5261d371de05/userFiles-5a7f7b0e-e68b-42f0-b61a-fd00a9a96ca0/org.checkerframework_checker-qual-3.5.0.jar
[2025-02-15T23:34:04.872+0000] {spark_submit.py:641} INFO - 25/02/15 23:34:04 INFO Executor: Fetching spark://***-airflow-scheduler:44429/jars/postgresql-42.2.18.jar with timestamp 1739662442620
[2025-02-15T23:34:04.952+0000] {spark_submit.py:641} INFO - 25/02/15 23:34:04 INFO TransportClientFactory: Successfully created connection to ***-airflow-scheduler/172.19.0.4:44429 after 53 ms (0 ms spent in bootstraps)
[2025-02-15T23:34:04.965+0000] {spark_submit.py:641} INFO - 25/02/15 23:34:04 INFO Utils: Fetching spark://***-airflow-scheduler:44429/jars/postgresql-42.2.18.jar to /tmp/spark-543a2e17-ecc3-478e-a883-5261d371de05/userFiles-5a7f7b0e-e68b-42f0-b61a-fd00a9a96ca0/fetchFileTemp5317874448200219730.tmp
[2025-02-15T23:34:05.756+0000] {spark_submit.py:641} INFO - 25/02/15 23:34:05 INFO Executor: Adding file:/tmp/spark-543a2e17-ecc3-478e-a883-5261d371de05/userFiles-5a7f7b0e-e68b-42f0-b61a-fd00a9a96ca0/postgresql-42.2.18.jar to class loader
[2025-02-15T23:34:05.774+0000] {spark_submit.py:641} INFO - 25/02/15 23:34:05 INFO Utils: Successfully started service 'org.apache.spark.network.netty.NettyBlockTransferService' on port 35547.
[2025-02-15T23:34:05.778+0000] {spark_submit.py:641} INFO - 25/02/15 23:34:05 INFO NettyBlockTransferService: Server created on ***-airflow-scheduler:35547
[2025-02-15T23:34:05.780+0000] {spark_submit.py:641} INFO - 25/02/15 23:34:05 INFO BlockManager: Using org.apache.spark.storage.RandomBlockReplicationPolicy for block replication policy
[2025-02-15T23:34:05.796+0000] {spark_submit.py:641} INFO - 25/02/15 23:34:05 INFO BlockManagerMaster: Registering BlockManager BlockManagerId(driver, ***-airflow-scheduler, 35547, None)
[2025-02-15T23:34:05.806+0000] {spark_submit.py:641} INFO - 25/02/15 23:34:05 INFO BlockManagerMasterEndpoint: Registering block manager ***-airflow-scheduler:35547 with 434.4 MiB RAM, BlockManagerId(driver, ***-airflow-scheduler, 35547, None)
[2025-02-15T23:34:05.813+0000] {spark_submit.py:641} INFO - 25/02/15 23:34:05 INFO BlockManagerMaster: Registered BlockManager BlockManagerId(driver, ***-airflow-scheduler, 35547, None)
[2025-02-15T23:34:05.815+0000] {spark_submit.py:641} INFO - 25/02/15 23:34:05 INFO BlockManager: Initialized BlockManager: BlockManagerId(driver, ***-airflow-scheduler, 35547, None)
[2025-02-15T23:34:17.761+0000] {spark_submit.py:641} INFO - ---------------- MENAMPILKAN DATASET ----------------
[2025-02-15T23:34:18.213+0000] {spark_submit.py:641} INFO - +-----------+-----------------+---------+---------------+------+-------------------+---------------+---+--------------------+-----------------+---------------------+----------+------------------+
[2025-02-15T23:34:18.215+0000] {spark_submit.py:641} INFO - |employee_id|       department|   region|      education|gender|recruitment_channel|no_of_trainings|age|previous_year_rating|length_of_service|KPIs_met_more_than_80|awards_won|avg_training_score|
[2025-02-15T23:34:18.217+0000] {spark_submit.py:641} INFO - +-----------+-----------------+---------+---------------+------+-------------------+---------------+---+--------------------+-----------------+---------------------+----------+------------------+
[2025-02-15T23:34:18.218+0000] {spark_submit.py:641} INFO - |       8724|       Technology|region_26|      Bachelors|     m|           sourcing|              1| 24|                null|                1|                    1|         0|                77|
[2025-02-15T23:34:18.220+0000] {spark_submit.py:641} INFO - |      74430|               HR| region_4|      Bachelors|     f|              other|              1| 31|                   3|                5|                    0|         0|                51|
[2025-02-15T23:34:18.221+0000] {spark_submit.py:641} INFO - |      72255|Sales & Marketing|region_13|      Bachelors|     m|              other|              1| 31|                   1|                4|                    0|         0|                47|
[2025-02-15T23:34:18.222+0000] {spark_submit.py:641} INFO - |      38562|      Procurement| region_2|      Bachelors|     f|              other|              3| 31|                   2|                9|                    0|         0|                65|
[2025-02-15T23:34:18.224+0000] {spark_submit.py:641} INFO - |      64486|          Finance|region_29|      Bachelors|     m|           sourcing|              1| 30|                   4|                7|                    0|         0|                61|
[2025-02-15T23:34:18.225+0000] {spark_submit.py:641} INFO - |      46232|      Procurement| region_7|      Bachelors|     m|           sourcing|              1| 36|                   3|                2|                    0|         0|                68|
[2025-02-15T23:34:18.226+0000] {spark_submit.py:641} INFO - |      54542|          Finance| region_2|      Bachelors|     m|              other|              1| 33|                   5|                3|                    1|         0|                57|
[2025-02-15T23:34:18.229+0000] {spark_submit.py:641} INFO - |      67269|        Analytics|region_22|      Bachelors|     m|           sourcing|              2| 36|                   3|                3|                    0|         0|                85|
[2025-02-15T23:34:18.231+0000] {spark_submit.py:641} INFO - |      66174|       Technology| region_7|Masters & above|     m|              other|              1| 51|                   4|               11|                    0|         0|                75|
[2025-02-15T23:34:18.235+0000] {spark_submit.py:641} INFO - |      76303|       Technology|region_22|      Bachelors|     m|           sourcing|              1| 29|                   5|                2|                    1|         0|                76|
[2025-02-15T23:34:18.238+0000] {spark_submit.py:641} INFO - +-----------+-----------------+---------+---------------+------+-------------------+---------------+---+--------------------+-----------------+---------------------+----------+------------------+
[2025-02-15T23:34:18.240+0000] {spark_submit.py:641} INFO - only showing top 10 rows
[2025-02-15T23:34:18.241+0000] {spark_submit.py:641} INFO - 
[2025-02-15T23:34:18.242+0000] {spark_submit.py:641} INFO - ---------------- MENAMPILKAN TIPE DATA AWAL ----------------
[2025-02-15T23:34:18.244+0000] {spark_submit.py:641} INFO - root
[2025-02-15T23:34:18.246+0000] {spark_submit.py:641} INFO - |-- employee_id: string (nullable = true)
[2025-02-15T23:34:18.247+0000] {spark_submit.py:641} INFO - |-- department: string (nullable = true)
[2025-02-15T23:34:18.249+0000] {spark_submit.py:641} INFO - |-- region: string (nullable = true)
[2025-02-15T23:34:18.250+0000] {spark_submit.py:641} INFO - |-- education: string (nullable = true)
[2025-02-15T23:34:18.252+0000] {spark_submit.py:641} INFO - |-- gender: string (nullable = true)
[2025-02-15T23:34:18.253+0000] {spark_submit.py:641} INFO - |-- recruitment_channel: string (nullable = true)
[2025-02-15T23:34:18.254+0000] {spark_submit.py:641} INFO - |-- no_of_trainings: string (nullable = true)
[2025-02-15T23:34:18.255+0000] {spark_submit.py:641} INFO - |-- age: string (nullable = true)
[2025-02-15T23:34:18.256+0000] {spark_submit.py:641} INFO - |-- previous_year_rating: string (nullable = true)
[2025-02-15T23:34:18.258+0000] {spark_submit.py:641} INFO - |-- length_of_service: string (nullable = true)
[2025-02-15T23:34:18.259+0000] {spark_submit.py:641} INFO - |-- KPIs_met_more_than_80: string (nullable = true)
[2025-02-15T23:34:18.260+0000] {spark_submit.py:641} INFO - |-- awards_won: string (nullable = true)
[2025-02-15T23:34:18.262+0000] {spark_submit.py:641} INFO - |-- avg_training_score: string (nullable = true)
[2025-02-15T23:34:18.264+0000] {spark_submit.py:641} INFO - 
[2025-02-15T23:34:18.419+0000] {spark_submit.py:641} INFO - ---------------- MENAMPILKAN TIPE DATA HASIL TRANSFORMASI ----------------
[2025-02-15T23:34:18.421+0000] {spark_submit.py:641} INFO - root
[2025-02-15T23:34:18.422+0000] {spark_submit.py:641} INFO - |-- employee_id: string (nullable = true)
[2025-02-15T23:34:18.424+0000] {spark_submit.py:641} INFO - |-- department: string (nullable = true)
[2025-02-15T23:34:18.425+0000] {spark_submit.py:641} INFO - |-- region: string (nullable = true)
[2025-02-15T23:34:18.427+0000] {spark_submit.py:641} INFO - |-- education: string (nullable = true)
[2025-02-15T23:34:18.429+0000] {spark_submit.py:641} INFO - |-- gender: string (nullable = true)
[2025-02-15T23:34:18.433+0000] {spark_submit.py:641} INFO - |-- recruitment_channel: string (nullable = true)
[2025-02-15T23:34:18.436+0000] {spark_submit.py:641} INFO - |-- no_of_trainings: integer (nullable = true)
[2025-02-15T23:34:18.437+0000] {spark_submit.py:641} INFO - |-- age: integer (nullable = true)
[2025-02-15T23:34:18.439+0000] {spark_submit.py:641} INFO - |-- previous_year_rating: integer (nullable = true)
[2025-02-15T23:34:18.441+0000] {spark_submit.py:641} INFO - |-- length_of_service: integer (nullable = true)
[2025-02-15T23:34:18.442+0000] {spark_submit.py:641} INFO - |-- KPIs_met_more_than_80: integer (nullable = true)
[2025-02-15T23:34:18.446+0000] {spark_submit.py:641} INFO - |-- awards_won: integer (nullable = true)
[2025-02-15T23:34:18.448+0000] {spark_submit.py:641} INFO - |-- avg_training_score: integer (nullable = true)
[2025-02-15T23:34:18.449+0000] {spark_submit.py:641} INFO - 
[2025-02-15T23:34:18.450+0000] {spark_submit.py:641} INFO - ---------------- MENAMPILKAN BANYAK DATA NULL DI SETIAP KOLOM ----------------
[2025-02-15T23:34:20.868+0000] {spark_submit.py:641} INFO - +----------------+---------------+-----------+--------------+-----------+------------------------+--------------------+--------+-------------------------+----------------------+--------------------------+---------------+-----------------------+
[2025-02-15T23:34:20.870+0000] {spark_submit.py:641} INFO - |employee_id_null|department_null|region_null|education_null|gender_null|recruitment_channel_null|no_of_trainings_null|age_null|previous_year_rating_null|length_of_service_null|KPIs_met_more_than_80_null|awards_won_null|avg_training_score_nuli|
[2025-02-15T23:34:20.872+0000] {spark_submit.py:641} INFO - +----------------+---------------+-----------+--------------+-----------+------------------------+--------------------+--------+-------------------------+----------------------+--------------------------+---------------+-----------------------+
[2025-02-15T23:34:20.874+0000] {spark_submit.py:641} INFO - |               0|              0|          0|           771|          0|                       0|                   0|       0|                     1363|                     0|                         0|              0|                      0|
[2025-02-15T23:34:20.876+0000] {spark_submit.py:641} INFO - +----------------+---------------+-----------+--------------+-----------+------------------------+--------------------+--------+-------------------------+----------------------+--------------------------+---------------+-----------------------+
[2025-02-15T23:34:20.879+0000] {spark_submit.py:641} INFO - 
[2025-02-15T23:34:20.882+0000] {spark_submit.py:641} INFO - ---------------- NULL HANDLING PADA KOLOM EDUCATION & PREVIOUS_YEAR_RATING ----------------
[2025-02-15T23:34:21.295+0000] {spark_submit.py:641} INFO - +--------------+-------------------------+
[2025-02-15T23:34:21.297+0000] {spark_submit.py:641} INFO - |education_null|previous_year_rating_null|
[2025-02-15T23:34:21.299+0000] {spark_submit.py:641} INFO - +--------------+-------------------------+
[2025-02-15T23:34:21.300+0000] {spark_submit.py:641} INFO - |             0|                        0|
[2025-02-15T23:34:21.302+0000] {spark_submit.py:641} INFO - +--------------+-------------------------+
[2025-02-15T23:34:21.304+0000] {spark_submit.py:641} INFO - 
[2025-02-15T23:34:21.306+0000] {spark_submit.py:641} INFO - ---------------- MENAMPILKAN BANYAK DATA DUPLIKAT BERDASARKAN EMPLOYEE_ID ----------------
[2025-02-15T23:34:23.389+0000] {spark_submit.py:641} INFO - +-----------+------+
[2025-02-15T23:34:23.392+0000] {spark_submit.py:641} INFO - |employee_id|jumlah|
[2025-02-15T23:34:23.394+0000] {spark_submit.py:641} INFO - +-----------+------+
[2025-02-15T23:34:23.395+0000] {spark_submit.py:641} INFO - |      64573|     2|
[2025-02-15T23:34:23.399+0000] {spark_submit.py:641} INFO - |      49584|     3|
[2025-02-15T23:34:23.403+0000] {spark_submit.py:641} INFO - +-----------+------+
[2025-02-15T23:34:23.405+0000] {spark_submit.py:641} INFO - 
[2025-02-15T23:34:23.408+0000] {spark_submit.py:641} INFO - ---------------- MENAMPILKAN SEMUA BARIS DAN KOLOM DARI EMPLOYEE ID YANG DUPLIKAT ----------------
[2025-02-15T23:34:24.453+0000] {spark_submit.py:641} INFO - +-----------+----------+--------+---------+------+-------------------+---------------+---+--------------------+-----------------+---------------------+----------+------------------+
[2025-02-15T23:34:24.455+0000] {spark_submit.py:641} INFO - |employee_id|department|  region|education|gender|recruitment_channel|no_of_trainings|age|previous_year_rating|length_of_service|KPIs_met_more_than_80|awards_won|avg_training_score|
[2025-02-15T23:34:24.457+0000] {spark_submit.py:641} INFO - +-----------+----------+--------+---------+------+-------------------+---------------+---+--------------------+-----------------+---------------------+----------+------------------+
[2025-02-15T23:34:24.458+0000] {spark_submit.py:641} INFO - |      49584|        HR|region_7|Bachelors|     m|              other|              1| 33|                   1|                9|                    0|         0|                51|
[2025-02-15T23:34:24.460+0000] {spark_submit.py:641} INFO - |      49584|        HR|region_7|Bachelors|     m|              other|              1| 33|                   1|                9|                    0|         0|                51|
[2025-02-15T23:34:24.461+0000] {spark_submit.py:641} INFO - |      49584|        HR|region_7|Bachelors|     m|              other|              1| 33|                   1|                9|                    0|         0|                51|
[2025-02-15T23:34:24.463+0000] {spark_submit.py:641} INFO - |      64573|Technology|region_7|Bachelors|     f|           referred|              2| 30|                   5|                6|                    1|         0|                81|
[2025-02-15T23:34:24.464+0000] {spark_submit.py:641} INFO - |      64573|        HR|region_7|Bachelors|     f|           referred|              1| 35|                   5|                4|                    1|         0|                81|
[2025-02-15T23:34:24.466+0000] {spark_submit.py:641} INFO - +-----------+----------+--------+---------+------+-------------------+---------------+---+--------------------+-----------------+---------------------+----------+------------------+
[2025-02-15T23:34:24.468+0000] {spark_submit.py:641} INFO - 
[2025-02-15T23:34:24.471+0000] {spark_submit.py:641} INFO - ---------------- MENAMPILKAN HASIL DARI DATA DUPLIKASI YANG TELAH DIHANDLE BERDASARKAN KOLOM EMPLOYEE_ID DAN DEPARTMENT ----------------
[2025-02-15T23:34:25.781+0000] {spark_submit.py:641} INFO - +-----------+----------+--------+---------+------+-------------------+---------------+---+--------------------+-----------------+---------------------+----------+------------------+
[2025-02-15T23:34:25.784+0000] {spark_submit.py:641} INFO - |employee_id|department|  region|education|gender|recruitment_channel|no_of_trainings|age|previous_year_rating|length_of_service|KPIs_met_more_than_80|awards_won|avg_training_score|
[2025-02-15T23:34:25.790+0000] {spark_submit.py:641} INFO - +-----------+----------+--------+---------+------+-------------------+---------------+---+--------------------+-----------------+---------------------+----------+------------------+
[2025-02-15T23:34:25.792+0000] {spark_submit.py:641} INFO - |      49584|        HR|region_7|Bachelors|     m|              other|              1| 33|                   1|                9|                    0|         0|                51|
[2025-02-15T23:34:25.794+0000] {spark_submit.py:641} INFO - |      64573|        HR|region_7|Bachelors|     f|           referred|              1| 35|                   5|                4|                    1|         0|                81|
[2025-02-15T23:34:25.802+0000] {spark_submit.py:641} INFO - |      64573|Technology|region_7|Bachelors|     f|           referred|              2| 30|                   5|                6|                    1|         0|                81|
[2025-02-15T23:34:25.804+0000] {spark_submit.py:641} INFO - +-----------+----------+--------+---------+------+-------------------+---------------+---+--------------------+-----------------+---------------------+----------+------------------+
[2025-02-15T23:34:25.806+0000] {spark_submit.py:641} INFO - 
[2025-02-15T23:34:28.590+0000] {spark_submit.py:641} INFO - ---------------- MENAMPILKAN DATA HASIL TRANSFORMASI YANG SUDAH DILOAD KE POSTGRES ----------------
[2025-02-15T23:34:28.777+0000] {spark_submit.py:641} INFO - +-----------+-----------------+---------+---------------+------+-------------------+---------------+---+--------------------+-----------------+---------------------+----------+------------------+
[2025-02-15T23:34:28.783+0000] {spark_submit.py:641} INFO - |employee_id|       department|   region|      education|gender|recruitment_channel|no_of_trainings|age|previous_year_rating|length_of_service|KPIs_met_more_than_80|awards_won|avg_training_score|
[2025-02-15T23:34:28.786+0000] {spark_submit.py:641} INFO - +-----------+-----------------+---------+---------------+------+-------------------+---------------+---+--------------------+-----------------+---------------------+----------+------------------+
[2025-02-15T23:34:28.789+0000] {spark_submit.py:641} INFO - |      10009|Sales & Marketing| region_2|        unknown|     m|           sourcing|              2| 21|                   0|                1|                    0|         0|                52|
[2025-02-15T23:34:28.791+0000] {spark_submit.py:641} INFO - |       1001|            Legal| region_2|      Bachelors|     m|              other|              1| 31|                   0|                1|                    0|         0|                58|
[2025-02-15T23:34:28.796+0000] {spark_submit.py:641} INFO - |      10012|            Legal|region_22|      Bachelors|     m|           sourcing|              1| 28|                   5|                4|                    1|         0|                60|
[2025-02-15T23:34:28.799+0000] {spark_submit.py:641} INFO - |      10019|Sales & Marketing|region_18|      Bachelors|     m|           sourcing|              1| 28|                   0|                1|                    0|         0|                44|
[2025-02-15T23:34:28.801+0000] {spark_submit.py:641} INFO - |      10021|Sales & Marketing|region_15|      Bachelors|     f|           sourcing|              1| 41|                   1|                7|                    1|         0|                47|
[2025-02-15T23:34:28.803+0000] {spark_submit.py:641} INFO - |      10024|       Technology| region_2|Below Secondary|     f|              other|              1| 22|                   0|                1|                    1|         0|                82|
[2025-02-15T23:34:28.804+0000] {spark_submit.py:641} INFO - |       1003|               HR| region_2|Masters & above|     m|              other|              1| 39|                   4|                8|                    0|         0|                49|
[2025-02-15T23:34:28.805+0000] {spark_submit.py:641} INFO - |      10034|               HR| region_2|      Bachelors|     f|           referred|              1| 25|                   0|                1|                    1|         0|                55|
[2025-02-15T23:34:28.807+0000] {spark_submit.py:641} INFO - |      10035|       Operations| region_2|Masters & above|     m|           sourcing|              2| 44|                   5|                7|                    1|         0|                61|
[2025-02-15T23:34:28.809+0000] {spark_submit.py:641} INFO - |      10036|       Technology|region_26|Masters & above|     m|              other|              1| 40|                   5|                4|                    1|         0|                78|
[2025-02-15T23:34:28.811+0000] {spark_submit.py:641} INFO - |      10038|      Procurement|region_29|      Bachelors|     f|              other|              1| 31|                   4|                3|                    0|         0|                71|
[2025-02-15T23:34:28.812+0000] {spark_submit.py:641} INFO - |      10043|       Operations|region_13|Masters & above|     m|              other|              1| 52|                   5|               17|                    0|         0|                70|
[2025-02-15T23:34:28.817+0000] {spark_submit.py:641} INFO - |      10048|       Operations| region_2|Masters & above|     f|           sourcing|              1| 38|                   5|                4|                    1|         0|                58|
[2025-02-15T23:34:28.819+0000] {spark_submit.py:641} INFO - |      10050|            Legal| region_2|      Bachelors|     m|           sourcing|              1| 46|                   5|                6|                    0|         0|                61|
[2025-02-15T23:34:28.821+0000] {spark_submit.py:641} INFO - |      10055|Sales & Marketing| region_2|        unknown|     m|              other|              1| 27|                   1|                4|                    0|         0|                49|
[2025-02-15T23:34:28.823+0000] {spark_submit.py:641} INFO - |      10059|        Analytics|region_34|      Bachelors|     m|           sourcing|              3| 27|                   3|                2|                    0|         0|                83|
[2025-02-15T23:34:28.825+0000] {spark_submit.py:641} INFO - |      10076|Sales & Marketing| region_2|      Bachelors|     f|           sourcing|              1| 27|                   1|                3|                    0|         0|                44|
[2025-02-15T23:34:28.827+0000] {spark_submit.py:641} INFO - |      10077|Sales & Marketing|region_22|      Bachelors|     m|           sourcing|              2| 31|                   2|                3|                    0|         0|                46|
[2025-02-15T23:34:28.828+0000] {spark_submit.py:641} INFO - |      10088|               HR| region_2|      Bachelors|     m|           sourcing|              1| 35|                   1|                3|                    1|         0|                48|
[2025-02-15T23:34:28.830+0000] {spark_submit.py:641} INFO - |       1009|       Operations| region_4|Masters & above|     m|           sourcing|              1| 48|                   3|               16|                    0|         0|                61|
[2025-02-15T23:34:28.831+0000] {spark_submit.py:641} INFO - +-----------+-----------------+---------+---------------+------+-------------------+---------------+---+--------------------+-----------------+---------------------+----------+------------------+
[2025-02-15T23:34:28.832+0000] {spark_submit.py:641} INFO - only showing top 20 rows
[2025-02-15T23:34:28.833+0000] {spark_submit.py:641} INFO - 
[2025-02-15T23:34:29.200+0000] {taskinstance.py:340} INFO - ::group::Post task execution logs
[2025-02-15T23:34:29.206+0000] {taskinstance.py:352} INFO - Marking task as SUCCESS. dag_id=***_etl_dag, task_id=etl_task, run_id=manual__2025-02-15T23:33:40.828259+00:00, execution_date=20250215T233340, start_date=20250215T233343, end_date=20250215T233429
[2025-02-15T23:34:29.322+0000] {local_task_job_runner.py:266} INFO - Task exited with return code 0
[2025-02-15T23:34:29.376+0000] {taskinstance.py:3895} INFO - 0 downstream tasks scheduled from follow-on schedule check
[2025-02-15T23:34:29.382+0000] {local_task_job_runner.py:245} INFO - ::endgroup::
