[2025-02-21T19:30:54.710+0000] {local_task_job_runner.py:123} INFO - ::group::Pre task execution logs
[2025-02-21T19:30:54.757+0000] {taskinstance.py:2614} INFO - Dependencies all met for dep_context=non-requeueable deps ti=<TaskInstance: finprode8_v2_etl_dag.extract_task manual__2025-02-21T19:30:52.141877+00:00 [queued]>
[2025-02-21T19:30:54.777+0000] {taskinstance.py:2614} INFO - Dependencies all met for dep_context=requeueable deps ti=<TaskInstance: finprode8_v2_etl_dag.extract_task manual__2025-02-21T19:30:52.141877+00:00 [queued]>
[2025-02-21T19:30:54.778+0000] {taskinstance.py:2867} INFO - Starting attempt 1 of 1
[2025-02-21T19:30:54.807+0000] {taskinstance.py:2890} INFO - Executing <Task(SparkSubmitOperator): extract_task> on 2025-02-21 19:30:52.141877+00:00
[2025-02-21T19:30:54.823+0000] {standard_task_runner.py:72} INFO - Started process 2111 to run task
[2025-02-21T19:30:54.832+0000] {standard_task_runner.py:104} INFO - Running: ['airflow', 'tasks', 'run', '***_v2_etl_dag', 'extract_task', 'manual__2025-02-21T19:30:52.141877+00:00', '--job-id', '52', '--raw', '--subdir', 'DAGS_FOLDER/***_v2_etl_dag.py', '--cfg-path', '/tmp/tmp3clyetsu']
[2025-02-21T19:30:54.836+0000] {standard_task_runner.py:105} INFO - Job 52: Subtask extract_task
[2025-02-21T19:30:54.869+0000] {logging_mixin.py:190} WARNING - /home/airflow/.local/lib/python3.9/site-packages/airflow/settings.py:209 DeprecationWarning: The sql_alchemy_conn option in [core] has been moved to the sql_alchemy_conn option in [database] - the old setting has been used, but please update your config.
[2025-02-21T19:30:54.920+0000] {task_command.py:467} INFO - Running <TaskInstance: finprode8_v2_etl_dag.extract_task manual__2025-02-21T19:30:52.141877+00:00 [running]> on host ***-airflow-scheduler
[2025-02-21T19:30:55.048+0000] {taskinstance.py:3134} INFO - Exporting env vars: AIRFLOW_CTX_DAG_OWNER='ratih malini' AIRFLOW_CTX_DAG_ID='***_v2_etl_dag' AIRFLOW_CTX_TASK_ID='extract_task' AIRFLOW_CTX_EXECUTION_DATE='2025-02-21T19:30:52.141877+00:00' AIRFLOW_CTX_TRY_NUMBER='1' AIRFLOW_CTX_DAG_RUN_ID='manual__2025-02-21T19:30:52.141877+00:00'
[2025-02-21T19:30:55.051+0000] {taskinstance.py:732} INFO - ::endgroup::
[2025-02-21T19:30:55.104+0000] {base.py:84} INFO - Retrieving connection 'spark_main'
[2025-02-21T19:30:55.108+0000] {spark_submit.py:474} INFO - Spark-Submit cmd: spark-submit --master spark://***-spark-master:7077 --name arrow-spark /spark-scripts/***_v2_extract.py
[2025-02-21T19:30:58.730+0000] {spark_submit.py:641} INFO - 25/02/21 19:30:58 INFO SparkContext: Running Spark version 3.3.2
[2025-02-21T19:30:58.941+0000] {spark_submit.py:641} INFO - 25/02/21 19:30:58 WARN NativeCodeLoader: Unable to load native-hadoop library for your platform... using builtin-java classes where applicable
[2025-02-21T19:30:59.219+0000] {spark_submit.py:641} INFO - 25/02/21 19:30:59 INFO ResourceUtils: ==============================================================
[2025-02-21T19:30:59.224+0000] {spark_submit.py:641} INFO - 25/02/21 19:30:59 INFO ResourceUtils: No custom resources configured for spark.driver.
[2025-02-21T19:30:59.226+0000] {spark_submit.py:641} INFO - 25/02/21 19:30:59 INFO ResourceUtils: ==============================================================
[2025-02-21T19:30:59.227+0000] {spark_submit.py:641} INFO - 25/02/21 19:30:59 INFO SparkContext: Submitted application: ***_extract
[2025-02-21T19:30:59.256+0000] {spark_submit.py:641} INFO - 25/02/21 19:30:59 INFO ResourceProfile: Default ResourceProfile created, executor resources: Map(cores -> name: cores, amount: 1, script: , vendor: , memory -> name: memory, amount: 1024, script: , vendor: , offHeap -> name: offHeap, amount: 0, script: , vendor: ), task resources: Map(cpus -> name: cpus, amount: 1.0)
[2025-02-21T19:30:59.268+0000] {spark_submit.py:641} INFO - 25/02/21 19:30:59 INFO ResourceProfile: Limiting resource is cpu
[2025-02-21T19:30:59.270+0000] {spark_submit.py:641} INFO - 25/02/21 19:30:59 INFO ResourceProfileManager: Added ResourceProfile id: 0
[2025-02-21T19:30:59.334+0000] {spark_submit.py:641} INFO - 25/02/21 19:30:59 INFO SecurityManager: Changing view acls to: airflow
[2025-02-21T19:30:59.336+0000] {spark_submit.py:641} INFO - 25/02/21 19:30:59 INFO SecurityManager: Changing modify acls to: airflow
[2025-02-21T19:30:59.337+0000] {spark_submit.py:641} INFO - 25/02/21 19:30:59 INFO SecurityManager: Changing view acls groups to:
[2025-02-21T19:30:59.338+0000] {spark_submit.py:641} INFO - 25/02/21 19:30:59 INFO SecurityManager: Changing modify acls groups to:
[2025-02-21T19:30:59.342+0000] {spark_submit.py:641} INFO - 25/02/21 19:30:59 INFO SecurityManager: SecurityManager: authentication disabled; ui acls disabled; users  with view permissions: Set(airflow); groups with view permissions: Set(); users  with modify permissions: Set(airflow); groups with modify permissions: Set()
[2025-02-21T19:30:59.645+0000] {spark_submit.py:641} INFO - 25/02/21 19:30:59 INFO Utils: Successfully started service 'sparkDriver' on port 41589.
[2025-02-21T19:30:59.690+0000] {spark_submit.py:641} INFO - 25/02/21 19:30:59 INFO SparkEnv: Registering MapOutputTracker
[2025-02-21T19:30:59.747+0000] {spark_submit.py:641} INFO - 25/02/21 19:30:59 INFO SparkEnv: Registering BlockManagerMaster
[2025-02-21T19:30:59.777+0000] {spark_submit.py:641} INFO - 25/02/21 19:30:59 INFO BlockManagerMasterEndpoint: Using org.apache.spark.storage.DefaultTopologyMapper for getting topology information
[2025-02-21T19:30:59.778+0000] {spark_submit.py:641} INFO - 25/02/21 19:30:59 INFO BlockManagerMasterEndpoint: BlockManagerMasterEndpoint up
[2025-02-21T19:30:59.785+0000] {spark_submit.py:641} INFO - 25/02/21 19:30:59 INFO SparkEnv: Registering BlockManagerMasterHeartbeat
[2025-02-21T19:30:59.821+0000] {spark_submit.py:641} INFO - 25/02/21 19:30:59 INFO DiskBlockManager: Created local directory at /tmp/blockmgr-8495fefb-a141-4864-a265-6d5ec9847caa
[2025-02-21T19:30:59.847+0000] {spark_submit.py:641} INFO - 25/02/21 19:30:59 INFO MemoryStore: MemoryStore started with capacity 434.4 MiB
[2025-02-21T19:30:59.874+0000] {spark_submit.py:641} INFO - 25/02/21 19:30:59 INFO SparkEnv: Registering OutputCommitCoordinator
[2025-02-21T19:31:00.149+0000] {spark_submit.py:641} INFO - 25/02/21 19:31:00 INFO Utils: Successfully started service 'SparkUI' on port 4040.
[2025-02-21T19:31:00.280+0000] {spark_submit.py:641} INFO - 25/02/21 19:31:00 INFO Executor: Starting executor ID driver on host ***-airflow-scheduler
[2025-02-21T19:31:00.305+0000] {spark_submit.py:641} INFO - 25/02/21 19:31:00 INFO Executor: Starting executor with user classpath (userClassPathFirst = false): ''
[2025-02-21T19:31:00.326+0000] {spark_submit.py:641} INFO - 25/02/21 19:31:00 INFO Utils: Successfully started service 'org.apache.spark.network.netty.NettyBlockTransferService' on port 32795.
[2025-02-21T19:31:00.328+0000] {spark_submit.py:641} INFO - 25/02/21 19:31:00 INFO NettyBlockTransferService: Server created on ***-airflow-scheduler:32795
[2025-02-21T19:31:00.330+0000] {spark_submit.py:641} INFO - 25/02/21 19:31:00 INFO BlockManager: Using org.apache.spark.storage.RandomBlockReplicationPolicy for block replication policy
[2025-02-21T19:31:00.338+0000] {spark_submit.py:641} INFO - 25/02/21 19:31:00 INFO BlockManagerMaster: Registering BlockManager BlockManagerId(driver, ***-airflow-scheduler, 32795, None)
[2025-02-21T19:31:00.344+0000] {spark_submit.py:641} INFO - 25/02/21 19:31:00 INFO BlockManagerMasterEndpoint: Registering block manager ***-airflow-scheduler:32795 with 434.4 MiB RAM, BlockManagerId(driver, ***-airflow-scheduler, 32795, None)
[2025-02-21T19:31:00.346+0000] {spark_submit.py:641} INFO - 25/02/21 19:31:00 INFO BlockManagerMaster: Registered BlockManager BlockManagerId(driver, ***-airflow-scheduler, 32795, None)
[2025-02-21T19:31:00.349+0000] {spark_submit.py:641} INFO - 25/02/21 19:31:00 INFO BlockManager: Initialized BlockManager: BlockManagerId(driver, ***-airflow-scheduler, 32795, None)
[2025-02-21T19:31:13.468+0000] {spark_submit.py:641} INFO - ---------------- MENAMPILKAN DATA HASIL EXTRACT ----------------
[2025-02-21T19:31:13.692+0000] {spark_submit.py:641} INFO - +-----------+-----------------+---------+---------+------+-------------------+---------------+---+--------------------+-----------------+---------------------+----------+------------------+
[2025-02-21T19:31:13.694+0000] {spark_submit.py:641} INFO - |employee_id|       department|   region|education|gender|recruitment_channel|no_of_trainings|age|previous_year_rating|length_of_service|KPIs_met_more_than_80|awards_won|avg_training_score|
[2025-02-21T19:31:13.695+0000] {spark_submit.py:641} INFO - +-----------+-----------------+---------+---------+------+-------------------+---------------+---+--------------------+-----------------+---------------------+----------+------------------+
[2025-02-21T19:31:13.696+0000] {spark_submit.py:641} INFO - |       8724|       Technology|region_26|Bachelors|     m|           sourcing|              1| 24|                null|                1|                    1|         0|                77|
[2025-02-21T19:31:13.697+0000] {spark_submit.py:641} INFO - |      74430|               HR| region_4|Bachelors|     f|              other|              1| 31|                   3|                5|                    0|         0|                51|
[2025-02-21T19:31:13.698+0000] {spark_submit.py:641} INFO - |      72255|Sales & Marketing|region_13|Bachelors|     m|              other|              1| 31|                   1|                4|                    0|         0|                47|
[2025-02-21T19:31:13.699+0000] {spark_submit.py:641} INFO - |      38562|      Procurement| region_2|Bachelors|     f|              other|              3| 31|                   2|                9|                    0|         0|                65|
[2025-02-21T19:31:13.699+0000] {spark_submit.py:641} INFO - |      64486|          Finance|region_29|Bachelors|     m|           sourcing|              1| 30|                   4|                7|                    0|         0|                61|
[2025-02-21T19:31:13.701+0000] {spark_submit.py:641} INFO - +-----------+-----------------+---------+---------+------+-------------------+---------------+---+--------------------+-----------------+---------------------+----------+------------------+
[2025-02-21T19:31:13.702+0000] {spark_submit.py:641} INFO - only showing top 5 rows
[2025-02-21T19:31:13.703+0000] {spark_submit.py:641} INFO - 
[2025-02-21T19:31:13.704+0000] {spark_submit.py:641} INFO - root
[2025-02-21T19:31:13.705+0000] {spark_submit.py:641} INFO - |-- employee_id: integer (nullable = true)
[2025-02-21T19:31:13.706+0000] {spark_submit.py:641} INFO - |-- department: string (nullable = true)
[2025-02-21T19:31:13.707+0000] {spark_submit.py:641} INFO - |-- region: string (nullable = true)
[2025-02-21T19:31:13.708+0000] {spark_submit.py:641} INFO - |-- education: string (nullable = true)
[2025-02-21T19:31:13.709+0000] {spark_submit.py:641} INFO - |-- gender: string (nullable = true)
[2025-02-21T19:31:13.710+0000] {spark_submit.py:641} INFO - |-- recruitment_channel: string (nullable = true)
[2025-02-21T19:31:13.711+0000] {spark_submit.py:641} INFO - |-- no_of_trainings: integer (nullable = true)
[2025-02-21T19:31:13.712+0000] {spark_submit.py:641} INFO - |-- age: integer (nullable = true)
[2025-02-21T19:31:13.713+0000] {spark_submit.py:641} INFO - |-- previous_year_rating: integer (nullable = true)
[2025-02-21T19:31:13.714+0000] {spark_submit.py:641} INFO - |-- length_of_service: integer (nullable = true)
[2025-02-21T19:31:13.715+0000] {spark_submit.py:641} INFO - |-- KPIs_met_more_than_80: integer (nullable = true)
[2025-02-21T19:31:13.716+0000] {spark_submit.py:641} INFO - |-- awards_won: integer (nullable = true)
[2025-02-21T19:31:13.717+0000] {spark_submit.py:641} INFO - |-- avg_training_score: integer (nullable = true)
[2025-02-21T19:31:13.719+0000] {spark_submit.py:641} INFO - 
[2025-02-21T19:31:14.322+0000] {spark_submit.py:641} INFO - Jumlah baris dalam DataFrame : 17417
[2025-02-21T19:31:14.324+0000] {spark_submit.py:641} INFO - Isi folder data/extracted.parquet :
[2025-02-21T19:31:14.325+0000] {spark_submit.py:641} INFO - ['.part-00000-db4d2436-a566-4bd5-9b9e-85a5bea2ee25-c000.snappy.parquet.crc', '_SUCCESS', 'part-00000-db4d2436-a566-4bd5-9b9e-85a5bea2ee25-c000.snappy.parquet', '._SUCCESS.crc']
[2025-02-21T19:31:14.326+0000] {spark_submit.py:641} INFO - Extract data berhasil.
[2025-02-21T19:31:14.821+0000] {taskinstance.py:341} INFO - ::group::Post task execution logs
[2025-02-21T19:31:14.823+0000] {taskinstance.py:353} INFO - Marking task as SUCCESS. dag_id=***_v2_etl_dag, task_id=extract_task, run_id=manual__2025-02-21T19:30:52.141877+00:00, execution_date=20250221T193052, start_date=20250221T193054, end_date=20250221T193114
[2025-02-21T19:31:14.893+0000] {local_task_job_runner.py:266} INFO - Task exited with return code 0
[2025-02-21T19:31:14.941+0000] {taskinstance.py:3901} INFO - 1 downstream tasks scheduled from follow-on schedule check
[2025-02-21T19:31:14.945+0000] {local_task_job_runner.py:245} INFO - ::endgroup::
