[2025-02-21T07:36:35.753+0000] {local_task_job_runner.py:123} INFO - ::group::Pre task execution logs
[2025-02-21T07:36:35.805+0000] {taskinstance.py:2614} INFO - Dependencies all met for dep_context=non-requeueable deps ti=<TaskInstance: finprode8_v2_etl_dag.transform_task manual__2025-02-21T07:31:04.105699+00:00 [queued]>
[2025-02-21T07:36:35.827+0000] {taskinstance.py:2614} INFO - Dependencies all met for dep_context=requeueable deps ti=<TaskInstance: finprode8_v2_etl_dag.transform_task manual__2025-02-21T07:31:04.105699+00:00 [queued]>
[2025-02-21T07:36:35.829+0000] {taskinstance.py:2867} INFO - Starting attempt 2 of 2
[2025-02-21T07:36:35.867+0000] {taskinstance.py:2890} INFO - Executing <Task(SparkSubmitOperator): transform_task> on 2025-02-21 07:31:04.105699+00:00
[2025-02-21T07:36:35.875+0000] {standard_task_runner.py:72} INFO - Started process 1204 to run task
[2025-02-21T07:36:35.879+0000] {standard_task_runner.py:104} INFO - Running: ['airflow', 'tasks', 'run', '***_v2_etl_dag', 'transform_task', 'manual__2025-02-21T07:31:04.105699+00:00', '--job-id', '104', '--raw', '--subdir', 'DAGS_FOLDER/***_v2_etl_dag.py', '--cfg-path', '/tmp/tmpohbtotd5']
[2025-02-21T07:36:35.886+0000] {standard_task_runner.py:105} INFO - Job 104: Subtask transform_task
[2025-02-21T07:36:35.912+0000] {logging_mixin.py:190} WARNING - /home/airflow/.local/lib/python3.9/site-packages/airflow/settings.py:209 DeprecationWarning: The sql_alchemy_conn option in [core] has been moved to the sql_alchemy_conn option in [database] - the old setting has been used, but please update your config.
[2025-02-21T07:36:35.969+0000] {task_command.py:467} INFO - Running <TaskInstance: finprode8_v2_etl_dag.transform_task manual__2025-02-21T07:31:04.105699+00:00 [running]> on host ***-airflow-scheduler
[2025-02-21T07:36:36.113+0000] {taskinstance.py:3134} INFO - Exporting env vars: AIRFLOW_CTX_DAG_OWNER='ratih malini' AIRFLOW_CTX_DAG_ID='***_v2_etl_dag' AIRFLOW_CTX_TASK_ID='transform_task' AIRFLOW_CTX_EXECUTION_DATE='2025-02-21T07:31:04.105699+00:00' AIRFLOW_CTX_TRY_NUMBER='2' AIRFLOW_CTX_DAG_RUN_ID='manual__2025-02-21T07:31:04.105699+00:00'
[2025-02-21T07:36:36.115+0000] {taskinstance.py:732} INFO - ::endgroup::
[2025-02-21T07:36:36.154+0000] {base.py:84} INFO - Retrieving connection 'spark_main'
[2025-02-21T07:36:36.158+0000] {spark_submit.py:474} INFO - Spark-Submit cmd: spark-submit --master spark://***-spark-master:7077 --packages org.postgresql:postgresql:42.2.18 --name arrow-spark /spark-scripts/***_v2_transform.py
[2025-02-21T07:36:38.449+0000] {spark_submit.py:641} INFO - :: loading settings :: url = jar:file:/home/airflow/.local/lib/python3.9/site-packages/pyspark/jars/ivy-2.5.1.jar!/org/apache/ivy/core/settings/ivysettings.xml
[2025-02-21T07:36:38.672+0000] {spark_submit.py:641} INFO - Ivy Default Cache set to: /home/airflow/.ivy2/cache
[2025-02-21T07:36:38.675+0000] {spark_submit.py:641} INFO - The jars for the packages stored in: /home/airflow/.ivy2/jars
[2025-02-21T07:36:38.685+0000] {spark_submit.py:641} INFO - org.postgresql#postgresql added as a dependency
[2025-02-21T07:36:38.688+0000] {spark_submit.py:641} INFO - :: resolving dependencies :: org.apache.spark#spark-submit-parent-dab6b3f7-df45-4d35-86d6-9a0abb3e35ea;1.0
[2025-02-21T07:36:38.691+0000] {spark_submit.py:641} INFO - confs: [default]
[2025-02-21T07:36:38.890+0000] {spark_submit.py:641} INFO - found org.postgresql#postgresql;42.2.18 in central
[2025-02-21T07:36:38.939+0000] {spark_submit.py:641} INFO - found org.checkerframework#checker-qual;3.5.0 in central
[2025-02-21T07:36:38.971+0000] {spark_submit.py:641} INFO - :: resolution report :: resolve 272ms :: artifacts dl 10ms
[2025-02-21T07:36:38.973+0000] {spark_submit.py:641} INFO - :: modules in use:
[2025-02-21T07:36:38.975+0000] {spark_submit.py:641} INFO - org.checkerframework#checker-qual;3.5.0 from central in [default]
[2025-02-21T07:36:38.977+0000] {spark_submit.py:641} INFO - org.postgresql#postgresql;42.2.18 from central in [default]
[2025-02-21T07:36:38.978+0000] {spark_submit.py:641} INFO - ---------------------------------------------------------------------
[2025-02-21T07:36:38.980+0000] {spark_submit.py:641} INFO - |                  |            modules            ||   artifacts   |
[2025-02-21T07:36:38.982+0000] {spark_submit.py:641} INFO - |       conf       | number| search|dwnlded|evicted|| number|dwnlded|
[2025-02-21T07:36:38.984+0000] {spark_submit.py:641} INFO - ---------------------------------------------------------------------
[2025-02-21T07:36:38.985+0000] {spark_submit.py:641} INFO - |      default     |   2   |   0   |   0   |   0   ||   2   |   0   |
[2025-02-21T07:36:38.987+0000] {spark_submit.py:641} INFO - ---------------------------------------------------------------------
[2025-02-21T07:36:38.989+0000] {spark_submit.py:641} INFO - :: retrieving :: org.apache.spark#spark-submit-parent-dab6b3f7-df45-4d35-86d6-9a0abb3e35ea
[2025-02-21T07:36:38.992+0000] {spark_submit.py:641} INFO - confs: [default]
[2025-02-21T07:36:38.993+0000] {spark_submit.py:641} INFO - 0 artifacts copied, 2 already retrieved (0kB/6ms)
[2025-02-21T07:36:39.369+0000] {spark_submit.py:641} INFO - 25/02/21 07:36:39 WARN NativeCodeLoader: Unable to load native-hadoop library for your platform... using builtin-java classes where applicable
[2025-02-21T07:36:42.254+0000] {spark_submit.py:641} INFO - 25/02/21 07:36:42 INFO SparkContext: Running Spark version 3.3.2
[2025-02-21T07:36:42.303+0000] {spark_submit.py:641} INFO - 25/02/21 07:36:42 INFO ResourceUtils: ==============================================================
[2025-02-21T07:36:42.305+0000] {spark_submit.py:641} INFO - 25/02/21 07:36:42 INFO ResourceUtils: No custom resources configured for spark.driver.
[2025-02-21T07:36:42.307+0000] {spark_submit.py:641} INFO - 25/02/21 07:36:42 INFO ResourceUtils: ==============================================================
[2025-02-21T07:36:42.308+0000] {spark_submit.py:641} INFO - 25/02/21 07:36:42 INFO SparkContext: Submitted application: ***_transform
[2025-02-21T07:36:42.380+0000] {spark_submit.py:641} INFO - 25/02/21 07:36:42 INFO ResourceProfile: Default ResourceProfile created, executor resources: Map(cores -> name: cores, amount: 1, script: , vendor: , memory -> name: memory, amount: 1024, script: , vendor: , offHeap -> name: offHeap, amount: 0, script: , vendor: ), task resources: Map(cpus -> name: cpus, amount: 1.0)
[2025-02-21T07:36:42.406+0000] {spark_submit.py:641} INFO - 25/02/21 07:36:42 INFO ResourceProfile: Limiting resource is cpu
[2025-02-21T07:36:42.410+0000] {spark_submit.py:641} INFO - 25/02/21 07:36:42 INFO ResourceProfileManager: Added ResourceProfile id: 0
[2025-02-21T07:36:42.544+0000] {spark_submit.py:641} INFO - 25/02/21 07:36:42 INFO SecurityManager: Changing view acls to: airflow
[2025-02-21T07:36:42.546+0000] {spark_submit.py:641} INFO - 25/02/21 07:36:42 INFO SecurityManager: Changing modify acls to: airflow
[2025-02-21T07:36:42.548+0000] {spark_submit.py:641} INFO - 25/02/21 07:36:42 INFO SecurityManager: Changing view acls groups to:
[2025-02-21T07:36:42.549+0000] {spark_submit.py:641} INFO - 25/02/21 07:36:42 INFO SecurityManager: Changing modify acls groups to:
[2025-02-21T07:36:42.552+0000] {spark_submit.py:641} INFO - 25/02/21 07:36:42 INFO SecurityManager: SecurityManager: authentication disabled; ui acls disabled; users  with view permissions: Set(airflow); groups with view permissions: Set(); users  with modify permissions: Set(airflow); groups with modify permissions: Set()
[2025-02-21T07:36:43.245+0000] {spark_submit.py:641} INFO - 25/02/21 07:36:43 INFO Utils: Successfully started service 'sparkDriver' on port 43311.
[2025-02-21T07:36:43.320+0000] {spark_submit.py:641} INFO - 25/02/21 07:36:43 INFO SparkEnv: Registering MapOutputTracker
[2025-02-21T07:36:43.403+0000] {spark_submit.py:641} INFO - 25/02/21 07:36:43 INFO SparkEnv: Registering BlockManagerMaster
[2025-02-21T07:36:43.446+0000] {spark_submit.py:641} INFO - 25/02/21 07:36:43 INFO BlockManagerMasterEndpoint: Using org.apache.spark.storage.DefaultTopologyMapper for getting topology information
[2025-02-21T07:36:43.450+0000] {spark_submit.py:641} INFO - 25/02/21 07:36:43 INFO BlockManagerMasterEndpoint: BlockManagerMasterEndpoint up
[2025-02-21T07:36:43.456+0000] {spark_submit.py:641} INFO - 25/02/21 07:36:43 INFO SparkEnv: Registering BlockManagerMasterHeartbeat
[2025-02-21T07:36:43.487+0000] {spark_submit.py:641} INFO - 25/02/21 07:36:43 INFO DiskBlockManager: Created local directory at /tmp/blockmgr-59b533e8-cd35-42b2-98f5-3300144af691
[2025-02-21T07:36:43.511+0000] {spark_submit.py:641} INFO - 25/02/21 07:36:43 INFO MemoryStore: MemoryStore started with capacity 434.4 MiB
[2025-02-21T07:36:43.535+0000] {spark_submit.py:641} INFO - 25/02/21 07:36:43 INFO SparkEnv: Registering OutputCommitCoordinator
[2025-02-21T07:36:43.883+0000] {spark_submit.py:641} INFO - 25/02/21 07:36:43 INFO Utils: Successfully started service 'SparkUI' on port 4040.
[2025-02-21T07:36:43.993+0000] {spark_submit.py:641} INFO - 25/02/21 07:36:43 INFO SparkContext: Added JAR /spark-scripts/jars/postgresql-42.2.18.jar at spark://***-airflow-scheduler:43311/jars/postgresql-42.2.18.jar with timestamp 1740123402242
[2025-02-21T07:36:43.997+0000] {spark_submit.py:641} INFO - 25/02/21 07:36:43 INFO SparkContext: Added file file:///home/airflow/.ivy2/jars/org.postgresql_postgresql-42.2.18.jar at file:///home/airflow/.ivy2/jars/org.postgresql_postgresql-42.2.18.jar with timestamp 1740123402242
[2025-02-21T07:36:43.999+0000] {spark_submit.py:641} INFO - 25/02/21 07:36:43 INFO Utils: Copying /home/airflow/.ivy2/jars/org.postgresql_postgresql-42.2.18.jar to /tmp/spark-bbba8116-6837-4990-a0f8-92e82c69bbe5/userFiles-eb323bf2-6f85-4b69-a12e-7978d2b200b7/org.postgresql_postgresql-42.2.18.jar
[2025-02-21T07:36:44.051+0000] {spark_submit.py:641} INFO - 25/02/21 07:36:44 INFO SparkContext: Added file file:///home/airflow/.ivy2/jars/org.checkerframework_checker-qual-3.5.0.jar at file:///home/airflow/.ivy2/jars/org.checkerframework_checker-qual-3.5.0.jar with timestamp 1740123402242
[2025-02-21T07:36:44.053+0000] {spark_submit.py:641} INFO - 25/02/21 07:36:44 INFO Utils: Copying /home/airflow/.ivy2/jars/org.checkerframework_checker-qual-3.5.0.jar to /tmp/spark-bbba8116-6837-4990-a0f8-92e82c69bbe5/userFiles-eb323bf2-6f85-4b69-a12e-7978d2b200b7/org.checkerframework_checker-qual-3.5.0.jar
[2025-02-21T07:36:44.204+0000] {spark_submit.py:641} INFO - 25/02/21 07:36:44 INFO Executor: Starting executor ID driver on host ***-airflow-scheduler
[2025-02-21T07:36:44.218+0000] {spark_submit.py:641} INFO - 25/02/21 07:36:44 INFO Executor: Starting executor with user classpath (userClassPathFirst = false): ''
[2025-02-21T07:36:44.239+0000] {spark_submit.py:641} INFO - 25/02/21 07:36:44 INFO Executor: Fetching file:///home/airflow/.ivy2/jars/org.postgresql_postgresql-42.2.18.jar with timestamp 1740123402242
[2025-02-21T07:36:44.289+0000] {spark_submit.py:641} INFO - 25/02/21 07:36:44 INFO Utils: /home/airflow/.ivy2/jars/org.postgresql_postgresql-42.2.18.jar has been previously copied to /tmp/spark-bbba8116-6837-4990-a0f8-92e82c69bbe5/userFiles-eb323bf2-6f85-4b69-a12e-7978d2b200b7/org.postgresql_postgresql-42.2.18.jar
[2025-02-21T07:36:44.308+0000] {spark_submit.py:641} INFO - 25/02/21 07:36:44 INFO Executor: Fetching file:///home/airflow/.ivy2/jars/org.checkerframework_checker-qual-3.5.0.jar with timestamp 1740123402242
[2025-02-21T07:36:44.312+0000] {spark_submit.py:641} INFO - 25/02/21 07:36:44 INFO Utils: /home/airflow/.ivy2/jars/org.checkerframework_checker-qual-3.5.0.jar has been previously copied to /tmp/spark-bbba8116-6837-4990-a0f8-92e82c69bbe5/userFiles-eb323bf2-6f85-4b69-a12e-7978d2b200b7/org.checkerframework_checker-qual-3.5.0.jar
[2025-02-21T07:36:44.327+0000] {spark_submit.py:641} INFO - 25/02/21 07:36:44 INFO Executor: Fetching spark://***-airflow-scheduler:43311/jars/postgresql-42.2.18.jar with timestamp 1740123402242
[2025-02-21T07:36:44.380+0000] {spark_submit.py:641} INFO - 25/02/21 07:36:44 INFO TransportClientFactory: Successfully created connection to ***-airflow-scheduler/172.19.0.4:43311 after 34 ms (0 ms spent in bootstraps)
[2025-02-21T07:36:44.387+0000] {spark_submit.py:641} INFO - 25/02/21 07:36:44 INFO Utils: Fetching spark://***-airflow-scheduler:43311/jars/postgresql-42.2.18.jar to /tmp/spark-bbba8116-6837-4990-a0f8-92e82c69bbe5/userFiles-eb323bf2-6f85-4b69-a12e-7978d2b200b7/fetchFileTemp10363336628333713730.tmp
[2025-02-21T07:36:44.952+0000] {spark_submit.py:641} INFO - 25/02/21 07:36:44 INFO Executor: Adding file:/tmp/spark-bbba8116-6837-4990-a0f8-92e82c69bbe5/userFiles-eb323bf2-6f85-4b69-a12e-7978d2b200b7/postgresql-42.2.18.jar to class loader
[2025-02-21T07:36:44.976+0000] {spark_submit.py:641} INFO - 25/02/21 07:36:44 INFO Utils: Successfully started service 'org.apache.spark.network.netty.NettyBlockTransferService' on port 40523.
[2025-02-21T07:36:44.983+0000] {spark_submit.py:641} INFO - 25/02/21 07:36:44 INFO NettyBlockTransferService: Server created on ***-airflow-scheduler:40523
[2025-02-21T07:36:44.985+0000] {spark_submit.py:641} INFO - 25/02/21 07:36:44 INFO BlockManager: Using org.apache.spark.storage.RandomBlockReplicationPolicy for block replication policy
[2025-02-21T07:36:45.006+0000] {spark_submit.py:641} INFO - 25/02/21 07:36:45 INFO BlockManagerMaster: Registering BlockManager BlockManagerId(driver, ***-airflow-scheduler, 40523, None)
[2025-02-21T07:36:45.021+0000] {spark_submit.py:641} INFO - 25/02/21 07:36:45 INFO BlockManagerMasterEndpoint: Registering block manager ***-airflow-scheduler:40523 with 434.4 MiB RAM, BlockManagerId(driver, ***-airflow-scheduler, 40523, None)
[2025-02-21T07:36:45.029+0000] {spark_submit.py:641} INFO - 25/02/21 07:36:45 INFO BlockManagerMaster: Registered BlockManager BlockManagerId(driver, ***-airflow-scheduler, 40523, None)
[2025-02-21T07:36:45.033+0000] {spark_submit.py:641} INFO - 25/02/21 07:36:45 INFO BlockManager: Initialized BlockManager: BlockManagerId(driver, ***-airflow-scheduler, 40523, None)
[2025-02-21T07:36:52.134+0000] {spark_submit.py:641} INFO - ---------------- MENAMPILKAN TIPE DATA SEBELUM TRANSFORMASI TRANSFORMASI ----------------
[2025-02-21T07:36:52.172+0000] {spark_submit.py:641} INFO - root
[2025-02-21T07:36:52.174+0000] {spark_submit.py:641} INFO - |-- employee_id: integer (nullable = true)
[2025-02-21T07:36:52.176+0000] {spark_submit.py:641} INFO - |-- department: string (nullable = true)
[2025-02-21T07:36:52.178+0000] {spark_submit.py:641} INFO - |-- region: string (nullable = true)
[2025-02-21T07:36:52.179+0000] {spark_submit.py:641} INFO - |-- education: string (nullable = true)
[2025-02-21T07:36:52.182+0000] {spark_submit.py:641} INFO - |-- gender: string (nullable = true)
[2025-02-21T07:36:52.186+0000] {spark_submit.py:641} INFO - |-- recruitment_channel: string (nullable = true)
[2025-02-21T07:36:52.190+0000] {spark_submit.py:641} INFO - |-- no_of_trainings: integer (nullable = true)
[2025-02-21T07:36:52.192+0000] {spark_submit.py:641} INFO - |-- age: integer (nullable = true)
[2025-02-21T07:36:52.194+0000] {spark_submit.py:641} INFO - |-- previous_year_rating: integer (nullable = true)
[2025-02-21T07:36:52.195+0000] {spark_submit.py:641} INFO - |-- length_of_service: integer (nullable = true)
[2025-02-21T07:36:52.197+0000] {spark_submit.py:641} INFO - |-- KPIs_met_more_than_80: integer (nullable = true)
[2025-02-21T07:36:52.199+0000] {spark_submit.py:641} INFO - |-- awards_won: integer (nullable = true)
[2025-02-21T07:36:52.201+0000] {spark_submit.py:641} INFO - |-- avg_training_score: integer (nullable = true)
[2025-02-21T07:36:52.203+0000] {spark_submit.py:641} INFO - 
[2025-02-21T07:36:52.419+0000] {spark_submit.py:641} INFO - ---------------- MENAMPILKAN TIPE DATA HASIL TRANSFORMASI ----------------
[2025-02-21T07:36:52.421+0000] {spark_submit.py:641} INFO - root
[2025-02-21T07:36:52.423+0000] {spark_submit.py:641} INFO - |-- employee_id: integer (nullable = true)
[2025-02-21T07:36:52.425+0000] {spark_submit.py:641} INFO - |-- department: string (nullable = true)
[2025-02-21T07:36:52.427+0000] {spark_submit.py:641} INFO - |-- region: string (nullable = true)
[2025-02-21T07:36:52.430+0000] {spark_submit.py:641} INFO - |-- education: string (nullable = true)
[2025-02-21T07:36:52.432+0000] {spark_submit.py:641} INFO - |-- gender: string (nullable = true)
[2025-02-21T07:36:52.435+0000] {spark_submit.py:641} INFO - |-- recruitment_channel: string (nullable = true)
[2025-02-21T07:36:52.439+0000] {spark_submit.py:641} INFO - |-- no_of_trainings: integer (nullable = true)
[2025-02-21T07:36:52.441+0000] {spark_submit.py:641} INFO - |-- age: integer (nullable = true)
[2025-02-21T07:36:52.446+0000] {spark_submit.py:641} INFO - |-- previous_year_rating: integer (nullable = true)
[2025-02-21T07:36:52.447+0000] {spark_submit.py:641} INFO - |-- length_of_service: integer (nullable = true)
[2025-02-21T07:36:52.449+0000] {spark_submit.py:641} INFO - |-- KPIs_met_more_than_80: integer (nullable = true)
[2025-02-21T07:36:52.450+0000] {spark_submit.py:641} INFO - |-- awards_won: integer (nullable = true)
[2025-02-21T07:36:52.451+0000] {spark_submit.py:641} INFO - |-- avg_training_score: integer (nullable = true)
[2025-02-21T07:36:52.453+0000] {spark_submit.py:641} INFO - 
[2025-02-21T07:36:52.454+0000] {spark_submit.py:641} INFO - ---------------- MENAMPILKAN BANYAK DATA NULL DI SETIAP KOLOM ----------------
[2025-02-21T07:36:55.944+0000] {spark_submit.py:641} INFO - +----------------+---------------+-----------+--------------+-----------+------------------------+--------------------+--------+-------------------------+----------------------+--------------------------+---------------+-----------------------+
[2025-02-21T07:36:55.946+0000] {spark_submit.py:641} INFO - |employee_id_null|department_null|region_null|education_null|gender_null|recruitment_channel_null|no_of_trainings_null|age_null|previous_year_rating_null|length_of_service_null|KPIs_met_more_than_80_null|awards_won_null|avg_training_score_nuli|
[2025-02-21T07:36:55.948+0000] {spark_submit.py:641} INFO - +----------------+---------------+-----------+--------------+-----------+------------------------+--------------------+--------+-------------------------+----------------------+--------------------------+---------------+-----------------------+
[2025-02-21T07:36:55.949+0000] {spark_submit.py:641} INFO - |               0|              0|          0|           771|          0|                       0|                   0|       0|                     1363|                     0|                         0|              0|                      0|
[2025-02-21T07:36:55.951+0000] {spark_submit.py:641} INFO - +----------------+---------------+-----------+--------------+-----------+------------------------+--------------------+--------+-------------------------+----------------------+--------------------------+---------------+-----------------------+
[2025-02-21T07:36:55.952+0000] {spark_submit.py:641} INFO - 
[2025-02-21T07:36:55.956+0000] {spark_submit.py:641} INFO - ---------------- NULL HANDLING PADA KOLOM EDUCATION & PREVIOUS_YEAR_RATING ----------------
[2025-02-21T07:36:56.268+0000] {spark_submit.py:641} INFO - +--------------+-------------------------+
[2025-02-21T07:36:56.270+0000] {spark_submit.py:641} INFO - |education_null|previous_year_rating_null|
[2025-02-21T07:36:56.271+0000] {spark_submit.py:641} INFO - +--------------+-------------------------+
[2025-02-21T07:36:56.273+0000] {spark_submit.py:641} INFO - |             0|                        0|
[2025-02-21T07:36:56.275+0000] {spark_submit.py:641} INFO - +--------------+-------------------------+
[2025-02-21T07:36:56.276+0000] {spark_submit.py:641} INFO - 
[2025-02-21T07:36:56.278+0000] {spark_submit.py:641} INFO - ---------------- MENAMPILKAN BANYAK DATA DUPLIKAT BERDASARKAN EMPLOYEE_ID ----------------
[2025-02-21T07:36:57.498+0000] {spark_submit.py:641} INFO - +-----------+------+
[2025-02-21T07:36:57.501+0000] {spark_submit.py:641} INFO - |employee_id|jumlah|
[2025-02-21T07:36:57.503+0000] {spark_submit.py:641} INFO - +-----------+------+
[2025-02-21T07:36:57.505+0000] {spark_submit.py:641} INFO - |      64573|     2|
[2025-02-21T07:36:57.509+0000] {spark_submit.py:641} INFO - |      49584|     3|
[2025-02-21T07:36:57.510+0000] {spark_submit.py:641} INFO - +-----------+------+
[2025-02-21T07:36:57.512+0000] {spark_submit.py:641} INFO - 
[2025-02-21T07:36:57.513+0000] {spark_submit.py:641} INFO - ---------------- MENAMPILKAN SEMUA BARIS DAN KOLOM DARI EMPLOYEE ID YANG DUPLIKAT ----------------
[2025-02-21T07:36:58.288+0000] {spark_submit.py:641} INFO - +-----------+----------+--------+---------+------+-------------------+---------------+---+--------------------+-----------------+---------------------+----------+------------------+
[2025-02-21T07:36:58.290+0000] {spark_submit.py:641} INFO - |employee_id|department|  region|education|gender|recruitment_channel|no_of_trainings|age|previous_year_rating|length_of_service|KPIs_met_more_than_80|awards_won|avg_training_score|
[2025-02-21T07:36:58.292+0000] {spark_submit.py:641} INFO - +-----------+----------+--------+---------+------+-------------------+---------------+---+--------------------+-----------------+---------------------+----------+------------------+
[2025-02-21T07:36:58.294+0000] {spark_submit.py:641} INFO - |      49584|        HR|region_7|Bachelors|     m|              other|              1| 33|                   1|                9|                    0|         0|                51|
[2025-02-21T07:36:58.296+0000] {spark_submit.py:641} INFO - |      49584|        HR|region_7|Bachelors|     m|              other|              1| 33|                   1|                9|                    0|         0|                51|
[2025-02-21T07:36:58.298+0000] {spark_submit.py:641} INFO - |      49584|        HR|region_7|Bachelors|     m|              other|              1| 33|                   1|                9|                    0|         0|                51|
[2025-02-21T07:36:58.301+0000] {spark_submit.py:641} INFO - |      64573|Technology|region_7|Bachelors|     f|           referred|              2| 30|                   5|                6|                    1|         0|                81|
[2025-02-21T07:36:58.303+0000] {spark_submit.py:641} INFO - |      64573|        HR|region_7|Bachelors|     f|           referred|              1| 35|                   5|                4|                    1|         0|                81|
[2025-02-21T07:36:58.304+0000] {spark_submit.py:641} INFO - +-----------+----------+--------+---------+------+-------------------+---------------+---+--------------------+-----------------+---------------------+----------+------------------+
[2025-02-21T07:36:58.306+0000] {spark_submit.py:641} INFO - 
[2025-02-21T07:36:58.307+0000] {spark_submit.py:641} INFO - ---------------- MENAMPILKAN HASIL DARI DATA DUPLIKASI YANG TELAH DIHANDLE BERDASARKAN KOLOM EMPLOYEE_ID DAN DEPARTMENT ----------------
[2025-02-21T07:37:00.742+0000] {spark_submit.py:641} INFO - +-----------+----------+--------+---------+------+-------------------+---------------+---+--------------------+-----------------+---------------------+----------+------------------+
[2025-02-21T07:37:00.744+0000] {spark_submit.py:641} INFO - |employee_id|department|  region|education|gender|recruitment_channel|no_of_trainings|age|previous_year_rating|length_of_service|KPIs_met_more_than_80|awards_won|avg_training_score|
[2025-02-21T07:37:00.746+0000] {spark_submit.py:641} INFO - +-----------+----------+--------+---------+------+-------------------+---------------+---+--------------------+-----------------+---------------------+----------+------------------+
[2025-02-21T07:37:00.748+0000] {spark_submit.py:641} INFO - |      49584|        HR|region_7|Bachelors|     m|              other|              1| 33|                   1|                9|                    0|         0|                51|
[2025-02-21T07:37:00.750+0000] {spark_submit.py:641} INFO - |      64573|        HR|region_7|Bachelors|     f|           referred|              1| 35|                   5|                4|                    1|         0|                81|
[2025-02-21T07:37:00.752+0000] {spark_submit.py:641} INFO - |      64573|Technology|region_7|Bachelors|     f|           referred|              2| 30|                   5|                6|                    1|         0|                81|
[2025-02-21T07:37:00.753+0000] {spark_submit.py:641} INFO - +-----------+----------+--------+---------+------+-------------------+---------------+---+--------------------+-----------------+---------------------+----------+------------------+
[2025-02-21T07:37:00.754+0000] {spark_submit.py:641} INFO - 
[2025-02-21T07:37:03.763+0000] {spark_submit.py:641} INFO - +-----------+-----------------+---------+---------------+------+-------------------+---------------+---+--------------------+-----------------+---------------------+----------+------------------+
[2025-02-21T07:37:03.765+0000] {spark_submit.py:641} INFO - |employee_id|       department|   region|      education|gender|recruitment_channel|no_of_trainings|age|previous_year_rating|length_of_service|KPIs_met_more_than_80|awards_won|avg_training_score|
[2025-02-21T07:37:03.768+0000] {spark_submit.py:641} INFO - +-----------+-----------------+---------+---------------+------+-------------------+---------------+---+--------------------+-----------------+---------------------+----------+------------------+
[2025-02-21T07:37:03.770+0000] {spark_submit.py:641} INFO - |          3|      Procurement|region_22|Masters & above|     f|              other|              1| 38|                   5|                4|                    1|         0|                67|
[2025-02-21T07:37:03.772+0000] {spark_submit.py:641} INFO - |          6|Sales & Marketing|region_15|      Bachelors|     f|              other|              1| 38|                   3|               10|                    0|         0|                50|
[2025-02-21T07:37:03.773+0000] {spark_submit.py:641} INFO - |         11|       Technology| region_4|Masters & above|     f|           sourcing|              1| 39|                   4|               12|                    1|         0|                72|
[2025-02-21T07:37:03.775+0000] {spark_submit.py:641} INFO - |         13|Sales & Marketing|region_17|      Bachelors|     m|              other|              1| 38|                   1|                5|                    1|         0|                47|
[2025-02-21T07:37:03.777+0000] {spark_submit.py:641} INFO - |         16|Sales & Marketing| region_4|Masters & above|     m|           sourcing|              1| 40|                   5|                5|                    0|         0|                53|
[2025-02-21T07:37:03.779+0000] {spark_submit.py:641} INFO - |         17|Sales & Marketing| region_7|      Bachelors|     m|           sourcing|              1| 50|                   5|               13|                    0|         0|                47|
[2025-02-21T07:37:03.781+0000] {spark_submit.py:641} INFO - |         19|               HR| region_2|Masters & above|     f|              other|              1| 50|                   4|                7|                    1|         0|                45|
[2025-02-21T07:37:03.783+0000] {spark_submit.py:641} INFO - |         20|        Analytics|region_21|      Bachelors|     m|           sourcing|              1| 27|                   0|                1|                    1|         0|                89|
[2025-02-21T07:37:03.785+0000] {spark_submit.py:641} INFO - |         21|        Analytics| region_8|      Bachelors|     m|           sourcing|              2| 28|                   2|                3|                    1|         0|                85|
[2025-02-21T07:37:03.786+0000] {spark_submit.py:641} INFO - |         22|       Technology| region_2|Masters & above|     f|              other|              1| 57|                   4|               18|                    1|         0|                77|
[2025-02-21T07:37:03.788+0000] {spark_submit.py:641} INFO - |         23|Sales & Marketing|region_16|      Bachelors|     f|           sourcing|              1| 42|                   1|                3|                    0|         0|                46|
[2025-02-21T07:37:03.789+0000] {spark_submit.py:641} INFO - |         24|               HR|region_28|Masters & above|     f|              other|              1| 32|                   1|                5|                    1|         0|                51|
[2025-02-21T07:37:03.791+0000] {spark_submit.py:641} INFO - |         27|Sales & Marketing|region_16|      Bachelors|     m|           sourcing|              1| 29|                   2|                6|                    0|         0|                51|
[2025-02-21T07:37:03.793+0000] {spark_submit.py:641} INFO - |         29|        Analytics| region_7|      Bachelors|     m|              other|              1| 28|                   0|                1|                    1|         0|                85|
[2025-02-21T07:37:03.795+0000] {spark_submit.py:641} INFO - |         31|Sales & Marketing|region_15|      Bachelors|     f|              other|              1| 29|                   3|                5|                    1|         0|                49|
[2025-02-21T07:37:03.797+0000] {spark_submit.py:641} INFO - |         40|       Operations| region_7|Masters & above|     f|              other|              1| 34|                   1|                4|                    0|         0|                65|
[2025-02-21T07:37:03.798+0000] {spark_submit.py:641} INFO - |         50|Sales & Marketing|region_19|      Bachelors|     m|              other|              1| 32|                   1|                3|                    0|         0|                48|
[2025-02-21T07:37:03.800+0000] {spark_submit.py:641} INFO - |         55|       Operations|region_19|Masters & above|     f|           sourcing|              1| 33|                   5|                3|                    0|         0|                61|
[2025-02-21T07:37:03.802+0000] {spark_submit.py:641} INFO - |         63|Sales & Marketing| region_8|Masters & above|     m|           sourcing|              1| 35|                   5|                8|                    0|         0|                52|
[2025-02-21T07:37:03.803+0000] {spark_submit.py:641} INFO - |         64|        Analytics| region_4|      Bachelors|     m|              other|              1| 42|                   5|               11|                    1|         0|                80|
[2025-02-21T07:37:03.805+0000] {spark_submit.py:641} INFO - +-----------+-----------------+---------+---------------+------+-------------------+---------------+---+--------------------+-----------------+---------------------+----------+------------------+
[2025-02-21T07:37:03.807+0000] {spark_submit.py:641} INFO - only showing top 20 rows
[2025-02-21T07:37:03.810+0000] {spark_submit.py:641} INFO - 
[2025-02-21T07:37:04.225+0000] {spark_submit.py:641} INFO - Jumlah baris dalam DataFrame : 17415
[2025-02-21T07:37:04.227+0000] {spark_submit.py:641} INFO - Isi folder data/transformed.parquet :
[2025-02-21T07:37:04.231+0000] {spark_submit.py:641} INFO - ['part-00000-1aeeb5d0-d085-4ae7-a243-3b95ff630575-c000.snappy.parquet', '.part-00000-1aeeb5d0-d085-4ae7-a243-3b95ff630575-c000.snappy.parquet.crc', '_SUCCESS', '._SUCCESS.crc']
[2025-02-21T07:37:04.234+0000] {spark_submit.py:641} INFO - Transform data berhasil.
[2025-02-21T07:37:04.904+0000] {taskinstance.py:341} INFO - ::group::Post task execution logs
[2025-02-21T07:37:04.908+0000] {taskinstance.py:353} INFO - Marking task as SUCCESS. dag_id=***_v2_etl_dag, task_id=transform_task, run_id=manual__2025-02-21T07:31:04.105699+00:00, execution_date=20250221T073104, start_date=20250221T073635, end_date=20250221T073704
[2025-02-21T07:37:04.993+0000] {local_task_job_runner.py:266} INFO - Task exited with return code 0
[2025-02-21T07:37:05.079+0000] {taskinstance.py:3901} INFO - 1 downstream tasks scheduled from follow-on schedule check
[2025-02-21T07:37:05.084+0000] {local_task_job_runner.py:245} INFO - ::endgroup::
