[2025-02-21T07:31:58.018+0000] {local_task_job_runner.py:123} INFO - ::group::Pre task execution logs
[2025-02-21T07:31:58.072+0000] {taskinstance.py:2614} INFO - Dependencies all met for dep_context=non-requeueable deps ti=<TaskInstance: finprode8_v2_etl_dag.transform_task manual__2025-02-21T07:31:04.105699+00:00 [queued]>
[2025-02-21T07:31:58.108+0000] {taskinstance.py:2614} INFO - Dependencies all met for dep_context=requeueable deps ti=<TaskInstance: finprode8_v2_etl_dag.transform_task manual__2025-02-21T07:31:04.105699+00:00 [queued]>
[2025-02-21T07:31:58.111+0000] {taskinstance.py:2867} INFO - Starting attempt 1 of 1
[2025-02-21T07:31:58.155+0000] {taskinstance.py:2890} INFO - Executing <Task(SparkSubmitOperator): transform_task> on 2025-02-21 07:31:04.105699+00:00
[2025-02-21T07:31:58.166+0000] {standard_task_runner.py:72} INFO - Started process 666 to run task
[2025-02-21T07:31:58.173+0000] {standard_task_runner.py:104} INFO - Running: ['airflow', 'tasks', 'run', '***_v2_etl_dag', 'transform_task', 'manual__2025-02-21T07:31:04.105699+00:00', '--job-id', '102', '--raw', '--subdir', 'DAGS_FOLDER/***_v2_etl_dag.py', '--cfg-path', '/tmp/tmp38y5zzkj']
[2025-02-21T07:31:58.180+0000] {standard_task_runner.py:105} INFO - Job 102: Subtask transform_task
[2025-02-21T07:31:58.210+0000] {logging_mixin.py:190} WARNING - /home/airflow/.local/lib/python3.9/site-packages/airflow/settings.py:209 DeprecationWarning: The sql_alchemy_conn option in [core] has been moved to the sql_alchemy_conn option in [database] - the old setting has been used, but please update your config.
[2025-02-21T07:31:58.278+0000] {task_command.py:467} INFO - Running <TaskInstance: finprode8_v2_etl_dag.transform_task manual__2025-02-21T07:31:04.105699+00:00 [running]> on host ***-airflow-scheduler
[2025-02-21T07:31:58.413+0000] {taskinstance.py:3134} INFO - Exporting env vars: AIRFLOW_CTX_DAG_OWNER='ratih malini' AIRFLOW_CTX_DAG_ID='***_v2_etl_dag' AIRFLOW_CTX_TASK_ID='transform_task' AIRFLOW_CTX_EXECUTION_DATE='2025-02-21T07:31:04.105699+00:00' AIRFLOW_CTX_TRY_NUMBER='1' AIRFLOW_CTX_DAG_RUN_ID='manual__2025-02-21T07:31:04.105699+00:00'
[2025-02-21T07:31:58.416+0000] {taskinstance.py:732} INFO - ::endgroup::
[2025-02-21T07:31:58.469+0000] {base.py:84} INFO - Retrieving connection 'spark_main'
[2025-02-21T07:31:58.473+0000] {spark_submit.py:474} INFO - Spark-Submit cmd: spark-submit --master spark://***-spark-master:7077 --packages org.postgresql:postgresql:42.2.18 --name arrow-spark /spark-scripts/***_v2_transform.py
[2025-02-21T07:32:01.164+0000] {spark_submit.py:641} INFO - :: loading settings :: url = jar:file:/home/airflow/.local/lib/python3.9/site-packages/pyspark/jars/ivy-2.5.1.jar!/org/apache/ivy/core/settings/ivysettings.xml
[2025-02-21T07:32:01.268+0000] {spark_submit.py:641} INFO - Ivy Default Cache set to: /home/airflow/.ivy2/cache
[2025-02-21T07:32:01.270+0000] {spark_submit.py:641} INFO - The jars for the packages stored in: /home/airflow/.ivy2/jars
[2025-02-21T07:32:01.274+0000] {spark_submit.py:641} INFO - org.postgresql#postgresql added as a dependency
[2025-02-21T07:32:01.275+0000] {spark_submit.py:641} INFO - :: resolving dependencies :: org.apache.spark#spark-submit-parent-dcadd7bf-c919-405a-8110-0bf682ef5015;1.0
[2025-02-21T07:32:01.276+0000] {spark_submit.py:641} INFO - confs: [default]
[2025-02-21T07:32:01.462+0000] {spark_submit.py:641} INFO - found org.postgresql#postgresql;42.2.18 in central
[2025-02-21T07:32:01.496+0000] {spark_submit.py:641} INFO - found org.checkerframework#checker-qual;3.5.0 in central
[2025-02-21T07:32:01.519+0000] {spark_submit.py:641} INFO - :: resolution report :: resolve 237ms :: artifacts dl 7ms
[2025-02-21T07:32:01.523+0000] {spark_submit.py:641} INFO - :: modules in use:
[2025-02-21T07:32:01.525+0000] {spark_submit.py:641} INFO - org.checkerframework#checker-qual;3.5.0 from central in [default]
[2025-02-21T07:32:01.526+0000] {spark_submit.py:641} INFO - org.postgresql#postgresql;42.2.18 from central in [default]
[2025-02-21T07:32:01.528+0000] {spark_submit.py:641} INFO - ---------------------------------------------------------------------
[2025-02-21T07:32:01.530+0000] {spark_submit.py:641} INFO - |                  |            modules            ||   artifacts   |
[2025-02-21T07:32:01.531+0000] {spark_submit.py:641} INFO - |       conf       | number| search|dwnlded|evicted|| number|dwnlded|
[2025-02-21T07:32:01.533+0000] {spark_submit.py:641} INFO - ---------------------------------------------------------------------
[2025-02-21T07:32:01.534+0000] {spark_submit.py:641} INFO - |      default     |   2   |   0   |   0   |   0   ||   2   |   0   |
[2025-02-21T07:32:01.535+0000] {spark_submit.py:641} INFO - ---------------------------------------------------------------------
[2025-02-21T07:32:01.537+0000] {spark_submit.py:641} INFO - :: retrieving :: org.apache.spark#spark-submit-parent-dcadd7bf-c919-405a-8110-0bf682ef5015
[2025-02-21T07:32:01.539+0000] {spark_submit.py:641} INFO - confs: [default]
[2025-02-21T07:32:01.540+0000] {spark_submit.py:641} INFO - 0 artifacts copied, 2 already retrieved (0kB/6ms)
[2025-02-21T07:32:01.909+0000] {spark_submit.py:641} INFO - 25/02/21 07:32:01 WARN NativeCodeLoader: Unable to load native-hadoop library for your platform... using builtin-java classes where applicable
[2025-02-21T07:32:03.760+0000] {spark_submit.py:641} INFO - 25/02/21 07:32:03 INFO SparkContext: Running Spark version 3.3.2
[2025-02-21T07:32:03.787+0000] {spark_submit.py:641} INFO - 25/02/21 07:32:03 INFO ResourceUtils: ==============================================================
[2025-02-21T07:32:03.791+0000] {spark_submit.py:641} INFO - 25/02/21 07:32:03 INFO ResourceUtils: No custom resources configured for spark.driver.
[2025-02-21T07:32:03.793+0000] {spark_submit.py:641} INFO - 25/02/21 07:32:03 INFO ResourceUtils: ==============================================================
[2025-02-21T07:32:03.795+0000] {spark_submit.py:641} INFO - 25/02/21 07:32:03 INFO SparkContext: Submitted application: ***_transform
[2025-02-21T07:32:03.829+0000] {spark_submit.py:641} INFO - 25/02/21 07:32:03 INFO ResourceProfile: Default ResourceProfile created, executor resources: Map(cores -> name: cores, amount: 1, script: , vendor: , memory -> name: memory, amount: 1024, script: , vendor: , offHeap -> name: offHeap, amount: 0, script: , vendor: ), task resources: Map(cpus -> name: cpus, amount: 1.0)
[2025-02-21T07:32:03.840+0000] {spark_submit.py:641} INFO - 25/02/21 07:32:03 INFO ResourceProfile: Limiting resource is cpu
[2025-02-21T07:32:03.842+0000] {spark_submit.py:641} INFO - 25/02/21 07:32:03 INFO ResourceProfileManager: Added ResourceProfile id: 0
[2025-02-21T07:32:03.902+0000] {spark_submit.py:641} INFO - 25/02/21 07:32:03 INFO SecurityManager: Changing view acls to: airflow
[2025-02-21T07:32:03.904+0000] {spark_submit.py:641} INFO - 25/02/21 07:32:03 INFO SecurityManager: Changing modify acls to: airflow
[2025-02-21T07:32:03.906+0000] {spark_submit.py:641} INFO - 25/02/21 07:32:03 INFO SecurityManager: Changing view acls groups to:
[2025-02-21T07:32:03.908+0000] {spark_submit.py:641} INFO - 25/02/21 07:32:03 INFO SecurityManager: Changing modify acls groups to:
[2025-02-21T07:32:03.909+0000] {spark_submit.py:641} INFO - 25/02/21 07:32:03 INFO SecurityManager: SecurityManager: authentication disabled; ui acls disabled; users  with view permissions: Set(airflow); groups with view permissions: Set(); users  with modify permissions: Set(airflow); groups with modify permissions: Set()
[2025-02-21T07:32:04.208+0000] {spark_submit.py:641} INFO - 25/02/21 07:32:04 INFO Utils: Successfully started service 'sparkDriver' on port 34499.
[2025-02-21T07:32:04.239+0000] {spark_submit.py:641} INFO - 25/02/21 07:32:04 INFO SparkEnv: Registering MapOutputTracker
[2025-02-21T07:32:04.285+0000] {spark_submit.py:641} INFO - 25/02/21 07:32:04 INFO SparkEnv: Registering BlockManagerMaster
[2025-02-21T07:32:04.321+0000] {spark_submit.py:641} INFO - 25/02/21 07:32:04 INFO BlockManagerMasterEndpoint: Using org.apache.spark.storage.DefaultTopologyMapper for getting topology information
[2025-02-21T07:32:04.325+0000] {spark_submit.py:641} INFO - 25/02/21 07:32:04 INFO BlockManagerMasterEndpoint: BlockManagerMasterEndpoint up
[2025-02-21T07:32:04.333+0000] {spark_submit.py:641} INFO - 25/02/21 07:32:04 INFO SparkEnv: Registering BlockManagerMasterHeartbeat
[2025-02-21T07:32:04.354+0000] {spark_submit.py:641} INFO - 25/02/21 07:32:04 INFO DiskBlockManager: Created local directory at /tmp/blockmgr-a8cc44ab-432f-45e3-8b52-7d40e10042f9
[2025-02-21T07:32:04.374+0000] {spark_submit.py:641} INFO - 25/02/21 07:32:04 INFO MemoryStore: MemoryStore started with capacity 434.4 MiB
[2025-02-21T07:32:04.393+0000] {spark_submit.py:641} INFO - 25/02/21 07:32:04 INFO SparkEnv: Registering OutputCommitCoordinator
[2025-02-21T07:32:04.626+0000] {spark_submit.py:641} INFO - 25/02/21 07:32:04 INFO Utils: Successfully started service 'SparkUI' on port 4040.
[2025-02-21T07:32:04.693+0000] {spark_submit.py:641} INFO - 25/02/21 07:32:04 INFO SparkContext: Added JAR /spark-scripts/jars/postgresql-42.2.18.jar at spark://***-airflow-scheduler:34499/jars/postgresql-42.2.18.jar with timestamp 1740123123747
[2025-02-21T07:32:04.702+0000] {spark_submit.py:641} INFO - 25/02/21 07:32:04 INFO SparkContext: Added file file:///home/airflow/.ivy2/jars/org.postgresql_postgresql-42.2.18.jar at file:///home/airflow/.ivy2/jars/org.postgresql_postgresql-42.2.18.jar with timestamp 1740123123747
[2025-02-21T07:32:04.704+0000] {spark_submit.py:641} INFO - 25/02/21 07:32:04 INFO Utils: Copying /home/airflow/.ivy2/jars/org.postgresql_postgresql-42.2.18.jar to /tmp/spark-d3196314-3cf2-4050-8109-2fe1a0aab56d/userFiles-2b6eba93-8d23-411c-90d7-26f989665518/org.postgresql_postgresql-42.2.18.jar
[2025-02-21T07:32:04.726+0000] {spark_submit.py:641} INFO - 25/02/21 07:32:04 INFO SparkContext: Added file file:///home/airflow/.ivy2/jars/org.checkerframework_checker-qual-3.5.0.jar at file:///home/airflow/.ivy2/jars/org.checkerframework_checker-qual-3.5.0.jar with timestamp 1740123123747
[2025-02-21T07:32:04.730+0000] {spark_submit.py:641} INFO - 25/02/21 07:32:04 INFO Utils: Copying /home/airflow/.ivy2/jars/org.checkerframework_checker-qual-3.5.0.jar to /tmp/spark-d3196314-3cf2-4050-8109-2fe1a0aab56d/userFiles-2b6eba93-8d23-411c-90d7-26f989665518/org.checkerframework_checker-qual-3.5.0.jar
[2025-02-21T07:32:04.931+0000] {spark_submit.py:641} INFO - 25/02/21 07:32:04 INFO Executor: Starting executor ID driver on host ***-airflow-scheduler
[2025-02-21T07:32:04.945+0000] {spark_submit.py:641} INFO - 25/02/21 07:32:04 INFO Executor: Starting executor with user classpath (userClassPathFirst = false): ''
[2025-02-21T07:32:04.965+0000] {spark_submit.py:641} INFO - 25/02/21 07:32:04 INFO Executor: Fetching file:///home/airflow/.ivy2/jars/org.postgresql_postgresql-42.2.18.jar with timestamp 1740123123747
[2025-02-21T07:32:05.009+0000] {spark_submit.py:641} INFO - 25/02/21 07:32:05 INFO Utils: /home/airflow/.ivy2/jars/org.postgresql_postgresql-42.2.18.jar has been previously copied to /tmp/spark-d3196314-3cf2-4050-8109-2fe1a0aab56d/userFiles-2b6eba93-8d23-411c-90d7-26f989665518/org.postgresql_postgresql-42.2.18.jar
[2025-02-21T07:32:05.028+0000] {spark_submit.py:641} INFO - 25/02/21 07:32:05 INFO Executor: Fetching file:///home/airflow/.ivy2/jars/org.checkerframework_checker-qual-3.5.0.jar with timestamp 1740123123747
[2025-02-21T07:32:05.030+0000] {spark_submit.py:641} INFO - 25/02/21 07:32:05 INFO Utils: /home/airflow/.ivy2/jars/org.checkerframework_checker-qual-3.5.0.jar has been previously copied to /tmp/spark-d3196314-3cf2-4050-8109-2fe1a0aab56d/userFiles-2b6eba93-8d23-411c-90d7-26f989665518/org.checkerframework_checker-qual-3.5.0.jar
[2025-02-21T07:32:05.042+0000] {spark_submit.py:641} INFO - 25/02/21 07:32:05 INFO Executor: Fetching spark://***-airflow-scheduler:34499/jars/postgresql-42.2.18.jar with timestamp 1740123123747
[2025-02-21T07:32:05.093+0000] {spark_submit.py:641} INFO - 25/02/21 07:32:05 INFO TransportClientFactory: Successfully created connection to ***-airflow-scheduler/172.19.0.4:34499 after 34 ms (0 ms spent in bootstraps)
[2025-02-21T07:32:05.105+0000] {spark_submit.py:641} INFO - 25/02/21 07:32:05 INFO Utils: Fetching spark://***-airflow-scheduler:34499/jars/postgresql-42.2.18.jar to /tmp/spark-d3196314-3cf2-4050-8109-2fe1a0aab56d/userFiles-2b6eba93-8d23-411c-90d7-26f989665518/fetchFileTemp2065602027765729199.tmp
[2025-02-21T07:32:05.171+0000] {spark_submit.py:641} INFO - 25/02/21 07:32:05 INFO Executor: Adding file:/tmp/spark-d3196314-3cf2-4050-8109-2fe1a0aab56d/userFiles-2b6eba93-8d23-411c-90d7-26f989665518/postgresql-42.2.18.jar to class loader
[2025-02-21T07:32:05.179+0000] {spark_submit.py:641} INFO - 25/02/21 07:32:05 INFO Utils: Successfully started service 'org.apache.spark.network.netty.NettyBlockTransferService' on port 40205.
[2025-02-21T07:32:05.181+0000] {spark_submit.py:641} INFO - 25/02/21 07:32:05 INFO NettyBlockTransferService: Server created on ***-airflow-scheduler:40205
[2025-02-21T07:32:05.185+0000] {spark_submit.py:641} INFO - 25/02/21 07:32:05 INFO BlockManager: Using org.apache.spark.storage.RandomBlockReplicationPolicy for block replication policy
[2025-02-21T07:32:05.195+0000] {spark_submit.py:641} INFO - 25/02/21 07:32:05 INFO BlockManagerMaster: Registering BlockManager BlockManagerId(driver, ***-airflow-scheduler, 40205, None)
[2025-02-21T07:32:05.201+0000] {spark_submit.py:641} INFO - 25/02/21 07:32:05 INFO BlockManagerMasterEndpoint: Registering block manager ***-airflow-scheduler:40205 with 434.4 MiB RAM, BlockManagerId(driver, ***-airflow-scheduler, 40205, None)
[2025-02-21T07:32:05.204+0000] {spark_submit.py:641} INFO - 25/02/21 07:32:05 INFO BlockManagerMaster: Registered BlockManager BlockManagerId(driver, ***-airflow-scheduler, 40205, None)
[2025-02-21T07:32:05.206+0000] {spark_submit.py:641} INFO - 25/02/21 07:32:05 INFO BlockManager: Initialized BlockManager: BlockManagerId(driver, ***-airflow-scheduler, 40205, None)
[2025-02-21T07:32:10.179+0000] {spark_submit.py:641} INFO - ---------------- MENAMPILKAN TIPE DATA HASIL TRANSFORMASI ----------------
[2025-02-21T07:32:10.191+0000] {spark_submit.py:641} INFO - root
[2025-02-21T07:32:10.193+0000] {spark_submit.py:641} INFO - |-- employee_id: integer (nullable = true)
[2025-02-21T07:32:10.194+0000] {spark_submit.py:641} INFO - |-- department: string (nullable = true)
[2025-02-21T07:32:10.196+0000] {spark_submit.py:641} INFO - |-- region: string (nullable = true)
[2025-02-21T07:32:10.197+0000] {spark_submit.py:641} INFO - |-- education: string (nullable = true)
[2025-02-21T07:32:10.199+0000] {spark_submit.py:641} INFO - |-- gender: string (nullable = true)
[2025-02-21T07:32:10.202+0000] {spark_submit.py:641} INFO - |-- recruitment_channel: string (nullable = true)
[2025-02-21T07:32:10.204+0000] {spark_submit.py:641} INFO - |-- no_of_trainings: integer (nullable = true)
[2025-02-21T07:32:10.205+0000] {spark_submit.py:641} INFO - |-- age: integer (nullable = true)
[2025-02-21T07:32:10.206+0000] {spark_submit.py:641} INFO - |-- previous_year_rating: integer (nullable = true)
[2025-02-21T07:32:10.208+0000] {spark_submit.py:641} INFO - |-- length_of_service: integer (nullable = true)
[2025-02-21T07:32:10.209+0000] {spark_submit.py:641} INFO - |-- KPIs_met_more_than_80: integer (nullable = true)
[2025-02-21T07:32:10.210+0000] {spark_submit.py:641} INFO - |-- awards_won: integer (nullable = true)
[2025-02-21T07:32:10.212+0000] {spark_submit.py:641} INFO - |-- avg_training_score: integer (nullable = true)
[2025-02-21T07:32:10.213+0000] {spark_submit.py:641} INFO - 
[2025-02-21T07:32:10.214+0000] {spark_submit.py:641} INFO - ---------------- MENAMPILKAN BANYAK DATA NULL DI SETIAP KOLOM ----------------
[2025-02-21T07:32:12.837+0000] {spark_submit.py:641} INFO - +----------------+---------------+-----------+--------------+-----------+------------------------+--------------------+--------+-------------------------+----------------------+--------------------------+---------------+-----------------------+
[2025-02-21T07:32:12.840+0000] {spark_submit.py:641} INFO - |employee_id_null|department_null|region_null|education_null|gender_null|recruitment_channel_null|no_of_trainings_null|age_null|previous_year_rating_null|length_of_service_null|KPIs_met_more_than_80_null|awards_won_null|avg_training_score_nuli|
[2025-02-21T07:32:12.843+0000] {spark_submit.py:641} INFO - +----------------+---------------+-----------+--------------+-----------+------------------------+--------------------+--------+-------------------------+----------------------+--------------------------+---------------+-----------------------+
[2025-02-21T07:32:12.845+0000] {spark_submit.py:641} INFO - |               0|              0|          0|           771|          0|                       0|                   0|       0|                     1363|                     0|                         0|              0|                      0|
[2025-02-21T07:32:12.847+0000] {spark_submit.py:641} INFO - +----------------+---------------+-----------+--------------+-----------+------------------------+--------------------+--------+-------------------------+----------------------+--------------------------+---------------+-----------------------+
[2025-02-21T07:32:12.849+0000] {spark_submit.py:641} INFO - 
[2025-02-21T07:32:12.852+0000] {spark_submit.py:641} INFO - ---------------- NULL HANDLING PADA KOLOM EDUCATION & PREVIOUS_YEAR_RATING ----------------
[2025-02-21T07:32:13.164+0000] {spark_submit.py:641} INFO - +--------------+-------------------------+
[2025-02-21T07:32:13.168+0000] {spark_submit.py:641} INFO - |education_null|previous_year_rating_null|
[2025-02-21T07:32:13.170+0000] {spark_submit.py:641} INFO - +--------------+-------------------------+
[2025-02-21T07:32:13.172+0000] {spark_submit.py:641} INFO - |             0|                        0|
[2025-02-21T07:32:13.174+0000] {spark_submit.py:641} INFO - +--------------+-------------------------+
[2025-02-21T07:32:13.176+0000] {spark_submit.py:641} INFO - 
[2025-02-21T07:32:13.177+0000] {spark_submit.py:641} INFO - ---------------- MENAMPILKAN BANYAK DATA DUPLIKAT BERDASARKAN EMPLOYEE_ID ----------------
[2025-02-21T07:32:14.895+0000] {spark_submit.py:641} INFO - +-----------+------+
[2025-02-21T07:32:14.905+0000] {spark_submit.py:641} INFO - |employee_id|jumlah|
[2025-02-21T07:32:14.906+0000] {spark_submit.py:641} INFO - +-----------+------+
[2025-02-21T07:32:14.908+0000] {spark_submit.py:641} INFO - |      64573|     2|
[2025-02-21T07:32:14.909+0000] {spark_submit.py:641} INFO - |      49584|     3|
[2025-02-21T07:32:14.911+0000] {spark_submit.py:641} INFO - +-----------+------+
[2025-02-21T07:32:14.913+0000] {spark_submit.py:641} INFO - 
[2025-02-21T07:32:14.915+0000] {spark_submit.py:641} INFO - ---------------- MENAMPILKAN SEMUA BARIS DAN KOLOM DARI EMPLOYEE ID YANG DUPLIKAT ----------------
[2025-02-21T07:32:15.357+0000] {spark_submit.py:641} INFO - +-----------+----------+--------+---------+------+-------------------+---------------+---+--------------------+-----------------+---------------------+----------+------------------+
[2025-02-21T07:32:15.359+0000] {spark_submit.py:641} INFO - |employee_id|department|  region|education|gender|recruitment_channel|no_of_trainings|age|previous_year_rating|length_of_service|KPIs_met_more_than_80|awards_won|avg_training_score|
[2025-02-21T07:32:15.360+0000] {spark_submit.py:641} INFO - +-----------+----------+--------+---------+------+-------------------+---------------+---+--------------------+-----------------+---------------------+----------+------------------+
[2025-02-21T07:32:15.362+0000] {spark_submit.py:641} INFO - |      49584|        HR|region_7|Bachelors|     m|              other|              1| 33|                   1|                9|                    0|         0|                51|
[2025-02-21T07:32:15.363+0000] {spark_submit.py:641} INFO - |      49584|        HR|region_7|Bachelors|     m|              other|              1| 33|                   1|                9|                    0|         0|                51|
[2025-02-21T07:32:15.364+0000] {spark_submit.py:641} INFO - |      49584|        HR|region_7|Bachelors|     m|              other|              1| 33|                   1|                9|                    0|         0|                51|
[2025-02-21T07:32:15.368+0000] {spark_submit.py:641} INFO - |      64573|Technology|region_7|Bachelors|     f|           referred|              2| 30|                   5|                6|                    1|         0|                81|
[2025-02-21T07:32:15.369+0000] {spark_submit.py:641} INFO - |      64573|        HR|region_7|Bachelors|     f|           referred|              1| 35|                   5|                4|                    1|         0|                81|
[2025-02-21T07:32:15.370+0000] {spark_submit.py:641} INFO - +-----------+----------+--------+---------+------+-------------------+---------------+---+--------------------+-----------------+---------------------+----------+------------------+
[2025-02-21T07:32:15.372+0000] {spark_submit.py:641} INFO - 
[2025-02-21T07:32:15.373+0000] {spark_submit.py:641} INFO - ---------------- MENAMPILKAN HASIL DARI DATA DUPLIKASI YANG TELAH DIHANDLE BERDASARKAN KOLOM EMPLOYEE_ID DAN DEPARTMENT ----------------
[2025-02-21T07:32:15.980+0000] {spark_submit.py:641} INFO - +-----------+----------+--------+---------+------+-------------------+---------------+---+--------------------+-----------------+---------------------+----------+------------------+
[2025-02-21T07:32:15.985+0000] {spark_submit.py:641} INFO - |employee_id|department|  region|education|gender|recruitment_channel|no_of_trainings|age|previous_year_rating|length_of_service|KPIs_met_more_than_80|awards_won|avg_training_score|
[2025-02-21T07:32:15.987+0000] {spark_submit.py:641} INFO - +-----------+----------+--------+---------+------+-------------------+---------------+---+--------------------+-----------------+---------------------+----------+------------------+
[2025-02-21T07:32:15.989+0000] {spark_submit.py:641} INFO - |      49584|        HR|region_7|Bachelors|     m|              other|              1| 33|                   1|                9|                    0|         0|                51|
[2025-02-21T07:32:15.990+0000] {spark_submit.py:641} INFO - |      64573|        HR|region_7|Bachelors|     f|           referred|              1| 35|                   5|                4|                    1|         0|                81|
[2025-02-21T07:32:15.992+0000] {spark_submit.py:641} INFO - |      64573|Technology|region_7|Bachelors|     f|           referred|              2| 30|                   5|                6|                    1|         0|                81|
[2025-02-21T07:32:15.994+0000] {spark_submit.py:641} INFO - +-----------+----------+--------+---------+------+-------------------+---------------+---+--------------------+-----------------+---------------------+----------+------------------+
[2025-02-21T07:32:15.996+0000] {spark_submit.py:641} INFO - 
[2025-02-21T07:32:20.751+0000] {spark_submit.py:641} INFO - +-----------+-----------------+---------+---------------+------+-------------------+---------------+---+--------------------+-----------------+---------------------+----------+------------------+
[2025-02-21T07:32:20.753+0000] {spark_submit.py:641} INFO - |employee_id|       department|   region|      education|gender|recruitment_channel|no_of_trainings|age|previous_year_rating|length_of_service|KPIs_met_more_than_80|awards_won|avg_training_score|
[2025-02-21T07:32:20.756+0000] {spark_submit.py:641} INFO - +-----------+-----------------+---------+---------------+------+-------------------+---------------+---+--------------------+-----------------+---------------------+----------+------------------+
[2025-02-21T07:32:20.763+0000] {spark_submit.py:641} INFO - |          3|      Procurement|region_22|Masters & above|     f|              other|              1| 38|                   5|                4|                    1|         0|                67|
[2025-02-21T07:32:20.764+0000] {spark_submit.py:641} INFO - |          6|Sales & Marketing|region_15|      Bachelors|     f|              other|              1| 38|                   3|               10|                    0|         0|                50|
[2025-02-21T07:32:20.765+0000] {spark_submit.py:641} INFO - |         11|       Technology| region_4|Masters & above|     f|           sourcing|              1| 39|                   4|               12|                    1|         0|                72|
[2025-02-21T07:32:20.770+0000] {spark_submit.py:641} INFO - |         13|Sales & Marketing|region_17|      Bachelors|     m|              other|              1| 38|                   1|                5|                    1|         0|                47|
[2025-02-21T07:32:20.773+0000] {spark_submit.py:641} INFO - |         16|Sales & Marketing| region_4|Masters & above|     m|           sourcing|              1| 40|                   5|                5|                    0|         0|                53|
[2025-02-21T07:32:20.777+0000] {spark_submit.py:641} INFO - |         17|Sales & Marketing| region_7|      Bachelors|     m|           sourcing|              1| 50|                   5|               13|                    0|         0|                47|
[2025-02-21T07:32:20.779+0000] {spark_submit.py:641} INFO - |         19|               HR| region_2|Masters & above|     f|              other|              1| 50|                   4|                7|                    1|         0|                45|
[2025-02-21T07:32:20.783+0000] {spark_submit.py:641} INFO - |         20|        Analytics|region_21|      Bachelors|     m|           sourcing|              1| 27|                   0|                1|                    1|         0|                89|
[2025-02-21T07:32:20.785+0000] {spark_submit.py:641} INFO - |         21|        Analytics| region_8|      Bachelors|     m|           sourcing|              2| 28|                   2|                3|                    1|         0|                85|
[2025-02-21T07:32:20.787+0000] {spark_submit.py:641} INFO - |         22|       Technology| region_2|Masters & above|     f|              other|              1| 57|                   4|               18|                    1|         0|                77|
[2025-02-21T07:32:20.789+0000] {spark_submit.py:641} INFO - |         23|Sales & Marketing|region_16|      Bachelors|     f|           sourcing|              1| 42|                   1|                3|                    0|         0|                46|
[2025-02-21T07:32:20.791+0000] {spark_submit.py:641} INFO - |         24|               HR|region_28|Masters & above|     f|              other|              1| 32|                   1|                5|                    1|         0|                51|
[2025-02-21T07:32:20.793+0000] {spark_submit.py:641} INFO - |         27|Sales & Marketing|region_16|      Bachelors|     m|           sourcing|              1| 29|                   2|                6|                    0|         0|                51|
[2025-02-21T07:32:20.796+0000] {spark_submit.py:641} INFO - |         29|        Analytics| region_7|      Bachelors|     m|              other|              1| 28|                   0|                1|                    1|         0|                85|
[2025-02-21T07:32:20.799+0000] {spark_submit.py:641} INFO - |         31|Sales & Marketing|region_15|      Bachelors|     f|              other|              1| 29|                   3|                5|                    1|         0|                49|
[2025-02-21T07:32:20.802+0000] {spark_submit.py:641} INFO - |         40|       Operations| region_7|Masters & above|     f|              other|              1| 34|                   1|                4|                    0|         0|                65|
[2025-02-21T07:32:20.804+0000] {spark_submit.py:641} INFO - |         50|Sales & Marketing|region_19|      Bachelors|     m|              other|              1| 32|                   1|                3|                    0|         0|                48|
[2025-02-21T07:32:20.806+0000] {spark_submit.py:641} INFO - |         55|       Operations|region_19|Masters & above|     f|           sourcing|              1| 33|                   5|                3|                    0|         0|                61|
[2025-02-21T07:32:20.808+0000] {spark_submit.py:641} INFO - |         63|Sales & Marketing| region_8|Masters & above|     m|           sourcing|              1| 35|                   5|                8|                    0|         0|                52|
[2025-02-21T07:32:20.815+0000] {spark_submit.py:641} INFO - |         64|        Analytics| region_4|      Bachelors|     m|              other|              1| 42|                   5|               11|                    1|         0|                80|
[2025-02-21T07:32:20.819+0000] {spark_submit.py:641} INFO - +-----------+-----------------+---------+---------------+------+-------------------+---------------+---+--------------------+-----------------+---------------------+----------+------------------+
[2025-02-21T07:32:20.821+0000] {spark_submit.py:641} INFO - only showing top 20 rows
[2025-02-21T07:32:20.827+0000] {spark_submit.py:641} INFO - 
[2025-02-21T07:32:21.209+0000] {spark_submit.py:641} INFO - Jumlah baris dalam DataFrame: 17415
[2025-02-21T07:32:21.211+0000] {spark_submit.py:641} INFO - Isi folder data:
[2025-02-21T07:32:21.215+0000] {spark_submit.py:641} INFO - ['_SUCCESS', '.part-00000-c6386290-9728-45e2-afbc-446971c8ad32-c000.snappy.parquet.crc', 'part-00000-c6386290-9728-45e2-afbc-446971c8ad32-c000.snappy.parquet', '._SUCCESS.crc']
[2025-02-21T07:32:21.217+0000] {spark_submit.py:641} INFO - Transform data berhasil.
[2025-02-21T07:32:22.996+0000] {taskinstance.py:341} INFO - ::group::Post task execution logs
[2025-02-21T07:32:23.000+0000] {taskinstance.py:353} INFO - Marking task as SUCCESS. dag_id=***_v2_etl_dag, task_id=transform_task, run_id=manual__2025-02-21T07:31:04.105699+00:00, execution_date=20250221T073104, start_date=20250221T073158, end_date=20250221T073222
[2025-02-21T07:32:23.130+0000] {local_task_job_runner.py:266} INFO - Task exited with return code 0
[2025-02-21T07:32:23.235+0000] {taskinstance.py:3901} INFO - 1 downstream tasks scheduled from follow-on schedule check
[2025-02-21T07:32:23.241+0000] {local_task_job_runner.py:245} INFO - ::endgroup::
