[2025-02-20T02:57:34.901+0000] {local_task_job_runner.py:123} INFO - ::group::Pre task execution logs
[2025-02-20T02:57:34.932+0000] {taskinstance.py:2613} INFO - Dependencies all met for dep_context=non-requeueable deps ti=<TaskInstance: finprode8_v2_etl_dag.etl_task manual__2025-02-20T02:55:38.071265+00:00 [queued]>
[2025-02-20T02:57:34.950+0000] {taskinstance.py:2613} INFO - Dependencies all met for dep_context=requeueable deps ti=<TaskInstance: finprode8_v2_etl_dag.etl_task manual__2025-02-20T02:55:38.071265+00:00 [queued]>
[2025-02-20T02:57:34.953+0000] {taskinstance.py:2866} INFO - Starting attempt 2 of 2
[2025-02-20T02:57:34.981+0000] {taskinstance.py:2889} INFO - Executing <Task(SparkSubmitOperator): etl_task> on 2025-02-20 02:55:38.071265+00:00
[2025-02-20T02:57:34.991+0000] {standard_task_runner.py:72} INFO - Started process 480 to run task
[2025-02-20T02:57:34.996+0000] {standard_task_runner.py:104} INFO - Running: ['airflow', 'tasks', 'run', '***_v2_etl_dag', 'etl_task', 'manual__2025-02-20T02:55:38.071265+00:00', '--job-id', '48', '--raw', '--subdir', 'DAGS_FOLDER/***_v2_etl_dag.py', '--cfg-path', '/tmp/tmpuedbwafi']
[2025-02-20T02:57:35.003+0000] {standard_task_runner.py:105} INFO - Job 48: Subtask etl_task
[2025-02-20T02:57:35.054+0000] {logging_mixin.py:190} WARNING - /home/airflow/.local/lib/python3.9/site-packages/airflow/settings.py:209 DeprecationWarning: The sql_alchemy_conn option in [core] has been moved to the sql_alchemy_conn option in [database] - the old setting has been used, but please update your config.
[2025-02-20T02:57:35.116+0000] {task_command.py:467} INFO - Running <TaskInstance: finprode8_v2_etl_dag.etl_task manual__2025-02-20T02:55:38.071265+00:00 [running]> on host ***-airflow-scheduler
[2025-02-20T02:57:35.252+0000] {taskinstance.py:3132} INFO - Exporting env vars: AIRFLOW_CTX_DAG_OWNER='ratih malini' AIRFLOW_CTX_DAG_ID='***_v2_etl_dag' AIRFLOW_CTX_TASK_ID='etl_task' AIRFLOW_CTX_EXECUTION_DATE='2025-02-20T02:55:38.071265+00:00' AIRFLOW_CTX_TRY_NUMBER='2' AIRFLOW_CTX_DAG_RUN_ID='manual__2025-02-20T02:55:38.071265+00:00'
[2025-02-20T02:57:35.255+0000] {taskinstance.py:731} INFO - ::endgroup::
[2025-02-20T02:57:35.315+0000] {base.py:84} INFO - Retrieving connection 'spark_main'
[2025-02-20T02:57:35.318+0000] {spark_submit.py:474} INFO - Spark-Submit cmd: spark-submit --master spark://***-spark-master:7077 --packages org.postgresql:postgresql:42.2.18 --name arrow-spark /spark-scripts/***_etl.py
[2025-02-20T02:57:37.782+0000] {spark_submit.py:641} INFO - :: loading settings :: url = jar:file:/home/airflow/.local/lib/python3.9/site-packages/pyspark/jars/ivy-2.5.1.jar!/org/apache/ivy/core/settings/ivysettings.xml
[2025-02-20T02:57:37.904+0000] {spark_submit.py:641} INFO - Ivy Default Cache set to: /home/airflow/.ivy2/cache
[2025-02-20T02:57:37.906+0000] {spark_submit.py:641} INFO - The jars for the packages stored in: /home/airflow/.ivy2/jars
[2025-02-20T02:57:37.915+0000] {spark_submit.py:641} INFO - org.postgresql#postgresql added as a dependency
[2025-02-20T02:57:37.917+0000] {spark_submit.py:641} INFO - :: resolving dependencies :: org.apache.spark#spark-submit-parent-785a326c-3f6c-4289-82a9-44852f93d532;1.0
[2025-02-20T02:57:37.919+0000] {spark_submit.py:641} INFO - confs: [default]
[2025-02-20T02:57:38.105+0000] {spark_submit.py:641} INFO - found org.postgresql#postgresql;42.2.18 in central
[2025-02-20T02:57:38.130+0000] {spark_submit.py:641} INFO - found org.checkerframework#checker-qual;3.5.0 in central
[2025-02-20T02:57:38.149+0000] {spark_submit.py:641} INFO - :: resolution report :: resolve 226ms :: artifacts dl 7ms
[2025-02-20T02:57:38.151+0000] {spark_submit.py:641} INFO - :: modules in use:
[2025-02-20T02:57:38.153+0000] {spark_submit.py:641} INFO - org.checkerframework#checker-qual;3.5.0 from central in [default]
[2025-02-20T02:57:38.154+0000] {spark_submit.py:641} INFO - org.postgresql#postgresql;42.2.18 from central in [default]
[2025-02-20T02:57:38.155+0000] {spark_submit.py:641} INFO - ---------------------------------------------------------------------
[2025-02-20T02:57:38.156+0000] {spark_submit.py:641} INFO - |                  |            modules            ||   artifacts   |
[2025-02-20T02:57:38.158+0000] {spark_submit.py:641} INFO - |       conf       | number| search|dwnlded|evicted|| number|dwnlded|
[2025-02-20T02:57:38.159+0000] {spark_submit.py:641} INFO - ---------------------------------------------------------------------
[2025-02-20T02:57:38.160+0000] {spark_submit.py:641} INFO - |      default     |   2   |   0   |   0   |   0   ||   2   |   0   |
[2025-02-20T02:57:38.162+0000] {spark_submit.py:641} INFO - ---------------------------------------------------------------------
[2025-02-20T02:57:38.166+0000] {spark_submit.py:641} INFO - :: retrieving :: org.apache.spark#spark-submit-parent-785a326c-3f6c-4289-82a9-44852f93d532
[2025-02-20T02:57:38.168+0000] {spark_submit.py:641} INFO - confs: [default]
[2025-02-20T02:57:38.170+0000] {spark_submit.py:641} INFO - 0 artifacts copied, 2 already retrieved (0kB/8ms)
[2025-02-20T02:57:38.493+0000] {spark_submit.py:641} INFO - 25/02/20 02:57:38 WARN NativeCodeLoader: Unable to load native-hadoop library for your platform... using builtin-java classes where applicable
[2025-02-20T02:57:40.005+0000] {spark_submit.py:641} INFO - 25/02/20 02:57:40 INFO SparkContext: Running Spark version 3.3.2
[2025-02-20T02:57:40.040+0000] {spark_submit.py:641} INFO - 25/02/20 02:57:40 INFO ResourceUtils: ==============================================================
[2025-02-20T02:57:40.042+0000] {spark_submit.py:641} INFO - 25/02/20 02:57:40 INFO ResourceUtils: No custom resources configured for spark.driver.
[2025-02-20T02:57:40.043+0000] {spark_submit.py:641} INFO - 25/02/20 02:57:40 INFO ResourceUtils: ==============================================================
[2025-02-20T02:57:40.045+0000] {spark_submit.py:641} INFO - 25/02/20 02:57:40 INFO SparkContext: Submitted application: ***
[2025-02-20T02:57:40.091+0000] {spark_submit.py:641} INFO - 25/02/20 02:57:40 INFO ResourceProfile: Default ResourceProfile created, executor resources: Map(cores -> name: cores, amount: 1, script: , vendor: , memory -> name: memory, amount: 1024, script: , vendor: , offHeap -> name: offHeap, amount: 0, script: , vendor: ), task resources: Map(cpus -> name: cpus, amount: 1.0)
[2025-02-20T02:57:40.108+0000] {spark_submit.py:641} INFO - 25/02/20 02:57:40 INFO ResourceProfile: Limiting resource is cpu
[2025-02-20T02:57:40.115+0000] {spark_submit.py:641} INFO - 25/02/20 02:57:40 INFO ResourceProfileManager: Added ResourceProfile id: 0
[2025-02-20T02:57:40.229+0000] {spark_submit.py:641} INFO - 25/02/20 02:57:40 INFO SecurityManager: Changing view acls to: airflow
[2025-02-20T02:57:40.232+0000] {spark_submit.py:641} INFO - 25/02/20 02:57:40 INFO SecurityManager: Changing modify acls to: airflow
[2025-02-20T02:57:40.234+0000] {spark_submit.py:641} INFO - 25/02/20 02:57:40 INFO SecurityManager: Changing view acls groups to:
[2025-02-20T02:57:40.240+0000] {spark_submit.py:641} INFO - 25/02/20 02:57:40 INFO SecurityManager: Changing modify acls groups to:
[2025-02-20T02:57:40.243+0000] {spark_submit.py:641} INFO - 25/02/20 02:57:40 INFO SecurityManager: SecurityManager: authentication disabled; ui acls disabled; users  with view permissions: Set(airflow); groups with view permissions: Set(); users  with modify permissions: Set(airflow); groups with modify permissions: Set()
[2025-02-20T02:57:40.567+0000] {spark_submit.py:641} INFO - 25/02/20 02:57:40 INFO Utils: Successfully started service 'sparkDriver' on port 40625.
[2025-02-20T02:57:40.607+0000] {spark_submit.py:641} INFO - 25/02/20 02:57:40 INFO SparkEnv: Registering MapOutputTracker
[2025-02-20T02:57:40.654+0000] {spark_submit.py:641} INFO - 25/02/20 02:57:40 INFO SparkEnv: Registering BlockManagerMaster
[2025-02-20T02:57:40.700+0000] {spark_submit.py:641} INFO - 25/02/20 02:57:40 INFO BlockManagerMasterEndpoint: Using org.apache.spark.storage.DefaultTopologyMapper for getting topology information
[2025-02-20T02:57:40.706+0000] {spark_submit.py:641} INFO - 25/02/20 02:57:40 INFO BlockManagerMasterEndpoint: BlockManagerMasterEndpoint up
[2025-02-20T02:57:40.712+0000] {spark_submit.py:641} INFO - 25/02/20 02:57:40 INFO SparkEnv: Registering BlockManagerMasterHeartbeat
[2025-02-20T02:57:40.744+0000] {spark_submit.py:641} INFO - 25/02/20 02:57:40 INFO DiskBlockManager: Created local directory at /tmp/blockmgr-1ff193e8-82cf-4e76-96cc-07d33f34e54b
[2025-02-20T02:57:40.769+0000] {spark_submit.py:641} INFO - 25/02/20 02:57:40 INFO MemoryStore: MemoryStore started with capacity 434.4 MiB
[2025-02-20T02:57:40.791+0000] {spark_submit.py:641} INFO - 25/02/20 02:57:40 INFO SparkEnv: Registering OutputCommitCoordinator
[2025-02-20T02:57:41.063+0000] {spark_submit.py:641} INFO - 25/02/20 02:57:41 INFO Utils: Successfully started service 'SparkUI' on port 4040.
[2025-02-20T02:57:41.121+0000] {spark_submit.py:641} INFO - 25/02/20 02:57:41 INFO SparkContext: Added JAR /spark-scripts/jars/postgresql-42.2.18.jar at spark://***-airflow-scheduler:40625/jars/postgresql-42.2.18.jar with timestamp 1740020259992
[2025-02-20T02:57:41.124+0000] {spark_submit.py:641} INFO - 25/02/20 02:57:41 INFO SparkContext: Added file file:///home/airflow/.ivy2/jars/org.postgresql_postgresql-42.2.18.jar at file:///home/airflow/.ivy2/jars/org.postgresql_postgresql-42.2.18.jar with timestamp 1740020259992
[2025-02-20T02:57:41.126+0000] {spark_submit.py:641} INFO - 25/02/20 02:57:41 INFO Utils: Copying /home/airflow/.ivy2/jars/org.postgresql_postgresql-42.2.18.jar to /tmp/spark-4a4f6089-ff67-49ee-8cdf-554046b174f9/userFiles-3025604c-3525-41f7-b73f-3b98f67e9513/org.postgresql_postgresql-42.2.18.jar
[2025-02-20T02:57:41.158+0000] {spark_submit.py:641} INFO - 25/02/20 02:57:41 INFO SparkContext: Added file file:///home/airflow/.ivy2/jars/org.checkerframework_checker-qual-3.5.0.jar at file:///home/airflow/.ivy2/jars/org.checkerframework_checker-qual-3.5.0.jar with timestamp 1740020259992
[2025-02-20T02:57:41.159+0000] {spark_submit.py:641} INFO - 25/02/20 02:57:41 INFO Utils: Copying /home/airflow/.ivy2/jars/org.checkerframework_checker-qual-3.5.0.jar to /tmp/spark-4a4f6089-ff67-49ee-8cdf-554046b174f9/userFiles-3025604c-3525-41f7-b73f-3b98f67e9513/org.checkerframework_checker-qual-3.5.0.jar
[2025-02-20T02:57:41.262+0000] {spark_submit.py:641} INFO - 25/02/20 02:57:41 INFO Executor: Starting executor ID driver on host ***-airflow-scheduler
[2025-02-20T02:57:41.270+0000] {spark_submit.py:641} INFO - 25/02/20 02:57:41 INFO Executor: Starting executor with user classpath (userClassPathFirst = false): ''
[2025-02-20T02:57:41.283+0000] {spark_submit.py:641} INFO - 25/02/20 02:57:41 INFO Executor: Fetching file:///home/airflow/.ivy2/jars/org.postgresql_postgresql-42.2.18.jar with timestamp 1740020259992
[2025-02-20T02:57:41.309+0000] {spark_submit.py:641} INFO - 25/02/20 02:57:41 INFO Utils: /home/airflow/.ivy2/jars/org.postgresql_postgresql-42.2.18.jar has been previously copied to /tmp/spark-4a4f6089-ff67-49ee-8cdf-554046b174f9/userFiles-3025604c-3525-41f7-b73f-3b98f67e9513/org.postgresql_postgresql-42.2.18.jar
[2025-02-20T02:57:41.321+0000] {spark_submit.py:641} INFO - 25/02/20 02:57:41 INFO Executor: Fetching file:///home/airflow/.ivy2/jars/org.checkerframework_checker-qual-3.5.0.jar with timestamp 1740020259992
[2025-02-20T02:57:41.327+0000] {spark_submit.py:641} INFO - 25/02/20 02:57:41 INFO Utils: /home/airflow/.ivy2/jars/org.checkerframework_checker-qual-3.5.0.jar has been previously copied to /tmp/spark-4a4f6089-ff67-49ee-8cdf-554046b174f9/userFiles-3025604c-3525-41f7-b73f-3b98f67e9513/org.checkerframework_checker-qual-3.5.0.jar
[2025-02-20T02:57:41.341+0000] {spark_submit.py:641} INFO - 25/02/20 02:57:41 INFO Executor: Fetching spark://***-airflow-scheduler:40625/jars/postgresql-42.2.18.jar with timestamp 1740020259992
[2025-02-20T02:57:41.401+0000] {spark_submit.py:641} INFO - 25/02/20 02:57:41 INFO TransportClientFactory: Successfully created connection to ***-airflow-scheduler/172.19.0.6:40625 after 40 ms (0 ms spent in bootstraps)
[2025-02-20T02:57:41.409+0000] {spark_submit.py:641} INFO - 25/02/20 02:57:41 INFO Utils: Fetching spark://***-airflow-scheduler:40625/jars/postgresql-42.2.18.jar to /tmp/spark-4a4f6089-ff67-49ee-8cdf-554046b174f9/userFiles-3025604c-3525-41f7-b73f-3b98f67e9513/fetchFileTemp3209906840747190892.tmp
[2025-02-20T02:57:41.503+0000] {spark_submit.py:641} INFO - 25/02/20 02:57:41 INFO Executor: Adding file:/tmp/spark-4a4f6089-ff67-49ee-8cdf-554046b174f9/userFiles-3025604c-3525-41f7-b73f-3b98f67e9513/postgresql-42.2.18.jar to class loader
[2025-02-20T02:57:41.510+0000] {spark_submit.py:641} INFO - 25/02/20 02:57:41 INFO Utils: Successfully started service 'org.apache.spark.network.netty.NettyBlockTransferService' on port 41431.
[2025-02-20T02:57:41.512+0000] {spark_submit.py:641} INFO - 25/02/20 02:57:41 INFO NettyBlockTransferService: Server created on ***-airflow-scheduler:41431
[2025-02-20T02:57:41.514+0000] {spark_submit.py:641} INFO - 25/02/20 02:57:41 INFO BlockManager: Using org.apache.spark.storage.RandomBlockReplicationPolicy for block replication policy
[2025-02-20T02:57:41.524+0000] {spark_submit.py:641} INFO - 25/02/20 02:57:41 INFO BlockManagerMaster: Registering BlockManager BlockManagerId(driver, ***-airflow-scheduler, 41431, None)
[2025-02-20T02:57:41.529+0000] {spark_submit.py:641} INFO - 25/02/20 02:57:41 INFO BlockManagerMasterEndpoint: Registering block manager ***-airflow-scheduler:41431 with 434.4 MiB RAM, BlockManagerId(driver, ***-airflow-scheduler, 41431, None)
[2025-02-20T02:57:41.535+0000] {spark_submit.py:641} INFO - 25/02/20 02:57:41 INFO BlockManagerMaster: Registered BlockManager BlockManagerId(driver, ***-airflow-scheduler, 41431, None)
[2025-02-20T02:57:41.536+0000] {spark_submit.py:641} INFO - 25/02/20 02:57:41 INFO BlockManager: Initialized BlockManager: BlockManagerId(driver, ***-airflow-scheduler, 41431, None)
[2025-02-20T02:57:48.752+0000] {spark_submit.py:641} INFO - ---------------- MENAMPILKAN DATASET ----------------
[2025-02-20T02:57:49.037+0000] {spark_submit.py:641} INFO - +-----------+-----------------+---------+---------------+------+-------------------+---------------+---+--------------------+-----------------+---------------------+----------+------------------+
[2025-02-20T02:57:49.039+0000] {spark_submit.py:641} INFO - |employee_id|       department|   region|      education|gender|recruitment_channel|no_of_trainings|age|previous_year_rating|length_of_service|KPIs_met_more_than_80|awards_won|avg_training_score|
[2025-02-20T02:57:49.040+0000] {spark_submit.py:641} INFO - +-----------+-----------------+---------+---------------+------+-------------------+---------------+---+--------------------+-----------------+---------------------+----------+------------------+
[2025-02-20T02:57:49.042+0000] {spark_submit.py:641} INFO - |       8724|       Technology|region_26|      Bachelors|     m|           sourcing|              1| 24|                null|                1|                    1|         0|                77|
[2025-02-20T02:57:49.043+0000] {spark_submit.py:641} INFO - |      74430|               HR| region_4|      Bachelors|     f|              other|              1| 31|                   3|                5|                    0|         0|                51|
[2025-02-20T02:57:49.044+0000] {spark_submit.py:641} INFO - |      72255|Sales & Marketing|region_13|      Bachelors|     m|              other|              1| 31|                   1|                4|                    0|         0|                47|
[2025-02-20T02:57:49.045+0000] {spark_submit.py:641} INFO - |      38562|      Procurement| region_2|      Bachelors|     f|              other|              3| 31|                   2|                9|                    0|         0|                65|
[2025-02-20T02:57:49.046+0000] {spark_submit.py:641} INFO - |      64486|          Finance|region_29|      Bachelors|     m|           sourcing|              1| 30|                   4|                7|                    0|         0|                61|
[2025-02-20T02:57:49.047+0000] {spark_submit.py:641} INFO - |      46232|      Procurement| region_7|      Bachelors|     m|           sourcing|              1| 36|                   3|                2|                    0|         0|                68|
[2025-02-20T02:57:49.048+0000] {spark_submit.py:641} INFO - |      54542|          Finance| region_2|      Bachelors|     m|              other|              1| 33|                   5|                3|                    1|         0|                57|
[2025-02-20T02:57:49.051+0000] {spark_submit.py:641} INFO - |      67269|        Analytics|region_22|      Bachelors|     m|           sourcing|              2| 36|                   3|                3|                    0|         0|                85|
[2025-02-20T02:57:49.052+0000] {spark_submit.py:641} INFO - |      66174|       Technology| region_7|Masters & above|     m|              other|              1| 51|                   4|               11|                    0|         0|                75|
[2025-02-20T02:57:49.054+0000] {spark_submit.py:641} INFO - |      76303|       Technology|region_22|      Bachelors|     m|           sourcing|              1| 29|                   5|                2|                    1|         0|                76|
[2025-02-20T02:57:49.055+0000] {spark_submit.py:641} INFO - +-----------+-----------------+---------+---------------+------+-------------------+---------------+---+--------------------+-----------------+---------------------+----------+------------------+
[2025-02-20T02:57:49.056+0000] {spark_submit.py:641} INFO - only showing top 10 rows
[2025-02-20T02:57:49.057+0000] {spark_submit.py:641} INFO - 
[2025-02-20T02:57:49.058+0000] {spark_submit.py:641} INFO - ---------------- MENAMPILKAN TIPE DATA AWAL ----------------
[2025-02-20T02:57:49.059+0000] {spark_submit.py:641} INFO - root
[2025-02-20T02:57:49.060+0000] {spark_submit.py:641} INFO - |-- employee_id: string (nullable = true)
[2025-02-20T02:57:49.061+0000] {spark_submit.py:641} INFO - |-- department: string (nullable = true)
[2025-02-20T02:57:49.062+0000] {spark_submit.py:641} INFO - |-- region: string (nullable = true)
[2025-02-20T02:57:49.063+0000] {spark_submit.py:641} INFO - |-- education: string (nullable = true)
[2025-02-20T02:57:49.067+0000] {spark_submit.py:641} INFO - |-- gender: string (nullable = true)
[2025-02-20T02:57:49.069+0000] {spark_submit.py:641} INFO - |-- recruitment_channel: string (nullable = true)
[2025-02-20T02:57:49.070+0000] {spark_submit.py:641} INFO - |-- no_of_trainings: string (nullable = true)
[2025-02-20T02:57:49.072+0000] {spark_submit.py:641} INFO - |-- age: string (nullable = true)
[2025-02-20T02:57:49.072+0000] {spark_submit.py:641} INFO - |-- previous_year_rating: string (nullable = true)
[2025-02-20T02:57:49.073+0000] {spark_submit.py:641} INFO - |-- length_of_service: string (nullable = true)
[2025-02-20T02:57:49.074+0000] {spark_submit.py:641} INFO - |-- KPIs_met_more_than_80: string (nullable = true)
[2025-02-20T02:57:49.076+0000] {spark_submit.py:641} INFO - |-- awards_won: string (nullable = true)
[2025-02-20T02:57:49.077+0000] {spark_submit.py:641} INFO - |-- avg_training_score: string (nullable = true)
[2025-02-20T02:57:49.078+0000] {spark_submit.py:641} INFO - 
[2025-02-20T02:57:49.153+0000] {spark_submit.py:641} INFO - ---------------- MENAMPILKAN TIPE DATA HASIL TRANSFORMASI ----------------
[2025-02-20T02:57:49.154+0000] {spark_submit.py:641} INFO - root
[2025-02-20T02:57:49.156+0000] {spark_submit.py:641} INFO - |-- employee_id: string (nullable = true)
[2025-02-20T02:57:49.157+0000] {spark_submit.py:641} INFO - |-- department: string (nullable = true)
[2025-02-20T02:57:49.158+0000] {spark_submit.py:641} INFO - |-- region: string (nullable = true)
[2025-02-20T02:57:49.159+0000] {spark_submit.py:641} INFO - |-- education: string (nullable = true)
[2025-02-20T02:57:49.163+0000] {spark_submit.py:641} INFO - |-- gender: string (nullable = true)
[2025-02-20T02:57:49.165+0000] {spark_submit.py:641} INFO - |-- recruitment_channel: string (nullable = true)
[2025-02-20T02:57:49.167+0000] {spark_submit.py:641} INFO - |-- no_of_trainings: integer (nullable = true)
[2025-02-20T02:57:49.168+0000] {spark_submit.py:641} INFO - |-- age: integer (nullable = true)
[2025-02-20T02:57:49.169+0000] {spark_submit.py:641} INFO - |-- previous_year_rating: integer (nullable = true)
[2025-02-20T02:57:49.170+0000] {spark_submit.py:641} INFO - |-- length_of_service: integer (nullable = true)
[2025-02-20T02:57:49.171+0000] {spark_submit.py:641} INFO - |-- KPIs_met_more_than_80: integer (nullable = true)
[2025-02-20T02:57:49.172+0000] {spark_submit.py:641} INFO - |-- awards_won: integer (nullable = true)
[2025-02-20T02:57:49.173+0000] {spark_submit.py:641} INFO - |-- avg_training_score: integer (nullable = true)
[2025-02-20T02:57:49.174+0000] {spark_submit.py:641} INFO - 
[2025-02-20T02:57:49.175+0000] {spark_submit.py:641} INFO - ---------------- MENAMPILKAN BANYAK DATA NULL DI SETIAP KOLOM ----------------
[2025-02-20T02:57:51.339+0000] {spark_submit.py:641} INFO - +----------------+---------------+-----------+--------------+-----------+------------------------+--------------------+--------+-------------------------+----------------------+--------------------------+---------------+-----------------------+
[2025-02-20T02:57:51.342+0000] {spark_submit.py:641} INFO - |employee_id_null|department_null|region_null|education_null|gender_null|recruitment_channel_null|no_of_trainings_null|age_null|previous_year_rating_null|length_of_service_null|KPIs_met_more_than_80_null|awards_won_null|avg_training_score_nuli|
[2025-02-20T02:57:51.344+0000] {spark_submit.py:641} INFO - +----------------+---------------+-----------+--------------+-----------+------------------------+--------------------+--------+-------------------------+----------------------+--------------------------+---------------+-----------------------+
[2025-02-20T02:57:51.345+0000] {spark_submit.py:641} INFO - |               0|              0|          0|           771|          0|                       0|                   0|       0|                     1363|                     0|                         0|              0|                      0|
[2025-02-20T02:57:51.346+0000] {spark_submit.py:641} INFO - +----------------+---------------+-----------+--------------+-----------+------------------------+--------------------+--------+-------------------------+----------------------+--------------------------+---------------+-----------------------+
[2025-02-20T02:57:51.353+0000] {spark_submit.py:641} INFO - 
[2025-02-20T02:57:51.361+0000] {spark_submit.py:641} INFO - ---------------- NULL HANDLING PADA KOLOM EDUCATION & PREVIOUS_YEAR_RATING ----------------
[2025-02-20T02:57:51.858+0000] {spark_submit.py:641} INFO - +--------------+-------------------------+
[2025-02-20T02:57:51.862+0000] {spark_submit.py:641} INFO - |education_null|previous_year_rating_null|
[2025-02-20T02:57:51.864+0000] {spark_submit.py:641} INFO - +--------------+-------------------------+
[2025-02-20T02:57:51.865+0000] {spark_submit.py:641} INFO - |             0|                        0|
[2025-02-20T02:57:51.866+0000] {spark_submit.py:641} INFO - +--------------+-------------------------+
[2025-02-20T02:57:51.867+0000] {spark_submit.py:641} INFO - 
[2025-02-20T02:57:51.868+0000] {spark_submit.py:641} INFO - ---------------- MENAMPILKAN BANYAK DATA DUPLIKAT BERDASARKAN EMPLOYEE_ID ----------------
[2025-02-20T02:57:52.817+0000] {spark_submit.py:641} INFO - +-----------+------+
[2025-02-20T02:57:52.818+0000] {spark_submit.py:641} INFO - |employee_id|jumlah|
[2025-02-20T02:57:52.822+0000] {spark_submit.py:641} INFO - +-----------+------+
[2025-02-20T02:57:52.824+0000] {spark_submit.py:641} INFO - |      64573|     2|
[2025-02-20T02:57:52.825+0000] {spark_submit.py:641} INFO - |      49584|     3|
[2025-02-20T02:57:52.826+0000] {spark_submit.py:641} INFO - +-----------+------+
[2025-02-20T02:57:52.827+0000] {spark_submit.py:641} INFO - 
[2025-02-20T02:57:52.829+0000] {spark_submit.py:641} INFO - ---------------- MENAMPILKAN SEMUA BARIS DAN KOLOM DARI EMPLOYEE ID YANG DUPLIKAT ----------------
[2025-02-20T02:57:53.315+0000] {spark_submit.py:641} INFO - +-----------+----------+--------+---------+------+-------------------+---------------+---+--------------------+-----------------+---------------------+----------+------------------+
[2025-02-20T02:57:53.319+0000] {spark_submit.py:641} INFO - |employee_id|department|  region|education|gender|recruitment_channel|no_of_trainings|age|previous_year_rating|length_of_service|KPIs_met_more_than_80|awards_won|avg_training_score|
[2025-02-20T02:57:53.321+0000] {spark_submit.py:641} INFO - +-----------+----------+--------+---------+------+-------------------+---------------+---+--------------------+-----------------+---------------------+----------+------------------+
[2025-02-20T02:57:53.323+0000] {spark_submit.py:641} INFO - |      49584|        HR|region_7|Bachelors|     m|              other|              1| 33|                   1|                9|                    0|         0|                51|
[2025-02-20T02:57:53.324+0000] {spark_submit.py:641} INFO - |      49584|        HR|region_7|Bachelors|     m|              other|              1| 33|                   1|                9|                    0|         0|                51|
[2025-02-20T02:57:53.326+0000] {spark_submit.py:641} INFO - |      49584|        HR|region_7|Bachelors|     m|              other|              1| 33|                   1|                9|                    0|         0|                51|
[2025-02-20T02:57:53.327+0000] {spark_submit.py:641} INFO - |      64573|Technology|region_7|Bachelors|     f|           referred|              2| 30|                   5|                6|                    1|         0|                81|
[2025-02-20T02:57:53.328+0000] {spark_submit.py:641} INFO - |      64573|        HR|region_7|Bachelors|     f|           referred|              1| 35|                   5|                4|                    1|         0|                81|
[2025-02-20T02:57:53.329+0000] {spark_submit.py:641} INFO - +-----------+----------+--------+---------+------+-------------------+---------------+---+--------------------+-----------------+---------------------+----------+------------------+
[2025-02-20T02:57:53.332+0000] {spark_submit.py:641} INFO - 
[2025-02-20T02:57:53.334+0000] {spark_submit.py:641} INFO - ---------------- MENAMPILKAN HASIL DARI DATA DUPLIKASI YANG TELAH DIHANDLE BERDASARKAN KOLOM EMPLOYEE_ID DAN DEPARTMENT ----------------
[2025-02-20T02:57:55.307+0000] {spark_submit.py:641} INFO - +-----------+----------+--------+---------+------+-------------------+---------------+---+--------------------+-----------------+---------------------+----------+------------------+
[2025-02-20T02:57:55.309+0000] {spark_submit.py:641} INFO - |employee_id|department|  region|education|gender|recruitment_channel|no_of_trainings|age|previous_year_rating|length_of_service|KPIs_met_more_than_80|awards_won|avg_training_score|
[2025-02-20T02:57:55.318+0000] {spark_submit.py:641} INFO - +-----------+----------+--------+---------+------+-------------------+---------------+---+--------------------+-----------------+---------------------+----------+------------------+
[2025-02-20T02:57:55.320+0000] {spark_submit.py:641} INFO - |      49584|        HR|region_7|Bachelors|     m|              other|              1| 33|                   1|                9|                    0|         0|                51|
[2025-02-20T02:57:55.322+0000] {spark_submit.py:641} INFO - |      64573|        HR|region_7|Bachelors|     f|           referred|              1| 35|                   5|                4|                    1|         0|                81|
[2025-02-20T02:57:55.323+0000] {spark_submit.py:641} INFO - |      64573|Technology|region_7|Bachelors|     f|           referred|              2| 30|                   5|                6|                    1|         0|                81|
[2025-02-20T02:57:55.324+0000] {spark_submit.py:641} INFO - +-----------+----------+--------+---------+------+-------------------+---------------+---+--------------------+-----------------+---------------------+----------+------------------+
[2025-02-20T02:57:55.326+0000] {spark_submit.py:641} INFO - 
[2025-02-20T02:57:58.421+0000] {spark_submit.py:641} INFO - ---------------- MENAMPILKAN DATA HASIL TRANSFORMASI YANG SUDAH DILOAD KE POSTGRES ----------------
[2025-02-20T02:57:58.600+0000] {spark_submit.py:641} INFO - +-----------+-----------------+---------+---------------+------+-------------------+---------------+---+--------------------+-----------------+---------------------+----------+------------------+
[2025-02-20T02:57:58.602+0000] {spark_submit.py:641} INFO - |employee_id|       department|   region|      education|gender|recruitment_channel|no_of_trainings|age|previous_year_rating|length_of_service|KPIs_met_more_than_80|awards_won|avg_training_score|
[2025-02-20T02:57:58.606+0000] {spark_submit.py:641} INFO - +-----------+-----------------+---------+---------------+------+-------------------+---------------+---+--------------------+-----------------+---------------------+----------+------------------+
[2025-02-20T02:57:58.608+0000] {spark_submit.py:641} INFO - |      10009|Sales & Marketing| region_2|        unknown|     m|           sourcing|              2| 21|                   0|                1|                    0|         0|                52|
[2025-02-20T02:57:58.609+0000] {spark_submit.py:641} INFO - |       1001|            Legal| region_2|      Bachelors|     m|              other|              1| 31|                   0|                1|                    0|         0|                58|
[2025-02-20T02:57:58.610+0000] {spark_submit.py:641} INFO - |      10012|            Legal|region_22|      Bachelors|     m|           sourcing|              1| 28|                   5|                4|                    1|         0|                60|
[2025-02-20T02:57:58.611+0000] {spark_submit.py:641} INFO - |      10019|Sales & Marketing|region_18|      Bachelors|     m|           sourcing|              1| 28|                   0|                1|                    0|         0|                44|
[2025-02-20T02:57:58.612+0000] {spark_submit.py:641} INFO - |      10021|Sales & Marketing|region_15|      Bachelors|     f|           sourcing|              1| 41|                   1|                7|                    1|         0|                47|
[2025-02-20T02:57:58.614+0000] {spark_submit.py:641} INFO - |      10024|       Technology| region_2|Below Secondary|     f|              other|              1| 22|                   0|                1|                    1|         0|                82|
[2025-02-20T02:57:58.615+0000] {spark_submit.py:641} INFO - |       1003|               HR| region_2|Masters & above|     m|              other|              1| 39|                   4|                8|                    0|         0|                49|
[2025-02-20T02:57:58.616+0000] {spark_submit.py:641} INFO - |      10034|               HR| region_2|      Bachelors|     f|           referred|              1| 25|                   0|                1|                    1|         0|                55|
[2025-02-20T02:57:58.617+0000] {spark_submit.py:641} INFO - |      10035|       Operations| region_2|Masters & above|     m|           sourcing|              2| 44|                   5|                7|                    1|         0|                61|
[2025-02-20T02:57:58.618+0000] {spark_submit.py:641} INFO - |      10036|       Technology|region_26|Masters & above|     m|              other|              1| 40|                   5|                4|                    1|         0|                78|
[2025-02-20T02:57:58.623+0000] {spark_submit.py:641} INFO - |      10038|      Procurement|region_29|      Bachelors|     f|              other|              1| 31|                   4|                3|                    0|         0|                71|
[2025-02-20T02:57:58.625+0000] {spark_submit.py:641} INFO - |      10043|       Operations|region_13|Masters & above|     m|              other|              1| 52|                   5|               17|                    0|         0|                70|
[2025-02-20T02:57:58.626+0000] {spark_submit.py:641} INFO - |      10048|       Operations| region_2|Masters & above|     f|           sourcing|              1| 38|                   5|                4|                    1|         0|                58|
[2025-02-20T02:57:58.628+0000] {spark_submit.py:641} INFO - |      10050|            Legal| region_2|      Bachelors|     m|           sourcing|              1| 46|                   5|                6|                    0|         0|                61|
[2025-02-20T02:57:58.629+0000] {spark_submit.py:641} INFO - |      10055|Sales & Marketing| region_2|        unknown|     m|              other|              1| 27|                   1|                4|                    0|         0|                49|
[2025-02-20T02:57:58.630+0000] {spark_submit.py:641} INFO - |      10059|        Analytics|region_34|      Bachelors|     m|           sourcing|              3| 27|                   3|                2|                    0|         0|                83|
[2025-02-20T02:57:58.631+0000] {spark_submit.py:641} INFO - |      10076|Sales & Marketing| region_2|      Bachelors|     f|           sourcing|              1| 27|                   1|                3|                    0|         0|                44|
[2025-02-20T02:57:58.632+0000] {spark_submit.py:641} INFO - |      10077|Sales & Marketing|region_22|      Bachelors|     m|           sourcing|              2| 31|                   2|                3|                    0|         0|                46|
[2025-02-20T02:57:58.633+0000] {spark_submit.py:641} INFO - |      10088|               HR| region_2|      Bachelors|     m|           sourcing|              1| 35|                   1|                3|                    1|         0|                48|
[2025-02-20T02:57:58.638+0000] {spark_submit.py:641} INFO - |       1009|       Operations| region_4|Masters & above|     m|           sourcing|              1| 48|                   3|               16|                    0|         0|                61|
[2025-02-20T02:57:58.642+0000] {spark_submit.py:641} INFO - +-----------+-----------------+---------+---------------+------+-------------------+---------------+---+--------------------+-----------------+---------------------+----------+------------------+
[2025-02-20T02:57:58.645+0000] {spark_submit.py:641} INFO - only showing top 20 rows
[2025-02-20T02:57:58.647+0000] {spark_submit.py:641} INFO - 
[2025-02-20T02:57:58.895+0000] {taskinstance.py:340} INFO - ::group::Post task execution logs
[2025-02-20T02:57:58.897+0000] {taskinstance.py:352} INFO - Marking task as SUCCESS. dag_id=***_v2_etl_dag, task_id=etl_task, run_id=manual__2025-02-20T02:55:38.071265+00:00, execution_date=20250220T025538, start_date=20250220T025734, end_date=20250220T025758
[2025-02-20T02:57:58.939+0000] {local_task_job_runner.py:266} INFO - Task exited with return code 0
[2025-02-20T02:57:58.965+0000] {taskinstance.py:3895} INFO - 0 downstream tasks scheduled from follow-on schedule check
[2025-02-20T02:57:58.968+0000] {local_task_job_runner.py:245} INFO - ::endgroup::
